<?xml version="1.0" encoding="UTF-8"?>
<con:soapui-project id="2fdbfe70-f7c4-4b61-9e16-2b826980d2ff" activeEnvironment="Default" name="TEST 2083" resourceRoot="" soapui-version="5.6.1" abortOnError="false" runType="SEQUENTIAL" xmlns:con="http://eviware.com/soapui/config"><con:settings/><con:interface xsi:type="con:WsdlInterface" id="a1e74dbd-fe73-4e52-bcca-a9943cdaf01b" wsaVersion="NONE" name="BasicHttpBinding_IIntegracion" type="wsdl" bindingName="{http://tempuri.org/}BasicHttpBinding_IIntegracion" soapVersion="1_1" anonymous="optional" definition="http://testws.facturaenlinea.co/ServiciosFyM/eBill/Integracion.svc?wsdl" xmlns:xsi="http://www.w3.org/2001/XMLSchema-instance"><con:settings/><con:definitionCache type="TEXT" rootPart="http://testws.facturaenlinea.co/ServiciosFyM/eBill/Integracion.svc?wsdl"><con:part><con:url>http://testws.facturaenlinea.co/ServiciosFyM/eBill/Integracion.svc?wsdl</con:url><con:content><![CDATA[<wsdl:definitions name="Integracion" targetNamespace="http://tempuri.org/" xmlns:wsdl="http://schemas.xmlsoap.org/wsdl/" xmlns:wsx="http://schemas.xmlsoap.org/ws/2004/09/mex" xmlns:wsu="http://docs.oasis-open.org/wss/2004/01/oasis-200401-wss-wssecurity-utility-1.0.xsd" xmlns:wsa10="http://www.w3.org/2005/08/addressing" xmlns:wsp="http://schemas.xmlsoap.org/ws/2004/09/policy" xmlns:wsap="http://schemas.xmlsoap.org/ws/2004/08/addressing/policy" xmlns:msc="http://schemas.microsoft.com/ws/2005/12/wsdl/contract" xmlns:soap12="http://schemas.xmlsoap.org/wsdl/soap12/" xmlns:wsa="http://schemas.xmlsoap.org/ws/2004/08/addressing" xmlns:wsam="http://www.w3.org/2007/05/addressing/metadata" xmlns:xsd="http://www.w3.org/2001/XMLSchema" xmlns:tns="http://tempuri.org/" xmlns:soap="http://schemas.xmlsoap.org/wsdl/soap/" xmlns:wsaw="http://www.w3.org/2006/05/addressing/wsdl" xmlns:soapenc="http://schemas.xmlsoap.org/soap/encoding/">
  <wsp:Policy wsu:Id="BasicHttpBinding_IIntegracion1_policy">
    <wsp:ExactlyOne>
      <wsp:All>
        <sp:TransportBinding xmlns:sp="http://schemas.xmlsoap.org/ws/2005/07/securitypolicy">
          <wsp:Policy>
            <sp:TransportToken>
              <wsp:Policy>
                <sp:HttpsToken RequireClientCertificate="false"/>
              </wsp:Policy>
            </sp:TransportToken>
            <sp:AlgorithmSuite>
              <wsp:Policy>
                <sp:Basic256/>
              </wsp:Policy>
            </sp:AlgorithmSuite>
            <sp:Layout>
              <wsp:Policy>
                <sp:Strict/>
              </wsp:Policy>
            </sp:Layout>
          </wsp:Policy>
        </sp:TransportBinding>
      </wsp:All>
    </wsp:ExactlyOne>
  </wsp:Policy>
  <wsdl:types>
    <xsd:schema targetNamespace="http://tempuri.org/Imports">
      <xsd:import schemaLocation="http://testws.facturaenlinea.co/ServiciosFyM/eBill/Integracion.svc?xsd=xsd0" namespace="http://tempuri.org/"/>
      <xsd:import schemaLocation="http://testws.facturaenlinea.co/ServiciosFyM/eBill/Integracion.svc?xsd=xsd1" namespace="http://schemas.microsoft.com/2003/10/Serialization/"/>
      <xsd:import schemaLocation="http://testws.facturaenlinea.co/ServiciosFyM/eBill/Integracion.svc?xsd=xsd2" namespace="http://schemas.datacontract.org/2004/07/eBillCore"/>
      <xsd:import schemaLocation="http://testws.facturaenlinea.co/ServiciosFyM/eBill/Integracion.svc?xsd=xsd3" namespace="http://schemas.microsoft.com/2003/10/Serialization/Arrays"/>
      <xsd:import schemaLocation="http://testws.facturaenlinea.co/ServiciosFyM/eBill/Integracion.svc?xsd=xsd4" namespace="http://schemas.datacontract.org/2004/07/DianResponse"/>
      <xsd:import schemaLocation="http://testws.facturaenlinea.co/ServiciosFyM/eBill/Integracion.svc?xsd=xsd5" namespace="http://schemas.datacontract.org/2004/07/System.Data.Linq"/>
      <xsd:import schemaLocation="http://testws.facturaenlinea.co/ServiciosFyM/eBill/Integracion.svc?xsd=xsd6" namespace="http://schemas.datacontract.org/2004/07/UploadDocumentResponse"/>
      <xsd:import schemaLocation="http://testws.facturaenlinea.co/ServiciosFyM/eBill/Integracion.svc?xsd=xsd7" namespace="http://schemas.datacontract.org/2004/07/XmlParamsResponseTrackId"/>
    </xsd:schema>
  </wsdl:types>
  <wsdl:message name="IIntegracion_FV_NotificarFacturasExitosas_Seven_InputMessage">
    <wsdl:part name="parameters" element="tns:FV_NotificarFacturasExitosas_Seven"/>
  </wsdl:message>
  <wsdl:message name="IIntegracion_FV_NotificarFacturasExitosas_Seven_OutputMessage">
    <wsdl:part name="parameters" element="tns:FV_NotificarFacturasExitosas_SevenResponse"/>
  </wsdl:message>
  <wsdl:message name="IIntegracion_RegistrarPagoDocumentoRadicadoNotificacionDian_InputMessage">
    <wsdl:part name="parameters" element="tns:RegistrarPagoDocumentoRadicadoNotificacionDian"/>
  </wsdl:message>
  <wsdl:message name="IIntegracion_RegistrarPagoDocumentoRadicadoNotificacionDian_OutputMessage">
    <wsdl:part name="parameters" element="tns:RegistrarPagoDocumentoRadicadoNotificacionDianResponse"/>
  </wsdl:message>
  <wsdl:message name="IIntegracion_SolicitaeBillPDFTAX_GR_InputMessage">
    <wsdl:part name="parameters" element="tns:SolicitaeBillPDFTAX_GR"/>
  </wsdl:message>
  <wsdl:message name="IIntegracion_SolicitaeBillPDFTAX_GR_OutputMessage">
    <wsdl:part name="parameters" element="tns:SolicitaeBillPDFTAX_GRResponse"/>
  </wsdl:message>
  <wsdl:message name="IIntegracion_SolicitarEventosRecibidosXNitEmisorXDiaRec_InputMessage">
    <wsdl:part name="parameters" element="tns:SolicitarEventosRecibidosXNitEmisorXDiaRec"/>
  </wsdl:message>
  <wsdl:message name="IIntegracion_SolicitarEventosRecibidosXNitEmisorXDiaRec_OutputMessage">
    <wsdl:part name="parameters" element="tns:SolicitarEventosRecibidosXNitEmisorXDiaRecResponse"/>
  </wsdl:message>
  <wsdl:message name="IIntegracion_AceptacionTacitaDocumentosRadicadosNotificacionDIAN_InputMessage">
    <wsdl:part name="parameters" element="tns:AceptacionTacitaDocumentosRadicadosNotificacionDIAN"/>
  </wsdl:message>
  <wsdl:message name="IIntegracion_AceptacionTacitaDocumentosRadicadosNotificacionDIAN_OutputMessage">
    <wsdl:part name="parameters" element="tns:AceptacionTacitaDocumentosRadicadosNotificacionDIANResponse"/>
  </wsdl:message>
  <wsdl:message name="IIntegracion_AcuseReciboDocumentosRadicadosNotificacionDIAN_InputMessage">
    <wsdl:part name="parameters" element="tns:AcuseReciboDocumentosRadicadosNotificacionDIAN"/>
  </wsdl:message>
  <wsdl:message name="IIntegracion_AcuseReciboDocumentosRadicadosNotificacionDIAN_OutputMessage">
    <wsdl:part name="parameters" element="tns:AcuseReciboDocumentosRadicadosNotificacionDIANResponse"/>
  </wsdl:message>
  <wsdl:message name="IIntegracion_ReciboBienServicioRadicadosNotificacionDIAN_InputMessage">
    <wsdl:part name="parameters" element="tns:ReciboBienServicioRadicadosNotificacionDIAN"/>
  </wsdl:message>
  <wsdl:message name="IIntegracion_ReciboBienServicioRadicadosNotificacionDIAN_OutputMessage">
    <wsdl:part name="parameters" element="tns:ReciboBienServicioRadicadosNotificacionDIANResponse"/>
  </wsdl:message>
  <wsdl:message name="IIntegracion_RegistrarIntentoFallidoRecepcion_InputMessage">
    <wsdl:part name="parameters" element="tns:RegistrarIntentoFallidoRecepcion"/>
  </wsdl:message>
  <wsdl:message name="IIntegracion_RegistrarIntentoFallidoRecepcion_OutputMessage">
    <wsdl:part name="parameters" element="tns:RegistrarIntentoFallidoRecepcionResponse"/>
  </wsdl:message>
  <wsdl:message name="IIntegracion_RepararDocumentoExitosoDIAN_InputMessage">
    <wsdl:part name="parameters" element="tns:RepararDocumentoExitosoDIAN"/>
  </wsdl:message>
  <wsdl:message name="IIntegracion_RepararDocumentoExitosoDIAN_OutputMessage">
    <wsdl:part name="parameters" element="tns:RepararDocumentoExitosoDIANResponse"/>
  </wsdl:message>
  <wsdl:message name="IIntegracion_SolicitareBillFacturasRadicadasRecepcionXRango_TerceroPagador_InputMessage">
    <wsdl:part name="parameters" element="tns:SolicitareBillFacturasRadicadasRecepcionXRango_TerceroPagador"/>
  </wsdl:message>
  <wsdl:message name="IIntegracion_SolicitareBillFacturasRadicadasRecepcionXRango_TerceroPagador_OutputMessage">
    <wsdl:part name="parameters" element="tns:SolicitareBillFacturasRadicadasRecepcionXRango_TerceroPagadorResponse"/>
  </wsdl:message>
  <wsdl:message name="IIntegracion_TraerAdjuntosXPrefijoXNumXTipoComp_TerceroPagador_InputMessage">
    <wsdl:part name="parameters" element="tns:TraerAdjuntosXPrefijoXNumXTipoComp_TerceroPagador"/>
  </wsdl:message>
  <wsdl:message name="IIntegracion_TraerAdjuntosXPrefijoXNumXTipoComp_TerceroPagador_OutputMessage">
    <wsdl:part name="parameters" element="tns:TraerAdjuntosXPrefijoXNumXTipoComp_TerceroPagadorResponse"/>
  </wsdl:message>
  <wsdl:message name="IIntegracion_AcuerdoEBillVigente_InputMessage">
    <wsdl:part name="parameters" element="tns:AcuerdoEBillVigente"/>
  </wsdl:message>
  <wsdl:message name="IIntegracion_AcuerdoEBillVigente_OutputMessage">
    <wsdl:part name="parameters" element="tns:AcuerdoEBillVigenteResponse"/>
  </wsdl:message>
  <wsdl:message name="IIntegracion_CalculoContenidoTecnicoControl_InputMessage">
    <wsdl:part name="parameters" element="tns:CalculoContenidoTecnicoControl"/>
  </wsdl:message>
  <wsdl:message name="IIntegracion_CalculoContenidoTecnicoControl_OutputMessage">
    <wsdl:part name="parameters" element="tns:CalculoContenidoTecnicoControlResponse"/>
  </wsdl:message>
  <wsdl:message name="IIntegracion_CargarXML25CoreToeBill_InputMessage">
    <wsdl:part name="parameters" element="tns:CargarXML25CoreToeBill"/>
  </wsdl:message>
  <wsdl:message name="IIntegracion_CargarXML25CoreToeBill_OutputMessage">
    <wsdl:part name="parameters" element="tns:CargarXML25CoreToeBillResponse"/>
  </wsdl:message>
  <wsdl:message name="IIntegracion_CargarFacturasToeBillGeneric_InputMessage">
    <wsdl:part name="parameters" element="tns:CargarFacturasToeBillGeneric"/>
  </wsdl:message>
  <wsdl:message name="IIntegracion_CargarFacturasToeBillGeneric_OutputMessage">
    <wsdl:part name="parameters" element="tns:CargarFacturasToeBillGenericResponse"/>
  </wsdl:message>
  <wsdl:message name="IIntegracion_CargarFacturasToeBillGenericFix_InputMessage">
    <wsdl:part name="parameters" element="tns:CargarFacturasToeBillGenericFix"/>
  </wsdl:message>
  <wsdl:message name="IIntegracion_CargarFacturasToeBillGenericFix_OutputMessage">
    <wsdl:part name="parameters" element="tns:CargarFacturasToeBillGenericFixResponse"/>
  </wsdl:message>
  <wsdl:message name="IIntegracion_CargarNotasToeBillGeneric_InputMessage">
    <wsdl:part name="parameters" element="tns:CargarNotasToeBillGeneric"/>
  </wsdl:message>
  <wsdl:message name="IIntegracion_CargarNotasToeBillGeneric_OutputMessage">
    <wsdl:part name="parameters" element="tns:CargarNotasToeBillGenericResponse"/>
  </wsdl:message>
  <wsdl:message name="IIntegracion_CargarFacturasToeBillGenericTAX_InputMessage">
    <wsdl:part name="parameters" element="tns:CargarFacturasToeBillGenericTAX"/>
  </wsdl:message>
  <wsdl:message name="IIntegracion_CargarFacturasToeBillGenericTAX_OutputMessage">
    <wsdl:part name="parameters" element="tns:CargarFacturasToeBillGenericTAXResponse"/>
  </wsdl:message>
  <wsdl:message name="IIntegracion_CargarNotasToeBillGenericTAX_InputMessage">
    <wsdl:part name="parameters" element="tns:CargarNotasToeBillGenericTAX"/>
  </wsdl:message>
  <wsdl:message name="IIntegracion_CargarNotasToeBillGenericTAX_OutputMessage">
    <wsdl:part name="parameters" element="tns:CargarNotasToeBillGenericTAXResponse"/>
  </wsdl:message>
  <wsdl:message name="IIntegracion_RecibePDFNumrot_InputMessage">
    <wsdl:part name="parameters" element="tns:RecibePDFNumrot"/>
  </wsdl:message>
  <wsdl:message name="IIntegracion_RecibePDFNumrot_OutputMessage">
    <wsdl:part name="parameters" element="tns:RecibePDFNumrotResponse"/>
  </wsdl:message>
  <wsdl:message name="IIntegracion_SolicitaeBillPDF_InputMessage">
    <wsdl:part name="parameters" element="tns:SolicitaeBillPDF"/>
  </wsdl:message>
  <wsdl:message name="IIntegracion_SolicitaeBillPDF_OutputMessage">
    <wsdl:part name="parameters" element="tns:SolicitaeBillPDFResponse"/>
  </wsdl:message>
  <wsdl:message name="IIntegracion_SolicitaeBillPDFTAX_InputMessage">
    <wsdl:part name="parameters" element="tns:SolicitaeBillPDFTAX"/>
  </wsdl:message>
  <wsdl:message name="IIntegracion_SolicitaeBillPDFTAX_OutputMessage">
    <wsdl:part name="parameters" element="tns:SolicitaeBillPDFTAXResponse"/>
  </wsdl:message>
  <wsdl:message name="IIntegracion_NotificarFacturasPagadas_InputMessage">
    <wsdl:part name="parameters" element="tns:NotificarFacturasPagadas"/>
  </wsdl:message>
  <wsdl:message name="IIntegracion_NotificarFacturasPagadas_OutputMessage">
    <wsdl:part name="parameters" element="tns:NotificarFacturasPagadasResponse"/>
  </wsdl:message>
  <wsdl:message name="IIntegracion_NotificarFacturasPagadasTAX_InputMessage">
    <wsdl:part name="parameters" element="tns:NotificarFacturasPagadasTAX"/>
  </wsdl:message>
  <wsdl:message name="IIntegracion_NotificarFacturasPagadasTAX_OutputMessage">
    <wsdl:part name="parameters" element="tns:NotificarFacturasPagadasTAXResponse"/>
  </wsdl:message>
  <wsdl:message name="IIntegracion_NotificarFacturasAnuladasTAX_InputMessage">
    <wsdl:part name="parameters" element="tns:NotificarFacturasAnuladasTAX"/>
  </wsdl:message>
  <wsdl:message name="IIntegracion_NotificarFacturasAnuladasTAX_OutputMessage">
    <wsdl:part name="parameters" element="tns:NotificarFacturasAnuladasTAXResponse"/>
  </wsdl:message>
  <wsdl:message name="IIntegracion_CargarDocumentosElectronicosToeBillGenericTAX_InputMessage">
    <wsdl:part name="parameters" element="tns:CargarDocumentosElectronicosToeBillGenericTAX"/>
  </wsdl:message>
  <wsdl:message name="IIntegracion_CargarDocumentosElectronicosToeBillGenericTAX_OutputMessage">
    <wsdl:part name="parameters" element="tns:CargarDocumentosElectronicosToeBillGenericTAXResponse"/>
  </wsdl:message>
  <wsdl:message name="IIntegracion_CargarDocumentosElectronicosToeBillGenericFULL_InputMessage">
    <wsdl:part name="parameters" element="tns:CargarDocumentosElectronicosToeBillGenericFULL"/>
  </wsdl:message>
  <wsdl:message name="IIntegracion_CargarDocumentosElectronicosToeBillGenericFULL_OutputMessage">
    <wsdl:part name="parameters" element="tns:CargarDocumentosElectronicosToeBillGenericFULLResponse"/>
  </wsdl:message>
  <wsdl:message name="IIntegracion_SolicitaDatosDocumentoElectronico_InputMessage">
    <wsdl:part name="parameters" element="tns:SolicitaDatosDocumentoElectronico"/>
  </wsdl:message>
  <wsdl:message name="IIntegracion_SolicitaDatosDocumentoElectronico_OutputMessage">
    <wsdl:part name="parameters" element="tns:SolicitaDatosDocumentoElectronicoResponse"/>
  </wsdl:message>
  <wsdl:message name="IIntegracion_SolicitaeBillPDFXCodigo_InputMessage">
    <wsdl:part name="parameters" element="tns:SolicitaeBillPDFXCodigo"/>
  </wsdl:message>
  <wsdl:message name="IIntegracion_SolicitaeBillPDFXCodigo_OutputMessage">
    <wsdl:part name="parameters" element="tns:SolicitaeBillPDFXCodigoResponse"/>
  </wsdl:message>
  <wsdl:message name="IIntegracion_CargarPDFDocumentoElectronico_InputMessage">
    <wsdl:part name="parameters" element="tns:CargarPDFDocumentoElectronico"/>
  </wsdl:message>
  <wsdl:message name="IIntegracion_CargarPDFDocumentoElectronico_OutputMessage">
    <wsdl:part name="parameters" element="tns:CargarPDFDocumentoElectronicoResponse"/>
  </wsdl:message>
  <wsdl:message name="IIntegracion_CargarDocumentosElectronicosToeBillGenericFULLDesdePDF_InputMessage">
    <wsdl:part name="parameters" element="tns:CargarDocumentosElectronicosToeBillGenericFULLDesdePDF"/>
  </wsdl:message>
  <wsdl:message name="IIntegracion_CargarDocumentosElectronicosToeBillGenericFULLDesdePDF_OutputMessage">
    <wsdl:part name="parameters" element="tns:CargarDocumentosElectronicosToeBillGenericFULLDesdePDFResponse"/>
  </wsdl:message>
  <wsdl:message name="IIntegracion_CargarNotaDesdeFacturaToeBill_InputMessage">
    <wsdl:part name="parameters" element="tns:CargarNotaDesdeFacturaToeBill"/>
  </wsdl:message>
  <wsdl:message name="IIntegracion_CargarNotaDesdeFacturaToeBill_OutputMessage">
    <wsdl:part name="parameters" element="tns:CargarNotaDesdeFacturaToeBillResponse"/>
  </wsdl:message>
  <wsdl:message name="IIntegracion_TraerEstadoCuentaXCliente_InputMessage">
    <wsdl:part name="parameters" element="tns:TraerEstadoCuentaXCliente"/>
  </wsdl:message>
  <wsdl:message name="IIntegracion_TraerEstadoCuentaXCliente_OutputMessage">
    <wsdl:part name="parameters" element="tns:TraerEstadoCuentaXClienteResponse"/>
  </wsdl:message>
  <wsdl:message name="IIntegracion_CargarDocumentosElectronicosToeBillGenericFULLImp_InputMessage">
    <wsdl:part name="parameters" element="tns:CargarDocumentosElectronicosToeBillGenericFULLImp"/>
  </wsdl:message>
  <wsdl:message name="IIntegracion_CargarDocumentosElectronicosToeBillGenericFULLImp_OutputMessage">
    <wsdl:part name="parameters" element="tns:CargarDocumentosElectronicosToeBillGenericFULLImpResponse"/>
  </wsdl:message>
  <wsdl:message name="IIntegracion_RecepcionDocumentosElectronicos_InputMessage">
    <wsdl:part name="parameters" element="tns:RecepcionDocumentosElectronicos"/>
  </wsdl:message>
  <wsdl:message name="IIntegracion_RecepcionDocumentosElectronicos_OutputMessage">
    <wsdl:part name="parameters" element="tns:RecepcionDocumentosElectronicosResponse"/>
  </wsdl:message>
  <wsdl:message name="IIntegracion_SolicitareBillFacturasRadicadasRecepcion_InputMessage">
    <wsdl:part name="parameters" element="tns:SolicitareBillFacturasRadicadasRecepcion"/>
  </wsdl:message>
  <wsdl:message name="IIntegracion_SolicitareBillFacturasRadicadasRecepcion_OutputMessage">
    <wsdl:part name="parameters" element="tns:SolicitareBillFacturasRadicadasRecepcionResponse"/>
  </wsdl:message>
  <wsdl:message name="IIntegracion_SolicitaeBillPDFRecepcion_InputMessage">
    <wsdl:part name="parameters" element="tns:SolicitaeBillPDFRecepcion"/>
  </wsdl:message>
  <wsdl:message name="IIntegracion_SolicitaeBillPDFRecepcion_OutputMessage">
    <wsdl:part name="parameters" element="tns:SolicitaeBillPDFRecepcionResponse"/>
  </wsdl:message>
  <wsdl:message name="IIntegracion_SolicitaeBillPDFRecepcion_TerceroPagador_InputMessage">
    <wsdl:part name="parameters" element="tns:SolicitaeBillPDFRecepcion_TerceroPagador"/>
  </wsdl:message>
  <wsdl:message name="IIntegracion_SolicitaeBillPDFRecepcion_TerceroPagador_OutputMessage">
    <wsdl:part name="parameters" element="tns:SolicitaeBillPDFRecepcion_TerceroPagadorResponse"/>
  </wsdl:message>
  <wsdl:message name="IIntegracion_SolicitaCreareBillResoluciones_InputMessage">
    <wsdl:part name="parameters" element="tns:SolicitaCreareBillResoluciones"/>
  </wsdl:message>
  <wsdl:message name="IIntegracion_SolicitaCreareBillResoluciones_OutputMessage">
    <wsdl:part name="parameters" element="tns:SolicitaCreareBillResolucionesResponse"/>
  </wsdl:message>
  <wsdl:message name="IIntegracion_CargarDocumentosElectronicosToeBillGenericFULLPDFCUFE_InputMessage">
    <wsdl:part name="parameters" element="tns:CargarDocumentosElectronicosToeBillGenericFULLPDFCUFE"/>
  </wsdl:message>
  <wsdl:message name="IIntegracion_CargarDocumentosElectronicosToeBillGenericFULLPDFCUFE_OutputMessage">
    <wsdl:part name="parameters" element="tns:CargarDocumentosElectronicosToeBillGenericFULLPDFCUFEResponse"/>
  </wsdl:message>
  <wsdl:message name="IIntegracion_ActualizarEstadosOCRecepcion_InputMessage">
    <wsdl:part name="parameters" element="tns:ActualizarEstadosOCRecepcion"/>
  </wsdl:message>
  <wsdl:message name="IIntegracion_ActualizarEstadosOCRecepcion_OutputMessage">
    <wsdl:part name="parameters" element="tns:ActualizarEstadosOCRecepcionResponse"/>
  </wsdl:message>
  <wsdl:message name="IIntegracion_CargarDocumentosElectronicosToeBillGenericFULLFacturaMinimaLegal_InputMessage">
    <wsdl:part name="parameters" element="tns:CargarDocumentosElectronicosToeBillGenericFULLFacturaMinimaLegal"/>
  </wsdl:message>
  <wsdl:message name="IIntegracion_CargarDocumentosElectronicosToeBillGenericFULLFacturaMinimaLegal_OutputMessage">
    <wsdl:part name="parameters" element="tns:CargarDocumentosElectronicosToeBillGenericFULLFacturaMinimaLegalResponse"/>
  </wsdl:message>
  <wsdl:message name="IIntegracion_RechazarDocumentosRadicados_InputMessage">
    <wsdl:part name="parameters" element="tns:RechazarDocumentosRadicados"/>
  </wsdl:message>
  <wsdl:message name="IIntegracion_RechazarDocumentosRadicados_OutputMessage">
    <wsdl:part name="parameters" element="tns:RechazarDocumentosRadicadosResponse"/>
  </wsdl:message>
  <wsdl:message name="IIntegracion_RechazarDocumentosRadicadosNotificacionDIAN_InputMessage">
    <wsdl:part name="parameters" element="tns:RechazarDocumentosRadicadosNotificacionDIAN"/>
  </wsdl:message>
  <wsdl:message name="IIntegracion_RechazarDocumentosRadicadosNotificacionDIAN_OutputMessage">
    <wsdl:part name="parameters" element="tns:RechazarDocumentosRadicadosNotificacionDIANResponse"/>
  </wsdl:message>
  <wsdl:message name="IIntegracion_AceptarDocumentosRadicadosNotificacionDIAN_InputMessage">
    <wsdl:part name="parameters" element="tns:AceptarDocumentosRadicadosNotificacionDIAN"/>
  </wsdl:message>
  <wsdl:message name="IIntegracion_AceptarDocumentosRadicadosNotificacionDIAN_OutputMessage">
    <wsdl:part name="parameters" element="tns:AceptarDocumentosRadicadosNotificacionDIANResponse"/>
  </wsdl:message>
  <wsdl:message name="IIntegracion_SolicitaeBillPDFTAXLong_InputMessage">
    <wsdl:part name="parameters" element="tns:SolicitaeBillPDFTAXLong"/>
  </wsdl:message>
  <wsdl:message name="IIntegracion_SolicitaeBillPDFTAXLong_OutputMessage">
    <wsdl:part name="parameters" element="tns:SolicitaeBillPDFTAXLongResponse"/>
  </wsdl:message>
  <wsdl:message name="IIntegracion_CrearProveedoreseBill_InputMessage">
    <wsdl:part name="parameters" element="tns:CrearProveedoreseBill"/>
  </wsdl:message>
  <wsdl:message name="IIntegracion_CrearProveedoreseBill_OutputMessage">
    <wsdl:part name="parameters" element="tns:CrearProveedoreseBillResponse"/>
  </wsdl:message>
  <wsdl:message name="IIntegracion_LoginProveedorTecnologico_InputMessage">
    <wsdl:part name="parameters" element="tns:LoginProveedorTecnologico"/>
  </wsdl:message>
  <wsdl:message name="IIntegracion_LoginProveedorTecnologico_OutputMessage">
    <wsdl:part name="parameters" element="tns:LoginProveedorTecnologicoResponse"/>
  </wsdl:message>
  <wsdl:message name="IIntegracion_TraerDatosProveedorFTP_InputMessage">
    <wsdl:part name="parameters" element="tns:TraerDatosProveedorFTP"/>
  </wsdl:message>
  <wsdl:message name="IIntegracion_TraerDatosProveedorFTP_OutputMessage">
    <wsdl:part name="parameters" element="tns:TraerDatosProveedorFTPResponse"/>
  </wsdl:message>
  <wsdl:message name="IIntegracion_HistorialRadicacion_InputMessage">
    <wsdl:part name="parameters" element="tns:HistorialRadicacion"/>
  </wsdl:message>
  <wsdl:message name="IIntegracion_HistorialRadicacion_OutputMessage">
    <wsdl:part name="parameters" element="tns:HistorialRadicacionResponse"/>
  </wsdl:message>
  <wsdl:message name="IIntegracion_ExisteConvenioEmpresas_InputMessage">
    <wsdl:part name="parameters" element="tns:ExisteConvenioEmpresas"/>
  </wsdl:message>
  <wsdl:message name="IIntegracion_ExisteConvenioEmpresas_OutputMessage">
    <wsdl:part name="parameters" element="tns:ExisteConvenioEmpresasResponse"/>
  </wsdl:message>
  <wsdl:message name="IIntegracion_ConsultaResolucionesDIAN_InputMessage">
    <wsdl:part name="parameters" element="tns:ConsultaResolucionesDIAN"/>
  </wsdl:message>
  <wsdl:message name="IIntegracion_ConsultaResolucionesDIAN_OutputMessage">
    <wsdl:part name="parameters" element="tns:ConsultaResolucionesDIANResponse"/>
  </wsdl:message>
  <wsdl:message name="IIntegracion_SolicitareBillFacturasRadicadasRecepcionXEstado_InputMessage">
    <wsdl:part name="parameters" element="tns:SolicitareBillFacturasRadicadasRecepcionXEstado"/>
  </wsdl:message>
  <wsdl:message name="IIntegracion_SolicitareBillFacturasRadicadasRecepcionXEstado_OutputMessage">
    <wsdl:part name="parameters" element="tns:SolicitareBillFacturasRadicadasRecepcionXEstadoResponse"/>
  </wsdl:message>
  <wsdl:message name="IIntegracion_ActualizarEstadoFacturasRadicadasRecepcion_InputMessage">
    <wsdl:part name="parameters" element="tns:ActualizarEstadoFacturasRadicadasRecepcion"/>
  </wsdl:message>
  <wsdl:message name="IIntegracion_ActualizarEstadoFacturasRadicadasRecepcion_OutputMessage">
    <wsdl:part name="parameters" element="tns:ActualizarEstadoFacturasRadicadasRecepcionResponse"/>
  </wsdl:message>
  <wsdl:message name="IIntegracion_CrearEmpresaeBill_InputMessage">
    <wsdl:part name="parameters" element="tns:CrearEmpresaeBill"/>
  </wsdl:message>
  <wsdl:message name="IIntegracion_CrearEmpresaeBill_OutputMessage">
    <wsdl:part name="parameters" element="tns:CrearEmpresaeBillResponse"/>
  </wsdl:message>
  <wsdl:message name="IIntegracion_SolicitaDatosDetalleXDocumento_InputMessage">
    <wsdl:part name="parameters" element="tns:SolicitaDatosDetalleXDocumento"/>
  </wsdl:message>
  <wsdl:message name="IIntegracion_SolicitaDatosDetalleXDocumento_OutputMessage">
    <wsdl:part name="parameters" element="tns:SolicitaDatosDetalleXDocumentoResponse"/>
  </wsdl:message>
  <wsdl:message name="IIntegracion_SolicitaParametrosGestionDocumental_InputMessage">
    <wsdl:part name="parameters" element="tns:SolicitaParametrosGestionDocumental"/>
  </wsdl:message>
  <wsdl:message name="IIntegracion_SolicitaParametrosGestionDocumental_OutputMessage">
    <wsdl:part name="parameters" element="tns:SolicitaParametrosGestionDocumentalResponse"/>
  </wsdl:message>
  <wsdl:message name="IIntegracion_ObtenerParametroCliente_InputMessage">
    <wsdl:part name="parameters" element="tns:ObtenerParametroCliente"/>
  </wsdl:message>
  <wsdl:message name="IIntegracion_ObtenerParametroCliente_OutputMessage">
    <wsdl:part name="parameters" element="tns:ObtenerParametroClienteResponse"/>
  </wsdl:message>
  <wsdl:message name="IIntegracion_ActualizarFechaParametro_InputMessage">
    <wsdl:part name="parameters" element="tns:ActualizarFechaParametro"/>
  </wsdl:message>
  <wsdl:message name="IIntegracion_ActualizarFechaParametro_OutputMessage">
    <wsdl:part name="parameters" element="tns:ActualizarFechaParametroResponse"/>
  </wsdl:message>
  <wsdl:message name="IIntegracion_ConsultaDatosDocumentosEmitidos_InputMessage">
    <wsdl:part name="parameters" element="tns:ConsultaDatosDocumentosEmitidos"/>
  </wsdl:message>
  <wsdl:message name="IIntegracion_ConsultaDatosDocumentosEmitidos_OutputMessage">
    <wsdl:part name="parameters" element="tns:ConsultaDatosDocumentosEmitidosResponse"/>
  </wsdl:message>
  <wsdl:message name="IIntegracion_TraerDatosProveedorTecnologico_InputMessage">
    <wsdl:part name="parameters" element="tns:TraerDatosProveedorTecnologico"/>
  </wsdl:message>
  <wsdl:message name="IIntegracion_TraerDatosProveedorTecnologico_OutputMessage">
    <wsdl:part name="parameters" element="tns:TraerDatosProveedorTecnologicoResponse"/>
  </wsdl:message>
  <wsdl:message name="IIntegracion_TraerDatosEmpresasEmisoras_InputMessage">
    <wsdl:part name="parameters" element="tns:TraerDatosEmpresasEmisoras"/>
  </wsdl:message>
  <wsdl:message name="IIntegracion_TraerDatosEmpresasEmisoras_OutputMessage">
    <wsdl:part name="parameters" element="tns:TraerDatosEmpresasEmisorasResponse"/>
  </wsdl:message>
  <wsdl:message name="IIntegracion_TraerDocumentosEmision_InputMessage">
    <wsdl:part name="parameters" element="tns:TraerDocumentosEmision"/>
  </wsdl:message>
  <wsdl:message name="IIntegracion_TraerDocumentosEmision_OutputMessage">
    <wsdl:part name="parameters" element="tns:TraerDocumentosEmisionResponse"/>
  </wsdl:message>
  <wsdl:message name="IIntegracion_TraerAdjuntosXDocumento_InputMessage">
    <wsdl:part name="parameters" element="tns:TraerAdjuntosXDocumento"/>
  </wsdl:message>
  <wsdl:message name="IIntegracion_TraerAdjuntosXDocumento_OutputMessage">
    <wsdl:part name="parameters" element="tns:TraerAdjuntosXDocumentoResponse"/>
  </wsdl:message>
  <wsdl:message name="IIntegracion_CambiarContrasenaInteroperabilidad_InputMessage">
    <wsdl:part name="parameters" element="tns:CambiarContrasenaInteroperabilidad"/>
  </wsdl:message>
  <wsdl:message name="IIntegracion_CambiarContrasenaInteroperabilidad_OutputMessage">
    <wsdl:part name="parameters" element="tns:CambiarContrasenaInteroperabilidadResponse"/>
  </wsdl:message>
  <wsdl:message name="IIntegracion_RegistroArchivoEmitido_InputMessage">
    <wsdl:part name="parameters" element="tns:RegistroArchivoEmitido"/>
  </wsdl:message>
  <wsdl:message name="IIntegracion_RegistroArchivoEmitido_OutputMessage">
    <wsdl:part name="parameters" element="tns:RegistroArchivoEmitidoResponse"/>
  </wsdl:message>
  <wsdl:message name="IIntegracion_ValidaXML_InputMessage">
    <wsdl:part name="parameters" element="tns:ValidaXML"/>
  </wsdl:message>
  <wsdl:message name="IIntegracion_ValidaXML_OutputMessage">
    <wsdl:part name="parameters" element="tns:ValidaXMLResponse"/>
  </wsdl:message>
  <wsdl:message name="IIntegracion_EmpresaRecibeInteroperabilidad_InputMessage">
    <wsdl:part name="parameters" element="tns:EmpresaRecibeInteroperabilidad"/>
  </wsdl:message>
  <wsdl:message name="IIntegracion_EmpresaRecibeInteroperabilidad_OutputMessage">
    <wsdl:part name="parameters" element="tns:EmpresaRecibeInteroperabilidadResponse"/>
  </wsdl:message>
  <wsdl:message name="IIntegracion_RegistroRespuestaDocInteroperabilidad_InputMessage">
    <wsdl:part name="parameters" element="tns:RegistroRespuestaDocInteroperabilidad"/>
  </wsdl:message>
  <wsdl:message name="IIntegracion_RegistroRespuestaDocInteroperabilidad_OutputMessage">
    <wsdl:part name="parameters" element="tns:RegistroRespuestaDocInteroperabilidadResponse"/>
  </wsdl:message>
  <wsdl:message name="IIntegracion_ConsultaHistoricoEstadosDocumentoRecibidoIO_InputMessage">
    <wsdl:part name="parameters" element="tns:ConsultaHistoricoEstadosDocumentoRecibidoIO"/>
  </wsdl:message>
  <wsdl:message name="IIntegracion_ConsultaHistoricoEstadosDocumentoRecibidoIO_OutputMessage">
    <wsdl:part name="parameters" element="tns:ConsultaHistoricoEstadosDocumentoRecibidoIOResponse"/>
  </wsdl:message>
  <wsdl:message name="IIntegracion_ConsultarAppResponseDocumentoRecibido_InputMessage">
    <wsdl:part name="parameters" element="tns:ConsultarAppResponseDocumentoRecibido"/>
  </wsdl:message>
  <wsdl:message name="IIntegracion_ConsultarAppResponseDocumentoRecibido_OutputMessage">
    <wsdl:part name="parameters" element="tns:ConsultarAppResponseDocumentoRecibidoResponse"/>
  </wsdl:message>
  <wsdl:message name="IIntegracion_TraerDocumentosSinRespuestaIO_InputMessage">
    <wsdl:part name="parameters" element="tns:TraerDocumentosSinRespuestaIO"/>
  </wsdl:message>
  <wsdl:message name="IIntegracion_TraerDocumentosSinRespuestaIO_OutputMessage">
    <wsdl:part name="parameters" element="tns:TraerDocumentosSinRespuestaIOResponse"/>
  </wsdl:message>
  <wsdl:message name="IIntegracion_ValidaRespuestaRecepcion_InputMessage">
    <wsdl:part name="parameters" element="tns:ValidaRespuestaRecepcion"/>
  </wsdl:message>
  <wsdl:message name="IIntegracion_ValidaRespuestaRecepcion_OutputMessage">
    <wsdl:part name="parameters" element="tns:ValidaRespuestaRecepcionResponse"/>
  </wsdl:message>
  <wsdl:message name="IIntegracion_SolicitareBillFacturasRadicadasRecepcionXRango_InputMessage">
    <wsdl:part name="parameters" element="tns:SolicitareBillFacturasRadicadasRecepcionXRango"/>
  </wsdl:message>
  <wsdl:message name="IIntegracion_SolicitareBillFacturasRadicadasRecepcionXRango_OutputMessage">
    <wsdl:part name="parameters" element="tns:SolicitareBillFacturasRadicadasRecepcionXRangoResponse"/>
  </wsdl:message>
  <wsdl:message name="IIntegracion_ActualizaEstadoNotificadoDocumentosIO_InputMessage">
    <wsdl:part name="parameters" element="tns:ActualizaEstadoNotificadoDocumentosIO"/>
  </wsdl:message>
  <wsdl:message name="IIntegracion_ActualizaEstadoNotificadoDocumentosIO_OutputMessage">
    <wsdl:part name="parameters" element="tns:ActualizaEstadoNotificadoDocumentosIOResponse"/>
  </wsdl:message>
  <wsdl:message name="IIntegracion_EnviarDocumentoElectronico_InputMessage">
    <wsdl:part name="parameters" element="tns:EnviarDocumentoElectronico"/>
  </wsdl:message>
  <wsdl:message name="IIntegracion_EnviarDocumentoElectronico_OutputMessage">
    <wsdl:part name="parameters" element="tns:EnviarDocumentoElectronicoResponse"/>
  </wsdl:message>
  <wsdl:message name="IIntegracion_TraerDocumentosRecepcionxNuevosEstados_InputMessage">
    <wsdl:part name="parameters" element="tns:TraerDocumentosRecepcionxNuevosEstados"/>
  </wsdl:message>
  <wsdl:message name="IIntegracion_TraerDocumentosRecepcionxNuevosEstados_OutputMessage">
    <wsdl:part name="parameters" element="tns:TraerDocumentosRecepcionxNuevosEstadosResponse"/>
  </wsdl:message>
  <wsdl:message name="IIntegracion_RegistrarPagoCargaAnexo_InputMessage">
    <wsdl:part name="parameters" element="tns:RegistrarPagoCargaAnexo"/>
  </wsdl:message>
  <wsdl:message name="IIntegracion_RegistrarPagoCargaAnexo_OutputMessage">
    <wsdl:part name="parameters" element="tns:RegistrarPagoCargaAnexoResponse"/>
  </wsdl:message>
  <wsdl:message name="IIntegracion_ActualizarDocumentosDatoContabilzacion_InputMessage">
    <wsdl:part name="parameters" element="tns:ActualizarDocumentosDatoContabilzacion"/>
  </wsdl:message>
  <wsdl:message name="IIntegracion_ActualizarDocumentosDatoContabilzacion_OutputMessage">
    <wsdl:part name="parameters" element="tns:ActualizarDocumentosDatoContabilzacionResponse"/>
  </wsdl:message>
  <wsdl:message name="IIntegracion_ConsultaIdentificadorFacturaXOrderID_InputMessage">
    <wsdl:part name="parameters" element="tns:ConsultaIdentificadorFacturaXOrderID"/>
  </wsdl:message>
  <wsdl:message name="IIntegracion_ConsultaIdentificadorFacturaXOrderID_OutputMessage">
    <wsdl:part name="parameters" element="tns:ConsultaIdentificadorFacturaXOrderIDResponse"/>
  </wsdl:message>
  <wsdl:message name="IIntegracion_FV_TraerDocumentosPendientesDeEnvioxEmpresaxFecha_InputMessage">
    <wsdl:part name="parameters" element="tns:FV_TraerDocumentosPendientesDeEnvioxEmpresaxFecha"/>
  </wsdl:message>
  <wsdl:message name="IIntegracion_FV_TraerDocumentosPendientesDeEnvioxEmpresaxFecha_OutputMessage">
    <wsdl:part name="parameters" element="tns:FV_TraerDocumentosPendientesDeEnvioxEmpresaxFechaResponse"/>
  </wsdl:message>
  <wsdl:message name="IIntegracion_FV_TraerXMLDocumento_InputMessage">
    <wsdl:part name="parameters" element="tns:FV_TraerXMLDocumento"/>
  </wsdl:message>
  <wsdl:message name="IIntegracion_FV_TraerXMLDocumento_OutputMessage">
    <wsdl:part name="parameters" element="tns:FV_TraerXMLDocumentoResponse"/>
  </wsdl:message>
  <wsdl:message name="IIntegracion_FV_TraerDatosEmpesasEmisorasConDFEPendientesDeEnvio_InputMessage">
    <wsdl:part name="parameters" element="tns:FV_TraerDatosEmpesasEmisorasConDFEPendientesDeEnvio"/>
  </wsdl:message>
  <wsdl:message name="IIntegracion_FV_TraerDatosEmpesasEmisorasConDFEPendientesDeEnvio_OutputMessage">
    <wsdl:part name="parameters" element="tns:FV_TraerDatosEmpesasEmisorasConDFEPendientesDeEnvioResponse"/>
  </wsdl:message>
  <wsdl:message name="IIntegracion_FV_RegistroRespuestaDocEmitido_InputMessage">
    <wsdl:part name="parameters" element="tns:FV_RegistroRespuestaDocEmitido"/>
  </wsdl:message>
  <wsdl:message name="IIntegracion_FV_RegistroRespuestaDocEmitido_OutputMessage">
    <wsdl:part name="parameters" element="tns:FV_RegistroRespuestaDocEmitidoResponse"/>
  </wsdl:message>
  <wsdl:message name="IIntegracion_ConsultaDatosDocumentosRecibidos_InputMessage">
    <wsdl:part name="parameters" element="tns:ConsultaDatosDocumentosRecibidos"/>
  </wsdl:message>
  <wsdl:message name="IIntegracion_ConsultaDatosDocumentosRecibidos_OutputMessage">
    <wsdl:part name="parameters" element="tns:ConsultaDatosDocumentosRecibidosResponse"/>
  </wsdl:message>
  <wsdl:message name="IIntegracion_ConsultaDatosDocumentosRecibidos_TerceroPagador_InputMessage">
    <wsdl:part name="parameters" element="tns:ConsultaDatosDocumentosRecibidos_TerceroPagador"/>
  </wsdl:message>
  <wsdl:message name="IIntegracion_ConsultaDatosDocumentosRecibidos_TerceroPagador_OutputMessage">
    <wsdl:part name="parameters" element="tns:ConsultaDatosDocumentosRecibidos_TerceroPagadorResponse"/>
  </wsdl:message>
  <wsdl:message name="IIntegracion_AgregaQRToPDFDocumentoElectronico_InputMessage">
    <wsdl:part name="parameters" element="tns:AgregaQRToPDFDocumentoElectronico"/>
  </wsdl:message>
  <wsdl:message name="IIntegracion_AgregaQRToPDFDocumentoElectronico_OutputMessage">
    <wsdl:part name="parameters" element="tns:AgregaQRToPDFDocumentoElectronicoResponse"/>
  </wsdl:message>
  <wsdl:message name="IIntegracion_TraerCertificadoDigital_InputMessage">
    <wsdl:part name="parameters" element="tns:TraerCertificadoDigital"/>
  </wsdl:message>
  <wsdl:message name="IIntegracion_TraerCertificadoDigital_OutputMessage">
    <wsdl:part name="parameters" element="tns:TraerCertificadoDigitalResponse"/>
  </wsdl:message>
  <wsdl:message name="IIntegracion_SolicitaDatosDocumentoElectronicoQWS_InputMessage">
    <wsdl:part name="parameters" element="tns:SolicitaDatosDocumentoElectronicoQWS"/>
  </wsdl:message>
  <wsdl:message name="IIntegracion_SolicitaDatosDocumentoElectronicoQWS_OutputMessage">
    <wsdl:part name="parameters" element="tns:SolicitaDatosDocumentoElectronicoQWSResponse"/>
  </wsdl:message>
  <wsdl:message name="IIntegracion_FV_TraerDatosEmpresasNotificar_InputMessage">
    <wsdl:part name="parameters" element="tns:FV_TraerDatosEmpresasNotificar"/>
  </wsdl:message>
  <wsdl:message name="IIntegracion_FV_TraerDatosEmpresasNotificar_OutputMessage">
    <wsdl:part name="parameters" element="tns:FV_TraerDatosEmpresasNotificarResponse"/>
  </wsdl:message>
  <wsdl:message name="IIntegracion_TraerDatosEmpresasNotificar_InputMessage">
    <wsdl:part name="parameters" element="tns:TraerDatosEmpresasNotificar"/>
  </wsdl:message>
  <wsdl:message name="IIntegracion_TraerDatosEmpresasNotificar_OutputMessage">
    <wsdl:part name="parameters" element="tns:TraerDatosEmpresasNotificarResponse"/>
  </wsdl:message>
  <wsdl:message name="IIntegracion_FV_TraerDocumentosPendientesNotificar_InputMessage">
    <wsdl:part name="parameters" element="tns:FV_TraerDocumentosPendientesNotificar"/>
  </wsdl:message>
  <wsdl:message name="IIntegracion_FV_TraerDocumentosPendientesNotificar_OutputMessage">
    <wsdl:part name="parameters" element="tns:FV_TraerDocumentosPendientesNotificarResponse"/>
  </wsdl:message>
  <wsdl:message name="IIntegracion_FV_TraerDocumentosPendientesNotificar_Otros_InputMessage">
    <wsdl:part name="parameters" element="tns:FV_TraerDocumentosPendientesNotificar_Otros"/>
  </wsdl:message>
  <wsdl:message name="IIntegracion_FV_TraerDocumentosPendientesNotificar_Otros_OutputMessage">
    <wsdl:part name="parameters" element="tns:FV_TraerDocumentosPendientesNotificar_OtrosResponse"/>
  </wsdl:message>
  <wsdl:message name="IIntegracion_TraerDocumentosPendientesNotificar_InputMessage">
    <wsdl:part name="parameters" element="tns:TraerDocumentosPendientesNotificar"/>
  </wsdl:message>
  <wsdl:message name="IIntegracion_TraerDocumentosPendientesNotificar_OutputMessage">
    <wsdl:part name="parameters" element="tns:TraerDocumentosPendientesNotificarResponse"/>
  </wsdl:message>
  <wsdl:message name="IIntegracion_SolicitareBillFacturasRadicadasRecepcionXNitRecXDiaRec_InputMessage">
    <wsdl:part name="parameters" element="tns:SolicitareBillFacturasRadicadasRecepcionXNitRecXDiaRec"/>
  </wsdl:message>
  <wsdl:message name="IIntegracion_SolicitareBillFacturasRadicadasRecepcionXNitRecXDiaRec_OutputMessage">
    <wsdl:part name="parameters" element="tns:SolicitareBillFacturasRadicadasRecepcionXNitRecXDiaRecResponse"/>
  </wsdl:message>
  <wsdl:message name="IIntegracion_SolicitareBillFacturasRadicadasRecepcionXNitRecXDiaRec_TerceroPagador_InputMessage">
    <wsdl:part name="parameters" element="tns:SolicitareBillFacturasRadicadasRecepcionXNitRecXDiaRec_TerceroPagador"/>
  </wsdl:message>
  <wsdl:message name="IIntegracion_SolicitareBillFacturasRadicadasRecepcionXNitRecXDiaRec_TerceroPagador_OutputMessage">
    <wsdl:part name="parameters" element="tns:SolicitareBillFacturasRadicadasRecepcionXNitRecXDiaRec_TerceroPagadorResponse"/>
  </wsdl:message>
  <wsdl:message name="IIntegracion_FV_NotificarDocumentoCliente_InputMessage">
    <wsdl:part name="parameters" element="tns:FV_NotificarDocumentoCliente"/>
  </wsdl:message>
  <wsdl:message name="IIntegracion_FV_NotificarDocumentoCliente_OutputMessage">
    <wsdl:part name="parameters" element="tns:FV_NotificarDocumentoClienteResponse"/>
  </wsdl:message>
  <wsdl:message name="IIntegracion_FV_ValidacionXML_DIAN_InputMessage">
    <wsdl:part name="parameters" element="tns:FV_ValidacionXML_DIAN"/>
  </wsdl:message>
  <wsdl:message name="IIntegracion_FV_ValidacionXML_DIAN_OutputMessage">
    <wsdl:part name="parameters" element="tns:FV_ValidacionXML_DIANResponse"/>
  </wsdl:message>
  <wsdl:message name="IIntegracion_FV_CargarDocumentosElectronicosToeBillGenericFULLPDFCUFE_InputMessage">
    <wsdl:part name="parameters" element="tns:FV_CargarDocumentosElectronicosToeBillGenericFULLPDFCUFE"/>
  </wsdl:message>
  <wsdl:message name="IIntegracion_FV_CargarDocumentosElectronicosToeBillGenericFULLPDFCUFE_OutputMessage">
    <wsdl:part name="parameters" element="tns:FV_CargarDocumentosElectronicosToeBillGenericFULLPDFCUFEResponse"/>
  </wsdl:message>
  <wsdl:message name="IIntegracion_FV_CargarDocumentosElectronicosToeBillGenericFULL_InputMessage">
    <wsdl:part name="parameters" element="tns:FV_CargarDocumentosElectronicosToeBillGenericFULL"/>
  </wsdl:message>
  <wsdl:message name="IIntegracion_FV_CargarDocumentosElectronicosToeBillGenericFULL_OutputMessage">
    <wsdl:part name="parameters" element="tns:FV_CargarDocumentosElectronicosToeBillGenericFULLResponse"/>
  </wsdl:message>
  <wsdl:message name="IIntegracion_TraerAdjuntosXPrefijoXNumXTipoComp_InputMessage">
    <wsdl:part name="parameters" element="tns:TraerAdjuntosXPrefijoXNumXTipoComp"/>
  </wsdl:message>
  <wsdl:message name="IIntegracion_TraerAdjuntosXPrefijoXNumXTipoComp_OutputMessage">
    <wsdl:part name="parameters" element="tns:TraerAdjuntosXPrefijoXNumXTipoCompResponse"/>
  </wsdl:message>
  <wsdl:message name="IIntegracion_FV_TraerPaquetesEmitidosPendientesDeStatusDian_InputMessage">
    <wsdl:part name="parameters" element="tns:FV_TraerPaquetesEmitidosPendientesDeStatusDian"/>
  </wsdl:message>
  <wsdl:message name="IIntegracion_FV_TraerPaquetesEmitidosPendientesDeStatusDian_OutputMessage">
    <wsdl:part name="parameters" element="tns:FV_TraerPaquetesEmitidosPendientesDeStatusDianResponse"/>
  </wsdl:message>
  <wsdl:message name="IIntegracion_FV_RegistroPaqueteEmitido_InputMessage">
    <wsdl:part name="parameters" element="tns:FV_RegistroPaqueteEmitido"/>
  </wsdl:message>
  <wsdl:message name="IIntegracion_FV_RegistroPaqueteEmitido_OutputMessage">
    <wsdl:part name="parameters" element="tns:FV_RegistroPaqueteEmitidoResponse"/>
  </wsdl:message>
  <wsdl:message name="IIntegracion_FV_CargarDocumentosElectronicosToeBillTxN_InputMessage">
    <wsdl:part name="parameters" element="tns:FV_CargarDocumentosElectronicosToeBillTxN"/>
  </wsdl:message>
  <wsdl:message name="IIntegracion_FV_CargarDocumentosElectronicosToeBillTxN_OutputMessage">
    <wsdl:part name="parameters" element="tns:FV_CargarDocumentosElectronicosToeBillTxNResponse"/>
  </wsdl:message>
  <wsdl:message name="IIntegracion_FV_CargarDocumentosElectronicosToeBillTxA_InputMessage">
    <wsdl:part name="parameters" element="tns:FV_CargarDocumentosElectronicosToeBillTxA"/>
  </wsdl:message>
  <wsdl:message name="IIntegracion_FV_CargarDocumentosElectronicosToeBillTxA_OutputMessage">
    <wsdl:part name="parameters" element="tns:FV_CargarDocumentosElectronicosToeBillTxAResponse"/>
  </wsdl:message>
  <wsdl:message name="IIntegracion_FV_RegistroEstadoPaqueteEmitido_InputMessage">
    <wsdl:part name="parameters" element="tns:FV_RegistroEstadoPaqueteEmitido"/>
  </wsdl:message>
  <wsdl:message name="IIntegracion_FV_RegistroEstadoPaqueteEmitido_OutputMessage">
    <wsdl:part name="parameters" element="tns:FV_RegistroEstadoPaqueteEmitidoResponse"/>
  </wsdl:message>
  <wsdl:message name="IIntegracion_FV_EnviarDocumentoaDIAN_InputMessage">
    <wsdl:part name="parameters" element="tns:FV_EnviarDocumentoaDIAN"/>
  </wsdl:message>
  <wsdl:message name="IIntegracion_FV_EnviarDocumentoaDIAN_OutputMessage">
    <wsdl:part name="parameters" element="tns:FV_EnviarDocumentoaDIANResponse"/>
  </wsdl:message>
  <wsdl:message name="IIntegracion_FV_EnviarDocumentoaDIAN_Contingencia_InputMessage">
    <wsdl:part name="parameters" element="tns:FV_EnviarDocumentoaDIAN_Contingencia"/>
  </wsdl:message>
  <wsdl:message name="IIntegracion_FV_EnviarDocumentoaDIAN_Contingencia_OutputMessage">
    <wsdl:part name="parameters" element="tns:FV_EnviarDocumentoaDIAN_ContingenciaResponse"/>
  </wsdl:message>
  <wsdl:message name="IIntegracion_FV_LiberarDocumentosEstadoProcesamiento_InputMessage">
    <wsdl:part name="parameters" element="tns:FV_LiberarDocumentosEstadoProcesamiento"/>
  </wsdl:message>
  <wsdl:message name="IIntegracion_FV_LiberarDocumentosEstadoProcesamiento_OutputMessage">
    <wsdl:part name="parameters" element="tns:FV_LiberarDocumentosEstadoProcesamientoResponse"/>
  </wsdl:message>
  <wsdl:message name="IIntegracion_FV_LiberarPaquetesEstadoProcesamiento_InputMessage">
    <wsdl:part name="parameters" element="tns:FV_LiberarPaquetesEstadoProcesamiento"/>
  </wsdl:message>
  <wsdl:message name="IIntegracion_FV_LiberarPaquetesEstadoProcesamiento_OutputMessage">
    <wsdl:part name="parameters" element="tns:FV_LiberarPaquetesEstadoProcesamientoResponse"/>
  </wsdl:message>
  <wsdl:message name="IIntegracion_FV_LiberarDocsEmitidosEstadoProcesamiento_InputMessage">
    <wsdl:part name="parameters" element="tns:FV_LiberarDocsEmitidosEstadoProcesamiento"/>
  </wsdl:message>
  <wsdl:message name="IIntegracion_FV_LiberarDocsEmitidosEstadoProcesamiento_OutputMessage">
    <wsdl:part name="parameters" element="tns:FV_LiberarDocsEmitidosEstadoProcesamientoResponse"/>
  </wsdl:message>
  <wsdl:message name="IIntegracion_FV_ConsultaEstado_DIANV2_InputMessage">
    <wsdl:part name="parameters" element="tns:FV_ConsultaEstado_DIANV2"/>
  </wsdl:message>
  <wsdl:message name="IIntegracion_FV_ConsultaEstado_DIANV2_OutputMessage">
    <wsdl:part name="parameters" element="tns:FV_ConsultaEstado_DIANV2Response"/>
  </wsdl:message>
  <wsdl:message name="IIntegracion_FV_ProcesarRespuestaEnvioSincrono_InputMessage">
    <wsdl:part name="parameters" element="tns:FV_ProcesarRespuestaEnvioSincrono"/>
  </wsdl:message>
  <wsdl:message name="IIntegracion_FV_ProcesarRespuestaEnvioSincrono_OutputMessage">
    <wsdl:part name="parameters" element="tns:FV_ProcesarRespuestaEnvioSincronoResponse"/>
  </wsdl:message>
  <wsdl:message name="IIntegracion_FV_ProcesarRespuestaEnvioAsincrono_InputMessage">
    <wsdl:part name="parameters" element="tns:FV_ProcesarRespuestaEnvioAsincrono"/>
  </wsdl:message>
  <wsdl:message name="IIntegracion_FV_ProcesarRespuestaEnvioAsincrono_OutputMessage">
    <wsdl:part name="parameters" element="tns:FV_ProcesarRespuestaEnvioAsincronoResponse"/>
  </wsdl:message>
  <wsdl:message name="IIntegracion_FV_RegistroEstadoDocEmitido_InputMessage">
    <wsdl:part name="parameters" element="tns:FV_RegistroEstadoDocEmitido"/>
  </wsdl:message>
  <wsdl:message name="IIntegracion_FV_RegistroEstadoDocEmitido_OutputMessage">
    <wsdl:part name="parameters" element="tns:FV_RegistroEstadoDocEmitidoResponse"/>
  </wsdl:message>
  <wsdl:message name="IIntegracion_FV_TraerDocumentosEmitidosPendientesDeStatusDian_InputMessage">
    <wsdl:part name="parameters" element="tns:FV_TraerDocumentosEmitidosPendientesDeStatusDian"/>
  </wsdl:message>
  <wsdl:message name="IIntegracion_FV_TraerDocumentosEmitidosPendientesDeStatusDian_OutputMessage">
    <wsdl:part name="parameters" element="tns:FV_TraerDocumentosEmitidosPendientesDeStatusDianResponse"/>
  </wsdl:message>
  <wsdl:message name="IIntegracion_NuevoEventoLogeBill_InputMessage">
    <wsdl:part name="parameters" element="tns:NuevoEventoLogeBill"/>
  </wsdl:message>
  <wsdl:message name="IIntegracion_NuevoEventoLogeBill_OutputMessage">
    <wsdl:part name="parameters" element="tns:NuevoEventoLogeBillResponse"/>
  </wsdl:message>
  <wsdl:message name="IIntegracion_TraerIdUltimoDocumentoXEmpresa_InputMessage">
    <wsdl:part name="parameters" element="tns:TraerIdUltimoDocumentoXEmpresa"/>
  </wsdl:message>
  <wsdl:message name="IIntegracion_TraerIdUltimoDocumentoXEmpresa_OutputMessage">
    <wsdl:part name="parameters" element="tns:TraerIdUltimoDocumentoXEmpresaResponse"/>
  </wsdl:message>
  <wsdl:message name="IIntegracion_AlmacenarRegistroLogReglas_InputMessage">
    <wsdl:part name="parameters" element="tns:AlmacenarRegistroLogReglas"/>
  </wsdl:message>
  <wsdl:message name="IIntegracion_AlmacenarRegistroLogReglas_OutputMessage">
    <wsdl:part name="parameters" element="tns:AlmacenarRegistroLogReglasResponse"/>
  </wsdl:message>
  <wsdl:message name="IIntegracion_FV_TraerResumenReglasTotal_InputMessage">
    <wsdl:part name="parameters" element="tns:FV_TraerResumenReglasTotal"/>
  </wsdl:message>
  <wsdl:message name="IIntegracion_FV_TraerResumenReglasTotal_OutputMessage">
    <wsdl:part name="parameters" element="tns:FV_TraerResumenReglasTotalResponse"/>
  </wsdl:message>
  <wsdl:message name="IIntegracion_NegociarDocumentoFactoring_InputMessage">
    <wsdl:part name="parameters" element="tns:NegociarDocumentoFactoring"/>
  </wsdl:message>
  <wsdl:message name="IIntegracion_NegociarDocumentoFactoring_OutputMessage">
    <wsdl:part name="parameters" element="tns:NegociarDocumentoFactoringResponse"/>
  </wsdl:message>
  <wsdl:message name="IIntegracion_FV_CrearNombreArchivoZipDian_InputMessage">
    <wsdl:part name="parameters" element="tns:FV_CrearNombreArchivoZipDian"/>
  </wsdl:message>
  <wsdl:message name="IIntegracion_FV_CrearNombreArchivoZipDian_OutputMessage">
    <wsdl:part name="parameters" element="tns:FV_CrearNombreArchivoZipDianResponse"/>
  </wsdl:message>
  <wsdl:message name="IIntegracion_FV_ExisteContingenciaDianDeclarada_InputMessage">
    <wsdl:part name="parameters" element="tns:FV_ExisteContingenciaDianDeclarada"/>
  </wsdl:message>
  <wsdl:message name="IIntegracion_FV_ExisteContingenciaDianDeclarada_OutputMessage">
    <wsdl:part name="parameters" element="tns:FV_ExisteContingenciaDianDeclaradaResponse"/>
  </wsdl:message>
  <wsdl:message name="IIntegracion_ExisteContingenciaDianDeclarada_InputMessage">
    <wsdl:part name="parameters" element="tns:ExisteContingenciaDianDeclarada"/>
  </wsdl:message>
  <wsdl:message name="IIntegracion_ExisteContingenciaDianDeclarada_OutputMessage">
    <wsdl:part name="parameters" element="tns:ExisteContingenciaDianDeclaradaResponse"/>
  </wsdl:message>
  <wsdl:message name="IIntegracion_FV_TraerIncidenteContingenciaReciente_InputMessage">
    <wsdl:part name="parameters" element="tns:FV_TraerIncidenteContingenciaReciente"/>
  </wsdl:message>
  <wsdl:message name="IIntegracion_FV_TraerIncidenteContingenciaReciente_OutputMessage">
    <wsdl:part name="parameters" element="tns:FV_TraerIncidenteContingenciaRecienteResponse"/>
  </wsdl:message>
  <wsdl:message name="IIntegracion_FV_RegistrarHeartBeatContingencia_InputMessage">
    <wsdl:part name="parameters" element="tns:FV_RegistrarHeartBeatContingencia"/>
  </wsdl:message>
  <wsdl:message name="IIntegracion_FV_RegistrarHeartBeatContingencia_OutputMessage">
    <wsdl:part name="parameters" element="tns:FV_RegistrarHeartBeatContingenciaResponse"/>
  </wsdl:message>
  <wsdl:message name="IIntegracion_FV_ActualizarContingencia_InputMessage">
    <wsdl:part name="parameters" element="tns:FV_ActualizarContingencia"/>
  </wsdl:message>
  <wsdl:message name="IIntegracion_FV_ActualizarContingencia_OutputMessage">
    <wsdl:part name="parameters" element="tns:FV_ActualizarContingenciaResponse"/>
  </wsdl:message>
  <wsdl:message name="IIntegracion_FV_RegistrarIncidenteContingencia_InputMessage">
    <wsdl:part name="parameters" element="tns:FV_RegistrarIncidenteContingencia"/>
  </wsdl:message>
  <wsdl:message name="IIntegracion_FV_RegistrarIncidenteContingencia_OutputMessage">
    <wsdl:part name="parameters" element="tns:FV_RegistrarIncidenteContingenciaResponse"/>
  </wsdl:message>
  <wsdl:message name="IIntegracion_FV_TraerTiposIncidentesContingencia_InputMessage">
    <wsdl:part name="parameters" element="tns:FV_TraerTiposIncidentesContingencia"/>
  </wsdl:message>
  <wsdl:message name="IIntegracion_FV_TraerTiposIncidentesContingencia_OutputMessage">
    <wsdl:part name="parameters" element="tns:FV_TraerTiposIncidentesContingenciaResponse"/>
  </wsdl:message>
  <wsdl:message name="IIntegracion_CargarPDFDocumentoElectronico_AgregarQR_InputMessage">
    <wsdl:part name="parameters" element="tns:CargarPDFDocumentoElectronico_AgregarQR"/>
  </wsdl:message>
  <wsdl:message name="IIntegracion_CargarPDFDocumentoElectronico_AgregarQR_OutputMessage">
    <wsdl:part name="parameters" element="tns:CargarPDFDocumentoElectronico_AgregarQRResponse"/>
  </wsdl:message>
  <wsdl:message name="IIntegracion_FV_CargarNotaDesdeFacturaToeBill_InputMessage">
    <wsdl:part name="parameters" element="tns:FV_CargarNotaDesdeFacturaToeBill"/>
  </wsdl:message>
  <wsdl:message name="IIntegracion_FV_CargarNotaDesdeFacturaToeBill_OutputMessage">
    <wsdl:part name="parameters" element="tns:FV_CargarNotaDesdeFacturaToeBillResponse"/>
  </wsdl:message>
  <wsdl:message name="IIntegracion_FV_GenerarReporteRecepcion_InputMessage">
    <wsdl:part name="parameters" element="tns:FV_GenerarReporteRecepcion"/>
  </wsdl:message>
  <wsdl:message name="IIntegracion_FV_GenerarReporteRecepcion_OutputMessage">
    <wsdl:part name="parameters" element="tns:FV_GenerarReporteRecepcionResponse"/>
  </wsdl:message>
  <wsdl:message name="IIntegracion_FV_GenerarReporteEmision_InputMessage">
    <wsdl:part name="parameters" element="tns:FV_GenerarReporteEmision"/>
  </wsdl:message>
  <wsdl:message name="IIntegracion_FV_GenerarReporteEmision_OutputMessage">
    <wsdl:part name="parameters" element="tns:FV_GenerarReporteEmisionResponse"/>
  </wsdl:message>
  <wsdl:message name="IIntegracion_FV_GenerarReporteRecepcionPSV_InputMessage">
    <wsdl:part name="parameters" element="tns:FV_GenerarReporteRecepcionPSV"/>
  </wsdl:message>
  <wsdl:message name="IIntegracion_FV_GenerarReporteRecepcionPSV_OutputMessage">
    <wsdl:part name="parameters" element="tns:FV_GenerarReporteRecepcionPSVResponse"/>
  </wsdl:message>
  <wsdl:message name="IIntegracion_FV_GenerarReporteEmisionPSV_InputMessage">
    <wsdl:part name="parameters" element="tns:FV_GenerarReporteEmisionPSV"/>
  </wsdl:message>
  <wsdl:message name="IIntegracion_FV_GenerarReporteEmisionPSV_OutputMessage">
    <wsdl:part name="parameters" element="tns:FV_GenerarReporteEmisionPSVResponse"/>
  </wsdl:message>
  <wsdl:message name="IIntegracion_FV_SolicitaeBillPDF_InputMessage">
    <wsdl:part name="parameters" element="tns:FV_SolicitaeBillPDF"/>
  </wsdl:message>
  <wsdl:message name="IIntegracion_FV_SolicitaeBillPDF_OutputMessage">
    <wsdl:part name="parameters" element="tns:FV_SolicitaeBillPDFResponse"/>
  </wsdl:message>
  <wsdl:message name="IIntegracion_FV_GenerarReporteDocumentosEmitidosXFechaXEstado_InputMessage">
    <wsdl:part name="parameters" element="tns:FV_GenerarReporteDocumentosEmitidosXFechaXEstado"/>
  </wsdl:message>
  <wsdl:message name="IIntegracion_FV_GenerarReporteDocumentosEmitidosXFechaXEstado_OutputMessage">
    <wsdl:part name="parameters" element="tns:FV_GenerarReporteDocumentosEmitidosXFechaXEstadoResponse"/>
  </wsdl:message>
  <wsdl:message name="IIntegracion_FV_GenerarReporteValidacionDocumentosRecibidos_InputMessage">
    <wsdl:part name="parameters" element="tns:FV_GenerarReporteValidacionDocumentosRecibidos"/>
  </wsdl:message>
  <wsdl:message name="IIntegracion_FV_GenerarReporteValidacionDocumentosRecibidos_OutputMessage">
    <wsdl:part name="parameters" element="tns:FV_GenerarReporteValidacionDocumentosRecibidosResponse"/>
  </wsdl:message>
  <wsdl:message name="IIntegracion_FV_ConsultaEstado_DIANV2Long_InputMessage">
    <wsdl:part name="parameters" element="tns:FV_ConsultaEstado_DIANV2Long"/>
  </wsdl:message>
  <wsdl:message name="IIntegracion_FV_ConsultaEstado_DIANV2Long_OutputMessage">
    <wsdl:part name="parameters" element="tns:FV_ConsultaEstado_DIANV2LongResponse"/>
  </wsdl:message>
  <wsdl:portType name="IIntegracion">
    <wsdl:operation name="FV_NotificarFacturasExitosas_Seven">
      <wsdl:input wsaw:Action="http://tempuri.org/IIntegracion/FV_NotificarFacturasExitosas_Seven" message="tns:IIntegracion_FV_NotificarFacturasExitosas_Seven_InputMessage"/>
      <wsdl:output wsaw:Action="http://tempuri.org/IIntegracion/FV_NotificarFacturasExitosas_SevenResponse" message="tns:IIntegracion_FV_NotificarFacturasExitosas_Seven_OutputMessage"/>
    </wsdl:operation>
    <wsdl:operation name="RegistrarPagoDocumentoRadicadoNotificacionDian">
      <wsdl:input wsaw:Action="http://tempuri.org/IIntegracion/RegistrarPagoDocumentoRadicadoNotificacionDian" message="tns:IIntegracion_RegistrarPagoDocumentoRadicadoNotificacionDian_InputMessage"/>
      <wsdl:output wsaw:Action="http://tempuri.org/IIntegracion/RegistrarPagoDocumentoRadicadoNotificacionDianResponse" message="tns:IIntegracion_RegistrarPagoDocumentoRadicadoNotificacionDian_OutputMessage"/>
    </wsdl:operation>
    <wsdl:operation name="SolicitaeBillPDFTAX_GR">
      <wsdl:input wsaw:Action="http://tempuri.org/IIntegracion/SolicitaeBillPDFTAX_GR" message="tns:IIntegracion_SolicitaeBillPDFTAX_GR_InputMessage"/>
      <wsdl:output wsaw:Action="http://tempuri.org/IIntegracion/SolicitaeBillPDFTAX_GRResponse" message="tns:IIntegracion_SolicitaeBillPDFTAX_GR_OutputMessage"/>
    </wsdl:operation>
    <wsdl:operation name="SolicitarEventosRecibidosXNitEmisorXDiaRec">
      <wsdl:input wsaw:Action="http://tempuri.org/IIntegracion/SolicitarEventosRecibidosXNitEmisorXDiaRec" message="tns:IIntegracion_SolicitarEventosRecibidosXNitEmisorXDiaRec_InputMessage"/>
      <wsdl:output wsaw:Action="http://tempuri.org/IIntegracion/SolicitarEventosRecibidosXNitEmisorXDiaRecResponse" message="tns:IIntegracion_SolicitarEventosRecibidosXNitEmisorXDiaRec_OutputMessage"/>
    </wsdl:operation>
    <wsdl:operation name="AceptacionTacitaDocumentosRadicadosNotificacionDIAN">
      <wsdl:input wsaw:Action="http://tempuri.org/IIntegracion/AceptacionTacitaDocumentosRadicadosNotificacionDIAN" message="tns:IIntegracion_AceptacionTacitaDocumentosRadicadosNotificacionDIAN_InputMessage"/>
      <wsdl:output wsaw:Action="http://tempuri.org/IIntegracion/AceptacionTacitaDocumentosRadicadosNotificacionDIANResponse" message="tns:IIntegracion_AceptacionTacitaDocumentosRadicadosNotificacionDIAN_OutputMessage"/>
    </wsdl:operation>
    <wsdl:operation name="AcuseReciboDocumentosRadicadosNotificacionDIAN">
      <wsdl:input wsaw:Action="http://tempuri.org/IIntegracion/AcuseReciboDocumentosRadicadosNotificacionDIAN" message="tns:IIntegracion_AcuseReciboDocumentosRadicadosNotificacionDIAN_InputMessage"/>
      <wsdl:output wsaw:Action="http://tempuri.org/IIntegracion/AcuseReciboDocumentosRadicadosNotificacionDIANResponse" message="tns:IIntegracion_AcuseReciboDocumentosRadicadosNotificacionDIAN_OutputMessage"/>
    </wsdl:operation>
    <wsdl:operation name="ReciboBienServicioRadicadosNotificacionDIAN">
      <wsdl:input wsaw:Action="http://tempuri.org/IIntegracion/ReciboBienServicioRadicadosNotificacionDIAN" message="tns:IIntegracion_ReciboBienServicioRadicadosNotificacionDIAN_InputMessage"/>
      <wsdl:output wsaw:Action="http://tempuri.org/IIntegracion/ReciboBienServicioRadicadosNotificacionDIANResponse" message="tns:IIntegracion_ReciboBienServicioRadicadosNotificacionDIAN_OutputMessage"/>
    </wsdl:operation>
    <wsdl:operation name="RegistrarIntentoFallidoRecepcion">
      <wsdl:input wsaw:Action="http://tempuri.org/IIntegracion/RegistrarIntentoFallidoRecepcion" message="tns:IIntegracion_RegistrarIntentoFallidoRecepcion_InputMessage"/>
      <wsdl:output wsaw:Action="http://tempuri.org/IIntegracion/RegistrarIntentoFallidoRecepcionResponse" message="tns:IIntegracion_RegistrarIntentoFallidoRecepcion_OutputMessage"/>
    </wsdl:operation>
    <wsdl:operation name="RepararDocumentoExitosoDIAN">
      <wsdl:input wsaw:Action="http://tempuri.org/IIntegracion/RepararDocumentoExitosoDIAN" message="tns:IIntegracion_RepararDocumentoExitosoDIAN_InputMessage"/>
      <wsdl:output wsaw:Action="http://tempuri.org/IIntegracion/RepararDocumentoExitosoDIANResponse" message="tns:IIntegracion_RepararDocumentoExitosoDIAN_OutputMessage"/>
    </wsdl:operation>
    <wsdl:operation name="SolicitareBillFacturasRadicadasRecepcionXRango_TerceroPagador">
      <wsdl:input wsaw:Action="http://tempuri.org/IIntegracion/SolicitareBillFacturasRadicadasRecepcionXRango_TerceroPagador" message="tns:IIntegracion_SolicitareBillFacturasRadicadasRecepcionXRango_TerceroPagador_InputMessage"/>
      <wsdl:output wsaw:Action="http://tempuri.org/IIntegracion/SolicitareBillFacturasRadicadasRecepcionXRango_TerceroPagadorResponse" message="tns:IIntegracion_SolicitareBillFacturasRadicadasRecepcionXRango_TerceroPagador_OutputMessage"/>
    </wsdl:operation>
    <wsdl:operation name="TraerAdjuntosXPrefijoXNumXTipoComp_TerceroPagador">
      <wsdl:input wsaw:Action="http://tempuri.org/IIntegracion/TraerAdjuntosXPrefijoXNumXTipoComp_TerceroPagador" message="tns:IIntegracion_TraerAdjuntosXPrefijoXNumXTipoComp_TerceroPagador_InputMessage"/>
      <wsdl:output wsaw:Action="http://tempuri.org/IIntegracion/TraerAdjuntosXPrefijoXNumXTipoComp_TerceroPagadorResponse" message="tns:IIntegracion_TraerAdjuntosXPrefijoXNumXTipoComp_TerceroPagador_OutputMessage"/>
    </wsdl:operation>
    <wsdl:operation name="AcuerdoEBillVigente">
      <wsdl:input wsaw:Action="http://tempuri.org/IIntegracion/AcuerdoEBillVigente" message="tns:IIntegracion_AcuerdoEBillVigente_InputMessage"/>
      <wsdl:output wsaw:Action="http://tempuri.org/IIntegracion/AcuerdoEBillVigenteResponse" message="tns:IIntegracion_AcuerdoEBillVigente_OutputMessage"/>
    </wsdl:operation>
    <wsdl:operation name="CalculoContenidoTecnicoControl">
      <wsdl:input wsaw:Action="http://tempuri.org/IIntegracion/CalculoContenidoTecnicoControl" message="tns:IIntegracion_CalculoContenidoTecnicoControl_InputMessage"/>
      <wsdl:output wsaw:Action="http://tempuri.org/IIntegracion/CalculoContenidoTecnicoControlResponse" message="tns:IIntegracion_CalculoContenidoTecnicoControl_OutputMessage"/>
    </wsdl:operation>
    <wsdl:operation name="CargarXML25CoreToeBill">
      <wsdl:input wsaw:Action="http://tempuri.org/IIntegracion/CargarXML25CoreToeBill" message="tns:IIntegracion_CargarXML25CoreToeBill_InputMessage"/>
      <wsdl:output wsaw:Action="http://tempuri.org/IIntegracion/CargarXML25CoreToeBillResponse" message="tns:IIntegracion_CargarXML25CoreToeBill_OutputMessage"/>
    </wsdl:operation>
    <wsdl:operation name="CargarFacturasToeBillGeneric">
      <wsdl:input wsaw:Action="http://tempuri.org/IIntegracion/CargarFacturasToeBillGeneric" message="tns:IIntegracion_CargarFacturasToeBillGeneric_InputMessage"/>
      <wsdl:output wsaw:Action="http://tempuri.org/IIntegracion/CargarFacturasToeBillGenericResponse" message="tns:IIntegracion_CargarFacturasToeBillGeneric_OutputMessage"/>
    </wsdl:operation>
    <wsdl:operation name="CargarFacturasToeBillGenericFix">
      <wsdl:input wsaw:Action="http://tempuri.org/IIntegracion/CargarFacturasToeBillGenericFix" message="tns:IIntegracion_CargarFacturasToeBillGenericFix_InputMessage"/>
      <wsdl:output wsaw:Action="http://tempuri.org/IIntegracion/CargarFacturasToeBillGenericFixResponse" message="tns:IIntegracion_CargarFacturasToeBillGenericFix_OutputMessage"/>
    </wsdl:operation>
    <wsdl:operation name="CargarNotasToeBillGeneric">
      <wsdl:input wsaw:Action="http://tempuri.org/IIntegracion/CargarNotasToeBillGeneric" message="tns:IIntegracion_CargarNotasToeBillGeneric_InputMessage"/>
      <wsdl:output wsaw:Action="http://tempuri.org/IIntegracion/CargarNotasToeBillGenericResponse" message="tns:IIntegracion_CargarNotasToeBillGeneric_OutputMessage"/>
    </wsdl:operation>
    <wsdl:operation name="CargarFacturasToeBillGenericTAX">
      <wsdl:input wsaw:Action="http://tempuri.org/IIntegracion/CargarFacturasToeBillGenericTAX" message="tns:IIntegracion_CargarFacturasToeBillGenericTAX_InputMessage"/>
      <wsdl:output wsaw:Action="http://tempuri.org/IIntegracion/CargarFacturasToeBillGenericTAXResponse" message="tns:IIntegracion_CargarFacturasToeBillGenericTAX_OutputMessage"/>
    </wsdl:operation>
    <wsdl:operation name="CargarNotasToeBillGenericTAX">
      <wsdl:input wsaw:Action="http://tempuri.org/IIntegracion/CargarNotasToeBillGenericTAX" message="tns:IIntegracion_CargarNotasToeBillGenericTAX_InputMessage"/>
      <wsdl:output wsaw:Action="http://tempuri.org/IIntegracion/CargarNotasToeBillGenericTAXResponse" message="tns:IIntegracion_CargarNotasToeBillGenericTAX_OutputMessage"/>
    </wsdl:operation>
    <wsdl:operation name="RecibePDFNumrot">
      <wsdl:input wsaw:Action="http://tempuri.org/IIntegracion/RecibePDFNumrot" message="tns:IIntegracion_RecibePDFNumrot_InputMessage"/>
      <wsdl:output wsaw:Action="http://tempuri.org/IIntegracion/RecibePDFNumrotResponse" message="tns:IIntegracion_RecibePDFNumrot_OutputMessage"/>
    </wsdl:operation>
    <wsdl:operation name="SolicitaeBillPDF">
      <wsdl:input wsaw:Action="http://tempuri.org/IIntegracion/SolicitaeBillPDF" message="tns:IIntegracion_SolicitaeBillPDF_InputMessage"/>
      <wsdl:output wsaw:Action="http://tempuri.org/IIntegracion/SolicitaeBillPDFResponse" message="tns:IIntegracion_SolicitaeBillPDF_OutputMessage"/>
    </wsdl:operation>
    <wsdl:operation name="SolicitaeBillPDFTAX">
      <wsdl:input wsaw:Action="http://tempuri.org/IIntegracion/SolicitaeBillPDFTAX" message="tns:IIntegracion_SolicitaeBillPDFTAX_InputMessage"/>
      <wsdl:output wsaw:Action="http://tempuri.org/IIntegracion/SolicitaeBillPDFTAXResponse" message="tns:IIntegracion_SolicitaeBillPDFTAX_OutputMessage"/>
    </wsdl:operation>
    <wsdl:operation name="NotificarFacturasPagadas">
      <wsdl:input wsaw:Action="http://tempuri.org/IIntegracion/NotificarFacturasPagadas" message="tns:IIntegracion_NotificarFacturasPagadas_InputMessage"/>
      <wsdl:output wsaw:Action="http://tempuri.org/IIntegracion/NotificarFacturasPagadasResponse" message="tns:IIntegracion_NotificarFacturasPagadas_OutputMessage"/>
    </wsdl:operation>
    <wsdl:operation name="NotificarFacturasPagadasTAX">
      <wsdl:input wsaw:Action="http://tempuri.org/IIntegracion/NotificarFacturasPagadasTAX" message="tns:IIntegracion_NotificarFacturasPagadasTAX_InputMessage"/>
      <wsdl:output wsaw:Action="http://tempuri.org/IIntegracion/NotificarFacturasPagadasTAXResponse" message="tns:IIntegracion_NotificarFacturasPagadasTAX_OutputMessage"/>
    </wsdl:operation>
    <wsdl:operation name="NotificarFacturasAnuladasTAX">
      <wsdl:input wsaw:Action="http://tempuri.org/IIntegracion/NotificarFacturasAnuladasTAX" message="tns:IIntegracion_NotificarFacturasAnuladasTAX_InputMessage"/>
      <wsdl:output wsaw:Action="http://tempuri.org/IIntegracion/NotificarFacturasAnuladasTAXResponse" message="tns:IIntegracion_NotificarFacturasAnuladasTAX_OutputMessage"/>
    </wsdl:operation>
    <wsdl:operation name="CargarDocumentosElectronicosToeBillGenericTAX">
      <wsdl:input wsaw:Action="http://tempuri.org/IIntegracion/CargarDocumentosElectronicosToeBillGenericTAX" message="tns:IIntegracion_CargarDocumentosElectronicosToeBillGenericTAX_InputMessage"/>
      <wsdl:output wsaw:Action="http://tempuri.org/IIntegracion/CargarDocumentosElectronicosToeBillGenericTAXResponse" message="tns:IIntegracion_CargarDocumentosElectronicosToeBillGenericTAX_OutputMessage"/>
    </wsdl:operation>
    <wsdl:operation name="CargarDocumentosElectronicosToeBillGenericFULL">
      <wsdl:input wsaw:Action="http://tempuri.org/IIntegracion/CargarDocumentosElectronicosToeBillGenericFULL" message="tns:IIntegracion_CargarDocumentosElectronicosToeBillGenericFULL_InputMessage"/>
      <wsdl:output wsaw:Action="http://tempuri.org/IIntegracion/CargarDocumentosElectronicosToeBillGenericFULLResponse" message="tns:IIntegracion_CargarDocumentosElectronicosToeBillGenericFULL_OutputMessage"/>
    </wsdl:operation>
    <wsdl:operation name="SolicitaDatosDocumentoElectronico">
      <wsdl:input wsaw:Action="http://tempuri.org/IIntegracion/SolicitaDatosDocumentoElectronico" message="tns:IIntegracion_SolicitaDatosDocumentoElectronico_InputMessage"/>
      <wsdl:output wsaw:Action="http://tempuri.org/IIntegracion/SolicitaDatosDocumentoElectronicoResponse" message="tns:IIntegracion_SolicitaDatosDocumentoElectronico_OutputMessage"/>
    </wsdl:operation>
    <wsdl:operation name="SolicitaeBillPDFXCodigo">
      <wsdl:input wsaw:Action="http://tempuri.org/IIntegracion/SolicitaeBillPDFXCodigo" message="tns:IIntegracion_SolicitaeBillPDFXCodigo_InputMessage"/>
      <wsdl:output wsaw:Action="http://tempuri.org/IIntegracion/SolicitaeBillPDFXCodigoResponse" message="tns:IIntegracion_SolicitaeBillPDFXCodigo_OutputMessage"/>
    </wsdl:operation>
    <wsdl:operation name="CargarPDFDocumentoElectronico">
      <wsdl:input wsaw:Action="http://tempuri.org/IIntegracion/CargarPDFDocumentoElectronico" message="tns:IIntegracion_CargarPDFDocumentoElectronico_InputMessage"/>
      <wsdl:output wsaw:Action="http://tempuri.org/IIntegracion/CargarPDFDocumentoElectronicoResponse" message="tns:IIntegracion_CargarPDFDocumentoElectronico_OutputMessage"/>
    </wsdl:operation>
    <wsdl:operation name="CargarDocumentosElectronicosToeBillGenericFULLDesdePDF">
      <wsdl:input wsaw:Action="http://tempuri.org/IIntegracion/CargarDocumentosElectronicosToeBillGenericFULLDesdePDF" message="tns:IIntegracion_CargarDocumentosElectronicosToeBillGenericFULLDesdePDF_InputMessage"/>
      <wsdl:output wsaw:Action="http://tempuri.org/IIntegracion/CargarDocumentosElectronicosToeBillGenericFULLDesdePDFResponse" message="tns:IIntegracion_CargarDocumentosElectronicosToeBillGenericFULLDesdePDF_OutputMessage"/>
    </wsdl:operation>
    <wsdl:operation name="CargarNotaDesdeFacturaToeBill">
      <wsdl:input wsaw:Action="http://tempuri.org/IIntegracion/CargarNotaDesdeFacturaToeBill" message="tns:IIntegracion_CargarNotaDesdeFacturaToeBill_InputMessage"/>
      <wsdl:output wsaw:Action="http://tempuri.org/IIntegracion/CargarNotaDesdeFacturaToeBillResponse" message="tns:IIntegracion_CargarNotaDesdeFacturaToeBill_OutputMessage"/>
    </wsdl:operation>
    <wsdl:operation name="TraerEstadoCuentaXCliente">
      <wsdl:input wsaw:Action="http://tempuri.org/IIntegracion/TraerEstadoCuentaXCliente" message="tns:IIntegracion_TraerEstadoCuentaXCliente_InputMessage"/>
      <wsdl:output wsaw:Action="http://tempuri.org/IIntegracion/TraerEstadoCuentaXClienteResponse" message="tns:IIntegracion_TraerEstadoCuentaXCliente_OutputMessage"/>
    </wsdl:operation>
    <wsdl:operation name="CargarDocumentosElectronicosToeBillGenericFULLImp">
      <wsdl:input wsaw:Action="http://tempuri.org/IIntegracion/CargarDocumentosElectronicosToeBillGenericFULLImp" message="tns:IIntegracion_CargarDocumentosElectronicosToeBillGenericFULLImp_InputMessage"/>
      <wsdl:output wsaw:Action="http://tempuri.org/IIntegracion/CargarDocumentosElectronicosToeBillGenericFULLImpResponse" message="tns:IIntegracion_CargarDocumentosElectronicosToeBillGenericFULLImp_OutputMessage"/>
    </wsdl:operation>
    <wsdl:operation name="RecepcionDocumentosElectronicos">
      <wsdl:input wsaw:Action="http://tempuri.org/IIntegracion/RecepcionDocumentosElectronicos" message="tns:IIntegracion_RecepcionDocumentosElectronicos_InputMessage"/>
      <wsdl:output wsaw:Action="http://tempuri.org/IIntegracion/RecepcionDocumentosElectronicosResponse" message="tns:IIntegracion_RecepcionDocumentosElectronicos_OutputMessage"/>
    </wsdl:operation>
    <wsdl:operation name="SolicitareBillFacturasRadicadasRecepcion">
      <wsdl:input wsaw:Action="http://tempuri.org/IIntegracion/SolicitareBillFacturasRadicadasRecepcion" message="tns:IIntegracion_SolicitareBillFacturasRadicadasRecepcion_InputMessage"/>
      <wsdl:output wsaw:Action="http://tempuri.org/IIntegracion/SolicitareBillFacturasRadicadasRecepcionResponse" message="tns:IIntegracion_SolicitareBillFacturasRadicadasRecepcion_OutputMessage"/>
    </wsdl:operation>
    <wsdl:operation name="SolicitaeBillPDFRecepcion">
      <wsdl:input wsaw:Action="http://tempuri.org/IIntegracion/SolicitaeBillPDFRecepcion" message="tns:IIntegracion_SolicitaeBillPDFRecepcion_InputMessage"/>
      <wsdl:output wsaw:Action="http://tempuri.org/IIntegracion/SolicitaeBillPDFRecepcionResponse" message="tns:IIntegracion_SolicitaeBillPDFRecepcion_OutputMessage"/>
    </wsdl:operation>
    <wsdl:operation name="SolicitaeBillPDFRecepcion_TerceroPagador">
      <wsdl:input wsaw:Action="http://tempuri.org/IIntegracion/SolicitaeBillPDFRecepcion_TerceroPagador" message="tns:IIntegracion_SolicitaeBillPDFRecepcion_TerceroPagador_InputMessage"/>
      <wsdl:output wsaw:Action="http://tempuri.org/IIntegracion/SolicitaeBillPDFRecepcion_TerceroPagadorResponse" message="tns:IIntegracion_SolicitaeBillPDFRecepcion_TerceroPagador_OutputMessage"/>
    </wsdl:operation>
    <wsdl:operation name="SolicitaCreareBillResoluciones">
      <wsdl:input wsaw:Action="http://tempuri.org/IIntegracion/SolicitaCreareBillResoluciones" message="tns:IIntegracion_SolicitaCreareBillResoluciones_InputMessage"/>
      <wsdl:output wsaw:Action="http://tempuri.org/IIntegracion/SolicitaCreareBillResolucionesResponse" message="tns:IIntegracion_SolicitaCreareBillResoluciones_OutputMessage"/>
    </wsdl:operation>
    <wsdl:operation name="CargarDocumentosElectronicosToeBillGenericFULLPDFCUFE">
      <wsdl:input wsaw:Action="http://tempuri.org/IIntegracion/CargarDocumentosElectronicosToeBillGenericFULLPDFCUFE" message="tns:IIntegracion_CargarDocumentosElectronicosToeBillGenericFULLPDFCUFE_InputMessage"/>
      <wsdl:output wsaw:Action="http://tempuri.org/IIntegracion/CargarDocumentosElectronicosToeBillGenericFULLPDFCUFEResponse" message="tns:IIntegracion_CargarDocumentosElectronicosToeBillGenericFULLPDFCUFE_OutputMessage"/>
    </wsdl:operation>
    <wsdl:operation name="ActualizarEstadosOCRecepcion">
      <wsdl:input wsaw:Action="http://tempuri.org/IIntegracion/ActualizarEstadosOCRecepcion" message="tns:IIntegracion_ActualizarEstadosOCRecepcion_InputMessage"/>
      <wsdl:output wsaw:Action="http://tempuri.org/IIntegracion/ActualizarEstadosOCRecepcionResponse" message="tns:IIntegracion_ActualizarEstadosOCRecepcion_OutputMessage"/>
    </wsdl:operation>
    <wsdl:operation name="CargarDocumentosElectronicosToeBillGenericFULLFacturaMinimaLegal">
      <wsdl:input wsaw:Action="http://tempuri.org/IIntegracion/CargarDocumentosElectronicosToeBillGenericFULLFacturaMinimaLegal" message="tns:IIntegracion_CargarDocumentosElectronicosToeBillGenericFULLFacturaMinimaLegal_InputMessage"/>
      <wsdl:output wsaw:Action="http://tempuri.org/IIntegracion/CargarDocumentosElectronicosToeBillGenericFULLFacturaMinimaLegalResponse" message="tns:IIntegracion_CargarDocumentosElectronicosToeBillGenericFULLFacturaMinimaLegal_OutputMessage"/>
    </wsdl:operation>
    <wsdl:operation name="RechazarDocumentosRadicados">
      <wsdl:input wsaw:Action="http://tempuri.org/IIntegracion/RechazarDocumentosRadicados" message="tns:IIntegracion_RechazarDocumentosRadicados_InputMessage"/>
      <wsdl:output wsaw:Action="http://tempuri.org/IIntegracion/RechazarDocumentosRadicadosResponse" message="tns:IIntegracion_RechazarDocumentosRadicados_OutputMessage"/>
    </wsdl:operation>
    <wsdl:operation name="RechazarDocumentosRadicadosNotificacionDIAN">
      <wsdl:input wsaw:Action="http://tempuri.org/IIntegracion/RechazarDocumentosRadicadosNotificacionDIAN" message="tns:IIntegracion_RechazarDocumentosRadicadosNotificacionDIAN_InputMessage"/>
      <wsdl:output wsaw:Action="http://tempuri.org/IIntegracion/RechazarDocumentosRadicadosNotificacionDIANResponse" message="tns:IIntegracion_RechazarDocumentosRadicadosNotificacionDIAN_OutputMessage"/>
    </wsdl:operation>
    <wsdl:operation name="AceptarDocumentosRadicadosNotificacionDIAN">
      <wsdl:input wsaw:Action="http://tempuri.org/IIntegracion/AceptarDocumentosRadicadosNotificacionDIAN" message="tns:IIntegracion_AceptarDocumentosRadicadosNotificacionDIAN_InputMessage"/>
      <wsdl:output wsaw:Action="http://tempuri.org/IIntegracion/AceptarDocumentosRadicadosNotificacionDIANResponse" message="tns:IIntegracion_AceptarDocumentosRadicadosNotificacionDIAN_OutputMessage"/>
    </wsdl:operation>
    <wsdl:operation name="SolicitaeBillPDFTAXLong">
      <wsdl:input wsaw:Action="http://tempuri.org/IIntegracion/SolicitaeBillPDFTAXLong" message="tns:IIntegracion_SolicitaeBillPDFTAXLong_InputMessage"/>
      <wsdl:output wsaw:Action="http://tempuri.org/IIntegracion/SolicitaeBillPDFTAXLongResponse" message="tns:IIntegracion_SolicitaeBillPDFTAXLong_OutputMessage"/>
    </wsdl:operation>
    <wsdl:operation name="CrearProveedoreseBill">
      <wsdl:input wsaw:Action="http://tempuri.org/IIntegracion/CrearProveedoreseBill" message="tns:IIntegracion_CrearProveedoreseBill_InputMessage"/>
      <wsdl:output wsaw:Action="http://tempuri.org/IIntegracion/CrearProveedoreseBillResponse" message="tns:IIntegracion_CrearProveedoreseBill_OutputMessage"/>
    </wsdl:operation>
    <wsdl:operation name="LoginProveedorTecnologico">
      <wsdl:input wsaw:Action="http://tempuri.org/IIntegracion/LoginProveedorTecnologico" message="tns:IIntegracion_LoginProveedorTecnologico_InputMessage"/>
      <wsdl:output wsaw:Action="http://tempuri.org/IIntegracion/LoginProveedorTecnologicoResponse" message="tns:IIntegracion_LoginProveedorTecnologico_OutputMessage"/>
    </wsdl:operation>
    <wsdl:operation name="TraerDatosProveedorFTP">
      <wsdl:input wsaw:Action="http://tempuri.org/IIntegracion/TraerDatosProveedorFTP" message="tns:IIntegracion_TraerDatosProveedorFTP_InputMessage"/>
      <wsdl:output wsaw:Action="http://tempuri.org/IIntegracion/TraerDatosProveedorFTPResponse" message="tns:IIntegracion_TraerDatosProveedorFTP_OutputMessage"/>
    </wsdl:operation>
    <wsdl:operation name="HistorialRadicacion">
      <wsdl:input wsaw:Action="http://tempuri.org/IIntegracion/HistorialRadicacion" message="tns:IIntegracion_HistorialRadicacion_InputMessage"/>
      <wsdl:output wsaw:Action="http://tempuri.org/IIntegracion/HistorialRadicacionResponse" message="tns:IIntegracion_HistorialRadicacion_OutputMessage"/>
    </wsdl:operation>
    <wsdl:operation name="ExisteConvenioEmpresas">
      <wsdl:input wsaw:Action="http://tempuri.org/IIntegracion/ExisteConvenioEmpresas" message="tns:IIntegracion_ExisteConvenioEmpresas_InputMessage"/>
      <wsdl:output wsaw:Action="http://tempuri.org/IIntegracion/ExisteConvenioEmpresasResponse" message="tns:IIntegracion_ExisteConvenioEmpresas_OutputMessage"/>
    </wsdl:operation>
    <wsdl:operation name="ConsultaResolucionesDIAN">
      <wsdl:input wsaw:Action="http://tempuri.org/IIntegracion/ConsultaResolucionesDIAN" message="tns:IIntegracion_ConsultaResolucionesDIAN_InputMessage"/>
      <wsdl:output wsaw:Action="http://tempuri.org/IIntegracion/ConsultaResolucionesDIANResponse" message="tns:IIntegracion_ConsultaResolucionesDIAN_OutputMessage"/>
    </wsdl:operation>
    <wsdl:operation name="SolicitareBillFacturasRadicadasRecepcionXEstado">
      <wsdl:input wsaw:Action="http://tempuri.org/IIntegracion/SolicitareBillFacturasRadicadasRecepcionXEstado" message="tns:IIntegracion_SolicitareBillFacturasRadicadasRecepcionXEstado_InputMessage"/>
      <wsdl:output wsaw:Action="http://tempuri.org/IIntegracion/SolicitareBillFacturasRadicadasRecepcionXEstadoResponse" message="tns:IIntegracion_SolicitareBillFacturasRadicadasRecepcionXEstado_OutputMessage"/>
    </wsdl:operation>
    <wsdl:operation name="ActualizarEstadoFacturasRadicadasRecepcion">
      <wsdl:input wsaw:Action="http://tempuri.org/IIntegracion/ActualizarEstadoFacturasRadicadasRecepcion" message="tns:IIntegracion_ActualizarEstadoFacturasRadicadasRecepcion_InputMessage"/>
      <wsdl:output wsaw:Action="http://tempuri.org/IIntegracion/ActualizarEstadoFacturasRadicadasRecepcionResponse" message="tns:IIntegracion_ActualizarEstadoFacturasRadicadasRecepcion_OutputMessage"/>
    </wsdl:operation>
    <wsdl:operation name="CrearEmpresaeBill">
      <wsdl:input wsaw:Action="http://tempuri.org/IIntegracion/CrearEmpresaeBill" message="tns:IIntegracion_CrearEmpresaeBill_InputMessage"/>
      <wsdl:output wsaw:Action="http://tempuri.org/IIntegracion/CrearEmpresaeBillResponse" message="tns:IIntegracion_CrearEmpresaeBill_OutputMessage"/>
    </wsdl:operation>
    <wsdl:operation name="SolicitaDatosDetalleXDocumento">
      <wsdl:input wsaw:Action="http://tempuri.org/IIntegracion/SolicitaDatosDetalleXDocumento" message="tns:IIntegracion_SolicitaDatosDetalleXDocumento_InputMessage"/>
      <wsdl:output wsaw:Action="http://tempuri.org/IIntegracion/SolicitaDatosDetalleXDocumentoResponse" message="tns:IIntegracion_SolicitaDatosDetalleXDocumento_OutputMessage"/>
    </wsdl:operation>
    <wsdl:operation name="SolicitaParametrosGestionDocumental">
      <wsdl:input wsaw:Action="http://tempuri.org/IIntegracion/SolicitaParametrosGestionDocumental" message="tns:IIntegracion_SolicitaParametrosGestionDocumental_InputMessage"/>
      <wsdl:output wsaw:Action="http://tempuri.org/IIntegracion/SolicitaParametrosGestionDocumentalResponse" message="tns:IIntegracion_SolicitaParametrosGestionDocumental_OutputMessage"/>
    </wsdl:operation>
    <wsdl:operation name="ObtenerParametroCliente">
      <wsdl:input wsaw:Action="http://tempuri.org/IIntegracion/ObtenerParametroCliente" message="tns:IIntegracion_ObtenerParametroCliente_InputMessage"/>
      <wsdl:output wsaw:Action="http://tempuri.org/IIntegracion/ObtenerParametroClienteResponse" message="tns:IIntegracion_ObtenerParametroCliente_OutputMessage"/>
    </wsdl:operation>
    <wsdl:operation name="ActualizarFechaParametro">
      <wsdl:input wsaw:Action="http://tempuri.org/IIntegracion/ActualizarFechaParametro" message="tns:IIntegracion_ActualizarFechaParametro_InputMessage"/>
      <wsdl:output wsaw:Action="http://tempuri.org/IIntegracion/ActualizarFechaParametroResponse" message="tns:IIntegracion_ActualizarFechaParametro_OutputMessage"/>
    </wsdl:operation>
    <wsdl:operation name="ConsultaDatosDocumentosEmitidos">
      <wsdl:input wsaw:Action="http://tempuri.org/IIntegracion/ConsultaDatosDocumentosEmitidos" message="tns:IIntegracion_ConsultaDatosDocumentosEmitidos_InputMessage"/>
      <wsdl:output wsaw:Action="http://tempuri.org/IIntegracion/ConsultaDatosDocumentosEmitidosResponse" message="tns:IIntegracion_ConsultaDatosDocumentosEmitidos_OutputMessage"/>
    </wsdl:operation>
    <wsdl:operation name="TraerDatosProveedorTecnologico">
      <wsdl:input wsaw:Action="http://tempuri.org/IIntegracion/TraerDatosProveedorTecnologico" message="tns:IIntegracion_TraerDatosProveedorTecnologico_InputMessage"/>
      <wsdl:output wsaw:Action="http://tempuri.org/IIntegracion/TraerDatosProveedorTecnologicoResponse" message="tns:IIntegracion_TraerDatosProveedorTecnologico_OutputMessage"/>
    </wsdl:operation>
    <wsdl:operation name="TraerDatosEmpresasEmisoras">
      <wsdl:input wsaw:Action="http://tempuri.org/IIntegracion/TraerDatosEmpresasEmisoras" message="tns:IIntegracion_TraerDatosEmpresasEmisoras_InputMessage"/>
      <wsdl:output wsaw:Action="http://tempuri.org/IIntegracion/TraerDatosEmpresasEmisorasResponse" message="tns:IIntegracion_TraerDatosEmpresasEmisoras_OutputMessage"/>
    </wsdl:operation>
    <wsdl:operation name="TraerDocumentosEmision">
      <wsdl:input wsaw:Action="http://tempuri.org/IIntegracion/TraerDocumentosEmision" message="tns:IIntegracion_TraerDocumentosEmision_InputMessage"/>
      <wsdl:output wsaw:Action="http://tempuri.org/IIntegracion/TraerDocumentosEmisionResponse" message="tns:IIntegracion_TraerDocumentosEmision_OutputMessage"/>
    </wsdl:operation>
    <wsdl:operation name="TraerAdjuntosXDocumento">
      <wsdl:input wsaw:Action="http://tempuri.org/IIntegracion/TraerAdjuntosXDocumento" message="tns:IIntegracion_TraerAdjuntosXDocumento_InputMessage"/>
      <wsdl:output wsaw:Action="http://tempuri.org/IIntegracion/TraerAdjuntosXDocumentoResponse" message="tns:IIntegracion_TraerAdjuntosXDocumento_OutputMessage"/>
    </wsdl:operation>
    <wsdl:operation name="CambiarContrasenaInteroperabilidad">
      <wsdl:input wsaw:Action="http://tempuri.org/IIntegracion/CambiarContrasenaInteroperabilidad" message="tns:IIntegracion_CambiarContrasenaInteroperabilidad_InputMessage"/>
      <wsdl:output wsaw:Action="http://tempuri.org/IIntegracion/CambiarContrasenaInteroperabilidadResponse" message="tns:IIntegracion_CambiarContrasenaInteroperabilidad_OutputMessage"/>
    </wsdl:operation>
    <wsdl:operation name="RegistroArchivoEmitido">
      <wsdl:input wsaw:Action="http://tempuri.org/IIntegracion/RegistroArchivoEmitido" message="tns:IIntegracion_RegistroArchivoEmitido_InputMessage"/>
      <wsdl:output wsaw:Action="http://tempuri.org/IIntegracion/RegistroArchivoEmitidoResponse" message="tns:IIntegracion_RegistroArchivoEmitido_OutputMessage"/>
    </wsdl:operation>
    <wsdl:operation name="ValidaXML">
      <wsdl:input wsaw:Action="http://tempuri.org/IIntegracion/ValidaXML" message="tns:IIntegracion_ValidaXML_InputMessage"/>
      <wsdl:output wsaw:Action="http://tempuri.org/IIntegracion/ValidaXMLResponse" message="tns:IIntegracion_ValidaXML_OutputMessage"/>
    </wsdl:operation>
    <wsdl:operation name="EmpresaRecibeInteroperabilidad">
      <wsdl:input wsaw:Action="http://tempuri.org/IIntegracion/EmpresaRecibeInteroperabilidad" message="tns:IIntegracion_EmpresaRecibeInteroperabilidad_InputMessage"/>
      <wsdl:output wsaw:Action="http://tempuri.org/IIntegracion/EmpresaRecibeInteroperabilidadResponse" message="tns:IIntegracion_EmpresaRecibeInteroperabilidad_OutputMessage"/>
    </wsdl:operation>
    <wsdl:operation name="RegistroRespuestaDocInteroperabilidad">
      <wsdl:input wsaw:Action="http://tempuri.org/IIntegracion/RegistroRespuestaDocInteroperabilidad" message="tns:IIntegracion_RegistroRespuestaDocInteroperabilidad_InputMessage"/>
      <wsdl:output wsaw:Action="http://tempuri.org/IIntegracion/RegistroRespuestaDocInteroperabilidadResponse" message="tns:IIntegracion_RegistroRespuestaDocInteroperabilidad_OutputMessage"/>
    </wsdl:operation>
    <wsdl:operation name="ConsultaHistoricoEstadosDocumentoRecibidoIO">
      <wsdl:input wsaw:Action="http://tempuri.org/IIntegracion/ConsultaHistoricoEstadosDocumentoRecibidoIO" message="tns:IIntegracion_ConsultaHistoricoEstadosDocumentoRecibidoIO_InputMessage"/>
      <wsdl:output wsaw:Action="http://tempuri.org/IIntegracion/ConsultaHistoricoEstadosDocumentoRecibidoIOResponse" message="tns:IIntegracion_ConsultaHistoricoEstadosDocumentoRecibidoIO_OutputMessage"/>
    </wsdl:operation>
    <wsdl:operation name="ConsultarAppResponseDocumentoRecibido">
      <wsdl:input wsaw:Action="http://tempuri.org/IIntegracion/ConsultarAppResponseDocumentoRecibido" message="tns:IIntegracion_ConsultarAppResponseDocumentoRecibido_InputMessage"/>
      <wsdl:output wsaw:Action="http://tempuri.org/IIntegracion/ConsultarAppResponseDocumentoRecibidoResponse" message="tns:IIntegracion_ConsultarAppResponseDocumentoRecibido_OutputMessage"/>
    </wsdl:operation>
    <wsdl:operation name="TraerDocumentosSinRespuestaIO">
      <wsdl:input wsaw:Action="http://tempuri.org/IIntegracion/TraerDocumentosSinRespuestaIO" message="tns:IIntegracion_TraerDocumentosSinRespuestaIO_InputMessage"/>
      <wsdl:output wsaw:Action="http://tempuri.org/IIntegracion/TraerDocumentosSinRespuestaIOResponse" message="tns:IIntegracion_TraerDocumentosSinRespuestaIO_OutputMessage"/>
    </wsdl:operation>
    <wsdl:operation name="ValidaRespuestaRecepcion">
      <wsdl:input wsaw:Action="http://tempuri.org/IIntegracion/ValidaRespuestaRecepcion" message="tns:IIntegracion_ValidaRespuestaRecepcion_InputMessage"/>
      <wsdl:output wsaw:Action="http://tempuri.org/IIntegracion/ValidaRespuestaRecepcionResponse" message="tns:IIntegracion_ValidaRespuestaRecepcion_OutputMessage"/>
    </wsdl:operation>
    <wsdl:operation name="SolicitareBillFacturasRadicadasRecepcionXRango">
      <wsdl:input wsaw:Action="http://tempuri.org/IIntegracion/SolicitareBillFacturasRadicadasRecepcionXRango" message="tns:IIntegracion_SolicitareBillFacturasRadicadasRecepcionXRango_InputMessage"/>
      <wsdl:output wsaw:Action="http://tempuri.org/IIntegracion/SolicitareBillFacturasRadicadasRecepcionXRangoResponse" message="tns:IIntegracion_SolicitareBillFacturasRadicadasRecepcionXRango_OutputMessage"/>
    </wsdl:operation>
    <wsdl:operation name="ActualizaEstadoNotificadoDocumentosIO">
      <wsdl:input wsaw:Action="http://tempuri.org/IIntegracion/ActualizaEstadoNotificadoDocumentosIO" message="tns:IIntegracion_ActualizaEstadoNotificadoDocumentosIO_InputMessage"/>
      <wsdl:output wsaw:Action="http://tempuri.org/IIntegracion/ActualizaEstadoNotificadoDocumentosIOResponse" message="tns:IIntegracion_ActualizaEstadoNotificadoDocumentosIO_OutputMessage"/>
    </wsdl:operation>
    <wsdl:operation name="EnviarDocumentoElectronico">
      <wsdl:input wsaw:Action="http://tempuri.org/IIntegracion/EnviarDocumentoElectronico" message="tns:IIntegracion_EnviarDocumentoElectronico_InputMessage"/>
      <wsdl:output wsaw:Action="http://tempuri.org/IIntegracion/EnviarDocumentoElectronicoResponse" message="tns:IIntegracion_EnviarDocumentoElectronico_OutputMessage"/>
    </wsdl:operation>
    <wsdl:operation name="TraerDocumentosRecepcionxNuevosEstados">
      <wsdl:input wsaw:Action="http://tempuri.org/IIntegracion/TraerDocumentosRecepcionxNuevosEstados" message="tns:IIntegracion_TraerDocumentosRecepcionxNuevosEstados_InputMessage"/>
      <wsdl:output wsaw:Action="http://tempuri.org/IIntegracion/TraerDocumentosRecepcionxNuevosEstadosResponse" message="tns:IIntegracion_TraerDocumentosRecepcionxNuevosEstados_OutputMessage"/>
    </wsdl:operation>
    <wsdl:operation name="RegistrarPagoCargaAnexo">
      <wsdl:input wsaw:Action="http://tempuri.org/IIntegracion/RegistrarPagoCargaAnexo" message="tns:IIntegracion_RegistrarPagoCargaAnexo_InputMessage"/>
      <wsdl:output wsaw:Action="http://tempuri.org/IIntegracion/RegistrarPagoCargaAnexoResponse" message="tns:IIntegracion_RegistrarPagoCargaAnexo_OutputMessage"/>
    </wsdl:operation>
    <wsdl:operation name="ActualizarDocumentosDatoContabilzacion">
      <wsdl:input wsaw:Action="http://tempuri.org/IIntegracion/ActualizarDocumentosDatoContabilzacion" message="tns:IIntegracion_ActualizarDocumentosDatoContabilzacion_InputMessage"/>
      <wsdl:output wsaw:Action="http://tempuri.org/IIntegracion/ActualizarDocumentosDatoContabilzacionResponse" message="tns:IIntegracion_ActualizarDocumentosDatoContabilzacion_OutputMessage"/>
    </wsdl:operation>
    <wsdl:operation name="ConsultaIdentificadorFacturaXOrderID">
      <wsdl:input wsaw:Action="http://tempuri.org/IIntegracion/ConsultaIdentificadorFacturaXOrderID" message="tns:IIntegracion_ConsultaIdentificadorFacturaXOrderID_InputMessage"/>
      <wsdl:output wsaw:Action="http://tempuri.org/IIntegracion/ConsultaIdentificadorFacturaXOrderIDResponse" message="tns:IIntegracion_ConsultaIdentificadorFacturaXOrderID_OutputMessage"/>
    </wsdl:operation>
    <wsdl:operation name="FV_TraerDocumentosPendientesDeEnvioxEmpresaxFecha">
      <wsdl:input wsaw:Action="http://tempuri.org/IIntegracion/FV_TraerDocumentosPendientesDeEnvioxEmpresaxFecha" message="tns:IIntegracion_FV_TraerDocumentosPendientesDeEnvioxEmpresaxFecha_InputMessage"/>
      <wsdl:output wsaw:Action="http://tempuri.org/IIntegracion/FV_TraerDocumentosPendientesDeEnvioxEmpresaxFechaResponse" message="tns:IIntegracion_FV_TraerDocumentosPendientesDeEnvioxEmpresaxFecha_OutputMessage"/>
    </wsdl:operation>
    <wsdl:operation name="FV_TraerXMLDocumento">
      <wsdl:input wsaw:Action="http://tempuri.org/IIntegracion/FV_TraerXMLDocumento" message="tns:IIntegracion_FV_TraerXMLDocumento_InputMessage"/>
      <wsdl:output wsaw:Action="http://tempuri.org/IIntegracion/FV_TraerXMLDocumentoResponse" message="tns:IIntegracion_FV_TraerXMLDocumento_OutputMessage"/>
    </wsdl:operation>
    <wsdl:operation name="FV_TraerDatosEmpesasEmisorasConDFEPendientesDeEnvio">
      <wsdl:input wsaw:Action="http://tempuri.org/IIntegracion/FV_TraerDatosEmpesasEmisorasConDFEPendientesDeEnvio" message="tns:IIntegracion_FV_TraerDatosEmpesasEmisorasConDFEPendientesDeEnvio_InputMessage"/>
      <wsdl:output wsaw:Action="http://tempuri.org/IIntegracion/FV_TraerDatosEmpesasEmisorasConDFEPendientesDeEnvioResponse" message="tns:IIntegracion_FV_TraerDatosEmpesasEmisorasConDFEPendientesDeEnvio_OutputMessage"/>
    </wsdl:operation>
    <wsdl:operation name="FV_RegistroRespuestaDocEmitido">
      <wsdl:input wsaw:Action="http://tempuri.org/IIntegracion/FV_RegistroRespuestaDocEmitido" message="tns:IIntegracion_FV_RegistroRespuestaDocEmitido_InputMessage"/>
      <wsdl:output wsaw:Action="http://tempuri.org/IIntegracion/FV_RegistroRespuestaDocEmitidoResponse" message="tns:IIntegracion_FV_RegistroRespuestaDocEmitido_OutputMessage"/>
    </wsdl:operation>
    <wsdl:operation name="ConsultaDatosDocumentosRecibidos">
      <wsdl:input wsaw:Action="http://tempuri.org/IIntegracion/ConsultaDatosDocumentosRecibidos" message="tns:IIntegracion_ConsultaDatosDocumentosRecibidos_InputMessage"/>
      <wsdl:output wsaw:Action="http://tempuri.org/IIntegracion/ConsultaDatosDocumentosRecibidosResponse" message="tns:IIntegracion_ConsultaDatosDocumentosRecibidos_OutputMessage"/>
    </wsdl:operation>
    <wsdl:operation name="ConsultaDatosDocumentosRecibidos_TerceroPagador">
      <wsdl:input wsaw:Action="http://tempuri.org/IIntegracion/ConsultaDatosDocumentosRecibidos_TerceroPagador" message="tns:IIntegracion_ConsultaDatosDocumentosRecibidos_TerceroPagador_InputMessage"/>
      <wsdl:output wsaw:Action="http://tempuri.org/IIntegracion/ConsultaDatosDocumentosRecibidos_TerceroPagadorResponse" message="tns:IIntegracion_ConsultaDatosDocumentosRecibidos_TerceroPagador_OutputMessage"/>
    </wsdl:operation>
    <wsdl:operation name="AgregaQRToPDFDocumentoElectronico">
      <wsdl:input wsaw:Action="http://tempuri.org/IIntegracion/AgregaQRToPDFDocumentoElectronico" message="tns:IIntegracion_AgregaQRToPDFDocumentoElectronico_InputMessage"/>
      <wsdl:output wsaw:Action="http://tempuri.org/IIntegracion/AgregaQRToPDFDocumentoElectronicoResponse" message="tns:IIntegracion_AgregaQRToPDFDocumentoElectronico_OutputMessage"/>
    </wsdl:operation>
    <wsdl:operation name="TraerCertificadoDigital">
      <wsdl:input wsaw:Action="http://tempuri.org/IIntegracion/TraerCertificadoDigital" message="tns:IIntegracion_TraerCertificadoDigital_InputMessage"/>
      <wsdl:output wsaw:Action="http://tempuri.org/IIntegracion/TraerCertificadoDigitalResponse" message="tns:IIntegracion_TraerCertificadoDigital_OutputMessage"/>
    </wsdl:operation>
    <wsdl:operation name="SolicitaDatosDocumentoElectronicoQWS">
      <wsdl:input wsaw:Action="http://tempuri.org/IIntegracion/SolicitaDatosDocumentoElectronicoQWS" message="tns:IIntegracion_SolicitaDatosDocumentoElectronicoQWS_InputMessage"/>
      <wsdl:output wsaw:Action="http://tempuri.org/IIntegracion/SolicitaDatosDocumentoElectronicoQWSResponse" message="tns:IIntegracion_SolicitaDatosDocumentoElectronicoQWS_OutputMessage"/>
    </wsdl:operation>
    <wsdl:operation name="FV_TraerDatosEmpresasNotificar">
      <wsdl:input wsaw:Action="http://tempuri.org/IIntegracion/FV_TraerDatosEmpresasNotificar" message="tns:IIntegracion_FV_TraerDatosEmpresasNotificar_InputMessage"/>
      <wsdl:output wsaw:Action="http://tempuri.org/IIntegracion/FV_TraerDatosEmpresasNotificarResponse" message="tns:IIntegracion_FV_TraerDatosEmpresasNotificar_OutputMessage"/>
    </wsdl:operation>
    <wsdl:operation name="TraerDatosEmpresasNotificar">
      <wsdl:input wsaw:Action="http://tempuri.org/IIntegracion/TraerDatosEmpresasNotificar" message="tns:IIntegracion_TraerDatosEmpresasNotificar_InputMessage"/>
      <wsdl:output wsaw:Action="http://tempuri.org/IIntegracion/TraerDatosEmpresasNotificarResponse" message="tns:IIntegracion_TraerDatosEmpresasNotificar_OutputMessage"/>
    </wsdl:operation>
    <wsdl:operation name="FV_TraerDocumentosPendientesNotificar">
      <wsdl:input wsaw:Action="http://tempuri.org/IIntegracion/FV_TraerDocumentosPendientesNotificar" message="tns:IIntegracion_FV_TraerDocumentosPendientesNotificar_InputMessage"/>
      <wsdl:output wsaw:Action="http://tempuri.org/IIntegracion/FV_TraerDocumentosPendientesNotificarResponse" message="tns:IIntegracion_FV_TraerDocumentosPendientesNotificar_OutputMessage"/>
    </wsdl:operation>
    <wsdl:operation name="FV_TraerDocumentosPendientesNotificar_Otros">
      <wsdl:input wsaw:Action="http://tempuri.org/IIntegracion/FV_TraerDocumentosPendientesNotificar_Otros" message="tns:IIntegracion_FV_TraerDocumentosPendientesNotificar_Otros_InputMessage"/>
      <wsdl:output wsaw:Action="http://tempuri.org/IIntegracion/FV_TraerDocumentosPendientesNotificar_OtrosResponse" message="tns:IIntegracion_FV_TraerDocumentosPendientesNotificar_Otros_OutputMessage"/>
    </wsdl:operation>
    <wsdl:operation name="TraerDocumentosPendientesNotificar">
      <wsdl:input wsaw:Action="http://tempuri.org/IIntegracion/TraerDocumentosPendientesNotificar" message="tns:IIntegracion_TraerDocumentosPendientesNotificar_InputMessage"/>
      <wsdl:output wsaw:Action="http://tempuri.org/IIntegracion/TraerDocumentosPendientesNotificarResponse" message="tns:IIntegracion_TraerDocumentosPendientesNotificar_OutputMessage"/>
    </wsdl:operation>
    <wsdl:operation name="SolicitareBillFacturasRadicadasRecepcionXNitRecXDiaRec">
      <wsdl:input wsaw:Action="http://tempuri.org/IIntegracion/SolicitareBillFacturasRadicadasRecepcionXNitRecXDiaRec" message="tns:IIntegracion_SolicitareBillFacturasRadicadasRecepcionXNitRecXDiaRec_InputMessage"/>
      <wsdl:output wsaw:Action="http://tempuri.org/IIntegracion/SolicitareBillFacturasRadicadasRecepcionXNitRecXDiaRecResponse" message="tns:IIntegracion_SolicitareBillFacturasRadicadasRecepcionXNitRecXDiaRec_OutputMessage"/>
    </wsdl:operation>
    <wsdl:operation name="SolicitareBillFacturasRadicadasRecepcionXNitRecXDiaRec_TerceroPagador">
      <wsdl:input wsaw:Action="http://tempuri.org/IIntegracion/SolicitareBillFacturasRadicadasRecepcionXNitRecXDiaRec_TerceroPagador" message="tns:IIntegracion_SolicitareBillFacturasRadicadasRecepcionXNitRecXDiaRec_TerceroPagador_InputMessage"/>
      <wsdl:output wsaw:Action="http://tempuri.org/IIntegracion/SolicitareBillFacturasRadicadasRecepcionXNitRecXDiaRec_TerceroPagadorResponse" message="tns:IIntegracion_SolicitareBillFacturasRadicadasRecepcionXNitRecXDiaRec_TerceroPagador_OutputMessage"/>
    </wsdl:operation>
    <wsdl:operation name="FV_NotificarDocumentoCliente">
      <wsdl:input wsaw:Action="http://tempuri.org/IIntegracion/FV_NotificarDocumentoCliente" message="tns:IIntegracion_FV_NotificarDocumentoCliente_InputMessage"/>
      <wsdl:output wsaw:Action="http://tempuri.org/IIntegracion/FV_NotificarDocumentoClienteResponse" message="tns:IIntegracion_FV_NotificarDocumentoCliente_OutputMessage"/>
    </wsdl:operation>
    <wsdl:operation name="FV_ValidacionXML_DIAN">
      <wsdl:input wsaw:Action="http://tempuri.org/IIntegracion/FV_ValidacionXML_DIAN" message="tns:IIntegracion_FV_ValidacionXML_DIAN_InputMessage"/>
      <wsdl:output wsaw:Action="http://tempuri.org/IIntegracion/FV_ValidacionXML_DIANResponse" message="tns:IIntegracion_FV_ValidacionXML_DIAN_OutputMessage"/>
    </wsdl:operation>
    <wsdl:operation name="FV_CargarDocumentosElectronicosToeBillGenericFULLPDFCUFE">
      <wsdl:input wsaw:Action="http://tempuri.org/IIntegracion/FV_CargarDocumentosElectronicosToeBillGenericFULLPDFCUFE" message="tns:IIntegracion_FV_CargarDocumentosElectronicosToeBillGenericFULLPDFCUFE_InputMessage"/>
      <wsdl:output wsaw:Action="http://tempuri.org/IIntegracion/FV_CargarDocumentosElectronicosToeBillGenericFULLPDFCUFEResponse" message="tns:IIntegracion_FV_CargarDocumentosElectronicosToeBillGenericFULLPDFCUFE_OutputMessage"/>
    </wsdl:operation>
    <wsdl:operation name="FV_CargarDocumentosElectronicosToeBillGenericFULL">
      <wsdl:input wsaw:Action="http://tempuri.org/IIntegracion/FV_CargarDocumentosElectronicosToeBillGenericFULL" message="tns:IIntegracion_FV_CargarDocumentosElectronicosToeBillGenericFULL_InputMessage"/>
      <wsdl:output wsaw:Action="http://tempuri.org/IIntegracion/FV_CargarDocumentosElectronicosToeBillGenericFULLResponse" message="tns:IIntegracion_FV_CargarDocumentosElectronicosToeBillGenericFULL_OutputMessage"/>
    </wsdl:operation>
    <wsdl:operation name="TraerAdjuntosXPrefijoXNumXTipoComp">
      <wsdl:input wsaw:Action="http://tempuri.org/IIntegracion/TraerAdjuntosXPrefijoXNumXTipoComp" message="tns:IIntegracion_TraerAdjuntosXPrefijoXNumXTipoComp_InputMessage"/>
      <wsdl:output wsaw:Action="http://tempuri.org/IIntegracion/TraerAdjuntosXPrefijoXNumXTipoCompResponse" message="tns:IIntegracion_TraerAdjuntosXPrefijoXNumXTipoComp_OutputMessage"/>
    </wsdl:operation>
    <wsdl:operation name="FV_TraerPaquetesEmitidosPendientesDeStatusDian">
      <wsdl:input wsaw:Action="http://tempuri.org/IIntegracion/FV_TraerPaquetesEmitidosPendientesDeStatusDian" message="tns:IIntegracion_FV_TraerPaquetesEmitidosPendientesDeStatusDian_InputMessage"/>
      <wsdl:output wsaw:Action="http://tempuri.org/IIntegracion/FV_TraerPaquetesEmitidosPendientesDeStatusDianResponse" message="tns:IIntegracion_FV_TraerPaquetesEmitidosPendientesDeStatusDian_OutputMessage"/>
    </wsdl:operation>
    <wsdl:operation name="FV_RegistroPaqueteEmitido">
      <wsdl:input wsaw:Action="http://tempuri.org/IIntegracion/FV_RegistroPaqueteEmitido" message="tns:IIntegracion_FV_RegistroPaqueteEmitido_InputMessage"/>
      <wsdl:output wsaw:Action="http://tempuri.org/IIntegracion/FV_RegistroPaqueteEmitidoResponse" message="tns:IIntegracion_FV_RegistroPaqueteEmitido_OutputMessage"/>
    </wsdl:operation>
    <wsdl:operation name="FV_CargarDocumentosElectronicosToeBillTxN">
      <wsdl:input wsaw:Action="http://tempuri.org/IIntegracion/FV_CargarDocumentosElectronicosToeBillTxN" message="tns:IIntegracion_FV_CargarDocumentosElectronicosToeBillTxN_InputMessage"/>
      <wsdl:output wsaw:Action="http://tempuri.org/IIntegracion/FV_CargarDocumentosElectronicosToeBillTxNResponse" message="tns:IIntegracion_FV_CargarDocumentosElectronicosToeBillTxN_OutputMessage"/>
    </wsdl:operation>
    <wsdl:operation name="FV_CargarDocumentosElectronicosToeBillTxA">
      <wsdl:input wsaw:Action="http://tempuri.org/IIntegracion/FV_CargarDocumentosElectronicosToeBillTxA" message="tns:IIntegracion_FV_CargarDocumentosElectronicosToeBillTxA_InputMessage"/>
      <wsdl:output wsaw:Action="http://tempuri.org/IIntegracion/FV_CargarDocumentosElectronicosToeBillTxAResponse" message="tns:IIntegracion_FV_CargarDocumentosElectronicosToeBillTxA_OutputMessage"/>
    </wsdl:operation>
    <wsdl:operation name="FV_RegistroEstadoPaqueteEmitido">
      <wsdl:input wsaw:Action="http://tempuri.org/IIntegracion/FV_RegistroEstadoPaqueteEmitido" message="tns:IIntegracion_FV_RegistroEstadoPaqueteEmitido_InputMessage"/>
      <wsdl:output wsaw:Action="http://tempuri.org/IIntegracion/FV_RegistroEstadoPaqueteEmitidoResponse" message="tns:IIntegracion_FV_RegistroEstadoPaqueteEmitido_OutputMessage"/>
    </wsdl:operation>
    <wsdl:operation name="FV_EnviarDocumentoaDIAN">
      <wsdl:input wsaw:Action="http://tempuri.org/IIntegracion/FV_EnviarDocumentoaDIAN" message="tns:IIntegracion_FV_EnviarDocumentoaDIAN_InputMessage"/>
      <wsdl:output wsaw:Action="http://tempuri.org/IIntegracion/FV_EnviarDocumentoaDIANResponse" message="tns:IIntegracion_FV_EnviarDocumentoaDIAN_OutputMessage"/>
    </wsdl:operation>
    <wsdl:operation name="FV_EnviarDocumentoaDIAN_Contingencia">
      <wsdl:input wsaw:Action="http://tempuri.org/IIntegracion/FV_EnviarDocumentoaDIAN_Contingencia" message="tns:IIntegracion_FV_EnviarDocumentoaDIAN_Contingencia_InputMessage"/>
      <wsdl:output wsaw:Action="http://tempuri.org/IIntegracion/FV_EnviarDocumentoaDIAN_ContingenciaResponse" message="tns:IIntegracion_FV_EnviarDocumentoaDIAN_Contingencia_OutputMessage"/>
    </wsdl:operation>
    <wsdl:operation name="FV_LiberarDocumentosEstadoProcesamiento">
      <wsdl:input wsaw:Action="http://tempuri.org/IIntegracion/FV_LiberarDocumentosEstadoProcesamiento" message="tns:IIntegracion_FV_LiberarDocumentosEstadoProcesamiento_InputMessage"/>
      <wsdl:output wsaw:Action="http://tempuri.org/IIntegracion/FV_LiberarDocumentosEstadoProcesamientoResponse" message="tns:IIntegracion_FV_LiberarDocumentosEstadoProcesamiento_OutputMessage"/>
    </wsdl:operation>
    <wsdl:operation name="FV_LiberarPaquetesEstadoProcesamiento">
      <wsdl:input wsaw:Action="http://tempuri.org/IIntegracion/FV_LiberarPaquetesEstadoProcesamiento" message="tns:IIntegracion_FV_LiberarPaquetesEstadoProcesamiento_InputMessage"/>
      <wsdl:output wsaw:Action="http://tempuri.org/IIntegracion/FV_LiberarPaquetesEstadoProcesamientoResponse" message="tns:IIntegracion_FV_LiberarPaquetesEstadoProcesamiento_OutputMessage"/>
    </wsdl:operation>
    <wsdl:operation name="FV_LiberarDocsEmitidosEstadoProcesamiento">
      <wsdl:input wsaw:Action="http://tempuri.org/IIntegracion/FV_LiberarDocsEmitidosEstadoProcesamiento" message="tns:IIntegracion_FV_LiberarDocsEmitidosEstadoProcesamiento_InputMessage"/>
      <wsdl:output wsaw:Action="http://tempuri.org/IIntegracion/FV_LiberarDocsEmitidosEstadoProcesamientoResponse" message="tns:IIntegracion_FV_LiberarDocsEmitidosEstadoProcesamiento_OutputMessage"/>
    </wsdl:operation>
    <wsdl:operation name="FV_ConsultaEstado_DIANV2">
      <wsdl:input wsaw:Action="http://tempuri.org/IIntegracion/FV_ConsultaEstado_DIANV2" message="tns:IIntegracion_FV_ConsultaEstado_DIANV2_InputMessage"/>
      <wsdl:output wsaw:Action="http://tempuri.org/IIntegracion/FV_ConsultaEstado_DIANV2Response" message="tns:IIntegracion_FV_ConsultaEstado_DIANV2_OutputMessage"/>
    </wsdl:operation>
    <wsdl:operation name="FV_ProcesarRespuestaEnvioSincrono">
      <wsdl:input wsaw:Action="http://tempuri.org/IIntegracion/FV_ProcesarRespuestaEnvioSincrono" message="tns:IIntegracion_FV_ProcesarRespuestaEnvioSincrono_InputMessage"/>
      <wsdl:output wsaw:Action="http://tempuri.org/IIntegracion/FV_ProcesarRespuestaEnvioSincronoResponse" message="tns:IIntegracion_FV_ProcesarRespuestaEnvioSincrono_OutputMessage"/>
    </wsdl:operation>
    <wsdl:operation name="FV_ProcesarRespuestaEnvioAsincrono">
      <wsdl:input wsaw:Action="http://tempuri.org/IIntegracion/FV_ProcesarRespuestaEnvioAsincrono" message="tns:IIntegracion_FV_ProcesarRespuestaEnvioAsincrono_InputMessage"/>
      <wsdl:output wsaw:Action="http://tempuri.org/IIntegracion/FV_ProcesarRespuestaEnvioAsincronoResponse" message="tns:IIntegracion_FV_ProcesarRespuestaEnvioAsincrono_OutputMessage"/>
    </wsdl:operation>
    <wsdl:operation name="FV_RegistroEstadoDocEmitido">
      <wsdl:input wsaw:Action="http://tempuri.org/IIntegracion/FV_RegistroEstadoDocEmitido" message="tns:IIntegracion_FV_RegistroEstadoDocEmitido_InputMessage"/>
      <wsdl:output wsaw:Action="http://tempuri.org/IIntegracion/FV_RegistroEstadoDocEmitidoResponse" message="tns:IIntegracion_FV_RegistroEstadoDocEmitido_OutputMessage"/>
    </wsdl:operation>
    <wsdl:operation name="FV_TraerDocumentosEmitidosPendientesDeStatusDian">
      <wsdl:input wsaw:Action="http://tempuri.org/IIntegracion/FV_TraerDocumentosEmitidosPendientesDeStatusDian" message="tns:IIntegracion_FV_TraerDocumentosEmitidosPendientesDeStatusDian_InputMessage"/>
      <wsdl:output wsaw:Action="http://tempuri.org/IIntegracion/FV_TraerDocumentosEmitidosPendientesDeStatusDianResponse" message="tns:IIntegracion_FV_TraerDocumentosEmitidosPendientesDeStatusDian_OutputMessage"/>
    </wsdl:operation>
    <wsdl:operation name="NuevoEventoLogeBill">
      <wsdl:input wsaw:Action="http://tempuri.org/IIntegracion/NuevoEventoLogeBill" message="tns:IIntegracion_NuevoEventoLogeBill_InputMessage"/>
      <wsdl:output wsaw:Action="http://tempuri.org/IIntegracion/NuevoEventoLogeBillResponse" message="tns:IIntegracion_NuevoEventoLogeBill_OutputMessage"/>
    </wsdl:operation>
    <wsdl:operation name="TraerIdUltimoDocumentoXEmpresa">
      <wsdl:input wsaw:Action="http://tempuri.org/IIntegracion/TraerIdUltimoDocumentoXEmpresa" message="tns:IIntegracion_TraerIdUltimoDocumentoXEmpresa_InputMessage"/>
      <wsdl:output wsaw:Action="http://tempuri.org/IIntegracion/TraerIdUltimoDocumentoXEmpresaResponse" message="tns:IIntegracion_TraerIdUltimoDocumentoXEmpresa_OutputMessage"/>
    </wsdl:operation>
    <wsdl:operation name="AlmacenarRegistroLogReglas">
      <wsdl:input wsaw:Action="http://tempuri.org/IIntegracion/AlmacenarRegistroLogReglas" message="tns:IIntegracion_AlmacenarRegistroLogReglas_InputMessage"/>
      <wsdl:output wsaw:Action="http://tempuri.org/IIntegracion/AlmacenarRegistroLogReglasResponse" message="tns:IIntegracion_AlmacenarRegistroLogReglas_OutputMessage"/>
    </wsdl:operation>
    <wsdl:operation name="FV_TraerResumenReglasTotal">
      <wsdl:input wsaw:Action="http://tempuri.org/IIntegracion/FV_TraerResumenReglasTotal" message="tns:IIntegracion_FV_TraerResumenReglasTotal_InputMessage"/>
      <wsdl:output wsaw:Action="http://tempuri.org/IIntegracion/FV_TraerResumenReglasTotalResponse" message="tns:IIntegracion_FV_TraerResumenReglasTotal_OutputMessage"/>
    </wsdl:operation>
    <wsdl:operation name="NegociarDocumentoFactoring">
      <wsdl:input wsaw:Action="http://tempuri.org/IIntegracion/NegociarDocumentoFactoring" message="tns:IIntegracion_NegociarDocumentoFactoring_InputMessage"/>
      <wsdl:output wsaw:Action="http://tempuri.org/IIntegracion/NegociarDocumentoFactoringResponse" message="tns:IIntegracion_NegociarDocumentoFactoring_OutputMessage"/>
    </wsdl:operation>
    <wsdl:operation name="FV_CrearNombreArchivoZipDian">
      <wsdl:input wsaw:Action="http://tempuri.org/IIntegracion/FV_CrearNombreArchivoZipDian" message="tns:IIntegracion_FV_CrearNombreArchivoZipDian_InputMessage"/>
      <wsdl:output wsaw:Action="http://tempuri.org/IIntegracion/FV_CrearNombreArchivoZipDianResponse" message="tns:IIntegracion_FV_CrearNombreArchivoZipDian_OutputMessage"/>
    </wsdl:operation>
    <wsdl:operation name="FV_ExisteContingenciaDianDeclarada">
      <wsdl:input wsaw:Action="http://tempuri.org/IIntegracion/FV_ExisteContingenciaDianDeclarada" message="tns:IIntegracion_FV_ExisteContingenciaDianDeclarada_InputMessage"/>
      <wsdl:output wsaw:Action="http://tempuri.org/IIntegracion/FV_ExisteContingenciaDianDeclaradaResponse" message="tns:IIntegracion_FV_ExisteContingenciaDianDeclarada_OutputMessage"/>
    </wsdl:operation>
    <wsdl:operation name="ExisteContingenciaDianDeclarada">
      <wsdl:input wsaw:Action="http://tempuri.org/IIntegracion/ExisteContingenciaDianDeclarada" message="tns:IIntegracion_ExisteContingenciaDianDeclarada_InputMessage"/>
      <wsdl:output wsaw:Action="http://tempuri.org/IIntegracion/ExisteContingenciaDianDeclaradaResponse" message="tns:IIntegracion_ExisteContingenciaDianDeclarada_OutputMessage"/>
    </wsdl:operation>
    <wsdl:operation name="FV_TraerIncidenteContingenciaReciente">
      <wsdl:input wsaw:Action="http://tempuri.org/IIntegracion/FV_TraerIncidenteContingenciaReciente" message="tns:IIntegracion_FV_TraerIncidenteContingenciaReciente_InputMessage"/>
      <wsdl:output wsaw:Action="http://tempuri.org/IIntegracion/FV_TraerIncidenteContingenciaRecienteResponse" message="tns:IIntegracion_FV_TraerIncidenteContingenciaReciente_OutputMessage"/>
    </wsdl:operation>
    <wsdl:operation name="FV_RegistrarHeartBeatContingencia">
      <wsdl:input wsaw:Action="http://tempuri.org/IIntegracion/FV_RegistrarHeartBeatContingencia" message="tns:IIntegracion_FV_RegistrarHeartBeatContingencia_InputMessage"/>
      <wsdl:output wsaw:Action="http://tempuri.org/IIntegracion/FV_RegistrarHeartBeatContingenciaResponse" message="tns:IIntegracion_FV_RegistrarHeartBeatContingencia_OutputMessage"/>
    </wsdl:operation>
    <wsdl:operation name="FV_ActualizarContingencia">
      <wsdl:input wsaw:Action="http://tempuri.org/IIntegracion/FV_ActualizarContingencia" message="tns:IIntegracion_FV_ActualizarContingencia_InputMessage"/>
      <wsdl:output wsaw:Action="http://tempuri.org/IIntegracion/FV_ActualizarContingenciaResponse" message="tns:IIntegracion_FV_ActualizarContingencia_OutputMessage"/>
    </wsdl:operation>
    <wsdl:operation name="FV_RegistrarIncidenteContingencia">
      <wsdl:input wsaw:Action="http://tempuri.org/IIntegracion/FV_RegistrarIncidenteContingencia" message="tns:IIntegracion_FV_RegistrarIncidenteContingencia_InputMessage"/>
      <wsdl:output wsaw:Action="http://tempuri.org/IIntegracion/FV_RegistrarIncidenteContingenciaResponse" message="tns:IIntegracion_FV_RegistrarIncidenteContingencia_OutputMessage"/>
    </wsdl:operation>
    <wsdl:operation name="FV_TraerTiposIncidentesContingencia">
      <wsdl:input wsaw:Action="http://tempuri.org/IIntegracion/FV_TraerTiposIncidentesContingencia" message="tns:IIntegracion_FV_TraerTiposIncidentesContingencia_InputMessage"/>
      <wsdl:output wsaw:Action="http://tempuri.org/IIntegracion/FV_TraerTiposIncidentesContingenciaResponse" message="tns:IIntegracion_FV_TraerTiposIncidentesContingencia_OutputMessage"/>
    </wsdl:operation>
    <wsdl:operation name="CargarPDFDocumentoElectronico_AgregarQR">
      <wsdl:input wsaw:Action="http://tempuri.org/IIntegracion/CargarPDFDocumentoElectronico_AgregarQR" message="tns:IIntegracion_CargarPDFDocumentoElectronico_AgregarQR_InputMessage"/>
      <wsdl:output wsaw:Action="http://tempuri.org/IIntegracion/CargarPDFDocumentoElectronico_AgregarQRResponse" message="tns:IIntegracion_CargarPDFDocumentoElectronico_AgregarQR_OutputMessage"/>
    </wsdl:operation>
    <wsdl:operation name="FV_CargarNotaDesdeFacturaToeBill">
      <wsdl:input wsaw:Action="http://tempuri.org/IIntegracion/FV_CargarNotaDesdeFacturaToeBill" message="tns:IIntegracion_FV_CargarNotaDesdeFacturaToeBill_InputMessage"/>
      <wsdl:output wsaw:Action="http://tempuri.org/IIntegracion/FV_CargarNotaDesdeFacturaToeBillResponse" message="tns:IIntegracion_FV_CargarNotaDesdeFacturaToeBill_OutputMessage"/>
    </wsdl:operation>
    <wsdl:operation name="FV_GenerarReporteRecepcion">
      <wsdl:input wsaw:Action="http://tempuri.org/IIntegracion/FV_GenerarReporteRecepcion" message="tns:IIntegracion_FV_GenerarReporteRecepcion_InputMessage"/>
      <wsdl:output wsaw:Action="http://tempuri.org/IIntegracion/FV_GenerarReporteRecepcionResponse" message="tns:IIntegracion_FV_GenerarReporteRecepcion_OutputMessage"/>
    </wsdl:operation>
    <wsdl:operation name="FV_GenerarReporteEmision">
      <wsdl:input wsaw:Action="http://tempuri.org/IIntegracion/FV_GenerarReporteEmision" message="tns:IIntegracion_FV_GenerarReporteEmision_InputMessage"/>
      <wsdl:output wsaw:Action="http://tempuri.org/IIntegracion/FV_GenerarReporteEmisionResponse" message="tns:IIntegracion_FV_GenerarReporteEmision_OutputMessage"/>
    </wsdl:operation>
    <wsdl:operation name="FV_GenerarReporteRecepcionPSV">
      <wsdl:input wsaw:Action="http://tempuri.org/IIntegracion/FV_GenerarReporteRecepcionPSV" message="tns:IIntegracion_FV_GenerarReporteRecepcionPSV_InputMessage"/>
      <wsdl:output wsaw:Action="http://tempuri.org/IIntegracion/FV_GenerarReporteRecepcionPSVResponse" message="tns:IIntegracion_FV_GenerarReporteRecepcionPSV_OutputMessage"/>
    </wsdl:operation>
    <wsdl:operation name="FV_GenerarReporteEmisionPSV">
      <wsdl:input wsaw:Action="http://tempuri.org/IIntegracion/FV_GenerarReporteEmisionPSV" message="tns:IIntegracion_FV_GenerarReporteEmisionPSV_InputMessage"/>
      <wsdl:output wsaw:Action="http://tempuri.org/IIntegracion/FV_GenerarReporteEmisionPSVResponse" message="tns:IIntegracion_FV_GenerarReporteEmisionPSV_OutputMessage"/>
    </wsdl:operation>
    <wsdl:operation name="FV_SolicitaeBillPDF">
      <wsdl:input wsaw:Action="http://tempuri.org/IIntegracion/FV_SolicitaeBillPDF" message="tns:IIntegracion_FV_SolicitaeBillPDF_InputMessage"/>
      <wsdl:output wsaw:Action="http://tempuri.org/IIntegracion/FV_SolicitaeBillPDFResponse" message="tns:IIntegracion_FV_SolicitaeBillPDF_OutputMessage"/>
    </wsdl:operation>
    <wsdl:operation name="FV_GenerarReporteDocumentosEmitidosXFechaXEstado">
      <wsdl:input wsaw:Action="http://tempuri.org/IIntegracion/FV_GenerarReporteDocumentosEmitidosXFechaXEstado" message="tns:IIntegracion_FV_GenerarReporteDocumentosEmitidosXFechaXEstado_InputMessage"/>
      <wsdl:output wsaw:Action="http://tempuri.org/IIntegracion/FV_GenerarReporteDocumentosEmitidosXFechaXEstadoResponse" message="tns:IIntegracion_FV_GenerarReporteDocumentosEmitidosXFechaXEstado_OutputMessage"/>
    </wsdl:operation>
    <wsdl:operation name="FV_GenerarReporteValidacionDocumentosRecibidos">
      <wsdl:input wsaw:Action="http://tempuri.org/IIntegracion/FV_GenerarReporteValidacionDocumentosRecibidos" message="tns:IIntegracion_FV_GenerarReporteValidacionDocumentosRecibidos_InputMessage"/>
      <wsdl:output wsaw:Action="http://tempuri.org/IIntegracion/FV_GenerarReporteValidacionDocumentosRecibidosResponse" message="tns:IIntegracion_FV_GenerarReporteValidacionDocumentosRecibidos_OutputMessage"/>
    </wsdl:operation>
    <wsdl:operation name="FV_ConsultaEstado_DIANV2Long">
      <wsdl:input wsaw:Action="http://tempuri.org/IIntegracion/FV_ConsultaEstado_DIANV2Long" message="tns:IIntegracion_FV_ConsultaEstado_DIANV2Long_InputMessage"/>
      <wsdl:output wsaw:Action="http://tempuri.org/IIntegracion/FV_ConsultaEstado_DIANV2LongResponse" message="tns:IIntegracion_FV_ConsultaEstado_DIANV2Long_OutputMessage"/>
    </wsdl:operation>
  </wsdl:portType>
  <wsdl:binding name="BasicHttpBinding_IIntegracion" type="tns:IIntegracion">
    <soap:binding transport="http://schemas.xmlsoap.org/soap/http"/>
    <wsdl:operation name="FV_NotificarFacturasExitosas_Seven">
      <soap:operation soapAction="http://tempuri.org/IIntegracion/FV_NotificarFacturasExitosas_Seven" style="document"/>
      <wsdl:input>
        <soap:body use="literal"/>
      </wsdl:input>
      <wsdl:output>
        <soap:body use="literal"/>
      </wsdl:output>
    </wsdl:operation>
    <wsdl:operation name="RegistrarPagoDocumentoRadicadoNotificacionDian">
      <soap:operation soapAction="http://tempuri.org/IIntegracion/RegistrarPagoDocumentoRadicadoNotificacionDian" style="document"/>
      <wsdl:input>
        <soap:body use="literal"/>
      </wsdl:input>
      <wsdl:output>
        <soap:body use="literal"/>
      </wsdl:output>
    </wsdl:operation>
    <wsdl:operation name="SolicitaeBillPDFTAX_GR">
      <soap:operation soapAction="http://tempuri.org/IIntegracion/SolicitaeBillPDFTAX_GR" style="document"/>
      <wsdl:input>
        <soap:body use="literal"/>
      </wsdl:input>
      <wsdl:output>
        <soap:body use="literal"/>
      </wsdl:output>
    </wsdl:operation>
    <wsdl:operation name="SolicitarEventosRecibidosXNitEmisorXDiaRec">
      <soap:operation soapAction="http://tempuri.org/IIntegracion/SolicitarEventosRecibidosXNitEmisorXDiaRec" style="document"/>
      <wsdl:input>
        <soap:body use="literal"/>
      </wsdl:input>
      <wsdl:output>
        <soap:body use="literal"/>
      </wsdl:output>
    </wsdl:operation>
    <wsdl:operation name="AceptacionTacitaDocumentosRadicadosNotificacionDIAN">
      <soap:operation soapAction="http://tempuri.org/IIntegracion/AceptacionTacitaDocumentosRadicadosNotificacionDIAN" style="document"/>
      <wsdl:input>
        <soap:body use="literal"/>
      </wsdl:input>
      <wsdl:output>
        <soap:body use="literal"/>
      </wsdl:output>
    </wsdl:operation>
    <wsdl:operation name="AcuseReciboDocumentosRadicadosNotificacionDIAN">
      <soap:operation soapAction="http://tempuri.org/IIntegracion/AcuseReciboDocumentosRadicadosNotificacionDIAN" style="document"/>
      <wsdl:input>
        <soap:body use="literal"/>
      </wsdl:input>
      <wsdl:output>
        <soap:body use="literal"/>
      </wsdl:output>
    </wsdl:operation>
    <wsdl:operation name="ReciboBienServicioRadicadosNotificacionDIAN">
      <soap:operation soapAction="http://tempuri.org/IIntegracion/ReciboBienServicioRadicadosNotificacionDIAN" style="document"/>
      <wsdl:input>
        <soap:body use="literal"/>
      </wsdl:input>
      <wsdl:output>
        <soap:body use="literal"/>
      </wsdl:output>
    </wsdl:operation>
    <wsdl:operation name="RegistrarIntentoFallidoRecepcion">
      <soap:operation soapAction="http://tempuri.org/IIntegracion/RegistrarIntentoFallidoRecepcion" style="document"/>
      <wsdl:input>
        <soap:body use="literal"/>
      </wsdl:input>
      <wsdl:output>
        <soap:body use="literal"/>
      </wsdl:output>
    </wsdl:operation>
    <wsdl:operation name="RepararDocumentoExitosoDIAN">
      <soap:operation soapAction="http://tempuri.org/IIntegracion/RepararDocumentoExitosoDIAN" style="document"/>
      <wsdl:input>
        <soap:body use="literal"/>
      </wsdl:input>
      <wsdl:output>
        <soap:body use="literal"/>
      </wsdl:output>
    </wsdl:operation>
    <wsdl:operation name="SolicitareBillFacturasRadicadasRecepcionXRango_TerceroPagador">
      <soap:operation soapAction="http://tempuri.org/IIntegracion/SolicitareBillFacturasRadicadasRecepcionXRango_TerceroPagador" style="document"/>
      <wsdl:input>
        <soap:body use="literal"/>
      </wsdl:input>
      <wsdl:output>
        <soap:body use="literal"/>
      </wsdl:output>
    </wsdl:operation>
    <wsdl:operation name="TraerAdjuntosXPrefijoXNumXTipoComp_TerceroPagador">
      <soap:operation soapAction="http://tempuri.org/IIntegracion/TraerAdjuntosXPrefijoXNumXTipoComp_TerceroPagador" style="document"/>
      <wsdl:input>
        <soap:body use="literal"/>
      </wsdl:input>
      <wsdl:output>
        <soap:body use="literal"/>
      </wsdl:output>
    </wsdl:operation>
    <wsdl:operation name="AcuerdoEBillVigente">
      <soap:operation soapAction="http://tempuri.org/IIntegracion/AcuerdoEBillVigente" style="document"/>
      <wsdl:input>
        <soap:body use="literal"/>
      </wsdl:input>
      <wsdl:output>
        <soap:body use="literal"/>
      </wsdl:output>
    </wsdl:operation>
    <wsdl:operation name="CalculoContenidoTecnicoControl">
      <soap:operation soapAction="http://tempuri.org/IIntegracion/CalculoContenidoTecnicoControl" style="document"/>
      <wsdl:input>
        <soap:body use="literal"/>
      </wsdl:input>
      <wsdl:output>
        <soap:body use="literal"/>
      </wsdl:output>
    </wsdl:operation>
    <wsdl:operation name="CargarXML25CoreToeBill">
      <soap:operation soapAction="http://tempuri.org/IIntegracion/CargarXML25CoreToeBill" style="document"/>
      <wsdl:input>
        <soap:body use="literal"/>
      </wsdl:input>
      <wsdl:output>
        <soap:body use="literal"/>
      </wsdl:output>
    </wsdl:operation>
    <wsdl:operation name="CargarFacturasToeBillGeneric">
      <soap:operation soapAction="http://tempuri.org/IIntegracion/CargarFacturasToeBillGeneric" style="document"/>
      <wsdl:input>
        <soap:body use="literal"/>
      </wsdl:input>
      <wsdl:output>
        <soap:body use="literal"/>
      </wsdl:output>
    </wsdl:operation>
    <wsdl:operation name="CargarFacturasToeBillGenericFix">
      <soap:operation soapAction="http://tempuri.org/IIntegracion/CargarFacturasToeBillGenericFix" style="document"/>
      <wsdl:input>
        <soap:body use="literal"/>
      </wsdl:input>
      <wsdl:output>
        <soap:body use="literal"/>
      </wsdl:output>
    </wsdl:operation>
    <wsdl:operation name="CargarNotasToeBillGeneric">
      <soap:operation soapAction="http://tempuri.org/IIntegracion/CargarNotasToeBillGeneric" style="document"/>
      <wsdl:input>
        <soap:body use="literal"/>
      </wsdl:input>
      <wsdl:output>
        <soap:body use="literal"/>
      </wsdl:output>
    </wsdl:operation>
    <wsdl:operation name="CargarFacturasToeBillGenericTAX">
      <soap:operation soapAction="http://tempuri.org/IIntegracion/CargarFacturasToeBillGenericTAX" style="document"/>
      <wsdl:input>
        <soap:body use="literal"/>
      </wsdl:input>
      <wsdl:output>
        <soap:body use="literal"/>
      </wsdl:output>
    </wsdl:operation>
    <wsdl:operation name="CargarNotasToeBillGenericTAX">
      <soap:operation soapAction="http://tempuri.org/IIntegracion/CargarNotasToeBillGenericTAX" style="document"/>
      <wsdl:input>
        <soap:body use="literal"/>
      </wsdl:input>
      <wsdl:output>
        <soap:body use="literal"/>
      </wsdl:output>
    </wsdl:operation>
    <wsdl:operation name="RecibePDFNumrot">
      <soap:operation soapAction="http://tempuri.org/IIntegracion/RecibePDFNumrot" style="document"/>
      <wsdl:input>
        <soap:body use="literal"/>
      </wsdl:input>
      <wsdl:output>
        <soap:body use="literal"/>
      </wsdl:output>
    </wsdl:operation>
    <wsdl:operation name="SolicitaeBillPDF">
      <soap:operation soapAction="http://tempuri.org/IIntegracion/SolicitaeBillPDF" style="document"/>
      <wsdl:input>
        <soap:body use="literal"/>
      </wsdl:input>
      <wsdl:output>
        <soap:body use="literal"/>
      </wsdl:output>
    </wsdl:operation>
    <wsdl:operation name="SolicitaeBillPDFTAX">
      <soap:operation soapAction="http://tempuri.org/IIntegracion/SolicitaeBillPDFTAX" style="document"/>
      <wsdl:input>
        <soap:body use="literal"/>
      </wsdl:input>
      <wsdl:output>
        <soap:body use="literal"/>
      </wsdl:output>
    </wsdl:operation>
    <wsdl:operation name="NotificarFacturasPagadas">
      <soap:operation soapAction="http://tempuri.org/IIntegracion/NotificarFacturasPagadas" style="document"/>
      <wsdl:input>
        <soap:body use="literal"/>
      </wsdl:input>
      <wsdl:output>
        <soap:body use="literal"/>
      </wsdl:output>
    </wsdl:operation>
    <wsdl:operation name="NotificarFacturasPagadasTAX">
      <soap:operation soapAction="http://tempuri.org/IIntegracion/NotificarFacturasPagadasTAX" style="document"/>
      <wsdl:input>
        <soap:body use="literal"/>
      </wsdl:input>
      <wsdl:output>
        <soap:body use="literal"/>
      </wsdl:output>
    </wsdl:operation>
    <wsdl:operation name="NotificarFacturasAnuladasTAX">
      <soap:operation soapAction="http://tempuri.org/IIntegracion/NotificarFacturasAnuladasTAX" style="document"/>
      <wsdl:input>
        <soap:body use="literal"/>
      </wsdl:input>
      <wsdl:output>
        <soap:body use="literal"/>
      </wsdl:output>
    </wsdl:operation>
    <wsdl:operation name="CargarDocumentosElectronicosToeBillGenericTAX">
      <soap:operation soapAction="http://tempuri.org/IIntegracion/CargarDocumentosElectronicosToeBillGenericTAX" style="document"/>
      <wsdl:input>
        <soap:body use="literal"/>
      </wsdl:input>
      <wsdl:output>
        <soap:body use="literal"/>
      </wsdl:output>
    </wsdl:operation>
    <wsdl:operation name="CargarDocumentosElectronicosToeBillGenericFULL">
      <soap:operation soapAction="http://tempuri.org/IIntegracion/CargarDocumentosElectronicosToeBillGenericFULL" style="document"/>
      <wsdl:input>
        <soap:body use="literal"/>
      </wsdl:input>
      <wsdl:output>
        <soap:body use="literal"/>
      </wsdl:output>
    </wsdl:operation>
    <wsdl:operation name="SolicitaDatosDocumentoElectronico">
      <soap:operation soapAction="http://tempuri.org/IIntegracion/SolicitaDatosDocumentoElectronico" style="document"/>
      <wsdl:input>
        <soap:body use="literal"/>
      </wsdl:input>
      <wsdl:output>
        <soap:body use="literal"/>
      </wsdl:output>
    </wsdl:operation>
    <wsdl:operation name="SolicitaeBillPDFXCodigo">
      <soap:operation soapAction="http://tempuri.org/IIntegracion/SolicitaeBillPDFXCodigo" style="document"/>
      <wsdl:input>
        <soap:body use="literal"/>
      </wsdl:input>
      <wsdl:output>
        <soap:body use="literal"/>
      </wsdl:output>
    </wsdl:operation>
    <wsdl:operation name="CargarPDFDocumentoElectronico">
      <soap:operation soapAction="http://tempuri.org/IIntegracion/CargarPDFDocumentoElectronico" style="document"/>
      <wsdl:input>
        <soap:body use="literal"/>
      </wsdl:input>
      <wsdl:output>
        <soap:body use="literal"/>
      </wsdl:output>
    </wsdl:operation>
    <wsdl:operation name="CargarDocumentosElectronicosToeBillGenericFULLDesdePDF">
      <soap:operation soapAction="http://tempuri.org/IIntegracion/CargarDocumentosElectronicosToeBillGenericFULLDesdePDF" style="document"/>
      <wsdl:input>
        <soap:body use="literal"/>
      </wsdl:input>
      <wsdl:output>
        <soap:body use="literal"/>
      </wsdl:output>
    </wsdl:operation>
    <wsdl:operation name="CargarNotaDesdeFacturaToeBill">
      <soap:operation soapAction="http://tempuri.org/IIntegracion/CargarNotaDesdeFacturaToeBill" style="document"/>
      <wsdl:input>
        <soap:body use="literal"/>
      </wsdl:input>
      <wsdl:output>
        <soap:body use="literal"/>
      </wsdl:output>
    </wsdl:operation>
    <wsdl:operation name="TraerEstadoCuentaXCliente">
      <soap:operation soapAction="http://tempuri.org/IIntegracion/TraerEstadoCuentaXCliente" style="document"/>
      <wsdl:input>
        <soap:body use="literal"/>
      </wsdl:input>
      <wsdl:output>
        <soap:body use="literal"/>
      </wsdl:output>
    </wsdl:operation>
    <wsdl:operation name="CargarDocumentosElectronicosToeBillGenericFULLImp">
      <soap:operation soapAction="http://tempuri.org/IIntegracion/CargarDocumentosElectronicosToeBillGenericFULLImp" style="document"/>
      <wsdl:input>
        <soap:body use="literal"/>
      </wsdl:input>
      <wsdl:output>
        <soap:body use="literal"/>
      </wsdl:output>
    </wsdl:operation>
    <wsdl:operation name="RecepcionDocumentosElectronicos">
      <soap:operation soapAction="http://tempuri.org/IIntegracion/RecepcionDocumentosElectronicos" style="document"/>
      <wsdl:input>
        <soap:body use="literal"/>
      </wsdl:input>
      <wsdl:output>
        <soap:body use="literal"/>
      </wsdl:output>
    </wsdl:operation>
    <wsdl:operation name="SolicitareBillFacturasRadicadasRecepcion">
      <soap:operation soapAction="http://tempuri.org/IIntegracion/SolicitareBillFacturasRadicadasRecepcion" style="document"/>
      <wsdl:input>
        <soap:body use="literal"/>
      </wsdl:input>
      <wsdl:output>
        <soap:body use="literal"/>
      </wsdl:output>
    </wsdl:operation>
    <wsdl:operation name="SolicitaeBillPDFRecepcion">
      <soap:operation soapAction="http://tempuri.org/IIntegracion/SolicitaeBillPDFRecepcion" style="document"/>
      <wsdl:input>
        <soap:body use="literal"/>
      </wsdl:input>
      <wsdl:output>
        <soap:body use="literal"/>
      </wsdl:output>
    </wsdl:operation>
    <wsdl:operation name="SolicitaeBillPDFRecepcion_TerceroPagador">
      <soap:operation soapAction="http://tempuri.org/IIntegracion/SolicitaeBillPDFRecepcion_TerceroPagador" style="document"/>
      <wsdl:input>
        <soap:body use="literal"/>
      </wsdl:input>
      <wsdl:output>
        <soap:body use="literal"/>
      </wsdl:output>
    </wsdl:operation>
    <wsdl:operation name="SolicitaCreareBillResoluciones">
      <soap:operation soapAction="http://tempuri.org/IIntegracion/SolicitaCreareBillResoluciones" style="document"/>
      <wsdl:input>
        <soap:body use="literal"/>
      </wsdl:input>
      <wsdl:output>
        <soap:body use="literal"/>
      </wsdl:output>
    </wsdl:operation>
    <wsdl:operation name="CargarDocumentosElectronicosToeBillGenericFULLPDFCUFE">
      <soap:operation soapAction="http://tempuri.org/IIntegracion/CargarDocumentosElectronicosToeBillGenericFULLPDFCUFE" style="document"/>
      <wsdl:input>
        <soap:body use="literal"/>
      </wsdl:input>
      <wsdl:output>
        <soap:body use="literal"/>
      </wsdl:output>
    </wsdl:operation>
    <wsdl:operation name="ActualizarEstadosOCRecepcion">
      <soap:operation soapAction="http://tempuri.org/IIntegracion/ActualizarEstadosOCRecepcion" style="document"/>
      <wsdl:input>
        <soap:body use="literal"/>
      </wsdl:input>
      <wsdl:output>
        <soap:body use="literal"/>
      </wsdl:output>
    </wsdl:operation>
    <wsdl:operation name="CargarDocumentosElectronicosToeBillGenericFULLFacturaMinimaLegal">
      <soap:operation soapAction="http://tempuri.org/IIntegracion/CargarDocumentosElectronicosToeBillGenericFULLFacturaMinimaLegal" style="document"/>
      <wsdl:input>
        <soap:body use="literal"/>
      </wsdl:input>
      <wsdl:output>
        <soap:body use="literal"/>
      </wsdl:output>
    </wsdl:operation>
    <wsdl:operation name="RechazarDocumentosRadicados">
      <soap:operation soapAction="http://tempuri.org/IIntegracion/RechazarDocumentosRadicados" style="document"/>
      <wsdl:input>
        <soap:body use="literal"/>
      </wsdl:input>
      <wsdl:output>
        <soap:body use="literal"/>
      </wsdl:output>
    </wsdl:operation>
    <wsdl:operation name="RechazarDocumentosRadicadosNotificacionDIAN">
      <soap:operation soapAction="http://tempuri.org/IIntegracion/RechazarDocumentosRadicadosNotificacionDIAN" style="document"/>
      <wsdl:input>
        <soap:body use="literal"/>
      </wsdl:input>
      <wsdl:output>
        <soap:body use="literal"/>
      </wsdl:output>
    </wsdl:operation>
    <wsdl:operation name="AceptarDocumentosRadicadosNotificacionDIAN">
      <soap:operation soapAction="http://tempuri.org/IIntegracion/AceptarDocumentosRadicadosNotificacionDIAN" style="document"/>
      <wsdl:input>
        <soap:body use="literal"/>
      </wsdl:input>
      <wsdl:output>
        <soap:body use="literal"/>
      </wsdl:output>
    </wsdl:operation>
    <wsdl:operation name="SolicitaeBillPDFTAXLong">
      <soap:operation soapAction="http://tempuri.org/IIntegracion/SolicitaeBillPDFTAXLong" style="document"/>
      <wsdl:input>
        <soap:body use="literal"/>
      </wsdl:input>
      <wsdl:output>
        <soap:body use="literal"/>
      </wsdl:output>
    </wsdl:operation>
    <wsdl:operation name="CrearProveedoreseBill">
      <soap:operation soapAction="http://tempuri.org/IIntegracion/CrearProveedoreseBill" style="document"/>
      <wsdl:input>
        <soap:body use="literal"/>
      </wsdl:input>
      <wsdl:output>
        <soap:body use="literal"/>
      </wsdl:output>
    </wsdl:operation>
    <wsdl:operation name="LoginProveedorTecnologico">
      <soap:operation soapAction="http://tempuri.org/IIntegracion/LoginProveedorTecnologico" style="document"/>
      <wsdl:input>
        <soap:body use="literal"/>
      </wsdl:input>
      <wsdl:output>
        <soap:body use="literal"/>
      </wsdl:output>
    </wsdl:operation>
    <wsdl:operation name="TraerDatosProveedorFTP">
      <soap:operation soapAction="http://tempuri.org/IIntegracion/TraerDatosProveedorFTP" style="document"/>
      <wsdl:input>
        <soap:body use="literal"/>
      </wsdl:input>
      <wsdl:output>
        <soap:body use="literal"/>
      </wsdl:output>
    </wsdl:operation>
    <wsdl:operation name="HistorialRadicacion">
      <soap:operation soapAction="http://tempuri.org/IIntegracion/HistorialRadicacion" style="document"/>
      <wsdl:input>
        <soap:body use="literal"/>
      </wsdl:input>
      <wsdl:output>
        <soap:body use="literal"/>
      </wsdl:output>
    </wsdl:operation>
    <wsdl:operation name="ExisteConvenioEmpresas">
      <soap:operation soapAction="http://tempuri.org/IIntegracion/ExisteConvenioEmpresas" style="document"/>
      <wsdl:input>
        <soap:body use="literal"/>
      </wsdl:input>
      <wsdl:output>
        <soap:body use="literal"/>
      </wsdl:output>
    </wsdl:operation>
    <wsdl:operation name="ConsultaResolucionesDIAN">
      <soap:operation soapAction="http://tempuri.org/IIntegracion/ConsultaResolucionesDIAN" style="document"/>
      <wsdl:input>
        <soap:body use="literal"/>
      </wsdl:input>
      <wsdl:output>
        <soap:body use="literal"/>
      </wsdl:output>
    </wsdl:operation>
    <wsdl:operation name="SolicitareBillFacturasRadicadasRecepcionXEstado">
      <soap:operation soapAction="http://tempuri.org/IIntegracion/SolicitareBillFacturasRadicadasRecepcionXEstado" style="document"/>
      <wsdl:input>
        <soap:body use="literal"/>
      </wsdl:input>
      <wsdl:output>
        <soap:body use="literal"/>
      </wsdl:output>
    </wsdl:operation>
    <wsdl:operation name="ActualizarEstadoFacturasRadicadasRecepcion">
      <soap:operation soapAction="http://tempuri.org/IIntegracion/ActualizarEstadoFacturasRadicadasRecepcion" style="document"/>
      <wsdl:input>
        <soap:body use="literal"/>
      </wsdl:input>
      <wsdl:output>
        <soap:body use="literal"/>
      </wsdl:output>
    </wsdl:operation>
    <wsdl:operation name="CrearEmpresaeBill">
      <soap:operation soapAction="http://tempuri.org/IIntegracion/CrearEmpresaeBill" style="document"/>
      <wsdl:input>
        <soap:body use="literal"/>
      </wsdl:input>
      <wsdl:output>
        <soap:body use="literal"/>
      </wsdl:output>
    </wsdl:operation>
    <wsdl:operation name="SolicitaDatosDetalleXDocumento">
      <soap:operation soapAction="http://tempuri.org/IIntegracion/SolicitaDatosDetalleXDocumento" style="document"/>
      <wsdl:input>
        <soap:body use="literal"/>
      </wsdl:input>
      <wsdl:output>
        <soap:body use="literal"/>
      </wsdl:output>
    </wsdl:operation>
    <wsdl:operation name="SolicitaParametrosGestionDocumental">
      <soap:operation soapAction="http://tempuri.org/IIntegracion/SolicitaParametrosGestionDocumental" style="document"/>
      <wsdl:input>
        <soap:body use="literal"/>
      </wsdl:input>
      <wsdl:output>
        <soap:body use="literal"/>
      </wsdl:output>
    </wsdl:operation>
    <wsdl:operation name="ObtenerParametroCliente">
      <soap:operation soapAction="http://tempuri.org/IIntegracion/ObtenerParametroCliente" style="document"/>
      <wsdl:input>
        <soap:body use="literal"/>
      </wsdl:input>
      <wsdl:output>
        <soap:body use="literal"/>
      </wsdl:output>
    </wsdl:operation>
    <wsdl:operation name="ActualizarFechaParametro">
      <soap:operation soapAction="http://tempuri.org/IIntegracion/ActualizarFechaParametro" style="document"/>
      <wsdl:input>
        <soap:body use="literal"/>
      </wsdl:input>
      <wsdl:output>
        <soap:body use="literal"/>
      </wsdl:output>
    </wsdl:operation>
    <wsdl:operation name="ConsultaDatosDocumentosEmitidos">
      <soap:operation soapAction="http://tempuri.org/IIntegracion/ConsultaDatosDocumentosEmitidos" style="document"/>
      <wsdl:input>
        <soap:body use="literal"/>
      </wsdl:input>
      <wsdl:output>
        <soap:body use="literal"/>
      </wsdl:output>
    </wsdl:operation>
    <wsdl:operation name="TraerDatosProveedorTecnologico">
      <soap:operation soapAction="http://tempuri.org/IIntegracion/TraerDatosProveedorTecnologico" style="document"/>
      <wsdl:input>
        <soap:body use="literal"/>
      </wsdl:input>
      <wsdl:output>
        <soap:body use="literal"/>
      </wsdl:output>
    </wsdl:operation>
    <wsdl:operation name="TraerDatosEmpresasEmisoras">
      <soap:operation soapAction="http://tempuri.org/IIntegracion/TraerDatosEmpresasEmisoras" style="document"/>
      <wsdl:input>
        <soap:body use="literal"/>
      </wsdl:input>
      <wsdl:output>
        <soap:body use="literal"/>
      </wsdl:output>
    </wsdl:operation>
    <wsdl:operation name="TraerDocumentosEmision">
      <soap:operation soapAction="http://tempuri.org/IIntegracion/TraerDocumentosEmision" style="document"/>
      <wsdl:input>
        <soap:body use="literal"/>
      </wsdl:input>
      <wsdl:output>
        <soap:body use="literal"/>
      </wsdl:output>
    </wsdl:operation>
    <wsdl:operation name="TraerAdjuntosXDocumento">
      <soap:operation soapAction="http://tempuri.org/IIntegracion/TraerAdjuntosXDocumento" style="document"/>
      <wsdl:input>
        <soap:body use="literal"/>
      </wsdl:input>
      <wsdl:output>
        <soap:body use="literal"/>
      </wsdl:output>
    </wsdl:operation>
    <wsdl:operation name="CambiarContrasenaInteroperabilidad">
      <soap:operation soapAction="http://tempuri.org/IIntegracion/CambiarContrasenaInteroperabilidad" style="document"/>
      <wsdl:input>
        <soap:body use="literal"/>
      </wsdl:input>
      <wsdl:output>
        <soap:body use="literal"/>
      </wsdl:output>
    </wsdl:operation>
    <wsdl:operation name="RegistroArchivoEmitido">
      <soap:operation soapAction="http://tempuri.org/IIntegracion/RegistroArchivoEmitido" style="document"/>
      <wsdl:input>
        <soap:body use="literal"/>
      </wsdl:input>
      <wsdl:output>
        <soap:body use="literal"/>
      </wsdl:output>
    </wsdl:operation>
    <wsdl:operation name="ValidaXML">
      <soap:operation soapAction="http://tempuri.org/IIntegracion/ValidaXML" style="document"/>
      <wsdl:input>
        <soap:body use="literal"/>
      </wsdl:input>
      <wsdl:output>
        <soap:body use="literal"/>
      </wsdl:output>
    </wsdl:operation>
    <wsdl:operation name="EmpresaRecibeInteroperabilidad">
      <soap:operation soapAction="http://tempuri.org/IIntegracion/EmpresaRecibeInteroperabilidad" style="document"/>
      <wsdl:input>
        <soap:body use="literal"/>
      </wsdl:input>
      <wsdl:output>
        <soap:body use="literal"/>
      </wsdl:output>
    </wsdl:operation>
    <wsdl:operation name="RegistroRespuestaDocInteroperabilidad">
      <soap:operation soapAction="http://tempuri.org/IIntegracion/RegistroRespuestaDocInteroperabilidad" style="document"/>
      <wsdl:input>
        <soap:body use="literal"/>
      </wsdl:input>
      <wsdl:output>
        <soap:body use="literal"/>
      </wsdl:output>
    </wsdl:operation>
    <wsdl:operation name="ConsultaHistoricoEstadosDocumentoRecibidoIO">
      <soap:operation soapAction="http://tempuri.org/IIntegracion/ConsultaHistoricoEstadosDocumentoRecibidoIO" style="document"/>
      <wsdl:input>
        <soap:body use="literal"/>
      </wsdl:input>
      <wsdl:output>
        <soap:body use="literal"/>
      </wsdl:output>
    </wsdl:operation>
    <wsdl:operation name="ConsultarAppResponseDocumentoRecibido">
      <soap:operation soapAction="http://tempuri.org/IIntegracion/ConsultarAppResponseDocumentoRecibido" style="document"/>
      <wsdl:input>
        <soap:body use="literal"/>
      </wsdl:input>
      <wsdl:output>
        <soap:body use="literal"/>
      </wsdl:output>
    </wsdl:operation>
    <wsdl:operation name="TraerDocumentosSinRespuestaIO">
      <soap:operation soapAction="http://tempuri.org/IIntegracion/TraerDocumentosSinRespuestaIO" style="document"/>
      <wsdl:input>
        <soap:body use="literal"/>
      </wsdl:input>
      <wsdl:output>
        <soap:body use="literal"/>
      </wsdl:output>
    </wsdl:operation>
    <wsdl:operation name="ValidaRespuestaRecepcion">
      <soap:operation soapAction="http://tempuri.org/IIntegracion/ValidaRespuestaRecepcion" style="document"/>
      <wsdl:input>
        <soap:body use="literal"/>
      </wsdl:input>
      <wsdl:output>
        <soap:body use="literal"/>
      </wsdl:output>
    </wsdl:operation>
    <wsdl:operation name="SolicitareBillFacturasRadicadasRecepcionXRango">
      <soap:operation soapAction="http://tempuri.org/IIntegracion/SolicitareBillFacturasRadicadasRecepcionXRango" style="document"/>
      <wsdl:input>
        <soap:body use="literal"/>
      </wsdl:input>
      <wsdl:output>
        <soap:body use="literal"/>
      </wsdl:output>
    </wsdl:operation>
    <wsdl:operation name="ActualizaEstadoNotificadoDocumentosIO">
      <soap:operation soapAction="http://tempuri.org/IIntegracion/ActualizaEstadoNotificadoDocumentosIO" style="document"/>
      <wsdl:input>
        <soap:body use="literal"/>
      </wsdl:input>
      <wsdl:output>
        <soap:body use="literal"/>
      </wsdl:output>
    </wsdl:operation>
    <wsdl:operation name="EnviarDocumentoElectronico">
      <soap:operation soapAction="http://tempuri.org/IIntegracion/EnviarDocumentoElectronico" style="document"/>
      <wsdl:input>
        <soap:body use="literal"/>
      </wsdl:input>
      <wsdl:output>
        <soap:body use="literal"/>
      </wsdl:output>
    </wsdl:operation>
    <wsdl:operation name="TraerDocumentosRecepcionxNuevosEstados">
      <soap:operation soapAction="http://tempuri.org/IIntegracion/TraerDocumentosRecepcionxNuevosEstados" style="document"/>
      <wsdl:input>
        <soap:body use="literal"/>
      </wsdl:input>
      <wsdl:output>
        <soap:body use="literal"/>
      </wsdl:output>
    </wsdl:operation>
    <wsdl:operation name="RegistrarPagoCargaAnexo">
      <soap:operation soapAction="http://tempuri.org/IIntegracion/RegistrarPagoCargaAnexo" style="document"/>
      <wsdl:input>
        <soap:body use="literal"/>
      </wsdl:input>
      <wsdl:output>
        <soap:body use="literal"/>
      </wsdl:output>
    </wsdl:operation>
    <wsdl:operation name="ActualizarDocumentosDatoContabilzacion">
      <soap:operation soapAction="http://tempuri.org/IIntegracion/ActualizarDocumentosDatoContabilzacion" style="document"/>
      <wsdl:input>
        <soap:body use="literal"/>
      </wsdl:input>
      <wsdl:output>
        <soap:body use="literal"/>
      </wsdl:output>
    </wsdl:operation>
    <wsdl:operation name="ConsultaIdentificadorFacturaXOrderID">
      <soap:operation soapAction="http://tempuri.org/IIntegracion/ConsultaIdentificadorFacturaXOrderID" style="document"/>
      <wsdl:input>
        <soap:body use="literal"/>
      </wsdl:input>
      <wsdl:output>
        <soap:body use="literal"/>
      </wsdl:output>
    </wsdl:operation>
    <wsdl:operation name="FV_TraerDocumentosPendientesDeEnvioxEmpresaxFecha">
      <soap:operation soapAction="http://tempuri.org/IIntegracion/FV_TraerDocumentosPendientesDeEnvioxEmpresaxFecha" style="document"/>
      <wsdl:input>
        <soap:body use="literal"/>
      </wsdl:input>
      <wsdl:output>
        <soap:body use="literal"/>
      </wsdl:output>
    </wsdl:operation>
    <wsdl:operation name="FV_TraerXMLDocumento">
      <soap:operation soapAction="http://tempuri.org/IIntegracion/FV_TraerXMLDocumento" style="document"/>
      <wsdl:input>
        <soap:body use="literal"/>
      </wsdl:input>
      <wsdl:output>
        <soap:body use="literal"/>
      </wsdl:output>
    </wsdl:operation>
    <wsdl:operation name="FV_TraerDatosEmpesasEmisorasConDFEPendientesDeEnvio">
      <soap:operation soapAction="http://tempuri.org/IIntegracion/FV_TraerDatosEmpesasEmisorasConDFEPendientesDeEnvio" style="document"/>
      <wsdl:input>
        <soap:body use="literal"/>
      </wsdl:input>
      <wsdl:output>
        <soap:body use="literal"/>
      </wsdl:output>
    </wsdl:operation>
    <wsdl:operation name="FV_RegistroRespuestaDocEmitido">
      <soap:operation soapAction="http://tempuri.org/IIntegracion/FV_RegistroRespuestaDocEmitido" style="document"/>
      <wsdl:input>
        <soap:body use="literal"/>
      </wsdl:input>
      <wsdl:output>
        <soap:body use="literal"/>
      </wsdl:output>
    </wsdl:operation>
    <wsdl:operation name="ConsultaDatosDocumentosRecibidos">
      <soap:operation soapAction="http://tempuri.org/IIntegracion/ConsultaDatosDocumentosRecibidos" style="document"/>
      <wsdl:input>
        <soap:body use="literal"/>
      </wsdl:input>
      <wsdl:output>
        <soap:body use="literal"/>
      </wsdl:output>
    </wsdl:operation>
    <wsdl:operation name="ConsultaDatosDocumentosRecibidos_TerceroPagador">
      <soap:operation soapAction="http://tempuri.org/IIntegracion/ConsultaDatosDocumentosRecibidos_TerceroPagador" style="document"/>
      <wsdl:input>
        <soap:body use="literal"/>
      </wsdl:input>
      <wsdl:output>
        <soap:body use="literal"/>
      </wsdl:output>
    </wsdl:operation>
    <wsdl:operation name="AgregaQRToPDFDocumentoElectronico">
      <soap:operation soapAction="http://tempuri.org/IIntegracion/AgregaQRToPDFDocumentoElectronico" style="document"/>
      <wsdl:input>
        <soap:body use="literal"/>
      </wsdl:input>
      <wsdl:output>
        <soap:body use="literal"/>
      </wsdl:output>
    </wsdl:operation>
    <wsdl:operation name="TraerCertificadoDigital">
      <soap:operation soapAction="http://tempuri.org/IIntegracion/TraerCertificadoDigital" style="document"/>
      <wsdl:input>
        <soap:body use="literal"/>
      </wsdl:input>
      <wsdl:output>
        <soap:body use="literal"/>
      </wsdl:output>
    </wsdl:operation>
    <wsdl:operation name="SolicitaDatosDocumentoElectronicoQWS">
      <soap:operation soapAction="http://tempuri.org/IIntegracion/SolicitaDatosDocumentoElectronicoQWS" style="document"/>
      <wsdl:input>
        <soap:body use="literal"/>
      </wsdl:input>
      <wsdl:output>
        <soap:body use="literal"/>
      </wsdl:output>
    </wsdl:operation>
    <wsdl:operation name="FV_TraerDatosEmpresasNotificar">
      <soap:operation soapAction="http://tempuri.org/IIntegracion/FV_TraerDatosEmpresasNotificar" style="document"/>
      <wsdl:input>
        <soap:body use="literal"/>
      </wsdl:input>
      <wsdl:output>
        <soap:body use="literal"/>
      </wsdl:output>
    </wsdl:operation>
    <wsdl:operation name="TraerDatosEmpresasNotificar">
      <soap:operation soapAction="http://tempuri.org/IIntegracion/TraerDatosEmpresasNotificar" style="document"/>
      <wsdl:input>
        <soap:body use="literal"/>
      </wsdl:input>
      <wsdl:output>
        <soap:body use="literal"/>
      </wsdl:output>
    </wsdl:operation>
    <wsdl:operation name="FV_TraerDocumentosPendientesNotificar">
      <soap:operation soapAction="http://tempuri.org/IIntegracion/FV_TraerDocumentosPendientesNotificar" style="document"/>
      <wsdl:input>
        <soap:body use="literal"/>
      </wsdl:input>
      <wsdl:output>
        <soap:body use="literal"/>
      </wsdl:output>
    </wsdl:operation>
    <wsdl:operation name="FV_TraerDocumentosPendientesNotificar_Otros">
      <soap:operation soapAction="http://tempuri.org/IIntegracion/FV_TraerDocumentosPendientesNotificar_Otros" style="document"/>
      <wsdl:input>
        <soap:body use="literal"/>
      </wsdl:input>
      <wsdl:output>
        <soap:body use="literal"/>
      </wsdl:output>
    </wsdl:operation>
    <wsdl:operation name="TraerDocumentosPendientesNotificar">
      <soap:operation soapAction="http://tempuri.org/IIntegracion/TraerDocumentosPendientesNotificar" style="document"/>
      <wsdl:input>
        <soap:body use="literal"/>
      </wsdl:input>
      <wsdl:output>
        <soap:body use="literal"/>
      </wsdl:output>
    </wsdl:operation>
    <wsdl:operation name="SolicitareBillFacturasRadicadasRecepcionXNitRecXDiaRec">
      <soap:operation soapAction="http://tempuri.org/IIntegracion/SolicitareBillFacturasRadicadasRecepcionXNitRecXDiaRec" style="document"/>
      <wsdl:input>
        <soap:body use="literal"/>
      </wsdl:input>
      <wsdl:output>
        <soap:body use="literal"/>
      </wsdl:output>
    </wsdl:operation>
    <wsdl:operation name="SolicitareBillFacturasRadicadasRecepcionXNitRecXDiaRec_TerceroPagador">
      <soap:operation soapAction="http://tempuri.org/IIntegracion/SolicitareBillFacturasRadicadasRecepcionXNitRecXDiaRec_TerceroPagador" style="document"/>
      <wsdl:input>
        <soap:body use="literal"/>
      </wsdl:input>
      <wsdl:output>
        <soap:body use="literal"/>
      </wsdl:output>
    </wsdl:operation>
    <wsdl:operation name="FV_NotificarDocumentoCliente">
      <soap:operation soapAction="http://tempuri.org/IIntegracion/FV_NotificarDocumentoCliente" style="document"/>
      <wsdl:input>
        <soap:body use="literal"/>
      </wsdl:input>
      <wsdl:output>
        <soap:body use="literal"/>
      </wsdl:output>
    </wsdl:operation>
    <wsdl:operation name="FV_ValidacionXML_DIAN">
      <soap:operation soapAction="http://tempuri.org/IIntegracion/FV_ValidacionXML_DIAN" style="document"/>
      <wsdl:input>
        <soap:body use="literal"/>
      </wsdl:input>
      <wsdl:output>
        <soap:body use="literal"/>
      </wsdl:output>
    </wsdl:operation>
    <wsdl:operation name="FV_CargarDocumentosElectronicosToeBillGenericFULLPDFCUFE">
      <soap:operation soapAction="http://tempuri.org/IIntegracion/FV_CargarDocumentosElectronicosToeBillGenericFULLPDFCUFE" style="document"/>
      <wsdl:input>
        <soap:body use="literal"/>
      </wsdl:input>
      <wsdl:output>
        <soap:body use="literal"/>
      </wsdl:output>
    </wsdl:operation>
    <wsdl:operation name="FV_CargarDocumentosElectronicosToeBillGenericFULL">
      <soap:operation soapAction="http://tempuri.org/IIntegracion/FV_CargarDocumentosElectronicosToeBillGenericFULL" style="document"/>
      <wsdl:input>
        <soap:body use="literal"/>
      </wsdl:input>
      <wsdl:output>
        <soap:body use="literal"/>
      </wsdl:output>
    </wsdl:operation>
    <wsdl:operation name="TraerAdjuntosXPrefijoXNumXTipoComp">
      <soap:operation soapAction="http://tempuri.org/IIntegracion/TraerAdjuntosXPrefijoXNumXTipoComp" style="document"/>
      <wsdl:input>
        <soap:body use="literal"/>
      </wsdl:input>
      <wsdl:output>
        <soap:body use="literal"/>
      </wsdl:output>
    </wsdl:operation>
    <wsdl:operation name="FV_TraerPaquetesEmitidosPendientesDeStatusDian">
      <soap:operation soapAction="http://tempuri.org/IIntegracion/FV_TraerPaquetesEmitidosPendientesDeStatusDian" style="document"/>
      <wsdl:input>
        <soap:body use="literal"/>
      </wsdl:input>
      <wsdl:output>
        <soap:body use="literal"/>
      </wsdl:output>
    </wsdl:operation>
    <wsdl:operation name="FV_RegistroPaqueteEmitido">
      <soap:operation soapAction="http://tempuri.org/IIntegracion/FV_RegistroPaqueteEmitido" style="document"/>
      <wsdl:input>
        <soap:body use="literal"/>
      </wsdl:input>
      <wsdl:output>
        <soap:body use="literal"/>
      </wsdl:output>
    </wsdl:operation>
    <wsdl:operation name="FV_CargarDocumentosElectronicosToeBillTxN">
      <soap:operation soapAction="http://tempuri.org/IIntegracion/FV_CargarDocumentosElectronicosToeBillTxN" style="document"/>
      <wsdl:input>
        <soap:body use="literal"/>
      </wsdl:input>
      <wsdl:output>
        <soap:body use="literal"/>
      </wsdl:output>
    </wsdl:operation>
    <wsdl:operation name="FV_CargarDocumentosElectronicosToeBillTxA">
      <soap:operation soapAction="http://tempuri.org/IIntegracion/FV_CargarDocumentosElectronicosToeBillTxA" style="document"/>
      <wsdl:input>
        <soap:body use="literal"/>
      </wsdl:input>
      <wsdl:output>
        <soap:body use="literal"/>
      </wsdl:output>
    </wsdl:operation>
    <wsdl:operation name="FV_RegistroEstadoPaqueteEmitido">
      <soap:operation soapAction="http://tempuri.org/IIntegracion/FV_RegistroEstadoPaqueteEmitido" style="document"/>
      <wsdl:input>
        <soap:body use="literal"/>
      </wsdl:input>
      <wsdl:output>
        <soap:body use="literal"/>
      </wsdl:output>
    </wsdl:operation>
    <wsdl:operation name="FV_EnviarDocumentoaDIAN">
      <soap:operation soapAction="http://tempuri.org/IIntegracion/FV_EnviarDocumentoaDIAN" style="document"/>
      <wsdl:input>
        <soap:body use="literal"/>
      </wsdl:input>
      <wsdl:output>
        <soap:body use="literal"/>
      </wsdl:output>
    </wsdl:operation>
    <wsdl:operation name="FV_EnviarDocumentoaDIAN_Contingencia">
      <soap:operation soapAction="http://tempuri.org/IIntegracion/FV_EnviarDocumentoaDIAN_Contingencia" style="document"/>
      <wsdl:input>
        <soap:body use="literal"/>
      </wsdl:input>
      <wsdl:output>
        <soap:body use="literal"/>
      </wsdl:output>
    </wsdl:operation>
    <wsdl:operation name="FV_LiberarDocumentosEstadoProcesamiento">
      <soap:operation soapAction="http://tempuri.org/IIntegracion/FV_LiberarDocumentosEstadoProcesamiento" style="document"/>
      <wsdl:input>
        <soap:body use="literal"/>
      </wsdl:input>
      <wsdl:output>
        <soap:body use="literal"/>
      </wsdl:output>
    </wsdl:operation>
    <wsdl:operation name="FV_LiberarPaquetesEstadoProcesamiento">
      <soap:operation soapAction="http://tempuri.org/IIntegracion/FV_LiberarPaquetesEstadoProcesamiento" style="document"/>
      <wsdl:input>
        <soap:body use="literal"/>
      </wsdl:input>
      <wsdl:output>
        <soap:body use="literal"/>
      </wsdl:output>
    </wsdl:operation>
    <wsdl:operation name="FV_LiberarDocsEmitidosEstadoProcesamiento">
      <soap:operation soapAction="http://tempuri.org/IIntegracion/FV_LiberarDocsEmitidosEstadoProcesamiento" style="document"/>
      <wsdl:input>
        <soap:body use="literal"/>
      </wsdl:input>
      <wsdl:output>
        <soap:body use="literal"/>
      </wsdl:output>
    </wsdl:operation>
    <wsdl:operation name="FV_ConsultaEstado_DIANV2">
      <soap:operation soapAction="http://tempuri.org/IIntegracion/FV_ConsultaEstado_DIANV2" style="document"/>
      <wsdl:input>
        <soap:body use="literal"/>
      </wsdl:input>
      <wsdl:output>
        <soap:body use="literal"/>
      </wsdl:output>
    </wsdl:operation>
    <wsdl:operation name="FV_ProcesarRespuestaEnvioSincrono">
      <soap:operation soapAction="http://tempuri.org/IIntegracion/FV_ProcesarRespuestaEnvioSincrono" style="document"/>
      <wsdl:input>
        <soap:body use="literal"/>
      </wsdl:input>
      <wsdl:output>
        <soap:body use="literal"/>
      </wsdl:output>
    </wsdl:operation>
    <wsdl:operation name="FV_ProcesarRespuestaEnvioAsincrono">
      <soap:operation soapAction="http://tempuri.org/IIntegracion/FV_ProcesarRespuestaEnvioAsincrono" style="document"/>
      <wsdl:input>
        <soap:body use="literal"/>
      </wsdl:input>
      <wsdl:output>
        <soap:body use="literal"/>
      </wsdl:output>
    </wsdl:operation>
    <wsdl:operation name="FV_RegistroEstadoDocEmitido">
      <soap:operation soapAction="http://tempuri.org/IIntegracion/FV_RegistroEstadoDocEmitido" style="document"/>
      <wsdl:input>
        <soap:body use="literal"/>
      </wsdl:input>
      <wsdl:output>
        <soap:body use="literal"/>
      </wsdl:output>
    </wsdl:operation>
    <wsdl:operation name="FV_TraerDocumentosEmitidosPendientesDeStatusDian">
      <soap:operation soapAction="http://tempuri.org/IIntegracion/FV_TraerDocumentosEmitidosPendientesDeStatusDian" style="document"/>
      <wsdl:input>
        <soap:body use="literal"/>
      </wsdl:input>
      <wsdl:output>
        <soap:body use="literal"/>
      </wsdl:output>
    </wsdl:operation>
    <wsdl:operation name="NuevoEventoLogeBill">
      <soap:operation soapAction="http://tempuri.org/IIntegracion/NuevoEventoLogeBill" style="document"/>
      <wsdl:input>
        <soap:body use="literal"/>
      </wsdl:input>
      <wsdl:output>
        <soap:body use="literal"/>
      </wsdl:output>
    </wsdl:operation>
    <wsdl:operation name="TraerIdUltimoDocumentoXEmpresa">
      <soap:operation soapAction="http://tempuri.org/IIntegracion/TraerIdUltimoDocumentoXEmpresa" style="document"/>
      <wsdl:input>
        <soap:body use="literal"/>
      </wsdl:input>
      <wsdl:output>
        <soap:body use="literal"/>
      </wsdl:output>
    </wsdl:operation>
    <wsdl:operation name="AlmacenarRegistroLogReglas">
      <soap:operation soapAction="http://tempuri.org/IIntegracion/AlmacenarRegistroLogReglas" style="document"/>
      <wsdl:input>
        <soap:body use="literal"/>
      </wsdl:input>
      <wsdl:output>
        <soap:body use="literal"/>
      </wsdl:output>
    </wsdl:operation>
    <wsdl:operation name="FV_TraerResumenReglasTotal">
      <soap:operation soapAction="http://tempuri.org/IIntegracion/FV_TraerResumenReglasTotal" style="document"/>
      <wsdl:input>
        <soap:body use="literal"/>
      </wsdl:input>
      <wsdl:output>
        <soap:body use="literal"/>
      </wsdl:output>
    </wsdl:operation>
    <wsdl:operation name="NegociarDocumentoFactoring">
      <soap:operation soapAction="http://tempuri.org/IIntegracion/NegociarDocumentoFactoring" style="document"/>
      <wsdl:input>
        <soap:body use="literal"/>
      </wsdl:input>
      <wsdl:output>
        <soap:body use="literal"/>
      </wsdl:output>
    </wsdl:operation>
    <wsdl:operation name="FV_CrearNombreArchivoZipDian">
      <soap:operation soapAction="http://tempuri.org/IIntegracion/FV_CrearNombreArchivoZipDian" style="document"/>
      <wsdl:input>
        <soap:body use="literal"/>
      </wsdl:input>
      <wsdl:output>
        <soap:body use="literal"/>
      </wsdl:output>
    </wsdl:operation>
    <wsdl:operation name="FV_ExisteContingenciaDianDeclarada">
      <soap:operation soapAction="http://tempuri.org/IIntegracion/FV_ExisteContingenciaDianDeclarada" style="document"/>
      <wsdl:input>
        <soap:body use="literal"/>
      </wsdl:input>
      <wsdl:output>
        <soap:body use="literal"/>
      </wsdl:output>
    </wsdl:operation>
    <wsdl:operation name="ExisteContingenciaDianDeclarada">
      <soap:operation soapAction="http://tempuri.org/IIntegracion/ExisteContingenciaDianDeclarada" style="document"/>
      <wsdl:input>
        <soap:body use="literal"/>
      </wsdl:input>
      <wsdl:output>
        <soap:body use="literal"/>
      </wsdl:output>
    </wsdl:operation>
    <wsdl:operation name="FV_TraerIncidenteContingenciaReciente">
      <soap:operation soapAction="http://tempuri.org/IIntegracion/FV_TraerIncidenteContingenciaReciente" style="document"/>
      <wsdl:input>
        <soap:body use="literal"/>
      </wsdl:input>
      <wsdl:output>
        <soap:body use="literal"/>
      </wsdl:output>
    </wsdl:operation>
    <wsdl:operation name="FV_RegistrarHeartBeatContingencia">
      <soap:operation soapAction="http://tempuri.org/IIntegracion/FV_RegistrarHeartBeatContingencia" style="document"/>
      <wsdl:input>
        <soap:body use="literal"/>
      </wsdl:input>
      <wsdl:output>
        <soap:body use="literal"/>
      </wsdl:output>
    </wsdl:operation>
    <wsdl:operation name="FV_ActualizarContingencia">
      <soap:operation soapAction="http://tempuri.org/IIntegracion/FV_ActualizarContingencia" style="document"/>
      <wsdl:input>
        <soap:body use="literal"/>
      </wsdl:input>
      <wsdl:output>
        <soap:body use="literal"/>
      </wsdl:output>
    </wsdl:operation>
    <wsdl:operation name="FV_RegistrarIncidenteContingencia">
      <soap:operation soapAction="http://tempuri.org/IIntegracion/FV_RegistrarIncidenteContingencia" style="document"/>
      <wsdl:input>
        <soap:body use="literal"/>
      </wsdl:input>
      <wsdl:output>
        <soap:body use="literal"/>
      </wsdl:output>
    </wsdl:operation>
    <wsdl:operation name="FV_TraerTiposIncidentesContingencia">
      <soap:operation soapAction="http://tempuri.org/IIntegracion/FV_TraerTiposIncidentesContingencia" style="document"/>
      <wsdl:input>
        <soap:body use="literal"/>
      </wsdl:input>
      <wsdl:output>
        <soap:body use="literal"/>
      </wsdl:output>
    </wsdl:operation>
    <wsdl:operation name="CargarPDFDocumentoElectronico_AgregarQR">
      <soap:operation soapAction="http://tempuri.org/IIntegracion/CargarPDFDocumentoElectronico_AgregarQR" style="document"/>
      <wsdl:input>
        <soap:body use="literal"/>
      </wsdl:input>
      <wsdl:output>
        <soap:body use="literal"/>
      </wsdl:output>
    </wsdl:operation>
    <wsdl:operation name="FV_CargarNotaDesdeFacturaToeBill">
      <soap:operation soapAction="http://tempuri.org/IIntegracion/FV_CargarNotaDesdeFacturaToeBill" style="document"/>
      <wsdl:input>
        <soap:body use="literal"/>
      </wsdl:input>
      <wsdl:output>
        <soap:body use="literal"/>
      </wsdl:output>
    </wsdl:operation>
    <wsdl:operation name="FV_GenerarReporteRecepcion">
      <soap:operation soapAction="http://tempuri.org/IIntegracion/FV_GenerarReporteRecepcion" style="document"/>
      <wsdl:input>
        <soap:body use="literal"/>
      </wsdl:input>
      <wsdl:output>
        <soap:body use="literal"/>
      </wsdl:output>
    </wsdl:operation>
    <wsdl:operation name="FV_GenerarReporteEmision">
      <soap:operation soapAction="http://tempuri.org/IIntegracion/FV_GenerarReporteEmision" style="document"/>
      <wsdl:input>
        <soap:body use="literal"/>
      </wsdl:input>
      <wsdl:output>
        <soap:body use="literal"/>
      </wsdl:output>
    </wsdl:operation>
    <wsdl:operation name="FV_GenerarReporteRecepcionPSV">
      <soap:operation soapAction="http://tempuri.org/IIntegracion/FV_GenerarReporteRecepcionPSV" style="document"/>
      <wsdl:input>
        <soap:body use="literal"/>
      </wsdl:input>
      <wsdl:output>
        <soap:body use="literal"/>
      </wsdl:output>
    </wsdl:operation>
    <wsdl:operation name="FV_GenerarReporteEmisionPSV">
      <soap:operation soapAction="http://tempuri.org/IIntegracion/FV_GenerarReporteEmisionPSV" style="document"/>
      <wsdl:input>
        <soap:body use="literal"/>
      </wsdl:input>
      <wsdl:output>
        <soap:body use="literal"/>
      </wsdl:output>
    </wsdl:operation>
    <wsdl:operation name="FV_SolicitaeBillPDF">
      <soap:operation soapAction="http://tempuri.org/IIntegracion/FV_SolicitaeBillPDF" style="document"/>
      <wsdl:input>
        <soap:body use="literal"/>
      </wsdl:input>
      <wsdl:output>
        <soap:body use="literal"/>
      </wsdl:output>
    </wsdl:operation>
    <wsdl:operation name="FV_GenerarReporteDocumentosEmitidosXFechaXEstado">
      <soap:operation soapAction="http://tempuri.org/IIntegracion/FV_GenerarReporteDocumentosEmitidosXFechaXEstado" style="document"/>
      <wsdl:input>
        <soap:body use="literal"/>
      </wsdl:input>
      <wsdl:output>
        <soap:body use="literal"/>
      </wsdl:output>
    </wsdl:operation>
    <wsdl:operation name="FV_GenerarReporteValidacionDocumentosRecibidos">
      <soap:operation soapAction="http://tempuri.org/IIntegracion/FV_GenerarReporteValidacionDocumentosRecibidos" style="document"/>
      <wsdl:input>
        <soap:body use="literal"/>
      </wsdl:input>
      <wsdl:output>
        <soap:body use="literal"/>
      </wsdl:output>
    </wsdl:operation>
    <wsdl:operation name="FV_ConsultaEstado_DIANV2Long">
      <soap:operation soapAction="http://tempuri.org/IIntegracion/FV_ConsultaEstado_DIANV2Long" style="document"/>
      <wsdl:input>
        <soap:body use="literal"/>
      </wsdl:input>
      <wsdl:output>
        <soap:body use="literal"/>
      </wsdl:output>
    </wsdl:operation>
  </wsdl:binding>
  <wsdl:binding name="BasicHttpBinding_IIntegracion1" type="tns:IIntegracion">
    <wsp:PolicyReference URI="#BasicHttpBinding_IIntegracion1_policy"/>
    <soap:binding transport="http://schemas.xmlsoap.org/soap/http"/>
    <wsdl:operation name="FV_NotificarFacturasExitosas_Seven">
      <soap:operation soapAction="http://tempuri.org/IIntegracion/FV_NotificarFacturasExitosas_Seven" style="document"/>
      <wsdl:input>
        <soap:body use="literal"/>
      </wsdl:input>
      <wsdl:output>
        <soap:body use="literal"/>
      </wsdl:output>
    </wsdl:operation>
    <wsdl:operation name="RegistrarPagoDocumentoRadicadoNotificacionDian">
      <soap:operation soapAction="http://tempuri.org/IIntegracion/RegistrarPagoDocumentoRadicadoNotificacionDian" style="document"/>
      <wsdl:input>
        <soap:body use="literal"/>
      </wsdl:input>
      <wsdl:output>
        <soap:body use="literal"/>
      </wsdl:output>
    </wsdl:operation>
    <wsdl:operation name="SolicitaeBillPDFTAX_GR">
      <soap:operation soapAction="http://tempuri.org/IIntegracion/SolicitaeBillPDFTAX_GR" style="document"/>
      <wsdl:input>
        <soap:body use="literal"/>
      </wsdl:input>
      <wsdl:output>
        <soap:body use="literal"/>
      </wsdl:output>
    </wsdl:operation>
    <wsdl:operation name="SolicitarEventosRecibidosXNitEmisorXDiaRec">
      <soap:operation soapAction="http://tempuri.org/IIntegracion/SolicitarEventosRecibidosXNitEmisorXDiaRec" style="document"/>
      <wsdl:input>
        <soap:body use="literal"/>
      </wsdl:input>
      <wsdl:output>
        <soap:body use="literal"/>
      </wsdl:output>
    </wsdl:operation>
    <wsdl:operation name="AceptacionTacitaDocumentosRadicadosNotificacionDIAN">
      <soap:operation soapAction="http://tempuri.org/IIntegracion/AceptacionTacitaDocumentosRadicadosNotificacionDIAN" style="document"/>
      <wsdl:input>
        <soap:body use="literal"/>
      </wsdl:input>
      <wsdl:output>
        <soap:body use="literal"/>
      </wsdl:output>
    </wsdl:operation>
    <wsdl:operation name="AcuseReciboDocumentosRadicadosNotificacionDIAN">
      <soap:operation soapAction="http://tempuri.org/IIntegracion/AcuseReciboDocumentosRadicadosNotificacionDIAN" style="document"/>
      <wsdl:input>
        <soap:body use="literal"/>
      </wsdl:input>
      <wsdl:output>
        <soap:body use="literal"/>
      </wsdl:output>
    </wsdl:operation>
    <wsdl:operation name="ReciboBienServicioRadicadosNotificacionDIAN">
      <soap:operation soapAction="http://tempuri.org/IIntegracion/ReciboBienServicioRadicadosNotificacionDIAN" style="document"/>
      <wsdl:input>
        <soap:body use="literal"/>
      </wsdl:input>
      <wsdl:output>
        <soap:body use="literal"/>
      </wsdl:output>
    </wsdl:operation>
    <wsdl:operation name="RegistrarIntentoFallidoRecepcion">
      <soap:operation soapAction="http://tempuri.org/IIntegracion/RegistrarIntentoFallidoRecepcion" style="document"/>
      <wsdl:input>
        <soap:body use="literal"/>
      </wsdl:input>
      <wsdl:output>
        <soap:body use="literal"/>
      </wsdl:output>
    </wsdl:operation>
    <wsdl:operation name="RepararDocumentoExitosoDIAN">
      <soap:operation soapAction="http://tempuri.org/IIntegracion/RepararDocumentoExitosoDIAN" style="document"/>
      <wsdl:input>
        <soap:body use="literal"/>
      </wsdl:input>
      <wsdl:output>
        <soap:body use="literal"/>
      </wsdl:output>
    </wsdl:operation>
    <wsdl:operation name="SolicitareBillFacturasRadicadasRecepcionXRango_TerceroPagador">
      <soap:operation soapAction="http://tempuri.org/IIntegracion/SolicitareBillFacturasRadicadasRecepcionXRango_TerceroPagador" style="document"/>
      <wsdl:input>
        <soap:body use="literal"/>
      </wsdl:input>
      <wsdl:output>
        <soap:body use="literal"/>
      </wsdl:output>
    </wsdl:operation>
    <wsdl:operation name="TraerAdjuntosXPrefijoXNumXTipoComp_TerceroPagador">
      <soap:operation soapAction="http://tempuri.org/IIntegracion/TraerAdjuntosXPrefijoXNumXTipoComp_TerceroPagador" style="document"/>
      <wsdl:input>
        <soap:body use="literal"/>
      </wsdl:input>
      <wsdl:output>
        <soap:body use="literal"/>
      </wsdl:output>
    </wsdl:operation>
    <wsdl:operation name="AcuerdoEBillVigente">
      <soap:operation soapAction="http://tempuri.org/IIntegracion/AcuerdoEBillVigente" style="document"/>
      <wsdl:input>
        <soap:body use="literal"/>
      </wsdl:input>
      <wsdl:output>
        <soap:body use="literal"/>
      </wsdl:output>
    </wsdl:operation>
    <wsdl:operation name="CalculoContenidoTecnicoControl">
      <soap:operation soapAction="http://tempuri.org/IIntegracion/CalculoContenidoTecnicoControl" style="document"/>
      <wsdl:input>
        <soap:body use="literal"/>
      </wsdl:input>
      <wsdl:output>
        <soap:body use="literal"/>
      </wsdl:output>
    </wsdl:operation>
    <wsdl:operation name="CargarXML25CoreToeBill">
      <soap:operation soapAction="http://tempuri.org/IIntegracion/CargarXML25CoreToeBill" style="document"/>
      <wsdl:input>
        <soap:body use="literal"/>
      </wsdl:input>
      <wsdl:output>
        <soap:body use="literal"/>
      </wsdl:output>
    </wsdl:operation>
    <wsdl:operation name="CargarFacturasToeBillGeneric">
      <soap:operation soapAction="http://tempuri.org/IIntegracion/CargarFacturasToeBillGeneric" style="document"/>
      <wsdl:input>
        <soap:body use="literal"/>
      </wsdl:input>
      <wsdl:output>
        <soap:body use="literal"/>
      </wsdl:output>
    </wsdl:operation>
    <wsdl:operation name="CargarFacturasToeBillGenericFix">
      <soap:operation soapAction="http://tempuri.org/IIntegracion/CargarFacturasToeBillGenericFix" style="document"/>
      <wsdl:input>
        <soap:body use="literal"/>
      </wsdl:input>
      <wsdl:output>
        <soap:body use="literal"/>
      </wsdl:output>
    </wsdl:operation>
    <wsdl:operation name="CargarNotasToeBillGeneric">
      <soap:operation soapAction="http://tempuri.org/IIntegracion/CargarNotasToeBillGeneric" style="document"/>
      <wsdl:input>
        <soap:body use="literal"/>
      </wsdl:input>
      <wsdl:output>
        <soap:body use="literal"/>
      </wsdl:output>
    </wsdl:operation>
    <wsdl:operation name="CargarFacturasToeBillGenericTAX">
      <soap:operation soapAction="http://tempuri.org/IIntegracion/CargarFacturasToeBillGenericTAX" style="document"/>
      <wsdl:input>
        <soap:body use="literal"/>
      </wsdl:input>
      <wsdl:output>
        <soap:body use="literal"/>
      </wsdl:output>
    </wsdl:operation>
    <wsdl:operation name="CargarNotasToeBillGenericTAX">
      <soap:operation soapAction="http://tempuri.org/IIntegracion/CargarNotasToeBillGenericTAX" style="document"/>
      <wsdl:input>
        <soap:body use="literal"/>
      </wsdl:input>
      <wsdl:output>
        <soap:body use="literal"/>
      </wsdl:output>
    </wsdl:operation>
    <wsdl:operation name="RecibePDFNumrot">
      <soap:operation soapAction="http://tempuri.org/IIntegracion/RecibePDFNumrot" style="document"/>
      <wsdl:input>
        <soap:body use="literal"/>
      </wsdl:input>
      <wsdl:output>
        <soap:body use="literal"/>
      </wsdl:output>
    </wsdl:operation>
    <wsdl:operation name="SolicitaeBillPDF">
      <soap:operation soapAction="http://tempuri.org/IIntegracion/SolicitaeBillPDF" style="document"/>
      <wsdl:input>
        <soap:body use="literal"/>
      </wsdl:input>
      <wsdl:output>
        <soap:body use="literal"/>
      </wsdl:output>
    </wsdl:operation>
    <wsdl:operation name="SolicitaeBillPDFTAX">
      <soap:operation soapAction="http://tempuri.org/IIntegracion/SolicitaeBillPDFTAX" style="document"/>
      <wsdl:input>
        <soap:body use="literal"/>
      </wsdl:input>
      <wsdl:output>
        <soap:body use="literal"/>
      </wsdl:output>
    </wsdl:operation>
    <wsdl:operation name="NotificarFacturasPagadas">
      <soap:operation soapAction="http://tempuri.org/IIntegracion/NotificarFacturasPagadas" style="document"/>
      <wsdl:input>
        <soap:body use="literal"/>
      </wsdl:input>
      <wsdl:output>
        <soap:body use="literal"/>
      </wsdl:output>
    </wsdl:operation>
    <wsdl:operation name="NotificarFacturasPagadasTAX">
      <soap:operation soapAction="http://tempuri.org/IIntegracion/NotificarFacturasPagadasTAX" style="document"/>
      <wsdl:input>
        <soap:body use="literal"/>
      </wsdl:input>
      <wsdl:output>
        <soap:body use="literal"/>
      </wsdl:output>
    </wsdl:operation>
    <wsdl:operation name="NotificarFacturasAnuladasTAX">
      <soap:operation soapAction="http://tempuri.org/IIntegracion/NotificarFacturasAnuladasTAX" style="document"/>
      <wsdl:input>
        <soap:body use="literal"/>
      </wsdl:input>
      <wsdl:output>
        <soap:body use="literal"/>
      </wsdl:output>
    </wsdl:operation>
    <wsdl:operation name="CargarDocumentosElectronicosToeBillGenericTAX">
      <soap:operation soapAction="http://tempuri.org/IIntegracion/CargarDocumentosElectronicosToeBillGenericTAX" style="document"/>
      <wsdl:input>
        <soap:body use="literal"/>
      </wsdl:input>
      <wsdl:output>
        <soap:body use="literal"/>
      </wsdl:output>
    </wsdl:operation>
    <wsdl:operation name="CargarDocumentosElectronicosToeBillGenericFULL">
      <soap:operation soapAction="http://tempuri.org/IIntegracion/CargarDocumentosElectronicosToeBillGenericFULL" style="document"/>
      <wsdl:input>
        <soap:body use="literal"/>
      </wsdl:input>
      <wsdl:output>
        <soap:body use="literal"/>
      </wsdl:output>
    </wsdl:operation>
    <wsdl:operation name="SolicitaDatosDocumentoElectronico">
      <soap:operation soapAction="http://tempuri.org/IIntegracion/SolicitaDatosDocumentoElectronico" style="document"/>
      <wsdl:input>
        <soap:body use="literal"/>
      </wsdl:input>
      <wsdl:output>
        <soap:body use="literal"/>
      </wsdl:output>
    </wsdl:operation>
    <wsdl:operation name="SolicitaeBillPDFXCodigo">
      <soap:operation soapAction="http://tempuri.org/IIntegracion/SolicitaeBillPDFXCodigo" style="document"/>
      <wsdl:input>
        <soap:body use="literal"/>
      </wsdl:input>
      <wsdl:output>
        <soap:body use="literal"/>
      </wsdl:output>
    </wsdl:operation>
    <wsdl:operation name="CargarPDFDocumentoElectronico">
      <soap:operation soapAction="http://tempuri.org/IIntegracion/CargarPDFDocumentoElectronico" style="document"/>
      <wsdl:input>
        <soap:body use="literal"/>
      </wsdl:input>
      <wsdl:output>
        <soap:body use="literal"/>
      </wsdl:output>
    </wsdl:operation>
    <wsdl:operation name="CargarDocumentosElectronicosToeBillGenericFULLDesdePDF">
      <soap:operation soapAction="http://tempuri.org/IIntegracion/CargarDocumentosElectronicosToeBillGenericFULLDesdePDF" style="document"/>
      <wsdl:input>
        <soap:body use="literal"/>
      </wsdl:input>
      <wsdl:output>
        <soap:body use="literal"/>
      </wsdl:output>
    </wsdl:operation>
    <wsdl:operation name="CargarNotaDesdeFacturaToeBill">
      <soap:operation soapAction="http://tempuri.org/IIntegracion/CargarNotaDesdeFacturaToeBill" style="document"/>
      <wsdl:input>
        <soap:body use="literal"/>
      </wsdl:input>
      <wsdl:output>
        <soap:body use="literal"/>
      </wsdl:output>
    </wsdl:operation>
    <wsdl:operation name="TraerEstadoCuentaXCliente">
      <soap:operation soapAction="http://tempuri.org/IIntegracion/TraerEstadoCuentaXCliente" style="document"/>
      <wsdl:input>
        <soap:body use="literal"/>
      </wsdl:input>
      <wsdl:output>
        <soap:body use="literal"/>
      </wsdl:output>
    </wsdl:operation>
    <wsdl:operation name="CargarDocumentosElectronicosToeBillGenericFULLImp">
      <soap:operation soapAction="http://tempuri.org/IIntegracion/CargarDocumentosElectronicosToeBillGenericFULLImp" style="document"/>
      <wsdl:input>
        <soap:body use="literal"/>
      </wsdl:input>
      <wsdl:output>
        <soap:body use="literal"/>
      </wsdl:output>
    </wsdl:operation>
    <wsdl:operation name="RecepcionDocumentosElectronicos">
      <soap:operation soapAction="http://tempuri.org/IIntegracion/RecepcionDocumentosElectronicos" style="document"/>
      <wsdl:input>
        <soap:body use="literal"/>
      </wsdl:input>
      <wsdl:output>
        <soap:body use="literal"/>
      </wsdl:output>
    </wsdl:operation>
    <wsdl:operation name="SolicitareBillFacturasRadicadasRecepcion">
      <soap:operation soapAction="http://tempuri.org/IIntegracion/SolicitareBillFacturasRadicadasRecepcion" style="document"/>
      <wsdl:input>
        <soap:body use="literal"/>
      </wsdl:input>
      <wsdl:output>
        <soap:body use="literal"/>
      </wsdl:output>
    </wsdl:operation>
    <wsdl:operation name="SolicitaeBillPDFRecepcion">
      <soap:operation soapAction="http://tempuri.org/IIntegracion/SolicitaeBillPDFRecepcion" style="document"/>
      <wsdl:input>
        <soap:body use="literal"/>
      </wsdl:input>
      <wsdl:output>
        <soap:body use="literal"/>
      </wsdl:output>
    </wsdl:operation>
    <wsdl:operation name="SolicitaeBillPDFRecepcion_TerceroPagador">
      <soap:operation soapAction="http://tempuri.org/IIntegracion/SolicitaeBillPDFRecepcion_TerceroPagador" style="document"/>
      <wsdl:input>
        <soap:body use="literal"/>
      </wsdl:input>
      <wsdl:output>
        <soap:body use="literal"/>
      </wsdl:output>
    </wsdl:operation>
    <wsdl:operation name="SolicitaCreareBillResoluciones">
      <soap:operation soapAction="http://tempuri.org/IIntegracion/SolicitaCreareBillResoluciones" style="document"/>
      <wsdl:input>
        <soap:body use="literal"/>
      </wsdl:input>
      <wsdl:output>
        <soap:body use="literal"/>
      </wsdl:output>
    </wsdl:operation>
    <wsdl:operation name="CargarDocumentosElectronicosToeBillGenericFULLPDFCUFE">
      <soap:operation soapAction="http://tempuri.org/IIntegracion/CargarDocumentosElectronicosToeBillGenericFULLPDFCUFE" style="document"/>
      <wsdl:input>
        <soap:body use="literal"/>
      </wsdl:input>
      <wsdl:output>
        <soap:body use="literal"/>
      </wsdl:output>
    </wsdl:operation>
    <wsdl:operation name="ActualizarEstadosOCRecepcion">
      <soap:operation soapAction="http://tempuri.org/IIntegracion/ActualizarEstadosOCRecepcion" style="document"/>
      <wsdl:input>
        <soap:body use="literal"/>
      </wsdl:input>
      <wsdl:output>
        <soap:body use="literal"/>
      </wsdl:output>
    </wsdl:operation>
    <wsdl:operation name="CargarDocumentosElectronicosToeBillGenericFULLFacturaMinimaLegal">
      <soap:operation soapAction="http://tempuri.org/IIntegracion/CargarDocumentosElectronicosToeBillGenericFULLFacturaMinimaLegal" style="document"/>
      <wsdl:input>
        <soap:body use="literal"/>
      </wsdl:input>
      <wsdl:output>
        <soap:body use="literal"/>
      </wsdl:output>
    </wsdl:operation>
    <wsdl:operation name="RechazarDocumentosRadicados">
      <soap:operation soapAction="http://tempuri.org/IIntegracion/RechazarDocumentosRadicados" style="document"/>
      <wsdl:input>
        <soap:body use="literal"/>
      </wsdl:input>
      <wsdl:output>
        <soap:body use="literal"/>
      </wsdl:output>
    </wsdl:operation>
    <wsdl:operation name="RechazarDocumentosRadicadosNotificacionDIAN">
      <soap:operation soapAction="http://tempuri.org/IIntegracion/RechazarDocumentosRadicadosNotificacionDIAN" style="document"/>
      <wsdl:input>
        <soap:body use="literal"/>
      </wsdl:input>
      <wsdl:output>
        <soap:body use="literal"/>
      </wsdl:output>
    </wsdl:operation>
    <wsdl:operation name="AceptarDocumentosRadicadosNotificacionDIAN">
      <soap:operation soapAction="http://tempuri.org/IIntegracion/AceptarDocumentosRadicadosNotificacionDIAN" style="document"/>
      <wsdl:input>
        <soap:body use="literal"/>
      </wsdl:input>
      <wsdl:output>
        <soap:body use="literal"/>
      </wsdl:output>
    </wsdl:operation>
    <wsdl:operation name="SolicitaeBillPDFTAXLong">
      <soap:operation soapAction="http://tempuri.org/IIntegracion/SolicitaeBillPDFTAXLong" style="document"/>
      <wsdl:input>
        <soap:body use="literal"/>
      </wsdl:input>
      <wsdl:output>
        <soap:body use="literal"/>
      </wsdl:output>
    </wsdl:operation>
    <wsdl:operation name="CrearProveedoreseBill">
      <soap:operation soapAction="http://tempuri.org/IIntegracion/CrearProveedoreseBill" style="document"/>
      <wsdl:input>
        <soap:body use="literal"/>
      </wsdl:input>
      <wsdl:output>
        <soap:body use="literal"/>
      </wsdl:output>
    </wsdl:operation>
    <wsdl:operation name="LoginProveedorTecnologico">
      <soap:operation soapAction="http://tempuri.org/IIntegracion/LoginProveedorTecnologico" style="document"/>
      <wsdl:input>
        <soap:body use="literal"/>
      </wsdl:input>
      <wsdl:output>
        <soap:body use="literal"/>
      </wsdl:output>
    </wsdl:operation>
    <wsdl:operation name="TraerDatosProveedorFTP">
      <soap:operation soapAction="http://tempuri.org/IIntegracion/TraerDatosProveedorFTP" style="document"/>
      <wsdl:input>
        <soap:body use="literal"/>
      </wsdl:input>
      <wsdl:output>
        <soap:body use="literal"/>
      </wsdl:output>
    </wsdl:operation>
    <wsdl:operation name="HistorialRadicacion">
      <soap:operation soapAction="http://tempuri.org/IIntegracion/HistorialRadicacion" style="document"/>
      <wsdl:input>
        <soap:body use="literal"/>
      </wsdl:input>
      <wsdl:output>
        <soap:body use="literal"/>
      </wsdl:output>
    </wsdl:operation>
    <wsdl:operation name="ExisteConvenioEmpresas">
      <soap:operation soapAction="http://tempuri.org/IIntegracion/ExisteConvenioEmpresas" style="document"/>
      <wsdl:input>
        <soap:body use="literal"/>
      </wsdl:input>
      <wsdl:output>
        <soap:body use="literal"/>
      </wsdl:output>
    </wsdl:operation>
    <wsdl:operation name="ConsultaResolucionesDIAN">
      <soap:operation soapAction="http://tempuri.org/IIntegracion/ConsultaResolucionesDIAN" style="document"/>
      <wsdl:input>
        <soap:body use="literal"/>
      </wsdl:input>
      <wsdl:output>
        <soap:body use="literal"/>
      </wsdl:output>
    </wsdl:operation>
    <wsdl:operation name="SolicitareBillFacturasRadicadasRecepcionXEstado">
      <soap:operation soapAction="http://tempuri.org/IIntegracion/SolicitareBillFacturasRadicadasRecepcionXEstado" style="document"/>
      <wsdl:input>
        <soap:body use="literal"/>
      </wsdl:input>
      <wsdl:output>
        <soap:body use="literal"/>
      </wsdl:output>
    </wsdl:operation>
    <wsdl:operation name="ActualizarEstadoFacturasRadicadasRecepcion">
      <soap:operation soapAction="http://tempuri.org/IIntegracion/ActualizarEstadoFacturasRadicadasRecepcion" style="document"/>
      <wsdl:input>
        <soap:body use="literal"/>
      </wsdl:input>
      <wsdl:output>
        <soap:body use="literal"/>
      </wsdl:output>
    </wsdl:operation>
    <wsdl:operation name="CrearEmpresaeBill">
      <soap:operation soapAction="http://tempuri.org/IIntegracion/CrearEmpresaeBill" style="document"/>
      <wsdl:input>
        <soap:body use="literal"/>
      </wsdl:input>
      <wsdl:output>
        <soap:body use="literal"/>
      </wsdl:output>
    </wsdl:operation>
    <wsdl:operation name="SolicitaDatosDetalleXDocumento">
      <soap:operation soapAction="http://tempuri.org/IIntegracion/SolicitaDatosDetalleXDocumento" style="document"/>
      <wsdl:input>
        <soap:body use="literal"/>
      </wsdl:input>
      <wsdl:output>
        <soap:body use="literal"/>
      </wsdl:output>
    </wsdl:operation>
    <wsdl:operation name="SolicitaParametrosGestionDocumental">
      <soap:operation soapAction="http://tempuri.org/IIntegracion/SolicitaParametrosGestionDocumental" style="document"/>
      <wsdl:input>
        <soap:body use="literal"/>
      </wsdl:input>
      <wsdl:output>
        <soap:body use="literal"/>
      </wsdl:output>
    </wsdl:operation>
    <wsdl:operation name="ObtenerParametroCliente">
      <soap:operation soapAction="http://tempuri.org/IIntegracion/ObtenerParametroCliente" style="document"/>
      <wsdl:input>
        <soap:body use="literal"/>
      </wsdl:input>
      <wsdl:output>
        <soap:body use="literal"/>
      </wsdl:output>
    </wsdl:operation>
    <wsdl:operation name="ActualizarFechaParametro">
      <soap:operation soapAction="http://tempuri.org/IIntegracion/ActualizarFechaParametro" style="document"/>
      <wsdl:input>
        <soap:body use="literal"/>
      </wsdl:input>
      <wsdl:output>
        <soap:body use="literal"/>
      </wsdl:output>
    </wsdl:operation>
    <wsdl:operation name="ConsultaDatosDocumentosEmitidos">
      <soap:operation soapAction="http://tempuri.org/IIntegracion/ConsultaDatosDocumentosEmitidos" style="document"/>
      <wsdl:input>
        <soap:body use="literal"/>
      </wsdl:input>
      <wsdl:output>
        <soap:body use="literal"/>
      </wsdl:output>
    </wsdl:operation>
    <wsdl:operation name="TraerDatosProveedorTecnologico">
      <soap:operation soapAction="http://tempuri.org/IIntegracion/TraerDatosProveedorTecnologico" style="document"/>
      <wsdl:input>
        <soap:body use="literal"/>
      </wsdl:input>
      <wsdl:output>
        <soap:body use="literal"/>
      </wsdl:output>
    </wsdl:operation>
    <wsdl:operation name="TraerDatosEmpresasEmisoras">
      <soap:operation soapAction="http://tempuri.org/IIntegracion/TraerDatosEmpresasEmisoras" style="document"/>
      <wsdl:input>
        <soap:body use="literal"/>
      </wsdl:input>
      <wsdl:output>
        <soap:body use="literal"/>
      </wsdl:output>
    </wsdl:operation>
    <wsdl:operation name="TraerDocumentosEmision">
      <soap:operation soapAction="http://tempuri.org/IIntegracion/TraerDocumentosEmision" style="document"/>
      <wsdl:input>
        <soap:body use="literal"/>
      </wsdl:input>
      <wsdl:output>
        <soap:body use="literal"/>
      </wsdl:output>
    </wsdl:operation>
    <wsdl:operation name="TraerAdjuntosXDocumento">
      <soap:operation soapAction="http://tempuri.org/IIntegracion/TraerAdjuntosXDocumento" style="document"/>
      <wsdl:input>
        <soap:body use="literal"/>
      </wsdl:input>
      <wsdl:output>
        <soap:body use="literal"/>
      </wsdl:output>
    </wsdl:operation>
    <wsdl:operation name="CambiarContrasenaInteroperabilidad">
      <soap:operation soapAction="http://tempuri.org/IIntegracion/CambiarContrasenaInteroperabilidad" style="document"/>
      <wsdl:input>
        <soap:body use="literal"/>
      </wsdl:input>
      <wsdl:output>
        <soap:body use="literal"/>
      </wsdl:output>
    </wsdl:operation>
    <wsdl:operation name="RegistroArchivoEmitido">
      <soap:operation soapAction="http://tempuri.org/IIntegracion/RegistroArchivoEmitido" style="document"/>
      <wsdl:input>
        <soap:body use="literal"/>
      </wsdl:input>
      <wsdl:output>
        <soap:body use="literal"/>
      </wsdl:output>
    </wsdl:operation>
    <wsdl:operation name="ValidaXML">
      <soap:operation soapAction="http://tempuri.org/IIntegracion/ValidaXML" style="document"/>
      <wsdl:input>
        <soap:body use="literal"/>
      </wsdl:input>
      <wsdl:output>
        <soap:body use="literal"/>
      </wsdl:output>
    </wsdl:operation>
    <wsdl:operation name="EmpresaRecibeInteroperabilidad">
      <soap:operation soapAction="http://tempuri.org/IIntegracion/EmpresaRecibeInteroperabilidad" style="document"/>
      <wsdl:input>
        <soap:body use="literal"/>
      </wsdl:input>
      <wsdl:output>
        <soap:body use="literal"/>
      </wsdl:output>
    </wsdl:operation>
    <wsdl:operation name="RegistroRespuestaDocInteroperabilidad">
      <soap:operation soapAction="http://tempuri.org/IIntegracion/RegistroRespuestaDocInteroperabilidad" style="document"/>
      <wsdl:input>
        <soap:body use="literal"/>
      </wsdl:input>
      <wsdl:output>
        <soap:body use="literal"/>
      </wsdl:output>
    </wsdl:operation>
    <wsdl:operation name="ConsultaHistoricoEstadosDocumentoRecibidoIO">
      <soap:operation soapAction="http://tempuri.org/IIntegracion/ConsultaHistoricoEstadosDocumentoRecibidoIO" style="document"/>
      <wsdl:input>
        <soap:body use="literal"/>
      </wsdl:input>
      <wsdl:output>
        <soap:body use="literal"/>
      </wsdl:output>
    </wsdl:operation>
    <wsdl:operation name="ConsultarAppResponseDocumentoRecibido">
      <soap:operation soapAction="http://tempuri.org/IIntegracion/ConsultarAppResponseDocumentoRecibido" style="document"/>
      <wsdl:input>
        <soap:body use="literal"/>
      </wsdl:input>
      <wsdl:output>
        <soap:body use="literal"/>
      </wsdl:output>
    </wsdl:operation>
    <wsdl:operation name="TraerDocumentosSinRespuestaIO">
      <soap:operation soapAction="http://tempuri.org/IIntegracion/TraerDocumentosSinRespuestaIO" style="document"/>
      <wsdl:input>
        <soap:body use="literal"/>
      </wsdl:input>
      <wsdl:output>
        <soap:body use="literal"/>
      </wsdl:output>
    </wsdl:operation>
    <wsdl:operation name="ValidaRespuestaRecepcion">
      <soap:operation soapAction="http://tempuri.org/IIntegracion/ValidaRespuestaRecepcion" style="document"/>
      <wsdl:input>
        <soap:body use="literal"/>
      </wsdl:input>
      <wsdl:output>
        <soap:body use="literal"/>
      </wsdl:output>
    </wsdl:operation>
    <wsdl:operation name="SolicitareBillFacturasRadicadasRecepcionXRango">
      <soap:operation soapAction="http://tempuri.org/IIntegracion/SolicitareBillFacturasRadicadasRecepcionXRango" style="document"/>
      <wsdl:input>
        <soap:body use="literal"/>
      </wsdl:input>
      <wsdl:output>
        <soap:body use="literal"/>
      </wsdl:output>
    </wsdl:operation>
    <wsdl:operation name="ActualizaEstadoNotificadoDocumentosIO">
      <soap:operation soapAction="http://tempuri.org/IIntegracion/ActualizaEstadoNotificadoDocumentosIO" style="document"/>
      <wsdl:input>
        <soap:body use="literal"/>
      </wsdl:input>
      <wsdl:output>
        <soap:body use="literal"/>
      </wsdl:output>
    </wsdl:operation>
    <wsdl:operation name="EnviarDocumentoElectronico">
      <soap:operation soapAction="http://tempuri.org/IIntegracion/EnviarDocumentoElectronico" style="document"/>
      <wsdl:input>
        <soap:body use="literal"/>
      </wsdl:input>
      <wsdl:output>
        <soap:body use="literal"/>
      </wsdl:output>
    </wsdl:operation>
    <wsdl:operation name="TraerDocumentosRecepcionxNuevosEstados">
      <soap:operation soapAction="http://tempuri.org/IIntegracion/TraerDocumentosRecepcionxNuevosEstados" style="document"/>
      <wsdl:input>
        <soap:body use="literal"/>
      </wsdl:input>
      <wsdl:output>
        <soap:body use="literal"/>
      </wsdl:output>
    </wsdl:operation>
    <wsdl:operation name="RegistrarPagoCargaAnexo">
      <soap:operation soapAction="http://tempuri.org/IIntegracion/RegistrarPagoCargaAnexo" style="document"/>
      <wsdl:input>
        <soap:body use="literal"/>
      </wsdl:input>
      <wsdl:output>
        <soap:body use="literal"/>
      </wsdl:output>
    </wsdl:operation>
    <wsdl:operation name="ActualizarDocumentosDatoContabilzacion">
      <soap:operation soapAction="http://tempuri.org/IIntegracion/ActualizarDocumentosDatoContabilzacion" style="document"/>
      <wsdl:input>
        <soap:body use="literal"/>
      </wsdl:input>
      <wsdl:output>
        <soap:body use="literal"/>
      </wsdl:output>
    </wsdl:operation>
    <wsdl:operation name="ConsultaIdentificadorFacturaXOrderID">
      <soap:operation soapAction="http://tempuri.org/IIntegracion/ConsultaIdentificadorFacturaXOrderID" style="document"/>
      <wsdl:input>
        <soap:body use="literal"/>
      </wsdl:input>
      <wsdl:output>
        <soap:body use="literal"/>
      </wsdl:output>
    </wsdl:operation>
    <wsdl:operation name="FV_TraerDocumentosPendientesDeEnvioxEmpresaxFecha">
      <soap:operation soapAction="http://tempuri.org/IIntegracion/FV_TraerDocumentosPendientesDeEnvioxEmpresaxFecha" style="document"/>
      <wsdl:input>
        <soap:body use="literal"/>
      </wsdl:input>
      <wsdl:output>
        <soap:body use="literal"/>
      </wsdl:output>
    </wsdl:operation>
    <wsdl:operation name="FV_TraerXMLDocumento">
      <soap:operation soapAction="http://tempuri.org/IIntegracion/FV_TraerXMLDocumento" style="document"/>
      <wsdl:input>
        <soap:body use="literal"/>
      </wsdl:input>
      <wsdl:output>
        <soap:body use="literal"/>
      </wsdl:output>
    </wsdl:operation>
    <wsdl:operation name="FV_TraerDatosEmpesasEmisorasConDFEPendientesDeEnvio">
      <soap:operation soapAction="http://tempuri.org/IIntegracion/FV_TraerDatosEmpesasEmisorasConDFEPendientesDeEnvio" style="document"/>
      <wsdl:input>
        <soap:body use="literal"/>
      </wsdl:input>
      <wsdl:output>
        <soap:body use="literal"/>
      </wsdl:output>
    </wsdl:operation>
    <wsdl:operation name="FV_RegistroRespuestaDocEmitido">
      <soap:operation soapAction="http://tempuri.org/IIntegracion/FV_RegistroRespuestaDocEmitido" style="document"/>
      <wsdl:input>
        <soap:body use="literal"/>
      </wsdl:input>
      <wsdl:output>
        <soap:body use="literal"/>
      </wsdl:output>
    </wsdl:operation>
    <wsdl:operation name="ConsultaDatosDocumentosRecibidos">
      <soap:operation soapAction="http://tempuri.org/IIntegracion/ConsultaDatosDocumentosRecibidos" style="document"/>
      <wsdl:input>
        <soap:body use="literal"/>
      </wsdl:input>
      <wsdl:output>
        <soap:body use="literal"/>
      </wsdl:output>
    </wsdl:operation>
    <wsdl:operation name="ConsultaDatosDocumentosRecibidos_TerceroPagador">
      <soap:operation soapAction="http://tempuri.org/IIntegracion/ConsultaDatosDocumentosRecibidos_TerceroPagador" style="document"/>
      <wsdl:input>
        <soap:body use="literal"/>
      </wsdl:input>
      <wsdl:output>
        <soap:body use="literal"/>
      </wsdl:output>
    </wsdl:operation>
    <wsdl:operation name="AgregaQRToPDFDocumentoElectronico">
      <soap:operation soapAction="http://tempuri.org/IIntegracion/AgregaQRToPDFDocumentoElectronico" style="document"/>
      <wsdl:input>
        <soap:body use="literal"/>
      </wsdl:input>
      <wsdl:output>
        <soap:body use="literal"/>
      </wsdl:output>
    </wsdl:operation>
    <wsdl:operation name="TraerCertificadoDigital">
      <soap:operation soapAction="http://tempuri.org/IIntegracion/TraerCertificadoDigital" style="document"/>
      <wsdl:input>
        <soap:body use="literal"/>
      </wsdl:input>
      <wsdl:output>
        <soap:body use="literal"/>
      </wsdl:output>
    </wsdl:operation>
    <wsdl:operation name="SolicitaDatosDocumentoElectronicoQWS">
      <soap:operation soapAction="http://tempuri.org/IIntegracion/SolicitaDatosDocumentoElectronicoQWS" style="document"/>
      <wsdl:input>
        <soap:body use="literal"/>
      </wsdl:input>
      <wsdl:output>
        <soap:body use="literal"/>
      </wsdl:output>
    </wsdl:operation>
    <wsdl:operation name="FV_TraerDatosEmpresasNotificar">
      <soap:operation soapAction="http://tempuri.org/IIntegracion/FV_TraerDatosEmpresasNotificar" style="document"/>
      <wsdl:input>
        <soap:body use="literal"/>
      </wsdl:input>
      <wsdl:output>
        <soap:body use="literal"/>
      </wsdl:output>
    </wsdl:operation>
    <wsdl:operation name="TraerDatosEmpresasNotificar">
      <soap:operation soapAction="http://tempuri.org/IIntegracion/TraerDatosEmpresasNotificar" style="document"/>
      <wsdl:input>
        <soap:body use="literal"/>
      </wsdl:input>
      <wsdl:output>
        <soap:body use="literal"/>
      </wsdl:output>
    </wsdl:operation>
    <wsdl:operation name="FV_TraerDocumentosPendientesNotificar">
      <soap:operation soapAction="http://tempuri.org/IIntegracion/FV_TraerDocumentosPendientesNotificar" style="document"/>
      <wsdl:input>
        <soap:body use="literal"/>
      </wsdl:input>
      <wsdl:output>
        <soap:body use="literal"/>
      </wsdl:output>
    </wsdl:operation>
    <wsdl:operation name="FV_TraerDocumentosPendientesNotificar_Otros">
      <soap:operation soapAction="http://tempuri.org/IIntegracion/FV_TraerDocumentosPendientesNotificar_Otros" style="document"/>
      <wsdl:input>
        <soap:body use="literal"/>
      </wsdl:input>
      <wsdl:output>
        <soap:body use="literal"/>
      </wsdl:output>
    </wsdl:operation>
    <wsdl:operation name="TraerDocumentosPendientesNotificar">
      <soap:operation soapAction="http://tempuri.org/IIntegracion/TraerDocumentosPendientesNotificar" style="document"/>
      <wsdl:input>
        <soap:body use="literal"/>
      </wsdl:input>
      <wsdl:output>
        <soap:body use="literal"/>
      </wsdl:output>
    </wsdl:operation>
    <wsdl:operation name="SolicitareBillFacturasRadicadasRecepcionXNitRecXDiaRec">
      <soap:operation soapAction="http://tempuri.org/IIntegracion/SolicitareBillFacturasRadicadasRecepcionXNitRecXDiaRec" style="document"/>
      <wsdl:input>
        <soap:body use="literal"/>
      </wsdl:input>
      <wsdl:output>
        <soap:body use="literal"/>
      </wsdl:output>
    </wsdl:operation>
    <wsdl:operation name="SolicitareBillFacturasRadicadasRecepcionXNitRecXDiaRec_TerceroPagador">
      <soap:operation soapAction="http://tempuri.org/IIntegracion/SolicitareBillFacturasRadicadasRecepcionXNitRecXDiaRec_TerceroPagador" style="document"/>
      <wsdl:input>
        <soap:body use="literal"/>
      </wsdl:input>
      <wsdl:output>
        <soap:body use="literal"/>
      </wsdl:output>
    </wsdl:operation>
    <wsdl:operation name="FV_NotificarDocumentoCliente">
      <soap:operation soapAction="http://tempuri.org/IIntegracion/FV_NotificarDocumentoCliente" style="document"/>
      <wsdl:input>
        <soap:body use="literal"/>
      </wsdl:input>
      <wsdl:output>
        <soap:body use="literal"/>
      </wsdl:output>
    </wsdl:operation>
    <wsdl:operation name="FV_ValidacionXML_DIAN">
      <soap:operation soapAction="http://tempuri.org/IIntegracion/FV_ValidacionXML_DIAN" style="document"/>
      <wsdl:input>
        <soap:body use="literal"/>
      </wsdl:input>
      <wsdl:output>
        <soap:body use="literal"/>
      </wsdl:output>
    </wsdl:operation>
    <wsdl:operation name="FV_CargarDocumentosElectronicosToeBillGenericFULLPDFCUFE">
      <soap:operation soapAction="http://tempuri.org/IIntegracion/FV_CargarDocumentosElectronicosToeBillGenericFULLPDFCUFE" style="document"/>
      <wsdl:input>
        <soap:body use="literal"/>
      </wsdl:input>
      <wsdl:output>
        <soap:body use="literal"/>
      </wsdl:output>
    </wsdl:operation>
    <wsdl:operation name="FV_CargarDocumentosElectronicosToeBillGenericFULL">
      <soap:operation soapAction="http://tempuri.org/IIntegracion/FV_CargarDocumentosElectronicosToeBillGenericFULL" style="document"/>
      <wsdl:input>
        <soap:body use="literal"/>
      </wsdl:input>
      <wsdl:output>
        <soap:body use="literal"/>
      </wsdl:output>
    </wsdl:operation>
    <wsdl:operation name="TraerAdjuntosXPrefijoXNumXTipoComp">
      <soap:operation soapAction="http://tempuri.org/IIntegracion/TraerAdjuntosXPrefijoXNumXTipoComp" style="document"/>
      <wsdl:input>
        <soap:body use="literal"/>
      </wsdl:input>
      <wsdl:output>
        <soap:body use="literal"/>
      </wsdl:output>
    </wsdl:operation>
    <wsdl:operation name="FV_TraerPaquetesEmitidosPendientesDeStatusDian">
      <soap:operation soapAction="http://tempuri.org/IIntegracion/FV_TraerPaquetesEmitidosPendientesDeStatusDian" style="document"/>
      <wsdl:input>
        <soap:body use="literal"/>
      </wsdl:input>
      <wsdl:output>
        <soap:body use="literal"/>
      </wsdl:output>
    </wsdl:operation>
    <wsdl:operation name="FV_RegistroPaqueteEmitido">
      <soap:operation soapAction="http://tempuri.org/IIntegracion/FV_RegistroPaqueteEmitido" style="document"/>
      <wsdl:input>
        <soap:body use="literal"/>
      </wsdl:input>
      <wsdl:output>
        <soap:body use="literal"/>
      </wsdl:output>
    </wsdl:operation>
    <wsdl:operation name="FV_CargarDocumentosElectronicosToeBillTxN">
      <soap:operation soapAction="http://tempuri.org/IIntegracion/FV_CargarDocumentosElectronicosToeBillTxN" style="document"/>
      <wsdl:input>
        <soap:body use="literal"/>
      </wsdl:input>
      <wsdl:output>
        <soap:body use="literal"/>
      </wsdl:output>
    </wsdl:operation>
    <wsdl:operation name="FV_CargarDocumentosElectronicosToeBillTxA">
      <soap:operation soapAction="http://tempuri.org/IIntegracion/FV_CargarDocumentosElectronicosToeBillTxA" style="document"/>
      <wsdl:input>
        <soap:body use="literal"/>
      </wsdl:input>
      <wsdl:output>
        <soap:body use="literal"/>
      </wsdl:output>
    </wsdl:operation>
    <wsdl:operation name="FV_RegistroEstadoPaqueteEmitido">
      <soap:operation soapAction="http://tempuri.org/IIntegracion/FV_RegistroEstadoPaqueteEmitido" style="document"/>
      <wsdl:input>
        <soap:body use="literal"/>
      </wsdl:input>
      <wsdl:output>
        <soap:body use="literal"/>
      </wsdl:output>
    </wsdl:operation>
    <wsdl:operation name="FV_EnviarDocumentoaDIAN">
      <soap:operation soapAction="http://tempuri.org/IIntegracion/FV_EnviarDocumentoaDIAN" style="document"/>
      <wsdl:input>
        <soap:body use="literal"/>
      </wsdl:input>
      <wsdl:output>
        <soap:body use="literal"/>
      </wsdl:output>
    </wsdl:operation>
    <wsdl:operation name="FV_EnviarDocumentoaDIAN_Contingencia">
      <soap:operation soapAction="http://tempuri.org/IIntegracion/FV_EnviarDocumentoaDIAN_Contingencia" style="document"/>
      <wsdl:input>
        <soap:body use="literal"/>
      </wsdl:input>
      <wsdl:output>
        <soap:body use="literal"/>
      </wsdl:output>
    </wsdl:operation>
    <wsdl:operation name="FV_LiberarDocumentosEstadoProcesamiento">
      <soap:operation soapAction="http://tempuri.org/IIntegracion/FV_LiberarDocumentosEstadoProcesamiento" style="document"/>
      <wsdl:input>
        <soap:body use="literal"/>
      </wsdl:input>
      <wsdl:output>
        <soap:body use="literal"/>
      </wsdl:output>
    </wsdl:operation>
    <wsdl:operation name="FV_LiberarPaquetesEstadoProcesamiento">
      <soap:operation soapAction="http://tempuri.org/IIntegracion/FV_LiberarPaquetesEstadoProcesamiento" style="document"/>
      <wsdl:input>
        <soap:body use="literal"/>
      </wsdl:input>
      <wsdl:output>
        <soap:body use="literal"/>
      </wsdl:output>
    </wsdl:operation>
    <wsdl:operation name="FV_LiberarDocsEmitidosEstadoProcesamiento">
      <soap:operation soapAction="http://tempuri.org/IIntegracion/FV_LiberarDocsEmitidosEstadoProcesamiento" style="document"/>
      <wsdl:input>
        <soap:body use="literal"/>
      </wsdl:input>
      <wsdl:output>
        <soap:body use="literal"/>
      </wsdl:output>
    </wsdl:operation>
    <wsdl:operation name="FV_ConsultaEstado_DIANV2">
      <soap:operation soapAction="http://tempuri.org/IIntegracion/FV_ConsultaEstado_DIANV2" style="document"/>
      <wsdl:input>
        <soap:body use="literal"/>
      </wsdl:input>
      <wsdl:output>
        <soap:body use="literal"/>
      </wsdl:output>
    </wsdl:operation>
    <wsdl:operation name="FV_ProcesarRespuestaEnvioSincrono">
      <soap:operation soapAction="http://tempuri.org/IIntegracion/FV_ProcesarRespuestaEnvioSincrono" style="document"/>
      <wsdl:input>
        <soap:body use="literal"/>
      </wsdl:input>
      <wsdl:output>
        <soap:body use="literal"/>
      </wsdl:output>
    </wsdl:operation>
    <wsdl:operation name="FV_ProcesarRespuestaEnvioAsincrono">
      <soap:operation soapAction="http://tempuri.org/IIntegracion/FV_ProcesarRespuestaEnvioAsincrono" style="document"/>
      <wsdl:input>
        <soap:body use="literal"/>
      </wsdl:input>
      <wsdl:output>
        <soap:body use="literal"/>
      </wsdl:output>
    </wsdl:operation>
    <wsdl:operation name="FV_RegistroEstadoDocEmitido">
      <soap:operation soapAction="http://tempuri.org/IIntegracion/FV_RegistroEstadoDocEmitido" style="document"/>
      <wsdl:input>
        <soap:body use="literal"/>
      </wsdl:input>
      <wsdl:output>
        <soap:body use="literal"/>
      </wsdl:output>
    </wsdl:operation>
    <wsdl:operation name="FV_TraerDocumentosEmitidosPendientesDeStatusDian">
      <soap:operation soapAction="http://tempuri.org/IIntegracion/FV_TraerDocumentosEmitidosPendientesDeStatusDian" style="document"/>
      <wsdl:input>
        <soap:body use="literal"/>
      </wsdl:input>
      <wsdl:output>
        <soap:body use="literal"/>
      </wsdl:output>
    </wsdl:operation>
    <wsdl:operation name="NuevoEventoLogeBill">
      <soap:operation soapAction="http://tempuri.org/IIntegracion/NuevoEventoLogeBill" style="document"/>
      <wsdl:input>
        <soap:body use="literal"/>
      </wsdl:input>
      <wsdl:output>
        <soap:body use="literal"/>
      </wsdl:output>
    </wsdl:operation>
    <wsdl:operation name="TraerIdUltimoDocumentoXEmpresa">
      <soap:operation soapAction="http://tempuri.org/IIntegracion/TraerIdUltimoDocumentoXEmpresa" style="document"/>
      <wsdl:input>
        <soap:body use="literal"/>
      </wsdl:input>
      <wsdl:output>
        <soap:body use="literal"/>
      </wsdl:output>
    </wsdl:operation>
    <wsdl:operation name="AlmacenarRegistroLogReglas">
      <soap:operation soapAction="http://tempuri.org/IIntegracion/AlmacenarRegistroLogReglas" style="document"/>
      <wsdl:input>
        <soap:body use="literal"/>
      </wsdl:input>
      <wsdl:output>
        <soap:body use="literal"/>
      </wsdl:output>
    </wsdl:operation>
    <wsdl:operation name="FV_TraerResumenReglasTotal">
      <soap:operation soapAction="http://tempuri.org/IIntegracion/FV_TraerResumenReglasTotal" style="document"/>
      <wsdl:input>
        <soap:body use="literal"/>
      </wsdl:input>
      <wsdl:output>
        <soap:body use="literal"/>
      </wsdl:output>
    </wsdl:operation>
    <wsdl:operation name="NegociarDocumentoFactoring">
      <soap:operation soapAction="http://tempuri.org/IIntegracion/NegociarDocumentoFactoring" style="document"/>
      <wsdl:input>
        <soap:body use="literal"/>
      </wsdl:input>
      <wsdl:output>
        <soap:body use="literal"/>
      </wsdl:output>
    </wsdl:operation>
    <wsdl:operation name="FV_CrearNombreArchivoZipDian">
      <soap:operation soapAction="http://tempuri.org/IIntegracion/FV_CrearNombreArchivoZipDian" style="document"/>
      <wsdl:input>
        <soap:body use="literal"/>
      </wsdl:input>
      <wsdl:output>
        <soap:body use="literal"/>
      </wsdl:output>
    </wsdl:operation>
    <wsdl:operation name="FV_ExisteContingenciaDianDeclarada">
      <soap:operation soapAction="http://tempuri.org/IIntegracion/FV_ExisteContingenciaDianDeclarada" style="document"/>
      <wsdl:input>
        <soap:body use="literal"/>
      </wsdl:input>
      <wsdl:output>
        <soap:body use="literal"/>
      </wsdl:output>
    </wsdl:operation>
    <wsdl:operation name="ExisteContingenciaDianDeclarada">
      <soap:operation soapAction="http://tempuri.org/IIntegracion/ExisteContingenciaDianDeclarada" style="document"/>
      <wsdl:input>
        <soap:body use="literal"/>
      </wsdl:input>
      <wsdl:output>
        <soap:body use="literal"/>
      </wsdl:output>
    </wsdl:operation>
    <wsdl:operation name="FV_TraerIncidenteContingenciaReciente">
      <soap:operation soapAction="http://tempuri.org/IIntegracion/FV_TraerIncidenteContingenciaReciente" style="document"/>
      <wsdl:input>
        <soap:body use="literal"/>
      </wsdl:input>
      <wsdl:output>
        <soap:body use="literal"/>
      </wsdl:output>
    </wsdl:operation>
    <wsdl:operation name="FV_RegistrarHeartBeatContingencia">
      <soap:operation soapAction="http://tempuri.org/IIntegracion/FV_RegistrarHeartBeatContingencia" style="document"/>
      <wsdl:input>
        <soap:body use="literal"/>
      </wsdl:input>
      <wsdl:output>
        <soap:body use="literal"/>
      </wsdl:output>
    </wsdl:operation>
    <wsdl:operation name="FV_ActualizarContingencia">
      <soap:operation soapAction="http://tempuri.org/IIntegracion/FV_ActualizarContingencia" style="document"/>
      <wsdl:input>
        <soap:body use="literal"/>
      </wsdl:input>
      <wsdl:output>
        <soap:body use="literal"/>
      </wsdl:output>
    </wsdl:operation>
    <wsdl:operation name="FV_RegistrarIncidenteContingencia">
      <soap:operation soapAction="http://tempuri.org/IIntegracion/FV_RegistrarIncidenteContingencia" style="document"/>
      <wsdl:input>
        <soap:body use="literal"/>
      </wsdl:input>
      <wsdl:output>
        <soap:body use="literal"/>
      </wsdl:output>
    </wsdl:operation>
    <wsdl:operation name="FV_TraerTiposIncidentesContingencia">
      <soap:operation soapAction="http://tempuri.org/IIntegracion/FV_TraerTiposIncidentesContingencia" style="document"/>
      <wsdl:input>
        <soap:body use="literal"/>
      </wsdl:input>
      <wsdl:output>
        <soap:body use="literal"/>
      </wsdl:output>
    </wsdl:operation>
    <wsdl:operation name="CargarPDFDocumentoElectronico_AgregarQR">
      <soap:operation soapAction="http://tempuri.org/IIntegracion/CargarPDFDocumentoElectronico_AgregarQR" style="document"/>
      <wsdl:input>
        <soap:body use="literal"/>
      </wsdl:input>
      <wsdl:output>
        <soap:body use="literal"/>
      </wsdl:output>
    </wsdl:operation>
    <wsdl:operation name="FV_CargarNotaDesdeFacturaToeBill">
      <soap:operation soapAction="http://tempuri.org/IIntegracion/FV_CargarNotaDesdeFacturaToeBill" style="document"/>
      <wsdl:input>
        <soap:body use="literal"/>
      </wsdl:input>
      <wsdl:output>
        <soap:body use="literal"/>
      </wsdl:output>
    </wsdl:operation>
    <wsdl:operation name="FV_GenerarReporteRecepcion">
      <soap:operation soapAction="http://tempuri.org/IIntegracion/FV_GenerarReporteRecepcion" style="document"/>
      <wsdl:input>
        <soap:body use="literal"/>
      </wsdl:input>
      <wsdl:output>
        <soap:body use="literal"/>
      </wsdl:output>
    </wsdl:operation>
    <wsdl:operation name="FV_GenerarReporteEmision">
      <soap:operation soapAction="http://tempuri.org/IIntegracion/FV_GenerarReporteEmision" style="document"/>
      <wsdl:input>
        <soap:body use="literal"/>
      </wsdl:input>
      <wsdl:output>
        <soap:body use="literal"/>
      </wsdl:output>
    </wsdl:operation>
    <wsdl:operation name="FV_GenerarReporteRecepcionPSV">
      <soap:operation soapAction="http://tempuri.org/IIntegracion/FV_GenerarReporteRecepcionPSV" style="document"/>
      <wsdl:input>
        <soap:body use="literal"/>
      </wsdl:input>
      <wsdl:output>
        <soap:body use="literal"/>
      </wsdl:output>
    </wsdl:operation>
    <wsdl:operation name="FV_GenerarReporteEmisionPSV">
      <soap:operation soapAction="http://tempuri.org/IIntegracion/FV_GenerarReporteEmisionPSV" style="document"/>
      <wsdl:input>
        <soap:body use="literal"/>
      </wsdl:input>
      <wsdl:output>
        <soap:body use="literal"/>
      </wsdl:output>
    </wsdl:operation>
    <wsdl:operation name="FV_SolicitaeBillPDF">
      <soap:operation soapAction="http://tempuri.org/IIntegracion/FV_SolicitaeBillPDF" style="document"/>
      <wsdl:input>
        <soap:body use="literal"/>
      </wsdl:input>
      <wsdl:output>
        <soap:body use="literal"/>
      </wsdl:output>
    </wsdl:operation>
    <wsdl:operation name="FV_GenerarReporteDocumentosEmitidosXFechaXEstado">
      <soap:operation soapAction="http://tempuri.org/IIntegracion/FV_GenerarReporteDocumentosEmitidosXFechaXEstado" style="document"/>
      <wsdl:input>
        <soap:body use="literal"/>
      </wsdl:input>
      <wsdl:output>
        <soap:body use="literal"/>
      </wsdl:output>
    </wsdl:operation>
    <wsdl:operation name="FV_GenerarReporteValidacionDocumentosRecibidos">
      <soap:operation soapAction="http://tempuri.org/IIntegracion/FV_GenerarReporteValidacionDocumentosRecibidos" style="document"/>
      <wsdl:input>
        <soap:body use="literal"/>
      </wsdl:input>
      <wsdl:output>
        <soap:body use="literal"/>
      </wsdl:output>
    </wsdl:operation>
    <wsdl:operation name="FV_ConsultaEstado_DIANV2Long">
      <soap:operation soapAction="http://tempuri.org/IIntegracion/FV_ConsultaEstado_DIANV2Long" style="document"/>
      <wsdl:input>
        <soap:body use="literal"/>
      </wsdl:input>
      <wsdl:output>
        <soap:body use="literal"/>
      </wsdl:output>
    </wsdl:operation>
  </wsdl:binding>
  <wsdl:service name="Integracion">
    <wsdl:port name="BasicHttpBinding_IIntegracion" binding="tns:BasicHttpBinding_IIntegracion">
      <soap:address location="http://testws.facturaenlinea.co/ServiciosFyM/eBill/Integracion.svc"/>
    </wsdl:port>
    <wsdl:port name="BasicHttpBinding_IIntegracion1" binding="tns:BasicHttpBinding_IIntegracion1">
      <soap:address location="https://fymtest.cloudapp.net:444/ServiciosFyM/eBill/Integracion.svc"/>
    </wsdl:port>
  </wsdl:service>
</wsdl:definitions>]]></con:content><con:type>http://schemas.xmlsoap.org/wsdl/</con:type></con:part><con:part><con:url>http://testws.facturaenlinea.co/ServiciosFyM/eBill/Integracion.svc?xsd=xsd0</con:url><con:content><![CDATA[<xs:schema elementFormDefault="qualified" targetNamespace="http://tempuri.org/" xmlns:xs="http://www.w3.org/2001/XMLSchema" xmlns:tns="http://tempuri.org/">
  <xs:import schemaLocation="http://testws.facturaenlinea.co/ServiciosFyM/eBill/Integracion.svc?xsd=xsd2" namespace="http://schemas.datacontract.org/2004/07/eBillCore"/>
  <xs:import schemaLocation="http://testws.facturaenlinea.co/ServiciosFyM/eBill/Integracion.svc?xsd=xsd3" namespace="http://schemas.microsoft.com/2003/10/Serialization/Arrays"/>
  <xs:import schemaLocation="http://testws.facturaenlinea.co/ServiciosFyM/eBill/Integracion.svc?xsd=xsd1" namespace="http://schemas.microsoft.com/2003/10/Serialization/"/>
  <xs:import schemaLocation="http://testws.facturaenlinea.co/ServiciosFyM/eBill/Integracion.svc?xsd=xsd4" namespace="http://schemas.datacontract.org/2004/07/DianResponse"/>
  <xs:import schemaLocation="http://testws.facturaenlinea.co/ServiciosFyM/eBill/Integracion.svc?xsd=xsd6" namespace="http://schemas.datacontract.org/2004/07/UploadDocumentResponse"/>
  <xs:element name="FV_NotificarFacturasExitosas_Seven">
    <xs:complexType>
      <xs:sequence>
        <xs:element minOccurs="0" name="token" nillable="true" type="xs:string"/>
        <xs:element minOccurs="0" name="Prefijo" nillable="true" type="xs:string"/>
        <xs:element minOccurs="0" name="NumeroCFD" type="xs:long"/>
        <xs:element minOccurs="0" name="TipoComprobante" type="xs:int"/>
        <xs:element minOccurs="0" name="idEmpresa" type="xs:int"/>
        <xs:element minOccurs="0" name="respuesta_eBill" nillable="true" type="xs:string"/>
        <xs:element minOccurs="0" name="credenciales" nillable="true" type="xs:string"/>
      </xs:sequence>
    </xs:complexType>
  </xs:element>
  <xs:element name="FV_NotificarFacturasExitosas_SevenResponse">
    <xs:complexType>
      <xs:sequence>
        <xs:element minOccurs="0" name="FV_NotificarFacturasExitosas_SevenResult" nillable="true" type="q1:respuesta_SDT" xmlns:q1="http://schemas.datacontract.org/2004/07/eBillCore"/>
      </xs:sequence>
    </xs:complexType>
  </xs:element>
  <xs:element name="RegistrarPagoDocumentoRadicadoNotificacionDian">
    <xs:complexType>
      <xs:sequence>
        <xs:element minOccurs="0" name="Registro" nillable="true" type="q2:RegistroPagoXFactura" xmlns:q2="http://schemas.datacontract.org/2004/07/eBillCore"/>
        <xs:element minOccurs="0" name="Token" nillable="true" type="xs:string"/>
      </xs:sequence>
    </xs:complexType>
  </xs:element>
  <xs:element name="RegistrarPagoDocumentoRadicadoNotificacionDianResponse">
    <xs:complexType>
      <xs:sequence>
        <xs:element minOccurs="0" name="RegistrarPagoDocumentoRadicadoNotificacionDianResult" nillable="true" type="xs:string"/>
      </xs:sequence>
    </xs:complexType>
  </xs:element>
  <xs:element name="SolicitaeBillPDFTAX_GR">
    <xs:complexType>
      <xs:sequence>
        <xs:element minOccurs="0" name="FacCab" nillable="true" type="q3:CFDCabConexion" xmlns:q3="http://schemas.datacontract.org/2004/07/eBillCore"/>
        <xs:element minOccurs="0" name="Opciones" nillable="true" type="q4:OpcionesConexion" xmlns:q4="http://schemas.datacontract.org/2004/07/eBillCore"/>
        <xs:element minOccurs="0" name="TipoComp" type="xs:int"/>
      </xs:sequence>
    </xs:complexType>
  </xs:element>
  <xs:element name="SolicitaeBillPDFTAX_GRResponse">
    <xs:complexType>
      <xs:sequence>
        <xs:element minOccurs="0" name="SolicitaeBillPDFTAX_GRResult" nillable="true" type="q5:respuesta_eBillWCF" xmlns:q5="http://schemas.datacontract.org/2004/07/eBillCore"/>
      </xs:sequence>
    </xs:complexType>
  </xs:element>
  <xs:element name="SolicitarEventosRecibidosXNitEmisorXDiaRec">
    <xs:complexType>
      <xs:sequence>
        <xs:element minOccurs="0" name="NitEmpresaEmisora" type="xs:int"/>
        <xs:element minOccurs="0" name="TokenEmpresaEmisora" nillable="true" type="xs:string"/>
        <xs:element minOccurs="0" name="fechaRadicacion" type="xs:dateTime"/>
        <xs:element minOccurs="0" name="EventosDocsEmitidos" type="xs:boolean"/>
        <xs:element minOccurs="0" name="TipoEvento" nillable="true" type="xs:string"/>
        <xs:element minOccurs="0" name="IncluirXML" type="xs:boolean"/>
      </xs:sequence>
    </xs:complexType>
  </xs:element>
  <xs:element name="SolicitarEventosRecibidosXNitEmisorXDiaRecResponse">
    <xs:complexType>
      <xs:sequence>
        <xs:element minOccurs="0" name="SolicitarEventosRecibidosXNitEmisorXDiaRecResult" nillable="true" type="q6:ArrayOfEvento_Documento_Electronico" xmlns:q6="http://schemas.datacontract.org/2004/07/eBillCore"/>
      </xs:sequence>
    </xs:complexType>
  </xs:element>
  <xs:element name="AceptacionTacitaDocumentosRadicadosNotificacionDIAN">
    <xs:complexType>
      <xs:sequence>
        <xs:element minOccurs="0" name="FacCab" nillable="true" type="q7:CFDCabConexionInt" xmlns:q7="http://schemas.datacontract.org/2004/07/eBillCore"/>
        <xs:element minOccurs="0" name="Opciones" nillable="true" type="q8:OpcionesConexion" xmlns:q8="http://schemas.datacontract.org/2004/07/eBillCore"/>
        <xs:element minOccurs="0" name="sFechaAceptacion" nillable="true" type="xs:string"/>
        <xs:element minOccurs="0" name="AprobadoPor" type="xs:int"/>
        <xs:element minOccurs="0" name="sNombreAprobador" nillable="true" type="xs:string"/>
        <xs:element minOccurs="0" name="sCorreoAprobador" nillable="true" type="xs:string"/>
      </xs:sequence>
    </xs:complexType>
  </xs:element>
  <xs:element name="AceptacionTacitaDocumentosRadicadosNotificacionDIANResponse">
    <xs:complexType>
      <xs:sequence>
        <xs:element minOccurs="0" name="AceptacionTacitaDocumentosRadicadosNotificacionDIANResult" nillable="true" type="xs:string"/>
      </xs:sequence>
    </xs:complexType>
  </xs:element>
  <xs:element name="AcuseReciboDocumentosRadicadosNotificacionDIAN">
    <xs:complexType>
      <xs:sequence>
        <xs:element minOccurs="0" name="FacCab" nillable="true" type="q9:CFDCabConexionInt" xmlns:q9="http://schemas.datacontract.org/2004/07/eBillCore"/>
        <xs:element minOccurs="0" name="Opciones" nillable="true" type="q10:OpcionesConexion" xmlns:q10="http://schemas.datacontract.org/2004/07/eBillCore"/>
        <xs:element minOccurs="0" name="sNombreAprobador" nillable="true" type="xs:string"/>
        <xs:element minOccurs="0" name="sCorreoAprobador" nillable="true" type="xs:string"/>
      </xs:sequence>
    </xs:complexType>
  </xs:element>
  <xs:element name="AcuseReciboDocumentosRadicadosNotificacionDIANResponse">
    <xs:complexType>
      <xs:sequence>
        <xs:element minOccurs="0" name="AcuseReciboDocumentosRadicadosNotificacionDIANResult" nillable="true" type="xs:string"/>
      </xs:sequence>
    </xs:complexType>
  </xs:element>
  <xs:element name="ReciboBienServicioRadicadosNotificacionDIAN">
    <xs:complexType>
      <xs:sequence>
        <xs:element minOccurs="0" name="FacCab" nillable="true" type="q11:CFDCabConexionInt" xmlns:q11="http://schemas.datacontract.org/2004/07/eBillCore"/>
        <xs:element minOccurs="0" name="Opciones" nillable="true" type="q12:OpcionesConexion" xmlns:q12="http://schemas.datacontract.org/2004/07/eBillCore"/>
        <xs:element minOccurs="0" name="sNombreAprobador" nillable="true" type="xs:string"/>
        <xs:element minOccurs="0" name="sCorreoAprobador" nillable="true" type="xs:string"/>
      </xs:sequence>
    </xs:complexType>
  </xs:element>
  <xs:element name="ReciboBienServicioRadicadosNotificacionDIANResponse">
    <xs:complexType>
      <xs:sequence>
        <xs:element minOccurs="0" name="ReciboBienServicioRadicadosNotificacionDIANResult" nillable="true" type="xs:string"/>
      </xs:sequence>
    </xs:complexType>
  </xs:element>
  <xs:element name="RegistrarIntentoFallidoRecepcion">
    <xs:complexType>
      <xs:sequence>
        <xs:element minOccurs="0" name="DatosDocEle" nillable="true" type="xs:string"/>
        <xs:element minOccurs="0" name="NitEmpresaReceptora" nillable="true" type="xs:string"/>
        <xs:element minOccurs="0" name="PrefijoDoc" nillable="true" type="xs:string"/>
        <xs:element minOccurs="0" name="NumeroDoc" type="xs:decimal"/>
        <xs:element minOccurs="0" name="DescripcionRechazo" nillable="true" type="xs:string"/>
        <xs:element minOccurs="0" name="TipoDocumento" type="xs:int"/>
        <xs:element minOccurs="0" name="NitEmpresaEmisora" nillable="true" type="xs:string"/>
      </xs:sequence>
    </xs:complexType>
  </xs:element>
  <xs:element name="RegistrarIntentoFallidoRecepcionResponse">
    <xs:complexType>
      <xs:sequence>
        <xs:element minOccurs="0" name="RegistrarIntentoFallidoRecepcionResult" type="xs:boolean"/>
      </xs:sequence>
    </xs:complexType>
  </xs:element>
  <xs:element name="RepararDocumentoExitosoDIAN">
    <xs:complexType>
      <xs:sequence>
        <xs:element minOccurs="0" name="NitEmpresaEmisora" nillable="true" type="xs:string"/>
        <xs:element minOccurs="0" name="TokenEmpresaEmisora" nillable="true" type="xs:string"/>
        <xs:element minOccurs="0" name="PrefijoDocumento" nillable="true" type="xs:string"/>
        <xs:element minOccurs="0" name="NumeroDocumento" type="xs:decimal"/>
        <xs:element minOccurs="0" name="TipoDocumento" type="xs:int"/>
      </xs:sequence>
    </xs:complexType>
  </xs:element>
  <xs:element name="RepararDocumentoExitosoDIANResponse">
    <xs:complexType>
      <xs:sequence>
        <xs:element minOccurs="0" name="RepararDocumentoExitosoDIANResult" nillable="true" type="xs:string"/>
      </xs:sequence>
    </xs:complexType>
  </xs:element>
  <xs:element name="SolicitareBillFacturasRadicadasRecepcionXRango_TerceroPagador">
    <xs:complexType>
      <xs:sequence>
        <xs:element minOccurs="0" name="FacCab" nillable="true" type="q13:CFDCabConexionRec" xmlns:q13="http://schemas.datacontract.org/2004/07/eBillCore"/>
        <xs:element minOccurs="0" name="fechaInicial" type="xs:dateTime"/>
        <xs:element minOccurs="0" name="fechaFinal" type="xs:dateTime"/>
        <xs:element minOccurs="0" name="Opciones" nillable="true" type="q14:OpcionesConexionInt" xmlns:q14="http://schemas.datacontract.org/2004/07/eBillCore"/>
      </xs:sequence>
    </xs:complexType>
  </xs:element>
  <xs:element name="SolicitareBillFacturasRadicadasRecepcionXRango_TerceroPagadorResponse">
    <xs:complexType>
      <xs:sequence>
        <xs:element minOccurs="0" name="SolicitareBillFacturasRadicadasRecepcionXRango_TerceroPagadorResult" nillable="true" type="q15:ArrayOfstring" xmlns:q15="http://schemas.microsoft.com/2003/10/Serialization/Arrays"/>
      </xs:sequence>
    </xs:complexType>
  </xs:element>
  <xs:element name="TraerAdjuntosXPrefijoXNumXTipoComp_TerceroPagador">
    <xs:complexType>
      <xs:sequence>
        <xs:element minOccurs="0" name="NitEmpresaReceptora" nillable="true" type="xs:string"/>
        <xs:element minOccurs="0" name="NitEmpresaEmisora" nillable="true" type="xs:string"/>
        <xs:element minOccurs="0" name="Prefijo" nillable="true" type="xs:string"/>
        <xs:element minOccurs="0" name="Numero" type="xs:long"/>
        <xs:element minOccurs="0" name="NumEnlace" nillable="true" type="xs:string"/>
        <xs:element minOccurs="0" name="TipoComprobante" type="xs:int"/>
        <xs:element minOccurs="0" name="Token" nillable="true" type="xs:string"/>
        <xs:element minOccurs="0" name="MultiAnexo" type="xs:boolean"/>
      </xs:sequence>
    </xs:complexType>
  </xs:element>
  <xs:element name="TraerAdjuntosXPrefijoXNumXTipoComp_TerceroPagadorResponse">
    <xs:complexType>
      <xs:sequence>
        <xs:element minOccurs="0" name="TraerAdjuntosXPrefijoXNumXTipoComp_TerceroPagadorResult" nillable="true" type="xs:base64Binary"/>
      </xs:sequence>
    </xs:complexType>
  </xs:element>
  <xs:element name="AcuerdoEBillVigente">
    <xs:complexType>
      <xs:sequence>
        <xs:element minOccurs="0" name="NitObligado" nillable="true" type="xs:string"/>
        <xs:element minOccurs="0" name="NitAdquiriente" nillable="true" type="xs:string"/>
      </xs:sequence>
    </xs:complexType>
  </xs:element>
  <xs:element name="AcuerdoEBillVigenteResponse">
    <xs:complexType>
      <xs:sequence>
        <xs:element minOccurs="0" name="AcuerdoEBillVigenteResult" nillable="true" type="xs:string"/>
      </xs:sequence>
    </xs:complexType>
  </xs:element>
  <xs:element name="CalculoContenidoTecnicoControl">
    <xs:complexType>
      <xs:sequence>
        <xs:element minOccurs="0" name="DatosBasicosFactura" nillable="true" type="xs:string"/>
      </xs:sequence>
    </xs:complexType>
  </xs:element>
  <xs:element name="CalculoContenidoTecnicoControlResponse">
    <xs:complexType>
      <xs:sequence>
        <xs:element minOccurs="0" name="CalculoContenidoTecnicoControlResult" nillable="true" type="xs:string"/>
      </xs:sequence>
    </xs:complexType>
  </xs:element>
  <xs:element name="CargarXML25CoreToeBill">
    <xs:complexType>
      <xs:sequence>
        <xs:element minOccurs="0" name="XMLCore" nillable="true" type="xs:base64Binary"/>
        <xs:element minOccurs="0" name="XMLExt" nillable="true" type="xs:base64Binary"/>
        <xs:element minOccurs="0" name="ValidarEstructura" type="xs:boolean"/>
      </xs:sequence>
    </xs:complexType>
  </xs:element>
  <xs:element name="CargarXML25CoreToeBillResponse">
    <xs:complexType>
      <xs:sequence>
        <xs:element minOccurs="0" name="CargarXML25CoreToeBillResult" nillable="true" type="xs:string"/>
      </xs:sequence>
    </xs:complexType>
  </xs:element>
  <xs:element name="CargarFacturasToeBillGeneric">
    <xs:complexType>
      <xs:sequence>
        <xs:element minOccurs="0" name="FacCab" nillable="true" type="q16:CFDCabConexion" xmlns:q16="http://schemas.datacontract.org/2004/07/eBillCore"/>
        <xs:element minOccurs="0" name="DetFac" nillable="true" type="q17:ArrayOfCFDDetConexion" xmlns:q17="http://schemas.datacontract.org/2004/07/eBillCore"/>
        <xs:element minOccurs="0" name="Opciones" nillable="true" type="q18:OpcionesConexion" xmlns:q18="http://schemas.datacontract.org/2004/07/eBillCore"/>
      </xs:sequence>
    </xs:complexType>
  </xs:element>
  <xs:element name="CargarFacturasToeBillGenericResponse">
    <xs:complexType>
      <xs:sequence>
        <xs:element minOccurs="0" name="CargarFacturasToeBillGenericResult" nillable="true" type="xs:string"/>
      </xs:sequence>
    </xs:complexType>
  </xs:element>
  <xs:element name="CargarFacturasToeBillGenericFix">
    <xs:complexType>
      <xs:sequence>
        <xs:element minOccurs="0" name="FacCab" nillable="true" type="q19:CFDCabConexion" xmlns:q19="http://schemas.datacontract.org/2004/07/eBillCore"/>
        <xs:element minOccurs="0" name="DetFac" nillable="true" type="q20:ArrayOfCFDDetConexion" xmlns:q20="http://schemas.datacontract.org/2004/07/eBillCore"/>
        <xs:element minOccurs="0" name="Opciones" nillable="true" type="q21:OpcionesConexion" xmlns:q21="http://schemas.datacontract.org/2004/07/eBillCore"/>
      </xs:sequence>
    </xs:complexType>
  </xs:element>
  <xs:element name="CargarFacturasToeBillGenericFixResponse">
    <xs:complexType>
      <xs:sequence>
        <xs:element minOccurs="0" name="CargarFacturasToeBillGenericFixResult" nillable="true" type="xs:string"/>
      </xs:sequence>
    </xs:complexType>
  </xs:element>
  <xs:element name="CargarNotasToeBillGeneric">
    <xs:complexType>
      <xs:sequence>
        <xs:element minOccurs="0" name="NotCab" nillable="true" type="q22:NCFDCabConexion" xmlns:q22="http://schemas.datacontract.org/2004/07/eBillCore"/>
        <xs:element minOccurs="0" name="DetNot" nillable="true" type="q23:ArrayOfNCFDDetConexion" xmlns:q23="http://schemas.datacontract.org/2004/07/eBillCore"/>
        <xs:element minOccurs="0" name="Opciones" nillable="true" type="q24:OpcionesConexion" xmlns:q24="http://schemas.datacontract.org/2004/07/eBillCore"/>
      </xs:sequence>
    </xs:complexType>
  </xs:element>
  <xs:element name="CargarNotasToeBillGenericResponse">
    <xs:complexType>
      <xs:sequence>
        <xs:element minOccurs="0" name="CargarNotasToeBillGenericResult" nillable="true" type="xs:string"/>
      </xs:sequence>
    </xs:complexType>
  </xs:element>
  <xs:element name="CargarFacturasToeBillGenericTAX">
    <xs:complexType>
      <xs:sequence>
        <xs:element minOccurs="0" name="FacCab" nillable="true" type="q25:CFDCabConexionTAX" xmlns:q25="http://schemas.datacontract.org/2004/07/eBillCore"/>
        <xs:element minOccurs="0" name="DetFac" nillable="true" type="q26:ArrayOfCFDDetConexion" xmlns:q26="http://schemas.datacontract.org/2004/07/eBillCore"/>
        <xs:element minOccurs="0" name="Opciones" nillable="true" type="q27:OpcionesConexion" xmlns:q27="http://schemas.datacontract.org/2004/07/eBillCore"/>
      </xs:sequence>
    </xs:complexType>
  </xs:element>
  <xs:element name="CargarFacturasToeBillGenericTAXResponse">
    <xs:complexType>
      <xs:sequence>
        <xs:element minOccurs="0" name="CargarFacturasToeBillGenericTAXResult" nillable="true" type="xs:string"/>
      </xs:sequence>
    </xs:complexType>
  </xs:element>
  <xs:element name="CargarNotasToeBillGenericTAX">
    <xs:complexType>
      <xs:sequence>
        <xs:element minOccurs="0" name="NotCab" nillable="true" type="q28:NCFDCabConexion" xmlns:q28="http://schemas.datacontract.org/2004/07/eBillCore"/>
        <xs:element minOccurs="0" name="DetNot" nillable="true" type="q29:ArrayOfNCFDDetConexion" xmlns:q29="http://schemas.datacontract.org/2004/07/eBillCore"/>
        <xs:element minOccurs="0" name="Opciones" nillable="true" type="q30:OpcionesConexion" xmlns:q30="http://schemas.datacontract.org/2004/07/eBillCore"/>
      </xs:sequence>
    </xs:complexType>
  </xs:element>
  <xs:element name="CargarNotasToeBillGenericTAXResponse">
    <xs:complexType>
      <xs:sequence>
        <xs:element minOccurs="0" name="CargarNotasToeBillGenericTAXResult" nillable="true" type="xs:string"/>
      </xs:sequence>
    </xs:complexType>
  </xs:element>
  <xs:element name="RecibePDFNumrot">
    <xs:complexType>
      <xs:sequence>
        <xs:element minOccurs="0" name="DatosBasicosFactura" nillable="true" type="xs:string"/>
        <xs:element minOccurs="0" name="ArchivopPDF" nillable="true" type="xs:base64Binary"/>
        <xs:element minOccurs="0" name="Actualiza" type="xs:boolean"/>
      </xs:sequence>
    </xs:complexType>
  </xs:element>
  <xs:element name="RecibePDFNumrotResponse">
    <xs:complexType>
      <xs:sequence>
        <xs:element minOccurs="0" name="RecibePDFNumrotResult" nillable="true" type="xs:string"/>
      </xs:sequence>
    </xs:complexType>
  </xs:element>
  <xs:element name="SolicitaeBillPDF">
    <xs:complexType>
      <xs:sequence>
        <xs:element minOccurs="0" name="FacCab" nillable="true" type="q31:CFDCabConexion" xmlns:q31="http://schemas.datacontract.org/2004/07/eBillCore"/>
        <xs:element minOccurs="0" name="Opciones" nillable="true" type="q32:OpcionesConexion" xmlns:q32="http://schemas.datacontract.org/2004/07/eBillCore"/>
        <xs:element minOccurs="0" name="EsNota" type="xs:boolean"/>
      </xs:sequence>
    </xs:complexType>
  </xs:element>
  <xs:element name="SolicitaeBillPDFResponse">
    <xs:complexType>
      <xs:sequence>
        <xs:element minOccurs="0" name="SolicitaeBillPDFResult" nillable="true" type="xs:base64Binary"/>
      </xs:sequence>
    </xs:complexType>
  </xs:element>
  <xs:element name="SolicitaeBillPDFTAX">
    <xs:complexType>
      <xs:sequence>
        <xs:element minOccurs="0" name="FacCab" nillable="true" type="q33:CFDCabConexion" xmlns:q33="http://schemas.datacontract.org/2004/07/eBillCore"/>
        <xs:element minOccurs="0" name="Opciones" nillable="true" type="q34:OpcionesConexion" xmlns:q34="http://schemas.datacontract.org/2004/07/eBillCore"/>
        <xs:element minOccurs="0" name="TipoComp" type="xs:int"/>
      </xs:sequence>
    </xs:complexType>
  </xs:element>
  <xs:element name="SolicitaeBillPDFTAXResponse">
    <xs:complexType>
      <xs:sequence>
        <xs:element minOccurs="0" name="SolicitaeBillPDFTAXResult" nillable="true" type="xs:base64Binary"/>
      </xs:sequence>
    </xs:complexType>
  </xs:element>
  <xs:element name="NotificarFacturasPagadas">
    <xs:complexType>
      <xs:sequence>
        <xs:element minOccurs="0" name="Facturas" nillable="true" type="q35:ArrayOfCFDCabConexion" xmlns:q35="http://schemas.datacontract.org/2004/07/eBillCore"/>
        <xs:element minOccurs="0" name="Opciones" nillable="true" type="q36:OpcionesConexion" xmlns:q36="http://schemas.datacontract.org/2004/07/eBillCore"/>
      </xs:sequence>
    </xs:complexType>
  </xs:element>
  <xs:element name="NotificarFacturasPagadasResponse">
    <xs:complexType>
      <xs:sequence>
        <xs:element minOccurs="0" name="NotificarFacturasPagadasResult" nillable="true" type="xs:string"/>
      </xs:sequence>
    </xs:complexType>
  </xs:element>
  <xs:element name="NotificarFacturasPagadasTAX">
    <xs:complexType>
      <xs:sequence>
        <xs:element minOccurs="0" name="Facturas" nillable="true" type="q37:ArrayOfCFDCabConexion" xmlns:q37="http://schemas.datacontract.org/2004/07/eBillCore"/>
        <xs:element minOccurs="0" name="Opciones" nillable="true" type="q38:OpcionesConexion" xmlns:q38="http://schemas.datacontract.org/2004/07/eBillCore"/>
      </xs:sequence>
    </xs:complexType>
  </xs:element>
  <xs:element name="NotificarFacturasPagadasTAXResponse">
    <xs:complexType>
      <xs:sequence>
        <xs:element minOccurs="0" name="NotificarFacturasPagadasTAXResult" nillable="true" type="xs:string"/>
      </xs:sequence>
    </xs:complexType>
  </xs:element>
  <xs:element name="NotificarFacturasAnuladasTAX">
    <xs:complexType>
      <xs:sequence>
        <xs:element minOccurs="0" name="Facturas" nillable="true" type="q39:ArrayOfCFDCabConexion" xmlns:q39="http://schemas.datacontract.org/2004/07/eBillCore"/>
        <xs:element minOccurs="0" name="Opciones" nillable="true" type="q40:OpcionesConexion" xmlns:q40="http://schemas.datacontract.org/2004/07/eBillCore"/>
        <xs:element minOccurs="0" name="TipoComp" type="xs:int"/>
      </xs:sequence>
    </xs:complexType>
  </xs:element>
  <xs:element name="NotificarFacturasAnuladasTAXResponse">
    <xs:complexType>
      <xs:sequence>
        <xs:element minOccurs="0" name="NotificarFacturasAnuladasTAXResult" nillable="true" type="xs:string"/>
      </xs:sequence>
    </xs:complexType>
  </xs:element>
  <xs:element name="CargarDocumentosElectronicosToeBillGenericTAX">
    <xs:complexType>
      <xs:sequence>
        <xs:element minOccurs="0" name="FacCab" nillable="true" type="q41:CFDCabConexionTAX" xmlns:q41="http://schemas.datacontract.org/2004/07/eBillCore"/>
        <xs:element minOccurs="0" name="DetFac" nillable="true" type="q42:ArrayOfCFDDetConexion" xmlns:q42="http://schemas.datacontract.org/2004/07/eBillCore"/>
        <xs:element minOccurs="0" name="Opciones" nillable="true" type="q43:OpcionesConexion" xmlns:q43="http://schemas.datacontract.org/2004/07/eBillCore"/>
      </xs:sequence>
    </xs:complexType>
  </xs:element>
  <xs:element name="CargarDocumentosElectronicosToeBillGenericTAXResponse">
    <xs:complexType>
      <xs:sequence>
        <xs:element minOccurs="0" name="CargarDocumentosElectronicosToeBillGenericTAXResult" nillable="true" type="xs:string"/>
      </xs:sequence>
    </xs:complexType>
  </xs:element>
  <xs:element name="CargarDocumentosElectronicosToeBillGenericFULL">
    <xs:complexType>
      <xs:sequence>
        <xs:element minOccurs="0" name="FacCab" nillable="true" type="q44:CFDCabConexionInt" xmlns:q44="http://schemas.datacontract.org/2004/07/eBillCore"/>
        <xs:element minOccurs="0" name="DetFac" nillable="true" type="q45:ArrayOfCFDDetConexionInt" xmlns:q45="http://schemas.datacontract.org/2004/07/eBillCore"/>
        <xs:element minOccurs="0" name="Opciones" nillable="true" type="q46:OpcionesConexionInt" xmlns:q46="http://schemas.datacontract.org/2004/07/eBillCore"/>
      </xs:sequence>
    </xs:complexType>
  </xs:element>
  <xs:element name="CargarDocumentosElectronicosToeBillGenericFULLResponse">
    <xs:complexType>
      <xs:sequence>
        <xs:element minOccurs="0" name="CargarDocumentosElectronicosToeBillGenericFULLResult" nillable="true" type="xs:string"/>
      </xs:sequence>
    </xs:complexType>
  </xs:element>
  <xs:element name="SolicitaDatosDocumentoElectronico">
    <xs:complexType>
      <xs:sequence>
        <xs:element minOccurs="0" name="FacCab" nillable="true" type="q47:CFDCabConexionInt" xmlns:q47="http://schemas.datacontract.org/2004/07/eBillCore"/>
        <xs:element minOccurs="0" name="Opciones" nillable="true" type="q48:OpcionesConexionInt" xmlns:q48="http://schemas.datacontract.org/2004/07/eBillCore"/>
      </xs:sequence>
    </xs:complexType>
  </xs:element>
  <xs:element name="SolicitaDatosDocumentoElectronicoResponse">
    <xs:complexType>
      <xs:sequence>
        <xs:element minOccurs="0" name="SolicitaDatosDocumentoElectronicoResult" nillable="true" type="q49:CFDCabConexionInt" xmlns:q49="http://schemas.datacontract.org/2004/07/eBillCore"/>
      </xs:sequence>
    </xs:complexType>
  </xs:element>
  <xs:element name="SolicitaeBillPDFXCodigo">
    <xs:complexType>
      <xs:sequence>
        <xs:element minOccurs="0" name="CodigoUnico" nillable="true" type="xs:string"/>
      </xs:sequence>
    </xs:complexType>
  </xs:element>
  <xs:element name="SolicitaeBillPDFXCodigoResponse">
    <xs:complexType>
      <xs:sequence>
        <xs:element minOccurs="0" name="SolicitaeBillPDFXCodigoResult" nillable="true" type="xs:base64Binary"/>
      </xs:sequence>
    </xs:complexType>
  </xs:element>
  <xs:element name="CargarPDFDocumentoElectronico">
    <xs:complexType>
      <xs:sequence>
        <xs:element minOccurs="0" name="PDFFac" nillable="true" type="xs:base64Binary"/>
        <xs:element minOccurs="0" name="FacCab" nillable="true" type="q50:CFDCabConexionInt" xmlns:q50="http://schemas.datacontract.org/2004/07/eBillCore"/>
        <xs:element minOccurs="0" name="Opciones" nillable="true" type="q51:OpcionesConexionInt" xmlns:q51="http://schemas.datacontract.org/2004/07/eBillCore"/>
        <xs:element minOccurs="0" name="facturaMinimaLegal" type="xs:boolean"/>
        <xs:element minOccurs="0" name="ZIPAnexosFac" nillable="true" type="xs:base64Binary"/>
      </xs:sequence>
    </xs:complexType>
  </xs:element>
  <xs:element name="CargarPDFDocumentoElectronicoResponse">
    <xs:complexType>
      <xs:sequence>
        <xs:element minOccurs="0" name="CargarPDFDocumentoElectronicoResult" nillable="true" type="xs:string"/>
      </xs:sequence>
    </xs:complexType>
  </xs:element>
  <xs:element name="CargarDocumentosElectronicosToeBillGenericFULLDesdePDF">
    <xs:complexType>
      <xs:sequence>
        <xs:element minOccurs="0" name="PDFFac" nillable="true" type="xs:base64Binary"/>
        <xs:element minOccurs="0" name="CoorListXPage" nillable="true" type="q52:ArrayOfCoordenadasPixelesByPage" xmlns:q52="http://schemas.datacontract.org/2004/07/eBillCore"/>
        <xs:element minOccurs="0" name="FacCab" nillable="true" type="q53:CFDCabConexionInt" xmlns:q53="http://schemas.datacontract.org/2004/07/eBillCore"/>
        <xs:element minOccurs="0" name="DetFac" nillable="true" type="q54:ArrayOfCFDDetConexionInt" xmlns:q54="http://schemas.datacontract.org/2004/07/eBillCore"/>
        <xs:element minOccurs="0" name="Opciones" nillable="true" type="q55:OpcionesConexionInt" xmlns:q55="http://schemas.datacontract.org/2004/07/eBillCore"/>
      </xs:sequence>
    </xs:complexType>
  </xs:element>
  <xs:element name="CargarDocumentosElectronicosToeBillGenericFULLDesdePDFResponse">
    <xs:complexType>
      <xs:sequence>
        <xs:element minOccurs="0" name="CargarDocumentosElectronicosToeBillGenericFULLDesdePDFResult" nillable="true" type="xs:string"/>
      </xs:sequence>
    </xs:complexType>
  </xs:element>
  <xs:element name="CargarNotaDesdeFacturaToeBill">
    <xs:complexType>
      <xs:sequence>
        <xs:element minOccurs="0" name="FacCab" nillable="true" type="q56:CFDCabConexionInt" xmlns:q56="http://schemas.datacontract.org/2004/07/eBillCore"/>
        <xs:element minOccurs="0" name="Opciones" nillable="true" type="q57:OpcionesConexionInt" xmlns:q57="http://schemas.datacontract.org/2004/07/eBillCore"/>
      </xs:sequence>
    </xs:complexType>
  </xs:element>
  <xs:element name="CargarNotaDesdeFacturaToeBillResponse">
    <xs:complexType>
      <xs:sequence>
        <xs:element minOccurs="0" name="CargarNotaDesdeFacturaToeBillResult" nillable="true" type="xs:string"/>
      </xs:sequence>
    </xs:complexType>
  </xs:element>
  <xs:element name="TraerEstadoCuentaXCliente">
    <xs:complexType>
      <xs:sequence>
        <xs:element minOccurs="0" name="FacCab" nillable="true" type="q58:CFDCabConexionInt" xmlns:q58="http://schemas.datacontract.org/2004/07/eBillCore"/>
        <xs:element minOccurs="0" name="Opciones" nillable="true" type="q59:OpcionesConexionInt" xmlns:q59="http://schemas.datacontract.org/2004/07/eBillCore"/>
      </xs:sequence>
    </xs:complexType>
  </xs:element>
  <xs:element name="TraerEstadoCuentaXClienteResponse">
    <xs:complexType>
      <xs:sequence>
        <xs:element minOccurs="0" name="TraerEstadoCuentaXClienteResult" nillable="true" type="xs:base64Binary"/>
      </xs:sequence>
    </xs:complexType>
  </xs:element>
  <xs:element name="CargarDocumentosElectronicosToeBillGenericFULLImp">
    <xs:complexType>
      <xs:sequence>
        <xs:element minOccurs="0" name="FacCab" nillable="true" type="q60:CFDCabConexionInt" xmlns:q60="http://schemas.datacontract.org/2004/07/eBillCore"/>
        <xs:element minOccurs="0" name="DetFac" nillable="true" type="q61:ArrayOfCFDDetConexionInt" xmlns:q61="http://schemas.datacontract.org/2004/07/eBillCore"/>
        <xs:element minOccurs="0" name="CabImp" nillable="true" type="q62:ArrayOfCFDCabImpuestosConexionInt" xmlns:q62="http://schemas.datacontract.org/2004/07/eBillCore"/>
        <xs:element minOccurs="0" name="Opciones" nillable="true" type="q63:OpcionesConexionInt" xmlns:q63="http://schemas.datacontract.org/2004/07/eBillCore"/>
      </xs:sequence>
    </xs:complexType>
  </xs:element>
  <xs:element name="CargarDocumentosElectronicosToeBillGenericFULLImpResponse">
    <xs:complexType>
      <xs:sequence>
        <xs:element minOccurs="0" name="CargarDocumentosElectronicosToeBillGenericFULLImpResult" nillable="true" type="xs:string"/>
      </xs:sequence>
    </xs:complexType>
  </xs:element>
  <xs:element name="RecepcionDocumentosElectronicos">
    <xs:complexType>
      <xs:sequence>
        <xs:element minOccurs="0" name="TokenAdm" type="q64:guid" xmlns:q64="http://schemas.microsoft.com/2003/10/Serialization/"/>
        <xs:element minOccurs="0" name="DatosDocEle" nillable="true" type="xs:string"/>
        <xs:element minOccurs="0" name="PDFFac" nillable="true" type="xs:base64Binary"/>
        <xs:element minOccurs="0" name="XMLFac" nillable="true" type="xs:base64Binary"/>
        <xs:element minOccurs="0" name="ZIPAnexosFac" nillable="true" type="xs:base64Binary"/>
      </xs:sequence>
    </xs:complexType>
  </xs:element>
  <xs:element name="RecepcionDocumentosElectronicosResponse">
    <xs:complexType>
      <xs:sequence>
        <xs:element minOccurs="0" name="RecepcionDocumentosElectronicosResult" type="xs:boolean"/>
      </xs:sequence>
    </xs:complexType>
  </xs:element>
  <xs:element name="SolicitareBillFacturasRadicadasRecepcion">
    <xs:complexType>
      <xs:sequence>
        <xs:element minOccurs="0" name="FacCab" nillable="true" type="q65:CFDCabConexionRec" xmlns:q65="http://schemas.datacontract.org/2004/07/eBillCore"/>
        <xs:element minOccurs="0" name="Opciones" nillable="true" type="q66:OpcionesConexionInt" xmlns:q66="http://schemas.datacontract.org/2004/07/eBillCore"/>
      </xs:sequence>
    </xs:complexType>
  </xs:element>
  <xs:element name="SolicitareBillFacturasRadicadasRecepcionResponse">
    <xs:complexType>
      <xs:sequence>
        <xs:element minOccurs="0" name="SolicitareBillFacturasRadicadasRecepcionResult" nillable="true" type="q67:ArrayOfstring" xmlns:q67="http://schemas.microsoft.com/2003/10/Serialization/Arrays"/>
      </xs:sequence>
    </xs:complexType>
  </xs:element>
  <xs:element name="SolicitaeBillPDFRecepcion">
    <xs:complexType>
      <xs:sequence>
        <xs:element minOccurs="0" name="FacCab" nillable="true" type="q68:CFDCabConexionRec" xmlns:q68="http://schemas.datacontract.org/2004/07/eBillCore"/>
        <xs:element minOccurs="0" name="Opciones" nillable="true" type="q69:OpcionesConexionInt" xmlns:q69="http://schemas.datacontract.org/2004/07/eBillCore"/>
      </xs:sequence>
    </xs:complexType>
  </xs:element>
  <xs:element name="SolicitaeBillPDFRecepcionResponse">
    <xs:complexType>
      <xs:sequence>
        <xs:element minOccurs="0" name="SolicitaeBillPDFRecepcionResult" nillable="true" type="xs:base64Binary"/>
      </xs:sequence>
    </xs:complexType>
  </xs:element>
  <xs:element name="SolicitaeBillPDFRecepcion_TerceroPagador">
    <xs:complexType>
      <xs:sequence>
        <xs:element minOccurs="0" name="FacCab" nillable="true" type="q70:CFDCabConexionRec" xmlns:q70="http://schemas.datacontract.org/2004/07/eBillCore"/>
        <xs:element minOccurs="0" name="Opciones" nillable="true" type="q71:OpcionesConexionInt" xmlns:q71="http://schemas.datacontract.org/2004/07/eBillCore"/>
      </xs:sequence>
    </xs:complexType>
  </xs:element>
  <xs:element name="SolicitaeBillPDFRecepcion_TerceroPagadorResponse">
    <xs:complexType>
      <xs:sequence>
        <xs:element minOccurs="0" name="SolicitaeBillPDFRecepcion_TerceroPagadorResult" nillable="true" type="xs:base64Binary"/>
      </xs:sequence>
    </xs:complexType>
  </xs:element>
  <xs:element name="SolicitaCreareBillResoluciones">
    <xs:complexType>
      <xs:sequence>
        <xs:element minOccurs="0" name="FacCab" nillable="true" type="q72:CFDCabConexionRes" xmlns:q72="http://schemas.datacontract.org/2004/07/eBillCore"/>
        <xs:element minOccurs="0" name="Opciones" nillable="true" type="q73:OpcionesConexionInt" xmlns:q73="http://schemas.datacontract.org/2004/07/eBillCore"/>
      </xs:sequence>
    </xs:complexType>
  </xs:element>
  <xs:element name="SolicitaCreareBillResolucionesResponse">
    <xs:complexType>
      <xs:sequence>
        <xs:element minOccurs="0" name="SolicitaCreareBillResolucionesResult" type="xs:boolean"/>
      </xs:sequence>
    </xs:complexType>
  </xs:element>
  <xs:element name="CargarDocumentosElectronicosToeBillGenericFULLPDFCUFE">
    <xs:complexType>
      <xs:sequence>
        <xs:element minOccurs="0" name="PDFFac" nillable="true" type="xs:base64Binary"/>
        <xs:element minOccurs="0" name="FacCab" nillable="true" type="q74:CFDCabConexionInt" xmlns:q74="http://schemas.datacontract.org/2004/07/eBillCore"/>
        <xs:element minOccurs="0" name="DetFac" nillable="true" type="q75:ArrayOfCFDDetConexionInt" xmlns:q75="http://schemas.datacontract.org/2004/07/eBillCore"/>
        <xs:element minOccurs="0" name="Opciones" nillable="true" type="q76:OpcionesConexionInt" xmlns:q76="http://schemas.datacontract.org/2004/07/eBillCore"/>
      </xs:sequence>
    </xs:complexType>
  </xs:element>
  <xs:element name="CargarDocumentosElectronicosToeBillGenericFULLPDFCUFEResponse">
    <xs:complexType>
      <xs:sequence>
        <xs:element minOccurs="0" name="CargarDocumentosElectronicosToeBillGenericFULLPDFCUFEResult" nillable="true" type="xs:string"/>
      </xs:sequence>
    </xs:complexType>
  </xs:element>
  <xs:element name="ActualizarEstadosOCRecepcion">
    <xs:complexType>
      <xs:sequence>
        <xs:element minOccurs="0" name="FacCab" nillable="true" type="q77:CFDCabConexionInt" xmlns:q77="http://schemas.datacontract.org/2004/07/eBillCore"/>
        <xs:element minOccurs="0" name="Opciones" nillable="true" type="q78:OpcionesConexion" xmlns:q78="http://schemas.datacontract.org/2004/07/eBillCore"/>
        <xs:element minOccurs="0" name="CodRep" nillable="true" type="xs:string"/>
        <xs:element minOccurs="0" name="tipoEstado" type="xs:int"/>
      </xs:sequence>
    </xs:complexType>
  </xs:element>
  <xs:element name="ActualizarEstadosOCRecepcionResponse">
    <xs:complexType>
      <xs:sequence>
        <xs:element minOccurs="0" name="ActualizarEstadosOCRecepcionResult" type="xs:boolean"/>
      </xs:sequence>
    </xs:complexType>
  </xs:element>
  <xs:element name="CargarDocumentosElectronicosToeBillGenericFULLFacturaMinimaLegal">
    <xs:complexType>
      <xs:sequence>
        <xs:element minOccurs="0" name="PDFFac" nillable="true" type="xs:base64Binary"/>
        <xs:element minOccurs="0" name="FacCab" nillable="true" type="q79:CFDCabConexionInt" xmlns:q79="http://schemas.datacontract.org/2004/07/eBillCore"/>
        <xs:element minOccurs="0" name="DetFac" nillable="true" type="q80:ArrayOfCFDDetConexionInt" xmlns:q80="http://schemas.datacontract.org/2004/07/eBillCore"/>
        <xs:element minOccurs="0" name="Opciones" nillable="true" type="q81:OpcionesConexionInt" xmlns:q81="http://schemas.datacontract.org/2004/07/eBillCore"/>
      </xs:sequence>
    </xs:complexType>
  </xs:element>
  <xs:element name="CargarDocumentosElectronicosToeBillGenericFULLFacturaMinimaLegalResponse">
    <xs:complexType>
      <xs:sequence>
        <xs:element minOccurs="0" name="CargarDocumentosElectronicosToeBillGenericFULLFacturaMinimaLegalResult" nillable="true" type="xs:string"/>
      </xs:sequence>
    </xs:complexType>
  </xs:element>
  <xs:element name="RechazarDocumentosRadicados">
    <xs:complexType>
      <xs:sequence>
        <xs:element minOccurs="0" name="FacCab" nillable="true" type="q82:CFDCabConexionInt" xmlns:q82="http://schemas.datacontract.org/2004/07/eBillCore"/>
        <xs:element minOccurs="0" name="Opciones" nillable="true" type="q83:OpcionesConexion" xmlns:q83="http://schemas.datacontract.org/2004/07/eBillCore"/>
        <xs:element minOccurs="0" name="fechaRechazo" nillable="true" type="xs:string"/>
        <xs:element minOccurs="0" name="motivoRechazo" nillable="true" type="xs:string"/>
      </xs:sequence>
    </xs:complexType>
  </xs:element>
  <xs:element name="RechazarDocumentosRadicadosResponse">
    <xs:complexType>
      <xs:sequence>
        <xs:element minOccurs="0" name="RechazarDocumentosRadicadosResult" type="xs:boolean"/>
      </xs:sequence>
    </xs:complexType>
  </xs:element>
  <xs:element name="RechazarDocumentosRadicadosNotificacionDIAN">
    <xs:complexType>
      <xs:sequence>
        <xs:element minOccurs="0" name="FacCab" nillable="true" type="q84:CFDCabConexionInt" xmlns:q84="http://schemas.datacontract.org/2004/07/eBillCore"/>
        <xs:element minOccurs="0" name="Opciones" nillable="true" type="q85:OpcionesConexion" xmlns:q85="http://schemas.datacontract.org/2004/07/eBillCore"/>
        <xs:element minOccurs="0" name="sFechaRechazo" nillable="true" type="xs:string"/>
        <xs:element minOccurs="0" name="iIdMotivoRechazo" type="xs:short"/>
        <xs:element minOccurs="0" name="sCorreoRechaza" nillable="true" type="xs:string"/>
        <xs:element minOccurs="0" name="sNombreRechaza" nillable="true" type="xs:string"/>
        <xs:element minOccurs="0" name="sMotivoEmpresa" nillable="true" type="xs:string"/>
        <xs:element minOccurs="0" name="sObservaciones" nillable="true" type="xs:string"/>
      </xs:sequence>
    </xs:complexType>
  </xs:element>
  <xs:element name="RechazarDocumentosRadicadosNotificacionDIANResponse">
    <xs:complexType>
      <xs:sequence>
        <xs:element minOccurs="0" name="RechazarDocumentosRadicadosNotificacionDIANResult" nillable="true" type="xs:string"/>
      </xs:sequence>
    </xs:complexType>
  </xs:element>
  <xs:element name="AceptarDocumentosRadicadosNotificacionDIAN">
    <xs:complexType>
      <xs:sequence>
        <xs:element minOccurs="0" name="FacCab" nillable="true" type="q86:CFDCabConexionInt" xmlns:q86="http://schemas.datacontract.org/2004/07/eBillCore"/>
        <xs:element minOccurs="0" name="Opciones" nillable="true" type="q87:OpcionesConexion" xmlns:q87="http://schemas.datacontract.org/2004/07/eBillCore"/>
        <xs:element minOccurs="0" name="sFechaAceptacion" nillable="true" type="xs:string"/>
        <xs:element minOccurs="0" name="sNombreAprobador" nillable="true" type="xs:string"/>
        <xs:element minOccurs="0" name="sCorreoAprobador" nillable="true" type="xs:string"/>
      </xs:sequence>
    </xs:complexType>
  </xs:element>
  <xs:element name="AceptarDocumentosRadicadosNotificacionDIANResponse">
    <xs:complexType>
      <xs:sequence>
        <xs:element minOccurs="0" name="AceptarDocumentosRadicadosNotificacionDIANResult" nillable="true" type="xs:string"/>
      </xs:sequence>
    </xs:complexType>
  </xs:element>
  <xs:element name="SolicitaeBillPDFTAXLong">
    <xs:complexType>
      <xs:sequence>
        <xs:element minOccurs="0" name="FacCab" nillable="true" type="q88:CFDCabConexionPDF" xmlns:q88="http://schemas.datacontract.org/2004/07/eBillCore"/>
        <xs:element minOccurs="0" name="Opciones" nillable="true" type="q89:OpcionesConexion" xmlns:q89="http://schemas.datacontract.org/2004/07/eBillCore"/>
        <xs:element minOccurs="0" name="TipoComp" type="xs:int"/>
      </xs:sequence>
    </xs:complexType>
  </xs:element>
  <xs:element name="SolicitaeBillPDFTAXLongResponse">
    <xs:complexType>
      <xs:sequence>
        <xs:element minOccurs="0" name="SolicitaeBillPDFTAXLongResult" nillable="true" type="xs:base64Binary"/>
      </xs:sequence>
    </xs:complexType>
  </xs:element>
  <xs:element name="CrearProveedoreseBill">
    <xs:complexType>
      <xs:sequence>
        <xs:element minOccurs="0" name="FacCab" nillable="true" type="q90:CFDCabProveedor" xmlns:q90="http://schemas.datacontract.org/2004/07/eBillCore"/>
        <xs:element minOccurs="0" name="Opciones" nillable="true" type="q91:OpcionesConexionInt" xmlns:q91="http://schemas.datacontract.org/2004/07/eBillCore"/>
        <xs:element minOccurs="0" name="notificarPortalPIV" type="xs:boolean"/>
        <xs:element minOccurs="0" name="fechaFacturas" nillable="true" type="xs:string"/>
      </xs:sequence>
    </xs:complexType>
  </xs:element>
  <xs:element name="CrearProveedoreseBillResponse">
    <xs:complexType>
      <xs:sequence>
        <xs:element minOccurs="0" name="CrearProveedoreseBillResult" nillable="true" type="xs:string"/>
      </xs:sequence>
    </xs:complexType>
  </xs:element>
  <xs:element name="LoginProveedorTecnologico">
    <xs:complexType>
      <xs:sequence>
        <xs:element minOccurs="0" name="LoginPT" nillable="true" type="q92:LoginProveedorTecnologico" xmlns:q92="http://schemas.datacontract.org/2004/07/eBillCore"/>
      </xs:sequence>
    </xs:complexType>
  </xs:element>
  <xs:element name="LoginProveedorTecnologicoResponse">
    <xs:complexType>
      <xs:sequence>
        <xs:element minOccurs="0" name="LoginProveedorTecnologicoResult" nillable="true" type="xs:string"/>
      </xs:sequence>
    </xs:complexType>
  </xs:element>
  <xs:element name="TraerDatosProveedorFTP">
    <xs:complexType>
      <xs:sequence>
        <xs:element minOccurs="0" name="LoginPT" nillable="true" type="q93:LoginProveedorTecnologico" xmlns:q93="http://schemas.datacontract.org/2004/07/eBillCore"/>
      </xs:sequence>
    </xs:complexType>
  </xs:element>
  <xs:element name="TraerDatosProveedorFTPResponse">
    <xs:complexType>
      <xs:sequence>
        <xs:element minOccurs="0" name="TraerDatosProveedorFTPResult" nillable="true" type="q94:DatosProveedorFTP" xmlns:q94="http://schemas.datacontract.org/2004/07/eBillCore"/>
      </xs:sequence>
    </xs:complexType>
  </xs:element>
  <xs:element name="HistorialRadicacion">
    <xs:complexType>
      <xs:sequence>
        <xs:element minOccurs="0" name="algo" nillable="true" type="q95:ConsDocument" xmlns:q95="http://schemas.datacontract.org/2004/07/eBillCore"/>
      </xs:sequence>
    </xs:complexType>
  </xs:element>
  <xs:element name="HistorialRadicacionResponse">
    <xs:complexType>
      <xs:sequence>
        <xs:element minOccurs="0" name="HistorialRadicacionResult" nillable="true" type="q96:ArrayOfHistoricoEstadoInteroperabilidad" xmlns:q96="http://schemas.datacontract.org/2004/07/eBillCore"/>
      </xs:sequence>
    </xs:complexType>
  </xs:element>
  <xs:element name="ExisteConvenioEmpresas">
    <xs:complexType>
      <xs:sequence>
        <xs:element minOccurs="0" name="NitEmisor" nillable="true" type="xs:string"/>
        <xs:element minOccurs="0" name="NitReceptor" nillable="true" type="xs:string"/>
      </xs:sequence>
    </xs:complexType>
  </xs:element>
  <xs:element name="ExisteConvenioEmpresasResponse">
    <xs:complexType>
      <xs:sequence>
        <xs:element minOccurs="0" name="ExisteConvenioEmpresasResult" type="xs:boolean"/>
      </xs:sequence>
    </xs:complexType>
  </xs:element>
  <xs:element name="ConsultaResolucionesDIAN">
    <xs:complexType>
      <xs:sequence>
        <xs:element minOccurs="0" name="NitEmpresa" nillable="true" type="xs:string"/>
        <xs:element minOccurs="0" name="Token" nillable="true" type="xs:string"/>
      </xs:sequence>
    </xs:complexType>
  </xs:element>
  <xs:element name="ConsultaResolucionesDIANResponse">
    <xs:complexType>
      <xs:sequence>
        <xs:element minOccurs="0" name="ConsultaResolucionesDIANResult" nillable="true" type="xs:string"/>
      </xs:sequence>
    </xs:complexType>
  </xs:element>
  <xs:element name="SolicitareBillFacturasRadicadasRecepcionXEstado">
    <xs:complexType>
      <xs:sequence>
        <xs:element minOccurs="0" name="FacCab" nillable="true" type="q97:CFDCabConexionRec" xmlns:q97="http://schemas.datacontract.org/2004/07/eBillCore"/>
        <xs:element minOccurs="0" name="Opciones" nillable="true" type="q98:OpcionesConexionInt" xmlns:q98="http://schemas.datacontract.org/2004/07/eBillCore"/>
      </xs:sequence>
    </xs:complexType>
  </xs:element>
  <xs:element name="SolicitareBillFacturasRadicadasRecepcionXEstadoResponse">
    <xs:complexType>
      <xs:sequence>
        <xs:element minOccurs="0" name="SolicitareBillFacturasRadicadasRecepcionXEstadoResult" nillable="true" type="q99:ArrayOfstring" xmlns:q99="http://schemas.microsoft.com/2003/10/Serialization/Arrays"/>
      </xs:sequence>
    </xs:complexType>
  </xs:element>
  <xs:element name="ActualizarEstadoFacturasRadicadasRecepcion">
    <xs:complexType>
      <xs:sequence>
        <xs:element minOccurs="0" name="FacCab" nillable="true" type="q100:ArrayOfCFDCabConexionDocRec" xmlns:q100="http://schemas.datacontract.org/2004/07/eBillCore"/>
        <xs:element minOccurs="0" name="Opciones" nillable="true" type="q101:OpcionesConexionInt" xmlns:q101="http://schemas.datacontract.org/2004/07/eBillCore"/>
      </xs:sequence>
    </xs:complexType>
  </xs:element>
  <xs:element name="ActualizarEstadoFacturasRadicadasRecepcionResponse">
    <xs:complexType>
      <xs:sequence>
        <xs:element minOccurs="0" name="ActualizarEstadoFacturasRadicadasRecepcionResult" type="xs:boolean"/>
      </xs:sequence>
    </xs:complexType>
  </xs:element>
  <xs:element name="CrearEmpresaeBill">
    <xs:complexType>
      <xs:sequence>
        <xs:element minOccurs="0" name="FacCab" nillable="true" type="q102:CFDCabProveedor" xmlns:q102="http://schemas.datacontract.org/2004/07/eBillCore"/>
        <xs:element minOccurs="0" name="Token" nillable="true" type="xs:string"/>
      </xs:sequence>
    </xs:complexType>
  </xs:element>
  <xs:element name="CrearEmpresaeBillResponse">
    <xs:complexType>
      <xs:sequence>
        <xs:element minOccurs="0" name="CrearEmpresaeBillResult" nillable="true" type="xs:string"/>
      </xs:sequence>
    </xs:complexType>
  </xs:element>
  <xs:element name="SolicitaDatosDetalleXDocumento">
    <xs:complexType>
      <xs:sequence>
        <xs:element minOccurs="0" name="NitEmp" nillable="true" type="xs:string"/>
        <xs:element minOccurs="0" name="token" nillable="true" type="xs:string"/>
        <xs:element minOccurs="0" name="Idfact" type="xs:int"/>
      </xs:sequence>
    </xs:complexType>
  </xs:element>
  <xs:element name="SolicitaDatosDetalleXDocumentoResponse">
    <xs:complexType>
      <xs:sequence>
        <xs:element minOccurs="0" name="SolicitaDatosDetalleXDocumentoResult" nillable="true" type="q103:ArrayOfstring" xmlns:q103="http://schemas.microsoft.com/2003/10/Serialization/Arrays"/>
      </xs:sequence>
    </xs:complexType>
  </xs:element>
  <xs:element name="SolicitaParametrosGestionDocumental">
    <xs:complexType>
      <xs:sequence>
        <xs:element minOccurs="0" name="Ambiente" nillable="true" type="xs:string"/>
        <xs:element minOccurs="0" name="token" nillable="true" type="xs:string"/>
      </xs:sequence>
    </xs:complexType>
  </xs:element>
  <xs:element name="SolicitaParametrosGestionDocumentalResponse">
    <xs:complexType>
      <xs:sequence>
        <xs:element minOccurs="0" name="SolicitaParametrosGestionDocumentalResult" nillable="true" type="q104:ArrayOfParametrosGestorDocumental" xmlns:q104="http://schemas.datacontract.org/2004/07/eBillCore"/>
      </xs:sequence>
    </xs:complexType>
  </xs:element>
  <xs:element name="ObtenerParametroCliente">
    <xs:complexType>
      <xs:sequence>
        <xs:element minOccurs="0" name="IdDocumento" type="xs:int"/>
        <xs:element minOccurs="0" name="token" nillable="true" type="xs:string"/>
      </xs:sequence>
    </xs:complexType>
  </xs:element>
  <xs:element name="ObtenerParametroClienteResponse">
    <xs:complexType>
      <xs:sequence>
        <xs:element minOccurs="0" name="ObtenerParametroClienteResult" nillable="true" type="q105:ParametrosGestorDocumental" xmlns:q105="http://schemas.datacontract.org/2004/07/eBillCore"/>
      </xs:sequence>
    </xs:complexType>
  </xs:element>
  <xs:element name="ActualizarFechaParametro">
    <xs:complexType>
      <xs:sequence>
        <xs:element minOccurs="0" name="IdDocumento" type="xs:int"/>
        <xs:element minOccurs="0" name="Fecha" type="xs:dateTime"/>
        <xs:element minOccurs="0" name="token" nillable="true" type="xs:string"/>
      </xs:sequence>
    </xs:complexType>
  </xs:element>
  <xs:element name="ActualizarFechaParametroResponse">
    <xs:complexType>
      <xs:sequence>
        <xs:element minOccurs="0" name="ActualizarFechaParametroResult" type="xs:boolean"/>
      </xs:sequence>
    </xs:complexType>
  </xs:element>
  <xs:element name="ConsultaDatosDocumentosEmitidos">
    <xs:complexType>
      <xs:sequence>
        <xs:element minOccurs="0" name="FacCab" nillable="true" type="q106:CFDCabConexionInt" xmlns:q106="http://schemas.datacontract.org/2004/07/eBillCore"/>
        <xs:element minOccurs="0" name="token" nillable="true" type="xs:string"/>
      </xs:sequence>
    </xs:complexType>
  </xs:element>
  <xs:element name="ConsultaDatosDocumentosEmitidosResponse">
    <xs:complexType>
      <xs:sequence>
        <xs:element minOccurs="0" name="ConsultaDatosDocumentosEmitidosResult" nillable="true" type="q107:Datos_Docs_DIAN" xmlns:q107="http://schemas.datacontract.org/2004/07/eBillCore"/>
      </xs:sequence>
    </xs:complexType>
  </xs:element>
  <xs:element name="TraerDatosProveedorTecnologico">
    <xs:complexType>
      <xs:sequence>
        <xs:element minOccurs="0" name="IdProveedor" nillable="true" type="xs:string"/>
        <xs:element minOccurs="0" name="TipoAmbiente" nillable="true" type="xs:string"/>
        <xs:element minOccurs="0" name="TipoConfig" type="xs:int"/>
        <xs:element minOccurs="0" name="Token" nillable="true" type="xs:string"/>
      </xs:sequence>
    </xs:complexType>
  </xs:element>
  <xs:element name="TraerDatosProveedorTecnologicoResponse">
    <xs:complexType>
      <xs:sequence>
        <xs:element minOccurs="0" name="TraerDatosProveedorTecnologicoResult" nillable="true" type="q108:ArrayOfDatosProveedorTecnologico" xmlns:q108="http://schemas.datacontract.org/2004/07/eBillCore"/>
      </xs:sequence>
    </xs:complexType>
  </xs:element>
  <xs:element name="TraerDatosEmpresasEmisoras">
    <xs:complexType>
      <xs:sequence>
        <xs:element minOccurs="0" name="IdProveedor" nillable="true" type="xs:string"/>
        <xs:element minOccurs="0" name="Token" nillable="true" type="xs:string"/>
      </xs:sequence>
    </xs:complexType>
  </xs:element>
  <xs:element name="TraerDatosEmpresasEmisorasResponse">
    <xs:complexType>
      <xs:sequence>
        <xs:element minOccurs="0" name="TraerDatosEmpresasEmisorasResult" nillable="true" type="q109:ArrayOfDatosEmpresaEmisora" xmlns:q109="http://schemas.datacontract.org/2004/07/eBillCore"/>
      </xs:sequence>
    </xs:complexType>
  </xs:element>
  <xs:element name="TraerDocumentosEmision">
    <xs:complexType>
      <xs:sequence>
        <xs:element minOccurs="0" name="IdEmpresa" type="xs:int"/>
        <xs:element minOccurs="0" name="IdCliente" type="xs:int"/>
        <xs:element minOccurs="0" name="NumeroRegistros" type="xs:int"/>
        <xs:element minOccurs="0" name="Token" nillable="true" type="xs:string"/>
      </xs:sequence>
    </xs:complexType>
  </xs:element>
  <xs:element name="TraerDocumentosEmisionResponse">
    <xs:complexType>
      <xs:sequence>
        <xs:element minOccurs="0" name="TraerDocumentosEmisionResult" nillable="true" type="q110:ArrayOfDatosDocumentoEmision" xmlns:q110="http://schemas.datacontract.org/2004/07/eBillCore"/>
      </xs:sequence>
    </xs:complexType>
  </xs:element>
  <xs:element name="TraerAdjuntosXDocumento">
    <xs:complexType>
      <xs:sequence>
        <xs:element minOccurs="0" name="IdEmpresa" type="xs:int"/>
        <xs:element minOccurs="0" name="IdDocumento" type="xs:int"/>
        <xs:element minOccurs="0" name="Token" nillable="true" type="xs:string"/>
      </xs:sequence>
    </xs:complexType>
  </xs:element>
  <xs:element name="TraerAdjuntosXDocumentoResponse">
    <xs:complexType>
      <xs:sequence>
        <xs:element minOccurs="0" name="TraerAdjuntosXDocumentoResult" nillable="true" type="xs:base64Binary"/>
      </xs:sequence>
    </xs:complexType>
  </xs:element>
  <xs:element name="CambiarContrasenaInteroperabilidad">
    <xs:complexType>
      <xs:sequence>
        <xs:element minOccurs="0" name="User" nillable="true" type="xs:string"/>
        <xs:element minOccurs="0" name="OldPassword" nillable="true" type="xs:string"/>
        <xs:element minOccurs="0" name="NewPassword" nillable="true" type="xs:string"/>
        <xs:element minOccurs="0" name="ErrorType" nillable="true" type="xs:string"/>
      </xs:sequence>
    </xs:complexType>
  </xs:element>
  <xs:element name="CambiarContrasenaInteroperabilidadResponse">
    <xs:complexType>
      <xs:sequence>
        <xs:element minOccurs="0" name="CambiarContrasenaInteroperabilidadResult" type="xs:boolean"/>
        <xs:element minOccurs="0" name="ErrorType" nillable="true" type="xs:string"/>
      </xs:sequence>
    </xs:complexType>
  </xs:element>
  <xs:element name="RegistroArchivoEmitido">
    <xs:complexType>
      <xs:sequence>
        <xs:element minOccurs="0" name="Registro" nillable="true" type="q111:Registro_Solicitud" xmlns:q111="http://schemas.datacontract.org/2004/07/eBillCore"/>
        <xs:element minOccurs="0" name="Archivos" nillable="true" type="q112:ArrayOfArchivoEmision" xmlns:q112="http://schemas.datacontract.org/2004/07/eBillCore"/>
        <xs:element minOccurs="0" name="TipoInteroperabilidad" type="xs:int"/>
      </xs:sequence>
    </xs:complexType>
  </xs:element>
  <xs:element name="RegistroArchivoEmitidoResponse">
    <xs:complexType>
      <xs:sequence>
        <xs:element minOccurs="0" name="RegistroArchivoEmitidoResult" type="xs:boolean"/>
      </xs:sequence>
    </xs:complexType>
  </xs:element>
  <xs:element name="ValidaXML">
    <xs:complexType>
      <xs:sequence>
        <xs:element minOccurs="0" name="XMLDoc" nillable="true" type="xs:string"/>
      </xs:sequence>
    </xs:complexType>
  </xs:element>
  <xs:element name="ValidaXMLResponse">
    <xs:complexType>
      <xs:sequence>
        <xs:element minOccurs="0" name="ValidaXMLResult" type="xs:boolean"/>
      </xs:sequence>
    </xs:complexType>
  </xs:element>
  <xs:element name="EmpresaRecibeInteroperabilidad">
    <xs:complexType>
      <xs:sequence>
        <xs:element minOccurs="0" name="NitEmpresa" nillable="true" type="xs:string"/>
        <xs:element minOccurs="0" name="token" nillable="true" type="xs:string"/>
      </xs:sequence>
    </xs:complexType>
  </xs:element>
  <xs:element name="EmpresaRecibeInteroperabilidadResponse">
    <xs:complexType>
      <xs:sequence>
        <xs:element minOccurs="0" name="EmpresaRecibeInteroperabilidadResult" type="xs:boolean"/>
      </xs:sequence>
    </xs:complexType>
  </xs:element>
  <xs:element name="RegistroRespuestaDocInteroperabilidad">
    <xs:complexType>
      <xs:sequence>
        <xs:element minOccurs="0" name="RespuestasXDoc" nillable="true" type="q113:ArrayOfRespuestaDocumentoInterop" xmlns:q113="http://schemas.datacontract.org/2004/07/eBillCore"/>
        <xs:element minOccurs="0" name="token" nillable="true" type="xs:string"/>
      </xs:sequence>
    </xs:complexType>
  </xs:element>
  <xs:element name="RegistroRespuestaDocInteroperabilidadResponse">
    <xs:complexType>
      <xs:sequence>
        <xs:element minOccurs="0" name="RegistroRespuestaDocInteroperabilidadResult" nillable="true" type="xs:string"/>
      </xs:sequence>
    </xs:complexType>
  </xs:element>
  <xs:element name="ConsultaHistoricoEstadosDocumentoRecibidoIO">
    <xs:complexType>
      <xs:sequence>
        <xs:element minOccurs="0" name="TrackIdDocument" nillable="true" type="xs:string"/>
        <xs:element minOccurs="0" name="Token" nillable="true" type="xs:string"/>
      </xs:sequence>
    </xs:complexType>
  </xs:element>
  <xs:element name="ConsultaHistoricoEstadosDocumentoRecibidoIOResponse">
    <xs:complexType>
      <xs:sequence>
        <xs:element minOccurs="0" name="ConsultaHistoricoEstadosDocumentoRecibidoIOResult" nillable="true" type="xs:string"/>
      </xs:sequence>
    </xs:complexType>
  </xs:element>
  <xs:element name="ConsultarAppResponseDocumentoRecibido">
    <xs:complexType>
      <xs:sequence>
        <xs:element minOccurs="0" name="TrackIdDocument" nillable="true" type="xs:string"/>
        <xs:element minOccurs="0" name="Token" nillable="true" type="xs:string"/>
        <xs:element minOccurs="0" name="IdEstado" type="xs:int"/>
      </xs:sequence>
    </xs:complexType>
  </xs:element>
  <xs:element name="ConsultarAppResponseDocumentoRecibidoResponse">
    <xs:complexType>
      <xs:sequence>
        <xs:element minOccurs="0" name="ConsultarAppResponseDocumentoRecibidoResult" nillable="true" type="q114:ResponseDocumentIO" xmlns:q114="http://schemas.datacontract.org/2004/07/eBillCore"/>
      </xs:sequence>
    </xs:complexType>
  </xs:element>
  <xs:element name="TraerDocumentosSinRespuestaIO">
    <xs:complexType>
      <xs:sequence>
        <xs:element minOccurs="0" name="IdProveedorTecnologico" type="xs:int"/>
        <xs:element minOccurs="0" name="IdCliente" type="xs:int"/>
        <xs:element minOccurs="0" name="NumeroRegistros" type="xs:int"/>
        <xs:element minOccurs="0" name="TipoInteroperabilidad" type="xs:int"/>
        <xs:element minOccurs="0" name="token" nillable="true" type="xs:string"/>
      </xs:sequence>
    </xs:complexType>
  </xs:element>
  <xs:element name="TraerDocumentosSinRespuestaIOResponse">
    <xs:complexType>
      <xs:sequence>
        <xs:element minOccurs="0" name="TraerDocumentosSinRespuestaIOResult" nillable="true" type="q115:ArrayOfDatosDocumentoEmision" xmlns:q115="http://schemas.datacontract.org/2004/07/eBillCore"/>
      </xs:sequence>
    </xs:complexType>
  </xs:element>
  <xs:element name="ValidaRespuestaRecepcion">
    <xs:complexType>
      <xs:sequence>
        <xs:element minOccurs="0" name="Proveedor" nillable="true" type="xs:string"/>
        <xs:element minOccurs="0" name="TrackId" nillable="true" type="xs:string"/>
        <xs:element minOccurs="0" name="NombreArch" nillable="true" type="xs:string"/>
        <xs:element minOccurs="0" name="Token" nillable="true" type="xs:string"/>
      </xs:sequence>
    </xs:complexType>
  </xs:element>
  <xs:element name="ValidaRespuestaRecepcionResponse">
    <xs:complexType>
      <xs:sequence>
        <xs:element minOccurs="0" name="ValidaRespuestaRecepcionResult" nillable="true" type="xs:string"/>
      </xs:sequence>
    </xs:complexType>
  </xs:element>
  <xs:element name="SolicitareBillFacturasRadicadasRecepcionXRango">
    <xs:complexType>
      <xs:sequence>
        <xs:element minOccurs="0" name="FacCab" nillable="true" type="q116:CFDCabConexionRec" xmlns:q116="http://schemas.datacontract.org/2004/07/eBillCore"/>
        <xs:element minOccurs="0" name="fechaInicial" type="xs:dateTime"/>
        <xs:element minOccurs="0" name="fechaFinal" type="xs:dateTime"/>
        <xs:element minOccurs="0" name="Opciones" nillable="true" type="q117:OpcionesConexionInt" xmlns:q117="http://schemas.datacontract.org/2004/07/eBillCore"/>
      </xs:sequence>
    </xs:complexType>
  </xs:element>
  <xs:element name="SolicitareBillFacturasRadicadasRecepcionXRangoResponse">
    <xs:complexType>
      <xs:sequence>
        <xs:element minOccurs="0" name="SolicitareBillFacturasRadicadasRecepcionXRangoResult" nillable="true" type="q118:ArrayOfstring" xmlns:q118="http://schemas.microsoft.com/2003/10/Serialization/Arrays"/>
      </xs:sequence>
    </xs:complexType>
  </xs:element>
  <xs:element name="ActualizaEstadoNotificadoDocumentosIO">
    <xs:complexType>
      <xs:sequence>
        <xs:element minOccurs="0" name="Documentos" nillable="true" type="q119:ArrayOfRespuestaDocumentoInterop" xmlns:q119="http://schemas.datacontract.org/2004/07/eBillCore"/>
        <xs:element minOccurs="0" name="Token" nillable="true" type="xs:string"/>
      </xs:sequence>
    </xs:complexType>
  </xs:element>
  <xs:element name="ActualizaEstadoNotificadoDocumentosIOResponse">
    <xs:complexType>
      <xs:sequence>
        <xs:element minOccurs="0" name="ActualizaEstadoNotificadoDocumentosIOResult" nillable="true" type="xs:string"/>
      </xs:sequence>
    </xs:complexType>
  </xs:element>
  <xs:element name="EnviarDocumentoElectronico">
    <xs:complexType>
      <xs:sequence>
        <xs:element minOccurs="0" name="FacCab" nillable="true" type="q120:CFDCabConexionInt" xmlns:q120="http://schemas.datacontract.org/2004/07/eBillCore"/>
        <xs:element minOccurs="0" name="Opciones" nillable="true" type="q121:OpcionesConexionInt" xmlns:q121="http://schemas.datacontract.org/2004/07/eBillCore"/>
        <xs:element minOccurs="0" name="correo" nillable="true" type="xs:string"/>
      </xs:sequence>
    </xs:complexType>
  </xs:element>
  <xs:element name="EnviarDocumentoElectronicoResponse">
    <xs:complexType>
      <xs:sequence>
        <xs:element minOccurs="0" name="EnviarDocumentoElectronicoResult" type="xs:boolean"/>
      </xs:sequence>
    </xs:complexType>
  </xs:element>
  <xs:element name="TraerDocumentosRecepcionxNuevosEstados">
    <xs:complexType>
      <xs:sequence>
        <xs:element minOccurs="0" name="IdProveedorTec" type="xs:int"/>
        <xs:element minOccurs="0" name="NumRegistros" type="xs:int"/>
        <xs:element minOccurs="0" name="Token" nillable="true" type="xs:string"/>
      </xs:sequence>
    </xs:complexType>
  </xs:element>
  <xs:element name="TraerDocumentosRecepcionxNuevosEstadosResponse">
    <xs:complexType>
      <xs:sequence>
        <xs:element minOccurs="0" name="TraerDocumentosRecepcionxNuevosEstadosResult" nillable="true" type="q122:ArrayOfRespuestaDocumentoInterop" xmlns:q122="http://schemas.datacontract.org/2004/07/eBillCore"/>
      </xs:sequence>
    </xs:complexType>
  </xs:element>
  <xs:element name="RegistrarPagoCargaAnexo">
    <xs:complexType>
      <xs:sequence>
        <xs:element minOccurs="0" name="Registro" nillable="true" type="q123:RegistroPagoXFactura" xmlns:q123="http://schemas.datacontract.org/2004/07/eBillCore"/>
        <xs:element minOccurs="0" name="PDF" nillable="true" type="xs:base64Binary"/>
        <xs:element minOccurs="0" name="Token" nillable="true" type="xs:string"/>
      </xs:sequence>
    </xs:complexType>
  </xs:element>
  <xs:element name="RegistrarPagoCargaAnexoResponse">
    <xs:complexType>
      <xs:sequence>
        <xs:element minOccurs="0" name="RegistrarPagoCargaAnexoResult" nillable="true" type="xs:string"/>
      </xs:sequence>
    </xs:complexType>
  </xs:element>
  <xs:element name="ActualizarDocumentosDatoContabilzacion">
    <xs:complexType>
      <xs:sequence>
        <xs:element minOccurs="0" name="NitReceptor" nillable="true" type="xs:string"/>
        <xs:element minOccurs="0" name="NitEmisor" nillable="true" type="xs:string"/>
        <xs:element minOccurs="0" name="NumeroSAP" nillable="true" type="xs:string"/>
        <xs:element minOccurs="0" name="Prefijo" nillable="true" type="xs:string"/>
        <xs:element minOccurs="0" name="Numero" type="xs:int"/>
        <xs:element minOccurs="0" name="Token" nillable="true" type="xs:string"/>
      </xs:sequence>
    </xs:complexType>
  </xs:element>
  <xs:element name="ActualizarDocumentosDatoContabilzacionResponse">
    <xs:complexType>
      <xs:sequence>
        <xs:element minOccurs="0" name="ActualizarDocumentosDatoContabilzacionResult" type="xs:boolean"/>
      </xs:sequence>
    </xs:complexType>
  </xs:element>
  <xs:element name="ConsultaIdentificadorFacturaXOrderID">
    <xs:complexType>
      <xs:sequence>
        <xs:element minOccurs="0" name="OrderId" nillable="true" type="xs:string"/>
        <xs:element minOccurs="0" name="NitEmp" nillable="true" type="xs:string"/>
        <xs:element minOccurs="0" name="Token" nillable="true" type="xs:string"/>
      </xs:sequence>
    </xs:complexType>
  </xs:element>
  <xs:element name="ConsultaIdentificadorFacturaXOrderIDResponse">
    <xs:complexType>
      <xs:sequence>
        <xs:element minOccurs="0" name="ConsultaIdentificadorFacturaXOrderIDResult" nillable="true" type="xs:string"/>
      </xs:sequence>
    </xs:complexType>
  </xs:element>
  <xs:element name="FV_TraerDocumentosPendientesDeEnvioxEmpresaxFecha">
    <xs:complexType>
      <xs:sequence>
        <xs:element minOccurs="0" name="IdEmpresa" type="xs:int"/>
        <xs:element minOccurs="0" name="Fecha" nillable="true" type="xs:string"/>
        <xs:element minOccurs="0" name="Numreg" type="xs:int"/>
        <xs:element minOccurs="0" name="ambiente" type="xs:int"/>
        <xs:element minOccurs="0" name="EnvioAsincrono" type="xs:boolean"/>
        <xs:element minOccurs="0" name="EnContigencia" type="xs:boolean"/>
        <xs:element minOccurs="0" name="Token" nillable="true" type="xs:string"/>
      </xs:sequence>
    </xs:complexType>
  </xs:element>
  <xs:element name="FV_TraerDocumentosPendientesDeEnvioxEmpresaxFechaResponse">
    <xs:complexType>
      <xs:sequence>
        <xs:element minOccurs="0" name="FV_TraerDocumentosPendientesDeEnvioxEmpresaxFechaResult" nillable="true" type="q124:ArrayOfFV_DocumentosParaEnviar" xmlns:q124="http://schemas.datacontract.org/2004/07/eBillCore"/>
      </xs:sequence>
    </xs:complexType>
  </xs:element>
  <xs:element name="FV_TraerXMLDocumento">
    <xs:complexType>
      <xs:sequence>
        <xs:element minOccurs="0" name="IdInternoDocumento" type="xs:long"/>
        <xs:element minOccurs="0" name="NitEmpresa" nillable="true" type="xs:string"/>
        <xs:element minOccurs="0" name="Token" nillable="true" type="xs:string"/>
      </xs:sequence>
    </xs:complexType>
  </xs:element>
  <xs:element name="FV_TraerXMLDocumentoResponse">
    <xs:complexType>
      <xs:sequence>
        <xs:element minOccurs="0" name="FV_TraerXMLDocumentoResult" nillable="true" type="xs:string"/>
      </xs:sequence>
    </xs:complexType>
  </xs:element>
  <xs:element name="FV_TraerDatosEmpesasEmisorasConDFEPendientesDeEnvio">
    <xs:complexType>
      <xs:sequence>
        <xs:element minOccurs="0" name="Ambiente" type="xs:int"/>
        <xs:element minOccurs="0" name="NitEmpresa" nillable="true" type="xs:string"/>
        <xs:element minOccurs="0" name="VersionSonda" nillable="true" type="xs:string"/>
        <xs:element minOccurs="0" name="Token" nillable="true" type="xs:string"/>
      </xs:sequence>
    </xs:complexType>
  </xs:element>
  <xs:element name="FV_TraerDatosEmpesasEmisorasConDFEPendientesDeEnvioResponse">
    <xs:complexType>
      <xs:sequence>
        <xs:element minOccurs="0" name="FV_TraerDatosEmpesasEmisorasConDFEPendientesDeEnvioResult" nillable="true" type="q125:ArrayOfFV_DatosEmpresaEmisora" xmlns:q125="http://schemas.datacontract.org/2004/07/eBillCore"/>
      </xs:sequence>
    </xs:complexType>
  </xs:element>
  <xs:element name="FV_RegistroRespuestaDocEmitido">
    <xs:complexType>
      <xs:sequence>
        <xs:element minOccurs="0" name="IdDocumento" type="xs:int"/>
        <xs:element minOccurs="0" name="IdEmpresa" type="xs:int"/>
        <xs:element minOccurs="0" name="EsValido" type="xs:boolean"/>
        <xs:element minOccurs="0" name="XmlRespuesta" nillable="true" type="xs:string"/>
        <xs:element minOccurs="0" name="RespuestaCliente" nillable="true" type="xs:string"/>
        <xs:element minOccurs="0" name="FechaTrans" type="xs:dateTime"/>
        <xs:element minOccurs="0" name="token" nillable="true" type="xs:string"/>
      </xs:sequence>
    </xs:complexType>
  </xs:element>
  <xs:element name="FV_RegistroRespuestaDocEmitidoResponse">
    <xs:complexType>
      <xs:sequence>
        <xs:element minOccurs="0" name="FV_RegistroRespuestaDocEmitidoResult" type="xs:boolean"/>
      </xs:sequence>
    </xs:complexType>
  </xs:element>
  <xs:element name="ConsultaDatosDocumentosRecibidos">
    <xs:complexType>
      <xs:sequence>
        <xs:element minOccurs="0" name="FacCab" nillable="true" type="q126:CFDCabConexionInt" xmlns:q126="http://schemas.datacontract.org/2004/07/eBillCore"/>
        <xs:element minOccurs="0" name="token" nillable="true" type="xs:string"/>
      </xs:sequence>
    </xs:complexType>
  </xs:element>
  <xs:element name="ConsultaDatosDocumentosRecibidosResponse">
    <xs:complexType>
      <xs:sequence>
        <xs:element minOccurs="0" name="ConsultaDatosDocumentosRecibidosResult" nillable="true" type="q127:Datos_Docs_Recepcion" xmlns:q127="http://schemas.datacontract.org/2004/07/eBillCore"/>
      </xs:sequence>
    </xs:complexType>
  </xs:element>
  <xs:element name="ConsultaDatosDocumentosRecibidos_TerceroPagador">
    <xs:complexType>
      <xs:sequence>
        <xs:element minOccurs="0" name="FacCab" nillable="true" type="q128:CFDCabConexionInt" xmlns:q128="http://schemas.datacontract.org/2004/07/eBillCore"/>
        <xs:element minOccurs="0" name="token" nillable="true" type="xs:string"/>
      </xs:sequence>
    </xs:complexType>
  </xs:element>
  <xs:element name="ConsultaDatosDocumentosRecibidos_TerceroPagadorResponse">
    <xs:complexType>
      <xs:sequence>
        <xs:element minOccurs="0" name="ConsultaDatosDocumentosRecibidos_TerceroPagadorResult" nillable="true" type="q129:Datos_Docs_Recepcion" xmlns:q129="http://schemas.datacontract.org/2004/07/eBillCore"/>
      </xs:sequence>
    </xs:complexType>
  </xs:element>
  <xs:element name="AgregaQRToPDFDocumentoElectronico">
    <xs:complexType>
      <xs:sequence>
        <xs:element minOccurs="0" name="FacCab" nillable="true" type="q130:CFDCabConexionInt" xmlns:q130="http://schemas.datacontract.org/2004/07/eBillCore"/>
        <xs:element minOccurs="0" name="Opciones" nillable="true" type="q131:OpcionesConexionInt" xmlns:q131="http://schemas.datacontract.org/2004/07/eBillCore"/>
        <xs:element minOccurs="0" name="CoorListXPage" nillable="true" type="q132:ArrayOfCoordenadasPixelesByPage" xmlns:q132="http://schemas.datacontract.org/2004/07/eBillCore"/>
      </xs:sequence>
    </xs:complexType>
  </xs:element>
  <xs:element name="AgregaQRToPDFDocumentoElectronicoResponse">
    <xs:complexType>
      <xs:sequence>
        <xs:element minOccurs="0" name="AgregaQRToPDFDocumentoElectronicoResult" nillable="true" type="xs:string"/>
      </xs:sequence>
    </xs:complexType>
  </xs:element>
  <xs:element name="TraerCertificadoDigital">
    <xs:complexType>
      <xs:sequence>
        <xs:element minOccurs="0" name="IdEmpresa" type="xs:int"/>
        <xs:element minOccurs="0" name="Token" nillable="true" type="xs:string"/>
        <xs:element minOccurs="0" name="Pass" nillable="true" type="xs:string"/>
      </xs:sequence>
    </xs:complexType>
  </xs:element>
  <xs:element name="TraerCertificadoDigitalResponse">
    <xs:complexType>
      <xs:sequence>
        <xs:element minOccurs="0" name="TraerCertificadoDigitalResult" nillable="true" type="xs:base64Binary"/>
        <xs:element minOccurs="0" name="Pass" nillable="true" type="xs:string"/>
      </xs:sequence>
    </xs:complexType>
  </xs:element>
  <xs:element name="SolicitaDatosDocumentoElectronicoQWS">
    <xs:complexType>
      <xs:sequence>
        <xs:element minOccurs="0" name="FacCab" nillable="true" type="q133:CFDCabConexionInt" xmlns:q133="http://schemas.datacontract.org/2004/07/eBillCore"/>
        <xs:element minOccurs="0" name="Opciones" nillable="true" type="q134:OpcionesConexionInt" xmlns:q134="http://schemas.datacontract.org/2004/07/eBillCore"/>
      </xs:sequence>
    </xs:complexType>
  </xs:element>
  <xs:element name="SolicitaDatosDocumentoElectronicoQWSResponse">
    <xs:complexType>
      <xs:sequence>
        <xs:element minOccurs="0" name="SolicitaDatosDocumentoElectronicoQWSResult" nillable="true" type="q135:CFDCabConexionIntQWS" xmlns:q135="http://schemas.datacontract.org/2004/07/eBillCore"/>
      </xs:sequence>
    </xs:complexType>
  </xs:element>
  <xs:element name="FV_TraerDatosEmpresasNotificar">
    <xs:complexType>
      <xs:sequence>
        <xs:element minOccurs="0" name="NitEmpresa" nillable="true" type="xs:string"/>
        <xs:element minOccurs="0" name="VersionSonda" nillable="true" type="xs:string"/>
        <xs:element minOccurs="0" name="Token" nillable="true" type="xs:string"/>
      </xs:sequence>
    </xs:complexType>
  </xs:element>
  <xs:element name="FV_TraerDatosEmpresasNotificarResponse">
    <xs:complexType>
      <xs:sequence>
        <xs:element minOccurs="0" name="FV_TraerDatosEmpresasNotificarResult" nillable="true" type="q136:ArrayOfFV_DatosEmpresaEmisora" xmlns:q136="http://schemas.datacontract.org/2004/07/eBillCore"/>
      </xs:sequence>
    </xs:complexType>
  </xs:element>
  <xs:element name="TraerDatosEmpresasNotificar">
    <xs:complexType>
      <xs:sequence>
        <xs:element minOccurs="0" name="NitEmpresa" nillable="true" type="xs:string"/>
        <xs:element minOccurs="0" name="VersionSonda" nillable="true" type="xs:string"/>
        <xs:element minOccurs="0" name="Token" nillable="true" type="xs:string"/>
      </xs:sequence>
    </xs:complexType>
  </xs:element>
  <xs:element name="TraerDatosEmpresasNotificarResponse">
    <xs:complexType>
      <xs:sequence>
        <xs:element minOccurs="0" name="TraerDatosEmpresasNotificarResult" nillable="true" type="q137:ArrayOfDatosEmpresaEmisora" xmlns:q137="http://schemas.datacontract.org/2004/07/eBillCore"/>
      </xs:sequence>
    </xs:complexType>
  </xs:element>
  <xs:element name="FV_TraerDocumentosPendientesNotificar">
    <xs:complexType>
      <xs:sequence>
        <xs:element minOccurs="0" name="IdEmpresa" type="xs:int"/>
        <xs:element minOccurs="0" name="FechaSTR" nillable="true" type="xs:string"/>
        <xs:element minOccurs="0" name="NumReg" type="xs:int"/>
        <xs:element minOccurs="0" name="Token" nillable="true" type="xs:string"/>
        <xs:element minOccurs="0" name="Resagos" type="xs:boolean"/>
      </xs:sequence>
    </xs:complexType>
  </xs:element>
  <xs:element name="FV_TraerDocumentosPendientesNotificarResponse">
    <xs:complexType>
      <xs:sequence>
        <xs:element minOccurs="0" name="FV_TraerDocumentosPendientesNotificarResult" nillable="true" type="q138:ArrayOfint" xmlns:q138="http://schemas.microsoft.com/2003/10/Serialization/Arrays"/>
      </xs:sequence>
    </xs:complexType>
  </xs:element>
  <xs:element name="FV_TraerDocumentosPendientesNotificar_Otros">
    <xs:complexType>
      <xs:sequence>
        <xs:element minOccurs="0" name="IdEmpresa" type="xs:int"/>
        <xs:element minOccurs="0" name="FechaSTR" nillable="true" type="xs:string"/>
        <xs:element minOccurs="0" name="NumReg" type="xs:int"/>
        <xs:element minOccurs="0" name="Token" nillable="true" type="xs:string"/>
        <xs:element minOccurs="0" name="Resagos" type="xs:boolean"/>
      </xs:sequence>
    </xs:complexType>
  </xs:element>
  <xs:element name="FV_TraerDocumentosPendientesNotificar_OtrosResponse">
    <xs:complexType>
      <xs:sequence>
        <xs:element minOccurs="0" name="FV_TraerDocumentosPendientesNotificar_OtrosResult" nillable="true" type="q139:ArrayOfint" xmlns:q139="http://schemas.microsoft.com/2003/10/Serialization/Arrays"/>
      </xs:sequence>
    </xs:complexType>
  </xs:element>
  <xs:element name="TraerDocumentosPendientesNotificar">
    <xs:complexType>
      <xs:sequence>
        <xs:element minOccurs="0" name="IdEmpresa" type="xs:int"/>
        <xs:element minOccurs="0" name="FechaSTR" nillable="true" type="xs:string"/>
        <xs:element minOccurs="0" name="NumReg" type="xs:int"/>
        <xs:element minOccurs="0" name="Token" nillable="true" type="xs:string"/>
        <xs:element minOccurs="0" name="Resagos" type="xs:boolean"/>
      </xs:sequence>
    </xs:complexType>
  </xs:element>
  <xs:element name="TraerDocumentosPendientesNotificarResponse">
    <xs:complexType>
      <xs:sequence>
        <xs:element minOccurs="0" name="TraerDocumentosPendientesNotificarResult" nillable="true" type="q140:ArrayOfint" xmlns:q140="http://schemas.microsoft.com/2003/10/Serialization/Arrays"/>
      </xs:sequence>
    </xs:complexType>
  </xs:element>
  <xs:element name="SolicitareBillFacturasRadicadasRecepcionXNitRecXDiaRec">
    <xs:complexType>
      <xs:sequence>
        <xs:element minOccurs="0" name="FacCab" nillable="true" type="q141:CFDCabConexionRec" xmlns:q141="http://schemas.datacontract.org/2004/07/eBillCore"/>
        <xs:element minOccurs="0" name="fechaRadicacion" type="xs:dateTime"/>
        <xs:element minOccurs="0" name="Opciones" nillable="true" type="q142:OpcionesConexionInt" xmlns:q142="http://schemas.datacontract.org/2004/07/eBillCore"/>
        <xs:element minOccurs="0" name="estadoDocumento" type="xs:int"/>
      </xs:sequence>
    </xs:complexType>
  </xs:element>
  <xs:element name="SolicitareBillFacturasRadicadasRecepcionXNitRecXDiaRecResponse">
    <xs:complexType>
      <xs:sequence>
        <xs:element minOccurs="0" name="SolicitareBillFacturasRadicadasRecepcionXNitRecXDiaRecResult" nillable="true" type="q143:ArrayOfstring" xmlns:q143="http://schemas.microsoft.com/2003/10/Serialization/Arrays"/>
      </xs:sequence>
    </xs:complexType>
  </xs:element>
  <xs:element name="SolicitareBillFacturasRadicadasRecepcionXNitRecXDiaRec_TerceroPagador">
    <xs:complexType>
      <xs:sequence>
        <xs:element minOccurs="0" name="FacCab" nillable="true" type="q144:CFDCabConexionRec" xmlns:q144="http://schemas.datacontract.org/2004/07/eBillCore"/>
        <xs:element minOccurs="0" name="fechaRadicacion" type="xs:dateTime"/>
        <xs:element minOccurs="0" name="Opciones" nillable="true" type="q145:OpcionesConexionInt" xmlns:q145="http://schemas.datacontract.org/2004/07/eBillCore"/>
      </xs:sequence>
    </xs:complexType>
  </xs:element>
  <xs:element name="SolicitareBillFacturasRadicadasRecepcionXNitRecXDiaRec_TerceroPagadorResponse">
    <xs:complexType>
      <xs:sequence>
        <xs:element minOccurs="0" name="SolicitareBillFacturasRadicadasRecepcionXNitRecXDiaRec_TerceroPagadorResult" nillable="true" type="q146:ArrayOfstring" xmlns:q146="http://schemas.microsoft.com/2003/10/Serialization/Arrays"/>
      </xs:sequence>
    </xs:complexType>
  </xs:element>
  <xs:element name="FV_NotificarDocumentoCliente">
    <xs:complexType>
      <xs:sequence>
        <xs:element minOccurs="0" name="IdDocumento" type="xs:int"/>
        <xs:element minOccurs="0" name="IdEmpresa" type="xs:int"/>
        <xs:element minOccurs="0" name="CorreosAdic" nillable="true" type="xs:string"/>
        <xs:element minOccurs="0" name="Token" nillable="true" type="xs:string"/>
        <xs:element minOccurs="0" name="ModeloFVP" type="xs:boolean"/>
      </xs:sequence>
    </xs:complexType>
  </xs:element>
  <xs:element name="FV_NotificarDocumentoClienteResponse">
    <xs:complexType>
      <xs:sequence>
        <xs:element minOccurs="0" name="FV_NotificarDocumentoClienteResult" type="xs:boolean"/>
      </xs:sequence>
    </xs:complexType>
  </xs:element>
  <xs:element name="FV_ValidacionXML_DIAN">
    <xs:complexType>
      <xs:sequence>
        <xs:element minOccurs="0" name="documentoXml" nillable="true" type="xs:string"/>
        <xs:element minOccurs="0" name="NitEmpresa" nillable="true" type="xs:string"/>
        <xs:element minOccurs="0" name="Token" nillable="true" type="xs:string"/>
      </xs:sequence>
    </xs:complexType>
  </xs:element>
  <xs:element name="FV_ValidacionXML_DIANResponse">
    <xs:complexType>
      <xs:sequence>
        <xs:element minOccurs="0" name="FV_ValidacionXML_DIANResult" nillable="true" type="q147:ArrayOfstring" xmlns:q147="http://schemas.microsoft.com/2003/10/Serialization/Arrays"/>
      </xs:sequence>
    </xs:complexType>
  </xs:element>
  <xs:element name="FV_CargarDocumentosElectronicosToeBillGenericFULLPDFCUFE">
    <xs:complexType>
      <xs:sequence>
        <xs:element minOccurs="0" name="PDFFac" nillable="true" type="xs:base64Binary"/>
        <xs:element minOccurs="0" name="FacCab" nillable="true" type="q148:FV_CFDCabConexionInt" xmlns:q148="http://schemas.datacontract.org/2004/07/eBillCore"/>
        <xs:element minOccurs="0" name="DetFac" nillable="true" type="q149:ArrayOfFV_CFDDetConexionInt" xmlns:q149="http://schemas.datacontract.org/2004/07/eBillCore"/>
        <xs:element minOccurs="0" name="Opciones" nillable="true" type="q150:FV_OpcionesConexionInt" xmlns:q150="http://schemas.datacontract.org/2004/07/eBillCore"/>
        <xs:element minOccurs="0" name="AllowedChargeCab" nillable="true" type="q151:ArrayOfFV_ACC_AllowanceChargeCabInt" xmlns:q151="http://schemas.datacontract.org/2004/07/eBillCore"/>
        <xs:element minOccurs="0" name="AllowedChargeDet" nillable="true" type="q152:ArrayOfFV_ACD_AllowanceChargeDetInt" xmlns:q152="http://schemas.datacontract.org/2004/07/eBillCore"/>
        <xs:element minOccurs="0" name="_FV_TRBACON_TributoAgrupadoXConceptoInt" nillable="true" type="q153:ArrayOfFV_TRBACON_TributoAgrupadoXConceptoInt" xmlns:q153="http://schemas.datacontract.org/2004/07/eBillCore"/>
        <xs:element minOccurs="0" name="_FV_TRBDCON_TributoDetalleXConceptoInt" nillable="true" type="q154:ArrayOfFV_TRBDCON_TributoDetalleXConceptoInt" xmlns:q154="http://schemas.datacontract.org/2004/07/eBillCore"/>
        <xs:element minOccurs="0" name="_FV_TRBA_TributoAgrupadoInt" nillable="true" type="q155:ArrayOfFV_TRBA_TributoAgrupadoInt" xmlns:q155="http://schemas.datacontract.org/2004/07/eBillCore"/>
        <xs:element minOccurs="0" name="_FV_TRBD_TributoDetalleInt" nillable="true" type="q156:ArrayOfFV_TRBD_TributoDetalleInt" xmlns:q156="http://schemas.datacontract.org/2004/07/eBillCore"/>
        <xs:element minOccurs="0" name="Coord" nillable="true" type="q157:ArrayOfCoordenadasPixelesByPage" xmlns:q157="http://schemas.datacontract.org/2004/07/eBillCore"/>
        <xs:element minOccurs="0" name="retornaXML" type="xs:boolean"/>
        <xs:element minOccurs="0" name="_FV_AXD_AnticiposXDocumentoInt" nillable="true" type="q158:ArrayOfFV_AXD_AnticiposXDocumentoInt" xmlns:q158="http://schemas.datacontract.org/2004/07/eBillCore"/>
      </xs:sequence>
    </xs:complexType>
  </xs:element>
  <xs:element name="FV_CargarDocumentosElectronicosToeBillGenericFULLPDFCUFEResponse">
    <xs:complexType>
      <xs:sequence>
        <xs:element minOccurs="0" name="FV_CargarDocumentosElectronicosToeBillGenericFULLPDFCUFEResult" nillable="true" type="xs:string"/>
      </xs:sequence>
    </xs:complexType>
  </xs:element>
  <xs:element name="FV_CargarDocumentosElectronicosToeBillGenericFULL">
    <xs:complexType>
      <xs:sequence>
        <xs:element minOccurs="0" name="FacCab" nillable="true" type="q159:FV_CFDCabConexionInt" xmlns:q159="http://schemas.datacontract.org/2004/07/eBillCore"/>
        <xs:element minOccurs="0" name="DetFac" nillable="true" type="q160:ArrayOfFV_CFDDetConexionInt" xmlns:q160="http://schemas.datacontract.org/2004/07/eBillCore"/>
        <xs:element minOccurs="0" name="Opciones" nillable="true" type="q161:FV_OpcionesConexionInt" xmlns:q161="http://schemas.datacontract.org/2004/07/eBillCore"/>
        <xs:element minOccurs="0" name="AllowedChargeCab" nillable="true" type="q162:ArrayOfFV_ACC_AllowanceChargeCabInt" xmlns:q162="http://schemas.datacontract.org/2004/07/eBillCore"/>
        <xs:element minOccurs="0" name="AllowedChargeDet" nillable="true" type="q163:ArrayOfFV_ACD_AllowanceChargeDetInt" xmlns:q163="http://schemas.datacontract.org/2004/07/eBillCore"/>
        <xs:element minOccurs="0" name="_FV_TRBACON_TributoAgrupadoXConceptoInt" nillable="true" type="q164:ArrayOfFV_TRBACON_TributoAgrupadoXConceptoInt" xmlns:q164="http://schemas.datacontract.org/2004/07/eBillCore"/>
        <xs:element minOccurs="0" name="_FV_TRBDCON_TributoDetalleXConceptoInt" nillable="true" type="q165:ArrayOfFV_TRBDCON_TributoDetalleXConceptoInt" xmlns:q165="http://schemas.datacontract.org/2004/07/eBillCore"/>
        <xs:element minOccurs="0" name="_FV_TRBA_TributoAgrupadoInt" nillable="true" type="q166:ArrayOfFV_TRBA_TributoAgrupadoInt" xmlns:q166="http://schemas.datacontract.org/2004/07/eBillCore"/>
        <xs:element minOccurs="0" name="_FV_TRBD_TributoDetalleInt" nillable="true" type="q167:ArrayOfFV_TRBD_TributoDetalleInt" xmlns:q167="http://schemas.datacontract.org/2004/07/eBillCore"/>
        <xs:element minOccurs="0" name="Coord" nillable="true" type="q168:ArrayOfCoordenadasPixelesByPage" xmlns:q168="http://schemas.datacontract.org/2004/07/eBillCore"/>
        <xs:element minOccurs="0" name="_FV_AXD_AnticiposXDocumentoInt" nillable="true" type="q169:ArrayOfFV_AXD_AnticiposXDocumentoInt" xmlns:q169="http://schemas.datacontract.org/2004/07/eBillCore"/>
      </xs:sequence>
    </xs:complexType>
  </xs:element>
  <xs:element name="FV_CargarDocumentosElectronicosToeBillGenericFULLResponse">
    <xs:complexType>
      <xs:sequence>
        <xs:element minOccurs="0" name="FV_CargarDocumentosElectronicosToeBillGenericFULLResult" nillable="true" type="xs:string"/>
      </xs:sequence>
    </xs:complexType>
  </xs:element>
  <xs:element name="TraerAdjuntosXPrefijoXNumXTipoComp">
    <xs:complexType>
      <xs:sequence>
        <xs:element minOccurs="0" name="NitEmpresaReceptora" nillable="true" type="xs:string"/>
        <xs:element minOccurs="0" name="NitEmpresaEmisora" nillable="true" type="xs:string"/>
        <xs:element minOccurs="0" name="Prefijo" nillable="true" type="xs:string"/>
        <xs:element minOccurs="0" name="Numero" type="xs:long"/>
        <xs:element minOccurs="0" name="NumEnlace" nillable="true" type="xs:string"/>
        <xs:element minOccurs="0" name="TipoComprobante" type="xs:int"/>
        <xs:element minOccurs="0" name="Token" nillable="true" type="xs:string"/>
        <xs:element minOccurs="0" name="MultiAnexo" type="xs:boolean"/>
      </xs:sequence>
    </xs:complexType>
  </xs:element>
  <xs:element name="TraerAdjuntosXPrefijoXNumXTipoCompResponse">
    <xs:complexType>
      <xs:sequence>
        <xs:element minOccurs="0" name="TraerAdjuntosXPrefijoXNumXTipoCompResult" nillable="true" type="xs:base64Binary"/>
      </xs:sequence>
    </xs:complexType>
  </xs:element>
  <xs:element name="FV_TraerPaquetesEmitidosPendientesDeStatusDian">
    <xs:complexType>
      <xs:sequence>
        <xs:element minOccurs="0" name="IdEmpresa" type="xs:int"/>
        <xs:element minOccurs="0" name="Fecha" nillable="true" type="xs:string"/>
        <xs:element minOccurs="0" name="Token" nillable="true" type="xs:string"/>
        <xs:element minOccurs="0" name="Resagos" type="xs:boolean"/>
        <xs:element minOccurs="0" name="EndPointDian" type="q170:FV_Utilidades.FV_EndPointDian" xmlns:q170="http://schemas.datacontract.org/2004/07/eBillCore"/>
      </xs:sequence>
    </xs:complexType>
  </xs:element>
  <xs:element name="FV_TraerPaquetesEmitidosPendientesDeStatusDianResponse">
    <xs:complexType>
      <xs:sequence>
        <xs:element minOccurs="0" name="FV_TraerPaquetesEmitidosPendientesDeStatusDianResult" nillable="true" type="q171:ArrayOfstring" xmlns:q171="http://schemas.microsoft.com/2003/10/Serialization/Arrays"/>
      </xs:sequence>
    </xs:complexType>
  </xs:element>
  <xs:element name="FV_RegistroPaqueteEmitido">
    <xs:complexType>
      <xs:sequence>
        <xs:element minOccurs="0" name="registro" nillable="true" type="q172:FV_RegistroSolicitudEmision" xmlns:q172="http://schemas.datacontract.org/2004/07/eBillCore"/>
        <xs:element minOccurs="0" name="Documentos" nillable="true" type="q173:ArrayOfFV_Documentos" xmlns:q173="http://schemas.datacontract.org/2004/07/eBillCore"/>
        <xs:element minOccurs="0" name="Token" nillable="true" type="xs:string"/>
      </xs:sequence>
    </xs:complexType>
  </xs:element>
  <xs:element name="FV_RegistroPaqueteEmitidoResponse">
    <xs:complexType>
      <xs:sequence>
        <xs:element minOccurs="0" name="FV_RegistroPaqueteEmitidoResult" type="xs:boolean"/>
      </xs:sequence>
    </xs:complexType>
  </xs:element>
  <xs:element name="FV_CargarDocumentosElectronicosToeBillTxN">
    <xs:complexType>
      <xs:sequence>
        <xs:element minOccurs="0" name="PDFFac" nillable="true" type="xs:base64Binary"/>
        <xs:element minOccurs="0" name="FacCab" nillable="true" type="q174:FV_CFDCabConexionInt" xmlns:q174="http://schemas.datacontract.org/2004/07/eBillCore"/>
        <xs:element minOccurs="0" name="DetFac" nillable="true" type="q175:ArrayOfFV_CFDDetConexionInt" xmlns:q175="http://schemas.datacontract.org/2004/07/eBillCore"/>
        <xs:element minOccurs="0" name="Opciones" nillable="true" type="q176:FV_OpcionesConexionInt" xmlns:q176="http://schemas.datacontract.org/2004/07/eBillCore"/>
        <xs:element minOccurs="0" name="AllowedChargeCab" nillable="true" type="q177:ArrayOfFV_ACC_AllowanceChargeCabInt" xmlns:q177="http://schemas.datacontract.org/2004/07/eBillCore"/>
        <xs:element minOccurs="0" name="AllowedChargeDet" nillable="true" type="q178:ArrayOfFV_ACD_AllowanceChargeDetInt" xmlns:q178="http://schemas.datacontract.org/2004/07/eBillCore"/>
        <xs:element minOccurs="0" name="_FV_TRBACON_TributoAgrupadoXConceptoInt" nillable="true" type="q179:ArrayOfFV_TRBACON_TributoAgrupadoXConceptoInt" xmlns:q179="http://schemas.datacontract.org/2004/07/eBillCore"/>
        <xs:element minOccurs="0" name="_FV_TRBDCON_TributoDetalleXConceptoInt" nillable="true" type="q180:ArrayOfFV_TRBDCON_TributoDetalleXConceptoInt" xmlns:q180="http://schemas.datacontract.org/2004/07/eBillCore"/>
        <xs:element minOccurs="0" name="_FV_TRBA_TributoAgrupadoInt" nillable="true" type="q181:ArrayOfFV_TRBA_TributoAgrupadoInt" xmlns:q181="http://schemas.datacontract.org/2004/07/eBillCore"/>
        <xs:element minOccurs="0" name="_FV_TRBD_TributoDetalleInt" nillable="true" type="q182:ArrayOfFV_TRBD_TributoDetalleInt" xmlns:q182="http://schemas.datacontract.org/2004/07/eBillCore"/>
        <xs:element minOccurs="0" name="Coord" nillable="true" type="q183:ArrayOfCoordenadasPixelesByPage" xmlns:q183="http://schemas.datacontract.org/2004/07/eBillCore"/>
      </xs:sequence>
    </xs:complexType>
  </xs:element>
  <xs:element name="FV_CargarDocumentosElectronicosToeBillTxNResponse">
    <xs:complexType>
      <xs:sequence>
        <xs:element minOccurs="0" name="FV_CargarDocumentosElectronicosToeBillTxNResult" nillable="true" type="xs:string"/>
      </xs:sequence>
    </xs:complexType>
  </xs:element>
  <xs:element name="FV_CargarDocumentosElectronicosToeBillTxA">
    <xs:complexType>
      <xs:sequence>
        <xs:element minOccurs="0" name="PDFFac" nillable="true" type="xs:base64Binary"/>
        <xs:element minOccurs="0" name="FacCab" nillable="true" type="q184:FV_CFDCabConexionInt" xmlns:q184="http://schemas.datacontract.org/2004/07/eBillCore"/>
        <xs:element minOccurs="0" name="DetFac" nillable="true" type="q185:ArrayOfFV_CFDDetConexionInt" xmlns:q185="http://schemas.datacontract.org/2004/07/eBillCore"/>
        <xs:element minOccurs="0" name="Opciones" nillable="true" type="q186:FV_OpcionesConexionInt" xmlns:q186="http://schemas.datacontract.org/2004/07/eBillCore"/>
        <xs:element minOccurs="0" name="AllowedChargeCab" nillable="true" type="q187:ArrayOfFV_ACC_AllowanceChargeCabInt" xmlns:q187="http://schemas.datacontract.org/2004/07/eBillCore"/>
        <xs:element minOccurs="0" name="AllowedChargeDet" nillable="true" type="q188:ArrayOfFV_ACD_AllowanceChargeDetInt" xmlns:q188="http://schemas.datacontract.org/2004/07/eBillCore"/>
        <xs:element minOccurs="0" name="_FV_TRBACON_TributoAgrupadoXConceptoInt" nillable="true" type="q189:ArrayOfFV_TRBACON_TributoAgrupadoXConceptoInt" xmlns:q189="http://schemas.datacontract.org/2004/07/eBillCore"/>
        <xs:element minOccurs="0" name="_FV_TRBDCON_TributoDetalleXConceptoInt" nillable="true" type="q190:ArrayOfFV_TRBDCON_TributoDetalleXConceptoInt" xmlns:q190="http://schemas.datacontract.org/2004/07/eBillCore"/>
        <xs:element minOccurs="0" name="_FV_TRBA_TributoAgrupadoInt" nillable="true" type="q191:ArrayOfFV_TRBA_TributoAgrupadoInt" xmlns:q191="http://schemas.datacontract.org/2004/07/eBillCore"/>
        <xs:element minOccurs="0" name="_FV_TRBD_TributoDetalleInt" nillable="true" type="q192:ArrayOfFV_TRBD_TributoDetalleInt" xmlns:q192="http://schemas.datacontract.org/2004/07/eBillCore"/>
        <xs:element minOccurs="0" name="Coord" nillable="true" type="q193:ArrayOfCoordenadasPixelesByPage" xmlns:q193="http://schemas.datacontract.org/2004/07/eBillCore"/>
      </xs:sequence>
    </xs:complexType>
  </xs:element>
  <xs:element name="FV_CargarDocumentosElectronicosToeBillTxAResponse">
    <xs:complexType>
      <xs:sequence>
        <xs:element minOccurs="0" name="FV_CargarDocumentosElectronicosToeBillTxAResult" nillable="true" type="xs:string"/>
      </xs:sequence>
    </xs:complexType>
  </xs:element>
  <xs:element name="FV_RegistroEstadoPaqueteEmitido">
    <xs:complexType>
      <xs:sequence>
        <xs:element minOccurs="0" name="Registro" nillable="true" type="q194:FV_RegistroSolicitudEmision" xmlns:q194="http://schemas.datacontract.org/2004/07/eBillCore"/>
        <xs:element minOccurs="0" name="Documentos" nillable="true" type="q195:ArrayOfDianResponse" xmlns:q195="http://schemas.datacontract.org/2004/07/DianResponse"/>
        <xs:element minOccurs="0" name="Token" nillable="true" type="xs:string"/>
      </xs:sequence>
    </xs:complexType>
  </xs:element>
  <xs:element name="FV_RegistroEstadoPaqueteEmitidoResponse">
    <xs:complexType>
      <xs:sequence>
        <xs:element minOccurs="0" name="FV_RegistroEstadoPaqueteEmitidoResult" nillable="true" type="xs:string"/>
      </xs:sequence>
    </xs:complexType>
  </xs:element>
  <xs:element name="FV_EnviarDocumentoaDIAN">
    <xs:complexType>
      <xs:sequence>
        <xs:element minOccurs="0" name="IdEmpresa" type="xs:int"/>
        <xs:element minOccurs="0" name="IdDocumento" type="xs:int"/>
        <xs:element minOccurs="0" name="IdSucursal" type="xs:int"/>
        <xs:element minOccurs="0" name="Prevalidar" type="xs:boolean"/>
        <xs:element minOccurs="0" name="MSNError" nillable="true" type="xs:string"/>
        <xs:element minOccurs="0" name="RequiereFE" type="xs:boolean"/>
        <xs:element minOccurs="0" name="Token" nillable="true" type="xs:string"/>
      </xs:sequence>
    </xs:complexType>
  </xs:element>
  <xs:element name="FV_EnviarDocumentoaDIANResponse">
    <xs:complexType>
      <xs:sequence>
        <xs:element minOccurs="0" name="FV_EnviarDocumentoaDIANResult" type="xs:boolean"/>
        <xs:element minOccurs="0" name="MSNError" nillable="true" type="xs:string"/>
      </xs:sequence>
    </xs:complexType>
  </xs:element>
  <xs:element name="FV_EnviarDocumentoaDIAN_Contingencia">
    <xs:complexType>
      <xs:sequence>
        <xs:element minOccurs="0" name="IdEmpresa" type="xs:int"/>
        <xs:element minOccurs="0" name="IdDocumento" type="xs:int"/>
        <xs:element minOccurs="0" name="IdSucursal" type="xs:int"/>
        <xs:element minOccurs="0" name="Prevalidar" type="xs:boolean"/>
        <xs:element minOccurs="0" name="MSNError" nillable="true" type="xs:string"/>
        <xs:element minOccurs="0" name="RequiereFE" type="xs:boolean"/>
        <xs:element minOccurs="0" name="Token" nillable="true" type="xs:string"/>
      </xs:sequence>
    </xs:complexType>
  </xs:element>
  <xs:element name="FV_EnviarDocumentoaDIAN_ContingenciaResponse">
    <xs:complexType>
      <xs:sequence>
        <xs:element minOccurs="0" name="FV_EnviarDocumentoaDIAN_ContingenciaResult" type="xs:boolean"/>
        <xs:element minOccurs="0" name="MSNError" nillable="true" type="xs:string"/>
      </xs:sequence>
    </xs:complexType>
  </xs:element>
  <xs:element name="FV_LiberarDocumentosEstadoProcesamiento">
    <xs:complexType>
      <xs:sequence>
        <xs:element minOccurs="0" name="IdEmpresa" type="xs:int"/>
        <xs:element minOccurs="0" name="documentos" nillable="true" type="q196:ArrayOfint" xmlns:q196="http://schemas.microsoft.com/2003/10/Serialization/Arrays"/>
        <xs:element minOccurs="0" name="Token" nillable="true" type="xs:string"/>
      </xs:sequence>
    </xs:complexType>
  </xs:element>
  <xs:element name="FV_LiberarDocumentosEstadoProcesamientoResponse">
    <xs:complexType>
      <xs:sequence>
        <xs:element minOccurs="0" name="FV_LiberarDocumentosEstadoProcesamientoResult" nillable="true" type="xs:string"/>
      </xs:sequence>
    </xs:complexType>
  </xs:element>
  <xs:element name="FV_LiberarPaquetesEstadoProcesamiento">
    <xs:complexType>
      <xs:sequence>
        <xs:element minOccurs="0" name="IdEmpresa" type="xs:int"/>
        <xs:element minOccurs="0" name="paquetes" nillable="true" type="q197:ArrayOfint" xmlns:q197="http://schemas.microsoft.com/2003/10/Serialization/Arrays"/>
        <xs:element minOccurs="0" name="Token" nillable="true" type="xs:string"/>
      </xs:sequence>
    </xs:complexType>
  </xs:element>
  <xs:element name="FV_LiberarPaquetesEstadoProcesamientoResponse">
    <xs:complexType>
      <xs:sequence>
        <xs:element minOccurs="0" name="FV_LiberarPaquetesEstadoProcesamientoResult" nillable="true" type="xs:string"/>
      </xs:sequence>
    </xs:complexType>
  </xs:element>
  <xs:element name="FV_LiberarDocsEmitidosEstadoProcesamiento">
    <xs:complexType>
      <xs:sequence>
        <xs:element minOccurs="0" name="IdEmpresa" type="xs:int"/>
        <xs:element minOccurs="0" name="documentos" nillable="true" type="q198:ArrayOfint" xmlns:q198="http://schemas.microsoft.com/2003/10/Serialization/Arrays"/>
        <xs:element minOccurs="0" name="Token" nillable="true" type="xs:string"/>
      </xs:sequence>
    </xs:complexType>
  </xs:element>
  <xs:element name="FV_LiberarDocsEmitidosEstadoProcesamientoResponse">
    <xs:complexType>
      <xs:sequence>
        <xs:element minOccurs="0" name="FV_LiberarDocsEmitidosEstadoProcesamientoResult" nillable="true" type="xs:string"/>
      </xs:sequence>
    </xs:complexType>
  </xs:element>
  <xs:element name="FV_ConsultaEstado_DIANV2">
    <xs:complexType>
      <xs:sequence>
        <xs:element minOccurs="0" name="NitEmpresa" nillable="true" type="xs:string"/>
        <xs:element minOccurs="0" name="Prefijo" nillable="true" type="xs:string"/>
        <xs:element minOccurs="0" name="NumDoc" type="xs:int"/>
        <xs:element minOccurs="0" name="TipoComprobante" type="xs:int"/>
        <xs:element minOccurs="0" name="Token" nillable="true" type="xs:string"/>
      </xs:sequence>
    </xs:complexType>
  </xs:element>
  <xs:element name="FV_ConsultaEstado_DIANV2Response">
    <xs:complexType>
      <xs:sequence>
        <xs:element minOccurs="0" name="FV_ConsultaEstado_DIANV2Result" nillable="true" type="q199:FV_EstadoDocumentoDIANV2" xmlns:q199="http://schemas.datacontract.org/2004/07/eBillCore"/>
      </xs:sequence>
    </xs:complexType>
  </xs:element>
  <xs:element name="FV_ProcesarRespuestaEnvioSincrono">
    <xs:complexType>
      <xs:sequence>
        <xs:element minOccurs="0" name="IdEmpresa" type="xs:int"/>
        <xs:element minOccurs="0" name="IdDocumento" type="xs:int"/>
        <xs:element minOccurs="0" name="respuesta" nillable="true" type="q200:DianResponse" xmlns:q200="http://schemas.datacontract.org/2004/07/DianResponse"/>
        <xs:element minOccurs="0" name="Nombre_ArchivoZip" nillable="true" type="xs:string"/>
        <xs:element minOccurs="0" name="ArchivoZip" nillable="true" type="xs:base64Binary"/>
        <xs:element minOccurs="0" name="xml" nillable="true" type="xs:base64Binary"/>
        <xs:element minOccurs="0" name="Token" nillable="true" type="xs:string"/>
        <xs:element minOccurs="0" name="EndPointDian" type="q201:FV_Utilidades.FV_EndPointDian" xmlns:q201="http://schemas.datacontract.org/2004/07/eBillCore"/>
        <xs:element minOccurs="0" name="ReemplazoDocXReglasInv" type="xs:boolean"/>
      </xs:sequence>
    </xs:complexType>
  </xs:element>
  <xs:element name="FV_ProcesarRespuestaEnvioSincronoResponse">
    <xs:complexType>
      <xs:sequence>
        <xs:element minOccurs="0" name="FV_ProcesarRespuestaEnvioSincronoResult" nillable="true" type="xs:string"/>
      </xs:sequence>
    </xs:complexType>
  </xs:element>
  <xs:element name="FV_ProcesarRespuestaEnvioAsincrono">
    <xs:complexType>
      <xs:sequence>
        <xs:element minOccurs="0" name="IdEmpresa" type="xs:int"/>
        <xs:element minOccurs="0" name="IdDocumento" type="xs:int"/>
        <xs:element minOccurs="0" name="respuesta" nillable="true" type="q202:UploadDocumentResponse" xmlns:q202="http://schemas.datacontract.org/2004/07/UploadDocumentResponse"/>
        <xs:element minOccurs="0" name="Nombre_ArchivoZip" nillable="true" type="xs:string"/>
        <xs:element minOccurs="0" name="Nombre_ArchivoXml" nillable="true" type="xs:string"/>
        <xs:element minOccurs="0" name="ArchivoZip" nillable="true" type="xs:base64Binary"/>
        <xs:element minOccurs="0" name="xml" nillable="true" type="xs:base64Binary"/>
        <xs:element minOccurs="0" name="Token" nillable="true" type="xs:string"/>
        <xs:element minOccurs="0" name="EndPointDian" type="q203:FV_Utilidades.FV_EndPointDian" xmlns:q203="http://schemas.datacontract.org/2004/07/eBillCore"/>
        <xs:element minOccurs="0" name="ReemplazoDocXReglasInv" type="xs:boolean"/>
      </xs:sequence>
    </xs:complexType>
  </xs:element>
  <xs:element name="FV_ProcesarRespuestaEnvioAsincronoResponse">
    <xs:complexType>
      <xs:sequence>
        <xs:element minOccurs="0" name="FV_ProcesarRespuestaEnvioAsincronoResult" nillable="true" type="xs:string"/>
      </xs:sequence>
    </xs:complexType>
  </xs:element>
  <xs:element name="FV_RegistroEstadoDocEmitido">
    <xs:complexType>
      <xs:sequence>
        <xs:element minOccurs="0" name="IdEmpresa" type="xs:int"/>
        <xs:element minOccurs="0" name="IdDocumento" type="xs:int"/>
        <xs:element minOccurs="0" name="respuesta" nillable="true" type="q204:DianResponse" xmlns:q204="http://schemas.datacontract.org/2004/07/DianResponse"/>
        <xs:element minOccurs="0" name="IdRegistroSolicitudDetalle" type="xs:int"/>
        <xs:element minOccurs="0" name="Token" nillable="true" type="xs:string"/>
      </xs:sequence>
    </xs:complexType>
  </xs:element>
  <xs:element name="FV_RegistroEstadoDocEmitidoResponse">
    <xs:complexType>
      <xs:sequence>
        <xs:element minOccurs="0" name="FV_RegistroEstadoDocEmitidoResult" nillable="true" type="xs:string"/>
      </xs:sequence>
    </xs:complexType>
  </xs:element>
  <xs:element name="FV_TraerDocumentosEmitidosPendientesDeStatusDian">
    <xs:complexType>
      <xs:sequence>
        <xs:element minOccurs="0" name="IdEmpresa" type="xs:int"/>
        <xs:element minOccurs="0" name="Fecha" nillable="true" type="xs:string"/>
        <xs:element minOccurs="0" name="NumReg" type="xs:int"/>
        <xs:element minOccurs="0" name="Token" nillable="true" type="xs:string"/>
        <xs:element minOccurs="0" name="Resagos" type="xs:boolean"/>
        <xs:element minOccurs="0" name="EndPointDian" type="q205:FV_Utilidades.FV_EndPointDian" xmlns:q205="http://schemas.datacontract.org/2004/07/eBillCore"/>
      </xs:sequence>
    </xs:complexType>
  </xs:element>
  <xs:element name="FV_TraerDocumentosEmitidosPendientesDeStatusDianResponse">
    <xs:complexType>
      <xs:sequence>
        <xs:element minOccurs="0" name="FV_TraerDocumentosEmitidosPendientesDeStatusDianResult" nillable="true" type="q206:ArrayOfstring" xmlns:q206="http://schemas.microsoft.com/2003/10/Serialization/Arrays"/>
      </xs:sequence>
    </xs:complexType>
  </xs:element>
  <xs:element name="NuevoEventoLogeBill">
    <xs:complexType>
      <xs:sequence>
        <xs:element minOccurs="0" name="IdEmpresa" type="xs:int"/>
        <xs:element minOccurs="0" name="TipoEvento" type="xs:int"/>
        <xs:element minOccurs="0" name="IdProc" type="xs:int"/>
        <xs:element minOccurs="0" name="IdMensage" type="xs:int"/>
        <xs:element minOccurs="0" name="IdSucursal" type="xs:int"/>
        <xs:element minOccurs="0" name="Msg" nillable="true" type="xs:string"/>
        <xs:element minOccurs="0" name="Token" nillable="true" type="xs:string"/>
      </xs:sequence>
    </xs:complexType>
  </xs:element>
  <xs:element name="NuevoEventoLogeBillResponse">
    <xs:complexType>
      <xs:sequence>
        <xs:element minOccurs="0" name="NuevoEventoLogeBillResult" type="xs:boolean"/>
      </xs:sequence>
    </xs:complexType>
  </xs:element>
  <xs:element name="TraerIdUltimoDocumentoXEmpresa">
    <xs:complexType>
      <xs:sequence>
        <xs:element minOccurs="0" name="IdEmpresa" type="xs:int"/>
        <xs:element minOccurs="0" name="IdSucursal" type="xs:int"/>
        <xs:element minOccurs="0" name="TipoDoc" type="xs:int"/>
        <xs:element minOccurs="0" name="NumeroDocumento" nillable="true" type="xs:string"/>
        <xs:element minOccurs="0" name="Token" nillable="true" type="xs:string"/>
      </xs:sequence>
    </xs:complexType>
  </xs:element>
  <xs:element name="TraerIdUltimoDocumentoXEmpresaResponse">
    <xs:complexType>
      <xs:sequence>
        <xs:element minOccurs="0" name="TraerIdUltimoDocumentoXEmpresaResult" type="xs:int"/>
        <xs:element minOccurs="0" name="NumeroDocumento" nillable="true" type="xs:string"/>
      </xs:sequence>
    </xs:complexType>
  </xs:element>
  <xs:element name="AlmacenarRegistroLogReglas">
    <xs:complexType>
      <xs:sequence>
        <xs:element minOccurs="0" name="IdEmpresa" type="xs:int"/>
        <xs:element minOccurs="0" name="CFD_numero_cfd" type="xs:decimal"/>
        <xs:element minOccurs="0" name="CFD_prefijo" nillable="true" type="xs:string"/>
        <xs:element minOccurs="0" name="tco_id_tipo_comprobante" type="xs:int"/>
        <xs:element minOccurs="0" name="mensajeError" nillable="true" type="xs:string"/>
        <xs:element minOccurs="0" name="PuntoValidacion" type="q207:FV_LRV_Log_Error_Doc_EmitidoDatos.FV_PuntoValidacionDocumento" xmlns:q207="http://schemas.datacontract.org/2004/07/eBillCore"/>
        <xs:element minOccurs="0" name="idDocumento" type="xs:int"/>
        <xs:element minOccurs="0" name="RegistrarEnLogReglas" type="xs:boolean"/>
        <xs:element minOccurs="0" name="Token" nillable="true" type="xs:string"/>
      </xs:sequence>
    </xs:complexType>
  </xs:element>
  <xs:element name="AlmacenarRegistroLogReglasResponse">
    <xs:complexType>
      <xs:sequence>
        <xs:element minOccurs="0" name="AlmacenarRegistroLogReglasResult" type="xs:boolean"/>
      </xs:sequence>
    </xs:complexType>
  </xs:element>
  <xs:element name="FV_TraerResumenReglasTotal">
    <xs:complexType>
      <xs:sequence>
        <xs:element minOccurs="0" name="IdPuntoValidacion" type="xs:int"/>
        <xs:element minOccurs="0" name="Fecha" nillable="true" type="xs:string"/>
        <xs:element minOccurs="0" name="Token" nillable="true" type="xs:string"/>
      </xs:sequence>
    </xs:complexType>
  </xs:element>
  <xs:element name="FV_TraerResumenReglasTotalResponse">
    <xs:complexType>
      <xs:sequence>
        <xs:element minOccurs="0" name="FV_TraerResumenReglasTotalResult" nillable="true" type="q208:ArrayOfstring" xmlns:q208="http://schemas.microsoft.com/2003/10/Serialization/Arrays"/>
      </xs:sequence>
    </xs:complexType>
  </xs:element>
  <xs:element name="NegociarDocumentoFactoring">
    <xs:complexType>
      <xs:sequence>
        <xs:element minOccurs="0" name="NitProveedor" nillable="true" type="xs:string"/>
        <xs:element minOccurs="0" name="NitPagador" nillable="true" type="xs:string"/>
        <xs:element minOccurs="0" name="Prefijo" nillable="true" type="xs:string"/>
        <xs:element minOccurs="0" name="NumDoc" type="xs:int"/>
        <xs:element minOccurs="0" name="TipoDoc" type="xs:int"/>
        <xs:element minOccurs="0" name="Token" nillable="true" type="xs:string"/>
        <xs:element minOccurs="0" name="Condiciones" nillable="true" type="q209:ArrayOfFAC_FactoryConfirmingInt" xmlns:q209="http://schemas.datacontract.org/2004/07/eBillCore"/>
        <xs:element minOccurs="0" name="DevuleveCondiciones" type="xs:boolean"/>
      </xs:sequence>
    </xs:complexType>
  </xs:element>
  <xs:element name="NegociarDocumentoFactoringResponse">
    <xs:complexType>
      <xs:sequence>
        <xs:element minOccurs="0" name="NegociarDocumentoFactoringResult" type="xs:boolean"/>
        <xs:element minOccurs="0" name="Condiciones" nillable="true" type="q210:ArrayOfFAC_FactoryConfirmingInt" xmlns:q210="http://schemas.datacontract.org/2004/07/eBillCore"/>
      </xs:sequence>
    </xs:complexType>
  </xs:element>
  <xs:element name="FV_CrearNombreArchivoZipDian">
    <xs:complexType>
      <xs:sequence>
        <xs:element minOccurs="0" name="IdEmpresa" type="xs:int"/>
        <xs:element minOccurs="0" name="Token" nillable="true" type="xs:string"/>
      </xs:sequence>
    </xs:complexType>
  </xs:element>
  <xs:element name="FV_CrearNombreArchivoZipDianResponse">
    <xs:complexType>
      <xs:sequence>
        <xs:element minOccurs="0" name="FV_CrearNombreArchivoZipDianResult" nillable="true" type="xs:string"/>
      </xs:sequence>
    </xs:complexType>
  </xs:element>
  <xs:element name="FV_ExisteContingenciaDianDeclarada">
    <xs:complexType>
      <xs:sequence>
        <xs:element minOccurs="0" name="Token" nillable="true" type="xs:string"/>
      </xs:sequence>
    </xs:complexType>
  </xs:element>
  <xs:element name="FV_ExisteContingenciaDianDeclaradaResponse">
    <xs:complexType>
      <xs:sequence>
        <xs:element minOccurs="0" name="FV_ExisteContingenciaDianDeclaradaResult" nillable="true" type="q211:FV_DatosContingencia" xmlns:q211="http://schemas.datacontract.org/2004/07/eBillCore"/>
      </xs:sequence>
    </xs:complexType>
  </xs:element>
  <xs:element name="ExisteContingenciaDianDeclarada">
    <xs:complexType>
      <xs:sequence>
        <xs:element minOccurs="0" name="NitEmpresa" nillable="true" type="xs:string"/>
        <xs:element minOccurs="0" name="Token" nillable="true" type="xs:string"/>
      </xs:sequence>
    </xs:complexType>
  </xs:element>
  <xs:element name="ExisteContingenciaDianDeclaradaResponse">
    <xs:complexType>
      <xs:sequence>
        <xs:element minOccurs="0" name="ExisteContingenciaDianDeclaradaResult" type="xs:boolean"/>
      </xs:sequence>
    </xs:complexType>
  </xs:element>
  <xs:element name="FV_TraerIncidenteContingenciaReciente">
    <xs:complexType>
      <xs:sequence>
        <xs:element minOccurs="0" name="Token" nillable="true" type="xs:string"/>
      </xs:sequence>
    </xs:complexType>
  </xs:element>
  <xs:element name="FV_TraerIncidenteContingenciaRecienteResponse">
    <xs:complexType>
      <xs:sequence>
        <xs:element minOccurs="0" name="FV_TraerIncidenteContingenciaRecienteResult" nillable="true" type="q212:FV_IncidenteContingenciaDian" xmlns:q212="http://schemas.datacontract.org/2004/07/eBillCore"/>
      </xs:sequence>
    </xs:complexType>
  </xs:element>
  <xs:element name="FV_RegistrarHeartBeatContingencia">
    <xs:complexType>
      <xs:sequence>
        <xs:element minOccurs="0" name="Token" nillable="true" type="xs:string"/>
        <xs:element minOccurs="0" name="CodigoStatus" type="xs:short"/>
        <xs:element minOccurs="0" name="IdIncidenteContingencia" type="xs:int"/>
      </xs:sequence>
    </xs:complexType>
  </xs:element>
  <xs:element name="FV_RegistrarHeartBeatContingenciaResponse">
    <xs:complexType>
      <xs:sequence>
        <xs:element minOccurs="0" name="FV_RegistrarHeartBeatContingenciaResult" type="xs:int"/>
      </xs:sequence>
    </xs:complexType>
  </xs:element>
  <xs:element name="FV_ActualizarContingencia">
    <xs:complexType>
      <xs:sequence>
        <xs:element minOccurs="0" name="Token" nillable="true" type="xs:string"/>
        <xs:element minOccurs="0" name="IdHeartBeatDIAN" type="xs:int"/>
        <xs:element minOccurs="0" name="EsContingencia" type="xs:boolean"/>
      </xs:sequence>
    </xs:complexType>
  </xs:element>
  <xs:element name="FV_ActualizarContingenciaResponse">
    <xs:complexType>
      <xs:sequence>
        <xs:element minOccurs="0" name="FV_ActualizarContingenciaResult" type="xs:boolean"/>
      </xs:sequence>
    </xs:complexType>
  </xs:element>
  <xs:element name="FV_RegistrarIncidenteContingencia">
    <xs:complexType>
      <xs:sequence>
        <xs:element minOccurs="0" name="Token" nillable="true" type="xs:string"/>
        <xs:element minOccurs="0" name="_FV_IncidenteContingenciaDian" nillable="true" type="q213:FV_IncidenteContingenciaDian" xmlns:q213="http://schemas.datacontract.org/2004/07/eBillCore"/>
      </xs:sequence>
    </xs:complexType>
  </xs:element>
  <xs:element name="FV_RegistrarIncidenteContingenciaResponse">
    <xs:complexType>
      <xs:sequence>
        <xs:element minOccurs="0" name="FV_RegistrarIncidenteContingenciaResult" type="xs:boolean"/>
      </xs:sequence>
    </xs:complexType>
  </xs:element>
  <xs:element name="FV_TraerTiposIncidentesContingencia">
    <xs:complexType>
      <xs:sequence>
        <xs:element minOccurs="0" name="Token" nillable="true" type="xs:string"/>
      </xs:sequence>
    </xs:complexType>
  </xs:element>
  <xs:element name="FV_TraerTiposIncidentesContingenciaResponse">
    <xs:complexType>
      <xs:sequence>
        <xs:element minOccurs="0" name="FV_TraerTiposIncidentesContingenciaResult" nillable="true" type="q214:ArrayOfFV_TipoIncidenteContingencia" xmlns:q214="http://schemas.datacontract.org/2004/07/eBillCore"/>
      </xs:sequence>
    </xs:complexType>
  </xs:element>
  <xs:element name="CargarPDFDocumentoElectronico_AgregarQR">
    <xs:complexType>
      <xs:sequence>
        <xs:element minOccurs="0" name="PDFFac" nillable="true" type="xs:base64Binary"/>
        <xs:element minOccurs="0" name="FacCab" nillable="true" type="q215:CFDCabConexionInt" xmlns:q215="http://schemas.datacontract.org/2004/07/eBillCore"/>
        <xs:element minOccurs="0" name="Opciones" nillable="true" type="q216:OpcionesConexionInt" xmlns:q216="http://schemas.datacontract.org/2004/07/eBillCore"/>
        <xs:element minOccurs="0" name="CoorListXPage" nillable="true" type="q217:ArrayOfCoordenadasPixelesByPage" xmlns:q217="http://schemas.datacontract.org/2004/07/eBillCore"/>
        <xs:element minOccurs="0" name="facturaMinimaLegal" type="xs:boolean"/>
      </xs:sequence>
    </xs:complexType>
  </xs:element>
  <xs:element name="CargarPDFDocumentoElectronico_AgregarQRResponse">
    <xs:complexType>
      <xs:sequence>
        <xs:element minOccurs="0" name="CargarPDFDocumentoElectronico_AgregarQRResult" nillable="true" type="xs:string"/>
      </xs:sequence>
    </xs:complexType>
  </xs:element>
  <xs:element name="FV_CargarNotaDesdeFacturaToeBill">
    <xs:complexType>
      <xs:sequence>
        <xs:element minOccurs="0" name="FacCab" nillable="true" type="q218:FV_CFDCabConexionInt" xmlns:q218="http://schemas.datacontract.org/2004/07/eBillCore"/>
        <xs:element minOccurs="0" name="DetFac" nillable="true" type="q219:ArrayOfFV_CFDDetConexionInt" xmlns:q219="http://schemas.datacontract.org/2004/07/eBillCore"/>
        <xs:element minOccurs="0" name="Opciones" nillable="true" type="q220:FV_OpcionesConexionInt" xmlns:q220="http://schemas.datacontract.org/2004/07/eBillCore"/>
        <xs:element minOccurs="0" name="AllowedChargeCab" nillable="true" type="q221:ArrayOfFV_ACC_AllowanceChargeCabInt" xmlns:q221="http://schemas.datacontract.org/2004/07/eBillCore"/>
        <xs:element minOccurs="0" name="AllowedChargeDet" nillable="true" type="q222:ArrayOfFV_ACD_AllowanceChargeDetInt" xmlns:q222="http://schemas.datacontract.org/2004/07/eBillCore"/>
        <xs:element minOccurs="0" name="_FV_TRBACON_TributoAgrupadoXConceptoInt" nillable="true" type="q223:ArrayOfFV_TRBACON_TributoAgrupadoXConceptoInt" xmlns:q223="http://schemas.datacontract.org/2004/07/eBillCore"/>
        <xs:element minOccurs="0" name="_FV_TRBDCON_TributoDetalleXConceptoInt" nillable="true" type="q224:ArrayOfFV_TRBDCON_TributoDetalleXConceptoInt" xmlns:q224="http://schemas.datacontract.org/2004/07/eBillCore"/>
        <xs:element minOccurs="0" name="_FV_TRBA_TributoAgrupadoInt" nillable="true" type="q225:ArrayOfFV_TRBA_TributoAgrupadoInt" xmlns:q225="http://schemas.datacontract.org/2004/07/eBillCore"/>
        <xs:element minOccurs="0" name="_FV_TRBD_TributoDetalleInt" nillable="true" type="q226:ArrayOfFV_TRBD_TributoDetalleInt" xmlns:q226="http://schemas.datacontract.org/2004/07/eBillCore"/>
        <xs:element minOccurs="0" name="retornaXML" type="xs:boolean"/>
        <xs:element minOccurs="0" name="_FV_AXD_AnticiposXDocumentoInt" nillable="true" type="q227:ArrayOfFV_AXD_AnticiposXDocumentoInt" xmlns:q227="http://schemas.datacontract.org/2004/07/eBillCore"/>
      </xs:sequence>
    </xs:complexType>
  </xs:element>
  <xs:element name="FV_CargarNotaDesdeFacturaToeBillResponse">
    <xs:complexType>
      <xs:sequence>
        <xs:element minOccurs="0" name="FV_CargarNotaDesdeFacturaToeBillResult" nillable="true" type="xs:string"/>
      </xs:sequence>
    </xs:complexType>
  </xs:element>
  <xs:element name="FV_GenerarReporteRecepcion">
    <xs:complexType>
      <xs:sequence>
        <xs:element minOccurs="0" name="nitEmpresa" nillable="true" type="xs:string"/>
        <xs:element minOccurs="0" name="token" nillable="true" type="xs:string"/>
        <xs:element minOccurs="0" name="fecha" nillable="true" type="xs:string"/>
        <xs:element minOccurs="0" name="esConsolidado" nillable="true" type="xs:string"/>
        <xs:element minOccurs="0" name="nitProveedor" nillable="true" type="xs:string"/>
        <xs:element minOccurs="0" name="tipoDocumento" nillable="true" type="xs:string"/>
      </xs:sequence>
    </xs:complexType>
  </xs:element>
  <xs:element name="FV_GenerarReporteRecepcionResponse">
    <xs:complexType>
      <xs:sequence>
        <xs:element minOccurs="0" name="FV_GenerarReporteRecepcionResult" nillable="true" type="q228:ArrayOfReporteBase" xmlns:q228="http://schemas.datacontract.org/2004/07/eBillCore"/>
      </xs:sequence>
    </xs:complexType>
  </xs:element>
  <xs:element name="FV_GenerarReporteEmision">
    <xs:complexType>
      <xs:sequence>
        <xs:element minOccurs="0" name="nitEmpresa" nillable="true" type="xs:string"/>
        <xs:element minOccurs="0" name="token" nillable="true" type="xs:string"/>
        <xs:element minOccurs="0" name="fecha" nillable="true" type="xs:string"/>
        <xs:element minOccurs="0" name="erp" nillable="true" type="xs:string"/>
        <xs:element minOccurs="0" name="tipoDocumento" nillable="true" type="xs:string"/>
      </xs:sequence>
    </xs:complexType>
  </xs:element>
  <xs:element name="FV_GenerarReporteEmisionResponse">
    <xs:complexType>
      <xs:sequence>
        <xs:element minOccurs="0" name="FV_GenerarReporteEmisionResult" nillable="true" type="q229:ArrayOfReporteBase" xmlns:q229="http://schemas.datacontract.org/2004/07/eBillCore"/>
      </xs:sequence>
    </xs:complexType>
  </xs:element>
  <xs:element name="FV_GenerarReporteRecepcionPSV">
    <xs:complexType>
      <xs:sequence>
        <xs:element minOccurs="0" name="nitEmpresa" nillable="true" type="xs:string"/>
        <xs:element minOccurs="0" name="token" nillable="true" type="xs:string"/>
        <xs:element minOccurs="0" name="fecha" nillable="true" type="xs:string"/>
        <xs:element minOccurs="0" name="esConsolidado" nillable="true" type="xs:string"/>
        <xs:element minOccurs="0" name="nitProveedor" nillable="true" type="xs:string"/>
        <xs:element minOccurs="0" name="tipoDocumento" nillable="true" type="xs:string"/>
      </xs:sequence>
    </xs:complexType>
  </xs:element>
  <xs:element name="FV_GenerarReporteRecepcionPSVResponse">
    <xs:complexType>
      <xs:sequence>
        <xs:element minOccurs="0" name="FV_GenerarReporteRecepcionPSVResult" nillable="true" type="q230:ArrayOfstring" xmlns:q230="http://schemas.microsoft.com/2003/10/Serialization/Arrays"/>
      </xs:sequence>
    </xs:complexType>
  </xs:element>
  <xs:element name="FV_GenerarReporteEmisionPSV">
    <xs:complexType>
      <xs:sequence>
        <xs:element minOccurs="0" name="nitEmpresa" nillable="true" type="xs:string"/>
        <xs:element minOccurs="0" name="token" nillable="true" type="xs:string"/>
        <xs:element minOccurs="0" name="fecha" nillable="true" type="xs:string"/>
        <xs:element minOccurs="0" name="erp" nillable="true" type="xs:string"/>
        <xs:element minOccurs="0" name="tipoDocumento" nillable="true" type="xs:string"/>
      </xs:sequence>
    </xs:complexType>
  </xs:element>
  <xs:element name="FV_GenerarReporteEmisionPSVResponse">
    <xs:complexType>
      <xs:sequence>
        <xs:element minOccurs="0" name="FV_GenerarReporteEmisionPSVResult" nillable="true" type="q231:ArrayOfstring" xmlns:q231="http://schemas.microsoft.com/2003/10/Serialization/Arrays"/>
      </xs:sequence>
    </xs:complexType>
  </xs:element>
  <xs:element name="FV_SolicitaeBillPDF">
    <xs:complexType>
      <xs:sequence>
        <xs:element minOccurs="0" name="IdDocumento" type="xs:int"/>
        <xs:element minOccurs="0" name="IdEmpresa" type="xs:int"/>
        <xs:element minOccurs="0" name="Token" nillable="true" type="xs:string"/>
        <xs:element minOccurs="0" name="SoloCrearDoc" type="xs:boolean"/>
      </xs:sequence>
    </xs:complexType>
  </xs:element>
  <xs:element name="FV_SolicitaeBillPDFResponse">
    <xs:complexType>
      <xs:sequence>
        <xs:element minOccurs="0" name="FV_SolicitaeBillPDFResult" nillable="true" type="xs:base64Binary"/>
      </xs:sequence>
    </xs:complexType>
  </xs:element>
  <xs:element name="FV_GenerarReporteDocumentosEmitidosXFechaXEstado">
    <xs:complexType>
      <xs:sequence>
        <xs:element minOccurs="0" name="nitEmpresa" nillable="true" type="xs:string"/>
        <xs:element minOccurs="0" name="token" nillable="true" type="xs:string"/>
        <xs:element minOccurs="0" name="fechaInicial" nillable="true" type="xs:string"/>
        <xs:element minOccurs="0" name="fechaFinal" nillable="true" type="xs:string"/>
        <xs:element minOccurs="0" name="idTramiteDIAN" nillable="true" type="xs:string"/>
      </xs:sequence>
    </xs:complexType>
  </xs:element>
  <xs:element name="FV_GenerarReporteDocumentosEmitidosXFechaXEstadoResponse">
    <xs:complexType>
      <xs:sequence>
        <xs:element minOccurs="0" name="FV_GenerarReporteDocumentosEmitidosXFechaXEstadoResult" nillable="true" type="q232:ArrayOfstring" xmlns:q232="http://schemas.microsoft.com/2003/10/Serialization/Arrays"/>
      </xs:sequence>
    </xs:complexType>
  </xs:element>
  <xs:element name="FV_GenerarReporteValidacionDocumentosRecibidos">
    <xs:complexType>
      <xs:sequence>
        <xs:element minOccurs="0" name="nitEmpresa" nillable="true" type="xs:string"/>
        <xs:element minOccurs="0" name="token" nillable="true" type="xs:string"/>
        <xs:element minOccurs="0" name="fechaInicial" nillable="true" type="xs:string"/>
        <xs:element minOccurs="0" name="fechaFinal" nillable="true" type="xs:string"/>
      </xs:sequence>
    </xs:complexType>
  </xs:element>
  <xs:element name="FV_GenerarReporteValidacionDocumentosRecibidosResponse">
    <xs:complexType>
      <xs:sequence>
        <xs:element minOccurs="0" name="FV_GenerarReporteValidacionDocumentosRecibidosResult" nillable="true" type="q233:ArrayOfstring" xmlns:q233="http://schemas.microsoft.com/2003/10/Serialization/Arrays"/>
      </xs:sequence>
    </xs:complexType>
  </xs:element>
  <xs:element name="FV_ConsultaEstado_DIANV2Long">
    <xs:complexType>
      <xs:sequence>
        <xs:element minOccurs="0" name="NitEmpresa" nillable="true" type="xs:string"/>
        <xs:element minOccurs="0" name="Prefijo" nillable="true" type="xs:string"/>
        <xs:element minOccurs="0" name="NumDoc" type="xs:long"/>
        <xs:element minOccurs="0" name="TipoComprobante" type="xs:int"/>
        <xs:element minOccurs="0" name="Token" nillable="true" type="xs:string"/>
      </xs:sequence>
    </xs:complexType>
  </xs:element>
  <xs:element name="FV_ConsultaEstado_DIANV2LongResponse">
    <xs:complexType>
      <xs:sequence>
        <xs:element minOccurs="0" name="FV_ConsultaEstado_DIANV2LongResult" nillable="true" type="q234:FV_EstadoDocumentoDIANV2" xmlns:q234="http://schemas.datacontract.org/2004/07/eBillCore"/>
      </xs:sequence>
    </xs:complexType>
  </xs:element>
</xs:schema>]]></con:content><con:type>http://www.w3.org/2001/XMLSchema</con:type></con:part><con:part><con:url>http://testws.facturaenlinea.co/ServiciosFyM/eBill/Integracion.svc?xsd=xsd2</con:url><con:content><![CDATA[<xs:schema elementFormDefault="qualified" targetNamespace="http://schemas.datacontract.org/2004/07/eBillCore" xmlns:xs="http://www.w3.org/2001/XMLSchema" xmlns:tns="http://schemas.datacontract.org/2004/07/eBillCore" xmlns:ser="http://schemas.microsoft.com/2003/10/Serialization/">
  <xs:import schemaLocation="http://testws.facturaenlinea.co/ServiciosFyM/eBill/Integracion.svc?xsd=xsd3" namespace="http://schemas.microsoft.com/2003/10/Serialization/Arrays"/>
  <xs:import schemaLocation="http://testws.facturaenlinea.co/ServiciosFyM/eBill/Integracion.svc?xsd=xsd1" namespace="http://schemas.microsoft.com/2003/10/Serialization/"/>
  <xs:import schemaLocation="http://testws.facturaenlinea.co/ServiciosFyM/eBill/Integracion.svc?xsd=xsd5" namespace="http://schemas.datacontract.org/2004/07/System.Data.Linq"/>
  <xs:complexType name="respuesta_SDT">
    <xs:sequence>
      <xs:element minOccurs="0" name="AccionPlugIN" nillable="true" type="xs:string"/>
      <xs:element minOccurs="0" name="codigo_WSeBill" nillable="true" type="xs:string"/>
      <xs:element minOccurs="0" name="facturaUniLibreActualizada" type="xs:boolean"/>
      <xs:element minOccurs="0" name="respuestaWS_UniLibre" nillable="true" type="xs:string"/>
    </xs:sequence>
  </xs:complexType>
  <xs:element name="respuesta_SDT" nillable="true" type="tns:respuesta_SDT"/>
  <xs:complexType name="RegistroPagoXFactura">
    <xs:sequence>
      <xs:element minOccurs="0" name="EsPagoTotal" type="xs:boolean"/>
      <xs:element minOccurs="0" name="FechaPago" type="xs:dateTime"/>
      <xs:element minOccurs="0" name="MonedaISO" nillable="true" type="xs:string"/>
      <xs:element minOccurs="0" name="NitEmisor" nillable="true" type="xs:string"/>
      <xs:element minOccurs="0" name="NitReceptor" nillable="true" type="xs:string"/>
      <xs:element minOccurs="0" name="NumFact" type="xs:int"/>
      <xs:element minOccurs="0" name="OrderID" nillable="true" type="xs:string"/>
      <xs:element minOccurs="0" name="Prefijo" nillable="true" type="xs:string"/>
      <xs:element minOccurs="0" name="ReferenciaPago" nillable="true" type="xs:string"/>
      <xs:element minOccurs="0" name="TipoPago" type="xs:int"/>
      <xs:element minOccurs="0" name="ValorPago" type="xs:decimal"/>
    </xs:sequence>
  </xs:complexType>
  <xs:element name="RegistroPagoXFactura" nillable="true" type="tns:RegistroPagoXFactura"/>
  <xs:complexType name="CFDCabConexion">
    <xs:sequence>
      <xs:element minOccurs="0" name="AnoAprobacionRes" type="xs:long"/>
      <xs:element minOccurs="0" name="Cantidad1" type="xs:decimal"/>
      <xs:element minOccurs="0" name="Cantidad2" type="xs:decimal"/>
      <xs:element minOccurs="0" name="Cantidad3" type="xs:decimal"/>
      <xs:element minOccurs="0" name="CiudadDANE" nillable="true" type="xs:string"/>
      <xs:element minOccurs="0" name="CorreoCliente" nillable="true" type="xs:string"/>
      <xs:element minOccurs="0" name="DescripcionPlan" nillable="true" type="xs:string"/>
      <xs:element minOccurs="0" name="Descuento" type="xs:decimal"/>
      <xs:element minOccurs="0" name="DigitoVerificaCliente" type="xs:int"/>
      <xs:element minOccurs="0" name="DireccionCliente" nillable="true" type="xs:string"/>
      <xs:element minOccurs="0" name="FechaExpedicion" type="xs:dateTime"/>
      <xs:element minOccurs="0" name="FechaFinalPeriodoFacturado" type="xs:dateTime"/>
      <xs:element minOccurs="0" name="FechaInicialPeriodoFacturado" type="xs:dateTime"/>
      <xs:element minOccurs="0" name="FechaVencimiento" type="xs:dateTime"/>
      <xs:element minOccurs="0" name="FormaPago" nillable="true" type="xs:string"/>
      <xs:element minOccurs="0" name="IDInterno" nillable="true" type="xs:string"/>
      <xs:element minOccurs="0" name="IdPlan" nillable="true" type="xs:string"/>
      <xs:element minOccurs="0" name="InfoAdicional" nillable="true" type="xs:string"/>
      <xs:element minOccurs="0" name="MonedaISO" nillable="true" type="xs:string"/>
      <xs:element minOccurs="0" name="NitCliente" nillable="true" type="xs:string"/>
      <xs:element minOccurs="0" name="NitEmpresa" nillable="true" type="xs:string"/>
      <xs:element minOccurs="0" name="NombreCliente" nillable="true" type="xs:string"/>
      <xs:element minOccurs="0" name="NombrePlan" nillable="true" type="xs:string"/>
      <xs:element minOccurs="0" name="NumAprobacionRes" type="xs:decimal"/>
      <xs:element minOccurs="0" name="NumFactura" type="xs:int"/>
      <xs:element minOccurs="0" name="OrderID" nillable="true" type="xs:string"/>
      <xs:element minOccurs="0" name="PagoAnterior" type="xs:decimal"/>
      <xs:element minOccurs="0" name="Prefijo" nillable="true" type="xs:string"/>
      <xs:element minOccurs="0" name="Referencia1" nillable="true" type="xs:string"/>
      <xs:element minOccurs="0" name="SaldoAnterior" type="xs:decimal"/>
      <xs:element minOccurs="0" name="SubTotal" type="xs:decimal"/>
      <xs:element minOccurs="0" name="TelefonoCliente" nillable="true" type="xs:string"/>
      <xs:element minOccurs="0" name="TipoIDCliente" type="xs:int"/>
      <xs:element minOccurs="0" name="Total" type="xs:decimal"/>
      <xs:element minOccurs="0" name="TotalIVA" type="xs:decimal"/>
      <xs:element minOccurs="0" name="ValorHasta1" type="xs:decimal"/>
      <xs:element minOccurs="0" name="ValorHasta2" type="xs:decimal"/>
      <xs:element minOccurs="0" name="ValorHasta3" type="xs:decimal"/>
      <xs:element minOccurs="0" name="ValorHasta4" type="xs:decimal"/>
    </xs:sequence>
  </xs:complexType>
  <xs:element name="CFDCabConexion" nillable="true" type="tns:CFDCabConexion"/>
  <xs:complexType name="OpcionesConexion">
    <xs:sequence>
      <xs:element minOccurs="0" name="ActualizaProductos" type="xs:boolean"/>
      <xs:element minOccurs="0" name="BuscarXNitXIdInterno" type="xs:boolean"/>
      <xs:element minOccurs="0" name="EmisionAutomatica" type="xs:boolean"/>
      <xs:element minOccurs="0" name="EmisionAutomaticaFXComputador" type="xs:boolean"/>
      <xs:element minOccurs="0" name="FacturasSinAcuerdo" type="xs:boolean"/>
      <xs:element minOccurs="0" name="ManejaPlantillasNotificacion" type="xs:boolean"/>
      <xs:element minOccurs="0" name="NoAdjuntarArchivo" type="xs:boolean"/>
      <xs:element minOccurs="0" name="NoTieneAcuerdosFisicos" type="xs:boolean"/>
      <xs:element minOccurs="0" name="OrderControl" type="xs:boolean"/>
      <xs:element minOccurs="0" name="TipoCargaDetalle" type="xs:int"/>
      <xs:element minOccurs="0" name="TipoDocumento" type="xs:int"/>
      <xs:element minOccurs="0" name="TokenConexion" nillable="true" type="xs:string"/>
      <xs:element minOccurs="0" name="crearVIP" type="xs:boolean"/>
      <xs:element minOccurs="0" name="eBillAdmNumerosFactura" type="xs:boolean"/>
    </xs:sequence>
  </xs:complexType>
  <xs:element name="OpcionesConexion" nillable="true" type="tns:OpcionesConexion"/>
  <xs:complexType name="respuesta_eBillWCF">
    <xs:sequence>
      <xs:element minOccurs="0" name="archivoPDF" nillable="true" type="xs:base64Binary"/>
      <xs:element minOccurs="0" name="estado" type="xs:boolean"/>
      <xs:element minOccurs="0" name="mensaje" nillable="true" type="xs:string"/>
      <xs:element minOccurs="0" name="numeroDocumento" nillable="true" type="xs:string"/>
      <xs:element minOccurs="0" name="prefijo" nillable="true" type="xs:string"/>
      <xs:element minOccurs="0" name="tipoDocumento" nillable="true" type="xs:string"/>
    </xs:sequence>
  </xs:complexType>
  <xs:element name="respuesta_eBillWCF" nillable="true" type="tns:respuesta_eBillWCF"/>
  <xs:complexType name="ArrayOfEvento_Documento_Electronico">
    <xs:sequence>
      <xs:element minOccurs="0" maxOccurs="unbounded" name="Evento_Documento_Electronico" nillable="true" type="tns:Evento_Documento_Electronico"/>
    </xs:sequence>
  </xs:complexType>
  <xs:element name="ArrayOfEvento_Documento_Electronico" nillable="true" type="tns:ArrayOfEvento_Documento_Electronico"/>
  <xs:complexType name="Evento_Documento_Electronico">
    <xs:sequence>
      <xs:element minOccurs="0" name="CodigoEvento" nillable="true" type="xs:string"/>
      <xs:element minOccurs="0" name="ConceptoRechazo" nillable="true" type="xs:string"/>
      <xs:element minOccurs="0" name="CudeEvento" nillable="true" type="xs:string"/>
      <xs:element minOccurs="0" name="CufeDocumentoElectronico" nillable="true" type="xs:string"/>
      <xs:element minOccurs="0" name="Descripcion" nillable="true" type="xs:string"/>
      <xs:element minOccurs="0" name="FechaGeneracion" type="xs:dateTime"/>
      <xs:element minOccurs="0" name="FechaRadicacion" type="xs:dateTime"/>
      <xs:element minOccurs="0" name="NitEmpresaEmisoraDE" nillable="true" type="xs:string"/>
      <xs:element minOccurs="0" name="NitEmpresaReceptoraDE" nillable="true" type="xs:string"/>
      <xs:element minOccurs="0" name="NumeroDocumentoElectronico" nillable="true" type="xs:string"/>
      <xs:element minOccurs="0" name="NumeroEvento" nillable="true" type="xs:string"/>
      <xs:element minOccurs="0" name="OrderId" nillable="true" type="xs:string"/>
      <xs:element minOccurs="0" name="PrefijoDocumentoElectronico" nillable="true" type="xs:string"/>
      <xs:element minOccurs="0" name="XMLEvento" nillable="true" type="xs:string"/>
    </xs:sequence>
  </xs:complexType>
  <xs:element name="Evento_Documento_Electronico" nillable="true" type="tns:Evento_Documento_Electronico"/>
  <xs:complexType name="CFDCabConexionInt">
    <xs:sequence>
      <xs:element minOccurs="0" name="AnoAprobacionRes" type="xs:long"/>
      <xs:element minOccurs="0" name="Base_Impuesto" nillable="true" type="xs:decimal"/>
      <xs:element minOccurs="0" name="CFD_EST_estado_tramit" type="xs:int"/>
      <xs:element minOccurs="0" name="CFD_Flete" type="xs:decimal"/>
      <xs:element minOccurs="0" name="CFD_OtrosCargos" type="xs:decimal"/>
      <xs:element minOccurs="0" name="CFD_Por_Margen" nillable="true" type="xs:decimal"/>
      <xs:element minOccurs="0" name="CFD_ResponseCode" nillable="true" type="xs:string"/>
      <xs:element minOccurs="0" name="CFD_base_ICA_total" type="xs:decimal"/>
      <xs:element minOccurs="0" name="CFD_base_impo_total_nal" type="xs:decimal"/>
      <xs:element minOccurs="0" name="CFD_base_impo_total_reg" type="xs:decimal"/>
      <xs:element minOccurs="0" name="CFD_campo_texto_10" nillable="true" type="xs:string"/>
      <xs:element minOccurs="0" name="CFD_campo_texto_11" nillable="true" type="xs:string"/>
      <xs:element minOccurs="0" name="CFD_campo_texto_12" nillable="true" type="xs:string"/>
      <xs:element minOccurs="0" name="CFD_campo_texto_13" nillable="true" type="xs:string"/>
      <xs:element minOccurs="0" name="CFD_campo_texto_14" nillable="true" type="xs:string"/>
      <xs:element minOccurs="0" name="CFD_campo_texto_15" nillable="true" type="xs:string"/>
      <xs:element minOccurs="0" name="CFD_campo_texto_16" nillable="true" type="xs:string"/>
      <xs:element minOccurs="0" name="CFD_campo_texto_17" nillable="true" type="xs:string"/>
      <xs:element minOccurs="0" name="CFD_campo_texto_18" nillable="true" type="xs:string"/>
      <xs:element minOccurs="0" name="CFD_campo_texto_19" nillable="true" type="xs:string"/>
      <xs:element minOccurs="0" name="CFD_campo_texto_20" nillable="true" type="xs:string"/>
      <xs:element minOccurs="0" name="CFD_campo_texto_21" nillable="true" type="xs:string"/>
      <xs:element minOccurs="0" name="CFD_campo_texto_22" nillable="true" type="xs:string"/>
      <xs:element minOccurs="0" name="CFD_campo_texto_23" nillable="true" type="xs:string"/>
      <xs:element minOccurs="0" name="CFD_campo_texto_24" nillable="true" type="xs:string"/>
      <xs:element minOccurs="0" name="CFD_campo_texto_25" nillable="true" type="xs:string"/>
      <xs:element minOccurs="0" name="CFD_campo_texto_26" nillable="true" type="xs:string"/>
      <xs:element minOccurs="0" name="CFD_campo_texto_27" nillable="true" type="xs:string"/>
      <xs:element minOccurs="0" name="CFD_campo_texto_28" nillable="true" type="xs:string"/>
      <xs:element minOccurs="0" name="CFD_campo_texto_29" nillable="true" type="xs:string"/>
      <xs:element minOccurs="0" name="CFD_campo_texto_30" nillable="true" type="xs:string"/>
      <xs:element minOccurs="0" name="CFD_campo_texto_9" nillable="true" type="xs:string"/>
      <xs:element minOccurs="0" name="CFD_cantidad_dec_1" nillable="true" type="xs:decimal"/>
      <xs:element minOccurs="0" name="CFD_cantidad_dec_10" nillable="true" type="xs:decimal"/>
      <xs:element minOccurs="0" name="CFD_cantidad_dec_11" nillable="true" type="xs:decimal"/>
      <xs:element minOccurs="0" name="CFD_cantidad_dec_12" nillable="true" type="xs:decimal"/>
      <xs:element minOccurs="0" name="CFD_cantidad_dec_13" nillable="true" type="xs:decimal"/>
      <xs:element minOccurs="0" name="CFD_cantidad_dec_14" nillable="true" type="xs:decimal"/>
      <xs:element minOccurs="0" name="CFD_cantidad_dec_15" nillable="true" type="xs:decimal"/>
      <xs:element minOccurs="0" name="CFD_cantidad_dec_16" nillable="true" type="xs:string"/>
      <xs:element minOccurs="0" name="CFD_cantidad_dec_17" type="xs:decimal"/>
      <xs:element minOccurs="0" name="CFD_cantidad_dec_18" type="xs:decimal"/>
      <xs:element minOccurs="0" name="CFD_cantidad_dec_19" type="xs:decimal"/>
      <xs:element minOccurs="0" name="CFD_cantidad_dec_20" type="xs:decimal"/>
      <xs:element minOccurs="0" name="CFD_cantidad_dec_21" type="xs:decimal"/>
      <xs:element minOccurs="0" name="CFD_cantidad_dec_22" type="xs:decimal"/>
      <xs:element minOccurs="0" name="CFD_cantidad_dec_23" type="xs:decimal"/>
      <xs:element minOccurs="0" name="CFD_cantidad_dec_24" type="xs:decimal"/>
      <xs:element minOccurs="0" name="CFD_cantidad_dec_25" type="xs:decimal"/>
      <xs:element minOccurs="0" name="CFD_cantidad_dec_4" nillable="true" type="xs:decimal"/>
      <xs:element minOccurs="0" name="CFD_cantidad_dec_5" nillable="true" type="xs:decimal"/>
      <xs:element minOccurs="0" name="CFD_cantidad_dec_6" nillable="true" type="xs:decimal"/>
      <xs:element minOccurs="0" name="CFD_cantidad_dec_7" nillable="true" type="xs:decimal"/>
      <xs:element minOccurs="0" name="CFD_cantidad_dec_8" nillable="true" type="xs:decimal"/>
      <xs:element minOccurs="0" name="CFD_cantidad_dec_9" nillable="true" type="xs:decimal"/>
      <xs:element minOccurs="0" name="CFD_deducible" type="xs:decimal"/>
      <xs:element minOccurs="0" name="CFD_desconexion_servicio" nillable="true" type="xs:boolean"/>
      <xs:element minOccurs="0" name="CFD_fecha_desconexion" nillable="true" type="xs:dateTime"/>
      <xs:element minOccurs="0" name="CFD_fecha_tasadeCambio" type="xs:dateTime"/>
      <xs:element minOccurs="0" name="CFD_numero_enlace_doc_ref" nillable="true" type="xs:string"/>
      <xs:element minOccurs="0" name="CFD_porc_rte_ICA" nillable="true" type="xs:decimal"/>
      <xs:element minOccurs="0" name="CFD_porc_rte_fuent" nillable="true" type="xs:decimal"/>
      <xs:element minOccurs="0" name="CFD_tasa_mora" nillable="true" type="xs:decimal"/>
      <xs:element minOccurs="0" name="CFD_tdi_id_tipo_doc_interno" type="xs:int"/>
      <xs:element minOccurs="0" name="CFD_total_ICA" type="xs:decimal"/>
      <xs:element minOccurs="0" name="CFD_total_aduana_exp" type="xs:decimal"/>
      <xs:element minOccurs="0" name="CFD_total_cargos" type="xs:decimal"/>
      <xs:element minOccurs="0" name="CFD_total_descuentos" type="xs:decimal"/>
      <xs:element minOccurs="0" name="CFD_total_margen" nillable="true" type="xs:decimal"/>
      <xs:element minOccurs="0" name="CFD_total_seguro_exp" type="xs:decimal"/>
      <xs:element minOccurs="0" name="CLI_numero_cliente" nillable="true" type="xs:decimal"/>
      <xs:element minOccurs="0" name="CREETotal" type="xs:decimal"/>
      <xs:element minOccurs="0" name="CampoTexto1" nillable="true" type="xs:string"/>
      <xs:element minOccurs="0" name="CampoTexto2" nillable="true" type="xs:string"/>
      <xs:element minOccurs="0" name="CampoTexto3" nillable="true" type="xs:string"/>
      <xs:element minOccurs="0" name="CampoTexto4" nillable="true" type="xs:string"/>
      <xs:element minOccurs="0" name="CampoTexto5" nillable="true" type="xs:string"/>
      <xs:element minOccurs="0" name="CampoTexto6" nillable="true" type="xs:string"/>
      <xs:element minOccurs="0" name="CampoTexto7" nillable="true" type="xs:string"/>
      <xs:element minOccurs="0" name="CampoTexto8" nillable="true" type="xs:string"/>
      <xs:element minOccurs="0" name="Cantidad1" type="xs:decimal"/>
      <xs:element minOccurs="0" name="Cantidad2" type="xs:decimal"/>
      <xs:element minOccurs="0" name="Cantidad3" type="xs:decimal"/>
      <xs:element minOccurs="0" name="CantidadDec1" type="xs:decimal"/>
      <xs:element minOccurs="0" name="CantidadDec2" type="xs:decimal"/>
      <xs:element minOccurs="0" name="CantidadDec3" type="xs:decimal"/>
      <xs:element minOccurs="0" name="CiudadDANE" nillable="true" type="xs:string"/>
      <xs:element minOccurs="0" name="CodVendedor" nillable="true" type="xs:string"/>
      <xs:element minOccurs="0" name="CodigoPostalCliente" nillable="true" type="xs:string"/>
      <xs:element minOccurs="0" name="CodigoPostalEnvio" nillable="true" type="xs:string"/>
      <xs:element minOccurs="0" name="ComprobanteCon" nillable="true" type="xs:string"/>
      <xs:element minOccurs="0" name="Condiciones_Pago" nillable="true" type="xs:string"/>
      <xs:element minOccurs="0" name="ContactoCargo" nillable="true" type="xs:string"/>
      <xs:element minOccurs="0" name="ContactoCorreo" nillable="true" type="xs:string"/>
      <xs:element minOccurs="0" name="ContactoNombre" nillable="true" type="xs:string"/>
      <xs:element minOccurs="0" name="CorreoCliente" nillable="true" type="xs:string"/>
      <xs:element minOccurs="0" name="DepartamentoDANE" nillable="true" type="xs:string"/>
      <xs:element minOccurs="0" name="DescripcionPlan" nillable="true" type="xs:string"/>
      <xs:element minOccurs="0" name="Descuento" type="xs:decimal"/>
      <xs:element minOccurs="0" name="DigitoVerificaCliente" nillable="true" type="xs:string"/>
      <xs:element minOccurs="0" name="DireccionCliente" nillable="true" type="xs:string"/>
      <xs:element minOccurs="0" name="EstiloFactura" type="xs:int"/>
      <xs:element minOccurs="0" name="FechaExpedicion" type="xs:dateTime"/>
      <xs:element minOccurs="0" name="FechaFinalPeriodoFacturado" type="xs:dateTime"/>
      <xs:element minOccurs="0" name="FechaInicialPeriodoFacturado" type="xs:dateTime"/>
      <xs:element minOccurs="0" name="FechaVencimiento" type="xs:dateTime"/>
      <xs:element minOccurs="0" name="FormaPago" nillable="true" type="xs:string"/>
      <xs:element minOccurs="0" name="IDInterno" nillable="true" type="xs:string"/>
      <xs:element minOccurs="0" name="IDUbicacionCliente" type="xs:int"/>
      <xs:element minOccurs="0" name="IDUbicacionEnvio" nillable="true" type="xs:int"/>
      <xs:element minOccurs="0" name="IdPlan" nillable="true" type="xs:string"/>
      <xs:element minOccurs="0" name="IdSucursal" type="xs:int"/>
      <xs:element minOccurs="0" name="Incoterm" nillable="true" type="xs:string"/>
      <xs:element minOccurs="0" name="InfoAdicional" nillable="true" type="xs:string"/>
      <xs:element minOccurs="0" name="LugarTerminosEntrega" nillable="true" type="xs:string"/>
      <xs:element minOccurs="0" name="MesCausado" nillable="true" type="xs:string"/>
      <xs:element minOccurs="0" name="MonedaISO" nillable="true" type="xs:string"/>
      <xs:element minOccurs="0" name="NitCliente" nillable="true" type="xs:string"/>
      <xs:element minOccurs="0" name="NitEmpresa" nillable="true" type="xs:string"/>
      <xs:element minOccurs="0" name="NombreCliente" nillable="true" type="xs:string"/>
      <xs:element minOccurs="0" name="NombrePlan" nillable="true" type="xs:string"/>
      <xs:element minOccurs="0" name="NombreVendedor" nillable="true" type="xs:string"/>
      <xs:element minOccurs="0" name="NumAprobacionRes" type="xs:decimal"/>
      <xs:element minOccurs="0" name="NumFactura" type="xs:decimal"/>
      <xs:element minOccurs="0" name="OrderID" nillable="true" type="xs:string"/>
      <xs:element minOccurs="0" name="PAI_ISO_3166" nillable="true" type="xs:string"/>
      <xs:element minOccurs="0" name="PagoAnterior" type="xs:decimal"/>
      <xs:element minOccurs="0" name="Prefijo" nillable="true" type="xs:string"/>
      <xs:element minOccurs="0" name="ReferenciaCliente" nillable="true" type="xs:string"/>
      <xs:element minOccurs="0" name="RetencionCREETotal" nillable="true" type="xs:decimal"/>
      <xs:element minOccurs="0" name="SMSXDoc" type="xs:int"/>
      <xs:element minOccurs="0" name="SaldoAnterior" type="xs:decimal"/>
      <xs:element minOccurs="0" name="SubTotal" type="xs:decimal"/>
      <xs:element minOccurs="0" name="SubTotalSegunMon" nillable="true" type="xs:decimal"/>
      <xs:element minOccurs="0" name="Sucursal" nillable="true" type="xs:string"/>
      <xs:element minOccurs="0" name="TIP_id_tipo_persona" nillable="true" type="xs:int"/>
      <xs:element minOccurs="0" name="TasaCambio" nillable="true" type="xs:decimal"/>
      <xs:element minOccurs="0" name="TelefonoCliente" nillable="true" type="xs:string"/>
      <xs:element minOccurs="0" name="Texto3" nillable="true" type="xs:string"/>
      <xs:element minOccurs="0" name="TieneAcuerdo" nillable="true" type="xs:boolean"/>
      <xs:element minOccurs="0" name="TipoComprobante" type="xs:int"/>
      <xs:element minOccurs="0" name="TipoContribuyente" nillable="true" type="xs:int"/>
      <xs:element minOccurs="0" name="TipoIDCliente" type="xs:int"/>
      <xs:element minOccurs="0" name="Total" type="xs:decimal"/>
      <xs:element minOccurs="0" name="TotalIVA" type="xs:decimal"/>
      <xs:element minOccurs="0" name="TotalIVASegunMon" nillable="true" type="xs:decimal"/>
      <xs:element minOccurs="0" name="TotalRetICA" nillable="true" type="xs:decimal"/>
      <xs:element minOccurs="0" name="TotalRetIVA" nillable="true" type="xs:decimal"/>
      <xs:element minOccurs="0" name="TotalRetencion" nillable="true" type="xs:decimal"/>
      <xs:element minOccurs="0" name="TotalSegunMon" nillable="true" type="xs:decimal"/>
      <xs:element minOccurs="0" name="TotalTraslado" type="xs:decimal"/>
      <xs:element minOccurs="0" name="Total_a_Pagar" type="xs:decimal"/>
      <xs:element minOccurs="0" name="ValorHasta1" type="xs:decimal"/>
      <xs:element minOccurs="0" name="ValorHasta2" type="xs:decimal"/>
      <xs:element minOccurs="0" name="ValorHasta3" type="xs:decimal"/>
      <xs:element minOccurs="0" name="ValorHasta4" type="xs:decimal"/>
      <xs:element minOccurs="0" name="cfd_activa_nota1" nillable="true" type="xs:boolean"/>
      <xs:element minOccurs="0" name="ciudad_envio" nillable="true" type="xs:string"/>
      <xs:element minOccurs="0" name="code1" nillable="true" type="xs:string"/>
      <xs:element minOccurs="0" name="code2" nillable="true" type="xs:string"/>
      <xs:element minOccurs="0" name="code3" nillable="true" type="xs:string"/>
      <xs:element minOccurs="0" name="curso" nillable="true" type="xs:string"/>
      <xs:element minOccurs="0" name="departamento_envio" nillable="true" type="xs:string"/>
      <xs:element minOccurs="0" name="direccion_envio" nillable="true" type="xs:string"/>
      <xs:element minOccurs="0" name="numero_envio" nillable="true" type="xs:string"/>
      <xs:element minOccurs="0" name="orden_venta" nillable="true" type="xs:string"/>
      <xs:element minOccurs="0" name="pague_hasta1" nillable="true" type="xs:dateTime"/>
      <xs:element minOccurs="0" name="pague_hasta2" nillable="true" type="xs:dateTime"/>
      <xs:element minOccurs="0" name="pague_hasta3" nillable="true" type="xs:dateTime"/>
      <xs:element minOccurs="0" name="referencia" nillable="true" type="xs:string"/>
      <xs:element minOccurs="0" name="referencia1" nillable="true" type="xs:string"/>
      <xs:element minOccurs="0" name="referencia_envio" nillable="true" type="xs:string"/>
      <xs:element minOccurs="0" name="telefono_envio" nillable="true" type="xs:string"/>
    </xs:sequence>
  </xs:complexType>
  <xs:element name="CFDCabConexionInt" nillable="true" type="tns:CFDCabConexionInt"/>
  <xs:complexType name="CFDCabConexionRec">
    <xs:sequence>
      <xs:element minOccurs="0" name="NitCliente" nillable="true" type="xs:string"/>
      <xs:element minOccurs="0" name="NitEmpresa" nillable="true" type="xs:string"/>
      <xs:element minOccurs="0" name="NumFactura" type="xs:decimal"/>
      <xs:element minOccurs="0" name="OrderID" nillable="true" type="xs:string"/>
      <xs:element minOccurs="0" name="Prefijo" nillable="true" type="xs:string"/>
      <xs:element minOccurs="0" name="Sucursal" nillable="true" type="xs:string"/>
      <xs:element minOccurs="0" name="TipoComprobante" type="xs:int"/>
    </xs:sequence>
  </xs:complexType>
  <xs:element name="CFDCabConexionRec" nillable="true" type="tns:CFDCabConexionRec"/>
  <xs:complexType name="OpcionesConexionInt">
    <xs:sequence>
      <xs:element minOccurs="0" name="ActualizaProductos" type="xs:boolean"/>
      <xs:element minOccurs="0" name="CalculaReteCree" type="xs:boolean"/>
      <xs:element minOccurs="0" name="CalculaReteFuente" type="xs:boolean"/>
      <xs:element minOccurs="0" name="CalculaReteICA" type="xs:boolean"/>
      <xs:element minOccurs="0" name="CalculaReteIVA" type="xs:boolean"/>
      <xs:element minOccurs="0" name="EmisionAutomatica" type="xs:boolean"/>
      <xs:element minOccurs="0" name="FacturasSinAcuerdo" type="xs:boolean"/>
      <xs:element minOccurs="0" name="ModeloXAceptacion" type="xs:boolean"/>
      <xs:element minOccurs="0" name="NotasRelacionadas" type="xs:boolean"/>
      <xs:element minOccurs="0" name="OrderControl" type="xs:boolean"/>
      <xs:element minOccurs="0" name="TieneAcuerdosFisicos" type="xs:boolean"/>
      <xs:element minOccurs="0" name="TokenConexion" nillable="true" type="xs:string"/>
      <xs:element minOccurs="0" name="eBillAdmNumerosFactura" type="xs:boolean"/>
    </xs:sequence>
  </xs:complexType>
  <xs:element name="OpcionesConexionInt" nillable="true" type="tns:OpcionesConexionInt"/>
  <xs:complexType name="ArrayOfCFDDetConexion">
    <xs:sequence>
      <xs:element minOccurs="0" maxOccurs="unbounded" name="CFDDetConexion" nillable="true" type="tns:CFDDetConexion"/>
    </xs:sequence>
  </xs:complexType>
  <xs:element name="ArrayOfCFDDetConexion" nillable="true" type="tns:ArrayOfCFDDetConexion"/>
  <xs:complexType name="CFDDetConexion">
    <xs:sequence>
      <xs:element minOccurs="0" name="Cantidad" type="xs:decimal"/>
      <xs:element minOccurs="0" name="CodigoProducto" nillable="true" type="xs:string"/>
      <xs:element minOccurs="0" name="Codigos" nillable="true" type="q1:ArrayOfstring" xmlns:q1="http://schemas.microsoft.com/2003/10/Serialization/Arrays"/>
      <xs:element minOccurs="0" name="DescripcionConcepto" nillable="true" type="xs:string"/>
      <xs:element minOccurs="0" name="DescripcionProducto" nillable="true" type="xs:string"/>
      <xs:element minOccurs="0" name="DescuentoConcepto" type="xs:decimal"/>
      <xs:element minOccurs="0" name="IVAProducto" type="xs:decimal"/>
      <xs:element minOccurs="0" name="NotasCon" nillable="true" type="xs:string"/>
      <xs:element minOccurs="0" name="PorIVAProducto" type="xs:decimal"/>
      <xs:element minOccurs="0" name="TotalConceptoSegMon" type="xs:decimal"/>
      <xs:element minOccurs="0" name="ValorUnitario" type="xs:decimal"/>
    </xs:sequence>
  </xs:complexType>
  <xs:element name="CFDDetConexion" nillable="true" type="tns:CFDDetConexion"/>
  <xs:complexType name="NCFDCabConexion">
    <xs:sequence>
      <xs:element minOccurs="0" name="CFD_ResponseCode" nillable="true" type="xs:string"/>
      <xs:element minOccurs="0" name="FechaExpedicion" type="xs:dateTime"/>
      <xs:element minOccurs="0" name="FechaVencimiento" type="xs:dateTime"/>
      <xs:element minOccurs="0" name="NitEmpresa" nillable="true" type="xs:string"/>
      <xs:element minOccurs="0" name="NumNota" type="xs:int"/>
      <xs:element minOccurs="0" name="PreRefID" nillable="true" type="xs:string"/>
      <xs:element minOccurs="0" name="Prefijo" nillable="true" type="xs:string"/>
      <xs:element minOccurs="0" name="RefID" nillable="true" type="xs:string"/>
    </xs:sequence>
  </xs:complexType>
  <xs:element name="NCFDCabConexion" nillable="true" type="tns:NCFDCabConexion"/>
  <xs:complexType name="ArrayOfNCFDDetConexion">
    <xs:sequence>
      <xs:element minOccurs="0" maxOccurs="unbounded" name="NCFDDetConexion" nillable="true" type="tns:NCFDDetConexion"/>
    </xs:sequence>
  </xs:complexType>
  <xs:element name="ArrayOfNCFDDetConexion" nillable="true" type="tns:ArrayOfNCFDDetConexion"/>
  <xs:complexType name="NCFDDetConexion">
    <xs:sequence>
      <xs:element minOccurs="0" name="CON_notas_con" nillable="true" type="xs:string"/>
      <xs:element minOccurs="0" name="Cantidad" type="xs:decimal"/>
      <xs:element minOccurs="0" name="CodigoProducto" nillable="true" type="xs:string"/>
      <xs:element minOccurs="0" name="Codigos" nillable="true" type="q2:ArrayOfstring" xmlns:q2="http://schemas.microsoft.com/2003/10/Serialization/Arrays"/>
      <xs:element minOccurs="0" name="TotalConceptoSegMon" type="xs:decimal"/>
      <xs:element minOccurs="0" name="ValorDescuento" type="xs:decimal"/>
    </xs:sequence>
  </xs:complexType>
  <xs:element name="NCFDDetConexion" nillable="true" type="tns:NCFDDetConexion"/>
  <xs:complexType name="CFDCabConexionTAX">
    <xs:sequence>
      <xs:element minOccurs="0" name="AnoAprobacionRes" type="xs:long"/>
      <xs:element minOccurs="0" name="AvisoDesconexion" type="xs:boolean"/>
      <xs:element minOccurs="0" name="BaseImpuesto" type="xs:decimal"/>
      <xs:element minOccurs="0" name="CFD_cantidad_dec_1" type="xs:decimal"/>
      <xs:element minOccurs="0" name="CiudadDANE" nillable="true" type="xs:string"/>
      <xs:element minOccurs="0" name="CiudadDANEEntrega" nillable="true" type="xs:string"/>
      <xs:element minOccurs="0" name="CodigoBarraPago1" nillable="true" type="xs:string"/>
      <xs:element minOccurs="0" name="CodigoBarraPago2" nillable="true" type="xs:string"/>
      <xs:element minOccurs="0" name="CodigoBarraPago3" nillable="true" type="xs:string"/>
      <xs:element minOccurs="0" name="CorreoCliente" nillable="true" type="xs:string"/>
      <xs:element minOccurs="0" name="DescripcionPlan" nillable="true" type="xs:string"/>
      <xs:element minOccurs="0" name="Descuento" type="xs:decimal"/>
      <xs:element minOccurs="0" name="DigitoVerificaCliente" type="xs:int"/>
      <xs:element minOccurs="0" name="DireccionCliente" nillable="true" type="xs:string"/>
      <xs:element minOccurs="0" name="DireccionEntrega" nillable="true" type="xs:string"/>
      <xs:element minOccurs="0" name="EstiloFactura" type="xs:int"/>
      <xs:element minOccurs="0" name="FechaDesconexion" type="xs:dateTime"/>
      <xs:element minOccurs="0" name="FechaExpedicion" type="xs:dateTime"/>
      <xs:element minOccurs="0" name="FechaFinalPeriodoFacturado" type="xs:dateTime"/>
      <xs:element minOccurs="0" name="FechaInicialPeriodoFacturado" type="xs:dateTime"/>
      <xs:element minOccurs="0" name="FechaVencimiento" type="xs:dateTime"/>
      <xs:element minOccurs="0" name="FormaPago" nillable="true" type="xs:string"/>
      <xs:element minOccurs="0" name="IDInterno" nillable="true" type="xs:string"/>
      <xs:element minOccurs="0" name="IdPlan" nillable="true" type="xs:string"/>
      <xs:element minOccurs="0" name="InfoAdicional" nillable="true" type="xs:string"/>
      <xs:element minOccurs="0" name="Moneda" nillable="true" type="xs:string"/>
      <xs:element minOccurs="0" name="MuestraNota1" type="xs:boolean"/>
      <xs:element minOccurs="0" name="NitCliente" nillable="true" type="xs:string"/>
      <xs:element minOccurs="0" name="NitEmpresa" nillable="true" type="xs:string"/>
      <xs:element minOccurs="0" name="NombreCliente" nillable="true" type="xs:string"/>
      <xs:element minOccurs="0" name="NombrePlan" nillable="true" type="xs:string"/>
      <xs:element minOccurs="0" name="NotificaSMS" type="xs:boolean"/>
      <xs:element minOccurs="0" name="NumAprobacionRes" type="xs:decimal"/>
      <xs:element minOccurs="0" name="NumFactura" type="xs:int"/>
      <xs:element minOccurs="0" name="NumeroEnvio" nillable="true" type="xs:string"/>
      <xs:element minOccurs="0" name="OrderID" nillable="true" type="xs:string"/>
      <xs:element minOccurs="0" name="PAI_ISO_3166" nillable="true" type="xs:string"/>
      <xs:element minOccurs="0" name="PagoAnterior" type="xs:decimal"/>
      <xs:element minOccurs="0" name="PorICA" type="xs:decimal"/>
      <xs:element minOccurs="0" name="PorIVA" type="xs:decimal"/>
      <xs:element minOccurs="0" name="PorRetencion" type="xs:decimal"/>
      <xs:element minOccurs="0" name="Prefijo" nillable="true" type="xs:string"/>
      <xs:element minOccurs="0" name="Referencia" nillable="true" type="xs:string"/>
      <xs:element minOccurs="0" name="Referencia1" nillable="true" type="xs:string"/>
      <xs:element minOccurs="0" name="ReferenciaEntrega" nillable="true" type="xs:string"/>
      <xs:element minOccurs="0" name="SaldoAnterior" type="xs:decimal"/>
      <xs:element minOccurs="0" name="SubTotal" type="xs:decimal"/>
      <xs:element minOccurs="0" name="SubTotalSegMon" type="xs:decimal"/>
      <xs:element minOccurs="0" name="TasaCambio" type="xs:decimal"/>
      <xs:element minOccurs="0" name="TasaMora" type="xs:decimal"/>
      <xs:element minOccurs="0" name="TelefonoCliente" nillable="true" type="xs:string"/>
      <xs:element minOccurs="0" name="TelefonoEntrega" nillable="true" type="xs:string"/>
      <xs:element minOccurs="0" name="TieneAcuerdo" type="xs:boolean"/>
      <xs:element minOccurs="0" name="TipoContribuyente" nillable="true" type="xs:int"/>
      <xs:element minOccurs="0" name="TipoIDCliente" type="xs:int"/>
      <xs:element minOccurs="0" name="TipoPersona" nillable="true" type="xs:int"/>
      <xs:element minOccurs="0" name="Total" type="xs:decimal"/>
      <xs:element minOccurs="0" name="TotalIVA" type="xs:decimal"/>
      <xs:element minOccurs="0" name="TotalIVASegMon" type="xs:decimal"/>
      <xs:element minOccurs="0" name="TotalRetICA" type="xs:decimal"/>
      <xs:element minOccurs="0" name="TotalRetIVA" type="xs:decimal"/>
      <xs:element minOccurs="0" name="TotalRetencion" type="xs:decimal"/>
      <xs:element minOccurs="0" name="TotalSegMon" type="xs:decimal"/>
      <xs:element minOccurs="0" name="TotalTraslado" type="xs:decimal"/>
      <xs:element minOccurs="0" name="ValorHasta1" type="xs:decimal"/>
      <xs:element minOccurs="0" name="ValorHasta2" type="xs:decimal"/>
      <xs:element minOccurs="0" name="Vendedor" nillable="true" type="xs:string"/>
    </xs:sequence>
  </xs:complexType>
  <xs:element name="CFDCabConexionTAX" nillable="true" type="tns:CFDCabConexionTAX"/>
  <xs:complexType name="ArrayOfCFDCabConexion">
    <xs:sequence>
      <xs:element minOccurs="0" maxOccurs="unbounded" name="CFDCabConexion" nillable="true" type="tns:CFDCabConexion"/>
    </xs:sequence>
  </xs:complexType>
  <xs:element name="ArrayOfCFDCabConexion" nillable="true" type="tns:ArrayOfCFDCabConexion"/>
  <xs:complexType name="ArrayOfCFDDetConexionInt">
    <xs:sequence>
      <xs:element minOccurs="0" maxOccurs="unbounded" name="CFDDetConexionInt" nillable="true" type="tns:CFDDetConexionInt"/>
    </xs:sequence>
  </xs:complexType>
  <xs:element name="ArrayOfCFDDetConexionInt" nillable="true" type="tns:ArrayOfCFDDetConexionInt"/>
  <xs:complexType name="CFDDetConexionInt">
    <xs:sequence>
      <xs:element minOccurs="0" name="CON_base_ica" type="xs:decimal"/>
      <xs:element minOccurs="0" name="CON_base_impo_n" type="xs:decimal"/>
      <xs:element minOccurs="0" name="CON_base_impo_r" type="xs:decimal"/>
      <xs:element minOccurs="0" name="CON_base_iva" type="xs:decimal"/>
      <xs:element minOccurs="0" name="CON_cantidad_original_solicitada" nillable="true" type="xs:decimal"/>
      <xs:element minOccurs="0" name="CON_categoria_0" nillable="true" type="xs:string"/>
      <xs:element minOccurs="0" name="CON_categoria_1" nillable="true" type="xs:string"/>
      <xs:element minOccurs="0" name="CON_categoria_2" nillable="true" type="xs:string"/>
      <xs:element minOccurs="0" name="CON_categoria_3" nillable="true" type="xs:string"/>
      <xs:element minOccurs="0" name="CON_ciudad_despacho" nillable="true" type="xs:string"/>
      <xs:element minOccurs="0" name="CON_dato_decimal1" nillable="true" type="xs:decimal"/>
      <xs:element minOccurs="0" name="CON_dato_decimal10" type="xs:decimal"/>
      <xs:element minOccurs="0" name="CON_dato_decimal11" type="xs:decimal"/>
      <xs:element minOccurs="0" name="CON_dato_decimal12" type="xs:decimal"/>
      <xs:element minOccurs="0" name="CON_dato_decimal13" type="xs:decimal"/>
      <xs:element minOccurs="0" name="CON_dato_decimal14" type="xs:decimal"/>
      <xs:element minOccurs="0" name="CON_dato_decimal15" type="xs:decimal"/>
      <xs:element minOccurs="0" name="CON_dato_decimal2" nillable="true" type="xs:decimal"/>
      <xs:element minOccurs="0" name="CON_dato_decimal3" nillable="true" type="xs:decimal"/>
      <xs:element minOccurs="0" name="CON_dato_decimal4" nillable="true" type="xs:decimal"/>
      <xs:element minOccurs="0" name="CON_dato_decimal5" type="xs:decimal"/>
      <xs:element minOccurs="0" name="CON_dato_decimal6" type="xs:decimal"/>
      <xs:element minOccurs="0" name="CON_dato_decimal7" type="xs:decimal"/>
      <xs:element minOccurs="0" name="CON_dato_decimal8" type="xs:decimal"/>
      <xs:element minOccurs="0" name="CON_dato_decimal9" type="xs:decimal"/>
      <xs:element minOccurs="0" name="CON_dato_destino" nillable="true" type="xs:string"/>
      <xs:element minOccurs="0" name="CON_dato_fecha" nillable="true" type="xs:dateTime"/>
      <xs:element minOccurs="0" name="CON_dato_origen" nillable="true" type="xs:string"/>
      <xs:element minOccurs="0" name="CON_dato_peso" type="xs:decimal"/>
      <xs:element minOccurs="0" name="CON_dato_placa" nillable="true" type="xs:string"/>
      <xs:element minOccurs="0" name="CON_dato_referencia" nillable="true" type="xs:string"/>
      <xs:element minOccurs="0" name="CON_dato_texto1" nillable="true" type="xs:string"/>
      <xs:element minOccurs="0" name="CON_dato_texto10" nillable="true" type="xs:string"/>
      <xs:element minOccurs="0" name="CON_dato_texto11" nillable="true" type="xs:string"/>
      <xs:element minOccurs="0" name="CON_dato_texto12" nillable="true" type="xs:string"/>
      <xs:element minOccurs="0" name="CON_dato_texto13" nillable="true" type="xs:string"/>
      <xs:element minOccurs="0" name="CON_dato_texto14" nillable="true" type="xs:string"/>
      <xs:element minOccurs="0" name="CON_dato_texto15" nillable="true" type="xs:string"/>
      <xs:element minOccurs="0" name="CON_dato_texto2" nillable="true" type="xs:string"/>
      <xs:element minOccurs="0" name="CON_dato_texto3" nillable="true" type="xs:string"/>
      <xs:element minOccurs="0" name="CON_dato_texto4" nillable="true" type="xs:string"/>
      <xs:element minOccurs="0" name="CON_dato_texto5" nillable="true" type="xs:string"/>
      <xs:element minOccurs="0" name="CON_dato_texto6" nillable="true" type="xs:string"/>
      <xs:element minOccurs="0" name="CON_dato_texto7" nillable="true" type="xs:string"/>
      <xs:element minOccurs="0" name="CON_dato_texto8" nillable="true" type="xs:string"/>
      <xs:element minOccurs="0" name="CON_dato_texto9" nillable="true" type="xs:string"/>
      <xs:element minOccurs="0" name="CON_departamento_despacho" nillable="true" type="xs:string"/>
      <xs:element minOccurs="0" name="CON_detalle_construccion" nillable="true" type="xs:string"/>
      <xs:element minOccurs="0" name="CON_detalle_industria1" nillable="true" type="xs:string"/>
      <xs:element minOccurs="0" name="CON_detalle_industria2" nillable="true" type="xs:string"/>
      <xs:element minOccurs="0" name="CON_detalle_industria3" nillable="true" type="xs:string"/>
      <xs:element minOccurs="0" name="CON_detalle_vehiculo" nillable="true" type="xs:string"/>
      <xs:element minOccurs="0" name="CON_direccion_despacho" nillable="true" type="xs:string"/>
      <xs:element minOccurs="0" name="CON_documentos_referencia" nillable="true" type="xs:string"/>
      <xs:element minOccurs="0" name="CON_linea_concepto" nillable="true" type="xs:string"/>
      <xs:element minOccurs="0" name="CON_linea_padre_concepto" nillable="true" type="xs:string"/>
      <xs:element minOccurs="0" name="CON_posicion_arancelaria" nillable="true" type="xs:string"/>
      <xs:element minOccurs="0" name="CON_sub_cliente" nillable="true" type="xs:string"/>
      <xs:element minOccurs="0" name="CON_total_con_seg_mon" nillable="true" type="xs:decimal"/>
      <xs:element minOccurs="0" name="CON_unidad_medida_con" nillable="true" type="xs:string"/>
      <xs:element minOccurs="0" name="CON_valor_otros_cargos" type="xs:decimal"/>
      <xs:element minOccurs="0" name="CON_valor_otros_descuentos" type="xs:decimal"/>
      <xs:element minOccurs="0" name="CON_valor_unitario_seg_mon" nillable="true" type="xs:decimal"/>
      <xs:element minOccurs="0" name="CREE" type="xs:decimal"/>
      <xs:element minOccurs="0" name="Cantidad" type="xs:decimal"/>
      <xs:element minOccurs="0" name="ClaseMovimiento" nillable="true" type="xs:string"/>
      <xs:element minOccurs="0" name="CodigoProducto" nillable="true" type="xs:string"/>
      <xs:element minOccurs="0" name="Codigos" nillable="true" type="q3:ArrayOfstring" xmlns:q3="http://schemas.microsoft.com/2003/10/Serialization/Arrays"/>
      <xs:element minOccurs="0" name="CodigosString" nillable="true" type="xs:string"/>
      <xs:element minOccurs="0" name="DescripcionConcepto" nillable="true" type="xs:string"/>
      <xs:element minOccurs="0" name="DescripcionProducto" nillable="true" type="xs:string"/>
      <xs:element minOccurs="0" name="DescuentoConcepto" type="xs:decimal"/>
      <xs:element minOccurs="0" name="FechaRecibe" type="xs:dateTime"/>
      <xs:element minOccurs="0" name="IVAProducto" type="xs:decimal"/>
      <xs:element minOccurs="0" name="Importe" type="xs:decimal"/>
      <xs:element minOccurs="0" name="Impuesto2" type="xs:decimal"/>
      <xs:element minOccurs="0" name="ItemReferencia" nillable="true" type="xs:string"/>
      <xs:element minOccurs="0" name="NotasConcepto" nillable="true" type="xs:string"/>
      <xs:element minOccurs="0" name="PorIVAProducto" type="xs:decimal"/>
      <xs:element minOccurs="0" name="PorImpuesto2" type="xs:decimal"/>
      <xs:element minOccurs="0" name="PorcentajeDescuento" type="xs:decimal"/>
      <xs:element minOccurs="0" name="RetencionCREE" type="xs:decimal"/>
      <xs:element minOccurs="0" name="TipoImpuesto" nillable="true" type="xs:string"/>
      <xs:element minOccurs="0" name="TotalConSegMon" nillable="true" type="xs:decimal"/>
      <xs:element minOccurs="0" name="TotalConcepto" type="xs:decimal"/>
      <xs:element minOccurs="0" name="UnidadMedida" nillable="true" type="xs:string"/>
      <xs:element minOccurs="0" name="ValorUnitario" type="xs:decimal"/>
    </xs:sequence>
  </xs:complexType>
  <xs:element name="CFDDetConexionInt" nillable="true" type="tns:CFDDetConexionInt"/>
  <xs:complexType name="ArrayOfCoordenadasPixelesByPage">
    <xs:sequence>
      <xs:element minOccurs="0" maxOccurs="unbounded" name="CoordenadasPixelesByPage" nillable="true" type="tns:CoordenadasPixelesByPage"/>
    </xs:sequence>
  </xs:complexType>
  <xs:element name="ArrayOfCoordenadasPixelesByPage" nillable="true" type="tns:ArrayOfCoordenadasPixelesByPage"/>
  <xs:complexType name="CoordenadasPixelesByPage">
    <xs:sequence>
      <xs:element minOccurs="0" name="Page" type="xs:decimal"/>
      <xs:element minOccurs="0" name="ValorAlto" type="xs:decimal"/>
      <xs:element minOccurs="0" name="ValorAncho" type="xs:decimal"/>
      <xs:element minOccurs="0" name="ValorX" type="xs:decimal"/>
      <xs:element minOccurs="0" name="ValorY" type="xs:decimal"/>
    </xs:sequence>
  </xs:complexType>
  <xs:element name="CoordenadasPixelesByPage" nillable="true" type="tns:CoordenadasPixelesByPage"/>
  <xs:complexType name="ArrayOfCFDCabImpuestosConexionInt">
    <xs:sequence>
      <xs:element minOccurs="0" maxOccurs="unbounded" name="CFDCabImpuestosConexionInt" nillable="true" type="tns:CFDCabImpuestosConexionInt"/>
    </xs:sequence>
  </xs:complexType>
  <xs:element name="ArrayOfCFDCabImpuestosConexionInt" nillable="true" type="tns:ArrayOfCFDCabImpuestosConexionInt"/>
  <xs:complexType name="CFDCabImpuestosConexionInt">
    <xs:sequence>
      <xs:element minOccurs="0" name="BaseImpuesto" type="xs:decimal"/>
      <xs:element minOccurs="0" name="CodPorcentajeImpuesto" nillable="true" type="xs:string"/>
      <xs:element minOccurs="0" name="CodigoImpuesto" nillable="true" type="xs:string"/>
      <xs:element minOccurs="0" name="DescripcionImpuesto" nillable="true" type="xs:string"/>
      <xs:element minOccurs="0" name="ImporteImpuesto" type="xs:decimal"/>
      <xs:element minOccurs="0" name="TasaImpuesto" type="xs:decimal"/>
    </xs:sequence>
  </xs:complexType>
  <xs:element name="CFDCabImpuestosConexionInt" nillable="true" type="tns:CFDCabImpuestosConexionInt"/>
  <xs:complexType name="CFDCabConexionRes">
    <xs:sequence>
      <xs:element minOccurs="0" name="AnoAprobacion" type="xs:int"/>
      <xs:element minOccurs="0" name="ClaveContenidoTecnico" nillable="true" type="xs:string"/>
      <xs:element minOccurs="0" name="ConsecutivoActual" type="xs:decimal"/>
      <xs:element minOccurs="0" name="FechaAprobacion" type="xs:dateTime"/>
      <xs:element minOccurs="0" name="FechaLimiteVigencia" type="xs:dateTime"/>
      <xs:element minOccurs="0" name="FolioFin" type="xs:decimal"/>
      <xs:element minOccurs="0" name="FolioIni" type="xs:decimal"/>
      <xs:element minOccurs="0" name="IdSucursal" type="xs:int"/>
      <xs:element minOccurs="0" name="NitEmpresa" nillable="true" type="xs:string"/>
      <xs:element minOccurs="0" name="NumeroAprobacion" nillable="true" type="xs:string"/>
      <xs:element minOccurs="0" name="NumeroCertificado" type="xs:decimal"/>
      <xs:element minOccurs="0" name="Prefijo" nillable="true" type="xs:string"/>
      <xs:element minOccurs="0" name="Serie" nillable="true" type="xs:string"/>
      <xs:element minOccurs="0" name="TipoComprobante" type="xs:int"/>
    </xs:sequence>
  </xs:complexType>
  <xs:element name="CFDCabConexionRes" nillable="true" type="tns:CFDCabConexionRes"/>
  <xs:complexType name="CFDCabConexionPDF">
    <xs:sequence>
      <xs:element minOccurs="0" name="NitEmpresa" nillable="true" type="xs:string"/>
      <xs:element minOccurs="0" name="NumFactura" type="xs:decimal"/>
      <xs:element minOccurs="0" name="Prefijo" nillable="true" type="xs:string"/>
    </xs:sequence>
  </xs:complexType>
  <xs:element name="CFDCabConexionPDF" nillable="true" type="tns:CFDCabConexionPDF"/>
  <xs:complexType name="CFDCabProveedor">
    <xs:sequence>
      <xs:element minOccurs="0" name="CiudadProv" nillable="true" type="xs:string"/>
      <xs:element minOccurs="0" name="CorreoProv" nillable="true" type="xs:string"/>
      <xs:element minOccurs="0" name="DigitoVerificacionProv" type="xs:int"/>
      <xs:element minOccurs="0" name="DireccionProv" nillable="true" type="xs:string"/>
      <xs:element minOccurs="0" name="Emp_RFC" nillable="true" type="xs:string"/>
      <xs:element minOccurs="0" name="NitEmpresa" nillable="true" type="xs:string"/>
      <xs:element minOccurs="0" name="NitProveedor" nillable="true" type="xs:string"/>
      <xs:element minOccurs="0" name="NombreProv" nillable="true" type="xs:string"/>
      <xs:element minOccurs="0" name="TelefonoProv" nillable="true" type="xs:string"/>
      <xs:element minOccurs="0" name="pes_id_estado" type="xs:int"/>
      <xs:element minOccurs="0" name="pro_correo_contabilizacion" nillable="true" type="xs:string"/>
      <xs:element minOccurs="0" name="pro_correo_rechazo" nillable="true" type="xs:string"/>
      <xs:element minOccurs="0" name="pro_correoaceptacion" nillable="true" type="xs:string"/>
      <xs:element minOccurs="0" name="pro_excluido_docReferencia" type="xs:int"/>
      <xs:element minOccurs="0" name="pro_excluido_regnegocio" type="xs:int"/>
      <xs:element minOccurs="0" name="pro_nombres_validos" nillable="true" type="xs:string"/>
      <xs:element minOccurs="0" name="pro_otros_correos" nillable="true" type="xs:string"/>
    </xs:sequence>
  </xs:complexType>
  <xs:element name="CFDCabProveedor" nillable="true" type="tns:CFDCabProveedor"/>
  <xs:complexType name="LoginProveedorTecnologico">
    <xs:sequence>
      <xs:element minOccurs="0" name="NitEmisor" nillable="true" type="xs:string"/>
      <xs:element minOccurs="0" name="NitReceptor" nillable="true" type="xs:string"/>
      <xs:element minOccurs="0" name="PasswordPT" nillable="true" type="xs:string"/>
      <xs:element minOccurs="0" name="TipoAmbiente" type="xs:int"/>
      <xs:element minOccurs="0" name="UserPT" nillable="true" type="xs:string"/>
    </xs:sequence>
  </xs:complexType>
  <xs:element name="LoginProveedorTecnologico" nillable="true" type="tns:LoginProveedorTecnologico"/>
  <xs:complexType name="DatosProveedorFTP">
    <xs:sequence>
      <xs:element minOccurs="0" name="Host" nillable="true" type="xs:string"/>
      <xs:element minOccurs="0" name="HostPort" nillable="true" type="xs:string"/>
      <xs:element minOccurs="0" name="INDir" nillable="true" type="xs:string"/>
      <xs:element minOccurs="0" name="OUTDir" nillable="true" type="xs:string"/>
      <xs:element minOccurs="0" name="PassFTP" nillable="true" type="xs:string"/>
      <xs:element minOccurs="0" name="RootDir" nillable="true" type="xs:string"/>
      <xs:element minOccurs="0" name="UserFTP" nillable="true" type="xs:string"/>
    </xs:sequence>
  </xs:complexType>
  <xs:element name="DatosProveedorFTP" nillable="true" type="tns:DatosProveedorFTP"/>
  <xs:complexType name="ConsDocument">
    <xs:sequence>
      <xs:element minOccurs="0" name="NitEmisor" nillable="true" type="xs:string"/>
      <xs:element minOccurs="0" name="NitProveedorTecnologico" nillable="true" type="xs:string"/>
      <xs:element minOccurs="0" name="NumDoc" type="xs:int"/>
      <xs:element minOccurs="0" name="Prefijo" nillable="true" type="xs:string"/>
      <xs:element minOccurs="0" name="TipoComprobante" type="xs:int"/>
    </xs:sequence>
  </xs:complexType>
  <xs:element name="ConsDocument" nillable="true" type="tns:ConsDocument"/>
  <xs:complexType name="ArrayOfHistoricoEstadoInteroperabilidad">
    <xs:sequence>
      <xs:element minOccurs="0" maxOccurs="unbounded" name="HistoricoEstadoInteroperabilidad" nillable="true" type="tns:HistoricoEstadoInteroperabilidad"/>
    </xs:sequence>
  </xs:complexType>
  <xs:element name="ArrayOfHistoricoEstadoInteroperabilidad" nillable="true" type="tns:ArrayOfHistoricoEstadoInteroperabilidad"/>
  <xs:complexType name="HistoricoEstadoInteroperabilidad">
    <xs:sequence>
      <xs:element minOccurs="0" name="FechaEstado" type="xs:dateTime"/>
      <xs:element minOccurs="0" name="NumDoc" type="xs:int"/>
      <xs:element minOccurs="0" name="Prefijo" nillable="true" type="xs:string"/>
      <xs:element minOccurs="0" name="TipoEstado" nillable="true" type="xs:string"/>
      <xs:element minOccurs="0" name="TrackID" nillable="true" type="xs:string"/>
    </xs:sequence>
  </xs:complexType>
  <xs:element name="HistoricoEstadoInteroperabilidad" nillable="true" type="tns:HistoricoEstadoInteroperabilidad"/>
  <xs:complexType name="ArrayOfCFDCabConexionDocRec">
    <xs:sequence>
      <xs:element minOccurs="0" maxOccurs="unbounded" name="CFDCabConexionDocRec" nillable="true" type="tns:CFDCabConexionDocRec"/>
    </xs:sequence>
  </xs:complexType>
  <xs:element name="ArrayOfCFDCabConexionDocRec" nillable="true" type="tns:ArrayOfCFDCabConexionDocRec"/>
  <xs:complexType name="CFDCabConexionDocRec">
    <xs:sequence>
      <xs:element minOccurs="0" name="IdFactura" type="xs:int"/>
      <xs:element minOccurs="0" name="NitCliente" nillable="true" type="xs:string"/>
    </xs:sequence>
  </xs:complexType>
  <xs:element name="CFDCabConexionDocRec" nillable="true" type="tns:CFDCabConexionDocRec"/>
  <xs:complexType name="ArrayOfParametrosGestorDocumental">
    <xs:sequence>
      <xs:element minOccurs="0" maxOccurs="unbounded" name="ParametrosGestorDocumental" nillable="true" type="tns:ParametrosGestorDocumental"/>
    </xs:sequence>
  </xs:complexType>
  <xs:element name="ArrayOfParametrosGestorDocumental" nillable="true" type="tns:ArrayOfParametrosGestorDocumental"/>
  <xs:complexType name="ParametrosGestorDocumental">
    <xs:sequence>
      <xs:element minOccurs="0" name="Ambiente" nillable="true" type="xs:string"/>
      <xs:element minOccurs="0" name="CredencialesPasswordSW" nillable="true" type="xs:string"/>
      <xs:element minOccurs="0" name="CredencialesUsuarioSW" nillable="true" type="xs:string"/>
      <xs:element minOccurs="0" name="IdEmpresa" type="xs:int"/>
      <xs:element minOccurs="0" name="IdParametro" type="xs:int"/>
      <xs:element minOccurs="0" name="NitEmpresa" nillable="true" type="xs:string"/>
      <xs:element minOccurs="0" name="NombreEmpresa" nillable="true" type="xs:string"/>
      <xs:element minOccurs="0" name="NombreParametro" nillable="true" type="xs:string"/>
      <xs:element minOccurs="0" name="PeriodicidadEnvioInformacion" nillable="true" type="xs:string"/>
      <xs:element minOccurs="0" name="TipoPeriodicidadEnvioInformacion" nillable="true" type="xs:string"/>
      <xs:element minOccurs="0" name="TokenEmpresa" nillable="true" type="xs:string"/>
      <xs:element minOccurs="0" name="UltimaFechaEnvio" type="xs:dateTime"/>
      <xs:element minOccurs="0" name="UrlServicioWeb" nillable="true" type="xs:string"/>
    </xs:sequence>
  </xs:complexType>
  <xs:element name="ParametrosGestorDocumental" nillable="true" type="tns:ParametrosGestorDocumental"/>
  <xs:complexType name="Datos_Docs_DIAN">
    <xs:sequence>
      <xs:element minOccurs="0" name="EstadoEnvio" nillable="true" type="xs:string"/>
      <xs:element minOccurs="0" name="EstadoProcesamiento" nillable="true" type="xs:string"/>
      <xs:element minOccurs="0" name="FechaEnvio" nillable="true" type="xs:string"/>
      <xs:element minOccurs="0" name="RespuestaDIAN" nillable="true" type="xs:string"/>
      <xs:element minOccurs="0" name="UUID_Doc" nillable="true" type="xs:string"/>
      <xs:element minOccurs="0" name="XML_DIAN" nillable="true" type="xs:string"/>
    </xs:sequence>
  </xs:complexType>
  <xs:element name="Datos_Docs_DIAN" nillable="true" type="tns:Datos_Docs_DIAN"/>
  <xs:complexType name="ArrayOfDatosProveedorTecnologico">
    <xs:sequence>
      <xs:element minOccurs="0" maxOccurs="unbounded" name="DatosProveedorTecnologico" nillable="true" type="tns:DatosProveedorTecnologico"/>
    </xs:sequence>
  </xs:complexType>
  <xs:element name="ArrayOfDatosProveedorTecnologico" nillable="true" type="tns:ArrayOfDatosProveedorTecnologico"/>
  <xs:complexType name="DatosProveedorTecnologico">
    <xs:sequence>
      <xs:element minOccurs="0" name="Host" nillable="true" type="xs:string"/>
      <xs:element minOccurs="0" name="HostPort" nillable="true" type="xs:string"/>
      <xs:element minOccurs="0" name="INDir" nillable="true" type="xs:string"/>
      <xs:element minOccurs="0" name="IdProveedor" type="xs:int"/>
      <xs:element minOccurs="0" name="NitProveedor" nillable="true" type="xs:string"/>
      <xs:element minOccurs="0" name="NombreProveedor" nillable="true" type="xs:string"/>
      <xs:element minOccurs="0" name="OUTDir" nillable="true" type="xs:string"/>
      <xs:element minOccurs="0" name="PassFTP" nillable="true" type="xs:string"/>
      <xs:element minOccurs="0" name="PassWS" nillable="true" type="xs:string"/>
      <xs:element minOccurs="0" name="PortUrlWS" nillable="true" type="xs:string"/>
      <xs:element minOccurs="0" name="ProtocoloFTP" nillable="true" type="xs:string"/>
      <xs:element minOccurs="0" name="RootDir" nillable="true" type="xs:string"/>
      <xs:element minOccurs="0" name="UrlPrincipalWS" nillable="true" type="xs:string"/>
      <xs:element minOccurs="0" name="UserFTP" nillable="true" type="xs:string"/>
      <xs:element minOccurs="0" name="UserWS" nillable="true" type="xs:string"/>
    </xs:sequence>
  </xs:complexType>
  <xs:element name="DatosProveedorTecnologico" nillable="true" type="tns:DatosProveedorTecnologico"/>
  <xs:complexType name="ArrayOfDatosEmpresaEmisora">
    <xs:sequence>
      <xs:element minOccurs="0" maxOccurs="unbounded" name="DatosEmpresaEmisora" nillable="true" type="tns:DatosEmpresaEmisora"/>
    </xs:sequence>
  </xs:complexType>
  <xs:element name="ArrayOfDatosEmpresaEmisora" nillable="true" type="tns:ArrayOfDatosEmpresaEmisora"/>
  <xs:complexType name="DatosEmpresaEmisora">
    <xs:sequence>
      <xs:element minOccurs="0" name="Ambiente" type="xs:int"/>
      <xs:element minOccurs="0" name="IDClienteReceptor" type="xs:int"/>
      <xs:element minOccurs="0" name="IdEmpresaEmisora" type="xs:int"/>
      <xs:element minOccurs="0" name="NitCliente" nillable="true" type="xs:string"/>
      <xs:element minOccurs="0" name="NitEmpresa" nillable="true" type="xs:string"/>
      <xs:element minOccurs="0" name="NombreCliente" nillable="true" type="xs:string"/>
      <xs:element minOccurs="0" name="NombreEmpresa" nillable="true" type="xs:string"/>
      <xs:element minOccurs="0" name="NumeroHilos" type="xs:int"/>
      <xs:element minOccurs="0" name="NumeroRegistros" type="xs:int"/>
      <xs:element minOccurs="0" name="TestSetId" nillable="true" type="xs:string"/>
      <xs:element minOccurs="0" name="TokenEmpresa" nillable="true" type="xs:string"/>
    </xs:sequence>
  </xs:complexType>
  <xs:element name="DatosEmpresaEmisora" nillable="true" type="tns:DatosEmpresaEmisora"/>
  <xs:complexType name="ArrayOfDatosDocumentoEmision">
    <xs:sequence>
      <xs:element minOccurs="0" maxOccurs="unbounded" name="DatosDocumentoEmision" nillable="true" type="tns:DatosDocumentoEmision"/>
    </xs:sequence>
  </xs:complexType>
  <xs:element name="ArrayOfDatosDocumentoEmision" nillable="true" type="tns:ArrayOfDatosDocumentoEmision"/>
  <xs:complexType name="DatosDocumentoEmision">
    <xs:sequence>
      <xs:element minOccurs="0" name="IdDocumento" nillable="true" type="xs:string"/>
      <xs:element minOccurs="0" name="NitDestinatario" nillable="true" type="xs:string"/>
      <xs:element minOccurs="0" name="NombreDocumento" nillable="true" type="xs:string"/>
      <xs:element minOccurs="0" name="NotaEntrega" nillable="true" type="xs:string"/>
      <xs:element minOccurs="0" name="NumFactura" type="xs:int"/>
      <xs:element minOccurs="0" name="Prefijo" nillable="true" type="xs:string"/>
      <xs:element minOccurs="0" name="TieneAdjuntos" type="xs:boolean"/>
      <xs:element minOccurs="0" name="TipoComprobante" type="xs:int"/>
      <xs:element minOccurs="0" name="TipoDescripcion" nillable="true" type="xs:string"/>
      <xs:element minOccurs="0" name="Tracking_ID" nillable="true" type="xs:string"/>
    </xs:sequence>
  </xs:complexType>
  <xs:element name="DatosDocumentoEmision" nillable="true" type="tns:DatosDocumentoEmision"/>
  <xs:complexType name="Registro_Solicitud">
    <xs:sequence>
      <xs:element minOccurs="0" name="Fecha_Envio" type="xs:dateTime"/>
      <xs:element minOccurs="0" name="Mensaje_Global" nillable="true" type="xs:string"/>
      <xs:element minOccurs="0" name="Nit_Emisor" nillable="true" type="xs:string"/>
      <xs:element minOccurs="0" name="Nit_Proveedor" nillable="true" type="xs:string"/>
      <xs:element minOccurs="0" name="Nombre_ZIP" nillable="true" type="xs:string"/>
    </xs:sequence>
  </xs:complexType>
  <xs:element name="Registro_Solicitud" nillable="true" type="tns:Registro_Solicitud"/>
  <xs:complexType name="ArrayOfArchivoEmision">
    <xs:sequence>
      <xs:element minOccurs="0" maxOccurs="unbounded" name="ArchivoEmision" nillable="true" type="tns:ArchivoEmision"/>
    </xs:sequence>
  </xs:complexType>
  <xs:element name="ArrayOfArchivoEmision" nillable="true" type="tns:ArrayOfArchivoEmision"/>
  <xs:complexType name="ArchivoEmision">
    <xs:sequence>
      <xs:element minOccurs="0" name="Adjuntos" type="xs:boolean"/>
      <xs:element minOccurs="0" name="AnexoDocumento" nillable="true" type="xs:base64Binary"/>
      <xs:element minOccurs="0" name="CodigoError" nillable="true" type="xs:string"/>
      <xs:element minOccurs="0" name="DetalleError" nillable="true" type="xs:string"/>
      <xs:element minOccurs="0" name="ID_Destinatario" nillable="true" type="xs:string"/>
      <xs:element minOccurs="0" name="Id_CFD" nillable="true" type="xs:string"/>
      <xs:element minOccurs="0" name="Nombre_Archivo" nillable="true" type="xs:string"/>
      <xs:element minOccurs="0" name="Nota_Entrega_CFD" nillable="true" type="xs:string"/>
      <xs:element minOccurs="0" name="PDFDocumento" nillable="true" type="xs:base64Binary"/>
      <xs:element minOccurs="0" name="Representaciongrafica" type="xs:boolean"/>
      <xs:element minOccurs="0" name="SHA_256" nillable="true" type="xs:string"/>
      <xs:element minOccurs="0" name="TipoDocumento" nillable="true" type="xs:string"/>
      <xs:element minOccurs="0" name="Track_ID" nillable="true" type="xs:string"/>
      <xs:element minOccurs="0" name="XMLDocumento" nillable="true" type="xs:base64Binary"/>
    </xs:sequence>
  </xs:complexType>
  <xs:element name="ArchivoEmision" nillable="true" type="tns:ArchivoEmision"/>
  <xs:complexType name="ArrayOfRespuestaDocumentoInterop">
    <xs:sequence>
      <xs:element minOccurs="0" maxOccurs="unbounded" name="RespuestaDocumentoInterop" nillable="true" type="tns:RespuestaDocumentoInterop"/>
    </xs:sequence>
  </xs:complexType>
  <xs:element name="ArrayOfRespuestaDocumentoInterop" nillable="true" type="tns:ArrayOfRespuestaDocumentoInterop"/>
  <xs:complexType name="RespuestaDocumentoInterop">
    <xs:sequence>
      <xs:element minOccurs="0" name="FechaCreacion" type="xs:dateTime"/>
      <xs:element minOccurs="0" name="IdDocumento" nillable="true" type="xs:string"/>
      <xs:element minOccurs="0" name="IdEmpresa" type="xs:int"/>
      <xs:element minOccurs="0" name="IdEstadoActual" type="xs:int"/>
      <xs:element minOccurs="0" name="JSONRespuesta" nillable="true" type="xs:string"/>
      <xs:element minOccurs="0" name="TipoInteroperabilidad" type="xs:int"/>
      <xs:element minOccurs="0" name="TipoRespuestaIO" type="xs:int"/>
      <xs:element minOccurs="0" name="TrackId" nillable="true" type="xs:string"/>
      <xs:element minOccurs="0" name="XMLAplicationResponse" nillable="true" type="xs:string"/>
    </xs:sequence>
  </xs:complexType>
  <xs:element name="RespuestaDocumentoInterop" nillable="true" type="tns:RespuestaDocumentoInterop"/>
  <xs:complexType name="ResponseDocumentIO">
    <xs:sequence>
      <xs:element minOccurs="0" name="Id_EstadoActual" type="xs:int"/>
      <xs:element minOccurs="0" name="NitEmisor" nillable="true" type="xs:string"/>
      <xs:element minOccurs="0" name="NitProveedorTecnologico" nillable="true" type="xs:string"/>
      <xs:element minOccurs="0" name="NitReceptor" nillable="true" type="xs:string"/>
      <xs:element minOccurs="0" name="NombreXML" nillable="true" type="xs:string"/>
      <xs:element minOccurs="0" name="TipoResponse" nillable="true" type="xs:string"/>
      <xs:element minOccurs="0" name="XmlResponse" nillable="true" type="xs:string"/>
    </xs:sequence>
  </xs:complexType>
  <xs:element name="ResponseDocumentIO" nillable="true" type="tns:ResponseDocumentIO"/>
  <xs:complexType name="ArrayOfFV_DocumentosParaEnviar">
    <xs:sequence>
      <xs:element minOccurs="0" maxOccurs="unbounded" name="FV_DocumentosParaEnviar" nillable="true" type="tns:FV_DocumentosParaEnviar"/>
    </xs:sequence>
  </xs:complexType>
  <xs:element name="ArrayOfFV_DocumentosParaEnviar" nillable="true" type="tns:ArrayOfFV_DocumentosParaEnviar"/>
  <xs:complexType name="FV_DocumentosParaEnviar">
    <xs:sequence>
      <xs:element minOccurs="0" name="Ambiente" type="xs:int"/>
      <xs:element minOccurs="0" name="EnvioAsincrono" nillable="true" type="xs:string"/>
      <xs:element minOccurs="0" name="IdDocumento" type="xs:int"/>
      <xs:element minOccurs="0" name="IdTipoDocumentoDian" type="xs:int"/>
      <xs:element minOccurs="0" name="Nombre" nillable="true" type="xs:string"/>
      <xs:element minOccurs="0" name="Numero" nillable="true" type="xs:string"/>
      <xs:element minOccurs="0" name="Prefijo" nillable="true" type="xs:string"/>
      <xs:element minOccurs="0" name="TipoComprobante" type="xs:int"/>
    </xs:sequence>
  </xs:complexType>
  <xs:element name="FV_DocumentosParaEnviar" nillable="true" type="tns:FV_DocumentosParaEnviar"/>
  <xs:complexType name="ArrayOfFV_DatosEmpresaEmisora">
    <xs:sequence>
      <xs:element minOccurs="0" maxOccurs="unbounded" name="FV_DatosEmpresaEmisora" nillable="true" type="tns:FV_DatosEmpresaEmisora"/>
    </xs:sequence>
  </xs:complexType>
  <xs:element name="ArrayOfFV_DatosEmpresaEmisora" nillable="true" type="tns:ArrayOfFV_DatosEmpresaEmisora"/>
  <xs:complexType name="FV_DatosEmpresaEmisora">
    <xs:sequence>
      <xs:element minOccurs="0" name="AmbienteDian" type="xs:int"/>
      <xs:element minOccurs="0" name="Envio_Asyncronico" type="xs:boolean"/>
      <xs:element minOccurs="0" name="IdEmpresaEmisora" type="xs:int"/>
      <xs:element minOccurs="0" name="NitEmpresa" nillable="true" type="xs:string"/>
      <xs:element minOccurs="0" name="NombreEmpresa" nillable="true" type="xs:string"/>
      <xs:element minOccurs="0" name="NumeroHilos" type="xs:int"/>
      <xs:element minOccurs="0" name="NumeroRegistros" type="xs:int"/>
      <xs:element minOccurs="0" name="ServicioWeb_Dian" nillable="true" type="xs:string"/>
      <xs:element minOccurs="0" name="TestSetId" nillable="true" type="xs:string"/>
      <xs:element minOccurs="0" name="TokenEmpresa" nillable="true" type="xs:string"/>
      <xs:element minOccurs="0" name="Transaccion_VIP" type="xs:boolean"/>
    </xs:sequence>
  </xs:complexType>
  <xs:element name="FV_DatosEmpresaEmisora" nillable="true" type="tns:FV_DatosEmpresaEmisora"/>
  <xs:complexType name="Datos_Docs_Recepcion">
    <xs:sequence>
      <xs:element minOccurs="0" name="FechaExpedicion" type="xs:dateTime"/>
      <xs:element minOccurs="0" name="FechaVencimiento" type="xs:dateTime"/>
      <xs:element minOccurs="0" name="NumDoc" type="xs:decimal"/>
      <xs:element minOccurs="0" name="NumDocEnlaceRef" nillable="true" type="xs:string"/>
      <xs:element minOccurs="0" name="PDF_Doc" nillable="true" type="xs:base64Binary"/>
      <xs:element minOccurs="0" name="Prefijo" nillable="true" type="xs:string"/>
      <xs:element minOccurs="0" name="TXT_Doc" nillable="true" type="xs:string"/>
      <xs:element minOccurs="0" name="TipoFacturacion" nillable="true" type="xs:string"/>
      <xs:element minOccurs="0" name="UUID_Doc" nillable="true" type="xs:string"/>
      <xs:element minOccurs="0" name="XML_DIAN" nillable="true" type="xs:string"/>
    </xs:sequence>
  </xs:complexType>
  <xs:element name="Datos_Docs_Recepcion" nillable="true" type="tns:Datos_Docs_Recepcion"/>
  <xs:complexType name="CFDCabConexionIntQWS">
    <xs:sequence>
      <xs:element minOccurs="0" name="AnoAprobacionRes" type="xs:long"/>
      <xs:element minOccurs="0" name="Base_Impuesto" nillable="true" type="xs:decimal"/>
      <xs:element minOccurs="0" name="CFD_EST_estado_tramit" type="xs:int"/>
      <xs:element minOccurs="0" name="CFD_cantidad_dec_1" nillable="true" type="xs:decimal"/>
      <xs:element minOccurs="0" name="CFD_desconexion_servicio" nillable="true" type="xs:boolean"/>
      <xs:element minOccurs="0" name="CFD_fecha_desconexion" nillable="true" type="xs:dateTime"/>
      <xs:element minOccurs="0" name="CFD_porc_rte_ICA" nillable="true" type="xs:decimal"/>
      <xs:element minOccurs="0" name="CFD_porc_rte_fuent" nillable="true" type="xs:decimal"/>
      <xs:element minOccurs="0" name="CFD_tasa_mora" nillable="true" type="xs:decimal"/>
      <xs:element minOccurs="0" name="CREETotal" type="xs:decimal"/>
      <xs:element minOccurs="0" name="CampoTexto1" nillable="true" type="xs:string"/>
      <xs:element minOccurs="0" name="CampoTexto2" nillable="true" type="xs:string"/>
      <xs:element minOccurs="0" name="CampoTexto3" nillable="true" type="xs:string"/>
      <xs:element minOccurs="0" name="CampoTexto4" nillable="true" type="xs:string"/>
      <xs:element minOccurs="0" name="CampoTexto5" nillable="true" type="xs:string"/>
      <xs:element minOccurs="0" name="CampoTexto6" nillable="true" type="xs:string"/>
      <xs:element minOccurs="0" name="CampoTexto7" nillable="true" type="xs:string"/>
      <xs:element minOccurs="0" name="CampoTexto8" nillable="true" type="xs:string"/>
      <xs:element minOccurs="0" name="Cantidad1" type="xs:decimal"/>
      <xs:element minOccurs="0" name="Cantidad2" type="xs:decimal"/>
      <xs:element minOccurs="0" name="Cantidad3" type="xs:decimal"/>
      <xs:element minOccurs="0" name="CantidadDec1" type="xs:decimal"/>
      <xs:element minOccurs="0" name="CantidadDec2" type="xs:decimal"/>
      <xs:element minOccurs="0" name="CantidadDec3" type="xs:decimal"/>
      <xs:element minOccurs="0" name="CiudadDANE" nillable="true" type="xs:string"/>
      <xs:element minOccurs="0" name="CodVendedor" nillable="true" type="xs:string"/>
      <xs:element minOccurs="0" name="CodigoPostalCliente" nillable="true" type="xs:string"/>
      <xs:element minOccurs="0" name="CodigoPostalEnvio" nillable="true" type="xs:string"/>
      <xs:element minOccurs="0" name="ComprobanteCon" nillable="true" type="xs:string"/>
      <xs:element minOccurs="0" name="Condiciones_Pago" nillable="true" type="xs:string"/>
      <xs:element minOccurs="0" name="ContactoCargo" nillable="true" type="xs:string"/>
      <xs:element minOccurs="0" name="ContactoCorreo" nillable="true" type="xs:string"/>
      <xs:element minOccurs="0" name="ContactoNombre" nillable="true" type="xs:string"/>
      <xs:element minOccurs="0" name="CorreoCliente" nillable="true" type="xs:string"/>
      <xs:element minOccurs="0" name="DepartamentoDANE" nillable="true" type="xs:string"/>
      <xs:element minOccurs="0" name="DescripcionPlan" nillable="true" type="xs:string"/>
      <xs:element minOccurs="0" name="Descuento" type="xs:decimal"/>
      <xs:element minOccurs="0" name="DigitoVerificaCliente" nillable="true" type="xs:string"/>
      <xs:element minOccurs="0" name="DireccionCliente" nillable="true" type="xs:string"/>
      <xs:element minOccurs="0" name="EstiloFactura" type="xs:int"/>
      <xs:element minOccurs="0" name="FechaExpedicion" type="xs:dateTime"/>
      <xs:element minOccurs="0" name="FechaFinalPeriodoFacturado" type="xs:dateTime"/>
      <xs:element minOccurs="0" name="FechaInicialPeriodoFacturado" type="xs:dateTime"/>
      <xs:element minOccurs="0" name="FechaVencimiento" type="xs:dateTime"/>
      <xs:element minOccurs="0" name="FormaPago" nillable="true" type="xs:string"/>
      <xs:element minOccurs="0" name="IDInterno" nillable="true" type="xs:string"/>
      <xs:element minOccurs="0" name="IDUbicacionCliente" type="xs:int"/>
      <xs:element minOccurs="0" name="IDUbicacionEnvio" nillable="true" type="xs:int"/>
      <xs:element minOccurs="0" name="IdPlan" nillable="true" type="xs:string"/>
      <xs:element minOccurs="0" name="IdSucursal" type="xs:int"/>
      <xs:element minOccurs="0" name="Incoterm" nillable="true" type="xs:string"/>
      <xs:element minOccurs="0" name="InfoAdicional" nillable="true" type="xs:string"/>
      <xs:element minOccurs="0" name="LugarTerminosEntrega" nillable="true" type="xs:string"/>
      <xs:element minOccurs="0" name="MesCausado" nillable="true" type="xs:string"/>
      <xs:element minOccurs="0" name="MonedaISO" nillable="true" type="xs:string"/>
      <xs:element minOccurs="0" name="NitCliente" nillable="true" type="xs:string"/>
      <xs:element minOccurs="0" name="NitEmpresa" nillable="true" type="xs:string"/>
      <xs:element minOccurs="0" name="NombreCliente" nillable="true" type="xs:string"/>
      <xs:element minOccurs="0" name="NombrePlan" nillable="true" type="xs:string"/>
      <xs:element minOccurs="0" name="NombreVendedor" nillable="true" type="xs:string"/>
      <xs:element minOccurs="0" name="NumAprobacionRes" type="xs:decimal"/>
      <xs:element minOccurs="0" name="NumFactura" type="xs:decimal"/>
      <xs:element minOccurs="0" name="OrderID" nillable="true" type="xs:string"/>
      <xs:element minOccurs="0" name="PagoAnterior" type="xs:decimal"/>
      <xs:element minOccurs="0" name="Prefijo" nillable="true" type="xs:string"/>
      <xs:element minOccurs="0" name="ReferenciaCliente" nillable="true" type="xs:string"/>
      <xs:element minOccurs="0" name="RetencionCREETotal" nillable="true" type="xs:decimal"/>
      <xs:element minOccurs="0" name="SMSXDoc" type="xs:int"/>
      <xs:element minOccurs="0" name="SaldoAnterior" type="xs:decimal"/>
      <xs:element minOccurs="0" name="SubTotal" type="xs:decimal"/>
      <xs:element minOccurs="0" name="SubTotalSegunMon" nillable="true" type="xs:decimal"/>
      <xs:element minOccurs="0" name="TasaCambio" nillable="true" type="xs:decimal"/>
      <xs:element minOccurs="0" name="TelefonoCliente" nillable="true" type="xs:string"/>
      <xs:element minOccurs="0" name="Texto3" nillable="true" type="xs:string"/>
      <xs:element minOccurs="0" name="TieneAcuerdo" nillable="true" type="xs:boolean"/>
      <xs:element minOccurs="0" name="TipoComprobante" type="xs:int"/>
      <xs:element minOccurs="0" name="TipoContribuyente" nillable="true" type="xs:int"/>
      <xs:element minOccurs="0" name="TipoIDCliente" type="xs:int"/>
      <xs:element minOccurs="0" name="Total" type="xs:decimal"/>
      <xs:element minOccurs="0" name="TotalIVA" type="xs:decimal"/>
      <xs:element minOccurs="0" name="TotalIVASegunMon" nillable="true" type="xs:decimal"/>
      <xs:element minOccurs="0" name="TotalRetICA" nillable="true" type="xs:decimal"/>
      <xs:element minOccurs="0" name="TotalRetIVA" nillable="true" type="xs:decimal"/>
      <xs:element minOccurs="0" name="TotalRetencion" nillable="true" type="xs:decimal"/>
      <xs:element minOccurs="0" name="TotalSegunMon" nillable="true" type="xs:decimal"/>
      <xs:element minOccurs="0" name="TotalTraslado" type="xs:decimal"/>
      <xs:element minOccurs="0" name="Total_a_Pagar" type="xs:decimal"/>
      <xs:element minOccurs="0" name="ValorHasta1" type="xs:decimal"/>
      <xs:element minOccurs="0" name="ValorHasta2" type="xs:decimal"/>
      <xs:element minOccurs="0" name="ValorHasta3" type="xs:decimal"/>
      <xs:element minOccurs="0" name="ValorHasta4" type="xs:decimal"/>
      <xs:element minOccurs="0" name="cfd_activa_nota1" nillable="true" type="xs:boolean"/>
      <xs:element minOccurs="0" name="ciudad_envio" nillable="true" type="xs:string"/>
      <xs:element minOccurs="0" name="code1" nillable="true" type="xs:string"/>
      <xs:element minOccurs="0" name="code2" nillable="true" type="xs:string"/>
      <xs:element minOccurs="0" name="code3" nillable="true" type="xs:string"/>
      <xs:element minOccurs="0" name="curso" nillable="true" type="xs:string"/>
      <xs:element minOccurs="0" name="departamento_envio" nillable="true" type="xs:string"/>
      <xs:element minOccurs="0" name="direccion_envio" nillable="true" type="xs:string"/>
      <xs:element minOccurs="0" name="numero_envio" nillable="true" type="xs:string"/>
      <xs:element minOccurs="0" name="orden_venta" nillable="true" type="xs:string"/>
      <xs:element minOccurs="0" name="pague_hasta1" nillable="true" type="xs:dateTime"/>
      <xs:element minOccurs="0" name="pague_hasta2" nillable="true" type="xs:dateTime"/>
      <xs:element minOccurs="0" name="pague_hasta3" nillable="true" type="xs:dateTime"/>
      <xs:element minOccurs="0" name="referencia" nillable="true" type="xs:string"/>
      <xs:element minOccurs="0" name="referencia1" nillable="true" type="xs:string"/>
      <xs:element minOccurs="0" name="referencia_envio" nillable="true" type="xs:string"/>
      <xs:element minOccurs="0" name="telefono_envio" nillable="true" type="xs:string"/>
    </xs:sequence>
  </xs:complexType>
  <xs:element name="CFDCabConexionIntQWS" nillable="true" type="tns:CFDCabConexionIntQWS"/>
  <xs:complexType name="FV_CFDCabConexionInt">
    <xs:sequence>
      <xs:element minOccurs="0" name="AnoAprobacionRes" type="xs:long"/>
      <xs:element minOccurs="0" name="Base_Impuesto" nillable="true" type="xs:decimal"/>
      <xs:element minOccurs="0" name="CFD_AdditionalDocumentReference" nillable="true" type="xs:string"/>
      <xs:element minOccurs="0" name="CFD_Control_logo" nillable="true" type="xs:string"/>
      <xs:element minOccurs="0" name="CFD_EST_estado_tramit" type="xs:int"/>
      <xs:element minOccurs="0" name="CFD_Envio_Asyncronico" type="xs:boolean"/>
      <xs:element minOccurs="0" name="CFD_Flete" type="xs:decimal"/>
      <xs:element minOccurs="0" name="CFD_Inf_relacionada_Industria" nillable="true" type="xs:string"/>
      <xs:element minOccurs="0" name="CFD_LineCountNumeric" type="xs:int"/>
      <xs:element minOccurs="0" name="CFD_LineExtensionAmount" type="xs:decimal"/>
      <xs:element minOccurs="0" name="CFD_Modelo_Facturacion" nillable="true" type="xs:string"/>
      <xs:element minOccurs="0" name="CFD_OtrosCargos" type="xs:decimal"/>
      <xs:element minOccurs="0" name="CFD_Por_Margen" nillable="true" type="xs:decimal"/>
      <xs:element minOccurs="0" name="CFD_ProfileExecutionID" nillable="true" type="xs:string"/>
      <xs:element minOccurs="0" name="CFD_ResponseCode" nillable="true" type="xs:string"/>
      <xs:element minOccurs="0" name="CFD_TaxExclusiveAmount" type="xs:decimal"/>
      <xs:element minOccurs="0" name="CFD_TaxInclusiveAmount" type="xs:decimal"/>
      <xs:element minOccurs="0" name="CFD_TaxPointDate" type="xs:dateTime"/>
      <xs:element minOccurs="0" name="CFD_Transaccion_VIP" type="xs:boolean"/>
      <xs:element minOccurs="0" name="CFD_base_ICA_total" type="xs:decimal"/>
      <xs:element minOccurs="0" name="CFD_base_impo_total_nal" type="xs:decimal"/>
      <xs:element minOccurs="0" name="CFD_base_impo_total_reg" type="xs:decimal"/>
      <xs:element minOccurs="0" name="CFD_campo_texto_10" nillable="true" type="xs:string"/>
      <xs:element minOccurs="0" name="CFD_campo_texto_11" nillable="true" type="xs:string"/>
      <xs:element minOccurs="0" name="CFD_campo_texto_12" nillable="true" type="xs:string"/>
      <xs:element minOccurs="0" name="CFD_campo_texto_13" nillable="true" type="xs:string"/>
      <xs:element minOccurs="0" name="CFD_campo_texto_14" nillable="true" type="xs:string"/>
      <xs:element minOccurs="0" name="CFD_campo_texto_15" nillable="true" type="xs:string"/>
      <xs:element minOccurs="0" name="CFD_campo_texto_16" nillable="true" type="xs:string"/>
      <xs:element minOccurs="0" name="CFD_campo_texto_17" nillable="true" type="xs:string"/>
      <xs:element minOccurs="0" name="CFD_campo_texto_18" nillable="true" type="xs:string"/>
      <xs:element minOccurs="0" name="CFD_campo_texto_19" nillable="true" type="xs:string"/>
      <xs:element minOccurs="0" name="CFD_campo_texto_20" nillable="true" type="xs:string"/>
      <xs:element minOccurs="0" name="CFD_campo_texto_21" nillable="true" type="xs:string"/>
      <xs:element minOccurs="0" name="CFD_campo_texto_22" nillable="true" type="xs:string"/>
      <xs:element minOccurs="0" name="CFD_campo_texto_23" nillable="true" type="xs:string"/>
      <xs:element minOccurs="0" name="CFD_campo_texto_24" nillable="true" type="xs:string"/>
      <xs:element minOccurs="0" name="CFD_campo_texto_25" nillable="true" type="xs:string"/>
      <xs:element minOccurs="0" name="CFD_campo_texto_26" nillable="true" type="xs:string"/>
      <xs:element minOccurs="0" name="CFD_campo_texto_27" nillable="true" type="xs:string"/>
      <xs:element minOccurs="0" name="CFD_campo_texto_28" nillable="true" type="xs:string"/>
      <xs:element minOccurs="0" name="CFD_campo_texto_29" nillable="true" type="xs:string"/>
      <xs:element minOccurs="0" name="CFD_campo_texto_9" nillable="true" type="xs:string"/>
      <xs:element minOccurs="0" name="CFD_cantidad_dec_1" nillable="true" type="xs:decimal"/>
      <xs:element minOccurs="0" name="CFD_cantidad_dec_10" nillable="true" type="xs:decimal"/>
      <xs:element minOccurs="0" name="CFD_cantidad_dec_11" nillable="true" type="xs:decimal"/>
      <xs:element minOccurs="0" name="CFD_cantidad_dec_12" nillable="true" type="xs:decimal"/>
      <xs:element minOccurs="0" name="CFD_cantidad_dec_13" nillable="true" type="xs:decimal"/>
      <xs:element minOccurs="0" name="CFD_cantidad_dec_14" nillable="true" type="xs:decimal"/>
      <xs:element minOccurs="0" name="CFD_cantidad_dec_15" nillable="true" type="xs:decimal"/>
      <xs:element minOccurs="0" name="CFD_cantidad_dec_16" nillable="true" type="xs:string"/>
      <xs:element minOccurs="0" name="CFD_cantidad_dec_17" type="xs:decimal"/>
      <xs:element minOccurs="0" name="CFD_cantidad_dec_18" type="xs:decimal"/>
      <xs:element minOccurs="0" name="CFD_cantidad_dec_19" type="xs:decimal"/>
      <xs:element minOccurs="0" name="CFD_cantidad_dec_20" type="xs:decimal"/>
      <xs:element minOccurs="0" name="CFD_cantidad_dec_21" type="xs:decimal"/>
      <xs:element minOccurs="0" name="CFD_cantidad_dec_22" type="xs:decimal"/>
      <xs:element minOccurs="0" name="CFD_cantidad_dec_23" type="xs:decimal"/>
      <xs:element minOccurs="0" name="CFD_cantidad_dec_24" type="xs:decimal"/>
      <xs:element minOccurs="0" name="CFD_cantidad_dec_25" type="xs:decimal"/>
      <xs:element minOccurs="0" name="CFD_cantidad_dec_4" nillable="true" type="xs:decimal"/>
      <xs:element minOccurs="0" name="CFD_cantidad_dec_5" nillable="true" type="xs:decimal"/>
      <xs:element minOccurs="0" name="CFD_cantidad_dec_6" nillable="true" type="xs:decimal"/>
      <xs:element minOccurs="0" name="CFD_cantidad_dec_7" nillable="true" type="xs:decimal"/>
      <xs:element minOccurs="0" name="CFD_cantidad_dec_8" nillable="true" type="xs:decimal"/>
      <xs:element minOccurs="0" name="CFD_cantidad_dec_9" nillable="true" type="xs:decimal"/>
      <xs:element minOccurs="0" name="CFD_deducible" type="xs:decimal"/>
      <xs:element minOccurs="0" name="CFD_desconexion_servicio" nillable="true" type="xs:boolean"/>
      <xs:element minOccurs="0" name="CFD_fecha_desconexion" nillable="true" type="xs:dateTime"/>
      <xs:element minOccurs="0" name="CFD_fecha_tasadeCambio" type="xs:dateTime"/>
      <xs:element minOccurs="0" name="CFD_inf_origen_despacho" nillable="true" type="xs:string"/>
      <xs:element minOccurs="0" name="CFD_numero_enlace_doc_ref" nillable="true" type="xs:string"/>
      <xs:element minOccurs="0" name="CFD_porc_rte_ICA" nillable="true" type="xs:decimal"/>
      <xs:element minOccurs="0" name="CFD_porc_rte_fuent" nillable="true" type="xs:decimal"/>
      <xs:element minOccurs="0" name="CFD_tasa_mora" nillable="true" type="xs:decimal"/>
      <xs:element minOccurs="0" name="CFD_tdi_id_tipo_doc_interno" type="xs:int"/>
      <xs:element minOccurs="0" name="CFD_total_ICA" type="xs:decimal"/>
      <xs:element minOccurs="0" name="CFD_total_aduana_exp" type="xs:decimal"/>
      <xs:element minOccurs="0" name="CFD_total_cargos" type="xs:decimal"/>
      <xs:element minOccurs="0" name="CFD_total_descuentos" type="xs:decimal"/>
      <xs:element minOccurs="0" name="CFD_total_margen" nillable="true" type="xs:decimal"/>
      <xs:element minOccurs="0" name="CFD_total_seguro_exp" type="xs:decimal"/>
      <xs:element minOccurs="0" name="CLI_numero_cliente" nillable="true" type="xs:decimal"/>
      <xs:element minOccurs="0" name="CREETotal" type="xs:decimal"/>
      <xs:element minOccurs="0" name="CampoTexto1" nillable="true" type="xs:string"/>
      <xs:element minOccurs="0" name="CampoTexto2" nillable="true" type="xs:string"/>
      <xs:element minOccurs="0" name="CampoTexto3" nillable="true" type="xs:string"/>
      <xs:element minOccurs="0" name="CampoTexto4" nillable="true" type="xs:string"/>
      <xs:element minOccurs="0" name="CampoTexto5" nillable="true" type="xs:string"/>
      <xs:element minOccurs="0" name="CampoTexto6" nillable="true" type="xs:string"/>
      <xs:element minOccurs="0" name="CampoTexto7" nillable="true" type="xs:string"/>
      <xs:element minOccurs="0" name="CampoTexto8" nillable="true" type="xs:string"/>
      <xs:element minOccurs="0" name="Cantidad1" type="xs:decimal"/>
      <xs:element minOccurs="0" name="Cantidad2" type="xs:decimal"/>
      <xs:element minOccurs="0" name="Cantidad3" type="xs:decimal"/>
      <xs:element minOccurs="0" name="CantidadDec1" type="xs:decimal"/>
      <xs:element minOccurs="0" name="CantidadDec2" type="xs:decimal"/>
      <xs:element minOccurs="0" name="CantidadDec3" type="xs:decimal"/>
      <xs:element minOccurs="0" name="CiudadDANE" nillable="true" type="xs:string"/>
      <xs:element minOccurs="0" name="CodVendedor" nillable="true" type="xs:string"/>
      <xs:element minOccurs="0" name="CodigoPostalCliente" nillable="true" type="xs:string"/>
      <xs:element minOccurs="0" name="CodigoPostalEnvio" nillable="true" type="xs:string"/>
      <xs:element minOccurs="0" name="ComprobanteCon" nillable="true" type="xs:string"/>
      <xs:element minOccurs="0" name="Condiciones_Pago" nillable="true" type="xs:string"/>
      <xs:element minOccurs="0" name="ContactoCargo" nillable="true" type="xs:string"/>
      <xs:element minOccurs="0" name="ContactoCorreo" nillable="true" type="xs:string"/>
      <xs:element minOccurs="0" name="ContactoNombre" nillable="true" type="xs:string"/>
      <xs:element minOccurs="0" name="CorreoCliente" nillable="true" type="xs:string"/>
      <xs:element minOccurs="0" name="DepartamentoDANE" nillable="true" type="xs:string"/>
      <xs:element minOccurs="0" name="DescripcionPlan" nillable="true" type="xs:string"/>
      <xs:element minOccurs="0" name="Descuento" type="xs:decimal"/>
      <xs:element minOccurs="0" name="DigitoVerificaCliente" nillable="true" type="xs:string"/>
      <xs:element minOccurs="0" name="DireccionCliente" nillable="true" type="xs:string"/>
      <xs:element minOccurs="0" name="EsRecepcion" type="xs:boolean"/>
      <xs:element minOccurs="0" name="EstiloFactura" type="xs:int"/>
      <xs:element minOccurs="0" name="FV_CCN_id_concepto_correcionnotas" type="xs:int"/>
      <xs:element minOccurs="0" name="FV_CDE_id_codigos_descuento" type="xs:int"/>
      <xs:element minOccurs="0" name="FV_EDO_id_eventos_docelec" type="xs:int"/>
      <xs:element minOccurs="0" name="FV_INC_id_incoterm" type="xs:int"/>
      <xs:element minOccurs="0" name="FV_RFI_Id_Regimen_Fiscal" type="xs:int"/>
      <xs:element minOccurs="0" name="FV_TDD_Code_TipoDocumentoDIAN" nillable="true" type="xs:string"/>
      <xs:element minOccurs="0" name="FV_TDO_Codigo_TipoOperacion" nillable="true" type="xs:string"/>
      <xs:element minOccurs="0" name="FechaExpedicion" type="xs:dateTime"/>
      <xs:element minOccurs="0" name="FechaFinalPeriodoFacturado" type="xs:dateTime"/>
      <xs:element minOccurs="0" name="FechaInicialPeriodoFacturado" type="xs:dateTime"/>
      <xs:element minOccurs="0" name="FechaVencimiento" type="xs:dateTime"/>
      <xs:element minOccurs="0" name="FormaPago" nillable="true" type="xs:string"/>
      <xs:element minOccurs="0" name="IDInterno" nillable="true" type="xs:string"/>
      <xs:element minOccurs="0" name="IDUbicacionCliente" type="xs:int"/>
      <xs:element minOccurs="0" name="IDUbicacionEnvio" nillable="true" type="xs:int"/>
      <xs:element minOccurs="0" name="IdPlan" nillable="true" type="xs:string"/>
      <xs:element minOccurs="0" name="IdSucursal" type="xs:int"/>
      <xs:element minOccurs="0" name="Incoterm" nillable="true" type="xs:string"/>
      <xs:element minOccurs="0" name="InfoAdicional" nillable="true" type="xs:string"/>
      <xs:element minOccurs="0" name="LugarTerminosEntrega" nillable="true" type="xs:string"/>
      <xs:element minOccurs="0" name="MesCausado" nillable="true" type="xs:string"/>
      <xs:element minOccurs="0" name="MonedaISO" nillable="true" type="xs:string"/>
      <xs:element minOccurs="0" name="NitCliente" nillable="true" type="xs:string"/>
      <xs:element minOccurs="0" name="NitEmpresa" nillable="true" type="xs:string"/>
      <xs:element minOccurs="0" name="NombreCliente" nillable="true" type="xs:string"/>
      <xs:element minOccurs="0" name="NombreComercial" nillable="true" type="xs:string"/>
      <xs:element minOccurs="0" name="NombrePlan" nillable="true" type="xs:string"/>
      <xs:element minOccurs="0" name="NombreVendedor" nillable="true" type="xs:string"/>
      <xs:element minOccurs="0" name="NumAprobacionRes" type="xs:decimal"/>
      <xs:element minOccurs="0" name="NumFactura" type="xs:decimal"/>
      <xs:element minOccurs="0" name="OrderID" nillable="true" type="xs:string"/>
      <xs:element minOccurs="0" name="PAI_ISO_3166" nillable="true" type="xs:string"/>
      <xs:element minOccurs="0" name="PAI_nombre_envio" nillable="true" type="xs:string"/>
      <xs:element minOccurs="0" name="PagoAnterior" type="xs:decimal"/>
      <xs:element minOccurs="0" name="Prefijo" nillable="true" type="xs:string"/>
      <xs:element minOccurs="0" name="ReferenciaCliente" nillable="true" type="xs:string"/>
      <xs:element minOccurs="0" name="RetencionCREETotal" nillable="true" type="xs:decimal"/>
      <xs:element minOccurs="0" name="SMSXDoc" type="xs:int"/>
      <xs:element minOccurs="0" name="SaldoAnterior" type="xs:decimal"/>
      <xs:element minOccurs="0" name="SubTotal" type="xs:decimal"/>
      <xs:element minOccurs="0" name="SubTotalSegunMon" nillable="true" type="xs:decimal"/>
      <xs:element minOccurs="0" name="Sucursal" nillable="true" type="xs:string"/>
      <xs:element minOccurs="0" name="TIP_id_tipo_persona" nillable="true" type="xs:int"/>
      <xs:element minOccurs="0" name="TasaCambio" nillable="true" type="xs:decimal"/>
      <xs:element minOccurs="0" name="TelefonoCliente" nillable="true" type="xs:string"/>
      <xs:element minOccurs="0" name="Texto3" nillable="true" type="xs:string"/>
      <xs:element minOccurs="0" name="TieneAcuerdo" nillable="true" type="xs:boolean"/>
      <xs:element minOccurs="0" name="TipoComprobante" type="xs:int"/>
      <xs:element minOccurs="0" name="TipoContribuyente" nillable="true" type="xs:int"/>
      <xs:element minOccurs="0" name="TipoIDCliente" type="xs:int"/>
      <xs:element minOccurs="0" name="Total" type="xs:decimal"/>
      <xs:element minOccurs="0" name="TotalIVA" type="xs:decimal"/>
      <xs:element minOccurs="0" name="TotalIVASegunMon" nillable="true" type="xs:decimal"/>
      <xs:element minOccurs="0" name="TotalRetICA" nillable="true" type="xs:decimal"/>
      <xs:element minOccurs="0" name="TotalRetIVA" nillable="true" type="xs:decimal"/>
      <xs:element minOccurs="0" name="TotalRetencion" nillable="true" type="xs:decimal"/>
      <xs:element minOccurs="0" name="TotalSegunMon" nillable="true" type="xs:decimal"/>
      <xs:element minOccurs="0" name="TotalTraslado" type="xs:decimal"/>
      <xs:element minOccurs="0" name="Total_a_Pagar" type="xs:decimal"/>
      <xs:element minOccurs="0" name="ValorHasta1" type="xs:decimal"/>
      <xs:element minOccurs="0" name="ValorHasta2" type="xs:decimal"/>
      <xs:element minOccurs="0" name="ValorHasta3" type="xs:decimal"/>
      <xs:element minOccurs="0" name="ValorHasta4" type="xs:decimal"/>
      <xs:element minOccurs="0" name="cfd_activa_nota1" nillable="true" type="xs:boolean"/>
      <xs:element minOccurs="0" name="cfd_barcode_banco4" nillable="true" type="xs:string"/>
      <xs:element minOccurs="0" name="ciudad_envio" nillable="true" type="xs:string"/>
      <xs:element minOccurs="0" name="code1" nillable="true" type="xs:string"/>
      <xs:element minOccurs="0" name="code2" nillable="true" type="xs:string"/>
      <xs:element minOccurs="0" name="code3" nillable="true" type="xs:string"/>
      <xs:element minOccurs="0" name="curso" nillable="true" type="xs:string"/>
      <xs:element minOccurs="0" name="departamento_envio" nillable="true" type="xs:string"/>
      <xs:element minOccurs="0" name="direccion_envio" nillable="true" type="xs:string"/>
      <xs:element minOccurs="0" name="id_PFD_PerfilDummy" type="xs:int"/>
      <xs:element minOccurs="0" name="numero_envio" nillable="true" type="xs:string"/>
      <xs:element minOccurs="0" name="orden_venta" nillable="true" type="xs:string"/>
      <xs:element minOccurs="0" name="pague_hasta1" nillable="true" type="xs:dateTime"/>
      <xs:element minOccurs="0" name="pague_hasta2" nillable="true" type="xs:dateTime"/>
      <xs:element minOccurs="0" name="pague_hasta3" nillable="true" type="xs:dateTime"/>
      <xs:element minOccurs="0" name="referencia" nillable="true" type="xs:string"/>
      <xs:element minOccurs="0" name="referencia1" nillable="true" type="xs:string"/>
      <xs:element minOccurs="0" name="referencia_envio" nillable="true" type="xs:string"/>
      <xs:element minOccurs="0" name="telefono_envio" nillable="true" type="xs:string"/>
    </xs:sequence>
  </xs:complexType>
  <xs:element name="FV_CFDCabConexionInt" nillable="true" type="tns:FV_CFDCabConexionInt"/>
  <xs:complexType name="ArrayOfFV_CFDDetConexionInt">
    <xs:sequence>
      <xs:element minOccurs="0" maxOccurs="unbounded" name="FV_CFDDetConexionInt" nillable="true" type="tns:FV_CFDDetConexionInt"/>
    </xs:sequence>
  </xs:complexType>
  <xs:element name="ArrayOfFV_CFDDetConexionInt" nillable="true" type="tns:ArrayOfFV_CFDDetConexionInt"/>
  <xs:complexType name="FV_CFDDetConexionInt">
    <xs:sequence>
      <xs:element minOccurs="0" name="CON_base_ica" type="xs:decimal"/>
      <xs:element minOccurs="0" name="CON_base_impo_n" type="xs:decimal"/>
      <xs:element minOccurs="0" name="CON_base_impo_r" type="xs:decimal"/>
      <xs:element minOccurs="0" name="CON_base_iva" type="xs:decimal"/>
      <xs:element minOccurs="0" name="CON_cantidad_original_solicitada" nillable="true" type="xs:decimal"/>
      <xs:element minOccurs="0" name="CON_categoria_0" nillable="true" type="xs:string"/>
      <xs:element minOccurs="0" name="CON_categoria_1" nillable="true" type="xs:string"/>
      <xs:element minOccurs="0" name="CON_categoria_2" nillable="true" type="xs:string"/>
      <xs:element minOccurs="0" name="CON_categoria_3" nillable="true" type="xs:string"/>
      <xs:element minOccurs="0" name="CON_ciudad_despacho" nillable="true" type="xs:string"/>
      <xs:element minOccurs="0" name="CON_dato_decimal1" nillable="true" type="xs:decimal"/>
      <xs:element minOccurs="0" name="CON_dato_decimal10" type="xs:decimal"/>
      <xs:element minOccurs="0" name="CON_dato_decimal11" type="xs:decimal"/>
      <xs:element minOccurs="0" name="CON_dato_decimal12" type="xs:decimal"/>
      <xs:element minOccurs="0" name="CON_dato_decimal13" type="xs:decimal"/>
      <xs:element minOccurs="0" name="CON_dato_decimal14" type="xs:decimal"/>
      <xs:element minOccurs="0" name="CON_dato_decimal15" type="xs:decimal"/>
      <xs:element minOccurs="0" name="CON_dato_decimal2" nillable="true" type="xs:decimal"/>
      <xs:element minOccurs="0" name="CON_dato_decimal3" nillable="true" type="xs:decimal"/>
      <xs:element minOccurs="0" name="CON_dato_decimal4" nillable="true" type="xs:decimal"/>
      <xs:element minOccurs="0" name="CON_dato_decimal5" type="xs:decimal"/>
      <xs:element minOccurs="0" name="CON_dato_decimal6" type="xs:decimal"/>
      <xs:element minOccurs="0" name="CON_dato_decimal7" type="xs:decimal"/>
      <xs:element minOccurs="0" name="CON_dato_decimal8" type="xs:decimal"/>
      <xs:element minOccurs="0" name="CON_dato_decimal9" type="xs:decimal"/>
      <xs:element minOccurs="0" name="CON_dato_destino" nillable="true" type="xs:string"/>
      <xs:element minOccurs="0" name="CON_dato_fecha" nillable="true" type="xs:dateTime"/>
      <xs:element minOccurs="0" name="CON_dato_origen" nillable="true" type="xs:string"/>
      <xs:element minOccurs="0" name="CON_dato_peso" type="xs:decimal"/>
      <xs:element minOccurs="0" name="CON_dato_placa" nillable="true" type="xs:string"/>
      <xs:element minOccurs="0" name="CON_dato_referencia" nillable="true" type="xs:string"/>
      <xs:element minOccurs="0" name="CON_dato_texto1" nillable="true" type="xs:string"/>
      <xs:element minOccurs="0" name="CON_dato_texto10" nillable="true" type="xs:string"/>
      <xs:element minOccurs="0" name="CON_dato_texto11" nillable="true" type="xs:string"/>
      <xs:element minOccurs="0" name="CON_dato_texto12" nillable="true" type="xs:string"/>
      <xs:element minOccurs="0" name="CON_dato_texto13" nillable="true" type="xs:string"/>
      <xs:element minOccurs="0" name="CON_dato_texto14" nillable="true" type="xs:string"/>
      <xs:element minOccurs="0" name="CON_dato_texto15" nillable="true" type="xs:string"/>
      <xs:element minOccurs="0" name="CON_dato_texto2" nillable="true" type="xs:string"/>
      <xs:element minOccurs="0" name="CON_dato_texto3" nillable="true" type="xs:string"/>
      <xs:element minOccurs="0" name="CON_dato_texto4" nillable="true" type="xs:string"/>
      <xs:element minOccurs="0" name="CON_dato_texto5" nillable="true" type="xs:string"/>
      <xs:element minOccurs="0" name="CON_dato_texto6" nillable="true" type="xs:string"/>
      <xs:element minOccurs="0" name="CON_dato_texto7" nillable="true" type="xs:string"/>
      <xs:element minOccurs="0" name="CON_dato_texto8" nillable="true" type="xs:string"/>
      <xs:element minOccurs="0" name="CON_dato_texto9" nillable="true" type="xs:string"/>
      <xs:element minOccurs="0" name="CON_departamento_despacho" nillable="true" type="xs:string"/>
      <xs:element minOccurs="0" name="CON_detalle_construccion" nillable="true" type="xs:string"/>
      <xs:element minOccurs="0" name="CON_detalle_industria1" nillable="true" type="xs:string"/>
      <xs:element minOccurs="0" name="CON_detalle_industria2" nillable="true" type="xs:string"/>
      <xs:element minOccurs="0" name="CON_detalle_industria3" nillable="true" type="xs:string"/>
      <xs:element minOccurs="0" name="CON_detalle_vehiculo" nillable="true" type="xs:string"/>
      <xs:element minOccurs="0" name="CON_direccion_despacho" nillable="true" type="xs:string"/>
      <xs:element minOccurs="0" name="CON_documentos_referencia" nillable="true" type="xs:string"/>
      <xs:element minOccurs="0" name="CON_linea_concepto" nillable="true" type="xs:string"/>
      <xs:element minOccurs="0" name="CON_linea_padre_concepto" nillable="true" type="xs:string"/>
      <xs:element minOccurs="0" name="CON_posicion_arancelaria" nillable="true" type="xs:string"/>
      <xs:element minOccurs="0" name="CON_sub_cliente" nillable="true" type="xs:string"/>
      <xs:element minOccurs="0" name="CON_total_con_seg_mon" nillable="true" type="xs:decimal"/>
      <xs:element minOccurs="0" name="CON_unidad_medida_con" nillable="true" type="xs:string"/>
      <xs:element minOccurs="0" name="CON_valor_otros_cargos" type="xs:decimal"/>
      <xs:element minOccurs="0" name="CON_valor_otros_descuentos" type="xs:decimal"/>
      <xs:element minOccurs="0" name="CON_valor_unitario_seg_mon" nillable="true" type="xs:decimal"/>
      <xs:element minOccurs="0" name="CREE" type="xs:decimal"/>
      <xs:element minOccurs="0" name="Cantidad" type="xs:decimal"/>
      <xs:element minOccurs="0" name="ClaseMovimiento" nillable="true" type="xs:string"/>
      <xs:element minOccurs="0" name="CodigoProducto" nillable="true" type="xs:string"/>
      <xs:element minOccurs="0" name="Codigos" nillable="true" type="q4:ArrayOfstring" xmlns:q4="http://schemas.microsoft.com/2003/10/Serialization/Arrays"/>
      <xs:element minOccurs="0" name="CodigosString" nillable="true" type="xs:string"/>
      <xs:element minOccurs="0" name="DescripcionConcepto" nillable="true" type="xs:string"/>
      <xs:element minOccurs="0" name="DescripcionProducto" nillable="true" type="xs:string"/>
      <xs:element minOccurs="0" name="DescuentoConcepto" type="xs:decimal"/>
      <xs:element minOccurs="0" name="FechaRecibe" type="xs:dateTime"/>
      <xs:element minOccurs="0" name="IVAProducto" type="xs:decimal"/>
      <xs:element minOccurs="0" name="IdConcepto" type="xs:int"/>
      <xs:element minOccurs="0" name="Importe" type="xs:decimal"/>
      <xs:element minOccurs="0" name="Impuesto2" type="xs:decimal"/>
      <xs:element minOccurs="0" name="ItemReferencia" nillable="true" type="xs:string"/>
      <xs:element minOccurs="0" name="NotasConcepto" nillable="true" type="xs:string"/>
      <xs:element minOccurs="0" name="PorIVAProducto" type="xs:decimal"/>
      <xs:element minOccurs="0" name="PorImpuesto2" type="xs:decimal"/>
      <xs:element minOccurs="0" name="PorcentajeDescuento" type="xs:decimal"/>
      <xs:element minOccurs="0" name="RetencionCREE" type="xs:decimal"/>
      <xs:element minOccurs="0" name="TipoImpuesto" nillable="true" type="xs:string"/>
      <xs:element minOccurs="0" name="TotalConSegMon" nillable="true" type="xs:decimal"/>
      <xs:element minOccurs="0" name="TotalConcepto" type="xs:decimal"/>
      <xs:element minOccurs="0" name="UnidadMedida" nillable="true" type="xs:string"/>
      <xs:element minOccurs="0" name="ValorUnitario" type="xs:decimal"/>
      <xs:element minOccurs="0" name="con_recurrente" type="xs:boolean"/>
    </xs:sequence>
  </xs:complexType>
  <xs:element name="FV_CFDDetConexionInt" nillable="true" type="tns:FV_CFDDetConexionInt"/>
  <xs:complexType name="FV_OpcionesConexionInt">
    <xs:sequence>
      <xs:element minOccurs="0" name="ActualizaProductos" type="xs:boolean"/>
      <xs:element minOccurs="0" name="CalculaReteCree" type="xs:boolean"/>
      <xs:element minOccurs="0" name="CalculaReteFuente" type="xs:boolean"/>
      <xs:element minOccurs="0" name="CalculaReteICA" type="xs:boolean"/>
      <xs:element minOccurs="0" name="CalculaReteIVA" type="xs:boolean"/>
      <xs:element minOccurs="0" name="EmisionAutomatica" type="xs:boolean"/>
      <xs:element minOccurs="0" name="FacturaMinimalegal" type="xs:boolean"/>
      <xs:element minOccurs="0" name="FacturasSinAcuerdo" type="xs:boolean"/>
      <xs:element minOccurs="0" name="ModeloXAceptacion" type="xs:boolean"/>
      <xs:element minOccurs="0" name="NotasRelacionadas" type="xs:boolean"/>
      <xs:element minOccurs="0" name="OrderControl" type="xs:boolean"/>
      <xs:element minOccurs="0" name="TieneAcuerdosFisicos" type="xs:boolean"/>
      <xs:element minOccurs="0" name="TokenConexion" nillable="true" type="xs:string"/>
      <xs:element minOccurs="0" name="eBillAdmNumerosFactura" type="xs:boolean"/>
    </xs:sequence>
  </xs:complexType>
  <xs:element name="FV_OpcionesConexionInt" nillable="true" type="tns:FV_OpcionesConexionInt"/>
  <xs:complexType name="ArrayOfFV_ACC_AllowanceChargeCabInt">
    <xs:sequence>
      <xs:element minOccurs="0" maxOccurs="unbounded" name="FV_ACC_AllowanceChargeCabInt" nillable="true" type="tns:FV_ACC_AllowanceChargeCabInt"/>
    </xs:sequence>
  </xs:complexType>
  <xs:element name="ArrayOfFV_ACC_AllowanceChargeCabInt" nillable="true" type="tns:ArrayOfFV_ACC_AllowanceChargeCabInt"/>
  <xs:complexType name="FV_ACC_AllowanceChargeCabInt">
    <xs:sequence>
      <xs:element minOccurs="0" name="FCC_ACC_Amount_AllowanceChargeCab" type="xs:decimal"/>
      <xs:element minOccurs="0" name="FCC_ACC_MultiplierFactorNumeric_AllowanceChargeCab" type="xs:decimal"/>
      <xs:element minOccurs="0" name="FC_ACC_BaseAmount_AllowanceChargeCab" type="xs:decimal"/>
      <xs:element minOccurs="0" name="FV_ACC_ChargeIndicator_AllowanceChargeCab" nillable="true" type="xs:string"/>
      <xs:element minOccurs="0" name="FV_ACC_Code_AllowanceChargeCab" nillable="true" type="xs:string"/>
      <xs:element minOccurs="0" name="FV_ACC_Id_AllowanceChargeCab" type="xs:int"/>
      <xs:element minOccurs="0" name="FV_ACC_Reason_AllowanceChargeCab" nillable="true" type="xs:string"/>
    </xs:sequence>
  </xs:complexType>
  <xs:element name="FV_ACC_AllowanceChargeCabInt" nillable="true" type="tns:FV_ACC_AllowanceChargeCabInt"/>
  <xs:complexType name="ArrayOfFV_ACD_AllowanceChargeDetInt">
    <xs:sequence>
      <xs:element minOccurs="0" maxOccurs="unbounded" name="FV_ACD_AllowanceChargeDetInt" nillable="true" type="tns:FV_ACD_AllowanceChargeDetInt"/>
    </xs:sequence>
  </xs:complexType>
  <xs:element name="ArrayOfFV_ACD_AllowanceChargeDetInt" nillable="true" type="tns:ArrayOfFV_ACD_AllowanceChargeDetInt"/>
  <xs:complexType name="FV_ACD_AllowanceChargeDetInt">
    <xs:sequence>
      <xs:element minOccurs="0" name="FCC_ACD_Amount_AllowanceChargeDet" type="xs:decimal"/>
      <xs:element minOccurs="0" name="FCC_ACD_MultiplierFactorNumeric_AllowanceChargeDet" type="xs:decimal"/>
      <xs:element minOccurs="0" name="FC_ACD_BaseAmount_AllowanceChargeDet" type="xs:decimal"/>
      <xs:element minOccurs="0" name="FV_ACD_ChargeIndicator_AllowanceChargeDet" type="xs:boolean"/>
      <xs:element minOccurs="0" name="FV_ACD_Code_AllowanceChargeDet" nillable="true" type="xs:string"/>
      <xs:element minOccurs="0" name="FV_ACD_Id_AllowanceChargeDet" nillable="true" type="xs:string"/>
      <xs:element minOccurs="0" name="FV_ACD_Reason_AllowanceChargeDet" nillable="true" type="xs:string"/>
      <xs:element minOccurs="0" name="IdConcepto" type="xs:int"/>
    </xs:sequence>
  </xs:complexType>
  <xs:element name="FV_ACD_AllowanceChargeDetInt" nillable="true" type="tns:FV_ACD_AllowanceChargeDetInt"/>
  <xs:complexType name="ArrayOfFV_TRBACON_TributoAgrupadoXConceptoInt">
    <xs:sequence>
      <xs:element minOccurs="0" maxOccurs="unbounded" name="FV_TRBACON_TributoAgrupadoXConceptoInt" nillable="true" type="tns:FV_TRBACON_TributoAgrupadoXConceptoInt"/>
    </xs:sequence>
  </xs:complexType>
  <xs:element name="ArrayOfFV_TRBACON_TributoAgrupadoXConceptoInt" nillable="true" type="tns:ArrayOfFV_TRBACON_TributoAgrupadoXConceptoInt"/>
  <xs:complexType name="FV_TRBACON_TributoAgrupadoXConceptoInt">
    <xs:sequence>
      <xs:element minOccurs="0" name="FV_TRBACON_RoundingAmount_TributoAgrupadoXConcepto" type="xs:decimal"/>
      <xs:element minOccurs="0" name="FV_TRBACON_TaxAmount_TributoAgrupadoXConcepto" type="xs:decimal"/>
      <xs:element minOccurs="0" name="FV_TRBACON_Withholding_TributoAgrupado" type="xs:boolean"/>
      <xs:element minOccurs="0" name="FV_TRB_Id_Tributos" type="xs:int"/>
      <xs:element minOccurs="0" name="IdConcepto" type="xs:int"/>
    </xs:sequence>
  </xs:complexType>
  <xs:element name="FV_TRBACON_TributoAgrupadoXConceptoInt" nillable="true" type="tns:FV_TRBACON_TributoAgrupadoXConceptoInt"/>
  <xs:complexType name="ArrayOfFV_TRBDCON_TributoDetalleXConceptoInt">
    <xs:sequence>
      <xs:element minOccurs="0" maxOccurs="unbounded" name="FV_TRBDCON_TributoDetalleXConceptoInt" nillable="true" type="tns:FV_TRBDCON_TributoDetalleXConceptoInt"/>
    </xs:sequence>
  </xs:complexType>
  <xs:element name="ArrayOfFV_TRBDCON_TributoDetalleXConceptoInt" nillable="true" type="tns:ArrayOfFV_TRBDCON_TributoDetalleXConceptoInt"/>
  <xs:complexType name="FV_TRBDCON_TributoDetalleXConceptoInt">
    <xs:sequence>
      <xs:element minOccurs="0" name="FV_TRBDCON_PerUnitAmount_TributoDetalleXConcepto" type="xs:decimal"/>
      <xs:element minOccurs="0" name="FV_TRBDCON_TaxAmount_TributoDetalleXConcepto" type="xs:decimal"/>
      <xs:element minOccurs="0" name="FV_TRBDCON_TaxableAmount_TributoDetalleXConcepto" type="xs:decimal"/>
      <xs:element minOccurs="0" name="FV_TRBDCON_Withholding_TributoDetalleXConcepto" type="xs:boolean"/>
      <xs:element minOccurs="0" name="FV_TRB_Id_Tributos" type="xs:int"/>
      <xs:element minOccurs="0" name="FV_TXT_Id_TarifaXTributo" type="xs:int"/>
      <xs:element minOccurs="0" name="FV_TXT_Tarifa_TarifaXTributo" type="xs:decimal"/>
      <xs:element minOccurs="0" name="FV_UNN_Codigo_DIAN" nillable="true" type="xs:string"/>
      <xs:element minOccurs="0" name="IdConcepto" type="xs:int"/>
    </xs:sequence>
  </xs:complexType>
  <xs:element name="FV_TRBDCON_TributoDetalleXConceptoInt" nillable="true" type="tns:FV_TRBDCON_TributoDetalleXConceptoInt"/>
  <xs:complexType name="ArrayOfFV_TRBA_TributoAgrupadoInt">
    <xs:sequence>
      <xs:element minOccurs="0" maxOccurs="unbounded" name="FV_TRBA_TributoAgrupadoInt" nillable="true" type="tns:FV_TRBA_TributoAgrupadoInt"/>
    </xs:sequence>
  </xs:complexType>
  <xs:element name="ArrayOfFV_TRBA_TributoAgrupadoInt" nillable="true" type="tns:ArrayOfFV_TRBA_TributoAgrupadoInt"/>
  <xs:complexType name="FV_TRBA_TributoAgrupadoInt">
    <xs:sequence>
      <xs:element minOccurs="0" name="FV_TRBA_RoundingAmount_TributoAgrupado" type="xs:decimal"/>
      <xs:element minOccurs="0" name="FV_TRBA_TaxAmount_TributoAgrupado" type="xs:decimal"/>
      <xs:element minOccurs="0" name="FV_TRBA_Withholding_TributoAgrupado" type="xs:boolean"/>
      <xs:element minOccurs="0" name="FV_TRB_Id_Tributos" type="xs:int"/>
    </xs:sequence>
  </xs:complexType>
  <xs:element name="FV_TRBA_TributoAgrupadoInt" nillable="true" type="tns:FV_TRBA_TributoAgrupadoInt"/>
  <xs:complexType name="ArrayOfFV_TRBD_TributoDetalleInt">
    <xs:sequence>
      <xs:element minOccurs="0" maxOccurs="unbounded" name="FV_TRBD_TributoDetalleInt" nillable="true" type="tns:FV_TRBD_TributoDetalleInt"/>
    </xs:sequence>
  </xs:complexType>
  <xs:element name="ArrayOfFV_TRBD_TributoDetalleInt" nillable="true" type="tns:ArrayOfFV_TRBD_TributoDetalleInt"/>
  <xs:complexType name="FV_TRBD_TributoDetalleInt">
    <xs:sequence>
      <xs:element minOccurs="0" name="FV_TRBD_PerUnitAmount_TributoDetalle" type="xs:decimal"/>
      <xs:element minOccurs="0" name="FV_TRBD_TaxAmount_TributoDetalle" type="xs:decimal"/>
      <xs:element minOccurs="0" name="FV_TRBD_TaxableAmount_TributoDetalle" type="xs:decimal"/>
      <xs:element minOccurs="0" name="FV_TRBD_Withholding_TributoDetalle" type="xs:boolean"/>
      <xs:element minOccurs="0" name="FV_TRB_Id_Tributos" type="xs:int"/>
      <xs:element minOccurs="0" name="FV_TXT_Id_TarifaXTributo" type="xs:int"/>
      <xs:element minOccurs="0" name="FV_TXT_Tarifa_TarifaXTributo" type="xs:decimal"/>
      <xs:element minOccurs="0" name="FV_UNN_Codigo_DIAN" nillable="true" type="xs:string"/>
    </xs:sequence>
  </xs:complexType>
  <xs:element name="FV_TRBD_TributoDetalleInt" nillable="true" type="tns:FV_TRBD_TributoDetalleInt"/>
  <xs:complexType name="ArrayOfFV_AXD_AnticiposXDocumentoInt">
    <xs:sequence>
      <xs:element minOccurs="0" maxOccurs="unbounded" name="FV_AXD_AnticiposXDocumentoInt" nillable="true" type="tns:FV_AXD_AnticiposXDocumentoInt"/>
    </xs:sequence>
  </xs:complexType>
  <xs:element name="ArrayOfFV_AXD_AnticiposXDocumentoInt" nillable="true" type="tns:ArrayOfFV_AXD_AnticiposXDocumentoInt"/>
  <xs:complexType name="FV_AXD_AnticiposXDocumentoInt">
    <xs:sequence>
      <xs:element minOccurs="0" name="Codigo_Moneda" nillable="true" type="xs:string"/>
      <xs:element minOccurs="0" name="FV_AXD_IdXDoc_AnticiposXDocumento" nillable="true" type="xs:string"/>
      <xs:element minOccurs="0" name="FV_AXD_InstructionID" nillable="true" type="xs:string"/>
      <xs:element minOccurs="0" name="FV_AXD_PaidAmount" type="xs:decimal"/>
      <xs:element minOccurs="0" name="FV_AXD_PaidDate" type="xs:dateTime"/>
      <xs:element minOccurs="0" name="FV_AXD_PaidTime" nillable="true" type="xs:string"/>
      <xs:element minOccurs="0" name="FV_AXD_ReceivedDate" type="xs:dateTime"/>
      <xs:element minOccurs="0" name="IdAnticipo" type="xs:int"/>
    </xs:sequence>
  </xs:complexType>
  <xs:element name="FV_AXD_AnticiposXDocumentoInt" nillable="true" type="tns:FV_AXD_AnticiposXDocumentoInt"/>
  <xs:simpleType name="FV_Utilidades.FV_EndPointDian">
    <xs:restriction base="xs:string">
      <xs:enumeration value="Produccion">
        <xs:annotation>
          <xs:appinfo>
            <EnumerationValue xmlns="http://schemas.microsoft.com/2003/10/Serialization/">1</EnumerationValue>
          </xs:appinfo>
        </xs:annotation>
      </xs:enumeration>
      <xs:enumeration value="Habilitacion">
        <xs:annotation>
          <xs:appinfo>
            <EnumerationValue xmlns="http://schemas.microsoft.com/2003/10/Serialization/">2</EnumerationValue>
          </xs:appinfo>
        </xs:annotation>
      </xs:enumeration>
      <xs:enumeration value="Radian">
        <xs:annotation>
          <xs:appinfo>
            <EnumerationValue xmlns="http://schemas.microsoft.com/2003/10/Serialization/">3</EnumerationValue>
          </xs:appinfo>
        </xs:annotation>
      </xs:enumeration>
      <xs:enumeration value="Nomina">
        <xs:annotation>
          <xs:appinfo>
            <EnumerationValue xmlns="http://schemas.microsoft.com/2003/10/Serialization/">4</EnumerationValue>
          </xs:appinfo>
        </xs:annotation>
      </xs:enumeration>
    </xs:restriction>
  </xs:simpleType>
  <xs:element name="FV_Utilidades.FV_EndPointDian" nillable="true" type="tns:FV_Utilidades.FV_EndPointDian"/>
  <xs:complexType name="FV_RegistroSolicitudEmision">
    <xs:sequence>
      <xs:element minOccurs="0" name="ArchivoZip" nillable="true" type="xs:base64Binary"/>
      <xs:element minOccurs="0" name="EsValido" type="xs:boolean"/>
      <xs:element minOccurs="0" name="FechaRegistro" type="xs:dateTime"/>
      <xs:element minOccurs="0" name="ID_Empresa" type="xs:int"/>
      <xs:element minOccurs="0" name="NombreArchivoZip" nillable="true" type="xs:string"/>
      <xs:element minOccurs="0" name="RSE_EndPointEnviadoDian" type="xs:short"/>
      <xs:element minOccurs="0" name="RSE_idSolicitudEmision" type="xs:int"/>
      <xs:element minOccurs="0" name="TipoSolicitudEmision" type="xs:int"/>
      <xs:element minOccurs="0" name="TrackId" nillable="true" type="xs:string"/>
      <xs:element minOccurs="0" name="XmlRespuestaDian" nillable="true" type="xs:string"/>
    </xs:sequence>
  </xs:complexType>
  <xs:element name="FV_RegistroSolicitudEmision" nillable="true" type="tns:FV_RegistroSolicitudEmision"/>
  <xs:complexType name="ArrayOfFV_Documentos">
    <xs:sequence>
      <xs:element minOccurs="0" maxOccurs="unbounded" name="FV_Documentos" nillable="true" type="tns:FV_Documentos"/>
    </xs:sequence>
  </xs:complexType>
  <xs:element name="ArrayOfFV_Documentos" nillable="true" type="tns:ArrayOfFV_Documentos"/>
  <xs:complexType name="FV_Documentos">
    <xs:sequence>
      <xs:element minOccurs="0" name="CodigoEstado" nillable="true" type="xs:string"/>
      <xs:element minOccurs="0" name="EsValido" type="xs:boolean"/>
      <xs:element minOccurs="0" name="EstadoRespuestaDian" type="xs:int"/>
      <xs:element minOccurs="0" name="IdDocumento" type="xs:int"/>
      <xs:element minOccurs="0" name="MensajeError" nillable="true" type="xs:string"/>
      <xs:element minOccurs="0" name="NombreDocumento" nillable="true" type="xs:string"/>
      <xs:element minOccurs="0" name="TrackId" nillable="true" type="xs:string"/>
      <xs:element minOccurs="0" name="Xml" nillable="true" type="xs:base64Binary"/>
      <xs:element minOccurs="0" name="XmlResponse" nillable="true" type="xs:string"/>
    </xs:sequence>
  </xs:complexType>
  <xs:element name="FV_Documentos" nillable="true" type="tns:FV_Documentos"/>
  <xs:complexType name="FV_EstadoDocumentoDIANV2">
    <xs:sequence>
      <xs:element minOccurs="0" name="Ambiente" nillable="true" type="xs:string"/>
      <xs:element minOccurs="0" name="App_Response" nillable="true" type="xs:string"/>
      <xs:element minOccurs="0" name="CUFE_CUNE" nillable="true" type="xs:string"/>
      <xs:element minOccurs="0" name="EnvioAsync" type="xs:boolean"/>
      <xs:element minOccurs="0" name="EsValido" type="xs:boolean"/>
      <xs:element minOccurs="0" name="EstadoDIAN" nillable="true" type="xs:string"/>
      <xs:element minOccurs="0" name="EstadoEnvioV2" nillable="true" type="xs:string"/>
      <xs:element minOccurs="0" name="Existe_PDF" type="xs:boolean"/>
      <xs:element minOccurs="0" name="FechaCargaDoc" type="xs:dateTime"/>
      <xs:element minOccurs="0" name="Modelo" nillable="true" type="xs:string"/>
      <xs:element minOccurs="0" name="NumDoc" type="xs:long"/>
      <xs:element minOccurs="0" name="Prefijo" nillable="true" type="xs:string"/>
      <xs:element minOccurs="0" name="Reglas_Fallidas" nillable="true" type="tns:ArrayOfFV_LRV_Log_Error_Doc_Emitido"/>
      <xs:element minOccurs="0" name="ValidacionPrevia" type="xs:boolean"/>
      <xs:element minOccurs="0" name="XML_DIAN" nillable="true" type="xs:string"/>
      <xs:element minOccurs="0" name="codigoError" nillable="true" type="xs:string"/>
    </xs:sequence>
  </xs:complexType>
  <xs:element name="FV_EstadoDocumentoDIANV2" nillable="true" type="tns:FV_EstadoDocumentoDIANV2"/>
  <xs:complexType name="ArrayOfFV_LRV_Log_Error_Doc_Emitido">
    <xs:sequence>
      <xs:element minOccurs="0" maxOccurs="unbounded" name="FV_LRV_Log_Error_Doc_Emitido" nillable="true" type="tns:FV_LRV_Log_Error_Doc_Emitido"/>
    </xs:sequence>
  </xs:complexType>
  <xs:element name="ArrayOfFV_LRV_Log_Error_Doc_Emitido" nillable="true" type="tns:ArrayOfFV_LRV_Log_Error_Doc_Emitido"/>
  <xs:complexType name="FV_LRV_Log_Error_Doc_Emitido">
    <xs:sequence>
      <xs:element minOccurs="0" name="CFD_cfd_informacion" nillable="true" type="tns:CFD_cfd_informacion"/>
      <xs:element minOccurs="0" name="CFD_id_cfd" nillable="true" type="xs:int"/>
      <xs:element minOccurs="0" name="EMP_Empresa" nillable="true" type="tns:EMP_Empresa"/>
      <xs:element minOccurs="0" name="EMP_id_Empresa" type="xs:int"/>
      <xs:element minOccurs="0" name="FV_AED_Accion_ErrorDoc_Emitido" nillable="true" type="tns:ArrayOfFV_AED_Accion_ErrorDoc_Emitido"/>
      <xs:element minOccurs="0" name="FV_DLF_DetalleLogReglasFallidas" nillable="true" type="tns:ArrayOfFV_DLF_DetalleLogReglasFallidas"/>
      <xs:element minOccurs="0" name="FV_PVF_Punto_Validacion_Facturacion" nillable="true" type="tns:FV_PVF_Punto_Validacion_Facturacion"/>
      <xs:element minOccurs="0" name="LRV_CFD_numero_cfd" nillable="true" type="xs:decimal"/>
      <xs:element minOccurs="0" name="LRV_CFD_prefijo" nillable="true" type="xs:string"/>
      <xs:element minOccurs="0" name="LRV_fechaProceso" type="xs:dateTime"/>
      <xs:element minOccurs="0" name="LRV_id_LogErrorDocEmitido" type="xs:int"/>
      <xs:element minOccurs="0" name="LRV_mensajeError" nillable="true" type="xs:string"/>
      <xs:element minOccurs="0" name="PVF_id_puntoValidacionFacturacion" type="xs:int"/>
      <xs:element minOccurs="0" name="TCO_TipoComprobante" nillable="true" type="tns:TCO_TipoComprobante"/>
      <xs:element minOccurs="0" name="TCO_id_tipo_comprobante" type="xs:int"/>
    </xs:sequence>
  </xs:complexType>
  <xs:element name="FV_LRV_Log_Error_Doc_Emitido" nillable="true" type="tns:FV_LRV_Log_Error_Doc_Emitido"/>
  <xs:complexType name="CFD_cfd_informacion">
    <xs:sequence>
      <xs:element minOccurs="0" name="AES_Archivos_Emision_SFTPs" nillable="true" type="tns:ArrayOfAES_Archivos_Emision_SFTP"/>
      <xs:element minOccurs="0" name="ANE_AnexosXFacturas" nillable="true" type="tns:ArrayOfANE_AnexosXFactura"/>
      <xs:element minOccurs="0" name="ARS_Archivos_Recepcion_SFTPs" nillable="true" type="tns:ArrayOfARS_Archivos_Recepcion_SFTP"/>
      <xs:element minOccurs="0" name="BAN_BandejasUsuarios" nillable="true" type="tns:ArrayOfBAN_BandejasUsuarios"/>
      <xs:element minOccurs="0" name="CFD_Aceptado_Cliente_DIAN" nillable="true" type="xs:boolean"/>
      <xs:element minOccurs="0" name="CFD_AdditionalDocumentReference" nillable="true" type="xs:string"/>
      <xs:element minOccurs="0" name="CFD_Base_Impuesto" nillable="true" type="xs:decimal"/>
      <xs:element minOccurs="0" name="CFD_CLI_id_cliente" type="xs:int"/>
      <xs:element minOccurs="0" name="CFD_Con_Validacion_Previa" nillable="true" type="xs:boolean"/>
      <xs:element minOccurs="0" name="CFD_Des_Estado_DIAN" nillable="true" type="xs:string"/>
      <xs:element minOccurs="0" name="CFD_ESC_estado_comprob" nillable="true" type="xs:int"/>
      <xs:element minOccurs="0" name="CFD_EST_estado_tramit" type="xs:int"/>
      <xs:element minOccurs="0" name="CFD_Emp_id_empresa" type="xs:int"/>
      <xs:element minOccurs="0" name="CFD_EndPointEnviadoDian" nillable="true" type="xs:short"/>
      <xs:element minOccurs="0" name="CFD_Envio_Asyncronico" nillable="true" type="xs:boolean"/>
      <xs:element minOccurs="0" name="CFD_Fecha_Enviado_DIAN" nillable="true" type="xs:dateTime"/>
      <xs:element minOccurs="0" name="CFD_Fecha_Respuesta_DIAN" nillable="true" type="xs:dateTime"/>
      <xs:element minOccurs="0" name="CFD_FeedBack_ERP" nillable="true" type="xs:boolean"/>
      <xs:element minOccurs="0" name="CFD_Flete" nillable="true" type="xs:decimal"/>
      <xs:element minOccurs="0" name="CFD_Folio_Fin_Res" nillable="true" type="xs:string"/>
      <xs:element minOccurs="0" name="CFD_Folio_Ini_Res" nillable="true" type="xs:string"/>
      <xs:element minOccurs="0" name="CFD_IVA_seg_mon" nillable="true" type="xs:decimal"/>
      <xs:element minOccurs="0" name="CFD_LineCountNumeric" nillable="true" type="xs:decimal"/>
      <xs:element minOccurs="0" name="CFD_LineExtensionAmount" nillable="true" type="xs:decimal"/>
      <xs:element minOccurs="0" name="CFD_Lugar_Entrega" nillable="true" type="xs:string"/>
      <xs:element minOccurs="0" name="CFD_Modelo_Facturacion" nillable="true" type="xs:string"/>
      <xs:element minOccurs="0" name="CFD_OtrosCargos" nillable="true" type="xs:decimal"/>
      <xs:element minOccurs="0" name="CFD_Por_Margen" nillable="true" type="xs:decimal"/>
      <xs:element minOccurs="0" name="CFD_ProfileExecutionID" nillable="true" type="xs:string"/>
      <xs:element minOccurs="0" name="CFD_REC_Fecha_Probable_Pago" nillable="true" type="xs:dateTime"/>
      <xs:element minOccurs="0" name="CFD_ResponseCode" nillable="true" type="xs:string"/>
      <xs:element minOccurs="0" name="CFD_Ruta_PDF" nillable="true" type="xs:string"/>
      <xs:element minOccurs="0" name="CFD_TaxExclusiveAmount" nillable="true" type="xs:decimal"/>
      <xs:element minOccurs="0" name="CFD_TaxInclusiveAmount" nillable="true" type="xs:decimal"/>
      <xs:element minOccurs="0" name="CFD_TaxPointDate" nillable="true" type="xs:dateTime"/>
      <xs:element minOccurs="0" name="CFD_Total_Cree" nillable="true" type="xs:decimal"/>
      <xs:element minOccurs="0" name="CFD_Total_IC" nillable="true" type="xs:decimal"/>
      <xs:element minOccurs="0" name="CFD_Total_RetCree" nillable="true" type="xs:decimal"/>
      <xs:element minOccurs="0" name="CFD_Transaccion_VIP" nillable="true" type="xs:boolean"/>
      <xs:element minOccurs="0" name="CFD_ano_aprobacion" type="xs:int"/>
      <xs:element minOccurs="0" name="CFD_autoretenedor" nillable="true" type="xs:boolean"/>
      <xs:element minOccurs="0" name="CFD_barcode_banco4" nillable="true" type="xs:string"/>
      <xs:element minOccurs="0" name="CFD_base_ICA_total" nillable="true" type="xs:decimal"/>
      <xs:element minOccurs="0" name="CFD_base_impo_total_nal" nillable="true" type="xs:decimal"/>
      <xs:element minOccurs="0" name="CFD_base_impo_total_reg" nillable="true" type="xs:decimal"/>
      <xs:element minOccurs="0" name="CFD_cadena_original" nillable="true" type="xs:string"/>
      <xs:element minOccurs="0" name="CFD_campo_texto_1" nillable="true" type="xs:string"/>
      <xs:element minOccurs="0" name="CFD_campo_texto_10" nillable="true" type="xs:string"/>
      <xs:element minOccurs="0" name="CFD_campo_texto_11" nillable="true" type="xs:string"/>
      <xs:element minOccurs="0" name="CFD_campo_texto_12" nillable="true" type="xs:string"/>
      <xs:element minOccurs="0" name="CFD_campo_texto_13" nillable="true" type="xs:string"/>
      <xs:element minOccurs="0" name="CFD_campo_texto_14" nillable="true" type="xs:string"/>
      <xs:element minOccurs="0" name="CFD_campo_texto_15" nillable="true" type="xs:string"/>
      <xs:element minOccurs="0" name="CFD_campo_texto_16" nillable="true" type="xs:string"/>
      <xs:element minOccurs="0" name="CFD_campo_texto_17" nillable="true" type="xs:string"/>
      <xs:element minOccurs="0" name="CFD_campo_texto_18" nillable="true" type="xs:string"/>
      <xs:element minOccurs="0" name="CFD_campo_texto_19" nillable="true" type="xs:string"/>
      <xs:element minOccurs="0" name="CFD_campo_texto_2" nillable="true" type="xs:string"/>
      <xs:element minOccurs="0" name="CFD_campo_texto_20" nillable="true" type="xs:string"/>
      <xs:element minOccurs="0" name="CFD_campo_texto_21" nillable="true" type="xs:string"/>
      <xs:element minOccurs="0" name="CFD_campo_texto_22" nillable="true" type="xs:string"/>
      <xs:element minOccurs="0" name="CFD_campo_texto_23" nillable="true" type="xs:string"/>
      <xs:element minOccurs="0" name="CFD_campo_texto_24" nillable="true" type="xs:string"/>
      <xs:element minOccurs="0" name="CFD_campo_texto_25" nillable="true" type="xs:string"/>
      <xs:element minOccurs="0" name="CFD_campo_texto_26" nillable="true" type="xs:string"/>
      <xs:element minOccurs="0" name="CFD_campo_texto_27" nillable="true" type="xs:string"/>
      <xs:element minOccurs="0" name="CFD_campo_texto_28" nillable="true" type="xs:string"/>
      <xs:element minOccurs="0" name="CFD_campo_texto_29" nillable="true" type="xs:string"/>
      <xs:element minOccurs="0" name="CFD_campo_texto_3" nillable="true" type="xs:string"/>
      <xs:element minOccurs="0" name="CFD_campo_texto_30" nillable="true" type="xs:string"/>
      <xs:element minOccurs="0" name="CFD_campo_texto_4" nillable="true" type="xs:string"/>
      <xs:element minOccurs="0" name="CFD_campo_texto_5" nillable="true" type="xs:string"/>
      <xs:element minOccurs="0" name="CFD_campo_texto_6" nillable="true" type="xs:string"/>
      <xs:element minOccurs="0" name="CFD_campo_texto_7" nillable="true" type="xs:string"/>
      <xs:element minOccurs="0" name="CFD_campo_texto_8" nillable="true" type="xs:string"/>
      <xs:element minOccurs="0" name="CFD_campo_texto_9" nillable="true" type="xs:string"/>
      <xs:element minOccurs="0" name="CFD_cantidad_1" nillable="true" type="xs:decimal"/>
      <xs:element minOccurs="0" name="CFD_cantidad_2" nillable="true" type="xs:decimal"/>
      <xs:element minOccurs="0" name="CFD_cantidad_3" nillable="true" type="xs:decimal"/>
      <xs:element minOccurs="0" name="CFD_cantidad_dec_1" nillable="true" type="xs:decimal"/>
      <xs:element minOccurs="0" name="CFD_cantidad_dec_10" nillable="true" type="xs:decimal"/>
      <xs:element minOccurs="0" name="CFD_cantidad_dec_11" nillable="true" type="xs:decimal"/>
      <xs:element minOccurs="0" name="CFD_cantidad_dec_12" nillable="true" type="xs:decimal"/>
      <xs:element minOccurs="0" name="CFD_cantidad_dec_13" nillable="true" type="xs:decimal"/>
      <xs:element minOccurs="0" name="CFD_cantidad_dec_14" nillable="true" type="xs:decimal"/>
      <xs:element minOccurs="0" name="CFD_cantidad_dec_15" nillable="true" type="xs:decimal"/>
      <xs:element minOccurs="0" name="CFD_cantidad_dec_16" nillable="true" type="xs:decimal"/>
      <xs:element minOccurs="0" name="CFD_cantidad_dec_17" nillable="true" type="xs:decimal"/>
      <xs:element minOccurs="0" name="CFD_cantidad_dec_18" nillable="true" type="xs:decimal"/>
      <xs:element minOccurs="0" name="CFD_cantidad_dec_19" nillable="true" type="xs:decimal"/>
      <xs:element minOccurs="0" name="CFD_cantidad_dec_2" nillable="true" type="xs:decimal"/>
      <xs:element minOccurs="0" name="CFD_cantidad_dec_20" nillable="true" type="xs:decimal"/>
      <xs:element minOccurs="0" name="CFD_cantidad_dec_21" nillable="true" type="xs:decimal"/>
      <xs:element minOccurs="0" name="CFD_cantidad_dec_22" nillable="true" type="xs:decimal"/>
      <xs:element minOccurs="0" name="CFD_cantidad_dec_23" nillable="true" type="xs:decimal"/>
      <xs:element minOccurs="0" name="CFD_cantidad_dec_24" nillable="true" type="xs:decimal"/>
      <xs:element minOccurs="0" name="CFD_cantidad_dec_25" nillable="true" type="xs:decimal"/>
      <xs:element minOccurs="0" name="CFD_cantidad_dec_26" nillable="true" type="xs:decimal"/>
      <xs:element minOccurs="0" name="CFD_cantidad_dec_27" nillable="true" type="xs:decimal"/>
      <xs:element minOccurs="0" name="CFD_cantidad_dec_28" nillable="true" type="xs:decimal"/>
      <xs:element minOccurs="0" name="CFD_cantidad_dec_29" nillable="true" type="xs:decimal"/>
      <xs:element minOccurs="0" name="CFD_cantidad_dec_3" nillable="true" type="xs:decimal"/>
      <xs:element minOccurs="0" name="CFD_cantidad_dec_30" nillable="true" type="xs:decimal"/>
      <xs:element minOccurs="0" name="CFD_cantidad_dec_4" nillable="true" type="xs:decimal"/>
      <xs:element minOccurs="0" name="CFD_cantidad_dec_5" nillable="true" type="xs:decimal"/>
      <xs:element minOccurs="0" name="CFD_cantidad_dec_6" nillable="true" type="xs:decimal"/>
      <xs:element minOccurs="0" name="CFD_cantidad_dec_7" nillable="true" type="xs:decimal"/>
      <xs:element minOccurs="0" name="CFD_cantidad_dec_8" nillable="true" type="xs:decimal"/>
      <xs:element minOccurs="0" name="CFD_cantidad_dec_9" nillable="true" type="xs:decimal"/>
      <xs:element minOccurs="0" name="CFD_certificado" nillable="true" type="xs:string"/>
      <xs:element minOccurs="0" name="CFD_comprobante_con" nillable="true" type="xs:string"/>
      <xs:element minOccurs="0" name="CFD_comprobante_doc" nillable="true" type="xs:string"/>
      <xs:element minOccurs="0" name="CFD_condiciones_pago" nillable="true" type="xs:string"/>
      <xs:element minOccurs="0" name="CFD_control_logo" nillable="true" type="xs:string"/>
      <xs:element minOccurs="0" name="CFD_deducible" nillable="true" type="xs:decimal"/>
      <xs:element minOccurs="0" name="CFD_desconexion_servicio" nillable="true" type="xs:boolean"/>
      <xs:element minOccurs="0" name="CFD_descuento" nillable="true" type="xs:decimal"/>
      <xs:element minOccurs="0" name="CFD_estilo_factura" nillable="true" type="xs:decimal"/>
      <xs:element minOccurs="0" name="CFD_fecha_contabiliza" nillable="true" type="xs:dateTime"/>
      <xs:element minOccurs="0" name="CFD_fecha_desconexion" nillable="true" type="xs:dateTime"/>
      <xs:element minOccurs="0" name="CFD_fecha_fin_rec" nillable="true" type="xs:dateTime"/>
      <xs:element minOccurs="0" name="CFD_fecha_hora_expedicion" type="xs:dateTime"/>
      <xs:element minOccurs="0" name="CFD_fecha_hora_generacion" type="xs:dateTime"/>
      <xs:element minOccurs="0" name="CFD_fecha_ini_rec" nillable="true" type="xs:dateTime"/>
      <xs:element minOccurs="0" name="CFD_fecha_tasadeCambio" nillable="true" type="xs:dateTime"/>
      <xs:element minOccurs="0" name="CFD_fecha_vencimiento" nillable="true" type="xs:dateTime"/>
      <xs:element minOccurs="0" name="CFD_folio" type="xs:decimal"/>
      <xs:element minOccurs="0" name="CFD_forma_pago" nillable="true" type="xs:string"/>
      <xs:element minOccurs="0" name="CFD_id_cfd" type="xs:int"/>
      <xs:element minOccurs="0" name="CFD_inf_origen_despacho" nillable="true" type="xs:string"/>
      <xs:element minOccurs="0" name="CFD_inf_relacionada_industria" nillable="true" type="xs:string"/>
      <xs:element minOccurs="0" name="CFD_motivo_de_descuento" nillable="true" type="xs:string"/>
      <xs:element minOccurs="0" name="CFD_notificacion_SMS" nillable="true" type="xs:boolean"/>
      <xs:element minOccurs="0" name="CFD_numero_aprobacion" type="xs:decimal"/>
      <xs:element minOccurs="0" name="CFD_numero_certificado" nillable="true" type="xs:string"/>
      <xs:element minOccurs="0" name="CFD_numero_cfd" type="xs:decimal"/>
      <xs:element minOccurs="0" name="CFD_numero_enlace_doc_ref" nillable="true" type="xs:string"/>
      <xs:element minOccurs="0" name="CFD_numero_envio" nillable="true" type="xs:string"/>
      <xs:element minOccurs="0" name="CFD_orden_venta" nillable="true" type="xs:string"/>
      <xs:element minOccurs="0" name="CFD_pago_anterior" nillable="true" type="xs:decimal"/>
      <xs:element minOccurs="0" name="CFD_per_fact_final" nillable="true" type="xs:dateTime"/>
      <xs:element minOccurs="0" name="CFD_per_fact_inicial" nillable="true" type="xs:dateTime"/>
      <xs:element minOccurs="0" name="CFD_porc_rte_ICA" nillable="true" type="xs:decimal"/>
      <xs:element minOccurs="0" name="CFD_porc_rte_IVA" nillable="true" type="xs:decimal"/>
      <xs:element minOccurs="0" name="CFD_porc_rte_fuent" nillable="true" type="xs:decimal"/>
      <xs:element minOccurs="0" name="CFD_prefijo" nillable="true" type="xs:string"/>
      <xs:element minOccurs="0" name="CFD_referencia1" nillable="true" type="xs:string"/>
      <xs:element minOccurs="0" name="CFD_rete_ica" nillable="true" type="xs:decimal"/>
      <xs:element minOccurs="0" name="CFD_rete_iva" nillable="true" type="xs:decimal"/>
      <xs:element minOccurs="0" name="CFD_saldo" nillable="true" type="xs:decimal"/>
      <xs:element minOccurs="0" name="CFD_saldo_anterior" nillable="true" type="xs:decimal"/>
      <xs:element minOccurs="0" name="CFD_sello" nillable="true" type="xs:string"/>
      <xs:element minOccurs="0" name="CFD_serie" nillable="true" type="xs:string"/>
      <xs:element minOccurs="0" name="CFD_sub_total" type="xs:decimal"/>
      <xs:element minOccurs="0" name="CFD_subtotal_seg_mon" nillable="true" type="xs:decimal"/>
      <xs:element minOccurs="0" name="CFD_sucursal" type="xs:int"/>
      <xs:element minOccurs="0" name="CFD_tasa_cambio" nillable="true" type="xs:decimal"/>
      <xs:element minOccurs="0" name="CFD_tasa_mora" nillable="true" type="xs:decimal"/>
      <xs:element minOccurs="0" name="CFD_tdi_id_tipo_doc_interno" nillable="true" type="xs:int"/>
      <xs:element minOccurs="0" name="CFD_text_3" nillable="true" type="xs:string"/>
      <xs:element minOccurs="0" name="CFD_total" type="xs:decimal"/>
      <xs:element minOccurs="0" name="CFD_total_ICA" nillable="true" type="xs:decimal"/>
      <xs:element minOccurs="0" name="CFD_total_a_pagar" nillable="true" type="xs:decimal"/>
      <xs:element minOccurs="0" name="CFD_total_aduana_exp" nillable="true" type="xs:decimal"/>
      <xs:element minOccurs="0" name="CFD_total_cargos" nillable="true" type="xs:decimal"/>
      <xs:element minOccurs="0" name="CFD_total_descuentos" nillable="true" type="xs:decimal"/>
      <xs:element minOccurs="0" name="CFD_total_iva" type="xs:decimal"/>
      <xs:element minOccurs="0" name="CFD_total_margen" nillable="true" type="xs:decimal"/>
      <xs:element minOccurs="0" name="CFD_total_retencion" type="xs:decimal"/>
      <xs:element minOccurs="0" name="CFD_total_seg_mon" nillable="true" type="xs:decimal"/>
      <xs:element minOccurs="0" name="CFD_total_seguro_exp" nillable="true" type="xs:decimal"/>
      <xs:element minOccurs="0" name="CFD_total_traslado" type="xs:decimal"/>
      <xs:element minOccurs="0" name="CFD_valor_hasta4" nillable="true" type="xs:decimal"/>
      <xs:element minOccurs="0" name="CFD_version" nillable="true" type="xs:string"/>
      <xs:element minOccurs="0" name="CLI_clientes" nillable="true" type="tns:CLI_clientes"/>
      <xs:element minOccurs="0" name="CON_concepto_cfd" nillable="true" type="tns:ArrayOfCON_concepto_cfd"/>
      <xs:element minOccurs="0" name="CXF_ConceptosRechazoXFactura" nillable="true" type="tns:ArrayOfCXF_ConceptosRechazoXFactura"/>
      <xs:element minOccurs="0" name="DEPD_DetalleErroresProcDians" nillable="true" type="tns:ArrayOfDEPD_DetalleErroresProcDian"/>
      <xs:element minOccurs="0" name="EDE_Evento_Documento_Electronico" nillable="true" type="tns:ArrayOfEDE_Evento_Documento_Electronico"/>
      <xs:element minOccurs="0" name="EEP_Evento_Envio_Posteriors" nillable="true" type="tns:ArrayOfEEP_Evento_Envio_Posterior"/>
      <xs:element minOccurs="0" name="EMP_Empresa" nillable="true" type="tns:EMP_Empresa"/>
      <xs:element minOccurs="0" name="ENG_EstadosNegociacion" nillable="true" type="tns:ENG_EstadosNegociacion"/>
      <xs:element minOccurs="0" name="ENG_id_estado" nillable="true" type="xs:int"/>
      <xs:element minOccurs="0" name="ESC_estado_V2" nillable="true" type="xs:int"/>
      <xs:element minOccurs="0" name="ESI_EstadosIntegracion" nillable="true" type="tns:ESI_EstadosIntegracion"/>
      <xs:element minOccurs="0" name="ESNCXF_EstadoNotificaCorreoXFacs" nillable="true" type="tns:ArrayOfESNCXF_EstadoNotificaCorreoXFac"/>
      <xs:element minOccurs="0" name="ESTGE_EstadosDeGestion" nillable="true" type="tns:ESTGE_EstadosDeGestion"/>
      <xs:element minOccurs="0" name="ESTNE_EstadosNotificaEventos" nillable="true" type="tns:ESTNE_EstadosNotificaEventos"/>
      <xs:element minOccurs="0" name="ETP_Estados_Tramite_Pagos" nillable="true" type="tns:ETP_Estados_Tramite_Pagos"/>
      <xs:element minOccurs="0" name="FAC_FactoryConfirmings" nillable="true" type="tns:ArrayOfFAC_FactoryConfirming"/>
      <xs:element minOccurs="0" name="FV_ACC_AllowanceChargeCab" nillable="true" type="tns:ArrayOfFV_ACC_AllowanceChargeCab"/>
      <xs:element minOccurs="0" name="FV_AXD_AnticiposXDocumento" nillable="true" type="tns:ArrayOfFV_AXD_AnticiposXDocumento"/>
      <xs:element minOccurs="0" name="FV_CCN_id_concepto_correcionnotas" nillable="true" type="xs:int"/>
      <xs:element minOccurs="0" name="FV_CDE_Id_Codigos_descuento" nillable="true" type="xs:int"/>
      <xs:element minOccurs="0" name="FV_ICD_IncidenteContingenciaDians" nillable="true" type="tns:ArrayOfFV_ICD_IncidenteContingenciaDian"/>
      <xs:element minOccurs="0" name="FV_LRV_Log_Error_Doc_Emitidos" nillable="true" type="tns:ArrayOfFV_LRV_Log_Error_Doc_Emitido"/>
      <xs:element minOccurs="0" name="FV_TDD_Id_TipoDocumentoDIAN" nillable="true" type="xs:int"/>
      <xs:element minOccurs="0" name="FV_TDD_TipoDocumentoDIAN" nillable="true" type="tns:FV_TDD_TipoDocumentoDIAN"/>
      <xs:element minOccurs="0" name="FV_TDO_Id_TipoOperacion" nillable="true" type="xs:int"/>
      <xs:element minOccurs="0" name="FV_TRBA_TributoAgrupado" nillable="true" type="tns:ArrayOfFV_TRBA_TributoAgrupado"/>
      <xs:element minOccurs="0" name="FV_TRBD_TributoDetalle" nillable="true" type="tns:ArrayOfFV_TRBD_TributoDetalle"/>
      <xs:element minOccurs="0" name="HEA_Historico_EstadosAceptacions" nillable="true" type="tns:ArrayOfHEA_Historico_EstadosAceptacion"/>
      <xs:element minOccurs="0" name="HEI_Historico_EstadosInteroperabilidads" nillable="true" type="tns:ArrayOfHEI_Historico_EstadosInteroperabilidad"/>
      <xs:element minOccurs="0" name="HRD_Historico_RespuestasXDocumentos" nillable="true" type="tns:ArrayOfHRD_Historico_RespuestasXDocumento"/>
      <xs:element minOccurs="0" name="IMP_impuestos" nillable="true" type="tns:ArrayOfIMP_impuestos"/>
      <xs:element minOccurs="0" name="ITR_Informacion_Tramite_Recepcions" nillable="true" type="tns:ArrayOfITR_Informacion_Tramite_Recepcion"/>
      <xs:element minOccurs="0" name="MON_Monedas" nillable="true" type="tns:MON_Monedas"/>
      <xs:element minOccurs="0" name="MPG_MetodoPago" nillable="true" type="tns:MPG_MetodoPago"/>
      <xs:element minOccurs="0" name="PFE_IPF_Informacion_Pequeno_Facturadors" nillable="true" type="tns:ArrayOfPFE_IPF_Informacion_Pequeno_Facturador"/>
      <xs:element minOccurs="0" name="PFE_IPF_Informacion_Pequeno_Facturadors1" nillable="true" type="tns:ArrayOfPFE_IPF_Informacion_Pequeno_Facturador"/>
      <xs:element minOccurs="0" name="POS_ProductosServicios" nillable="true" type="tns:POS_ProductosServicios"/>
      <xs:element minOccurs="0" name="PRE_PoliticasRecurrencia" nillable="true" type="tns:PRE_PoliticasRecurrencia"/>
      <xs:element minOccurs="0" name="PXF_pagos_x_facturas" nillable="true" type="tns:ArrayOfPXF_pagos_x_factura"/>
      <xs:element minOccurs="0" name="RTP_RegistroTransaccionesPagos" nillable="true" type="tns:ArrayOfRTP_RegistroTransaccionesPagos"/>
      <xs:element minOccurs="0" name="SPO_SuscripcionesPoliticasRecurrencia" nillable="true" type="tns:SPO_SuscripcionesPoliticasRecurrencia"/>
      <xs:element minOccurs="0" name="SUC_sucursales" nillable="true" type="tns:SUC_sucursales"/>
      <xs:element minOccurs="0" name="TCF_tramite_cfd" nillable="true" type="tns:ArrayOfTCF_tramite_cfd"/>
      <xs:element minOccurs="0" name="TCO_TipoComprobante" nillable="true" type="tns:TCO_TipoComprobante"/>
      <xs:element minOccurs="0" name="TFC_TipoFacturacion" nillable="true" type="tns:TFC_TipoFacturacion"/>
      <xs:element minOccurs="0" name="UBF_id_ubicacion_envio" nillable="true" type="xs:int"/>
      <xs:element minOccurs="0" name="UBF_ubicacion_fiscal" nillable="true" type="tns:UBF_ubicacion_fiscal"/>
      <xs:element minOccurs="0" name="VEN_Vendedores" nillable="true" type="tns:VEN_Vendedores"/>
      <xs:element minOccurs="0" name="VEN_id_vendedor" nillable="true" type="xs:int"/>
      <xs:element minOccurs="0" name="XML_xml_registros" nillable="true" type="tns:ArrayOfXML_xml_registro"/>
      <xs:element minOccurs="0" name="cfd_activa_nota1" nillable="true" type="xs:boolean"/>
      <xs:element minOccurs="0" name="cfd_barcode_banco1" nillable="true" type="xs:string"/>
      <xs:element minOccurs="0" name="cfd_barcode_banco2" nillable="true" type="xs:string"/>
      <xs:element minOccurs="0" name="cfd_barcode_banco3" nillable="true" type="xs:string"/>
      <xs:element minOccurs="0" name="cfd_correos" nillable="true" type="xs:string"/>
      <xs:element minOccurs="0" name="cfd_curso" nillable="true" type="xs:string"/>
      <xs:element minOccurs="0" name="cfd_fecha_not_vencimiento" nillable="true" type="xs:dateTime"/>
      <xs:element minOccurs="0" name="cfd_mes_causado" nillable="true" type="xs:string"/>
      <xs:element minOccurs="0" name="cfd_observaciones" nillable="true" type="xs:string"/>
      <xs:element minOccurs="0" name="cfd_pague_hasta1" nillable="true" type="xs:dateTime"/>
      <xs:element minOccurs="0" name="cfd_pague_hasta2" nillable="true" type="xs:dateTime"/>
      <xs:element minOccurs="0" name="cfd_pague_hasta3" nillable="true" type="xs:dateTime"/>
      <xs:element minOccurs="0" name="cfd_referencia" nillable="true" type="xs:string"/>
      <xs:element minOccurs="0" name="cfd_valor_hasta1" nillable="true" type="xs:decimal"/>
      <xs:element minOccurs="0" name="cfd_valor_hasta2" nillable="true" type="xs:decimal"/>
      <xs:element minOccurs="0" name="cfd_valor_hasta3" nillable="true" type="xs:decimal"/>
      <xs:element minOccurs="0" name="esi_id_estado_integra" type="xs:int"/>
      <xs:element minOccurs="0" name="estge_id" nillable="true" type="xs:int"/>
      <xs:element minOccurs="0" name="estne_id" nillable="true" type="xs:int"/>
      <xs:element minOccurs="0" name="etp_id_estado" nillable="true" type="xs:int"/>
      <xs:element minOccurs="0" name="id_PFD_PerfilDummy" nillable="true" type="xs:int"/>
      <xs:element minOccurs="0" name="mon_id_moneda" nillable="true" type="xs:int"/>
      <xs:element minOccurs="0" name="mpg_id_metodo_pago" type="xs:int"/>
      <xs:element minOccurs="0" name="pos_id_productos" nillable="true" type="xs:int"/>
      <xs:element minOccurs="0" name="pre_id_politica" nillable="true" type="xs:int"/>
      <xs:element minOccurs="0" name="spo_id_suscripcion" nillable="true" type="xs:int"/>
      <xs:element minOccurs="0" name="tco_id_tipo_comprobante" type="xs:int"/>
      <xs:element minOccurs="0" name="tfc_id_tipo_facturacion" type="xs:int"/>
    </xs:sequence>
  </xs:complexType>
  <xs:element name="CFD_cfd_informacion" nillable="true" type="tns:CFD_cfd_informacion"/>
  <xs:complexType name="ArrayOfAES_Archivos_Emision_SFTP">
    <xs:sequence>
      <xs:element minOccurs="0" maxOccurs="unbounded" name="AES_Archivos_Emision_SFTP" nillable="true" type="tns:AES_Archivos_Emision_SFTP"/>
    </xs:sequence>
  </xs:complexType>
  <xs:element name="ArrayOfAES_Archivos_Emision_SFTP" nillable="true" type="tns:ArrayOfAES_Archivos_Emision_SFTP"/>
  <xs:complexType name="AES_Archivos_Emision_SFTP">
    <xs:sequence>
      <xs:element minOccurs="0" name="AES_Codigoerror" nillable="true" type="xs:string"/>
      <xs:element minOccurs="0" name="AES_DetalleError" nillable="true" type="xs:string"/>
      <xs:element minOccurs="0" name="AES_Finalizo_Gestion" nillable="true" type="xs:boolean"/>
      <xs:element minOccurs="0" name="AES_TipoDocumento" nillable="true" type="xs:string"/>
      <xs:element minOccurs="0" name="AES_Track_ID" nillable="true" type="xs:string"/>
      <xs:element minOccurs="0" name="CFD_cfd_informacion" nillable="true" type="tns:CFD_cfd_informacion"/>
      <xs:element minOccurs="0" name="CFD_id_cfd" type="xs:int"/>
      <xs:element minOccurs="0" name="EMP_Empresa" nillable="true" type="tns:EMP_Empresa"/>
      <xs:element minOccurs="0" name="Emp_id_empresa" nillable="true" type="xs:int"/>
      <xs:element minOccurs="0" name="RSE_Registros_Solicitudes_Emision" nillable="true" type="tns:RSE_Registros_Solicitudes_Emision"/>
      <xs:element minOccurs="0" name="RSE_id_Registro_Emision" nillable="true" type="xs:int"/>
      <xs:element minOccurs="0" name="TIO_Tipo_Interoperabilidad" nillable="true" type="tns:TIO_Tipo_Interoperabilidad"/>
      <xs:element minOccurs="0" name="aes_adjuntos" type="xs:short"/>
      <xs:element minOccurs="0" name="aes_idDestinatario" nillable="true" type="xs:string"/>
      <xs:element minOccurs="0" name="aes_idEmisionDocumentos" type="xs:int"/>
      <xs:element minOccurs="0" name="aes_nombre_documento" nillable="true" type="xs:string"/>
      <xs:element minOccurs="0" name="aes_notaEntrega" nillable="true" type="xs:string"/>
      <xs:element minOccurs="0" name="aes_representGrafica" type="xs:short"/>
      <xs:element minOccurs="0" name="aes_sha256" nillable="true" type="xs:string"/>
      <xs:element minOccurs="0" name="tio_id_TipoInteroperabilidad" nillable="true" type="xs:int"/>
    </xs:sequence>
  </xs:complexType>
  <xs:element name="AES_Archivos_Emision_SFTP" nillable="true" type="tns:AES_Archivos_Emision_SFTP"/>
  <xs:complexType name="EMP_Empresa">
    <xs:sequence>
      <xs:element minOccurs="0" name="ACU_AcuerdoExpedAcepts" nillable="true" type="tns:ArrayOfACU_AcuerdoExpedAcept"/>
      <xs:element minOccurs="0" name="AES_Archivos_Emision_SFTPs" nillable="true" type="tns:ArrayOfAES_Archivos_Emision_SFTP"/>
      <xs:element minOccurs="0" name="ARS_Archivos_Recepcion_SFTPs" nillable="true" type="tns:ArrayOfARS_Archivos_Recepcion_SFTP"/>
      <xs:element minOccurs="0" name="CAT_CategoriasRecepcions" nillable="true" type="tns:ArrayOfCAT_CategoriasRecepcion"/>
      <xs:element minOccurs="0" name="CFD_cfd_informacion" nillable="true" type="tns:ArrayOfCFD_cfd_informacion"/>
      <xs:element minOccurs="0" name="CIIU_CodigoIndustrials" nillable="true" type="tns:ArrayOfCIIU_CodigoIndustrial"/>
      <xs:element minOccurs="0" name="CIT_CamposXIntegracionXTipoDocs" nillable="true" type="tns:ArrayOfCIT_CamposXIntegracionXTipoDoc"/>
      <xs:element minOccurs="0" name="CLI_clientes" nillable="true" type="tns:ArrayOfCLI_clientes"/>
      <xs:element minOccurs="0" name="CNE_Controles_Negocio_Empresas" nillable="true" type="tns:ArrayOfCNE_Controles_Negocio_Empresa"/>
      <xs:element minOccurs="0" name="CNT_contactos" nillable="true" type="tns:ArrayOfCNT_contactos"/>
      <xs:element minOccurs="0" name="CONRE_Conceptos_Recepcions" nillable="true" type="tns:ArrayOfCONRE_Conceptos_Recepcion"/>
      <xs:element minOccurs="0" name="CRE_ConceptosRechazos" nillable="true" type="tns:ArrayOfCRE_ConceptosRechazo"/>
      <xs:element minOccurs="0" name="CVE_Convenios_Financieros" nillable="true" type="tns:ArrayOfCVE_Convenios_Financieros"/>
      <xs:element minOccurs="0" name="CXF_ConceptosRechazoXFactura" nillable="true" type="tns:ArrayOfCXF_ConceptosRechazoXFactura"/>
      <xs:element minOccurs="0" name="D22_DIAN_2242s" nillable="true" type="tns:ArrayOfD22_DIAN_2242"/>
      <xs:element minOccurs="0" name="DEPD_DetalleErroresProcDians" nillable="true" type="tns:ArrayOfDEPD_DetalleErroresProcDian"/>
      <xs:element minOccurs="0" name="DIC_Diccionario_Campos" nillable="true" type="tns:ArrayOfDIC_Diccionario_Campo"/>
      <xs:element minOccurs="0" name="EAA_EnvioAutomaticoAlertas" nillable="true" type="tns:ArrayOfEAA_EnvioAutomaticoAlerta"/>
      <xs:element minOccurs="0" name="EDE_Evento_Documento_Electronico" nillable="true" type="tns:ArrayOfEDE_Evento_Documento_Electronico"/>
      <xs:element minOccurs="0" name="EDE_Evento_Documento_Electronico1" nillable="true" type="tns:ArrayOfEDE_Evento_Documento_Electronico"/>
      <xs:element minOccurs="0" name="EMP_URL_pagina" nillable="true" type="xs:string"/>
      <xs:element minOccurs="0" name="EMP_codigo_emp" nillable="true" type="xs:string"/>
      <xs:element minOccurs="0" name="EMP_correo_e" nillable="true" type="xs:string"/>
      <xs:element minOccurs="0" name="EMP_id_ubicacion" type="xs:int"/>
      <xs:element minOccurs="0" name="EMP_numero_PBX" nillable="true" type="xs:string"/>
      <xs:element minOccurs="0" name="EMP_numero_empresa" type="xs:decimal"/>
      <xs:element minOccurs="0" name="EMP_numero_fax" nillable="true" type="xs:string"/>
      <xs:element minOccurs="0" name="EMP_ruta_logo" nillable="true" type="xs:string"/>
      <xs:element minOccurs="0" name="EMP_token_WS" nillable="true" type="ser:guid"/>
      <xs:element minOccurs="0" name="EPY_EstadoProyecto" nillable="true" type="tns:EPY_EstadoProyecto"/>
      <xs:element minOccurs="0" name="ESNCXF_EstadoNotificaCorreoXFacs" nillable="true" type="tns:ArrayOfESNCXF_EstadoNotificaCorreoXFac"/>
      <xs:element minOccurs="0" name="Emp_RFC" nillable="true" type="xs:string"/>
      <xs:element minOccurs="0" name="Emp_id_empresa" type="xs:int"/>
      <xs:element minOccurs="0" name="Emp_nombre_empresa" nillable="true" type="xs:string"/>
      <xs:element minOccurs="0" name="Emp_sucursal" type="xs:decimal"/>
      <xs:element minOccurs="0" name="Emp_telefono" nillable="true" type="xs:string"/>
      <xs:element minOccurs="0" name="FAC_FactoryConfirmings" nillable="true" type="tns:ArrayOfFAC_FactoryConfirming"/>
      <xs:element minOccurs="0" name="FAC_FactoryConfirmings1" nillable="true" type="tns:ArrayOfFAC_FactoryConfirming"/>
      <xs:element minOccurs="0" name="FAC_FactoryConfirmings2" nillable="true" type="tns:ArrayOfFAC_FactoryConfirming"/>
      <xs:element minOccurs="0" name="FILTRG_FiltroGrillas" nillable="true" type="tns:ArrayOfFILTRG_FiltroGrilla"/>
      <xs:element minOccurs="0" name="FON_Fondeadores" nillable="true" type="tns:ArrayOfFON_Fondeadores"/>
      <xs:element minOccurs="0" name="FOO_Orden_Fondedores" nillable="true" type="tns:ArrayOfFOO_Orden_Fondedores"/>
      <xs:element minOccurs="0" name="FRD_Fechas_Radicacions" nillable="true" type="tns:ArrayOfFRD_Fechas_Radicacion"/>
      <xs:element minOccurs="0" name="FV_CON_Consecutivos" nillable="true" type="tns:ArrayOfFV_CON_Consecutivos"/>
      <xs:element minOccurs="0" name="FV_DUM_ValoresXDefs" nillable="true" type="tns:ArrayOfFV_DUM_ValoresXDef"/>
      <xs:element minOccurs="0" name="FV_ICD_IncidenteContingenciaDians" nillable="true" type="tns:ArrayOfFV_ICD_IncidenteContingenciaDian"/>
      <xs:element minOccurs="0" name="FV_LRV_Log_Error_Doc_Emitidos" nillable="true" type="tns:ArrayOfFV_LRV_Log_Error_Doc_Emitido"/>
      <xs:element minOccurs="0" name="FV_PCN_ParticipanteConsorcios" nillable="true" type="tns:ArrayOfFV_PCN_ParticipanteConsorcio"/>
      <xs:element minOccurs="0" name="FV_PFD_PerfilDummies" nillable="true" type="tns:ArrayOfFV_PFD_PerfilDummy"/>
      <xs:element minOccurs="0" name="FV_PTS_Id_PartyTaxScheme" nillable="true" type="xs:int"/>
      <xs:element minOccurs="0" name="FV_PTS_PartyTaxScheme" nillable="true" type="tns:FV_PTS_PartyTaxScheme"/>
      <xs:element minOccurs="0" name="FV_RFI_Id_Regimen_Fiscal" nillable="true" type="xs:int"/>
      <xs:element minOccurs="0" name="FV_RFI_Regimen_Fiscal" nillable="true" type="tns:FV_RFI_Regimen_Fiscal"/>
      <xs:element minOccurs="0" name="FV_RSE_Registro_Solicitudes_Emision" nillable="true" type="tns:ArrayOfFV_RSE_Registro_Solicitudes_Emision"/>
      <xs:element minOccurs="0" name="GRE_Grupos_Empresariales" nillable="true" type="tns:ArrayOfGRE_Grupos_Empresariale"/>
      <xs:element minOccurs="0" name="GRE_Grupos_Empresariales1" nillable="true" type="tns:ArrayOfGRE_Grupos_Empresariale"/>
      <xs:element minOccurs="0" name="HEI_Historico_EstadosInteroperabilidads" nillable="true" type="tns:ArrayOfHEI_Historico_EstadosInteroperabilidad"/>
      <xs:element minOccurs="0" name="IMP_impuestos" nillable="true" type="tns:ArrayOfIMP_impuestos"/>
      <xs:element minOccurs="0" name="INE_Integradores_Nomina_Electronicas" nillable="true" type="tns:ArrayOfINE_Integradores_Nomina_Electronica"/>
      <xs:element minOccurs="0" name="IXM_Impuesto_X_Municipios" nillable="true" type="tns:ArrayOfIXM_Impuesto_X_Municipio"/>
      <xs:element minOccurs="0" name="IXT_Impuesto_X_TipoContribuyentes" nillable="true" type="tns:ArrayOfIXT_Impuesto_X_TipoContribuyente"/>
      <xs:element minOccurs="0" name="LEV_Log_Eventos_Apps" nillable="true" type="tns:ArrayOfLEV_Log_Eventos_App"/>
      <xs:element minOccurs="0" name="LIE_registro_envios" nillable="true" type="tns:ArrayOfLIE_registro_envios"/>
      <xs:element minOccurs="0" name="MAN_Mandatos" nillable="true" type="tns:ArrayOfMAN_Mandatos"/>
      <xs:element minOccurs="0" name="ML_Configuracions" nillable="true" type="tns:ArrayOfML_Configuracion"/>
      <xs:element minOccurs="0" name="NCE_Numeros_Contingencia_Ecuadors" nillable="true" type="tns:ArrayOfNCE_Numeros_Contingencia_Ecuador"/>
      <xs:element minOccurs="0" name="NOM_ComprobantesEncolados" nillable="true" type="tns:ArrayOfNOM_ComprobantesEncolado"/>
      <xs:element minOccurs="0" name="NOM_ProcesamientoAsincrono" nillable="true" type="tns:ArrayOfNOM_ProcesamientoAsincrono"/>
      <xs:element minOccurs="0" name="ORD_Orden_Stages" nillable="true" type="tns:ArrayOfORD_Orden_Stages"/>
      <xs:element minOccurs="0" name="PAC_ParametrosEnvio" nillable="true" type="tns:ArrayOfPAC_ParametrosEnvio"/>
      <xs:element minOccurs="0" name="PARE_Parametros_AceptacionRechazo_Emis" nillable="true" type="tns:ArrayOfPARE_Parametros_AceptacionRechazo_Emi"/>
      <xs:element minOccurs="0" name="PCE_ParametrosClientesEBillTOGestorDocs" nillable="true" type="tns:ArrayOfPCE_ParametrosClientesEBillTOGestorDoc"/>
      <xs:element minOccurs="0" name="PCO_ParametrosContablesGenerales" nillable="true" type="tns:ArrayOfPCO_ParametrosContablesGenerale"/>
      <xs:element minOccurs="0" name="PDCE_Proc_Dian_Consolidado_Ciente_Errors" nillable="true" type="tns:ArrayOfPDCE_Proc_Dian_Consolidado_Ciente_Error"/>
      <xs:element minOccurs="0" name="PDCP_Proc_Dian_Consolidado_Ciente_Prefijos" nillable="true" type="tns:ArrayOfPDCP_Proc_Dian_Consolidado_Ciente_Prefijo"/>
      <xs:element minOccurs="0" name="PDL_Parametros_DirectorioLocals" nillable="true" type="tns:ArrayOfPDL_Parametros_DirectorioLocal"/>
      <xs:element minOccurs="0" name="PDO_PersonalizaDocumentos" nillable="true" type="tns:ArrayOfPDO_PersonalizaDocumento"/>
      <xs:element minOccurs="0" name="PFE_EPF_Empresa_PequenoFacturadors" nillable="true" type="tns:ArrayOfPFE_EPF_Empresa_PequenoFacturador"/>
      <xs:element minOccurs="0" name="PFI_ParametrosFiscales" nillable="true" type="tns:ArrayOfPFI_ParametrosFiscales"/>
      <xs:element minOccurs="0" name="PMO_Parametros_Modulos" nillable="true" type="tns:ArrayOfPMO_Parametros_Modulo"/>
      <xs:element minOccurs="0" name="POS_ProductosServicios" nillable="true" type="tns:ArrayOfPOS_ProductosServicios"/>
      <xs:element minOccurs="0" name="PRE_PoliticasRecurrencias" nillable="true" type="tns:ArrayOfPRE_PoliticasRecurrencia"/>
      <xs:element minOccurs="0" name="PRO_Proveedores" nillable="true" type="tns:ArrayOfPRO_Proveedores"/>
      <xs:element minOccurs="0" name="PRO_Proveedores1" nillable="true" type="tns:ArrayOfPRO_Proveedores"/>
      <xs:element minOccurs="0" name="PRV_Parametros_envios" nillable="true" type="tns:ArrayOfPRV_Parametros_envio"/>
      <xs:element minOccurs="0" name="PSD_parametros_sellos_digitales" nillable="true" type="tns:ArrayOfPSD_parametros_sellos_digitales"/>
      <xs:element minOccurs="0" name="PTCOUT_ParametrosFTPOUTs" nillable="true" type="tns:ArrayOfPTCOUT_ParametrosFTPOUT"/>
      <xs:element minOccurs="0" name="PTC_ParametrosFTPs" nillable="true" type="tns:ArrayOfPTC_ParametrosFTP"/>
      <xs:element minOccurs="0" name="PXC_Proveedores_TecnologicosXClientes" nillable="true" type="tns:ArrayOfPXC_Proveedores_TecnologicosXCliente"/>
      <xs:element minOccurs="0" name="PXF_pagos_x_facturas" nillable="true" type="tns:ArrayOfPXF_pagos_x_factura"/>
      <xs:element minOccurs="0" name="REC_EmpresasRecibe" nillable="true" type="tns:ArrayOfREC_EmpresasRecibe"/>
      <xs:element minOccurs="0" name="REC_EmpresasRecibe1" nillable="true" type="tns:ArrayOfREC_EmpresasRecibe"/>
      <xs:element minOccurs="0" name="REC_RDR_RechazoDocRecibidos" nillable="true" type="tns:ArrayOfREC_RDR_RechazoDocRecibido"/>
      <xs:element minOccurs="0" name="RFD_Roles_Flujo_Documentals" nillable="true" type="tns:ArrayOfRFD_Roles_Flujo_Documental"/>
      <xs:element minOccurs="0" name="RHN_Reglas_Habilitar_Negociacions" nillable="true" type="tns:ArrayOfRHN_Reglas_Habilitar_Negociacion"/>
      <xs:element minOccurs="0" name="RPT_Relacion_Tercero_Pagadors" nillable="true" type="tns:ArrayOfRPT_Relacion_Tercero_Pagador"/>
      <xs:element minOccurs="0" name="RPT_Relacion_Tercero_Pagadors1" nillable="true" type="tns:ArrayOfRPT_Relacion_Tercero_Pagador"/>
      <xs:element minOccurs="0" name="RPT_Relacion_Tercero_Pagadors2" nillable="true" type="tns:ArrayOfRPT_Relacion_Tercero_Pagador"/>
      <xs:element minOccurs="0" name="RSE_Registros_Solicitudes_Emisions" nillable="true" type="tns:ArrayOfRSE_Registros_Solicitudes_Emision"/>
      <xs:element minOccurs="0" name="RSG_Reglas_Seguridads" nillable="true" type="tns:ArrayOfRSG_Reglas_Seguridad"/>
      <xs:element minOccurs="0" name="RUBR_Rubros_Recepcions" nillable="true" type="tns:ArrayOfRUBR_Rubros_Recepcion"/>
      <xs:element minOccurs="0" name="SEF_series_folios" nillable="true" type="tns:ArrayOfSEF_series_folio"/>
      <xs:element minOccurs="0" name="SOF_SoftwareXEmpresas" nillable="true" type="tns:ArrayOfSOF_SoftwareXEmpresa"/>
      <xs:element minOccurs="0" name="STA_Stages" nillable="true" type="tns:ArrayOfSTA_Stages"/>
      <xs:element minOccurs="0" name="SUC_sucursales" nillable="true" type="tns:ArrayOfSUC_sucursales"/>
      <xs:element minOccurs="0" name="SXU_SucursalesXUsuarios" nillable="true" type="tns:ArrayOfSXU_SucursalesXUsuario"/>
      <xs:element minOccurs="0" name="TER_TerminosCondicionesVersiones" nillable="true" type="tns:ArrayOfTER_TerminosCondicionesVersiones"/>
      <xs:element minOccurs="0" name="TGA_TipoGastos" nillable="true" type="tns:ArrayOfTGA_TipoGasto"/>
      <xs:element minOccurs="0" name="TID_TipoIdentificacion" nillable="true" type="tns:TID_TipoIdentificacion"/>
      <xs:element minOccurs="0" name="TID_id_tipo_identificacion" nillable="true" type="xs:int"/>
      <xs:element minOccurs="0" name="TIP_TipoPersona" nillable="true" type="tns:TIP_TipoPersona"/>
      <xs:element minOccurs="0" name="TIP_id_tipo_persona" nillable="true" type="xs:int"/>
      <xs:element minOccurs="0" name="TRAZCARG_TrazabilidadCargas" nillable="true" type="tns:ArrayOfTRAZCARG_TrazabilidadCarga"/>
      <xs:element minOccurs="0" name="TTI_tipo_impuestos" nillable="true" type="tns:ArrayOfTTI_tipo_impuesto"/>
      <xs:element minOccurs="0" name="UNI_UnidadesMedidas" nillable="true" type="tns:ArrayOfUNI_UnidadesMedida"/>
      <xs:element minOccurs="0" name="USU_usuarios" nillable="true" type="tns:ArrayOfUSU_usuarios"/>
      <xs:element minOccurs="0" name="VEF_Vinculacion_Entidad_Financieras" nillable="true" type="tns:ArrayOfVEF_Vinculacion_Entidad_Financiera"/>
      <xs:element minOccurs="0" name="VEN_Vendedores" nillable="true" type="tns:ArrayOfVEN_Vendedores"/>
      <xs:element minOccurs="0" name="WFL_Workflows" nillable="true" type="tns:ArrayOfWFL_Workflows"/>
      <xs:element minOccurs="0" name="epy_id_estado_proyecto" type="xs:int"/>
    </xs:sequence>
  </xs:complexType>
  <xs:element name="EMP_Empresa" nillable="true" type="tns:EMP_Empresa"/>
  <xs:complexType name="ArrayOfACU_AcuerdoExpedAcept">
    <xs:sequence>
      <xs:element minOccurs="0" maxOccurs="unbounded" name="ACU_AcuerdoExpedAcept" nillable="true" type="tns:ACU_AcuerdoExpedAcept"/>
    </xs:sequence>
  </xs:complexType>
  <xs:element name="ArrayOfACU_AcuerdoExpedAcept" nillable="true" type="tns:ArrayOfACU_AcuerdoExpedAcept"/>
  <xs:complexType name="ACU_AcuerdoExpedAcept">
    <xs:sequence>
      <xs:element minOccurs="0" name="CLI_clientes" nillable="true" type="tns:CLI_clientes"/>
      <xs:element minOccurs="0" name="CLI_id_cliente" type="xs:int"/>
      <xs:element minOccurs="0" name="EMP_Empresa" nillable="true" type="tns:EMP_Empresa"/>
      <xs:element minOccurs="0" name="Emp_id_empresa" type="xs:int"/>
      <xs:element minOccurs="0" name="TAC_TipoAcuerdo" nillable="true" type="tns:TAC_TipoAcuerdo"/>
      <xs:element minOccurs="0" name="TFC_TipoFacturacion" nillable="true" type="tns:TFC_TipoFacturacion"/>
      <xs:element minOccurs="0" name="acu_automatico_SN" type="xs:boolean"/>
      <xs:element minOccurs="0" name="acu_cargo_acepta" nillable="true" type="xs:string"/>
      <xs:element minOccurs="0" name="acu_correo_acepta" nillable="true" type="xs:string"/>
      <xs:element minOccurs="0" name="acu_enviado" nillable="true" type="xs:boolean"/>
      <xs:element minOccurs="0" name="acu_fecha" type="xs:dateTime"/>
      <xs:element minOccurs="0" name="acu_fecha_ultimo_envio" nillable="true" type="xs:dateTime"/>
      <xs:element minOccurs="0" name="acu_firmado_SN" type="xs:boolean"/>
      <xs:element minOccurs="0" name="acu_id_acuerdo" type="xs:int"/>
      <xs:element minOccurs="0" name="acu_id_acuerdo_termina" nillable="true" type="xs:int"/>
      <xs:element minOccurs="0" name="acu_nombre_acepta" nillable="true" type="xs:string"/>
      <xs:element minOccurs="0" name="acu_veces_envio" nillable="true" type="xs:int"/>
      <xs:element minOccurs="0" name="acu_vigente" type="xs:boolean"/>
      <xs:element minOccurs="0" name="tac_id_tipo_acuedo" type="xs:int"/>
      <xs:element minOccurs="0" name="tfc_id_tipo_facturacion" type="xs:int"/>
    </xs:sequence>
  </xs:complexType>
  <xs:element name="ACU_AcuerdoExpedAcept" nillable="true" type="tns:ACU_AcuerdoExpedAcept"/>
  <xs:complexType name="CLI_clientes">
    <xs:sequence>
      <xs:element minOccurs="0" name="ACU_AcuerdoExpedAcept" nillable="true" type="tns:ArrayOfACU_AcuerdoExpedAcept"/>
      <xs:element minOccurs="0" name="CFD_cfd_informacion" nillable="true" type="tns:ArrayOfCFD_cfd_informacion"/>
      <xs:element minOccurs="0" name="CLG_Cliente_Configuracion" nillable="true" type="tns:ArrayOfCLG_Cliente_Configuracion"/>
      <xs:element minOccurs="0" name="CLI_Emp_id_empresa" type="xs:int"/>
      <xs:element minOccurs="0" name="CLI_RFC" nillable="true" type="xs:string"/>
      <xs:element minOccurs="0" name="CLI_correo_electronico" nillable="true" type="xs:string"/>
      <xs:element minOccurs="0" name="CLI_digito_verificacion" nillable="true" type="ser:char"/>
      <xs:element minOccurs="0" name="CLI_id_cliente" type="xs:int"/>
      <xs:element minOccurs="0" name="CLI_id_ubicacion" type="xs:int"/>
      <xs:element minOccurs="0" name="CLI_nombre_cliente" nillable="true" type="xs:string"/>
      <xs:element minOccurs="0" name="CLI_numero_cliente" type="xs:decimal"/>
      <xs:element minOccurs="0" name="CLI_numero_cliente_string" nillable="true" type="xs:string"/>
      <xs:element minOccurs="0" name="CLI_numero_sucursales" type="xs:decimal"/>
      <xs:element minOccurs="0" name="CLI_telefono" type="xs:decimal"/>
      <xs:element minOccurs="0" name="CLI_telefono_string" nillable="true" type="xs:string"/>
      <xs:element minOccurs="0" name="CLI_url_logo_cliente" nillable="true" type="xs:string"/>
      <xs:element minOccurs="0" name="CNT_contactos" nillable="true" type="tns:ArrayOfCNT_contactos"/>
      <xs:element minOccurs="0" name="CVC_ClientesVsCuentasVIP" nillable="true" type="tns:ArrayOfCVC_ClientesVsCuentasVIP"/>
      <xs:element minOccurs="0" name="ECL_Estado_Cliente" nillable="true" type="tns:ECL_Estado_Cliente"/>
      <xs:element minOccurs="0" name="ECL_id_estado" nillable="true" type="xs:int"/>
      <xs:element minOccurs="0" name="EMP_Empresa" nillable="true" type="tns:EMP_Empresa"/>
      <xs:element minOccurs="0" name="FV_RFI_Id_Regimen_Fiscal" nillable="true" type="xs:int"/>
      <xs:element minOccurs="0" name="FV_RFI_Regimen_Fiscal" nillable="true" type="tns:FV_RFI_Regimen_Fiscal"/>
      <xs:element minOccurs="0" name="NOM_NOV_Novedads" nillable="true" type="tns:ArrayOfNOM_NOV_Novedad"/>
      <xs:element minOccurs="0" name="PXC_Proveedores_TecnologicosXCliente" nillable="true" type="tns:ArrayOfPXC_Proveedores_TecnologicosXCliente"/>
      <xs:element minOccurs="0" name="TID_TipoIdentificacion" nillable="true" type="tns:TID_TipoIdentificacion"/>
      <xs:element minOccurs="0" name="TIPCONTRIB_TipoContribuyente" nillable="true" type="tns:TIPCONTRIB_TipoContribuyente"/>
      <xs:element minOccurs="0" name="TIP_TipoPersona" nillable="true" type="tns:TIP_TipoPersona"/>
      <xs:element minOccurs="0" name="TIP_id_tipo_persona" nillable="true" type="xs:int"/>
      <xs:element minOccurs="0" name="UBF_ubicacion_fiscal" nillable="true" type="tns:UBF_ubicacion_fiscal"/>
      <xs:element minOccurs="0" name="USU_usuarios" nillable="true" type="tns:ArrayOfUSU_usuarios"/>
      <xs:element minOccurs="0" name="tid_id_tipo_identificacion" nillable="true" type="xs:int"/>
      <xs:element minOccurs="0" name="tipcontrib_id" nillable="true" type="xs:int"/>
    </xs:sequence>
  </xs:complexType>
  <xs:element name="CLI_clientes" nillable="true" type="tns:CLI_clientes"/>
  <xs:complexType name="ArrayOfCFD_cfd_informacion">
    <xs:sequence>
      <xs:element minOccurs="0" maxOccurs="unbounded" name="CFD_cfd_informacion" nillable="true" type="tns:CFD_cfd_informacion"/>
    </xs:sequence>
  </xs:complexType>
  <xs:element name="ArrayOfCFD_cfd_informacion" nillable="true" type="tns:ArrayOfCFD_cfd_informacion"/>
  <xs:complexType name="ArrayOfCLG_Cliente_Configuracion">
    <xs:sequence>
      <xs:element minOccurs="0" maxOccurs="unbounded" name="CLG_Cliente_Configuracion" nillable="true" type="tns:CLG_Cliente_Configuracion"/>
    </xs:sequence>
  </xs:complexType>
  <xs:element name="ArrayOfCLG_Cliente_Configuracion" nillable="true" type="tns:ArrayOfCLG_Cliente_Configuracion"/>
  <xs:complexType name="CLG_Cliente_Configuracion">
    <xs:sequence>
      <xs:element minOccurs="0" name="CLG_Direccion" nillable="true" type="xs:string"/>
      <xs:element minOccurs="0" name="CLG_Notificacion_Activa" type="xs:boolean"/>
      <xs:element minOccurs="0" name="CLG_PortalVIP_Activo" type="xs:boolean"/>
      <xs:element minOccurs="0" name="CLG_Radicacion_Valida_Negocio" nillable="true" type="xs:boolean"/>
      <xs:element minOccurs="0" name="CLG_anexo_obligatorio_enviocliente" nillable="true" type="xs:boolean"/>
      <xs:element minOccurs="0" name="CLG_codigo_cliente" nillable="true" type="xs:int"/>
      <xs:element minOccurs="0" name="CLG_fecha_ingreso" nillable="true" type="xs:dateTime"/>
      <xs:element minOccurs="0" name="CLG_id_configuracion" type="xs:int"/>
      <xs:element minOccurs="0" name="CLG_numero_cuenta" nillable="true" type="xs:string"/>
      <xs:element minOccurs="0" name="CLG_otro_nombre" nillable="true" type="xs:string"/>
      <xs:element minOccurs="0" name="CLG_primer_apellido" nillable="true" type="xs:string"/>
      <xs:element minOccurs="0" name="CLG_primer_nombre" nillable="true" type="xs:string"/>
      <xs:element minOccurs="0" name="CLG_salario_integral" nillable="true" type="xs:boolean"/>
      <xs:element minOccurs="0" name="CLG_segundo_apellido" nillable="true" type="xs:string"/>
      <xs:element minOccurs="0" name="CLG_sueldo" nillable="true" type="xs:decimal"/>
      <xs:element minOccurs="0" name="CLG_tiempo_laborado" nillable="true" type="xs:int"/>
      <xs:element minOccurs="0" name="CLI_clientes" nillable="true" type="tns:CLI_clientes"/>
      <xs:element minOccurs="0" name="CLI_id_cliente" type="xs:int"/>
      <xs:element minOccurs="0" name="DEP_Departamento" nillable="true" type="tns:DEP_Departamento"/>
      <xs:element minOccurs="0" name="FV_FPG_FormasPago" nillable="true" type="tns:FV_FPG_FormasPago"/>
      <xs:element minOccurs="0" name="FV_Id_FPG_FormasPago" nillable="true" type="xs:int"/>
      <xs:element minOccurs="0" name="FV_MPG_ID_MediosPago" nillable="true" type="xs:int"/>
      <xs:element minOccurs="0" name="FV_MPG_MediosPago" nillable="true" type="tns:FV_MPG_MediosPago"/>
      <xs:element minOccurs="0" name="MUN_Municipios" nillable="true" type="tns:MUN_Municipios"/>
      <xs:element minOccurs="0" name="NOM_Banco" nillable="true" type="tns:NOM_Banco"/>
      <xs:element minOccurs="0" name="NOM_Id_SubTipoTrabajadorDIAN" nillable="true" type="xs:int"/>
      <xs:element minOccurs="0" name="NOM_Id_TipoTrabajador" nillable="true" type="xs:int"/>
      <xs:element minOccurs="0" name="NOM_SubTipoTrabajadorDIAN" nillable="true" type="tns:NOM_SubTipoTrabajadorDIAN"/>
      <xs:element minOccurs="0" name="NOM_TipoContrato" nillable="true" type="tns:NOM_TipoContrato"/>
      <xs:element minOccurs="0" name="NOM_TipoTrabajador" nillable="true" type="tns:NOM_TipoTrabajador"/>
      <xs:element minOccurs="0" name="NOM_id_Banco" nillable="true" type="xs:int"/>
      <xs:element minOccurs="0" name="NOM_id_TipoContrato" nillable="true" type="xs:int"/>
      <xs:element minOccurs="0" name="PAI_Paises" nillable="true" type="tns:PAI_Paises"/>
      <xs:element minOccurs="0" name="PAI_id_pais" nillable="true" type="xs:int"/>
      <xs:element minOccurs="0" name="TCT_TiposCuenta" nillable="true" type="tns:TCT_TiposCuenta"/>
      <xs:element minOccurs="0" name="TCT_id_tipocuenta" nillable="true" type="xs:int"/>
      <xs:element minOccurs="0" name="dep_id_departamento" nillable="true" type="xs:int"/>
      <xs:element minOccurs="0" name="mun_id_municipio" nillable="true" type="xs:int"/>
    </xs:sequence>
  </xs:complexType>
  <xs:element name="CLG_Cliente_Configuracion" nillable="true" type="tns:CLG_Cliente_Configuracion"/>
  <xs:complexType name="DEP_Departamento">
    <xs:sequence>
      <xs:element minOccurs="0" name="CLG_Cliente_Configuracion" nillable="true" type="tns:ArrayOfCLG_Cliente_Configuracion"/>
      <xs:element minOccurs="0" name="MUN_Municipios" nillable="true" type="tns:ArrayOfMUN_Municipios"/>
      <xs:element minOccurs="0" name="PAI_Paises" nillable="true" type="tns:PAI_Paises"/>
      <xs:element minOccurs="0" name="UBF_ubicacion_fiscal" nillable="true" type="tns:ArrayOfUBF_ubicacion_fiscal"/>
      <xs:element minOccurs="0" name="dep_id_DANE" nillable="true" type="xs:string"/>
      <xs:element minOccurs="0" name="dep_id_departamento" type="xs:int"/>
      <xs:element minOccurs="0" name="dep_nombre" nillable="true" type="xs:string"/>
      <xs:element minOccurs="0" name="pai_id_pais" type="xs:int"/>
    </xs:sequence>
  </xs:complexType>
  <xs:element name="DEP_Departamento" nillable="true" type="tns:DEP_Departamento"/>
  <xs:complexType name="ArrayOfMUN_Municipios">
    <xs:sequence>
      <xs:element minOccurs="0" maxOccurs="unbounded" name="MUN_Municipios" nillable="true" type="tns:MUN_Municipios"/>
    </xs:sequence>
  </xs:complexType>
  <xs:element name="ArrayOfMUN_Municipios" nillable="true" type="tns:ArrayOfMUN_Municipios"/>
  <xs:complexType name="MUN_Municipios">
    <xs:sequence>
      <xs:element minOccurs="0" name="CLG_Cliente_Configuracion" nillable="true" type="tns:ArrayOfCLG_Cliente_Configuracion"/>
      <xs:element minOccurs="0" name="DEP_Departamento" nillable="true" type="tns:DEP_Departamento"/>
      <xs:element minOccurs="0" name="IXM_Impuesto_X_Municipio" nillable="true" type="tns:ArrayOfIXM_Impuesto_X_Municipio"/>
      <xs:element minOccurs="0" name="UBF_ubicacion_fiscal" nillable="true" type="tns:ArrayOfUBF_ubicacion_fiscal"/>
      <xs:element minOccurs="0" name="dep_id_departamento" type="xs:int"/>
      <xs:element minOccurs="0" name="mun_id_DANE" nillable="true" type="xs:string"/>
      <xs:element minOccurs="0" name="mun_id_DANE_Depto" nillable="true" type="xs:string"/>
      <xs:element minOccurs="0" name="mun_id_municipio" type="xs:int"/>
      <xs:element minOccurs="0" name="mun_nombre" nillable="true" type="xs:string"/>
    </xs:sequence>
  </xs:complexType>
  <xs:element name="MUN_Municipios" nillable="true" type="tns:MUN_Municipios"/>
  <xs:complexType name="ArrayOfIXM_Impuesto_X_Municipio">
    <xs:sequence>
      <xs:element minOccurs="0" maxOccurs="unbounded" name="IXM_Impuesto_X_Municipio" nillable="true" type="tns:IXM_Impuesto_X_Municipio"/>
    </xs:sequence>
  </xs:complexType>
  <xs:element name="ArrayOfIXM_Impuesto_X_Municipio" nillable="true" type="tns:ArrayOfIXM_Impuesto_X_Municipio"/>
  <xs:complexType name="IXM_Impuesto_X_Municipio">
    <xs:sequence>
      <xs:element minOccurs="0" name="EMP_Empresa" nillable="true" type="tns:EMP_Empresa"/>
      <xs:element minOccurs="0" name="Emp_id_empresa" type="xs:int"/>
      <xs:element minOccurs="0" name="IXM_codigo" nillable="true" type="xs:string"/>
      <xs:element minOccurs="0" name="IXM_descripcion" nillable="true" type="xs:string"/>
      <xs:element minOccurs="0" name="IXM_id_impuesto_x_mun" type="xs:int"/>
      <xs:element minOccurs="0" name="IXM_porcentaje" nillable="true" type="xs:decimal"/>
      <xs:element minOccurs="0" name="MUN_Municipios" nillable="true" type="tns:MUN_Municipios"/>
      <xs:element minOccurs="0" name="mun_id_municipio" type="xs:int"/>
    </xs:sequence>
  </xs:complexType>
  <xs:element name="IXM_Impuesto_X_Municipio" nillable="true" type="tns:IXM_Impuesto_X_Municipio"/>
  <xs:complexType name="ArrayOfUBF_ubicacion_fiscal">
    <xs:sequence>
      <xs:element minOccurs="0" maxOccurs="unbounded" name="UBF_ubicacion_fiscal" nillable="true" type="tns:UBF_ubicacion_fiscal"/>
    </xs:sequence>
  </xs:complexType>
  <xs:element name="ArrayOfUBF_ubicacion_fiscal" nillable="true" type="tns:ArrayOfUBF_ubicacion_fiscal"/>
  <xs:complexType name="UBF_ubicacion_fiscal">
    <xs:sequence>
      <xs:element minOccurs="0" name="CFD_cfd_informacion" nillable="true" type="tns:ArrayOfCFD_cfd_informacion"/>
      <xs:element minOccurs="0" name="CLI_clientes" nillable="true" type="tns:ArrayOfCLI_clientes"/>
      <xs:element minOccurs="0" name="DEP_Departamento" nillable="true" type="tns:DEP_Departamento"/>
      <xs:element minOccurs="0" name="Emp_id_empresa" nillable="true" type="xs:int"/>
      <xs:element minOccurs="0" name="MAN_Mandatos" nillable="true" type="tns:ArrayOfMAN_Mandatos"/>
      <xs:element minOccurs="0" name="MUN_Municipios" nillable="true" type="tns:MUN_Municipios"/>
      <xs:element minOccurs="0" name="PAI_Paises" nillable="true" type="tns:PAI_Paises"/>
      <xs:element minOccurs="0" name="SUC_sucursales" nillable="true" type="tns:ArrayOfSUC_sucursales"/>
      <xs:element minOccurs="0" name="UBF_Direccion_Completa" nillable="true" type="xs:string"/>
      <xs:element minOccurs="0" name="UBF_calle" nillable="true" type="xs:string"/>
      <xs:element minOccurs="0" name="UBF_codigo_postal" nillable="true" type="xs:string"/>
      <xs:element minOccurs="0" name="UBF_colonia" nillable="true" type="xs:string"/>
      <xs:element minOccurs="0" name="UBF_id_ubicacion" type="xs:int"/>
      <xs:element minOccurs="0" name="UBF_localidad" nillable="true" type="xs:string"/>
      <xs:element minOccurs="0" name="UBF_no_exterior" nillable="true" type="xs:string"/>
      <xs:element minOccurs="0" name="UBF_no_interior" nillable="true" type="xs:string"/>
      <xs:element minOccurs="0" name="UBF_referencia" nillable="true" type="xs:string"/>
      <xs:element minOccurs="0" name="dep_id_departamento" type="xs:int"/>
      <xs:element minOccurs="0" name="mun_id_municipio" type="xs:int"/>
      <xs:element minOccurs="0" name="pai_id_pais" type="xs:int"/>
      <xs:element minOccurs="0" name="user_Name" nillable="true" type="xs:string"/>
    </xs:sequence>
  </xs:complexType>
  <xs:element name="UBF_ubicacion_fiscal" nillable="true" type="tns:UBF_ubicacion_fiscal"/>
  <xs:complexType name="ArrayOfCLI_clientes">
    <xs:sequence>
      <xs:element minOccurs="0" maxOccurs="unbounded" name="CLI_clientes" nillable="true" type="tns:CLI_clientes"/>
    </xs:sequence>
  </xs:complexType>
  <xs:element name="ArrayOfCLI_clientes" nillable="true" type="tns:ArrayOfCLI_clientes"/>
  <xs:complexType name="ArrayOfMAN_Mandatos">
    <xs:sequence>
      <xs:element minOccurs="0" maxOccurs="unbounded" name="MAN_Mandatos" nillable="true" type="tns:MAN_Mandatos"/>
    </xs:sequence>
  </xs:complexType>
  <xs:element name="ArrayOfMAN_Mandatos" nillable="true" type="tns:ArrayOfMAN_Mandatos"/>
  <xs:complexType name="MAN_Mandatos">
    <xs:sequence>
      <xs:element minOccurs="0" name="ECL_Estado_Cliente" nillable="true" type="tns:ECL_Estado_Cliente"/>
      <xs:element minOccurs="0" name="ECL_id_estado" type="xs:int"/>
      <xs:element minOccurs="0" name="EMP_Empresa" nillable="true" type="tns:EMP_Empresa"/>
      <xs:element minOccurs="0" name="Emp_id_empresa" type="xs:int"/>
      <xs:element minOccurs="0" name="MAN_RFC_mandante" nillable="true" type="xs:string"/>
      <xs:element minOccurs="0" name="MAN_URL_norma" nillable="true" type="xs:string"/>
      <xs:element minOccurs="0" name="MAN_detalle_norma" nillable="true" type="xs:string"/>
      <xs:element minOccurs="0" name="MAN_fecha_contrato" type="xs:dateTime"/>
      <xs:element minOccurs="0" name="MAN_id_mandato" type="xs:int"/>
      <xs:element minOccurs="0" name="MAN_nombre_mandante" nillable="true" type="xs:string"/>
      <xs:element minOccurs="0" name="MAN_numero_contrato" nillable="true" type="xs:string"/>
      <xs:element minOccurs="0" name="MAN_referente_contrato" nillable="true" type="xs:string"/>
      <xs:element minOccurs="0" name="MAN_tipo_contrato" nillable="true" type="xs:string"/>
      <xs:element minOccurs="0" name="MAN_tipos_representacion" nillable="true" type="xs:string"/>
      <xs:element minOccurs="0" name="MAN_tipos_responsabilidades" nillable="true" type="xs:string"/>
      <xs:element minOccurs="0" name="MAN_website_mandante" nillable="true" type="xs:string"/>
      <xs:element minOccurs="0" name="UBF_id_ubicacion" type="xs:int"/>
      <xs:element minOccurs="0" name="UBF_ubicacion_fiscal" nillable="true" type="tns:UBF_ubicacion_fiscal"/>
    </xs:sequence>
  </xs:complexType>
  <xs:element name="MAN_Mandatos" nillable="true" type="tns:MAN_Mandatos"/>
  <xs:complexType name="ECL_Estado_Cliente">
    <xs:sequence>
      <xs:element minOccurs="0" name="CLI_clientes" nillable="true" type="tns:ArrayOfCLI_clientes"/>
      <xs:element minOccurs="0" name="ECL_descripcion" nillable="true" type="xs:string"/>
      <xs:element minOccurs="0" name="ECL_id_estado" type="xs:int"/>
      <xs:element minOccurs="0" name="MAN_Mandatos" nillable="true" type="tns:ArrayOfMAN_Mandatos"/>
    </xs:sequence>
  </xs:complexType>
  <xs:element name="ECL_Estado_Cliente" nillable="true" type="tns:ECL_Estado_Cliente"/>
  <xs:complexType name="PAI_Paises">
    <xs:sequence>
      <xs:element minOccurs="0" name="CLG_Cliente_Configuracion" nillable="true" type="tns:ArrayOfCLG_Cliente_Configuracion"/>
      <xs:element minOccurs="0" name="CUL_CulturasTerminos" nillable="true" type="tns:ArrayOfCUL_CulturasTerminos"/>
      <xs:element minOccurs="0" name="DEP_Departamento" nillable="true" type="tns:ArrayOfDEP_Departamento"/>
      <xs:element minOccurs="0" name="PAI_ISO_3166" nillable="true" type="xs:string"/>
      <xs:element minOccurs="0" name="PAI_id_pais" type="xs:int"/>
      <xs:element minOccurs="0" name="PAI_nombre" nillable="true" type="xs:string"/>
      <xs:element minOccurs="0" name="PAR_parametros" nillable="true" type="tns:ArrayOfPAR_parametros"/>
      <xs:element minOccurs="0" name="UBF_ubicacion_fiscal" nillable="true" type="tns:ArrayOfUBF_ubicacion_fiscal"/>
    </xs:sequence>
  </xs:complexType>
  <xs:element name="PAI_Paises" nillable="true" type="tns:PAI_Paises"/>
  <xs:complexType name="ArrayOfCUL_CulturasTerminos">
    <xs:sequence>
      <xs:element minOccurs="0" maxOccurs="unbounded" name="CUL_CulturasTerminos" nillable="true" type="tns:CUL_CulturasTerminos"/>
    </xs:sequence>
  </xs:complexType>
  <xs:element name="ArrayOfCUL_CulturasTerminos" nillable="true" type="tns:ArrayOfCUL_CulturasTerminos"/>
  <xs:complexType name="CUL_CulturasTerminos">
    <xs:sequence>
      <xs:element minOccurs="0" name="PAI_Paises" nillable="true" type="tns:PAI_Paises"/>
      <xs:element minOccurs="0" name="cul_id_cultura" type="xs:int"/>
      <xs:element minOccurs="0" name="cul_termino" nillable="true" type="xs:string"/>
      <xs:element minOccurs="0" name="pai_id_pais" type="xs:int"/>
    </xs:sequence>
  </xs:complexType>
  <xs:element name="CUL_CulturasTerminos" nillable="true" type="tns:CUL_CulturasTerminos"/>
  <xs:complexType name="ArrayOfDEP_Departamento">
    <xs:sequence>
      <xs:element minOccurs="0" maxOccurs="unbounded" name="DEP_Departamento" nillable="true" type="tns:DEP_Departamento"/>
    </xs:sequence>
  </xs:complexType>
  <xs:element name="ArrayOfDEP_Departamento" nillable="true" type="tns:ArrayOfDEP_Departamento"/>
  <xs:complexType name="ArrayOfPAR_parametros">
    <xs:sequence>
      <xs:element minOccurs="0" maxOccurs="unbounded" name="PAR_parametros" nillable="true" type="tns:PAR_parametros"/>
    </xs:sequence>
  </xs:complexType>
  <xs:element name="ArrayOfPAR_parametros" nillable="true" type="tns:ArrayOfPAR_parametros"/>
  <xs:complexType name="PAR_parametros">
    <xs:sequence>
      <xs:element minOccurs="0" name="PAI_Paises" nillable="true" type="tns:PAI_Paises"/>
      <xs:element minOccurs="0" name="PAM_contraseña_certificado" nillable="true" type="xs:string"/>
      <xs:element minOccurs="0" name="PAM_id_parametro" type="xs:int"/>
      <xs:element minOccurs="0" name="PAM_pais" type="xs:int"/>
      <xs:element minOccurs="0" name="PAM_ruta_certificado" nillable="true" type="xs:string"/>
      <xs:element minOccurs="0" name="PAM_ruta_llave" nillable="true" type="xs:string"/>
      <xs:element minOccurs="0" name="PAM_version_CFD" nillable="true" type="xs:string"/>
      <xs:element minOccurs="0" name="PAM_vigencia_certificado" nillable="true" type="xs:dateTime"/>
    </xs:sequence>
  </xs:complexType>
  <xs:element name="PAR_parametros" nillable="true" type="tns:PAR_parametros"/>
  <xs:complexType name="ArrayOfSUC_sucursales">
    <xs:sequence>
      <xs:element minOccurs="0" maxOccurs="unbounded" name="SUC_sucursales" nillable="true" type="tns:SUC_sucursales"/>
    </xs:sequence>
  </xs:complexType>
  <xs:element name="ArrayOfSUC_sucursales" nillable="true" type="tns:ArrayOfSUC_sucursales"/>
  <xs:complexType name="SUC_sucursales">
    <xs:sequence>
      <xs:element minOccurs="0" name="CFD_cfd_informacion" nillable="true" type="tns:ArrayOfCFD_cfd_informacion"/>
      <xs:element minOccurs="0" name="EMP_Empresa" nillable="true" type="tns:EMP_Empresa"/>
      <xs:element minOccurs="0" name="LEV_Log_Eventos_Apps" nillable="true" type="tns:ArrayOfLEV_Log_Eventos_App"/>
      <xs:element minOccurs="0" name="PARE_Parametros_AceptacionRechazo_Emis" nillable="true" type="tns:ArrayOfPARE_Parametros_AceptacionRechazo_Emi"/>
      <xs:element minOccurs="0" name="SEF_series_folios" nillable="true" type="tns:ArrayOfSEF_series_folio"/>
      <xs:element minOccurs="0" name="SUC_EMP_id_empresa" type="xs:int"/>
      <xs:element minOccurs="0" name="SUC_codigo_sucursal" nillable="true" type="xs:string"/>
      <xs:element minOccurs="0" name="SUC_id_sucursal" type="xs:int"/>
      <xs:element minOccurs="0" name="SUC_id_ubicacion" type="xs:int"/>
      <xs:element minOccurs="0" name="SUC_nombre" nillable="true" type="xs:string"/>
      <xs:element minOccurs="0" name="SUC_telefono" type="xs:decimal"/>
      <xs:element minOccurs="0" name="SXU_SucursalesXUsuarios" nillable="true" type="tns:ArrayOfSXU_SucursalesXUsuario"/>
      <xs:element minOccurs="0" name="UBF_ubicacion_fiscal" nillable="true" type="tns:UBF_ubicacion_fiscal"/>
      <xs:element minOccurs="0" name="USU_usuarios" nillable="true" type="tns:ArrayOfUSU_usuarios"/>
    </xs:sequence>
  </xs:complexType>
  <xs:element name="SUC_sucursales" nillable="true" type="tns:SUC_sucursales"/>
  <xs:complexType name="ArrayOfLEV_Log_Eventos_App">
    <xs:sequence>
      <xs:element minOccurs="0" maxOccurs="unbounded" name="LEV_Log_Eventos_App" nillable="true" type="tns:LEV_Log_Eventos_App"/>
    </xs:sequence>
  </xs:complexType>
  <xs:element name="ArrayOfLEV_Log_Eventos_App" nillable="true" type="tns:ArrayOfLEV_Log_Eventos_App"/>
  <xs:complexType name="LEV_Log_Eventos_App">
    <xs:sequence>
      <xs:element minOccurs="0" name="EMP_Empresa" nillable="true" type="tns:EMP_Empresa"/>
      <xs:element minOccurs="0" name="LEV_Descripcion" nillable="true" type="xs:string"/>
      <xs:element minOccurs="0" name="LEV_EMP_id_empresa" type="xs:int"/>
      <xs:element minOccurs="0" name="LEV_Fecha_Evento" type="xs:dateTime"/>
      <xs:element minOccurs="0" name="LEV_PRA_id_proceso" type="xs:int"/>
      <xs:element minOccurs="0" name="LEV_TIE_id_tipo_evento" type="xs:int"/>
      <xs:element minOccurs="0" name="LEV_id_evento" type="xs:long"/>
      <xs:element minOccurs="0" name="MSG_id_mensaje" nillable="true" type="xs:int"/>
      <xs:element minOccurs="0" name="PRA_Procesos_Aplicacion" nillable="true" type="tns:PRA_Procesos_Aplicacion"/>
      <xs:element minOccurs="0" name="SUC_id_sucursal" nillable="true" type="xs:int"/>
      <xs:element minOccurs="0" name="SUC_sucursales" nillable="true" type="tns:SUC_sucursales"/>
      <xs:element minOccurs="0" name="TIE_Tipo_Evento" nillable="true" type="tns:TIE_Tipo_Evento"/>
      <xs:element minOccurs="0" name="TRAZCARG_TrazabilidadCarga" nillable="true" type="tns:TRAZCARG_TrazabilidadCarga"/>
      <xs:element minOccurs="0" name="trazcarga_id" nillable="true" type="xs:int"/>
    </xs:sequence>
  </xs:complexType>
  <xs:element name="LEV_Log_Eventos_App" nillable="true" type="tns:LEV_Log_Eventos_App"/>
  <xs:complexType name="PRA_Procesos_Aplicacion">
    <xs:sequence>
      <xs:element minOccurs="0" name="LEV_Log_Eventos_App" nillable="true" type="tns:ArrayOfLEV_Log_Eventos_App"/>
      <xs:element minOccurs="0" name="PRA_NombreProceso" nillable="true" type="xs:string"/>
      <xs:element minOccurs="0" name="PRA_id_proceso" type="xs:int"/>
    </xs:sequence>
  </xs:complexType>
  <xs:element name="PRA_Procesos_Aplicacion" nillable="true" type="tns:PRA_Procesos_Aplicacion"/>
  <xs:complexType name="TIE_Tipo_Evento">
    <xs:sequence>
      <xs:element minOccurs="0" name="LEV_Log_Eventos_App" nillable="true" type="tns:ArrayOfLEV_Log_Eventos_App"/>
      <xs:element minOccurs="0" name="TIE_descripcion" nillable="true" type="xs:string"/>
      <xs:element minOccurs="0" name="TIE_id_tipo_evento" type="xs:int"/>
    </xs:sequence>
  </xs:complexType>
  <xs:element name="TIE_Tipo_Evento" nillable="true" type="tns:TIE_Tipo_Evento"/>
  <xs:complexType name="TRAZCARG_TrazabilidadCarga">
    <xs:sequence>
      <xs:element minOccurs="0" name="EMP_Empresa" nillable="true" type="tns:EMP_Empresa"/>
      <xs:element minOccurs="0" name="ESTRAZC_EstradoTrazCarga" nillable="true" type="tns:ESTRAZC_EstradoTrazCarga"/>
      <xs:element minOccurs="0" name="Emp_id_empresa" type="xs:int"/>
      <xs:element minOccurs="0" name="LEV_Log_Eventos_App" nillable="true" type="tns:ArrayOfLEV_Log_Eventos_App"/>
      <xs:element minOccurs="0" name="estrazc_id" nillable="true" type="xs:int"/>
      <xs:element minOccurs="0" name="trazcarga_fecha_subida" type="xs:dateTime"/>
      <xs:element minOccurs="0" name="trazcarga_id" type="xs:int"/>
      <xs:element minOccurs="0" name="trazcarga_nom_archivo" nillable="true" type="xs:string"/>
      <xs:element minOccurs="0" name="trazcarga_num_docs_procesado" type="xs:int"/>
    </xs:sequence>
  </xs:complexType>
  <xs:element name="TRAZCARG_TrazabilidadCarga" nillable="true" type="tns:TRAZCARG_TrazabilidadCarga"/>
  <xs:complexType name="ESTRAZC_EstradoTrazCarga">
    <xs:sequence>
      <xs:element minOccurs="0" name="TRAZCARG_TrazabilidadCarga" nillable="true" type="tns:ArrayOfTRAZCARG_TrazabilidadCarga"/>
      <xs:element minOccurs="0" name="estrazc_descripcion" nillable="true" type="xs:string"/>
      <xs:element minOccurs="0" name="estrazc_id" type="xs:int"/>
    </xs:sequence>
  </xs:complexType>
  <xs:element name="ESTRAZC_EstradoTrazCarga" nillable="true" type="tns:ESTRAZC_EstradoTrazCarga"/>
  <xs:complexType name="ArrayOfTRAZCARG_TrazabilidadCarga">
    <xs:sequence>
      <xs:element minOccurs="0" maxOccurs="unbounded" name="TRAZCARG_TrazabilidadCarga" nillable="true" type="tns:TRAZCARG_TrazabilidadCarga"/>
    </xs:sequence>
  </xs:complexType>
  <xs:element name="ArrayOfTRAZCARG_TrazabilidadCarga" nillable="true" type="tns:ArrayOfTRAZCARG_TrazabilidadCarga"/>
  <xs:complexType name="ArrayOfPARE_Parametros_AceptacionRechazo_Emi">
    <xs:sequence>
      <xs:element minOccurs="0" maxOccurs="unbounded" name="PARE_Parametros_AceptacionRechazo_Emi" nillable="true" type="tns:PARE_Parametros_AceptacionRechazo_Emi"/>
    </xs:sequence>
  </xs:complexType>
  <xs:element name="ArrayOfPARE_Parametros_AceptacionRechazo_Emi" nillable="true" type="tns:ArrayOfPARE_Parametros_AceptacionRechazo_Emi"/>
  <xs:complexType name="PARE_Parametros_AceptacionRechazo_Emi">
    <xs:sequence>
      <xs:element minOccurs="0" name="EMP_Empresa" nillable="true" type="tns:EMP_Empresa"/>
      <xs:element minOccurs="0" name="Emp_id_empresa" nillable="true" type="xs:int"/>
      <xs:element minOccurs="0" name="PARE_Correo_Aceptacion_Doc" nillable="true" type="xs:string"/>
      <xs:element minOccurs="0" name="PARE_Correo_Rechazo_Doc" nillable="true" type="xs:string"/>
      <xs:element minOccurs="0" name="PARE_Prefijo_Parametro_AceptacionRechazo" nillable="true" type="xs:string"/>
      <xs:element minOccurs="0" name="PARE_id_Parametro_AceptacionRechazo" type="xs:int"/>
      <xs:element minOccurs="0" name="SUC_id_sucursal" nillable="true" type="xs:int"/>
      <xs:element minOccurs="0" name="SUC_sucursales" nillable="true" type="tns:SUC_sucursales"/>
    </xs:sequence>
  </xs:complexType>
  <xs:element name="PARE_Parametros_AceptacionRechazo_Emi" nillable="true" type="tns:PARE_Parametros_AceptacionRechazo_Emi"/>
  <xs:complexType name="ArrayOfSEF_series_folio">
    <xs:sequence>
      <xs:element minOccurs="0" maxOccurs="unbounded" name="SEF_series_folio" nillable="true" type="tns:SEF_series_folio"/>
    </xs:sequence>
  </xs:complexType>
  <xs:element name="ArrayOfSEF_series_folio" nillable="true" type="tns:ArrayOfSEF_series_folio"/>
  <xs:complexType name="SEF_series_folio">
    <xs:sequence>
      <xs:element minOccurs="0" name="EMP_Empresa" nillable="true" type="tns:EMP_Empresa"/>
      <xs:element minOccurs="0" name="SEF_EMP_empresa" type="xs:int"/>
      <xs:element minOccurs="0" name="SEF_ano_aprobacion" type="xs:int"/>
      <xs:element minOccurs="0" name="SEF_clave_contenido_tecnico" nillable="true" type="xs:string"/>
      <xs:element minOccurs="0" name="SEF_consecutivo_actual" type="xs:decimal"/>
      <xs:element minOccurs="0" name="SEF_fecha_aprobacion" nillable="true" type="xs:dateTime"/>
      <xs:element minOccurs="0" name="SEF_fecha_limite_vigencia" nillable="true" type="xs:dateTime"/>
      <xs:element minOccurs="0" name="SEF_folio_fin" type="xs:decimal"/>
      <xs:element minOccurs="0" name="SEF_folio_ini" type="xs:decimal"/>
      <xs:element minOccurs="0" name="SEF_id_series" type="xs:int"/>
      <xs:element minOccurs="0" name="SEF_numero_aprobacion" type="xs:decimal"/>
      <xs:element minOccurs="0" name="SEF_numero_certificado" nillable="true" type="xs:string"/>
      <xs:element minOccurs="0" name="SEF_prefijo" nillable="true" type="xs:string"/>
      <xs:element minOccurs="0" name="SEF_serie" nillable="true" type="xs:string"/>
      <xs:element minOccurs="0" name="SUC_id_sucursal" nillable="true" type="xs:int"/>
      <xs:element minOccurs="0" name="SUC_sucursales" nillable="true" type="tns:SUC_sucursales"/>
      <xs:element minOccurs="0" name="TCO_TipoComprobante" nillable="true" type="tns:TCO_TipoComprobante"/>
      <xs:element minOccurs="0" name="tco_id_tipo_comprobante" nillable="true" type="xs:int"/>
    </xs:sequence>
  </xs:complexType>
  <xs:element name="SEF_series_folio" nillable="true" type="tns:SEF_series_folio"/>
  <xs:complexType name="TCO_TipoComprobante">
    <xs:sequence>
      <xs:element minOccurs="0" name="CFD_cfd_informacion" nillable="true" type="tns:ArrayOfCFD_cfd_informacion"/>
      <xs:element minOccurs="0" name="CIT_CamposXIntegracionXTipoDoc" nillable="true" type="tns:ArrayOfCIT_CamposXIntegracionXTipoDoc"/>
      <xs:element minOccurs="0" name="FV_CON_Consecutivos" nillable="true" type="tns:ArrayOfFV_CON_Consecutivos"/>
      <xs:element minOccurs="0" name="FV_LRV_Log_Error_Doc_Emitido" nillable="true" type="tns:ArrayOfFV_LRV_Log_Error_Doc_Emitido"/>
      <xs:element minOccurs="0" name="REC_RDR_RechazoDocRecibidos" nillable="true" type="tns:ArrayOfREC_RDR_RechazoDocRecibido"/>
      <xs:element minOccurs="0" name="SEF_series_folio" nillable="true" type="tns:ArrayOfSEF_series_folio"/>
      <xs:element minOccurs="0" name="WFL_Workflows" nillable="true" type="tns:ArrayOfWFL_Workflows"/>
      <xs:element minOccurs="0" name="tco_descripcion" nillable="true" type="xs:string"/>
      <xs:element minOccurs="0" name="tco_id_tipo_comprobante" type="xs:int"/>
    </xs:sequence>
  </xs:complexType>
  <xs:element name="TCO_TipoComprobante" nillable="true" type="tns:TCO_TipoComprobante"/>
  <xs:complexType name="ArrayOfCIT_CamposXIntegracionXTipoDoc">
    <xs:sequence>
      <xs:element minOccurs="0" maxOccurs="unbounded" name="CIT_CamposXIntegracionXTipoDoc" nillable="true" type="tns:CIT_CamposXIntegracionXTipoDoc"/>
    </xs:sequence>
  </xs:complexType>
  <xs:element name="ArrayOfCIT_CamposXIntegracionXTipoDoc" nillable="true" type="tns:ArrayOfCIT_CamposXIntegracionXTipoDoc"/>
  <xs:complexType name="CIT_CamposXIntegracionXTipoDoc">
    <xs:sequence>
      <xs:element minOccurs="0" name="EMP_Empresa" nillable="true" type="tns:EMP_Empresa"/>
      <xs:element minOccurs="0" name="Emp_id_empresa" type="xs:int"/>
      <xs:element minOccurs="0" name="TCO_TipoComprobante" nillable="true" type="tns:TCO_TipoComprobante"/>
      <xs:element minOccurs="0" name="cit_campo_eBill" nillable="true" type="xs:string"/>
      <xs:element minOccurs="0" name="cit_decreto_2242" type="xs:boolean"/>
      <xs:element minOccurs="0" name="cit_fe_estandar" type="xs:boolean"/>
      <xs:element minOccurs="0" name="cit_fecha_creacion" type="xs:dateTime"/>
      <xs:element minOccurs="0" name="cit_id_campos" type="xs:int"/>
      <xs:element minOccurs="0" name="cit_mensaje_usuario" nillable="true" type="xs:string"/>
      <xs:element minOccurs="0" name="cit_observaciones" nillable="true" type="xs:string"/>
      <xs:element minOccurs="0" name="cit_servicio_web" type="xs:boolean"/>
      <xs:element minOccurs="0" name="cit_tipo_campo" nillable="true" type="xs:string"/>
      <xs:element minOccurs="0" name="cit_tipo_integracion" nillable="true" type="xs:string"/>
      <xs:element minOccurs="0" name="cit_tipo_xml" nillable="true" type="xs:string"/>
      <xs:element minOccurs="0" name="tco_id_tipo_comprobante" type="xs:int"/>
    </xs:sequence>
  </xs:complexType>
  <xs:element name="CIT_CamposXIntegracionXTipoDoc" nillable="true" type="tns:CIT_CamposXIntegracionXTipoDoc"/>
  <xs:complexType name="ArrayOfFV_CON_Consecutivos">
    <xs:sequence>
      <xs:element minOccurs="0" maxOccurs="unbounded" name="FV_CON_Consecutivos" nillable="true" type="tns:FV_CON_Consecutivos"/>
    </xs:sequence>
  </xs:complexType>
  <xs:element name="ArrayOfFV_CON_Consecutivos" nillable="true" type="tns:ArrayOfFV_CON_Consecutivos"/>
  <xs:complexType name="FV_CON_Consecutivos">
    <xs:sequence>
      <xs:element minOccurs="0" name="EMP_Empresa" nillable="true" type="tns:EMP_Empresa"/>
      <xs:element minOccurs="0" name="EMP_id_Empresa" type="xs:int"/>
      <xs:element minOccurs="0" name="FV_CDD_ConsecutivoEnvioDIAN" nillable="true" type="xs:decimal"/>
      <xs:element minOccurs="0" name="FV_CDD_ano" type="xs:int"/>
      <xs:element minOccurs="0" name="FV_CON_Id_Consecutivos" type="xs:int"/>
      <xs:element minOccurs="0" name="TCO_Id_TipoComprobante" nillable="true" type="xs:int"/>
      <xs:element minOccurs="0" name="TCO_TipoComprobante" nillable="true" type="tns:TCO_TipoComprobante"/>
    </xs:sequence>
  </xs:complexType>
  <xs:element name="FV_CON_Consecutivos" nillable="true" type="tns:FV_CON_Consecutivos"/>
  <xs:complexType name="ArrayOfREC_RDR_RechazoDocRecibido">
    <xs:sequence>
      <xs:element minOccurs="0" maxOccurs="unbounded" name="REC_RDR_RechazoDocRecibido" nillable="true" type="tns:REC_RDR_RechazoDocRecibido"/>
    </xs:sequence>
  </xs:complexType>
  <xs:element name="ArrayOfREC_RDR_RechazoDocRecibido" nillable="true" type="tns:ArrayOfREC_RDR_RechazoDocRecibido"/>
  <xs:complexType name="REC_RDR_RechazoDocRecibido">
    <xs:sequence>
      <xs:element minOccurs="0" name="EMP_Empresa" nillable="true" type="tns:EMP_Empresa"/>
      <xs:element minOccurs="0" name="REC_RDR_BuzonDestino" nillable="true" type="xs:string"/>
      <xs:element minOccurs="0" name="REC_RDR_Codigo_Unico_Recepcion" nillable="true" type="xs:string"/>
      <xs:element minOccurs="0" name="REC_RDR_CorreoOrigen" nillable="true" type="xs:string"/>
      <xs:element minOccurs="0" name="REC_RDR_Datos_Doc_Electornico" nillable="true" type="xs:string"/>
      <xs:element minOccurs="0" name="REC_RDR_Descripcion_Rechazo" nillable="true" type="xs:string"/>
      <xs:element minOccurs="0" name="REC_RDR_Fecha_Radicacion" nillable="true" type="xs:dateTime"/>
      <xs:element minOccurs="0" name="REC_RDR_Id_EmpresaReceptora" type="xs:int"/>
      <xs:element minOccurs="0" name="REC_RDR_Id_RechazoDocRecibido" type="xs:int"/>
      <xs:element minOccurs="0" name="REC_RDR_Id_Tipo_Notificacion" nillable="true" type="xs:int"/>
      <xs:element minOccurs="0" name="REC_RDR_NitEmpresaEmisora" nillable="true" type="xs:string"/>
      <xs:element minOccurs="0" name="REC_RDR_Numero" nillable="true" type="xs:decimal"/>
      <xs:element minOccurs="0" name="REC_RDR_Prefijo" nillable="true" type="xs:string"/>
      <xs:element minOccurs="0" name="TCO_Id_Tipo_Comprobante" nillable="true" type="xs:int"/>
      <xs:element minOccurs="0" name="TCO_TipoComprobante" nillable="true" type="tns:TCO_TipoComprobante"/>
    </xs:sequence>
  </xs:complexType>
  <xs:element name="REC_RDR_RechazoDocRecibido" nillable="true" type="tns:REC_RDR_RechazoDocRecibido"/>
  <xs:complexType name="ArrayOfWFL_Workflows">
    <xs:sequence>
      <xs:element minOccurs="0" maxOccurs="unbounded" name="WFL_Workflows" nillable="true" type="tns:WFL_Workflows"/>
    </xs:sequence>
  </xs:complexType>
  <xs:element name="ArrayOfWFL_Workflows" nillable="true" type="tns:ArrayOfWFL_Workflows"/>
  <xs:complexType name="WFL_Workflows">
    <xs:sequence>
      <xs:element minOccurs="0" name="EMP_Empresa" nillable="true" type="tns:EMP_Empresa"/>
      <xs:element minOccurs="0" name="EMP_id_empresa" type="xs:int"/>
      <xs:element minOccurs="0" name="ORD_Orden_Stages" nillable="true" type="tns:ArrayOfORD_Orden_Stages"/>
      <xs:element minOccurs="0" name="TCO_TipoComprobante" nillable="true" type="tns:TCO_TipoComprobante"/>
      <xs:element minOccurs="0" name="WFL_id" type="xs:int"/>
      <xs:element minOccurs="0" name="WFL_nombre" nillable="true" type="xs:string"/>
      <xs:element minOccurs="0" name="tco_id_tipo_comprobante" type="xs:int"/>
    </xs:sequence>
  </xs:complexType>
  <xs:element name="WFL_Workflows" nillable="true" type="tns:WFL_Workflows"/>
  <xs:complexType name="ArrayOfORD_Orden_Stages">
    <xs:sequence>
      <xs:element minOccurs="0" maxOccurs="unbounded" name="ORD_Orden_Stages" nillable="true" type="tns:ORD_Orden_Stages"/>
    </xs:sequence>
  </xs:complexType>
  <xs:element name="ArrayOfORD_Orden_Stages" nillable="true" type="tns:ArrayOfORD_Orden_Stages"/>
  <xs:complexType name="ORD_Orden_Stages">
    <xs:sequence>
      <xs:element minOccurs="0" name="EMP_Empresa" nillable="true" type="tns:EMP_Empresa"/>
      <xs:element minOccurs="0" name="Emp_id_empresa" nillable="true" type="xs:int"/>
      <xs:element minOccurs="0" name="ORD_id_orden_stage" type="xs:int"/>
      <xs:element minOccurs="0" name="ORD_orden_stage" type="xs:int"/>
      <xs:element minOccurs="0" name="ORD_recibedocs_cualquier_stage" nillable="true" type="xs:boolean"/>
      <xs:element minOccurs="0" name="ORD_stage_final" nillable="true" type="xs:boolean"/>
      <xs:element minOccurs="0" name="STA_Stages" nillable="true" type="tns:STA_Stages"/>
      <xs:element minOccurs="0" name="STA_id_stage" type="xs:int"/>
      <xs:element minOccurs="0" name="WFL_Workflows" nillable="true" type="tns:WFL_Workflows"/>
      <xs:element minOccurs="0" name="WFL_id_workflow" type="xs:int"/>
    </xs:sequence>
  </xs:complexType>
  <xs:element name="ORD_Orden_Stages" nillable="true" type="tns:ORD_Orden_Stages"/>
  <xs:complexType name="STA_Stages">
    <xs:sequence>
      <xs:element minOccurs="0" name="ANER_Anexos_Recepcion" nillable="true" type="tns:ArrayOfANER_Anexos_Recepcion"/>
      <xs:element minOccurs="0" name="EMP_Empresa" nillable="true" type="tns:EMP_Empresa"/>
      <xs:element minOccurs="0" name="Emp_id_empresa" type="xs:int"/>
      <xs:element minOccurs="0" name="GES_GestionXDocumento" nillable="true" type="tns:ArrayOfGES_GestionXDocumento"/>
      <xs:element minOccurs="0" name="ITR_Informacion_Tramite_Recepcion" nillable="true" type="tns:ArrayOfITR_Informacion_Tramite_Recepcion"/>
      <xs:element minOccurs="0" name="ORD_Orden_Stages" nillable="true" type="tns:ArrayOfORD_Orden_Stages"/>
      <xs:element minOccurs="0" name="RFD_Roles_Flujo_Documental" nillable="true" type="tns:ArrayOfRFD_Roles_Flujo_Documental"/>
      <xs:element minOccurs="0" name="STA_descripcion" nillable="true" type="xs:string"/>
      <xs:element minOccurs="0" name="STA_id_stage" type="xs:int"/>
      <xs:element minOccurs="0" name="STA_nombre" nillable="true" type="xs:string"/>
      <xs:element minOccurs="0" name="STA_permiteAnexo" nillable="true" type="xs:boolean"/>
      <xs:element minOccurs="0" name="STA_permiteComentarios" nillable="true" type="xs:boolean"/>
      <xs:element minOccurs="0" name="STA_prereq_TipoPago" nillable="true" type="xs:boolean"/>
      <xs:element minOccurs="0" name="STA_prereq_aprobador" nillable="true" type="xs:boolean"/>
      <xs:element minOccurs="0" name="STA_prereq_concepto" nillable="true" type="xs:boolean"/>
      <xs:element minOccurs="0" name="STA_prereq_rubro" nillable="true" type="xs:boolean"/>
      <xs:element minOccurs="0" name="STA_req_TipoPago" nillable="true" type="xs:boolean"/>
      <xs:element minOccurs="0" name="STA_req_aprobador" nillable="true" type="xs:boolean"/>
      <xs:element minOccurs="0" name="STA_req_concepto" nillable="true" type="xs:boolean"/>
      <xs:element minOccurs="0" name="STA_req_rubro" nillable="true" type="xs:boolean"/>
      <xs:element minOccurs="0" name="STA_utilizaVerificacion" nillable="true" type="xs:boolean"/>
    </xs:sequence>
  </xs:complexType>
  <xs:element name="STA_Stages" nillable="true" type="tns:STA_Stages"/>
  <xs:complexType name="ArrayOfANER_Anexos_Recepcion">
    <xs:sequence>
      <xs:element minOccurs="0" maxOccurs="unbounded" name="ANER_Anexos_Recepcion" nillable="true" type="tns:ANER_Anexos_Recepcion"/>
    </xs:sequence>
  </xs:complexType>
  <xs:element name="ArrayOfANER_Anexos_Recepcion" nillable="true" type="tns:ArrayOfANER_Anexos_Recepcion"/>
  <xs:complexType name="ANER_Anexos_Recepcion">
    <xs:sequence>
      <xs:element minOccurs="0" name="ANER_Tamano" nillable="true" type="xs:decimal"/>
      <xs:element minOccurs="0" name="ANER_descripcion" nillable="true" type="xs:string"/>
      <xs:element minOccurs="0" name="ANER_fecha_publicacion" nillable="true" type="xs:dateTime"/>
      <xs:element minOccurs="0" name="ANER_formato" nillable="true" type="xs:string"/>
      <xs:element minOccurs="0" name="ANER_id_anexo" type="xs:int"/>
      <xs:element minOccurs="0" name="ANER_lenguaje" nillable="true" type="xs:string"/>
      <xs:element minOccurs="0" name="ANER_mime_type" nillable="true" type="xs:string"/>
      <xs:element minOccurs="0" name="ANER_ruta_archivo" nillable="true" type="xs:string"/>
      <xs:element minOccurs="0" name="ANER_titulo_anexo" nillable="true" type="xs:string"/>
      <xs:element minOccurs="0" name="Aspnet_users_id_usuario" type="ser:guid"/>
      <xs:element minOccurs="0" name="ITR_Informacion_Tramite_Recepcion" nillable="true" type="tns:ITR_Informacion_Tramite_Recepcion"/>
      <xs:element minOccurs="0" name="ITR_id_documento" type="xs:int"/>
      <xs:element minOccurs="0" name="STA_Stages" nillable="true" type="tns:STA_Stages"/>
      <xs:element minOccurs="0" name="STA_id_stage" type="xs:int"/>
      <xs:element minOccurs="0" name="aspnet_Users" nillable="true" type="tns:aspnet_Users"/>
    </xs:sequence>
  </xs:complexType>
  <xs:element name="ANER_Anexos_Recepcion" nillable="true" type="tns:ANER_Anexos_Recepcion"/>
  <xs:complexType name="ITR_Informacion_Tramite_Recepcion">
    <xs:sequence>
      <xs:element minOccurs="0" name="ANER_Anexos_Recepcion" nillable="true" type="tns:ArrayOfANER_Anexos_Recepcion"/>
      <xs:element minOccurs="0" name="Aspnet_users_id_usercurrent" nillable="true" type="ser:guid"/>
      <xs:element minOccurs="0" name="CFD_cfd_informacion" nillable="true" type="tns:CFD_cfd_informacion"/>
      <xs:element minOccurs="0" name="CFD_id_cfd" type="xs:int"/>
      <xs:element minOccurs="0" name="CONRE_Conceptos_Recepcion" nillable="true" type="tns:CONRE_Conceptos_Recepcion"/>
      <xs:element minOccurs="0" name="CONRE_id_concepto" nillable="true" type="xs:int"/>
      <xs:element minOccurs="0" name="ERXDOC_ErroresXDocumento_Recepcion" nillable="true" type="tns:ArrayOfERXDOC_ErroresXDocumento_Recepcion"/>
      <xs:element minOccurs="0" name="ESTR_estados_recepcion" nillable="true" type="tns:ESTR_estados_recepcion"/>
      <xs:element minOccurs="0" name="ESTR_id_estado" type="xs:int"/>
      <xs:element minOccurs="0" name="GAR_Gestion_Anexos_Recepcion_Avanzadas" nillable="true" type="tns:ArrayOfGAR_Gestion_Anexos_Recepcion_Avanzada"/>
      <xs:element minOccurs="0" name="GES_GestionXDocumento" nillable="true" type="tns:ArrayOfGES_GestionXDocumento"/>
      <xs:element minOccurs="0" name="ITR_Fecha_Radicacion_SAP" nillable="true" type="xs:dateTime"/>
      <xs:element minOccurs="0" name="ITR_Numero_Radicacion_SAP" nillable="true" type="xs:string"/>
      <xs:element minOccurs="0" name="ITR_id_documento" type="xs:int"/>
      <xs:element minOccurs="0" name="RUBR_Rubros_Recepcion" nillable="true" type="tns:RUBR_Rubros_Recepcion"/>
      <xs:element minOccurs="0" name="RUBR_id_rubro" nillable="true" type="xs:int"/>
      <xs:element minOccurs="0" name="STA_Stages" nillable="true" type="tns:STA_Stages"/>
      <xs:element minOccurs="0" name="STA_id_stage_current" type="xs:int"/>
      <xs:element minOccurs="0" name="TGA_TipoGasto" nillable="true" type="tns:TGA_TipoGasto"/>
      <xs:element minOccurs="0" name="TGA_id_tipogasto" nillable="true" type="xs:int"/>
      <xs:element minOccurs="0" name="aspnet_Users" nillable="true" type="tns:aspnet_Users"/>
    </xs:sequence>
  </xs:complexType>
  <xs:element name="ITR_Informacion_Tramite_Recepcion" nillable="true" type="tns:ITR_Informacion_Tramite_Recepcion"/>
  <xs:complexType name="CONRE_Conceptos_Recepcion">
    <xs:sequence>
      <xs:element minOccurs="0" name="CONRE_descripcion" nillable="true" type="xs:string"/>
      <xs:element minOccurs="0" name="CONRE_id_concepto" type="xs:int"/>
      <xs:element minOccurs="0" name="EMP_Empresa" nillable="true" type="tns:EMP_Empresa"/>
      <xs:element minOccurs="0" name="Emp_id_empresa" type="xs:int"/>
      <xs:element minOccurs="0" name="ITR_Informacion_Tramite_Recepcion" nillable="true" type="tns:ArrayOfITR_Informacion_Tramite_Recepcion"/>
    </xs:sequence>
  </xs:complexType>
  <xs:element name="CONRE_Conceptos_Recepcion" nillable="true" type="tns:CONRE_Conceptos_Recepcion"/>
  <xs:complexType name="ArrayOfITR_Informacion_Tramite_Recepcion">
    <xs:sequence>
      <xs:element minOccurs="0" maxOccurs="unbounded" name="ITR_Informacion_Tramite_Recepcion" nillable="true" type="tns:ITR_Informacion_Tramite_Recepcion"/>
    </xs:sequence>
  </xs:complexType>
  <xs:element name="ArrayOfITR_Informacion_Tramite_Recepcion" nillable="true" type="tns:ArrayOfITR_Informacion_Tramite_Recepcion"/>
  <xs:complexType name="ArrayOfERXDOC_ErroresXDocumento_Recepcion">
    <xs:sequence>
      <xs:element minOccurs="0" maxOccurs="unbounded" name="ERXDOC_ErroresXDocumento_Recepcion" nillable="true" type="tns:ERXDOC_ErroresXDocumento_Recepcion"/>
    </xs:sequence>
  </xs:complexType>
  <xs:element name="ArrayOfERXDOC_ErroresXDocumento_Recepcion" nillable="true" type="tns:ArrayOfERXDOC_ErroresXDocumento_Recepcion"/>
  <xs:complexType name="ERXDOC_ErroresXDocumento_Recepcion">
    <xs:sequence>
      <xs:element minOccurs="0" name="ERR_ErroresGestion_Recepcion" nillable="true" type="tns:ERR_ErroresGestion_Recepcion"/>
      <xs:element minOccurs="0" name="ERR_id_error" type="xs:int"/>
      <xs:element minOccurs="0" name="ERXDOC_id" type="xs:int"/>
      <xs:element minOccurs="0" name="ITR_Informacion_Tramite_Recepcion" nillable="true" type="tns:ITR_Informacion_Tramite_Recepcion"/>
      <xs:element minOccurs="0" name="ITR_id_documento" type="xs:int"/>
    </xs:sequence>
  </xs:complexType>
  <xs:element name="ERXDOC_ErroresXDocumento_Recepcion" nillable="true" type="tns:ERXDOC_ErroresXDocumento_Recepcion"/>
  <xs:complexType name="ERR_ErroresGestion_Recepcion">
    <xs:sequence>
      <xs:element minOccurs="0" name="ERR_descripcion" nillable="true" type="xs:string"/>
      <xs:element minOccurs="0" name="ERR_id_error" type="xs:int"/>
      <xs:element minOccurs="0" name="ERXDOC_ErroresXDocumento_Recepcion" nillable="true" type="tns:ArrayOfERXDOC_ErroresXDocumento_Recepcion"/>
    </xs:sequence>
  </xs:complexType>
  <xs:element name="ERR_ErroresGestion_Recepcion" nillable="true" type="tns:ERR_ErroresGestion_Recepcion"/>
  <xs:complexType name="ESTR_estados_recepcion">
    <xs:sequence>
      <xs:element minOccurs="0" name="ESTR_id_estado_" type="xs:int"/>
      <xs:element minOccurs="0" name="ESTR_nombre" nillable="true" type="xs:string"/>
      <xs:element minOccurs="0" name="GES_GestionXDocumento" nillable="true" type="tns:ArrayOfGES_GestionXDocumento"/>
      <xs:element minOccurs="0" name="ITR_Informacion_Tramite_Recepcion" nillable="true" type="tns:ArrayOfITR_Informacion_Tramite_Recepcion"/>
    </xs:sequence>
  </xs:complexType>
  <xs:element name="ESTR_estados_recepcion" nillable="true" type="tns:ESTR_estados_recepcion"/>
  <xs:complexType name="ArrayOfGES_GestionXDocumento">
    <xs:sequence>
      <xs:element minOccurs="0" maxOccurs="unbounded" name="GES_GestionXDocumento" nillable="true" type="tns:GES_GestionXDocumento"/>
    </xs:sequence>
  </xs:complexType>
  <xs:element name="ArrayOfGES_GestionXDocumento" nillable="true" type="tns:ArrayOfGES_GestionXDocumento"/>
  <xs:complexType name="GES_GestionXDocumento">
    <xs:sequence>
      <xs:element minOccurs="0" name="Aspnet_users_id_usuario" type="ser:guid"/>
      <xs:element minOccurs="0" name="ESTR_estados_recepcion" nillable="true" type="tns:ESTR_estados_recepcion"/>
      <xs:element minOccurs="0" name="ESTR_id_estado" type="xs:int"/>
      <xs:element minOccurs="0" name="GES_comentarios" nillable="true" type="xs:string"/>
      <xs:element minOccurs="0" name="GES_fecha_gestion" type="xs:dateTime"/>
      <xs:element minOccurs="0" name="GES_id_gestion" type="xs:int"/>
      <xs:element minOccurs="0" name="ITR_Informacion_Tramite_Recepcion" nillable="true" type="tns:ITR_Informacion_Tramite_Recepcion"/>
      <xs:element minOccurs="0" name="ITR_id_documento" type="xs:int"/>
      <xs:element minOccurs="0" name="STA_Stages" nillable="true" type="tns:STA_Stages"/>
      <xs:element minOccurs="0" name="STA_id_Stage" type="xs:int"/>
      <xs:element minOccurs="0" name="aspnet_Users" nillable="true" type="tns:aspnet_Users"/>
    </xs:sequence>
  </xs:complexType>
  <xs:element name="GES_GestionXDocumento" nillable="true" type="tns:GES_GestionXDocumento"/>
  <xs:complexType name="aspnet_Users">
    <xs:sequence>
      <xs:element minOccurs="0" name="ANER_Anexos_Recepcion" nillable="true" type="tns:ArrayOfANER_Anexos_Recepcion"/>
      <xs:element minOccurs="0" name="ApplicationId" type="ser:guid"/>
      <xs:element minOccurs="0" name="CVC_ClientesVsCuentasVIP" nillable="true" type="tns:ArrayOfCVC_ClientesVsCuentasVIP"/>
      <xs:element minOccurs="0" name="FILTRG_FiltroGrillas" nillable="true" type="tns:ArrayOfFILTRG_FiltroGrilla"/>
      <xs:element minOccurs="0" name="GES_GestionXDocumento" nillable="true" type="tns:ArrayOfGES_GestionXDocumento"/>
      <xs:element minOccurs="0" name="HIC_HistoricoContrasenas" nillable="true" type="tns:ArrayOfHIC_HistoricoContrasenas"/>
      <xs:element minOccurs="0" name="ITR_Informacion_Tramite_Recepcion" nillable="true" type="tns:ArrayOfITR_Informacion_Tramite_Recepcion"/>
      <xs:element minOccurs="0" name="IsAnonymous" type="xs:boolean"/>
      <xs:element minOccurs="0" name="LastActivityDate" type="xs:dateTime"/>
      <xs:element minOccurs="0" name="LoweredUserName" nillable="true" type="xs:string"/>
      <xs:element minOccurs="0" name="MobileAlias" nillable="true" type="xs:string"/>
      <xs:element minOccurs="0" name="OVC_ContactosVSCuentasVIPs" nillable="true" type="tns:ArrayOfOVC_ContactosVSCuentasVIP"/>
      <xs:element minOccurs="0" name="RES_RespuestasReto" nillable="true" type="tns:ArrayOfRES_RespuestasReto"/>
      <xs:element minOccurs="0" name="RXUE_RolesXUsuario_Recepcion" nillable="true" type="tns:ArrayOfRXUE_RolesXUsuario_Recepcion"/>
      <xs:element minOccurs="0" name="TXU_TerminosCondicionesAceptadas" nillable="true" type="tns:ArrayOfTXU_TerminosCondicionesAceptadas"/>
      <xs:element minOccurs="0" name="USU_usuarios" nillable="true" type="tns:ArrayOfUSU_usuarios"/>
      <xs:element minOccurs="0" name="UserId" type="ser:guid"/>
      <xs:element minOccurs="0" name="UserName" nillable="true" type="xs:string"/>
      <xs:element minOccurs="0" name="aspnet_Applications" nillable="true" type="tns:aspnet_Applications"/>
      <xs:element minOccurs="0" name="aspnet_Membership" nillable="true" type="tns:aspnet_Membership"/>
      <xs:element minOccurs="0" name="aspnet_Membership1" nillable="true" type="tns:aspnet_Membership"/>
      <xs:element minOccurs="0" name="aspnet_PersonalizationPerUser" nillable="true" type="tns:ArrayOfaspnet_PersonalizationPerUser"/>
      <xs:element minOccurs="0" name="aspnet_PersonalizationPerUser1" nillable="true" type="tns:ArrayOfaspnet_PersonalizationPerUser"/>
      <xs:element minOccurs="0" name="aspnet_Profile" nillable="true" type="tns:aspnet_Profile"/>
      <xs:element minOccurs="0" name="aspnet_Profile1" nillable="true" type="tns:aspnet_Profile"/>
      <xs:element minOccurs="0" name="aspnet_UsersInRoles" nillable="true" type="tns:ArrayOfaspnet_UsersInRoles"/>
      <xs:element minOccurs="0" name="aspnet_UsersInRoles1" nillable="true" type="tns:ArrayOfaspnet_UsersInRoles"/>
    </xs:sequence>
  </xs:complexType>
  <xs:element name="aspnet_Users" nillable="true" type="tns:aspnet_Users"/>
  <xs:complexType name="ArrayOfCVC_ClientesVsCuentasVIP">
    <xs:sequence>
      <xs:element minOccurs="0" maxOccurs="unbounded" name="CVC_ClientesVsCuentasVIP" nillable="true" type="tns:CVC_ClientesVsCuentasVIP"/>
    </xs:sequence>
  </xs:complexType>
  <xs:element name="ArrayOfCVC_ClientesVsCuentasVIP" nillable="true" type="tns:ArrayOfCVC_ClientesVsCuentasVIP"/>
  <xs:complexType name="CVC_ClientesVsCuentasVIP">
    <xs:sequence>
      <xs:element minOccurs="0" name="CLI_clientes" nillable="true" type="tns:CLI_clientes"/>
      <xs:element minOccurs="0" name="CLI_id_cliente" type="xs:int"/>
      <xs:element minOccurs="0" name="CVC_id_asociacion" type="xs:int"/>
      <xs:element minOccurs="0" name="UserId" type="ser:guid"/>
      <xs:element minOccurs="0" name="aspnet_Users" nillable="true" type="tns:aspnet_Users"/>
    </xs:sequence>
  </xs:complexType>
  <xs:element name="CVC_ClientesVsCuentasVIP" nillable="true" type="tns:CVC_ClientesVsCuentasVIP"/>
  <xs:complexType name="ArrayOfFILTRG_FiltroGrilla">
    <xs:sequence>
      <xs:element minOccurs="0" maxOccurs="unbounded" name="FILTRG_FiltroGrilla" nillable="true" type="tns:FILTRG_FiltroGrilla"/>
    </xs:sequence>
  </xs:complexType>
  <xs:element name="ArrayOfFILTRG_FiltroGrilla" nillable="true" type="tns:ArrayOfFILTRG_FiltroGrilla"/>
  <xs:complexType name="FILTRG_FiltroGrilla">
    <xs:sequence>
      <xs:element minOccurs="0" name="EMP_Empresa" nillable="true" type="tns:EMP_Empresa"/>
      <xs:element minOccurs="0" name="Emp_id_empresa" type="xs:int"/>
      <xs:element minOccurs="0" name="UserId" type="ser:guid"/>
      <xs:element minOccurs="0" name="aspnet_Users" nillable="true" type="tns:aspnet_Users"/>
      <xs:element minOccurs="0" name="filtrg_control" nillable="true" type="xs:string"/>
      <xs:element minOccurs="0" name="filtrg_descripcion" nillable="true" type="xs:string"/>
      <xs:element minOccurs="0" name="filtrg_id" type="xs:int"/>
      <xs:element minOccurs="0" name="filtrg_pagina" nillable="true" type="xs:string"/>
    </xs:sequence>
  </xs:complexType>
  <xs:element name="FILTRG_FiltroGrilla" nillable="true" type="tns:FILTRG_FiltroGrilla"/>
  <xs:complexType name="ArrayOfHIC_HistoricoContrasenas">
    <xs:sequence>
      <xs:element minOccurs="0" maxOccurs="unbounded" name="HIC_HistoricoContrasenas" nillable="true" type="tns:HIC_HistoricoContrasenas"/>
    </xs:sequence>
  </xs:complexType>
  <xs:element name="ArrayOfHIC_HistoricoContrasenas" nillable="true" type="tns:ArrayOfHIC_HistoricoContrasenas"/>
  <xs:complexType name="HIC_HistoricoContrasenas">
    <xs:sequence>
      <xs:element minOccurs="0" name="HIC_FechaCambioPasword" nillable="true" type="xs:dateTime"/>
      <xs:element minOccurs="0" name="HIC_HistoricoContrasenas" type="xs:int"/>
      <xs:element minOccurs="0" name="HIC_Password" nillable="true" type="xs:string"/>
      <xs:element minOccurs="0" name="UserId" type="ser:guid"/>
      <xs:element minOccurs="0" name="aspnet_Users" nillable="true" type="tns:aspnet_Users"/>
    </xs:sequence>
  </xs:complexType>
  <xs:element name="HIC_HistoricoContrasenas" nillable="true" type="tns:HIC_HistoricoContrasenas"/>
  <xs:complexType name="ArrayOfOVC_ContactosVSCuentasVIP">
    <xs:sequence>
      <xs:element minOccurs="0" maxOccurs="unbounded" name="OVC_ContactosVSCuentasVIP" nillable="true" type="tns:OVC_ContactosVSCuentasVIP"/>
    </xs:sequence>
  </xs:complexType>
  <xs:element name="ArrayOfOVC_ContactosVSCuentasVIP" nillable="true" type="tns:ArrayOfOVC_ContactosVSCuentasVIP"/>
  <xs:complexType name="OVC_ContactosVSCuentasVIP">
    <xs:sequence>
      <xs:element minOccurs="0" name="CNT_contactos" nillable="true" type="tns:CNT_contactos"/>
      <xs:element minOccurs="0" name="CNT_id_contacto" type="xs:int"/>
      <xs:element minOccurs="0" name="OVC_id_asociacion" type="xs:int"/>
      <xs:element minOccurs="0" name="UserId" type="ser:guid"/>
      <xs:element minOccurs="0" name="aspnet_Users" nillable="true" type="tns:aspnet_Users"/>
    </xs:sequence>
  </xs:complexType>
  <xs:element name="OVC_ContactosVSCuentasVIP" nillable="true" type="tns:OVC_ContactosVSCuentasVIP"/>
  <xs:complexType name="CNT_contactos">
    <xs:sequence>
      <xs:element minOccurs="0" name="CLI_clientes" nillable="true" type="tns:CLI_clientes"/>
      <xs:element minOccurs="0" name="CLI_id_cliente" type="xs:int"/>
      <xs:element minOccurs="0" name="CNT_cargo_contacto" nillable="true" type="xs:string"/>
      <xs:element minOccurs="0" name="CNT_correo_contacto" nillable="true" type="xs:string"/>
      <xs:element minOccurs="0" name="CNT_factura_aceptar" type="xs:boolean"/>
      <xs:element minOccurs="0" name="CNT_factura_ver" type="xs:boolean"/>
      <xs:element minOccurs="0" name="CNT_id_contacto" type="xs:int"/>
      <xs:element minOccurs="0" name="CNT_nombre_contacto" nillable="true" type="xs:string"/>
      <xs:element minOccurs="0" name="CNT_observaciones" nillable="true" type="xs:string"/>
      <xs:element minOccurs="0" name="EMP_Empresa" nillable="true" type="tns:EMP_Empresa"/>
      <xs:element minOccurs="0" name="Emp_id_empresa" type="xs:int"/>
      <xs:element minOccurs="0" name="OVC_ContactosVSCuentasVIPs" nillable="true" type="tns:ArrayOfOVC_ContactosVSCuentasVIP"/>
      <xs:element minOccurs="0" name="USU_usuarios" nillable="true" type="tns:ArrayOfUSU_usuarios"/>
    </xs:sequence>
  </xs:complexType>
  <xs:element name="CNT_contactos" nillable="true" type="tns:CNT_contactos"/>
  <xs:complexType name="ArrayOfUSU_usuarios">
    <xs:sequence>
      <xs:element minOccurs="0" maxOccurs="unbounded" name="USU_usuarios" nillable="true" type="tns:USU_usuarios"/>
    </xs:sequence>
  </xs:complexType>
  <xs:element name="ArrayOfUSU_usuarios" nillable="true" type="tns:ArrayOfUSU_usuarios"/>
  <xs:complexType name="USU_usuarios">
    <xs:sequence>
      <xs:element minOccurs="0" name="BAN_BandejasUsuarios" nillable="true" type="tns:ArrayOfBAN_BandejasUsuarios"/>
      <xs:element minOccurs="0" name="CLI_clientes" nillable="true" type="tns:CLI_clientes"/>
      <xs:element minOccurs="0" name="CLI_id_cliente" nillable="true" type="xs:int"/>
      <xs:element minOccurs="0" name="CNT_contactos" nillable="true" type="tns:CNT_contactos"/>
      <xs:element minOccurs="0" name="CNT_id_contacto" nillable="true" type="xs:int"/>
      <xs:element minOccurs="0" name="EMP_Empresa" nillable="true" type="tns:EMP_Empresa"/>
      <xs:element minOccurs="0" name="RUT_Ruta_Aprobacion" nillable="true" type="tns:ArrayOfRUT_Ruta_Aprobacion"/>
      <xs:element minOccurs="0" name="SUC_id_sucursal" nillable="true" type="xs:int"/>
      <xs:element minOccurs="0" name="SUC_sucursales" nillable="true" type="tns:SUC_sucursales"/>
      <xs:element minOccurs="0" name="SXU_SucursalesXUsuarios" nillable="true" type="tns:ArrayOfSXU_SucursalesXUsuario"/>
      <xs:element minOccurs="0" name="USU_Emp_id_empresa" type="xs:int"/>
      <xs:element minOccurs="0" name="USU_LDAP_Correo" nillable="true" type="xs:string"/>
      <xs:element minOccurs="0" name="USU_LDAP_ID_Unico" nillable="true" type="xs:string"/>
      <xs:element minOccurs="0" name="USU_LDAP_Nombre" nillable="true" type="xs:string"/>
      <xs:element minOccurs="0" name="USU_LDAP_Nombre_Corto" nillable="true" type="xs:string"/>
      <xs:element minOccurs="0" name="USU_LDAP_UID" nillable="true" type="xs:string"/>
      <xs:element minOccurs="0" name="USU_numero_usuario" type="xs:decimal"/>
      <xs:element minOccurs="0" name="UserId" type="ser:guid"/>
      <xs:element minOccurs="0" name="aspnet_Users" nillable="true" type="tns:aspnet_Users"/>
    </xs:sequence>
  </xs:complexType>
  <xs:element name="USU_usuarios" nillable="true" type="tns:USU_usuarios"/>
  <xs:complexType name="ArrayOfBAN_BandejasUsuarios">
    <xs:sequence>
      <xs:element minOccurs="0" maxOccurs="unbounded" name="BAN_BandejasUsuarios" nillable="true" type="tns:BAN_BandejasUsuarios"/>
    </xs:sequence>
  </xs:complexType>
  <xs:element name="ArrayOfBAN_BandejasUsuarios" nillable="true" type="tns:ArrayOfBAN_BandejasUsuarios"/>
  <xs:complexType name="BAN_BandejasUsuarios">
    <xs:sequence>
      <xs:element minOccurs="0" name="BAN_CFD_id_cfd" type="xs:int"/>
      <xs:element minOccurs="0" name="BAN_USU_numero_usuario" type="xs:decimal"/>
      <xs:element minOccurs="0" name="BAN_id_bandeja" type="xs:int"/>
      <xs:element minOccurs="0" name="CFD_cfd_informacion" nillable="true" type="tns:CFD_cfd_informacion"/>
      <xs:element minOccurs="0" name="USU_usuarios" nillable="true" type="tns:USU_usuarios"/>
    </xs:sequence>
  </xs:complexType>
  <xs:element name="BAN_BandejasUsuarios" nillable="true" type="tns:BAN_BandejasUsuarios"/>
  <xs:complexType name="ArrayOfRUT_Ruta_Aprobacion">
    <xs:sequence>
      <xs:element minOccurs="0" maxOccurs="unbounded" name="RUT_Ruta_Aprobacion" nillable="true" type="tns:RUT_Ruta_Aprobacion"/>
    </xs:sequence>
  </xs:complexType>
  <xs:element name="ArrayOfRUT_Ruta_Aprobacion" nillable="true" type="tns:ArrayOfRUT_Ruta_Aprobacion"/>
  <xs:complexType name="RUT_Ruta_Aprobacion">
    <xs:sequence>
      <xs:element minOccurs="0" name="RUT_USU_numero_usuario" type="xs:decimal"/>
      <xs:element minOccurs="0" name="RUT_fin_ruta" type="xs:boolean"/>
      <xs:element minOccurs="0" name="RUT_id_ruta" type="xs:int"/>
      <xs:element minOccurs="0" name="RUT_maneja_rechazo" type="xs:boolean"/>
      <xs:element minOccurs="0" name="RUT_ordinal_paso" type="xs:int"/>
      <xs:element minOccurs="0" name="USU_usuarios" nillable="true" type="tns:USU_usuarios"/>
    </xs:sequence>
  </xs:complexType>
  <xs:element name="RUT_Ruta_Aprobacion" nillable="true" type="tns:RUT_Ruta_Aprobacion"/>
  <xs:complexType name="ArrayOfSXU_SucursalesXUsuario">
    <xs:sequence>
      <xs:element minOccurs="0" maxOccurs="unbounded" name="SXU_SucursalesXUsuario" nillable="true" type="tns:SXU_SucursalesXUsuario"/>
    </xs:sequence>
  </xs:complexType>
  <xs:element name="ArrayOfSXU_SucursalesXUsuario" nillable="true" type="tns:ArrayOfSXU_SucursalesXUsuario"/>
  <xs:complexType name="SXU_SucursalesXUsuario">
    <xs:sequence>
      <xs:element minOccurs="0" name="EMP_Empresa" nillable="true" type="tns:EMP_Empresa"/>
      <xs:element minOccurs="0" name="Emp_id_empresa" nillable="true" type="xs:int"/>
      <xs:element minOccurs="0" name="SUC_id_sucursal" type="xs:int"/>
      <xs:element minOccurs="0" name="SUC_sucursales" nillable="true" type="tns:SUC_sucursales"/>
      <xs:element minOccurs="0" name="SXU_id_SucursalesXUsuario" type="xs:int"/>
      <xs:element minOccurs="0" name="USU_numero_usuario" type="xs:decimal"/>
      <xs:element minOccurs="0" name="USU_usuarios" nillable="true" type="tns:USU_usuarios"/>
    </xs:sequence>
  </xs:complexType>
  <xs:element name="SXU_SucursalesXUsuario" nillable="true" type="tns:SXU_SucursalesXUsuario"/>
  <xs:complexType name="ArrayOfRES_RespuestasReto">
    <xs:sequence>
      <xs:element minOccurs="0" maxOccurs="unbounded" name="RES_RespuestasReto" nillable="true" type="tns:RES_RespuestasReto"/>
    </xs:sequence>
  </xs:complexType>
  <xs:element name="ArrayOfRES_RespuestasReto" nillable="true" type="tns:ArrayOfRES_RespuestasReto"/>
  <xs:complexType name="RES_RespuestasReto">
    <xs:sequence>
      <xs:element minOccurs="0" name="PRE_PreguntasReto" nillable="true" type="tns:PRE_PreguntasReto"/>
      <xs:element minOccurs="0" name="PRE_id_pregunta" type="xs:int"/>
      <xs:element minOccurs="0" name="RES_id_respuestas_reto" type="xs:int"/>
      <xs:element minOccurs="0" name="RES_respuesta_correcta" nillable="true" type="xs:string"/>
      <xs:element minOccurs="0" name="UserId" type="ser:guid"/>
      <xs:element minOccurs="0" name="aspnet_Users" nillable="true" type="tns:aspnet_Users"/>
    </xs:sequence>
  </xs:complexType>
  <xs:element name="RES_RespuestasReto" nillable="true" type="tns:RES_RespuestasReto"/>
  <xs:complexType name="PRE_PreguntasReto">
    <xs:sequence>
      <xs:element minOccurs="0" name="PRE_descripcion_pregunta" nillable="true" type="xs:string"/>
      <xs:element minOccurs="0" name="PRE_id_pregunta" type="xs:int"/>
      <xs:element minOccurs="0" name="RES_RespuestasReto" nillable="true" type="tns:ArrayOfRES_RespuestasReto"/>
    </xs:sequence>
  </xs:complexType>
  <xs:element name="PRE_PreguntasReto" nillable="true" type="tns:PRE_PreguntasReto"/>
  <xs:complexType name="ArrayOfRXUE_RolesXUsuario_Recepcion">
    <xs:sequence>
      <xs:element minOccurs="0" maxOccurs="unbounded" name="RXUE_RolesXUsuario_Recepcion" nillable="true" type="tns:RXUE_RolesXUsuario_Recepcion"/>
    </xs:sequence>
  </xs:complexType>
  <xs:element name="ArrayOfRXUE_RolesXUsuario_Recepcion" nillable="true" type="tns:ArrayOfRXUE_RolesXUsuario_Recepcion"/>
  <xs:complexType name="RXUE_RolesXUsuario_Recepcion">
    <xs:sequence>
      <xs:element minOccurs="0" name="Aspnet_users_id_usuario" type="ser:guid"/>
      <xs:element minOccurs="0" name="RFD_Roles_Flujo_Documental" nillable="true" type="tns:RFD_Roles_Flujo_Documental"/>
      <xs:element minOccurs="0" name="RXUE_id" type="xs:int"/>
      <xs:element minOccurs="0" name="Rol_id_rol" type="xs:int"/>
      <xs:element minOccurs="0" name="aspnet_Users" nillable="true" type="tns:aspnet_Users"/>
    </xs:sequence>
  </xs:complexType>
  <xs:element name="RXUE_RolesXUsuario_Recepcion" nillable="true" type="tns:RXUE_RolesXUsuario_Recepcion"/>
  <xs:complexType name="RFD_Roles_Flujo_Documental">
    <xs:sequence>
      <xs:element minOccurs="0" name="CAT_CategoriasRecepcion" nillable="true" type="tns:CAT_CategoriasRecepcion"/>
      <xs:element minOccurs="0" name="CAT_id_categoria" nillable="true" type="xs:int"/>
      <xs:element minOccurs="0" name="EMP_Empresa" nillable="true" type="tns:EMP_Empresa"/>
      <xs:element minOccurs="0" name="Emp_id_empresa" type="xs:int"/>
      <xs:element minOccurs="0" name="PER_Permisos_Documentos" nillable="true" type="tns:PER_Permisos_Documentos"/>
      <xs:element minOccurs="0" name="PER_id_permiso" type="xs:int"/>
      <xs:element minOccurs="0" name="RFD_descripcion" nillable="true" type="xs:string"/>
      <xs:element minOccurs="0" name="RFD_id_rol" type="xs:int"/>
      <xs:element minOccurs="0" name="RFD_nombre" nillable="true" type="xs:string"/>
      <xs:element minOccurs="0" name="RFD_rangoApro_final" nillable="true" type="xs:int"/>
      <xs:element minOccurs="0" name="RFD_rangoApro_inicio" nillable="true" type="xs:int"/>
      <xs:element minOccurs="0" name="RXUE_RolesXUsuario_Recepcion" nillable="true" type="tns:ArrayOfRXUE_RolesXUsuario_Recepcion"/>
      <xs:element minOccurs="0" name="STA_Stages" nillable="true" type="tns:STA_Stages"/>
      <xs:element minOccurs="0" name="STA_id_stage" type="xs:int"/>
    </xs:sequence>
  </xs:complexType>
  <xs:element name="RFD_Roles_Flujo_Documental" nillable="true" type="tns:RFD_Roles_Flujo_Documental"/>
  <xs:complexType name="CAT_CategoriasRecepcion">
    <xs:sequence>
      <xs:element minOccurs="0" name="CAT_id_categoria" type="xs:int"/>
      <xs:element minOccurs="0" name="CAT_nombre" nillable="true" type="xs:string"/>
      <xs:element minOccurs="0" name="EMP_Empresa" nillable="true" type="tns:EMP_Empresa"/>
      <xs:element minOccurs="0" name="Emp_id_empresa" type="xs:int"/>
      <xs:element minOccurs="0" name="RFD_Roles_Flujo_Documental" nillable="true" type="tns:ArrayOfRFD_Roles_Flujo_Documental"/>
    </xs:sequence>
  </xs:complexType>
  <xs:element name="CAT_CategoriasRecepcion" nillable="true" type="tns:CAT_CategoriasRecepcion"/>
  <xs:complexType name="ArrayOfRFD_Roles_Flujo_Documental">
    <xs:sequence>
      <xs:element minOccurs="0" maxOccurs="unbounded" name="RFD_Roles_Flujo_Documental" nillable="true" type="tns:RFD_Roles_Flujo_Documental"/>
    </xs:sequence>
  </xs:complexType>
  <xs:element name="ArrayOfRFD_Roles_Flujo_Documental" nillable="true" type="tns:ArrayOfRFD_Roles_Flujo_Documental"/>
  <xs:complexType name="PER_Permisos_Documentos">
    <xs:sequence>
      <xs:element minOccurs="0" name="PER_id_permiso" type="xs:int"/>
      <xs:element minOccurs="0" name="PER_nombre" nillable="true" type="xs:string"/>
      <xs:element minOccurs="0" name="RFD_Roles_Flujo_Documental" nillable="true" type="tns:ArrayOfRFD_Roles_Flujo_Documental"/>
    </xs:sequence>
  </xs:complexType>
  <xs:element name="PER_Permisos_Documentos" nillable="true" type="tns:PER_Permisos_Documentos"/>
  <xs:complexType name="ArrayOfTXU_TerminosCondicionesAceptadas">
    <xs:sequence>
      <xs:element minOccurs="0" maxOccurs="unbounded" name="TXU_TerminosCondicionesAceptadas" nillable="true" type="tns:TXU_TerminosCondicionesAceptadas"/>
    </xs:sequence>
  </xs:complexType>
  <xs:element name="ArrayOfTXU_TerminosCondicionesAceptadas" nillable="true" type="tns:ArrayOfTXU_TerminosCondicionesAceptadas"/>
  <xs:complexType name="TXU_TerminosCondicionesAceptadas">
    <xs:sequence>
      <xs:element minOccurs="0" name="TER_TerminosCondicionesVersiones" nillable="true" type="tns:TER_TerminosCondicionesVersiones"/>
      <xs:element minOccurs="0" name="TER_id_terminos" type="xs:int"/>
      <xs:element minOccurs="0" name="TXU_fecha_aceptacion" type="xs:dateTime"/>
      <xs:element minOccurs="0" name="TXU_id_terminos_usuario" type="xs:int"/>
      <xs:element minOccurs="0" name="UserId" type="ser:guid"/>
      <xs:element minOccurs="0" name="aspnet_Users" nillable="true" type="tns:aspnet_Users"/>
    </xs:sequence>
  </xs:complexType>
  <xs:element name="TXU_TerminosCondicionesAceptadas" nillable="true" type="tns:TXU_TerminosCondicionesAceptadas"/>
  <xs:complexType name="TER_TerminosCondicionesVersiones">
    <xs:sequence>
      <xs:element minOccurs="0" name="EMP_Empresa" nillable="true" type="tns:EMP_Empresa"/>
      <xs:element minOccurs="0" name="Emp_id_empresa" type="xs:int"/>
      <xs:element minOccurs="0" name="TDI_TipoDocumentoInterno" nillable="true" type="tns:TDI_TipoDocumentoInterno"/>
      <xs:element minOccurs="0" name="TER_html_congelado" nillable="true" type="xs:string"/>
      <xs:element minOccurs="0" name="TER_id_terminos" type="xs:int"/>
      <xs:element minOccurs="0" name="TXU_TerminosCondicionesAceptadas" nillable="true" type="tns:ArrayOfTXU_TerminosCondicionesAceptadas"/>
      <xs:element minOccurs="0" name="pdo_fecha_actavig" nillable="true" type="xs:string"/>
      <xs:element minOccurs="0" name="tdi_id_tipo_doc_interno" type="xs:int"/>
    </xs:sequence>
  </xs:complexType>
  <xs:element name="TER_TerminosCondicionesVersiones" nillable="true" type="tns:TER_TerminosCondicionesVersiones"/>
  <xs:complexType name="TDI_TipoDocumentoInterno">
    <xs:sequence>
      <xs:element minOccurs="0" name="PDO_PersonalizaDocumento" nillable="true" type="tns:ArrayOfPDO_PersonalizaDocumento"/>
      <xs:element minOccurs="0" name="TER_TerminosCondicionesVersiones" nillable="true" type="tns:ArrayOfTER_TerminosCondicionesVersiones"/>
      <xs:element minOccurs="0" name="tdi_id_tipo_doc_interno" type="xs:int"/>
      <xs:element minOccurs="0" name="tdi_nombre_doc" nillable="true" type="xs:string"/>
    </xs:sequence>
  </xs:complexType>
  <xs:element name="TDI_TipoDocumentoInterno" nillable="true" type="tns:TDI_TipoDocumentoInterno"/>
  <xs:complexType name="ArrayOfPDO_PersonalizaDocumento">
    <xs:sequence>
      <xs:element minOccurs="0" maxOccurs="unbounded" name="PDO_PersonalizaDocumento" nillable="true" type="tns:PDO_PersonalizaDocumento"/>
    </xs:sequence>
  </xs:complexType>
  <xs:element name="ArrayOfPDO_PersonalizaDocumento" nillable="true" type="tns:ArrayOfPDO_PersonalizaDocumento"/>
  <xs:complexType name="PDO_PersonalizaDocumento">
    <xs:sequence>
      <xs:element minOccurs="0" name="EMP_Empresa" nillable="true" type="tns:EMP_Empresa"/>
      <xs:element minOccurs="0" name="TDI_TipoDocumentoInterno" nillable="true" type="tns:TDI_TipoDocumentoInterno"/>
      <xs:element minOccurs="0" name="emp_id_empresa" nillable="true" type="xs:int"/>
      <xs:element minOccurs="0" name="pdo_fecha_actavig" type="xs:dateTime"/>
      <xs:element minOccurs="0" name="pdo_html_enactualizacion" nillable="true" type="xs:string"/>
      <xs:element minOccurs="0" name="pdo_html_vigente" nillable="true" type="xs:string"/>
      <xs:element minOccurs="0" name="pdo_id_personalizacion" type="xs:int"/>
      <xs:element minOccurs="0" name="tdi_id_tipo_doc_interno" type="xs:int"/>
    </xs:sequence>
  </xs:complexType>
  <xs:element name="PDO_PersonalizaDocumento" nillable="true" type="tns:PDO_PersonalizaDocumento"/>
  <xs:complexType name="ArrayOfTER_TerminosCondicionesVersiones">
    <xs:sequence>
      <xs:element minOccurs="0" maxOccurs="unbounded" name="TER_TerminosCondicionesVersiones" nillable="true" type="tns:TER_TerminosCondicionesVersiones"/>
    </xs:sequence>
  </xs:complexType>
  <xs:element name="ArrayOfTER_TerminosCondicionesVersiones" nillable="true" type="tns:ArrayOfTER_TerminosCondicionesVersiones"/>
  <xs:complexType name="aspnet_Applications">
    <xs:sequence>
      <xs:element minOccurs="0" name="ApplicationId" type="ser:guid"/>
      <xs:element minOccurs="0" name="ApplicationName" nillable="true" type="xs:string"/>
      <xs:element minOccurs="0" name="Description" nillable="true" type="xs:string"/>
      <xs:element minOccurs="0" name="LoweredApplicationName" nillable="true" type="xs:string"/>
      <xs:element minOccurs="0" name="aspnet_Membership" nillable="true" type="tns:ArrayOfaspnet_Membership"/>
      <xs:element minOccurs="0" name="aspnet_Membership1" nillable="true" type="tns:ArrayOfaspnet_Membership"/>
      <xs:element minOccurs="0" name="aspnet_Paths" nillable="true" type="tns:ArrayOfaspnet_Paths"/>
      <xs:element minOccurs="0" name="aspnet_Paths1" nillable="true" type="tns:ArrayOfaspnet_Paths"/>
      <xs:element minOccurs="0" name="aspnet_Roles" nillable="true" type="tns:ArrayOfaspnet_Roles"/>
      <xs:element minOccurs="0" name="aspnet_Roles1" nillable="true" type="tns:ArrayOfaspnet_Roles"/>
      <xs:element minOccurs="0" name="aspnet_Users" nillable="true" type="tns:ArrayOfaspnet_Users"/>
    </xs:sequence>
  </xs:complexType>
  <xs:element name="aspnet_Applications" nillable="true" type="tns:aspnet_Applications"/>
  <xs:complexType name="ArrayOfaspnet_Membership">
    <xs:sequence>
      <xs:element minOccurs="0" maxOccurs="unbounded" name="aspnet_Membership" nillable="true" type="tns:aspnet_Membership"/>
    </xs:sequence>
  </xs:complexType>
  <xs:element name="ArrayOfaspnet_Membership" nillable="true" type="tns:ArrayOfaspnet_Membership"/>
  <xs:complexType name="aspnet_Membership">
    <xs:sequence>
      <xs:element minOccurs="0" name="ApplicationId" type="ser:guid"/>
      <xs:element minOccurs="0" name="Comment" nillable="true" type="xs:string"/>
      <xs:element minOccurs="0" name="CreateDate" type="xs:dateTime"/>
      <xs:element minOccurs="0" name="Email" nillable="true" type="xs:string"/>
      <xs:element minOccurs="0" name="FailedPasswordAnswerAttemptCount" type="xs:int"/>
      <xs:element minOccurs="0" name="FailedPasswordAnswerAttemptWindowStart" type="xs:dateTime"/>
      <xs:element minOccurs="0" name="FailedPasswordAttemptCount" type="xs:int"/>
      <xs:element minOccurs="0" name="FailedPasswordAttemptWindowStart" type="xs:dateTime"/>
      <xs:element minOccurs="0" name="IsApproved" type="xs:boolean"/>
      <xs:element minOccurs="0" name="IsLockedOut" type="xs:boolean"/>
      <xs:element minOccurs="0" name="LastLockoutDate" type="xs:dateTime"/>
      <xs:element minOccurs="0" name="LastLoginDate" type="xs:dateTime"/>
      <xs:element minOccurs="0" name="LastPasswordChangedDate" type="xs:dateTime"/>
      <xs:element minOccurs="0" name="LoweredEmail" nillable="true" type="xs:string"/>
      <xs:element minOccurs="0" name="MobilePIN" nillable="true" type="xs:string"/>
      <xs:element minOccurs="0" name="Password" nillable="true" type="xs:string"/>
      <xs:element minOccurs="0" name="PasswordAnswer" nillable="true" type="xs:string"/>
      <xs:element minOccurs="0" name="PasswordFormat" type="xs:int"/>
      <xs:element minOccurs="0" name="PasswordQuestion" nillable="true" type="xs:string"/>
      <xs:element minOccurs="0" name="PasswordSalt" nillable="true" type="xs:string"/>
      <xs:element minOccurs="0" name="UserId" type="ser:guid"/>
      <xs:element minOccurs="0" name="aspnet_Applications" nillable="true" type="tns:aspnet_Applications"/>
      <xs:element minOccurs="0" name="aspnet_Applications1" nillable="true" type="tns:aspnet_Applications"/>
      <xs:element minOccurs="0" name="aspnet_Users" nillable="true" type="tns:aspnet_Users"/>
      <xs:element minOccurs="0" name="aspnet_Users1" nillable="true" type="tns:aspnet_Users"/>
    </xs:sequence>
  </xs:complexType>
  <xs:element name="aspnet_Membership" nillable="true" type="tns:aspnet_Membership"/>
  <xs:complexType name="ArrayOfaspnet_Paths">
    <xs:sequence>
      <xs:element minOccurs="0" maxOccurs="unbounded" name="aspnet_Paths" nillable="true" type="tns:aspnet_Paths"/>
    </xs:sequence>
  </xs:complexType>
  <xs:element name="ArrayOfaspnet_Paths" nillable="true" type="tns:ArrayOfaspnet_Paths"/>
  <xs:complexType name="aspnet_Paths">
    <xs:sequence>
      <xs:element minOccurs="0" name="ApplicationId" type="ser:guid"/>
      <xs:element minOccurs="0" name="LoweredPath" nillable="true" type="xs:string"/>
      <xs:element minOccurs="0" name="Path" nillable="true" type="xs:string"/>
      <xs:element minOccurs="0" name="PathId" type="ser:guid"/>
      <xs:element minOccurs="0" name="aspnet_Applications" nillable="true" type="tns:aspnet_Applications"/>
      <xs:element minOccurs="0" name="aspnet_Applications1" nillable="true" type="tns:aspnet_Applications"/>
      <xs:element minOccurs="0" name="aspnet_PersonalizationAllUsers" nillable="true" type="tns:aspnet_PersonalizationAllUsers"/>
      <xs:element minOccurs="0" name="aspnet_PersonalizationAllUsers1" nillable="true" type="tns:aspnet_PersonalizationAllUsers"/>
      <xs:element minOccurs="0" name="aspnet_PersonalizationPerUser" nillable="true" type="tns:ArrayOfaspnet_PersonalizationPerUser"/>
      <xs:element minOccurs="0" name="aspnet_PersonalizationPerUser1" nillable="true" type="tns:ArrayOfaspnet_PersonalizationPerUser"/>
    </xs:sequence>
  </xs:complexType>
  <xs:element name="aspnet_Paths" nillable="true" type="tns:aspnet_Paths"/>
  <xs:complexType name="aspnet_PersonalizationAllUsers">
    <xs:sequence>
      <xs:element minOccurs="0" name="LastUpdatedDate" type="xs:dateTime"/>
      <xs:element minOccurs="0" name="PageSettings" nillable="true" type="q5:Binary" xmlns:q5="http://schemas.datacontract.org/2004/07/System.Data.Linq"/>
      <xs:element minOccurs="0" name="PathId" type="ser:guid"/>
      <xs:element minOccurs="0" name="aspnet_Paths" nillable="true" type="tns:aspnet_Paths"/>
      <xs:element minOccurs="0" name="aspnet_Paths1" nillable="true" type="tns:aspnet_Paths"/>
    </xs:sequence>
  </xs:complexType>
  <xs:element name="aspnet_PersonalizationAllUsers" nillable="true" type="tns:aspnet_PersonalizationAllUsers"/>
  <xs:complexType name="ArrayOfaspnet_PersonalizationPerUser">
    <xs:sequence>
      <xs:element minOccurs="0" maxOccurs="unbounded" name="aspnet_PersonalizationPerUser" nillable="true" type="tns:aspnet_PersonalizationPerUser"/>
    </xs:sequence>
  </xs:complexType>
  <xs:element name="ArrayOfaspnet_PersonalizationPerUser" nillable="true" type="tns:ArrayOfaspnet_PersonalizationPerUser"/>
  <xs:complexType name="aspnet_PersonalizationPerUser">
    <xs:sequence>
      <xs:element minOccurs="0" name="Id" type="ser:guid"/>
      <xs:element minOccurs="0" name="LastUpdatedDate" type="xs:dateTime"/>
      <xs:element minOccurs="0" name="PageSettings" nillable="true" type="q6:Binary" xmlns:q6="http://schemas.datacontract.org/2004/07/System.Data.Linq"/>
      <xs:element minOccurs="0" name="PathId" nillable="true" type="ser:guid"/>
      <xs:element minOccurs="0" name="UserId" nillable="true" type="ser:guid"/>
      <xs:element minOccurs="0" name="aspnet_Paths" nillable="true" type="tns:aspnet_Paths"/>
      <xs:element minOccurs="0" name="aspnet_Paths1" nillable="true" type="tns:aspnet_Paths"/>
      <xs:element minOccurs="0" name="aspnet_Users" nillable="true" type="tns:aspnet_Users"/>
      <xs:element minOccurs="0" name="aspnet_Users1" nillable="true" type="tns:aspnet_Users"/>
    </xs:sequence>
  </xs:complexType>
  <xs:element name="aspnet_PersonalizationPerUser" nillable="true" type="tns:aspnet_PersonalizationPerUser"/>
  <xs:complexType name="ArrayOfaspnet_Roles">
    <xs:sequence>
      <xs:element minOccurs="0" maxOccurs="unbounded" name="aspnet_Roles" nillable="true" type="tns:aspnet_Roles"/>
    </xs:sequence>
  </xs:complexType>
  <xs:element name="ArrayOfaspnet_Roles" nillable="true" type="tns:ArrayOfaspnet_Roles"/>
  <xs:complexType name="aspnet_Roles">
    <xs:sequence>
      <xs:element minOccurs="0" name="ApplicationId" type="ser:guid"/>
      <xs:element minOccurs="0" name="Description" nillable="true" type="xs:string"/>
      <xs:element minOccurs="0" name="LoweredRoleName" nillable="true" type="xs:string"/>
      <xs:element minOccurs="0" name="RoleId" type="ser:guid"/>
      <xs:element minOccurs="0" name="RoleName" nillable="true" type="xs:string"/>
      <xs:element minOccurs="0" name="aspnet_Applications" nillable="true" type="tns:aspnet_Applications"/>
      <xs:element minOccurs="0" name="aspnet_Applications1" nillable="true" type="tns:aspnet_Applications"/>
      <xs:element minOccurs="0" name="aspnet_Roles_Custom_Applications" nillable="true" type="tns:aspnet_Roles_Custom_Applications"/>
      <xs:element minOccurs="0" name="aspnet_UsersInRoles" nillable="true" type="tns:ArrayOfaspnet_UsersInRoles"/>
      <xs:element minOccurs="0" name="aspnet_UsersInRoles1" nillable="true" type="tns:ArrayOfaspnet_UsersInRoles"/>
    </xs:sequence>
  </xs:complexType>
  <xs:element name="aspnet_Roles" nillable="true" type="tns:aspnet_Roles"/>
  <xs:complexType name="aspnet_Roles_Custom_Applications">
    <xs:sequence>
      <xs:element minOccurs="0" name="ApplicationId" type="ser:guid"/>
      <xs:element minOccurs="0" name="RoleId" type="ser:guid"/>
      <xs:element minOccurs="0" name="aspnet_Custom_Applications" nillable="true" type="tns:aspnet_Custom_Applications"/>
      <xs:element minOccurs="0" name="aspnet_Roles" nillable="true" type="tns:aspnet_Roles"/>
      <xs:element minOccurs="0" name="aspnet_Roles_Menu_Actions" nillable="true" type="tns:ArrayOfaspnet_Roles_Menu_Actions"/>
      <xs:element minOccurs="0" name="aspnet_Roles_Menu_Applications" nillable="true" type="tns:ArrayOfaspnet_Roles_Menu_Applications"/>
    </xs:sequence>
  </xs:complexType>
  <xs:element name="aspnet_Roles_Custom_Applications" nillable="true" type="tns:aspnet_Roles_Custom_Applications"/>
  <xs:complexType name="aspnet_Custom_Applications">
    <xs:sequence>
      <xs:element minOccurs="0" name="ApplicationId" type="ser:guid"/>
      <xs:element minOccurs="0" name="ApplicationName" nillable="true" type="xs:string"/>
      <xs:element minOccurs="0" name="ApplicationPath" nillable="true" type="xs:string"/>
      <xs:element minOccurs="0" name="Description" nillable="true" type="xs:string"/>
      <xs:element minOccurs="0" name="LoweredApplicationName" nillable="true" type="xs:string"/>
      <xs:element minOccurs="0" name="aspnet_Menu_Applications" nillable="true" type="tns:ArrayOfaspnet_Menu_Applications"/>
      <xs:element minOccurs="0" name="aspnet_Roles_Custom_Applications" nillable="true" type="tns:ArrayOfaspnet_Roles_Custom_Applications"/>
    </xs:sequence>
  </xs:complexType>
  <xs:element name="aspnet_Custom_Applications" nillable="true" type="tns:aspnet_Custom_Applications"/>
  <xs:complexType name="ArrayOfaspnet_Menu_Applications">
    <xs:sequence>
      <xs:element minOccurs="0" maxOccurs="unbounded" name="aspnet_Menu_Applications" nillable="true" type="tns:aspnet_Menu_Applications"/>
    </xs:sequence>
  </xs:complexType>
  <xs:element name="ArrayOfaspnet_Menu_Applications" nillable="true" type="tns:ArrayOfaspnet_Menu_Applications"/>
  <xs:complexType name="aspnet_Menu_Applications">
    <xs:sequence>
      <xs:element minOccurs="0" name="ApplicationId" type="ser:guid"/>
      <xs:element minOccurs="0" name="Description" nillable="true" type="xs:string"/>
      <xs:element minOccurs="0" name="LoweredMenuName" nillable="true" type="xs:string"/>
      <xs:element minOccurs="0" name="MenuId" type="ser:guid"/>
      <xs:element minOccurs="0" name="MenuIdParent" nillable="true" type="ser:guid"/>
      <xs:element minOccurs="0" name="MenuLevel" type="xs:int"/>
      <xs:element minOccurs="0" name="MenuName" nillable="true" type="xs:string"/>
      <xs:element minOccurs="0" name="MenuPath" nillable="true" type="xs:string"/>
      <xs:element minOccurs="0" name="aspnet_Custom_Applications" nillable="true" type="tns:aspnet_Custom_Applications"/>
      <xs:element minOccurs="0" name="aspnet_Menu_Actions" nillable="true" type="tns:ArrayOfaspnet_Menu_Actions"/>
      <xs:element minOccurs="0" name="aspnet_Roles_Menu_Applications" nillable="true" type="tns:ArrayOfaspnet_Roles_Menu_Applications"/>
      <xs:element minOccurs="0" name="secuencia" type="xs:decimal"/>
    </xs:sequence>
  </xs:complexType>
  <xs:element name="aspnet_Menu_Applications" nillable="true" type="tns:aspnet_Menu_Applications"/>
  <xs:complexType name="ArrayOfaspnet_Menu_Actions">
    <xs:sequence>
      <xs:element minOccurs="0" maxOccurs="unbounded" name="aspnet_Menu_Actions" nillable="true" type="tns:aspnet_Menu_Actions"/>
    </xs:sequence>
  </xs:complexType>
  <xs:element name="ArrayOfaspnet_Menu_Actions" nillable="true" type="tns:ArrayOfaspnet_Menu_Actions"/>
  <xs:complexType name="aspnet_Menu_Actions">
    <xs:sequence>
      <xs:element minOccurs="0" name="ActionId" type="ser:guid"/>
      <xs:element minOccurs="0" name="ActionName" nillable="true" type="xs:string"/>
      <xs:element minOccurs="0" name="ApplicationId" type="ser:guid"/>
      <xs:element minOccurs="0" name="LoweredActionName" nillable="true" type="xs:string"/>
      <xs:element minOccurs="0" name="MenuId" type="ser:guid"/>
      <xs:element minOccurs="0" name="aspnet_Menu_Applications" nillable="true" type="tns:aspnet_Menu_Applications"/>
      <xs:element minOccurs="0" name="aspnet_Roles_Menu_Actions" nillable="true" type="tns:ArrayOfaspnet_Roles_Menu_Actions"/>
    </xs:sequence>
  </xs:complexType>
  <xs:element name="aspnet_Menu_Actions" nillable="true" type="tns:aspnet_Menu_Actions"/>
  <xs:complexType name="ArrayOfaspnet_Roles_Menu_Actions">
    <xs:sequence>
      <xs:element minOccurs="0" maxOccurs="unbounded" name="aspnet_Roles_Menu_Actions" nillable="true" type="tns:aspnet_Roles_Menu_Actions"/>
    </xs:sequence>
  </xs:complexType>
  <xs:element name="ArrayOfaspnet_Roles_Menu_Actions" nillable="true" type="tns:ArrayOfaspnet_Roles_Menu_Actions"/>
  <xs:complexType name="aspnet_Roles_Menu_Actions">
    <xs:sequence>
      <xs:element minOccurs="0" name="ActionId" type="ser:guid"/>
      <xs:element minOccurs="0" name="ApplicationId" type="ser:guid"/>
      <xs:element minOccurs="0" name="MenuId" type="ser:guid"/>
      <xs:element minOccurs="0" name="RoleId" type="ser:guid"/>
      <xs:element minOccurs="0" name="aspnet_Menu_Actions" nillable="true" type="tns:aspnet_Menu_Actions"/>
      <xs:element minOccurs="0" name="aspnet_Roles_Custom_Applications" nillable="true" type="tns:aspnet_Roles_Custom_Applications"/>
    </xs:sequence>
  </xs:complexType>
  <xs:element name="aspnet_Roles_Menu_Actions" nillable="true" type="tns:aspnet_Roles_Menu_Actions"/>
  <xs:complexType name="ArrayOfaspnet_Roles_Menu_Applications">
    <xs:sequence>
      <xs:element minOccurs="0" maxOccurs="unbounded" name="aspnet_Roles_Menu_Applications" nillable="true" type="tns:aspnet_Roles_Menu_Applications"/>
    </xs:sequence>
  </xs:complexType>
  <xs:element name="ArrayOfaspnet_Roles_Menu_Applications" nillable="true" type="tns:ArrayOfaspnet_Roles_Menu_Applications"/>
  <xs:complexType name="aspnet_Roles_Menu_Applications">
    <xs:sequence>
      <xs:element minOccurs="0" name="ApplicationId" type="ser:guid"/>
      <xs:element minOccurs="0" name="MenuId" type="ser:guid"/>
      <xs:element minOccurs="0" name="RoleId" type="ser:guid"/>
      <xs:element minOccurs="0" name="aspnet_Menu_Applications" nillable="true" type="tns:aspnet_Menu_Applications"/>
      <xs:element minOccurs="0" name="aspnet_Roles_Custom_Applications" nillable="true" type="tns:aspnet_Roles_Custom_Applications"/>
    </xs:sequence>
  </xs:complexType>
  <xs:element name="aspnet_Roles_Menu_Applications" nillable="true" type="tns:aspnet_Roles_Menu_Applications"/>
  <xs:complexType name="ArrayOfaspnet_Roles_Custom_Applications">
    <xs:sequence>
      <xs:element minOccurs="0" maxOccurs="unbounded" name="aspnet_Roles_Custom_Applications" nillable="true" type="tns:aspnet_Roles_Custom_Applications"/>
    </xs:sequence>
  </xs:complexType>
  <xs:element name="ArrayOfaspnet_Roles_Custom_Applications" nillable="true" type="tns:ArrayOfaspnet_Roles_Custom_Applications"/>
  <xs:complexType name="ArrayOfaspnet_UsersInRoles">
    <xs:sequence>
      <xs:element minOccurs="0" maxOccurs="unbounded" name="aspnet_UsersInRoles" nillable="true" type="tns:aspnet_UsersInRoles"/>
    </xs:sequence>
  </xs:complexType>
  <xs:element name="ArrayOfaspnet_UsersInRoles" nillable="true" type="tns:ArrayOfaspnet_UsersInRoles"/>
  <xs:complexType name="aspnet_UsersInRoles">
    <xs:sequence>
      <xs:element minOccurs="0" name="RoleId" type="ser:guid"/>
      <xs:element minOccurs="0" name="UserId" type="ser:guid"/>
      <xs:element minOccurs="0" name="aspnet_Roles" nillable="true" type="tns:aspnet_Roles"/>
      <xs:element minOccurs="0" name="aspnet_Roles1" nillable="true" type="tns:aspnet_Roles"/>
      <xs:element minOccurs="0" name="aspnet_Users" nillable="true" type="tns:aspnet_Users"/>
      <xs:element minOccurs="0" name="aspnet_Users1" nillable="true" type="tns:aspnet_Users"/>
    </xs:sequence>
  </xs:complexType>
  <xs:element name="aspnet_UsersInRoles" nillable="true" type="tns:aspnet_UsersInRoles"/>
  <xs:complexType name="ArrayOfaspnet_Users">
    <xs:sequence>
      <xs:element minOccurs="0" maxOccurs="unbounded" name="aspnet_Users" nillable="true" type="tns:aspnet_Users"/>
    </xs:sequence>
  </xs:complexType>
  <xs:element name="ArrayOfaspnet_Users" nillable="true" type="tns:ArrayOfaspnet_Users"/>
  <xs:complexType name="aspnet_Profile">
    <xs:sequence>
      <xs:element minOccurs="0" name="LastUpdatedDate" type="xs:dateTime"/>
      <xs:element minOccurs="0" name="PropertyNames" nillable="true" type="xs:string"/>
      <xs:element minOccurs="0" name="PropertyValuesBinary" nillable="true" type="q7:Binary" xmlns:q7="http://schemas.datacontract.org/2004/07/System.Data.Linq"/>
      <xs:element minOccurs="0" name="PropertyValuesString" nillable="true" type="xs:string"/>
      <xs:element minOccurs="0" name="UserId" type="ser:guid"/>
      <xs:element minOccurs="0" name="aspnet_Users" nillable="true" type="tns:aspnet_Users"/>
      <xs:element minOccurs="0" name="aspnet_Users1" nillable="true" type="tns:aspnet_Users"/>
    </xs:sequence>
  </xs:complexType>
  <xs:element name="aspnet_Profile" nillable="true" type="tns:aspnet_Profile"/>
  <xs:complexType name="ArrayOfGAR_Gestion_Anexos_Recepcion_Avanzada">
    <xs:sequence>
      <xs:element minOccurs="0" maxOccurs="unbounded" name="GAR_Gestion_Anexos_Recepcion_Avanzada" nillable="true" type="tns:GAR_Gestion_Anexos_Recepcion_Avanzada"/>
    </xs:sequence>
  </xs:complexType>
  <xs:element name="ArrayOfGAR_Gestion_Anexos_Recepcion_Avanzada" nillable="true" type="tns:ArrayOfGAR_Gestion_Anexos_Recepcion_Avanzada"/>
  <xs:complexType name="GAR_Gestion_Anexos_Recepcion_Avanzada">
    <xs:sequence>
      <xs:element minOccurs="0" name="GAR_Aprobado" nillable="true" type="xs:boolean"/>
      <xs:element minOccurs="0" name="GAR_Fecha_Ajuste_Proveedor" nillable="true" type="xs:dateTime"/>
      <xs:element minOccurs="0" name="GAR_Fecha_Creacion" nillable="true" type="xs:dateTime"/>
      <xs:element minOccurs="0" name="GAR_Id_Gestion_Anexo" type="xs:int"/>
      <xs:element minOccurs="0" name="GAR_Motivo_Devolucion" nillable="true" type="xs:string"/>
      <xs:element minOccurs="0" name="GAR_Usuario_Creacion" nillable="true" type="xs:string"/>
      <xs:element minOccurs="0" name="GAR_Usuario_Modificacion" nillable="true" type="xs:string"/>
      <xs:element minOccurs="0" name="ITR_Informacion_Tramite_Recepcion" nillable="true" type="tns:ITR_Informacion_Tramite_Recepcion"/>
      <xs:element minOccurs="0" name="ITR_id_documento" nillable="true" type="xs:int"/>
    </xs:sequence>
  </xs:complexType>
  <xs:element name="GAR_Gestion_Anexos_Recepcion_Avanzada" nillable="true" type="tns:GAR_Gestion_Anexos_Recepcion_Avanzada"/>
  <xs:complexType name="RUBR_Rubros_Recepcion">
    <xs:sequence>
      <xs:element minOccurs="0" name="EMP_Empresa" nillable="true" type="tns:EMP_Empresa"/>
      <xs:element minOccurs="0" name="Emp_id_empresa" type="xs:int"/>
      <xs:element minOccurs="0" name="ITR_Informacion_Tramite_Recepcion" nillable="true" type="tns:ArrayOfITR_Informacion_Tramite_Recepcion"/>
      <xs:element minOccurs="0" name="RUBR_descripcion" nillable="true" type="xs:string"/>
      <xs:element minOccurs="0" name="RUBR_id_rubro" type="xs:int"/>
    </xs:sequence>
  </xs:complexType>
  <xs:element name="RUBR_Rubros_Recepcion" nillable="true" type="tns:RUBR_Rubros_Recepcion"/>
  <xs:complexType name="TGA_TipoGasto">
    <xs:sequence>
      <xs:element minOccurs="0" name="EMP_Empresa" nillable="true" type="tns:EMP_Empresa"/>
      <xs:element minOccurs="0" name="Emp_id_empresa" type="xs:int"/>
      <xs:element minOccurs="0" name="ITR_Informacion_Tramite_Recepcion" nillable="true" type="tns:ArrayOfITR_Informacion_Tramite_Recepcion"/>
      <xs:element minOccurs="0" name="TGA_id" type="xs:int"/>
      <xs:element minOccurs="0" name="TGA_nombre" nillable="true" type="xs:string"/>
    </xs:sequence>
  </xs:complexType>
  <xs:element name="TGA_TipoGasto" nillable="true" type="tns:TGA_TipoGasto"/>
  <xs:complexType name="FV_FPG_FormasPago">
    <xs:sequence>
      <xs:element minOccurs="0" name="CLG_Cliente_Configuracion" nillable="true" type="tns:ArrayOfCLG_Cliente_Configuracion"/>
      <xs:element minOccurs="0" name="FV_Codigo_FPG_FormasPago" nillable="true" type="xs:string"/>
      <xs:element minOccurs="0" name="FV_Id_FPG_FormasPago" type="xs:int"/>
      <xs:element minOccurs="0" name="FV_Significado_FPG_FormasPago" nillable="true" type="xs:string"/>
    </xs:sequence>
  </xs:complexType>
  <xs:element name="FV_FPG_FormasPago" nillable="true" type="tns:FV_FPG_FormasPago"/>
  <xs:complexType name="FV_MPG_MediosPago">
    <xs:sequence>
      <xs:element minOccurs="0" name="CLG_Cliente_Configuracion" nillable="true" type="tns:ArrayOfCLG_Cliente_Configuracion"/>
      <xs:element minOccurs="0" name="FV_MPG_Codigo_MediosPago" nillable="true" type="xs:string"/>
      <xs:element minOccurs="0" name="FV_MPG_Descripcion_MediosPago" nillable="true" type="xs:string"/>
      <xs:element minOccurs="0" name="FV_MPG_ID_MediosPago" type="xs:int"/>
    </xs:sequence>
  </xs:complexType>
  <xs:element name="FV_MPG_MediosPago" nillable="true" type="tns:FV_MPG_MediosPago"/>
  <xs:complexType name="NOM_Banco">
    <xs:sequence>
      <xs:element minOccurs="0" name="CLG_Cliente_Configuracion" nillable="true" type="tns:ArrayOfCLG_Cliente_Configuracion"/>
      <xs:element minOccurs="0" name="NOM_Descripcion_Bancos" nillable="true" type="xs:string"/>
      <xs:element minOccurs="0" name="NOM_id_Banco" type="xs:int"/>
    </xs:sequence>
  </xs:complexType>
  <xs:element name="NOM_Banco" nillable="true" type="tns:NOM_Banco"/>
  <xs:complexType name="NOM_SubTipoTrabajadorDIAN">
    <xs:sequence>
      <xs:element minOccurs="0" name="CLG_Cliente_Configuracion" nillable="true" type="tns:ArrayOfCLG_Cliente_Configuracion"/>
      <xs:element minOccurs="0" name="NOM_Codigo_SubTipoTrabajadorDIAN" nillable="true" type="xs:string"/>
      <xs:element minOccurs="0" name="NOM_Id_SubTipoTrabajadorDIAN" type="xs:int"/>
      <xs:element minOccurs="0" name="NOM_Significado_SubTipoTrabajadorDIAN" nillable="true" type="xs:string"/>
    </xs:sequence>
  </xs:complexType>
  <xs:element name="NOM_SubTipoTrabajadorDIAN" nillable="true" type="tns:NOM_SubTipoTrabajadorDIAN"/>
  <xs:complexType name="NOM_TipoContrato">
    <xs:sequence>
      <xs:element minOccurs="0" name="CLG_Cliente_Configuracion" nillable="true" type="tns:ArrayOfCLG_Cliente_Configuracion"/>
      <xs:element minOccurs="0" name="NOM_Codigo_TipoContrato" nillable="true" type="xs:string"/>
      <xs:element minOccurs="0" name="NOM_Significado_TipoContrato" nillable="true" type="xs:string"/>
      <xs:element minOccurs="0" name="NOM_id_TipoContrato" type="xs:int"/>
    </xs:sequence>
  </xs:complexType>
  <xs:element name="NOM_TipoContrato" nillable="true" type="tns:NOM_TipoContrato"/>
  <xs:complexType name="NOM_TipoTrabajador">
    <xs:sequence>
      <xs:element minOccurs="0" name="CLG_Cliente_Configuracion" nillable="true" type="tns:ArrayOfCLG_Cliente_Configuracion"/>
      <xs:element minOccurs="0" name="NOM_Codigo_TipoTrabajador" nillable="true" type="xs:string"/>
      <xs:element minOccurs="0" name="NOM_Id_TipoTrabajador" type="xs:int"/>
      <xs:element minOccurs="0" name="NOM_Significado_TipoTrabajador" nillable="true" type="xs:string"/>
    </xs:sequence>
  </xs:complexType>
  <xs:element name="NOM_TipoTrabajador" nillable="true" type="tns:NOM_TipoTrabajador"/>
  <xs:complexType name="TCT_TiposCuenta">
    <xs:sequence>
      <xs:element minOccurs="0" name="CBA_Cuentas_Bancarias_Proveedor" nillable="true" type="tns:ArrayOfCBA_Cuentas_Bancarias_Proveedor"/>
      <xs:element minOccurs="0" name="CLG_Cliente_Configuracion" nillable="true" type="tns:ArrayOfCLG_Cliente_Configuracion"/>
      <xs:element minOccurs="0" name="TCT_accountNumberType" nillable="true" type="xs:string"/>
      <xs:element minOccurs="0" name="TCT_descripcion" nillable="true" type="xs:string"/>
      <xs:element minOccurs="0" name="TCT_id_tipocuenta" type="xs:int"/>
    </xs:sequence>
  </xs:complexType>
  <xs:element name="TCT_TiposCuenta" nillable="true" type="tns:TCT_TiposCuenta"/>
  <xs:complexType name="ArrayOfCBA_Cuentas_Bancarias_Proveedor">
    <xs:sequence>
      <xs:element minOccurs="0" maxOccurs="unbounded" name="CBA_Cuentas_Bancarias_Proveedor" nillable="true" type="tns:CBA_Cuentas_Bancarias_Proveedor"/>
    </xs:sequence>
  </xs:complexType>
  <xs:element name="ArrayOfCBA_Cuentas_Bancarias_Proveedor" nillable="true" type="tns:ArrayOfCBA_Cuentas_Bancarias_Proveedor"/>
  <xs:complexType name="CBA_Cuentas_Bancarias_Proveedor">
    <xs:sequence>
      <xs:element minOccurs="0" name="CBA_cuenta_bancaria" nillable="true" type="xs:string"/>
      <xs:element minOccurs="0" name="CBA_id_cuenta_bancaria" type="xs:int"/>
      <xs:element minOccurs="0" name="CBA_nombre_banco" nillable="true" type="xs:string"/>
      <xs:element minOccurs="0" name="REC_EmpresasRecibe" nillable="true" type="tns:REC_EmpresasRecibe"/>
      <xs:element minOccurs="0" name="TCT_TiposCuenta" nillable="true" type="tns:TCT_TiposCuenta"/>
      <xs:element minOccurs="0" name="TCT_id_tipocuenta" type="xs:int"/>
      <xs:element minOccurs="0" name="rec_id_rel_recepcion" type="xs:int"/>
    </xs:sequence>
  </xs:complexType>
  <xs:element name="CBA_Cuentas_Bancarias_Proveedor" nillable="true" type="tns:CBA_Cuentas_Bancarias_Proveedor"/>
  <xs:complexType name="REC_EmpresasRecibe">
    <xs:sequence>
      <xs:element minOccurs="0" name="CBA_Cuentas_Bancarias_Proveedors" nillable="true" type="tns:ArrayOfCBA_Cuentas_Bancarias_Proveedor"/>
      <xs:element minOccurs="0" name="DVE_Detalle_Convenio_Financiero" nillable="true" type="tns:ArrayOfDVE_Detalle_Convenio_Financiero"/>
      <xs:element minOccurs="0" name="EMP_Empresa" nillable="true" type="tns:EMP_Empresa"/>
      <xs:element minOccurs="0" name="EMP_Empresa1" nillable="true" type="tns:EMP_Empresa"/>
      <xs:element minOccurs="0" name="RNE_Reglas_Negociacion_Servicio_Proveedors" nillable="true" type="tns:ArrayOfRNE_Reglas_Negociacion_Servicio_Proveedor"/>
      <xs:element minOccurs="0" name="emp_id_empresa" type="xs:int"/>
      <xs:element minOccurs="0" name="emp_id_empresa_recibe" type="xs:int"/>
      <xs:element minOccurs="0" name="rec_fecha_muestra_facturas" type="xs:dateTime"/>
      <xs:element minOccurs="0" name="rec_id_rel_recepcion" type="xs:int"/>
    </xs:sequence>
  </xs:complexType>
  <xs:element name="REC_EmpresasRecibe" nillable="true" type="tns:REC_EmpresasRecibe"/>
  <xs:complexType name="ArrayOfDVE_Detalle_Convenio_Financiero">
    <xs:sequence>
      <xs:element minOccurs="0" maxOccurs="unbounded" name="DVE_Detalle_Convenio_Financiero" nillable="true" type="tns:DVE_Detalle_Convenio_Financiero"/>
    </xs:sequence>
  </xs:complexType>
  <xs:element name="ArrayOfDVE_Detalle_Convenio_Financiero" nillable="true" type="tns:ArrayOfDVE_Detalle_Convenio_Financiero"/>
  <xs:complexType name="DVE_Detalle_Convenio_Financiero">
    <xs:sequence>
      <xs:element minOccurs="0" name="CVE_Convenios_Financieros" nillable="true" type="tns:CVE_Convenios_Financieros"/>
      <xs:element minOccurs="0" name="CVE_dias_adicionales_comportamiento_pago" nillable="true" type="xs:int"/>
      <xs:element minOccurs="0" name="CVE_financiero_DTF_Tipo" nillable="true" type="xs:string"/>
      <xs:element minOccurs="0" name="CVE_financiero_porcentaje_DDP" nillable="true" type="xs:decimal"/>
      <xs:element minOccurs="0" name="CVE_financiero_porcentaje_EA" nillable="true" type="xs:decimal"/>
      <xs:element minOccurs="0" name="CVE_financiero_puntos_DTF" nillable="true" type="xs:decimal"/>
      <xs:element minOccurs="0" name="CVE_id_convenio" type="xs:int"/>
      <xs:element minOccurs="0" name="CVE_negociacion_automatico" type="xs:boolean"/>
      <xs:element minOccurs="0" name="DVE_financiero_cupo_disponible" type="xs:decimal"/>
      <xs:element minOccurs="0" name="DVE_financiero_cupo_máximo" type="xs:decimal"/>
      <xs:element minOccurs="0" name="DVE_id_detalle_convenio" type="xs:int"/>
      <xs:element minOccurs="0" name="EDC_EstadoDetalleConvenio" nillable="true" type="tns:EDC_EstadoDetalleConvenio"/>
      <xs:element minOccurs="0" name="REC_EmpresasRecibe" nillable="true" type="tns:REC_EmpresasRecibe"/>
      <xs:element minOccurs="0" name="TCN_TiposConvenio" nillable="true" type="tns:TCN_TiposConvenio"/>
      <xs:element minOccurs="0" name="TCN_id_tipo_convenio" type="xs:int"/>
      <xs:element minOccurs="0" name="TIN_Tipo_Interes" nillable="true" type="tns:TIN_Tipo_Interes"/>
      <xs:element minOccurs="0" name="TIN_id_tipo_interes" type="xs:int"/>
      <xs:element minOccurs="0" name="edc_id_estado_detalle_convenio" nillable="true" type="xs:int"/>
      <xs:element minOccurs="0" name="rec_id_rel_recepcion" type="xs:int"/>
    </xs:sequence>
  </xs:complexType>
  <xs:element name="DVE_Detalle_Convenio_Financiero" nillable="true" type="tns:DVE_Detalle_Convenio_Financiero"/>
  <xs:complexType name="CVE_Convenios_Financieros">
    <xs:sequence>
      <xs:element minOccurs="0" name="CVE_calculo_dias_ano" type="xs:int"/>
      <xs:element minOccurs="0" name="CVE_codigo_convenio_fondeador" nillable="true" type="xs:string"/>
      <xs:element minOccurs="0" name="CVE_descripcion_convenio" nillable="true" type="xs:string"/>
      <xs:element minOccurs="0" name="CVE_desembolso_horas_anulacion_antes" type="xs:int"/>
      <xs:element minOccurs="0" name="CVE_dias_adicionales_comportamiento_pago" nillable="true" type="xs:int"/>
      <xs:element minOccurs="0" name="CVE_fecha_vigencia" nillable="true" type="xs:dateTime"/>
      <xs:element minOccurs="0" name="CVE_financiero_DTF_Tipo" nillable="true" type="xs:string"/>
      <xs:element minOccurs="0" name="CVE_financiero_cupo_disponible" type="xs:decimal"/>
      <xs:element minOccurs="0" name="CVE_financiero_cupo_máximo" type="xs:decimal"/>
      <xs:element minOccurs="0" name="CVE_financiero_porcentaje_DDP" nillable="true" type="xs:decimal"/>
      <xs:element minOccurs="0" name="CVE_financiero_porcentaje_EA" nillable="true" type="xs:decimal"/>
      <xs:element minOccurs="0" name="CVE_financiero_puntos_DTF" nillable="true" type="xs:decimal"/>
      <xs:element minOccurs="0" name="CVE_id_convenio" type="xs:int"/>
      <xs:element minOccurs="0" name="CVE_nombre_convenio" nillable="true" type="xs:string"/>
      <xs:element minOccurs="0" name="CVE_tasa_referenciador" nillable="true" type="xs:decimal"/>
      <xs:element minOccurs="0" name="DVE_Detalle_Convenio_Financiero" nillable="true" type="tns:ArrayOfDVE_Detalle_Convenio_Financiero"/>
      <xs:element minOccurs="0" name="EMP_Empresa" nillable="true" type="tns:EMP_Empresa"/>
      <xs:element minOccurs="0" name="EMP_id_empresa" type="xs:int"/>
      <xs:element minOccurs="0" name="FON_Fondeadores" nillable="true" type="tns:FON_Fondeadores"/>
      <xs:element minOccurs="0" name="FON_id_fondeador" type="xs:int"/>
      <xs:element minOccurs="0" name="LCVE_Log_Cambios_Convenios_Financieros" nillable="true" type="tns:ArrayOfLCVE_Log_Cambios_Convenios_Financieros"/>
      <xs:element minOccurs="0" name="REF_Referenciadores" nillable="true" type="tns:REF_Referenciadores"/>
      <xs:element minOccurs="0" name="REF_id_referenciador" nillable="true" type="xs:int"/>
      <xs:element minOccurs="0" name="TCN_TiposConvenio" nillable="true" type="tns:TCN_TiposConvenio"/>
      <xs:element minOccurs="0" name="TCN_id_tipo_convenio" type="xs:int"/>
      <xs:element minOccurs="0" name="TIN_Tipo_Interes" nillable="true" type="tns:TIN_Tipo_Interes"/>
      <xs:element minOccurs="0" name="TIN_id_tipo_interes" type="xs:int"/>
    </xs:sequence>
  </xs:complexType>
  <xs:element name="CVE_Convenios_Financieros" nillable="true" type="tns:CVE_Convenios_Financieros"/>
  <xs:complexType name="FON_Fondeadores">
    <xs:sequence>
      <xs:element minOccurs="0" name="CVE_Convenios_Financieros" nillable="true" type="tns:ArrayOfCVE_Convenios_Financieros"/>
      <xs:element minOccurs="0" name="EMP_Empresa" nillable="true" type="tns:EMP_Empresa"/>
      <xs:element minOccurs="0" name="Emp_id_empresa" nillable="true" type="xs:int"/>
      <xs:element minOccurs="0" name="FAC_CAF_ConfiguracionAnexosXFonds" nillable="true" type="tns:ArrayOfFAC_CAF_ConfiguracionAnexosXFond"/>
      <xs:element minOccurs="0" name="FAC_CAF_ConfiguracionAnexosXFonds1" nillable="true" type="tns:ArrayOfFAC_CAF_ConfiguracionAnexosXFond"/>
      <xs:element minOccurs="0" name="FAC_CVF_CampoVinculacionFondeador" nillable="true" type="tns:ArrayOfFAC_CVF_CampoVinculacionFondeador"/>
      <xs:element minOccurs="0" name="FAC_FactoryConfirming" nillable="true" type="tns:ArrayOfFAC_FactoryConfirming"/>
      <xs:element minOccurs="0" name="FAC_VNC_Vinculacion" nillable="true" type="tns:ArrayOfFAC_VNC_Vinculacion"/>
      <xs:element minOccurs="0" name="FON_descripcion_servicios_fondeador" nillable="true" type="xs:string"/>
      <xs:element minOccurs="0" name="FON_id_fondeador" type="xs:int"/>
      <xs:element minOccurs="0" name="FON_nombre_fondeador" nillable="true" type="xs:string"/>
      <xs:element minOccurs="0" name="FOO_Orden_Fondedores" nillable="true" type="tns:ArrayOfFOO_Orden_Fondedores"/>
    </xs:sequence>
  </xs:complexType>
  <xs:element name="FON_Fondeadores" nillable="true" type="tns:FON_Fondeadores"/>
  <xs:complexType name="ArrayOfCVE_Convenios_Financieros">
    <xs:sequence>
      <xs:element minOccurs="0" maxOccurs="unbounded" name="CVE_Convenios_Financieros" nillable="true" type="tns:CVE_Convenios_Financieros"/>
    </xs:sequence>
  </xs:complexType>
  <xs:element name="ArrayOfCVE_Convenios_Financieros" nillable="true" type="tns:ArrayOfCVE_Convenios_Financieros"/>
  <xs:complexType name="ArrayOfFAC_CAF_ConfiguracionAnexosXFond">
    <xs:sequence>
      <xs:element minOccurs="0" maxOccurs="unbounded" name="FAC_CAF_ConfiguracionAnexosXFond" nillable="true" type="tns:FAC_CAF_ConfiguracionAnexosXFond"/>
    </xs:sequence>
  </xs:complexType>
  <xs:element name="ArrayOfFAC_CAF_ConfiguracionAnexosXFond" nillable="true" type="tns:ArrayOfFAC_CAF_ConfiguracionAnexosXFond"/>
  <xs:complexType name="FAC_CAF_ConfiguracionAnexosXFond">
    <xs:sequence>
      <xs:element minOccurs="0" name="ANV_Id_Anexo_Vinculacion" nillable="true" type="xs:int"/>
      <xs:element minOccurs="0" name="CAF_Etapa_Vinculacion" nillable="true" type="xs:int"/>
      <xs:element minOccurs="0" name="CAF_Id_ConfiguracionAnexosXFond" type="xs:int"/>
      <xs:element minOccurs="0" name="FAC_ANV_AnexosVinculacion" nillable="true" type="tns:FAC_ANV_AnexosVinculacion"/>
      <xs:element minOccurs="0" name="FAC_GAN_Gestion_Anexos" nillable="true" type="tns:ArrayOfFAC_GAN_Gestion_Anexo"/>
      <xs:element minOccurs="0" name="FON_Fondeadores" nillable="true" type="tns:FON_Fondeadores"/>
      <xs:element minOccurs="0" name="FON_Fondeadores1" nillable="true" type="tns:FON_Fondeadores"/>
      <xs:element minOccurs="0" name="FON_Id_Fondeador" nillable="true" type="xs:int"/>
    </xs:sequence>
  </xs:complexType>
  <xs:element name="FAC_CAF_ConfiguracionAnexosXFond" nillable="true" type="tns:FAC_CAF_ConfiguracionAnexosXFond"/>
  <xs:complexType name="FAC_ANV_AnexosVinculacion">
    <xs:sequence>
      <xs:element minOccurs="0" name="ANV_Descripcion_Campo" nillable="true" type="xs:string"/>
      <xs:element minOccurs="0" name="ANV_Id_Anexo_Vinculacion" type="xs:int"/>
      <xs:element minOccurs="0" name="FAC_CAF_ConfiguracionAnexosXFonds" nillable="true" type="tns:ArrayOfFAC_CAF_ConfiguracionAnexosXFond"/>
    </xs:sequence>
  </xs:complexType>
  <xs:element name="FAC_ANV_AnexosVinculacion" nillable="true" type="tns:FAC_ANV_AnexosVinculacion"/>
  <xs:complexType name="ArrayOfFAC_GAN_Gestion_Anexo">
    <xs:sequence>
      <xs:element minOccurs="0" maxOccurs="unbounded" name="FAC_GAN_Gestion_Anexo" nillable="true" type="tns:FAC_GAN_Gestion_Anexo"/>
    </xs:sequence>
  </xs:complexType>
  <xs:element name="ArrayOfFAC_GAN_Gestion_Anexo" nillable="true" type="tns:ArrayOfFAC_GAN_Gestion_Anexo"/>
  <xs:complexType name="FAC_GAN_Gestion_Anexo">
    <xs:sequence>
      <xs:element minOccurs="0" name="CAF_Id_ConfiguracionAnexosXFond" type="xs:int"/>
      <xs:element minOccurs="0" name="EAN_EstadosAnexo" nillable="true" type="xs:int"/>
      <xs:element minOccurs="0" name="FAC_CAF_ConfiguracionAnexosXFond" nillable="true" type="tns:FAC_CAF_ConfiguracionAnexosXFond"/>
      <xs:element minOccurs="0" name="FAC_EAN_EstadosAnexo" nillable="true" type="tns:FAC_EAN_EstadosAnexo"/>
      <xs:element minOccurs="0" name="FAC_VNC_Vinculacion" nillable="true" type="tns:FAC_VNC_Vinculacion"/>
      <xs:element minOccurs="0" name="GAN_Fecha_Carga_Anexo" nillable="true" type="xs:dateTime"/>
      <xs:element minOccurs="0" name="GAN_Fecha_Gestion" nillable="true" type="xs:dateTime"/>
      <xs:element minOccurs="0" name="GAN_Id_Gestion_Anexo" type="xs:int"/>
      <xs:element minOccurs="0" name="GAN_Observaciones" nillable="true" type="xs:string"/>
      <xs:element minOccurs="0" name="GAN_Ruta_Archivo" nillable="true" type="xs:string"/>
      <xs:element minOccurs="0" name="GAN_Usuario_Gestion" nillable="true" type="xs:string"/>
      <xs:element minOccurs="0" name="VNC_Id_Vinculacion" type="xs:int"/>
    </xs:sequence>
  </xs:complexType>
  <xs:element name="FAC_GAN_Gestion_Anexo" nillable="true" type="tns:FAC_GAN_Gestion_Anexo"/>
  <xs:complexType name="FAC_EAN_EstadosAnexo">
    <xs:sequence>
      <xs:element minOccurs="0" name="EAN_Descripcion_Estado_Anexo" nillable="true" type="xs:string"/>
      <xs:element minOccurs="0" name="EAN_EstadosAnexo_id" type="xs:int"/>
      <xs:element minOccurs="0" name="FAC_GAN_Gestion_Anexos" nillable="true" type="tns:ArrayOfFAC_GAN_Gestion_Anexo"/>
    </xs:sequence>
  </xs:complexType>
  <xs:element name="FAC_EAN_EstadosAnexo" nillable="true" type="tns:FAC_EAN_EstadosAnexo"/>
  <xs:complexType name="FAC_VNC_Vinculacion">
    <xs:sequence>
      <xs:element minOccurs="0" name="EMP_Id_Empresa" type="xs:int"/>
      <xs:element minOccurs="0" name="EVN_Id_Estado_Vinculacion_Actual" type="xs:int"/>
      <xs:element minOccurs="0" name="FAC_EVN_EstadosVinculacion" nillable="true" type="tns:FAC_EVN_EstadosVinculacion"/>
      <xs:element minOccurs="0" name="FAC_GAN_Gestion_Anexos" nillable="true" type="tns:ArrayOfFAC_GAN_Gestion_Anexo"/>
      <xs:element minOccurs="0" name="FAC_PSN_Subscripcion" nillable="true" type="tns:FAC_PSN_Subscripcion"/>
      <xs:element minOccurs="0" name="FAC_VCV_VinculacionCampoValors" nillable="true" type="tns:ArrayOfFAC_VCV_VinculacionCampoValor"/>
      <xs:element minOccurs="0" name="FAC_VNH_VinculacionHistorias" nillable="true" type="tns:ArrayOfFAC_VNH_VinculacionHistoria"/>
      <xs:element minOccurs="0" name="FON_Fondeadores" nillable="true" type="tns:FON_Fondeadores"/>
      <xs:element minOccurs="0" name="FON_Id_Fondeador" type="xs:int"/>
      <xs:element minOccurs="0" name="PSN_Id_Suscripcion" nillable="true" type="xs:int"/>
      <xs:element minOccurs="0" name="VNC_Fecha_Creacion" type="xs:dateTime"/>
      <xs:element minOccurs="0" name="VNC_Fecha_Gestion" nillable="true" type="xs:dateTime"/>
      <xs:element minOccurs="0" name="VNC_Id_Vinculacion" type="xs:int"/>
      <xs:element minOccurs="0" name="VNC_Numero_Bizagi" nillable="true" type="xs:string"/>
      <xs:element minOccurs="0" name="VNC_Numero_SIGED" nillable="true" type="xs:string"/>
      <xs:element minOccurs="0" name="VNC_Usuario_Creacion" nillable="true" type="xs:string"/>
      <xs:element minOccurs="0" name="VNC_Usuario_Gestion" nillable="true" type="xs:string"/>
    </xs:sequence>
  </xs:complexType>
  <xs:element name="FAC_VNC_Vinculacion" nillable="true" type="tns:FAC_VNC_Vinculacion"/>
  <xs:complexType name="FAC_EVN_EstadosVinculacion">
    <xs:sequence>
      <xs:element minOccurs="0" name="EVN_Descripcion" nillable="true" type="xs:string"/>
      <xs:element minOccurs="0" name="EVN_Id_Estado_Vinculacion" type="xs:int"/>
      <xs:element minOccurs="0" name="FAC_VNC_Vinculacion" nillable="true" type="tns:ArrayOfFAC_VNC_Vinculacion"/>
      <xs:element minOccurs="0" name="FAC_VNH_VinculacionHistorias" nillable="true" type="tns:ArrayOfFAC_VNH_VinculacionHistoria"/>
    </xs:sequence>
  </xs:complexType>
  <xs:element name="FAC_EVN_EstadosVinculacion" nillable="true" type="tns:FAC_EVN_EstadosVinculacion"/>
  <xs:complexType name="ArrayOfFAC_VNC_Vinculacion">
    <xs:sequence>
      <xs:element minOccurs="0" maxOccurs="unbounded" name="FAC_VNC_Vinculacion" nillable="true" type="tns:FAC_VNC_Vinculacion"/>
    </xs:sequence>
  </xs:complexType>
  <xs:element name="ArrayOfFAC_VNC_Vinculacion" nillable="true" type="tns:ArrayOfFAC_VNC_Vinculacion"/>
  <xs:complexType name="ArrayOfFAC_VNH_VinculacionHistoria">
    <xs:sequence>
      <xs:element minOccurs="0" maxOccurs="unbounded" name="FAC_VNH_VinculacionHistoria" nillable="true" type="tns:FAC_VNH_VinculacionHistoria"/>
    </xs:sequence>
  </xs:complexType>
  <xs:element name="ArrayOfFAC_VNH_VinculacionHistoria" nillable="true" type="tns:ArrayOfFAC_VNH_VinculacionHistoria"/>
  <xs:complexType name="FAC_VNH_VinculacionHistoria">
    <xs:sequence>
      <xs:element minOccurs="0" name="EVN_Id_Estado_Vinculacion" nillable="true" type="xs:int"/>
      <xs:element minOccurs="0" name="FAC_EVN_EstadosVinculacion" nillable="true" type="tns:FAC_EVN_EstadosVinculacion"/>
      <xs:element minOccurs="0" name="FAC_VNC_Vinculacion" nillable="true" type="tns:FAC_VNC_Vinculacion"/>
      <xs:element minOccurs="0" name="VNC_Id_Vinculacion" type="xs:int"/>
      <xs:element minOccurs="0" name="VNH_Fecha_Gestion" nillable="true" type="xs:dateTime"/>
      <xs:element minOccurs="0" name="VNH_Id_Vinculacion_Historico" type="xs:int"/>
      <xs:element minOccurs="0" name="VNH_Usuario_Gestion" nillable="true" type="xs:string"/>
    </xs:sequence>
  </xs:complexType>
  <xs:element name="FAC_VNH_VinculacionHistoria" nillable="true" type="tns:FAC_VNH_VinculacionHistoria"/>
  <xs:complexType name="FAC_PSN_Subscripcion">
    <xs:sequence>
      <xs:element minOccurs="0" name="FAC_APP_Aplicacion" nillable="true" type="tns:FAC_APP_Aplicacion"/>
      <xs:element minOccurs="0" name="FAC_APP_Id" nillable="true" type="xs:int"/>
      <xs:element minOccurs="0" name="FAC_PSN_Cantidad_Notificaciones" nillable="true" type="xs:short"/>
      <xs:element minOccurs="0" name="FAC_PSN_Estado" nillable="true" type="xs:boolean"/>
      <xs:element minOccurs="0" name="FAC_PSN_Fecha_Creacion" nillable="true" type="xs:dateTime"/>
      <xs:element minOccurs="0" name="FAC_PSN_Id_Suscripcion" type="xs:int"/>
      <xs:element minOccurs="0" name="FAC_PSN_Numero_Celular" nillable="true" type="xs:string"/>
      <xs:element minOccurs="0" name="FAC_PSN_Tipo_Plataforma" nillable="true" type="xs:string"/>
      <xs:element minOccurs="0" name="FAC_PSN_Token_Dispositivo" nillable="true" type="xs:string"/>
      <xs:element minOccurs="0" name="FAC_VNC_Vinculacion" nillable="true" type="tns:ArrayOfFAC_VNC_Vinculacion"/>
    </xs:sequence>
  </xs:complexType>
  <xs:element name="FAC_PSN_Subscripcion" nillable="true" type="tns:FAC_PSN_Subscripcion"/>
  <xs:complexType name="FAC_APP_Aplicacion">
    <xs:sequence>
      <xs:element minOccurs="0" name="FAC_APP_Id" type="xs:int"/>
      <xs:element minOccurs="0" name="FAC_APP_Nombre" nillable="true" type="xs:string"/>
      <xs:element minOccurs="0" name="FAC_PSN_Subscripcions" nillable="true" type="tns:ArrayOfFAC_PSN_Subscripcion"/>
    </xs:sequence>
  </xs:complexType>
  <xs:element name="FAC_APP_Aplicacion" nillable="true" type="tns:FAC_APP_Aplicacion"/>
  <xs:complexType name="ArrayOfFAC_PSN_Subscripcion">
    <xs:sequence>
      <xs:element minOccurs="0" maxOccurs="unbounded" name="FAC_PSN_Subscripcion" nillable="true" type="tns:FAC_PSN_Subscripcion"/>
    </xs:sequence>
  </xs:complexType>
  <xs:element name="ArrayOfFAC_PSN_Subscripcion" nillable="true" type="tns:ArrayOfFAC_PSN_Subscripcion"/>
  <xs:complexType name="ArrayOfFAC_VCV_VinculacionCampoValor">
    <xs:sequence>
      <xs:element minOccurs="0" maxOccurs="unbounded" name="FAC_VCV_VinculacionCampoValor" nillable="true" type="tns:FAC_VCV_VinculacionCampoValor"/>
    </xs:sequence>
  </xs:complexType>
  <xs:element name="ArrayOfFAC_VCV_VinculacionCampoValor" nillable="true" type="tns:ArrayOfFAC_VCV_VinculacionCampoValor"/>
  <xs:complexType name="FAC_VCV_VinculacionCampoValor">
    <xs:sequence>
      <xs:element minOccurs="0" name="CVF_Id_Campo_Vinculacion_Fondeador" nillable="true" type="xs:int"/>
      <xs:element minOccurs="0" name="FAC_CVF_CampoVinculacionFondeador" nillable="true" type="tns:FAC_CVF_CampoVinculacionFondeador"/>
      <xs:element minOccurs="0" name="FAC_VNC_Vinculacion" nillable="true" type="tns:FAC_VNC_Vinculacion"/>
      <xs:element minOccurs="0" name="VCV_Id_VinculacionCampoValor" type="xs:int"/>
      <xs:element minOccurs="0" name="VCV_Valor" nillable="true" type="xs:string"/>
      <xs:element minOccurs="0" name="VNC_Id_Vinculacion" nillable="true" type="xs:int"/>
    </xs:sequence>
  </xs:complexType>
  <xs:element name="FAC_VCV_VinculacionCampoValor" nillable="true" type="tns:FAC_VCV_VinculacionCampoValor"/>
  <xs:complexType name="FAC_CVF_CampoVinculacionFondeador">
    <xs:sequence>
      <xs:element minOccurs="0" name="CVF_Expresion_Regular" nillable="true" type="xs:string"/>
      <xs:element minOccurs="0" name="CVF_Fuente_Datos" nillable="true" type="xs:string"/>
      <xs:element minOccurs="0" name="CVF_Id_Campo_Vinculacion_Fondeador" type="xs:int"/>
      <xs:element minOccurs="0" name="CVF_Llave" nillable="true" type="xs:string"/>
      <xs:element minOccurs="0" name="CVF_Nombre_Campo" nillable="true" type="xs:string"/>
      <xs:element minOccurs="0" name="CVF_Tipo_Campo" nillable="true" type="xs:int"/>
      <xs:element minOccurs="0" name="CVF_Valor" nillable="true" type="xs:string"/>
      <xs:element minOccurs="0" name="CVN_Id_CampoVinculacion" type="xs:int"/>
      <xs:element minOccurs="0" name="FAC_CVN_CampoVinculacion" nillable="true" type="tns:FAC_CVN_CampoVinculacion"/>
      <xs:element minOccurs="0" name="FAC_VCV_VinculacionCampoValors" nillable="true" type="tns:ArrayOfFAC_VCV_VinculacionCampoValor"/>
      <xs:element minOccurs="0" name="FON_Fondeadores" nillable="true" type="tns:FON_Fondeadores"/>
      <xs:element minOccurs="0" name="FON_Id_Fondeador" type="xs:int"/>
    </xs:sequence>
  </xs:complexType>
  <xs:element name="FAC_CVF_CampoVinculacionFondeador" nillable="true" type="tns:FAC_CVF_CampoVinculacionFondeador"/>
  <xs:complexType name="FAC_CVN_CampoVinculacion">
    <xs:sequence>
      <xs:element minOccurs="0" name="CVN_Descripcion_Campo" nillable="true" type="xs:string"/>
      <xs:element minOccurs="0" name="CVN_Id_CampoVinculacion" type="xs:int"/>
      <xs:element minOccurs="0" name="FAC_CVF_CampoVinculacionFondeador" nillable="true" type="tns:ArrayOfFAC_CVF_CampoVinculacionFondeador"/>
    </xs:sequence>
  </xs:complexType>
  <xs:element name="FAC_CVN_CampoVinculacion" nillable="true" type="tns:FAC_CVN_CampoVinculacion"/>
  <xs:complexType name="ArrayOfFAC_CVF_CampoVinculacionFondeador">
    <xs:sequence>
      <xs:element minOccurs="0" maxOccurs="unbounded" name="FAC_CVF_CampoVinculacionFondeador" nillable="true" type="tns:FAC_CVF_CampoVinculacionFondeador"/>
    </xs:sequence>
  </xs:complexType>
  <xs:element name="ArrayOfFAC_CVF_CampoVinculacionFondeador" nillable="true" type="tns:ArrayOfFAC_CVF_CampoVinculacionFondeador"/>
  <xs:complexType name="ArrayOfFAC_FactoryConfirming">
    <xs:sequence>
      <xs:element minOccurs="0" maxOccurs="unbounded" name="FAC_FactoryConfirming" nillable="true" type="tns:FAC_FactoryConfirming"/>
    </xs:sequence>
  </xs:complexType>
  <xs:element name="ArrayOfFAC_FactoryConfirming" nillable="true" type="tns:ArrayOfFAC_FactoryConfirming"/>
  <xs:complexType name="FAC_FactoryConfirming">
    <xs:sequence>
      <xs:element minOccurs="0" name="CFD_cfd_informacion" nillable="true" type="tns:CFD_cfd_informacion"/>
      <xs:element minOccurs="0" name="CFD_id_cfd" type="xs:int"/>
      <xs:element minOccurs="0" name="EMP_Empresa" nillable="true" type="tns:EMP_Empresa"/>
      <xs:element minOccurs="0" name="EMP_Empresa1" nillable="true" type="tns:EMP_Empresa"/>
      <xs:element minOccurs="0" name="EMP_Empresa2" nillable="true" type="tns:EMP_Empresa"/>
      <xs:element minOccurs="0" name="Emp_id_empresa_fondeador" type="xs:int"/>
      <xs:element minOccurs="0" name="Emp_id_empresa_pagador" type="xs:int"/>
      <xs:element minOccurs="0" name="Emp_id_empresa_proveedor" type="xs:int"/>
      <xs:element minOccurs="0" name="FAC_AvalLista" nillable="true" type="xs:string"/>
      <xs:element minOccurs="0" name="FAC_CFD_numero_CFD" nillable="true" type="xs:string"/>
      <xs:element minOccurs="0" name="FAC_CodTasaMora" nillable="true" type="xs:decimal"/>
      <xs:element minOccurs="0" name="FAC_DiasNegociados" nillable="true" type="xs:int"/>
      <xs:element minOccurs="0" name="FAC_FechaCompra" type="xs:dateTime"/>
      <xs:element minOccurs="0" name="FAC_FechaEmision" type="xs:dateTime"/>
      <xs:element minOccurs="0" name="FAC_FechaProximaCuota" nillable="true" type="xs:dateTime"/>
      <xs:element minOccurs="0" name="FAC_FechaVencimiento" type="xs:dateTime"/>
      <xs:element minOccurs="0" name="FAC_InteresMora" nillable="true" type="xs:decimal"/>
      <xs:element minOccurs="0" name="FAC_MedioNegociacion" nillable="true" type="xs:string"/>
      <xs:element minOccurs="0" name="FAC_ModalidadPago" nillable="true" type="xs:string"/>
      <xs:element minOccurs="0" name="FAC_Moneda" nillable="true" type="xs:string"/>
      <xs:element minOccurs="0" name="FAC_NIT_Administrador" nillable="true" type="xs:string"/>
      <xs:element minOccurs="0" name="FAC_NIT_Emisor" nillable="true" type="xs:string"/>
      <xs:element minOccurs="0" name="FAC_NIT_Intermediario" nillable="true" type="xs:string"/>
      <xs:element minOccurs="0" name="FAC_NIT_Pagador" nillable="true" type="xs:string"/>
      <xs:element minOccurs="0" name="FAC_NIT_Vendedor" nillable="true" type="xs:string"/>
      <xs:element minOccurs="0" name="FAC_NuevaFechaPago" nillable="true" type="xs:dateTime"/>
      <xs:element minOccurs="0" name="FAC_NuevoValorPago" nillable="true" type="xs:decimal"/>
      <xs:element minOccurs="0" name="FAC_NumeroCuotas" nillable="true" type="xs:int"/>
      <xs:element minOccurs="0" name="FAC_PeriodicidadPago" nillable="true" type="xs:string"/>
      <xs:element minOccurs="0" name="FAC_Porcentaje_Retenido" nillable="true" type="xs:decimal"/>
      <xs:element minOccurs="0" name="FAC_Puntos" nillable="true" type="xs:int"/>
      <xs:element minOccurs="0" name="FAC_TPPEL" nillable="true" type="xs:string"/>
      <xs:element minOccurs="0" name="FAC_TasaNegociacionNA" nillable="true" type="xs:decimal"/>
      <xs:element minOccurs="0" name="FAC_Tasa_Negociacion" type="xs:decimal"/>
      <xs:element minOccurs="0" name="FAC_TipoNegociacion" nillable="true" type="xs:string"/>
      <xs:element minOccurs="0" name="FAC_Tipo_Tasa" nillable="true" type="xs:string"/>
      <xs:element minOccurs="0" name="FAC_Utilidad" nillable="true" type="xs:decimal"/>
      <xs:element minOccurs="0" name="FAC_ValorComisionReferenciador" type="xs:decimal"/>
      <xs:element minOccurs="0" name="FAC_ValorCompra" type="xs:decimal"/>
      <xs:element minOccurs="0" name="FAC_ValorCompraReferenciador" type="xs:decimal"/>
      <xs:element minOccurs="0" name="FAC_ValorCuotas" nillable="true" type="xs:decimal"/>
      <xs:element minOccurs="0" name="FAC_ValorICA" nillable="true" type="xs:decimal"/>
      <xs:element minOccurs="0" name="FAC_ValorIVA" nillable="true" type="xs:decimal"/>
      <xs:element minOccurs="0" name="FAC_ValorNomBaseLiquidacion" type="xs:decimal"/>
      <xs:element minOccurs="0" name="FAC_ValorNominaFacial" nillable="true" type="xs:decimal"/>
      <xs:element minOccurs="0" name="FAC_ValorNominalNeto" type="xs:decimal"/>
      <xs:element minOccurs="0" name="FAC_ValorNominalOriginal" nillable="true" type="xs:decimal"/>
      <xs:element minOccurs="0" name="FAC_ValorNotasCredito" nillable="true" type="xs:decimal"/>
      <xs:element minOccurs="0" name="FAC_ValorOtros" nillable="true" type="xs:decimal"/>
      <xs:element minOccurs="0" name="FAC_ValorRetencionFte" nillable="true" type="xs:decimal"/>
      <xs:element minOccurs="0" name="FAC_ValorRetencionICA" nillable="true" type="xs:decimal"/>
      <xs:element minOccurs="0" name="FAC_ValorRetencionIVA" nillable="true" type="xs:decimal"/>
      <xs:element minOccurs="0" name="FAC_ValorTasa" nillable="true" type="xs:decimal"/>
      <xs:element minOccurs="0" name="FAC_ValorTimbre" nillable="true" type="xs:decimal"/>
      <xs:element minOccurs="0" name="FAC_id_factory" type="xs:int"/>
      <xs:element minOccurs="0" name="FON_Fondeadores" nillable="true" type="tns:FON_Fondeadores"/>
      <xs:element minOccurs="0" name="FON_id_fondeador" type="xs:int"/>
    </xs:sequence>
  </xs:complexType>
  <xs:element name="FAC_FactoryConfirming" nillable="true" type="tns:FAC_FactoryConfirming"/>
  <xs:complexType name="ArrayOfFOO_Orden_Fondedores">
    <xs:sequence>
      <xs:element minOccurs="0" maxOccurs="unbounded" name="FOO_Orden_Fondedores" nillable="true" type="tns:FOO_Orden_Fondedores"/>
    </xs:sequence>
  </xs:complexType>
  <xs:element name="ArrayOfFOO_Orden_Fondedores" nillable="true" type="tns:ArrayOfFOO_Orden_Fondedores"/>
  <xs:complexType name="FOO_Orden_Fondedores">
    <xs:sequence>
      <xs:element minOccurs="0" name="EMP_Empresa" nillable="true" type="tns:EMP_Empresa"/>
      <xs:element minOccurs="0" name="EMP_id_empresa" type="xs:int"/>
      <xs:element minOccurs="0" name="FON_Fondeadores" nillable="true" type="tns:FON_Fondeadores"/>
      <xs:element minOccurs="0" name="FON_id_fondeador" type="xs:int"/>
      <xs:element minOccurs="0" name="FOO_id_orden_fondeadores" type="xs:int"/>
      <xs:element minOccurs="0" name="FOO_ordial_orden_fondeo" type="xs:int"/>
    </xs:sequence>
  </xs:complexType>
  <xs:element name="FOO_Orden_Fondedores" nillable="true" type="tns:FOO_Orden_Fondedores"/>
  <xs:complexType name="ArrayOfLCVE_Log_Cambios_Convenios_Financieros">
    <xs:sequence>
      <xs:element minOccurs="0" maxOccurs="unbounded" name="LCVE_Log_Cambios_Convenios_Financieros" nillable="true" type="tns:LCVE_Log_Cambios_Convenios_Financieros"/>
    </xs:sequence>
  </xs:complexType>
  <xs:element name="ArrayOfLCVE_Log_Cambios_Convenios_Financieros" nillable="true" type="tns:ArrayOfLCVE_Log_Cambios_Convenios_Financieros"/>
  <xs:complexType name="LCVE_Log_Cambios_Convenios_Financieros">
    <xs:sequence>
      <xs:element minOccurs="0" name="CVE_Convenios_Financieros" nillable="true" type="tns:CVE_Convenios_Financieros"/>
      <xs:element minOccurs="0" name="CVE_id_convenio" type="xs:int"/>
      <xs:element minOccurs="0" name="LCVE_descripcion_cambio" nillable="true" type="xs:string"/>
      <xs:element minOccurs="0" name="LCVE_fecha_cambio" type="xs:dateTime"/>
      <xs:element minOccurs="0" name="LCVE_id_log_cambios_convenios" type="xs:int"/>
    </xs:sequence>
  </xs:complexType>
  <xs:element name="LCVE_Log_Cambios_Convenios_Financieros" nillable="true" type="tns:LCVE_Log_Cambios_Convenios_Financieros"/>
  <xs:complexType name="REF_Referenciadores">
    <xs:sequence>
      <xs:element minOccurs="0" name="CVE_Convenios_Financieros" nillable="true" type="tns:ArrayOfCVE_Convenios_Financieros"/>
      <xs:element minOccurs="0" name="REF_NIT" nillable="true" type="xs:string"/>
      <xs:element minOccurs="0" name="REF_id_referenciador" type="xs:int"/>
      <xs:element minOccurs="0" name="REF_nombre_ref" nillable="true" type="xs:string"/>
    </xs:sequence>
  </xs:complexType>
  <xs:element name="REF_Referenciadores" nillable="true" type="tns:REF_Referenciadores"/>
  <xs:complexType name="TCN_TiposConvenio">
    <xs:sequence>
      <xs:element minOccurs="0" name="CVE_Convenios_Financieros" nillable="true" type="tns:ArrayOfCVE_Convenios_Financieros"/>
      <xs:element minOccurs="0" name="DVE_Detalle_Convenio_Financiero" nillable="true" type="tns:ArrayOfDVE_Detalle_Convenio_Financiero"/>
      <xs:element minOccurs="0" name="TCN_descripcion" nillable="true" type="xs:string"/>
      <xs:element minOccurs="0" name="TCN_id_tipo_convenio" type="xs:int"/>
    </xs:sequence>
  </xs:complexType>
  <xs:element name="TCN_TiposConvenio" nillable="true" type="tns:TCN_TiposConvenio"/>
  <xs:complexType name="TIN_Tipo_Interes">
    <xs:sequence>
      <xs:element minOccurs="0" name="CVE_Convenios_Financieros" nillable="true" type="tns:ArrayOfCVE_Convenios_Financieros"/>
      <xs:element minOccurs="0" name="DVE_Detalle_Convenio_Financiero" nillable="true" type="tns:ArrayOfDVE_Detalle_Convenio_Financiero"/>
      <xs:element minOccurs="0" name="TIN_descripcion" nillable="true" type="xs:string"/>
      <xs:element minOccurs="0" name="TIN_id_tipo_interes" type="xs:int"/>
    </xs:sequence>
  </xs:complexType>
  <xs:element name="TIN_Tipo_Interes" nillable="true" type="tns:TIN_Tipo_Interes"/>
  <xs:complexType name="EDC_EstadoDetalleConvenio">
    <xs:sequence>
      <xs:element minOccurs="0" name="DVE_Detalle_Convenio_Financiero" nillable="true" type="tns:ArrayOfDVE_Detalle_Convenio_Financiero"/>
      <xs:element minOccurs="0" name="edc_descripcion" nillable="true" type="xs:string"/>
      <xs:element minOccurs="0" name="edc_id_estado_detalle_convenio" type="xs:int"/>
    </xs:sequence>
  </xs:complexType>
  <xs:element name="EDC_EstadoDetalleConvenio" nillable="true" type="tns:EDC_EstadoDetalleConvenio"/>
  <xs:complexType name="ArrayOfRNE_Reglas_Negociacion_Servicio_Proveedor">
    <xs:sequence>
      <xs:element minOccurs="0" maxOccurs="unbounded" name="RNE_Reglas_Negociacion_Servicio_Proveedor" nillable="true" type="tns:RNE_Reglas_Negociacion_Servicio_Proveedor"/>
    </xs:sequence>
  </xs:complexType>
  <xs:element name="ArrayOfRNE_Reglas_Negociacion_Servicio_Proveedor" nillable="true" type="tns:ArrayOfRNE_Reglas_Negociacion_Servicio_Proveedor"/>
  <xs:complexType name="RNE_Reglas_Negociacion_Servicio_Proveedor">
    <xs:sequence>
      <xs:element minOccurs="0" name="REC_EmpresasRecibe" nillable="true" type="tns:REC_EmpresasRecibe"/>
      <xs:element minOccurs="0" name="REC_id_rel_recepcion" type="xs:int"/>
      <xs:element minOccurs="0" name="RNE_activo_confirming" type="xs:boolean"/>
      <xs:element minOccurs="0" name="RNE_activo_factoring" type="xs:boolean"/>
      <xs:element minOccurs="0" name="RNE_id_reglas_negociacion" type="xs:int"/>
      <xs:element minOccurs="0" name="RNE_max_porcentaje_facturas_mes" nillable="true" type="xs:decimal"/>
      <xs:element minOccurs="0" name="RNE_max_porcentaje_x_factura" nillable="true" type="xs:decimal"/>
      <xs:element minOccurs="0" name="SFI_ServiciosFinancieros" nillable="true" type="tns:SFI_ServiciosFinancieros"/>
      <xs:element minOccurs="0" name="SFI_id_servicio_financiero" type="xs:int"/>
    </xs:sequence>
  </xs:complexType>
  <xs:element name="RNE_Reglas_Negociacion_Servicio_Proveedor" nillable="true" type="tns:RNE_Reglas_Negociacion_Servicio_Proveedor"/>
  <xs:complexType name="SFI_ServiciosFinancieros">
    <xs:sequence>
      <xs:element minOccurs="0" name="RHN_Reglas_Habilitar_Negociacion" nillable="true" type="tns:ArrayOfRHN_Reglas_Habilitar_Negociacion"/>
      <xs:element minOccurs="0" name="RNE_Reglas_Negociacion_Servicio_Proveedor" nillable="true" type="tns:ArrayOfRNE_Reglas_Negociacion_Servicio_Proveedor"/>
      <xs:element minOccurs="0" name="SFI_descripcion_servicio_financiero" nillable="true" type="xs:string"/>
      <xs:element minOccurs="0" name="SFI_id_servicio_financiero" type="xs:int"/>
      <xs:element minOccurs="0" name="SFI_nombre_servicio_financiero" nillable="true" type="xs:string"/>
    </xs:sequence>
  </xs:complexType>
  <xs:element name="SFI_ServiciosFinancieros" nillable="true" type="tns:SFI_ServiciosFinancieros"/>
  <xs:complexType name="ArrayOfRHN_Reglas_Habilitar_Negociacion">
    <xs:sequence>
      <xs:element minOccurs="0" maxOccurs="unbounded" name="RHN_Reglas_Habilitar_Negociacion" nillable="true" type="tns:RHN_Reglas_Habilitar_Negociacion"/>
    </xs:sequence>
  </xs:complexType>
  <xs:element name="ArrayOfRHN_Reglas_Habilitar_Negociacion" nillable="true" type="tns:ArrayOfRHN_Reglas_Habilitar_Negociacion"/>
  <xs:complexType name="RHN_Reglas_Habilitar_Negociacion">
    <xs:sequence>
      <xs:element minOccurs="0" name="EMP_Empresa" nillable="true" type="tns:EMP_Empresa"/>
      <xs:element minOccurs="0" name="Emp_id_empresa" type="xs:int"/>
      <xs:element minOccurs="0" name="RHN_centros_costo_lineas_excluidas" nillable="true" type="xs:string"/>
      <xs:element minOccurs="0" name="RHN_desde_dias_radicacion" type="xs:int"/>
      <xs:element minOccurs="0" name="RHN_hasta_dias_antes_pago" type="xs:int"/>
      <xs:element minOccurs="0" name="RHN_id_regla" type="xs:int"/>
      <xs:element minOccurs="0" name="SFI_ServiciosFinancieros" nillable="true" type="tns:SFI_ServiciosFinancieros"/>
      <xs:element minOccurs="0" name="SFI_id_servicio_financiero" type="xs:int"/>
    </xs:sequence>
  </xs:complexType>
  <xs:element name="RHN_Reglas_Habilitar_Negociacion" nillable="true" type="tns:RHN_Reglas_Habilitar_Negociacion"/>
  <xs:complexType name="ArrayOfCNT_contactos">
    <xs:sequence>
      <xs:element minOccurs="0" maxOccurs="unbounded" name="CNT_contactos" nillable="true" type="tns:CNT_contactos"/>
    </xs:sequence>
  </xs:complexType>
  <xs:element name="ArrayOfCNT_contactos" nillable="true" type="tns:ArrayOfCNT_contactos"/>
  <xs:complexType name="FV_RFI_Regimen_Fiscal">
    <xs:sequence>
      <xs:element minOccurs="0" name="CLI_clientes" nillable="true" type="tns:ArrayOfCLI_clientes"/>
      <xs:element minOccurs="0" name="EMP_Empresa" nillable="true" type="tns:ArrayOfEMP_Empresa"/>
      <xs:element minOccurs="0" name="FV_PCN_ParticipanteConsorcios" nillable="true" type="tns:ArrayOfFV_PCN_ParticipanteConsorcio"/>
      <xs:element minOccurs="0" name="FV_RFI_Codigo_Regimen_Fisca" nillable="true" type="xs:string"/>
      <xs:element minOccurs="0" name="FV_RFI_Id_Regimen_Fiscal" type="xs:int"/>
      <xs:element minOccurs="0" name="FV_RFI_Nombre_Regimen_Fiscal" nillable="true" type="xs:string"/>
    </xs:sequence>
  </xs:complexType>
  <xs:element name="FV_RFI_Regimen_Fiscal" nillable="true" type="tns:FV_RFI_Regimen_Fiscal"/>
  <xs:complexType name="ArrayOfEMP_Empresa">
    <xs:sequence>
      <xs:element minOccurs="0" maxOccurs="unbounded" name="EMP_Empresa" nillable="true" type="tns:EMP_Empresa"/>
    </xs:sequence>
  </xs:complexType>
  <xs:element name="ArrayOfEMP_Empresa" nillable="true" type="tns:ArrayOfEMP_Empresa"/>
  <xs:complexType name="ArrayOfFV_PCN_ParticipanteConsorcio">
    <xs:sequence>
      <xs:element minOccurs="0" maxOccurs="unbounded" name="FV_PCN_ParticipanteConsorcio" nillable="true" type="tns:FV_PCN_ParticipanteConsorcio"/>
    </xs:sequence>
  </xs:complexType>
  <xs:element name="ArrayOfFV_PCN_ParticipanteConsorcio" nillable="true" type="tns:ArrayOfFV_PCN_ParticipanteConsorcio"/>
  <xs:complexType name="FV_PCN_ParticipanteConsorcio">
    <xs:sequence>
      <xs:element minOccurs="0" name="EMP_Empresa" nillable="true" type="tns:EMP_Empresa"/>
      <xs:element minOccurs="0" name="Emp_id_empresa" type="xs:int"/>
      <xs:element minOccurs="0" name="FV_PCN_Id_ParticipanteConsorcio" type="xs:int"/>
      <xs:element minOccurs="0" name="FV_PCN_NombreParticipante" nillable="true" type="xs:string"/>
      <xs:element minOccurs="0" name="FV_PCN_NumeroIdentificacionParticipante" nillable="true" type="xs:string"/>
      <xs:element minOccurs="0" name="FV_PCN_PorcentajeParticipacion" nillable="true" type="xs:int"/>
      <xs:element minOccurs="0" name="FV_PCN_ResponsabilidadesFiscales" nillable="true" type="xs:string"/>
      <xs:element minOccurs="0" name="FV_PTS_Id_PartyTaxScheme" nillable="true" type="xs:int"/>
      <xs:element minOccurs="0" name="FV_PTS_PartyTaxScheme" nillable="true" type="tns:FV_PTS_PartyTaxScheme"/>
      <xs:element minOccurs="0" name="FV_RFI_Id_Regimen_Fiscal" nillable="true" type="xs:int"/>
      <xs:element minOccurs="0" name="FV_RFI_Regimen_Fiscal" nillable="true" type="tns:FV_RFI_Regimen_Fiscal"/>
      <xs:element minOccurs="0" name="FV_TRB_Id_Tributos" nillable="true" type="xs:int"/>
      <xs:element minOccurs="0" name="FV_TRB_Tributos" nillable="true" type="tns:FV_TRB_Tributos"/>
      <xs:element minOccurs="0" name="FV_TRB_Tributos1" nillable="true" type="tns:FV_TRB_Tributos1"/>
      <xs:element minOccurs="0" name="TID_TipoIdentificacion" nillable="true" type="tns:TID_TipoIdentificacion"/>
      <xs:element minOccurs="0" name="tid_id_tipo_identificacion" nillable="true" type="xs:int"/>
    </xs:sequence>
  </xs:complexType>
  <xs:element name="FV_PCN_ParticipanteConsorcio" nillable="true" type="tns:FV_PCN_ParticipanteConsorcio"/>
  <xs:complexType name="FV_PTS_PartyTaxScheme">
    <xs:sequence>
      <xs:element minOccurs="0" name="EMP_Empresa" nillable="true" type="tns:ArrayOfEMP_Empresa"/>
      <xs:element minOccurs="0" name="FV_PCN_ParticipanteConsorcios" nillable="true" type="tns:ArrayOfFV_PCN_ParticipanteConsorcio"/>
      <xs:element minOccurs="0" name="FV_PTS_CodigoDIAN_PartyTaxScheme" nillable="true" type="xs:string"/>
      <xs:element minOccurs="0" name="FV_PTS_Descripcion_PartyTaxScheme" nillable="true" type="xs:string"/>
      <xs:element minOccurs="0" name="FV_PTS_Estado" nillable="true" type="xs:int"/>
      <xs:element minOccurs="0" name="FV_PTS_Id_PartyTaxScheme" type="xs:int"/>
    </xs:sequence>
  </xs:complexType>
  <xs:element name="FV_PTS_PartyTaxScheme" nillable="true" type="tns:FV_PTS_PartyTaxScheme"/>
  <xs:complexType name="FV_TRB_Tributos">
    <xs:sequence>
      <xs:element minOccurs="0" name="FV_PCN_ParticipanteConsorcios" nillable="true" type="tns:ArrayOfFV_PCN_ParticipanteConsorcio"/>
      <xs:element minOccurs="0" name="FV_TRBACON_TributoAgrupadoXConcepto" nillable="true" type="tns:ArrayOfFV_TRBACON_TributoAgrupadoXConcepto"/>
      <xs:element minOccurs="0" name="FV_TRBA_TributoAgrupado" nillable="true" type="tns:ArrayOfFV_TRBA_TributoAgrupado"/>
      <xs:element minOccurs="0" name="FV_TRB_Descripcion_Tributos" nillable="true" type="xs:string"/>
      <xs:element minOccurs="0" name="FV_TRB_Id_Tributos" type="xs:int"/>
      <xs:element minOccurs="0" name="FV_TRB_ImpuestoNominal_Tributos" nillable="true" type="xs:boolean"/>
      <xs:element minOccurs="0" name="FV_TRB_TaxSchemeID_Tributos" nillable="true" type="xs:string"/>
      <xs:element minOccurs="0" name="FV_TRB_TaxSchemeName_Tributos" nillable="true" type="xs:string"/>
      <xs:element minOccurs="0" name="FV_TXT_TarifaXTributo" nillable="true" type="tns:ArrayOfFV_TXT_TarifaXTributo"/>
      <xs:element minOccurs="0" name="FV_TarifaPropia" nillable="true" type="xs:boolean"/>
    </xs:sequence>
  </xs:complexType>
  <xs:element name="FV_TRB_Tributos" nillable="true" type="tns:FV_TRB_Tributos"/>
  <xs:complexType name="ArrayOfFV_TRBACON_TributoAgrupadoXConcepto">
    <xs:sequence>
      <xs:element minOccurs="0" maxOccurs="unbounded" name="FV_TRBACON_TributoAgrupadoXConcepto" nillable="true" type="tns:FV_TRBACON_TributoAgrupadoXConcepto"/>
    </xs:sequence>
  </xs:complexType>
  <xs:element name="ArrayOfFV_TRBACON_TributoAgrupadoXConcepto" nillable="true" type="tns:ArrayOfFV_TRBACON_TributoAgrupadoXConcepto"/>
  <xs:complexType name="FV_TRBACON_TributoAgrupadoXConcepto">
    <xs:sequence>
      <xs:element minOccurs="0" name="CON_concepto_cfd" nillable="true" type="tns:CON_concepto_cfd"/>
      <xs:element minOccurs="0" name="CON_id_concepto" type="xs:int"/>
      <xs:element minOccurs="0" name="FV_TRBACON_RoundingAmount_TributoAgrupadoXConcepto" nillable="true" type="xs:decimal"/>
      <xs:element minOccurs="0" name="FV_TRBACON_TaxAmount_TributoAgrupadoXConcepto" nillable="true" type="xs:decimal"/>
      <xs:element minOccurs="0" name="FV_TRBACON_Withholding_TributoAgrupadoXConcepto" nillable="true" type="xs:boolean"/>
      <xs:element minOccurs="0" name="FV_TRBACON_id_TributoAgrupadoXConcepto" type="xs:int"/>
      <xs:element minOccurs="0" name="FV_TRB_Id_Tributos" type="xs:int"/>
      <xs:element minOccurs="0" name="FV_TRB_Tributos" nillable="true" type="tns:FV_TRB_Tributos"/>
      <xs:element minOccurs="0" name="FV_TRB_Tributos1" nillable="true" type="tns:FV_TRB_Tributos1"/>
    </xs:sequence>
  </xs:complexType>
  <xs:element name="FV_TRBACON_TributoAgrupadoXConcepto" nillable="true" type="tns:FV_TRBACON_TributoAgrupadoXConcepto"/>
  <xs:complexType name="CON_concepto_cfd">
    <xs:sequence>
      <xs:element minOccurs="0" name="CFD_cfd_informacion" nillable="true" type="tns:CFD_cfd_informacion"/>
      <xs:element minOccurs="0" name="CON_CFD_id_cfd" type="xs:int"/>
      <xs:element minOccurs="0" name="CON_CUP_id_cuenta_predial" nillable="true" type="xs:int"/>
      <xs:element minOccurs="0" name="CON_CantidadRestante" type="xs:decimal"/>
      <xs:element minOccurs="0" name="CON_Codigos" nillable="true" type="xs:string"/>
      <xs:element minOccurs="0" name="CON_Cree" nillable="true" type="xs:decimal"/>
      <xs:element minOccurs="0" name="CON_Item_ref" nillable="true" type="xs:string"/>
      <xs:element minOccurs="0" name="CON_RetCree" nillable="true" type="xs:decimal"/>
      <xs:element minOccurs="0" name="CON_Total" nillable="true" type="xs:decimal"/>
      <xs:element minOccurs="0" name="CON_TotalActual" nillable="true" type="xs:decimal"/>
      <xs:element minOccurs="0" name="CON_base" nillable="true" type="xs:decimal"/>
      <xs:element minOccurs="0" name="CON_base_ica" nillable="true" type="xs:decimal"/>
      <xs:element minOccurs="0" name="CON_base_impo_n" nillable="true" type="xs:decimal"/>
      <xs:element minOccurs="0" name="CON_base_impo_r" nillable="true" type="xs:decimal"/>
      <xs:element minOccurs="0" name="CON_base_iva" nillable="true" type="xs:decimal"/>
      <xs:element minOccurs="0" name="CON_cantidad" type="xs:decimal"/>
      <xs:element minOccurs="0" name="CON_cantidad_decimal" nillable="true" type="xs:decimal"/>
      <xs:element minOccurs="0" name="CON_cantidad_original_solicitada" nillable="true" type="xs:decimal"/>
      <xs:element minOccurs="0" name="CON_categoria_0" nillable="true" type="xs:string"/>
      <xs:element minOccurs="0" name="CON_categoria_1" nillable="true" type="xs:string"/>
      <xs:element minOccurs="0" name="CON_categoria_2" nillable="true" type="xs:string"/>
      <xs:element minOccurs="0" name="CON_categoria_3" nillable="true" type="xs:string"/>
      <xs:element minOccurs="0" name="CON_ciudad_despacho" nillable="true" type="xs:string"/>
      <xs:element minOccurs="0" name="CON_clase_mov" nillable="true" type="xs:string"/>
      <xs:element minOccurs="0" name="CON_dato_decimal1" nillable="true" type="xs:decimal"/>
      <xs:element minOccurs="0" name="CON_dato_decimal10" nillable="true" type="xs:decimal"/>
      <xs:element minOccurs="0" name="CON_dato_decimal11" nillable="true" type="xs:decimal"/>
      <xs:element minOccurs="0" name="CON_dato_decimal12" nillable="true" type="xs:decimal"/>
      <xs:element minOccurs="0" name="CON_dato_decimal13" nillable="true" type="xs:decimal"/>
      <xs:element minOccurs="0" name="CON_dato_decimal14" nillable="true" type="xs:decimal"/>
      <xs:element minOccurs="0" name="CON_dato_decimal15" nillable="true" type="xs:decimal"/>
      <xs:element minOccurs="0" name="CON_dato_decimal2" nillable="true" type="xs:decimal"/>
      <xs:element minOccurs="0" name="CON_dato_decimal3" nillable="true" type="xs:decimal"/>
      <xs:element minOccurs="0" name="CON_dato_decimal4" nillable="true" type="xs:decimal"/>
      <xs:element minOccurs="0" name="CON_dato_decimal5" nillable="true" type="xs:decimal"/>
      <xs:element minOccurs="0" name="CON_dato_decimal6" nillable="true" type="xs:decimal"/>
      <xs:element minOccurs="0" name="CON_dato_decimal7" nillable="true" type="xs:decimal"/>
      <xs:element minOccurs="0" name="CON_dato_decimal8" nillable="true" type="xs:decimal"/>
      <xs:element minOccurs="0" name="CON_dato_decimal9" nillable="true" type="xs:decimal"/>
      <xs:element minOccurs="0" name="CON_dato_destino" nillable="true" type="xs:string"/>
      <xs:element minOccurs="0" name="CON_dato_fecha" nillable="true" type="xs:dateTime"/>
      <xs:element minOccurs="0" name="CON_dato_origen" nillable="true" type="xs:string"/>
      <xs:element minOccurs="0" name="CON_dato_peso" nillable="true" type="xs:decimal"/>
      <xs:element minOccurs="0" name="CON_dato_placa" nillable="true" type="xs:string"/>
      <xs:element minOccurs="0" name="CON_dato_referencia" nillable="true" type="xs:string"/>
      <xs:element minOccurs="0" name="CON_dato_texto1" nillable="true" type="xs:string"/>
      <xs:element minOccurs="0" name="CON_dato_texto10" nillable="true" type="xs:string"/>
      <xs:element minOccurs="0" name="CON_dato_texto11" nillable="true" type="xs:string"/>
      <xs:element minOccurs="0" name="CON_dato_texto12" nillable="true" type="xs:string"/>
      <xs:element minOccurs="0" name="CON_dato_texto13" nillable="true" type="xs:string"/>
      <xs:element minOccurs="0" name="CON_dato_texto14" nillable="true" type="xs:string"/>
      <xs:element minOccurs="0" name="CON_dato_texto15" nillable="true" type="xs:string"/>
      <xs:element minOccurs="0" name="CON_dato_texto2" nillable="true" type="xs:string"/>
      <xs:element minOccurs="0" name="CON_dato_texto3" nillable="true" type="xs:string"/>
      <xs:element minOccurs="0" name="CON_dato_texto4" nillable="true" type="xs:string"/>
      <xs:element minOccurs="0" name="CON_dato_texto5" nillable="true" type="xs:string"/>
      <xs:element minOccurs="0" name="CON_dato_texto6" nillable="true" type="xs:string"/>
      <xs:element minOccurs="0" name="CON_dato_texto7" nillable="true" type="xs:string"/>
      <xs:element minOccurs="0" name="CON_dato_texto8" nillable="true" type="xs:string"/>
      <xs:element minOccurs="0" name="CON_dato_texto9" nillable="true" type="xs:string"/>
      <xs:element minOccurs="0" name="CON_departamento_despacho" nillable="true" type="xs:string"/>
      <xs:element minOccurs="0" name="CON_descripcion" nillable="true" type="xs:string"/>
      <xs:element minOccurs="0" name="CON_descuento" nillable="true" type="xs:decimal"/>
      <xs:element minOccurs="0" name="CON_detalle_construccion" nillable="true" type="xs:string"/>
      <xs:element minOccurs="0" name="CON_detalle_industria1" nillable="true" type="xs:string"/>
      <xs:element minOccurs="0" name="CON_detalle_industria2" nillable="true" type="xs:string"/>
      <xs:element minOccurs="0" name="CON_detalle_industria3" nillable="true" type="xs:string"/>
      <xs:element minOccurs="0" name="CON_detalle_vehiculo" nillable="true" type="xs:string"/>
      <xs:element minOccurs="0" name="CON_direccion_despacho" nillable="true" type="xs:string"/>
      <xs:element minOccurs="0" name="CON_documentos_referencia" nillable="true" type="xs:string"/>
      <xs:element minOccurs="0" name="CON_fecha_rec" nillable="true" type="xs:dateTime"/>
      <xs:element minOccurs="0" name="CON_id_concepto" type="xs:int"/>
      <xs:element minOccurs="0" name="CON_importe" nillable="true" type="xs:decimal"/>
      <xs:element minOccurs="0" name="CON_impuesto2" nillable="true" type="xs:decimal"/>
      <xs:element minOccurs="0" name="CON_inf_aduanera" nillable="true" type="xs:int"/>
      <xs:element minOccurs="0" name="CON_iva" nillable="true" type="xs:decimal"/>
      <xs:element minOccurs="0" name="CON_linea_concepto" nillable="true" type="xs:string"/>
      <xs:element minOccurs="0" name="CON_linea_padre_concepto" nillable="true" type="xs:string"/>
      <xs:element minOccurs="0" name="CON_notas_con" nillable="true" type="xs:string"/>
      <xs:element minOccurs="0" name="CON_numero_identificacion" nillable="true" type="xs:string"/>
      <xs:element minOccurs="0" name="CON_por_des" nillable="true" type="xs:decimal"/>
      <xs:element minOccurs="0" name="CON_por_impuesto2" nillable="true" type="xs:decimal"/>
      <xs:element minOccurs="0" name="CON_por_iva" nillable="true" type="xs:decimal"/>
      <xs:element minOccurs="0" name="CON_posicion_arancelaria" nillable="true" type="xs:string"/>
      <xs:element minOccurs="0" name="CON_recurrente" nillable="true" type="xs:boolean"/>
      <xs:element minOccurs="0" name="CON_sub_cliente" nillable="true" type="xs:string"/>
      <xs:element minOccurs="0" name="CON_tipo_imp" nillable="true" type="xs:string"/>
      <xs:element minOccurs="0" name="CON_total_con_seg_mon" nillable="true" type="xs:decimal"/>
      <xs:element minOccurs="0" name="CON_unidad" nillable="true" type="xs:string"/>
      <xs:element minOccurs="0" name="CON_unidad_medida_con" nillable="true" type="xs:string"/>
      <xs:element minOccurs="0" name="CON_valor_otros_cargos" nillable="true" type="xs:decimal"/>
      <xs:element minOccurs="0" name="CON_valor_otros_descuentos" nillable="true" type="xs:decimal"/>
      <xs:element minOccurs="0" name="CON_valor_unitario" nillable="true" type="xs:decimal"/>
      <xs:element minOccurs="0" name="CON_valor_unitario_seg_mon" nillable="true" type="xs:decimal"/>
      <xs:element minOccurs="0" name="ESTRAZ_EstadosTrazabilidad" nillable="true" type="tns:ESTRAZ_EstadosTrazabilidad"/>
      <xs:element minOccurs="0" name="FV_ACD_AllowanceChargeDet" nillable="true" type="tns:ArrayOfFV_ACD_AllowanceChargeDet"/>
      <xs:element minOccurs="0" name="FV_DRC_DocumentReferenceConcept" nillable="true" type="tns:ArrayOfFV_DRC_DocumentReferenceConcept"/>
      <xs:element minOccurs="0" name="FV_TRBACON_TributoAgrupadoXConcepto" nillable="true" type="tns:ArrayOfFV_TRBACON_TributoAgrupadoXConcepto"/>
      <xs:element minOccurs="0" name="FV_TRBDCON_TributoDetalleXConcepto" nillable="true" type="tns:ArrayOfFV_TRBDCON_TributoDetalleXConcepto"/>
      <xs:element minOccurs="0" name="NombreConcepto" nillable="true" type="xs:string"/>
      <xs:element minOccurs="0" name="POS_ProductosServicios" nillable="true" type="tns:POS_ProductosServicios"/>
      <xs:element minOccurs="0" name="TRAZGE_TrazabilidadGestion" nillable="true" type="tns:ArrayOfTRAZGE_TrazabilidadGestion"/>
      <xs:element minOccurs="0" name="TRAZGE_TrazabilidadGestion1" nillable="true" type="tns:ArrayOfTRAZGE_TrazabilidadGestion"/>
      <xs:element minOccurs="0" name="Total" type="xs:decimal"/>
      <xs:element minOccurs="0" name="estraz_id" nillable="true" type="xs:int"/>
      <xs:element minOccurs="0" name="pos_id_productos" type="xs:int"/>
    </xs:sequence>
  </xs:complexType>
  <xs:element name="CON_concepto_cfd" nillable="true" type="tns:CON_concepto_cfd"/>
  <xs:complexType name="ESTRAZ_EstadosTrazabilidad">
    <xs:sequence>
      <xs:element minOccurs="0" name="CON_concepto_cfd" nillable="true" type="tns:ArrayOfCON_concepto_cfd"/>
      <xs:element minOccurs="0" name="estraz_descripcion" nillable="true" type="xs:string"/>
      <xs:element minOccurs="0" name="estraz_id" type="xs:int"/>
    </xs:sequence>
  </xs:complexType>
  <xs:element name="ESTRAZ_EstadosTrazabilidad" nillable="true" type="tns:ESTRAZ_EstadosTrazabilidad"/>
  <xs:complexType name="ArrayOfCON_concepto_cfd">
    <xs:sequence>
      <xs:element minOccurs="0" maxOccurs="unbounded" name="CON_concepto_cfd" nillable="true" type="tns:CON_concepto_cfd"/>
    </xs:sequence>
  </xs:complexType>
  <xs:element name="ArrayOfCON_concepto_cfd" nillable="true" type="tns:ArrayOfCON_concepto_cfd"/>
  <xs:complexType name="ArrayOfFV_ACD_AllowanceChargeDet">
    <xs:sequence>
      <xs:element minOccurs="0" maxOccurs="unbounded" name="FV_ACD_AllowanceChargeDet" nillable="true" type="tns:FV_ACD_AllowanceChargeDet"/>
    </xs:sequence>
  </xs:complexType>
  <xs:element name="ArrayOfFV_ACD_AllowanceChargeDet" nillable="true" type="tns:ArrayOfFV_ACD_AllowanceChargeDet"/>
  <xs:complexType name="FV_ACD_AllowanceChargeDet">
    <xs:sequence>
      <xs:element minOccurs="0" name="CON_concepto_cfd" nillable="true" type="tns:CON_concepto_cfd"/>
      <xs:element minOccurs="0" name="CON_id_concepto" type="xs:int"/>
      <xs:element minOccurs="0" name="FCC_ACD_Amount_AllowanceChargeDet" nillable="true" type="xs:decimal"/>
      <xs:element minOccurs="0" name="FCC_ACD_MultiplierFactorNumeric_AllowanceChargeDet" nillable="true" type="xs:decimal"/>
      <xs:element minOccurs="0" name="FC_ACD_BaseAmount_AllowanceChargeDet" nillable="true" type="xs:decimal"/>
      <xs:element minOccurs="0" name="FV_ACD_ChargeIndicator_AllowanceChargeDet" nillable="true" type="xs:boolean"/>
      <xs:element minOccurs="0" name="FV_ACD_Code_AllowanceChargeDet" nillable="true" type="xs:string"/>
      <xs:element minOccurs="0" name="FV_ACD_Id_AllowanceChargeDet" type="xs:int"/>
      <xs:element minOccurs="0" name="FV_ACD_Reason_AllowanceChargeDet" nillable="true" type="xs:string"/>
    </xs:sequence>
  </xs:complexType>
  <xs:element name="FV_ACD_AllowanceChargeDet" nillable="true" type="tns:FV_ACD_AllowanceChargeDet"/>
  <xs:complexType name="ArrayOfFV_DRC_DocumentReferenceConcept">
    <xs:sequence>
      <xs:element minOccurs="0" maxOccurs="unbounded" name="FV_DRC_DocumentReferenceConcept" nillable="true" type="tns:FV_DRC_DocumentReferenceConcept"/>
    </xs:sequence>
  </xs:complexType>
  <xs:element name="ArrayOfFV_DRC_DocumentReferenceConcept" nillable="true" type="tns:ArrayOfFV_DRC_DocumentReferenceConcept"/>
  <xs:complexType name="FV_DRC_DocumentReferenceConcept">
    <xs:sequence>
      <xs:element minOccurs="0" name="CON_concepto_cfd" nillable="true" type="tns:CON_concepto_cfd"/>
      <xs:element minOccurs="0" name="CON_id_concepto" type="xs:int"/>
      <xs:element minOccurs="0" name="FV_DRC_Date_DocumentReferenceConcept" nillable="true" type="xs:dateTime"/>
      <xs:element minOccurs="0" name="FV_DRC_IdDocRef_DocumentReferenceConcept" nillable="true" type="xs:string"/>
      <xs:element minOccurs="0" name="FV_DRC_Id_DocumentReferenceConcept" type="xs:int"/>
      <xs:element minOccurs="0" name="FV_DRC_Nodo_DocumentReferenceConcept" nillable="true" type="xs:string"/>
      <xs:element minOccurs="0" name="FV_DRC_Tipo_DocumentReferenceConcept" nillable="true" type="xs:string"/>
    </xs:sequence>
  </xs:complexType>
  <xs:element name="FV_DRC_DocumentReferenceConcept" nillable="true" type="tns:FV_DRC_DocumentReferenceConcept"/>
  <xs:complexType name="ArrayOfFV_TRBDCON_TributoDetalleXConcepto">
    <xs:sequence>
      <xs:element minOccurs="0" maxOccurs="unbounded" name="FV_TRBDCON_TributoDetalleXConcepto" nillable="true" type="tns:FV_TRBDCON_TributoDetalleXConcepto"/>
    </xs:sequence>
  </xs:complexType>
  <xs:element name="ArrayOfFV_TRBDCON_TributoDetalleXConcepto" nillable="true" type="tns:ArrayOfFV_TRBDCON_TributoDetalleXConcepto"/>
  <xs:complexType name="FV_TRBDCON_TributoDetalleXConcepto">
    <xs:sequence>
      <xs:element minOccurs="0" name="CON_concepto_cfd" nillable="true" type="tns:CON_concepto_cfd"/>
      <xs:element minOccurs="0" name="CON_id_concepto" type="xs:int"/>
      <xs:element minOccurs="0" name="FV_TRBDCON_PerUnitAmount_TributoDetalleXConcepto" nillable="true" type="xs:decimal"/>
      <xs:element minOccurs="0" name="FV_TRBDCON_TaxAmount_TributoDetalleXConcepto" nillable="true" type="xs:decimal"/>
      <xs:element minOccurs="0" name="FV_TRBDCON_TaxableAmount_TributoDetalleXConcepto" nillable="true" type="xs:decimal"/>
      <xs:element minOccurs="0" name="FV_TRBDCON_Withholding_TributoDetalleXConcepto" nillable="true" type="xs:boolean"/>
      <xs:element minOccurs="0" name="FV_TRBDCON_id_TributoDetalleXConcepto" type="xs:int"/>
      <xs:element minOccurs="0" name="FV_TXT_Id_TarifaXTributo" type="xs:int"/>
      <xs:element minOccurs="0" name="FV_TXT_TarifaXTributo" nillable="true" type="tns:FV_TXT_TarifaXTributo"/>
      <xs:element minOccurs="0" name="FV_UNN_Unidades_Normalizadas" nillable="true" type="tns:FV_UNN_Unidades_Normalizadas"/>
      <xs:element minOccurs="0" name="FV_UNN_id_Unidades" type="xs:int"/>
    </xs:sequence>
  </xs:complexType>
  <xs:element name="FV_TRBDCON_TributoDetalleXConcepto" nillable="true" type="tns:FV_TRBDCON_TributoDetalleXConcepto"/>
  <xs:complexType name="FV_TXT_TarifaXTributo">
    <xs:sequence>
      <xs:element minOccurs="0" name="FV_TRBDCON_TributoDetalleXConcepto" nillable="true" type="tns:ArrayOfFV_TRBDCON_TributoDetalleXConcepto"/>
      <xs:element minOccurs="0" name="FV_TRBD_TributoDetalle" nillable="true" type="tns:ArrayOfFV_TRBD_TributoDetalle"/>
      <xs:element minOccurs="0" name="FV_TRB_Id_Tributos" type="xs:int"/>
      <xs:element minOccurs="0" name="FV_TRB_Tributos" nillable="true" type="tns:FV_TRB_Tributos"/>
      <xs:element minOccurs="0" name="FV_TRB_Tributos1" nillable="true" type="tns:FV_TRB_Tributos1"/>
      <xs:element minOccurs="0" name="FV_TXT_Concepto_TarifaXTributo" nillable="true" type="xs:string"/>
      <xs:element minOccurs="0" name="FV_TXT_Id_TarifaXTributo" type="xs:int"/>
      <xs:element minOccurs="0" name="FV_TXT_Tarifa_TarifaXTributo" nillable="true" type="xs:decimal"/>
    </xs:sequence>
  </xs:complexType>
  <xs:element name="FV_TXT_TarifaXTributo" nillable="true" type="tns:FV_TXT_TarifaXTributo"/>
  <xs:complexType name="ArrayOfFV_TRBD_TributoDetalle">
    <xs:sequence>
      <xs:element minOccurs="0" maxOccurs="unbounded" name="FV_TRBD_TributoDetalle" nillable="true" type="tns:FV_TRBD_TributoDetalle"/>
    </xs:sequence>
  </xs:complexType>
  <xs:element name="ArrayOfFV_TRBD_TributoDetalle" nillable="true" type="tns:ArrayOfFV_TRBD_TributoDetalle"/>
  <xs:complexType name="FV_TRBD_TributoDetalle">
    <xs:sequence>
      <xs:element minOccurs="0" name="CFD_cfd_informacion" nillable="true" type="tns:CFD_cfd_informacion"/>
      <xs:element minOccurs="0" name="CFD_id_cfd" type="xs:int"/>
      <xs:element minOccurs="0" name="FV_TRBD_PerUnitAmount_TributoDetalle" nillable="true" type="xs:decimal"/>
      <xs:element minOccurs="0" name="FV_TRBD_TaxAmount_TributoDetalle" nillable="true" type="xs:decimal"/>
      <xs:element minOccurs="0" name="FV_TRBD_TaxableAmount_TributoDetalle" nillable="true" type="xs:decimal"/>
      <xs:element minOccurs="0" name="FV_TRBD_Withholding_TributoDetalle" nillable="true" type="xs:boolean"/>
      <xs:element minOccurs="0" name="FV_TRBD_id_TributoDetalle" type="xs:int"/>
      <xs:element minOccurs="0" name="FV_TXT_Id_TarifaXTributo" type="xs:int"/>
      <xs:element minOccurs="0" name="FV_TXT_TarifaXTributo" nillable="true" type="tns:FV_TXT_TarifaXTributo"/>
      <xs:element minOccurs="0" name="FV_UNN_Unidades_Normalizadas" nillable="true" type="tns:FV_UNN_Unidades_Normalizadas"/>
      <xs:element minOccurs="0" name="FV_UNN_id_Unidades" type="xs:int"/>
    </xs:sequence>
  </xs:complexType>
  <xs:element name="FV_TRBD_TributoDetalle" nillable="true" type="tns:FV_TRBD_TributoDetalle"/>
  <xs:complexType name="FV_UNN_Unidades_Normalizadas">
    <xs:sequence>
      <xs:element minOccurs="0" name="FV_TRBDCON_TributoDetalleXConcepto" nillable="true" type="tns:ArrayOfFV_TRBDCON_TributoDetalleXConcepto"/>
      <xs:element minOccurs="0" name="FV_TRBD_TributoDetalle" nillable="true" type="tns:ArrayOfFV_TRBD_TributoDetalle"/>
      <xs:element minOccurs="0" name="FV_UNN_Codigo_DIAN" nillable="true" type="xs:string"/>
      <xs:element minOccurs="0" name="FV_UNN_Descripcion" nillable="true" type="xs:string"/>
      <xs:element minOccurs="0" name="FV_UNN_id_Unidades" type="xs:int"/>
    </xs:sequence>
  </xs:complexType>
  <xs:element name="FV_UNN_Unidades_Normalizadas" nillable="true" type="tns:FV_UNN_Unidades_Normalizadas"/>
  <xs:complexType name="FV_TRB_Tributos1">
    <xs:sequence>
      <xs:element minOccurs="0" name="FV_PCN_ParticipanteConsorcios" nillable="true" type="tns:ArrayOfFV_PCN_ParticipanteConsorcio"/>
      <xs:element minOccurs="0" name="FV_TRBACON_TributoAgrupadoXConcepto" nillable="true" type="tns:ArrayOfFV_TRBACON_TributoAgrupadoXConcepto"/>
      <xs:element minOccurs="0" name="FV_TRBA_TributoAgrupado" nillable="true" type="tns:ArrayOfFV_TRBA_TributoAgrupado"/>
      <xs:element minOccurs="0" name="FV_TRB_Descripcion_Tributos" nillable="true" type="xs:string"/>
      <xs:element minOccurs="0" name="FV_TRB_Id_Tributos" type="xs:int"/>
      <xs:element minOccurs="0" name="FV_TRB_ImpuestoNominal_Tributos" nillable="true" type="xs:boolean"/>
      <xs:element minOccurs="0" name="FV_TRB_TaxSchemeID_Tributos" nillable="true" type="xs:string"/>
      <xs:element minOccurs="0" name="FV_TRB_TaxSchemeName_Tributos" nillable="true" type="xs:string"/>
      <xs:element minOccurs="0" name="FV_TXT_TarifaXTributo" nillable="true" type="tns:ArrayOfFV_TXT_TarifaXTributo"/>
      <xs:element minOccurs="0" name="FV_TarifaPropia" nillable="true" type="xs:boolean"/>
    </xs:sequence>
  </xs:complexType>
  <xs:element name="FV_TRB_Tributos1" nillable="true" type="tns:FV_TRB_Tributos1"/>
  <xs:complexType name="ArrayOfFV_TRBA_TributoAgrupado">
    <xs:sequence>
      <xs:element minOccurs="0" maxOccurs="unbounded" name="FV_TRBA_TributoAgrupado" nillable="true" type="tns:FV_TRBA_TributoAgrupado"/>
    </xs:sequence>
  </xs:complexType>
  <xs:element name="ArrayOfFV_TRBA_TributoAgrupado" nillable="true" type="tns:ArrayOfFV_TRBA_TributoAgrupado"/>
  <xs:complexType name="FV_TRBA_TributoAgrupado">
    <xs:sequence>
      <xs:element minOccurs="0" name="CFD_cfd_informacion" nillable="true" type="tns:CFD_cfd_informacion"/>
      <xs:element minOccurs="0" name="CFD_id_cfd" type="xs:int"/>
      <xs:element minOccurs="0" name="FV_TRBA_RoundingAmount_TributoAgrupado" nillable="true" type="xs:decimal"/>
      <xs:element minOccurs="0" name="FV_TRBA_TaxAmount_TributoAgrupado" nillable="true" type="xs:decimal"/>
      <xs:element minOccurs="0" name="FV_TRBA_Withholding_TributoAgrupado" nillable="true" type="xs:boolean"/>
      <xs:element minOccurs="0" name="FV_TRBA_id_TributoAgrupado" type="xs:int"/>
      <xs:element minOccurs="0" name="FV_TRB_Id_Tributos" type="xs:int"/>
      <xs:element minOccurs="0" name="FV_TRB_Tributos" nillable="true" type="tns:FV_TRB_Tributos"/>
      <xs:element minOccurs="0" name="FV_TRB_Tributos1" nillable="true" type="tns:FV_TRB_Tributos1"/>
    </xs:sequence>
  </xs:complexType>
  <xs:element name="FV_TRBA_TributoAgrupado" nillable="true" type="tns:FV_TRBA_TributoAgrupado"/>
  <xs:complexType name="ArrayOfFV_TXT_TarifaXTributo">
    <xs:sequence>
      <xs:element minOccurs="0" maxOccurs="unbounded" name="FV_TXT_TarifaXTributo" nillable="true" type="tns:FV_TXT_TarifaXTributo"/>
    </xs:sequence>
  </xs:complexType>
  <xs:element name="ArrayOfFV_TXT_TarifaXTributo" nillable="true" type="tns:ArrayOfFV_TXT_TarifaXTributo"/>
  <xs:complexType name="POS_ProductosServicios">
    <xs:sequence>
      <xs:element minOccurs="0" name="CFD_cfd_informacion" nillable="true" type="tns:ArrayOfCFD_cfd_informacion"/>
      <xs:element minOccurs="0" name="CON_concepto_cfd" nillable="true" type="tns:ArrayOfCON_concepto_cfd"/>
      <xs:element minOccurs="0" name="CPS_CategorProductServicios" nillable="true" type="tns:CPS_CategorProductServicios"/>
      <xs:element minOccurs="0" name="EMP_Empresa" nillable="true" type="tns:EMP_Empresa"/>
      <xs:element minOccurs="0" name="Emp_id_empresa" type="xs:int"/>
      <xs:element minOccurs="0" name="NOM_NOV_Novedads" nillable="true" type="tns:ArrayOfNOM_NOV_Novedad"/>
      <xs:element minOccurs="0" name="TTI_tipo_impuesto" nillable="true" type="tns:TTI_tipo_impuesto"/>
      <xs:element minOccurs="0" name="UNI_UnidadesMedida" nillable="true" type="tns:UNI_UnidadesMedida"/>
      <xs:element minOccurs="0" name="cps_id_catg_produc_servic" type="xs:int"/>
      <xs:element minOccurs="0" name="pos_centro_costo" nillable="true" type="xs:string"/>
      <xs:element minOccurs="0" name="pos_codigo_ref" nillable="true" type="xs:string"/>
      <xs:element minOccurs="0" name="pos_costo" type="xs:decimal"/>
      <xs:element minOccurs="0" name="pos_cuenta_clientes" nillable="true" type="xs:string"/>
      <xs:element minOccurs="0" name="pos_cuenta_impuesto" nillable="true" type="xs:string"/>
      <xs:element minOccurs="0" name="pos_cuenta_ingreso" nillable="true" type="xs:string"/>
      <xs:element minOccurs="0" name="pos_desc_corta" nillable="true" type="xs:string"/>
      <xs:element minOccurs="0" name="pos_descripcion" nillable="true" type="xs:string"/>
      <xs:element minOccurs="0" name="pos_fotografia" nillable="true" type="q8:Binary" xmlns:q8="http://schemas.datacontract.org/2004/07/System.Data.Linq"/>
      <xs:element minOccurs="0" name="pos_id_productos" type="xs:int"/>
      <xs:element minOccurs="0" name="pos_nombre_archivo" nillable="true" type="xs:string"/>
      <xs:element minOccurs="0" name="pos_precio_venta" type="xs:decimal"/>
      <xs:element minOccurs="0" name="pos_subcentro_costo" nillable="true" type="xs:string"/>
      <xs:element minOccurs="0" name="pos_tipo_mime" nillable="true" type="xs:string"/>
      <xs:element minOccurs="0" name="pos_ultimo_costo" type="xs:decimal"/>
      <xs:element minOccurs="0" name="tii_tipo_impuesto" type="xs:int"/>
      <xs:element minOccurs="0" name="uni_id_unidad" type="xs:int"/>
    </xs:sequence>
  </xs:complexType>
  <xs:element name="POS_ProductosServicios" nillable="true" type="tns:POS_ProductosServicios"/>
  <xs:complexType name="CPS_CategorProductServicios">
    <xs:sequence>
      <xs:element minOccurs="0" name="POS_ProductosServicios" nillable="true" type="tns:ArrayOfPOS_ProductosServicios"/>
      <xs:element minOccurs="0" name="cps_id_catg_produc_servic" type="xs:int"/>
      <xs:element minOccurs="0" name="cps_nombre_categoria" nillable="true" type="xs:string"/>
      <xs:element minOccurs="0" name="cps_numer_uvt" type="xs:int"/>
    </xs:sequence>
  </xs:complexType>
  <xs:element name="CPS_CategorProductServicios" nillable="true" type="tns:CPS_CategorProductServicios"/>
  <xs:complexType name="ArrayOfPOS_ProductosServicios">
    <xs:sequence>
      <xs:element minOccurs="0" maxOccurs="unbounded" name="POS_ProductosServicios" nillable="true" type="tns:POS_ProductosServicios"/>
    </xs:sequence>
  </xs:complexType>
  <xs:element name="ArrayOfPOS_ProductosServicios" nillable="true" type="tns:ArrayOfPOS_ProductosServicios"/>
  <xs:complexType name="ArrayOfNOM_NOV_Novedad">
    <xs:sequence>
      <xs:element minOccurs="0" maxOccurs="unbounded" name="NOM_NOV_Novedad" nillable="true" type="tns:NOM_NOV_Novedad"/>
    </xs:sequence>
  </xs:complexType>
  <xs:element name="ArrayOfNOM_NOV_Novedad" nillable="true" type="tns:ArrayOfNOM_NOV_Novedad"/>
  <xs:complexType name="NOM_NOV_Novedad">
    <xs:sequence>
      <xs:element minOccurs="0" name="CLI_clientes" nillable="true" type="tns:CLI_clientes"/>
      <xs:element minOccurs="0" name="Cli_id_cliente" type="xs:int"/>
      <xs:element minOccurs="0" name="NOM_ENO_Id" type="xs:int"/>
      <xs:element minOccurs="0" name="NOM_ENO_TipoEstadoNovedad" nillable="true" type="tns:NOM_ENO_TipoEstadoNovedad"/>
      <xs:element minOccurs="0" name="NOM_NOV_Cantidad" nillable="true" type="xs:decimal"/>
      <xs:element minOccurs="0" name="NOM_NOV_Dato_Fecha" nillable="true" type="xs:dateTime"/>
      <xs:element minOccurs="0" name="NOM_NOV_Dato_Texto1" nillable="true" type="xs:string"/>
      <xs:element minOccurs="0" name="NOM_NOV_Dato_Texto2" nillable="true" type="xs:string"/>
      <xs:element minOccurs="0" name="NOM_NOV_FechaRegistro" type="xs:dateTime"/>
      <xs:element minOccurs="0" name="NOM_NOV_Fecha_Recibido" nillable="true" type="xs:dateTime"/>
      <xs:element minOccurs="0" name="NOM_NOV_Id" type="xs:int"/>
      <xs:element minOccurs="0" name="NOM_NOV_Por_Impuesto2" nillable="true" type="xs:decimal"/>
      <xs:element minOccurs="0" name="NOM_NOV_Por_iva" nillable="true" type="xs:decimal"/>
      <xs:element minOccurs="0" name="NOM_NOV_Valor_Unitario" nillable="true" type="xs:decimal"/>
      <xs:element minOccurs="0" name="NOM_NOV_iva" nillable="true" type="xs:decimal"/>
      <xs:element minOccurs="0" name="NOM_TNO_Id" type="xs:int"/>
      <xs:element minOccurs="0" name="NOM_TNO_TipoNovedad" nillable="true" type="tns:NOM_TNO_TipoNovedad"/>
      <xs:element minOccurs="0" name="POS_ProductosServicios" nillable="true" type="tns:POS_ProductosServicios"/>
      <xs:element minOccurs="0" name="Pos_id_productos" type="xs:int"/>
    </xs:sequence>
  </xs:complexType>
  <xs:element name="NOM_NOV_Novedad" nillable="true" type="tns:NOM_NOV_Novedad"/>
  <xs:complexType name="NOM_ENO_TipoEstadoNovedad">
    <xs:sequence>
      <xs:element minOccurs="0" name="NOM_ENO_Descripcion" nillable="true" type="xs:string"/>
      <xs:element minOccurs="0" name="NOM_ENO_Id" type="xs:int"/>
      <xs:element minOccurs="0" name="NOM_NOV_Novedads" nillable="true" type="tns:ArrayOfNOM_NOV_Novedad"/>
    </xs:sequence>
  </xs:complexType>
  <xs:element name="NOM_ENO_TipoEstadoNovedad" nillable="true" type="tns:NOM_ENO_TipoEstadoNovedad"/>
  <xs:complexType name="NOM_TNO_TipoNovedad">
    <xs:sequence>
      <xs:element minOccurs="0" name="NOM_NOV_Novedads" nillable="true" type="tns:ArrayOfNOM_NOV_Novedad"/>
      <xs:element minOccurs="0" name="NOM_TNO_Descripcion" nillable="true" type="xs:string"/>
      <xs:element minOccurs="0" name="NOM_TNO_Id" type="xs:int"/>
      <xs:element minOccurs="0" name="NOM_TNO_Periodico" type="xs:boolean"/>
    </xs:sequence>
  </xs:complexType>
  <xs:element name="NOM_TNO_TipoNovedad" nillable="true" type="tns:NOM_TNO_TipoNovedad"/>
  <xs:complexType name="TTI_tipo_impuesto">
    <xs:sequence>
      <xs:element minOccurs="0" name="EMP_Empresa" nillable="true" type="tns:EMP_Empresa"/>
      <xs:element minOccurs="0" name="Emp_id_empresa" type="xs:int"/>
      <xs:element minOccurs="0" name="IMP_impuestos" nillable="true" type="tns:ArrayOfIMP_impuestos"/>
      <xs:element minOccurs="0" name="IXT_Impuesto_X_TipoContribuyente" nillable="true" type="tns:ArrayOfIXT_Impuesto_X_TipoContribuyente"/>
      <xs:element minOccurs="0" name="POS_ProductosServicios" nillable="true" type="tns:ArrayOfPOS_ProductosServicios"/>
      <xs:element minOccurs="0" name="TII_aplica_producto" type="xs:boolean"/>
      <xs:element minOccurs="0" name="TII_descripcion" nillable="true" type="xs:string"/>
      <xs:element minOccurs="0" name="TII_id_impuesto" type="xs:int"/>
      <xs:element minOccurs="0" name="TII_por_impuesto" nillable="true" type="xs:decimal"/>
    </xs:sequence>
  </xs:complexType>
  <xs:element name="TTI_tipo_impuesto" nillable="true" type="tns:TTI_tipo_impuesto"/>
  <xs:complexType name="ArrayOfIMP_impuestos">
    <xs:sequence>
      <xs:element minOccurs="0" maxOccurs="unbounded" name="IMP_impuestos" nillable="true" type="tns:IMP_impuestos"/>
    </xs:sequence>
  </xs:complexType>
  <xs:element name="ArrayOfIMP_impuestos" nillable="true" type="tns:ArrayOfIMP_impuestos"/>
  <xs:complexType name="IMP_impuestos">
    <xs:sequence>
      <xs:element minOccurs="0" name="CFD_cfd_informacion" nillable="true" type="tns:CFD_cfd_informacion"/>
      <xs:element minOccurs="0" name="EMP_Empresa" nillable="true" type="tns:EMP_Empresa"/>
      <xs:element minOccurs="0" name="Emp_id_empresa" type="xs:int"/>
      <xs:element minOccurs="0" name="IMP_CFD_id_cfd" type="xs:int"/>
      <xs:element minOccurs="0" name="IMP_TII_id_impuesto" type="xs:int"/>
      <xs:element minOccurs="0" name="IMP_codigo_porcentaje" nillable="true" type="xs:string"/>
      <xs:element minOccurs="0" name="IMP_importe" type="xs:decimal"/>
      <xs:element minOccurs="0" name="IMP_impuesto" nillable="true" type="xs:string"/>
      <xs:element minOccurs="0" name="IMP_numero_impuesto" type="xs:decimal"/>
      <xs:element minOccurs="0" name="IMP_tasa" type="xs:decimal"/>
      <xs:element minOccurs="0" name="TTI_tipo_impuesto" nillable="true" type="tns:TTI_tipo_impuesto"/>
    </xs:sequence>
  </xs:complexType>
  <xs:element name="IMP_impuestos" nillable="true" type="tns:IMP_impuestos"/>
  <xs:complexType name="ArrayOfIXT_Impuesto_X_TipoContribuyente">
    <xs:sequence>
      <xs:element minOccurs="0" maxOccurs="unbounded" name="IXT_Impuesto_X_TipoContribuyente" nillable="true" type="tns:IXT_Impuesto_X_TipoContribuyente"/>
    </xs:sequence>
  </xs:complexType>
  <xs:element name="ArrayOfIXT_Impuesto_X_TipoContribuyente" nillable="true" type="tns:ArrayOfIXT_Impuesto_X_TipoContribuyente"/>
  <xs:complexType name="IXT_Impuesto_X_TipoContribuyente">
    <xs:sequence>
      <xs:element minOccurs="0" name="EMP_Empresa" nillable="true" type="tns:EMP_Empresa"/>
      <xs:element minOccurs="0" name="Emp_id_empresa" type="xs:int"/>
      <xs:element minOccurs="0" name="IXT_Descripcion" nillable="true" type="xs:string"/>
      <xs:element minOccurs="0" name="IXT_codigo" nillable="true" type="xs:string"/>
      <xs:element minOccurs="0" name="IXT_id_impuesto_x_tipo_cont" type="xs:int"/>
      <xs:element minOccurs="0" name="IXT_porcentaje" nillable="true" type="xs:decimal"/>
      <xs:element minOccurs="0" name="TII_id_impuesto" type="xs:int"/>
      <xs:element minOccurs="0" name="TIPCONTRIB_TipoContribuyente" nillable="true" type="tns:TIPCONTRIB_TipoContribuyente"/>
      <xs:element minOccurs="0" name="TTI_tipo_impuesto" nillable="true" type="tns:TTI_tipo_impuesto"/>
      <xs:element minOccurs="0" name="tipcontrib_id" type="xs:int"/>
    </xs:sequence>
  </xs:complexType>
  <xs:element name="IXT_Impuesto_X_TipoContribuyente" nillable="true" type="tns:IXT_Impuesto_X_TipoContribuyente"/>
  <xs:complexType name="TIPCONTRIB_TipoContribuyente">
    <xs:sequence>
      <xs:element minOccurs="0" name="CLI_clientes" nillable="true" type="tns:ArrayOfCLI_clientes"/>
      <xs:element minOccurs="0" name="IXT_Impuesto_X_TipoContribuyente" nillable="true" type="tns:ArrayOfIXT_Impuesto_X_TipoContribuyente"/>
      <xs:element minOccurs="0" name="tipcontrib_descripcion" nillable="true" type="xs:string"/>
      <xs:element minOccurs="0" name="tipcontrib_id" type="xs:int"/>
    </xs:sequence>
  </xs:complexType>
  <xs:element name="TIPCONTRIB_TipoContribuyente" nillable="true" type="tns:TIPCONTRIB_TipoContribuyente"/>
  <xs:complexType name="UNI_UnidadesMedida">
    <xs:sequence>
      <xs:element minOccurs="0" name="EMP_Empresa" nillable="true" type="tns:EMP_Empresa"/>
      <xs:element minOccurs="0" name="Emp_id_empresa" type="xs:int"/>
      <xs:element minOccurs="0" name="POS_ProductosServicios" nillable="true" type="tns:ArrayOfPOS_ProductosServicios"/>
      <xs:element minOccurs="0" name="uni_descripcion" nillable="true" type="xs:string"/>
      <xs:element minOccurs="0" name="uni_id_unidad" type="xs:int"/>
    </xs:sequence>
  </xs:complexType>
  <xs:element name="UNI_UnidadesMedida" nillable="true" type="tns:UNI_UnidadesMedida"/>
  <xs:complexType name="ArrayOfTRAZGE_TrazabilidadGestion">
    <xs:sequence>
      <xs:element minOccurs="0" maxOccurs="unbounded" name="TRAZGE_TrazabilidadGestion" nillable="true" type="tns:TRAZGE_TrazabilidadGestion"/>
    </xs:sequence>
  </xs:complexType>
  <xs:element name="ArrayOfTRAZGE_TrazabilidadGestion" nillable="true" type="tns:ArrayOfTRAZGE_TrazabilidadGestion"/>
  <xs:complexType name="TRAZGE_TrazabilidadGestion">
    <xs:sequence>
      <xs:element minOccurs="0" name="CON_concepto_cfd" nillable="true" type="tns:CON_concepto_cfd"/>
      <xs:element minOccurs="0" name="CON_concepto_cfd1" nillable="true" type="tns:CON_concepto_cfd"/>
      <xs:element minOccurs="0" name="TIPOCONFL_TipoConflicto" nillable="true" type="tns:TIPOCONFL_TipoConflicto"/>
      <xs:element minOccurs="0" name="tipconfl_id" nillable="true" type="xs:int"/>
      <xs:element minOccurs="0" name="trazge_con_acuse_r" nillable="true" type="xs:int"/>
      <xs:element minOccurs="0" name="trazge_con_factura" type="xs:int"/>
      <xs:element minOccurs="0" name="trazge_id" type="xs:int"/>
    </xs:sequence>
  </xs:complexType>
  <xs:element name="TRAZGE_TrazabilidadGestion" nillable="true" type="tns:TRAZGE_TrazabilidadGestion"/>
  <xs:complexType name="TIPOCONFL_TipoConflicto">
    <xs:sequence>
      <xs:element minOccurs="0" name="TRAZGE_TrazabilidadGestions" nillable="true" type="tns:ArrayOfTRAZGE_TrazabilidadGestion"/>
      <xs:element minOccurs="0" name="tipconfl_descripcion" nillable="true" type="xs:string"/>
      <xs:element minOccurs="0" name="tipconfl_id" type="xs:int"/>
    </xs:sequence>
  </xs:complexType>
  <xs:element name="TIPOCONFL_TipoConflicto" nillable="true" type="tns:TIPOCONFL_TipoConflicto"/>
  <xs:complexType name="TID_TipoIdentificacion">
    <xs:sequence>
      <xs:element minOccurs="0" name="CLI_clientes" nillable="true" type="tns:ArrayOfCLI_clientes"/>
      <xs:element minOccurs="0" name="EMP_Empresa" nillable="true" type="tns:ArrayOfEMP_Empresa"/>
      <xs:element minOccurs="0" name="FV_PCN_ParticipanteConsorcios" nillable="true" type="tns:ArrayOfFV_PCN_ParticipanteConsorcio"/>
      <xs:element minOccurs="0" name="tid_codg_ident" nillable="true" type="xs:string"/>
      <xs:element minOccurs="0" name="tid_id_tipo_identificacion" type="xs:int"/>
      <xs:element minOccurs="0" name="tid_nombr" nillable="true" type="xs:string"/>
    </xs:sequence>
  </xs:complexType>
  <xs:element name="TID_TipoIdentificacion" nillable="true" type="tns:TID_TipoIdentificacion"/>
  <xs:complexType name="ArrayOfPXC_Proveedores_TecnologicosXCliente">
    <xs:sequence>
      <xs:element minOccurs="0" maxOccurs="unbounded" name="PXC_Proveedores_TecnologicosXCliente" nillable="true" type="tns:PXC_Proveedores_TecnologicosXCliente"/>
    </xs:sequence>
  </xs:complexType>
  <xs:element name="ArrayOfPXC_Proveedores_TecnologicosXCliente" nillable="true" type="tns:ArrayOfPXC_Proveedores_TecnologicosXCliente"/>
  <xs:complexType name="PXC_Proveedores_TecnologicosXCliente">
    <xs:sequence>
      <xs:element minOccurs="0" name="CLI_clientes" nillable="true" type="tns:CLI_clientes"/>
      <xs:element minOccurs="0" name="EMP_Empresa" nillable="true" type="tns:EMP_Empresa"/>
      <xs:element minOccurs="0" name="Emp_id_empresa" nillable="true" type="xs:int"/>
      <xs:element minOccurs="0" name="PTT_Proveedores_Tecnologicos" nillable="true" type="tns:PTT_Proveedores_Tecnologicos"/>
      <xs:element minOccurs="0" name="PXC_CLI_id_cliente" nillable="true" type="xs:int"/>
      <xs:element minOccurs="0" name="ptt_id_Proveedor" type="xs:int"/>
      <xs:element minOccurs="0" name="pxc_fecha_creacion" nillable="true" type="xs:dateTime"/>
      <xs:element minOccurs="0" name="pxc_id_ProveedorXCliente" type="xs:int"/>
    </xs:sequence>
  </xs:complexType>
  <xs:element name="PXC_Proveedores_TecnologicosXCliente" nillable="true" type="tns:PXC_Proveedores_TecnologicosXCliente"/>
  <xs:complexType name="PTT_Proveedores_Tecnologicos">
    <xs:sequence>
      <xs:element minOccurs="0" name="ARS_Archivos_Recepcion_SFTP" nillable="true" type="tns:ArrayOfARS_Archivos_Recepcion_SFTP"/>
      <xs:element minOccurs="0" name="CPT_Configuracion_Proveedores_Tecnologicos" nillable="true" type="tns:ArrayOfCPT_Configuracion_Proveedores_Tecnologicos"/>
      <xs:element minOccurs="0" name="PEF_Parametros_Emision_Interop_FTP" nillable="true" type="tns:ArrayOfPEF_Parametros_Emision_Interop_FTP"/>
      <xs:element minOccurs="0" name="PXC_Proveedores_TecnologicosXCliente" nillable="true" type="tns:ArrayOfPXC_Proveedores_TecnologicosXCliente"/>
      <xs:element minOccurs="0" name="RSE_Registros_Solicitudes_Emision" nillable="true" type="tns:ArrayOfRSE_Registros_Solicitudes_Emision"/>
      <xs:element minOccurs="0" name="ppt_estado_proveedor" type="xs:short"/>
      <xs:element minOccurs="0" name="ppt_fecha_creacion" nillable="true" type="xs:dateTime"/>
      <xs:element minOccurs="0" name="ptt_contacto_email" nillable="true" type="xs:string"/>
      <xs:element minOccurs="0" name="ptt_contacto_nombre" nillable="true" type="xs:string"/>
      <xs:element minOccurs="0" name="ptt_contacto_telefono" nillable="true" type="xs:string"/>
      <xs:element minOccurs="0" name="ptt_id_Proveedor" type="xs:int"/>
      <xs:element minOccurs="0" name="ptt_nombre_proveedor" nillable="true" type="xs:string"/>
    </xs:sequence>
  </xs:complexType>
  <xs:element name="PTT_Proveedores_Tecnologicos" nillable="true" type="tns:PTT_Proveedores_Tecnologicos"/>
  <xs:complexType name="ArrayOfARS_Archivos_Recepcion_SFTP">
    <xs:sequence>
      <xs:element minOccurs="0" maxOccurs="unbounded" name="ARS_Archivos_Recepcion_SFTP" nillable="true" type="tns:ARS_Archivos_Recepcion_SFTP"/>
    </xs:sequence>
  </xs:complexType>
  <xs:element name="ArrayOfARS_Archivos_Recepcion_SFTP" nillable="true" type="tns:ArrayOfARS_Archivos_Recepcion_SFTP"/>
  <xs:complexType name="ARS_Archivos_Recepcion_SFTP">
    <xs:sequence>
      <xs:element minOccurs="0" name="CFD_cfd_informacion" nillable="true" type="tns:CFD_cfd_informacion"/>
      <xs:element minOccurs="0" name="CFD_id_cfd" type="xs:int"/>
      <xs:element minOccurs="0" name="EMP_Empresa" nillable="true" type="tns:EMP_Empresa"/>
      <xs:element minOccurs="0" name="Emp_id_empresa" type="xs:int"/>
      <xs:element minOccurs="0" name="PTT_Proveedores_Tecnologicos" nillable="true" type="tns:PTT_Proveedores_Tecnologicos"/>
      <xs:element minOccurs="0" name="ars_adjuntos" type="xs:short"/>
      <xs:element minOccurs="0" name="ars_fechaCreacion" nillable="true" type="xs:dateTime"/>
      <xs:element minOccurs="0" name="ars_idDestinatario" nillable="true" type="xs:string"/>
      <xs:element minOccurs="0" name="ars_idRecepcionDocumentos" type="xs:int"/>
      <xs:element minOccurs="0" name="ars_nombre_documento" nillable="true" type="xs:string"/>
      <xs:element minOccurs="0" name="ars_notaEntrega" nillable="true" type="xs:string"/>
      <xs:element minOccurs="0" name="ars_representGrafica" type="xs:short"/>
      <xs:element minOccurs="0" name="ars_sha256" nillable="true" type="xs:string"/>
      <xs:element minOccurs="0" name="ptt_archivoZip" nillable="true" type="xs:string"/>
      <xs:element minOccurs="0" name="ptt_id_Proveedor" type="xs:int"/>
    </xs:sequence>
  </xs:complexType>
  <xs:element name="ARS_Archivos_Recepcion_SFTP" nillable="true" type="tns:ARS_Archivos_Recepcion_SFTP"/>
  <xs:complexType name="ArrayOfCPT_Configuracion_Proveedores_Tecnologicos">
    <xs:sequence>
      <xs:element minOccurs="0" maxOccurs="unbounded" name="CPT_Configuracion_Proveedores_Tecnologicos" nillable="true" type="tns:CPT_Configuracion_Proveedores_Tecnologicos"/>
    </xs:sequence>
  </xs:complexType>
  <xs:element name="ArrayOfCPT_Configuracion_Proveedores_Tecnologicos" nillable="true" type="tns:ArrayOfCPT_Configuracion_Proveedores_Tecnologicos"/>
  <xs:complexType name="CPT_Configuracion_Proveedores_Tecnologicos">
    <xs:sequence>
      <xs:element minOccurs="0" name="PTT_Proveedores_Tecnologicos" nillable="true" type="tns:PTT_Proveedores_Tecnologicos"/>
      <xs:element minOccurs="0" name="TAM_Tipo_Ambiente_Interop" nillable="true" type="tns:TAM_Tipo_Ambiente_Interop"/>
      <xs:element minOccurs="0" name="TCI_Tipo_Configuracion_Interop" nillable="true" type="tns:TCI_Tipo_Configuracion_Interop"/>
      <xs:element minOccurs="0" name="cpt_idConfiguracion" type="xs:int"/>
      <xs:element minOccurs="0" name="cpt_puerto" nillable="true" type="xs:int"/>
      <xs:element minOccurs="0" name="cpt_token" nillable="true" type="xs:string"/>
      <xs:element minOccurs="0" name="cpt_url_principal" nillable="true" type="xs:string"/>
      <xs:element minOccurs="0" name="cpt_usuario" nillable="true" type="xs:string"/>
      <xs:element minOccurs="0" name="ptt_id_Proveedor" type="xs:int"/>
      <xs:element minOccurs="0" name="tam_id_tipo_ambiente" nillable="true" type="xs:int"/>
      <xs:element minOccurs="0" name="tci_id_tipo_configuracion" nillable="true" type="xs:int"/>
    </xs:sequence>
  </xs:complexType>
  <xs:element name="CPT_Configuracion_Proveedores_Tecnologicos" nillable="true" type="tns:CPT_Configuracion_Proveedores_Tecnologicos"/>
  <xs:complexType name="TAM_Tipo_Ambiente_Interop">
    <xs:sequence>
      <xs:element minOccurs="0" name="CPT_Configuracion_Proveedores_Tecnologicos" nillable="true" type="tns:ArrayOfCPT_Configuracion_Proveedores_Tecnologicos"/>
      <xs:element minOccurs="0" name="PEF_Parametros_Emision_Interop_FTP" nillable="true" type="tns:ArrayOfPEF_Parametros_Emision_Interop_FTP"/>
      <xs:element minOccurs="0" name="tam_Nombre_tipo_ambiente" nillable="true" type="xs:string"/>
      <xs:element minOccurs="0" name="tam_id_tipo_ambiente" type="xs:int"/>
    </xs:sequence>
  </xs:complexType>
  <xs:element name="TAM_Tipo_Ambiente_Interop" nillable="true" type="tns:TAM_Tipo_Ambiente_Interop"/>
  <xs:complexType name="ArrayOfPEF_Parametros_Emision_Interop_FTP">
    <xs:sequence>
      <xs:element minOccurs="0" maxOccurs="unbounded" name="PEF_Parametros_Emision_Interop_FTP" nillable="true" type="tns:PEF_Parametros_Emision_Interop_FTP"/>
    </xs:sequence>
  </xs:complexType>
  <xs:element name="ArrayOfPEF_Parametros_Emision_Interop_FTP" nillable="true" type="tns:ArrayOfPEF_Parametros_Emision_Interop_FTP"/>
  <xs:complexType name="PEF_Parametros_Emision_Interop_FTP">
    <xs:sequence>
      <xs:element minOccurs="0" name="PEF_enable_ssl" nillable="true" type="xs:boolean"/>
      <xs:element minOccurs="0" name="PEF_host" nillable="true" type="xs:string"/>
      <xs:element minOccurs="0" name="PEF_host_port" nillable="true" type="xs:string"/>
      <xs:element minOccurs="0" name="PEF_id_parametro" type="xs:int"/>
      <xs:element minOccurs="0" name="PEF_id_protocolo" nillable="true" type="xs:int"/>
      <xs:element minOccurs="0" name="PEF_in_dir" nillable="true" type="xs:string"/>
      <xs:element minOccurs="0" name="PEF_keepalive" nillable="true" type="xs:boolean"/>
      <xs:element minOccurs="0" name="PEF_out_dir" nillable="true" type="xs:string"/>
      <xs:element minOccurs="0" name="PEF_pass_ftp" nillable="true" type="xs:string"/>
      <xs:element minOccurs="0" name="PEF_root_dir" nillable="true" type="xs:string"/>
      <xs:element minOccurs="0" name="PEF_use_passive" nillable="true" type="xs:boolean"/>
      <xs:element minOccurs="0" name="PEF_user_ftp" nillable="true" type="xs:string"/>
      <xs:element minOccurs="0" name="PTT_Proveedores_Tecnologicos" nillable="true" type="tns:PTT_Proveedores_Tecnologicos"/>
      <xs:element minOccurs="0" name="TAM_Tipo_Ambiente_Interop" nillable="true" type="tns:TAM_Tipo_Ambiente_Interop"/>
      <xs:element minOccurs="0" name="TCI_Tipo_Configuracion_Interop" nillable="true" type="tns:TCI_Tipo_Configuracion_Interop"/>
      <xs:element minOccurs="0" name="ptt_id_Proveedor" nillable="true" type="xs:int"/>
      <xs:element minOccurs="0" name="tam_id_tipo_ambiente" nillable="true" type="xs:int"/>
      <xs:element minOccurs="0" name="tci_id_tipo_configuracion" nillable="true" type="xs:int"/>
    </xs:sequence>
  </xs:complexType>
  <xs:element name="PEF_Parametros_Emision_Interop_FTP" nillable="true" type="tns:PEF_Parametros_Emision_Interop_FTP"/>
  <xs:complexType name="TCI_Tipo_Configuracion_Interop">
    <xs:sequence>
      <xs:element minOccurs="0" name="CPT_Configuracion_Proveedores_Tecnologicos" nillable="true" type="tns:ArrayOfCPT_Configuracion_Proveedores_Tecnologicos"/>
      <xs:element minOccurs="0" name="PEF_Parametros_Emision_Interop_FTP" nillable="true" type="tns:ArrayOfPEF_Parametros_Emision_Interop_FTP"/>
      <xs:element minOccurs="0" name="tci_Nombre_tipo_configuracion" nillable="true" type="xs:string"/>
      <xs:element minOccurs="0" name="tci_id_tipo_configuracion" type="xs:int"/>
    </xs:sequence>
  </xs:complexType>
  <xs:element name="TCI_Tipo_Configuracion_Interop" nillable="true" type="tns:TCI_Tipo_Configuracion_Interop"/>
  <xs:complexType name="ArrayOfRSE_Registros_Solicitudes_Emision">
    <xs:sequence>
      <xs:element minOccurs="0" maxOccurs="unbounded" name="RSE_Registros_Solicitudes_Emision" nillable="true" type="tns:RSE_Registros_Solicitudes_Emision"/>
    </xs:sequence>
  </xs:complexType>
  <xs:element name="ArrayOfRSE_Registros_Solicitudes_Emision" nillable="true" type="tns:ArrayOfRSE_Registros_Solicitudes_Emision"/>
  <xs:complexType name="RSE_Registros_Solicitudes_Emision">
    <xs:sequence>
      <xs:element minOccurs="0" name="AES_Archivos_Emision_SFTP" nillable="true" type="tns:ArrayOfAES_Archivos_Emision_SFTP"/>
      <xs:element minOccurs="0" name="EMP_Empresa" nillable="true" type="tns:EMP_Empresa"/>
      <xs:element minOccurs="0" name="PSE_Nombre_Archivo_ZIP" nillable="true" type="xs:string"/>
      <xs:element minOccurs="0" name="PTT_Proveedores_Tecnologicos" nillable="true" type="tns:PTT_Proveedores_Tecnologicos"/>
      <xs:element minOccurs="0" name="RSE_Fecha_Envio" nillable="true" type="xs:dateTime"/>
      <xs:element minOccurs="0" name="RSE_MensajeGlobal" nillable="true" type="xs:string"/>
      <xs:element minOccurs="0" name="RSE_UUID_Registro" nillable="true" type="xs:string"/>
      <xs:element minOccurs="0" name="RSE_emp_id_empresa" nillable="true" type="xs:int"/>
      <xs:element minOccurs="0" name="RSE_id_Registro_Emision" type="xs:int"/>
      <xs:element minOccurs="0" name="TIO_Tipo_Interoperabilidad" nillable="true" type="tns:TIO_Tipo_Interoperabilidad"/>
      <xs:element minOccurs="0" name="ptt_id_Proveedor" nillable="true" type="xs:int"/>
      <xs:element minOccurs="0" name="tio_id_TipoInteroperabilidad" nillable="true" type="xs:int"/>
    </xs:sequence>
  </xs:complexType>
  <xs:element name="RSE_Registros_Solicitudes_Emision" nillable="true" type="tns:RSE_Registros_Solicitudes_Emision"/>
  <xs:complexType name="TIO_Tipo_Interoperabilidad">
    <xs:sequence>
      <xs:element minOccurs="0" name="AES_Archivos_Emision_SFTP" nillable="true" type="tns:ArrayOfAES_Archivos_Emision_SFTP"/>
      <xs:element minOccurs="0" name="HEI_Historico_EstadosInteroperabilidad" nillable="true" type="tns:ArrayOfHEI_Historico_EstadosInteroperabilidad"/>
      <xs:element minOccurs="0" name="HRD_Historico_RespuestasXDocumento" nillable="true" type="tns:ArrayOfHRD_Historico_RespuestasXDocumento"/>
      <xs:element minOccurs="0" name="RSE_Registros_Solicitudes_Emision" nillable="true" type="tns:ArrayOfRSE_Registros_Solicitudes_Emision"/>
      <xs:element minOccurs="0" name="tio_id_TipoInteroperabilidad" type="xs:int"/>
      <xs:element minOccurs="0" name="tio_nombre" nillable="true" type="xs:string"/>
    </xs:sequence>
  </xs:complexType>
  <xs:element name="TIO_Tipo_Interoperabilidad" nillable="true" type="tns:TIO_Tipo_Interoperabilidad"/>
  <xs:complexType name="ArrayOfHEI_Historico_EstadosInteroperabilidad">
    <xs:sequence>
      <xs:element minOccurs="0" maxOccurs="unbounded" name="HEI_Historico_EstadosInteroperabilidad" nillable="true" type="tns:HEI_Historico_EstadosInteroperabilidad"/>
    </xs:sequence>
  </xs:complexType>
  <xs:element name="ArrayOfHEI_Historico_EstadosInteroperabilidad" nillable="true" type="tns:ArrayOfHEI_Historico_EstadosInteroperabilidad"/>
  <xs:complexType name="HEI_Historico_EstadosInteroperabilidad">
    <xs:sequence>
      <xs:element minOccurs="0" name="CFD_cfd_informacion" nillable="true" type="tns:CFD_cfd_informacion"/>
      <xs:element minOccurs="0" name="CFD_id_cfd" type="xs:int"/>
      <xs:element minOccurs="0" name="EMP_Empresa" nillable="true" type="tns:EMP_Empresa"/>
      <xs:element minOccurs="0" name="ESO_Estados_Interoperabilidad" nillable="true" type="tns:ESO_Estados_Interoperabilidad"/>
      <xs:element minOccurs="0" name="Emp_id_empresa" type="xs:int"/>
      <xs:element minOccurs="0" name="HEI_EstadoNotificado" nillable="true" type="xs:boolean"/>
      <xs:element minOccurs="0" name="TIO_Tipo_Interoperabilidad" nillable="true" type="tns:TIO_Tipo_Interoperabilidad"/>
      <xs:element minOccurs="0" name="eso_idEstado" nillable="true" type="xs:int"/>
      <xs:element minOccurs="0" name="fecha_creacion" nillable="true" type="xs:dateTime"/>
      <xs:element minOccurs="0" name="fecha_transaccion" nillable="true" type="xs:dateTime"/>
      <xs:element minOccurs="0" name="hei_id_HistoricoEstados" type="xs:int"/>
      <xs:element minOccurs="0" name="hei_tracking_id" nillable="true" type="xs:string"/>
      <xs:element minOccurs="0" name="tio_id_TipoInteroperabilidad" nillable="true" type="xs:int"/>
    </xs:sequence>
  </xs:complexType>
  <xs:element name="HEI_Historico_EstadosInteroperabilidad" nillable="true" type="tns:HEI_Historico_EstadosInteroperabilidad"/>
  <xs:complexType name="ESO_Estados_Interoperabilidad">
    <xs:sequence>
      <xs:element minOccurs="0" name="HEI_Historico_EstadosInteroperabilidad" nillable="true" type="tns:ArrayOfHEI_Historico_EstadosInteroperabilidad"/>
      <xs:element minOccurs="0" name="HRD_Historico_RespuestasXDocumento" nillable="true" type="tns:ArrayOfHRD_Historico_RespuestasXDocumento"/>
      <xs:element minOccurs="0" name="eso_idEstado" type="xs:int"/>
      <xs:element minOccurs="0" name="eso_nombre" nillable="true" type="xs:string"/>
    </xs:sequence>
  </xs:complexType>
  <xs:element name="ESO_Estados_Interoperabilidad" nillable="true" type="tns:ESO_Estados_Interoperabilidad"/>
  <xs:complexType name="ArrayOfHRD_Historico_RespuestasXDocumento">
    <xs:sequence>
      <xs:element minOccurs="0" maxOccurs="unbounded" name="HRD_Historico_RespuestasXDocumento" nillable="true" type="tns:HRD_Historico_RespuestasXDocumento"/>
    </xs:sequence>
  </xs:complexType>
  <xs:element name="ArrayOfHRD_Historico_RespuestasXDocumento" nillable="true" type="tns:ArrayOfHRD_Historico_RespuestasXDocumento"/>
  <xs:complexType name="HRD_Historico_RespuestasXDocumento">
    <xs:sequence>
      <xs:element minOccurs="0" name="CFD_cfd_informacion" nillable="true" type="tns:CFD_cfd_informacion"/>
      <xs:element minOccurs="0" name="CFD_id_cfd" type="xs:int"/>
      <xs:element minOccurs="0" name="ESO_Estados_Interoperabilidad" nillable="true" type="tns:ESO_Estados_Interoperabilidad"/>
      <xs:element minOccurs="0" name="Emp_id_empresa" type="xs:int"/>
      <xs:element minOccurs="0" name="HRD_Json_Respuesta" nillable="true" type="xs:string"/>
      <xs:element minOccurs="0" name="HRD_XML_ApplicationRes" nillable="true" type="xs:string"/>
      <xs:element minOccurs="0" name="TIO_Tipo_Interoperabilidad" nillable="true" type="tns:TIO_Tipo_Interoperabilidad"/>
      <xs:element minOccurs="0" name="TRI_Id_TipoRespuesta_IO" nillable="true" type="xs:int"/>
      <xs:element minOccurs="0" name="TRI_TipoRespuesta_IO" nillable="true" type="tns:TRI_TipoRespuesta_IO"/>
      <xs:element minOccurs="0" name="eso_idEstado" nillable="true" type="xs:int"/>
      <xs:element minOccurs="0" name="fecha_creacion" nillable="true" type="xs:dateTime"/>
      <xs:element minOccurs="0" name="fecha_transaccion" nillable="true" type="xs:dateTime"/>
      <xs:element minOccurs="0" name="hrd_id_HistoricoEstados" type="xs:int"/>
      <xs:element minOccurs="0" name="hrd_tracking_id" nillable="true" type="xs:string"/>
      <xs:element minOccurs="0" name="tio_id_TipoInteroperabilidad" nillable="true" type="xs:int"/>
    </xs:sequence>
  </xs:complexType>
  <xs:element name="HRD_Historico_RespuestasXDocumento" nillable="true" type="tns:HRD_Historico_RespuestasXDocumento"/>
  <xs:complexType name="TRI_TipoRespuesta_IO">
    <xs:sequence>
      <xs:element minOccurs="0" name="HRD_Historico_RespuestasXDocumento" nillable="true" type="tns:ArrayOfHRD_Historico_RespuestasXDocumento"/>
      <xs:element minOccurs="0" name="TRI_Descripcion_TipoRespuesta_IO" nillable="true" type="xs:string"/>
      <xs:element minOccurs="0" name="TRI_Id_TipoRespuesta_IO" type="xs:int"/>
    </xs:sequence>
  </xs:complexType>
  <xs:element name="TRI_TipoRespuesta_IO" nillable="true" type="tns:TRI_TipoRespuesta_IO"/>
  <xs:complexType name="TIP_TipoPersona">
    <xs:sequence>
      <xs:element minOccurs="0" name="CLI_clientes" nillable="true" type="tns:ArrayOfCLI_clientes"/>
      <xs:element minOccurs="0" name="EMP_Empresa" nillable="true" type="tns:ArrayOfEMP_Empresa"/>
      <xs:element minOccurs="0" name="TIP_descripcion" nillable="true" type="xs:string"/>
      <xs:element minOccurs="0" name="TIP_id_tipo_persona" type="xs:int"/>
    </xs:sequence>
  </xs:complexType>
  <xs:element name="TIP_TipoPersona" nillable="true" type="tns:TIP_TipoPersona"/>
  <xs:complexType name="TAC_TipoAcuerdo">
    <xs:sequence>
      <xs:element minOccurs="0" name="ACU_AcuerdoExpedAcept" nillable="true" type="tns:ArrayOfACU_AcuerdoExpedAcept"/>
      <xs:element minOccurs="0" name="tac_codg_convenio" nillable="true" type="xs:string"/>
      <xs:element minOccurs="0" name="tac_id_tipo_acuedo" type="xs:int"/>
      <xs:element minOccurs="0" name="tac_nombre" nillable="true" type="xs:string"/>
    </xs:sequence>
  </xs:complexType>
  <xs:element name="TAC_TipoAcuerdo" nillable="true" type="tns:TAC_TipoAcuerdo"/>
  <xs:complexType name="TFC_TipoFacturacion">
    <xs:sequence>
      <xs:element minOccurs="0" name="ACU_AcuerdoExpedAcept" nillable="true" type="tns:ArrayOfACU_AcuerdoExpedAcept"/>
      <xs:element minOccurs="0" name="CFD_cfd_informacion" nillable="true" type="tns:ArrayOfCFD_cfd_informacion"/>
      <xs:element minOccurs="0" name="tfc_descripcion_tipo" nillable="true" type="xs:string"/>
      <xs:element minOccurs="0" name="tfc_id_tipo_facturacion" type="xs:int"/>
    </xs:sequence>
  </xs:complexType>
  <xs:element name="TFC_TipoFacturacion" nillable="true" type="tns:TFC_TipoFacturacion"/>
  <xs:complexType name="ArrayOfCAT_CategoriasRecepcion">
    <xs:sequence>
      <xs:element minOccurs="0" maxOccurs="unbounded" name="CAT_CategoriasRecepcion" nillable="true" type="tns:CAT_CategoriasRecepcion"/>
    </xs:sequence>
  </xs:complexType>
  <xs:element name="ArrayOfCAT_CategoriasRecepcion" nillable="true" type="tns:ArrayOfCAT_CategoriasRecepcion"/>
  <xs:complexType name="ArrayOfCIIU_CodigoIndustrial">
    <xs:sequence>
      <xs:element minOccurs="0" maxOccurs="unbounded" name="CIIU_CodigoIndustrial" nillable="true" type="tns:CIIU_CodigoIndustrial"/>
    </xs:sequence>
  </xs:complexType>
  <xs:element name="ArrayOfCIIU_CodigoIndustrial" nillable="true" type="tns:ArrayOfCIIU_CodigoIndustrial"/>
  <xs:complexType name="CIIU_CodigoIndustrial">
    <xs:sequence>
      <xs:element minOccurs="0" name="EMP_Empresa" nillable="true" type="tns:EMP_Empresa"/>
      <xs:element minOccurs="0" name="Emp_id_empresa" nillable="true" type="xs:int"/>
      <xs:element minOccurs="0" name="ciiu_codigo_ciiu" nillable="true" type="xs:string"/>
      <xs:element minOccurs="0" name="ciiu_descripcion" nillable="true" type="xs:string"/>
      <xs:element minOccurs="0" name="ciiu_id_ciiu" type="xs:int"/>
      <xs:element minOccurs="0" name="ciiu_tarifa" type="xs:decimal"/>
    </xs:sequence>
  </xs:complexType>
  <xs:element name="CIIU_CodigoIndustrial" nillable="true" type="tns:CIIU_CodigoIndustrial"/>
  <xs:complexType name="ArrayOfCNE_Controles_Negocio_Empresa">
    <xs:sequence>
      <xs:element minOccurs="0" maxOccurs="unbounded" name="CNE_Controles_Negocio_Empresa" nillable="true" type="tns:CNE_Controles_Negocio_Empresa"/>
    </xs:sequence>
  </xs:complexType>
  <xs:element name="ArrayOfCNE_Controles_Negocio_Empresa" nillable="true" type="tns:ArrayOfCNE_Controles_Negocio_Empresa"/>
  <xs:complexType name="CNE_Controles_Negocio_Empresa">
    <xs:sequence>
      <xs:element minOccurs="0" name="CNE_Controles_Negocio" nillable="true" type="tns:CNE_Controles_Negocio"/>
      <xs:element minOccurs="0" name="EMP_Empresa" nillable="true" type="tns:EMP_Empresa"/>
      <xs:element minOccurs="0" name="cne_id_control_empresa" type="xs:int"/>
      <xs:element minOccurs="0" name="cne_id_control_negocio" type="xs:int"/>
      <xs:element minOccurs="0" name="cne_orden_control" nillable="true" type="xs:int"/>
      <xs:element minOccurs="0" name="cne_rechaza_documento" nillable="true" type="xs:boolean"/>
      <xs:element minOccurs="0" name="emp_id_empresa" type="xs:int"/>
    </xs:sequence>
  </xs:complexType>
  <xs:element name="CNE_Controles_Negocio_Empresa" nillable="true" type="tns:CNE_Controles_Negocio_Empresa"/>
  <xs:complexType name="CNE_Controles_Negocio">
    <xs:sequence>
      <xs:element minOccurs="0" name="CNE_Controles_Negocio_Empresa" nillable="true" type="tns:ArrayOfCNE_Controles_Negocio_Empresa"/>
      <xs:element minOccurs="0" name="cne_aplica_docReferencia" nillable="true" type="xs:boolean"/>
      <xs:element minOccurs="0" name="cne_control_activo" nillable="true" type="xs:boolean"/>
      <xs:element minOccurs="0" name="cne_control_descripcion" nillable="true" type="xs:string"/>
      <xs:element minOccurs="0" name="cne_control_personalizado" nillable="true" type="xs:boolean"/>
      <xs:element minOccurs="0" name="cne_funcion" nillable="true" type="xs:string"/>
      <xs:element minOccurs="0" name="cne_id_control_negocio" type="xs:int"/>
      <xs:element minOccurs="0" name="cne_parametros" nillable="true" type="xs:string"/>
    </xs:sequence>
  </xs:complexType>
  <xs:element name="CNE_Controles_Negocio" nillable="true" type="tns:CNE_Controles_Negocio"/>
  <xs:complexType name="ArrayOfCONRE_Conceptos_Recepcion">
    <xs:sequence>
      <xs:element minOccurs="0" maxOccurs="unbounded" name="CONRE_Conceptos_Recepcion" nillable="true" type="tns:CONRE_Conceptos_Recepcion"/>
    </xs:sequence>
  </xs:complexType>
  <xs:element name="ArrayOfCONRE_Conceptos_Recepcion" nillable="true" type="tns:ArrayOfCONRE_Conceptos_Recepcion"/>
  <xs:complexType name="ArrayOfCRE_ConceptosRechazo">
    <xs:sequence>
      <xs:element minOccurs="0" maxOccurs="unbounded" name="CRE_ConceptosRechazo" nillable="true" type="tns:CRE_ConceptosRechazo"/>
    </xs:sequence>
  </xs:complexType>
  <xs:element name="ArrayOfCRE_ConceptosRechazo" nillable="true" type="tns:ArrayOfCRE_ConceptosRechazo"/>
  <xs:complexType name="CRE_ConceptosRechazo">
    <xs:sequence>
      <xs:element minOccurs="0" name="CXF_ConceptosRechazoXFactura" nillable="true" type="tns:ArrayOfCXF_ConceptosRechazoXFactura"/>
      <xs:element minOccurs="0" name="EMP_Empresa" nillable="true" type="tns:EMP_Empresa"/>
      <xs:element minOccurs="0" name="Emp_id_empresa" type="xs:int"/>
      <xs:element minOccurs="0" name="cre_correo_electronico" nillable="true" type="xs:string"/>
      <xs:element minOccurs="0" name="cre_id_concepto" type="xs:int"/>
      <xs:element minOccurs="0" name="cre_nombre" nillable="true" type="xs:string"/>
    </xs:sequence>
  </xs:complexType>
  <xs:element name="CRE_ConceptosRechazo" nillable="true" type="tns:CRE_ConceptosRechazo"/>
  <xs:complexType name="ArrayOfCXF_ConceptosRechazoXFactura">
    <xs:sequence>
      <xs:element minOccurs="0" maxOccurs="unbounded" name="CXF_ConceptosRechazoXFactura" nillable="true" type="tns:CXF_ConceptosRechazoXFactura"/>
    </xs:sequence>
  </xs:complexType>
  <xs:element name="ArrayOfCXF_ConceptosRechazoXFactura" nillable="true" type="tns:ArrayOfCXF_ConceptosRechazoXFactura"/>
  <xs:complexType name="CXF_ConceptosRechazoXFactura">
    <xs:sequence>
      <xs:element minOccurs="0" name="CFD_cfd_informacion" nillable="true" type="tns:CFD_cfd_informacion"/>
      <xs:element minOccurs="0" name="CRE_ConceptosRechazo" nillable="true" type="tns:CRE_ConceptosRechazo"/>
      <xs:element minOccurs="0" name="EMP_Empresa" nillable="true" type="tns:EMP_Empresa"/>
      <xs:element minOccurs="0" name="Emp_id_empresa" type="xs:int"/>
      <xs:element minOccurs="0" name="Incluir" nillable="true" type="xs:string"/>
      <xs:element minOccurs="0" name="NombreConcepto" nillable="true" type="xs:string"/>
      <xs:element minOccurs="0" name="cxf_cfd_id_cfd" type="xs:int"/>
      <xs:element minOccurs="0" name="cxf_cre_fecha" nillable="true" type="xs:dateTime"/>
      <xs:element minOccurs="0" name="cxf_cre_id_concepto" type="xs:int"/>
      <xs:element minOccurs="0" name="cxf_cre_observaciones" nillable="true" type="xs:string"/>
      <xs:element minOccurs="0" name="cxf_id_causales" type="xs:int"/>
    </xs:sequence>
  </xs:complexType>
  <xs:element name="CXF_ConceptosRechazoXFactura" nillable="true" type="tns:CXF_ConceptosRechazoXFactura"/>
  <xs:complexType name="ArrayOfD22_DIAN_2242">
    <xs:sequence>
      <xs:element minOccurs="0" maxOccurs="unbounded" name="D22_DIAN_2242" nillable="true" type="tns:D22_DIAN_2242"/>
    </xs:sequence>
  </xs:complexType>
  <xs:element name="ArrayOfD22_DIAN_2242" nillable="true" type="tns:ArrayOfD22_DIAN_2242"/>
  <xs:complexType name="D22_DIAN_2242">
    <xs:sequence>
      <xs:element minOccurs="0" name="D22_fecha_inicio_reporte" type="xs:dateTime"/>
      <xs:element minOccurs="0" name="D22_id_dian_2242" type="xs:int"/>
      <xs:element minOccurs="0" name="EMP_Empresa" nillable="true" type="tns:EMP_Empresa"/>
      <xs:element minOccurs="0" name="Emp_id_empresa" type="xs:int"/>
      <xs:element minOccurs="0" name="d22_envio_individual" nillable="true" type="xs:boolean"/>
    </xs:sequence>
  </xs:complexType>
  <xs:element name="D22_DIAN_2242" nillable="true" type="tns:D22_DIAN_2242"/>
  <xs:complexType name="ArrayOfDEPD_DetalleErroresProcDian">
    <xs:sequence>
      <xs:element minOccurs="0" maxOccurs="unbounded" name="DEPD_DetalleErroresProcDian" nillable="true" type="tns:DEPD_DetalleErroresProcDian"/>
    </xs:sequence>
  </xs:complexType>
  <xs:element name="ArrayOfDEPD_DetalleErroresProcDian" nillable="true" type="tns:ArrayOfDEPD_DetalleErroresProcDian"/>
  <xs:complexType name="DEPD_DetalleErroresProcDian">
    <xs:sequence>
      <xs:element minOccurs="0" name="CFD_CFD_numero_cfd" nillable="true" type="xs:decimal"/>
      <xs:element minOccurs="0" name="CFD_cfd_informacion" nillable="true" type="tns:CFD_cfd_informacion"/>
      <xs:element minOccurs="0" name="DEPD_CFD_id_cfd" type="xs:int"/>
      <xs:element minOccurs="0" name="DEPD_CFD_prefijo" nillable="true" type="xs:string"/>
      <xs:element minOccurs="0" name="DEPD_EMP_id_empresa" type="xs:int"/>
      <xs:element minOccurs="0" name="DEPD_EPD_Id_error_proceso_Dian" type="xs:int"/>
      <xs:element minOccurs="0" name="DEPD_fecha" type="xs:dateTime"/>
      <xs:element minOccurs="0" name="DEPD_id_detalle_errores_Dian" type="xs:int"/>
      <xs:element minOccurs="0" name="EMP_Empresa" nillable="true" type="tns:EMP_Empresa"/>
      <xs:element minOccurs="0" name="EPD_Error_Procesamiento_Dian" nillable="true" type="tns:EPD_Error_Procesamiento_Dian"/>
    </xs:sequence>
  </xs:complexType>
  <xs:element name="DEPD_DetalleErroresProcDian" nillable="true" type="tns:DEPD_DetalleErroresProcDian"/>
  <xs:complexType name="EPD_Error_Procesamiento_Dian">
    <xs:sequence>
      <xs:element minOccurs="0" name="DEPD_DetalleErroresProcDian" nillable="true" type="tns:ArrayOfDEPD_DetalleErroresProcDian"/>
      <xs:element minOccurs="0" name="EPD_Id_error_proceso_Dian" type="xs:int"/>
      <xs:element minOccurs="0" name="EPD_codigo_proces_Dian" nillable="true" type="xs:string"/>
      <xs:element minOccurs="0" name="EPD_mensaje_error" nillable="true" type="xs:string"/>
      <xs:element minOccurs="0" name="EPD_nombre_error" nillable="true" type="xs:string"/>
      <xs:element minOccurs="0" name="EPD_tipo_error" nillable="true" type="xs:int"/>
      <xs:element minOccurs="0" name="PDCE_Proc_Dian_Consolidado_Ciente_Error" nillable="true" type="tns:ArrayOfPDCE_Proc_Dian_Consolidado_Ciente_Error"/>
    </xs:sequence>
  </xs:complexType>
  <xs:element name="EPD_Error_Procesamiento_Dian" nillable="true" type="tns:EPD_Error_Procesamiento_Dian"/>
  <xs:complexType name="ArrayOfPDCE_Proc_Dian_Consolidado_Ciente_Error">
    <xs:sequence>
      <xs:element minOccurs="0" maxOccurs="unbounded" name="PDCE_Proc_Dian_Consolidado_Ciente_Error" nillable="true" type="tns:PDCE_Proc_Dian_Consolidado_Ciente_Error"/>
    </xs:sequence>
  </xs:complexType>
  <xs:element name="ArrayOfPDCE_Proc_Dian_Consolidado_Ciente_Error" nillable="true" type="tns:ArrayOfPDCE_Proc_Dian_Consolidado_Ciente_Error"/>
  <xs:complexType name="PDCE_Proc_Dian_Consolidado_Ciente_Error">
    <xs:sequence>
      <xs:element minOccurs="0" name="EMP_Empresa" nillable="true" type="tns:EMP_Empresa"/>
      <xs:element minOccurs="0" name="EPD_Error_Procesamiento_Dian" nillable="true" type="tns:EPD_Error_Procesamiento_Dian"/>
      <xs:element minOccurs="0" name="PDCE_Cantidad" type="xs:int"/>
      <xs:element minOccurs="0" name="PDCE_EMP_id_empresa" type="xs:int"/>
      <xs:element minOccurs="0" name="PDCE_EPD_id_error_proceso_Dian" type="xs:int"/>
      <xs:element minOccurs="0" name="PDCE_fecha" type="xs:dateTime"/>
      <xs:element minOccurs="0" name="PDCE_id_proceso_dian" type="xs:int"/>
    </xs:sequence>
  </xs:complexType>
  <xs:element name="PDCE_Proc_Dian_Consolidado_Ciente_Error" nillable="true" type="tns:PDCE_Proc_Dian_Consolidado_Ciente_Error"/>
  <xs:complexType name="ArrayOfDIC_Diccionario_Campo">
    <xs:sequence>
      <xs:element minOccurs="0" maxOccurs="unbounded" name="DIC_Diccionario_Campo" nillable="true" type="tns:DIC_Diccionario_Campo"/>
    </xs:sequence>
  </xs:complexType>
  <xs:element name="ArrayOfDIC_Diccionario_Campo" nillable="true" type="tns:ArrayOfDIC_Diccionario_Campo"/>
  <xs:complexType name="DIC_Diccionario_Campo">
    <xs:sequence>
      <xs:element minOccurs="0" name="EMP_Empresa" nillable="true" type="tns:EMP_Empresa"/>
      <xs:element minOccurs="0" name="dic_control_campo" nillable="true" type="xs:string"/>
      <xs:element minOccurs="0" name="dic_control_contenedor" nillable="true" type="xs:string"/>
      <xs:element minOccurs="0" name="dic_id_diccionario" type="xs:int"/>
      <xs:element minOccurs="0" name="dic_pagina" nillable="true" type="xs:string"/>
      <xs:element minOccurs="0" name="dic_titulo_control" nillable="true" type="xs:string"/>
      <xs:element minOccurs="0" name="emp_id_empresa" type="xs:int"/>
    </xs:sequence>
  </xs:complexType>
  <xs:element name="DIC_Diccionario_Campo" nillable="true" type="tns:DIC_Diccionario_Campo"/>
  <xs:complexType name="ArrayOfEAA_EnvioAutomaticoAlerta">
    <xs:sequence>
      <xs:element minOccurs="0" maxOccurs="unbounded" name="EAA_EnvioAutomaticoAlerta" nillable="true" type="tns:EAA_EnvioAutomaticoAlerta"/>
    </xs:sequence>
  </xs:complexType>
  <xs:element name="ArrayOfEAA_EnvioAutomaticoAlerta" nillable="true" type="tns:ArrayOfEAA_EnvioAutomaticoAlerta"/>
  <xs:complexType name="EAA_EnvioAutomaticoAlerta">
    <xs:sequence>
      <xs:element minOccurs="0" name="EMP_Empresa" nillable="true" type="tns:EMP_Empresa"/>
      <xs:element minOccurs="0" name="Emp_id_empresa" type="xs:int"/>
      <xs:element minOccurs="0" name="TIPOALERT_TipoAlerta" nillable="true" type="tns:TIPOALERT_TipoAlerta"/>
      <xs:element minOccurs="0" name="eaa_correos" nillable="true" type="xs:string"/>
      <xs:element minOccurs="0" name="eaa_dias_vence_factura" nillable="true" type="xs:int"/>
      <xs:element minOccurs="0" name="eaa_hora_notificacion" type="xs:dateTime"/>
      <xs:element minOccurs="0" name="eaa_id" type="xs:int"/>
      <xs:element minOccurs="0" name="eaa_ultima_actualizacion" nillable="true" type="xs:dateTime"/>
      <xs:element minOccurs="0" name="tipoalert_id" type="xs:int"/>
    </xs:sequence>
  </xs:complexType>
  <xs:element name="EAA_EnvioAutomaticoAlerta" nillable="true" type="tns:EAA_EnvioAutomaticoAlerta"/>
  <xs:complexType name="TIPOALERT_TipoAlerta">
    <xs:sequence>
      <xs:element minOccurs="0" name="EAA_EnvioAutomaticoAlertas" nillable="true" type="tns:ArrayOfEAA_EnvioAutomaticoAlerta"/>
      <xs:element minOccurs="0" name="tipoalert_descripcion" nillable="true" type="xs:string"/>
      <xs:element minOccurs="0" name="tipoalert_id" type="xs:int"/>
    </xs:sequence>
  </xs:complexType>
  <xs:element name="TIPOALERT_TipoAlerta" nillable="true" type="tns:TIPOALERT_TipoAlerta"/>
  <xs:complexType name="ArrayOfEDE_Evento_Documento_Electronico">
    <xs:sequence>
      <xs:element minOccurs="0" maxOccurs="unbounded" name="EDE_Evento_Documento_Electronico" nillable="true" type="tns:EDE_Evento_Documento_Electronico"/>
    </xs:sequence>
  </xs:complexType>
  <xs:element name="ArrayOfEDE_Evento_Documento_Electronico" nillable="true" type="tns:ArrayOfEDE_Evento_Documento_Electronico"/>
  <xs:complexType name="EDE_Evento_Documento_Electronico">
    <xs:sequence>
      <xs:element minOccurs="0" name="ANEE_Anexo_Evento" nillable="true" type="tns:ANEE_Anexo_Evento"/>
      <xs:element minOccurs="0" name="ANEE_id_anexo_evento" nillable="true" type="xs:int"/>
      <xs:element minOccurs="0" name="CFD_cfd_informacion" nillable="true" type="tns:CFD_cfd_informacion"/>
      <xs:element minOccurs="0" name="EDE_CFD_id_cfd" type="xs:int"/>
      <xs:element minOccurs="0" name="EDE_CUDE_evento" nillable="true" type="xs:string"/>
      <xs:element minOccurs="0" name="EDE_CampoTexto1" nillable="true" type="xs:string"/>
      <xs:element minOccurs="0" name="EDE_CampoTexto2" nillable="true" type="xs:string"/>
      <xs:element minOccurs="0" name="EDE_CampoTexto3" nillable="true" type="xs:string"/>
      <xs:element minOccurs="0" name="EDE_CampoTexto4" nillable="true" type="xs:string"/>
      <xs:element minOccurs="0" name="EDE_CampoTexto5" nillable="true" type="xs:string"/>
      <xs:element minOccurs="0" name="EDE_Des_Estado_DIAN" nillable="true" type="xs:string"/>
      <xs:element minOccurs="0" name="EDE_Emp_id_EmpresaEmisora" nillable="true" type="xs:int"/>
      <xs:element minOccurs="0" name="EDE_Emp_id_EmpresaReceptora" nillable="true" type="xs:int"/>
      <xs:element minOccurs="0" name="EDE_EmpresaEmisoraRFC" nillable="true" type="xs:string"/>
      <xs:element minOccurs="0" name="EDE_EmpresaReceptoraRFC" nillable="true" type="xs:string"/>
      <xs:element minOccurs="0" name="EDE_correos_notificacion" nillable="true" type="xs:string"/>
      <xs:element minOccurs="0" name="EDE_fecha_hora_generacion" type="xs:dateTime"/>
      <xs:element minOccurs="0" name="EDE_fecha_hora_validacion_evento" nillable="true" type="xs:dateTime"/>
      <xs:element minOccurs="0" name="EDE_id_EmisionRecepcion" type="xs:int"/>
      <xs:element minOccurs="0" name="EDE_id_evento" type="xs:long"/>
      <xs:element minOccurs="0" name="EDE_motivo_rechazo" nillable="true" type="xs:string"/>
      <xs:element minOccurs="0" name="EDE_numero_evento" nillable="true" type="xs:string"/>
      <xs:element minOccurs="0" name="EDE_profile_execution_id" nillable="true" type="xs:int"/>
      <xs:element minOccurs="0" name="EDE_ruta_pdf" nillable="true" type="xs:string"/>
      <xs:element minOccurs="0" name="EDE_ruta_xml" nillable="true" type="xs:string"/>
      <xs:element minOccurs="0" name="EDE_trazabilidad" nillable="true" type="xs:string"/>
      <xs:element minOccurs="0" name="EMP_Empresa" nillable="true" type="tns:EMP_Empresa"/>
      <xs:element minOccurs="0" name="EMP_Empresa1" nillable="true" type="tns:EMP_Empresa"/>
      <xs:element minOccurs="0" name="FV_TDE_Id_TipoEventoDIAN" type="xs:int"/>
      <xs:element minOccurs="0" name="FV_TDE_TipoEventoDIAN" nillable="true" type="tns:FV_TDE_TipoEventoDIAN"/>
    </xs:sequence>
  </xs:complexType>
  <xs:element name="EDE_Evento_Documento_Electronico" nillable="true" type="tns:EDE_Evento_Documento_Electronico"/>
  <xs:complexType name="ANEE_Anexo_Evento">
    <xs:sequence>
      <xs:element minOccurs="0" name="ANEE_Tamano" nillable="true" type="xs:decimal"/>
      <xs:element minOccurs="0" name="ANEE_asunto_anexo" nillable="true" type="xs:string"/>
      <xs:element minOccurs="0" name="ANEE_descripcion_larga" nillable="true" type="xs:string"/>
      <xs:element minOccurs="0" name="ANEE_fecha_publicacion" nillable="true" type="xs:dateTime"/>
      <xs:element minOccurs="0" name="ANEE_formato" nillable="true" type="xs:string"/>
      <xs:element minOccurs="0" name="ANEE_id_anexo_evento" type="xs:int"/>
      <xs:element minOccurs="0" name="ANEE_lenguaje" nillable="true" type="xs:string"/>
      <xs:element minOccurs="0" name="ANEE_mime_type" nillable="true" type="xs:string"/>
      <xs:element minOccurs="0" name="ANEE_ruta_archivo" nillable="true" type="xs:string"/>
      <xs:element minOccurs="0" name="ANEE_titulo_anexo" nillable="true" type="xs:string"/>
      <xs:element minOccurs="0" name="EDE_Evento_Documento_Electronico" nillable="true" type="tns:ArrayOfEDE_Evento_Documento_Electronico"/>
      <xs:element minOccurs="0" name="EDE_id_evento" type="xs:int"/>
    </xs:sequence>
  </xs:complexType>
  <xs:element name="ANEE_Anexo_Evento" nillable="true" type="tns:ANEE_Anexo_Evento"/>
  <xs:complexType name="FV_TDE_TipoEventoDIAN">
    <xs:sequence>
      <xs:element minOccurs="0" name="EDE_Evento_Documento_Electronico" nillable="true" type="tns:ArrayOfEDE_Evento_Documento_Electronico"/>
      <xs:element minOccurs="0" name="EEP_Evento_Envio_Posteriors" nillable="true" type="tns:ArrayOfEEP_Evento_Envio_Posterior"/>
      <xs:element minOccurs="0" name="FV_TDE_Codigo_TipoEventoDIAN" nillable="true" type="xs:string"/>
      <xs:element minOccurs="0" name="FV_TDE_Descripcion_TipoEventoDIAN" nillable="true" type="xs:string"/>
      <xs:element minOccurs="0" name="FV_TDE_Id_TipoEventoDIAN" type="xs:int"/>
      <xs:element minOccurs="0" name="FV_TDE_Responsable_Registro" nillable="true" type="xs:string"/>
    </xs:sequence>
  </xs:complexType>
  <xs:element name="FV_TDE_TipoEventoDIAN" nillable="true" type="tns:FV_TDE_TipoEventoDIAN"/>
  <xs:complexType name="ArrayOfEEP_Evento_Envio_Posterior">
    <xs:sequence>
      <xs:element minOccurs="0" maxOccurs="unbounded" name="EEP_Evento_Envio_Posterior" nillable="true" type="tns:EEP_Evento_Envio_Posterior"/>
    </xs:sequence>
  </xs:complexType>
  <xs:element name="ArrayOfEEP_Evento_Envio_Posterior" nillable="true" type="tns:ArrayOfEEP_Evento_Envio_Posterior"/>
  <xs:complexType name="EEP_Evento_Envio_Posterior">
    <xs:sequence>
      <xs:element minOccurs="0" name="CFD_cfd_informacion" nillable="true" type="tns:CFD_cfd_informacion"/>
      <xs:element minOccurs="0" name="CampoTexto1" nillable="true" type="xs:string"/>
      <xs:element minOccurs="0" name="CantidadDec1" nillable="true" type="xs:decimal"/>
      <xs:element minOccurs="0" name="CantidadInt1" nillable="true" type="xs:int"/>
      <xs:element minOccurs="0" name="EEP_CFD_id_cfd" type="xs:int"/>
      <xs:element minOccurs="0" name="EEP_FechaRegistro" type="xs:dateTime"/>
      <xs:element minOccurs="0" name="EEP_Observaciones" nillable="true" type="xs:string"/>
      <xs:element minOccurs="0" name="EEP_TDE_TipoEventoDIAN" type="xs:int"/>
      <xs:element minOccurs="0" name="EEP_id_eventoEnvioPosterior" type="xs:int"/>
      <xs:element minOccurs="0" name="FV_TDE_TipoEventoDIAN" nillable="true" type="tns:FV_TDE_TipoEventoDIAN"/>
      <xs:element minOccurs="0" name="IdSonda" nillable="true" type="xs:int"/>
      <xs:element minOccurs="0" name="NitEmisorEvento" nillable="true" type="xs:string"/>
      <xs:element minOccurs="0" name="NumIntentos" nillable="true" type="xs:int"/>
    </xs:sequence>
  </xs:complexType>
  <xs:element name="EEP_Evento_Envio_Posterior" nillable="true" type="tns:EEP_Evento_Envio_Posterior"/>
  <xs:complexType name="EPY_EstadoProyecto">
    <xs:sequence>
      <xs:element minOccurs="0" name="EMP_Empresa" nillable="true" type="tns:ArrayOfEMP_Empresa"/>
      <xs:element minOccurs="0" name="epy_descripcion_estado" nillable="true" type="xs:string"/>
      <xs:element minOccurs="0" name="epy_id_estado_proyecto" type="xs:int"/>
    </xs:sequence>
  </xs:complexType>
  <xs:element name="EPY_EstadoProyecto" nillable="true" type="tns:EPY_EstadoProyecto"/>
  <xs:complexType name="ArrayOfESNCXF_EstadoNotificaCorreoXFac">
    <xs:sequence>
      <xs:element minOccurs="0" maxOccurs="unbounded" name="ESNCXF_EstadoNotificaCorreoXFac" nillable="true" type="tns:ESNCXF_EstadoNotificaCorreoXFac"/>
    </xs:sequence>
  </xs:complexType>
  <xs:element name="ArrayOfESNCXF_EstadoNotificaCorreoXFac" nillable="true" type="tns:ArrayOfESNCXF_EstadoNotificaCorreoXFac"/>
  <xs:complexType name="ESNCXF_EstadoNotificaCorreoXFac">
    <xs:sequence>
      <xs:element minOccurs="0" name="CFD_cfd_informacion" nillable="true" type="tns:CFD_cfd_informacion"/>
      <xs:element minOccurs="0" name="CFD_id_cfd" type="xs:int"/>
      <xs:element minOccurs="0" name="EMP_Empresa" nillable="true" type="tns:EMP_Empresa"/>
      <xs:element minOccurs="0" name="ESTNE_EstadosNotificaEventos" nillable="true" type="tns:ESTNE_EstadosNotificaEventos"/>
      <xs:element minOccurs="0" name="Emp_id_empresa" type="xs:int"/>
      <xs:element minOccurs="0" name="esncxf_correo" nillable="true" type="xs:string"/>
      <xs:element minOccurs="0" name="esncxf_fecha_actualiza" type="xs:dateTime"/>
      <xs:element minOccurs="0" name="esncxf_id" type="xs:int"/>
      <xs:element minOccurs="0" name="estne_id" type="xs:int"/>
    </xs:sequence>
  </xs:complexType>
  <xs:element name="ESNCXF_EstadoNotificaCorreoXFac" nillable="true" type="tns:ESNCXF_EstadoNotificaCorreoXFac"/>
  <xs:complexType name="ESTNE_EstadosNotificaEventos">
    <xs:sequence>
      <xs:element minOccurs="0" name="CFD_cfd_informacion" nillable="true" type="tns:ArrayOfCFD_cfd_informacion"/>
      <xs:element minOccurs="0" name="ESNCXF_EstadoNotificaCorreoXFacs" nillable="true" type="tns:ArrayOfESNCXF_EstadoNotificaCorreoXFac"/>
      <xs:element minOccurs="0" name="esne_sendgrid" nillable="true" type="xs:string"/>
      <xs:element minOccurs="0" name="estne_descripcion" nillable="true" type="xs:string"/>
      <xs:element minOccurs="0" name="estne_id" type="xs:int"/>
    </xs:sequence>
  </xs:complexType>
  <xs:element name="ESTNE_EstadosNotificaEventos" nillable="true" type="tns:ESTNE_EstadosNotificaEventos"/>
  <xs:complexType name="ArrayOfFON_Fondeadores">
    <xs:sequence>
      <xs:element minOccurs="0" maxOccurs="unbounded" name="FON_Fondeadores" nillable="true" type="tns:FON_Fondeadores"/>
    </xs:sequence>
  </xs:complexType>
  <xs:element name="ArrayOfFON_Fondeadores" nillable="true" type="tns:ArrayOfFON_Fondeadores"/>
  <xs:complexType name="ArrayOfFRD_Fechas_Radicacion">
    <xs:sequence>
      <xs:element minOccurs="0" maxOccurs="unbounded" name="FRD_Fechas_Radicacion" nillable="true" type="tns:FRD_Fechas_Radicacion"/>
    </xs:sequence>
  </xs:complexType>
  <xs:element name="ArrayOfFRD_Fechas_Radicacion" nillable="true" type="tns:ArrayOfFRD_Fechas_Radicacion"/>
  <xs:complexType name="FRD_Fechas_Radicacion">
    <xs:sequence>
      <xs:element minOccurs="0" name="EMP_Empresa" nillable="true" type="tns:EMP_Empresa"/>
      <xs:element minOccurs="0" name="Emp_id_empresa" type="xs:int"/>
      <xs:element minOccurs="0" name="FRD_fecha_limite" nillable="true" type="xs:dateTime"/>
      <xs:element minOccurs="0" name="FRD_id_Fechas" type="xs:int"/>
      <xs:element minOccurs="0" name="FRD_periodo_ano" nillable="true" type="xs:int"/>
      <xs:element minOccurs="0" name="FRD_periodo_mes" nillable="true" type="xs:int"/>
    </xs:sequence>
  </xs:complexType>
  <xs:element name="FRD_Fechas_Radicacion" nillable="true" type="tns:FRD_Fechas_Radicacion"/>
  <xs:complexType name="ArrayOfFV_DUM_ValoresXDef">
    <xs:sequence>
      <xs:element minOccurs="0" maxOccurs="unbounded" name="FV_DUM_ValoresXDef" nillable="true" type="tns:FV_DUM_ValoresXDef"/>
    </xs:sequence>
  </xs:complexType>
  <xs:element name="ArrayOfFV_DUM_ValoresXDef" nillable="true" type="tns:ArrayOfFV_DUM_ValoresXDef"/>
  <xs:complexType name="FV_DUM_ValoresXDef">
    <xs:sequence>
      <xs:element minOccurs="0" name="EMP_Empresa" nillable="true" type="tns:EMP_Empresa"/>
      <xs:element minOccurs="0" name="Emp_id_empresa" type="xs:int"/>
      <xs:element minOccurs="0" name="FV_CDU_ControlesDummy" nillable="true" type="tns:FV_CDU_ControlesDummy"/>
      <xs:element minOccurs="0" name="FV_DUM_orden" nillable="true" type="xs:int"/>
      <xs:element minOccurs="0" name="FV_DUM_valorAsociado" nillable="true" type="xs:string"/>
      <xs:element minOccurs="0" name="FV_PFD_UserId" type="ser:guid"/>
      <xs:element minOccurs="0" name="FV_PFD_fechaActualizacion" nillable="true" type="xs:dateTime"/>
      <xs:element minOccurs="0" name="id_FV_CDU_ControlesDummy" nillable="true" type="xs:int"/>
      <xs:element minOccurs="0" name="id_FV_DUM_ValoresxDef" type="xs:int"/>
      <xs:element minOccurs="0" name="id_PFD_PerfilDummy" nillable="true" type="xs:int"/>
    </xs:sequence>
  </xs:complexType>
  <xs:element name="FV_DUM_ValoresXDef" nillable="true" type="tns:FV_DUM_ValoresXDef"/>
  <xs:complexType name="FV_CDU_ControlesDummy">
    <xs:sequence>
      <xs:element minOccurs="0" name="FV_CDU_CampoObjeto" nillable="true" type="xs:string"/>
      <xs:element minOccurs="0" name="FV_CDU_Descripcion" nillable="true" type="xs:string"/>
      <xs:element minOccurs="0" name="FV_CDU_FuncionAsociada" nillable="true" type="xs:string"/>
      <xs:element minOccurs="0" name="FV_CDU_activo" nillable="true" type="xs:boolean"/>
      <xs:element minOccurs="0" name="FV_DUM_ValoresXDef" nillable="true" type="tns:ArrayOfFV_DUM_ValoresXDef"/>
      <xs:element minOccurs="0" name="FV_TDU_TipoDummy" nillable="true" type="tns:FV_TDU_TipoDummy"/>
      <xs:element minOccurs="0" name="FV_TDU_id_TipoDummy" nillable="true" type="xs:int"/>
      <xs:element minOccurs="0" name="id_FV_CDU_ControlesDummy" type="xs:int"/>
    </xs:sequence>
  </xs:complexType>
  <xs:element name="FV_CDU_ControlesDummy" nillable="true" type="tns:FV_CDU_ControlesDummy"/>
  <xs:complexType name="FV_TDU_TipoDummy">
    <xs:sequence>
      <xs:element minOccurs="0" name="FV_CDU_ControlesDummy" nillable="true" type="tns:ArrayOfFV_CDU_ControlesDummy"/>
      <xs:element minOccurs="0" name="FV_TDU_descripcion" nillable="true" type="xs:string"/>
      <xs:element minOccurs="0" name="FV_TDU_id_TipoDummy" type="xs:int"/>
    </xs:sequence>
  </xs:complexType>
  <xs:element name="FV_TDU_TipoDummy" nillable="true" type="tns:FV_TDU_TipoDummy"/>
  <xs:complexType name="ArrayOfFV_CDU_ControlesDummy">
    <xs:sequence>
      <xs:element minOccurs="0" maxOccurs="unbounded" name="FV_CDU_ControlesDummy" nillable="true" type="tns:FV_CDU_ControlesDummy"/>
    </xs:sequence>
  </xs:complexType>
  <xs:element name="ArrayOfFV_CDU_ControlesDummy" nillable="true" type="tns:ArrayOfFV_CDU_ControlesDummy"/>
  <xs:complexType name="ArrayOfFV_ICD_IncidenteContingenciaDian">
    <xs:sequence>
      <xs:element minOccurs="0" maxOccurs="unbounded" name="FV_ICD_IncidenteContingenciaDian" nillable="true" type="tns:FV_ICD_IncidenteContingenciaDian"/>
    </xs:sequence>
  </xs:complexType>
  <xs:element name="ArrayOfFV_ICD_IncidenteContingenciaDian" nillable="true" type="tns:ArrayOfFV_ICD_IncidenteContingenciaDian"/>
  <xs:complexType name="FV_ICD_IncidenteContingenciaDian">
    <xs:sequence>
      <xs:element minOccurs="0" name="CFD_cfd_informacion" nillable="true" type="tns:CFD_cfd_informacion"/>
      <xs:element minOccurs="0" name="CFD_id_cfd" type="xs:int"/>
      <xs:element minOccurs="0" name="EMP_Empresa" nillable="true" type="tns:EMP_Empresa"/>
      <xs:element minOccurs="0" name="EMP_id_empresa" type="xs:int"/>
      <xs:element minOccurs="0" name="FV_HBD_HeartBeatDIAN" nillable="true" type="tns:ArrayOfFV_HBD_HeartBeatDIAN"/>
      <xs:element minOccurs="0" name="FV_TIC_TipoIncidenteContingencia" nillable="true" type="tns:FV_TIC_TipoIncidenteContingencia"/>
      <xs:element minOccurs="0" name="ICD_fechaRegistro" type="xs:dateTime"/>
      <xs:element minOccurs="0" name="ICD_id_IncidenteContingenciaDian" type="xs:int"/>
      <xs:element minOccurs="0" name="ICD_nombreSonda" nillable="true" type="xs:string"/>
      <xs:element minOccurs="0" name="ICD_revisada" type="xs:boolean"/>
      <xs:element minOccurs="0" name="TIC_id_TipoIncidenteContingencia" nillable="true" type="xs:int"/>
    </xs:sequence>
  </xs:complexType>
  <xs:element name="FV_ICD_IncidenteContingenciaDian" nillable="true" type="tns:FV_ICD_IncidenteContingenciaDian"/>
  <xs:complexType name="ArrayOfFV_HBD_HeartBeatDIAN">
    <xs:sequence>
      <xs:element minOccurs="0" maxOccurs="unbounded" name="FV_HBD_HeartBeatDIAN" nillable="true" type="tns:FV_HBD_HeartBeatDIAN"/>
    </xs:sequence>
  </xs:complexType>
  <xs:element name="ArrayOfFV_HBD_HeartBeatDIAN" nillable="true" type="tns:ArrayOfFV_HBD_HeartBeatDIAN"/>
  <xs:complexType name="FV_HBD_HeartBeatDIAN">
    <xs:sequence>
      <xs:element minOccurs="0" name="FV_ECD_EstadoContingenciaDIAN" nillable="true" type="tns:ArrayOfFV_ECD_EstadoContingenciaDIAN"/>
      <xs:element minOccurs="0" name="FV_ECD_EstadoContingenciaDIAN1" nillable="true" type="tns:ArrayOfFV_ECD_EstadoContingenciaDIAN"/>
      <xs:element minOccurs="0" name="FV_HCD_HistoricoContingenciaDIAN" nillable="true" type="tns:ArrayOfFV_HCD_HistoricoContingenciaDIAN"/>
      <xs:element minOccurs="0" name="FV_HCD_HistoricoContingenciaDIAN1" nillable="true" type="tns:ArrayOfFV_HCD_HistoricoContingenciaDIAN"/>
      <xs:element minOccurs="0" name="FV_ICD_IncidenteContingenciaDian" nillable="true" type="tns:FV_ICD_IncidenteContingenciaDian"/>
      <xs:element minOccurs="0" name="HBD_codigoStatus" nillable="true" type="xs:short"/>
      <xs:element minOccurs="0" name="HBD_fechaHoraRegistro" nillable="true" type="xs:dateTime"/>
      <xs:element minOccurs="0" name="HBD_id_HeartBeatDIAN" type="xs:int"/>
      <xs:element minOccurs="0" name="ICD_id_IncidenteContingenciaDian" nillable="true" type="xs:int"/>
    </xs:sequence>
  </xs:complexType>
  <xs:element name="FV_HBD_HeartBeatDIAN" nillable="true" type="tns:FV_HBD_HeartBeatDIAN"/>
  <xs:complexType name="ArrayOfFV_ECD_EstadoContingenciaDIAN">
    <xs:sequence>
      <xs:element minOccurs="0" maxOccurs="unbounded" name="FV_ECD_EstadoContingenciaDIAN" nillable="true" type="tns:FV_ECD_EstadoContingenciaDIAN"/>
    </xs:sequence>
  </xs:complexType>
  <xs:element name="ArrayOfFV_ECD_EstadoContingenciaDIAN" nillable="true" type="tns:ArrayOfFV_ECD_EstadoContingenciaDIAN"/>
  <xs:complexType name="FV_ECD_EstadoContingenciaDIAN">
    <xs:sequence>
      <xs:element minOccurs="0" name="ECD_fechaCancelacionContingencia" nillable="true" type="xs:dateTime"/>
      <xs:element minOccurs="0" name="ECD_fechaDeclaracionContingencia" nillable="true" type="xs:dateTime"/>
      <xs:element minOccurs="0" name="ECD_idHeartBeatCancela" nillable="true" type="xs:int"/>
      <xs:element minOccurs="0" name="ECD_idHeartBeatDeclara" nillable="true" type="xs:int"/>
      <xs:element minOccurs="0" name="ECD_id_EstadoContingenciaDIAN" type="xs:short"/>
      <xs:element minOccurs="0" name="FV_HBD_HeartBeatDIAN" nillable="true" type="tns:FV_HBD_HeartBeatDIAN"/>
      <xs:element minOccurs="0" name="FV_HBD_HeartBeatDIAN1" nillable="true" type="tns:FV_HBD_HeartBeatDIAN"/>
    </xs:sequence>
  </xs:complexType>
  <xs:element name="FV_ECD_EstadoContingenciaDIAN" nillable="true" type="tns:FV_ECD_EstadoContingenciaDIAN"/>
  <xs:complexType name="ArrayOfFV_HCD_HistoricoContingenciaDIAN">
    <xs:sequence>
      <xs:element minOccurs="0" maxOccurs="unbounded" name="FV_HCD_HistoricoContingenciaDIAN" nillable="true" type="tns:FV_HCD_HistoricoContingenciaDIAN"/>
    </xs:sequence>
  </xs:complexType>
  <xs:element name="ArrayOfFV_HCD_HistoricoContingenciaDIAN" nillable="true" type="tns:ArrayOfFV_HCD_HistoricoContingenciaDIAN"/>
  <xs:complexType name="FV_HCD_HistoricoContingenciaDIAN">
    <xs:sequence>
      <xs:element minOccurs="0" name="FV_HBD_HeartBeatDIAN" nillable="true" type="tns:FV_HBD_HeartBeatDIAN"/>
      <xs:element minOccurs="0" name="FV_HBD_HeartBeatDIAN1" nillable="true" type="tns:FV_HBD_HeartBeatDIAN"/>
      <xs:element minOccurs="0" name="HBD_idHeartBeatDeclara" nillable="true" type="xs:int"/>
      <xs:element minOccurs="0" name="HCD_fechaCancelacionContingencia" nillable="true" type="xs:dateTime"/>
      <xs:element minOccurs="0" name="HCD_fechaDeclaracionContingencia" nillable="true" type="xs:dateTime"/>
      <xs:element minOccurs="0" name="HCD_idHeartBeatCancela" nillable="true" type="xs:int"/>
      <xs:element minOccurs="0" name="HCD_id_HistoricoContingenciaDIAN" type="xs:int"/>
    </xs:sequence>
  </xs:complexType>
  <xs:element name="FV_HCD_HistoricoContingenciaDIAN" nillable="true" type="tns:FV_HCD_HistoricoContingenciaDIAN"/>
  <xs:complexType name="FV_TIC_TipoIncidenteContingencia">
    <xs:sequence>
      <xs:element minOccurs="0" name="FV_ICD_IncidenteContingenciaDian" nillable="true" type="tns:ArrayOfFV_ICD_IncidenteContingenciaDian"/>
      <xs:element minOccurs="0" name="TIC_codigoStatus" type="xs:short"/>
      <xs:element minOccurs="0" name="TIC_descripcion" nillable="true" type="xs:string"/>
      <xs:element minOccurs="0" name="TIC_exitoso" type="xs:boolean"/>
      <xs:element minOccurs="0" name="TIC_id_TipoIncidenteContingencia" type="xs:int"/>
      <xs:element minOccurs="0" name="TIC_tipoAccion" type="xs:unsignedByte"/>
    </xs:sequence>
  </xs:complexType>
  <xs:element name="FV_TIC_TipoIncidenteContingencia" nillable="true" type="tns:FV_TIC_TipoIncidenteContingencia"/>
  <xs:complexType name="ArrayOfFV_PFD_PerfilDummy">
    <xs:sequence>
      <xs:element minOccurs="0" maxOccurs="unbounded" name="FV_PFD_PerfilDummy" nillable="true" type="tns:FV_PFD_PerfilDummy"/>
    </xs:sequence>
  </xs:complexType>
  <xs:element name="ArrayOfFV_PFD_PerfilDummy" nillable="true" type="tns:ArrayOfFV_PFD_PerfilDummy"/>
  <xs:complexType name="FV_PFD_PerfilDummy">
    <xs:sequence>
      <xs:element minOccurs="0" name="EFA_EstilosFactura" nillable="true" type="tns:EFA_EstilosFactura"/>
      <xs:element minOccurs="0" name="EMP_Empresa" nillable="true" type="tns:EMP_Empresa"/>
      <xs:element minOccurs="0" name="Emp_id_empresa" type="xs:int"/>
      <xs:element minOccurs="0" name="FV_PFD_UserId" type="ser:guid"/>
      <xs:element minOccurs="0" name="FV_PFD_descripcion" nillable="true" type="xs:string"/>
      <xs:element minOccurs="0" name="FV_PFD_estado" nillable="true" type="xs:boolean"/>
      <xs:element minOccurs="0" name="FV_PFD_fechaActualizacion" nillable="true" type="xs:dateTime"/>
      <xs:element minOccurs="0" name="FV_TDD_Id_TipoDocumentoDIAN" nillable="true" type="xs:int"/>
      <xs:element minOccurs="0" name="FV_TDD_TipoDocumentoDIAN" nillable="true" type="tns:FV_TDD_TipoDocumentoDIAN"/>
      <xs:element minOccurs="0" name="efa_id_estilo" nillable="true" type="xs:int"/>
      <xs:element minOccurs="0" name="id_PFD_PerfilDummy" type="xs:int"/>
    </xs:sequence>
  </xs:complexType>
  <xs:element name="FV_PFD_PerfilDummy" nillable="true" type="tns:FV_PFD_PerfilDummy"/>
  <xs:complexType name="EFA_EstilosFactura">
    <xs:sequence>
      <xs:element minOccurs="0" name="FV_PFD_PerfilDummy" nillable="true" type="tns:ArrayOfFV_PFD_PerfilDummy"/>
      <xs:element minOccurs="0" name="PFI_ParametrosFiscales" nillable="true" type="tns:ArrayOfPFI_ParametrosFiscales"/>
      <xs:element minOccurs="0" name="efa_clase_estilo" nillable="true" type="xs:string"/>
      <xs:element minOccurs="0" name="efa_clase_estilo_nota" nillable="true" type="xs:string"/>
      <xs:element minOccurs="0" name="efa_descripcion_estilo" nillable="true" type="xs:string"/>
      <xs:element minOccurs="0" name="efa_id_estilo" type="xs:int"/>
      <xs:element minOccurs="0" name="efa_nombre_estilo" nillable="true" type="xs:string"/>
      <xs:element minOccurs="0" name="efa_ruta_pdf" nillable="true" type="xs:string"/>
      <xs:element minOccurs="0" name="efa_ruta_thumbnail" nillable="true" type="xs:string"/>
      <xs:element minOccurs="0" name="efa_ruta_thumbnailGrande" nillable="true" type="xs:string"/>
    </xs:sequence>
  </xs:complexType>
  <xs:element name="EFA_EstilosFactura" nillable="true" type="tns:EFA_EstilosFactura"/>
  <xs:complexType name="ArrayOfPFI_ParametrosFiscales">
    <xs:sequence>
      <xs:element minOccurs="0" maxOccurs="unbounded" name="PFI_ParametrosFiscales" nillable="true" type="tns:PFI_ParametrosFiscales"/>
    </xs:sequence>
  </xs:complexType>
  <xs:element name="ArrayOfPFI_ParametrosFiscales" nillable="true" type="tns:ArrayOfPFI_ParametrosFiscales"/>
  <xs:complexType name="PFI_ParametrosFiscales">
    <xs:sequence>
      <xs:element minOccurs="0" name="EFA_EstilosFactura" nillable="true" type="tns:EFA_EstilosFactura"/>
      <xs:element minOccurs="0" name="EMP_Empresa" nillable="true" type="tns:EMP_Empresa"/>
      <xs:element minOccurs="0" name="Emp_id_empresa" type="xs:int"/>
      <xs:element minOccurs="0" name="MON_Monedas" nillable="true" type="tns:MON_Monedas"/>
      <xs:element minOccurs="0" name="TFA_TipoFacEBI" nillable="true" type="tns:TFA_TipoFacEBI"/>
      <xs:element minOccurs="0" name="TFA_id_tipo_fac" type="xs:int"/>
      <xs:element minOccurs="0" name="efa_id_estilo" type="xs:int"/>
      <xs:element minOccurs="0" name="mon_id_moneda" type="xs:int"/>
      <xs:element minOccurs="0" name="pfi_cola_propia_recepcion" nillable="true" type="xs:boolean"/>
      <xs:element minOccurs="0" name="pfi_conse_OpeCDI" type="xs:int"/>
      <xs:element minOccurs="0" name="pfi_consecutiv_envio" nillable="true" type="xs:int"/>
      <xs:element minOccurs="0" name="pfi_consiecuti_Notas" nillable="true" type="xs:int"/>
      <xs:element minOccurs="0" name="pfi_contingencia" nillable="true" type="xs:boolean"/>
      <xs:element minOccurs="0" name="pfi_copia_not_emp" type="xs:boolean"/>
      <xs:element minOccurs="0" name="pfi_hab_fecha_exp" type="xs:boolean"/>
      <xs:element minOccurs="0" name="pfi_habilita_facxcom" type="xs:boolean"/>
      <xs:element minOccurs="0" name="pfi_habilita_mult" type="xs:boolean"/>
      <xs:element minOccurs="0" name="pfi_id_paramtr_fiscal" type="xs:int"/>
      <xs:element minOccurs="0" name="pfi_info_fiscal" nillable="true" type="xs:string"/>
      <xs:element minOccurs="0" name="pfi_nombre" nillable="true" type="xs:string"/>
      <xs:element minOccurs="0" name="pfi_nota1_factura" nillable="true" type="xs:string"/>
      <xs:element minOccurs="0" name="pfi_nota2_factura" nillable="true" type="xs:string"/>
      <xs:element minOccurs="0" name="pfi_nota3_factura" nillable="true" type="xs:string"/>
      <xs:element minOccurs="0" name="pfi_nota4_factura" nillable="true" type="xs:string"/>
      <xs:element minOccurs="0" name="pfi_pos_ref_nota1" nillable="true" type="xs:string"/>
      <xs:element minOccurs="0" name="pfi_recepcion_radicacion" nillable="true" type="xs:string"/>
      <xs:element minOccurs="0" name="pfi_ruta_footer" nillable="true" type="xs:string"/>
      <xs:element minOccurs="0" name="pfi_tipo_erp" nillable="true" type="xs:string"/>
      <xs:element minOccurs="0" name="pfi_tope_radicacion" nillable="true" type="xs:int"/>
      <xs:element minOccurs="0" name="pfi_url_site_ebill" nillable="true" type="xs:string"/>
      <xs:element minOccurs="0" name="pfi_valor" nillable="true" type="xs:decimal"/>
      <xs:element minOccurs="0" name="pfi_valor_text" nillable="true" type="xs:string"/>
      <xs:element minOccurs="0" name="pfi_year" nillable="true" type="xs:string"/>
    </xs:sequence>
  </xs:complexType>
  <xs:element name="PFI_ParametrosFiscales" nillable="true" type="tns:PFI_ParametrosFiscales"/>
  <xs:complexType name="MON_Monedas">
    <xs:sequence>
      <xs:element minOccurs="0" name="CFD_cfd_informacion" nillable="true" type="tns:ArrayOfCFD_cfd_informacion"/>
      <xs:element minOccurs="0" name="FV_AXD_AnticiposXDocumento" nillable="true" type="tns:ArrayOfFV_AXD_AnticiposXDocumento"/>
      <xs:element minOccurs="0" name="PFI_ParametrosFiscales" nillable="true" type="tns:ArrayOfPFI_ParametrosFiscales"/>
      <xs:element minOccurs="0" name="mon_code_iso" nillable="true" type="xs:string"/>
      <xs:element minOccurs="0" name="mon_id_moneda" type="xs:int"/>
      <xs:element minOccurs="0" name="mon_nombre_mon" nillable="true" type="xs:string"/>
    </xs:sequence>
  </xs:complexType>
  <xs:element name="MON_Monedas" nillable="true" type="tns:MON_Monedas"/>
  <xs:complexType name="ArrayOfFV_AXD_AnticiposXDocumento">
    <xs:sequence>
      <xs:element minOccurs="0" maxOccurs="unbounded" name="FV_AXD_AnticiposXDocumento" nillable="true" type="tns:FV_AXD_AnticiposXDocumento"/>
    </xs:sequence>
  </xs:complexType>
  <xs:element name="ArrayOfFV_AXD_AnticiposXDocumento" nillable="true" type="tns:ArrayOfFV_AXD_AnticiposXDocumento"/>
  <xs:complexType name="FV_AXD_AnticiposXDocumento">
    <xs:sequence>
      <xs:element minOccurs="0" name="CFD_cfd_informacion" nillable="true" type="tns:CFD_cfd_informacion"/>
      <xs:element minOccurs="0" name="CFD_id_cfd" nillable="true" type="xs:int"/>
      <xs:element minOccurs="0" name="FV_AXD_IdXDoc_AnticiposXDocumento" nillable="true" type="xs:string"/>
      <xs:element minOccurs="0" name="FV_AXD_Id_AnticiposXDocumento" type="xs:int"/>
      <xs:element minOccurs="0" name="FV_AXD_InstructionID" nillable="true" type="xs:string"/>
      <xs:element minOccurs="0" name="FV_AXD_PaidAmount" type="xs:decimal"/>
      <xs:element minOccurs="0" name="FV_AXD_PaidDate" nillable="true" type="xs:dateTime"/>
      <xs:element minOccurs="0" name="FV_AXD_PaidTime" nillable="true" type="xs:string"/>
      <xs:element minOccurs="0" name="FV_AXD_ReceivedDate" type="xs:dateTime"/>
      <xs:element minOccurs="0" name="MON_Monedas" nillable="true" type="tns:MON_Monedas"/>
      <xs:element minOccurs="0" name="mon_id_moneda" type="xs:int"/>
    </xs:sequence>
  </xs:complexType>
  <xs:element name="FV_AXD_AnticiposXDocumento" nillable="true" type="tns:FV_AXD_AnticiposXDocumento"/>
  <xs:complexType name="TFA_TipoFacEBI">
    <xs:sequence>
      <xs:element minOccurs="0" name="PFI_ParametrosFiscales" nillable="true" type="tns:ArrayOfPFI_ParametrosFiscales"/>
      <xs:element minOccurs="0" name="TFA_descripcion" nillable="true" type="xs:string"/>
      <xs:element minOccurs="0" name="TFA_id_tipo_fac" type="xs:int"/>
    </xs:sequence>
  </xs:complexType>
  <xs:element name="TFA_TipoFacEBI" nillable="true" type="tns:TFA_TipoFacEBI"/>
  <xs:complexType name="FV_TDD_TipoDocumentoDIAN">
    <xs:sequence>
      <xs:element minOccurs="0" name="CFD_cfd_informacion" nillable="true" type="tns:ArrayOfCFD_cfd_informacion"/>
      <xs:element minOccurs="0" name="FV_PFD_PerfilDummy" nillable="true" type="tns:ArrayOfFV_PFD_PerfilDummy"/>
      <xs:element minOccurs="0" name="FV_TDD_Codigo_TipoDocumentoDIAN" nillable="true" type="xs:string"/>
      <xs:element minOccurs="0" name="FV_TDD_Id_TipoDocumentoDIAN" type="xs:int"/>
      <xs:element minOccurs="0" name="FV_TDD_Significado_TipoDOcumentoDIAN" nillable="true" type="xs:string"/>
    </xs:sequence>
  </xs:complexType>
  <xs:element name="FV_TDD_TipoDocumentoDIAN" nillable="true" type="tns:FV_TDD_TipoDocumentoDIAN"/>
  <xs:complexType name="ArrayOfFV_RSE_Registro_Solicitudes_Emision">
    <xs:sequence>
      <xs:element minOccurs="0" maxOccurs="unbounded" name="FV_RSE_Registro_Solicitudes_Emision" nillable="true" type="tns:FV_RSE_Registro_Solicitudes_Emision"/>
    </xs:sequence>
  </xs:complexType>
  <xs:element name="ArrayOfFV_RSE_Registro_Solicitudes_Emision" nillable="true" type="tns:ArrayOfFV_RSE_Registro_Solicitudes_Emision"/>
  <xs:complexType name="FV_RSE_Registro_Solicitudes_Emision">
    <xs:sequence>
      <xs:element minOccurs="0" name="EMP_Empresa" nillable="true" type="tns:EMP_Empresa"/>
      <xs:element minOccurs="0" name="EMP_id_Empresa" type="xs:int"/>
      <xs:element minOccurs="0" name="FV_RED_Registo_Emision_DFEs" nillable="true" type="tns:ArrayOfFV_RED_Registo_Emision_DFE"/>
      <xs:element minOccurs="0" name="FV_TSE_Tipo_Solicitud_Emision" nillable="true" type="tns:FV_TSE_Tipo_Solicitud_Emision"/>
      <xs:element minOccurs="0" name="RSE_EndPointEnviadoDian" nillable="true" type="xs:short"/>
      <xs:element minOccurs="0" name="RSE_esValido" type="xs:boolean"/>
      <xs:element minOccurs="0" name="RSE_estadoProceso" nillable="true" type="xs:int"/>
      <xs:element minOccurs="0" name="RSE_fechaRegistro" type="xs:dateTime"/>
      <xs:element minOccurs="0" name="RSE_id_RegistroEmision" type="xs:int"/>
      <xs:element minOccurs="0" name="RSE_nombreArchivoZip" nillable="true" type="xs:string"/>
      <xs:element minOccurs="0" name="RSE_resp_TrackId" nillable="true" type="xs:string"/>
      <xs:element minOccurs="0" name="RSE_resp_mensajeRespuesta" nillable="true" type="xs:string"/>
      <xs:element minOccurs="0" name="RSE_ubicacionArchivoZip" nillable="true" type="xs:string"/>
      <xs:element minOccurs="0" name="TSE_id_TipoSolicitudEmision" type="xs:int"/>
    </xs:sequence>
  </xs:complexType>
  <xs:element name="FV_RSE_Registro_Solicitudes_Emision" nillable="true" type="tns:FV_RSE_Registro_Solicitudes_Emision"/>
  <xs:complexType name="ArrayOfFV_RED_Registo_Emision_DFE">
    <xs:sequence>
      <xs:element minOccurs="0" maxOccurs="unbounded" name="FV_RED_Registo_Emision_DFE" nillable="true" type="tns:FV_RED_Registo_Emision_DFE"/>
    </xs:sequence>
  </xs:complexType>
  <xs:element name="ArrayOfFV_RED_Registo_Emision_DFE" nillable="true" type="tns:ArrayOfFV_RED_Registo_Emision_DFE"/>
  <xs:complexType name="FV_RED_Registo_Emision_DFE">
    <xs:sequence>
      <xs:element minOccurs="0" name="CFD_id_cfd" type="xs:int"/>
      <xs:element minOccurs="0" name="FV_RSE_Registro_Solicitudes_Emision" nillable="true" type="tns:FV_RSE_Registro_Solicitudes_Emision"/>
      <xs:element minOccurs="0" name="RED_docValido" type="xs:boolean"/>
      <xs:element minOccurs="0" name="RED_documentKey" nillable="true" type="xs:string"/>
      <xs:element minOccurs="0" name="RED_estadoProceso" nillable="true" type="xs:int"/>
      <xs:element minOccurs="0" name="RED_id_RegistroEmisionDFE" type="xs:int"/>
      <xs:element minOccurs="0" name="RED_mensajeError" nillable="true" type="xs:string"/>
      <xs:element minOccurs="0" name="RED_nombre_documento" nillable="true" type="xs:string"/>
      <xs:element minOccurs="0" name="RED_statusCode" nillable="true" type="xs:string"/>
      <xs:element minOccurs="0" name="RED_xmlResponse" nillable="true" type="xs:string"/>
      <xs:element minOccurs="0" name="RSE_id_RegistroEmision" type="xs:int"/>
    </xs:sequence>
  </xs:complexType>
  <xs:element name="FV_RED_Registo_Emision_DFE" nillable="true" type="tns:FV_RED_Registo_Emision_DFE"/>
  <xs:complexType name="FV_TSE_Tipo_Solicitud_Emision">
    <xs:sequence>
      <xs:element minOccurs="0" name="FV_RSE_Registro_Solicitudes_Emision" nillable="true" type="tns:ArrayOfFV_RSE_Registro_Solicitudes_Emision"/>
      <xs:element minOccurs="0" name="TSE_id_TipoSolicitudEmision" type="xs:int"/>
      <xs:element minOccurs="0" name="TSE_nombre" nillable="true" type="xs:string"/>
    </xs:sequence>
  </xs:complexType>
  <xs:element name="FV_TSE_Tipo_Solicitud_Emision" nillable="true" type="tns:FV_TSE_Tipo_Solicitud_Emision"/>
  <xs:complexType name="ArrayOfGRE_Grupos_Empresariale">
    <xs:sequence>
      <xs:element minOccurs="0" maxOccurs="unbounded" name="GRE_Grupos_Empresariale" nillable="true" type="tns:GRE_Grupos_Empresariale"/>
    </xs:sequence>
  </xs:complexType>
  <xs:element name="ArrayOfGRE_Grupos_Empresariale" nillable="true" type="tns:ArrayOfGRE_Grupos_Empresariale"/>
  <xs:complexType name="GRE_Grupos_Empresariale">
    <xs:sequence>
      <xs:element minOccurs="0" name="EMP_Empresa" nillable="true" type="tns:EMP_Empresa"/>
      <xs:element minOccurs="0" name="EMP_Empresa1" nillable="true" type="tns:EMP_Empresa"/>
      <xs:element minOccurs="0" name="Emp_id_empresa_hija" type="xs:int"/>
      <xs:element minOccurs="0" name="Emp_id_empresa_madre" type="xs:int"/>
      <xs:element minOccurs="0" name="Gre_id_rel_empresas" type="xs:int"/>
    </xs:sequence>
  </xs:complexType>
  <xs:element name="GRE_Grupos_Empresariale" nillable="true" type="tns:GRE_Grupos_Empresariale"/>
  <xs:complexType name="ArrayOfINE_Integradores_Nomina_Electronica">
    <xs:sequence>
      <xs:element minOccurs="0" maxOccurs="unbounded" name="INE_Integradores_Nomina_Electronica" nillable="true" type="tns:INE_Integradores_Nomina_Electronica"/>
    </xs:sequence>
  </xs:complexType>
  <xs:element name="ArrayOfINE_Integradores_Nomina_Electronica" nillable="true" type="tns:ArrayOfINE_Integradores_Nomina_Electronica"/>
  <xs:complexType name="INE_Integradores_Nomina_Electronica">
    <xs:sequence>
      <xs:element minOccurs="0" name="EMP_Empresa" nillable="true" type="tns:EMP_Empresa"/>
      <xs:element minOccurs="0" name="Emp_id_empresa" nillable="true" type="xs:int"/>
      <xs:element minOccurs="0" name="INE_Activo" type="xs:boolean"/>
      <xs:element minOccurs="0" name="INE_Id_Integrador_Nomina_Electronica" type="xs:int"/>
      <xs:element minOccurs="0" name="INE_Password_Integrador" nillable="true" type="xs:string"/>
      <xs:element minOccurs="0" name="INE_Usuario_Integrador" nillable="true" type="xs:string"/>
      <xs:element minOccurs="0" name="NOM_ComprobantesEncolados" nillable="true" type="tns:ArrayOfNOM_ComprobantesEncolado"/>
      <xs:element minOccurs="0" name="NOM_ProcesamientoAsincrono" nillable="true" type="tns:ArrayOfNOM_ProcesamientoAsincrono"/>
    </xs:sequence>
  </xs:complexType>
  <xs:element name="INE_Integradores_Nomina_Electronica" nillable="true" type="tns:INE_Integradores_Nomina_Electronica"/>
  <xs:complexType name="ArrayOfNOM_ComprobantesEncolado">
    <xs:sequence>
      <xs:element minOccurs="0" maxOccurs="unbounded" name="NOM_ComprobantesEncolado" nillable="true" type="tns:NOM_ComprobantesEncolado"/>
    </xs:sequence>
  </xs:complexType>
  <xs:element name="ArrayOfNOM_ComprobantesEncolado" nillable="true" type="tns:ArrayOfNOM_ComprobantesEncolado"/>
  <xs:complexType name="NOM_ComprobantesEncolado">
    <xs:sequence>
      <xs:element minOccurs="0" name="EMP_Empresa" nillable="true" type="tns:EMP_Empresa"/>
      <xs:element minOccurs="0" name="Emp_id_empresa" type="xs:int"/>
      <xs:element minOccurs="0" name="INE_Id_Integrador_Nomina_Electronica" nillable="true" type="xs:int"/>
      <xs:element minOccurs="0" name="INE_Integradores_Nomina_Electronica" nillable="true" type="tns:INE_Integradores_Nomina_Electronica"/>
      <xs:element minOccurs="0" name="NOM_Fecha_Actualizacion" nillable="true" type="xs:dateTime"/>
      <xs:element minOccurs="0" name="NOM_Fecha_Creacion" type="xs:dateTime"/>
      <xs:element minOccurs="0" name="NOM_Id_Comprobante_Encolado" type="xs:int"/>
      <xs:element minOccurs="0" name="NOM_Id_Hilo_Procesa" type="xs:short"/>
      <xs:element minOccurs="0" name="NOM_Id_Trabajador" type="xs:long"/>
      <xs:element minOccurs="0" name="NOM_Motivo_No_Procesamiento" nillable="true" type="xs:string"/>
      <xs:element minOccurs="0" name="NOM_Num_Intentos" type="xs:short"/>
      <xs:element minOccurs="0" name="NOM_Procesado" type="xs:boolean"/>
      <xs:element minOccurs="0" name="NOM_TrackID_Asincrono" type="ser:guid"/>
      <xs:element minOccurs="0" name="NOM_Url_Storage_Comprobante" nillable="true" type="xs:string"/>
    </xs:sequence>
  </xs:complexType>
  <xs:element name="NOM_ComprobantesEncolado" nillable="true" type="tns:NOM_ComprobantesEncolado"/>
  <xs:complexType name="ArrayOfNOM_ProcesamientoAsincrono">
    <xs:sequence>
      <xs:element minOccurs="0" maxOccurs="unbounded" name="NOM_ProcesamientoAsincrono" nillable="true" type="tns:NOM_ProcesamientoAsincrono"/>
    </xs:sequence>
  </xs:complexType>
  <xs:element name="ArrayOfNOM_ProcesamientoAsincrono" nillable="true" type="tns:ArrayOfNOM_ProcesamientoAsincrono"/>
  <xs:complexType name="NOM_ProcesamientoAsincrono">
    <xs:sequence>
      <xs:element minOccurs="0" name="EMP_Empresa" nillable="true" type="tns:EMP_Empresa"/>
      <xs:element minOccurs="0" name="Emp_id_empresa" nillable="true" type="xs:int"/>
      <xs:element minOccurs="0" name="INE_Id_Integrador_Nomina_Electronica" nillable="true" type="xs:int"/>
      <xs:element minOccurs="0" name="INE_Integradores_Nomina_Electronica" nillable="true" type="tns:INE_Integradores_Nomina_Electronica"/>
      <xs:element minOccurs="0" name="NOM_Id_Procesamiento_Asincrono" type="xs:int"/>
      <xs:element minOccurs="0" name="NOM_Id_Trabajador" nillable="true" type="xs:long"/>
      <xs:element minOccurs="0" name="NOM_Response" nillable="true" type="xs:string"/>
      <xs:element minOccurs="0" name="NOM_TrackID_Asincrono" type="ser:guid"/>
      <xs:element minOccurs="0" name="NOM_TrackId_Sincrono" nillable="true" type="xs:int"/>
    </xs:sequence>
  </xs:complexType>
  <xs:element name="NOM_ProcesamientoAsincrono" nillable="true" type="tns:NOM_ProcesamientoAsincrono"/>
  <xs:complexType name="ArrayOfLIE_registro_envios">
    <xs:sequence>
      <xs:element minOccurs="0" maxOccurs="unbounded" name="LIE_registro_envios" nillable="true" type="tns:LIE_registro_envios"/>
    </xs:sequence>
  </xs:complexType>
  <xs:element name="ArrayOfLIE_registro_envios" nillable="true" type="tns:ArrayOfLIE_registro_envios"/>
  <xs:complexType name="LIE_registro_envios">
    <xs:sequence>
      <xs:element minOccurs="0" name="EMP_Empresa" nillable="true" type="tns:EMP_Empresa"/>
      <xs:element minOccurs="0" name="LIE_EMP_id_empresa" type="xs:int"/>
      <xs:element minOccurs="0" name="LIE_enviado" type="xs:boolean"/>
      <xs:element minOccurs="0" name="LIE_fecha_envio" type="xs:dateTime"/>
      <xs:element minOccurs="0" name="LIE_formato_1294" type="xs:boolean"/>
      <xs:element minOccurs="0" name="LIE_formato_1295" type="xs:boolean"/>
      <xs:element minOccurs="0" name="LIE_formato_1299" type="xs:boolean"/>
      <xs:element minOccurs="0" name="LIE_id_registro" type="xs:int"/>
      <xs:element minOccurs="0" name="LIE_manual_automatico" type="xs:boolean"/>
      <xs:element minOccurs="0" name="LIE_periodo_reportado" nillable="true" type="xs:string"/>
    </xs:sequence>
  </xs:complexType>
  <xs:element name="LIE_registro_envios" nillable="true" type="tns:LIE_registro_envios"/>
  <xs:complexType name="ArrayOfML_Configuracion">
    <xs:sequence>
      <xs:element minOccurs="0" maxOccurs="unbounded" name="ML_Configuracion" nillable="true" type="tns:ML_Configuracion"/>
    </xs:sequence>
  </xs:complexType>
  <xs:element name="ArrayOfML_Configuracion" nillable="true" type="tns:ArrayOfML_Configuracion"/>
  <xs:complexType name="ML_Configuracion">
    <xs:sequence>
      <xs:element minOccurs="0" name="EMP_Empresa" nillable="true" type="tns:EMP_Empresa"/>
      <xs:element minOccurs="0" name="EMP_id_empresa" type="xs:int"/>
      <xs:element minOccurs="0" name="ML_access_token" nillable="true" type="xs:string"/>
      <xs:element minOccurs="0" name="ML_code_ms" nillable="true" type="xs:string"/>
      <xs:element minOccurs="0" name="ML_cust_id" nillable="true" type="xs:string"/>
      <xs:element minOccurs="0" name="ML_fecha_vence_token" type="xs:dateTime"/>
      <xs:element minOccurs="0" name="ML_id" type="xs:int"/>
      <xs:element minOccurs="0" name="ML_nombre_cuenta" nillable="true" type="xs:string"/>
      <xs:element minOccurs="0" name="ML_seller_id" nillable="true" type="xs:string"/>
    </xs:sequence>
  </xs:complexType>
  <xs:element name="ML_Configuracion" nillable="true" type="tns:ML_Configuracion"/>
  <xs:complexType name="ArrayOfNCE_Numeros_Contingencia_Ecuador">
    <xs:sequence>
      <xs:element minOccurs="0" maxOccurs="unbounded" name="NCE_Numeros_Contingencia_Ecuador" nillable="true" type="tns:NCE_Numeros_Contingencia_Ecuador"/>
    </xs:sequence>
  </xs:complexType>
  <xs:element name="ArrayOfNCE_Numeros_Contingencia_Ecuador" nillable="true" type="tns:ArrayOfNCE_Numeros_Contingencia_Ecuador"/>
  <xs:complexType name="NCE_Numeros_Contingencia_Ecuador">
    <xs:sequence>
      <xs:element minOccurs="0" name="EMP_Empresa" nillable="true" type="tns:EMP_Empresa"/>
      <xs:element minOccurs="0" name="EMP_id_empresa" type="xs:int"/>
      <xs:element minOccurs="0" name="NCE_estado_uso" type="xs:boolean"/>
      <xs:element minOccurs="0" name="NCE_id_numero_contingencia" type="xs:int"/>
      <xs:element minOccurs="0" name="NCE_numero_consecutivo_contingencia" nillable="true" type="xs:string"/>
      <xs:element minOccurs="0" name="NCE_tipo_ambiente" type="xs:boolean"/>
    </xs:sequence>
  </xs:complexType>
  <xs:element name="NCE_Numeros_Contingencia_Ecuador" nillable="true" type="tns:NCE_Numeros_Contingencia_Ecuador"/>
  <xs:complexType name="ArrayOfPAC_ParametrosEnvio">
    <xs:sequence>
      <xs:element minOccurs="0" maxOccurs="unbounded" name="PAC_ParametrosEnvio" nillable="true" type="tns:PAC_ParametrosEnvio"/>
    </xs:sequence>
  </xs:complexType>
  <xs:element name="ArrayOfPAC_ParametrosEnvio" nillable="true" type="tns:ArrayOfPAC_ParametrosEnvio"/>
  <xs:complexType name="PAC_ParametrosEnvio">
    <xs:sequence>
      <xs:element minOccurs="0" name="EMP_Empresa" nillable="true" type="tns:EMP_Empresa"/>
      <xs:element minOccurs="0" name="pac_correo_envio" nillable="true" type="xs:string"/>
      <xs:element minOccurs="0" name="pac_emp_id_empresa" type="xs:int"/>
      <xs:element minOccurs="0" name="pac_habilita_ssl" type="xs:boolean"/>
      <xs:element minOccurs="0" name="pac_host_correo" nillable="true" type="xs:string"/>
      <xs:element minOccurs="0" name="pac_id_par_envio" type="xs:int"/>
      <xs:element minOccurs="0" name="pac_pass_correo" nillable="true" type="xs:string"/>
      <xs:element minOccurs="0" name="pac_prioriza_correo" nillable="true" type="xs:boolean"/>
      <xs:element minOccurs="0" name="pac_prioriza_sms" nillable="true" type="xs:boolean"/>
      <xs:element minOccurs="0" name="pac_puerto_host" nillable="true" type="xs:string"/>
      <xs:element minOccurs="0" name="pac_pwd_SMS" nillable="true" type="xs:string"/>
      <xs:element minOccurs="0" name="pac_rastreo_not" nillable="true" type="xs:boolean"/>
      <xs:element minOccurs="0" name="pac_template_notificacion_x_doc" nillable="true" type="xs:boolean"/>
      <xs:element minOccurs="0" name="pac_user_SMS" nillable="true" type="xs:string"/>
      <xs:element minOccurs="0" name="pac_usu_correo" nillable="true" type="xs:string"/>
    </xs:sequence>
  </xs:complexType>
  <xs:element name="PAC_ParametrosEnvio" nillable="true" type="tns:PAC_ParametrosEnvio"/>
  <xs:complexType name="ArrayOfPCE_ParametrosClientesEBillTOGestorDoc">
    <xs:sequence>
      <xs:element minOccurs="0" maxOccurs="unbounded" name="PCE_ParametrosClientesEBillTOGestorDoc" nillable="true" type="tns:PCE_ParametrosClientesEBillTOGestorDoc"/>
    </xs:sequence>
  </xs:complexType>
  <xs:element name="ArrayOfPCE_ParametrosClientesEBillTOGestorDoc" nillable="true" type="tns:ArrayOfPCE_ParametrosClientesEBillTOGestorDoc"/>
  <xs:complexType name="PCE_ParametrosClientesEBillTOGestorDoc">
    <xs:sequence>
      <xs:element minOccurs="0" name="EMP_Empresa" nillable="true" type="tns:EMP_Empresa"/>
      <xs:element minOccurs="0" name="Emp_id_empresa" type="xs:int"/>
      <xs:element minOccurs="0" name="PCE_Ambiente" nillable="true" type="ser:char"/>
      <xs:element minOccurs="0" name="PCE_CredencialesPasswordSW" nillable="true" type="xs:string"/>
      <xs:element minOccurs="0" name="PCE_CredencialesUsuarioSW" nillable="true" type="xs:string"/>
      <xs:element minOccurs="0" name="PCE_ID_PCE" type="xs:int"/>
      <xs:element minOccurs="0" name="PCE_Nombre_Paramentro" nillable="true" type="xs:string"/>
      <xs:element minOccurs="0" name="PCE_PeriodicidadEnvioInformacion" type="xs:int"/>
      <xs:element minOccurs="0" name="PCE_TipoPeriodicidadEnvioInformacion" type="ser:char"/>
      <xs:element minOccurs="0" name="PCE_UltimaFechaEnvio" type="xs:dateTime"/>
      <xs:element minOccurs="0" name="PCE_UrlServicioWeb" nillable="true" type="xs:string"/>
    </xs:sequence>
  </xs:complexType>
  <xs:element name="PCE_ParametrosClientesEBillTOGestorDoc" nillable="true" type="tns:PCE_ParametrosClientesEBillTOGestorDoc"/>
  <xs:complexType name="ArrayOfPCO_ParametrosContablesGenerale">
    <xs:sequence>
      <xs:element minOccurs="0" maxOccurs="unbounded" name="PCO_ParametrosContablesGenerale" nillable="true" type="tns:PCO_ParametrosContablesGenerale"/>
    </xs:sequence>
  </xs:complexType>
  <xs:element name="ArrayOfPCO_ParametrosContablesGenerale" nillable="true" type="tns:ArrayOfPCO_ParametrosContablesGenerale"/>
  <xs:complexType name="PCO_ParametrosContablesGenerale">
    <xs:sequence>
      <xs:element minOccurs="0" name="EMP_Empresa" nillable="true" type="tns:EMP_Empresa"/>
      <xs:element minOccurs="0" name="emp_id_empresa" type="xs:int"/>
      <xs:element minOccurs="0" name="pco_IDEmpresaCDI" nillable="true" type="xs:string"/>
      <xs:element minOccurs="0" name="pco_TokenCDI" nillable="true" type="xs:string"/>
      <xs:element minOccurs="0" name="pco_centro_costo_retefuente" nillable="true" type="xs:string"/>
      <xs:element minOccurs="0" name="pco_centro_costo_reteica" nillable="true" type="xs:string"/>
      <xs:element minOccurs="0" name="pco_centro_costo_reteiva" nillable="true" type="xs:string"/>
      <xs:element minOccurs="0" name="pco_costo_fee" nillable="true" type="xs:string"/>
      <xs:element minOccurs="0" name="pco_costo_prod_excentos" nillable="true" type="xs:string"/>
      <xs:element minOccurs="0" name="pco_costo_prod_gravados" nillable="true" type="xs:string"/>
      <xs:element minOccurs="0" name="pco_costo_total" nillable="true" type="xs:string"/>
      <xs:element minOccurs="0" name="pco_costo_transporte" nillable="true" type="xs:string"/>
      <xs:element minOccurs="0" name="pco_cta_autoretcree" nillable="true" type="xs:string"/>
      <xs:element minOccurs="0" name="pco_cta_clientes" nillable="true" type="xs:string"/>
      <xs:element minOccurs="0" name="pco_cta_clientes_efe" nillable="true" type="xs:string"/>
      <xs:element minOccurs="0" name="pco_cta_clientes_otro" nillable="true" type="xs:string"/>
      <xs:element minOccurs="0" name="pco_cta_clientes_tar" nillable="true" type="xs:string"/>
      <xs:element minOccurs="0" name="pco_cta_retcree" nillable="true" type="xs:string"/>
      <xs:element minOccurs="0" name="pco_cta_retefuente" nillable="true" type="xs:string"/>
      <xs:element minOccurs="0" name="pco_cta_reteica" nillable="true" type="xs:string"/>
      <xs:element minOccurs="0" name="pco_cta_reteiva" nillable="true" type="xs:string"/>
      <xs:element minOccurs="0" name="pco_id_par_contable" type="xs:int"/>
      <xs:element minOccurs="0" name="pco_inv_excentos" nillable="true" type="xs:string"/>
      <xs:element minOccurs="0" name="pco_inv_gravados" nillable="true" type="xs:string"/>
      <xs:element minOccurs="0" name="pco_inv_total" nillable="true" type="xs:string"/>
      <xs:element minOccurs="0" name="pco_prod_excentos" nillable="true" type="xs:string"/>
      <xs:element minOccurs="0" name="pco_prod_gravados" nillable="true" type="xs:string"/>
      <xs:element minOccurs="0" name="pco_prod_total" nillable="true" type="xs:string"/>
      <xs:element minOccurs="0" name="pco_valor_iva" nillable="true" type="xs:string"/>
    </xs:sequence>
  </xs:complexType>
  <xs:element name="PCO_ParametrosContablesGenerale" nillable="true" type="tns:PCO_ParametrosContablesGenerale"/>
  <xs:complexType name="ArrayOfPDCP_Proc_Dian_Consolidado_Ciente_Prefijo">
    <xs:sequence>
      <xs:element minOccurs="0" maxOccurs="unbounded" name="PDCP_Proc_Dian_Consolidado_Ciente_Prefijo" nillable="true" type="tns:PDCP_Proc_Dian_Consolidado_Ciente_Prefijo"/>
    </xs:sequence>
  </xs:complexType>
  <xs:element name="ArrayOfPDCP_Proc_Dian_Consolidado_Ciente_Prefijo" nillable="true" type="tns:ArrayOfPDCP_Proc_Dian_Consolidado_Ciente_Prefijo"/>
  <xs:complexType name="PDCP_Proc_Dian_Consolidado_Ciente_Prefijo">
    <xs:sequence>
      <xs:element minOccurs="0" name="Cantidad" type="xs:int"/>
      <xs:element minOccurs="0" name="EMP_Empresa" nillable="true" type="tns:EMP_Empresa"/>
      <xs:element minOccurs="0" name="PDCP_CFD_prefijo" nillable="true" type="xs:string"/>
      <xs:element minOccurs="0" name="PDCP_EMP_id_empresa" type="xs:int"/>
      <xs:element minOccurs="0" name="PDCP_fecha" type="xs:dateTime"/>
      <xs:element minOccurs="0" name="PDCP_id_proceso_dian" type="xs:int"/>
    </xs:sequence>
  </xs:complexType>
  <xs:element name="PDCP_Proc_Dian_Consolidado_Ciente_Prefijo" nillable="true" type="tns:PDCP_Proc_Dian_Consolidado_Ciente_Prefijo"/>
  <xs:complexType name="ArrayOfPDL_Parametros_DirectorioLocal">
    <xs:sequence>
      <xs:element minOccurs="0" maxOccurs="unbounded" name="PDL_Parametros_DirectorioLocal" nillable="true" type="tns:PDL_Parametros_DirectorioLocal"/>
    </xs:sequence>
  </xs:complexType>
  <xs:element name="ArrayOfPDL_Parametros_DirectorioLocal" nillable="true" type="tns:ArrayOfPDL_Parametros_DirectorioLocal"/>
  <xs:complexType name="PDL_Parametros_DirectorioLocal">
    <xs:sequence>
      <xs:element minOccurs="0" name="EMP_Empresa" nillable="true" type="tns:EMP_Empresa"/>
      <xs:element minOccurs="0" name="Emp_id_empresa" type="xs:int"/>
      <xs:element minOccurs="0" name="PDL_Acciones_AutorizaCreacionDirectorios" type="xs:boolean"/>
      <xs:element minOccurs="0" name="PDL_Ruta_certificados" nillable="true" type="xs:string"/>
      <xs:element minOccurs="0" name="PDL_Ruta_generacionPDF" nillable="true" type="xs:string"/>
      <xs:element minOccurs="0" name="PDL_Ruta_generacionXML" nillable="true" type="xs:string"/>
      <xs:element minOccurs="0" name="PDL_Ruta_generacion_IN" nillable="true" type="xs:string"/>
      <xs:element minOccurs="0" name="PDL_Ruta_generacion_IN_Procesados_NOK" nillable="true" type="xs:string"/>
      <xs:element minOccurs="0" name="PDL_Ruta_generacion_IN_Procesados_OK" nillable="true" type="xs:string"/>
      <xs:element minOccurs="0" name="PDL_Ruta_generacion_OUT" nillable="true" type="xs:string"/>
      <xs:element minOccurs="0" name="PDL_Ruta_generacion_OUT_Procesados_NOK" nillable="true" type="xs:string"/>
      <xs:element minOccurs="0" name="PDL_Ruta_generacion_OUT_Procesados_OK" nillable="true" type="xs:string"/>
      <xs:element minOccurs="0" name="PDL_Ruta_recepcion_acuses" nillable="true" type="xs:string"/>
      <xs:element minOccurs="0" name="PDL_credencial_pass" nillable="true" type="xs:string"/>
      <xs:element minOccurs="0" name="PDL_credencial_user" nillable="true" type="xs:string"/>
      <xs:element minOccurs="0" name="PDL_id_ParametrosDirectorioLocal" type="xs:int"/>
    </xs:sequence>
  </xs:complexType>
  <xs:element name="PDL_Parametros_DirectorioLocal" nillable="true" type="tns:PDL_Parametros_DirectorioLocal"/>
  <xs:complexType name="ArrayOfPFE_EPF_Empresa_PequenoFacturador">
    <xs:sequence>
      <xs:element minOccurs="0" maxOccurs="unbounded" name="PFE_EPF_Empresa_PequenoFacturador" nillable="true" type="tns:PFE_EPF_Empresa_PequenoFacturador"/>
    </xs:sequence>
  </xs:complexType>
  <xs:element name="ArrayOfPFE_EPF_Empresa_PequenoFacturador" nillable="true" type="tns:ArrayOfPFE_EPF_Empresa_PequenoFacturador"/>
  <xs:complexType name="PFE_EPF_Empresa_PequenoFacturador">
    <xs:sequence>
      <xs:element minOccurs="0" name="EMP_Empresa" nillable="true" type="tns:EMP_Empresa"/>
      <xs:element minOccurs="0" name="EPF_Estado_Configuracion_EBill" nillable="true" type="xs:int"/>
      <xs:element minOccurs="0" name="EPF_Estado_Habilitacion" nillable="true" type="xs:int"/>
      <xs:element minOccurs="0" name="EPF_Estado_Proyecto" nillable="true" type="xs:string"/>
      <xs:element minOccurs="0" name="EPF_Estado_Registro_Dian" nillable="true" type="xs:int"/>
      <xs:element minOccurs="0" name="EPF_Estado_Resolucion" nillable="true" type="xs:int"/>
      <xs:element minOccurs="0" name="EPF_Fecha_Registro" nillable="true" type="xs:dateTime"/>
      <xs:element minOccurs="0" name="Emp_id_empresa" type="xs:int"/>
      <xs:element minOccurs="0" name="Id_EPF_Empresa_PequenoFacturador" type="xs:int"/>
    </xs:sequence>
  </xs:complexType>
  <xs:element name="PFE_EPF_Empresa_PequenoFacturador" nillable="true" type="tns:PFE_EPF_Empresa_PequenoFacturador"/>
  <xs:complexType name="ArrayOfPMO_Parametros_Modulo">
    <xs:sequence>
      <xs:element minOccurs="0" maxOccurs="unbounded" name="PMO_Parametros_Modulo" nillable="true" type="tns:PMO_Parametros_Modulo"/>
    </xs:sequence>
  </xs:complexType>
  <xs:element name="ArrayOfPMO_Parametros_Modulo" nillable="true" type="tns:ArrayOfPMO_Parametros_Modulo"/>
  <xs:complexType name="PMO_Parametros_Modulo">
    <xs:sequence>
      <xs:element minOccurs="0" name="EMP_Empresa" nillable="true" type="tns:EMP_Empresa"/>
      <xs:element minOccurs="0" name="emp_id_empresa" type="xs:int"/>
      <xs:element minOccurs="0" name="pmo_aceptacion_tacita" nillable="true" type="xs:boolean"/>
      <xs:element minOccurs="0" name="pmo_ambiente_DianV2" nillable="true" type="xs:int"/>
      <xs:element minOccurs="0" name="pmo_canales_carga_de" nillable="true" type="xs:string"/>
      <xs:element minOccurs="0" name="pmo_cantidad_ctas_vip" type="xs:int"/>
      <xs:element minOccurs="0" name="pmo_comprobantecon_iframe" nillable="true" type="xs:boolean"/>
      <xs:element minOccurs="0" name="pmo_id_parametros" type="xs:int"/>
      <xs:element minOccurs="0" name="pmo_numero_hilos_sonda_carga" nillable="true" type="xs:int"/>
      <xs:element minOccurs="0" name="pmo_numero_hilos_sonda_envio_DianV2" nillable="true" type="xs:int"/>
      <xs:element minOccurs="0" name="pmo_numero_hilos_sonda_envio_cliente" nillable="true" type="xs:int"/>
      <xs:element minOccurs="0" name="pmo_permitir_anexos" nillable="true" type="xs:boolean"/>
      <xs:element minOccurs="0" name="pmo_permitir_vip" type="xs:boolean"/>
      <xs:element minOccurs="0" name="pmo_plan_envio_sms" nillable="true" type="xs:boolean"/>
      <xs:element minOccurs="0" name="pmo_ruta_estilos" nillable="true" type="xs:string"/>
      <xs:element minOccurs="0" name="pmo_ruta_estilos_piv" nillable="true" type="xs:string"/>
      <xs:element minOccurs="0" name="pmo_url_inicio" nillable="true" type="xs:string"/>
      <xs:element minOccurs="0" name="pmo_version_sonda" nillable="true" type="xs:string"/>
      <xs:element minOccurs="0" name="pmo_version_sonda_envio_DianV2" nillable="true" type="xs:string"/>
      <xs:element minOccurs="0" name="pmo_version_sonda_envio_cliente" nillable="true" type="xs:string"/>
    </xs:sequence>
  </xs:complexType>
  <xs:element name="PMO_Parametros_Modulo" nillable="true" type="tns:PMO_Parametros_Modulo"/>
  <xs:complexType name="ArrayOfPRE_PoliticasRecurrencia">
    <xs:sequence>
      <xs:element minOccurs="0" maxOccurs="unbounded" name="PRE_PoliticasRecurrencia" nillable="true" type="tns:PRE_PoliticasRecurrencia"/>
    </xs:sequence>
  </xs:complexType>
  <xs:element name="ArrayOfPRE_PoliticasRecurrencia" nillable="true" type="tns:ArrayOfPRE_PoliticasRecurrencia"/>
  <xs:complexType name="PRE_PoliticasRecurrencia">
    <xs:sequence>
      <xs:element minOccurs="0" name="CFD_cfd_informacion" nillable="true" type="tns:ArrayOfCFD_cfd_informacion"/>
      <xs:element minOccurs="0" name="EMP_Empresa" nillable="true" type="tns:EMP_Empresa"/>
      <xs:element minOccurs="0" name="EPR_EstadosPoliticasRecurrencia" nillable="true" type="tns:EPR_EstadosPoliticasRecurrencia"/>
      <xs:element minOccurs="0" name="EPR_EstadosPoliticasRecurrencia1" nillable="true" type="tns:EPR_EstadosPoliticasRecurrencia1"/>
      <xs:element minOccurs="0" name="ICR_InformacionConceptosRecurrentes" nillable="true" type="tns:ArrayOfICR_InformacionConceptosRecurrentes"/>
      <xs:element minOccurs="0" name="SPO_SuscripcionesPoliticasRecurrencia" nillable="true" type="tns:ArrayOfSPO_SuscripcionesPoliticasRecurrencia"/>
      <xs:element minOccurs="0" name="TPE_TipoPeriodos" nillable="true" type="tns:TPE_TipoPeriodos"/>
      <xs:element minOccurs="0" name="epr_id_estado" nillable="true" type="xs:int"/>
      <xs:element minOccurs="0" name="pre_Emp_id_empresa" nillable="true" type="xs:int"/>
      <xs:element minOccurs="0" name="pre_cantidad_fact" nillable="true" type="xs:int"/>
      <xs:element minOccurs="0" name="pre_descipcion" nillable="true" type="xs:string"/>
      <xs:element minOccurs="0" name="pre_dia_facturacion" nillable="true" type="xs:unsignedByte"/>
      <xs:element minOccurs="0" name="pre_id_politica" type="xs:int"/>
      <xs:element minOccurs="0" name="pre_tiempo_fin" nillable="true" type="xs:int"/>
      <xs:element minOccurs="0" name="pre_tipo_fecha_fact" type="xs:boolean"/>
      <xs:element minOccurs="0" name="pre_tipo_fin" type="xs:unsignedByte"/>
      <xs:element minOccurs="0" name="tpe_id_tipo" type="xs:int"/>
    </xs:sequence>
  </xs:complexType>
  <xs:element name="PRE_PoliticasRecurrencia" nillable="true" type="tns:PRE_PoliticasRecurrencia"/>
  <xs:complexType name="EPR_EstadosPoliticasRecurrencia">
    <xs:sequence>
      <xs:element minOccurs="0" name="PRE_PoliticasRecurrencia" nillable="true" type="tns:ArrayOfPRE_PoliticasRecurrencia"/>
      <xs:element minOccurs="0" name="epr_id_estado" type="xs:int"/>
      <xs:element minOccurs="0" name="epr_nombre" nillable="true" type="xs:string"/>
    </xs:sequence>
  </xs:complexType>
  <xs:element name="EPR_EstadosPoliticasRecurrencia" nillable="true" type="tns:EPR_EstadosPoliticasRecurrencia"/>
  <xs:complexType name="EPR_EstadosPoliticasRecurrencia1">
    <xs:sequence>
      <xs:element minOccurs="0" name="PRE_PoliticasRecurrencia" nillable="true" type="tns:ArrayOfPRE_PoliticasRecurrencia"/>
      <xs:element minOccurs="0" name="epr_id_estado" type="xs:int"/>
      <xs:element minOccurs="0" name="epr_nombre" nillable="true" type="xs:string"/>
    </xs:sequence>
  </xs:complexType>
  <xs:element name="EPR_EstadosPoliticasRecurrencia1" nillable="true" type="tns:EPR_EstadosPoliticasRecurrencia1"/>
  <xs:complexType name="ArrayOfICR_InformacionConceptosRecurrentes">
    <xs:sequence>
      <xs:element minOccurs="0" maxOccurs="unbounded" name="ICR_InformacionConceptosRecurrentes" nillable="true" type="tns:ICR_InformacionConceptosRecurrentes"/>
    </xs:sequence>
  </xs:complexType>
  <xs:element name="ArrayOfICR_InformacionConceptosRecurrentes" nillable="true" type="tns:ArrayOfICR_InformacionConceptosRecurrentes"/>
  <xs:complexType name="ICR_InformacionConceptosRecurrentes">
    <xs:sequence>
      <xs:element minOccurs="0" name="PRE_PoliticasRecurrencia" nillable="true" type="tns:PRE_PoliticasRecurrencia"/>
      <xs:element minOccurs="0" name="icr_cantidad" type="xs:decimal"/>
      <xs:element minOccurs="0" name="icr_id_concepto_rec" type="xs:int"/>
      <xs:element minOccurs="0" name="icr_tipo" type="xs:int"/>
      <xs:element minOccurs="0" name="icr_valor_unitario" type="xs:decimal"/>
      <xs:element minOccurs="0" name="pos_id_productos" type="xs:int"/>
      <xs:element minOccurs="0" name="pre_id_politica" type="xs:int"/>
    </xs:sequence>
  </xs:complexType>
  <xs:element name="ICR_InformacionConceptosRecurrentes" nillable="true" type="tns:ICR_InformacionConceptosRecurrentes"/>
  <xs:complexType name="ArrayOfSPO_SuscripcionesPoliticasRecurrencia">
    <xs:sequence>
      <xs:element minOccurs="0" maxOccurs="unbounded" name="SPO_SuscripcionesPoliticasRecurrencia" nillable="true" type="tns:SPO_SuscripcionesPoliticasRecurrencia"/>
    </xs:sequence>
  </xs:complexType>
  <xs:element name="ArrayOfSPO_SuscripcionesPoliticasRecurrencia" nillable="true" type="tns:ArrayOfSPO_SuscripcionesPoliticasRecurrencia"/>
  <xs:complexType name="SPO_SuscripcionesPoliticasRecurrencia">
    <xs:sequence>
      <xs:element minOccurs="0" name="CFD_cfd_informacion" nillable="true" type="tns:ArrayOfCFD_cfd_informacion"/>
      <xs:element minOccurs="0" name="ESR_Estados_Suscripciones_Recurrencias" nillable="true" type="tns:ESR_Estados_Suscripciones_Recurrencias"/>
      <xs:element minOccurs="0" name="PRE_PoliticasRecurrencia" nillable="true" type="tns:PRE_PoliticasRecurrencia"/>
      <xs:element minOccurs="0" name="esr_id_estado" nillable="true" type="xs:int"/>
      <xs:element minOccurs="0" name="pre_id_politica" type="xs:int"/>
      <xs:element minOccurs="0" name="spo_fecha_suscripcion" type="xs:dateTime"/>
      <xs:element minOccurs="0" name="spo_id_suscripcion" type="xs:int"/>
    </xs:sequence>
  </xs:complexType>
  <xs:element name="SPO_SuscripcionesPoliticasRecurrencia" nillable="true" type="tns:SPO_SuscripcionesPoliticasRecurrencia"/>
  <xs:complexType name="ESR_Estados_Suscripciones_Recurrencias">
    <xs:sequence>
      <xs:element minOccurs="0" name="SPO_SuscripcionesPoliticasRecurrencia" nillable="true" type="tns:ArrayOfSPO_SuscripcionesPoliticasRecurrencia"/>
      <xs:element minOccurs="0" name="esr_id_estado" type="xs:int"/>
      <xs:element minOccurs="0" name="esr_nombre_estado" nillable="true" type="xs:string"/>
    </xs:sequence>
  </xs:complexType>
  <xs:element name="ESR_Estados_Suscripciones_Recurrencias" nillable="true" type="tns:ESR_Estados_Suscripciones_Recurrencias"/>
  <xs:complexType name="TPE_TipoPeriodos">
    <xs:sequence>
      <xs:element minOccurs="0" name="PRE_PoliticasRecurrencia" nillable="true" type="tns:ArrayOfPRE_PoliticasRecurrencia"/>
      <xs:element minOccurs="0" name="tpe_id_tipo" type="xs:int"/>
      <xs:element minOccurs="0" name="tpe_nombre" nillable="true" type="xs:string"/>
    </xs:sequence>
  </xs:complexType>
  <xs:element name="TPE_TipoPeriodos" nillable="true" type="tns:TPE_TipoPeriodos"/>
  <xs:complexType name="ArrayOfPRO_Proveedores">
    <xs:sequence>
      <xs:element minOccurs="0" maxOccurs="unbounded" name="PRO_Proveedores" nillable="true" type="tns:PRO_Proveedores"/>
    </xs:sequence>
  </xs:complexType>
  <xs:element name="ArrayOfPRO_Proveedores" nillable="true" type="tns:ArrayOfPRO_Proveedores"/>
  <xs:complexType name="PRO_Proveedores">
    <xs:sequence>
      <xs:element minOccurs="0" name="EMP_Empresa" nillable="true" type="tns:EMP_Empresa"/>
      <xs:element minOccurs="0" name="EMP_Empresa1" nillable="true" type="tns:EMP_Empresa"/>
      <xs:element minOccurs="0" name="Emp_RFC" nillable="true" type="xs:string"/>
      <xs:element minOccurs="0" name="Emp_id_empresa" nillable="true" type="xs:int"/>
      <xs:element minOccurs="0" name="Emp_id_empresa_pro" nillable="true" type="xs:int"/>
      <xs:element minOccurs="0" name="PES_Proveedores_Estados" nillable="true" type="tns:PES_Proveedores_Estados"/>
      <xs:element minOccurs="0" name="PRN_Proveedores_Naturaleza" nillable="true" type="tns:PRN_Proveedores_Naturaleza"/>
      <xs:element minOccurs="0" name="PTS_Proveedores_Tipo_Sociedad" nillable="true" type="tns:PTS_Proveedores_Tipo_Sociedad"/>
      <xs:element minOccurs="0" name="pes_id_estado" nillable="true" type="xs:int"/>
      <xs:element minOccurs="0" name="prn_id_naturaleza_juridica" nillable="true" type="xs:int"/>
      <xs:element minOccurs="0" name="pro_DiaLimiteRadicacion" nillable="true" type="xs:int"/>
      <xs:element minOccurs="0" name="pro_GenerarTXT" nillable="true" type="xs:boolean"/>
      <xs:element minOccurs="0" name="pro_correo_aceptacion" nillable="true" type="xs:string"/>
      <xs:element minOccurs="0" name="pro_correo_contabilizacion" nillable="true" type="xs:string"/>
      <xs:element minOccurs="0" name="pro_correo_rechazo" nillable="true" type="xs:string"/>
      <xs:element minOccurs="0" name="pro_creado_automaticamente" nillable="true" type="xs:boolean"/>
      <xs:element minOccurs="0" name="pro_datos_conexion" nillable="true" type="xs:string"/>
      <xs:element minOccurs="0" name="pro_excluido_docReferencia" nillable="true" type="xs:boolean"/>
      <xs:element minOccurs="0" name="pro_excluido_regnegocio" nillable="true" type="xs:boolean"/>
      <xs:element minOccurs="0" name="pro_id_proveedor" type="xs:int"/>
      <xs:element minOccurs="0" name="pro_info_tributaria" nillable="true" type="xs:string"/>
      <xs:element minOccurs="0" name="pro_nombres_validos" nillable="true" type="xs:string"/>
      <xs:element minOccurs="0" name="pro_otros_correos" nillable="true" type="xs:string"/>
      <xs:element minOccurs="0" name="pro_radica_validacionPrevia" nillable="true" type="xs:boolean"/>
      <xs:element minOccurs="0" name="pts_id_tipo_Sociedad" nillable="true" type="xs:int"/>
    </xs:sequence>
  </xs:complexType>
  <xs:element name="PRO_Proveedores" nillable="true" type="tns:PRO_Proveedores"/>
  <xs:complexType name="PES_Proveedores_Estados">
    <xs:sequence>
      <xs:element minOccurs="0" name="PRO_Proveedores" nillable="true" type="tns:ArrayOfPRO_Proveedores"/>
      <xs:element minOccurs="0" name="pes_id_Estado" type="xs:int"/>
      <xs:element minOccurs="0" name="pes_nombre_estado" nillable="true" type="xs:string"/>
    </xs:sequence>
  </xs:complexType>
  <xs:element name="PES_Proveedores_Estados" nillable="true" type="tns:PES_Proveedores_Estados"/>
  <xs:complexType name="PRN_Proveedores_Naturaleza">
    <xs:sequence>
      <xs:element minOccurs="0" name="PRO_Proveedores" nillable="true" type="tns:ArrayOfPRO_Proveedores"/>
      <xs:element minOccurs="0" name="prn_id_naturaleza_juridica" type="xs:int"/>
      <xs:element minOccurs="0" name="prn_nombre_naturaleza" nillable="true" type="xs:string"/>
    </xs:sequence>
  </xs:complexType>
  <xs:element name="PRN_Proveedores_Naturaleza" nillable="true" type="tns:PRN_Proveedores_Naturaleza"/>
  <xs:complexType name="PTS_Proveedores_Tipo_Sociedad">
    <xs:sequence>
      <xs:element minOccurs="0" name="PRO_Proveedores" nillable="true" type="tns:ArrayOfPRO_Proveedores"/>
      <xs:element minOccurs="0" name="pts_id_tipo_Sociedad" type="xs:int"/>
      <xs:element minOccurs="0" name="pts_nombre_sociedad" nillable="true" type="xs:string"/>
    </xs:sequence>
  </xs:complexType>
  <xs:element name="PTS_Proveedores_Tipo_Sociedad" nillable="true" type="tns:PTS_Proveedores_Tipo_Sociedad"/>
  <xs:complexType name="ArrayOfPRV_Parametros_envio">
    <xs:sequence>
      <xs:element minOccurs="0" maxOccurs="unbounded" name="PRV_Parametros_envio" nillable="true" type="tns:PRV_Parametros_envio"/>
    </xs:sequence>
  </xs:complexType>
  <xs:element name="ArrayOfPRV_Parametros_envio" nillable="true" type="tns:ArrayOfPRV_Parametros_envio"/>
  <xs:complexType name="PRV_Parametros_envio">
    <xs:sequence>
      <xs:element minOccurs="0" name="EMP_Empresa" nillable="true" type="tns:EMP_Empresa"/>
      <xs:element minOccurs="0" name="PRV_EMP_id_empresa" type="xs:int"/>
      <xs:element minOccurs="0" name="PRV_automatico" type="xs:boolean"/>
      <xs:element minOccurs="0" name="PRV_correo_envio" nillable="true" type="xs:string"/>
      <xs:element minOccurs="0" name="PRV_dia_envio" type="xs:int"/>
      <xs:element minOccurs="0" name="PRV_id_parametro_envio" type="xs:int"/>
      <xs:element minOccurs="0" name="prv_correo_DIAN" nillable="true" type="xs:string"/>
    </xs:sequence>
  </xs:complexType>
  <xs:element name="PRV_Parametros_envio" nillable="true" type="tns:PRV_Parametros_envio"/>
  <xs:complexType name="ArrayOfPSD_parametros_sellos_digitales">
    <xs:sequence>
      <xs:element minOccurs="0" maxOccurs="unbounded" name="PSD_parametros_sellos_digitales" nillable="true" type="tns:PSD_parametros_sellos_digitales"/>
    </xs:sequence>
  </xs:complexType>
  <xs:element name="ArrayOfPSD_parametros_sellos_digitales" nillable="true" type="tns:ArrayOfPSD_parametros_sellos_digitales"/>
  <xs:complexType name="PSD_parametros_sellos_digitales">
    <xs:sequence>
      <xs:element minOccurs="0" name="EMP_Empresa" nillable="true" type="tns:EMP_Empresa"/>
      <xs:element minOccurs="0" name="PSD_Emp_id_empresa" type="xs:int"/>
      <xs:element minOccurs="0" name="PSD_contraseña_certificado" nillable="true" type="xs:string"/>
      <xs:element minOccurs="0" name="PSD_id_parametro" type="xs:int"/>
      <xs:element minOccurs="0" name="PSD_ruta_certificado" nillable="true" type="xs:string"/>
      <xs:element minOccurs="0" name="PSD_ruta_llave" nillable="true" type="xs:string"/>
      <xs:element minOccurs="0" name="PSD_vigencia_certificado" type="xs:dateTime"/>
    </xs:sequence>
  </xs:complexType>
  <xs:element name="PSD_parametros_sellos_digitales" nillable="true" type="tns:PSD_parametros_sellos_digitales"/>
  <xs:complexType name="ArrayOfPTCOUT_ParametrosFTPOUT">
    <xs:sequence>
      <xs:element minOccurs="0" maxOccurs="unbounded" name="PTCOUT_ParametrosFTPOUT" nillable="true" type="tns:PTCOUT_ParametrosFTPOUT"/>
    </xs:sequence>
  </xs:complexType>
  <xs:element name="ArrayOfPTCOUT_ParametrosFTPOUT" nillable="true" type="tns:ArrayOfPTCOUT_ParametrosFTPOUT"/>
  <xs:complexType name="PTCOUT_ParametrosFTPOUT">
    <xs:sequence>
      <xs:element minOccurs="0" name="EMP_Empresa" nillable="true" type="tns:EMP_Empresa"/>
      <xs:element minOccurs="0" name="Emp_id_empresa" type="xs:int"/>
      <xs:element minOccurs="0" name="PFTPOUT_enable_ssl" type="xs:boolean"/>
      <xs:element minOccurs="0" name="PFTPOUT_host" nillable="true" type="xs:string"/>
      <xs:element minOccurs="0" name="PFTPOUT_host_port" nillable="true" type="xs:string"/>
      <xs:element minOccurs="0" name="PFTPOUT_id_parametro" type="xs:int"/>
      <xs:element minOccurs="0" name="PFTPOUT_in_dir" nillable="true" type="xs:string"/>
      <xs:element minOccurs="0" name="PFTPOUT_keepalive" type="xs:boolean"/>
      <xs:element minOccurs="0" name="PFTPOUT_out_dir" nillable="true" type="xs:string"/>
      <xs:element minOccurs="0" name="PFTPOUT_pass_ftp" nillable="true" type="xs:string"/>
      <xs:element minOccurs="0" name="PFTPOUT_root_dir" nillable="true" type="xs:string"/>
      <xs:element minOccurs="0" name="PFTPOUT_use_passive" type="xs:boolean"/>
      <xs:element minOccurs="0" name="PFTPOUT_user_ftp" nillable="true" type="xs:string"/>
      <xs:element minOccurs="0" name="PTC_id_protocolo" type="xs:int"/>
    </xs:sequence>
  </xs:complexType>
  <xs:element name="PTCOUT_ParametrosFTPOUT" nillable="true" type="tns:PTCOUT_ParametrosFTPOUT"/>
  <xs:complexType name="ArrayOfPTC_ParametrosFTP">
    <xs:sequence>
      <xs:element minOccurs="0" maxOccurs="unbounded" name="PTC_ParametrosFTP" nillable="true" type="tns:PTC_ParametrosFTP"/>
    </xs:sequence>
  </xs:complexType>
  <xs:element name="ArrayOfPTC_ParametrosFTP" nillable="true" type="tns:ArrayOfPTC_ParametrosFTP"/>
  <xs:complexType name="PTC_ParametrosFTP">
    <xs:sequence>
      <xs:element minOccurs="0" name="EMP_Empresa" nillable="true" type="tns:EMP_Empresa"/>
      <xs:element minOccurs="0" name="EMP_id_empresa" type="xs:int"/>
      <xs:element minOccurs="0" name="PFTP_enable_ssl" type="xs:boolean"/>
      <xs:element minOccurs="0" name="PFTP_host" nillable="true" type="xs:string"/>
      <xs:element minOccurs="0" name="PFTP_host_port" nillable="true" type="xs:string"/>
      <xs:element minOccurs="0" name="PFTP_id_parametro" type="xs:int"/>
      <xs:element minOccurs="0" name="PFTP_in_dir" nillable="true" type="xs:string"/>
      <xs:element minOccurs="0" name="PFTP_keepalive" type="xs:boolean"/>
      <xs:element minOccurs="0" name="PFTP_out_dir" nillable="true" type="xs:string"/>
      <xs:element minOccurs="0" name="PFTP_pass_ftp" nillable="true" type="xs:string"/>
      <xs:element minOccurs="0" name="PFTP_root_dir" nillable="true" type="xs:string"/>
      <xs:element minOccurs="0" name="PFTP_use_passive" type="xs:boolean"/>
      <xs:element minOccurs="0" name="PFTP_user_ftp" nillable="true" type="xs:string"/>
      <xs:element minOccurs="0" name="PTC_Protocolo" nillable="true" type="tns:PTC_Protocolo"/>
      <xs:element minOccurs="0" name="PTC_id_protocolo" type="xs:int"/>
    </xs:sequence>
  </xs:complexType>
  <xs:element name="PTC_ParametrosFTP" nillable="true" type="tns:PTC_ParametrosFTP"/>
  <xs:complexType name="PTC_Protocolo">
    <xs:sequence>
      <xs:element minOccurs="0" name="PTC_ParametrosFTPs" nillable="true" type="tns:ArrayOfPTC_ParametrosFTP"/>
      <xs:element minOccurs="0" name="PTC_code_protocolo" nillable="true" type="xs:string"/>
      <xs:element minOccurs="0" name="PTC_descripcion_proto" nillable="true" type="xs:string"/>
      <xs:element minOccurs="0" name="PTC_id_protocolo" type="xs:int"/>
    </xs:sequence>
  </xs:complexType>
  <xs:element name="PTC_Protocolo" nillable="true" type="tns:PTC_Protocolo"/>
  <xs:complexType name="ArrayOfPXF_pagos_x_factura">
    <xs:sequence>
      <xs:element minOccurs="0" maxOccurs="unbounded" name="PXF_pagos_x_factura" nillable="true" type="tns:PXF_pagos_x_factura"/>
    </xs:sequence>
  </xs:complexType>
  <xs:element name="ArrayOfPXF_pagos_x_factura" nillable="true" type="tns:ArrayOfPXF_pagos_x_factura"/>
  <xs:complexType name="PXF_pagos_x_factura">
    <xs:sequence>
      <xs:element minOccurs="0" name="CFD_cfd_informacion" nillable="true" type="tns:CFD_cfd_informacion"/>
      <xs:element minOccurs="0" name="CFD_id_cfd" type="xs:int"/>
      <xs:element minOccurs="0" name="EMP_Empresa" nillable="true" type="tns:EMP_Empresa"/>
      <xs:element minOccurs="0" name="Emp_id_empresa" type="xs:int"/>
      <xs:element minOccurs="0" name="PFX_fecha_notificacion_ERP" nillable="true" type="xs:dateTime"/>
      <xs:element minOccurs="0" name="PXF_TRM_pago" nillable="true" type="xs:decimal"/>
      <xs:element minOccurs="0" name="PXF_fecha_pago" type="xs:dateTime"/>
      <xs:element minOccurs="0" name="PXF_id_pago" type="xs:int"/>
      <xs:element minOccurs="0" name="PXF_notificacion_ERP" type="xs:boolean"/>
      <xs:element minOccurs="0" name="PXF_referencia_pago1" nillable="true" type="xs:string"/>
      <xs:element minOccurs="0" name="PXF_referencia_pago2" nillable="true" type="xs:string"/>
      <xs:element minOccurs="0" name="PXF_valor_otros_descuentos" nillable="true" type="xs:decimal"/>
      <xs:element minOccurs="0" name="PXF_valor_pago" type="xs:decimal"/>
      <xs:element minOccurs="0" name="PXF_valor_retencion_fuente" nillable="true" type="xs:decimal"/>
      <xs:element minOccurs="0" name="PXF_valor_retencion_ica" nillable="true" type="xs:decimal"/>
      <xs:element minOccurs="0" name="PXF_valor_retencion_iva" nillable="true" type="xs:decimal"/>
    </xs:sequence>
  </xs:complexType>
  <xs:element name="PXF_pagos_x_factura" nillable="true" type="tns:PXF_pagos_x_factura"/>
  <xs:complexType name="ArrayOfREC_EmpresasRecibe">
    <xs:sequence>
      <xs:element minOccurs="0" maxOccurs="unbounded" name="REC_EmpresasRecibe" nillable="true" type="tns:REC_EmpresasRecibe"/>
    </xs:sequence>
  </xs:complexType>
  <xs:element name="ArrayOfREC_EmpresasRecibe" nillable="true" type="tns:ArrayOfREC_EmpresasRecibe"/>
  <xs:complexType name="ArrayOfRPT_Relacion_Tercero_Pagador">
    <xs:sequence>
      <xs:element minOccurs="0" maxOccurs="unbounded" name="RPT_Relacion_Tercero_Pagador" nillable="true" type="tns:RPT_Relacion_Tercero_Pagador"/>
    </xs:sequence>
  </xs:complexType>
  <xs:element name="ArrayOfRPT_Relacion_Tercero_Pagador" nillable="true" type="tns:ArrayOfRPT_Relacion_Tercero_Pagador"/>
  <xs:complexType name="RPT_Relacion_Tercero_Pagador">
    <xs:sequence>
      <xs:element minOccurs="0" name="EMP_Empresa" nillable="true" type="tns:EMP_Empresa"/>
      <xs:element minOccurs="0" name="EMP_Empresa1" nillable="true" type="tns:EMP_Empresa"/>
      <xs:element minOccurs="0" name="EMP_Empresa2" nillable="true" type="tns:EMP_Empresa"/>
      <xs:element minOccurs="0" name="Emp_id_empresaPagadora" type="xs:int"/>
      <xs:element minOccurs="0" name="Emp_id_empresaProveedor" type="xs:int"/>
      <xs:element minOccurs="0" name="Emp_id_empresaReceptorVirtual" type="xs:int"/>
      <xs:element minOccurs="0" name="rpt_creado_automaticamente" nillable="true" type="xs:boolean"/>
      <xs:element minOccurs="0" name="rpt_fecha_creacion" nillable="true" type="xs:dateTime"/>
      <xs:element minOccurs="0" name="rpt_id_relacion_tercero_pagador" type="xs:int"/>
      <xs:element minOccurs="0" name="rpt_inactivo" nillable="true" type="xs:boolean"/>
      <xs:element minOccurs="0" name="rpt_usuario_creacion" nillable="true" type="xs:string"/>
    </xs:sequence>
  </xs:complexType>
  <xs:element name="RPT_Relacion_Tercero_Pagador" nillable="true" type="tns:RPT_Relacion_Tercero_Pagador"/>
  <xs:complexType name="ArrayOfRSG_Reglas_Seguridad">
    <xs:sequence>
      <xs:element minOccurs="0" maxOccurs="unbounded" name="RSG_Reglas_Seguridad" nillable="true" type="tns:RSG_Reglas_Seguridad"/>
    </xs:sequence>
  </xs:complexType>
  <xs:element name="ArrayOfRSG_Reglas_Seguridad" nillable="true" type="tns:ArrayOfRSG_Reglas_Seguridad"/>
  <xs:complexType name="RSG_Reglas_Seguridad">
    <xs:sequence>
      <xs:element minOccurs="0" name="EMP_Empresa" nillable="true" type="tns:EMP_Empresa"/>
      <xs:element minOccurs="0" name="EMP_id_empresa" type="xs:int"/>
      <xs:element minOccurs="0" name="RSG_id_regla_seguridad" type="xs:int"/>
      <xs:element minOccurs="0" name="RSG_verificacion_endoso_pagador" type="xs:boolean"/>
    </xs:sequence>
  </xs:complexType>
  <xs:element name="RSG_Reglas_Seguridad" nillable="true" type="tns:RSG_Reglas_Seguridad"/>
  <xs:complexType name="ArrayOfRUBR_Rubros_Recepcion">
    <xs:sequence>
      <xs:element minOccurs="0" maxOccurs="unbounded" name="RUBR_Rubros_Recepcion" nillable="true" type="tns:RUBR_Rubros_Recepcion"/>
    </xs:sequence>
  </xs:complexType>
  <xs:element name="ArrayOfRUBR_Rubros_Recepcion" nillable="true" type="tns:ArrayOfRUBR_Rubros_Recepcion"/>
  <xs:complexType name="ArrayOfSOF_SoftwareXEmpresa">
    <xs:sequence>
      <xs:element minOccurs="0" maxOccurs="unbounded" name="SOF_SoftwareXEmpresa" nillable="true" type="tns:SOF_SoftwareXEmpresa"/>
    </xs:sequence>
  </xs:complexType>
  <xs:element name="ArrayOfSOF_SoftwareXEmpresa" nillable="true" type="tns:ArrayOfSOF_SoftwareXEmpresa"/>
  <xs:complexType name="SOF_SoftwareXEmpresa">
    <xs:sequence>
      <xs:element minOccurs="0" name="EMP_Empresa" nillable="true" type="tns:EMP_Empresa"/>
      <xs:element minOccurs="0" name="Emp_id_empresa" type="xs:int"/>
      <xs:element minOccurs="0" name="SOF_Activo_eBILL" type="xs:boolean"/>
      <xs:element minOccurs="0" name="SOF_Estado_DIAN_Software" nillable="true" type="xs:string"/>
      <xs:element minOccurs="0" name="SOF_FechaEstado" type="xs:dateTime"/>
      <xs:element minOccurs="0" name="SOF_IDE_DIAN_Software" nillable="true" type="xs:string"/>
      <xs:element minOccurs="0" name="SOF_Id_software" type="xs:int"/>
      <xs:element minOccurs="0" name="SOF_Nombre_Software" nillable="true" type="xs:string"/>
      <xs:element minOccurs="0" name="SOF_PIN" nillable="true" type="xs:string"/>
      <xs:element minOccurs="0" name="SOF_Password_Software" nillable="true" type="xs:string"/>
      <xs:element minOccurs="0" name="SOF_TestSetId_Habilitacion_DianV2" nillable="true" type="xs:string"/>
      <xs:element minOccurs="0" name="SOF_URL_DIAN" nillable="true" type="xs:string"/>
      <xs:element minOccurs="0" name="SOF_Usuario" nillable="true" type="xs:string"/>
    </xs:sequence>
  </xs:complexType>
  <xs:element name="SOF_SoftwareXEmpresa" nillable="true" type="tns:SOF_SoftwareXEmpresa"/>
  <xs:complexType name="ArrayOfSTA_Stages">
    <xs:sequence>
      <xs:element minOccurs="0" maxOccurs="unbounded" name="STA_Stages" nillable="true" type="tns:STA_Stages"/>
    </xs:sequence>
  </xs:complexType>
  <xs:element name="ArrayOfSTA_Stages" nillable="true" type="tns:ArrayOfSTA_Stages"/>
  <xs:complexType name="ArrayOfTGA_TipoGasto">
    <xs:sequence>
      <xs:element minOccurs="0" maxOccurs="unbounded" name="TGA_TipoGasto" nillable="true" type="tns:TGA_TipoGasto"/>
    </xs:sequence>
  </xs:complexType>
  <xs:element name="ArrayOfTGA_TipoGasto" nillable="true" type="tns:ArrayOfTGA_TipoGasto"/>
  <xs:complexType name="ArrayOfTTI_tipo_impuesto">
    <xs:sequence>
      <xs:element minOccurs="0" maxOccurs="unbounded" name="TTI_tipo_impuesto" nillable="true" type="tns:TTI_tipo_impuesto"/>
    </xs:sequence>
  </xs:complexType>
  <xs:element name="ArrayOfTTI_tipo_impuesto" nillable="true" type="tns:ArrayOfTTI_tipo_impuesto"/>
  <xs:complexType name="ArrayOfUNI_UnidadesMedida">
    <xs:sequence>
      <xs:element minOccurs="0" maxOccurs="unbounded" name="UNI_UnidadesMedida" nillable="true" type="tns:UNI_UnidadesMedida"/>
    </xs:sequence>
  </xs:complexType>
  <xs:element name="ArrayOfUNI_UnidadesMedida" nillable="true" type="tns:ArrayOfUNI_UnidadesMedida"/>
  <xs:complexType name="ArrayOfVEF_Vinculacion_Entidad_Financiera">
    <xs:sequence>
      <xs:element minOccurs="0" maxOccurs="unbounded" name="VEF_Vinculacion_Entidad_Financiera" nillable="true" type="tns:VEF_Vinculacion_Entidad_Financiera"/>
    </xs:sequence>
  </xs:complexType>
  <xs:element name="ArrayOfVEF_Vinculacion_Entidad_Financiera" nillable="true" type="tns:ArrayOfVEF_Vinculacion_Entidad_Financiera"/>
  <xs:complexType name="VEF_Vinculacion_Entidad_Financiera">
    <xs:sequence>
      <xs:element minOccurs="0" name="EMP_Empresa" nillable="true" type="tns:EMP_Empresa"/>
      <xs:element minOccurs="0" name="Emp_id_empresa" type="xs:int"/>
      <xs:element minOccurs="0" name="VEF_Clase_Empresa" nillable="true" type="xs:string"/>
      <xs:element minOccurs="0" name="VEF_Direccion_Ubicacion_RL" nillable="true" type="xs:string"/>
      <xs:element minOccurs="0" name="VEF_Fecha_Corte_Financiero" nillable="true" type="xs:dateTime"/>
      <xs:element minOccurs="0" name="VEF_Informacion_Comercial" nillable="true" type="xs:boolean"/>
      <xs:element minOccurs="0" name="VEF_Lugar_Expedicion_RL" nillable="true" type="xs:string"/>
      <xs:element minOccurs="0" name="VEF_Nombre_RL" nillable="true" type="xs:string"/>
      <xs:element minOccurs="0" name="VEF_NumeroEmpleados" nillable="true" type="xs:string"/>
      <xs:element minOccurs="0" name="VEF_Numero_Identificacion_RL" nillable="true" type="xs:string"/>
      <xs:element minOccurs="0" name="VEF_Producto_Solicitado" nillable="true" type="xs:string"/>
      <xs:element minOccurs="0" name="VEF_Reporte_Direccion_Electronica" nillable="true" type="xs:boolean"/>
      <xs:element minOccurs="0" name="VEF_Responsable_Fiscal_Exterior" nillable="true" type="xs:boolean"/>
      <xs:element minOccurs="0" name="VEF_Tipo_Empresa" nillable="true" type="xs:string"/>
      <xs:element minOccurs="0" name="VEF_Tipo_Identificacion_RL" nillable="true" type="xs:string"/>
      <xs:element minOccurs="0" name="VEF_Total_Activos" nillable="true" type="xs:decimal"/>
      <xs:element minOccurs="0" name="VEF_Total_Egresos_Mensuales" nillable="true" type="xs:decimal"/>
      <xs:element minOccurs="0" name="VEF_Total_Ingresos_Mensuales" nillable="true" type="xs:decimal"/>
      <xs:element minOccurs="0" name="VEF_Total_Pasivos" nillable="true" type="xs:decimal"/>
      <xs:element minOccurs="0" name="VEF_id_Vinculacion_Entidad_Financiera" type="xs:int"/>
    </xs:sequence>
  </xs:complexType>
  <xs:element name="VEF_Vinculacion_Entidad_Financiera" nillable="true" type="tns:VEF_Vinculacion_Entidad_Financiera"/>
  <xs:complexType name="ArrayOfVEN_Vendedores">
    <xs:sequence>
      <xs:element minOccurs="0" maxOccurs="unbounded" name="VEN_Vendedores" nillable="true" type="tns:VEN_Vendedores"/>
    </xs:sequence>
  </xs:complexType>
  <xs:element name="ArrayOfVEN_Vendedores" nillable="true" type="tns:ArrayOfVEN_Vendedores"/>
  <xs:complexType name="VEN_Vendedores">
    <xs:sequence>
      <xs:element minOccurs="0" name="CFD_cfd_informacion" nillable="true" type="tns:ArrayOfCFD_cfd_informacion"/>
      <xs:element minOccurs="0" name="EMP_Empresa" nillable="true" type="tns:EMP_Empresa"/>
      <xs:element minOccurs="0" name="VEN_Emp_id_empresa" nillable="true" type="xs:int"/>
      <xs:element minOccurs="0" name="VEN_codigo_int" nillable="true" type="xs:string"/>
      <xs:element minOccurs="0" name="VEN_comision_venta" type="xs:decimal"/>
      <xs:element minOccurs="0" name="VEN_id_vendedor" type="xs:int"/>
      <xs:element minOccurs="0" name="VEN_nombre" nillable="true" type="xs:string"/>
    </xs:sequence>
  </xs:complexType>
  <xs:element name="VEN_Vendedores" nillable="true" type="tns:VEN_Vendedores"/>
  <xs:complexType name="ArrayOfANE_AnexosXFactura">
    <xs:sequence>
      <xs:element minOccurs="0" maxOccurs="unbounded" name="ANE_AnexosXFactura" nillable="true" type="tns:ANE_AnexosXFactura"/>
    </xs:sequence>
  </xs:complexType>
  <xs:element name="ArrayOfANE_AnexosXFactura" nillable="true" type="tns:ArrayOfANE_AnexosXFactura"/>
  <xs:complexType name="ANE_AnexosXFactura">
    <xs:sequence>
      <xs:element minOccurs="0" name="ANE_Tamano" nillable="true" type="xs:decimal"/>
      <xs:element minOccurs="0" name="ANE_asunto_anexo" nillable="true" type="xs:string"/>
      <xs:element minOccurs="0" name="ANE_descripcion_larga" nillable="true" type="xs:string"/>
      <xs:element minOccurs="0" name="ANE_fecha_publicacion" nillable="true" type="xs:dateTime"/>
      <xs:element minOccurs="0" name="ANE_formato" nillable="true" type="xs:string"/>
      <xs:element minOccurs="0" name="ANE_id_anexo" type="xs:int"/>
      <xs:element minOccurs="0" name="ANE_lenguaje" nillable="true" type="xs:string"/>
      <xs:element minOccurs="0" name="ANE_mime_type" nillable="true" type="xs:string"/>
      <xs:element minOccurs="0" name="ANE_ruta_archivo" nillable="true" type="xs:string"/>
      <xs:element minOccurs="0" name="ANE_titulo_anexo" nillable="true" type="xs:string"/>
      <xs:element minOccurs="0" name="CFD_cfd_informacion" nillable="true" type="tns:CFD_cfd_informacion"/>
      <xs:element minOccurs="0" name="CFD_id_cfd" type="xs:int"/>
    </xs:sequence>
  </xs:complexType>
  <xs:element name="ANE_AnexosXFactura" nillable="true" type="tns:ANE_AnexosXFactura"/>
  <xs:complexType name="ENG_EstadosNegociacion">
    <xs:sequence>
      <xs:element minOccurs="0" name="CFD_cfd_informacion" nillable="true" type="tns:ArrayOfCFD_cfd_informacion"/>
      <xs:element minOccurs="0" name="ENG_descripcion" nillable="true" type="xs:string"/>
      <xs:element minOccurs="0" name="ENG_id_estado" type="xs:int"/>
    </xs:sequence>
  </xs:complexType>
  <xs:element name="ENG_EstadosNegociacion" nillable="true" type="tns:ENG_EstadosNegociacion"/>
  <xs:complexType name="ESI_EstadosIntegracion">
    <xs:sequence>
      <xs:element minOccurs="0" name="CFD_cfd_informacion" nillable="true" type="tns:ArrayOfCFD_cfd_informacion"/>
      <xs:element minOccurs="0" name="esi_descripcion" nillable="true" type="xs:string"/>
      <xs:element minOccurs="0" name="esi_id_estado_integra" type="xs:int"/>
    </xs:sequence>
  </xs:complexType>
  <xs:element name="ESI_EstadosIntegracion" nillable="true" type="tns:ESI_EstadosIntegracion"/>
  <xs:complexType name="ESTGE_EstadosDeGestion">
    <xs:sequence>
      <xs:element minOccurs="0" name="CFD_cfd_informacion" nillable="true" type="tns:ArrayOfCFD_cfd_informacion"/>
      <xs:element minOccurs="0" name="estge_descripcion" nillable="true" type="xs:string"/>
      <xs:element minOccurs="0" name="estge_id" type="xs:int"/>
    </xs:sequence>
  </xs:complexType>
  <xs:element name="ESTGE_EstadosDeGestion" nillable="true" type="tns:ESTGE_EstadosDeGestion"/>
  <xs:complexType name="ETP_Estados_Tramite_Pagos">
    <xs:sequence>
      <xs:element minOccurs="0" name="CFD_cfd_informacion" nillable="true" type="tns:ArrayOfCFD_cfd_informacion"/>
      <xs:element minOccurs="0" name="etp_id_estado" type="xs:int"/>
      <xs:element minOccurs="0" name="etp_nombre_estado" nillable="true" type="xs:string"/>
    </xs:sequence>
  </xs:complexType>
  <xs:element name="ETP_Estados_Tramite_Pagos" nillable="true" type="tns:ETP_Estados_Tramite_Pagos"/>
  <xs:complexType name="ArrayOfFV_ACC_AllowanceChargeCab">
    <xs:sequence>
      <xs:element minOccurs="0" maxOccurs="unbounded" name="FV_ACC_AllowanceChargeCab" nillable="true" type="tns:FV_ACC_AllowanceChargeCab"/>
    </xs:sequence>
  </xs:complexType>
  <xs:element name="ArrayOfFV_ACC_AllowanceChargeCab" nillable="true" type="tns:ArrayOfFV_ACC_AllowanceChargeCab"/>
  <xs:complexType name="FV_ACC_AllowanceChargeCab">
    <xs:sequence>
      <xs:element minOccurs="0" name="CFD_cfd_informacion" nillable="true" type="tns:CFD_cfd_informacion"/>
      <xs:element minOccurs="0" name="CFD_id_cfd" type="xs:int"/>
      <xs:element minOccurs="0" name="FCC_ACC_Amount_AllowanceChargeCab" nillable="true" type="xs:decimal"/>
      <xs:element minOccurs="0" name="FCC_ACC_MultiplierFactorNumeric_AllowanceChargeCab" nillable="true" type="xs:decimal"/>
      <xs:element minOccurs="0" name="FC_ACC_BaseAmount_AllowanceChargeCab" nillable="true" type="xs:decimal"/>
      <xs:element minOccurs="0" name="FV_ACC_ChargeIndicator_AllowanceChargeCab" nillable="true" type="xs:boolean"/>
      <xs:element minOccurs="0" name="FV_ACC_Code_AllowanceChargeCab" nillable="true" type="xs:string"/>
      <xs:element minOccurs="0" name="FV_ACC_Id_AllowanceChargeCab" type="xs:int"/>
      <xs:element minOccurs="0" name="FV_ACC_Reason_AllowanceChargeCab" nillable="true" type="xs:string"/>
    </xs:sequence>
  </xs:complexType>
  <xs:element name="FV_ACC_AllowanceChargeCab" nillable="true" type="tns:FV_ACC_AllowanceChargeCab"/>
  <xs:complexType name="ArrayOfHEA_Historico_EstadosAceptacion">
    <xs:sequence>
      <xs:element minOccurs="0" maxOccurs="unbounded" name="HEA_Historico_EstadosAceptacion" nillable="true" type="tns:HEA_Historico_EstadosAceptacion"/>
    </xs:sequence>
  </xs:complexType>
  <xs:element name="ArrayOfHEA_Historico_EstadosAceptacion" nillable="true" type="tns:ArrayOfHEA_Historico_EstadosAceptacion"/>
  <xs:complexType name="HEA_Historico_EstadosAceptacion">
    <xs:sequence>
      <xs:element minOccurs="0" name="CFD_cfd_informacion" nillable="true" type="tns:CFD_cfd_informacion"/>
      <xs:element minOccurs="0" name="CFD_id_cfd" type="xs:int"/>
      <xs:element minOccurs="0" name="ESA_Estados_Aceptacion" nillable="true" type="tns:ESA_Estados_Aceptacion"/>
      <xs:element minOccurs="0" name="Emp_id_empresa" type="xs:int"/>
      <xs:element minOccurs="0" name="esa_idEstado" nillable="true" type="xs:int"/>
      <xs:element minOccurs="0" name="fecha_creacion" nillable="true" type="xs:dateTime"/>
      <xs:element minOccurs="0" name="fecha_transaccion" nillable="true" type="xs:dateTime"/>
      <xs:element minOccurs="0" name="hea_id_HistoricoEstadosAceptacion" type="xs:int"/>
      <xs:element minOccurs="0" name="hea_tracking_id" nillable="true" type="xs:string"/>
    </xs:sequence>
  </xs:complexType>
  <xs:element name="HEA_Historico_EstadosAceptacion" nillable="true" type="tns:HEA_Historico_EstadosAceptacion"/>
  <xs:complexType name="ESA_Estados_Aceptacion">
    <xs:sequence>
      <xs:element minOccurs="0" name="HEA_Historico_EstadosAceptacion" nillable="true" type="tns:ArrayOfHEA_Historico_EstadosAceptacion"/>
      <xs:element minOccurs="0" name="esa_idEstado" type="xs:int"/>
      <xs:element minOccurs="0" name="esa_nombre" nillable="true" type="xs:string"/>
    </xs:sequence>
  </xs:complexType>
  <xs:element name="ESA_Estados_Aceptacion" nillable="true" type="tns:ESA_Estados_Aceptacion"/>
  <xs:complexType name="MPG_MetodoPago">
    <xs:sequence>
      <xs:element minOccurs="0" name="CFD_cfd_informacion" nillable="true" type="tns:ArrayOfCFD_cfd_informacion"/>
      <xs:element minOccurs="0" name="mpg_descripcion" nillable="true" type="xs:string"/>
      <xs:element minOccurs="0" name="mpg_id_metodo_pago" type="xs:int"/>
    </xs:sequence>
  </xs:complexType>
  <xs:element name="MPG_MetodoPago" nillable="true" type="tns:MPG_MetodoPago"/>
  <xs:complexType name="ArrayOfPFE_IPF_Informacion_Pequeno_Facturador">
    <xs:sequence>
      <xs:element minOccurs="0" maxOccurs="unbounded" name="PFE_IPF_Informacion_Pequeno_Facturador" nillable="true" type="tns:PFE_IPF_Informacion_Pequeno_Facturador"/>
    </xs:sequence>
  </xs:complexType>
  <xs:element name="ArrayOfPFE_IPF_Informacion_Pequeno_Facturador" nillable="true" type="tns:ArrayOfPFE_IPF_Informacion_Pequeno_Facturador"/>
  <xs:complexType name="PFE_IPF_Informacion_Pequeno_Facturador">
    <xs:sequence>
      <xs:element minOccurs="0" name="CFD_cfd_informacion" nillable="true" type="tns:CFD_cfd_informacion"/>
      <xs:element minOccurs="0" name="CFD_cfd_informacion1" nillable="true" type="tns:CFD_cfd_informacion"/>
      <xs:element minOccurs="0" name="CFD_id_cfd" type="xs:int"/>
      <xs:element minOccurs="0" name="Id_ETD_Estado_Tramite_Documento" nillable="true" type="xs:int"/>
      <xs:element minOccurs="0" name="Id_IPF_Informacion_Pequeno_Facturador" type="xs:int"/>
      <xs:element minOccurs="0" name="Id_Orden_Compra_Origen" nillable="true" type="xs:int"/>
      <xs:element minOccurs="0" name="PFE_ETD_Estado_Tramite_Documento" nillable="true" type="tns:PFE_ETD_Estado_Tramite_Documento"/>
      <xs:element minOccurs="0" name="PFE_HET_Historico_Estado_Tramite_Documentos" nillable="true" type="tns:ArrayOfPFE_HET_Historico_Estado_Tramite_Documento"/>
    </xs:sequence>
  </xs:complexType>
  <xs:element name="PFE_IPF_Informacion_Pequeno_Facturador" nillable="true" type="tns:PFE_IPF_Informacion_Pequeno_Facturador"/>
  <xs:complexType name="PFE_ETD_Estado_Tramite_Documento">
    <xs:sequence>
      <xs:element minOccurs="0" name="ETD_Nombre" nillable="true" type="xs:string"/>
      <xs:element minOccurs="0" name="Id_ETD_Estado_Tramite_Documento" type="xs:int"/>
      <xs:element minOccurs="0" name="PFE_HET_Historico_Estado_Tramite_Documentos" nillable="true" type="tns:ArrayOfPFE_HET_Historico_Estado_Tramite_Documento"/>
      <xs:element minOccurs="0" name="PFE_IPF_Informacion_Pequeno_Facturadors" nillable="true" type="tns:ArrayOfPFE_IPF_Informacion_Pequeno_Facturador"/>
    </xs:sequence>
  </xs:complexType>
  <xs:element name="PFE_ETD_Estado_Tramite_Documento" nillable="true" type="tns:PFE_ETD_Estado_Tramite_Documento"/>
  <xs:complexType name="ArrayOfPFE_HET_Historico_Estado_Tramite_Documento">
    <xs:sequence>
      <xs:element minOccurs="0" maxOccurs="unbounded" name="PFE_HET_Historico_Estado_Tramite_Documento" nillable="true" type="tns:PFE_HET_Historico_Estado_Tramite_Documento"/>
    </xs:sequence>
  </xs:complexType>
  <xs:element name="ArrayOfPFE_HET_Historico_Estado_Tramite_Documento" nillable="true" type="tns:ArrayOfPFE_HET_Historico_Estado_Tramite_Documento"/>
  <xs:complexType name="PFE_HET_Historico_Estado_Tramite_Documento">
    <xs:sequence>
      <xs:element minOccurs="0" name="HET_Fecha_Registro" nillable="true" type="xs:dateTime"/>
      <xs:element minOccurs="0" name="HET_Observaciiones" nillable="true" type="xs:string"/>
      <xs:element minOccurs="0" name="HET_Usuario" nillable="true" type="xs:string"/>
      <xs:element minOccurs="0" name="Id_ETD_Estado_Tramite_Documento" nillable="true" type="xs:int"/>
      <xs:element minOccurs="0" name="Id_HET_Historico_Estado_TramiteDocumento" type="xs:int"/>
      <xs:element minOccurs="0" name="Id_IPF_Informacion_Pequeno_Facturador" nillable="true" type="xs:int"/>
      <xs:element minOccurs="0" name="PFE_ETD_Estado_Tramite_Documento" nillable="true" type="tns:PFE_ETD_Estado_Tramite_Documento"/>
      <xs:element minOccurs="0" name="PFE_IPF_Informacion_Pequeno_Facturador" nillable="true" type="tns:PFE_IPF_Informacion_Pequeno_Facturador"/>
    </xs:sequence>
  </xs:complexType>
  <xs:element name="PFE_HET_Historico_Estado_Tramite_Documento" nillable="true" type="tns:PFE_HET_Historico_Estado_Tramite_Documento"/>
  <xs:complexType name="ArrayOfRTP_RegistroTransaccionesPagos">
    <xs:sequence>
      <xs:element minOccurs="0" maxOccurs="unbounded" name="RTP_RegistroTransaccionesPagos" nillable="true" type="tns:RTP_RegistroTransaccionesPagos"/>
    </xs:sequence>
  </xs:complexType>
  <xs:element name="ArrayOfRTP_RegistroTransaccionesPagos" nillable="true" type="tns:ArrayOfRTP_RegistroTransaccionesPagos"/>
  <xs:complexType name="RTP_RegistroTransaccionesPagos">
    <xs:sequence>
      <xs:element minOccurs="0" name="CFD_cfd_informacion" nillable="true" type="tns:CFD_cfd_informacion"/>
      <xs:element minOccurs="0" name="cfd_id_cfd" type="xs:int"/>
      <xs:element minOccurs="0" name="rtp_autorizacion" nillable="true" type="xs:string"/>
      <xs:element minOccurs="0" name="rtp_currency" nillable="true" type="xs:string"/>
      <xs:element minOccurs="0" name="rtp_estado" nillable="true" type="xs:string"/>
      <xs:element minOccurs="0" name="rtp_fechahora" nillable="true" type="xs:dateTime"/>
      <xs:element minOccurs="0" name="rtp_id_reg_transaccion" type="xs:int"/>
      <xs:element minOccurs="0" name="rtp_pagador" nillable="true" type="xs:string"/>
      <xs:element minOccurs="0" name="rtp_referencia" nillable="true" type="xs:string"/>
      <xs:element minOccurs="0" name="rtp_valor" nillable="true" type="xs:decimal"/>
    </xs:sequence>
  </xs:complexType>
  <xs:element name="RTP_RegistroTransaccionesPagos" nillable="true" type="tns:RTP_RegistroTransaccionesPagos"/>
  <xs:complexType name="ArrayOfTCF_tramite_cfd">
    <xs:sequence>
      <xs:element minOccurs="0" maxOccurs="unbounded" name="TCF_tramite_cfd" nillable="true" type="tns:TCF_tramite_cfd"/>
    </xs:sequence>
  </xs:complexType>
  <xs:element name="ArrayOfTCF_tramite_cfd" nillable="true" type="tns:ArrayOfTCF_tramite_cfd"/>
  <xs:complexType name="TCF_tramite_cfd">
    <xs:sequence>
      <xs:element minOccurs="0" name="CFD_cfd_informacion" nillable="true" type="tns:CFD_cfd_informacion"/>
      <xs:element minOccurs="0" name="EST_Estados_Tramite" nillable="true" type="tns:EST_Estados_Tramite"/>
      <xs:element minOccurs="0" name="TCF_CFD_id_cfd" type="xs:int"/>
      <xs:element minOccurs="0" name="TCF_EST_id_estado" type="xs:int"/>
      <xs:element minOccurs="0" name="TCF_acuse" nillable="true" type="xs:string"/>
      <xs:element minOccurs="0" name="TCF_detalle_rastro" nillable="true" type="xs:string"/>
      <xs:element minOccurs="0" name="TCF_error" nillable="true" type="xs:string"/>
      <xs:element minOccurs="0" name="TCF_fecha_CFD" type="xs:dateTime"/>
      <xs:element minOccurs="0" name="TCF_fecha_tramite_CFD" type="xs:dateTime"/>
      <xs:element minOccurs="0" name="TCF_numero_registro" nillable="true" type="xs:decimal"/>
      <xs:element minOccurs="0" name="TCF_numero_tramite" type="xs:int"/>
    </xs:sequence>
  </xs:complexType>
  <xs:element name="TCF_tramite_cfd" nillable="true" type="tns:TCF_tramite_cfd"/>
  <xs:complexType name="EST_Estados_Tramite">
    <xs:sequence>
      <xs:element minOccurs="0" name="TCF_tramite_cfd" nillable="true" type="tns:ArrayOfTCF_tramite_cfd"/>
      <xs:element minOccurs="0" name="est_descipcion" nillable="true" type="xs:string"/>
      <xs:element minOccurs="0" name="est_id_estado" type="xs:int"/>
    </xs:sequence>
  </xs:complexType>
  <xs:element name="EST_Estados_Tramite" nillable="true" type="tns:EST_Estados_Tramite"/>
  <xs:complexType name="ArrayOfXML_xml_registro">
    <xs:sequence>
      <xs:element minOccurs="0" maxOccurs="unbounded" name="XML_xml_registro" nillable="true" type="tns:XML_xml_registro"/>
    </xs:sequence>
  </xs:complexType>
  <xs:element name="ArrayOfXML_xml_registro" nillable="true" type="tns:ArrayOfXML_xml_registro"/>
  <xs:complexType name="XML_xml_registro">
    <xs:sequence>
      <xs:element minOccurs="0" name="CFD_cfd_informacion" nillable="true" type="tns:CFD_cfd_informacion"/>
      <xs:element minOccurs="0" name="XML_CFD_id_cfd" type="xs:int"/>
      <xs:element minOccurs="0" name="XML_cfd" nillable="true">
        <xs:complexType>
          <xs:sequence>
            <xs:any minOccurs="0" processContents="lax"/>
          </xs:sequence>
        </xs:complexType>
      </xs:element>
      <xs:element minOccurs="0" name="XML_id_xml" type="xs:int"/>
    </xs:sequence>
  </xs:complexType>
  <xs:element name="XML_xml_registro" nillable="true" type="tns:XML_xml_registro"/>
  <xs:complexType name="ArrayOfFV_AED_Accion_ErrorDoc_Emitido">
    <xs:sequence>
      <xs:element minOccurs="0" maxOccurs="unbounded" name="FV_AED_Accion_ErrorDoc_Emitido" nillable="true" type="tns:FV_AED_Accion_ErrorDoc_Emitido"/>
    </xs:sequence>
  </xs:complexType>
  <xs:element name="ArrayOfFV_AED_Accion_ErrorDoc_Emitido" nillable="true" type="tns:ArrayOfFV_AED_Accion_ErrorDoc_Emitido"/>
  <xs:complexType name="FV_AED_Accion_ErrorDoc_Emitido">
    <xs:sequence>
      <xs:element minOccurs="0" name="AED_id_AccionErrorDocEmitido" type="xs:int"/>
      <xs:element minOccurs="0" name="ERL_id_EstadoRevisionLog" type="xs:int"/>
      <xs:element minOccurs="0" name="FV_ERL_EstadoRevisionLog" nillable="true" type="tns:FV_ERL_EstadoRevisionLog"/>
      <xs:element minOccurs="0" name="FV_LRV_Log_Error_Doc_Emitido" nillable="true" type="tns:FV_LRV_Log_Error_Doc_Emitido"/>
      <xs:element minOccurs="0" name="Fecha" type="xs:dateTime"/>
      <xs:element minOccurs="0" name="LRV_id_LogErrorDocEmitido" type="xs:int"/>
      <xs:element minOccurs="0" name="Notas" nillable="true" type="xs:string"/>
    </xs:sequence>
  </xs:complexType>
  <xs:element name="FV_AED_Accion_ErrorDoc_Emitido" nillable="true" type="tns:FV_AED_Accion_ErrorDoc_Emitido"/>
  <xs:complexType name="FV_ERL_EstadoRevisionLog">
    <xs:sequence>
      <xs:element minOccurs="0" name="ERL_id_EstadoRevisionLog" type="xs:int"/>
      <xs:element minOccurs="0" name="ERL_nombre" nillable="true" type="xs:string"/>
      <xs:element minOccurs="0" name="FV_AED_Accion_ErrorDoc_Emitido" nillable="true" type="tns:ArrayOfFV_AED_Accion_ErrorDoc_Emitido"/>
    </xs:sequence>
  </xs:complexType>
  <xs:element name="FV_ERL_EstadoRevisionLog" nillable="true" type="tns:FV_ERL_EstadoRevisionLog"/>
  <xs:complexType name="ArrayOfFV_DLF_DetalleLogReglasFallidas">
    <xs:sequence>
      <xs:element minOccurs="0" maxOccurs="unbounded" name="FV_DLF_DetalleLogReglasFallidas" nillable="true" type="tns:FV_DLF_DetalleLogReglasFallidas"/>
    </xs:sequence>
  </xs:complexType>
  <xs:element name="ArrayOfFV_DLF_DetalleLogReglasFallidas" nillable="true" type="tns:ArrayOfFV_DLF_DetalleLogReglasFallidas"/>
  <xs:complexType name="FV_DLF_DetalleLogReglasFallidas">
    <xs:sequence>
      <xs:element minOccurs="0" name="DLF_id_DetalleLogReglasFallidas" type="xs:int"/>
      <xs:element minOccurs="0" name="FV_LRV_Log_Error_Doc_Emitido" nillable="true" type="tns:FV_LRV_Log_Error_Doc_Emitido"/>
      <xs:element minOccurs="0" name="FV_RVD_Reglas_Validacion_DIAN" nillable="true" type="tns:FV_RVD_Reglas_Validacion_DIAN"/>
      <xs:element minOccurs="0" name="LRV_id_LogErrorDocEmitido" type="xs:int"/>
      <xs:element minOccurs="0" name="RVD_id_reglaValidacion" type="xs:int"/>
    </xs:sequence>
  </xs:complexType>
  <xs:element name="FV_DLF_DetalleLogReglasFallidas" nillable="true" type="tns:FV_DLF_DetalleLogReglasFallidas"/>
  <xs:complexType name="FV_RVD_Reglas_Validacion_DIAN">
    <xs:sequence>
      <xs:element minOccurs="0" name="FV_DLF_DetalleLogReglasFallidas" nillable="true" type="tns:ArrayOfFV_DLF_DetalleLogReglasFallidas"/>
      <xs:element minOccurs="0" name="FV_RXC_ReglasXCategoriaValidacion" nillable="true" type="tns:ArrayOfFV_RXC_ReglasXCategoriaValidacion"/>
      <xs:element minOccurs="0" name="FV_TCX_TipoCampoXML" nillable="true" type="tns:FV_TCX_TipoCampoXML"/>
      <xs:element minOccurs="0" name="FV_TDX_TipoDatoXML" nillable="true" type="tns:FV_TDX_TipoDatoXML"/>
      <xs:element minOccurs="0" name="RVD_Padre" nillable="true" type="xs:string"/>
      <xs:element minOccurs="0" name="RVD_Xpath" nillable="true" type="xs:string"/>
      <xs:element minOccurs="0" name="RVD_campo" nillable="true" type="xs:string"/>
      <xs:element minOccurs="0" name="RVD_codigo" nillable="true" type="xs:string"/>
      <xs:element minOccurs="0" name="RVD_descripcion" nillable="true" type="xs:string"/>
      <xs:element minOccurs="0" name="RVD_erfectoRegla" nillable="true" type="xs:string"/>
      <xs:element minOccurs="0" name="RVD_estado_validacion" nillable="true" type="xs:int"/>
      <xs:element minOccurs="0" name="RVD_funcion" nillable="true" type="xs:string"/>
      <xs:element minOccurs="0" name="RVD_funcion_parametros" nillable="true" type="xs:string"/>
      <xs:element minOccurs="0" name="RVD_id_reglaValidacion" type="xs:int"/>
      <xs:element minOccurs="0" name="RVD_nameSpace" nillable="true" type="xs:string"/>
      <xs:element minOccurs="0" name="RVD_observaciones" nillable="true" type="xs:string"/>
      <xs:element minOccurs="0" name="RVD_ocurrencia" nillable="true" type="xs:string"/>
      <xs:element minOccurs="0" name="RVD_tamanoElemento" nillable="true" type="xs:int"/>
      <xs:element minOccurs="0" name="RVD_version" nillable="true" type="xs:string"/>
      <xs:element minOccurs="0" name="TCX_id_tipoCampoXml" nillable="true" type="xs:string"/>
      <xs:element minOccurs="0" name="TDX_id_tipoDatoXml" nillable="true" type="xs:string"/>
    </xs:sequence>
  </xs:complexType>
  <xs:element name="FV_RVD_Reglas_Validacion_DIAN" nillable="true" type="tns:FV_RVD_Reglas_Validacion_DIAN"/>
  <xs:complexType name="ArrayOfFV_RXC_ReglasXCategoriaValidacion">
    <xs:sequence>
      <xs:element minOccurs="0" maxOccurs="unbounded" name="FV_RXC_ReglasXCategoriaValidacion" nillable="true" type="tns:FV_RXC_ReglasXCategoriaValidacion"/>
    </xs:sequence>
  </xs:complexType>
  <xs:element name="ArrayOfFV_RXC_ReglasXCategoriaValidacion" nillable="true" type="tns:ArrayOfFV_RXC_ReglasXCategoriaValidacion"/>
  <xs:complexType name="FV_RXC_ReglasXCategoriaValidacion">
    <xs:sequence>
      <xs:element minOccurs="0" name="CVA_id_CategoriaValidacion" type="xs:int"/>
      <xs:element minOccurs="0" name="FV_CVA_Categoria_Validacion" nillable="true" type="tns:FV_CVA_Categoria_Validacion"/>
      <xs:element minOccurs="0" name="FV_RVD_Reglas_Validacion_DIAN" nillable="true" type="tns:FV_RVD_Reglas_Validacion_DIAN"/>
      <xs:element minOccurs="0" name="RVD_id_reglaValidacion" type="xs:int"/>
      <xs:element minOccurs="0" name="RXC_id_ReglasXCategoriaValidacion" type="xs:int"/>
      <xs:element minOccurs="0" name="RXC_notas" nillable="true" type="xs:string"/>
    </xs:sequence>
  </xs:complexType>
  <xs:element name="FV_RXC_ReglasXCategoriaValidacion" nillable="true" type="tns:FV_RXC_ReglasXCategoriaValidacion"/>
  <xs:complexType name="FV_CVA_Categoria_Validacion">
    <xs:sequence>
      <xs:element minOccurs="0" name="CVA_CodigoDian" nillable="true" type="xs:string"/>
      <xs:element minOccurs="0" name="CVA_id_CategoriaValidacion" type="xs:int"/>
      <xs:element minOccurs="0" name="CVA_nombre" nillable="true" type="xs:string"/>
      <xs:element minOccurs="0" name="FV_RXC_ReglasXCategoriaValidacion" nillable="true" type="tns:ArrayOfFV_RXC_ReglasXCategoriaValidacion"/>
    </xs:sequence>
  </xs:complexType>
  <xs:element name="FV_CVA_Categoria_Validacion" nillable="true" type="tns:FV_CVA_Categoria_Validacion"/>
  <xs:complexType name="FV_TCX_TipoCampoXML">
    <xs:sequence>
      <xs:element minOccurs="0" name="FV_RVD_Reglas_Validacion_DIAN" nillable="true" type="tns:ArrayOfFV_RVD_Reglas_Validacion_DIAN"/>
      <xs:element minOccurs="0" name="TCX_descripcion_tipoCampoXml" nillable="true" type="xs:string"/>
      <xs:element minOccurs="0" name="TCX_id_tipoCampoXml" nillable="true" type="xs:string"/>
    </xs:sequence>
  </xs:complexType>
  <xs:element name="FV_TCX_TipoCampoXML" nillable="true" type="tns:FV_TCX_TipoCampoXML"/>
  <xs:complexType name="ArrayOfFV_RVD_Reglas_Validacion_DIAN">
    <xs:sequence>
      <xs:element minOccurs="0" maxOccurs="unbounded" name="FV_RVD_Reglas_Validacion_DIAN" nillable="true" type="tns:FV_RVD_Reglas_Validacion_DIAN"/>
    </xs:sequence>
  </xs:complexType>
  <xs:element name="ArrayOfFV_RVD_Reglas_Validacion_DIAN" nillable="true" type="tns:ArrayOfFV_RVD_Reglas_Validacion_DIAN"/>
  <xs:complexType name="FV_TDX_TipoDatoXML">
    <xs:sequence>
      <xs:element minOccurs="0" name="FV_RVD_Reglas_Validacion_DIAN" nillable="true" type="tns:ArrayOfFV_RVD_Reglas_Validacion_DIAN"/>
      <xs:element minOccurs="0" name="TDX_descripcion_tipoDatoXml" nillable="true" type="xs:string"/>
      <xs:element minOccurs="0" name="TDX_id_tipoDatoXml" nillable="true" type="xs:string"/>
    </xs:sequence>
  </xs:complexType>
  <xs:element name="FV_TDX_TipoDatoXML" nillable="true" type="tns:FV_TDX_TipoDatoXML"/>
  <xs:complexType name="FV_PVF_Punto_Validacion_Facturacion">
    <xs:sequence>
      <xs:element minOccurs="0" name="FV_LRV_Log_Error_Doc_Emitido" nillable="true" type="tns:ArrayOfFV_LRV_Log_Error_Doc_Emitido"/>
      <xs:element minOccurs="0" name="PVF_descripcion" nillable="true" type="xs:string"/>
      <xs:element minOccurs="0" name="PVF_id_puntoValidacionFacturacion" type="xs:int"/>
      <xs:element minOccurs="0" name="PVF_nombre" nillable="true" type="xs:string"/>
    </xs:sequence>
  </xs:complexType>
  <xs:element name="FV_PVF_Punto_Validacion_Facturacion" nillable="true" type="tns:FV_PVF_Punto_Validacion_Facturacion"/>
  <xs:simpleType name="FV_LRV_Log_Error_Doc_EmitidoDatos.FV_PuntoValidacionDocumento">
    <xs:restriction base="xs:string">
      <xs:enumeration value="RegistroCliente">
        <xs:annotation>
          <xs:appinfo>
            <EnumerationValue xmlns="http://schemas.microsoft.com/2003/10/Serialization/">1</EnumerationValue>
          </xs:appinfo>
        </xs:annotation>
      </xs:enumeration>
      <xs:enumeration value="AplicacionDummys">
        <xs:annotation>
          <xs:appinfo>
            <EnumerationValue xmlns="http://schemas.microsoft.com/2003/10/Serialization/">2</EnumerationValue>
          </xs:appinfo>
        </xs:annotation>
      </xs:enumeration>
      <xs:enumeration value="CreacionXML">
        <xs:annotation>
          <xs:appinfo>
            <EnumerationValue xmlns="http://schemas.microsoft.com/2003/10/Serialization/">3</EnumerationValue>
          </xs:appinfo>
        </xs:annotation>
      </xs:enumeration>
      <xs:enumeration value="ValidacionXSLT">
        <xs:annotation>
          <xs:appinfo>
            <EnumerationValue xmlns="http://schemas.microsoft.com/2003/10/Serialization/">4</EnumerationValue>
          </xs:appinfo>
        </xs:annotation>
      </xs:enumeration>
      <xs:enumeration value="ValidacinInicialDIAN">
        <xs:annotation>
          <xs:appinfo>
            <EnumerationValue xmlns="http://schemas.microsoft.com/2003/10/Serialization/">5</EnumerationValue>
          </xs:appinfo>
        </xs:annotation>
      </xs:enumeration>
      <xs:enumeration value="ValidacionFinalDIAN">
        <xs:annotation>
          <xs:appinfo>
            <EnumerationValue xmlns="http://schemas.microsoft.com/2003/10/Serialization/">6</EnumerationValue>
          </xs:appinfo>
        </xs:annotation>
      </xs:enumeration>
    </xs:restriction>
  </xs:simpleType>
  <xs:element name="FV_LRV_Log_Error_Doc_EmitidoDatos.FV_PuntoValidacionDocumento" nillable="true" type="tns:FV_LRV_Log_Error_Doc_EmitidoDatos.FV_PuntoValidacionDocumento"/>
  <xs:complexType name="ArrayOfFAC_FactoryConfirmingInt">
    <xs:sequence>
      <xs:element minOccurs="0" maxOccurs="unbounded" name="FAC_FactoryConfirmingInt" nillable="true" type="tns:FAC_FactoryConfirmingInt"/>
    </xs:sequence>
  </xs:complexType>
  <xs:element name="ArrayOfFAC_FactoryConfirmingInt" nillable="true" type="tns:ArrayOfFAC_FactoryConfirmingInt"/>
  <xs:complexType name="FAC_FactoryConfirmingInt">
    <xs:sequence>
      <xs:element minOccurs="0" name="CFD_id_cfd" type="xs:int"/>
      <xs:element minOccurs="0" name="Emp_id_empresa_fondeador" type="xs:int"/>
      <xs:element minOccurs="0" name="Emp_id_empresa_pagador" type="xs:int"/>
      <xs:element minOccurs="0" name="Emp_id_empresa_proveedor" type="xs:int"/>
      <xs:element minOccurs="0" name="FAC_AvalLista" nillable="true" type="xs:string"/>
      <xs:element minOccurs="0" name="FAC_CFD_numero_CFD" type="xs:int"/>
      <xs:element minOccurs="0" name="FAC_CodTasaMora" nillable="true" type="xs:string"/>
      <xs:element minOccurs="0" name="FAC_DiasNegociados" type="xs:int"/>
      <xs:element minOccurs="0" name="FAC_FechaCompra" type="xs:dateTime"/>
      <xs:element minOccurs="0" name="FAC_FechaEmision" type="xs:dateTime"/>
      <xs:element minOccurs="0" name="FAC_FechaProximaCuota" nillable="true" type="xs:string"/>
      <xs:element minOccurs="0" name="FAC_FechaVencimiento" type="xs:dateTime"/>
      <xs:element minOccurs="0" name="FAC_InteresMora" type="xs:decimal"/>
      <xs:element minOccurs="0" name="FAC_MedioNegociacion" nillable="true" type="xs:string"/>
      <xs:element minOccurs="0" name="FAC_ModalidadPago" nillable="true" type="xs:string"/>
      <xs:element minOccurs="0" name="FAC_Moneda" nillable="true" type="xs:string"/>
      <xs:element minOccurs="0" name="FAC_NIT_Administrador" nillable="true" type="xs:string"/>
      <xs:element minOccurs="0" name="FAC_NIT_Emisor" nillable="true" type="xs:string"/>
      <xs:element minOccurs="0" name="FAC_NIT_Intermediario" nillable="true" type="xs:string"/>
      <xs:element minOccurs="0" name="FAC_NIT_Pagador" nillable="true" type="xs:string"/>
      <xs:element minOccurs="0" name="FAC_NIT_Vendedor" nillable="true" type="xs:string"/>
      <xs:element minOccurs="0" name="FAC_NuevaFechaPago" type="xs:dateTime"/>
      <xs:element minOccurs="0" name="FAC_NuevoValorPago" type="xs:decimal"/>
      <xs:element minOccurs="0" name="FAC_NumeroCuotas" type="xs:decimal"/>
      <xs:element minOccurs="0" name="FAC_PeriodicidadPago" nillable="true" type="xs:string"/>
      <xs:element minOccurs="0" name="FAC_Porcentaje_Retenido" type="xs:decimal"/>
      <xs:element minOccurs="0" name="FAC_Puntos" type="xs:int"/>
      <xs:element minOccurs="0" name="FAC_TPPEL" nillable="true" type="xs:string"/>
      <xs:element minOccurs="0" name="FAC_TasaNegociacionNA" type="xs:decimal"/>
      <xs:element minOccurs="0" name="FAC_Tasa_Negociacion" type="xs:decimal"/>
      <xs:element minOccurs="0" name="FAC_TipoNegociacion" nillable="true" type="xs:string"/>
      <xs:element minOccurs="0" name="FAC_Tipo_Tasa" nillable="true" type="xs:string"/>
      <xs:element minOccurs="0" name="FAC_Utilidad" type="xs:decimal"/>
      <xs:element minOccurs="0" name="FAC_ValorComisionReferenciador" type="xs:decimal"/>
      <xs:element minOccurs="0" name="FAC_ValorCompra" type="xs:decimal"/>
      <xs:element minOccurs="0" name="FAC_ValorCompraReferenciador" type="xs:decimal"/>
      <xs:element minOccurs="0" name="FAC_ValorCuotas" type="xs:decimal"/>
      <xs:element minOccurs="0" name="FAC_ValorICA" type="xs:decimal"/>
      <xs:element minOccurs="0" name="FAC_ValorIVA" type="xs:decimal"/>
      <xs:element minOccurs="0" name="FAC_ValorNomBaseLiquidacion" type="xs:decimal"/>
      <xs:element minOccurs="0" name="FAC_ValorNominaFacial" type="xs:decimal"/>
      <xs:element minOccurs="0" name="FAC_ValorNominalNeto" type="xs:decimal"/>
      <xs:element minOccurs="0" name="FAC_ValorNominalOriginal" type="xs:decimal"/>
      <xs:element minOccurs="0" name="FAC_ValorNotasCredito" type="xs:decimal"/>
      <xs:element minOccurs="0" name="FAC_ValorOtros" type="xs:decimal"/>
      <xs:element minOccurs="0" name="FAC_ValorRetencionFte" type="xs:decimal"/>
      <xs:element minOccurs="0" name="FAC_ValorRetencionICA" type="xs:decimal"/>
      <xs:element minOccurs="0" name="FAC_ValorRetencionIVA" type="xs:decimal"/>
      <xs:element minOccurs="0" name="FAC_ValorTasa" type="xs:decimal"/>
      <xs:element minOccurs="0" name="FAC_ValorTimbre" type="xs:decimal"/>
      <xs:element minOccurs="0" name="FON_id_fondeador" type="xs:int"/>
    </xs:sequence>
  </xs:complexType>
  <xs:element name="FAC_FactoryConfirmingInt" nillable="true" type="tns:FAC_FactoryConfirmingInt"/>
  <xs:complexType name="FV_DatosContingencia">
    <xs:sequence>
      <xs:element minOccurs="0" name="ContigenciaDeclarada" type="xs:boolean"/>
      <xs:element minOccurs="0" name="Fecha" nillable="true" type="xs:dateTime"/>
      <xs:element minOccurs="0" name="IdHeartBeat" type="xs:int"/>
      <xs:element minOccurs="0" name="IdIncidenteRelacionado" nillable="true" type="xs:int"/>
    </xs:sequence>
  </xs:complexType>
  <xs:element name="FV_DatosContingencia" nillable="true" type="tns:FV_DatosContingencia"/>
  <xs:complexType name="FV_IncidenteContingenciaDian">
    <xs:sequence>
      <xs:element minOccurs="0" name="Fecha" nillable="true" type="xs:dateTime"/>
      <xs:element minOccurs="0" name="IdDocumento" type="xs:int"/>
      <xs:element minOccurs="0" name="IdEmpresa" type="xs:int"/>
      <xs:element minOccurs="0" name="IdIncidenteContingenciaDian" nillable="true" type="xs:int"/>
      <xs:element minOccurs="0" name="NombreSonda" nillable="true" type="xs:string"/>
      <xs:element minOccurs="0" name="TipoIncidenteContingencia" type="xs:short"/>
    </xs:sequence>
  </xs:complexType>
  <xs:element name="FV_IncidenteContingenciaDian" nillable="true" type="tns:FV_IncidenteContingenciaDian"/>
  <xs:complexType name="ArrayOfFV_TipoIncidenteContingencia">
    <xs:sequence>
      <xs:element minOccurs="0" maxOccurs="unbounded" name="FV_TipoIncidenteContingencia" nillable="true" type="tns:FV_TipoIncidenteContingencia"/>
    </xs:sequence>
  </xs:complexType>
  <xs:element name="ArrayOfFV_TipoIncidenteContingencia" nillable="true" type="tns:ArrayOfFV_TipoIncidenteContingencia"/>
  <xs:complexType name="FV_TipoIncidenteContingencia">
    <xs:sequence>
      <xs:element minOccurs="0" name="TIC_codigoStatus" type="xs:short"/>
      <xs:element minOccurs="0" name="TIC_descripcion" nillable="true" type="xs:string"/>
      <xs:element minOccurs="0" name="TIC_exitoso" type="xs:boolean"/>
      <xs:element minOccurs="0" name="TIC_id_TipoIncidenteContingencia" type="xs:int"/>
      <xs:element minOccurs="0" name="TIC_tipoAccion" type="xs:unsignedByte"/>
    </xs:sequence>
  </xs:complexType>
  <xs:element name="FV_TipoIncidenteContingencia" nillable="true" type="tns:FV_TipoIncidenteContingencia"/>
  <xs:complexType name="ArrayOfReporteBase">
    <xs:sequence>
      <xs:element minOccurs="0" maxOccurs="unbounded" name="ReporteBase" nillable="true" type="tns:ReporteBase"/>
    </xs:sequence>
  </xs:complexType>
  <xs:element name="ArrayOfReporteBase" nillable="true" type="tns:ArrayOfReporteBase"/>
  <xs:complexType name="ReporteBase">
    <xs:sequence/>
  </xs:complexType>
  <xs:element name="ReporteBase" nillable="true" type="tns:ReporteBase"/>
  <xs:complexType name="ReporteRecepcionAlkostoConsolidado">
    <xs:complexContent mixed="false">
      <xs:extension base="tns:ReporteBase">
        <xs:sequence>
          <xs:element minOccurs="0" name="Cantidad" nillable="true" type="xs:string"/>
          <xs:element minOccurs="0" name="TipoDocumento" nillable="true" type="xs:string"/>
        </xs:sequence>
      </xs:extension>
    </xs:complexContent>
  </xs:complexType>
  <xs:element name="ReporteRecepcionAlkostoConsolidado" nillable="true" type="tns:ReporteRecepcionAlkostoConsolidado"/>
  <xs:complexType name="ReporteEmisionAlkosto">
    <xs:complexContent mixed="false">
      <xs:extension base="tns:ReporteBase">
        <xs:sequence>
          <xs:element minOccurs="0" name="CorreoCliente" nillable="true" type="xs:string"/>
          <xs:element minOccurs="0" name="DocumentoCliente" nillable="true" type="xs:string"/>
          <xs:element minOccurs="0" name="Erp" nillable="true" type="xs:string"/>
          <xs:element minOccurs="0" name="EstadoTransaccionDIAN" nillable="true" type="xs:string"/>
          <xs:element minOccurs="0" name="ExchangeMail" nillable="true" type="xs:string"/>
          <xs:element minOccurs="0" name="FechaGrabacionEBill" type="xs:dateTime"/>
          <xs:element minOccurs="0" name="FechaRecibidoDIAN" type="xs:dateTime"/>
          <xs:element minOccurs="0" name="FechaTransaccion" nillable="true" type="xs:string"/>
          <xs:element minOccurs="0" name="LugarEntrega" nillable="true" type="xs:string"/>
          <xs:element minOccurs="0" name="NumeroInterno" nillable="true" type="xs:string"/>
          <xs:element minOccurs="0" name="NumeroLegal" nillable="true" type="xs:string"/>
          <xs:element minOccurs="0" name="TipoDocumento" nillable="true" type="xs:string"/>
          <xs:element minOccurs="0" name="UnidadNegocio" nillable="true" type="xs:string"/>
        </xs:sequence>
      </xs:extension>
    </xs:complexContent>
  </xs:complexType>
  <xs:element name="ReporteEmisionAlkosto" nillable="true" type="tns:ReporteEmisionAlkosto"/>
  <xs:complexType name="ReporteRecepcionAlkostoDetallado">
    <xs:complexContent mixed="false">
      <xs:extension base="tns:ReporteBase">
        <xs:sequence>
          <xs:element minOccurs="0" name="Concatenado" nillable="true" type="xs:string"/>
          <xs:element minOccurs="0" name="DocumentoReferencia" nillable="true" type="xs:string"/>
          <xs:element minOccurs="0" name="FechaEmision" type="xs:dateTime"/>
          <xs:element minOccurs="0" name="FechaGrabacion" type="xs:dateTime"/>
          <xs:element minOccurs="0" name="IdDocumentoReferencia" type="xs:int"/>
          <xs:element minOccurs="0" name="NitProveedor" nillable="true" type="xs:string"/>
          <xs:element minOccurs="0" name="NumeroDocumento" type="xs:decimal"/>
          <xs:element minOccurs="0" name="Origen" nillable="true" type="xs:string"/>
          <xs:element minOccurs="0" name="OtrosCorreos" nillable="true" type="xs:string"/>
          <xs:element minOccurs="0" name="Prefijo" nillable="true" type="xs:string"/>
          <xs:element minOccurs="0" name="UnidadNegocio" nillable="true" type="xs:string"/>
        </xs:sequence>
      </xs:extension>
    </xs:complexContent>
  </xs:complexType>
  <xs:element name="ReporteRecepcionAlkostoDetallado" nillable="true" type="tns:ReporteRecepcionAlkostoDetallado"/>
</xs:schema>]]></con:content><con:type>http://www.w3.org/2001/XMLSchema</con:type></con:part><con:part><con:url>http://testws.facturaenlinea.co/ServiciosFyM/eBill/Integracion.svc?xsd=xsd3</con:url><con:content><![CDATA[<xs:schema elementFormDefault="qualified" targetNamespace="http://schemas.microsoft.com/2003/10/Serialization/Arrays" xmlns:xs="http://www.w3.org/2001/XMLSchema" xmlns:tns="http://schemas.microsoft.com/2003/10/Serialization/Arrays">
  <xs:complexType name="ArrayOfstring">
    <xs:sequence>
      <xs:element minOccurs="0" maxOccurs="unbounded" name="string" nillable="true" type="xs:string"/>
    </xs:sequence>
  </xs:complexType>
  <xs:element name="ArrayOfstring" nillable="true" type="tns:ArrayOfstring"/>
  <xs:complexType name="ArrayOfint">
    <xs:sequence>
      <xs:element minOccurs="0" maxOccurs="unbounded" name="int" type="xs:int"/>
    </xs:sequence>
  </xs:complexType>
  <xs:element name="ArrayOfint" nillable="true" type="tns:ArrayOfint"/>
</xs:schema>]]></con:content><con:type>http://www.w3.org/2001/XMLSchema</con:type></con:part><con:part><con:url>http://testws.facturaenlinea.co/ServiciosFyM/eBill/Integracion.svc?xsd=xsd1</con:url><con:content><![CDATA[<xs:schema attributeFormDefault="qualified" elementFormDefault="qualified" targetNamespace="http://schemas.microsoft.com/2003/10/Serialization/" xmlns:xs="http://www.w3.org/2001/XMLSchema" xmlns:tns="http://schemas.microsoft.com/2003/10/Serialization/">
  <xs:element name="anyType" nillable="true" type="xs:anyType"/>
  <xs:element name="anyURI" nillable="true" type="xs:anyURI"/>
  <xs:element name="base64Binary" nillable="true" type="xs:base64Binary"/>
  <xs:element name="boolean" nillable="true" type="xs:boolean"/>
  <xs:element name="byte" nillable="true" type="xs:byte"/>
  <xs:element name="dateTime" nillable="true" type="xs:dateTime"/>
  <xs:element name="decimal" nillable="true" type="xs:decimal"/>
  <xs:element name="double" nillable="true" type="xs:double"/>
  <xs:element name="float" nillable="true" type="xs:float"/>
  <xs:element name="int" nillable="true" type="xs:int"/>
  <xs:element name="long" nillable="true" type="xs:long"/>
  <xs:element name="QName" nillable="true" type="xs:QName"/>
  <xs:element name="short" nillable="true" type="xs:short"/>
  <xs:element name="string" nillable="true" type="xs:string"/>
  <xs:element name="unsignedByte" nillable="true" type="xs:unsignedByte"/>
  <xs:element name="unsignedInt" nillable="true" type="xs:unsignedInt"/>
  <xs:element name="unsignedLong" nillable="true" type="xs:unsignedLong"/>
  <xs:element name="unsignedShort" nillable="true" type="xs:unsignedShort"/>
  <xs:element name="char" nillable="true" type="tns:char"/>
  <xs:simpleType name="char">
    <xs:restriction base="xs:int"/>
  </xs:simpleType>
  <xs:element name="duration" nillable="true" type="tns:duration"/>
  <xs:simpleType name="duration">
    <xs:restriction base="xs:duration">
      <xs:pattern value="\-?P(\d*D)?(T(\d*H)?(\d*M)?(\d*(\.\d*)?S)?)?"/>
      <xs:minInclusive value="-P10675199DT2H48M5.4775808S"/>
      <xs:maxInclusive value="P10675199DT2H48M5.4775807S"/>
    </xs:restriction>
  </xs:simpleType>
  <xs:element name="guid" nillable="true" type="tns:guid"/>
  <xs:simpleType name="guid">
    <xs:restriction base="xs:string">
      <xs:pattern value="[\da-fA-F]{8}-[\da-fA-F]{4}-[\da-fA-F]{4}-[\da-fA-F]{4}-[\da-fA-F]{12}"/>
    </xs:restriction>
  </xs:simpleType>
  <xs:attribute name="FactoryType" type="xs:QName"/>
  <xs:attribute name="Id" type="xs:ID"/>
  <xs:attribute name="Ref" type="xs:IDREF"/>
</xs:schema>]]></con:content><con:type>http://www.w3.org/2001/XMLSchema</con:type></con:part><con:part><con:url>http://testws.facturaenlinea.co/ServiciosFyM/eBill/Integracion.svc?xsd=xsd5</con:url><con:content><![CDATA[<xs:schema elementFormDefault="qualified" targetNamespace="http://schemas.datacontract.org/2004/07/System.Data.Linq" xmlns:xs="http://www.w3.org/2001/XMLSchema" xmlns:tns="http://schemas.datacontract.org/2004/07/System.Data.Linq">
  <xs:complexType name="Binary">
    <xs:sequence>
      <xs:element minOccurs="0" name="Bytes" nillable="true" type="xs:base64Binary"/>
    </xs:sequence>
  </xs:complexType>
  <xs:element name="Binary" nillable="true" type="tns:Binary"/>
</xs:schema>]]></con:content><con:type>http://www.w3.org/2001/XMLSchema</con:type></con:part><con:part><con:url>http://testws.facturaenlinea.co/ServiciosFyM/eBill/Integracion.svc?xsd=xsd4</con:url><con:content><![CDATA[<xs:schema elementFormDefault="qualified" targetNamespace="http://schemas.datacontract.org/2004/07/DianResponse" xmlns:xs="http://www.w3.org/2001/XMLSchema" xmlns:tns="http://schemas.datacontract.org/2004/07/DianResponse">
  <xs:import schemaLocation="http://testws.facturaenlinea.co/ServiciosFyM/eBill/Integracion.svc?xsd=xsd3" namespace="http://schemas.microsoft.com/2003/10/Serialization/Arrays"/>
  <xs:complexType name="ArrayOfDianResponse">
    <xs:sequence>
      <xs:element minOccurs="0" maxOccurs="unbounded" name="DianResponse" nillable="true" type="tns:DianResponse"/>
    </xs:sequence>
  </xs:complexType>
  <xs:element name="ArrayOfDianResponse" nillable="true" type="tns:ArrayOfDianResponse"/>
  <xs:complexType name="DianResponse">
    <xs:sequence>
      <xs:element minOccurs="0" name="ErrorMessage" nillable="true" type="q1:ArrayOfstring" xmlns:q1="http://schemas.microsoft.com/2003/10/Serialization/Arrays"/>
      <xs:element minOccurs="0" name="IsValid" type="xs:boolean"/>
      <xs:element minOccurs="0" name="StatusCode" nillable="true" type="xs:string"/>
      <xs:element minOccurs="0" name="StatusDescription" nillable="true" type="xs:string"/>
      <xs:element minOccurs="0" name="StatusMessage" nillable="true" type="xs:string"/>
      <xs:element minOccurs="0" name="XmlBase64Bytes" nillable="true" type="xs:base64Binary"/>
      <xs:element minOccurs="0" name="XmlBytes" nillable="true" type="xs:base64Binary"/>
      <xs:element minOccurs="0" name="XmlDocumentKey" nillable="true" type="xs:string"/>
      <xs:element minOccurs="0" name="XmlFileName" nillable="true" type="xs:string"/>
    </xs:sequence>
  </xs:complexType>
  <xs:element name="DianResponse" nillable="true" type="tns:DianResponse"/>
</xs:schema>]]></con:content><con:type>http://www.w3.org/2001/XMLSchema</con:type></con:part><con:part><con:url>http://testws.facturaenlinea.co/ServiciosFyM/eBill/Integracion.svc?xsd=xsd6</con:url><con:content><![CDATA[<xs:schema elementFormDefault="qualified" targetNamespace="http://schemas.datacontract.org/2004/07/UploadDocumentResponse" xmlns:xs="http://www.w3.org/2001/XMLSchema" xmlns:tns="http://schemas.datacontract.org/2004/07/UploadDocumentResponse">
  <xs:import schemaLocation="http://testws.facturaenlinea.co/ServiciosFyM/eBill/Integracion.svc?xsd=xsd7" namespace="http://schemas.datacontract.org/2004/07/XmlParamsResponseTrackId"/>
  <xs:complexType name="UploadDocumentResponse">
    <xs:sequence>
      <xs:element minOccurs="0" name="ErrorMessageList" nillable="true" type="q1:ArrayOfXmlParamsResponseTrackId" xmlns:q1="http://schemas.datacontract.org/2004/07/XmlParamsResponseTrackId"/>
      <xs:element minOccurs="0" name="ZipKey" nillable="true" type="xs:string"/>
    </xs:sequence>
  </xs:complexType>
  <xs:element name="UploadDocumentResponse" nillable="true" type="tns:UploadDocumentResponse"/>
</xs:schema>]]></con:content><con:type>http://www.w3.org/2001/XMLSchema</con:type></con:part><con:part><con:url>http://testws.facturaenlinea.co/ServiciosFyM/eBill/Integracion.svc?xsd=xsd7</con:url><con:content><![CDATA[<xs:schema elementFormDefault="qualified" targetNamespace="http://schemas.datacontract.org/2004/07/XmlParamsResponseTrackId" xmlns:xs="http://www.w3.org/2001/XMLSchema" xmlns:tns="http://schemas.datacontract.org/2004/07/XmlParamsResponseTrackId">
  <xs:complexType name="ArrayOfXmlParamsResponseTrackId">
    <xs:sequence>
      <xs:element minOccurs="0" maxOccurs="unbounded" name="XmlParamsResponseTrackId" nillable="true" type="tns:XmlParamsResponseTrackId"/>
    </xs:sequence>
  </xs:complexType>
  <xs:element name="ArrayOfXmlParamsResponseTrackId" nillable="true" type="tns:ArrayOfXmlParamsResponseTrackId"/>
  <xs:complexType name="XmlParamsResponseTrackId">
    <xs:sequence>
      <xs:element minOccurs="0" name="DocumentKey" nillable="true" type="xs:string"/>
      <xs:element minOccurs="0" name="ProcessedMessage" nillable="true" type="xs:string"/>
      <xs:element minOccurs="0" name="SenderCode" nillable="true" type="xs:string"/>
      <xs:element minOccurs="0" name="Success" type="xs:boolean"/>
      <xs:element minOccurs="0" name="XmlFileName" nillable="true" type="xs:string"/>
    </xs:sequence>
  </xs:complexType>
  <xs:element name="XmlParamsResponseTrackId" nillable="true" type="tns:XmlParamsResponseTrackId"/>
</xs:schema>]]></con:content><con:type>http://www.w3.org/2001/XMLSchema</con:type></con:part></con:definitionCache><con:endpoints><con:endpoint>http://testws.facturaenlinea.co/ServiciosFyM/eBill/Integracion.svc</con:endpoint></con:endpoints><con:operation id="54e9869b-4854-4a92-a11d-89b6240475d0" isOneWay="false" action="http://tempuri.org/IIntegracion/AceptacionTacitaDocumentosRadicadosNotificacionDIAN" name="AceptacionTacitaDocumentosRadicadosNotificacionDIAN" bindingOperationName="AceptacionTacitaDocumentosRadicadosNotificacionDIAN" type="Request-Response" inputName="" receivesAttachments="false" sendsAttachments="false" anonymous="optional"><con:settings/><con:call id="b0b09518-c5bc-4b4c-9749-bd50783233a9" name="Request 1"><con:settings/><con:encoding>UTF-8</con:encoding><con:endpoint>http://testws.facturaenlinea.co/ServiciosFyM/eBill/Integracion.svc</con:endpoint><con:request><![CDATA[<soapenv:Envelope xmlns:soapenv="http://schemas.xmlsoap.org/soap/envelope/" xmlns:tem="http://tempuri.org/" xmlns:ebil="http://schemas.datacontract.org/2004/07/eBillCore">\r
   <soapenv:Header/>\r
   <soapenv:Body>\r
      <tem:AceptacionTacitaDocumentosRadicadosNotificacionDIAN>\r
         <!--Optional:-->\r
         <tem:FacCab>\r
            <!--Optional:-->\r
            <ebil:AnoAprobacionRes>?</ebil:AnoAprobacionRes>\r
            <!--Optional:-->\r
            <ebil:Base_Impuesto>?</ebil:Base_Impuesto>\r
            <!--Optional:-->\r
            <ebil:CFD_EST_estado_tramit>?</ebil:CFD_EST_estado_tramit>\r
            <!--Optional:-->\r
            <ebil:CFD_Flete>?</ebil:CFD_Flete>\r
            <!--Optional:-->\r
            <ebil:CFD_OtrosCargos>?</ebil:CFD_OtrosCargos>\r
            <!--Optional:-->\r
            <ebil:CFD_Por_Margen>?</ebil:CFD_Por_Margen>\r
            <!--Optional:-->\r
            <ebil:CFD_ResponseCode>?</ebil:CFD_ResponseCode>\r
            <!--Optional:-->\r
            <ebil:CFD_base_ICA_total>?</ebil:CFD_base_ICA_total>\r
            <!--Optional:-->\r
            <ebil:CFD_base_impo_total_nal>?</ebil:CFD_base_impo_total_nal>\r
            <!--Optional:-->\r
            <ebil:CFD_base_impo_total_reg>?</ebil:CFD_base_impo_total_reg>\r
            <!--Optional:-->\r
            <ebil:CFD_campo_texto_10>?</ebil:CFD_campo_texto_10>\r
            <!--Optional:-->\r
            <ebil:CFD_campo_texto_11>?</ebil:CFD_campo_texto_11>\r
            <!--Optional:-->\r
            <ebil:CFD_campo_texto_12>?</ebil:CFD_campo_texto_12>\r
            <!--Optional:-->\r
            <ebil:CFD_campo_texto_13>?</ebil:CFD_campo_texto_13>\r
            <!--Optional:-->\r
            <ebil:CFD_campo_texto_14>?</ebil:CFD_campo_texto_14>\r
            <!--Optional:-->\r
            <ebil:CFD_campo_texto_15>?</ebil:CFD_campo_texto_15>\r
            <!--Optional:-->\r
            <ebil:CFD_campo_texto_16>?</ebil:CFD_campo_texto_16>\r
            <!--Optional:-->\r
            <ebil:CFD_campo_texto_17>?</ebil:CFD_campo_texto_17>\r
            <!--Optional:-->\r
            <ebil:CFD_campo_texto_18>?</ebil:CFD_campo_texto_18>\r
            <!--Optional:-->\r
            <ebil:CFD_campo_texto_19>?</ebil:CFD_campo_texto_19>\r
            <!--Optional:-->\r
            <ebil:CFD_campo_texto_20>?</ebil:CFD_campo_texto_20>\r
            <!--Optional:-->\r
            <ebil:CFD_campo_texto_21>?</ebil:CFD_campo_texto_21>\r
            <!--Optional:-->\r
            <ebil:CFD_campo_texto_22>?</ebil:CFD_campo_texto_22>\r
            <!--Optional:-->\r
            <ebil:CFD_campo_texto_23>?</ebil:CFD_campo_texto_23>\r
            <!--Optional:-->\r
            <ebil:CFD_campo_texto_24>?</ebil:CFD_campo_texto_24>\r
            <!--Optional:-->\r
            <ebil:CFD_campo_texto_25>?</ebil:CFD_campo_texto_25>\r
            <!--Optional:-->\r
            <ebil:CFD_campo_texto_26>?</ebil:CFD_campo_texto_26>\r
            <!--Optional:-->\r
            <ebil:CFD_campo_texto_27>?</ebil:CFD_campo_texto_27>\r
            <!--Optional:-->\r
            <ebil:CFD_campo_texto_28>?</ebil:CFD_campo_texto_28>\r
            <!--Optional:-->\r
            <ebil:CFD_campo_texto_29>?</ebil:CFD_campo_texto_29>\r
            <!--Optional:-->\r
            <ebil:CFD_campo_texto_30>?</ebil:CFD_campo_texto_30>\r
            <!--Optional:-->\r
            <ebil:CFD_campo_texto_9>?</ebil:CFD_campo_texto_9>\r
            <!--Optional:-->\r
            <ebil:CFD_cantidad_dec_1>?</ebil:CFD_cantidad_dec_1>\r
            <!--Optional:-->\r
            <ebil:CFD_cantidad_dec_10>?</ebil:CFD_cantidad_dec_10>\r
            <!--Optional:-->\r
            <ebil:CFD_cantidad_dec_11>?</ebil:CFD_cantidad_dec_11>\r
            <!--Optional:-->\r
            <ebil:CFD_cantidad_dec_12>?</ebil:CFD_cantidad_dec_12>\r
            <!--Optional:-->\r
            <ebil:CFD_cantidad_dec_13>?</ebil:CFD_cantidad_dec_13>\r
            <!--Optional:-->\r
            <ebil:CFD_cantidad_dec_14>?</ebil:CFD_cantidad_dec_14>\r
            <!--Optional:-->\r
            <ebil:CFD_cantidad_dec_15>?</ebil:CFD_cantidad_dec_15>\r
            <!--Optional:-->\r
            <ebil:CFD_cantidad_dec_16>?</ebil:CFD_cantidad_dec_16>\r
            <!--Optional:-->\r
            <ebil:CFD_cantidad_dec_17>?</ebil:CFD_cantidad_dec_17>\r
            <!--Optional:-->\r
            <ebil:CFD_cantidad_dec_18>?</ebil:CFD_cantidad_dec_18>\r
            <!--Optional:-->\r
            <ebil:CFD_cantidad_dec_19>?</ebil:CFD_cantidad_dec_19>\r
            <!--Optional:-->\r
            <ebil:CFD_cantidad_dec_20>?</ebil:CFD_cantidad_dec_20>\r
            <!--Optional:-->\r
            <ebil:CFD_cantidad_dec_21>?</ebil:CFD_cantidad_dec_21>\r
            <!--Optional:-->\r
            <ebil:CFD_cantidad_dec_22>?</ebil:CFD_cantidad_dec_22>\r
            <!--Optional:-->\r
            <ebil:CFD_cantidad_dec_23>?</ebil:CFD_cantidad_dec_23>\r
            <!--Optional:-->\r
            <ebil:CFD_cantidad_dec_24>?</ebil:CFD_cantidad_dec_24>\r
            <!--Optional:-->\r
            <ebil:CFD_cantidad_dec_25>?</ebil:CFD_cantidad_dec_25>\r
            <!--Optional:-->\r
            <ebil:CFD_cantidad_dec_4>?</ebil:CFD_cantidad_dec_4>\r
            <!--Optional:-->\r
            <ebil:CFD_cantidad_dec_5>?</ebil:CFD_cantidad_dec_5>\r
            <!--Optional:-->\r
            <ebil:CFD_cantidad_dec_6>?</ebil:CFD_cantidad_dec_6>\r
            <!--Optional:-->\r
            <ebil:CFD_cantidad_dec_7>?</ebil:CFD_cantidad_dec_7>\r
            <!--Optional:-->\r
            <ebil:CFD_cantidad_dec_8>?</ebil:CFD_cantidad_dec_8>\r
            <!--Optional:-->\r
            <ebil:CFD_cantidad_dec_9>?</ebil:CFD_cantidad_dec_9>\r
            <!--Optional:-->\r
            <ebil:CFD_deducible>?</ebil:CFD_deducible>\r
            <!--Optional:-->\r
            <ebil:CFD_desconexion_servicio>?</ebil:CFD_desconexion_servicio>\r
            <!--Optional:-->\r
            <ebil:CFD_fecha_desconexion>?</ebil:CFD_fecha_desconexion>\r
            <!--Optional:-->\r
            <ebil:CFD_fecha_tasadeCambio>?</ebil:CFD_fecha_tasadeCambio>\r
            <!--Optional:-->\r
            <ebil:CFD_numero_enlace_doc_ref>?</ebil:CFD_numero_enlace_doc_ref>\r
            <!--Optional:-->\r
            <ebil:CFD_porc_rte_ICA>?</ebil:CFD_porc_rte_ICA>\r
            <!--Optional:-->\r
            <ebil:CFD_porc_rte_fuent>?</ebil:CFD_porc_rte_fuent>\r
            <!--Optional:-->\r
            <ebil:CFD_tasa_mora>?</ebil:CFD_tasa_mora>\r
            <!--Optional:-->\r
            <ebil:CFD_tdi_id_tipo_doc_interno>?</ebil:CFD_tdi_id_tipo_doc_interno>\r
            <!--Optional:-->\r
            <ebil:CFD_total_ICA>?</ebil:CFD_total_ICA>\r
            <!--Optional:-->\r
            <ebil:CFD_total_aduana_exp>?</ebil:CFD_total_aduana_exp>\r
            <!--Optional:-->\r
            <ebil:CFD_total_cargos>?</ebil:CFD_total_cargos>\r
            <!--Optional:-->\r
            <ebil:CFD_total_descuentos>?</ebil:CFD_total_descuentos>\r
            <!--Optional:-->\r
            <ebil:CFD_total_margen>?</ebil:CFD_total_margen>\r
            <!--Optional:-->\r
            <ebil:CFD_total_seguro_exp>?</ebil:CFD_total_seguro_exp>\r
            <!--Optional:-->\r
            <ebil:CLI_numero_cliente>?</ebil:CLI_numero_cliente>\r
            <!--Optional:-->\r
            <ebil:CREETotal>?</ebil:CREETotal>\r
            <!--Optional:-->\r
            <ebil:CampoTexto1>?</ebil:CampoTexto1>\r
            <!--Optional:-->\r
            <ebil:CampoTexto2>?</ebil:CampoTexto2>\r
            <!--Optional:-->\r
            <ebil:CampoTexto3>?</ebil:CampoTexto3>\r
            <!--Optional:-->\r
            <ebil:CampoTexto4>?</ebil:CampoTexto4>\r
            <!--Optional:-->\r
            <ebil:CampoTexto5>?</ebil:CampoTexto5>\r
            <!--Optional:-->\r
            <ebil:CampoTexto6>?</ebil:CampoTexto6>\r
            <!--Optional:-->\r
            <ebil:CampoTexto7>?</ebil:CampoTexto7>\r
            <!--Optional:-->\r
            <ebil:CampoTexto8>?</ebil:CampoTexto8>\r
            <!--Optional:-->\r
            <ebil:Cantidad1>?</ebil:Cantidad1>\r
            <!--Optional:-->\r
            <ebil:Cantidad2>?</ebil:Cantidad2>\r
            <!--Optional:-->\r
            <ebil:Cantidad3>?</ebil:Cantidad3>\r
            <!--Optional:-->\r
            <ebil:CantidadDec1>?</ebil:CantidadDec1>\r
            <!--Optional:-->\r
            <ebil:CantidadDec2>?</ebil:CantidadDec2>\r
            <!--Optional:-->\r
            <ebil:CantidadDec3>?</ebil:CantidadDec3>\r
            <!--Optional:-->\r
            <ebil:CiudadDANE>?</ebil:CiudadDANE>\r
            <!--Optional:-->\r
            <ebil:CodVendedor>?</ebil:CodVendedor>\r
            <!--Optional:-->\r
            <ebil:CodigoPostalCliente>?</ebil:CodigoPostalCliente>\r
            <!--Optional:-->\r
            <ebil:CodigoPostalEnvio>?</ebil:CodigoPostalEnvio>\r
            <!--Optional:-->\r
            <ebil:ComprobanteCon>?</ebil:ComprobanteCon>\r
            <!--Optional:-->\r
            <ebil:Condiciones_Pago>?</ebil:Condiciones_Pago>\r
            <!--Optional:-->\r
            <ebil:ContactoCargo>?</ebil:ContactoCargo>\r
            <!--Optional:-->\r
            <ebil:ContactoCorreo>?</ebil:ContactoCorreo>\r
            <!--Optional:-->\r
            <ebil:ContactoNombre>?</ebil:ContactoNombre>\r
            <!--Optional:-->\r
            <ebil:CorreoCliente>?</ebil:CorreoCliente>\r
            <!--Optional:-->\r
            <ebil:DepartamentoDANE>?</ebil:DepartamentoDANE>\r
            <!--Optional:-->\r
            <ebil:DescripcionPlan>?</ebil:DescripcionPlan>\r
            <!--Optional:-->\r
            <ebil:Descuento>?</ebil:Descuento>\r
            <!--Optional:-->\r
            <ebil:DigitoVerificaCliente>?</ebil:DigitoVerificaCliente>\r
            <!--Optional:-->\r
            <ebil:DireccionCliente>?</ebil:DireccionCliente>\r
            <!--Optional:-->\r
            <ebil:EstiloFactura>?</ebil:EstiloFactura>\r
            <!--Optional:-->\r
            <ebil:FechaExpedicion>?</ebil:FechaExpedicion>\r
            <!--Optional:-->\r
            <ebil:FechaFinalPeriodoFacturado>?</ebil:FechaFinalPeriodoFacturado>\r
            <!--Optional:-->\r
            <ebil:FechaInicialPeriodoFacturado>?</ebil:FechaInicialPeriodoFacturado>\r
            <!--Optional:-->\r
            <ebil:FechaVencimiento>?</ebil:FechaVencimiento>\r
            <!--Optional:-->\r
            <ebil:FormaPago>?</ebil:FormaPago>\r
            <!--Optional:-->\r
            <ebil:IDInterno>?</ebil:IDInterno>\r
            <!--Optional:-->\r
            <ebil:IDUbicacionCliente>?</ebil:IDUbicacionCliente>\r
            <!--Optional:-->\r
            <ebil:IDUbicacionEnvio>?</ebil:IDUbicacionEnvio>\r
            <!--Optional:-->\r
            <ebil:IdPlan>?</ebil:IdPlan>\r
            <!--Optional:-->\r
            <ebil:IdSucursal>?</ebil:IdSucursal>\r
            <!--Optional:-->\r
            <ebil:Incoterm>?</ebil:Incoterm>\r
            <!--Optional:-->\r
            <ebil:InfoAdicional>?</ebil:InfoAdicional>\r
            <!--Optional:-->\r
            <ebil:LugarTerminosEntrega>?</ebil:LugarTerminosEntrega>\r
            <!--Optional:-->\r
            <ebil:MesCausado>?</ebil:MesCausado>\r
            <!--Optional:-->\r
            <ebil:MonedaISO>?</ebil:MonedaISO>\r
            <!--Optional:-->\r
            <ebil:NitCliente>?</ebil:NitCliente>\r
            <!--Optional:-->\r
            <ebil:NitEmpresa>?</ebil:NitEmpresa>\r
            <!--Optional:-->\r
            <ebil:NombreCliente>?</ebil:NombreCliente>\r
            <!--Optional:-->\r
            <ebil:NombrePlan>?</ebil:NombrePlan>\r
            <!--Optional:-->\r
            <ebil:NombreVendedor>?</ebil:NombreVendedor>\r
            <!--Optional:-->\r
            <ebil:NumAprobacionRes>?</ebil:NumAprobacionRes>\r
            <!--Optional:-->\r
            <ebil:NumFactura>?</ebil:NumFactura>\r
            <!--Optional:-->\r
            <ebil:OrderID>?</ebil:OrderID>\r
            <!--Optional:-->\r
            <ebil:PAI_ISO_3166>?</ebil:PAI_ISO_3166>\r
            <!--Optional:-->\r
            <ebil:PagoAnterior>?</ebil:PagoAnterior>\r
            <!--Optional:-->\r
            <ebil:Prefijo>?</ebil:Prefijo>\r
            <!--Optional:-->\r
            <ebil:ReferenciaCliente>?</ebil:ReferenciaCliente>\r
            <!--Optional:-->\r
            <ebil:RetencionCREETotal>?</ebil:RetencionCREETotal>\r
            <!--Optional:-->\r
            <ebil:SMSXDoc>?</ebil:SMSXDoc>\r
            <!--Optional:-->\r
            <ebil:SaldoAnterior>?</ebil:SaldoAnterior>\r
            <!--Optional:-->\r
            <ebil:SubTotal>?</ebil:SubTotal>\r
            <!--Optional:-->\r
            <ebil:SubTotalSegunMon>?</ebil:SubTotalSegunMon>\r
            <!--Optional:-->\r
            <ebil:Sucursal>?</ebil:Sucursal>\r
            <!--Optional:-->\r
            <ebil:TIP_id_tipo_persona>?</ebil:TIP_id_tipo_persona>\r
            <!--Optional:-->\r
            <ebil:TasaCambio>?</ebil:TasaCambio>\r
            <!--Optional:-->\r
            <ebil:TelefonoCliente>?</ebil:TelefonoCliente>\r
            <!--Optional:-->\r
            <ebil:Texto3>?</ebil:Texto3>\r
            <!--Optional:-->\r
            <ebil:TieneAcuerdo>?</ebil:TieneAcuerdo>\r
            <!--Optional:-->\r
            <ebil:TipoComprobante>?</ebil:TipoComprobante>\r
            <!--Optional:-->\r
            <ebil:TipoContribuyente>?</ebil:TipoContribuyente>\r
            <!--Optional:-->\r
            <ebil:TipoIDCliente>?</ebil:TipoIDCliente>\r
            <!--Optional:-->\r
            <ebil:Total>?</ebil:Total>\r
            <!--Optional:-->\r
            <ebil:TotalIVA>?</ebil:TotalIVA>\r
            <!--Optional:-->\r
            <ebil:TotalIVASegunMon>?</ebil:TotalIVASegunMon>\r
            <!--Optional:-->\r
            <ebil:TotalRetICA>?</ebil:TotalRetICA>\r
            <!--Optional:-->\r
            <ebil:TotalRetIVA>?</ebil:TotalRetIVA>\r
            <!--Optional:-->\r
            <ebil:TotalRetencion>?</ebil:TotalRetencion>\r
            <!--Optional:-->\r
            <ebil:TotalSegunMon>?</ebil:TotalSegunMon>\r
            <!--Optional:-->\r
            <ebil:TotalTraslado>?</ebil:TotalTraslado>\r
            <!--Optional:-->\r
            <ebil:Total_a_Pagar>?</ebil:Total_a_Pagar>\r
            <!--Optional:-->\r
            <ebil:ValorHasta1>?</ebil:ValorHasta1>\r
            <!--Optional:-->\r
            <ebil:ValorHasta2>?</ebil:ValorHasta2>\r
            <!--Optional:-->\r
            <ebil:ValorHasta3>?</ebil:ValorHasta3>\r
            <!--Optional:-->\r
            <ebil:ValorHasta4>?</ebil:ValorHasta4>\r
            <!--Optional:-->\r
            <ebil:cfd_activa_nota1>?</ebil:cfd_activa_nota1>\r
            <!--Optional:-->\r
            <ebil:ciudad_envio>?</ebil:ciudad_envio>\r
            <!--Optional:-->\r
            <ebil:code1>?</ebil:code1>\r
            <!--Optional:-->\r
            <ebil:code2>?</ebil:code2>\r
            <!--Optional:-->\r
            <ebil:code3>?</ebil:code3>\r
            <!--Optional:-->\r
            <ebil:curso>?</ebil:curso>\r
            <!--Optional:-->\r
            <ebil:departamento_envio>?</ebil:departamento_envio>\r
            <!--Optional:-->\r
            <ebil:direccion_envio>?</ebil:direccion_envio>\r
            <!--Optional:-->\r
            <ebil:numero_envio>?</ebil:numero_envio>\r
            <!--Optional:-->\r
            <ebil:orden_venta>?</ebil:orden_venta>\r
            <!--Optional:-->\r
            <ebil:pague_hasta1>?</ebil:pague_hasta1>\r
            <!--Optional:-->\r
            <ebil:pague_hasta2>?</ebil:pague_hasta2>\r
            <!--Optional:-->\r
            <ebil:pague_hasta3>?</ebil:pague_hasta3>\r
            <!--Optional:-->\r
            <ebil:referencia>?</ebil:referencia>\r
            <!--Optional:-->\r
            <ebil:referencia1>?</ebil:referencia1>\r
            <!--Optional:-->\r
            <ebil:referencia_envio>?</ebil:referencia_envio>\r
            <!--Optional:-->\r
            <ebil:telefono_envio>?</ebil:telefono_envio>\r
         </tem:FacCab>\r
         <!--Optional:-->\r
         <tem:Opciones>\r
            <!--Optional:-->\r
            <ebil:ActualizaProductos>?</ebil:ActualizaProductos>\r
            <!--Optional:-->\r
            <ebil:BuscarXNitXIdInterno>?</ebil:BuscarXNitXIdInterno>\r
            <!--Optional:-->\r
            <ebil:EmisionAutomatica>?</ebil:EmisionAutomatica>\r
            <!--Optional:-->\r
            <ebil:EmisionAutomaticaFXComputador>?</ebil:EmisionAutomaticaFXComputador>\r
            <!--Optional:-->\r
            <ebil:FacturasSinAcuerdo>?</ebil:FacturasSinAcuerdo>\r
            <!--Optional:-->\r
            <ebil:ManejaPlantillasNotificacion>?</ebil:ManejaPlantillasNotificacion>\r
            <!--Optional:-->\r
            <ebil:NoAdjuntarArchivo>?</ebil:NoAdjuntarArchivo>\r
            <!--Optional:-->\r
            <ebil:NoTieneAcuerdosFisicos>?</ebil:NoTieneAcuerdosFisicos>\r
            <!--Optional:-->\r
            <ebil:OrderControl>?</ebil:OrderControl>\r
            <!--Optional:-->\r
            <ebil:TipoCargaDetalle>?</ebil:TipoCargaDetalle>\r
            <!--Optional:-->\r
            <ebil:TipoDocumento>?</ebil:TipoDocumento>\r
            <!--Optional:-->\r
            <ebil:TokenConexion>?</ebil:TokenConexion>\r
            <!--Optional:-->\r
            <ebil:crearVIP>?</ebil:crearVIP>\r
            <!--Optional:-->\r
            <ebil:eBillAdmNumerosFactura>?</ebil:eBillAdmNumerosFactura>\r
         </tem:Opciones>\r
         <!--Optional:-->\r
         <tem:sFechaAceptacion>?</tem:sFechaAceptacion>\r
         <!--Optional:-->\r
         <tem:AprobadoPor>?</tem:AprobadoPor>\r
         <!--Optional:-->\r
         <tem:sNombreAprobador>?</tem:sNombreAprobador>\r
         <!--Optional:-->\r
         <tem:sCorreoAprobador>?</tem:sCorreoAprobador>\r
      </tem:AceptacionTacitaDocumentosRadicadosNotificacionDIAN>\r
   </soapenv:Body>\r
</soapenv:Envelope>]]></con:request><con:credentials><con:authType>No Authorization</con:authType></con:credentials><con:jmsConfig JMSDeliveryMode="PERSISTENT"/><con:jmsPropertyConfig/><con:wsaConfig mustUnderstand="NONE" version="200508" action="http://tempuri.org/IIntegracion/AceptacionTacitaDocumentosRadicadosNotificacionDIAN"/><con:wsrmConfig version="1.2"/></con:call></con:operation><con:operation id="c3917537-006b-4b5d-bf1d-4f4c3868609b" isOneWay="false" action="http://tempuri.org/IIntegracion/AceptarDocumentosRadicadosNotificacionDIAN" name="AceptarDocumentosRadicadosNotificacionDIAN" bindingOperationName="AceptarDocumentosRadicadosNotificacionDIAN" type="Request-Response" inputName="" receivesAttachments="false" sendsAttachments="false" anonymous="optional"><con:settings/><con:call id="4e9c1d53-5679-4acc-b24f-436462ab815a" name="Request 1"><con:settings/><con:encoding>UTF-8</con:encoding><con:endpoint>http://testws.facturaenlinea.co/ServiciosFyM/eBill/Integracion.svc</con:endpoint><con:request><![CDATA[<soapenv:Envelope xmlns:soapenv="http://schemas.xmlsoap.org/soap/envelope/" xmlns:tem="http://tempuri.org/" xmlns:ebil="http://schemas.datacontract.org/2004/07/eBillCore">\r
   <soapenv:Header/>\r
   <soapenv:Body>\r
      <tem:AceptarDocumentosRadicadosNotificacionDIAN>\r
         <!--Optional:-->\r
         <tem:FacCab>\r
            <!--Optional:-->\r
            <ebil:AnoAprobacionRes>?</ebil:AnoAprobacionRes>\r
            <!--Optional:-->\r
            <ebil:Base_Impuesto>?</ebil:Base_Impuesto>\r
            <!--Optional:-->\r
            <ebil:CFD_EST_estado_tramit>?</ebil:CFD_EST_estado_tramit>\r
            <!--Optional:-->\r
            <ebil:CFD_Flete>?</ebil:CFD_Flete>\r
            <!--Optional:-->\r
            <ebil:CFD_OtrosCargos>?</ebil:CFD_OtrosCargos>\r
            <!--Optional:-->\r
            <ebil:CFD_Por_Margen>?</ebil:CFD_Por_Margen>\r
            <!--Optional:-->\r
            <ebil:CFD_ResponseCode>?</ebil:CFD_ResponseCode>\r
            <!--Optional:-->\r
            <ebil:CFD_base_ICA_total>?</ebil:CFD_base_ICA_total>\r
            <!--Optional:-->\r
            <ebil:CFD_base_impo_total_nal>?</ebil:CFD_base_impo_total_nal>\r
            <!--Optional:-->\r
            <ebil:CFD_base_impo_total_reg>?</ebil:CFD_base_impo_total_reg>\r
            <!--Optional:-->\r
            <ebil:CFD_campo_texto_10>?</ebil:CFD_campo_texto_10>\r
            <!--Optional:-->\r
            <ebil:CFD_campo_texto_11>?</ebil:CFD_campo_texto_11>\r
            <!--Optional:-->\r
            <ebil:CFD_campo_texto_12>?</ebil:CFD_campo_texto_12>\r
            <!--Optional:-->\r
            <ebil:CFD_campo_texto_13>?</ebil:CFD_campo_texto_13>\r
            <!--Optional:-->\r
            <ebil:CFD_campo_texto_14>?</ebil:CFD_campo_texto_14>\r
            <!--Optional:-->\r
            <ebil:CFD_campo_texto_15>?</ebil:CFD_campo_texto_15>\r
            <!--Optional:-->\r
            <ebil:CFD_campo_texto_16>?</ebil:CFD_campo_texto_16>\r
            <!--Optional:-->\r
            <ebil:CFD_campo_texto_17>?</ebil:CFD_campo_texto_17>\r
            <!--Optional:-->\r
            <ebil:CFD_campo_texto_18>?</ebil:CFD_campo_texto_18>\r
            <!--Optional:-->\r
            <ebil:CFD_campo_texto_19>?</ebil:CFD_campo_texto_19>\r
            <!--Optional:-->\r
            <ebil:CFD_campo_texto_20>?</ebil:CFD_campo_texto_20>\r
            <!--Optional:-->\r
            <ebil:CFD_campo_texto_21>?</ebil:CFD_campo_texto_21>\r
            <!--Optional:-->\r
            <ebil:CFD_campo_texto_22>?</ebil:CFD_campo_texto_22>\r
            <!--Optional:-->\r
            <ebil:CFD_campo_texto_23>?</ebil:CFD_campo_texto_23>\r
            <!--Optional:-->\r
            <ebil:CFD_campo_texto_24>?</ebil:CFD_campo_texto_24>\r
            <!--Optional:-->\r
            <ebil:CFD_campo_texto_25>?</ebil:CFD_campo_texto_25>\r
            <!--Optional:-->\r
            <ebil:CFD_campo_texto_26>?</ebil:CFD_campo_texto_26>\r
            <!--Optional:-->\r
            <ebil:CFD_campo_texto_27>?</ebil:CFD_campo_texto_27>\r
            <!--Optional:-->\r
            <ebil:CFD_campo_texto_28>?</ebil:CFD_campo_texto_28>\r
            <!--Optional:-->\r
            <ebil:CFD_campo_texto_29>?</ebil:CFD_campo_texto_29>\r
            <!--Optional:-->\r
            <ebil:CFD_campo_texto_30>?</ebil:CFD_campo_texto_30>\r
            <!--Optional:-->\r
            <ebil:CFD_campo_texto_9>?</ebil:CFD_campo_texto_9>\r
            <!--Optional:-->\r
            <ebil:CFD_cantidad_dec_1>?</ebil:CFD_cantidad_dec_1>\r
            <!--Optional:-->\r
            <ebil:CFD_cantidad_dec_10>?</ebil:CFD_cantidad_dec_10>\r
            <!--Optional:-->\r
            <ebil:CFD_cantidad_dec_11>?</ebil:CFD_cantidad_dec_11>\r
            <!--Optional:-->\r
            <ebil:CFD_cantidad_dec_12>?</ebil:CFD_cantidad_dec_12>\r
            <!--Optional:-->\r
            <ebil:CFD_cantidad_dec_13>?</ebil:CFD_cantidad_dec_13>\r
            <!--Optional:-->\r
            <ebil:CFD_cantidad_dec_14>?</ebil:CFD_cantidad_dec_14>\r
            <!--Optional:-->\r
            <ebil:CFD_cantidad_dec_15>?</ebil:CFD_cantidad_dec_15>\r
            <!--Optional:-->\r
            <ebil:CFD_cantidad_dec_16>?</ebil:CFD_cantidad_dec_16>\r
            <!--Optional:-->\r
            <ebil:CFD_cantidad_dec_17>?</ebil:CFD_cantidad_dec_17>\r
            <!--Optional:-->\r
            <ebil:CFD_cantidad_dec_18>?</ebil:CFD_cantidad_dec_18>\r
            <!--Optional:-->\r
            <ebil:CFD_cantidad_dec_19>?</ebil:CFD_cantidad_dec_19>\r
            <!--Optional:-->\r
            <ebil:CFD_cantidad_dec_20>?</ebil:CFD_cantidad_dec_20>\r
            <!--Optional:-->\r
            <ebil:CFD_cantidad_dec_21>?</ebil:CFD_cantidad_dec_21>\r
            <!--Optional:-->\r
            <ebil:CFD_cantidad_dec_22>?</ebil:CFD_cantidad_dec_22>\r
            <!--Optional:-->\r
            <ebil:CFD_cantidad_dec_23>?</ebil:CFD_cantidad_dec_23>\r
            <!--Optional:-->\r
            <ebil:CFD_cantidad_dec_24>?</ebil:CFD_cantidad_dec_24>\r
            <!--Optional:-->\r
            <ebil:CFD_cantidad_dec_25>?</ebil:CFD_cantidad_dec_25>\r
            <!--Optional:-->\r
            <ebil:CFD_cantidad_dec_4>?</ebil:CFD_cantidad_dec_4>\r
            <!--Optional:-->\r
            <ebil:CFD_cantidad_dec_5>?</ebil:CFD_cantidad_dec_5>\r
            <!--Optional:-->\r
            <ebil:CFD_cantidad_dec_6>?</ebil:CFD_cantidad_dec_6>\r
            <!--Optional:-->\r
            <ebil:CFD_cantidad_dec_7>?</ebil:CFD_cantidad_dec_7>\r
            <!--Optional:-->\r
            <ebil:CFD_cantidad_dec_8>?</ebil:CFD_cantidad_dec_8>\r
            <!--Optional:-->\r
            <ebil:CFD_cantidad_dec_9>?</ebil:CFD_cantidad_dec_9>\r
            <!--Optional:-->\r
            <ebil:CFD_deducible>?</ebil:CFD_deducible>\r
            <!--Optional:-->\r
            <ebil:CFD_desconexion_servicio>?</ebil:CFD_desconexion_servicio>\r
            <!--Optional:-->\r
            <ebil:CFD_fecha_desconexion>?</ebil:CFD_fecha_desconexion>\r
            <!--Optional:-->\r
            <ebil:CFD_fecha_tasadeCambio>?</ebil:CFD_fecha_tasadeCambio>\r
            <!--Optional:-->\r
            <ebil:CFD_numero_enlace_doc_ref>?</ebil:CFD_numero_enlace_doc_ref>\r
            <!--Optional:-->\r
            <ebil:CFD_porc_rte_ICA>?</ebil:CFD_porc_rte_ICA>\r
            <!--Optional:-->\r
            <ebil:CFD_porc_rte_fuent>?</ebil:CFD_porc_rte_fuent>\r
            <!--Optional:-->\r
            <ebil:CFD_tasa_mora>?</ebil:CFD_tasa_mora>\r
            <!--Optional:-->\r
            <ebil:CFD_tdi_id_tipo_doc_interno>?</ebil:CFD_tdi_id_tipo_doc_interno>\r
            <!--Optional:-->\r
            <ebil:CFD_total_ICA>?</ebil:CFD_total_ICA>\r
            <!--Optional:-->\r
            <ebil:CFD_total_aduana_exp>?</ebil:CFD_total_aduana_exp>\r
            <!--Optional:-->\r
            <ebil:CFD_total_cargos>?</ebil:CFD_total_cargos>\r
            <!--Optional:-->\r
            <ebil:CFD_total_descuentos>?</ebil:CFD_total_descuentos>\r
            <!--Optional:-->\r
            <ebil:CFD_total_margen>?</ebil:CFD_total_margen>\r
            <!--Optional:-->\r
            <ebil:CFD_total_seguro_exp>?</ebil:CFD_total_seguro_exp>\r
            <!--Optional:-->\r
            <ebil:CLI_numero_cliente>?</ebil:CLI_numero_cliente>\r
            <!--Optional:-->\r
            <ebil:CREETotal>?</ebil:CREETotal>\r
            <!--Optional:-->\r
            <ebil:CampoTexto1>?</ebil:CampoTexto1>\r
            <!--Optional:-->\r
            <ebil:CampoTexto2>?</ebil:CampoTexto2>\r
            <!--Optional:-->\r
            <ebil:CampoTexto3>?</ebil:CampoTexto3>\r
            <!--Optional:-->\r
            <ebil:CampoTexto4>?</ebil:CampoTexto4>\r
            <!--Optional:-->\r
            <ebil:CampoTexto5>?</ebil:CampoTexto5>\r
            <!--Optional:-->\r
            <ebil:CampoTexto6>?</ebil:CampoTexto6>\r
            <!--Optional:-->\r
            <ebil:CampoTexto7>?</ebil:CampoTexto7>\r
            <!--Optional:-->\r
            <ebil:CampoTexto8>?</ebil:CampoTexto8>\r
            <!--Optional:-->\r
            <ebil:Cantidad1>?</ebil:Cantidad1>\r
            <!--Optional:-->\r
            <ebil:Cantidad2>?</ebil:Cantidad2>\r
            <!--Optional:-->\r
            <ebil:Cantidad3>?</ebil:Cantidad3>\r
            <!--Optional:-->\r
            <ebil:CantidadDec1>?</ebil:CantidadDec1>\r
            <!--Optional:-->\r
            <ebil:CantidadDec2>?</ebil:CantidadDec2>\r
            <!--Optional:-->\r
            <ebil:CantidadDec3>?</ebil:CantidadDec3>\r
            <!--Optional:-->\r
            <ebil:CiudadDANE>?</ebil:CiudadDANE>\r
            <!--Optional:-->\r
            <ebil:CodVendedor>?</ebil:CodVendedor>\r
            <!--Optional:-->\r
            <ebil:CodigoPostalCliente>?</ebil:CodigoPostalCliente>\r
            <!--Optional:-->\r
            <ebil:CodigoPostalEnvio>?</ebil:CodigoPostalEnvio>\r
            <!--Optional:-->\r
            <ebil:ComprobanteCon>?</ebil:ComprobanteCon>\r
            <!--Optional:-->\r
            <ebil:Condiciones_Pago>?</ebil:Condiciones_Pago>\r
            <!--Optional:-->\r
            <ebil:ContactoCargo>?</ebil:ContactoCargo>\r
            <!--Optional:-->\r
            <ebil:ContactoCorreo>?</ebil:ContactoCorreo>\r
            <!--Optional:-->\r
            <ebil:ContactoNombre>?</ebil:ContactoNombre>\r
            <!--Optional:-->\r
            <ebil:CorreoCliente>?</ebil:CorreoCliente>\r
            <!--Optional:-->\r
            <ebil:DepartamentoDANE>?</ebil:DepartamentoDANE>\r
            <!--Optional:-->\r
            <ebil:DescripcionPlan>?</ebil:DescripcionPlan>\r
            <!--Optional:-->\r
            <ebil:Descuento>?</ebil:Descuento>\r
            <!--Optional:-->\r
            <ebil:DigitoVerificaCliente>?</ebil:DigitoVerificaCliente>\r
            <!--Optional:-->\r
            <ebil:DireccionCliente>?</ebil:DireccionCliente>\r
            <!--Optional:-->\r
            <ebil:EstiloFactura>?</ebil:EstiloFactura>\r
            <!--Optional:-->\r
            <ebil:FechaExpedicion>?</ebil:FechaExpedicion>\r
            <!--Optional:-->\r
            <ebil:FechaFinalPeriodoFacturado>?</ebil:FechaFinalPeriodoFacturado>\r
            <!--Optional:-->\r
            <ebil:FechaInicialPeriodoFacturado>?</ebil:FechaInicialPeriodoFacturado>\r
            <!--Optional:-->\r
            <ebil:FechaVencimiento>?</ebil:FechaVencimiento>\r
            <!--Optional:-->\r
            <ebil:FormaPago>?</ebil:FormaPago>\r
            <!--Optional:-->\r
            <ebil:IDInterno>?</ebil:IDInterno>\r
            <!--Optional:-->\r
            <ebil:IDUbicacionCliente>?</ebil:IDUbicacionCliente>\r
            <!--Optional:-->\r
            <ebil:IDUbicacionEnvio>?</ebil:IDUbicacionEnvio>\r
            <!--Optional:-->\r
            <ebil:IdPlan>?</ebil:IdPlan>\r
            <!--Optional:-->\r
            <ebil:IdSucursal>?</ebil:IdSucursal>\r
            <!--Optional:-->\r
            <ebil:Incoterm>?</ebil:Incoterm>\r
            <!--Optional:-->\r
            <ebil:InfoAdicional>?</ebil:InfoAdicional>\r
            <!--Optional:-->\r
            <ebil:LugarTerminosEntrega>?</ebil:LugarTerminosEntrega>\r
            <!--Optional:-->\r
            <ebil:MesCausado>?</ebil:MesCausado>\r
            <!--Optional:-->\r
            <ebil:MonedaISO>?</ebil:MonedaISO>\r
            <!--Optional:-->\r
            <ebil:NitCliente>?</ebil:NitCliente>\r
            <!--Optional:-->\r
            <ebil:NitEmpresa>?</ebil:NitEmpresa>\r
            <!--Optional:-->\r
            <ebil:NombreCliente>?</ebil:NombreCliente>\r
            <!--Optional:-->\r
            <ebil:NombrePlan>?</ebil:NombrePlan>\r
            <!--Optional:-->\r
            <ebil:NombreVendedor>?</ebil:NombreVendedor>\r
            <!--Optional:-->\r
            <ebil:NumAprobacionRes>?</ebil:NumAprobacionRes>\r
            <!--Optional:-->\r
            <ebil:NumFactura>?</ebil:NumFactura>\r
            <!--Optional:-->\r
            <ebil:OrderID>?</ebil:OrderID>\r
            <!--Optional:-->\r
            <ebil:PAI_ISO_3166>?</ebil:PAI_ISO_3166>\r
            <!--Optional:-->\r
            <ebil:PagoAnterior>?</ebil:PagoAnterior>\r
            <!--Optional:-->\r
            <ebil:Prefijo>?</ebil:Prefijo>\r
            <!--Optional:-->\r
            <ebil:ReferenciaCliente>?</ebil:ReferenciaCliente>\r
            <!--Optional:-->\r
            <ebil:RetencionCREETotal>?</ebil:RetencionCREETotal>\r
            <!--Optional:-->\r
            <ebil:SMSXDoc>?</ebil:SMSXDoc>\r
            <!--Optional:-->\r
            <ebil:SaldoAnterior>?</ebil:SaldoAnterior>\r
            <!--Optional:-->\r
            <ebil:SubTotal>?</ebil:SubTotal>\r
            <!--Optional:-->\r
            <ebil:SubTotalSegunMon>?</ebil:SubTotalSegunMon>\r
            <!--Optional:-->\r
            <ebil:Sucursal>?</ebil:Sucursal>\r
            <!--Optional:-->\r
            <ebil:TIP_id_tipo_persona>?</ebil:TIP_id_tipo_persona>\r
            <!--Optional:-->\r
            <ebil:TasaCambio>?</ebil:TasaCambio>\r
            <!--Optional:-->\r
            <ebil:TelefonoCliente>?</ebil:TelefonoCliente>\r
            <!--Optional:-->\r
            <ebil:Texto3>?</ebil:Texto3>\r
            <!--Optional:-->\r
            <ebil:TieneAcuerdo>?</ebil:TieneAcuerdo>\r
            <!--Optional:-->\r
            <ebil:TipoComprobante>?</ebil:TipoComprobante>\r
            <!--Optional:-->\r
            <ebil:TipoContribuyente>?</ebil:TipoContribuyente>\r
            <!--Optional:-->\r
            <ebil:TipoIDCliente>?</ebil:TipoIDCliente>\r
            <!--Optional:-->\r
            <ebil:Total>?</ebil:Total>\r
            <!--Optional:-->\r
            <ebil:TotalIVA>?</ebil:TotalIVA>\r
            <!--Optional:-->\r
            <ebil:TotalIVASegunMon>?</ebil:TotalIVASegunMon>\r
            <!--Optional:-->\r
            <ebil:TotalRetICA>?</ebil:TotalRetICA>\r
            <!--Optional:-->\r
            <ebil:TotalRetIVA>?</ebil:TotalRetIVA>\r
            <!--Optional:-->\r
            <ebil:TotalRetencion>?</ebil:TotalRetencion>\r
            <!--Optional:-->\r
            <ebil:TotalSegunMon>?</ebil:TotalSegunMon>\r
            <!--Optional:-->\r
            <ebil:TotalTraslado>?</ebil:TotalTraslado>\r
            <!--Optional:-->\r
            <ebil:Total_a_Pagar>?</ebil:Total_a_Pagar>\r
            <!--Optional:-->\r
            <ebil:ValorHasta1>?</ebil:ValorHasta1>\r
            <!--Optional:-->\r
            <ebil:ValorHasta2>?</ebil:ValorHasta2>\r
            <!--Optional:-->\r
            <ebil:ValorHasta3>?</ebil:ValorHasta3>\r
            <!--Optional:-->\r
            <ebil:ValorHasta4>?</ebil:ValorHasta4>\r
            <!--Optional:-->\r
            <ebil:cfd_activa_nota1>?</ebil:cfd_activa_nota1>\r
            <!--Optional:-->\r
            <ebil:ciudad_envio>?</ebil:ciudad_envio>\r
            <!--Optional:-->\r
            <ebil:code1>?</ebil:code1>\r
            <!--Optional:-->\r
            <ebil:code2>?</ebil:code2>\r
            <!--Optional:-->\r
            <ebil:code3>?</ebil:code3>\r
            <!--Optional:-->\r
            <ebil:curso>?</ebil:curso>\r
            <!--Optional:-->\r
            <ebil:departamento_envio>?</ebil:departamento_envio>\r
            <!--Optional:-->\r
            <ebil:direccion_envio>?</ebil:direccion_envio>\r
            <!--Optional:-->\r
            <ebil:numero_envio>?</ebil:numero_envio>\r
            <!--Optional:-->\r
            <ebil:orden_venta>?</ebil:orden_venta>\r
            <!--Optional:-->\r
            <ebil:pague_hasta1>?</ebil:pague_hasta1>\r
            <!--Optional:-->\r
            <ebil:pague_hasta2>?</ebil:pague_hasta2>\r
            <!--Optional:-->\r
            <ebil:pague_hasta3>?</ebil:pague_hasta3>\r
            <!--Optional:-->\r
            <ebil:referencia>?</ebil:referencia>\r
            <!--Optional:-->\r
            <ebil:referencia1>?</ebil:referencia1>\r
            <!--Optional:-->\r
            <ebil:referencia_envio>?</ebil:referencia_envio>\r
            <!--Optional:-->\r
            <ebil:telefono_envio>?</ebil:telefono_envio>\r
         </tem:FacCab>\r
         <!--Optional:-->\r
         <tem:Opciones>\r
            <!--Optional:-->\r
            <ebil:ActualizaProductos>?</ebil:ActualizaProductos>\r
            <!--Optional:-->\r
            <ebil:BuscarXNitXIdInterno>?</ebil:BuscarXNitXIdInterno>\r
            <!--Optional:-->\r
            <ebil:EmisionAutomatica>?</ebil:EmisionAutomatica>\r
            <!--Optional:-->\r
            <ebil:EmisionAutomaticaFXComputador>?</ebil:EmisionAutomaticaFXComputador>\r
            <!--Optional:-->\r
            <ebil:FacturasSinAcuerdo>?</ebil:FacturasSinAcuerdo>\r
            <!--Optional:-->\r
            <ebil:ManejaPlantillasNotificacion>?</ebil:ManejaPlantillasNotificacion>\r
            <!--Optional:-->\r
            <ebil:NoAdjuntarArchivo>?</ebil:NoAdjuntarArchivo>\r
            <!--Optional:-->\r
            <ebil:NoTieneAcuerdosFisicos>?</ebil:NoTieneAcuerdosFisicos>\r
            <!--Optional:-->\r
            <ebil:OrderControl>?</ebil:OrderControl>\r
            <!--Optional:-->\r
            <ebil:TipoCargaDetalle>?</ebil:TipoCargaDetalle>\r
            <!--Optional:-->\r
            <ebil:TipoDocumento>?</ebil:TipoDocumento>\r
            <!--Optional:-->\r
            <ebil:TokenConexion>?</ebil:TokenConexion>\r
            <!--Optional:-->\r
            <ebil:crearVIP>?</ebil:crearVIP>\r
            <!--Optional:-->\r
            <ebil:eBillAdmNumerosFactura>?</ebil:eBillAdmNumerosFactura>\r
         </tem:Opciones>\r
         <!--Optional:-->\r
         <tem:sFechaAceptacion>?</tem:sFechaAceptacion>\r
         <!--Optional:-->\r
         <tem:sNombreAprobador>?</tem:sNombreAprobador>\r
         <!--Optional:-->\r
         <tem:sCorreoAprobador>?</tem:sCorreoAprobador>\r
      </tem:AceptarDocumentosRadicadosNotificacionDIAN>\r
   </soapenv:Body>\r
</soapenv:Envelope>]]></con:request><con:wsaConfig mustUnderstand="NONE" version="200508" action="http://tempuri.org/IIntegracion/AceptarDocumentosRadicadosNotificacionDIAN"/></con:call></con:operation><con:operation id="2174429d-d1e0-4946-847e-9e09fc13cb48" isOneWay="false" action="http://tempuri.org/IIntegracion/ActualizaEstadoNotificadoDocumentosIO" name="ActualizaEstadoNotificadoDocumentosIO" bindingOperationName="ActualizaEstadoNotificadoDocumentosIO" type="Request-Response" inputName="" receivesAttachments="false" sendsAttachments="false" anonymous="optional"><con:settings/><con:call id="30b1a427-3bcd-430c-8789-1a0a3b6daf99" name="Request 1"><con:settings/><con:encoding>UTF-8</con:encoding><con:endpoint>http://testws.facturaenlinea.co/ServiciosFyM/eBill/Integracion.svc</con:endpoint><con:request><![CDATA[<soapenv:Envelope xmlns:soapenv="http://schemas.xmlsoap.org/soap/envelope/" xmlns:tem="http://tempuri.org/" xmlns:ebil="http://schemas.datacontract.org/2004/07/eBillCore">\r
   <soapenv:Header/>\r
   <soapenv:Body>\r
      <tem:ActualizaEstadoNotificadoDocumentosIO>\r
         <!--Optional:-->\r
         <tem:Documentos>\r
            <!--Zero or more repetitions:-->\r
            <ebil:RespuestaDocumentoInterop>\r
               <!--Optional:-->\r
               <ebil:FechaCreacion>?</ebil:FechaCreacion>\r
               <!--Optional:-->\r
               <ebil:IdDocumento>?</ebil:IdDocumento>\r
               <!--Optional:-->\r
               <ebil:IdEmpresa>?</ebil:IdEmpresa>\r
               <!--Optional:-->\r
               <ebil:IdEstadoActual>?</ebil:IdEstadoActual>\r
               <!--Optional:-->\r
               <ebil:JSONRespuesta>?</ebil:JSONRespuesta>\r
               <!--Optional:-->\r
               <ebil:TipoInteroperabilidad>?</ebil:TipoInteroperabilidad>\r
               <!--Optional:-->\r
               <ebil:TipoRespuestaIO>?</ebil:TipoRespuestaIO>\r
               <!--Optional:-->\r
               <ebil:TrackId>?</ebil:TrackId>\r
               <!--Optional:-->\r
               <ebil:XMLAplicationResponse>?</ebil:XMLAplicationResponse>\r
            </ebil:RespuestaDocumentoInterop>\r
         </tem:Documentos>\r
         <!--Optional:-->\r
         <tem:Token>?</tem:Token>\r
      </tem:ActualizaEstadoNotificadoDocumentosIO>\r
   </soapenv:Body>\r
</soapenv:Envelope>]]></con:request><con:wsaConfig mustUnderstand="NONE" version="200508" action="http://tempuri.org/IIntegracion/ActualizaEstadoNotificadoDocumentosIO"/></con:call></con:operation><con:operation id="91395a1d-f029-487a-b65e-7d303e21a771" isOneWay="false" action="http://tempuri.org/IIntegracion/ActualizarDocumentosDatoContabilzacion" name="ActualizarDocumentosDatoContabilzacion" bindingOperationName="ActualizarDocumentosDatoContabilzacion" type="Request-Response" inputName="" receivesAttachments="false" sendsAttachments="false" anonymous="optional"><con:settings/><con:call id="1a027c31-0bbe-44a0-8009-6238b1a3963e" name="Request 1"><con:settings/><con:encoding>UTF-8</con:encoding><con:endpoint>http://testws.facturaenlinea.co/ServiciosFyM/eBill/Integracion.svc</con:endpoint><con:request><![CDATA[<soapenv:Envelope xmlns:soapenv="http://schemas.xmlsoap.org/soap/envelope/" xmlns:tem="http://tempuri.org/">\r
   <soapenv:Header/>\r
   <soapenv:Body>\r
      <tem:ActualizarDocumentosDatoContabilzacion>\r
         <!--Optional:-->\r
         <tem:NitReceptor>?</tem:NitReceptor>\r
         <!--Optional:-->\r
         <tem:NitEmisor>?</tem:NitEmisor>\r
         <!--Optional:-->\r
         <tem:NumeroSAP>?</tem:NumeroSAP>\r
         <!--Optional:-->\r
         <tem:Prefijo>?</tem:Prefijo>\r
         <!--Optional:-->\r
         <tem:Numero>?</tem:Numero>\r
         <!--Optional:-->\r
         <tem:Token>?</tem:Token>\r
      </tem:ActualizarDocumentosDatoContabilzacion>\r
   </soapenv:Body>\r
</soapenv:Envelope>]]></con:request><con:wsaConfig mustUnderstand="NONE" version="200508" action="http://tempuri.org/IIntegracion/ActualizarDocumentosDatoContabilzacion"/></con:call></con:operation><con:operation id="3ed280f3-3afd-41b7-bf0d-bf31f68170af" isOneWay="false" action="http://tempuri.org/IIntegracion/ActualizarEstadoFacturasRadicadasRecepcion" name="ActualizarEstadoFacturasRadicadasRecepcion" bindingOperationName="ActualizarEstadoFacturasRadicadasRecepcion" type="Request-Response" inputName="" receivesAttachments="false" sendsAttachments="false" anonymous="optional"><con:settings/><con:call id="bf51d26a-c72e-4378-bb51-b0da4cd678a6" name="Request 1"><con:settings/><con:encoding>UTF-8</con:encoding><con:endpoint>http://testws.facturaenlinea.co/ServiciosFyM/eBill/Integracion.svc</con:endpoint><con:request><![CDATA[<soapenv:Envelope xmlns:soapenv="http://schemas.xmlsoap.org/soap/envelope/" xmlns:tem="http://tempuri.org/" xmlns:ebil="http://schemas.datacontract.org/2004/07/eBillCore">\r
   <soapenv:Header/>\r
   <soapenv:Body>\r
      <tem:ActualizarEstadoFacturasRadicadasRecepcion>\r
         <!--Optional:-->\r
         <tem:FacCab>\r
            <!--Zero or more repetitions:-->\r
            <ebil:CFDCabConexionDocRec>\r
               <!--Optional:-->\r
               <ebil:IdFactura>?</ebil:IdFactura>\r
               <!--Optional:-->\r
               <ebil:NitCliente>?</ebil:NitCliente>\r
            </ebil:CFDCabConexionDocRec>\r
         </tem:FacCab>\r
         <!--Optional:-->\r
         <tem:Opciones>\r
            <!--Optional:-->\r
            <ebil:ActualizaProductos>?</ebil:ActualizaProductos>\r
            <!--Optional:-->\r
            <ebil:CalculaReteCree>?</ebil:CalculaReteCree>\r
            <!--Optional:-->\r
            <ebil:CalculaReteFuente>?</ebil:CalculaReteFuente>\r
            <!--Optional:-->\r
            <ebil:CalculaReteICA>?</ebil:CalculaReteICA>\r
            <!--Optional:-->\r
            <ebil:CalculaReteIVA>?</ebil:CalculaReteIVA>\r
            <!--Optional:-->\r
            <ebil:EmisionAutomatica>?</ebil:EmisionAutomatica>\r
            <!--Optional:-->\r
            <ebil:FacturasSinAcuerdo>?</ebil:FacturasSinAcuerdo>\r
            <!--Optional:-->\r
            <ebil:ModeloXAceptacion>?</ebil:ModeloXAceptacion>\r
            <!--Optional:-->\r
            <ebil:NotasRelacionadas>?</ebil:NotasRelacionadas>\r
            <!--Optional:-->\r
            <ebil:OrderControl>?</ebil:OrderControl>\r
            <!--Optional:-->\r
            <ebil:TieneAcuerdosFisicos>?</ebil:TieneAcuerdosFisicos>\r
            <!--Optional:-->\r
            <ebil:TokenConexion>?</ebil:TokenConexion>\r
            <!--Optional:-->\r
            <ebil:eBillAdmNumerosFactura>?</ebil:eBillAdmNumerosFactura>\r
         </tem:Opciones>\r
      </tem:ActualizarEstadoFacturasRadicadasRecepcion>\r
   </soapenv:Body>\r
</soapenv:Envelope>]]></con:request><con:wsaConfig mustUnderstand="NONE" version="200508" action="http://tempuri.org/IIntegracion/ActualizarEstadoFacturasRadicadasRecepcion"/></con:call></con:operation><con:operation id="9af3c2d2-8e42-4cff-a5a5-bd9c45f4fdba" isOneWay="false" action="http://tempuri.org/IIntegracion/ActualizarEstadosOCRecepcion" name="ActualizarEstadosOCRecepcion" bindingOperationName="ActualizarEstadosOCRecepcion" type="Request-Response" inputName="" receivesAttachments="false" sendsAttachments="false" anonymous="optional"><con:settings/><con:call id="38ada121-04f0-4b1f-a7ad-34c36d9295db" name="Request 1"><con:settings/><con:encoding>UTF-8</con:encoding><con:endpoint>http://testws.facturaenlinea.co/ServiciosFyM/eBill/Integracion.svc</con:endpoint><con:request><![CDATA[<soapenv:Envelope xmlns:soapenv="http://schemas.xmlsoap.org/soap/envelope/" xmlns:tem="http://tempuri.org/" xmlns:ebil="http://schemas.datacontract.org/2004/07/eBillCore">\r
   <soapenv:Header/>\r
   <soapenv:Body>\r
      <tem:ActualizarEstadosOCRecepcion>\r
         <!--Optional:-->\r
         <tem:FacCab>\r
            <!--Optional:-->\r
            <ebil:AnoAprobacionRes>?</ebil:AnoAprobacionRes>\r
            <!--Optional:-->\r
            <ebil:Base_Impuesto>?</ebil:Base_Impuesto>\r
            <!--Optional:-->\r
            <ebil:CFD_EST_estado_tramit>?</ebil:CFD_EST_estado_tramit>\r
            <!--Optional:-->\r
            <ebil:CFD_Flete>?</ebil:CFD_Flete>\r
            <!--Optional:-->\r
            <ebil:CFD_OtrosCargos>?</ebil:CFD_OtrosCargos>\r
            <!--Optional:-->\r
            <ebil:CFD_Por_Margen>?</ebil:CFD_Por_Margen>\r
            <!--Optional:-->\r
            <ebil:CFD_ResponseCode>?</ebil:CFD_ResponseCode>\r
            <!--Optional:-->\r
            <ebil:CFD_base_ICA_total>?</ebil:CFD_base_ICA_total>\r
            <!--Optional:-->\r
            <ebil:CFD_base_impo_total_nal>?</ebil:CFD_base_impo_total_nal>\r
            <!--Optional:-->\r
            <ebil:CFD_base_impo_total_reg>?</ebil:CFD_base_impo_total_reg>\r
            <!--Optional:-->\r
            <ebil:CFD_campo_texto_10>?</ebil:CFD_campo_texto_10>\r
            <!--Optional:-->\r
            <ebil:CFD_campo_texto_11>?</ebil:CFD_campo_texto_11>\r
            <!--Optional:-->\r
            <ebil:CFD_campo_texto_12>?</ebil:CFD_campo_texto_12>\r
            <!--Optional:-->\r
            <ebil:CFD_campo_texto_13>?</ebil:CFD_campo_texto_13>\r
            <!--Optional:-->\r
            <ebil:CFD_campo_texto_14>?</ebil:CFD_campo_texto_14>\r
            <!--Optional:-->\r
            <ebil:CFD_campo_texto_15>?</ebil:CFD_campo_texto_15>\r
            <!--Optional:-->\r
            <ebil:CFD_campo_texto_16>?</ebil:CFD_campo_texto_16>\r
            <!--Optional:-->\r
            <ebil:CFD_campo_texto_17>?</ebil:CFD_campo_texto_17>\r
            <!--Optional:-->\r
            <ebil:CFD_campo_texto_18>?</ebil:CFD_campo_texto_18>\r
            <!--Optional:-->\r
            <ebil:CFD_campo_texto_19>?</ebil:CFD_campo_texto_19>\r
            <!--Optional:-->\r
            <ebil:CFD_campo_texto_20>?</ebil:CFD_campo_texto_20>\r
            <!--Optional:-->\r
            <ebil:CFD_campo_texto_21>?</ebil:CFD_campo_texto_21>\r
            <!--Optional:-->\r
            <ebil:CFD_campo_texto_22>?</ebil:CFD_campo_texto_22>\r
            <!--Optional:-->\r
            <ebil:CFD_campo_texto_23>?</ebil:CFD_campo_texto_23>\r
            <!--Optional:-->\r
            <ebil:CFD_campo_texto_24>?</ebil:CFD_campo_texto_24>\r
            <!--Optional:-->\r
            <ebil:CFD_campo_texto_25>?</ebil:CFD_campo_texto_25>\r
            <!--Optional:-->\r
            <ebil:CFD_campo_texto_26>?</ebil:CFD_campo_texto_26>\r
            <!--Optional:-->\r
            <ebil:CFD_campo_texto_27>?</ebil:CFD_campo_texto_27>\r
            <!--Optional:-->\r
            <ebil:CFD_campo_texto_28>?</ebil:CFD_campo_texto_28>\r
            <!--Optional:-->\r
            <ebil:CFD_campo_texto_29>?</ebil:CFD_campo_texto_29>\r
            <!--Optional:-->\r
            <ebil:CFD_campo_texto_30>?</ebil:CFD_campo_texto_30>\r
            <!--Optional:-->\r
            <ebil:CFD_campo_texto_9>?</ebil:CFD_campo_texto_9>\r
            <!--Optional:-->\r
            <ebil:CFD_cantidad_dec_1>?</ebil:CFD_cantidad_dec_1>\r
            <!--Optional:-->\r
            <ebil:CFD_cantidad_dec_10>?</ebil:CFD_cantidad_dec_10>\r
            <!--Optional:-->\r
            <ebil:CFD_cantidad_dec_11>?</ebil:CFD_cantidad_dec_11>\r
            <!--Optional:-->\r
            <ebil:CFD_cantidad_dec_12>?</ebil:CFD_cantidad_dec_12>\r
            <!--Optional:-->\r
            <ebil:CFD_cantidad_dec_13>?</ebil:CFD_cantidad_dec_13>\r
            <!--Optional:-->\r
            <ebil:CFD_cantidad_dec_14>?</ebil:CFD_cantidad_dec_14>\r
            <!--Optional:-->\r
            <ebil:CFD_cantidad_dec_15>?</ebil:CFD_cantidad_dec_15>\r
            <!--Optional:-->\r
            <ebil:CFD_cantidad_dec_16>?</ebil:CFD_cantidad_dec_16>\r
            <!--Optional:-->\r
            <ebil:CFD_cantidad_dec_17>?</ebil:CFD_cantidad_dec_17>\r
            <!--Optional:-->\r
            <ebil:CFD_cantidad_dec_18>?</ebil:CFD_cantidad_dec_18>\r
            <!--Optional:-->\r
            <ebil:CFD_cantidad_dec_19>?</ebil:CFD_cantidad_dec_19>\r
            <!--Optional:-->\r
            <ebil:CFD_cantidad_dec_20>?</ebil:CFD_cantidad_dec_20>\r
            <!--Optional:-->\r
            <ebil:CFD_cantidad_dec_21>?</ebil:CFD_cantidad_dec_21>\r
            <!--Optional:-->\r
            <ebil:CFD_cantidad_dec_22>?</ebil:CFD_cantidad_dec_22>\r
            <!--Optional:-->\r
            <ebil:CFD_cantidad_dec_23>?</ebil:CFD_cantidad_dec_23>\r
            <!--Optional:-->\r
            <ebil:CFD_cantidad_dec_24>?</ebil:CFD_cantidad_dec_24>\r
            <!--Optional:-->\r
            <ebil:CFD_cantidad_dec_25>?</ebil:CFD_cantidad_dec_25>\r
            <!--Optional:-->\r
            <ebil:CFD_cantidad_dec_4>?</ebil:CFD_cantidad_dec_4>\r
            <!--Optional:-->\r
            <ebil:CFD_cantidad_dec_5>?</ebil:CFD_cantidad_dec_5>\r
            <!--Optional:-->\r
            <ebil:CFD_cantidad_dec_6>?</ebil:CFD_cantidad_dec_6>\r
            <!--Optional:-->\r
            <ebil:CFD_cantidad_dec_7>?</ebil:CFD_cantidad_dec_7>\r
            <!--Optional:-->\r
            <ebil:CFD_cantidad_dec_8>?</ebil:CFD_cantidad_dec_8>\r
            <!--Optional:-->\r
            <ebil:CFD_cantidad_dec_9>?</ebil:CFD_cantidad_dec_9>\r
            <!--Optional:-->\r
            <ebil:CFD_deducible>?</ebil:CFD_deducible>\r
            <!--Optional:-->\r
            <ebil:CFD_desconexion_servicio>?</ebil:CFD_desconexion_servicio>\r
            <!--Optional:-->\r
            <ebil:CFD_fecha_desconexion>?</ebil:CFD_fecha_desconexion>\r
            <!--Optional:-->\r
            <ebil:CFD_fecha_tasadeCambio>?</ebil:CFD_fecha_tasadeCambio>\r
            <!--Optional:-->\r
            <ebil:CFD_numero_enlace_doc_ref>?</ebil:CFD_numero_enlace_doc_ref>\r
            <!--Optional:-->\r
            <ebil:CFD_porc_rte_ICA>?</ebil:CFD_porc_rte_ICA>\r
            <!--Optional:-->\r
            <ebil:CFD_porc_rte_fuent>?</ebil:CFD_porc_rte_fuent>\r
            <!--Optional:-->\r
            <ebil:CFD_tasa_mora>?</ebil:CFD_tasa_mora>\r
            <!--Optional:-->\r
            <ebil:CFD_tdi_id_tipo_doc_interno>?</ebil:CFD_tdi_id_tipo_doc_interno>\r
            <!--Optional:-->\r
            <ebil:CFD_total_ICA>?</ebil:CFD_total_ICA>\r
            <!--Optional:-->\r
            <ebil:CFD_total_aduana_exp>?</ebil:CFD_total_aduana_exp>\r
            <!--Optional:-->\r
            <ebil:CFD_total_cargos>?</ebil:CFD_total_cargos>\r
            <!--Optional:-->\r
            <ebil:CFD_total_descuentos>?</ebil:CFD_total_descuentos>\r
            <!--Optional:-->\r
            <ebil:CFD_total_margen>?</ebil:CFD_total_margen>\r
            <!--Optional:-->\r
            <ebil:CFD_total_seguro_exp>?</ebil:CFD_total_seguro_exp>\r
            <!--Optional:-->\r
            <ebil:CLI_numero_cliente>?</ebil:CLI_numero_cliente>\r
            <!--Optional:-->\r
            <ebil:CREETotal>?</ebil:CREETotal>\r
            <!--Optional:-->\r
            <ebil:CampoTexto1>?</ebil:CampoTexto1>\r
            <!--Optional:-->\r
            <ebil:CampoTexto2>?</ebil:CampoTexto2>\r
            <!--Optional:-->\r
            <ebil:CampoTexto3>?</ebil:CampoTexto3>\r
            <!--Optional:-->\r
            <ebil:CampoTexto4>?</ebil:CampoTexto4>\r
            <!--Optional:-->\r
            <ebil:CampoTexto5>?</ebil:CampoTexto5>\r
            <!--Optional:-->\r
            <ebil:CampoTexto6>?</ebil:CampoTexto6>\r
            <!--Optional:-->\r
            <ebil:CampoTexto7>?</ebil:CampoTexto7>\r
            <!--Optional:-->\r
            <ebil:CampoTexto8>?</ebil:CampoTexto8>\r
            <!--Optional:-->\r
            <ebil:Cantidad1>?</ebil:Cantidad1>\r
            <!--Optional:-->\r
            <ebil:Cantidad2>?</ebil:Cantidad2>\r
            <!--Optional:-->\r
            <ebil:Cantidad3>?</ebil:Cantidad3>\r
            <!--Optional:-->\r
            <ebil:CantidadDec1>?</ebil:CantidadDec1>\r
            <!--Optional:-->\r
            <ebil:CantidadDec2>?</ebil:CantidadDec2>\r
            <!--Optional:-->\r
            <ebil:CantidadDec3>?</ebil:CantidadDec3>\r
            <!--Optional:-->\r
            <ebil:CiudadDANE>?</ebil:CiudadDANE>\r
            <!--Optional:-->\r
            <ebil:CodVendedor>?</ebil:CodVendedor>\r
            <!--Optional:-->\r
            <ebil:CodigoPostalCliente>?</ebil:CodigoPostalCliente>\r
            <!--Optional:-->\r
            <ebil:CodigoPostalEnvio>?</ebil:CodigoPostalEnvio>\r
            <!--Optional:-->\r
            <ebil:ComprobanteCon>?</ebil:ComprobanteCon>\r
            <!--Optional:-->\r
            <ebil:Condiciones_Pago>?</ebil:Condiciones_Pago>\r
            <!--Optional:-->\r
            <ebil:ContactoCargo>?</ebil:ContactoCargo>\r
            <!--Optional:-->\r
            <ebil:ContactoCorreo>?</ebil:ContactoCorreo>\r
            <!--Optional:-->\r
            <ebil:ContactoNombre>?</ebil:ContactoNombre>\r
            <!--Optional:-->\r
            <ebil:CorreoCliente>?</ebil:CorreoCliente>\r
            <!--Optional:-->\r
            <ebil:DepartamentoDANE>?</ebil:DepartamentoDANE>\r
            <!--Optional:-->\r
            <ebil:DescripcionPlan>?</ebil:DescripcionPlan>\r
            <!--Optional:-->\r
            <ebil:Descuento>?</ebil:Descuento>\r
            <!--Optional:-->\r
            <ebil:DigitoVerificaCliente>?</ebil:DigitoVerificaCliente>\r
            <!--Optional:-->\r
            <ebil:DireccionCliente>?</ebil:DireccionCliente>\r
            <!--Optional:-->\r
            <ebil:EstiloFactura>?</ebil:EstiloFactura>\r
            <!--Optional:-->\r
            <ebil:FechaExpedicion>?</ebil:FechaExpedicion>\r
            <!--Optional:-->\r
            <ebil:FechaFinalPeriodoFacturado>?</ebil:FechaFinalPeriodoFacturado>\r
            <!--Optional:-->\r
            <ebil:FechaInicialPeriodoFacturado>?</ebil:FechaInicialPeriodoFacturado>\r
            <!--Optional:-->\r
            <ebil:FechaVencimiento>?</ebil:FechaVencimiento>\r
            <!--Optional:-->\r
            <ebil:FormaPago>?</ebil:FormaPago>\r
            <!--Optional:-->\r
            <ebil:IDInterno>?</ebil:IDInterno>\r
            <!--Optional:-->\r
            <ebil:IDUbicacionCliente>?</ebil:IDUbicacionCliente>\r
            <!--Optional:-->\r
            <ebil:IDUbicacionEnvio>?</ebil:IDUbicacionEnvio>\r
            <!--Optional:-->\r
            <ebil:IdPlan>?</ebil:IdPlan>\r
            <!--Optional:-->\r
            <ebil:IdSucursal>?</ebil:IdSucursal>\r
            <!--Optional:-->\r
            <ebil:Incoterm>?</ebil:Incoterm>\r
            <!--Optional:-->\r
            <ebil:InfoAdicional>?</ebil:InfoAdicional>\r
            <!--Optional:-->\r
            <ebil:LugarTerminosEntrega>?</ebil:LugarTerminosEntrega>\r
            <!--Optional:-->\r
            <ebil:MesCausado>?</ebil:MesCausado>\r
            <!--Optional:-->\r
            <ebil:MonedaISO>?</ebil:MonedaISO>\r
            <!--Optional:-->\r
            <ebil:NitCliente>?</ebil:NitCliente>\r
            <!--Optional:-->\r
            <ebil:NitEmpresa>?</ebil:NitEmpresa>\r
            <!--Optional:-->\r
            <ebil:NombreCliente>?</ebil:NombreCliente>\r
            <!--Optional:-->\r
            <ebil:NombrePlan>?</ebil:NombrePlan>\r
            <!--Optional:-->\r
            <ebil:NombreVendedor>?</ebil:NombreVendedor>\r
            <!--Optional:-->\r
            <ebil:NumAprobacionRes>?</ebil:NumAprobacionRes>\r
            <!--Optional:-->\r
            <ebil:NumFactura>?</ebil:NumFactura>\r
            <!--Optional:-->\r
            <ebil:OrderID>?</ebil:OrderID>\r
            <!--Optional:-->\r
            <ebil:PAI_ISO_3166>?</ebil:PAI_ISO_3166>\r
            <!--Optional:-->\r
            <ebil:PagoAnterior>?</ebil:PagoAnterior>\r
            <!--Optional:-->\r
            <ebil:Prefijo>?</ebil:Prefijo>\r
            <!--Optional:-->\r
            <ebil:ReferenciaCliente>?</ebil:ReferenciaCliente>\r
            <!--Optional:-->\r
            <ebil:RetencionCREETotal>?</ebil:RetencionCREETotal>\r
            <!--Optional:-->\r
            <ebil:SMSXDoc>?</ebil:SMSXDoc>\r
            <!--Optional:-->\r
            <ebil:SaldoAnterior>?</ebil:SaldoAnterior>\r
            <!--Optional:-->\r
            <ebil:SubTotal>?</ebil:SubTotal>\r
            <!--Optional:-->\r
            <ebil:SubTotalSegunMon>?</ebil:SubTotalSegunMon>\r
            <!--Optional:-->\r
            <ebil:Sucursal>?</ebil:Sucursal>\r
            <!--Optional:-->\r
            <ebil:TIP_id_tipo_persona>?</ebil:TIP_id_tipo_persona>\r
            <!--Optional:-->\r
            <ebil:TasaCambio>?</ebil:TasaCambio>\r
            <!--Optional:-->\r
            <ebil:TelefonoCliente>?</ebil:TelefonoCliente>\r
            <!--Optional:-->\r
            <ebil:Texto3>?</ebil:Texto3>\r
            <!--Optional:-->\r
            <ebil:TieneAcuerdo>?</ebil:TieneAcuerdo>\r
            <!--Optional:-->\r
            <ebil:TipoComprobante>?</ebil:TipoComprobante>\r
            <!--Optional:-->\r
            <ebil:TipoContribuyente>?</ebil:TipoContribuyente>\r
            <!--Optional:-->\r
            <ebil:TipoIDCliente>?</ebil:TipoIDCliente>\r
            <!--Optional:-->\r
            <ebil:Total>?</ebil:Total>\r
            <!--Optional:-->\r
            <ebil:TotalIVA>?</ebil:TotalIVA>\r
            <!--Optional:-->\r
            <ebil:TotalIVASegunMon>?</ebil:TotalIVASegunMon>\r
            <!--Optional:-->\r
            <ebil:TotalRetICA>?</ebil:TotalRetICA>\r
            <!--Optional:-->\r
            <ebil:TotalRetIVA>?</ebil:TotalRetIVA>\r
            <!--Optional:-->\r
            <ebil:TotalRetencion>?</ebil:TotalRetencion>\r
            <!--Optional:-->\r
            <ebil:TotalSegunMon>?</ebil:TotalSegunMon>\r
            <!--Optional:-->\r
            <ebil:TotalTraslado>?</ebil:TotalTraslado>\r
            <!--Optional:-->\r
            <ebil:Total_a_Pagar>?</ebil:Total_a_Pagar>\r
            <!--Optional:-->\r
            <ebil:ValorHasta1>?</ebil:ValorHasta1>\r
            <!--Optional:-->\r
            <ebil:ValorHasta2>?</ebil:ValorHasta2>\r
            <!--Optional:-->\r
            <ebil:ValorHasta3>?</ebil:ValorHasta3>\r
            <!--Optional:-->\r
            <ebil:ValorHasta4>?</ebil:ValorHasta4>\r
            <!--Optional:-->\r
            <ebil:cfd_activa_nota1>?</ebil:cfd_activa_nota1>\r
            <!--Optional:-->\r
            <ebil:ciudad_envio>?</ebil:ciudad_envio>\r
            <!--Optional:-->\r
            <ebil:code1>?</ebil:code1>\r
            <!--Optional:-->\r
            <ebil:code2>?</ebil:code2>\r
            <!--Optional:-->\r
            <ebil:code3>?</ebil:code3>\r
            <!--Optional:-->\r
            <ebil:curso>?</ebil:curso>\r
            <!--Optional:-->\r
            <ebil:departamento_envio>?</ebil:departamento_envio>\r
            <!--Optional:-->\r
            <ebil:direccion_envio>?</ebil:direccion_envio>\r
            <!--Optional:-->\r
            <ebil:numero_envio>?</ebil:numero_envio>\r
            <!--Optional:-->\r
            <ebil:orden_venta>?</ebil:orden_venta>\r
            <!--Optional:-->\r
            <ebil:pague_hasta1>?</ebil:pague_hasta1>\r
            <!--Optional:-->\r
            <ebil:pague_hasta2>?</ebil:pague_hasta2>\r
            <!--Optional:-->\r
            <ebil:pague_hasta3>?</ebil:pague_hasta3>\r
            <!--Optional:-->\r
            <ebil:referencia>?</ebil:referencia>\r
            <!--Optional:-->\r
            <ebil:referencia1>?</ebil:referencia1>\r
            <!--Optional:-->\r
            <ebil:referencia_envio>?</ebil:referencia_envio>\r
            <!--Optional:-->\r
            <ebil:telefono_envio>?</ebil:telefono_envio>\r
         </tem:FacCab>\r
         <!--Optional:-->\r
         <tem:Opciones>\r
            <!--Optional:-->\r
            <ebil:ActualizaProductos>?</ebil:ActualizaProductos>\r
            <!--Optional:-->\r
            <ebil:BuscarXNitXIdInterno>?</ebil:BuscarXNitXIdInterno>\r
            <!--Optional:-->\r
            <ebil:EmisionAutomatica>?</ebil:EmisionAutomatica>\r
            <!--Optional:-->\r
            <ebil:EmisionAutomaticaFXComputador>?</ebil:EmisionAutomaticaFXComputador>\r
            <!--Optional:-->\r
            <ebil:FacturasSinAcuerdo>?</ebil:FacturasSinAcuerdo>\r
            <!--Optional:-->\r
            <ebil:ManejaPlantillasNotificacion>?</ebil:ManejaPlantillasNotificacion>\r
            <!--Optional:-->\r
            <ebil:NoAdjuntarArchivo>?</ebil:NoAdjuntarArchivo>\r
            <!--Optional:-->\r
            <ebil:NoTieneAcuerdosFisicos>?</ebil:NoTieneAcuerdosFisicos>\r
            <!--Optional:-->\r
            <ebil:OrderControl>?</ebil:OrderControl>\r
            <!--Optional:-->\r
            <ebil:TipoCargaDetalle>?</ebil:TipoCargaDetalle>\r
            <!--Optional:-->\r
            <ebil:TipoDocumento>?</ebil:TipoDocumento>\r
            <!--Optional:-->\r
            <ebil:TokenConexion>?</ebil:TokenConexion>\r
            <!--Optional:-->\r
            <ebil:crearVIP>?</ebil:crearVIP>\r
            <!--Optional:-->\r
            <ebil:eBillAdmNumerosFactura>?</ebil:eBillAdmNumerosFactura>\r
         </tem:Opciones>\r
         <!--Optional:-->\r
         <tem:CodRep>?</tem:CodRep>\r
         <!--Optional:-->\r
         <tem:tipoEstado>?</tem:tipoEstado>\r
      </tem:ActualizarEstadosOCRecepcion>\r
   </soapenv:Body>\r
</soapenv:Envelope>]]></con:request><con:wsaConfig mustUnderstand="NONE" version="200508" action="http://tempuri.org/IIntegracion/ActualizarEstadosOCRecepcion"/></con:call></con:operation><con:operation id="cc961c8a-a777-41c9-9013-9eef5bd47806" isOneWay="false" action="http://tempuri.org/IIntegracion/ActualizarFechaParametro" name="ActualizarFechaParametro" bindingOperationName="ActualizarFechaParametro" type="Request-Response" inputName="" receivesAttachments="false" sendsAttachments="false" anonymous="optional"><con:settings/><con:call id="698c0205-aec2-43f7-a287-7b2471c9138f" name="Request 1"><con:settings/><con:encoding>UTF-8</con:encoding><con:endpoint>http://testws.facturaenlinea.co/ServiciosFyM/eBill/Integracion.svc</con:endpoint><con:request><![CDATA[<soapenv:Envelope xmlns:soapenv="http://schemas.xmlsoap.org/soap/envelope/" xmlns:tem="http://tempuri.org/">\r
   <soapenv:Header/>\r
   <soapenv:Body>\r
      <tem:ActualizarFechaParametro>\r
         <!--Optional:-->\r
         <tem:IdDocumento>?</tem:IdDocumento>\r
         <!--Optional:-->\r
         <tem:Fecha>?</tem:Fecha>\r
         <!--Optional:-->\r
         <tem:token>?</tem:token>\r
      </tem:ActualizarFechaParametro>\r
   </soapenv:Body>\r
</soapenv:Envelope>]]></con:request><con:wsaConfig mustUnderstand="NONE" version="200508" action="http://tempuri.org/IIntegracion/ActualizarFechaParametro"/></con:call></con:operation><con:operation id="ced0994e-c1a8-46ed-bb97-645736bc0a7a" isOneWay="false" action="http://tempuri.org/IIntegracion/AcuerdoEBillVigente" name="AcuerdoEBillVigente" bindingOperationName="AcuerdoEBillVigente" type="Request-Response" inputName="" receivesAttachments="false" sendsAttachments="false" anonymous="optional"><con:settings/><con:call id="ad6111bf-3695-4e04-a2b7-44f0df163239" name="Request 1"><con:settings/><con:encoding>UTF-8</con:encoding><con:endpoint>http://testws.facturaenlinea.co/ServiciosFyM/eBill/Integracion.svc</con:endpoint><con:request><![CDATA[<soapenv:Envelope xmlns:soapenv="http://schemas.xmlsoap.org/soap/envelope/" xmlns:tem="http://tempuri.org/">\r
   <soapenv:Header/>\r
   <soapenv:Body>\r
      <tem:AcuerdoEBillVigente>\r
         <!--Optional:-->\r
         <tem:NitObligado>?</tem:NitObligado>\r
         <!--Optional:-->\r
         <tem:NitAdquiriente>?</tem:NitAdquiriente>\r
      </tem:AcuerdoEBillVigente>\r
   </soapenv:Body>\r
</soapenv:Envelope>]]></con:request><con:wsaConfig mustUnderstand="NONE" version="200508" action="http://tempuri.org/IIntegracion/AcuerdoEBillVigente"/></con:call></con:operation><con:operation id="98c9eee4-08e4-4aed-8240-bc6c02550383" isOneWay="false" action="http://tempuri.org/IIntegracion/AcuseReciboDocumentosRadicadosNotificacionDIAN" name="AcuseReciboDocumentosRadicadosNotificacionDIAN" bindingOperationName="AcuseReciboDocumentosRadicadosNotificacionDIAN" type="Request-Response" inputName="" receivesAttachments="false" sendsAttachments="false" anonymous="optional"><con:settings/><con:call id="167f2e0c-023c-4a36-8ffb-5e75f53dddd7" name="Request 1"><con:settings/><con:encoding>UTF-8</con:encoding><con:endpoint>http://testws.facturaenlinea.co/ServiciosFyM/eBill/Integracion.svc</con:endpoint><con:request><![CDATA[<soapenv:Envelope xmlns:soapenv="http://schemas.xmlsoap.org/soap/envelope/" xmlns:tem="http://tempuri.org/" xmlns:ebil="http://schemas.datacontract.org/2004/07/eBillCore">\r
   <soapenv:Header/>\r
   <soapenv:Body>\r
      <tem:AcuseReciboDocumentosRadicadosNotificacionDIAN>\r
         <!--Optional:-->\r
         <tem:FacCab>\r
            <!--Optional:-->\r
            <ebil:AnoAprobacionRes>?</ebil:AnoAprobacionRes>\r
            <!--Optional:-->\r
            <ebil:Base_Impuesto>?</ebil:Base_Impuesto>\r
            <!--Optional:-->\r
            <ebil:CFD_EST_estado_tramit>?</ebil:CFD_EST_estado_tramit>\r
            <!--Optional:-->\r
            <ebil:CFD_Flete>?</ebil:CFD_Flete>\r
            <!--Optional:-->\r
            <ebil:CFD_OtrosCargos>?</ebil:CFD_OtrosCargos>\r
            <!--Optional:-->\r
            <ebil:CFD_Por_Margen>?</ebil:CFD_Por_Margen>\r
            <!--Optional:-->\r
            <ebil:CFD_ResponseCode>?</ebil:CFD_ResponseCode>\r
            <!--Optional:-->\r
            <ebil:CFD_base_ICA_total>?</ebil:CFD_base_ICA_total>\r
            <!--Optional:-->\r
            <ebil:CFD_base_impo_total_nal>?</ebil:CFD_base_impo_total_nal>\r
            <!--Optional:-->\r
            <ebil:CFD_base_impo_total_reg>?</ebil:CFD_base_impo_total_reg>\r
            <!--Optional:-->\r
            <ebil:CFD_campo_texto_10>?</ebil:CFD_campo_texto_10>\r
            <!--Optional:-->\r
            <ebil:CFD_campo_texto_11>?</ebil:CFD_campo_texto_11>\r
            <!--Optional:-->\r
            <ebil:CFD_campo_texto_12>?</ebil:CFD_campo_texto_12>\r
            <!--Optional:-->\r
            <ebil:CFD_campo_texto_13>?</ebil:CFD_campo_texto_13>\r
            <!--Optional:-->\r
            <ebil:CFD_campo_texto_14>?</ebil:CFD_campo_texto_14>\r
            <!--Optional:-->\r
            <ebil:CFD_campo_texto_15>?</ebil:CFD_campo_texto_15>\r
            <!--Optional:-->\r
            <ebil:CFD_campo_texto_16>?</ebil:CFD_campo_texto_16>\r
            <!--Optional:-->\r
            <ebil:CFD_campo_texto_17>?</ebil:CFD_campo_texto_17>\r
            <!--Optional:-->\r
            <ebil:CFD_campo_texto_18>?</ebil:CFD_campo_texto_18>\r
            <!--Optional:-->\r
            <ebil:CFD_campo_texto_19>?</ebil:CFD_campo_texto_19>\r
            <!--Optional:-->\r
            <ebil:CFD_campo_texto_20>?</ebil:CFD_campo_texto_20>\r
            <!--Optional:-->\r
            <ebil:CFD_campo_texto_21>?</ebil:CFD_campo_texto_21>\r
            <!--Optional:-->\r
            <ebil:CFD_campo_texto_22>?</ebil:CFD_campo_texto_22>\r
            <!--Optional:-->\r
            <ebil:CFD_campo_texto_23>?</ebil:CFD_campo_texto_23>\r
            <!--Optional:-->\r
            <ebil:CFD_campo_texto_24>?</ebil:CFD_campo_texto_24>\r
            <!--Optional:-->\r
            <ebil:CFD_campo_texto_25>?</ebil:CFD_campo_texto_25>\r
            <!--Optional:-->\r
            <ebil:CFD_campo_texto_26>?</ebil:CFD_campo_texto_26>\r
            <!--Optional:-->\r
            <ebil:CFD_campo_texto_27>?</ebil:CFD_campo_texto_27>\r
            <!--Optional:-->\r
            <ebil:CFD_campo_texto_28>?</ebil:CFD_campo_texto_28>\r
            <!--Optional:-->\r
            <ebil:CFD_campo_texto_29>?</ebil:CFD_campo_texto_29>\r
            <!--Optional:-->\r
            <ebil:CFD_campo_texto_30>?</ebil:CFD_campo_texto_30>\r
            <!--Optional:-->\r
            <ebil:CFD_campo_texto_9>?</ebil:CFD_campo_texto_9>\r
            <!--Optional:-->\r
            <ebil:CFD_cantidad_dec_1>?</ebil:CFD_cantidad_dec_1>\r
            <!--Optional:-->\r
            <ebil:CFD_cantidad_dec_10>?</ebil:CFD_cantidad_dec_10>\r
            <!--Optional:-->\r
            <ebil:CFD_cantidad_dec_11>?</ebil:CFD_cantidad_dec_11>\r
            <!--Optional:-->\r
            <ebil:CFD_cantidad_dec_12>?</ebil:CFD_cantidad_dec_12>\r
            <!--Optional:-->\r
            <ebil:CFD_cantidad_dec_13>?</ebil:CFD_cantidad_dec_13>\r
            <!--Optional:-->\r
            <ebil:CFD_cantidad_dec_14>?</ebil:CFD_cantidad_dec_14>\r
            <!--Optional:-->\r
            <ebil:CFD_cantidad_dec_15>?</ebil:CFD_cantidad_dec_15>\r
            <!--Optional:-->\r
            <ebil:CFD_cantidad_dec_16>?</ebil:CFD_cantidad_dec_16>\r
            <!--Optional:-->\r
            <ebil:CFD_cantidad_dec_17>?</ebil:CFD_cantidad_dec_17>\r
            <!--Optional:-->\r
            <ebil:CFD_cantidad_dec_18>?</ebil:CFD_cantidad_dec_18>\r
            <!--Optional:-->\r
            <ebil:CFD_cantidad_dec_19>?</ebil:CFD_cantidad_dec_19>\r
            <!--Optional:-->\r
            <ebil:CFD_cantidad_dec_20>?</ebil:CFD_cantidad_dec_20>\r
            <!--Optional:-->\r
            <ebil:CFD_cantidad_dec_21>?</ebil:CFD_cantidad_dec_21>\r
            <!--Optional:-->\r
            <ebil:CFD_cantidad_dec_22>?</ebil:CFD_cantidad_dec_22>\r
            <!--Optional:-->\r
            <ebil:CFD_cantidad_dec_23>?</ebil:CFD_cantidad_dec_23>\r
            <!--Optional:-->\r
            <ebil:CFD_cantidad_dec_24>?</ebil:CFD_cantidad_dec_24>\r
            <!--Optional:-->\r
            <ebil:CFD_cantidad_dec_25>?</ebil:CFD_cantidad_dec_25>\r
            <!--Optional:-->\r
            <ebil:CFD_cantidad_dec_4>?</ebil:CFD_cantidad_dec_4>\r
            <!--Optional:-->\r
            <ebil:CFD_cantidad_dec_5>?</ebil:CFD_cantidad_dec_5>\r
            <!--Optional:-->\r
            <ebil:CFD_cantidad_dec_6>?</ebil:CFD_cantidad_dec_6>\r
            <!--Optional:-->\r
            <ebil:CFD_cantidad_dec_7>?</ebil:CFD_cantidad_dec_7>\r
            <!--Optional:-->\r
            <ebil:CFD_cantidad_dec_8>?</ebil:CFD_cantidad_dec_8>\r
            <!--Optional:-->\r
            <ebil:CFD_cantidad_dec_9>?</ebil:CFD_cantidad_dec_9>\r
            <!--Optional:-->\r
            <ebil:CFD_deducible>?</ebil:CFD_deducible>\r
            <!--Optional:-->\r
            <ebil:CFD_desconexion_servicio>?</ebil:CFD_desconexion_servicio>\r
            <!--Optional:-->\r
            <ebil:CFD_fecha_desconexion>?</ebil:CFD_fecha_desconexion>\r
            <!--Optional:-->\r
            <ebil:CFD_fecha_tasadeCambio>?</ebil:CFD_fecha_tasadeCambio>\r
            <!--Optional:-->\r
            <ebil:CFD_numero_enlace_doc_ref>?</ebil:CFD_numero_enlace_doc_ref>\r
            <!--Optional:-->\r
            <ebil:CFD_porc_rte_ICA>?</ebil:CFD_porc_rte_ICA>\r
            <!--Optional:-->\r
            <ebil:CFD_porc_rte_fuent>?</ebil:CFD_porc_rte_fuent>\r
            <!--Optional:-->\r
            <ebil:CFD_tasa_mora>?</ebil:CFD_tasa_mora>\r
            <!--Optional:-->\r
            <ebil:CFD_tdi_id_tipo_doc_interno>?</ebil:CFD_tdi_id_tipo_doc_interno>\r
            <!--Optional:-->\r
            <ebil:CFD_total_ICA>?</ebil:CFD_total_ICA>\r
            <!--Optional:-->\r
            <ebil:CFD_total_aduana_exp>?</ebil:CFD_total_aduana_exp>\r
            <!--Optional:-->\r
            <ebil:CFD_total_cargos>?</ebil:CFD_total_cargos>\r
            <!--Optional:-->\r
            <ebil:CFD_total_descuentos>?</ebil:CFD_total_descuentos>\r
            <!--Optional:-->\r
            <ebil:CFD_total_margen>?</ebil:CFD_total_margen>\r
            <!--Optional:-->\r
            <ebil:CFD_total_seguro_exp>?</ebil:CFD_total_seguro_exp>\r
            <!--Optional:-->\r
            <ebil:CLI_numero_cliente>?</ebil:CLI_numero_cliente>\r
            <!--Optional:-->\r
            <ebil:CREETotal>?</ebil:CREETotal>\r
            <!--Optional:-->\r
            <ebil:CampoTexto1>?</ebil:CampoTexto1>\r
            <!--Optional:-->\r
            <ebil:CampoTexto2>?</ebil:CampoTexto2>\r
            <!--Optional:-->\r
            <ebil:CampoTexto3>?</ebil:CampoTexto3>\r
            <!--Optional:-->\r
            <ebil:CampoTexto4>?</ebil:CampoTexto4>\r
            <!--Optional:-->\r
            <ebil:CampoTexto5>?</ebil:CampoTexto5>\r
            <!--Optional:-->\r
            <ebil:CampoTexto6>?</ebil:CampoTexto6>\r
            <!--Optional:-->\r
            <ebil:CampoTexto7>?</ebil:CampoTexto7>\r
            <!--Optional:-->\r
            <ebil:CampoTexto8>?</ebil:CampoTexto8>\r
            <!--Optional:-->\r
            <ebil:Cantidad1>?</ebil:Cantidad1>\r
            <!--Optional:-->\r
            <ebil:Cantidad2>?</ebil:Cantidad2>\r
            <!--Optional:-->\r
            <ebil:Cantidad3>?</ebil:Cantidad3>\r
            <!--Optional:-->\r
            <ebil:CantidadDec1>?</ebil:CantidadDec1>\r
            <!--Optional:-->\r
            <ebil:CantidadDec2>?</ebil:CantidadDec2>\r
            <!--Optional:-->\r
            <ebil:CantidadDec3>?</ebil:CantidadDec3>\r
            <!--Optional:-->\r
            <ebil:CiudadDANE>?</ebil:CiudadDANE>\r
            <!--Optional:-->\r
            <ebil:CodVendedor>?</ebil:CodVendedor>\r
            <!--Optional:-->\r
            <ebil:CodigoPostalCliente>?</ebil:CodigoPostalCliente>\r
            <!--Optional:-->\r
            <ebil:CodigoPostalEnvio>?</ebil:CodigoPostalEnvio>\r
            <!--Optional:-->\r
            <ebil:ComprobanteCon>?</ebil:ComprobanteCon>\r
            <!--Optional:-->\r
            <ebil:Condiciones_Pago>?</ebil:Condiciones_Pago>\r
            <!--Optional:-->\r
            <ebil:ContactoCargo>?</ebil:ContactoCargo>\r
            <!--Optional:-->\r
            <ebil:ContactoCorreo>?</ebil:ContactoCorreo>\r
            <!--Optional:-->\r
            <ebil:ContactoNombre>?</ebil:ContactoNombre>\r
            <!--Optional:-->\r
            <ebil:CorreoCliente>?</ebil:CorreoCliente>\r
            <!--Optional:-->\r
            <ebil:DepartamentoDANE>?</ebil:DepartamentoDANE>\r
            <!--Optional:-->\r
            <ebil:DescripcionPlan>?</ebil:DescripcionPlan>\r
            <!--Optional:-->\r
            <ebil:Descuento>?</ebil:Descuento>\r
            <!--Optional:-->\r
            <ebil:DigitoVerificaCliente>?</ebil:DigitoVerificaCliente>\r
            <!--Optional:-->\r
            <ebil:DireccionCliente>?</ebil:DireccionCliente>\r
            <!--Optional:-->\r
            <ebil:EstiloFactura>?</ebil:EstiloFactura>\r
            <!--Optional:-->\r
            <ebil:FechaExpedicion>?</ebil:FechaExpedicion>\r
            <!--Optional:-->\r
            <ebil:FechaFinalPeriodoFacturado>?</ebil:FechaFinalPeriodoFacturado>\r
            <!--Optional:-->\r
            <ebil:FechaInicialPeriodoFacturado>?</ebil:FechaInicialPeriodoFacturado>\r
            <!--Optional:-->\r
            <ebil:FechaVencimiento>?</ebil:FechaVencimiento>\r
            <!--Optional:-->\r
            <ebil:FormaPago>?</ebil:FormaPago>\r
            <!--Optional:-->\r
            <ebil:IDInterno>?</ebil:IDInterno>\r
            <!--Optional:-->\r
            <ebil:IDUbicacionCliente>?</ebil:IDUbicacionCliente>\r
            <!--Optional:-->\r
            <ebil:IDUbicacionEnvio>?</ebil:IDUbicacionEnvio>\r
            <!--Optional:-->\r
            <ebil:IdPlan>?</ebil:IdPlan>\r
            <!--Optional:-->\r
            <ebil:IdSucursal>?</ebil:IdSucursal>\r
            <!--Optional:-->\r
            <ebil:Incoterm>?</ebil:Incoterm>\r
            <!--Optional:-->\r
            <ebil:InfoAdicional>?</ebil:InfoAdicional>\r
            <!--Optional:-->\r
            <ebil:LugarTerminosEntrega>?</ebil:LugarTerminosEntrega>\r
            <!--Optional:-->\r
            <ebil:MesCausado>?</ebil:MesCausado>\r
            <!--Optional:-->\r
            <ebil:MonedaISO>?</ebil:MonedaISO>\r
            <!--Optional:-->\r
            <ebil:NitCliente>?</ebil:NitCliente>\r
            <!--Optional:-->\r
            <ebil:NitEmpresa>?</ebil:NitEmpresa>\r
            <!--Optional:-->\r
            <ebil:NombreCliente>?</ebil:NombreCliente>\r
            <!--Optional:-->\r
            <ebil:NombrePlan>?</ebil:NombrePlan>\r
            <!--Optional:-->\r
            <ebil:NombreVendedor>?</ebil:NombreVendedor>\r
            <!--Optional:-->\r
            <ebil:NumAprobacionRes>?</ebil:NumAprobacionRes>\r
            <!--Optional:-->\r
            <ebil:NumFactura>?</ebil:NumFactura>\r
            <!--Optional:-->\r
            <ebil:OrderID>?</ebil:OrderID>\r
            <!--Optional:-->\r
            <ebil:PAI_ISO_3166>?</ebil:PAI_ISO_3166>\r
            <!--Optional:-->\r
            <ebil:PagoAnterior>?</ebil:PagoAnterior>\r
            <!--Optional:-->\r
            <ebil:Prefijo>?</ebil:Prefijo>\r
            <!--Optional:-->\r
            <ebil:ReferenciaCliente>?</ebil:ReferenciaCliente>\r
            <!--Optional:-->\r
            <ebil:RetencionCREETotal>?</ebil:RetencionCREETotal>\r
            <!--Optional:-->\r
            <ebil:SMSXDoc>?</ebil:SMSXDoc>\r
            <!--Optional:-->\r
            <ebil:SaldoAnterior>?</ebil:SaldoAnterior>\r
            <!--Optional:-->\r
            <ebil:SubTotal>?</ebil:SubTotal>\r
            <!--Optional:-->\r
            <ebil:SubTotalSegunMon>?</ebil:SubTotalSegunMon>\r
            <!--Optional:-->\r
            <ebil:Sucursal>?</ebil:Sucursal>\r
            <!--Optional:-->\r
            <ebil:TIP_id_tipo_persona>?</ebil:TIP_id_tipo_persona>\r
            <!--Optional:-->\r
            <ebil:TasaCambio>?</ebil:TasaCambio>\r
            <!--Optional:-->\r
            <ebil:TelefonoCliente>?</ebil:TelefonoCliente>\r
            <!--Optional:-->\r
            <ebil:Texto3>?</ebil:Texto3>\r
            <!--Optional:-->\r
            <ebil:TieneAcuerdo>?</ebil:TieneAcuerdo>\r
            <!--Optional:-->\r
            <ebil:TipoComprobante>?</ebil:TipoComprobante>\r
            <!--Optional:-->\r
            <ebil:TipoContribuyente>?</ebil:TipoContribuyente>\r
            <!--Optional:-->\r
            <ebil:TipoIDCliente>?</ebil:TipoIDCliente>\r
            <!--Optional:-->\r
            <ebil:Total>?</ebil:Total>\r
            <!--Optional:-->\r
            <ebil:TotalIVA>?</ebil:TotalIVA>\r
            <!--Optional:-->\r
            <ebil:TotalIVASegunMon>?</ebil:TotalIVASegunMon>\r
            <!--Optional:-->\r
            <ebil:TotalRetICA>?</ebil:TotalRetICA>\r
            <!--Optional:-->\r
            <ebil:TotalRetIVA>?</ebil:TotalRetIVA>\r
            <!--Optional:-->\r
            <ebil:TotalRetencion>?</ebil:TotalRetencion>\r
            <!--Optional:-->\r
            <ebil:TotalSegunMon>?</ebil:TotalSegunMon>\r
            <!--Optional:-->\r
            <ebil:TotalTraslado>?</ebil:TotalTraslado>\r
            <!--Optional:-->\r
            <ebil:Total_a_Pagar>?</ebil:Total_a_Pagar>\r
            <!--Optional:-->\r
            <ebil:ValorHasta1>?</ebil:ValorHasta1>\r
            <!--Optional:-->\r
            <ebil:ValorHasta2>?</ebil:ValorHasta2>\r
            <!--Optional:-->\r
            <ebil:ValorHasta3>?</ebil:ValorHasta3>\r
            <!--Optional:-->\r
            <ebil:ValorHasta4>?</ebil:ValorHasta4>\r
            <!--Optional:-->\r
            <ebil:cfd_activa_nota1>?</ebil:cfd_activa_nota1>\r
            <!--Optional:-->\r
            <ebil:ciudad_envio>?</ebil:ciudad_envio>\r
            <!--Optional:-->\r
            <ebil:code1>?</ebil:code1>\r
            <!--Optional:-->\r
            <ebil:code2>?</ebil:code2>\r
            <!--Optional:-->\r
            <ebil:code3>?</ebil:code3>\r
            <!--Optional:-->\r
            <ebil:curso>?</ebil:curso>\r
            <!--Optional:-->\r
            <ebil:departamento_envio>?</ebil:departamento_envio>\r
            <!--Optional:-->\r
            <ebil:direccion_envio>?</ebil:direccion_envio>\r
            <!--Optional:-->\r
            <ebil:numero_envio>?</ebil:numero_envio>\r
            <!--Optional:-->\r
            <ebil:orden_venta>?</ebil:orden_venta>\r
            <!--Optional:-->\r
            <ebil:pague_hasta1>?</ebil:pague_hasta1>\r
            <!--Optional:-->\r
            <ebil:pague_hasta2>?</ebil:pague_hasta2>\r
            <!--Optional:-->\r
            <ebil:pague_hasta3>?</ebil:pague_hasta3>\r
            <!--Optional:-->\r
            <ebil:referencia>?</ebil:referencia>\r
            <!--Optional:-->\r
            <ebil:referencia1>?</ebil:referencia1>\r
            <!--Optional:-->\r
            <ebil:referencia_envio>?</ebil:referencia_envio>\r
            <!--Optional:-->\r
            <ebil:telefono_envio>?</ebil:telefono_envio>\r
         </tem:FacCab>\r
         <!--Optional:-->\r
         <tem:Opciones>\r
            <!--Optional:-->\r
            <ebil:ActualizaProductos>?</ebil:ActualizaProductos>\r
            <!--Optional:-->\r
            <ebil:BuscarXNitXIdInterno>?</ebil:BuscarXNitXIdInterno>\r
            <!--Optional:-->\r
            <ebil:EmisionAutomatica>?</ebil:EmisionAutomatica>\r
            <!--Optional:-->\r
            <ebil:EmisionAutomaticaFXComputador>?</ebil:EmisionAutomaticaFXComputador>\r
            <!--Optional:-->\r
            <ebil:FacturasSinAcuerdo>?</ebil:FacturasSinAcuerdo>\r
            <!--Optional:-->\r
            <ebil:ManejaPlantillasNotificacion>?</ebil:ManejaPlantillasNotificacion>\r
            <!--Optional:-->\r
            <ebil:NoAdjuntarArchivo>?</ebil:NoAdjuntarArchivo>\r
            <!--Optional:-->\r
            <ebil:NoTieneAcuerdosFisicos>?</ebil:NoTieneAcuerdosFisicos>\r
            <!--Optional:-->\r
            <ebil:OrderControl>?</ebil:OrderControl>\r
            <!--Optional:-->\r
            <ebil:TipoCargaDetalle>?</ebil:TipoCargaDetalle>\r
            <!--Optional:-->\r
            <ebil:TipoDocumento>?</ebil:TipoDocumento>\r
            <!--Optional:-->\r
            <ebil:TokenConexion>?</ebil:TokenConexion>\r
            <!--Optional:-->\r
            <ebil:crearVIP>?</ebil:crearVIP>\r
            <!--Optional:-->\r
            <ebil:eBillAdmNumerosFactura>?</ebil:eBillAdmNumerosFactura>\r
         </tem:Opciones>\r
         <!--Optional:-->\r
         <tem:sNombreAprobador>?</tem:sNombreAprobador>\r
         <!--Optional:-->\r
         <tem:sCorreoAprobador>?</tem:sCorreoAprobador>\r
      </tem:AcuseReciboDocumentosRadicadosNotificacionDIAN>\r
   </soapenv:Body>\r
</soapenv:Envelope>]]></con:request><con:wsaConfig mustUnderstand="NONE" version="200508" action="http://tempuri.org/IIntegracion/AcuseReciboDocumentosRadicadosNotificacionDIAN"/></con:call></con:operation><con:operation id="b98a3ac1-5243-4fcc-8d6e-c3b5af7db941" isOneWay="false" action="http://tempuri.org/IIntegracion/AgregaQRToPDFDocumentoElectronico" name="AgregaQRToPDFDocumentoElectronico" bindingOperationName="AgregaQRToPDFDocumentoElectronico" type="Request-Response" inputName="" receivesAttachments="false" sendsAttachments="false" anonymous="optional"><con:settings/><con:call id="4087862a-ccef-423b-bdcd-488873ecc56c" name="Request 1"><con:settings/><con:encoding>UTF-8</con:encoding><con:endpoint>http://testws.facturaenlinea.co/ServiciosFyM/eBill/Integracion.svc</con:endpoint><con:request><![CDATA[<soapenv:Envelope xmlns:soapenv="http://schemas.xmlsoap.org/soap/envelope/" xmlns:tem="http://tempuri.org/" xmlns:ebil="http://schemas.datacontract.org/2004/07/eBillCore">\r
   <soapenv:Header/>\r
   <soapenv:Body>\r
      <tem:AgregaQRToPDFDocumentoElectronico>\r
         <!--Optional:-->\r
         <tem:FacCab>\r
            <!--Optional:-->\r
            <ebil:AnoAprobacionRes>?</ebil:AnoAprobacionRes>\r
            <!--Optional:-->\r
            <ebil:Base_Impuesto>?</ebil:Base_Impuesto>\r
            <!--Optional:-->\r
            <ebil:CFD_EST_estado_tramit>?</ebil:CFD_EST_estado_tramit>\r
            <!--Optional:-->\r
            <ebil:CFD_Flete>?</ebil:CFD_Flete>\r
            <!--Optional:-->\r
            <ebil:CFD_OtrosCargos>?</ebil:CFD_OtrosCargos>\r
            <!--Optional:-->\r
            <ebil:CFD_Por_Margen>?</ebil:CFD_Por_Margen>\r
            <!--Optional:-->\r
            <ebil:CFD_ResponseCode>?</ebil:CFD_ResponseCode>\r
            <!--Optional:-->\r
            <ebil:CFD_base_ICA_total>?</ebil:CFD_base_ICA_total>\r
            <!--Optional:-->\r
            <ebil:CFD_base_impo_total_nal>?</ebil:CFD_base_impo_total_nal>\r
            <!--Optional:-->\r
            <ebil:CFD_base_impo_total_reg>?</ebil:CFD_base_impo_total_reg>\r
            <!--Optional:-->\r
            <ebil:CFD_campo_texto_10>?</ebil:CFD_campo_texto_10>\r
            <!--Optional:-->\r
            <ebil:CFD_campo_texto_11>?</ebil:CFD_campo_texto_11>\r
            <!--Optional:-->\r
            <ebil:CFD_campo_texto_12>?</ebil:CFD_campo_texto_12>\r
            <!--Optional:-->\r
            <ebil:CFD_campo_texto_13>?</ebil:CFD_campo_texto_13>\r
            <!--Optional:-->\r
            <ebil:CFD_campo_texto_14>?</ebil:CFD_campo_texto_14>\r
            <!--Optional:-->\r
            <ebil:CFD_campo_texto_15>?</ebil:CFD_campo_texto_15>\r
            <!--Optional:-->\r
            <ebil:CFD_campo_texto_16>?</ebil:CFD_campo_texto_16>\r
            <!--Optional:-->\r
            <ebil:CFD_campo_texto_17>?</ebil:CFD_campo_texto_17>\r
            <!--Optional:-->\r
            <ebil:CFD_campo_texto_18>?</ebil:CFD_campo_texto_18>\r
            <!--Optional:-->\r
            <ebil:CFD_campo_texto_19>?</ebil:CFD_campo_texto_19>\r
            <!--Optional:-->\r
            <ebil:CFD_campo_texto_20>?</ebil:CFD_campo_texto_20>\r
            <!--Optional:-->\r
            <ebil:CFD_campo_texto_21>?</ebil:CFD_campo_texto_21>\r
            <!--Optional:-->\r
            <ebil:CFD_campo_texto_22>?</ebil:CFD_campo_texto_22>\r
            <!--Optional:-->\r
            <ebil:CFD_campo_texto_23>?</ebil:CFD_campo_texto_23>\r
            <!--Optional:-->\r
            <ebil:CFD_campo_texto_24>?</ebil:CFD_campo_texto_24>\r
            <!--Optional:-->\r
            <ebil:CFD_campo_texto_25>?</ebil:CFD_campo_texto_25>\r
            <!--Optional:-->\r
            <ebil:CFD_campo_texto_26>?</ebil:CFD_campo_texto_26>\r
            <!--Optional:-->\r
            <ebil:CFD_campo_texto_27>?</ebil:CFD_campo_texto_27>\r
            <!--Optional:-->\r
            <ebil:CFD_campo_texto_28>?</ebil:CFD_campo_texto_28>\r
            <!--Optional:-->\r
            <ebil:CFD_campo_texto_29>?</ebil:CFD_campo_texto_29>\r
            <!--Optional:-->\r
            <ebil:CFD_campo_texto_30>?</ebil:CFD_campo_texto_30>\r
            <!--Optional:-->\r
            <ebil:CFD_campo_texto_9>?</ebil:CFD_campo_texto_9>\r
            <!--Optional:-->\r
            <ebil:CFD_cantidad_dec_1>?</ebil:CFD_cantidad_dec_1>\r
            <!--Optional:-->\r
            <ebil:CFD_cantidad_dec_10>?</ebil:CFD_cantidad_dec_10>\r
            <!--Optional:-->\r
            <ebil:CFD_cantidad_dec_11>?</ebil:CFD_cantidad_dec_11>\r
            <!--Optional:-->\r
            <ebil:CFD_cantidad_dec_12>?</ebil:CFD_cantidad_dec_12>\r
            <!--Optional:-->\r
            <ebil:CFD_cantidad_dec_13>?</ebil:CFD_cantidad_dec_13>\r
            <!--Optional:-->\r
            <ebil:CFD_cantidad_dec_14>?</ebil:CFD_cantidad_dec_14>\r
            <!--Optional:-->\r
            <ebil:CFD_cantidad_dec_15>?</ebil:CFD_cantidad_dec_15>\r
            <!--Optional:-->\r
            <ebil:CFD_cantidad_dec_16>?</ebil:CFD_cantidad_dec_16>\r
            <!--Optional:-->\r
            <ebil:CFD_cantidad_dec_17>?</ebil:CFD_cantidad_dec_17>\r
            <!--Optional:-->\r
            <ebil:CFD_cantidad_dec_18>?</ebil:CFD_cantidad_dec_18>\r
            <!--Optional:-->\r
            <ebil:CFD_cantidad_dec_19>?</ebil:CFD_cantidad_dec_19>\r
            <!--Optional:-->\r
            <ebil:CFD_cantidad_dec_20>?</ebil:CFD_cantidad_dec_20>\r
            <!--Optional:-->\r
            <ebil:CFD_cantidad_dec_21>?</ebil:CFD_cantidad_dec_21>\r
            <!--Optional:-->\r
            <ebil:CFD_cantidad_dec_22>?</ebil:CFD_cantidad_dec_22>\r
            <!--Optional:-->\r
            <ebil:CFD_cantidad_dec_23>?</ebil:CFD_cantidad_dec_23>\r
            <!--Optional:-->\r
            <ebil:CFD_cantidad_dec_24>?</ebil:CFD_cantidad_dec_24>\r
            <!--Optional:-->\r
            <ebil:CFD_cantidad_dec_25>?</ebil:CFD_cantidad_dec_25>\r
            <!--Optional:-->\r
            <ebil:CFD_cantidad_dec_4>?</ebil:CFD_cantidad_dec_4>\r
            <!--Optional:-->\r
            <ebil:CFD_cantidad_dec_5>?</ebil:CFD_cantidad_dec_5>\r
            <!--Optional:-->\r
            <ebil:CFD_cantidad_dec_6>?</ebil:CFD_cantidad_dec_6>\r
            <!--Optional:-->\r
            <ebil:CFD_cantidad_dec_7>?</ebil:CFD_cantidad_dec_7>\r
            <!--Optional:-->\r
            <ebil:CFD_cantidad_dec_8>?</ebil:CFD_cantidad_dec_8>\r
            <!--Optional:-->\r
            <ebil:CFD_cantidad_dec_9>?</ebil:CFD_cantidad_dec_9>\r
            <!--Optional:-->\r
            <ebil:CFD_deducible>?</ebil:CFD_deducible>\r
            <!--Optional:-->\r
            <ebil:CFD_desconexion_servicio>?</ebil:CFD_desconexion_servicio>\r
            <!--Optional:-->\r
            <ebil:CFD_fecha_desconexion>?</ebil:CFD_fecha_desconexion>\r
            <!--Optional:-->\r
            <ebil:CFD_fecha_tasadeCambio>?</ebil:CFD_fecha_tasadeCambio>\r
            <!--Optional:-->\r
            <ebil:CFD_numero_enlace_doc_ref>?</ebil:CFD_numero_enlace_doc_ref>\r
            <!--Optional:-->\r
            <ebil:CFD_porc_rte_ICA>?</ebil:CFD_porc_rte_ICA>\r
            <!--Optional:-->\r
            <ebil:CFD_porc_rte_fuent>?</ebil:CFD_porc_rte_fuent>\r
            <!--Optional:-->\r
            <ebil:CFD_tasa_mora>?</ebil:CFD_tasa_mora>\r
            <!--Optional:-->\r
            <ebil:CFD_tdi_id_tipo_doc_interno>?</ebil:CFD_tdi_id_tipo_doc_interno>\r
            <!--Optional:-->\r
            <ebil:CFD_total_ICA>?</ebil:CFD_total_ICA>\r
            <!--Optional:-->\r
            <ebil:CFD_total_aduana_exp>?</ebil:CFD_total_aduana_exp>\r
            <!--Optional:-->\r
            <ebil:CFD_total_cargos>?</ebil:CFD_total_cargos>\r
            <!--Optional:-->\r
            <ebil:CFD_total_descuentos>?</ebil:CFD_total_descuentos>\r
            <!--Optional:-->\r
            <ebil:CFD_total_margen>?</ebil:CFD_total_margen>\r
            <!--Optional:-->\r
            <ebil:CFD_total_seguro_exp>?</ebil:CFD_total_seguro_exp>\r
            <!--Optional:-->\r
            <ebil:CLI_numero_cliente>?</ebil:CLI_numero_cliente>\r
            <!--Optional:-->\r
            <ebil:CREETotal>?</ebil:CREETotal>\r
            <!--Optional:-->\r
            <ebil:CampoTexto1>?</ebil:CampoTexto1>\r
            <!--Optional:-->\r
            <ebil:CampoTexto2>?</ebil:CampoTexto2>\r
            <!--Optional:-->\r
            <ebil:CampoTexto3>?</ebil:CampoTexto3>\r
            <!--Optional:-->\r
            <ebil:CampoTexto4>?</ebil:CampoTexto4>\r
            <!--Optional:-->\r
            <ebil:CampoTexto5>?</ebil:CampoTexto5>\r
            <!--Optional:-->\r
            <ebil:CampoTexto6>?</ebil:CampoTexto6>\r
            <!--Optional:-->\r
            <ebil:CampoTexto7>?</ebil:CampoTexto7>\r
            <!--Optional:-->\r
            <ebil:CampoTexto8>?</ebil:CampoTexto8>\r
            <!--Optional:-->\r
            <ebil:Cantidad1>?</ebil:Cantidad1>\r
            <!--Optional:-->\r
            <ebil:Cantidad2>?</ebil:Cantidad2>\r
            <!--Optional:-->\r
            <ebil:Cantidad3>?</ebil:Cantidad3>\r
            <!--Optional:-->\r
            <ebil:CantidadDec1>?</ebil:CantidadDec1>\r
            <!--Optional:-->\r
            <ebil:CantidadDec2>?</ebil:CantidadDec2>\r
            <!--Optional:-->\r
            <ebil:CantidadDec3>?</ebil:CantidadDec3>\r
            <!--Optional:-->\r
            <ebil:CiudadDANE>?</ebil:CiudadDANE>\r
            <!--Optional:-->\r
            <ebil:CodVendedor>?</ebil:CodVendedor>\r
            <!--Optional:-->\r
            <ebil:CodigoPostalCliente>?</ebil:CodigoPostalCliente>\r
            <!--Optional:-->\r
            <ebil:CodigoPostalEnvio>?</ebil:CodigoPostalEnvio>\r
            <!--Optional:-->\r
            <ebil:ComprobanteCon>?</ebil:ComprobanteCon>\r
            <!--Optional:-->\r
            <ebil:Condiciones_Pago>?</ebil:Condiciones_Pago>\r
            <!--Optional:-->\r
            <ebil:ContactoCargo>?</ebil:ContactoCargo>\r
            <!--Optional:-->\r
            <ebil:ContactoCorreo>?</ebil:ContactoCorreo>\r
            <!--Optional:-->\r
            <ebil:ContactoNombre>?</ebil:ContactoNombre>\r
            <!--Optional:-->\r
            <ebil:CorreoCliente>?</ebil:CorreoCliente>\r
            <!--Optional:-->\r
            <ebil:DepartamentoDANE>?</ebil:DepartamentoDANE>\r
            <!--Optional:-->\r
            <ebil:DescripcionPlan>?</ebil:DescripcionPlan>\r
            <!--Optional:-->\r
            <ebil:Descuento>?</ebil:Descuento>\r
            <!--Optional:-->\r
            <ebil:DigitoVerificaCliente>?</ebil:DigitoVerificaCliente>\r
            <!--Optional:-->\r
            <ebil:DireccionCliente>?</ebil:DireccionCliente>\r
            <!--Optional:-->\r
            <ebil:EstiloFactura>?</ebil:EstiloFactura>\r
            <!--Optional:-->\r
            <ebil:FechaExpedicion>?</ebil:FechaExpedicion>\r
            <!--Optional:-->\r
            <ebil:FechaFinalPeriodoFacturado>?</ebil:FechaFinalPeriodoFacturado>\r
            <!--Optional:-->\r
            <ebil:FechaInicialPeriodoFacturado>?</ebil:FechaInicialPeriodoFacturado>\r
            <!--Optional:-->\r
            <ebil:FechaVencimiento>?</ebil:FechaVencimiento>\r
            <!--Optional:-->\r
            <ebil:FormaPago>?</ebil:FormaPago>\r
            <!--Optional:-->\r
            <ebil:IDInterno>?</ebil:IDInterno>\r
            <!--Optional:-->\r
            <ebil:IDUbicacionCliente>?</ebil:IDUbicacionCliente>\r
            <!--Optional:-->\r
            <ebil:IDUbicacionEnvio>?</ebil:IDUbicacionEnvio>\r
            <!--Optional:-->\r
            <ebil:IdPlan>?</ebil:IdPlan>\r
            <!--Optional:-->\r
            <ebil:IdSucursal>?</ebil:IdSucursal>\r
            <!--Optional:-->\r
            <ebil:Incoterm>?</ebil:Incoterm>\r
            <!--Optional:-->\r
            <ebil:InfoAdicional>?</ebil:InfoAdicional>\r
            <!--Optional:-->\r
            <ebil:LugarTerminosEntrega>?</ebil:LugarTerminosEntrega>\r
            <!--Optional:-->\r
            <ebil:MesCausado>?</ebil:MesCausado>\r
            <!--Optional:-->\r
            <ebil:MonedaISO>?</ebil:MonedaISO>\r
            <!--Optional:-->\r
            <ebil:NitCliente>?</ebil:NitCliente>\r
            <!--Optional:-->\r
            <ebil:NitEmpresa>?</ebil:NitEmpresa>\r
            <!--Optional:-->\r
            <ebil:NombreCliente>?</ebil:NombreCliente>\r
            <!--Optional:-->\r
            <ebil:NombrePlan>?</ebil:NombrePlan>\r
            <!--Optional:-->\r
            <ebil:NombreVendedor>?</ebil:NombreVendedor>\r
            <!--Optional:-->\r
            <ebil:NumAprobacionRes>?</ebil:NumAprobacionRes>\r
            <!--Optional:-->\r
            <ebil:NumFactura>?</ebil:NumFactura>\r
            <!--Optional:-->\r
            <ebil:OrderID>?</ebil:OrderID>\r
            <!--Optional:-->\r
            <ebil:PAI_ISO_3166>?</ebil:PAI_ISO_3166>\r
            <!--Optional:-->\r
            <ebil:PagoAnterior>?</ebil:PagoAnterior>\r
            <!--Optional:-->\r
            <ebil:Prefijo>?</ebil:Prefijo>\r
            <!--Optional:-->\r
            <ebil:ReferenciaCliente>?</ebil:ReferenciaCliente>\r
            <!--Optional:-->\r
            <ebil:RetencionCREETotal>?</ebil:RetencionCREETotal>\r
            <!--Optional:-->\r
            <ebil:SMSXDoc>?</ebil:SMSXDoc>\r
            <!--Optional:-->\r
            <ebil:SaldoAnterior>?</ebil:SaldoAnterior>\r
            <!--Optional:-->\r
            <ebil:SubTotal>?</ebil:SubTotal>\r
            <!--Optional:-->\r
            <ebil:SubTotalSegunMon>?</ebil:SubTotalSegunMon>\r
            <!--Optional:-->\r
            <ebil:Sucursal>?</ebil:Sucursal>\r
            <!--Optional:-->\r
            <ebil:TIP_id_tipo_persona>?</ebil:TIP_id_tipo_persona>\r
            <!--Optional:-->\r
            <ebil:TasaCambio>?</ebil:TasaCambio>\r
            <!--Optional:-->\r
            <ebil:TelefonoCliente>?</ebil:TelefonoCliente>\r
            <!--Optional:-->\r
            <ebil:Texto3>?</ebil:Texto3>\r
            <!--Optional:-->\r
            <ebil:TieneAcuerdo>?</ebil:TieneAcuerdo>\r
            <!--Optional:-->\r
            <ebil:TipoComprobante>?</ebil:TipoComprobante>\r
            <!--Optional:-->\r
            <ebil:TipoContribuyente>?</ebil:TipoContribuyente>\r
            <!--Optional:-->\r
            <ebil:TipoIDCliente>?</ebil:TipoIDCliente>\r
            <!--Optional:-->\r
            <ebil:Total>?</ebil:Total>\r
            <!--Optional:-->\r
            <ebil:TotalIVA>?</ebil:TotalIVA>\r
            <!--Optional:-->\r
            <ebil:TotalIVASegunMon>?</ebil:TotalIVASegunMon>\r
            <!--Optional:-->\r
            <ebil:TotalRetICA>?</ebil:TotalRetICA>\r
            <!--Optional:-->\r
            <ebil:TotalRetIVA>?</ebil:TotalRetIVA>\r
            <!--Optional:-->\r
            <ebil:TotalRetencion>?</ebil:TotalRetencion>\r
            <!--Optional:-->\r
            <ebil:TotalSegunMon>?</ebil:TotalSegunMon>\r
            <!--Optional:-->\r
            <ebil:TotalTraslado>?</ebil:TotalTraslado>\r
            <!--Optional:-->\r
            <ebil:Total_a_Pagar>?</ebil:Total_a_Pagar>\r
            <!--Optional:-->\r
            <ebil:ValorHasta1>?</ebil:ValorHasta1>\r
            <!--Optional:-->\r
            <ebil:ValorHasta2>?</ebil:ValorHasta2>\r
            <!--Optional:-->\r
            <ebil:ValorHasta3>?</ebil:ValorHasta3>\r
            <!--Optional:-->\r
            <ebil:ValorHasta4>?</ebil:ValorHasta4>\r
            <!--Optional:-->\r
            <ebil:cfd_activa_nota1>?</ebil:cfd_activa_nota1>\r
            <!--Optional:-->\r
            <ebil:ciudad_envio>?</ebil:ciudad_envio>\r
            <!--Optional:-->\r
            <ebil:code1>?</ebil:code1>\r
            <!--Optional:-->\r
            <ebil:code2>?</ebil:code2>\r
            <!--Optional:-->\r
            <ebil:code3>?</ebil:code3>\r
            <!--Optional:-->\r
            <ebil:curso>?</ebil:curso>\r
            <!--Optional:-->\r
            <ebil:departamento_envio>?</ebil:departamento_envio>\r
            <!--Optional:-->\r
            <ebil:direccion_envio>?</ebil:direccion_envio>\r
            <!--Optional:-->\r
            <ebil:numero_envio>?</ebil:numero_envio>\r
            <!--Optional:-->\r
            <ebil:orden_venta>?</ebil:orden_venta>\r
            <!--Optional:-->\r
            <ebil:pague_hasta1>?</ebil:pague_hasta1>\r
            <!--Optional:-->\r
            <ebil:pague_hasta2>?</ebil:pague_hasta2>\r
            <!--Optional:-->\r
            <ebil:pague_hasta3>?</ebil:pague_hasta3>\r
            <!--Optional:-->\r
            <ebil:referencia>?</ebil:referencia>\r
            <!--Optional:-->\r
            <ebil:referencia1>?</ebil:referencia1>\r
            <!--Optional:-->\r
            <ebil:referencia_envio>?</ebil:referencia_envio>\r
            <!--Optional:-->\r
            <ebil:telefono_envio>?</ebil:telefono_envio>\r
         </tem:FacCab>\r
         <!--Optional:-->\r
         <tem:Opciones>\r
            <!--Optional:-->\r
            <ebil:ActualizaProductos>?</ebil:ActualizaProductos>\r
            <!--Optional:-->\r
            <ebil:CalculaReteCree>?</ebil:CalculaReteCree>\r
            <!--Optional:-->\r
            <ebil:CalculaReteFuente>?</ebil:CalculaReteFuente>\r
            <!--Optional:-->\r
            <ebil:CalculaReteICA>?</ebil:CalculaReteICA>\r
            <!--Optional:-->\r
            <ebil:CalculaReteIVA>?</ebil:CalculaReteIVA>\r
            <!--Optional:-->\r
            <ebil:EmisionAutomatica>?</ebil:EmisionAutomatica>\r
            <!--Optional:-->\r
            <ebil:FacturasSinAcuerdo>?</ebil:FacturasSinAcuerdo>\r
            <!--Optional:-->\r
            <ebil:ModeloXAceptacion>?</ebil:ModeloXAceptacion>\r
            <!--Optional:-->\r
            <ebil:NotasRelacionadas>?</ebil:NotasRelacionadas>\r
            <!--Optional:-->\r
            <ebil:OrderControl>?</ebil:OrderControl>\r
            <!--Optional:-->\r
            <ebil:TieneAcuerdosFisicos>?</ebil:TieneAcuerdosFisicos>\r
            <!--Optional:-->\r
            <ebil:TokenConexion>?</ebil:TokenConexion>\r
            <!--Optional:-->\r
            <ebil:eBillAdmNumerosFactura>?</ebil:eBillAdmNumerosFactura>\r
         </tem:Opciones>\r
         <!--Optional:-->\r
         <tem:CoorListXPage>\r
            <!--Zero or more repetitions:-->\r
            <ebil:CoordenadasPixelesByPage>\r
               <!--Optional:-->\r
               <ebil:Page>?</ebil:Page>\r
               <!--Optional:-->\r
               <ebil:ValorAlto>?</ebil:ValorAlto>\r
               <!--Optional:-->\r
               <ebil:ValorAncho>?</ebil:ValorAncho>\r
               <!--Optional:-->\r
               <ebil:ValorX>?</ebil:ValorX>\r
               <!--Optional:-->\r
               <ebil:ValorY>?</ebil:ValorY>\r
            </ebil:CoordenadasPixelesByPage>\r
         </tem:CoorListXPage>\r
      </tem:AgregaQRToPDFDocumentoElectronico>\r
   </soapenv:Body>\r
</soapenv:Envelope>]]></con:request><con:wsaConfig mustUnderstand="NONE" version="200508" action="http://tempuri.org/IIntegracion/AgregaQRToPDFDocumentoElectronico"/></con:call></con:operation><con:operation id="320286b4-a327-4e2c-9641-d65045388b5e" isOneWay="false" action="http://tempuri.org/IIntegracion/AlmacenarRegistroLogReglas" name="AlmacenarRegistroLogReglas" bindingOperationName="AlmacenarRegistroLogReglas" type="Request-Response" inputName="" receivesAttachments="false" sendsAttachments="false" anonymous="optional"><con:settings/><con:call id="356e14cd-e3f2-49e2-be41-1db251750e1e" name="Request 1"><con:settings/><con:encoding>UTF-8</con:encoding><con:endpoint>http://testws.facturaenlinea.co/ServiciosFyM/eBill/Integracion.svc</con:endpoint><con:request><![CDATA[<soapenv:Envelope xmlns:soapenv="http://schemas.xmlsoap.org/soap/envelope/" xmlns:tem="http://tempuri.org/">\r
   <soapenv:Header/>\r
   <soapenv:Body>\r
      <tem:AlmacenarRegistroLogReglas>\r
         <!--Optional:-->\r
         <tem:IdEmpresa>?</tem:IdEmpresa>\r
         <!--Optional:-->\r
         <tem:CFD_numero_cfd>?</tem:CFD_numero_cfd>\r
         <!--Optional:-->\r
         <tem:CFD_prefijo>?</tem:CFD_prefijo>\r
         <!--Optional:-->\r
         <tem:tco_id_tipo_comprobante>?</tem:tco_id_tipo_comprobante>\r
         <!--Optional:-->\r
         <tem:mensajeError>?</tem:mensajeError>\r
         <!--Optional:-->\r
         <tem:PuntoValidacion>?</tem:PuntoValidacion>\r
         <!--Optional:-->\r
         <tem:idDocumento>?</tem:idDocumento>\r
         <!--Optional:-->\r
         <tem:RegistrarEnLogReglas>?</tem:RegistrarEnLogReglas>\r
         <!--Optional:-->\r
         <tem:Token>?</tem:Token>\r
      </tem:AlmacenarRegistroLogReglas>\r
   </soapenv:Body>\r
</soapenv:Envelope>]]></con:request><con:wsaConfig mustUnderstand="NONE" version="200508" action="http://tempuri.org/IIntegracion/AlmacenarRegistroLogReglas"/></con:call></con:operation><con:operation id="a188bf29-aef3-4bfa-8601-2a6b26476f7a" isOneWay="false" action="http://tempuri.org/IIntegracion/CalculoContenidoTecnicoControl" name="CalculoContenidoTecnicoControl" bindingOperationName="CalculoContenidoTecnicoControl" type="Request-Response" inputName="" receivesAttachments="false" sendsAttachments="false" anonymous="optional"><con:settings/><con:call id="8c231f2e-142e-43c4-b29a-2eb936c8029d" name="Request 1"><con:settings/><con:encoding>UTF-8</con:encoding><con:endpoint>http://testws.facturaenlinea.co/ServiciosFyM/eBill/Integracion.svc</con:endpoint><con:request><![CDATA[<soapenv:Envelope xmlns:soapenv="http://schemas.xmlsoap.org/soap/envelope/" xmlns:tem="http://tempuri.org/">\r
   <soapenv:Header/>\r
   <soapenv:Body>\r
      <tem:CalculoContenidoTecnicoControl>\r
         <!--Optional:-->\r
         <tem:DatosBasicosFactura>?</tem:DatosBasicosFactura>\r
      </tem:CalculoContenidoTecnicoControl>\r
   </soapenv:Body>\r
</soapenv:Envelope>]]></con:request><con:wsaConfig mustUnderstand="NONE" version="200508" action="http://tempuri.org/IIntegracion/CalculoContenidoTecnicoControl"/></con:call></con:operation><con:operation id="4c00ffc1-820f-42a6-803b-36805e00598b" isOneWay="false" action="http://tempuri.org/IIntegracion/CambiarContrasenaInteroperabilidad" name="CambiarContrasenaInteroperabilidad" bindingOperationName="CambiarContrasenaInteroperabilidad" type="Request-Response" inputName="" receivesAttachments="false" sendsAttachments="false" anonymous="optional"><con:settings/><con:call id="1cff78e7-7389-4413-a585-3b8d8e473ac3" name="Request 1"><con:settings/><con:encoding>UTF-8</con:encoding><con:endpoint>http://testws.facturaenlinea.co/ServiciosFyM/eBill/Integracion.svc</con:endpoint><con:request><![CDATA[<soapenv:Envelope xmlns:soapenv="http://schemas.xmlsoap.org/soap/envelope/" xmlns:tem="http://tempuri.org/">\r
   <soapenv:Header/>\r
   <soapenv:Body>\r
      <tem:CambiarContrasenaInteroperabilidad>\r
         <!--Optional:-->\r
         <tem:User>?</tem:User>\r
         <!--Optional:-->\r
         <tem:OldPassword>?</tem:OldPassword>\r
         <!--Optional:-->\r
         <tem:NewPassword>?</tem:NewPassword>\r
         <!--Optional:-->\r
         <tem:ErrorType>?</tem:ErrorType>\r
      </tem:CambiarContrasenaInteroperabilidad>\r
   </soapenv:Body>\r
</soapenv:Envelope>]]></con:request><con:wsaConfig mustUnderstand="NONE" version="200508" action="http://tempuri.org/IIntegracion/CambiarContrasenaInteroperabilidad"/></con:call></con:operation><con:operation id="1a77e589-009d-431c-8020-abbb6783cf1d" isOneWay="false" action="http://tempuri.org/IIntegracion/CargarDocumentosElectronicosToeBillGenericFULL" name="CargarDocumentosElectronicosToeBillGenericFULL" bindingOperationName="CargarDocumentosElectronicosToeBillGenericFULL" type="Request-Response" inputName="" receivesAttachments="false" sendsAttachments="false" anonymous="optional"><con:settings/><con:call id="cfbe0e02-6927-4855-835e-2c0cf2f83b60" name="Request 1"><con:settings/><con:encoding>UTF-8</con:encoding><con:endpoint>http://testws.facturaenlinea.co/ServiciosFyM/eBill/Integracion.svc</con:endpoint><con:request><![CDATA[<soapenv:Envelope xmlns:soapenv="http://schemas.xmlsoap.org/soap/envelope/" xmlns:tem="http://tempuri.org/" xmlns:ebil="http://schemas.datacontract.org/2004/07/eBillCore" xmlns:arr="http://schemas.microsoft.com/2003/10/Serialization/Arrays">\r
   <soapenv:Header/>\r
   <soapenv:Body>\r
      <tem:CargarDocumentosElectronicosToeBillGenericFULL>\r
         <!--Optional:-->\r
         <tem:FacCab>\r
            <!--Optional:-->\r
            <ebil:AnoAprobacionRes>?</ebil:AnoAprobacionRes>\r
            <!--Optional:-->\r
            <ebil:Base_Impuesto>?</ebil:Base_Impuesto>\r
            <!--Optional:-->\r
            <ebil:CFD_EST_estado_tramit>?</ebil:CFD_EST_estado_tramit>\r
            <!--Optional:-->\r
            <ebil:CFD_Flete>?</ebil:CFD_Flete>\r
            <!--Optional:-->\r
            <ebil:CFD_OtrosCargos>?</ebil:CFD_OtrosCargos>\r
            <!--Optional:-->\r
            <ebil:CFD_Por_Margen>?</ebil:CFD_Por_Margen>\r
            <!--Optional:-->\r
            <ebil:CFD_ResponseCode>?</ebil:CFD_ResponseCode>\r
            <!--Optional:-->\r
            <ebil:CFD_base_ICA_total>?</ebil:CFD_base_ICA_total>\r
            <!--Optional:-->\r
            <ebil:CFD_base_impo_total_nal>?</ebil:CFD_base_impo_total_nal>\r
            <!--Optional:-->\r
            <ebil:CFD_base_impo_total_reg>?</ebil:CFD_base_impo_total_reg>\r
            <!--Optional:-->\r
            <ebil:CFD_campo_texto_10>?</ebil:CFD_campo_texto_10>\r
            <!--Optional:-->\r
            <ebil:CFD_campo_texto_11>?</ebil:CFD_campo_texto_11>\r
            <!--Optional:-->\r
            <ebil:CFD_campo_texto_12>?</ebil:CFD_campo_texto_12>\r
            <!--Optional:-->\r
            <ebil:CFD_campo_texto_13>?</ebil:CFD_campo_texto_13>\r
            <!--Optional:-->\r
            <ebil:CFD_campo_texto_14>?</ebil:CFD_campo_texto_14>\r
            <!--Optional:-->\r
            <ebil:CFD_campo_texto_15>?</ebil:CFD_campo_texto_15>\r
            <!--Optional:-->\r
            <ebil:CFD_campo_texto_16>?</ebil:CFD_campo_texto_16>\r
            <!--Optional:-->\r
            <ebil:CFD_campo_texto_17>?</ebil:CFD_campo_texto_17>\r
            <!--Optional:-->\r
            <ebil:CFD_campo_texto_18>?</ebil:CFD_campo_texto_18>\r
            <!--Optional:-->\r
            <ebil:CFD_campo_texto_19>?</ebil:CFD_campo_texto_19>\r
            <!--Optional:-->\r
            <ebil:CFD_campo_texto_20>?</ebil:CFD_campo_texto_20>\r
            <!--Optional:-->\r
            <ebil:CFD_campo_texto_21>?</ebil:CFD_campo_texto_21>\r
            <!--Optional:-->\r
            <ebil:CFD_campo_texto_22>?</ebil:CFD_campo_texto_22>\r
            <!--Optional:-->\r
            <ebil:CFD_campo_texto_23>?</ebil:CFD_campo_texto_23>\r
            <!--Optional:-->\r
            <ebil:CFD_campo_texto_24>?</ebil:CFD_campo_texto_24>\r
            <!--Optional:-->\r
            <ebil:CFD_campo_texto_25>?</ebil:CFD_campo_texto_25>\r
            <!--Optional:-->\r
            <ebil:CFD_campo_texto_26>?</ebil:CFD_campo_texto_26>\r
            <!--Optional:-->\r
            <ebil:CFD_campo_texto_27>?</ebil:CFD_campo_texto_27>\r
            <!--Optional:-->\r
            <ebil:CFD_campo_texto_28>?</ebil:CFD_campo_texto_28>\r
            <!--Optional:-->\r
            <ebil:CFD_campo_texto_29>?</ebil:CFD_campo_texto_29>\r
            <!--Optional:-->\r
            <ebil:CFD_campo_texto_30>?</ebil:CFD_campo_texto_30>\r
            <!--Optional:-->\r
            <ebil:CFD_campo_texto_9>?</ebil:CFD_campo_texto_9>\r
            <!--Optional:-->\r
            <ebil:CFD_cantidad_dec_1>?</ebil:CFD_cantidad_dec_1>\r
            <!--Optional:-->\r
            <ebil:CFD_cantidad_dec_10>?</ebil:CFD_cantidad_dec_10>\r
            <!--Optional:-->\r
            <ebil:CFD_cantidad_dec_11>?</ebil:CFD_cantidad_dec_11>\r
            <!--Optional:-->\r
            <ebil:CFD_cantidad_dec_12>?</ebil:CFD_cantidad_dec_12>\r
            <!--Optional:-->\r
            <ebil:CFD_cantidad_dec_13>?</ebil:CFD_cantidad_dec_13>\r
            <!--Optional:-->\r
            <ebil:CFD_cantidad_dec_14>?</ebil:CFD_cantidad_dec_14>\r
            <!--Optional:-->\r
            <ebil:CFD_cantidad_dec_15>?</ebil:CFD_cantidad_dec_15>\r
            <!--Optional:-->\r
            <ebil:CFD_cantidad_dec_16>?</ebil:CFD_cantidad_dec_16>\r
            <!--Optional:-->\r
            <ebil:CFD_cantidad_dec_17>?</ebil:CFD_cantidad_dec_17>\r
            <!--Optional:-->\r
            <ebil:CFD_cantidad_dec_18>?</ebil:CFD_cantidad_dec_18>\r
            <!--Optional:-->\r
            <ebil:CFD_cantidad_dec_19>?</ebil:CFD_cantidad_dec_19>\r
            <!--Optional:-->\r
            <ebil:CFD_cantidad_dec_20>?</ebil:CFD_cantidad_dec_20>\r
            <!--Optional:-->\r
            <ebil:CFD_cantidad_dec_21>?</ebil:CFD_cantidad_dec_21>\r
            <!--Optional:-->\r
            <ebil:CFD_cantidad_dec_22>?</ebil:CFD_cantidad_dec_22>\r
            <!--Optional:-->\r
            <ebil:CFD_cantidad_dec_23>?</ebil:CFD_cantidad_dec_23>\r
            <!--Optional:-->\r
            <ebil:CFD_cantidad_dec_24>?</ebil:CFD_cantidad_dec_24>\r
            <!--Optional:-->\r
            <ebil:CFD_cantidad_dec_25>?</ebil:CFD_cantidad_dec_25>\r
            <!--Optional:-->\r
            <ebil:CFD_cantidad_dec_4>?</ebil:CFD_cantidad_dec_4>\r
            <!--Optional:-->\r
            <ebil:CFD_cantidad_dec_5>?</ebil:CFD_cantidad_dec_5>\r
            <!--Optional:-->\r
            <ebil:CFD_cantidad_dec_6>?</ebil:CFD_cantidad_dec_6>\r
            <!--Optional:-->\r
            <ebil:CFD_cantidad_dec_7>?</ebil:CFD_cantidad_dec_7>\r
            <!--Optional:-->\r
            <ebil:CFD_cantidad_dec_8>?</ebil:CFD_cantidad_dec_8>\r
            <!--Optional:-->\r
            <ebil:CFD_cantidad_dec_9>?</ebil:CFD_cantidad_dec_9>\r
            <!--Optional:-->\r
            <ebil:CFD_deducible>?</ebil:CFD_deducible>\r
            <!--Optional:-->\r
            <ebil:CFD_desconexion_servicio>?</ebil:CFD_desconexion_servicio>\r
            <!--Optional:-->\r
            <ebil:CFD_fecha_desconexion>?</ebil:CFD_fecha_desconexion>\r
            <!--Optional:-->\r
            <ebil:CFD_fecha_tasadeCambio>?</ebil:CFD_fecha_tasadeCambio>\r
            <!--Optional:-->\r
            <ebil:CFD_numero_enlace_doc_ref>?</ebil:CFD_numero_enlace_doc_ref>\r
            <!--Optional:-->\r
            <ebil:CFD_porc_rte_ICA>?</ebil:CFD_porc_rte_ICA>\r
            <!--Optional:-->\r
            <ebil:CFD_porc_rte_fuent>?</ebil:CFD_porc_rte_fuent>\r
            <!--Optional:-->\r
            <ebil:CFD_tasa_mora>?</ebil:CFD_tasa_mora>\r
            <!--Optional:-->\r
            <ebil:CFD_tdi_id_tipo_doc_interno>?</ebil:CFD_tdi_id_tipo_doc_interno>\r
            <!--Optional:-->\r
            <ebil:CFD_total_ICA>?</ebil:CFD_total_ICA>\r
            <!--Optional:-->\r
            <ebil:CFD_total_aduana_exp>?</ebil:CFD_total_aduana_exp>\r
            <!--Optional:-->\r
            <ebil:CFD_total_cargos>?</ebil:CFD_total_cargos>\r
            <!--Optional:-->\r
            <ebil:CFD_total_descuentos>?</ebil:CFD_total_descuentos>\r
            <!--Optional:-->\r
            <ebil:CFD_total_margen>?</ebil:CFD_total_margen>\r
            <!--Optional:-->\r
            <ebil:CFD_total_seguro_exp>?</ebil:CFD_total_seguro_exp>\r
            <!--Optional:-->\r
            <ebil:CLI_numero_cliente>?</ebil:CLI_numero_cliente>\r
            <!--Optional:-->\r
            <ebil:CREETotal>?</ebil:CREETotal>\r
            <!--Optional:-->\r
            <ebil:CampoTexto1>?</ebil:CampoTexto1>\r
            <!--Optional:-->\r
            <ebil:CampoTexto2>?</ebil:CampoTexto2>\r
            <!--Optional:-->\r
            <ebil:CampoTexto3>?</ebil:CampoTexto3>\r
            <!--Optional:-->\r
            <ebil:CampoTexto4>?</ebil:CampoTexto4>\r
            <!--Optional:-->\r
            <ebil:CampoTexto5>?</ebil:CampoTexto5>\r
            <!--Optional:-->\r
            <ebil:CampoTexto6>?</ebil:CampoTexto6>\r
            <!--Optional:-->\r
            <ebil:CampoTexto7>?</ebil:CampoTexto7>\r
            <!--Optional:-->\r
            <ebil:CampoTexto8>?</ebil:CampoTexto8>\r
            <!--Optional:-->\r
            <ebil:Cantidad1>?</ebil:Cantidad1>\r
            <!--Optional:-->\r
            <ebil:Cantidad2>?</ebil:Cantidad2>\r
            <!--Optional:-->\r
            <ebil:Cantidad3>?</ebil:Cantidad3>\r
            <!--Optional:-->\r
            <ebil:CantidadDec1>?</ebil:CantidadDec1>\r
            <!--Optional:-->\r
            <ebil:CantidadDec2>?</ebil:CantidadDec2>\r
            <!--Optional:-->\r
            <ebil:CantidadDec3>?</ebil:CantidadDec3>\r
            <!--Optional:-->\r
            <ebil:CiudadDANE>?</ebil:CiudadDANE>\r
            <!--Optional:-->\r
            <ebil:CodVendedor>?</ebil:CodVendedor>\r
            <!--Optional:-->\r
            <ebil:CodigoPostalCliente>?</ebil:CodigoPostalCliente>\r
            <!--Optional:-->\r
            <ebil:CodigoPostalEnvio>?</ebil:CodigoPostalEnvio>\r
            <!--Optional:-->\r
            <ebil:ComprobanteCon>?</ebil:ComprobanteCon>\r
            <!--Optional:-->\r
            <ebil:Condiciones_Pago>?</ebil:Condiciones_Pago>\r
            <!--Optional:-->\r
            <ebil:ContactoCargo>?</ebil:ContactoCargo>\r
            <!--Optional:-->\r
            <ebil:ContactoCorreo>?</ebil:ContactoCorreo>\r
            <!--Optional:-->\r
            <ebil:ContactoNombre>?</ebil:ContactoNombre>\r
            <!--Optional:-->\r
            <ebil:CorreoCliente>?</ebil:CorreoCliente>\r
            <!--Optional:-->\r
            <ebil:DepartamentoDANE>?</ebil:DepartamentoDANE>\r
            <!--Optional:-->\r
            <ebil:DescripcionPlan>?</ebil:DescripcionPlan>\r
            <!--Optional:-->\r
            <ebil:Descuento>?</ebil:Descuento>\r
            <!--Optional:-->\r
            <ebil:DigitoVerificaCliente>?</ebil:DigitoVerificaCliente>\r
            <!--Optional:-->\r
            <ebil:DireccionCliente>?</ebil:DireccionCliente>\r
            <!--Optional:-->\r
            <ebil:EstiloFactura>?</ebil:EstiloFactura>\r
            <!--Optional:-->\r
            <ebil:FechaExpedicion>?</ebil:FechaExpedicion>\r
            <!--Optional:-->\r
            <ebil:FechaFinalPeriodoFacturado>?</ebil:FechaFinalPeriodoFacturado>\r
            <!--Optional:-->\r
            <ebil:FechaInicialPeriodoFacturado>?</ebil:FechaInicialPeriodoFacturado>\r
            <!--Optional:-->\r
            <ebil:FechaVencimiento>?</ebil:FechaVencimiento>\r
            <!--Optional:-->\r
            <ebil:FormaPago>?</ebil:FormaPago>\r
            <!--Optional:-->\r
            <ebil:IDInterno>?</ebil:IDInterno>\r
            <!--Optional:-->\r
            <ebil:IDUbicacionCliente>?</ebil:IDUbicacionCliente>\r
            <!--Optional:-->\r
            <ebil:IDUbicacionEnvio>?</ebil:IDUbicacionEnvio>\r
            <!--Optional:-->\r
            <ebil:IdPlan>?</ebil:IdPlan>\r
            <!--Optional:-->\r
            <ebil:IdSucursal>?</ebil:IdSucursal>\r
            <!--Optional:-->\r
            <ebil:Incoterm>?</ebil:Incoterm>\r
            <!--Optional:-->\r
            <ebil:InfoAdicional>?</ebil:InfoAdicional>\r
            <!--Optional:-->\r
            <ebil:LugarTerminosEntrega>?</ebil:LugarTerminosEntrega>\r
            <!--Optional:-->\r
            <ebil:MesCausado>?</ebil:MesCausado>\r
            <!--Optional:-->\r
            <ebil:MonedaISO>?</ebil:MonedaISO>\r
            <!--Optional:-->\r
            <ebil:NitCliente>?</ebil:NitCliente>\r
            <!--Optional:-->\r
            <ebil:NitEmpresa>?</ebil:NitEmpresa>\r
            <!--Optional:-->\r
            <ebil:NombreCliente>?</ebil:NombreCliente>\r
            <!--Optional:-->\r
            <ebil:NombrePlan>?</ebil:NombrePlan>\r
            <!--Optional:-->\r
            <ebil:NombreVendedor>?</ebil:NombreVendedor>\r
            <!--Optional:-->\r
            <ebil:NumAprobacionRes>?</ebil:NumAprobacionRes>\r
            <!--Optional:-->\r
            <ebil:NumFactura>?</ebil:NumFactura>\r
            <!--Optional:-->\r
            <ebil:OrderID>?</ebil:OrderID>\r
            <!--Optional:-->\r
            <ebil:PAI_ISO_3166>?</ebil:PAI_ISO_3166>\r
            <!--Optional:-->\r
            <ebil:PagoAnterior>?</ebil:PagoAnterior>\r
            <!--Optional:-->\r
            <ebil:Prefijo>?</ebil:Prefijo>\r
            <!--Optional:-->\r
            <ebil:ReferenciaCliente>?</ebil:ReferenciaCliente>\r
            <!--Optional:-->\r
            <ebil:RetencionCREETotal>?</ebil:RetencionCREETotal>\r
            <!--Optional:-->\r
            <ebil:SMSXDoc>?</ebil:SMSXDoc>\r
            <!--Optional:-->\r
            <ebil:SaldoAnterior>?</ebil:SaldoAnterior>\r
            <!--Optional:-->\r
            <ebil:SubTotal>?</ebil:SubTotal>\r
            <!--Optional:-->\r
            <ebil:SubTotalSegunMon>?</ebil:SubTotalSegunMon>\r
            <!--Optional:-->\r
            <ebil:Sucursal>?</ebil:Sucursal>\r
            <!--Optional:-->\r
            <ebil:TIP_id_tipo_persona>?</ebil:TIP_id_tipo_persona>\r
            <!--Optional:-->\r
            <ebil:TasaCambio>?</ebil:TasaCambio>\r
            <!--Optional:-->\r
            <ebil:TelefonoCliente>?</ebil:TelefonoCliente>\r
            <!--Optional:-->\r
            <ebil:Texto3>?</ebil:Texto3>\r
            <!--Optional:-->\r
            <ebil:TieneAcuerdo>?</ebil:TieneAcuerdo>\r
            <!--Optional:-->\r
            <ebil:TipoComprobante>?</ebil:TipoComprobante>\r
            <!--Optional:-->\r
            <ebil:TipoContribuyente>?</ebil:TipoContribuyente>\r
            <!--Optional:-->\r
            <ebil:TipoIDCliente>?</ebil:TipoIDCliente>\r
            <!--Optional:-->\r
            <ebil:Total>?</ebil:Total>\r
            <!--Optional:-->\r
            <ebil:TotalIVA>?</ebil:TotalIVA>\r
            <!--Optional:-->\r
            <ebil:TotalIVASegunMon>?</ebil:TotalIVASegunMon>\r
            <!--Optional:-->\r
            <ebil:TotalRetICA>?</ebil:TotalRetICA>\r
            <!--Optional:-->\r
            <ebil:TotalRetIVA>?</ebil:TotalRetIVA>\r
            <!--Optional:-->\r
            <ebil:TotalRetencion>?</ebil:TotalRetencion>\r
            <!--Optional:-->\r
            <ebil:TotalSegunMon>?</ebil:TotalSegunMon>\r
            <!--Optional:-->\r
            <ebil:TotalTraslado>?</ebil:TotalTraslado>\r
            <!--Optional:-->\r
            <ebil:Total_a_Pagar>?</ebil:Total_a_Pagar>\r
            <!--Optional:-->\r
            <ebil:ValorHasta1>?</ebil:ValorHasta1>\r
            <!--Optional:-->\r
            <ebil:ValorHasta2>?</ebil:ValorHasta2>\r
            <!--Optional:-->\r
            <ebil:ValorHasta3>?</ebil:ValorHasta3>\r
            <!--Optional:-->\r
            <ebil:ValorHasta4>?</ebil:ValorHasta4>\r
            <!--Optional:-->\r
            <ebil:cfd_activa_nota1>?</ebil:cfd_activa_nota1>\r
            <!--Optional:-->\r
            <ebil:ciudad_envio>?</ebil:ciudad_envio>\r
            <!--Optional:-->\r
            <ebil:code1>?</ebil:code1>\r
            <!--Optional:-->\r
            <ebil:code2>?</ebil:code2>\r
            <!--Optional:-->\r
            <ebil:code3>?</ebil:code3>\r
            <!--Optional:-->\r
            <ebil:curso>?</ebil:curso>\r
            <!--Optional:-->\r
            <ebil:departamento_envio>?</ebil:departamento_envio>\r
            <!--Optional:-->\r
            <ebil:direccion_envio>?</ebil:direccion_envio>\r
            <!--Optional:-->\r
            <ebil:numero_envio>?</ebil:numero_envio>\r
            <!--Optional:-->\r
            <ebil:orden_venta>?</ebil:orden_venta>\r
            <!--Optional:-->\r
            <ebil:pague_hasta1>?</ebil:pague_hasta1>\r
            <!--Optional:-->\r
            <ebil:pague_hasta2>?</ebil:pague_hasta2>\r
            <!--Optional:-->\r
            <ebil:pague_hasta3>?</ebil:pague_hasta3>\r
            <!--Optional:-->\r
            <ebil:referencia>?</ebil:referencia>\r
            <!--Optional:-->\r
            <ebil:referencia1>?</ebil:referencia1>\r
            <!--Optional:-->\r
            <ebil:referencia_envio>?</ebil:referencia_envio>\r
            <!--Optional:-->\r
            <ebil:telefono_envio>?</ebil:telefono_envio>\r
         </tem:FacCab>\r
         <!--Optional:-->\r
         <tem:DetFac>\r
            <!--Zero or more repetitions:-->\r
            <ebil:CFDDetConexionInt>\r
               <!--Optional:-->\r
               <ebil:CON_base_ica>?</ebil:CON_base_ica>\r
               <!--Optional:-->\r
               <ebil:CON_base_impo_n>?</ebil:CON_base_impo_n>\r
               <!--Optional:-->\r
               <ebil:CON_base_impo_r>?</ebil:CON_base_impo_r>\r
               <!--Optional:-->\r
               <ebil:CON_base_iva>?</ebil:CON_base_iva>\r
               <!--Optional:-->\r
               <ebil:CON_cantidad_original_solicitada>?</ebil:CON_cantidad_original_solicitada>\r
               <!--Optional:-->\r
               <ebil:CON_categoria_0>?</ebil:CON_categoria_0>\r
               <!--Optional:-->\r
               <ebil:CON_categoria_1>?</ebil:CON_categoria_1>\r
               <!--Optional:-->\r
               <ebil:CON_categoria_2>?</ebil:CON_categoria_2>\r
               <!--Optional:-->\r
               <ebil:CON_categoria_3>?</ebil:CON_categoria_3>\r
               <!--Optional:-->\r
               <ebil:CON_ciudad_despacho>?</ebil:CON_ciudad_despacho>\r
               <!--Optional:-->\r
               <ebil:CON_dato_decimal1>?</ebil:CON_dato_decimal1>\r
               <!--Optional:-->\r
               <ebil:CON_dato_decimal10>?</ebil:CON_dato_decimal10>\r
               <!--Optional:-->\r
               <ebil:CON_dato_decimal11>?</ebil:CON_dato_decimal11>\r
               <!--Optional:-->\r
               <ebil:CON_dato_decimal12>?</ebil:CON_dato_decimal12>\r
               <!--Optional:-->\r
               <ebil:CON_dato_decimal13>?</ebil:CON_dato_decimal13>\r
               <!--Optional:-->\r
               <ebil:CON_dato_decimal14>?</ebil:CON_dato_decimal14>\r
               <!--Optional:-->\r
               <ebil:CON_dato_decimal15>?</ebil:CON_dato_decimal15>\r
               <!--Optional:-->\r
               <ebil:CON_dato_decimal2>?</ebil:CON_dato_decimal2>\r
               <!--Optional:-->\r
               <ebil:CON_dato_decimal3>?</ebil:CON_dato_decimal3>\r
               <!--Optional:-->\r
               <ebil:CON_dato_decimal4>?</ebil:CON_dato_decimal4>\r
               <!--Optional:-->\r
               <ebil:CON_dato_decimal5>?</ebil:CON_dato_decimal5>\r
               <!--Optional:-->\r
               <ebil:CON_dato_decimal6>?</ebil:CON_dato_decimal6>\r
               <!--Optional:-->\r
               <ebil:CON_dato_decimal7>?</ebil:CON_dato_decimal7>\r
               <!--Optional:-->\r
               <ebil:CON_dato_decimal8>?</ebil:CON_dato_decimal8>\r
               <!--Optional:-->\r
               <ebil:CON_dato_decimal9>?</ebil:CON_dato_decimal9>\r
               <!--Optional:-->\r
               <ebil:CON_dato_destino>?</ebil:CON_dato_destino>\r
               <!--Optional:-->\r
               <ebil:CON_dato_fecha>?</ebil:CON_dato_fecha>\r
               <!--Optional:-->\r
               <ebil:CON_dato_origen>?</ebil:CON_dato_origen>\r
               <!--Optional:-->\r
               <ebil:CON_dato_peso>?</ebil:CON_dato_peso>\r
               <!--Optional:-->\r
               <ebil:CON_dato_placa>?</ebil:CON_dato_placa>\r
               <!--Optional:-->\r
               <ebil:CON_dato_referencia>?</ebil:CON_dato_referencia>\r
               <!--Optional:-->\r
               <ebil:CON_dato_texto1>?</ebil:CON_dato_texto1>\r
               <!--Optional:-->\r
               <ebil:CON_dato_texto10>?</ebil:CON_dato_texto10>\r
               <!--Optional:-->\r
               <ebil:CON_dato_texto11>?</ebil:CON_dato_texto11>\r
               <!--Optional:-->\r
               <ebil:CON_dato_texto12>?</ebil:CON_dato_texto12>\r
               <!--Optional:-->\r
               <ebil:CON_dato_texto13>?</ebil:CON_dato_texto13>\r
               <!--Optional:-->\r
               <ebil:CON_dato_texto14>?</ebil:CON_dato_texto14>\r
               <!--Optional:-->\r
               <ebil:CON_dato_texto15>?</ebil:CON_dato_texto15>\r
               <!--Optional:-->\r
               <ebil:CON_dato_texto2>?</ebil:CON_dato_texto2>\r
               <!--Optional:-->\r
               <ebil:CON_dato_texto3>?</ebil:CON_dato_texto3>\r
               <!--Optional:-->\r
               <ebil:CON_dato_texto4>?</ebil:CON_dato_texto4>\r
               <!--Optional:-->\r
               <ebil:CON_dato_texto5>?</ebil:CON_dato_texto5>\r
               <!--Optional:-->\r
               <ebil:CON_dato_texto6>?</ebil:CON_dato_texto6>\r
               <!--Optional:-->\r
               <ebil:CON_dato_texto7>?</ebil:CON_dato_texto7>\r
               <!--Optional:-->\r
               <ebil:CON_dato_texto8>?</ebil:CON_dato_texto8>\r
               <!--Optional:-->\r
               <ebil:CON_dato_texto9>?</ebil:CON_dato_texto9>\r
               <!--Optional:-->\r
               <ebil:CON_departamento_despacho>?</ebil:CON_departamento_despacho>\r
               <!--Optional:-->\r
               <ebil:CON_detalle_construccion>?</ebil:CON_detalle_construccion>\r
               <!--Optional:-->\r
               <ebil:CON_detalle_industria1>?</ebil:CON_detalle_industria1>\r
               <!--Optional:-->\r
               <ebil:CON_detalle_industria2>?</ebil:CON_detalle_industria2>\r
               <!--Optional:-->\r
               <ebil:CON_detalle_industria3>?</ebil:CON_detalle_industria3>\r
               <!--Optional:-->\r
               <ebil:CON_detalle_vehiculo>?</ebil:CON_detalle_vehiculo>\r
               <!--Optional:-->\r
               <ebil:CON_direccion_despacho>?</ebil:CON_direccion_despacho>\r
               <!--Optional:-->\r
               <ebil:CON_documentos_referencia>?</ebil:CON_documentos_referencia>\r
               <!--Optional:-->\r
               <ebil:CON_linea_concepto>?</ebil:CON_linea_concepto>\r
               <!--Optional:-->\r
               <ebil:CON_linea_padre_concepto>?</ebil:CON_linea_padre_concepto>\r
               <!--Optional:-->\r
               <ebil:CON_posicion_arancelaria>?</ebil:CON_posicion_arancelaria>\r
               <!--Optional:-->\r
               <ebil:CON_sub_cliente>?</ebil:CON_sub_cliente>\r
               <!--Optional:-->\r
               <ebil:CON_total_con_seg_mon>?</ebil:CON_total_con_seg_mon>\r
               <!--Optional:-->\r
               <ebil:CON_unidad_medida_con>?</ebil:CON_unidad_medida_con>\r
               <!--Optional:-->\r
               <ebil:CON_valor_otros_cargos>?</ebil:CON_valor_otros_cargos>\r
               <!--Optional:-->\r
               <ebil:CON_valor_otros_descuentos>?</ebil:CON_valor_otros_descuentos>\r
               <!--Optional:-->\r
               <ebil:CON_valor_unitario_seg_mon>?</ebil:CON_valor_unitario_seg_mon>\r
               <!--Optional:-->\r
               <ebil:CREE>?</ebil:CREE>\r
               <!--Optional:-->\r
               <ebil:Cantidad>?</ebil:Cantidad>\r
               <!--Optional:-->\r
               <ebil:ClaseMovimiento>?</ebil:ClaseMovimiento>\r
               <!--Optional:-->\r
               <ebil:CodigoProducto>?</ebil:CodigoProducto>\r
               <!--Optional:-->\r
               <ebil:Codigos>\r
                  <!--Zero or more repetitions:-->\r
                  <arr:string>?</arr:string>\r
               </ebil:Codigos>\r
               <!--Optional:-->\r
               <ebil:CodigosString>?</ebil:CodigosString>\r
               <!--Optional:-->\r
               <ebil:DescripcionConcepto>?</ebil:DescripcionConcepto>\r
               <!--Optional:-->\r
               <ebil:DescripcionProducto>?</ebil:DescripcionProducto>\r
               <!--Optional:-->\r
               <ebil:DescuentoConcepto>?</ebil:DescuentoConcepto>\r
               <!--Optional:-->\r
               <ebil:FechaRecibe>?</ebil:FechaRecibe>\r
               <!--Optional:-->\r
               <ebil:IVAProducto>?</ebil:IVAProducto>\r
               <!--Optional:-->\r
               <ebil:Importe>?</ebil:Importe>\r
               <!--Optional:-->\r
               <ebil:Impuesto2>?</ebil:Impuesto2>\r
               <!--Optional:-->\r
               <ebil:ItemReferencia>?</ebil:ItemReferencia>\r
               <!--Optional:-->\r
               <ebil:NotasConcepto>?</ebil:NotasConcepto>\r
               <!--Optional:-->\r
               <ebil:PorIVAProducto>?</ebil:PorIVAProducto>\r
               <!--Optional:-->\r
               <ebil:PorImpuesto2>?</ebil:PorImpuesto2>\r
               <!--Optional:-->\r
               <ebil:PorcentajeDescuento>?</ebil:PorcentajeDescuento>\r
               <!--Optional:-->\r
               <ebil:RetencionCREE>?</ebil:RetencionCREE>\r
               <!--Optional:-->\r
               <ebil:TipoImpuesto>?</ebil:TipoImpuesto>\r
               <!--Optional:-->\r
               <ebil:TotalConSegMon>?</ebil:TotalConSegMon>\r
               <!--Optional:-->\r
               <ebil:TotalConcepto>?</ebil:TotalConcepto>\r
               <!--Optional:-->\r
               <ebil:UnidadMedida>?</ebil:UnidadMedida>\r
               <!--Optional:-->\r
               <ebil:ValorUnitario>?</ebil:ValorUnitario>\r
            </ebil:CFDDetConexionInt>\r
         </tem:DetFac>\r
         <!--Optional:-->\r
         <tem:Opciones>\r
            <!--Optional:-->\r
            <ebil:ActualizaProductos>?</ebil:ActualizaProductos>\r
            <!--Optional:-->\r
            <ebil:CalculaReteCree>?</ebil:CalculaReteCree>\r
            <!--Optional:-->\r
            <ebil:CalculaReteFuente>?</ebil:CalculaReteFuente>\r
            <!--Optional:-->\r
            <ebil:CalculaReteICA>?</ebil:CalculaReteICA>\r
            <!--Optional:-->\r
            <ebil:CalculaReteIVA>?</ebil:CalculaReteIVA>\r
            <!--Optional:-->\r
            <ebil:EmisionAutomatica>?</ebil:EmisionAutomatica>\r
            <!--Optional:-->\r
            <ebil:FacturasSinAcuerdo>?</ebil:FacturasSinAcuerdo>\r
            <!--Optional:-->\r
            <ebil:ModeloXAceptacion>?</ebil:ModeloXAceptacion>\r
            <!--Optional:-->\r
            <ebil:NotasRelacionadas>?</ebil:NotasRelacionadas>\r
            <!--Optional:-->\r
            <ebil:OrderControl>?</ebil:OrderControl>\r
            <!--Optional:-->\r
            <ebil:TieneAcuerdosFisicos>?</ebil:TieneAcuerdosFisicos>\r
            <!--Optional:-->\r
            <ebil:TokenConexion>?</ebil:TokenConexion>\r
            <!--Optional:-->\r
            <ebil:eBillAdmNumerosFactura>?</ebil:eBillAdmNumerosFactura>\r
         </tem:Opciones>\r
      </tem:CargarDocumentosElectronicosToeBillGenericFULL>\r
   </soapenv:Body>\r
</soapenv:Envelope>]]></con:request><con:wsaConfig mustUnderstand="NONE" version="200508" action="http://tempuri.org/IIntegracion/CargarDocumentosElectronicosToeBillGenericFULL"/></con:call></con:operation><con:operation id="20f700a6-c3d2-4d6e-ac42-0f07f1f91b5f" isOneWay="false" action="http://tempuri.org/IIntegracion/CargarDocumentosElectronicosToeBillGenericFULLDesdePDF" name="CargarDocumentosElectronicosToeBillGenericFULLDesdePDF" bindingOperationName="CargarDocumentosElectronicosToeBillGenericFULLDesdePDF" type="Request-Response" inputName="" receivesAttachments="false" sendsAttachments="false" anonymous="optional"><con:settings/><con:call id="54bbcb83-2d56-476e-a027-1cd29e4f8e65" name="Request 1"><con:settings/><con:encoding>UTF-8</con:encoding><con:endpoint>http://testws.facturaenlinea.co/ServiciosFyM/eBill/Integracion.svc</con:endpoint><con:request><![CDATA[<soapenv:Envelope xmlns:soapenv="http://schemas.xmlsoap.org/soap/envelope/" xmlns:tem="http://tempuri.org/" xmlns:ebil="http://schemas.datacontract.org/2004/07/eBillCore" xmlns:arr="http://schemas.microsoft.com/2003/10/Serialization/Arrays">\r
   <soapenv:Header/>\r
   <soapenv:Body>\r
      <tem:CargarDocumentosElectronicosToeBillGenericFULLDesdePDF>\r
         <!--Optional:-->\r
         <tem:PDFFac>cid:1233217752534</tem:PDFFac>\r
         <!--Optional:-->\r
         <tem:CoorListXPage>\r
            <!--Zero or more repetitions:-->\r
            <ebil:CoordenadasPixelesByPage>\r
               <!--Optional:-->\r
               <ebil:Page>?</ebil:Page>\r
               <!--Optional:-->\r
               <ebil:ValorAlto>?</ebil:ValorAlto>\r
               <!--Optional:-->\r
               <ebil:ValorAncho>?</ebil:ValorAncho>\r
               <!--Optional:-->\r
               <ebil:ValorX>?</ebil:ValorX>\r
               <!--Optional:-->\r
               <ebil:ValorY>?</ebil:ValorY>\r
            </ebil:CoordenadasPixelesByPage>\r
         </tem:CoorListXPage>\r
         <!--Optional:-->\r
         <tem:FacCab>\r
            <!--Optional:-->\r
            <ebil:AnoAprobacionRes>?</ebil:AnoAprobacionRes>\r
            <!--Optional:-->\r
            <ebil:Base_Impuesto>?</ebil:Base_Impuesto>\r
            <!--Optional:-->\r
            <ebil:CFD_EST_estado_tramit>?</ebil:CFD_EST_estado_tramit>\r
            <!--Optional:-->\r
            <ebil:CFD_Flete>?</ebil:CFD_Flete>\r
            <!--Optional:-->\r
            <ebil:CFD_OtrosCargos>?</ebil:CFD_OtrosCargos>\r
            <!--Optional:-->\r
            <ebil:CFD_Por_Margen>?</ebil:CFD_Por_Margen>\r
            <!--Optional:-->\r
            <ebil:CFD_ResponseCode>?</ebil:CFD_ResponseCode>\r
            <!--Optional:-->\r
            <ebil:CFD_base_ICA_total>?</ebil:CFD_base_ICA_total>\r
            <!--Optional:-->\r
            <ebil:CFD_base_impo_total_nal>?</ebil:CFD_base_impo_total_nal>\r
            <!--Optional:-->\r
            <ebil:CFD_base_impo_total_reg>?</ebil:CFD_base_impo_total_reg>\r
            <!--Optional:-->\r
            <ebil:CFD_campo_texto_10>?</ebil:CFD_campo_texto_10>\r
            <!--Optional:-->\r
            <ebil:CFD_campo_texto_11>?</ebil:CFD_campo_texto_11>\r
            <!--Optional:-->\r
            <ebil:CFD_campo_texto_12>?</ebil:CFD_campo_texto_12>\r
            <!--Optional:-->\r
            <ebil:CFD_campo_texto_13>?</ebil:CFD_campo_texto_13>\r
            <!--Optional:-->\r
            <ebil:CFD_campo_texto_14>?</ebil:CFD_campo_texto_14>\r
            <!--Optional:-->\r
            <ebil:CFD_campo_texto_15>?</ebil:CFD_campo_texto_15>\r
            <!--Optional:-->\r
            <ebil:CFD_campo_texto_16>?</ebil:CFD_campo_texto_16>\r
            <!--Optional:-->\r
            <ebil:CFD_campo_texto_17>?</ebil:CFD_campo_texto_17>\r
            <!--Optional:-->\r
            <ebil:CFD_campo_texto_18>?</ebil:CFD_campo_texto_18>\r
            <!--Optional:-->\r
            <ebil:CFD_campo_texto_19>?</ebil:CFD_campo_texto_19>\r
            <!--Optional:-->\r
            <ebil:CFD_campo_texto_20>?</ebil:CFD_campo_texto_20>\r
            <!--Optional:-->\r
            <ebil:CFD_campo_texto_21>?</ebil:CFD_campo_texto_21>\r
            <!--Optional:-->\r
            <ebil:CFD_campo_texto_22>?</ebil:CFD_campo_texto_22>\r
            <!--Optional:-->\r
            <ebil:CFD_campo_texto_23>?</ebil:CFD_campo_texto_23>\r
            <!--Optional:-->\r
            <ebil:CFD_campo_texto_24>?</ebil:CFD_campo_texto_24>\r
            <!--Optional:-->\r
            <ebil:CFD_campo_texto_25>?</ebil:CFD_campo_texto_25>\r
            <!--Optional:-->\r
            <ebil:CFD_campo_texto_26>?</ebil:CFD_campo_texto_26>\r
            <!--Optional:-->\r
            <ebil:CFD_campo_texto_27>?</ebil:CFD_campo_texto_27>\r
            <!--Optional:-->\r
            <ebil:CFD_campo_texto_28>?</ebil:CFD_campo_texto_28>\r
            <!--Optional:-->\r
            <ebil:CFD_campo_texto_29>?</ebil:CFD_campo_texto_29>\r
            <!--Optional:-->\r
            <ebil:CFD_campo_texto_30>?</ebil:CFD_campo_texto_30>\r
            <!--Optional:-->\r
            <ebil:CFD_campo_texto_9>?</ebil:CFD_campo_texto_9>\r
            <!--Optional:-->\r
            <ebil:CFD_cantidad_dec_1>?</ebil:CFD_cantidad_dec_1>\r
            <!--Optional:-->\r
            <ebil:CFD_cantidad_dec_10>?</ebil:CFD_cantidad_dec_10>\r
            <!--Optional:-->\r
            <ebil:CFD_cantidad_dec_11>?</ebil:CFD_cantidad_dec_11>\r
            <!--Optional:-->\r
            <ebil:CFD_cantidad_dec_12>?</ebil:CFD_cantidad_dec_12>\r
            <!--Optional:-->\r
            <ebil:CFD_cantidad_dec_13>?</ebil:CFD_cantidad_dec_13>\r
            <!--Optional:-->\r
            <ebil:CFD_cantidad_dec_14>?</ebil:CFD_cantidad_dec_14>\r
            <!--Optional:-->\r
            <ebil:CFD_cantidad_dec_15>?</ebil:CFD_cantidad_dec_15>\r
            <!--Optional:-->\r
            <ebil:CFD_cantidad_dec_16>?</ebil:CFD_cantidad_dec_16>\r
            <!--Optional:-->\r
            <ebil:CFD_cantidad_dec_17>?</ebil:CFD_cantidad_dec_17>\r
            <!--Optional:-->\r
            <ebil:CFD_cantidad_dec_18>?</ebil:CFD_cantidad_dec_18>\r
            <!--Optional:-->\r
            <ebil:CFD_cantidad_dec_19>?</ebil:CFD_cantidad_dec_19>\r
            <!--Optional:-->\r
            <ebil:CFD_cantidad_dec_20>?</ebil:CFD_cantidad_dec_20>\r
            <!--Optional:-->\r
            <ebil:CFD_cantidad_dec_21>?</ebil:CFD_cantidad_dec_21>\r
            <!--Optional:-->\r
            <ebil:CFD_cantidad_dec_22>?</ebil:CFD_cantidad_dec_22>\r
            <!--Optional:-->\r
            <ebil:CFD_cantidad_dec_23>?</ebil:CFD_cantidad_dec_23>\r
            <!--Optional:-->\r
            <ebil:CFD_cantidad_dec_24>?</ebil:CFD_cantidad_dec_24>\r
            <!--Optional:-->\r
            <ebil:CFD_cantidad_dec_25>?</ebil:CFD_cantidad_dec_25>\r
            <!--Optional:-->\r
            <ebil:CFD_cantidad_dec_4>?</ebil:CFD_cantidad_dec_4>\r
            <!--Optional:-->\r
            <ebil:CFD_cantidad_dec_5>?</ebil:CFD_cantidad_dec_5>\r
            <!--Optional:-->\r
            <ebil:CFD_cantidad_dec_6>?</ebil:CFD_cantidad_dec_6>\r
            <!--Optional:-->\r
            <ebil:CFD_cantidad_dec_7>?</ebil:CFD_cantidad_dec_7>\r
            <!--Optional:-->\r
            <ebil:CFD_cantidad_dec_8>?</ebil:CFD_cantidad_dec_8>\r
            <!--Optional:-->\r
            <ebil:CFD_cantidad_dec_9>?</ebil:CFD_cantidad_dec_9>\r
            <!--Optional:-->\r
            <ebil:CFD_deducible>?</ebil:CFD_deducible>\r
            <!--Optional:-->\r
            <ebil:CFD_desconexion_servicio>?</ebil:CFD_desconexion_servicio>\r
            <!--Optional:-->\r
            <ebil:CFD_fecha_desconexion>?</ebil:CFD_fecha_desconexion>\r
            <!--Optional:-->\r
            <ebil:CFD_fecha_tasadeCambio>?</ebil:CFD_fecha_tasadeCambio>\r
            <!--Optional:-->\r
            <ebil:CFD_numero_enlace_doc_ref>?</ebil:CFD_numero_enlace_doc_ref>\r
            <!--Optional:-->\r
            <ebil:CFD_porc_rte_ICA>?</ebil:CFD_porc_rte_ICA>\r
            <!--Optional:-->\r
            <ebil:CFD_porc_rte_fuent>?</ebil:CFD_porc_rte_fuent>\r
            <!--Optional:-->\r
            <ebil:CFD_tasa_mora>?</ebil:CFD_tasa_mora>\r
            <!--Optional:-->\r
            <ebil:CFD_tdi_id_tipo_doc_interno>?</ebil:CFD_tdi_id_tipo_doc_interno>\r
            <!--Optional:-->\r
            <ebil:CFD_total_ICA>?</ebil:CFD_total_ICA>\r
            <!--Optional:-->\r
            <ebil:CFD_total_aduana_exp>?</ebil:CFD_total_aduana_exp>\r
            <!--Optional:-->\r
            <ebil:CFD_total_cargos>?</ebil:CFD_total_cargos>\r
            <!--Optional:-->\r
            <ebil:CFD_total_descuentos>?</ebil:CFD_total_descuentos>\r
            <!--Optional:-->\r
            <ebil:CFD_total_margen>?</ebil:CFD_total_margen>\r
            <!--Optional:-->\r
            <ebil:CFD_total_seguro_exp>?</ebil:CFD_total_seguro_exp>\r
            <!--Optional:-->\r
            <ebil:CLI_numero_cliente>?</ebil:CLI_numero_cliente>\r
            <!--Optional:-->\r
            <ebil:CREETotal>?</ebil:CREETotal>\r
            <!--Optional:-->\r
            <ebil:CampoTexto1>?</ebil:CampoTexto1>\r
            <!--Optional:-->\r
            <ebil:CampoTexto2>?</ebil:CampoTexto2>\r
            <!--Optional:-->\r
            <ebil:CampoTexto3>?</ebil:CampoTexto3>\r
            <!--Optional:-->\r
            <ebil:CampoTexto4>?</ebil:CampoTexto4>\r
            <!--Optional:-->\r
            <ebil:CampoTexto5>?</ebil:CampoTexto5>\r
            <!--Optional:-->\r
            <ebil:CampoTexto6>?</ebil:CampoTexto6>\r
            <!--Optional:-->\r
            <ebil:CampoTexto7>?</ebil:CampoTexto7>\r
            <!--Optional:-->\r
            <ebil:CampoTexto8>?</ebil:CampoTexto8>\r
            <!--Optional:-->\r
            <ebil:Cantidad1>?</ebil:Cantidad1>\r
            <!--Optional:-->\r
            <ebil:Cantidad2>?</ebil:Cantidad2>\r
            <!--Optional:-->\r
            <ebil:Cantidad3>?</ebil:Cantidad3>\r
            <!--Optional:-->\r
            <ebil:CantidadDec1>?</ebil:CantidadDec1>\r
            <!--Optional:-->\r
            <ebil:CantidadDec2>?</ebil:CantidadDec2>\r
            <!--Optional:-->\r
            <ebil:CantidadDec3>?</ebil:CantidadDec3>\r
            <!--Optional:-->\r
            <ebil:CiudadDANE>?</ebil:CiudadDANE>\r
            <!--Optional:-->\r
            <ebil:CodVendedor>?</ebil:CodVendedor>\r
            <!--Optional:-->\r
            <ebil:CodigoPostalCliente>?</ebil:CodigoPostalCliente>\r
            <!--Optional:-->\r
            <ebil:CodigoPostalEnvio>?</ebil:CodigoPostalEnvio>\r
            <!--Optional:-->\r
            <ebil:ComprobanteCon>?</ebil:ComprobanteCon>\r
            <!--Optional:-->\r
            <ebil:Condiciones_Pago>?</ebil:Condiciones_Pago>\r
            <!--Optional:-->\r
            <ebil:ContactoCargo>?</ebil:ContactoCargo>\r
            <!--Optional:-->\r
            <ebil:ContactoCorreo>?</ebil:ContactoCorreo>\r
            <!--Optional:-->\r
            <ebil:ContactoNombre>?</ebil:ContactoNombre>\r
            <!--Optional:-->\r
            <ebil:CorreoCliente>?</ebil:CorreoCliente>\r
            <!--Optional:-->\r
            <ebil:DepartamentoDANE>?</ebil:DepartamentoDANE>\r
            <!--Optional:-->\r
            <ebil:DescripcionPlan>?</ebil:DescripcionPlan>\r
            <!--Optional:-->\r
            <ebil:Descuento>?</ebil:Descuento>\r
            <!--Optional:-->\r
            <ebil:DigitoVerificaCliente>?</ebil:DigitoVerificaCliente>\r
            <!--Optional:-->\r
            <ebil:DireccionCliente>?</ebil:DireccionCliente>\r
            <!--Optional:-->\r
            <ebil:EstiloFactura>?</ebil:EstiloFactura>\r
            <!--Optional:-->\r
            <ebil:FechaExpedicion>?</ebil:FechaExpedicion>\r
            <!--Optional:-->\r
            <ebil:FechaFinalPeriodoFacturado>?</ebil:FechaFinalPeriodoFacturado>\r
            <!--Optional:-->\r
            <ebil:FechaInicialPeriodoFacturado>?</ebil:FechaInicialPeriodoFacturado>\r
            <!--Optional:-->\r
            <ebil:FechaVencimiento>?</ebil:FechaVencimiento>\r
            <!--Optional:-->\r
            <ebil:FormaPago>?</ebil:FormaPago>\r
            <!--Optional:-->\r
            <ebil:IDInterno>?</ebil:IDInterno>\r
            <!--Optional:-->\r
            <ebil:IDUbicacionCliente>?</ebil:IDUbicacionCliente>\r
            <!--Optional:-->\r
            <ebil:IDUbicacionEnvio>?</ebil:IDUbicacionEnvio>\r
            <!--Optional:-->\r
            <ebil:IdPlan>?</ebil:IdPlan>\r
            <!--Optional:-->\r
            <ebil:IdSucursal>?</ebil:IdSucursal>\r
            <!--Optional:-->\r
            <ebil:Incoterm>?</ebil:Incoterm>\r
            <!--Optional:-->\r
            <ebil:InfoAdicional>?</ebil:InfoAdicional>\r
            <!--Optional:-->\r
            <ebil:LugarTerminosEntrega>?</ebil:LugarTerminosEntrega>\r
            <!--Optional:-->\r
            <ebil:MesCausado>?</ebil:MesCausado>\r
            <!--Optional:-->\r
            <ebil:MonedaISO>?</ebil:MonedaISO>\r
            <!--Optional:-->\r
            <ebil:NitCliente>?</ebil:NitCliente>\r
            <!--Optional:-->\r
            <ebil:NitEmpresa>?</ebil:NitEmpresa>\r
            <!--Optional:-->\r
            <ebil:NombreCliente>?</ebil:NombreCliente>\r
            <!--Optional:-->\r
            <ebil:NombrePlan>?</ebil:NombrePlan>\r
            <!--Optional:-->\r
            <ebil:NombreVendedor>?</ebil:NombreVendedor>\r
            <!--Optional:-->\r
            <ebil:NumAprobacionRes>?</ebil:NumAprobacionRes>\r
            <!--Optional:-->\r
            <ebil:NumFactura>?</ebil:NumFactura>\r
            <!--Optional:-->\r
            <ebil:OrderID>?</ebil:OrderID>\r
            <!--Optional:-->\r
            <ebil:PAI_ISO_3166>?</ebil:PAI_ISO_3166>\r
            <!--Optional:-->\r
            <ebil:PagoAnterior>?</ebil:PagoAnterior>\r
            <!--Optional:-->\r
            <ebil:Prefijo>?</ebil:Prefijo>\r
            <!--Optional:-->\r
            <ebil:ReferenciaCliente>?</ebil:ReferenciaCliente>\r
            <!--Optional:-->\r
            <ebil:RetencionCREETotal>?</ebil:RetencionCREETotal>\r
            <!--Optional:-->\r
            <ebil:SMSXDoc>?</ebil:SMSXDoc>\r
            <!--Optional:-->\r
            <ebil:SaldoAnterior>?</ebil:SaldoAnterior>\r
            <!--Optional:-->\r
            <ebil:SubTotal>?</ebil:SubTotal>\r
            <!--Optional:-->\r
            <ebil:SubTotalSegunMon>?</ebil:SubTotalSegunMon>\r
            <!--Optional:-->\r
            <ebil:Sucursal>?</ebil:Sucursal>\r
            <!--Optional:-->\r
            <ebil:TIP_id_tipo_persona>?</ebil:TIP_id_tipo_persona>\r
            <!--Optional:-->\r
            <ebil:TasaCambio>?</ebil:TasaCambio>\r
            <!--Optional:-->\r
            <ebil:TelefonoCliente>?</ebil:TelefonoCliente>\r
            <!--Optional:-->\r
            <ebil:Texto3>?</ebil:Texto3>\r
            <!--Optional:-->\r
            <ebil:TieneAcuerdo>?</ebil:TieneAcuerdo>\r
            <!--Optional:-->\r
            <ebil:TipoComprobante>?</ebil:TipoComprobante>\r
            <!--Optional:-->\r
            <ebil:TipoContribuyente>?</ebil:TipoContribuyente>\r
            <!--Optional:-->\r
            <ebil:TipoIDCliente>?</ebil:TipoIDCliente>\r
            <!--Optional:-->\r
            <ebil:Total>?</ebil:Total>\r
            <!--Optional:-->\r
            <ebil:TotalIVA>?</ebil:TotalIVA>\r
            <!--Optional:-->\r
            <ebil:TotalIVASegunMon>?</ebil:TotalIVASegunMon>\r
            <!--Optional:-->\r
            <ebil:TotalRetICA>?</ebil:TotalRetICA>\r
            <!--Optional:-->\r
            <ebil:TotalRetIVA>?</ebil:TotalRetIVA>\r
            <!--Optional:-->\r
            <ebil:TotalRetencion>?</ebil:TotalRetencion>\r
            <!--Optional:-->\r
            <ebil:TotalSegunMon>?</ebil:TotalSegunMon>\r
            <!--Optional:-->\r
            <ebil:TotalTraslado>?</ebil:TotalTraslado>\r
            <!--Optional:-->\r
            <ebil:Total_a_Pagar>?</ebil:Total_a_Pagar>\r
            <!--Optional:-->\r
            <ebil:ValorHasta1>?</ebil:ValorHasta1>\r
            <!--Optional:-->\r
            <ebil:ValorHasta2>?</ebil:ValorHasta2>\r
            <!--Optional:-->\r
            <ebil:ValorHasta3>?</ebil:ValorHasta3>\r
            <!--Optional:-->\r
            <ebil:ValorHasta4>?</ebil:ValorHasta4>\r
            <!--Optional:-->\r
            <ebil:cfd_activa_nota1>?</ebil:cfd_activa_nota1>\r
            <!--Optional:-->\r
            <ebil:ciudad_envio>?</ebil:ciudad_envio>\r
            <!--Optional:-->\r
            <ebil:code1>?</ebil:code1>\r
            <!--Optional:-->\r
            <ebil:code2>?</ebil:code2>\r
            <!--Optional:-->\r
            <ebil:code3>?</ebil:code3>\r
            <!--Optional:-->\r
            <ebil:curso>?</ebil:curso>\r
            <!--Optional:-->\r
            <ebil:departamento_envio>?</ebil:departamento_envio>\r
            <!--Optional:-->\r
            <ebil:direccion_envio>?</ebil:direccion_envio>\r
            <!--Optional:-->\r
            <ebil:numero_envio>?</ebil:numero_envio>\r
            <!--Optional:-->\r
            <ebil:orden_venta>?</ebil:orden_venta>\r
            <!--Optional:-->\r
            <ebil:pague_hasta1>?</ebil:pague_hasta1>\r
            <!--Optional:-->\r
            <ebil:pague_hasta2>?</ebil:pague_hasta2>\r
            <!--Optional:-->\r
            <ebil:pague_hasta3>?</ebil:pague_hasta3>\r
            <!--Optional:-->\r
            <ebil:referencia>?</ebil:referencia>\r
            <!--Optional:-->\r
            <ebil:referencia1>?</ebil:referencia1>\r
            <!--Optional:-->\r
            <ebil:referencia_envio>?</ebil:referencia_envio>\r
            <!--Optional:-->\r
            <ebil:telefono_envio>?</ebil:telefono_envio>\r
         </tem:FacCab>\r
         <!--Optional:-->\r
         <tem:DetFac>\r
            <!--Zero or more repetitions:-->\r
            <ebil:CFDDetConexionInt>\r
               <!--Optional:-->\r
               <ebil:CON_base_ica>?</ebil:CON_base_ica>\r
               <!--Optional:-->\r
               <ebil:CON_base_impo_n>?</ebil:CON_base_impo_n>\r
               <!--Optional:-->\r
               <ebil:CON_base_impo_r>?</ebil:CON_base_impo_r>\r
               <!--Optional:-->\r
               <ebil:CON_base_iva>?</ebil:CON_base_iva>\r
               <!--Optional:-->\r
               <ebil:CON_cantidad_original_solicitada>?</ebil:CON_cantidad_original_solicitada>\r
               <!--Optional:-->\r
               <ebil:CON_categoria_0>?</ebil:CON_categoria_0>\r
               <!--Optional:-->\r
               <ebil:CON_categoria_1>?</ebil:CON_categoria_1>\r
               <!--Optional:-->\r
               <ebil:CON_categoria_2>?</ebil:CON_categoria_2>\r
               <!--Optional:-->\r
               <ebil:CON_categoria_3>?</ebil:CON_categoria_3>\r
               <!--Optional:-->\r
               <ebil:CON_ciudad_despacho>?</ebil:CON_ciudad_despacho>\r
               <!--Optional:-->\r
               <ebil:CON_dato_decimal1>?</ebil:CON_dato_decimal1>\r
               <!--Optional:-->\r
               <ebil:CON_dato_decimal10>?</ebil:CON_dato_decimal10>\r
               <!--Optional:-->\r
               <ebil:CON_dato_decimal11>?</ebil:CON_dato_decimal11>\r
               <!--Optional:-->\r
               <ebil:CON_dato_decimal12>?</ebil:CON_dato_decimal12>\r
               <!--Optional:-->\r
               <ebil:CON_dato_decimal13>?</ebil:CON_dato_decimal13>\r
               <!--Optional:-->\r
               <ebil:CON_dato_decimal14>?</ebil:CON_dato_decimal14>\r
               <!--Optional:-->\r
               <ebil:CON_dato_decimal15>?</ebil:CON_dato_decimal15>\r
               <!--Optional:-->\r
               <ebil:CON_dato_decimal2>?</ebil:CON_dato_decimal2>\r
               <!--Optional:-->\r
               <ebil:CON_dato_decimal3>?</ebil:CON_dato_decimal3>\r
               <!--Optional:-->\r
               <ebil:CON_dato_decimal4>?</ebil:CON_dato_decimal4>\r
               <!--Optional:-->\r
               <ebil:CON_dato_decimal5>?</ebil:CON_dato_decimal5>\r
               <!--Optional:-->\r
               <ebil:CON_dato_decimal6>?</ebil:CON_dato_decimal6>\r
               <!--Optional:-->\r
               <ebil:CON_dato_decimal7>?</ebil:CON_dato_decimal7>\r
               <!--Optional:-->\r
               <ebil:CON_dato_decimal8>?</ebil:CON_dato_decimal8>\r
               <!--Optional:-->\r
               <ebil:CON_dato_decimal9>?</ebil:CON_dato_decimal9>\r
               <!--Optional:-->\r
               <ebil:CON_dato_destino>?</ebil:CON_dato_destino>\r
               <!--Optional:-->\r
               <ebil:CON_dato_fecha>?</ebil:CON_dato_fecha>\r
               <!--Optional:-->\r
               <ebil:CON_dato_origen>?</ebil:CON_dato_origen>\r
               <!--Optional:-->\r
               <ebil:CON_dato_peso>?</ebil:CON_dato_peso>\r
               <!--Optional:-->\r
               <ebil:CON_dato_placa>?</ebil:CON_dato_placa>\r
               <!--Optional:-->\r
               <ebil:CON_dato_referencia>?</ebil:CON_dato_referencia>\r
               <!--Optional:-->\r
               <ebil:CON_dato_texto1>?</ebil:CON_dato_texto1>\r
               <!--Optional:-->\r
               <ebil:CON_dato_texto10>?</ebil:CON_dato_texto10>\r
               <!--Optional:-->\r
               <ebil:CON_dato_texto11>?</ebil:CON_dato_texto11>\r
               <!--Optional:-->\r
               <ebil:CON_dato_texto12>?</ebil:CON_dato_texto12>\r
               <!--Optional:-->\r
               <ebil:CON_dato_texto13>?</ebil:CON_dato_texto13>\r
               <!--Optional:-->\r
               <ebil:CON_dato_texto14>?</ebil:CON_dato_texto14>\r
               <!--Optional:-->\r
               <ebil:CON_dato_texto15>?</ebil:CON_dato_texto15>\r
               <!--Optional:-->\r
               <ebil:CON_dato_texto2>?</ebil:CON_dato_texto2>\r
               <!--Optional:-->\r
               <ebil:CON_dato_texto3>?</ebil:CON_dato_texto3>\r
               <!--Optional:-->\r
               <ebil:CON_dato_texto4>?</ebil:CON_dato_texto4>\r
               <!--Optional:-->\r
               <ebil:CON_dato_texto5>?</ebil:CON_dato_texto5>\r
               <!--Optional:-->\r
               <ebil:CON_dato_texto6>?</ebil:CON_dato_texto6>\r
               <!--Optional:-->\r
               <ebil:CON_dato_texto7>?</ebil:CON_dato_texto7>\r
               <!--Optional:-->\r
               <ebil:CON_dato_texto8>?</ebil:CON_dato_texto8>\r
               <!--Optional:-->\r
               <ebil:CON_dato_texto9>?</ebil:CON_dato_texto9>\r
               <!--Optional:-->\r
               <ebil:CON_departamento_despacho>?</ebil:CON_departamento_despacho>\r
               <!--Optional:-->\r
               <ebil:CON_detalle_construccion>?</ebil:CON_detalle_construccion>\r
               <!--Optional:-->\r
               <ebil:CON_detalle_industria1>?</ebil:CON_detalle_industria1>\r
               <!--Optional:-->\r
               <ebil:CON_detalle_industria2>?</ebil:CON_detalle_industria2>\r
               <!--Optional:-->\r
               <ebil:CON_detalle_industria3>?</ebil:CON_detalle_industria3>\r
               <!--Optional:-->\r
               <ebil:CON_detalle_vehiculo>?</ebil:CON_detalle_vehiculo>\r
               <!--Optional:-->\r
               <ebil:CON_direccion_despacho>?</ebil:CON_direccion_despacho>\r
               <!--Optional:-->\r
               <ebil:CON_documentos_referencia>?</ebil:CON_documentos_referencia>\r
               <!--Optional:-->\r
               <ebil:CON_linea_concepto>?</ebil:CON_linea_concepto>\r
               <!--Optional:-->\r
               <ebil:CON_linea_padre_concepto>?</ebil:CON_linea_padre_concepto>\r
               <!--Optional:-->\r
               <ebil:CON_posicion_arancelaria>?</ebil:CON_posicion_arancelaria>\r
               <!--Optional:-->\r
               <ebil:CON_sub_cliente>?</ebil:CON_sub_cliente>\r
               <!--Optional:-->\r
               <ebil:CON_total_con_seg_mon>?</ebil:CON_total_con_seg_mon>\r
               <!--Optional:-->\r
               <ebil:CON_unidad_medida_con>?</ebil:CON_unidad_medida_con>\r
               <!--Optional:-->\r
               <ebil:CON_valor_otros_cargos>?</ebil:CON_valor_otros_cargos>\r
               <!--Optional:-->\r
               <ebil:CON_valor_otros_descuentos>?</ebil:CON_valor_otros_descuentos>\r
               <!--Optional:-->\r
               <ebil:CON_valor_unitario_seg_mon>?</ebil:CON_valor_unitario_seg_mon>\r
               <!--Optional:-->\r
               <ebil:CREE>?</ebil:CREE>\r
               <!--Optional:-->\r
               <ebil:Cantidad>?</ebil:Cantidad>\r
               <!--Optional:-->\r
               <ebil:ClaseMovimiento>?</ebil:ClaseMovimiento>\r
               <!--Optional:-->\r
               <ebil:CodigoProducto>?</ebil:CodigoProducto>\r
               <!--Optional:-->\r
               <ebil:Codigos>\r
                  <!--Zero or more repetitions:-->\r
                  <arr:string>?</arr:string>\r
               </ebil:Codigos>\r
               <!--Optional:-->\r
               <ebil:CodigosString>?</ebil:CodigosString>\r
               <!--Optional:-->\r
               <ebil:DescripcionConcepto>?</ebil:DescripcionConcepto>\r
               <!--Optional:-->\r
               <ebil:DescripcionProducto>?</ebil:DescripcionProducto>\r
               <!--Optional:-->\r
               <ebil:DescuentoConcepto>?</ebil:DescuentoConcepto>\r
               <!--Optional:-->\r
               <ebil:FechaRecibe>?</ebil:FechaRecibe>\r
               <!--Optional:-->\r
               <ebil:IVAProducto>?</ebil:IVAProducto>\r
               <!--Optional:-->\r
               <ebil:Importe>?</ebil:Importe>\r
               <!--Optional:-->\r
               <ebil:Impuesto2>?</ebil:Impuesto2>\r
               <!--Optional:-->\r
               <ebil:ItemReferencia>?</ebil:ItemReferencia>\r
               <!--Optional:-->\r
               <ebil:NotasConcepto>?</ebil:NotasConcepto>\r
               <!--Optional:-->\r
               <ebil:PorIVAProducto>?</ebil:PorIVAProducto>\r
               <!--Optional:-->\r
               <ebil:PorImpuesto2>?</ebil:PorImpuesto2>\r
               <!--Optional:-->\r
               <ebil:PorcentajeDescuento>?</ebil:PorcentajeDescuento>\r
               <!--Optional:-->\r
               <ebil:RetencionCREE>?</ebil:RetencionCREE>\r
               <!--Optional:-->\r
               <ebil:TipoImpuesto>?</ebil:TipoImpuesto>\r
               <!--Optional:-->\r
               <ebil:TotalConSegMon>?</ebil:TotalConSegMon>\r
               <!--Optional:-->\r
               <ebil:TotalConcepto>?</ebil:TotalConcepto>\r
               <!--Optional:-->\r
               <ebil:UnidadMedida>?</ebil:UnidadMedida>\r
               <!--Optional:-->\r
               <ebil:ValorUnitario>?</ebil:ValorUnitario>\r
            </ebil:CFDDetConexionInt>\r
         </tem:DetFac>\r
         <!--Optional:-->\r
         <tem:Opciones>\r
            <!--Optional:-->\r
            <ebil:ActualizaProductos>?</ebil:ActualizaProductos>\r
            <!--Optional:-->\r
            <ebil:CalculaReteCree>?</ebil:CalculaReteCree>\r
            <!--Optional:-->\r
            <ebil:CalculaReteFuente>?</ebil:CalculaReteFuente>\r
            <!--Optional:-->\r
            <ebil:CalculaReteICA>?</ebil:CalculaReteICA>\r
            <!--Optional:-->\r
            <ebil:CalculaReteIVA>?</ebil:CalculaReteIVA>\r
            <!--Optional:-->\r
            <ebil:EmisionAutomatica>?</ebil:EmisionAutomatica>\r
            <!--Optional:-->\r
            <ebil:FacturasSinAcuerdo>?</ebil:FacturasSinAcuerdo>\r
            <!--Optional:-->\r
            <ebil:ModeloXAceptacion>?</ebil:ModeloXAceptacion>\r
            <!--Optional:-->\r
            <ebil:NotasRelacionadas>?</ebil:NotasRelacionadas>\r
            <!--Optional:-->\r
            <ebil:OrderControl>?</ebil:OrderControl>\r
            <!--Optional:-->\r
            <ebil:TieneAcuerdosFisicos>?</ebil:TieneAcuerdosFisicos>\r
            <!--Optional:-->\r
            <ebil:TokenConexion>?</ebil:TokenConexion>\r
            <!--Optional:-->\r
            <ebil:eBillAdmNumerosFactura>?</ebil:eBillAdmNumerosFactura>\r
         </tem:Opciones>\r
      </tem:CargarDocumentosElectronicosToeBillGenericFULLDesdePDF>\r
   </soapenv:Body>\r
</soapenv:Envelope>]]></con:request><con:wsaConfig mustUnderstand="NONE" version="200508" action="http://tempuri.org/IIntegracion/CargarDocumentosElectronicosToeBillGenericFULLDesdePDF"/></con:call></con:operation><con:operation id="d0263aa4-ab78-4764-af92-a63c36fb1cd5" isOneWay="false" action="http://tempuri.org/IIntegracion/CargarDocumentosElectronicosToeBillGenericFULLFacturaMinimaLegal" name="CargarDocumentosElectronicosToeBillGenericFULLFacturaMinimaLegal" bindingOperationName="CargarDocumentosElectronicosToeBillGenericFULLFacturaMinimaLegal" type="Request-Response" inputName="" receivesAttachments="false" sendsAttachments="false" anonymous="optional"><con:settings/><con:call id="3649a8a2-0edb-4e75-87aa-54e277339902" name="Request 1"><con:settings/><con:encoding>UTF-8</con:encoding><con:endpoint>http://testws.facturaenlinea.co/ServiciosFyM/eBill/Integracion.svc</con:endpoint><con:request><![CDATA[<soapenv:Envelope xmlns:soapenv="http://schemas.xmlsoap.org/soap/envelope/" xmlns:tem="http://tempuri.org/" xmlns:ebil="http://schemas.datacontract.org/2004/07/eBillCore" xmlns:arr="http://schemas.microsoft.com/2003/10/Serialization/Arrays">\r
   <soapenv:Header/>\r
   <soapenv:Body>\r
      <tem:CargarDocumentosElectronicosToeBillGenericFULLFacturaMinimaLegal>\r
         <!--Optional:-->\r
         <tem:PDFFac>cid:651653283209</tem:PDFFac>\r
         <!--Optional:-->\r
         <tem:FacCab>\r
            <!--Optional:-->\r
            <ebil:AnoAprobacionRes>?</ebil:AnoAprobacionRes>\r
            <!--Optional:-->\r
            <ebil:Base_Impuesto>?</ebil:Base_Impuesto>\r
            <!--Optional:-->\r
            <ebil:CFD_EST_estado_tramit>?</ebil:CFD_EST_estado_tramit>\r
            <!--Optional:-->\r
            <ebil:CFD_Flete>?</ebil:CFD_Flete>\r
            <!--Optional:-->\r
            <ebil:CFD_OtrosCargos>?</ebil:CFD_OtrosCargos>\r
            <!--Optional:-->\r
            <ebil:CFD_Por_Margen>?</ebil:CFD_Por_Margen>\r
            <!--Optional:-->\r
            <ebil:CFD_ResponseCode>?</ebil:CFD_ResponseCode>\r
            <!--Optional:-->\r
            <ebil:CFD_base_ICA_total>?</ebil:CFD_base_ICA_total>\r
            <!--Optional:-->\r
            <ebil:CFD_base_impo_total_nal>?</ebil:CFD_base_impo_total_nal>\r
            <!--Optional:-->\r
            <ebil:CFD_base_impo_total_reg>?</ebil:CFD_base_impo_total_reg>\r
            <!--Optional:-->\r
            <ebil:CFD_campo_texto_10>?</ebil:CFD_campo_texto_10>\r
            <!--Optional:-->\r
            <ebil:CFD_campo_texto_11>?</ebil:CFD_campo_texto_11>\r
            <!--Optional:-->\r
            <ebil:CFD_campo_texto_12>?</ebil:CFD_campo_texto_12>\r
            <!--Optional:-->\r
            <ebil:CFD_campo_texto_13>?</ebil:CFD_campo_texto_13>\r
            <!--Optional:-->\r
            <ebil:CFD_campo_texto_14>?</ebil:CFD_campo_texto_14>\r
            <!--Optional:-->\r
            <ebil:CFD_campo_texto_15>?</ebil:CFD_campo_texto_15>\r
            <!--Optional:-->\r
            <ebil:CFD_campo_texto_16>?</ebil:CFD_campo_texto_16>\r
            <!--Optional:-->\r
            <ebil:CFD_campo_texto_17>?</ebil:CFD_campo_texto_17>\r
            <!--Optional:-->\r
            <ebil:CFD_campo_texto_18>?</ebil:CFD_campo_texto_18>\r
            <!--Optional:-->\r
            <ebil:CFD_campo_texto_19>?</ebil:CFD_campo_texto_19>\r
            <!--Optional:-->\r
            <ebil:CFD_campo_texto_20>?</ebil:CFD_campo_texto_20>\r
            <!--Optional:-->\r
            <ebil:CFD_campo_texto_21>?</ebil:CFD_campo_texto_21>\r
            <!--Optional:-->\r
            <ebil:CFD_campo_texto_22>?</ebil:CFD_campo_texto_22>\r
            <!--Optional:-->\r
            <ebil:CFD_campo_texto_23>?</ebil:CFD_campo_texto_23>\r
            <!--Optional:-->\r
            <ebil:CFD_campo_texto_24>?</ebil:CFD_campo_texto_24>\r
            <!--Optional:-->\r
            <ebil:CFD_campo_texto_25>?</ebil:CFD_campo_texto_25>\r
            <!--Optional:-->\r
            <ebil:CFD_campo_texto_26>?</ebil:CFD_campo_texto_26>\r
            <!--Optional:-->\r
            <ebil:CFD_campo_texto_27>?</ebil:CFD_campo_texto_27>\r
            <!--Optional:-->\r
            <ebil:CFD_campo_texto_28>?</ebil:CFD_campo_texto_28>\r
            <!--Optional:-->\r
            <ebil:CFD_campo_texto_29>?</ebil:CFD_campo_texto_29>\r
            <!--Optional:-->\r
            <ebil:CFD_campo_texto_30>?</ebil:CFD_campo_texto_30>\r
            <!--Optional:-->\r
            <ebil:CFD_campo_texto_9>?</ebil:CFD_campo_texto_9>\r
            <!--Optional:-->\r
            <ebil:CFD_cantidad_dec_1>?</ebil:CFD_cantidad_dec_1>\r
            <!--Optional:-->\r
            <ebil:CFD_cantidad_dec_10>?</ebil:CFD_cantidad_dec_10>\r
            <!--Optional:-->\r
            <ebil:CFD_cantidad_dec_11>?</ebil:CFD_cantidad_dec_11>\r
            <!--Optional:-->\r
            <ebil:CFD_cantidad_dec_12>?</ebil:CFD_cantidad_dec_12>\r
            <!--Optional:-->\r
            <ebil:CFD_cantidad_dec_13>?</ebil:CFD_cantidad_dec_13>\r
            <!--Optional:-->\r
            <ebil:CFD_cantidad_dec_14>?</ebil:CFD_cantidad_dec_14>\r
            <!--Optional:-->\r
            <ebil:CFD_cantidad_dec_15>?</ebil:CFD_cantidad_dec_15>\r
            <!--Optional:-->\r
            <ebil:CFD_cantidad_dec_16>?</ebil:CFD_cantidad_dec_16>\r
            <!--Optional:-->\r
            <ebil:CFD_cantidad_dec_17>?</ebil:CFD_cantidad_dec_17>\r
            <!--Optional:-->\r
            <ebil:CFD_cantidad_dec_18>?</ebil:CFD_cantidad_dec_18>\r
            <!--Optional:-->\r
            <ebil:CFD_cantidad_dec_19>?</ebil:CFD_cantidad_dec_19>\r
            <!--Optional:-->\r
            <ebil:CFD_cantidad_dec_20>?</ebil:CFD_cantidad_dec_20>\r
            <!--Optional:-->\r
            <ebil:CFD_cantidad_dec_21>?</ebil:CFD_cantidad_dec_21>\r
            <!--Optional:-->\r
            <ebil:CFD_cantidad_dec_22>?</ebil:CFD_cantidad_dec_22>\r
            <!--Optional:-->\r
            <ebil:CFD_cantidad_dec_23>?</ebil:CFD_cantidad_dec_23>\r
            <!--Optional:-->\r
            <ebil:CFD_cantidad_dec_24>?</ebil:CFD_cantidad_dec_24>\r
            <!--Optional:-->\r
            <ebil:CFD_cantidad_dec_25>?</ebil:CFD_cantidad_dec_25>\r
            <!--Optional:-->\r
            <ebil:CFD_cantidad_dec_4>?</ebil:CFD_cantidad_dec_4>\r
            <!--Optional:-->\r
            <ebil:CFD_cantidad_dec_5>?</ebil:CFD_cantidad_dec_5>\r
            <!--Optional:-->\r
            <ebil:CFD_cantidad_dec_6>?</ebil:CFD_cantidad_dec_6>\r
            <!--Optional:-->\r
            <ebil:CFD_cantidad_dec_7>?</ebil:CFD_cantidad_dec_7>\r
            <!--Optional:-->\r
            <ebil:CFD_cantidad_dec_8>?</ebil:CFD_cantidad_dec_8>\r
            <!--Optional:-->\r
            <ebil:CFD_cantidad_dec_9>?</ebil:CFD_cantidad_dec_9>\r
            <!--Optional:-->\r
            <ebil:CFD_deducible>?</ebil:CFD_deducible>\r
            <!--Optional:-->\r
            <ebil:CFD_desconexion_servicio>?</ebil:CFD_desconexion_servicio>\r
            <!--Optional:-->\r
            <ebil:CFD_fecha_desconexion>?</ebil:CFD_fecha_desconexion>\r
            <!--Optional:-->\r
            <ebil:CFD_fecha_tasadeCambio>?</ebil:CFD_fecha_tasadeCambio>\r
            <!--Optional:-->\r
            <ebil:CFD_numero_enlace_doc_ref>?</ebil:CFD_numero_enlace_doc_ref>\r
            <!--Optional:-->\r
            <ebil:CFD_porc_rte_ICA>?</ebil:CFD_porc_rte_ICA>\r
            <!--Optional:-->\r
            <ebil:CFD_porc_rte_fuent>?</ebil:CFD_porc_rte_fuent>\r
            <!--Optional:-->\r
            <ebil:CFD_tasa_mora>?</ebil:CFD_tasa_mora>\r
            <!--Optional:-->\r
            <ebil:CFD_tdi_id_tipo_doc_interno>?</ebil:CFD_tdi_id_tipo_doc_interno>\r
            <!--Optional:-->\r
            <ebil:CFD_total_ICA>?</ebil:CFD_total_ICA>\r
            <!--Optional:-->\r
            <ebil:CFD_total_aduana_exp>?</ebil:CFD_total_aduana_exp>\r
            <!--Optional:-->\r
            <ebil:CFD_total_cargos>?</ebil:CFD_total_cargos>\r
            <!--Optional:-->\r
            <ebil:CFD_total_descuentos>?</ebil:CFD_total_descuentos>\r
            <!--Optional:-->\r
            <ebil:CFD_total_margen>?</ebil:CFD_total_margen>\r
            <!--Optional:-->\r
            <ebil:CFD_total_seguro_exp>?</ebil:CFD_total_seguro_exp>\r
            <!--Optional:-->\r
            <ebil:CLI_numero_cliente>?</ebil:CLI_numero_cliente>\r
            <!--Optional:-->\r
            <ebil:CREETotal>?</ebil:CREETotal>\r
            <!--Optional:-->\r
            <ebil:CampoTexto1>?</ebil:CampoTexto1>\r
            <!--Optional:-->\r
            <ebil:CampoTexto2>?</ebil:CampoTexto2>\r
            <!--Optional:-->\r
            <ebil:CampoTexto3>?</ebil:CampoTexto3>\r
            <!--Optional:-->\r
            <ebil:CampoTexto4>?</ebil:CampoTexto4>\r
            <!--Optional:-->\r
            <ebil:CampoTexto5>?</ebil:CampoTexto5>\r
            <!--Optional:-->\r
            <ebil:CampoTexto6>?</ebil:CampoTexto6>\r
            <!--Optional:-->\r
            <ebil:CampoTexto7>?</ebil:CampoTexto7>\r
            <!--Optional:-->\r
            <ebil:CampoTexto8>?</ebil:CampoTexto8>\r
            <!--Optional:-->\r
            <ebil:Cantidad1>?</ebil:Cantidad1>\r
            <!--Optional:-->\r
            <ebil:Cantidad2>?</ebil:Cantidad2>\r
            <!--Optional:-->\r
            <ebil:Cantidad3>?</ebil:Cantidad3>\r
            <!--Optional:-->\r
            <ebil:CantidadDec1>?</ebil:CantidadDec1>\r
            <!--Optional:-->\r
            <ebil:CantidadDec2>?</ebil:CantidadDec2>\r
            <!--Optional:-->\r
            <ebil:CantidadDec3>?</ebil:CantidadDec3>\r
            <!--Optional:-->\r
            <ebil:CiudadDANE>?</ebil:CiudadDANE>\r
            <!--Optional:-->\r
            <ebil:CodVendedor>?</ebil:CodVendedor>\r
            <!--Optional:-->\r
            <ebil:CodigoPostalCliente>?</ebil:CodigoPostalCliente>\r
            <!--Optional:-->\r
            <ebil:CodigoPostalEnvio>?</ebil:CodigoPostalEnvio>\r
            <!--Optional:-->\r
            <ebil:ComprobanteCon>?</ebil:ComprobanteCon>\r
            <!--Optional:-->\r
            <ebil:Condiciones_Pago>?</ebil:Condiciones_Pago>\r
            <!--Optional:-->\r
            <ebil:ContactoCargo>?</ebil:ContactoCargo>\r
            <!--Optional:-->\r
            <ebil:ContactoCorreo>?</ebil:ContactoCorreo>\r
            <!--Optional:-->\r
            <ebil:ContactoNombre>?</ebil:ContactoNombre>\r
            <!--Optional:-->\r
            <ebil:CorreoCliente>?</ebil:CorreoCliente>\r
            <!--Optional:-->\r
            <ebil:DepartamentoDANE>?</ebil:DepartamentoDANE>\r
            <!--Optional:-->\r
            <ebil:DescripcionPlan>?</ebil:DescripcionPlan>\r
            <!--Optional:-->\r
            <ebil:Descuento>?</ebil:Descuento>\r
            <!--Optional:-->\r
            <ebil:DigitoVerificaCliente>?</ebil:DigitoVerificaCliente>\r
            <!--Optional:-->\r
            <ebil:DireccionCliente>?</ebil:DireccionCliente>\r
            <!--Optional:-->\r
            <ebil:EstiloFactura>?</ebil:EstiloFactura>\r
            <!--Optional:-->\r
            <ebil:FechaExpedicion>?</ebil:FechaExpedicion>\r
            <!--Optional:-->\r
            <ebil:FechaFinalPeriodoFacturado>?</ebil:FechaFinalPeriodoFacturado>\r
            <!--Optional:-->\r
            <ebil:FechaInicialPeriodoFacturado>?</ebil:FechaInicialPeriodoFacturado>\r
            <!--Optional:-->\r
            <ebil:FechaVencimiento>?</ebil:FechaVencimiento>\r
            <!--Optional:-->\r
            <ebil:FormaPago>?</ebil:FormaPago>\r
            <!--Optional:-->\r
            <ebil:IDInterno>?</ebil:IDInterno>\r
            <!--Optional:-->\r
            <ebil:IDUbicacionCliente>?</ebil:IDUbicacionCliente>\r
            <!--Optional:-->\r
            <ebil:IDUbicacionEnvio>?</ebil:IDUbicacionEnvio>\r
            <!--Optional:-->\r
            <ebil:IdPlan>?</ebil:IdPlan>\r
            <!--Optional:-->\r
            <ebil:IdSucursal>?</ebil:IdSucursal>\r
            <!--Optional:-->\r
            <ebil:Incoterm>?</ebil:Incoterm>\r
            <!--Optional:-->\r
            <ebil:InfoAdicional>?</ebil:InfoAdicional>\r
            <!--Optional:-->\r
            <ebil:LugarTerminosEntrega>?</ebil:LugarTerminosEntrega>\r
            <!--Optional:-->\r
            <ebil:MesCausado>?</ebil:MesCausado>\r
            <!--Optional:-->\r
            <ebil:MonedaISO>?</ebil:MonedaISO>\r
            <!--Optional:-->\r
            <ebil:NitCliente>?</ebil:NitCliente>\r
            <!--Optional:-->\r
            <ebil:NitEmpresa>?</ebil:NitEmpresa>\r
            <!--Optional:-->\r
            <ebil:NombreCliente>?</ebil:NombreCliente>\r
            <!--Optional:-->\r
            <ebil:NombrePlan>?</ebil:NombrePlan>\r
            <!--Optional:-->\r
            <ebil:NombreVendedor>?</ebil:NombreVendedor>\r
            <!--Optional:-->\r
            <ebil:NumAprobacionRes>?</ebil:NumAprobacionRes>\r
            <!--Optional:-->\r
            <ebil:NumFactura>?</ebil:NumFactura>\r
            <!--Optional:-->\r
            <ebil:OrderID>?</ebil:OrderID>\r
            <!--Optional:-->\r
            <ebil:PAI_ISO_3166>?</ebil:PAI_ISO_3166>\r
            <!--Optional:-->\r
            <ebil:PagoAnterior>?</ebil:PagoAnterior>\r
            <!--Optional:-->\r
            <ebil:Prefijo>?</ebil:Prefijo>\r
            <!--Optional:-->\r
            <ebil:ReferenciaCliente>?</ebil:ReferenciaCliente>\r
            <!--Optional:-->\r
            <ebil:RetencionCREETotal>?</ebil:RetencionCREETotal>\r
            <!--Optional:-->\r
            <ebil:SMSXDoc>?</ebil:SMSXDoc>\r
            <!--Optional:-->\r
            <ebil:SaldoAnterior>?</ebil:SaldoAnterior>\r
            <!--Optional:-->\r
            <ebil:SubTotal>?</ebil:SubTotal>\r
            <!--Optional:-->\r
            <ebil:SubTotalSegunMon>?</ebil:SubTotalSegunMon>\r
            <!--Optional:-->\r
            <ebil:Sucursal>?</ebil:Sucursal>\r
            <!--Optional:-->\r
            <ebil:TIP_id_tipo_persona>?</ebil:TIP_id_tipo_persona>\r
            <!--Optional:-->\r
            <ebil:TasaCambio>?</ebil:TasaCambio>\r
            <!--Optional:-->\r
            <ebil:TelefonoCliente>?</ebil:TelefonoCliente>\r
            <!--Optional:-->\r
            <ebil:Texto3>?</ebil:Texto3>\r
            <!--Optional:-->\r
            <ebil:TieneAcuerdo>?</ebil:TieneAcuerdo>\r
            <!--Optional:-->\r
            <ebil:TipoComprobante>?</ebil:TipoComprobante>\r
            <!--Optional:-->\r
            <ebil:TipoContribuyente>?</ebil:TipoContribuyente>\r
            <!--Optional:-->\r
            <ebil:TipoIDCliente>?</ebil:TipoIDCliente>\r
            <!--Optional:-->\r
            <ebil:Total>?</ebil:Total>\r
            <!--Optional:-->\r
            <ebil:TotalIVA>?</ebil:TotalIVA>\r
            <!--Optional:-->\r
            <ebil:TotalIVASegunMon>?</ebil:TotalIVASegunMon>\r
            <!--Optional:-->\r
            <ebil:TotalRetICA>?</ebil:TotalRetICA>\r
            <!--Optional:-->\r
            <ebil:TotalRetIVA>?</ebil:TotalRetIVA>\r
            <!--Optional:-->\r
            <ebil:TotalRetencion>?</ebil:TotalRetencion>\r
            <!--Optional:-->\r
            <ebil:TotalSegunMon>?</ebil:TotalSegunMon>\r
            <!--Optional:-->\r
            <ebil:TotalTraslado>?</ebil:TotalTraslado>\r
            <!--Optional:-->\r
            <ebil:Total_a_Pagar>?</ebil:Total_a_Pagar>\r
            <!--Optional:-->\r
            <ebil:ValorHasta1>?</ebil:ValorHasta1>\r
            <!--Optional:-->\r
            <ebil:ValorHasta2>?</ebil:ValorHasta2>\r
            <!--Optional:-->\r
            <ebil:ValorHasta3>?</ebil:ValorHasta3>\r
            <!--Optional:-->\r
            <ebil:ValorHasta4>?</ebil:ValorHasta4>\r
            <!--Optional:-->\r
            <ebil:cfd_activa_nota1>?</ebil:cfd_activa_nota1>\r
            <!--Optional:-->\r
            <ebil:ciudad_envio>?</ebil:ciudad_envio>\r
            <!--Optional:-->\r
            <ebil:code1>?</ebil:code1>\r
            <!--Optional:-->\r
            <ebil:code2>?</ebil:code2>\r
            <!--Optional:-->\r
            <ebil:code3>?</ebil:code3>\r
            <!--Optional:-->\r
            <ebil:curso>?</ebil:curso>\r
            <!--Optional:-->\r
            <ebil:departamento_envio>?</ebil:departamento_envio>\r
            <!--Optional:-->\r
            <ebil:direccion_envio>?</ebil:direccion_envio>\r
            <!--Optional:-->\r
            <ebil:numero_envio>?</ebil:numero_envio>\r
            <!--Optional:-->\r
            <ebil:orden_venta>?</ebil:orden_venta>\r
            <!--Optional:-->\r
            <ebil:pague_hasta1>?</ebil:pague_hasta1>\r
            <!--Optional:-->\r
            <ebil:pague_hasta2>?</ebil:pague_hasta2>\r
            <!--Optional:-->\r
            <ebil:pague_hasta3>?</ebil:pague_hasta3>\r
            <!--Optional:-->\r
            <ebil:referencia>?</ebil:referencia>\r
            <!--Optional:-->\r
            <ebil:referencia1>?</ebil:referencia1>\r
            <!--Optional:-->\r
            <ebil:referencia_envio>?</ebil:referencia_envio>\r
            <!--Optional:-->\r
            <ebil:telefono_envio>?</ebil:telefono_envio>\r
         </tem:FacCab>\r
         <!--Optional:-->\r
         <tem:DetFac>\r
            <!--Zero or more repetitions:-->\r
            <ebil:CFDDetConexionInt>\r
               <!--Optional:-->\r
               <ebil:CON_base_ica>?</ebil:CON_base_ica>\r
               <!--Optional:-->\r
               <ebil:CON_base_impo_n>?</ebil:CON_base_impo_n>\r
               <!--Optional:-->\r
               <ebil:CON_base_impo_r>?</ebil:CON_base_impo_r>\r
               <!--Optional:-->\r
               <ebil:CON_base_iva>?</ebil:CON_base_iva>\r
               <!--Optional:-->\r
               <ebil:CON_cantidad_original_solicitada>?</ebil:CON_cantidad_original_solicitada>\r
               <!--Optional:-->\r
               <ebil:CON_categoria_0>?</ebil:CON_categoria_0>\r
               <!--Optional:-->\r
               <ebil:CON_categoria_1>?</ebil:CON_categoria_1>\r
               <!--Optional:-->\r
               <ebil:CON_categoria_2>?</ebil:CON_categoria_2>\r
               <!--Optional:-->\r
               <ebil:CON_categoria_3>?</ebil:CON_categoria_3>\r
               <!--Optional:-->\r
               <ebil:CON_ciudad_despacho>?</ebil:CON_ciudad_despacho>\r
               <!--Optional:-->\r
               <ebil:CON_dato_decimal1>?</ebil:CON_dato_decimal1>\r
               <!--Optional:-->\r
               <ebil:CON_dato_decimal10>?</ebil:CON_dato_decimal10>\r
               <!--Optional:-->\r
               <ebil:CON_dato_decimal11>?</ebil:CON_dato_decimal11>\r
               <!--Optional:-->\r
               <ebil:CON_dato_decimal12>?</ebil:CON_dato_decimal12>\r
               <!--Optional:-->\r
               <ebil:CON_dato_decimal13>?</ebil:CON_dato_decimal13>\r
               <!--Optional:-->\r
               <ebil:CON_dato_decimal14>?</ebil:CON_dato_decimal14>\r
               <!--Optional:-->\r
               <ebil:CON_dato_decimal15>?</ebil:CON_dato_decimal15>\r
               <!--Optional:-->\r
               <ebil:CON_dato_decimal2>?</ebil:CON_dato_decimal2>\r
               <!--Optional:-->\r
               <ebil:CON_dato_decimal3>?</ebil:CON_dato_decimal3>\r
               <!--Optional:-->\r
               <ebil:CON_dato_decimal4>?</ebil:CON_dato_decimal4>\r
               <!--Optional:-->\r
               <ebil:CON_dato_decimal5>?</ebil:CON_dato_decimal5>\r
               <!--Optional:-->\r
               <ebil:CON_dato_decimal6>?</ebil:CON_dato_decimal6>\r
               <!--Optional:-->\r
               <ebil:CON_dato_decimal7>?</ebil:CON_dato_decimal7>\r
               <!--Optional:-->\r
               <ebil:CON_dato_decimal8>?</ebil:CON_dato_decimal8>\r
               <!--Optional:-->\r
               <ebil:CON_dato_decimal9>?</ebil:CON_dato_decimal9>\r
               <!--Optional:-->\r
               <ebil:CON_dato_destino>?</ebil:CON_dato_destino>\r
               <!--Optional:-->\r
               <ebil:CON_dato_fecha>?</ebil:CON_dato_fecha>\r
               <!--Optional:-->\r
               <ebil:CON_dato_origen>?</ebil:CON_dato_origen>\r
               <!--Optional:-->\r
               <ebil:CON_dato_peso>?</ebil:CON_dato_peso>\r
               <!--Optional:-->\r
               <ebil:CON_dato_placa>?</ebil:CON_dato_placa>\r
               <!--Optional:-->\r
               <ebil:CON_dato_referencia>?</ebil:CON_dato_referencia>\r
               <!--Optional:-->\r
               <ebil:CON_dato_texto1>?</ebil:CON_dato_texto1>\r
               <!--Optional:-->\r
               <ebil:CON_dato_texto10>?</ebil:CON_dato_texto10>\r
               <!--Optional:-->\r
               <ebil:CON_dato_texto11>?</ebil:CON_dato_texto11>\r
               <!--Optional:-->\r
               <ebil:CON_dato_texto12>?</ebil:CON_dato_texto12>\r
               <!--Optional:-->\r
               <ebil:CON_dato_texto13>?</ebil:CON_dato_texto13>\r
               <!--Optional:-->\r
               <ebil:CON_dato_texto14>?</ebil:CON_dato_texto14>\r
               <!--Optional:-->\r
               <ebil:CON_dato_texto15>?</ebil:CON_dato_texto15>\r
               <!--Optional:-->\r
               <ebil:CON_dato_texto2>?</ebil:CON_dato_texto2>\r
               <!--Optional:-->\r
               <ebil:CON_dato_texto3>?</ebil:CON_dato_texto3>\r
               <!--Optional:-->\r
               <ebil:CON_dato_texto4>?</ebil:CON_dato_texto4>\r
               <!--Optional:-->\r
               <ebil:CON_dato_texto5>?</ebil:CON_dato_texto5>\r
               <!--Optional:-->\r
               <ebil:CON_dato_texto6>?</ebil:CON_dato_texto6>\r
               <!--Optional:-->\r
               <ebil:CON_dato_texto7>?</ebil:CON_dato_texto7>\r
               <!--Optional:-->\r
               <ebil:CON_dato_texto8>?</ebil:CON_dato_texto8>\r
               <!--Optional:-->\r
               <ebil:CON_dato_texto9>?</ebil:CON_dato_texto9>\r
               <!--Optional:-->\r
               <ebil:CON_departamento_despacho>?</ebil:CON_departamento_despacho>\r
               <!--Optional:-->\r
               <ebil:CON_detalle_construccion>?</ebil:CON_detalle_construccion>\r
               <!--Optional:-->\r
               <ebil:CON_detalle_industria1>?</ebil:CON_detalle_industria1>\r
               <!--Optional:-->\r
               <ebil:CON_detalle_industria2>?</ebil:CON_detalle_industria2>\r
               <!--Optional:-->\r
               <ebil:CON_detalle_industria3>?</ebil:CON_detalle_industria3>\r
               <!--Optional:-->\r
               <ebil:CON_detalle_vehiculo>?</ebil:CON_detalle_vehiculo>\r
               <!--Optional:-->\r
               <ebil:CON_direccion_despacho>?</ebil:CON_direccion_despacho>\r
               <!--Optional:-->\r
               <ebil:CON_documentos_referencia>?</ebil:CON_documentos_referencia>\r
               <!--Optional:-->\r
               <ebil:CON_linea_concepto>?</ebil:CON_linea_concepto>\r
               <!--Optional:-->\r
               <ebil:CON_linea_padre_concepto>?</ebil:CON_linea_padre_concepto>\r
               <!--Optional:-->\r
               <ebil:CON_posicion_arancelaria>?</ebil:CON_posicion_arancelaria>\r
               <!--Optional:-->\r
               <ebil:CON_sub_cliente>?</ebil:CON_sub_cliente>\r
               <!--Optional:-->\r
               <ebil:CON_total_con_seg_mon>?</ebil:CON_total_con_seg_mon>\r
               <!--Optional:-->\r
               <ebil:CON_unidad_medida_con>?</ebil:CON_unidad_medida_con>\r
               <!--Optional:-->\r
               <ebil:CON_valor_otros_cargos>?</ebil:CON_valor_otros_cargos>\r
               <!--Optional:-->\r
               <ebil:CON_valor_otros_descuentos>?</ebil:CON_valor_otros_descuentos>\r
               <!--Optional:-->\r
               <ebil:CON_valor_unitario_seg_mon>?</ebil:CON_valor_unitario_seg_mon>\r
               <!--Optional:-->\r
               <ebil:CREE>?</ebil:CREE>\r
               <!--Optional:-->\r
               <ebil:Cantidad>?</ebil:Cantidad>\r
               <!--Optional:-->\r
               <ebil:ClaseMovimiento>?</ebil:ClaseMovimiento>\r
               <!--Optional:-->\r
               <ebil:CodigoProducto>?</ebil:CodigoProducto>\r
               <!--Optional:-->\r
               <ebil:Codigos>\r
                  <!--Zero or more repetitions:-->\r
                  <arr:string>?</arr:string>\r
               </ebil:Codigos>\r
               <!--Optional:-->\r
               <ebil:CodigosString>?</ebil:CodigosString>\r
               <!--Optional:-->\r
               <ebil:DescripcionConcepto>?</ebil:DescripcionConcepto>\r
               <!--Optional:-->\r
               <ebil:DescripcionProducto>?</ebil:DescripcionProducto>\r
               <!--Optional:-->\r
               <ebil:DescuentoConcepto>?</ebil:DescuentoConcepto>\r
               <!--Optional:-->\r
               <ebil:FechaRecibe>?</ebil:FechaRecibe>\r
               <!--Optional:-->\r
               <ebil:IVAProducto>?</ebil:IVAProducto>\r
               <!--Optional:-->\r
               <ebil:Importe>?</ebil:Importe>\r
               <!--Optional:-->\r
               <ebil:Impuesto2>?</ebil:Impuesto2>\r
               <!--Optional:-->\r
               <ebil:ItemReferencia>?</ebil:ItemReferencia>\r
               <!--Optional:-->\r
               <ebil:NotasConcepto>?</ebil:NotasConcepto>\r
               <!--Optional:-->\r
               <ebil:PorIVAProducto>?</ebil:PorIVAProducto>\r
               <!--Optional:-->\r
               <ebil:PorImpuesto2>?</ebil:PorImpuesto2>\r
               <!--Optional:-->\r
               <ebil:PorcentajeDescuento>?</ebil:PorcentajeDescuento>\r
               <!--Optional:-->\r
               <ebil:RetencionCREE>?</ebil:RetencionCREE>\r
               <!--Optional:-->\r
               <ebil:TipoImpuesto>?</ebil:TipoImpuesto>\r
               <!--Optional:-->\r
               <ebil:TotalConSegMon>?</ebil:TotalConSegMon>\r
               <!--Optional:-->\r
               <ebil:TotalConcepto>?</ebil:TotalConcepto>\r
               <!--Optional:-->\r
               <ebil:UnidadMedida>?</ebil:UnidadMedida>\r
               <!--Optional:-->\r
               <ebil:ValorUnitario>?</ebil:ValorUnitario>\r
            </ebil:CFDDetConexionInt>\r
         </tem:DetFac>\r
         <!--Optional:-->\r
         <tem:Opciones>\r
            <!--Optional:-->\r
            <ebil:ActualizaProductos>?</ebil:ActualizaProductos>\r
            <!--Optional:-->\r
            <ebil:CalculaReteCree>?</ebil:CalculaReteCree>\r
            <!--Optional:-->\r
            <ebil:CalculaReteFuente>?</ebil:CalculaReteFuente>\r
            <!--Optional:-->\r
            <ebil:CalculaReteICA>?</ebil:CalculaReteICA>\r
            <!--Optional:-->\r
            <ebil:CalculaReteIVA>?</ebil:CalculaReteIVA>\r
            <!--Optional:-->\r
            <ebil:EmisionAutomatica>?</ebil:EmisionAutomatica>\r
            <!--Optional:-->\r
            <ebil:FacturasSinAcuerdo>?</ebil:FacturasSinAcuerdo>\r
            <!--Optional:-->\r
            <ebil:ModeloXAceptacion>?</ebil:ModeloXAceptacion>\r
            <!--Optional:-->\r
            <ebil:NotasRelacionadas>?</ebil:NotasRelacionadas>\r
            <!--Optional:-->\r
            <ebil:OrderControl>?</ebil:OrderControl>\r
            <!--Optional:-->\r
            <ebil:TieneAcuerdosFisicos>?</ebil:TieneAcuerdosFisicos>\r
            <!--Optional:-->\r
            <ebil:TokenConexion>?</ebil:TokenConexion>\r
            <!--Optional:-->\r
            <ebil:eBillAdmNumerosFactura>?</ebil:eBillAdmNumerosFactura>\r
         </tem:Opciones>\r
      </tem:CargarDocumentosElectronicosToeBillGenericFULLFacturaMinimaLegal>\r
   </soapenv:Body>\r
</soapenv:Envelope>]]></con:request><con:wsaConfig mustUnderstand="NONE" version="200508" action="http://tempuri.org/IIntegracion/CargarDocumentosElectronicosToeBillGenericFULLFacturaMinimaLegal"/></con:call></con:operation><con:operation id="6816f136-c29f-45f7-ba23-952e7fc35bce" isOneWay="false" action="http://tempuri.org/IIntegracion/CargarDocumentosElectronicosToeBillGenericFULLImp" name="CargarDocumentosElectronicosToeBillGenericFULLImp" bindingOperationName="CargarDocumentosElectronicosToeBillGenericFULLImp" type="Request-Response" inputName="" receivesAttachments="false" sendsAttachments="false" anonymous="optional"><con:settings/><con:call id="5b53d8da-640a-43ec-beb4-96cf3bdabdfa" name="Request 1"><con:settings/><con:encoding>UTF-8</con:encoding><con:endpoint>http://testws.facturaenlinea.co/ServiciosFyM/eBill/Integracion.svc</con:endpoint><con:request><![CDATA[<soapenv:Envelope xmlns:soapenv="http://schemas.xmlsoap.org/soap/envelope/" xmlns:tem="http://tempuri.org/" xmlns:ebil="http://schemas.datacontract.org/2004/07/eBillCore" xmlns:arr="http://schemas.microsoft.com/2003/10/Serialization/Arrays">\r
   <soapenv:Header/>\r
   <soapenv:Body>\r
      <tem:CargarDocumentosElectronicosToeBillGenericFULLImp>\r
         <!--Optional:-->\r
         <tem:FacCab>\r
            <!--Optional:-->\r
            <ebil:AnoAprobacionRes>?</ebil:AnoAprobacionRes>\r
            <!--Optional:-->\r
            <ebil:Base_Impuesto>?</ebil:Base_Impuesto>\r
            <!--Optional:-->\r
            <ebil:CFD_EST_estado_tramit>?</ebil:CFD_EST_estado_tramit>\r
            <!--Optional:-->\r
            <ebil:CFD_Flete>?</ebil:CFD_Flete>\r
            <!--Optional:-->\r
            <ebil:CFD_OtrosCargos>?</ebil:CFD_OtrosCargos>\r
            <!--Optional:-->\r
            <ebil:CFD_Por_Margen>?</ebil:CFD_Por_Margen>\r
            <!--Optional:-->\r
            <ebil:CFD_ResponseCode>?</ebil:CFD_ResponseCode>\r
            <!--Optional:-->\r
            <ebil:CFD_base_ICA_total>?</ebil:CFD_base_ICA_total>\r
            <!--Optional:-->\r
            <ebil:CFD_base_impo_total_nal>?</ebil:CFD_base_impo_total_nal>\r
            <!--Optional:-->\r
            <ebil:CFD_base_impo_total_reg>?</ebil:CFD_base_impo_total_reg>\r
            <!--Optional:-->\r
            <ebil:CFD_campo_texto_10>?</ebil:CFD_campo_texto_10>\r
            <!--Optional:-->\r
            <ebil:CFD_campo_texto_11>?</ebil:CFD_campo_texto_11>\r
            <!--Optional:-->\r
            <ebil:CFD_campo_texto_12>?</ebil:CFD_campo_texto_12>\r
            <!--Optional:-->\r
            <ebil:CFD_campo_texto_13>?</ebil:CFD_campo_texto_13>\r
            <!--Optional:-->\r
            <ebil:CFD_campo_texto_14>?</ebil:CFD_campo_texto_14>\r
            <!--Optional:-->\r
            <ebil:CFD_campo_texto_15>?</ebil:CFD_campo_texto_15>\r
            <!--Optional:-->\r
            <ebil:CFD_campo_texto_16>?</ebil:CFD_campo_texto_16>\r
            <!--Optional:-->\r
            <ebil:CFD_campo_texto_17>?</ebil:CFD_campo_texto_17>\r
            <!--Optional:-->\r
            <ebil:CFD_campo_texto_18>?</ebil:CFD_campo_texto_18>\r
            <!--Optional:-->\r
            <ebil:CFD_campo_texto_19>?</ebil:CFD_campo_texto_19>\r
            <!--Optional:-->\r
            <ebil:CFD_campo_texto_20>?</ebil:CFD_campo_texto_20>\r
            <!--Optional:-->\r
            <ebil:CFD_campo_texto_21>?</ebil:CFD_campo_texto_21>\r
            <!--Optional:-->\r
            <ebil:CFD_campo_texto_22>?</ebil:CFD_campo_texto_22>\r
            <!--Optional:-->\r
            <ebil:CFD_campo_texto_23>?</ebil:CFD_campo_texto_23>\r
            <!--Optional:-->\r
            <ebil:CFD_campo_texto_24>?</ebil:CFD_campo_texto_24>\r
            <!--Optional:-->\r
            <ebil:CFD_campo_texto_25>?</ebil:CFD_campo_texto_25>\r
            <!--Optional:-->\r
            <ebil:CFD_campo_texto_26>?</ebil:CFD_campo_texto_26>\r
            <!--Optional:-->\r
            <ebil:CFD_campo_texto_27>?</ebil:CFD_campo_texto_27>\r
            <!--Optional:-->\r
            <ebil:CFD_campo_texto_28>?</ebil:CFD_campo_texto_28>\r
            <!--Optional:-->\r
            <ebil:CFD_campo_texto_29>?</ebil:CFD_campo_texto_29>\r
            <!--Optional:-->\r
            <ebil:CFD_campo_texto_30>?</ebil:CFD_campo_texto_30>\r
            <!--Optional:-->\r
            <ebil:CFD_campo_texto_9>?</ebil:CFD_campo_texto_9>\r
            <!--Optional:-->\r
            <ebil:CFD_cantidad_dec_1>?</ebil:CFD_cantidad_dec_1>\r
            <!--Optional:-->\r
            <ebil:CFD_cantidad_dec_10>?</ebil:CFD_cantidad_dec_10>\r
            <!--Optional:-->\r
            <ebil:CFD_cantidad_dec_11>?</ebil:CFD_cantidad_dec_11>\r
            <!--Optional:-->\r
            <ebil:CFD_cantidad_dec_12>?</ebil:CFD_cantidad_dec_12>\r
            <!--Optional:-->\r
            <ebil:CFD_cantidad_dec_13>?</ebil:CFD_cantidad_dec_13>\r
            <!--Optional:-->\r
            <ebil:CFD_cantidad_dec_14>?</ebil:CFD_cantidad_dec_14>\r
            <!--Optional:-->\r
            <ebil:CFD_cantidad_dec_15>?</ebil:CFD_cantidad_dec_15>\r
            <!--Optional:-->\r
            <ebil:CFD_cantidad_dec_16>?</ebil:CFD_cantidad_dec_16>\r
            <!--Optional:-->\r
            <ebil:CFD_cantidad_dec_17>?</ebil:CFD_cantidad_dec_17>\r
            <!--Optional:-->\r
            <ebil:CFD_cantidad_dec_18>?</ebil:CFD_cantidad_dec_18>\r
            <!--Optional:-->\r
            <ebil:CFD_cantidad_dec_19>?</ebil:CFD_cantidad_dec_19>\r
            <!--Optional:-->\r
            <ebil:CFD_cantidad_dec_20>?</ebil:CFD_cantidad_dec_20>\r
            <!--Optional:-->\r
            <ebil:CFD_cantidad_dec_21>?</ebil:CFD_cantidad_dec_21>\r
            <!--Optional:-->\r
            <ebil:CFD_cantidad_dec_22>?</ebil:CFD_cantidad_dec_22>\r
            <!--Optional:-->\r
            <ebil:CFD_cantidad_dec_23>?</ebil:CFD_cantidad_dec_23>\r
            <!--Optional:-->\r
            <ebil:CFD_cantidad_dec_24>?</ebil:CFD_cantidad_dec_24>\r
            <!--Optional:-->\r
            <ebil:CFD_cantidad_dec_25>?</ebil:CFD_cantidad_dec_25>\r
            <!--Optional:-->\r
            <ebil:CFD_cantidad_dec_4>?</ebil:CFD_cantidad_dec_4>\r
            <!--Optional:-->\r
            <ebil:CFD_cantidad_dec_5>?</ebil:CFD_cantidad_dec_5>\r
            <!--Optional:-->\r
            <ebil:CFD_cantidad_dec_6>?</ebil:CFD_cantidad_dec_6>\r
            <!--Optional:-->\r
            <ebil:CFD_cantidad_dec_7>?</ebil:CFD_cantidad_dec_7>\r
            <!--Optional:-->\r
            <ebil:CFD_cantidad_dec_8>?</ebil:CFD_cantidad_dec_8>\r
            <!--Optional:-->\r
            <ebil:CFD_cantidad_dec_9>?</ebil:CFD_cantidad_dec_9>\r
            <!--Optional:-->\r
            <ebil:CFD_deducible>?</ebil:CFD_deducible>\r
            <!--Optional:-->\r
            <ebil:CFD_desconexion_servicio>?</ebil:CFD_desconexion_servicio>\r
            <!--Optional:-->\r
            <ebil:CFD_fecha_desconexion>?</ebil:CFD_fecha_desconexion>\r
            <!--Optional:-->\r
            <ebil:CFD_fecha_tasadeCambio>?</ebil:CFD_fecha_tasadeCambio>\r
            <!--Optional:-->\r
            <ebil:CFD_numero_enlace_doc_ref>?</ebil:CFD_numero_enlace_doc_ref>\r
            <!--Optional:-->\r
            <ebil:CFD_porc_rte_ICA>?</ebil:CFD_porc_rte_ICA>\r
            <!--Optional:-->\r
            <ebil:CFD_porc_rte_fuent>?</ebil:CFD_porc_rte_fuent>\r
            <!--Optional:-->\r
            <ebil:CFD_tasa_mora>?</ebil:CFD_tasa_mora>\r
            <!--Optional:-->\r
            <ebil:CFD_tdi_id_tipo_doc_interno>?</ebil:CFD_tdi_id_tipo_doc_interno>\r
            <!--Optional:-->\r
            <ebil:CFD_total_ICA>?</ebil:CFD_total_ICA>\r
            <!--Optional:-->\r
            <ebil:CFD_total_aduana_exp>?</ebil:CFD_total_aduana_exp>\r
            <!--Optional:-->\r
            <ebil:CFD_total_cargos>?</ebil:CFD_total_cargos>\r
            <!--Optional:-->\r
            <ebil:CFD_total_descuentos>?</ebil:CFD_total_descuentos>\r
            <!--Optional:-->\r
            <ebil:CFD_total_margen>?</ebil:CFD_total_margen>\r
            <!--Optional:-->\r
            <ebil:CFD_total_seguro_exp>?</ebil:CFD_total_seguro_exp>\r
            <!--Optional:-->\r
            <ebil:CLI_numero_cliente>?</ebil:CLI_numero_cliente>\r
            <!--Optional:-->\r
            <ebil:CREETotal>?</ebil:CREETotal>\r
            <!--Optional:-->\r
            <ebil:CampoTexto1>?</ebil:CampoTexto1>\r
            <!--Optional:-->\r
            <ebil:CampoTexto2>?</ebil:CampoTexto2>\r
            <!--Optional:-->\r
            <ebil:CampoTexto3>?</ebil:CampoTexto3>\r
            <!--Optional:-->\r
            <ebil:CampoTexto4>?</ebil:CampoTexto4>\r
            <!--Optional:-->\r
            <ebil:CampoTexto5>?</ebil:CampoTexto5>\r
            <!--Optional:-->\r
            <ebil:CampoTexto6>?</ebil:CampoTexto6>\r
            <!--Optional:-->\r
            <ebil:CampoTexto7>?</ebil:CampoTexto7>\r
            <!--Optional:-->\r
            <ebil:CampoTexto8>?</ebil:CampoTexto8>\r
            <!--Optional:-->\r
            <ebil:Cantidad1>?</ebil:Cantidad1>\r
            <!--Optional:-->\r
            <ebil:Cantidad2>?</ebil:Cantidad2>\r
            <!--Optional:-->\r
            <ebil:Cantidad3>?</ebil:Cantidad3>\r
            <!--Optional:-->\r
            <ebil:CantidadDec1>?</ebil:CantidadDec1>\r
            <!--Optional:-->\r
            <ebil:CantidadDec2>?</ebil:CantidadDec2>\r
            <!--Optional:-->\r
            <ebil:CantidadDec3>?</ebil:CantidadDec3>\r
            <!--Optional:-->\r
            <ebil:CiudadDANE>?</ebil:CiudadDANE>\r
            <!--Optional:-->\r
            <ebil:CodVendedor>?</ebil:CodVendedor>\r
            <!--Optional:-->\r
            <ebil:CodigoPostalCliente>?</ebil:CodigoPostalCliente>\r
            <!--Optional:-->\r
            <ebil:CodigoPostalEnvio>?</ebil:CodigoPostalEnvio>\r
            <!--Optional:-->\r
            <ebil:ComprobanteCon>?</ebil:ComprobanteCon>\r
            <!--Optional:-->\r
            <ebil:Condiciones_Pago>?</ebil:Condiciones_Pago>\r
            <!--Optional:-->\r
            <ebil:ContactoCargo>?</ebil:ContactoCargo>\r
            <!--Optional:-->\r
            <ebil:ContactoCorreo>?</ebil:ContactoCorreo>\r
            <!--Optional:-->\r
            <ebil:ContactoNombre>?</ebil:ContactoNombre>\r
            <!--Optional:-->\r
            <ebil:CorreoCliente>?</ebil:CorreoCliente>\r
            <!--Optional:-->\r
            <ebil:DepartamentoDANE>?</ebil:DepartamentoDANE>\r
            <!--Optional:-->\r
            <ebil:DescripcionPlan>?</ebil:DescripcionPlan>\r
            <!--Optional:-->\r
            <ebil:Descuento>?</ebil:Descuento>\r
            <!--Optional:-->\r
            <ebil:DigitoVerificaCliente>?</ebil:DigitoVerificaCliente>\r
            <!--Optional:-->\r
            <ebil:DireccionCliente>?</ebil:DireccionCliente>\r
            <!--Optional:-->\r
            <ebil:EstiloFactura>?</ebil:EstiloFactura>\r
            <!--Optional:-->\r
            <ebil:FechaExpedicion>?</ebil:FechaExpedicion>\r
            <!--Optional:-->\r
            <ebil:FechaFinalPeriodoFacturado>?</ebil:FechaFinalPeriodoFacturado>\r
            <!--Optional:-->\r
            <ebil:FechaInicialPeriodoFacturado>?</ebil:FechaInicialPeriodoFacturado>\r
            <!--Optional:-->\r
            <ebil:FechaVencimiento>?</ebil:FechaVencimiento>\r
            <!--Optional:-->\r
            <ebil:FormaPago>?</ebil:FormaPago>\r
            <!--Optional:-->\r
            <ebil:IDInterno>?</ebil:IDInterno>\r
            <!--Optional:-->\r
            <ebil:IDUbicacionCliente>?</ebil:IDUbicacionCliente>\r
            <!--Optional:-->\r
            <ebil:IDUbicacionEnvio>?</ebil:IDUbicacionEnvio>\r
            <!--Optional:-->\r
            <ebil:IdPlan>?</ebil:IdPlan>\r
            <!--Optional:-->\r
            <ebil:IdSucursal>?</ebil:IdSucursal>\r
            <!--Optional:-->\r
            <ebil:Incoterm>?</ebil:Incoterm>\r
            <!--Optional:-->\r
            <ebil:InfoAdicional>?</ebil:InfoAdicional>\r
            <!--Optional:-->\r
            <ebil:LugarTerminosEntrega>?</ebil:LugarTerminosEntrega>\r
            <!--Optional:-->\r
            <ebil:MesCausado>?</ebil:MesCausado>\r
            <!--Optional:-->\r
            <ebil:MonedaISO>?</ebil:MonedaISO>\r
            <!--Optional:-->\r
            <ebil:NitCliente>?</ebil:NitCliente>\r
            <!--Optional:-->\r
            <ebil:NitEmpresa>?</ebil:NitEmpresa>\r
            <!--Optional:-->\r
            <ebil:NombreCliente>?</ebil:NombreCliente>\r
            <!--Optional:-->\r
            <ebil:NombrePlan>?</ebil:NombrePlan>\r
            <!--Optional:-->\r
            <ebil:NombreVendedor>?</ebil:NombreVendedor>\r
            <!--Optional:-->\r
            <ebil:NumAprobacionRes>?</ebil:NumAprobacionRes>\r
            <!--Optional:-->\r
            <ebil:NumFactura>?</ebil:NumFactura>\r
            <!--Optional:-->\r
            <ebil:OrderID>?</ebil:OrderID>\r
            <!--Optional:-->\r
            <ebil:PAI_ISO_3166>?</ebil:PAI_ISO_3166>\r
            <!--Optional:-->\r
            <ebil:PagoAnterior>?</ebil:PagoAnterior>\r
            <!--Optional:-->\r
            <ebil:Prefijo>?</ebil:Prefijo>\r
            <!--Optional:-->\r
            <ebil:ReferenciaCliente>?</ebil:ReferenciaCliente>\r
            <!--Optional:-->\r
            <ebil:RetencionCREETotal>?</ebil:RetencionCREETotal>\r
            <!--Optional:-->\r
            <ebil:SMSXDoc>?</ebil:SMSXDoc>\r
            <!--Optional:-->\r
            <ebil:SaldoAnterior>?</ebil:SaldoAnterior>\r
            <!--Optional:-->\r
            <ebil:SubTotal>?</ebil:SubTotal>\r
            <!--Optional:-->\r
            <ebil:SubTotalSegunMon>?</ebil:SubTotalSegunMon>\r
            <!--Optional:-->\r
            <ebil:Sucursal>?</ebil:Sucursal>\r
            <!--Optional:-->\r
            <ebil:TIP_id_tipo_persona>?</ebil:TIP_id_tipo_persona>\r
            <!--Optional:-->\r
            <ebil:TasaCambio>?</ebil:TasaCambio>\r
            <!--Optional:-->\r
            <ebil:TelefonoCliente>?</ebil:TelefonoCliente>\r
            <!--Optional:-->\r
            <ebil:Texto3>?</ebil:Texto3>\r
            <!--Optional:-->\r
            <ebil:TieneAcuerdo>?</ebil:TieneAcuerdo>\r
            <!--Optional:-->\r
            <ebil:TipoComprobante>?</ebil:TipoComprobante>\r
            <!--Optional:-->\r
            <ebil:TipoContribuyente>?</ebil:TipoContribuyente>\r
            <!--Optional:-->\r
            <ebil:TipoIDCliente>?</ebil:TipoIDCliente>\r
            <!--Optional:-->\r
            <ebil:Total>?</ebil:Total>\r
            <!--Optional:-->\r
            <ebil:TotalIVA>?</ebil:TotalIVA>\r
            <!--Optional:-->\r
            <ebil:TotalIVASegunMon>?</ebil:TotalIVASegunMon>\r
            <!--Optional:-->\r
            <ebil:TotalRetICA>?</ebil:TotalRetICA>\r
            <!--Optional:-->\r
            <ebil:TotalRetIVA>?</ebil:TotalRetIVA>\r
            <!--Optional:-->\r
            <ebil:TotalRetencion>?</ebil:TotalRetencion>\r
            <!--Optional:-->\r
            <ebil:TotalSegunMon>?</ebil:TotalSegunMon>\r
            <!--Optional:-->\r
            <ebil:TotalTraslado>?</ebil:TotalTraslado>\r
            <!--Optional:-->\r
            <ebil:Total_a_Pagar>?</ebil:Total_a_Pagar>\r
            <!--Optional:-->\r
            <ebil:ValorHasta1>?</ebil:ValorHasta1>\r
            <!--Optional:-->\r
            <ebil:ValorHasta2>?</ebil:ValorHasta2>\r
            <!--Optional:-->\r
            <ebil:ValorHasta3>?</ebil:ValorHasta3>\r
            <!--Optional:-->\r
            <ebil:ValorHasta4>?</ebil:ValorHasta4>\r
            <!--Optional:-->\r
            <ebil:cfd_activa_nota1>?</ebil:cfd_activa_nota1>\r
            <!--Optional:-->\r
            <ebil:ciudad_envio>?</ebil:ciudad_envio>\r
            <!--Optional:-->\r
            <ebil:code1>?</ebil:code1>\r
            <!--Optional:-->\r
            <ebil:code2>?</ebil:code2>\r
            <!--Optional:-->\r
            <ebil:code3>?</ebil:code3>\r
            <!--Optional:-->\r
            <ebil:curso>?</ebil:curso>\r
            <!--Optional:-->\r
            <ebil:departamento_envio>?</ebil:departamento_envio>\r
            <!--Optional:-->\r
            <ebil:direccion_envio>?</ebil:direccion_envio>\r
            <!--Optional:-->\r
            <ebil:numero_envio>?</ebil:numero_envio>\r
            <!--Optional:-->\r
            <ebil:orden_venta>?</ebil:orden_venta>\r
            <!--Optional:-->\r
            <ebil:pague_hasta1>?</ebil:pague_hasta1>\r
            <!--Optional:-->\r
            <ebil:pague_hasta2>?</ebil:pague_hasta2>\r
            <!--Optional:-->\r
            <ebil:pague_hasta3>?</ebil:pague_hasta3>\r
            <!--Optional:-->\r
            <ebil:referencia>?</ebil:referencia>\r
            <!--Optional:-->\r
            <ebil:referencia1>?</ebil:referencia1>\r
            <!--Optional:-->\r
            <ebil:referencia_envio>?</ebil:referencia_envio>\r
            <!--Optional:-->\r
            <ebil:telefono_envio>?</ebil:telefono_envio>\r
         </tem:FacCab>\r
         <!--Optional:-->\r
         <tem:DetFac>\r
            <!--Zero or more repetitions:-->\r
            <ebil:CFDDetConexionInt>\r
               <!--Optional:-->\r
               <ebil:CON_base_ica>?</ebil:CON_base_ica>\r
               <!--Optional:-->\r
               <ebil:CON_base_impo_n>?</ebil:CON_base_impo_n>\r
               <!--Optional:-->\r
               <ebil:CON_base_impo_r>?</ebil:CON_base_impo_r>\r
               <!--Optional:-->\r
               <ebil:CON_base_iva>?</ebil:CON_base_iva>\r
               <!--Optional:-->\r
               <ebil:CON_cantidad_original_solicitada>?</ebil:CON_cantidad_original_solicitada>\r
               <!--Optional:-->\r
               <ebil:CON_categoria_0>?</ebil:CON_categoria_0>\r
               <!--Optional:-->\r
               <ebil:CON_categoria_1>?</ebil:CON_categoria_1>\r
               <!--Optional:-->\r
               <ebil:CON_categoria_2>?</ebil:CON_categoria_2>\r
               <!--Optional:-->\r
               <ebil:CON_categoria_3>?</ebil:CON_categoria_3>\r
               <!--Optional:-->\r
               <ebil:CON_ciudad_despacho>?</ebil:CON_ciudad_despacho>\r
               <!--Optional:-->\r
               <ebil:CON_dato_decimal1>?</ebil:CON_dato_decimal1>\r
               <!--Optional:-->\r
               <ebil:CON_dato_decimal10>?</ebil:CON_dato_decimal10>\r
               <!--Optional:-->\r
               <ebil:CON_dato_decimal11>?</ebil:CON_dato_decimal11>\r
               <!--Optional:-->\r
               <ebil:CON_dato_decimal12>?</ebil:CON_dato_decimal12>\r
               <!--Optional:-->\r
               <ebil:CON_dato_decimal13>?</ebil:CON_dato_decimal13>\r
               <!--Optional:-->\r
               <ebil:CON_dato_decimal14>?</ebil:CON_dato_decimal14>\r
               <!--Optional:-->\r
               <ebil:CON_dato_decimal15>?</ebil:CON_dato_decimal15>\r
               <!--Optional:-->\r
               <ebil:CON_dato_decimal2>?</ebil:CON_dato_decimal2>\r
               <!--Optional:-->\r
               <ebil:CON_dato_decimal3>?</ebil:CON_dato_decimal3>\r
               <!--Optional:-->\r
               <ebil:CON_dato_decimal4>?</ebil:CON_dato_decimal4>\r
               <!--Optional:-->\r
               <ebil:CON_dato_decimal5>?</ebil:CON_dato_decimal5>\r
               <!--Optional:-->\r
               <ebil:CON_dato_decimal6>?</ebil:CON_dato_decimal6>\r
               <!--Optional:-->\r
               <ebil:CON_dato_decimal7>?</ebil:CON_dato_decimal7>\r
               <!--Optional:-->\r
               <ebil:CON_dato_decimal8>?</ebil:CON_dato_decimal8>\r
               <!--Optional:-->\r
               <ebil:CON_dato_decimal9>?</ebil:CON_dato_decimal9>\r
               <!--Optional:-->\r
               <ebil:CON_dato_destino>?</ebil:CON_dato_destino>\r
               <!--Optional:-->\r
               <ebil:CON_dato_fecha>?</ebil:CON_dato_fecha>\r
               <!--Optional:-->\r
               <ebil:CON_dato_origen>?</ebil:CON_dato_origen>\r
               <!--Optional:-->\r
               <ebil:CON_dato_peso>?</ebil:CON_dato_peso>\r
               <!--Optional:-->\r
               <ebil:CON_dato_placa>?</ebil:CON_dato_placa>\r
               <!--Optional:-->\r
               <ebil:CON_dato_referencia>?</ebil:CON_dato_referencia>\r
               <!--Optional:-->\r
               <ebil:CON_dato_texto1>?</ebil:CON_dato_texto1>\r
               <!--Optional:-->\r
               <ebil:CON_dato_texto10>?</ebil:CON_dato_texto10>\r
               <!--Optional:-->\r
               <ebil:CON_dato_texto11>?</ebil:CON_dato_texto11>\r
               <!--Optional:-->\r
               <ebil:CON_dato_texto12>?</ebil:CON_dato_texto12>\r
               <!--Optional:-->\r
               <ebil:CON_dato_texto13>?</ebil:CON_dato_texto13>\r
               <!--Optional:-->\r
               <ebil:CON_dato_texto14>?</ebil:CON_dato_texto14>\r
               <!--Optional:-->\r
               <ebil:CON_dato_texto15>?</ebil:CON_dato_texto15>\r
               <!--Optional:-->\r
               <ebil:CON_dato_texto2>?</ebil:CON_dato_texto2>\r
               <!--Optional:-->\r
               <ebil:CON_dato_texto3>?</ebil:CON_dato_texto3>\r
               <!--Optional:-->\r
               <ebil:CON_dato_texto4>?</ebil:CON_dato_texto4>\r
               <!--Optional:-->\r
               <ebil:CON_dato_texto5>?</ebil:CON_dato_texto5>\r
               <!--Optional:-->\r
               <ebil:CON_dato_texto6>?</ebil:CON_dato_texto6>\r
               <!--Optional:-->\r
               <ebil:CON_dato_texto7>?</ebil:CON_dato_texto7>\r
               <!--Optional:-->\r
               <ebil:CON_dato_texto8>?</ebil:CON_dato_texto8>\r
               <!--Optional:-->\r
               <ebil:CON_dato_texto9>?</ebil:CON_dato_texto9>\r
               <!--Optional:-->\r
               <ebil:CON_departamento_despacho>?</ebil:CON_departamento_despacho>\r
               <!--Optional:-->\r
               <ebil:CON_detalle_construccion>?</ebil:CON_detalle_construccion>\r
               <!--Optional:-->\r
               <ebil:CON_detalle_industria1>?</ebil:CON_detalle_industria1>\r
               <!--Optional:-->\r
               <ebil:CON_detalle_industria2>?</ebil:CON_detalle_industria2>\r
               <!--Optional:-->\r
               <ebil:CON_detalle_industria3>?</ebil:CON_detalle_industria3>\r
               <!--Optional:-->\r
               <ebil:CON_detalle_vehiculo>?</ebil:CON_detalle_vehiculo>\r
               <!--Optional:-->\r
               <ebil:CON_direccion_despacho>?</ebil:CON_direccion_despacho>\r
               <!--Optional:-->\r
               <ebil:CON_documentos_referencia>?</ebil:CON_documentos_referencia>\r
               <!--Optional:-->\r
               <ebil:CON_linea_concepto>?</ebil:CON_linea_concepto>\r
               <!--Optional:-->\r
               <ebil:CON_linea_padre_concepto>?</ebil:CON_linea_padre_concepto>\r
               <!--Optional:-->\r
               <ebil:CON_posicion_arancelaria>?</ebil:CON_posicion_arancelaria>\r
               <!--Optional:-->\r
               <ebil:CON_sub_cliente>?</ebil:CON_sub_cliente>\r
               <!--Optional:-->\r
               <ebil:CON_total_con_seg_mon>?</ebil:CON_total_con_seg_mon>\r
               <!--Optional:-->\r
               <ebil:CON_unidad_medida_con>?</ebil:CON_unidad_medida_con>\r
               <!--Optional:-->\r
               <ebil:CON_valor_otros_cargos>?</ebil:CON_valor_otros_cargos>\r
               <!--Optional:-->\r
               <ebil:CON_valor_otros_descuentos>?</ebil:CON_valor_otros_descuentos>\r
               <!--Optional:-->\r
               <ebil:CON_valor_unitario_seg_mon>?</ebil:CON_valor_unitario_seg_mon>\r
               <!--Optional:-->\r
               <ebil:CREE>?</ebil:CREE>\r
               <!--Optional:-->\r
               <ebil:Cantidad>?</ebil:Cantidad>\r
               <!--Optional:-->\r
               <ebil:ClaseMovimiento>?</ebil:ClaseMovimiento>\r
               <!--Optional:-->\r
               <ebil:CodigoProducto>?</ebil:CodigoProducto>\r
               <!--Optional:-->\r
               <ebil:Codigos>\r
                  <!--Zero or more repetitions:-->\r
                  <arr:string>?</arr:string>\r
               </ebil:Codigos>\r
               <!--Optional:-->\r
               <ebil:CodigosString>?</ebil:CodigosString>\r
               <!--Optional:-->\r
               <ebil:DescripcionConcepto>?</ebil:DescripcionConcepto>\r
               <!--Optional:-->\r
               <ebil:DescripcionProducto>?</ebil:DescripcionProducto>\r
               <!--Optional:-->\r
               <ebil:DescuentoConcepto>?</ebil:DescuentoConcepto>\r
               <!--Optional:-->\r
               <ebil:FechaRecibe>?</ebil:FechaRecibe>\r
               <!--Optional:-->\r
               <ebil:IVAProducto>?</ebil:IVAProducto>\r
               <!--Optional:-->\r
               <ebil:Importe>?</ebil:Importe>\r
               <!--Optional:-->\r
               <ebil:Impuesto2>?</ebil:Impuesto2>\r
               <!--Optional:-->\r
               <ebil:ItemReferencia>?</ebil:ItemReferencia>\r
               <!--Optional:-->\r
               <ebil:NotasConcepto>?</ebil:NotasConcepto>\r
               <!--Optional:-->\r
               <ebil:PorIVAProducto>?</ebil:PorIVAProducto>\r
               <!--Optional:-->\r
               <ebil:PorImpuesto2>?</ebil:PorImpuesto2>\r
               <!--Optional:-->\r
               <ebil:PorcentajeDescuento>?</ebil:PorcentajeDescuento>\r
               <!--Optional:-->\r
               <ebil:RetencionCREE>?</ebil:RetencionCREE>\r
               <!--Optional:-->\r
               <ebil:TipoImpuesto>?</ebil:TipoImpuesto>\r
               <!--Optional:-->\r
               <ebil:TotalConSegMon>?</ebil:TotalConSegMon>\r
               <!--Optional:-->\r
               <ebil:TotalConcepto>?</ebil:TotalConcepto>\r
               <!--Optional:-->\r
               <ebil:UnidadMedida>?</ebil:UnidadMedida>\r
               <!--Optional:-->\r
               <ebil:ValorUnitario>?</ebil:ValorUnitario>\r
            </ebil:CFDDetConexionInt>\r
         </tem:DetFac>\r
         <!--Optional:-->\r
         <tem:CabImp>\r
            <!--Zero or more repetitions:-->\r
            <ebil:CFDCabImpuestosConexionInt>\r
               <!--Optional:-->\r
               <ebil:BaseImpuesto>?</ebil:BaseImpuesto>\r
               <!--Optional:-->\r
               <ebil:CodPorcentajeImpuesto>?</ebil:CodPorcentajeImpuesto>\r
               <!--Optional:-->\r
               <ebil:CodigoImpuesto>?</ebil:CodigoImpuesto>\r
               <!--Optional:-->\r
               <ebil:DescripcionImpuesto>?</ebil:DescripcionImpuesto>\r
               <!--Optional:-->\r
               <ebil:ImporteImpuesto>?</ebil:ImporteImpuesto>\r
               <!--Optional:-->\r
               <ebil:TasaImpuesto>?</ebil:TasaImpuesto>\r
            </ebil:CFDCabImpuestosConexionInt>\r
         </tem:CabImp>\r
         <!--Optional:-->\r
         <tem:Opciones>\r
            <!--Optional:-->\r
            <ebil:ActualizaProductos>?</ebil:ActualizaProductos>\r
            <!--Optional:-->\r
            <ebil:CalculaReteCree>?</ebil:CalculaReteCree>\r
            <!--Optional:-->\r
            <ebil:CalculaReteFuente>?</ebil:CalculaReteFuente>\r
            <!--Optional:-->\r
            <ebil:CalculaReteICA>?</ebil:CalculaReteICA>\r
            <!--Optional:-->\r
            <ebil:CalculaReteIVA>?</ebil:CalculaReteIVA>\r
            <!--Optional:-->\r
            <ebil:EmisionAutomatica>?</ebil:EmisionAutomatica>\r
            <!--Optional:-->\r
            <ebil:FacturasSinAcuerdo>?</ebil:FacturasSinAcuerdo>\r
            <!--Optional:-->\r
            <ebil:ModeloXAceptacion>?</ebil:ModeloXAceptacion>\r
            <!--Optional:-->\r
            <ebil:NotasRelacionadas>?</ebil:NotasRelacionadas>\r
            <!--Optional:-->\r
            <ebil:OrderControl>?</ebil:OrderControl>\r
            <!--Optional:-->\r
            <ebil:TieneAcuerdosFisicos>?</ebil:TieneAcuerdosFisicos>\r
            <!--Optional:-->\r
            <ebil:TokenConexion>?</ebil:TokenConexion>\r
            <!--Optional:-->\r
            <ebil:eBillAdmNumerosFactura>?</ebil:eBillAdmNumerosFactura>\r
         </tem:Opciones>\r
      </tem:CargarDocumentosElectronicosToeBillGenericFULLImp>\r
   </soapenv:Body>\r
</soapenv:Envelope>]]></con:request><con:wsaConfig mustUnderstand="NONE" version="200508" action="http://tempuri.org/IIntegracion/CargarDocumentosElectronicosToeBillGenericFULLImp"/></con:call></con:operation><con:operation id="a3d13089-ec18-4682-90a0-a21c1ca0b117" isOneWay="false" action="http://tempuri.org/IIntegracion/CargarDocumentosElectronicosToeBillGenericFULLPDFCUFE" name="CargarDocumentosElectronicosToeBillGenericFULLPDFCUFE" bindingOperationName="CargarDocumentosElectronicosToeBillGenericFULLPDFCUFE" type="Request-Response" inputName="" receivesAttachments="false" sendsAttachments="false" anonymous="optional"><con:settings/><con:call id="2746514d-3e24-48d4-b43e-8215a3c68efc" name="Request 1"><con:settings/><con:encoding>UTF-8</con:encoding><con:endpoint>http://testws.facturaenlinea.co/ServiciosFyM/eBill/Integracion.svc</con:endpoint><con:request><![CDATA[<soapenv:Envelope xmlns:soapenv="http://schemas.xmlsoap.org/soap/envelope/" xmlns:tem="http://tempuri.org/" xmlns:ebil="http://schemas.datacontract.org/2004/07/eBillCore" xmlns:arr="http://schemas.microsoft.com/2003/10/Serialization/Arrays">\r
   <soapenv:Header/>\r
   <soapenv:Body>\r
      <tem:CargarDocumentosElectronicosToeBillGenericFULLPDFCUFE>\r
         <!--Optional:-->\r
         <tem:PDFFac>cid:352613432366</tem:PDFFac>\r
         <!--Optional:-->\r
         <tem:FacCab>\r
            <!--Optional:-->\r
            <ebil:AnoAprobacionRes>?</ebil:AnoAprobacionRes>\r
            <!--Optional:-->\r
            <ebil:Base_Impuesto>?</ebil:Base_Impuesto>\r
            <!--Optional:-->\r
            <ebil:CFD_EST_estado_tramit>?</ebil:CFD_EST_estado_tramit>\r
            <!--Optional:-->\r
            <ebil:CFD_Flete>?</ebil:CFD_Flete>\r
            <!--Optional:-->\r
            <ebil:CFD_OtrosCargos>?</ebil:CFD_OtrosCargos>\r
            <!--Optional:-->\r
            <ebil:CFD_Por_Margen>?</ebil:CFD_Por_Margen>\r
            <!--Optional:-->\r
            <ebil:CFD_ResponseCode>?</ebil:CFD_ResponseCode>\r
            <!--Optional:-->\r
            <ebil:CFD_base_ICA_total>?</ebil:CFD_base_ICA_total>\r
            <!--Optional:-->\r
            <ebil:CFD_base_impo_total_nal>?</ebil:CFD_base_impo_total_nal>\r
            <!--Optional:-->\r
            <ebil:CFD_base_impo_total_reg>?</ebil:CFD_base_impo_total_reg>\r
            <!--Optional:-->\r
            <ebil:CFD_campo_texto_10>?</ebil:CFD_campo_texto_10>\r
            <!--Optional:-->\r
            <ebil:CFD_campo_texto_11>?</ebil:CFD_campo_texto_11>\r
            <!--Optional:-->\r
            <ebil:CFD_campo_texto_12>?</ebil:CFD_campo_texto_12>\r
            <!--Optional:-->\r
            <ebil:CFD_campo_texto_13>?</ebil:CFD_campo_texto_13>\r
            <!--Optional:-->\r
            <ebil:CFD_campo_texto_14>?</ebil:CFD_campo_texto_14>\r
            <!--Optional:-->\r
            <ebil:CFD_campo_texto_15>?</ebil:CFD_campo_texto_15>\r
            <!--Optional:-->\r
            <ebil:CFD_campo_texto_16>?</ebil:CFD_campo_texto_16>\r
            <!--Optional:-->\r
            <ebil:CFD_campo_texto_17>?</ebil:CFD_campo_texto_17>\r
            <!--Optional:-->\r
            <ebil:CFD_campo_texto_18>?</ebil:CFD_campo_texto_18>\r
            <!--Optional:-->\r
            <ebil:CFD_campo_texto_19>?</ebil:CFD_campo_texto_19>\r
            <!--Optional:-->\r
            <ebil:CFD_campo_texto_20>?</ebil:CFD_campo_texto_20>\r
            <!--Optional:-->\r
            <ebil:CFD_campo_texto_21>?</ebil:CFD_campo_texto_21>\r
            <!--Optional:-->\r
            <ebil:CFD_campo_texto_22>?</ebil:CFD_campo_texto_22>\r
            <!--Optional:-->\r
            <ebil:CFD_campo_texto_23>?</ebil:CFD_campo_texto_23>\r
            <!--Optional:-->\r
            <ebil:CFD_campo_texto_24>?</ebil:CFD_campo_texto_24>\r
            <!--Optional:-->\r
            <ebil:CFD_campo_texto_25>?</ebil:CFD_campo_texto_25>\r
            <!--Optional:-->\r
            <ebil:CFD_campo_texto_26>?</ebil:CFD_campo_texto_26>\r
            <!--Optional:-->\r
            <ebil:CFD_campo_texto_27>?</ebil:CFD_campo_texto_27>\r
            <!--Optional:-->\r
            <ebil:CFD_campo_texto_28>?</ebil:CFD_campo_texto_28>\r
            <!--Optional:-->\r
            <ebil:CFD_campo_texto_29>?</ebil:CFD_campo_texto_29>\r
            <!--Optional:-->\r
            <ebil:CFD_campo_texto_30>?</ebil:CFD_campo_texto_30>\r
            <!--Optional:-->\r
            <ebil:CFD_campo_texto_9>?</ebil:CFD_campo_texto_9>\r
            <!--Optional:-->\r
            <ebil:CFD_cantidad_dec_1>?</ebil:CFD_cantidad_dec_1>\r
            <!--Optional:-->\r
            <ebil:CFD_cantidad_dec_10>?</ebil:CFD_cantidad_dec_10>\r
            <!--Optional:-->\r
            <ebil:CFD_cantidad_dec_11>?</ebil:CFD_cantidad_dec_11>\r
            <!--Optional:-->\r
            <ebil:CFD_cantidad_dec_12>?</ebil:CFD_cantidad_dec_12>\r
            <!--Optional:-->\r
            <ebil:CFD_cantidad_dec_13>?</ebil:CFD_cantidad_dec_13>\r
            <!--Optional:-->\r
            <ebil:CFD_cantidad_dec_14>?</ebil:CFD_cantidad_dec_14>\r
            <!--Optional:-->\r
            <ebil:CFD_cantidad_dec_15>?</ebil:CFD_cantidad_dec_15>\r
            <!--Optional:-->\r
            <ebil:CFD_cantidad_dec_16>?</ebil:CFD_cantidad_dec_16>\r
            <!--Optional:-->\r
            <ebil:CFD_cantidad_dec_17>?</ebil:CFD_cantidad_dec_17>\r
            <!--Optional:-->\r
            <ebil:CFD_cantidad_dec_18>?</ebil:CFD_cantidad_dec_18>\r
            <!--Optional:-->\r
            <ebil:CFD_cantidad_dec_19>?</ebil:CFD_cantidad_dec_19>\r
            <!--Optional:-->\r
            <ebil:CFD_cantidad_dec_20>?</ebil:CFD_cantidad_dec_20>\r
            <!--Optional:-->\r
            <ebil:CFD_cantidad_dec_21>?</ebil:CFD_cantidad_dec_21>\r
            <!--Optional:-->\r
            <ebil:CFD_cantidad_dec_22>?</ebil:CFD_cantidad_dec_22>\r
            <!--Optional:-->\r
            <ebil:CFD_cantidad_dec_23>?</ebil:CFD_cantidad_dec_23>\r
            <!--Optional:-->\r
            <ebil:CFD_cantidad_dec_24>?</ebil:CFD_cantidad_dec_24>\r
            <!--Optional:-->\r
            <ebil:CFD_cantidad_dec_25>?</ebil:CFD_cantidad_dec_25>\r
            <!--Optional:-->\r
            <ebil:CFD_cantidad_dec_4>?</ebil:CFD_cantidad_dec_4>\r
            <!--Optional:-->\r
            <ebil:CFD_cantidad_dec_5>?</ebil:CFD_cantidad_dec_5>\r
            <!--Optional:-->\r
            <ebil:CFD_cantidad_dec_6>?</ebil:CFD_cantidad_dec_6>\r
            <!--Optional:-->\r
            <ebil:CFD_cantidad_dec_7>?</ebil:CFD_cantidad_dec_7>\r
            <!--Optional:-->\r
            <ebil:CFD_cantidad_dec_8>?</ebil:CFD_cantidad_dec_8>\r
            <!--Optional:-->\r
            <ebil:CFD_cantidad_dec_9>?</ebil:CFD_cantidad_dec_9>\r
            <!--Optional:-->\r
            <ebil:CFD_deducible>?</ebil:CFD_deducible>\r
            <!--Optional:-->\r
            <ebil:CFD_desconexion_servicio>?</ebil:CFD_desconexion_servicio>\r
            <!--Optional:-->\r
            <ebil:CFD_fecha_desconexion>?</ebil:CFD_fecha_desconexion>\r
            <!--Optional:-->\r
            <ebil:CFD_fecha_tasadeCambio>?</ebil:CFD_fecha_tasadeCambio>\r
            <!--Optional:-->\r
            <ebil:CFD_numero_enlace_doc_ref>?</ebil:CFD_numero_enlace_doc_ref>\r
            <!--Optional:-->\r
            <ebil:CFD_porc_rte_ICA>?</ebil:CFD_porc_rte_ICA>\r
            <!--Optional:-->\r
            <ebil:CFD_porc_rte_fuent>?</ebil:CFD_porc_rte_fuent>\r
            <!--Optional:-->\r
            <ebil:CFD_tasa_mora>?</ebil:CFD_tasa_mora>\r
            <!--Optional:-->\r
            <ebil:CFD_tdi_id_tipo_doc_interno>?</ebil:CFD_tdi_id_tipo_doc_interno>\r
            <!--Optional:-->\r
            <ebil:CFD_total_ICA>?</ebil:CFD_total_ICA>\r
            <!--Optional:-->\r
            <ebil:CFD_total_aduana_exp>?</ebil:CFD_total_aduana_exp>\r
            <!--Optional:-->\r
            <ebil:CFD_total_cargos>?</ebil:CFD_total_cargos>\r
            <!--Optional:-->\r
            <ebil:CFD_total_descuentos>?</ebil:CFD_total_descuentos>\r
            <!--Optional:-->\r
            <ebil:CFD_total_margen>?</ebil:CFD_total_margen>\r
            <!--Optional:-->\r
            <ebil:CFD_total_seguro_exp>?</ebil:CFD_total_seguro_exp>\r
            <!--Optional:-->\r
            <ebil:CLI_numero_cliente>?</ebil:CLI_numero_cliente>\r
            <!--Optional:-->\r
            <ebil:CREETotal>?</ebil:CREETotal>\r
            <!--Optional:-->\r
            <ebil:CampoTexto1>?</ebil:CampoTexto1>\r
            <!--Optional:-->\r
            <ebil:CampoTexto2>?</ebil:CampoTexto2>\r
            <!--Optional:-->\r
            <ebil:CampoTexto3>?</ebil:CampoTexto3>\r
            <!--Optional:-->\r
            <ebil:CampoTexto4>?</ebil:CampoTexto4>\r
            <!--Optional:-->\r
            <ebil:CampoTexto5>?</ebil:CampoTexto5>\r
            <!--Optional:-->\r
            <ebil:CampoTexto6>?</ebil:CampoTexto6>\r
            <!--Optional:-->\r
            <ebil:CampoTexto7>?</ebil:CampoTexto7>\r
            <!--Optional:-->\r
            <ebil:CampoTexto8>?</ebil:CampoTexto8>\r
            <!--Optional:-->\r
            <ebil:Cantidad1>?</ebil:Cantidad1>\r
            <!--Optional:-->\r
            <ebil:Cantidad2>?</ebil:Cantidad2>\r
            <!--Optional:-->\r
            <ebil:Cantidad3>?</ebil:Cantidad3>\r
            <!--Optional:-->\r
            <ebil:CantidadDec1>?</ebil:CantidadDec1>\r
            <!--Optional:-->\r
            <ebil:CantidadDec2>?</ebil:CantidadDec2>\r
            <!--Optional:-->\r
            <ebil:CantidadDec3>?</ebil:CantidadDec3>\r
            <!--Optional:-->\r
            <ebil:CiudadDANE>?</ebil:CiudadDANE>\r
            <!--Optional:-->\r
            <ebil:CodVendedor>?</ebil:CodVendedor>\r
            <!--Optional:-->\r
            <ebil:CodigoPostalCliente>?</ebil:CodigoPostalCliente>\r
            <!--Optional:-->\r
            <ebil:CodigoPostalEnvio>?</ebil:CodigoPostalEnvio>\r
            <!--Optional:-->\r
            <ebil:ComprobanteCon>?</ebil:ComprobanteCon>\r
            <!--Optional:-->\r
            <ebil:Condiciones_Pago>?</ebil:Condiciones_Pago>\r
            <!--Optional:-->\r
            <ebil:ContactoCargo>?</ebil:ContactoCargo>\r
            <!--Optional:-->\r
            <ebil:ContactoCorreo>?</ebil:ContactoCorreo>\r
            <!--Optional:-->\r
            <ebil:ContactoNombre>?</ebil:ContactoNombre>\r
            <!--Optional:-->\r
            <ebil:CorreoCliente>?</ebil:CorreoCliente>\r
            <!--Optional:-->\r
            <ebil:DepartamentoDANE>?</ebil:DepartamentoDANE>\r
            <!--Optional:-->\r
            <ebil:DescripcionPlan>?</ebil:DescripcionPlan>\r
            <!--Optional:-->\r
            <ebil:Descuento>?</ebil:Descuento>\r
            <!--Optional:-->\r
            <ebil:DigitoVerificaCliente>?</ebil:DigitoVerificaCliente>\r
            <!--Optional:-->\r
            <ebil:DireccionCliente>?</ebil:DireccionCliente>\r
            <!--Optional:-->\r
            <ebil:EstiloFactura>?</ebil:EstiloFactura>\r
            <!--Optional:-->\r
            <ebil:FechaExpedicion>?</ebil:FechaExpedicion>\r
            <!--Optional:-->\r
            <ebil:FechaFinalPeriodoFacturado>?</ebil:FechaFinalPeriodoFacturado>\r
            <!--Optional:-->\r
            <ebil:FechaInicialPeriodoFacturado>?</ebil:FechaInicialPeriodoFacturado>\r
            <!--Optional:-->\r
            <ebil:FechaVencimiento>?</ebil:FechaVencimiento>\r
            <!--Optional:-->\r
            <ebil:FormaPago>?</ebil:FormaPago>\r
            <!--Optional:-->\r
            <ebil:IDInterno>?</ebil:IDInterno>\r
            <!--Optional:-->\r
            <ebil:IDUbicacionCliente>?</ebil:IDUbicacionCliente>\r
            <!--Optional:-->\r
            <ebil:IDUbicacionEnvio>?</ebil:IDUbicacionEnvio>\r
            <!--Optional:-->\r
            <ebil:IdPlan>?</ebil:IdPlan>\r
            <!--Optional:-->\r
            <ebil:IdSucursal>?</ebil:IdSucursal>\r
            <!--Optional:-->\r
            <ebil:Incoterm>?</ebil:Incoterm>\r
            <!--Optional:-->\r
            <ebil:InfoAdicional>?</ebil:InfoAdicional>\r
            <!--Optional:-->\r
            <ebil:LugarTerminosEntrega>?</ebil:LugarTerminosEntrega>\r
            <!--Optional:-->\r
            <ebil:MesCausado>?</ebil:MesCausado>\r
            <!--Optional:-->\r
            <ebil:MonedaISO>?</ebil:MonedaISO>\r
            <!--Optional:-->\r
            <ebil:NitCliente>?</ebil:NitCliente>\r
            <!--Optional:-->\r
            <ebil:NitEmpresa>?</ebil:NitEmpresa>\r
            <!--Optional:-->\r
            <ebil:NombreCliente>?</ebil:NombreCliente>\r
            <!--Optional:-->\r
            <ebil:NombrePlan>?</ebil:NombrePlan>\r
            <!--Optional:-->\r
            <ebil:NombreVendedor>?</ebil:NombreVendedor>\r
            <!--Optional:-->\r
            <ebil:NumAprobacionRes>?</ebil:NumAprobacionRes>\r
            <!--Optional:-->\r
            <ebil:NumFactura>?</ebil:NumFactura>\r
            <!--Optional:-->\r
            <ebil:OrderID>?</ebil:OrderID>\r
            <!--Optional:-->\r
            <ebil:PAI_ISO_3166>?</ebil:PAI_ISO_3166>\r
            <!--Optional:-->\r
            <ebil:PagoAnterior>?</ebil:PagoAnterior>\r
            <!--Optional:-->\r
            <ebil:Prefijo>?</ebil:Prefijo>\r
            <!--Optional:-->\r
            <ebil:ReferenciaCliente>?</ebil:ReferenciaCliente>\r
            <!--Optional:-->\r
            <ebil:RetencionCREETotal>?</ebil:RetencionCREETotal>\r
            <!--Optional:-->\r
            <ebil:SMSXDoc>?</ebil:SMSXDoc>\r
            <!--Optional:-->\r
            <ebil:SaldoAnterior>?</ebil:SaldoAnterior>\r
            <!--Optional:-->\r
            <ebil:SubTotal>?</ebil:SubTotal>\r
            <!--Optional:-->\r
            <ebil:SubTotalSegunMon>?</ebil:SubTotalSegunMon>\r
            <!--Optional:-->\r
            <ebil:Sucursal>?</ebil:Sucursal>\r
            <!--Optional:-->\r
            <ebil:TIP_id_tipo_persona>?</ebil:TIP_id_tipo_persona>\r
            <!--Optional:-->\r
            <ebil:TasaCambio>?</ebil:TasaCambio>\r
            <!--Optional:-->\r
            <ebil:TelefonoCliente>?</ebil:TelefonoCliente>\r
            <!--Optional:-->\r
            <ebil:Texto3>?</ebil:Texto3>\r
            <!--Optional:-->\r
            <ebil:TieneAcuerdo>?</ebil:TieneAcuerdo>\r
            <!--Optional:-->\r
            <ebil:TipoComprobante>?</ebil:TipoComprobante>\r
            <!--Optional:-->\r
            <ebil:TipoContribuyente>?</ebil:TipoContribuyente>\r
            <!--Optional:-->\r
            <ebil:TipoIDCliente>?</ebil:TipoIDCliente>\r
            <!--Optional:-->\r
            <ebil:Total>?</ebil:Total>\r
            <!--Optional:-->\r
            <ebil:TotalIVA>?</ebil:TotalIVA>\r
            <!--Optional:-->\r
            <ebil:TotalIVASegunMon>?</ebil:TotalIVASegunMon>\r
            <!--Optional:-->\r
            <ebil:TotalRetICA>?</ebil:TotalRetICA>\r
            <!--Optional:-->\r
            <ebil:TotalRetIVA>?</ebil:TotalRetIVA>\r
            <!--Optional:-->\r
            <ebil:TotalRetencion>?</ebil:TotalRetencion>\r
            <!--Optional:-->\r
            <ebil:TotalSegunMon>?</ebil:TotalSegunMon>\r
            <!--Optional:-->\r
            <ebil:TotalTraslado>?</ebil:TotalTraslado>\r
            <!--Optional:-->\r
            <ebil:Total_a_Pagar>?</ebil:Total_a_Pagar>\r
            <!--Optional:-->\r
            <ebil:ValorHasta1>?</ebil:ValorHasta1>\r
            <!--Optional:-->\r
            <ebil:ValorHasta2>?</ebil:ValorHasta2>\r
            <!--Optional:-->\r
            <ebil:ValorHasta3>?</ebil:ValorHasta3>\r
            <!--Optional:-->\r
            <ebil:ValorHasta4>?</ebil:ValorHasta4>\r
            <!--Optional:-->\r
            <ebil:cfd_activa_nota1>?</ebil:cfd_activa_nota1>\r
            <!--Optional:-->\r
            <ebil:ciudad_envio>?</ebil:ciudad_envio>\r
            <!--Optional:-->\r
            <ebil:code1>?</ebil:code1>\r
            <!--Optional:-->\r
            <ebil:code2>?</ebil:code2>\r
            <!--Optional:-->\r
            <ebil:code3>?</ebil:code3>\r
            <!--Optional:-->\r
            <ebil:curso>?</ebil:curso>\r
            <!--Optional:-->\r
            <ebil:departamento_envio>?</ebil:departamento_envio>\r
            <!--Optional:-->\r
            <ebil:direccion_envio>?</ebil:direccion_envio>\r
            <!--Optional:-->\r
            <ebil:numero_envio>?</ebil:numero_envio>\r
            <!--Optional:-->\r
            <ebil:orden_venta>?</ebil:orden_venta>\r
            <!--Optional:-->\r
            <ebil:pague_hasta1>?</ebil:pague_hasta1>\r
            <!--Optional:-->\r
            <ebil:pague_hasta2>?</ebil:pague_hasta2>\r
            <!--Optional:-->\r
            <ebil:pague_hasta3>?</ebil:pague_hasta3>\r
            <!--Optional:-->\r
            <ebil:referencia>?</ebil:referencia>\r
            <!--Optional:-->\r
            <ebil:referencia1>?</ebil:referencia1>\r
            <!--Optional:-->\r
            <ebil:referencia_envio>?</ebil:referencia_envio>\r
            <!--Optional:-->\r
            <ebil:telefono_envio>?</ebil:telefono_envio>\r
         </tem:FacCab>\r
         <!--Optional:-->\r
         <tem:DetFac>\r
            <!--Zero or more repetitions:-->\r
            <ebil:CFDDetConexionInt>\r
               <!--Optional:-->\r
               <ebil:CON_base_ica>?</ebil:CON_base_ica>\r
               <!--Optional:-->\r
               <ebil:CON_base_impo_n>?</ebil:CON_base_impo_n>\r
               <!--Optional:-->\r
               <ebil:CON_base_impo_r>?</ebil:CON_base_impo_r>\r
               <!--Optional:-->\r
               <ebil:CON_base_iva>?</ebil:CON_base_iva>\r
               <!--Optional:-->\r
               <ebil:CON_cantidad_original_solicitada>?</ebil:CON_cantidad_original_solicitada>\r
               <!--Optional:-->\r
               <ebil:CON_categoria_0>?</ebil:CON_categoria_0>\r
               <!--Optional:-->\r
               <ebil:CON_categoria_1>?</ebil:CON_categoria_1>\r
               <!--Optional:-->\r
               <ebil:CON_categoria_2>?</ebil:CON_categoria_2>\r
               <!--Optional:-->\r
               <ebil:CON_categoria_3>?</ebil:CON_categoria_3>\r
               <!--Optional:-->\r
               <ebil:CON_ciudad_despacho>?</ebil:CON_ciudad_despacho>\r
               <!--Optional:-->\r
               <ebil:CON_dato_decimal1>?</ebil:CON_dato_decimal1>\r
               <!--Optional:-->\r
               <ebil:CON_dato_decimal10>?</ebil:CON_dato_decimal10>\r
               <!--Optional:-->\r
               <ebil:CON_dato_decimal11>?</ebil:CON_dato_decimal11>\r
               <!--Optional:-->\r
               <ebil:CON_dato_decimal12>?</ebil:CON_dato_decimal12>\r
               <!--Optional:-->\r
               <ebil:CON_dato_decimal13>?</ebil:CON_dato_decimal13>\r
               <!--Optional:-->\r
               <ebil:CON_dato_decimal14>?</ebil:CON_dato_decimal14>\r
               <!--Optional:-->\r
               <ebil:CON_dato_decimal15>?</ebil:CON_dato_decimal15>\r
               <!--Optional:-->\r
               <ebil:CON_dato_decimal2>?</ebil:CON_dato_decimal2>\r
               <!--Optional:-->\r
               <ebil:CON_dato_decimal3>?</ebil:CON_dato_decimal3>\r
               <!--Optional:-->\r
               <ebil:CON_dato_decimal4>?</ebil:CON_dato_decimal4>\r
               <!--Optional:-->\r
               <ebil:CON_dato_decimal5>?</ebil:CON_dato_decimal5>\r
               <!--Optional:-->\r
               <ebil:CON_dato_decimal6>?</ebil:CON_dato_decimal6>\r
               <!--Optional:-->\r
               <ebil:CON_dato_decimal7>?</ebil:CON_dato_decimal7>\r
               <!--Optional:-->\r
               <ebil:CON_dato_decimal8>?</ebil:CON_dato_decimal8>\r
               <!--Optional:-->\r
               <ebil:CON_dato_decimal9>?</ebil:CON_dato_decimal9>\r
               <!--Optional:-->\r
               <ebil:CON_dato_destino>?</ebil:CON_dato_destino>\r
               <!--Optional:-->\r
               <ebil:CON_dato_fecha>?</ebil:CON_dato_fecha>\r
               <!--Optional:-->\r
               <ebil:CON_dato_origen>?</ebil:CON_dato_origen>\r
               <!--Optional:-->\r
               <ebil:CON_dato_peso>?</ebil:CON_dato_peso>\r
               <!--Optional:-->\r
               <ebil:CON_dato_placa>?</ebil:CON_dato_placa>\r
               <!--Optional:-->\r
               <ebil:CON_dato_referencia>?</ebil:CON_dato_referencia>\r
               <!--Optional:-->\r
               <ebil:CON_dato_texto1>?</ebil:CON_dato_texto1>\r
               <!--Optional:-->\r
               <ebil:CON_dato_texto10>?</ebil:CON_dato_texto10>\r
               <!--Optional:-->\r
               <ebil:CON_dato_texto11>?</ebil:CON_dato_texto11>\r
               <!--Optional:-->\r
               <ebil:CON_dato_texto12>?</ebil:CON_dato_texto12>\r
               <!--Optional:-->\r
               <ebil:CON_dato_texto13>?</ebil:CON_dato_texto13>\r
               <!--Optional:-->\r
               <ebil:CON_dato_texto14>?</ebil:CON_dato_texto14>\r
               <!--Optional:-->\r
               <ebil:CON_dato_texto15>?</ebil:CON_dato_texto15>\r
               <!--Optional:-->\r
               <ebil:CON_dato_texto2>?</ebil:CON_dato_texto2>\r
               <!--Optional:-->\r
               <ebil:CON_dato_texto3>?</ebil:CON_dato_texto3>\r
               <!--Optional:-->\r
               <ebil:CON_dato_texto4>?</ebil:CON_dato_texto4>\r
               <!--Optional:-->\r
               <ebil:CON_dato_texto5>?</ebil:CON_dato_texto5>\r
               <!--Optional:-->\r
               <ebil:CON_dato_texto6>?</ebil:CON_dato_texto6>\r
               <!--Optional:-->\r
               <ebil:CON_dato_texto7>?</ebil:CON_dato_texto7>\r
               <!--Optional:-->\r
               <ebil:CON_dato_texto8>?</ebil:CON_dato_texto8>\r
               <!--Optional:-->\r
               <ebil:CON_dato_texto9>?</ebil:CON_dato_texto9>\r
               <!--Optional:-->\r
               <ebil:CON_departamento_despacho>?</ebil:CON_departamento_despacho>\r
               <!--Optional:-->\r
               <ebil:CON_detalle_construccion>?</ebil:CON_detalle_construccion>\r
               <!--Optional:-->\r
               <ebil:CON_detalle_industria1>?</ebil:CON_detalle_industria1>\r
               <!--Optional:-->\r
               <ebil:CON_detalle_industria2>?</ebil:CON_detalle_industria2>\r
               <!--Optional:-->\r
               <ebil:CON_detalle_industria3>?</ebil:CON_detalle_industria3>\r
               <!--Optional:-->\r
               <ebil:CON_detalle_vehiculo>?</ebil:CON_detalle_vehiculo>\r
               <!--Optional:-->\r
               <ebil:CON_direccion_despacho>?</ebil:CON_direccion_despacho>\r
               <!--Optional:-->\r
               <ebil:CON_documentos_referencia>?</ebil:CON_documentos_referencia>\r
               <!--Optional:-->\r
               <ebil:CON_linea_concepto>?</ebil:CON_linea_concepto>\r
               <!--Optional:-->\r
               <ebil:CON_linea_padre_concepto>?</ebil:CON_linea_padre_concepto>\r
               <!--Optional:-->\r
               <ebil:CON_posicion_arancelaria>?</ebil:CON_posicion_arancelaria>\r
               <!--Optional:-->\r
               <ebil:CON_sub_cliente>?</ebil:CON_sub_cliente>\r
               <!--Optional:-->\r
               <ebil:CON_total_con_seg_mon>?</ebil:CON_total_con_seg_mon>\r
               <!--Optional:-->\r
               <ebil:CON_unidad_medida_con>?</ebil:CON_unidad_medida_con>\r
               <!--Optional:-->\r
               <ebil:CON_valor_otros_cargos>?</ebil:CON_valor_otros_cargos>\r
               <!--Optional:-->\r
               <ebil:CON_valor_otros_descuentos>?</ebil:CON_valor_otros_descuentos>\r
               <!--Optional:-->\r
               <ebil:CON_valor_unitario_seg_mon>?</ebil:CON_valor_unitario_seg_mon>\r
               <!--Optional:-->\r
               <ebil:CREE>?</ebil:CREE>\r
               <!--Optional:-->\r
               <ebil:Cantidad>?</ebil:Cantidad>\r
               <!--Optional:-->\r
               <ebil:ClaseMovimiento>?</ebil:ClaseMovimiento>\r
               <!--Optional:-->\r
               <ebil:CodigoProducto>?</ebil:CodigoProducto>\r
               <!--Optional:-->\r
               <ebil:Codigos>\r
                  <!--Zero or more repetitions:-->\r
                  <arr:string>?</arr:string>\r
               </ebil:Codigos>\r
               <!--Optional:-->\r
               <ebil:CodigosString>?</ebil:CodigosString>\r
               <!--Optional:-->\r
               <ebil:DescripcionConcepto>?</ebil:DescripcionConcepto>\r
               <!--Optional:-->\r
               <ebil:DescripcionProducto>?</ebil:DescripcionProducto>\r
               <!--Optional:-->\r
               <ebil:DescuentoConcepto>?</ebil:DescuentoConcepto>\r
               <!--Optional:-->\r
               <ebil:FechaRecibe>?</ebil:FechaRecibe>\r
               <!--Optional:-->\r
               <ebil:IVAProducto>?</ebil:IVAProducto>\r
               <!--Optional:-->\r
               <ebil:Importe>?</ebil:Importe>\r
               <!--Optional:-->\r
               <ebil:Impuesto2>?</ebil:Impuesto2>\r
               <!--Optional:-->\r
               <ebil:ItemReferencia>?</ebil:ItemReferencia>\r
               <!--Optional:-->\r
               <ebil:NotasConcepto>?</ebil:NotasConcepto>\r
               <!--Optional:-->\r
               <ebil:PorIVAProducto>?</ebil:PorIVAProducto>\r
               <!--Optional:-->\r
               <ebil:PorImpuesto2>?</ebil:PorImpuesto2>\r
               <!--Optional:-->\r
               <ebil:PorcentajeDescuento>?</ebil:PorcentajeDescuento>\r
               <!--Optional:-->\r
               <ebil:RetencionCREE>?</ebil:RetencionCREE>\r
               <!--Optional:-->\r
               <ebil:TipoImpuesto>?</ebil:TipoImpuesto>\r
               <!--Optional:-->\r
               <ebil:TotalConSegMon>?</ebil:TotalConSegMon>\r
               <!--Optional:-->\r
               <ebil:TotalConcepto>?</ebil:TotalConcepto>\r
               <!--Optional:-->\r
               <ebil:UnidadMedida>?</ebil:UnidadMedida>\r
               <!--Optional:-->\r
               <ebil:ValorUnitario>?</ebil:ValorUnitario>\r
            </ebil:CFDDetConexionInt>\r
         </tem:DetFac>\r
         <!--Optional:-->\r
         <tem:Opciones>\r
            <!--Optional:-->\r
            <ebil:ActualizaProductos>?</ebil:ActualizaProductos>\r
            <!--Optional:-->\r
            <ebil:CalculaReteCree>?</ebil:CalculaReteCree>\r
            <!--Optional:-->\r
            <ebil:CalculaReteFuente>?</ebil:CalculaReteFuente>\r
            <!--Optional:-->\r
            <ebil:CalculaReteICA>?</ebil:CalculaReteICA>\r
            <!--Optional:-->\r
            <ebil:CalculaReteIVA>?</ebil:CalculaReteIVA>\r
            <!--Optional:-->\r
            <ebil:EmisionAutomatica>?</ebil:EmisionAutomatica>\r
            <!--Optional:-->\r
            <ebil:FacturasSinAcuerdo>?</ebil:FacturasSinAcuerdo>\r
            <!--Optional:-->\r
            <ebil:ModeloXAceptacion>?</ebil:ModeloXAceptacion>\r
            <!--Optional:-->\r
            <ebil:NotasRelacionadas>?</ebil:NotasRelacionadas>\r
            <!--Optional:-->\r
            <ebil:OrderControl>?</ebil:OrderControl>\r
            <!--Optional:-->\r
            <ebil:TieneAcuerdosFisicos>?</ebil:TieneAcuerdosFisicos>\r
            <!--Optional:-->\r
            <ebil:TokenConexion>?</ebil:TokenConexion>\r
            <!--Optional:-->\r
            <ebil:eBillAdmNumerosFactura>?</ebil:eBillAdmNumerosFactura>\r
         </tem:Opciones>\r
      </tem:CargarDocumentosElectronicosToeBillGenericFULLPDFCUFE>\r
   </soapenv:Body>\r
</soapenv:Envelope>]]></con:request><con:credentials><con:authType>No Authorization</con:authType></con:credentials><con:jmsConfig JMSDeliveryMode="PERSISTENT"/><con:jmsPropertyConfig/><con:wsaConfig mustUnderstand="NONE" version="200508" action="http://tempuri.org/IIntegracion/CargarDocumentosElectronicosToeBillGenericFULLPDFCUFE"/><con:wsrmConfig version="1.2"/></con:call></con:operation><con:operation id="d5a70754-8275-4c2e-885e-e091884004fa" isOneWay="false" action="http://tempuri.org/IIntegracion/CargarDocumentosElectronicosToeBillGenericTAX" name="CargarDocumentosElectronicosToeBillGenericTAX" bindingOperationName="CargarDocumentosElectronicosToeBillGenericTAX" type="Request-Response" inputName="" receivesAttachments="false" sendsAttachments="false" anonymous="optional"><con:settings/><con:call id="1f5a5c62-b98b-431e-a07b-9a31de473f5a" name="Request 1"><con:settings/><con:encoding>UTF-8</con:encoding><con:endpoint>http://testws.facturaenlinea.co/ServiciosFyM/eBill/Integracion.svc</con:endpoint><con:request><![CDATA[<soapenv:Envelope xmlns:soapenv="http://schemas.xmlsoap.org/soap/envelope/" xmlns:tem="http://tempuri.org/" xmlns:ebil="http://schemas.datacontract.org/2004/07/eBillCore" xmlns:arr="http://schemas.microsoft.com/2003/10/Serialization/Arrays">\r
   <soapenv:Header/>\r
   <soapenv:Body>\r
      <tem:CargarDocumentosElectronicosToeBillGenericTAX>\r
         <!--Optional:-->\r
         <tem:FacCab>\r
            <!--Optional:-->\r
            <ebil:AnoAprobacionRes>?</ebil:AnoAprobacionRes>\r
            <!--Optional:-->\r
            <ebil:AvisoDesconexion>?</ebil:AvisoDesconexion>\r
            <!--Optional:-->\r
            <ebil:BaseImpuesto>?</ebil:BaseImpuesto>\r
            <!--Optional:-->\r
            <ebil:CFD_cantidad_dec_1>?</ebil:CFD_cantidad_dec_1>\r
            <!--Optional:-->\r
            <ebil:CiudadDANE>?</ebil:CiudadDANE>\r
            <!--Optional:-->\r
            <ebil:CiudadDANEEntrega>?</ebil:CiudadDANEEntrega>\r
            <!--Optional:-->\r
            <ebil:CodigoBarraPago1>?</ebil:CodigoBarraPago1>\r
            <!--Optional:-->\r
            <ebil:CodigoBarraPago2>?</ebil:CodigoBarraPago2>\r
            <!--Optional:-->\r
            <ebil:CodigoBarraPago3>?</ebil:CodigoBarraPago3>\r
            <!--Optional:-->\r
            <ebil:CorreoCliente>?</ebil:CorreoCliente>\r
            <!--Optional:-->\r
            <ebil:DescripcionPlan>?</ebil:DescripcionPlan>\r
            <!--Optional:-->\r
            <ebil:Descuento>?</ebil:Descuento>\r
            <!--Optional:-->\r
            <ebil:DigitoVerificaCliente>?</ebil:DigitoVerificaCliente>\r
            <!--Optional:-->\r
            <ebil:DireccionCliente>?</ebil:DireccionCliente>\r
            <!--Optional:-->\r
            <ebil:DireccionEntrega>?</ebil:DireccionEntrega>\r
            <!--Optional:-->\r
            <ebil:EstiloFactura>?</ebil:EstiloFactura>\r
            <!--Optional:-->\r
            <ebil:FechaDesconexion>?</ebil:FechaDesconexion>\r
            <!--Optional:-->\r
            <ebil:FechaExpedicion>?</ebil:FechaExpedicion>\r
            <!--Optional:-->\r
            <ebil:FechaFinalPeriodoFacturado>?</ebil:FechaFinalPeriodoFacturado>\r
            <!--Optional:-->\r
            <ebil:FechaInicialPeriodoFacturado>?</ebil:FechaInicialPeriodoFacturado>\r
            <!--Optional:-->\r
            <ebil:FechaVencimiento>?</ebil:FechaVencimiento>\r
            <!--Optional:-->\r
            <ebil:FormaPago>?</ebil:FormaPago>\r
            <!--Optional:-->\r
            <ebil:IDInterno>?</ebil:IDInterno>\r
            <!--Optional:-->\r
            <ebil:IdPlan>?</ebil:IdPlan>\r
            <!--Optional:-->\r
            <ebil:InfoAdicional>?</ebil:InfoAdicional>\r
            <!--Optional:-->\r
            <ebil:Moneda>?</ebil:Moneda>\r
            <!--Optional:-->\r
            <ebil:MuestraNota1>?</ebil:MuestraNota1>\r
            <!--Optional:-->\r
            <ebil:NitCliente>?</ebil:NitCliente>\r
            <!--Optional:-->\r
            <ebil:NitEmpresa>?</ebil:NitEmpresa>\r
            <!--Optional:-->\r
            <ebil:NombreCliente>?</ebil:NombreCliente>\r
            <!--Optional:-->\r
            <ebil:NombrePlan>?</ebil:NombrePlan>\r
            <!--Optional:-->\r
            <ebil:NotificaSMS>?</ebil:NotificaSMS>\r
            <!--Optional:-->\r
            <ebil:NumAprobacionRes>?</ebil:NumAprobacionRes>\r
            <!--Optional:-->\r
            <ebil:NumFactura>?</ebil:NumFactura>\r
            <!--Optional:-->\r
            <ebil:NumeroEnvio>?</ebil:NumeroEnvio>\r
            <!--Optional:-->\r
            <ebil:OrderID>?</ebil:OrderID>\r
            <!--Optional:-->\r
            <ebil:PAI_ISO_3166>?</ebil:PAI_ISO_3166>\r
            <!--Optional:-->\r
            <ebil:PagoAnterior>?</ebil:PagoAnterior>\r
            <!--Optional:-->\r
            <ebil:PorICA>?</ebil:PorICA>\r
            <!--Optional:-->\r
            <ebil:PorIVA>?</ebil:PorIVA>\r
            <!--Optional:-->\r
            <ebil:PorRetencion>?</ebil:PorRetencion>\r
            <!--Optional:-->\r
            <ebil:Prefijo>?</ebil:Prefijo>\r
            <!--Optional:-->\r
            <ebil:Referencia>?</ebil:Referencia>\r
            <!--Optional:-->\r
            <ebil:Referencia1>?</ebil:Referencia1>\r
            <!--Optional:-->\r
            <ebil:ReferenciaEntrega>?</ebil:ReferenciaEntrega>\r
            <!--Optional:-->\r
            <ebil:SaldoAnterior>?</ebil:SaldoAnterior>\r
            <!--Optional:-->\r
            <ebil:SubTotal>?</ebil:SubTotal>\r
            <!--Optional:-->\r
            <ebil:SubTotalSegMon>?</ebil:SubTotalSegMon>\r
            <!--Optional:-->\r
            <ebil:TasaCambio>?</ebil:TasaCambio>\r
            <!--Optional:-->\r
            <ebil:TasaMora>?</ebil:TasaMora>\r
            <!--Optional:-->\r
            <ebil:TelefonoCliente>?</ebil:TelefonoCliente>\r
            <!--Optional:-->\r
            <ebil:TelefonoEntrega>?</ebil:TelefonoEntrega>\r
            <!--Optional:-->\r
            <ebil:TieneAcuerdo>?</ebil:TieneAcuerdo>\r
            <!--Optional:-->\r
            <ebil:TipoContribuyente>?</ebil:TipoContribuyente>\r
            <!--Optional:-->\r
            <ebil:TipoIDCliente>?</ebil:TipoIDCliente>\r
            <!--Optional:-->\r
            <ebil:TipoPersona>?</ebil:TipoPersona>\r
            <!--Optional:-->\r
            <ebil:Total>?</ebil:Total>\r
            <!--Optional:-->\r
            <ebil:TotalIVA>?</ebil:TotalIVA>\r
            <!--Optional:-->\r
            <ebil:TotalIVASegMon>?</ebil:TotalIVASegMon>\r
            <!--Optional:-->\r
            <ebil:TotalRetICA>?</ebil:TotalRetICA>\r
            <!--Optional:-->\r
            <ebil:TotalRetIVA>?</ebil:TotalRetIVA>\r
            <!--Optional:-->\r
            <ebil:TotalRetencion>?</ebil:TotalRetencion>\r
            <!--Optional:-->\r
            <ebil:TotalSegMon>?</ebil:TotalSegMon>\r
            <!--Optional:-->\r
            <ebil:TotalTraslado>?</ebil:TotalTraslado>\r
            <!--Optional:-->\r
            <ebil:ValorHasta1>?</ebil:ValorHasta1>\r
            <!--Optional:-->\r
            <ebil:ValorHasta2>?</ebil:ValorHasta2>\r
            <!--Optional:-->\r
            <ebil:Vendedor>?</ebil:Vendedor>\r
         </tem:FacCab>\r
         <!--Optional:-->\r
         <tem:DetFac>\r
            <!--Zero or more repetitions:-->\r
            <ebil:CFDDetConexion>\r
               <!--Optional:-->\r
               <ebil:Cantidad>?</ebil:Cantidad>\r
               <!--Optional:-->\r
               <ebil:CodigoProducto>?</ebil:CodigoProducto>\r
               <!--Optional:-->\r
               <ebil:Codigos>\r
                  <!--Zero or more repetitions:-->\r
                  <arr:string>?</arr:string>\r
               </ebil:Codigos>\r
               <!--Optional:-->\r
               <ebil:DescripcionConcepto>?</ebil:DescripcionConcepto>\r
               <!--Optional:-->\r
               <ebil:DescripcionProducto>?</ebil:DescripcionProducto>\r
               <!--Optional:-->\r
               <ebil:DescuentoConcepto>?</ebil:DescuentoConcepto>\r
               <!--Optional:-->\r
               <ebil:IVAProducto>?</ebil:IVAProducto>\r
               <!--Optional:-->\r
               <ebil:NotasCon>?</ebil:NotasCon>\r
               <!--Optional:-->\r
               <ebil:PorIVAProducto>?</ebil:PorIVAProducto>\r
               <!--Optional:-->\r
               <ebil:TotalConceptoSegMon>?</ebil:TotalConceptoSegMon>\r
               <!--Optional:-->\r
               <ebil:ValorUnitario>?</ebil:ValorUnitario>\r
            </ebil:CFDDetConexion>\r
         </tem:DetFac>\r
         <!--Optional:-->\r
         <tem:Opciones>\r
            <!--Optional:-->\r
            <ebil:ActualizaProductos>?</ebil:ActualizaProductos>\r
            <!--Optional:-->\r
            <ebil:BuscarXNitXIdInterno>?</ebil:BuscarXNitXIdInterno>\r
            <!--Optional:-->\r
            <ebil:EmisionAutomatica>?</ebil:EmisionAutomatica>\r
            <!--Optional:-->\r
            <ebil:EmisionAutomaticaFXComputador>?</ebil:EmisionAutomaticaFXComputador>\r
            <!--Optional:-->\r
            <ebil:FacturasSinAcuerdo>?</ebil:FacturasSinAcuerdo>\r
            <!--Optional:-->\r
            <ebil:ManejaPlantillasNotificacion>?</ebil:ManejaPlantillasNotificacion>\r
            <!--Optional:-->\r
            <ebil:NoAdjuntarArchivo>?</ebil:NoAdjuntarArchivo>\r
            <!--Optional:-->\r
            <ebil:NoTieneAcuerdosFisicos>?</ebil:NoTieneAcuerdosFisicos>\r
            <!--Optional:-->\r
            <ebil:OrderControl>?</ebil:OrderControl>\r
            <!--Optional:-->\r
            <ebil:TipoCargaDetalle>?</ebil:TipoCargaDetalle>\r
            <!--Optional:-->\r
            <ebil:TipoDocumento>?</ebil:TipoDocumento>\r
            <!--Optional:-->\r
            <ebil:TokenConexion>?</ebil:TokenConexion>\r
            <!--Optional:-->\r
            <ebil:crearVIP>?</ebil:crearVIP>\r
            <!--Optional:-->\r
            <ebil:eBillAdmNumerosFactura>?</ebil:eBillAdmNumerosFactura>\r
         </tem:Opciones>\r
      </tem:CargarDocumentosElectronicosToeBillGenericTAX>\r
   </soapenv:Body>\r
</soapenv:Envelope>]]></con:request><con:wsaConfig mustUnderstand="NONE" version="200508" action="http://tempuri.org/IIntegracion/CargarDocumentosElectronicosToeBillGenericTAX"/></con:call></con:operation><con:operation id="4d049aa8-5650-43b0-bbe1-aa256a32a428" isOneWay="false" action="http://tempuri.org/IIntegracion/CargarFacturasToeBillGeneric" name="CargarFacturasToeBillGeneric" bindingOperationName="CargarFacturasToeBillGeneric" type="Request-Response" inputName="" receivesAttachments="false" sendsAttachments="false" anonymous="optional"><con:settings/><con:call id="6a06682c-a8c1-4ab2-88f1-ab15dad91d05" name="Request 1"><con:settings/><con:encoding>UTF-8</con:encoding><con:endpoint>http://testws.facturaenlinea.co/ServiciosFyM/eBill/Integracion.svc</con:endpoint><con:request><![CDATA[<soapenv:Envelope xmlns:soapenv="http://schemas.xmlsoap.org/soap/envelope/" xmlns:tem="http://tempuri.org/" xmlns:ebil="http://schemas.datacontract.org/2004/07/eBillCore" xmlns:arr="http://schemas.microsoft.com/2003/10/Serialization/Arrays">\r
   <soapenv:Header/>\r
   <soapenv:Body>\r
      <tem:CargarFacturasToeBillGeneric>\r
         <!--Optional:-->\r
         <tem:FacCab>\r
            <!--Optional:-->\r
            <ebil:AnoAprobacionRes>?</ebil:AnoAprobacionRes>\r
            <!--Optional:-->\r
            <ebil:Cantidad1>?</ebil:Cantidad1>\r
            <!--Optional:-->\r
            <ebil:Cantidad2>?</ebil:Cantidad2>\r
            <!--Optional:-->\r
            <ebil:Cantidad3>?</ebil:Cantidad3>\r
            <!--Optional:-->\r
            <ebil:CiudadDANE>?</ebil:CiudadDANE>\r
            <!--Optional:-->\r
            <ebil:CorreoCliente>?</ebil:CorreoCliente>\r
            <!--Optional:-->\r
            <ebil:DescripcionPlan>?</ebil:DescripcionPlan>\r
            <!--Optional:-->\r
            <ebil:Descuento>?</ebil:Descuento>\r
            <!--Optional:-->\r
            <ebil:DigitoVerificaCliente>?</ebil:DigitoVerificaCliente>\r
            <!--Optional:-->\r
            <ebil:DireccionCliente>?</ebil:DireccionCliente>\r
            <!--Optional:-->\r
            <ebil:FechaExpedicion>?</ebil:FechaExpedicion>\r
            <!--Optional:-->\r
            <ebil:FechaFinalPeriodoFacturado>?</ebil:FechaFinalPeriodoFacturado>\r
            <!--Optional:-->\r
            <ebil:FechaInicialPeriodoFacturado>?</ebil:FechaInicialPeriodoFacturado>\r
            <!--Optional:-->\r
            <ebil:FechaVencimiento>?</ebil:FechaVencimiento>\r
            <!--Optional:-->\r
            <ebil:FormaPago>?</ebil:FormaPago>\r
            <!--Optional:-->\r
            <ebil:IDInterno>?</ebil:IDInterno>\r
            <!--Optional:-->\r
            <ebil:IdPlan>?</ebil:IdPlan>\r
            <!--Optional:-->\r
            <ebil:InfoAdicional>?</ebil:InfoAdicional>\r
            <!--Optional:-->\r
            <ebil:MonedaISO>?</ebil:MonedaISO>\r
            <!--Optional:-->\r
            <ebil:NitCliente>?</ebil:NitCliente>\r
            <!--Optional:-->\r
            <ebil:NitEmpresa>?</ebil:NitEmpresa>\r
            <!--Optional:-->\r
            <ebil:NombreCliente>?</ebil:NombreCliente>\r
            <!--Optional:-->\r
            <ebil:NombrePlan>?</ebil:NombrePlan>\r
            <!--Optional:-->\r
            <ebil:NumAprobacionRes>?</ebil:NumAprobacionRes>\r
            <!--Optional:-->\r
            <ebil:NumFactura>?</ebil:NumFactura>\r
            <!--Optional:-->\r
            <ebil:OrderID>?</ebil:OrderID>\r
            <!--Optional:-->\r
            <ebil:PagoAnterior>?</ebil:PagoAnterior>\r
            <!--Optional:-->\r
            <ebil:Prefijo>?</ebil:Prefijo>\r
            <!--Optional:-->\r
            <ebil:Referencia1>?</ebil:Referencia1>\r
            <!--Optional:-->\r
            <ebil:SaldoAnterior>?</ebil:SaldoAnterior>\r
            <!--Optional:-->\r
            <ebil:SubTotal>?</ebil:SubTotal>\r
            <!--Optional:-->\r
            <ebil:TelefonoCliente>?</ebil:TelefonoCliente>\r
            <!--Optional:-->\r
            <ebil:TipoIDCliente>?</ebil:TipoIDCliente>\r
            <!--Optional:-->\r
            <ebil:Total>?</ebil:Total>\r
            <!--Optional:-->\r
            <ebil:TotalIVA>?</ebil:TotalIVA>\r
            <!--Optional:-->\r
            <ebil:ValorHasta1>?</ebil:ValorHasta1>\r
            <!--Optional:-->\r
            <ebil:ValorHasta2>?</ebil:ValorHasta2>\r
            <!--Optional:-->\r
            <ebil:ValorHasta3>?</ebil:ValorHasta3>\r
            <!--Optional:-->\r
            <ebil:ValorHasta4>?</ebil:ValorHasta4>\r
         </tem:FacCab>\r
         <!--Optional:-->\r
         <tem:DetFac>\r
            <!--Zero or more repetitions:-->\r
            <ebil:CFDDetConexion>\r
               <!--Optional:-->\r
               <ebil:Cantidad>?</ebil:Cantidad>\r
               <!--Optional:-->\r
               <ebil:CodigoProducto>?</ebil:CodigoProducto>\r
               <!--Optional:-->\r
               <ebil:Codigos>\r
                  <!--Zero or more repetitions:-->\r
                  <arr:string>?</arr:string>\r
               </ebil:Codigos>\r
               <!--Optional:-->\r
               <ebil:DescripcionConcepto>?</ebil:DescripcionConcepto>\r
               <!--Optional:-->\r
               <ebil:DescripcionProducto>?</ebil:DescripcionProducto>\r
               <!--Optional:-->\r
               <ebil:DescuentoConcepto>?</ebil:DescuentoConcepto>\r
               <!--Optional:-->\r
               <ebil:IVAProducto>?</ebil:IVAProducto>\r
               <!--Optional:-->\r
               <ebil:NotasCon>?</ebil:NotasCon>\r
               <!--Optional:-->\r
               <ebil:PorIVAProducto>?</ebil:PorIVAProducto>\r
               <!--Optional:-->\r
               <ebil:TotalConceptoSegMon>?</ebil:TotalConceptoSegMon>\r
               <!--Optional:-->\r
               <ebil:ValorUnitario>?</ebil:ValorUnitario>\r
            </ebil:CFDDetConexion>\r
         </tem:DetFac>\r
         <!--Optional:-->\r
         <tem:Opciones>\r
            <!--Optional:-->\r
            <ebil:ActualizaProductos>?</ebil:ActualizaProductos>\r
            <!--Optional:-->\r
            <ebil:BuscarXNitXIdInterno>?</ebil:BuscarXNitXIdInterno>\r
            <!--Optional:-->\r
            <ebil:EmisionAutomatica>?</ebil:EmisionAutomatica>\r
            <!--Optional:-->\r
            <ebil:EmisionAutomaticaFXComputador>?</ebil:EmisionAutomaticaFXComputador>\r
            <!--Optional:-->\r
            <ebil:FacturasSinAcuerdo>?</ebil:FacturasSinAcuerdo>\r
            <!--Optional:-->\r
            <ebil:ManejaPlantillasNotificacion>?</ebil:ManejaPlantillasNotificacion>\r
            <!--Optional:-->\r
            <ebil:NoAdjuntarArchivo>?</ebil:NoAdjuntarArchivo>\r
            <!--Optional:-->\r
            <ebil:NoTieneAcuerdosFisicos>?</ebil:NoTieneAcuerdosFisicos>\r
            <!--Optional:-->\r
            <ebil:OrderControl>?</ebil:OrderControl>\r
            <!--Optional:-->\r
            <ebil:TipoCargaDetalle>?</ebil:TipoCargaDetalle>\r
            <!--Optional:-->\r
            <ebil:TipoDocumento>?</ebil:TipoDocumento>\r
            <!--Optional:-->\r
            <ebil:TokenConexion>?</ebil:TokenConexion>\r
            <!--Optional:-->\r
            <ebil:crearVIP>?</ebil:crearVIP>\r
            <!--Optional:-->\r
            <ebil:eBillAdmNumerosFactura>?</ebil:eBillAdmNumerosFactura>\r
         </tem:Opciones>\r
      </tem:CargarFacturasToeBillGeneric>\r
   </soapenv:Body>\r
</soapenv:Envelope>]]></con:request><con:wsaConfig mustUnderstand="NONE" version="200508" action="http://tempuri.org/IIntegracion/CargarFacturasToeBillGeneric"/></con:call></con:operation><con:operation id="74e8e58c-b6d3-4a4d-83ba-4cbcf7f93a5c" isOneWay="false" action="http://tempuri.org/IIntegracion/CargarFacturasToeBillGenericFix" name="CargarFacturasToeBillGenericFix" bindingOperationName="CargarFacturasToeBillGenericFix" type="Request-Response" inputName="" receivesAttachments="false" sendsAttachments="false" anonymous="optional"><con:settings/><con:call id="92fa016e-b394-4428-b0f1-9f5566189787" name="Request 1"><con:settings/><con:encoding>UTF-8</con:encoding><con:endpoint>http://testws.facturaenlinea.co/ServiciosFyM/eBill/Integracion.svc</con:endpoint><con:request><![CDATA[<soapenv:Envelope xmlns:soapenv="http://schemas.xmlsoap.org/soap/envelope/" xmlns:tem="http://tempuri.org/" xmlns:ebil="http://schemas.datacontract.org/2004/07/eBillCore" xmlns:arr="http://schemas.microsoft.com/2003/10/Serialization/Arrays">\r
   <soapenv:Header/>\r
   <soapenv:Body>\r
      <tem:CargarFacturasToeBillGenericFix>\r
         <!--Optional:-->\r
         <tem:FacCab>\r
            <!--Optional:-->\r
            <ebil:AnoAprobacionRes>?</ebil:AnoAprobacionRes>\r
            <!--Optional:-->\r
            <ebil:Cantidad1>?</ebil:Cantidad1>\r
            <!--Optional:-->\r
            <ebil:Cantidad2>?</ebil:Cantidad2>\r
            <!--Optional:-->\r
            <ebil:Cantidad3>?</ebil:Cantidad3>\r
            <!--Optional:-->\r
            <ebil:CiudadDANE>?</ebil:CiudadDANE>\r
            <!--Optional:-->\r
            <ebil:CorreoCliente>?</ebil:CorreoCliente>\r
            <!--Optional:-->\r
            <ebil:DescripcionPlan>?</ebil:DescripcionPlan>\r
            <!--Optional:-->\r
            <ebil:Descuento>?</ebil:Descuento>\r
            <!--Optional:-->\r
            <ebil:DigitoVerificaCliente>?</ebil:DigitoVerificaCliente>\r
            <!--Optional:-->\r
            <ebil:DireccionCliente>?</ebil:DireccionCliente>\r
            <!--Optional:-->\r
            <ebil:FechaExpedicion>?</ebil:FechaExpedicion>\r
            <!--Optional:-->\r
            <ebil:FechaFinalPeriodoFacturado>?</ebil:FechaFinalPeriodoFacturado>\r
            <!--Optional:-->\r
            <ebil:FechaInicialPeriodoFacturado>?</ebil:FechaInicialPeriodoFacturado>\r
            <!--Optional:-->\r
            <ebil:FechaVencimiento>?</ebil:FechaVencimiento>\r
            <!--Optional:-->\r
            <ebil:FormaPago>?</ebil:FormaPago>\r
            <!--Optional:-->\r
            <ebil:IDInterno>?</ebil:IDInterno>\r
            <!--Optional:-->\r
            <ebil:IdPlan>?</ebil:IdPlan>\r
            <!--Optional:-->\r
            <ebil:InfoAdicional>?</ebil:InfoAdicional>\r
            <!--Optional:-->\r
            <ebil:MonedaISO>?</ebil:MonedaISO>\r
            <!--Optional:-->\r
            <ebil:NitCliente>?</ebil:NitCliente>\r
            <!--Optional:-->\r
            <ebil:NitEmpresa>?</ebil:NitEmpresa>\r
            <!--Optional:-->\r
            <ebil:NombreCliente>?</ebil:NombreCliente>\r
            <!--Optional:-->\r
            <ebil:NombrePlan>?</ebil:NombrePlan>\r
            <!--Optional:-->\r
            <ebil:NumAprobacionRes>?</ebil:NumAprobacionRes>\r
            <!--Optional:-->\r
            <ebil:NumFactura>?</ebil:NumFactura>\r
            <!--Optional:-->\r
            <ebil:OrderID>?</ebil:OrderID>\r
            <!--Optional:-->\r
            <ebil:PagoAnterior>?</ebil:PagoAnterior>\r
            <!--Optional:-->\r
            <ebil:Prefijo>?</ebil:Prefijo>\r
            <!--Optional:-->\r
            <ebil:Referencia1>?</ebil:Referencia1>\r
            <!--Optional:-->\r
            <ebil:SaldoAnterior>?</ebil:SaldoAnterior>\r
            <!--Optional:-->\r
            <ebil:SubTotal>?</ebil:SubTotal>\r
            <!--Optional:-->\r
            <ebil:TelefonoCliente>?</ebil:TelefonoCliente>\r
            <!--Optional:-->\r
            <ebil:TipoIDCliente>?</ebil:TipoIDCliente>\r
            <!--Optional:-->\r
            <ebil:Total>?</ebil:Total>\r
            <!--Optional:-->\r
            <ebil:TotalIVA>?</ebil:TotalIVA>\r
            <!--Optional:-->\r
            <ebil:ValorHasta1>?</ebil:ValorHasta1>\r
            <!--Optional:-->\r
            <ebil:ValorHasta2>?</ebil:ValorHasta2>\r
            <!--Optional:-->\r
            <ebil:ValorHasta3>?</ebil:ValorHasta3>\r
            <!--Optional:-->\r
            <ebil:ValorHasta4>?</ebil:ValorHasta4>\r
         </tem:FacCab>\r
         <!--Optional:-->\r
         <tem:DetFac>\r
            <!--Zero or more repetitions:-->\r
            <ebil:CFDDetConexion>\r
               <!--Optional:-->\r
               <ebil:Cantidad>?</ebil:Cantidad>\r
               <!--Optional:-->\r
               <ebil:CodigoProducto>?</ebil:CodigoProducto>\r
               <!--Optional:-->\r
               <ebil:Codigos>\r
                  <!--Zero or more repetitions:-->\r
                  <arr:string>?</arr:string>\r
               </ebil:Codigos>\r
               <!--Optional:-->\r
               <ebil:DescripcionConcepto>?</ebil:DescripcionConcepto>\r
               <!--Optional:-->\r
               <ebil:DescripcionProducto>?</ebil:DescripcionProducto>\r
               <!--Optional:-->\r
               <ebil:DescuentoConcepto>?</ebil:DescuentoConcepto>\r
               <!--Optional:-->\r
               <ebil:IVAProducto>?</ebil:IVAProducto>\r
               <!--Optional:-->\r
               <ebil:NotasCon>?</ebil:NotasCon>\r
               <!--Optional:-->\r
               <ebil:PorIVAProducto>?</ebil:PorIVAProducto>\r
               <!--Optional:-->\r
               <ebil:TotalConceptoSegMon>?</ebil:TotalConceptoSegMon>\r
               <!--Optional:-->\r
               <ebil:ValorUnitario>?</ebil:ValorUnitario>\r
            </ebil:CFDDetConexion>\r
         </tem:DetFac>\r
         <!--Optional:-->\r
         <tem:Opciones>\r
            <!--Optional:-->\r
            <ebil:ActualizaProductos>?</ebil:ActualizaProductos>\r
            <!--Optional:-->\r
            <ebil:BuscarXNitXIdInterno>?</ebil:BuscarXNitXIdInterno>\r
            <!--Optional:-->\r
            <ebil:EmisionAutomatica>?</ebil:EmisionAutomatica>\r
            <!--Optional:-->\r
            <ebil:EmisionAutomaticaFXComputador>?</ebil:EmisionAutomaticaFXComputador>\r
            <!--Optional:-->\r
            <ebil:FacturasSinAcuerdo>?</ebil:FacturasSinAcuerdo>\r
            <!--Optional:-->\r
            <ebil:ManejaPlantillasNotificacion>?</ebil:ManejaPlantillasNotificacion>\r
            <!--Optional:-->\r
            <ebil:NoAdjuntarArchivo>?</ebil:NoAdjuntarArchivo>\r
            <!--Optional:-->\r
            <ebil:NoTieneAcuerdosFisicos>?</ebil:NoTieneAcuerdosFisicos>\r
            <!--Optional:-->\r
            <ebil:OrderControl>?</ebil:OrderControl>\r
            <!--Optional:-->\r
            <ebil:TipoCargaDetalle>?</ebil:TipoCargaDetalle>\r
            <!--Optional:-->\r
            <ebil:TipoDocumento>?</ebil:TipoDocumento>\r
            <!--Optional:-->\r
            <ebil:TokenConexion>?</ebil:TokenConexion>\r
            <!--Optional:-->\r
            <ebil:crearVIP>?</ebil:crearVIP>\r
            <!--Optional:-->\r
            <ebil:eBillAdmNumerosFactura>?</ebil:eBillAdmNumerosFactura>\r
         </tem:Opciones>\r
      </tem:CargarFacturasToeBillGenericFix>\r
   </soapenv:Body>\r
</soapenv:Envelope>]]></con:request><con:wsaConfig mustUnderstand="NONE" version="200508" action="http://tempuri.org/IIntegracion/CargarFacturasToeBillGenericFix"/></con:call></con:operation><con:operation id="75bbd891-41d1-460c-b5d3-a9e179370e09" isOneWay="false" action="http://tempuri.org/IIntegracion/CargarFacturasToeBillGenericTAX" name="CargarFacturasToeBillGenericTAX" bindingOperationName="CargarFacturasToeBillGenericTAX" type="Request-Response" inputName="" receivesAttachments="false" sendsAttachments="false" anonymous="optional"><con:settings/><con:call id="add4ba70-ba49-4d8f-b888-1b5819c7da22" name="Request 1"><con:settings/><con:encoding>UTF-8</con:encoding><con:endpoint>http://testws.facturaenlinea.co/ServiciosFyM/eBill/Integracion.svc</con:endpoint><con:request><![CDATA[<soapenv:Envelope xmlns:soapenv="http://schemas.xmlsoap.org/soap/envelope/" xmlns:tem="http://tempuri.org/" xmlns:ebil="http://schemas.datacontract.org/2004/07/eBillCore" xmlns:arr="http://schemas.microsoft.com/2003/10/Serialization/Arrays">\r
   <soapenv:Header/>\r
   <soapenv:Body>\r
      <tem:CargarFacturasToeBillGenericTAX>\r
         <!--Optional:-->\r
         <tem:FacCab>\r
            <!--Optional:-->\r
            <ebil:AnoAprobacionRes>?</ebil:AnoAprobacionRes>\r
            <!--Optional:-->\r
            <ebil:AvisoDesconexion>?</ebil:AvisoDesconexion>\r
            <!--Optional:-->\r
            <ebil:BaseImpuesto>?</ebil:BaseImpuesto>\r
            <!--Optional:-->\r
            <ebil:CFD_cantidad_dec_1>?</ebil:CFD_cantidad_dec_1>\r
            <!--Optional:-->\r
            <ebil:CiudadDANE>?</ebil:CiudadDANE>\r
            <!--Optional:-->\r
            <ebil:CiudadDANEEntrega>?</ebil:CiudadDANEEntrega>\r
            <!--Optional:-->\r
            <ebil:CodigoBarraPago1>?</ebil:CodigoBarraPago1>\r
            <!--Optional:-->\r
            <ebil:CodigoBarraPago2>?</ebil:CodigoBarraPago2>\r
            <!--Optional:-->\r
            <ebil:CodigoBarraPago3>?</ebil:CodigoBarraPago3>\r
            <!--Optional:-->\r
            <ebil:CorreoCliente>?</ebil:CorreoCliente>\r
            <!--Optional:-->\r
            <ebil:DescripcionPlan>?</ebil:DescripcionPlan>\r
            <!--Optional:-->\r
            <ebil:Descuento>?</ebil:Descuento>\r
            <!--Optional:-->\r
            <ebil:DigitoVerificaCliente>?</ebil:DigitoVerificaCliente>\r
            <!--Optional:-->\r
            <ebil:DireccionCliente>?</ebil:DireccionCliente>\r
            <!--Optional:-->\r
            <ebil:DireccionEntrega>?</ebil:DireccionEntrega>\r
            <!--Optional:-->\r
            <ebil:EstiloFactura>?</ebil:EstiloFactura>\r
            <!--Optional:-->\r
            <ebil:FechaDesconexion>?</ebil:FechaDesconexion>\r
            <!--Optional:-->\r
            <ebil:FechaExpedicion>?</ebil:FechaExpedicion>\r
            <!--Optional:-->\r
            <ebil:FechaFinalPeriodoFacturado>?</ebil:FechaFinalPeriodoFacturado>\r
            <!--Optional:-->\r
            <ebil:FechaInicialPeriodoFacturado>?</ebil:FechaInicialPeriodoFacturado>\r
            <!--Optional:-->\r
            <ebil:FechaVencimiento>?</ebil:FechaVencimiento>\r
            <!--Optional:-->\r
            <ebil:FormaPago>?</ebil:FormaPago>\r
            <!--Optional:-->\r
            <ebil:IDInterno>?</ebil:IDInterno>\r
            <!--Optional:-->\r
            <ebil:IdPlan>?</ebil:IdPlan>\r
            <!--Optional:-->\r
            <ebil:InfoAdicional>?</ebil:InfoAdicional>\r
            <!--Optional:-->\r
            <ebil:Moneda>?</ebil:Moneda>\r
            <!--Optional:-->\r
            <ebil:MuestraNota1>?</ebil:MuestraNota1>\r
            <!--Optional:-->\r
            <ebil:NitCliente>?</ebil:NitCliente>\r
            <!--Optional:-->\r
            <ebil:NitEmpresa>?</ebil:NitEmpresa>\r
            <!--Optional:-->\r
            <ebil:NombreCliente>?</ebil:NombreCliente>\r
            <!--Optional:-->\r
            <ebil:NombrePlan>?</ebil:NombrePlan>\r
            <!--Optional:-->\r
            <ebil:NotificaSMS>?</ebil:NotificaSMS>\r
            <!--Optional:-->\r
            <ebil:NumAprobacionRes>?</ebil:NumAprobacionRes>\r
            <!--Optional:-->\r
            <ebil:NumFactura>?</ebil:NumFactura>\r
            <!--Optional:-->\r
            <ebil:NumeroEnvio>?</ebil:NumeroEnvio>\r
            <!--Optional:-->\r
            <ebil:OrderID>?</ebil:OrderID>\r
            <!--Optional:-->\r
            <ebil:PAI_ISO_3166>?</ebil:PAI_ISO_3166>\r
            <!--Optional:-->\r
            <ebil:PagoAnterior>?</ebil:PagoAnterior>\r
            <!--Optional:-->\r
            <ebil:PorICA>?</ebil:PorICA>\r
            <!--Optional:-->\r
            <ebil:PorIVA>?</ebil:PorIVA>\r
            <!--Optional:-->\r
            <ebil:PorRetencion>?</ebil:PorRetencion>\r
            <!--Optional:-->\r
            <ebil:Prefijo>?</ebil:Prefijo>\r
            <!--Optional:-->\r
            <ebil:Referencia>?</ebil:Referencia>\r
            <!--Optional:-->\r
            <ebil:Referencia1>?</ebil:Referencia1>\r
            <!--Optional:-->\r
            <ebil:ReferenciaEntrega>?</ebil:ReferenciaEntrega>\r
            <!--Optional:-->\r
            <ebil:SaldoAnterior>?</ebil:SaldoAnterior>\r
            <!--Optional:-->\r
            <ebil:SubTotal>?</ebil:SubTotal>\r
            <!--Optional:-->\r
            <ebil:SubTotalSegMon>?</ebil:SubTotalSegMon>\r
            <!--Optional:-->\r
            <ebil:TasaCambio>?</ebil:TasaCambio>\r
            <!--Optional:-->\r
            <ebil:TasaMora>?</ebil:TasaMora>\r
            <!--Optional:-->\r
            <ebil:TelefonoCliente>?</ebil:TelefonoCliente>\r
            <!--Optional:-->\r
            <ebil:TelefonoEntrega>?</ebil:TelefonoEntrega>\r
            <!--Optional:-->\r
            <ebil:TieneAcuerdo>?</ebil:TieneAcuerdo>\r
            <!--Optional:-->\r
            <ebil:TipoContribuyente>?</ebil:TipoContribuyente>\r
            <!--Optional:-->\r
            <ebil:TipoIDCliente>?</ebil:TipoIDCliente>\r
            <!--Optional:-->\r
            <ebil:TipoPersona>?</ebil:TipoPersona>\r
            <!--Optional:-->\r
            <ebil:Total>?</ebil:Total>\r
            <!--Optional:-->\r
            <ebil:TotalIVA>?</ebil:TotalIVA>\r
            <!--Optional:-->\r
            <ebil:TotalIVASegMon>?</ebil:TotalIVASegMon>\r
            <!--Optional:-->\r
            <ebil:TotalRetICA>?</ebil:TotalRetICA>\r
            <!--Optional:-->\r
            <ebil:TotalRetIVA>?</ebil:TotalRetIVA>\r
            <!--Optional:-->\r
            <ebil:TotalRetencion>?</ebil:TotalRetencion>\r
            <!--Optional:-->\r
            <ebil:TotalSegMon>?</ebil:TotalSegMon>\r
            <!--Optional:-->\r
            <ebil:TotalTraslado>?</ebil:TotalTraslado>\r
            <!--Optional:-->\r
            <ebil:ValorHasta1>?</ebil:ValorHasta1>\r
            <!--Optional:-->\r
            <ebil:ValorHasta2>?</ebil:ValorHasta2>\r
            <!--Optional:-->\r
            <ebil:Vendedor>?</ebil:Vendedor>\r
         </tem:FacCab>\r
         <!--Optional:-->\r
         <tem:DetFac>\r
            <!--Zero or more repetitions:-->\r
            <ebil:CFDDetConexion>\r
               <!--Optional:-->\r
               <ebil:Cantidad>?</ebil:Cantidad>\r
               <!--Optional:-->\r
               <ebil:CodigoProducto>?</ebil:CodigoProducto>\r
               <!--Optional:-->\r
               <ebil:Codigos>\r
                  <!--Zero or more repetitions:-->\r
                  <arr:string>?</arr:string>\r
               </ebil:Codigos>\r
               <!--Optional:-->\r
               <ebil:DescripcionConcepto>?</ebil:DescripcionConcepto>\r
               <!--Optional:-->\r
               <ebil:DescripcionProducto>?</ebil:DescripcionProducto>\r
               <!--Optional:-->\r
               <ebil:DescuentoConcepto>?</ebil:DescuentoConcepto>\r
               <!--Optional:-->\r
               <ebil:IVAProducto>?</ebil:IVAProducto>\r
               <!--Optional:-->\r
               <ebil:NotasCon>?</ebil:NotasCon>\r
               <!--Optional:-->\r
               <ebil:PorIVAProducto>?</ebil:PorIVAProducto>\r
               <!--Optional:-->\r
               <ebil:TotalConceptoSegMon>?</ebil:TotalConceptoSegMon>\r
               <!--Optional:-->\r
               <ebil:ValorUnitario>?</ebil:ValorUnitario>\r
            </ebil:CFDDetConexion>\r
         </tem:DetFac>\r
         <!--Optional:-->\r
         <tem:Opciones>\r
            <!--Optional:-->\r
            <ebil:ActualizaProductos>?</ebil:ActualizaProductos>\r
            <!--Optional:-->\r
            <ebil:BuscarXNitXIdInterno>?</ebil:BuscarXNitXIdInterno>\r
            <!--Optional:-->\r
            <ebil:EmisionAutomatica>?</ebil:EmisionAutomatica>\r
            <!--Optional:-->\r
            <ebil:EmisionAutomaticaFXComputador>?</ebil:EmisionAutomaticaFXComputador>\r
            <!--Optional:-->\r
            <ebil:FacturasSinAcuerdo>?</ebil:FacturasSinAcuerdo>\r
            <!--Optional:-->\r
            <ebil:ManejaPlantillasNotificacion>?</ebil:ManejaPlantillasNotificacion>\r
            <!--Optional:-->\r
            <ebil:NoAdjuntarArchivo>?</ebil:NoAdjuntarArchivo>\r
            <!--Optional:-->\r
            <ebil:NoTieneAcuerdosFisicos>?</ebil:NoTieneAcuerdosFisicos>\r
            <!--Optional:-->\r
            <ebil:OrderControl>?</ebil:OrderControl>\r
            <!--Optional:-->\r
            <ebil:TipoCargaDetalle>?</ebil:TipoCargaDetalle>\r
            <!--Optional:-->\r
            <ebil:TipoDocumento>?</ebil:TipoDocumento>\r
            <!--Optional:-->\r
            <ebil:TokenConexion>?</ebil:TokenConexion>\r
            <!--Optional:-->\r
            <ebil:crearVIP>?</ebil:crearVIP>\r
            <!--Optional:-->\r
            <ebil:eBillAdmNumerosFactura>?</ebil:eBillAdmNumerosFactura>\r
         </tem:Opciones>\r
      </tem:CargarFacturasToeBillGenericTAX>\r
   </soapenv:Body>\r
</soapenv:Envelope>]]></con:request><con:wsaConfig mustUnderstand="NONE" version="200508" action="http://tempuri.org/IIntegracion/CargarFacturasToeBillGenericTAX"/></con:call></con:operation><con:operation id="4322eb8f-dd8b-417e-976b-945ca134df4f" isOneWay="false" action="http://tempuri.org/IIntegracion/CargarNotaDesdeFacturaToeBill" name="CargarNotaDesdeFacturaToeBill" bindingOperationName="CargarNotaDesdeFacturaToeBill" type="Request-Response" inputName="" receivesAttachments="false" sendsAttachments="false" anonymous="optional"><con:settings/><con:call id="e9410db9-d7d7-457d-8ac0-a64a7006a2e1" name="Request 1"><con:settings/><con:encoding>UTF-8</con:encoding><con:endpoint>http://testws.facturaenlinea.co/ServiciosFyM/eBill/Integracion.svc</con:endpoint><con:request><![CDATA[<soapenv:Envelope xmlns:soapenv="http://schemas.xmlsoap.org/soap/envelope/" xmlns:tem="http://tempuri.org/" xmlns:ebil="http://schemas.datacontract.org/2004/07/eBillCore">\r
   <soapenv:Header/>\r
   <soapenv:Body>\r
      <tem:CargarNotaDesdeFacturaToeBill>\r
         <!--Optional:-->\r
         <tem:FacCab>\r
            <!--Optional:-->\r
            <ebil:AnoAprobacionRes>?</ebil:AnoAprobacionRes>\r
            <!--Optional:-->\r
            <ebil:Base_Impuesto>?</ebil:Base_Impuesto>\r
            <!--Optional:-->\r
            <ebil:CFD_EST_estado_tramit>?</ebil:CFD_EST_estado_tramit>\r
            <!--Optional:-->\r
            <ebil:CFD_Flete>?</ebil:CFD_Flete>\r
            <!--Optional:-->\r
            <ebil:CFD_OtrosCargos>?</ebil:CFD_OtrosCargos>\r
            <!--Optional:-->\r
            <ebil:CFD_Por_Margen>?</ebil:CFD_Por_Margen>\r
            <!--Optional:-->\r
            <ebil:CFD_ResponseCode>?</ebil:CFD_ResponseCode>\r
            <!--Optional:-->\r
            <ebil:CFD_base_ICA_total>?</ebil:CFD_base_ICA_total>\r
            <!--Optional:-->\r
            <ebil:CFD_base_impo_total_nal>?</ebil:CFD_base_impo_total_nal>\r
            <!--Optional:-->\r
            <ebil:CFD_base_impo_total_reg>?</ebil:CFD_base_impo_total_reg>\r
            <!--Optional:-->\r
            <ebil:CFD_campo_texto_10>?</ebil:CFD_campo_texto_10>\r
            <!--Optional:-->\r
            <ebil:CFD_campo_texto_11>?</ebil:CFD_campo_texto_11>\r
            <!--Optional:-->\r
            <ebil:CFD_campo_texto_12>?</ebil:CFD_campo_texto_12>\r
            <!--Optional:-->\r
            <ebil:CFD_campo_texto_13>?</ebil:CFD_campo_texto_13>\r
            <!--Optional:-->\r
            <ebil:CFD_campo_texto_14>?</ebil:CFD_campo_texto_14>\r
            <!--Optional:-->\r
            <ebil:CFD_campo_texto_15>?</ebil:CFD_campo_texto_15>\r
            <!--Optional:-->\r
            <ebil:CFD_campo_texto_16>?</ebil:CFD_campo_texto_16>\r
            <!--Optional:-->\r
            <ebil:CFD_campo_texto_17>?</ebil:CFD_campo_texto_17>\r
            <!--Optional:-->\r
            <ebil:CFD_campo_texto_18>?</ebil:CFD_campo_texto_18>\r
            <!--Optional:-->\r
            <ebil:CFD_campo_texto_19>?</ebil:CFD_campo_texto_19>\r
            <!--Optional:-->\r
            <ebil:CFD_campo_texto_20>?</ebil:CFD_campo_texto_20>\r
            <!--Optional:-->\r
            <ebil:CFD_campo_texto_21>?</ebil:CFD_campo_texto_21>\r
            <!--Optional:-->\r
            <ebil:CFD_campo_texto_22>?</ebil:CFD_campo_texto_22>\r
            <!--Optional:-->\r
            <ebil:CFD_campo_texto_23>?</ebil:CFD_campo_texto_23>\r
            <!--Optional:-->\r
            <ebil:CFD_campo_texto_24>?</ebil:CFD_campo_texto_24>\r
            <!--Optional:-->\r
            <ebil:CFD_campo_texto_25>?</ebil:CFD_campo_texto_25>\r
            <!--Optional:-->\r
            <ebil:CFD_campo_texto_26>?</ebil:CFD_campo_texto_26>\r
            <!--Optional:-->\r
            <ebil:CFD_campo_texto_27>?</ebil:CFD_campo_texto_27>\r
            <!--Optional:-->\r
            <ebil:CFD_campo_texto_28>?</ebil:CFD_campo_texto_28>\r
            <!--Optional:-->\r
            <ebil:CFD_campo_texto_29>?</ebil:CFD_campo_texto_29>\r
            <!--Optional:-->\r
            <ebil:CFD_campo_texto_30>?</ebil:CFD_campo_texto_30>\r
            <!--Optional:-->\r
            <ebil:CFD_campo_texto_9>?</ebil:CFD_campo_texto_9>\r
            <!--Optional:-->\r
            <ebil:CFD_cantidad_dec_1>?</ebil:CFD_cantidad_dec_1>\r
            <!--Optional:-->\r
            <ebil:CFD_cantidad_dec_10>?</ebil:CFD_cantidad_dec_10>\r
            <!--Optional:-->\r
            <ebil:CFD_cantidad_dec_11>?</ebil:CFD_cantidad_dec_11>\r
            <!--Optional:-->\r
            <ebil:CFD_cantidad_dec_12>?</ebil:CFD_cantidad_dec_12>\r
            <!--Optional:-->\r
            <ebil:CFD_cantidad_dec_13>?</ebil:CFD_cantidad_dec_13>\r
            <!--Optional:-->\r
            <ebil:CFD_cantidad_dec_14>?</ebil:CFD_cantidad_dec_14>\r
            <!--Optional:-->\r
            <ebil:CFD_cantidad_dec_15>?</ebil:CFD_cantidad_dec_15>\r
            <!--Optional:-->\r
            <ebil:CFD_cantidad_dec_16>?</ebil:CFD_cantidad_dec_16>\r
            <!--Optional:-->\r
            <ebil:CFD_cantidad_dec_17>?</ebil:CFD_cantidad_dec_17>\r
            <!--Optional:-->\r
            <ebil:CFD_cantidad_dec_18>?</ebil:CFD_cantidad_dec_18>\r
            <!--Optional:-->\r
            <ebil:CFD_cantidad_dec_19>?</ebil:CFD_cantidad_dec_19>\r
            <!--Optional:-->\r
            <ebil:CFD_cantidad_dec_20>?</ebil:CFD_cantidad_dec_20>\r
            <!--Optional:-->\r
            <ebil:CFD_cantidad_dec_21>?</ebil:CFD_cantidad_dec_21>\r
            <!--Optional:-->\r
            <ebil:CFD_cantidad_dec_22>?</ebil:CFD_cantidad_dec_22>\r
            <!--Optional:-->\r
            <ebil:CFD_cantidad_dec_23>?</ebil:CFD_cantidad_dec_23>\r
            <!--Optional:-->\r
            <ebil:CFD_cantidad_dec_24>?</ebil:CFD_cantidad_dec_24>\r
            <!--Optional:-->\r
            <ebil:CFD_cantidad_dec_25>?</ebil:CFD_cantidad_dec_25>\r
            <!--Optional:-->\r
            <ebil:CFD_cantidad_dec_4>?</ebil:CFD_cantidad_dec_4>\r
            <!--Optional:-->\r
            <ebil:CFD_cantidad_dec_5>?</ebil:CFD_cantidad_dec_5>\r
            <!--Optional:-->\r
            <ebil:CFD_cantidad_dec_6>?</ebil:CFD_cantidad_dec_6>\r
            <!--Optional:-->\r
            <ebil:CFD_cantidad_dec_7>?</ebil:CFD_cantidad_dec_7>\r
            <!--Optional:-->\r
            <ebil:CFD_cantidad_dec_8>?</ebil:CFD_cantidad_dec_8>\r
            <!--Optional:-->\r
            <ebil:CFD_cantidad_dec_9>?</ebil:CFD_cantidad_dec_9>\r
            <!--Optional:-->\r
            <ebil:CFD_deducible>?</ebil:CFD_deducible>\r
            <!--Optional:-->\r
            <ebil:CFD_desconexion_servicio>?</ebil:CFD_desconexion_servicio>\r
            <!--Optional:-->\r
            <ebil:CFD_fecha_desconexion>?</ebil:CFD_fecha_desconexion>\r
            <!--Optional:-->\r
            <ebil:CFD_fecha_tasadeCambio>?</ebil:CFD_fecha_tasadeCambio>\r
            <!--Optional:-->\r
            <ebil:CFD_numero_enlace_doc_ref>?</ebil:CFD_numero_enlace_doc_ref>\r
            <!--Optional:-->\r
            <ebil:CFD_porc_rte_ICA>?</ebil:CFD_porc_rte_ICA>\r
            <!--Optional:-->\r
            <ebil:CFD_porc_rte_fuent>?</ebil:CFD_porc_rte_fuent>\r
            <!--Optional:-->\r
            <ebil:CFD_tasa_mora>?</ebil:CFD_tasa_mora>\r
            <!--Optional:-->\r
            <ebil:CFD_tdi_id_tipo_doc_interno>?</ebil:CFD_tdi_id_tipo_doc_interno>\r
            <!--Optional:-->\r
            <ebil:CFD_total_ICA>?</ebil:CFD_total_ICA>\r
            <!--Optional:-->\r
            <ebil:CFD_total_aduana_exp>?</ebil:CFD_total_aduana_exp>\r
            <!--Optional:-->\r
            <ebil:CFD_total_cargos>?</ebil:CFD_total_cargos>\r
            <!--Optional:-->\r
            <ebil:CFD_total_descuentos>?</ebil:CFD_total_descuentos>\r
            <!--Optional:-->\r
            <ebil:CFD_total_margen>?</ebil:CFD_total_margen>\r
            <!--Optional:-->\r
            <ebil:CFD_total_seguro_exp>?</ebil:CFD_total_seguro_exp>\r
            <!--Optional:-->\r
            <ebil:CLI_numero_cliente>?</ebil:CLI_numero_cliente>\r
            <!--Optional:-->\r
            <ebil:CREETotal>?</ebil:CREETotal>\r
            <!--Optional:-->\r
            <ebil:CampoTexto1>?</ebil:CampoTexto1>\r
            <!--Optional:-->\r
            <ebil:CampoTexto2>?</ebil:CampoTexto2>\r
            <!--Optional:-->\r
            <ebil:CampoTexto3>?</ebil:CampoTexto3>\r
            <!--Optional:-->\r
            <ebil:CampoTexto4>?</ebil:CampoTexto4>\r
            <!--Optional:-->\r
            <ebil:CampoTexto5>?</ebil:CampoTexto5>\r
            <!--Optional:-->\r
            <ebil:CampoTexto6>?</ebil:CampoTexto6>\r
            <!--Optional:-->\r
            <ebil:CampoTexto7>?</ebil:CampoTexto7>\r
            <!--Optional:-->\r
            <ebil:CampoTexto8>?</ebil:CampoTexto8>\r
            <!--Optional:-->\r
            <ebil:Cantidad1>?</ebil:Cantidad1>\r
            <!--Optional:-->\r
            <ebil:Cantidad2>?</ebil:Cantidad2>\r
            <!--Optional:-->\r
            <ebil:Cantidad3>?</ebil:Cantidad3>\r
            <!--Optional:-->\r
            <ebil:CantidadDec1>?</ebil:CantidadDec1>\r
            <!--Optional:-->\r
            <ebil:CantidadDec2>?</ebil:CantidadDec2>\r
            <!--Optional:-->\r
            <ebil:CantidadDec3>?</ebil:CantidadDec3>\r
            <!--Optional:-->\r
            <ebil:CiudadDANE>?</ebil:CiudadDANE>\r
            <!--Optional:-->\r
            <ebil:CodVendedor>?</ebil:CodVendedor>\r
            <!--Optional:-->\r
            <ebil:CodigoPostalCliente>?</ebil:CodigoPostalCliente>\r
            <!--Optional:-->\r
            <ebil:CodigoPostalEnvio>?</ebil:CodigoPostalEnvio>\r
            <!--Optional:-->\r
            <ebil:ComprobanteCon>?</ebil:ComprobanteCon>\r
            <!--Optional:-->\r
            <ebil:Condiciones_Pago>?</ebil:Condiciones_Pago>\r
            <!--Optional:-->\r
            <ebil:ContactoCargo>?</ebil:ContactoCargo>\r
            <!--Optional:-->\r
            <ebil:ContactoCorreo>?</ebil:ContactoCorreo>\r
            <!--Optional:-->\r
            <ebil:ContactoNombre>?</ebil:ContactoNombre>\r
            <!--Optional:-->\r
            <ebil:CorreoCliente>?</ebil:CorreoCliente>\r
            <!--Optional:-->\r
            <ebil:DepartamentoDANE>?</ebil:DepartamentoDANE>\r
            <!--Optional:-->\r
            <ebil:DescripcionPlan>?</ebil:DescripcionPlan>\r
            <!--Optional:-->\r
            <ebil:Descuento>?</ebil:Descuento>\r
            <!--Optional:-->\r
            <ebil:DigitoVerificaCliente>?</ebil:DigitoVerificaCliente>\r
            <!--Optional:-->\r
            <ebil:DireccionCliente>?</ebil:DireccionCliente>\r
            <!--Optional:-->\r
            <ebil:EstiloFactura>?</ebil:EstiloFactura>\r
            <!--Optional:-->\r
            <ebil:FechaExpedicion>?</ebil:FechaExpedicion>\r
            <!--Optional:-->\r
            <ebil:FechaFinalPeriodoFacturado>?</ebil:FechaFinalPeriodoFacturado>\r
            <!--Optional:-->\r
            <ebil:FechaInicialPeriodoFacturado>?</ebil:FechaInicialPeriodoFacturado>\r
            <!--Optional:-->\r
            <ebil:FechaVencimiento>?</ebil:FechaVencimiento>\r
            <!--Optional:-->\r
            <ebil:FormaPago>?</ebil:FormaPago>\r
            <!--Optional:-->\r
            <ebil:IDInterno>?</ebil:IDInterno>\r
            <!--Optional:-->\r
            <ebil:IDUbicacionCliente>?</ebil:IDUbicacionCliente>\r
            <!--Optional:-->\r
            <ebil:IDUbicacionEnvio>?</ebil:IDUbicacionEnvio>\r
            <!--Optional:-->\r
            <ebil:IdPlan>?</ebil:IdPlan>\r
            <!--Optional:-->\r
            <ebil:IdSucursal>?</ebil:IdSucursal>\r
            <!--Optional:-->\r
            <ebil:Incoterm>?</ebil:Incoterm>\r
            <!--Optional:-->\r
            <ebil:InfoAdicional>?</ebil:InfoAdicional>\r
            <!--Optional:-->\r
            <ebil:LugarTerminosEntrega>?</ebil:LugarTerminosEntrega>\r
            <!--Optional:-->\r
            <ebil:MesCausado>?</ebil:MesCausado>\r
            <!--Optional:-->\r
            <ebil:MonedaISO>?</ebil:MonedaISO>\r
            <!--Optional:-->\r
            <ebil:NitCliente>?</ebil:NitCliente>\r
            <!--Optional:-->\r
            <ebil:NitEmpresa>?</ebil:NitEmpresa>\r
            <!--Optional:-->\r
            <ebil:NombreCliente>?</ebil:NombreCliente>\r
            <!--Optional:-->\r
            <ebil:NombrePlan>?</ebil:NombrePlan>\r
            <!--Optional:-->\r
            <ebil:NombreVendedor>?</ebil:NombreVendedor>\r
            <!--Optional:-->\r
            <ebil:NumAprobacionRes>?</ebil:NumAprobacionRes>\r
            <!--Optional:-->\r
            <ebil:NumFactura>?</ebil:NumFactura>\r
            <!--Optional:-->\r
            <ebil:OrderID>?</ebil:OrderID>\r
            <!--Optional:-->\r
            <ebil:PAI_ISO_3166>?</ebil:PAI_ISO_3166>\r
            <!--Optional:-->\r
            <ebil:PagoAnterior>?</ebil:PagoAnterior>\r
            <!--Optional:-->\r
            <ebil:Prefijo>?</ebil:Prefijo>\r
            <!--Optional:-->\r
            <ebil:ReferenciaCliente>?</ebil:ReferenciaCliente>\r
            <!--Optional:-->\r
            <ebil:RetencionCREETotal>?</ebil:RetencionCREETotal>\r
            <!--Optional:-->\r
            <ebil:SMSXDoc>?</ebil:SMSXDoc>\r
            <!--Optional:-->\r
            <ebil:SaldoAnterior>?</ebil:SaldoAnterior>\r
            <!--Optional:-->\r
            <ebil:SubTotal>?</ebil:SubTotal>\r
            <!--Optional:-->\r
            <ebil:SubTotalSegunMon>?</ebil:SubTotalSegunMon>\r
            <!--Optional:-->\r
            <ebil:Sucursal>?</ebil:Sucursal>\r
            <!--Optional:-->\r
            <ebil:TIP_id_tipo_persona>?</ebil:TIP_id_tipo_persona>\r
            <!--Optional:-->\r
            <ebil:TasaCambio>?</ebil:TasaCambio>\r
            <!--Optional:-->\r
            <ebil:TelefonoCliente>?</ebil:TelefonoCliente>\r
            <!--Optional:-->\r
            <ebil:Texto3>?</ebil:Texto3>\r
            <!--Optional:-->\r
            <ebil:TieneAcuerdo>?</ebil:TieneAcuerdo>\r
            <!--Optional:-->\r
            <ebil:TipoComprobante>?</ebil:TipoComprobante>\r
            <!--Optional:-->\r
            <ebil:TipoContribuyente>?</ebil:TipoContribuyente>\r
            <!--Optional:-->\r
            <ebil:TipoIDCliente>?</ebil:TipoIDCliente>\r
            <!--Optional:-->\r
            <ebil:Total>?</ebil:Total>\r
            <!--Optional:-->\r
            <ebil:TotalIVA>?</ebil:TotalIVA>\r
            <!--Optional:-->\r
            <ebil:TotalIVASegunMon>?</ebil:TotalIVASegunMon>\r
            <!--Optional:-->\r
            <ebil:TotalRetICA>?</ebil:TotalRetICA>\r
            <!--Optional:-->\r
            <ebil:TotalRetIVA>?</ebil:TotalRetIVA>\r
            <!--Optional:-->\r
            <ebil:TotalRetencion>?</ebil:TotalRetencion>\r
            <!--Optional:-->\r
            <ebil:TotalSegunMon>?</ebil:TotalSegunMon>\r
            <!--Optional:-->\r
            <ebil:TotalTraslado>?</ebil:TotalTraslado>\r
            <!--Optional:-->\r
            <ebil:Total_a_Pagar>?</ebil:Total_a_Pagar>\r
            <!--Optional:-->\r
            <ebil:ValorHasta1>?</ebil:ValorHasta1>\r
            <!--Optional:-->\r
            <ebil:ValorHasta2>?</ebil:ValorHasta2>\r
            <!--Optional:-->\r
            <ebil:ValorHasta3>?</ebil:ValorHasta3>\r
            <!--Optional:-->\r
            <ebil:ValorHasta4>?</ebil:ValorHasta4>\r
            <!--Optional:-->\r
            <ebil:cfd_activa_nota1>?</ebil:cfd_activa_nota1>\r
            <!--Optional:-->\r
            <ebil:ciudad_envio>?</ebil:ciudad_envio>\r
            <!--Optional:-->\r
            <ebil:code1>?</ebil:code1>\r
            <!--Optional:-->\r
            <ebil:code2>?</ebil:code2>\r
            <!--Optional:-->\r
            <ebil:code3>?</ebil:code3>\r
            <!--Optional:-->\r
            <ebil:curso>?</ebil:curso>\r
            <!--Optional:-->\r
            <ebil:departamento_envio>?</ebil:departamento_envio>\r
            <!--Optional:-->\r
            <ebil:direccion_envio>?</ebil:direccion_envio>\r
            <!--Optional:-->\r
            <ebil:numero_envio>?</ebil:numero_envio>\r
            <!--Optional:-->\r
            <ebil:orden_venta>?</ebil:orden_venta>\r
            <!--Optional:-->\r
            <ebil:pague_hasta1>?</ebil:pague_hasta1>\r
            <!--Optional:-->\r
            <ebil:pague_hasta2>?</ebil:pague_hasta2>\r
            <!--Optional:-->\r
            <ebil:pague_hasta3>?</ebil:pague_hasta3>\r
            <!--Optional:-->\r
            <ebil:referencia>?</ebil:referencia>\r
            <!--Optional:-->\r
            <ebil:referencia1>?</ebil:referencia1>\r
            <!--Optional:-->\r
            <ebil:referencia_envio>?</ebil:referencia_envio>\r
            <!--Optional:-->\r
            <ebil:telefono_envio>?</ebil:telefono_envio>\r
         </tem:FacCab>\r
         <!--Optional:-->\r
         <tem:Opciones>\r
            <!--Optional:-->\r
            <ebil:ActualizaProductos>?</ebil:ActualizaProductos>\r
            <!--Optional:-->\r
            <ebil:CalculaReteCree>?</ebil:CalculaReteCree>\r
            <!--Optional:-->\r
            <ebil:CalculaReteFuente>?</ebil:CalculaReteFuente>\r
            <!--Optional:-->\r
            <ebil:CalculaReteICA>?</ebil:CalculaReteICA>\r
            <!--Optional:-->\r
            <ebil:CalculaReteIVA>?</ebil:CalculaReteIVA>\r
            <!--Optional:-->\r
            <ebil:EmisionAutomatica>?</ebil:EmisionAutomatica>\r
            <!--Optional:-->\r
            <ebil:FacturasSinAcuerdo>?</ebil:FacturasSinAcuerdo>\r
            <!--Optional:-->\r
            <ebil:ModeloXAceptacion>?</ebil:ModeloXAceptacion>\r
            <!--Optional:-->\r
            <ebil:NotasRelacionadas>?</ebil:NotasRelacionadas>\r
            <!--Optional:-->\r
            <ebil:OrderControl>?</ebil:OrderControl>\r
            <!--Optional:-->\r
            <ebil:TieneAcuerdosFisicos>?</ebil:TieneAcuerdosFisicos>\r
            <!--Optional:-->\r
            <ebil:TokenConexion>?</ebil:TokenConexion>\r
            <!--Optional:-->\r
            <ebil:eBillAdmNumerosFactura>?</ebil:eBillAdmNumerosFactura>\r
         </tem:Opciones>\r
      </tem:CargarNotaDesdeFacturaToeBill>\r
   </soapenv:Body>\r
</soapenv:Envelope>]]></con:request><con:wsaConfig mustUnderstand="NONE" version="200508" action="http://tempuri.org/IIntegracion/CargarNotaDesdeFacturaToeBill"/></con:call></con:operation><con:operation id="5e936457-8719-48f3-b124-31d64e92a391" isOneWay="false" action="http://tempuri.org/IIntegracion/CargarNotasToeBillGeneric" name="CargarNotasToeBillGeneric" bindingOperationName="CargarNotasToeBillGeneric" type="Request-Response" inputName="" receivesAttachments="false" sendsAttachments="false" anonymous="optional"><con:settings/><con:call id="aa0b86e3-604a-48c7-9d21-4a627d0bbe33" name="Request 1"><con:settings/><con:encoding>UTF-8</con:encoding><con:endpoint>http://testws.facturaenlinea.co/ServiciosFyM/eBill/Integracion.svc</con:endpoint><con:request><![CDATA[<soapenv:Envelope xmlns:soapenv="http://schemas.xmlsoap.org/soap/envelope/" xmlns:tem="http://tempuri.org/" xmlns:ebil="http://schemas.datacontract.org/2004/07/eBillCore" xmlns:arr="http://schemas.microsoft.com/2003/10/Serialization/Arrays">\r
   <soapenv:Header/>\r
   <soapenv:Body>\r
      <tem:CargarNotasToeBillGeneric>\r
         <!--Optional:-->\r
         <tem:NotCab>\r
            <!--Optional:-->\r
            <ebil:CFD_ResponseCode>?</ebil:CFD_ResponseCode>\r
            <!--Optional:-->\r
            <ebil:FechaExpedicion>?</ebil:FechaExpedicion>\r
            <!--Optional:-->\r
            <ebil:FechaVencimiento>?</ebil:FechaVencimiento>\r
            <!--Optional:-->\r
            <ebil:NitEmpresa>?</ebil:NitEmpresa>\r
            <!--Optional:-->\r
            <ebil:NumNota>?</ebil:NumNota>\r
            <!--Optional:-->\r
            <ebil:PreRefID>?</ebil:PreRefID>\r
            <!--Optional:-->\r
            <ebil:Prefijo>?</ebil:Prefijo>\r
            <!--Optional:-->\r
            <ebil:RefID>?</ebil:RefID>\r
         </tem:NotCab>\r
         <!--Optional:-->\r
         <tem:DetNot>\r
            <!--Zero or more repetitions:-->\r
            <ebil:NCFDDetConexion>\r
               <!--Optional:-->\r
               <ebil:CON_notas_con>?</ebil:CON_notas_con>\r
               <!--Optional:-->\r
               <ebil:Cantidad>?</ebil:Cantidad>\r
               <!--Optional:-->\r
               <ebil:CodigoProducto>?</ebil:CodigoProducto>\r
               <!--Optional:-->\r
               <ebil:Codigos>\r
                  <!--Zero or more repetitions:-->\r
                  <arr:string>?</arr:string>\r
               </ebil:Codigos>\r
               <!--Optional:-->\r
               <ebil:TotalConceptoSegMon>?</ebil:TotalConceptoSegMon>\r
               <!--Optional:-->\r
               <ebil:ValorDescuento>?</ebil:ValorDescuento>\r
            </ebil:NCFDDetConexion>\r
         </tem:DetNot>\r
         <!--Optional:-->\r
         <tem:Opciones>\r
            <!--Optional:-->\r
            <ebil:ActualizaProductos>?</ebil:ActualizaProductos>\r
            <!--Optional:-->\r
            <ebil:BuscarXNitXIdInterno>?</ebil:BuscarXNitXIdInterno>\r
            <!--Optional:-->\r
            <ebil:EmisionAutomatica>?</ebil:EmisionAutomatica>\r
            <!--Optional:-->\r
            <ebil:EmisionAutomaticaFXComputador>?</ebil:EmisionAutomaticaFXComputador>\r
            <!--Optional:-->\r
            <ebil:FacturasSinAcuerdo>?</ebil:FacturasSinAcuerdo>\r
            <!--Optional:-->\r
            <ebil:ManejaPlantillasNotificacion>?</ebil:ManejaPlantillasNotificacion>\r
            <!--Optional:-->\r
            <ebil:NoAdjuntarArchivo>?</ebil:NoAdjuntarArchivo>\r
            <!--Optional:-->\r
            <ebil:NoTieneAcuerdosFisicos>?</ebil:NoTieneAcuerdosFisicos>\r
            <!--Optional:-->\r
            <ebil:OrderControl>?</ebil:OrderControl>\r
            <!--Optional:-->\r
            <ebil:TipoCargaDetalle>?</ebil:TipoCargaDetalle>\r
            <!--Optional:-->\r
            <ebil:TipoDocumento>?</ebil:TipoDocumento>\r
            <!--Optional:-->\r
            <ebil:TokenConexion>?</ebil:TokenConexion>\r
            <!--Optional:-->\r
            <ebil:crearVIP>?</ebil:crearVIP>\r
            <!--Optional:-->\r
            <ebil:eBillAdmNumerosFactura>?</ebil:eBillAdmNumerosFactura>\r
         </tem:Opciones>\r
      </tem:CargarNotasToeBillGeneric>\r
   </soapenv:Body>\r
</soapenv:Envelope>]]></con:request><con:wsaConfig mustUnderstand="NONE" version="200508" action="http://tempuri.org/IIntegracion/CargarNotasToeBillGeneric"/></con:call></con:operation><con:operation id="45f7b16d-afdb-4075-9a4c-e045421ec847" isOneWay="false" action="http://tempuri.org/IIntegracion/CargarNotasToeBillGenericTAX" name="CargarNotasToeBillGenericTAX" bindingOperationName="CargarNotasToeBillGenericTAX" type="Request-Response" inputName="" receivesAttachments="false" sendsAttachments="false" anonymous="optional"><con:settings/><con:call id="aad2310d-459a-430d-b280-f3d18414499d" name="Request 1"><con:settings/><con:encoding>UTF-8</con:encoding><con:endpoint>http://testws.facturaenlinea.co/ServiciosFyM/eBill/Integracion.svc</con:endpoint><con:request><![CDATA[<soapenv:Envelope xmlns:soapenv="http://schemas.xmlsoap.org/soap/envelope/" xmlns:tem="http://tempuri.org/" xmlns:ebil="http://schemas.datacontract.org/2004/07/eBillCore" xmlns:arr="http://schemas.microsoft.com/2003/10/Serialization/Arrays">\r
   <soapenv:Header/>\r
   <soapenv:Body>\r
      <tem:CargarNotasToeBillGenericTAX>\r
         <!--Optional:-->\r
         <tem:NotCab>\r
            <!--Optional:-->\r
            <ebil:CFD_ResponseCode>?</ebil:CFD_ResponseCode>\r
            <!--Optional:-->\r
            <ebil:FechaExpedicion>?</ebil:FechaExpedicion>\r
            <!--Optional:-->\r
            <ebil:FechaVencimiento>?</ebil:FechaVencimiento>\r
            <!--Optional:-->\r
            <ebil:NitEmpresa>?</ebil:NitEmpresa>\r
            <!--Optional:-->\r
            <ebil:NumNota>?</ebil:NumNota>\r
            <!--Optional:-->\r
            <ebil:PreRefID>?</ebil:PreRefID>\r
            <!--Optional:-->\r
            <ebil:Prefijo>?</ebil:Prefijo>\r
            <!--Optional:-->\r
            <ebil:RefID>?</ebil:RefID>\r
         </tem:NotCab>\r
         <!--Optional:-->\r
         <tem:DetNot>\r
            <!--Zero or more repetitions:-->\r
            <ebil:NCFDDetConexion>\r
               <!--Optional:-->\r
               <ebil:CON_notas_con>?</ebil:CON_notas_con>\r
               <!--Optional:-->\r
               <ebil:Cantidad>?</ebil:Cantidad>\r
               <!--Optional:-->\r
               <ebil:CodigoProducto>?</ebil:CodigoProducto>\r
               <!--Optional:-->\r
               <ebil:Codigos>\r
                  <!--Zero or more repetitions:-->\r
                  <arr:string>?</arr:string>\r
               </ebil:Codigos>\r
               <!--Optional:-->\r
               <ebil:TotalConceptoSegMon>?</ebil:TotalConceptoSegMon>\r
               <!--Optional:-->\r
               <ebil:ValorDescuento>?</ebil:ValorDescuento>\r
            </ebil:NCFDDetConexion>\r
         </tem:DetNot>\r
         <!--Optional:-->\r
         <tem:Opciones>\r
            <!--Optional:-->\r
            <ebil:ActualizaProductos>?</ebil:ActualizaProductos>\r
            <!--Optional:-->\r
            <ebil:BuscarXNitXIdInterno>?</ebil:BuscarXNitXIdInterno>\r
            <!--Optional:-->\r
            <ebil:EmisionAutomatica>?</ebil:EmisionAutomatica>\r
            <!--Optional:-->\r
            <ebil:EmisionAutomaticaFXComputador>?</ebil:EmisionAutomaticaFXComputador>\r
            <!--Optional:-->\r
            <ebil:FacturasSinAcuerdo>?</ebil:FacturasSinAcuerdo>\r
            <!--Optional:-->\r
            <ebil:ManejaPlantillasNotificacion>?</ebil:ManejaPlantillasNotificacion>\r
            <!--Optional:-->\r
            <ebil:NoAdjuntarArchivo>?</ebil:NoAdjuntarArchivo>\r
            <!--Optional:-->\r
            <ebil:NoTieneAcuerdosFisicos>?</ebil:NoTieneAcuerdosFisicos>\r
            <!--Optional:-->\r
            <ebil:OrderControl>?</ebil:OrderControl>\r
            <!--Optional:-->\r
            <ebil:TipoCargaDetalle>?</ebil:TipoCargaDetalle>\r
            <!--Optional:-->\r
            <ebil:TipoDocumento>?</ebil:TipoDocumento>\r
            <!--Optional:-->\r
            <ebil:TokenConexion>?</ebil:TokenConexion>\r
            <!--Optional:-->\r
            <ebil:crearVIP>?</ebil:crearVIP>\r
            <!--Optional:-->\r
            <ebil:eBillAdmNumerosFactura>?</ebil:eBillAdmNumerosFactura>\r
         </tem:Opciones>\r
      </tem:CargarNotasToeBillGenericTAX>\r
   </soapenv:Body>\r
</soapenv:Envelope>]]></con:request><con:wsaConfig mustUnderstand="NONE" version="200508" action="http://tempuri.org/IIntegracion/CargarNotasToeBillGenericTAX"/></con:call></con:operation><con:operation id="1803af9c-1e08-4d22-8acf-5d0ab7bc85ea" isOneWay="false" action="http://tempuri.org/IIntegracion/CargarPDFDocumentoElectronico" name="CargarPDFDocumentoElectronico" bindingOperationName="CargarPDFDocumentoElectronico" type="Request-Response" inputName="" receivesAttachments="false" sendsAttachments="false" anonymous="optional"><con:settings/><con:call id="8fc03995-da95-48f8-91cf-6dd0078e171b" name="Request 1"><con:settings/><con:encoding>UTF-8</con:encoding><con:endpoint>http://testws.facturaenlinea.co/ServiciosFyM/eBill/Integracion.svc</con:endpoint><con:request><![CDATA[<soapenv:Envelope xmlns:soapenv="http://schemas.xmlsoap.org/soap/envelope/" xmlns:tem="http://tempuri.org/" xmlns:ebil="http://schemas.datacontract.org/2004/07/eBillCore">\r
   <soapenv:Header/>\r
   <soapenv:Body>\r
      <tem:CargarPDFDocumentoElectronico>\r
         <!--Optional:-->\r
         <tem:PDFFac>cid:1123646059749</tem:PDFFac>\r
         <!--Optional:-->\r
         <tem:FacCab>\r
            <!--Optional:-->\r
            <ebil:AnoAprobacionRes>?</ebil:AnoAprobacionRes>\r
            <!--Optional:-->\r
            <ebil:Base_Impuesto>?</ebil:Base_Impuesto>\r
            <!--Optional:-->\r
            <ebil:CFD_EST_estado_tramit>?</ebil:CFD_EST_estado_tramit>\r
            <!--Optional:-->\r
            <ebil:CFD_Flete>?</ebil:CFD_Flete>\r
            <!--Optional:-->\r
            <ebil:CFD_OtrosCargos>?</ebil:CFD_OtrosCargos>\r
            <!--Optional:-->\r
            <ebil:CFD_Por_Margen>?</ebil:CFD_Por_Margen>\r
            <!--Optional:-->\r
            <ebil:CFD_ResponseCode>?</ebil:CFD_ResponseCode>\r
            <!--Optional:-->\r
            <ebil:CFD_base_ICA_total>?</ebil:CFD_base_ICA_total>\r
            <!--Optional:-->\r
            <ebil:CFD_base_impo_total_nal>?</ebil:CFD_base_impo_total_nal>\r
            <!--Optional:-->\r
            <ebil:CFD_base_impo_total_reg>?</ebil:CFD_base_impo_total_reg>\r
            <!--Optional:-->\r
            <ebil:CFD_campo_texto_10>?</ebil:CFD_campo_texto_10>\r
            <!--Optional:-->\r
            <ebil:CFD_campo_texto_11>?</ebil:CFD_campo_texto_11>\r
            <!--Optional:-->\r
            <ebil:CFD_campo_texto_12>?</ebil:CFD_campo_texto_12>\r
            <!--Optional:-->\r
            <ebil:CFD_campo_texto_13>?</ebil:CFD_campo_texto_13>\r
            <!--Optional:-->\r
            <ebil:CFD_campo_texto_14>?</ebil:CFD_campo_texto_14>\r
            <!--Optional:-->\r
            <ebil:CFD_campo_texto_15>?</ebil:CFD_campo_texto_15>\r
            <!--Optional:-->\r
            <ebil:CFD_campo_texto_16>?</ebil:CFD_campo_texto_16>\r
            <!--Optional:-->\r
            <ebil:CFD_campo_texto_17>?</ebil:CFD_campo_texto_17>\r
            <!--Optional:-->\r
            <ebil:CFD_campo_texto_18>?</ebil:CFD_campo_texto_18>\r
            <!--Optional:-->\r
            <ebil:CFD_campo_texto_19>?</ebil:CFD_campo_texto_19>\r
            <!--Optional:-->\r
            <ebil:CFD_campo_texto_20>?</ebil:CFD_campo_texto_20>\r
            <!--Optional:-->\r
            <ebil:CFD_campo_texto_21>?</ebil:CFD_campo_texto_21>\r
            <!--Optional:-->\r
            <ebil:CFD_campo_texto_22>?</ebil:CFD_campo_texto_22>\r
            <!--Optional:-->\r
            <ebil:CFD_campo_texto_23>?</ebil:CFD_campo_texto_23>\r
            <!--Optional:-->\r
            <ebil:CFD_campo_texto_24>?</ebil:CFD_campo_texto_24>\r
            <!--Optional:-->\r
            <ebil:CFD_campo_texto_25>?</ebil:CFD_campo_texto_25>\r
            <!--Optional:-->\r
            <ebil:CFD_campo_texto_26>?</ebil:CFD_campo_texto_26>\r
            <!--Optional:-->\r
            <ebil:CFD_campo_texto_27>?</ebil:CFD_campo_texto_27>\r
            <!--Optional:-->\r
            <ebil:CFD_campo_texto_28>?</ebil:CFD_campo_texto_28>\r
            <!--Optional:-->\r
            <ebil:CFD_campo_texto_29>?</ebil:CFD_campo_texto_29>\r
            <!--Optional:-->\r
            <ebil:CFD_campo_texto_30>?</ebil:CFD_campo_texto_30>\r
            <!--Optional:-->\r
            <ebil:CFD_campo_texto_9>?</ebil:CFD_campo_texto_9>\r
            <!--Optional:-->\r
            <ebil:CFD_cantidad_dec_1>?</ebil:CFD_cantidad_dec_1>\r
            <!--Optional:-->\r
            <ebil:CFD_cantidad_dec_10>?</ebil:CFD_cantidad_dec_10>\r
            <!--Optional:-->\r
            <ebil:CFD_cantidad_dec_11>?</ebil:CFD_cantidad_dec_11>\r
            <!--Optional:-->\r
            <ebil:CFD_cantidad_dec_12>?</ebil:CFD_cantidad_dec_12>\r
            <!--Optional:-->\r
            <ebil:CFD_cantidad_dec_13>?</ebil:CFD_cantidad_dec_13>\r
            <!--Optional:-->\r
            <ebil:CFD_cantidad_dec_14>?</ebil:CFD_cantidad_dec_14>\r
            <!--Optional:-->\r
            <ebil:CFD_cantidad_dec_15>?</ebil:CFD_cantidad_dec_15>\r
            <!--Optional:-->\r
            <ebil:CFD_cantidad_dec_16>?</ebil:CFD_cantidad_dec_16>\r
            <!--Optional:-->\r
            <ebil:CFD_cantidad_dec_17>?</ebil:CFD_cantidad_dec_17>\r
            <!--Optional:-->\r
            <ebil:CFD_cantidad_dec_18>?</ebil:CFD_cantidad_dec_18>\r
            <!--Optional:-->\r
            <ebil:CFD_cantidad_dec_19>?</ebil:CFD_cantidad_dec_19>\r
            <!--Optional:-->\r
            <ebil:CFD_cantidad_dec_20>?</ebil:CFD_cantidad_dec_20>\r
            <!--Optional:-->\r
            <ebil:CFD_cantidad_dec_21>?</ebil:CFD_cantidad_dec_21>\r
            <!--Optional:-->\r
            <ebil:CFD_cantidad_dec_22>?</ebil:CFD_cantidad_dec_22>\r
            <!--Optional:-->\r
            <ebil:CFD_cantidad_dec_23>?</ebil:CFD_cantidad_dec_23>\r
            <!--Optional:-->\r
            <ebil:CFD_cantidad_dec_24>?</ebil:CFD_cantidad_dec_24>\r
            <!--Optional:-->\r
            <ebil:CFD_cantidad_dec_25>?</ebil:CFD_cantidad_dec_25>\r
            <!--Optional:-->\r
            <ebil:CFD_cantidad_dec_4>?</ebil:CFD_cantidad_dec_4>\r
            <!--Optional:-->\r
            <ebil:CFD_cantidad_dec_5>?</ebil:CFD_cantidad_dec_5>\r
            <!--Optional:-->\r
            <ebil:CFD_cantidad_dec_6>?</ebil:CFD_cantidad_dec_6>\r
            <!--Optional:-->\r
            <ebil:CFD_cantidad_dec_7>?</ebil:CFD_cantidad_dec_7>\r
            <!--Optional:-->\r
            <ebil:CFD_cantidad_dec_8>?</ebil:CFD_cantidad_dec_8>\r
            <!--Optional:-->\r
            <ebil:CFD_cantidad_dec_9>?</ebil:CFD_cantidad_dec_9>\r
            <!--Optional:-->\r
            <ebil:CFD_deducible>?</ebil:CFD_deducible>\r
            <!--Optional:-->\r
            <ebil:CFD_desconexion_servicio>?</ebil:CFD_desconexion_servicio>\r
            <!--Optional:-->\r
            <ebil:CFD_fecha_desconexion>?</ebil:CFD_fecha_desconexion>\r
            <!--Optional:-->\r
            <ebil:CFD_fecha_tasadeCambio>?</ebil:CFD_fecha_tasadeCambio>\r
            <!--Optional:-->\r
            <ebil:CFD_numero_enlace_doc_ref>?</ebil:CFD_numero_enlace_doc_ref>\r
            <!--Optional:-->\r
            <ebil:CFD_porc_rte_ICA>?</ebil:CFD_porc_rte_ICA>\r
            <!--Optional:-->\r
            <ebil:CFD_porc_rte_fuent>?</ebil:CFD_porc_rte_fuent>\r
            <!--Optional:-->\r
            <ebil:CFD_tasa_mora>?</ebil:CFD_tasa_mora>\r
            <!--Optional:-->\r
            <ebil:CFD_tdi_id_tipo_doc_interno>?</ebil:CFD_tdi_id_tipo_doc_interno>\r
            <!--Optional:-->\r
            <ebil:CFD_total_ICA>?</ebil:CFD_total_ICA>\r
            <!--Optional:-->\r
            <ebil:CFD_total_aduana_exp>?</ebil:CFD_total_aduana_exp>\r
            <!--Optional:-->\r
            <ebil:CFD_total_cargos>?</ebil:CFD_total_cargos>\r
            <!--Optional:-->\r
            <ebil:CFD_total_descuentos>?</ebil:CFD_total_descuentos>\r
            <!--Optional:-->\r
            <ebil:CFD_total_margen>?</ebil:CFD_total_margen>\r
            <!--Optional:-->\r
            <ebil:CFD_total_seguro_exp>?</ebil:CFD_total_seguro_exp>\r
            <!--Optional:-->\r
            <ebil:CLI_numero_cliente>?</ebil:CLI_numero_cliente>\r
            <!--Optional:-->\r
            <ebil:CREETotal>?</ebil:CREETotal>\r
            <!--Optional:-->\r
            <ebil:CampoTexto1>?</ebil:CampoTexto1>\r
            <!--Optional:-->\r
            <ebil:CampoTexto2>?</ebil:CampoTexto2>\r
            <!--Optional:-->\r
            <ebil:CampoTexto3>?</ebil:CampoTexto3>\r
            <!--Optional:-->\r
            <ebil:CampoTexto4>?</ebil:CampoTexto4>\r
            <!--Optional:-->\r
            <ebil:CampoTexto5>?</ebil:CampoTexto5>\r
            <!--Optional:-->\r
            <ebil:CampoTexto6>?</ebil:CampoTexto6>\r
            <!--Optional:-->\r
            <ebil:CampoTexto7>?</ebil:CampoTexto7>\r
            <!--Optional:-->\r
            <ebil:CampoTexto8>?</ebil:CampoTexto8>\r
            <!--Optional:-->\r
            <ebil:Cantidad1>?</ebil:Cantidad1>\r
            <!--Optional:-->\r
            <ebil:Cantidad2>?</ebil:Cantidad2>\r
            <!--Optional:-->\r
            <ebil:Cantidad3>?</ebil:Cantidad3>\r
            <!--Optional:-->\r
            <ebil:CantidadDec1>?</ebil:CantidadDec1>\r
            <!--Optional:-->\r
            <ebil:CantidadDec2>?</ebil:CantidadDec2>\r
            <!--Optional:-->\r
            <ebil:CantidadDec3>?</ebil:CantidadDec3>\r
            <!--Optional:-->\r
            <ebil:CiudadDANE>?</ebil:CiudadDANE>\r
            <!--Optional:-->\r
            <ebil:CodVendedor>?</ebil:CodVendedor>\r
            <!--Optional:-->\r
            <ebil:CodigoPostalCliente>?</ebil:CodigoPostalCliente>\r
            <!--Optional:-->\r
            <ebil:CodigoPostalEnvio>?</ebil:CodigoPostalEnvio>\r
            <!--Optional:-->\r
            <ebil:ComprobanteCon>?</ebil:ComprobanteCon>\r
            <!--Optional:-->\r
            <ebil:Condiciones_Pago>?</ebil:Condiciones_Pago>\r
            <!--Optional:-->\r
            <ebil:ContactoCargo>?</ebil:ContactoCargo>\r
            <!--Optional:-->\r
            <ebil:ContactoCorreo>?</ebil:ContactoCorreo>\r
            <!--Optional:-->\r
            <ebil:ContactoNombre>?</ebil:ContactoNombre>\r
            <!--Optional:-->\r
            <ebil:CorreoCliente>?</ebil:CorreoCliente>\r
            <!--Optional:-->\r
            <ebil:DepartamentoDANE>?</ebil:DepartamentoDANE>\r
            <!--Optional:-->\r
            <ebil:DescripcionPlan>?</ebil:DescripcionPlan>\r
            <!--Optional:-->\r
            <ebil:Descuento>?</ebil:Descuento>\r
            <!--Optional:-->\r
            <ebil:DigitoVerificaCliente>?</ebil:DigitoVerificaCliente>\r
            <!--Optional:-->\r
            <ebil:DireccionCliente>?</ebil:DireccionCliente>\r
            <!--Optional:-->\r
            <ebil:EstiloFactura>?</ebil:EstiloFactura>\r
            <!--Optional:-->\r
            <ebil:FechaExpedicion>?</ebil:FechaExpedicion>\r
            <!--Optional:-->\r
            <ebil:FechaFinalPeriodoFacturado>?</ebil:FechaFinalPeriodoFacturado>\r
            <!--Optional:-->\r
            <ebil:FechaInicialPeriodoFacturado>?</ebil:FechaInicialPeriodoFacturado>\r
            <!--Optional:-->\r
            <ebil:FechaVencimiento>?</ebil:FechaVencimiento>\r
            <!--Optional:-->\r
            <ebil:FormaPago>?</ebil:FormaPago>\r
            <!--Optional:-->\r
            <ebil:IDInterno>?</ebil:IDInterno>\r
            <!--Optional:-->\r
            <ebil:IDUbicacionCliente>?</ebil:IDUbicacionCliente>\r
            <!--Optional:-->\r
            <ebil:IDUbicacionEnvio>?</ebil:IDUbicacionEnvio>\r
            <!--Optional:-->\r
            <ebil:IdPlan>?</ebil:IdPlan>\r
            <!--Optional:-->\r
            <ebil:IdSucursal>?</ebil:IdSucursal>\r
            <!--Optional:-->\r
            <ebil:Incoterm>?</ebil:Incoterm>\r
            <!--Optional:-->\r
            <ebil:InfoAdicional>?</ebil:InfoAdicional>\r
            <!--Optional:-->\r
            <ebil:LugarTerminosEntrega>?</ebil:LugarTerminosEntrega>\r
            <!--Optional:-->\r
            <ebil:MesCausado>?</ebil:MesCausado>\r
            <!--Optional:-->\r
            <ebil:MonedaISO>?</ebil:MonedaISO>\r
            <!--Optional:-->\r
            <ebil:NitCliente>?</ebil:NitCliente>\r
            <!--Optional:-->\r
            <ebil:NitEmpresa>?</ebil:NitEmpresa>\r
            <!--Optional:-->\r
            <ebil:NombreCliente>?</ebil:NombreCliente>\r
            <!--Optional:-->\r
            <ebil:NombrePlan>?</ebil:NombrePlan>\r
            <!--Optional:-->\r
            <ebil:NombreVendedor>?</ebil:NombreVendedor>\r
            <!--Optional:-->\r
            <ebil:NumAprobacionRes>?</ebil:NumAprobacionRes>\r
            <!--Optional:-->\r
            <ebil:NumFactura>?</ebil:NumFactura>\r
            <!--Optional:-->\r
            <ebil:OrderID>?</ebil:OrderID>\r
            <!--Optional:-->\r
            <ebil:PAI_ISO_3166>?</ebil:PAI_ISO_3166>\r
            <!--Optional:-->\r
            <ebil:PagoAnterior>?</ebil:PagoAnterior>\r
            <!--Optional:-->\r
            <ebil:Prefijo>?</ebil:Prefijo>\r
            <!--Optional:-->\r
            <ebil:ReferenciaCliente>?</ebil:ReferenciaCliente>\r
            <!--Optional:-->\r
            <ebil:RetencionCREETotal>?</ebil:RetencionCREETotal>\r
            <!--Optional:-->\r
            <ebil:SMSXDoc>?</ebil:SMSXDoc>\r
            <!--Optional:-->\r
            <ebil:SaldoAnterior>?</ebil:SaldoAnterior>\r
            <!--Optional:-->\r
            <ebil:SubTotal>?</ebil:SubTotal>\r
            <!--Optional:-->\r
            <ebil:SubTotalSegunMon>?</ebil:SubTotalSegunMon>\r
            <!--Optional:-->\r
            <ebil:Sucursal>?</ebil:Sucursal>\r
            <!--Optional:-->\r
            <ebil:TIP_id_tipo_persona>?</ebil:TIP_id_tipo_persona>\r
            <!--Optional:-->\r
            <ebil:TasaCambio>?</ebil:TasaCambio>\r
            <!--Optional:-->\r
            <ebil:TelefonoCliente>?</ebil:TelefonoCliente>\r
            <!--Optional:-->\r
            <ebil:Texto3>?</ebil:Texto3>\r
            <!--Optional:-->\r
            <ebil:TieneAcuerdo>?</ebil:TieneAcuerdo>\r
            <!--Optional:-->\r
            <ebil:TipoComprobante>?</ebil:TipoComprobante>\r
            <!--Optional:-->\r
            <ebil:TipoContribuyente>?</ebil:TipoContribuyente>\r
            <!--Optional:-->\r
            <ebil:TipoIDCliente>?</ebil:TipoIDCliente>\r
            <!--Optional:-->\r
            <ebil:Total>?</ebil:Total>\r
            <!--Optional:-->\r
            <ebil:TotalIVA>?</ebil:TotalIVA>\r
            <!--Optional:-->\r
            <ebil:TotalIVASegunMon>?</ebil:TotalIVASegunMon>\r
            <!--Optional:-->\r
            <ebil:TotalRetICA>?</ebil:TotalRetICA>\r
            <!--Optional:-->\r
            <ebil:TotalRetIVA>?</ebil:TotalRetIVA>\r
            <!--Optional:-->\r
            <ebil:TotalRetencion>?</ebil:TotalRetencion>\r
            <!--Optional:-->\r
            <ebil:TotalSegunMon>?</ebil:TotalSegunMon>\r
            <!--Optional:-->\r
            <ebil:TotalTraslado>?</ebil:TotalTraslado>\r
            <!--Optional:-->\r
            <ebil:Total_a_Pagar>?</ebil:Total_a_Pagar>\r
            <!--Optional:-->\r
            <ebil:ValorHasta1>?</ebil:ValorHasta1>\r
            <!--Optional:-->\r
            <ebil:ValorHasta2>?</ebil:ValorHasta2>\r
            <!--Optional:-->\r
            <ebil:ValorHasta3>?</ebil:ValorHasta3>\r
            <!--Optional:-->\r
            <ebil:ValorHasta4>?</ebil:ValorHasta4>\r
            <!--Optional:-->\r
            <ebil:cfd_activa_nota1>?</ebil:cfd_activa_nota1>\r
            <!--Optional:-->\r
            <ebil:ciudad_envio>?</ebil:ciudad_envio>\r
            <!--Optional:-->\r
            <ebil:code1>?</ebil:code1>\r
            <!--Optional:-->\r
            <ebil:code2>?</ebil:code2>\r
            <!--Optional:-->\r
            <ebil:code3>?</ebil:code3>\r
            <!--Optional:-->\r
            <ebil:curso>?</ebil:curso>\r
            <!--Optional:-->\r
            <ebil:departamento_envio>?</ebil:departamento_envio>\r
            <!--Optional:-->\r
            <ebil:direccion_envio>?</ebil:direccion_envio>\r
            <!--Optional:-->\r
            <ebil:numero_envio>?</ebil:numero_envio>\r
            <!--Optional:-->\r
            <ebil:orden_venta>?</ebil:orden_venta>\r
            <!--Optional:-->\r
            <ebil:pague_hasta1>?</ebil:pague_hasta1>\r
            <!--Optional:-->\r
            <ebil:pague_hasta2>?</ebil:pague_hasta2>\r
            <!--Optional:-->\r
            <ebil:pague_hasta3>?</ebil:pague_hasta3>\r
            <!--Optional:-->\r
            <ebil:referencia>?</ebil:referencia>\r
            <!--Optional:-->\r
            <ebil:referencia1>?</ebil:referencia1>\r
            <!--Optional:-->\r
            <ebil:referencia_envio>?</ebil:referencia_envio>\r
            <!--Optional:-->\r
            <ebil:telefono_envio>?</ebil:telefono_envio>\r
         </tem:FacCab>\r
         <!--Optional:-->\r
         <tem:Opciones>\r
            <!--Optional:-->\r
            <ebil:ActualizaProductos>?</ebil:ActualizaProductos>\r
            <!--Optional:-->\r
            <ebil:CalculaReteCree>?</ebil:CalculaReteCree>\r
            <!--Optional:-->\r
            <ebil:CalculaReteFuente>?</ebil:CalculaReteFuente>\r
            <!--Optional:-->\r
            <ebil:CalculaReteICA>?</ebil:CalculaReteICA>\r
            <!--Optional:-->\r
            <ebil:CalculaReteIVA>?</ebil:CalculaReteIVA>\r
            <!--Optional:-->\r
            <ebil:EmisionAutomatica>?</ebil:EmisionAutomatica>\r
            <!--Optional:-->\r
            <ebil:FacturasSinAcuerdo>?</ebil:FacturasSinAcuerdo>\r
            <!--Optional:-->\r
            <ebil:ModeloXAceptacion>?</ebil:ModeloXAceptacion>\r
            <!--Optional:-->\r
            <ebil:NotasRelacionadas>?</ebil:NotasRelacionadas>\r
            <!--Optional:-->\r
            <ebil:OrderControl>?</ebil:OrderControl>\r
            <!--Optional:-->\r
            <ebil:TieneAcuerdosFisicos>?</ebil:TieneAcuerdosFisicos>\r
            <!--Optional:-->\r
            <ebil:TokenConexion>?</ebil:TokenConexion>\r
            <!--Optional:-->\r
            <ebil:eBillAdmNumerosFactura>?</ebil:eBillAdmNumerosFactura>\r
         </tem:Opciones>\r
         <!--Optional:-->\r
         <tem:facturaMinimaLegal>?</tem:facturaMinimaLegal>\r
         <!--Optional:-->\r
         <tem:ZIPAnexosFac>cid:1627044603698</tem:ZIPAnexosFac>\r
      </tem:CargarPDFDocumentoElectronico>\r
   </soapenv:Body>\r
</soapenv:Envelope>]]></con:request><con:wsaConfig mustUnderstand="NONE" version="200508" action="http://tempuri.org/IIntegracion/CargarPDFDocumentoElectronico"/></con:call></con:operation><con:operation id="cf44fc18-7eed-4375-aa72-90d9857fd0e4" isOneWay="false" action="http://tempuri.org/IIntegracion/CargarPDFDocumentoElectronico_AgregarQR" name="CargarPDFDocumentoElectronico_AgregarQR" bindingOperationName="CargarPDFDocumentoElectronico_AgregarQR" type="Request-Response" inputName="" receivesAttachments="false" sendsAttachments="false" anonymous="optional"><con:settings/><con:call id="74c3b893-56c5-4b19-8723-ab0138b3ce6e" name="Request 1"><con:settings/><con:encoding>UTF-8</con:encoding><con:endpoint>http://testws.facturaenlinea.co/ServiciosFyM/eBill/Integracion.svc</con:endpoint><con:request><![CDATA[<soapenv:Envelope xmlns:soapenv="http://schemas.xmlsoap.org/soap/envelope/" xmlns:tem="http://tempuri.org/" xmlns:ebil="http://schemas.datacontract.org/2004/07/eBillCore">\r
   <soapenv:Header/>\r
   <soapenv:Body>\r
      <tem:CargarPDFDocumentoElectronico_AgregarQR>\r
         <!--Optional:-->\r
         <tem:PDFFac>cid:1579470305895</tem:PDFFac>\r
         <!--Optional:-->\r
         <tem:FacCab>\r
            <!--Optional:-->\r
            <ebil:AnoAprobacionRes>?</ebil:AnoAprobacionRes>\r
            <!--Optional:-->\r
            <ebil:Base_Impuesto>?</ebil:Base_Impuesto>\r
            <!--Optional:-->\r
            <ebil:CFD_EST_estado_tramit>?</ebil:CFD_EST_estado_tramit>\r
            <!--Optional:-->\r
            <ebil:CFD_Flete>?</ebil:CFD_Flete>\r
            <!--Optional:-->\r
            <ebil:CFD_OtrosCargos>?</ebil:CFD_OtrosCargos>\r
            <!--Optional:-->\r
            <ebil:CFD_Por_Margen>?</ebil:CFD_Por_Margen>\r
            <!--Optional:-->\r
            <ebil:CFD_ResponseCode>?</ebil:CFD_ResponseCode>\r
            <!--Optional:-->\r
            <ebil:CFD_base_ICA_total>?</ebil:CFD_base_ICA_total>\r
            <!--Optional:-->\r
            <ebil:CFD_base_impo_total_nal>?</ebil:CFD_base_impo_total_nal>\r
            <!--Optional:-->\r
            <ebil:CFD_base_impo_total_reg>?</ebil:CFD_base_impo_total_reg>\r
            <!--Optional:-->\r
            <ebil:CFD_campo_texto_10>?</ebil:CFD_campo_texto_10>\r
            <!--Optional:-->\r
            <ebil:CFD_campo_texto_11>?</ebil:CFD_campo_texto_11>\r
            <!--Optional:-->\r
            <ebil:CFD_campo_texto_12>?</ebil:CFD_campo_texto_12>\r
            <!--Optional:-->\r
            <ebil:CFD_campo_texto_13>?</ebil:CFD_campo_texto_13>\r
            <!--Optional:-->\r
            <ebil:CFD_campo_texto_14>?</ebil:CFD_campo_texto_14>\r
            <!--Optional:-->\r
            <ebil:CFD_campo_texto_15>?</ebil:CFD_campo_texto_15>\r
            <!--Optional:-->\r
            <ebil:CFD_campo_texto_16>?</ebil:CFD_campo_texto_16>\r
            <!--Optional:-->\r
            <ebil:CFD_campo_texto_17>?</ebil:CFD_campo_texto_17>\r
            <!--Optional:-->\r
            <ebil:CFD_campo_texto_18>?</ebil:CFD_campo_texto_18>\r
            <!--Optional:-->\r
            <ebil:CFD_campo_texto_19>?</ebil:CFD_campo_texto_19>\r
            <!--Optional:-->\r
            <ebil:CFD_campo_texto_20>?</ebil:CFD_campo_texto_20>\r
            <!--Optional:-->\r
            <ebil:CFD_campo_texto_21>?</ebil:CFD_campo_texto_21>\r
            <!--Optional:-->\r
            <ebil:CFD_campo_texto_22>?</ebil:CFD_campo_texto_22>\r
            <!--Optional:-->\r
            <ebil:CFD_campo_texto_23>?</ebil:CFD_campo_texto_23>\r
            <!--Optional:-->\r
            <ebil:CFD_campo_texto_24>?</ebil:CFD_campo_texto_24>\r
            <!--Optional:-->\r
            <ebil:CFD_campo_texto_25>?</ebil:CFD_campo_texto_25>\r
            <!--Optional:-->\r
            <ebil:CFD_campo_texto_26>?</ebil:CFD_campo_texto_26>\r
            <!--Optional:-->\r
            <ebil:CFD_campo_texto_27>?</ebil:CFD_campo_texto_27>\r
            <!--Optional:-->\r
            <ebil:CFD_campo_texto_28>?</ebil:CFD_campo_texto_28>\r
            <!--Optional:-->\r
            <ebil:CFD_campo_texto_29>?</ebil:CFD_campo_texto_29>\r
            <!--Optional:-->\r
            <ebil:CFD_campo_texto_30>?</ebil:CFD_campo_texto_30>\r
            <!--Optional:-->\r
            <ebil:CFD_campo_texto_9>?</ebil:CFD_campo_texto_9>\r
            <!--Optional:-->\r
            <ebil:CFD_cantidad_dec_1>?</ebil:CFD_cantidad_dec_1>\r
            <!--Optional:-->\r
            <ebil:CFD_cantidad_dec_10>?</ebil:CFD_cantidad_dec_10>\r
            <!--Optional:-->\r
            <ebil:CFD_cantidad_dec_11>?</ebil:CFD_cantidad_dec_11>\r
            <!--Optional:-->\r
            <ebil:CFD_cantidad_dec_12>?</ebil:CFD_cantidad_dec_12>\r
            <!--Optional:-->\r
            <ebil:CFD_cantidad_dec_13>?</ebil:CFD_cantidad_dec_13>\r
            <!--Optional:-->\r
            <ebil:CFD_cantidad_dec_14>?</ebil:CFD_cantidad_dec_14>\r
            <!--Optional:-->\r
            <ebil:CFD_cantidad_dec_15>?</ebil:CFD_cantidad_dec_15>\r
            <!--Optional:-->\r
            <ebil:CFD_cantidad_dec_16>?</ebil:CFD_cantidad_dec_16>\r
            <!--Optional:-->\r
            <ebil:CFD_cantidad_dec_17>?</ebil:CFD_cantidad_dec_17>\r
            <!--Optional:-->\r
            <ebil:CFD_cantidad_dec_18>?</ebil:CFD_cantidad_dec_18>\r
            <!--Optional:-->\r
            <ebil:CFD_cantidad_dec_19>?</ebil:CFD_cantidad_dec_19>\r
            <!--Optional:-->\r
            <ebil:CFD_cantidad_dec_20>?</ebil:CFD_cantidad_dec_20>\r
            <!--Optional:-->\r
            <ebil:CFD_cantidad_dec_21>?</ebil:CFD_cantidad_dec_21>\r
            <!--Optional:-->\r
            <ebil:CFD_cantidad_dec_22>?</ebil:CFD_cantidad_dec_22>\r
            <!--Optional:-->\r
            <ebil:CFD_cantidad_dec_23>?</ebil:CFD_cantidad_dec_23>\r
            <!--Optional:-->\r
            <ebil:CFD_cantidad_dec_24>?</ebil:CFD_cantidad_dec_24>\r
            <!--Optional:-->\r
            <ebil:CFD_cantidad_dec_25>?</ebil:CFD_cantidad_dec_25>\r
            <!--Optional:-->\r
            <ebil:CFD_cantidad_dec_4>?</ebil:CFD_cantidad_dec_4>\r
            <!--Optional:-->\r
            <ebil:CFD_cantidad_dec_5>?</ebil:CFD_cantidad_dec_5>\r
            <!--Optional:-->\r
            <ebil:CFD_cantidad_dec_6>?</ebil:CFD_cantidad_dec_6>\r
            <!--Optional:-->\r
            <ebil:CFD_cantidad_dec_7>?</ebil:CFD_cantidad_dec_7>\r
            <!--Optional:-->\r
            <ebil:CFD_cantidad_dec_8>?</ebil:CFD_cantidad_dec_8>\r
            <!--Optional:-->\r
            <ebil:CFD_cantidad_dec_9>?</ebil:CFD_cantidad_dec_9>\r
            <!--Optional:-->\r
            <ebil:CFD_deducible>?</ebil:CFD_deducible>\r
            <!--Optional:-->\r
            <ebil:CFD_desconexion_servicio>?</ebil:CFD_desconexion_servicio>\r
            <!--Optional:-->\r
            <ebil:CFD_fecha_desconexion>?</ebil:CFD_fecha_desconexion>\r
            <!--Optional:-->\r
            <ebil:CFD_fecha_tasadeCambio>?</ebil:CFD_fecha_tasadeCambio>\r
            <!--Optional:-->\r
            <ebil:CFD_numero_enlace_doc_ref>?</ebil:CFD_numero_enlace_doc_ref>\r
            <!--Optional:-->\r
            <ebil:CFD_porc_rte_ICA>?</ebil:CFD_porc_rte_ICA>\r
            <!--Optional:-->\r
            <ebil:CFD_porc_rte_fuent>?</ebil:CFD_porc_rte_fuent>\r
            <!--Optional:-->\r
            <ebil:CFD_tasa_mora>?</ebil:CFD_tasa_mora>\r
            <!--Optional:-->\r
            <ebil:CFD_tdi_id_tipo_doc_interno>?</ebil:CFD_tdi_id_tipo_doc_interno>\r
            <!--Optional:-->\r
            <ebil:CFD_total_ICA>?</ebil:CFD_total_ICA>\r
            <!--Optional:-->\r
            <ebil:CFD_total_aduana_exp>?</ebil:CFD_total_aduana_exp>\r
            <!--Optional:-->\r
            <ebil:CFD_total_cargos>?</ebil:CFD_total_cargos>\r
            <!--Optional:-->\r
            <ebil:CFD_total_descuentos>?</ebil:CFD_total_descuentos>\r
            <!--Optional:-->\r
            <ebil:CFD_total_margen>?</ebil:CFD_total_margen>\r
            <!--Optional:-->\r
            <ebil:CFD_total_seguro_exp>?</ebil:CFD_total_seguro_exp>\r
            <!--Optional:-->\r
            <ebil:CLI_numero_cliente>?</ebil:CLI_numero_cliente>\r
            <!--Optional:-->\r
            <ebil:CREETotal>?</ebil:CREETotal>\r
            <!--Optional:-->\r
            <ebil:CampoTexto1>?</ebil:CampoTexto1>\r
            <!--Optional:-->\r
            <ebil:CampoTexto2>?</ebil:CampoTexto2>\r
            <!--Optional:-->\r
            <ebil:CampoTexto3>?</ebil:CampoTexto3>\r
            <!--Optional:-->\r
            <ebil:CampoTexto4>?</ebil:CampoTexto4>\r
            <!--Optional:-->\r
            <ebil:CampoTexto5>?</ebil:CampoTexto5>\r
            <!--Optional:-->\r
            <ebil:CampoTexto6>?</ebil:CampoTexto6>\r
            <!--Optional:-->\r
            <ebil:CampoTexto7>?</ebil:CampoTexto7>\r
            <!--Optional:-->\r
            <ebil:CampoTexto8>?</ebil:CampoTexto8>\r
            <!--Optional:-->\r
            <ebil:Cantidad1>?</ebil:Cantidad1>\r
            <!--Optional:-->\r
            <ebil:Cantidad2>?</ebil:Cantidad2>\r
            <!--Optional:-->\r
            <ebil:Cantidad3>?</ebil:Cantidad3>\r
            <!--Optional:-->\r
            <ebil:CantidadDec1>?</ebil:CantidadDec1>\r
            <!--Optional:-->\r
            <ebil:CantidadDec2>?</ebil:CantidadDec2>\r
            <!--Optional:-->\r
            <ebil:CantidadDec3>?</ebil:CantidadDec3>\r
            <!--Optional:-->\r
            <ebil:CiudadDANE>?</ebil:CiudadDANE>\r
            <!--Optional:-->\r
            <ebil:CodVendedor>?</ebil:CodVendedor>\r
            <!--Optional:-->\r
            <ebil:CodigoPostalCliente>?</ebil:CodigoPostalCliente>\r
            <!--Optional:-->\r
            <ebil:CodigoPostalEnvio>?</ebil:CodigoPostalEnvio>\r
            <!--Optional:-->\r
            <ebil:ComprobanteCon>?</ebil:ComprobanteCon>\r
            <!--Optional:-->\r
            <ebil:Condiciones_Pago>?</ebil:Condiciones_Pago>\r
            <!--Optional:-->\r
            <ebil:ContactoCargo>?</ebil:ContactoCargo>\r
            <!--Optional:-->\r
            <ebil:ContactoCorreo>?</ebil:ContactoCorreo>\r
            <!--Optional:-->\r
            <ebil:ContactoNombre>?</ebil:ContactoNombre>\r
            <!--Optional:-->\r
            <ebil:CorreoCliente>?</ebil:CorreoCliente>\r
            <!--Optional:-->\r
            <ebil:DepartamentoDANE>?</ebil:DepartamentoDANE>\r
            <!--Optional:-->\r
            <ebil:DescripcionPlan>?</ebil:DescripcionPlan>\r
            <!--Optional:-->\r
            <ebil:Descuento>?</ebil:Descuento>\r
            <!--Optional:-->\r
            <ebil:DigitoVerificaCliente>?</ebil:DigitoVerificaCliente>\r
            <!--Optional:-->\r
            <ebil:DireccionCliente>?</ebil:DireccionCliente>\r
            <!--Optional:-->\r
            <ebil:EstiloFactura>?</ebil:EstiloFactura>\r
            <!--Optional:-->\r
            <ebil:FechaExpedicion>?</ebil:FechaExpedicion>\r
            <!--Optional:-->\r
            <ebil:FechaFinalPeriodoFacturado>?</ebil:FechaFinalPeriodoFacturado>\r
            <!--Optional:-->\r
            <ebil:FechaInicialPeriodoFacturado>?</ebil:FechaInicialPeriodoFacturado>\r
            <!--Optional:-->\r
            <ebil:FechaVencimiento>?</ebil:FechaVencimiento>\r
            <!--Optional:-->\r
            <ebil:FormaPago>?</ebil:FormaPago>\r
            <!--Optional:-->\r
            <ebil:IDInterno>?</ebil:IDInterno>\r
            <!--Optional:-->\r
            <ebil:IDUbicacionCliente>?</ebil:IDUbicacionCliente>\r
            <!--Optional:-->\r
            <ebil:IDUbicacionEnvio>?</ebil:IDUbicacionEnvio>\r
            <!--Optional:-->\r
            <ebil:IdPlan>?</ebil:IdPlan>\r
            <!--Optional:-->\r
            <ebil:IdSucursal>?</ebil:IdSucursal>\r
            <!--Optional:-->\r
            <ebil:Incoterm>?</ebil:Incoterm>\r
            <!--Optional:-->\r
            <ebil:InfoAdicional>?</ebil:InfoAdicional>\r
            <!--Optional:-->\r
            <ebil:LugarTerminosEntrega>?</ebil:LugarTerminosEntrega>\r
            <!--Optional:-->\r
            <ebil:MesCausado>?</ebil:MesCausado>\r
            <!--Optional:-->\r
            <ebil:MonedaISO>?</ebil:MonedaISO>\r
            <!--Optional:-->\r
            <ebil:NitCliente>?</ebil:NitCliente>\r
            <!--Optional:-->\r
            <ebil:NitEmpresa>?</ebil:NitEmpresa>\r
            <!--Optional:-->\r
            <ebil:NombreCliente>?</ebil:NombreCliente>\r
            <!--Optional:-->\r
            <ebil:NombrePlan>?</ebil:NombrePlan>\r
            <!--Optional:-->\r
            <ebil:NombreVendedor>?</ebil:NombreVendedor>\r
            <!--Optional:-->\r
            <ebil:NumAprobacionRes>?</ebil:NumAprobacionRes>\r
            <!--Optional:-->\r
            <ebil:NumFactura>?</ebil:NumFactura>\r
            <!--Optional:-->\r
            <ebil:OrderID>?</ebil:OrderID>\r
            <!--Optional:-->\r
            <ebil:PAI_ISO_3166>?</ebil:PAI_ISO_3166>\r
            <!--Optional:-->\r
            <ebil:PagoAnterior>?</ebil:PagoAnterior>\r
            <!--Optional:-->\r
            <ebil:Prefijo>?</ebil:Prefijo>\r
            <!--Optional:-->\r
            <ebil:ReferenciaCliente>?</ebil:ReferenciaCliente>\r
            <!--Optional:-->\r
            <ebil:RetencionCREETotal>?</ebil:RetencionCREETotal>\r
            <!--Optional:-->\r
            <ebil:SMSXDoc>?</ebil:SMSXDoc>\r
            <!--Optional:-->\r
            <ebil:SaldoAnterior>?</ebil:SaldoAnterior>\r
            <!--Optional:-->\r
            <ebil:SubTotal>?</ebil:SubTotal>\r
            <!--Optional:-->\r
            <ebil:SubTotalSegunMon>?</ebil:SubTotalSegunMon>\r
            <!--Optional:-->\r
            <ebil:Sucursal>?</ebil:Sucursal>\r
            <!--Optional:-->\r
            <ebil:TIP_id_tipo_persona>?</ebil:TIP_id_tipo_persona>\r
            <!--Optional:-->\r
            <ebil:TasaCambio>?</ebil:TasaCambio>\r
            <!--Optional:-->\r
            <ebil:TelefonoCliente>?</ebil:TelefonoCliente>\r
            <!--Optional:-->\r
            <ebil:Texto3>?</ebil:Texto3>\r
            <!--Optional:-->\r
            <ebil:TieneAcuerdo>?</ebil:TieneAcuerdo>\r
            <!--Optional:-->\r
            <ebil:TipoComprobante>?</ebil:TipoComprobante>\r
            <!--Optional:-->\r
            <ebil:TipoContribuyente>?</ebil:TipoContribuyente>\r
            <!--Optional:-->\r
            <ebil:TipoIDCliente>?</ebil:TipoIDCliente>\r
            <!--Optional:-->\r
            <ebil:Total>?</ebil:Total>\r
            <!--Optional:-->\r
            <ebil:TotalIVA>?</ebil:TotalIVA>\r
            <!--Optional:-->\r
            <ebil:TotalIVASegunMon>?</ebil:TotalIVASegunMon>\r
            <!--Optional:-->\r
            <ebil:TotalRetICA>?</ebil:TotalRetICA>\r
            <!--Optional:-->\r
            <ebil:TotalRetIVA>?</ebil:TotalRetIVA>\r
            <!--Optional:-->\r
            <ebil:TotalRetencion>?</ebil:TotalRetencion>\r
            <!--Optional:-->\r
            <ebil:TotalSegunMon>?</ebil:TotalSegunMon>\r
            <!--Optional:-->\r
            <ebil:TotalTraslado>?</ebil:TotalTraslado>\r
            <!--Optional:-->\r
            <ebil:Total_a_Pagar>?</ebil:Total_a_Pagar>\r
            <!--Optional:-->\r
            <ebil:ValorHasta1>?</ebil:ValorHasta1>\r
            <!--Optional:-->\r
            <ebil:ValorHasta2>?</ebil:ValorHasta2>\r
            <!--Optional:-->\r
            <ebil:ValorHasta3>?</ebil:ValorHasta3>\r
            <!--Optional:-->\r
            <ebil:ValorHasta4>?</ebil:ValorHasta4>\r
            <!--Optional:-->\r
            <ebil:cfd_activa_nota1>?</ebil:cfd_activa_nota1>\r
            <!--Optional:-->\r
            <ebil:ciudad_envio>?</ebil:ciudad_envio>\r
            <!--Optional:-->\r
            <ebil:code1>?</ebil:code1>\r
            <!--Optional:-->\r
            <ebil:code2>?</ebil:code2>\r
            <!--Optional:-->\r
            <ebil:code3>?</ebil:code3>\r
            <!--Optional:-->\r
            <ebil:curso>?</ebil:curso>\r
            <!--Optional:-->\r
            <ebil:departamento_envio>?</ebil:departamento_envio>\r
            <!--Optional:-->\r
            <ebil:direccion_envio>?</ebil:direccion_envio>\r
            <!--Optional:-->\r
            <ebil:numero_envio>?</ebil:numero_envio>\r
            <!--Optional:-->\r
            <ebil:orden_venta>?</ebil:orden_venta>\r
            <!--Optional:-->\r
            <ebil:pague_hasta1>?</ebil:pague_hasta1>\r
            <!--Optional:-->\r
            <ebil:pague_hasta2>?</ebil:pague_hasta2>\r
            <!--Optional:-->\r
            <ebil:pague_hasta3>?</ebil:pague_hasta3>\r
            <!--Optional:-->\r
            <ebil:referencia>?</ebil:referencia>\r
            <!--Optional:-->\r
            <ebil:referencia1>?</ebil:referencia1>\r
            <!--Optional:-->\r
            <ebil:referencia_envio>?</ebil:referencia_envio>\r
            <!--Optional:-->\r
            <ebil:telefono_envio>?</ebil:telefono_envio>\r
         </tem:FacCab>\r
         <!--Optional:-->\r
         <tem:Opciones>\r
            <!--Optional:-->\r
            <ebil:ActualizaProductos>?</ebil:ActualizaProductos>\r
            <!--Optional:-->\r
            <ebil:CalculaReteCree>?</ebil:CalculaReteCree>\r
            <!--Optional:-->\r
            <ebil:CalculaReteFuente>?</ebil:CalculaReteFuente>\r
            <!--Optional:-->\r
            <ebil:CalculaReteICA>?</ebil:CalculaReteICA>\r
            <!--Optional:-->\r
            <ebil:CalculaReteIVA>?</ebil:CalculaReteIVA>\r
            <!--Optional:-->\r
            <ebil:EmisionAutomatica>?</ebil:EmisionAutomatica>\r
            <!--Optional:-->\r
            <ebil:FacturasSinAcuerdo>?</ebil:FacturasSinAcuerdo>\r
            <!--Optional:-->\r
            <ebil:ModeloXAceptacion>?</ebil:ModeloXAceptacion>\r
            <!--Optional:-->\r
            <ebil:NotasRelacionadas>?</ebil:NotasRelacionadas>\r
            <!--Optional:-->\r
            <ebil:OrderControl>?</ebil:OrderControl>\r
            <!--Optional:-->\r
            <ebil:TieneAcuerdosFisicos>?</ebil:TieneAcuerdosFisicos>\r
            <!--Optional:-->\r
            <ebil:TokenConexion>?</ebil:TokenConexion>\r
            <!--Optional:-->\r
            <ebil:eBillAdmNumerosFactura>?</ebil:eBillAdmNumerosFactura>\r
         </tem:Opciones>\r
         <!--Optional:-->\r
         <tem:CoorListXPage>\r
            <!--Zero or more repetitions:-->\r
            <ebil:CoordenadasPixelesByPage>\r
               <!--Optional:-->\r
               <ebil:Page>?</ebil:Page>\r
               <!--Optional:-->\r
               <ebil:ValorAlto>?</ebil:ValorAlto>\r
               <!--Optional:-->\r
               <ebil:ValorAncho>?</ebil:ValorAncho>\r
               <!--Optional:-->\r
               <ebil:ValorX>?</ebil:ValorX>\r
               <!--Optional:-->\r
               <ebil:ValorY>?</ebil:ValorY>\r
            </ebil:CoordenadasPixelesByPage>\r
         </tem:CoorListXPage>\r
         <!--Optional:-->\r
         <tem:facturaMinimaLegal>?</tem:facturaMinimaLegal>\r
      </tem:CargarPDFDocumentoElectronico_AgregarQR>\r
   </soapenv:Body>\r
</soapenv:Envelope>]]></con:request><con:wsaConfig mustUnderstand="NONE" version="200508" action="http://tempuri.org/IIntegracion/CargarPDFDocumentoElectronico_AgregarQR"/></con:call></con:operation><con:operation id="9f550898-c54e-42db-b48d-1784e7fb4d6c" isOneWay="false" action="http://tempuri.org/IIntegracion/CargarXML25CoreToeBill" name="CargarXML25CoreToeBill" bindingOperationName="CargarXML25CoreToeBill" type="Request-Response" inputName="" receivesAttachments="false" sendsAttachments="false" anonymous="optional"><con:settings/><con:call id="f55d7ba7-dc20-40ed-a4b4-38053f6fd2c0" name="Request 1"><con:settings/><con:encoding>UTF-8</con:encoding><con:endpoint>http://testws.facturaenlinea.co/ServiciosFyM/eBill/Integracion.svc</con:endpoint><con:request><![CDATA[<soapenv:Envelope xmlns:soapenv="http://schemas.xmlsoap.org/soap/envelope/" xmlns:tem="http://tempuri.org/">\r
   <soapenv:Header/>\r
   <soapenv:Body>\r
      <tem:CargarXML25CoreToeBill>\r
         <!--Optional:-->\r
         <tem:XMLCore>cid:17919568117</tem:XMLCore>\r
         <!--Optional:-->\r
         <tem:XMLExt>cid:542048572477</tem:XMLExt>\r
         <!--Optional:-->\r
         <tem:ValidarEstructura>?</tem:ValidarEstructura>\r
      </tem:CargarXML25CoreToeBill>\r
   </soapenv:Body>\r
</soapenv:Envelope>]]></con:request><con:wsaConfig mustUnderstand="NONE" version="200508" action="http://tempuri.org/IIntegracion/CargarXML25CoreToeBill"/></con:call></con:operation><con:operation id="f8daafbb-20d1-4cd5-b6b6-c654fbecec51" isOneWay="false" action="http://tempuri.org/IIntegracion/ConsultaDatosDocumentosEmitidos" name="ConsultaDatosDocumentosEmitidos" bindingOperationName="ConsultaDatosDocumentosEmitidos" type="Request-Response" inputName="" receivesAttachments="false" sendsAttachments="false" anonymous="optional"><con:settings/><con:call id="f10fa679-5116-490a-ac11-dd0c01d5f662" name="Request 1"><con:settings/><con:encoding>UTF-8</con:encoding><con:endpoint>http://testws.facturaenlinea.co/ServiciosFyM/eBill/Integracion.svc</con:endpoint><con:request><![CDATA[<soapenv:Envelope xmlns:soapenv="http://schemas.xmlsoap.org/soap/envelope/" xmlns:tem="http://tempuri.org/" xmlns:ebil="http://schemas.datacontract.org/2004/07/eBillCore">\r
   <soapenv:Header/>\r
   <soapenv:Body>\r
      <tem:ConsultaDatosDocumentosEmitidos>\r
         <!--Optional:-->\r
         <tem:FacCab>\r
            <!--Optional:-->\r
            <ebil:AnoAprobacionRes>?</ebil:AnoAprobacionRes>\r
            <!--Optional:-->\r
            <ebil:Base_Impuesto>?</ebil:Base_Impuesto>\r
            <!--Optional:-->\r
            <ebil:CFD_EST_estado_tramit>?</ebil:CFD_EST_estado_tramit>\r
            <!--Optional:-->\r
            <ebil:CFD_Flete>?</ebil:CFD_Flete>\r
            <!--Optional:-->\r
            <ebil:CFD_OtrosCargos>?</ebil:CFD_OtrosCargos>\r
            <!--Optional:-->\r
            <ebil:CFD_Por_Margen>?</ebil:CFD_Por_Margen>\r
            <!--Optional:-->\r
            <ebil:CFD_ResponseCode>?</ebil:CFD_ResponseCode>\r
            <!--Optional:-->\r
            <ebil:CFD_base_ICA_total>?</ebil:CFD_base_ICA_total>\r
            <!--Optional:-->\r
            <ebil:CFD_base_impo_total_nal>?</ebil:CFD_base_impo_total_nal>\r
            <!--Optional:-->\r
            <ebil:CFD_base_impo_total_reg>?</ebil:CFD_base_impo_total_reg>\r
            <!--Optional:-->\r
            <ebil:CFD_campo_texto_10>?</ebil:CFD_campo_texto_10>\r
            <!--Optional:-->\r
            <ebil:CFD_campo_texto_11>?</ebil:CFD_campo_texto_11>\r
            <!--Optional:-->\r
            <ebil:CFD_campo_texto_12>?</ebil:CFD_campo_texto_12>\r
            <!--Optional:-->\r
            <ebil:CFD_campo_texto_13>?</ebil:CFD_campo_texto_13>\r
            <!--Optional:-->\r
            <ebil:CFD_campo_texto_14>?</ebil:CFD_campo_texto_14>\r
            <!--Optional:-->\r
            <ebil:CFD_campo_texto_15>?</ebil:CFD_campo_texto_15>\r
            <!--Optional:-->\r
            <ebil:CFD_campo_texto_16>?</ebil:CFD_campo_texto_16>\r
            <!--Optional:-->\r
            <ebil:CFD_campo_texto_17>?</ebil:CFD_campo_texto_17>\r
            <!--Optional:-->\r
            <ebil:CFD_campo_texto_18>?</ebil:CFD_campo_texto_18>\r
            <!--Optional:-->\r
            <ebil:CFD_campo_texto_19>?</ebil:CFD_campo_texto_19>\r
            <!--Optional:-->\r
            <ebil:CFD_campo_texto_20>?</ebil:CFD_campo_texto_20>\r
            <!--Optional:-->\r
            <ebil:CFD_campo_texto_21>?</ebil:CFD_campo_texto_21>\r
            <!--Optional:-->\r
            <ebil:CFD_campo_texto_22>?</ebil:CFD_campo_texto_22>\r
            <!--Optional:-->\r
            <ebil:CFD_campo_texto_23>?</ebil:CFD_campo_texto_23>\r
            <!--Optional:-->\r
            <ebil:CFD_campo_texto_24>?</ebil:CFD_campo_texto_24>\r
            <!--Optional:-->\r
            <ebil:CFD_campo_texto_25>?</ebil:CFD_campo_texto_25>\r
            <!--Optional:-->\r
            <ebil:CFD_campo_texto_26>?</ebil:CFD_campo_texto_26>\r
            <!--Optional:-->\r
            <ebil:CFD_campo_texto_27>?</ebil:CFD_campo_texto_27>\r
            <!--Optional:-->\r
            <ebil:CFD_campo_texto_28>?</ebil:CFD_campo_texto_28>\r
            <!--Optional:-->\r
            <ebil:CFD_campo_texto_29>?</ebil:CFD_campo_texto_29>\r
            <!--Optional:-->\r
            <ebil:CFD_campo_texto_30>?</ebil:CFD_campo_texto_30>\r
            <!--Optional:-->\r
            <ebil:CFD_campo_texto_9>?</ebil:CFD_campo_texto_9>\r
            <!--Optional:-->\r
            <ebil:CFD_cantidad_dec_1>?</ebil:CFD_cantidad_dec_1>\r
            <!--Optional:-->\r
            <ebil:CFD_cantidad_dec_10>?</ebil:CFD_cantidad_dec_10>\r
            <!--Optional:-->\r
            <ebil:CFD_cantidad_dec_11>?</ebil:CFD_cantidad_dec_11>\r
            <!--Optional:-->\r
            <ebil:CFD_cantidad_dec_12>?</ebil:CFD_cantidad_dec_12>\r
            <!--Optional:-->\r
            <ebil:CFD_cantidad_dec_13>?</ebil:CFD_cantidad_dec_13>\r
            <!--Optional:-->\r
            <ebil:CFD_cantidad_dec_14>?</ebil:CFD_cantidad_dec_14>\r
            <!--Optional:-->\r
            <ebil:CFD_cantidad_dec_15>?</ebil:CFD_cantidad_dec_15>\r
            <!--Optional:-->\r
            <ebil:CFD_cantidad_dec_16>?</ebil:CFD_cantidad_dec_16>\r
            <!--Optional:-->\r
            <ebil:CFD_cantidad_dec_17>?</ebil:CFD_cantidad_dec_17>\r
            <!--Optional:-->\r
            <ebil:CFD_cantidad_dec_18>?</ebil:CFD_cantidad_dec_18>\r
            <!--Optional:-->\r
            <ebil:CFD_cantidad_dec_19>?</ebil:CFD_cantidad_dec_19>\r
            <!--Optional:-->\r
            <ebil:CFD_cantidad_dec_20>?</ebil:CFD_cantidad_dec_20>\r
            <!--Optional:-->\r
            <ebil:CFD_cantidad_dec_21>?</ebil:CFD_cantidad_dec_21>\r
            <!--Optional:-->\r
            <ebil:CFD_cantidad_dec_22>?</ebil:CFD_cantidad_dec_22>\r
            <!--Optional:-->\r
            <ebil:CFD_cantidad_dec_23>?</ebil:CFD_cantidad_dec_23>\r
            <!--Optional:-->\r
            <ebil:CFD_cantidad_dec_24>?</ebil:CFD_cantidad_dec_24>\r
            <!--Optional:-->\r
            <ebil:CFD_cantidad_dec_25>?</ebil:CFD_cantidad_dec_25>\r
            <!--Optional:-->\r
            <ebil:CFD_cantidad_dec_4>?</ebil:CFD_cantidad_dec_4>\r
            <!--Optional:-->\r
            <ebil:CFD_cantidad_dec_5>?</ebil:CFD_cantidad_dec_5>\r
            <!--Optional:-->\r
            <ebil:CFD_cantidad_dec_6>?</ebil:CFD_cantidad_dec_6>\r
            <!--Optional:-->\r
            <ebil:CFD_cantidad_dec_7>?</ebil:CFD_cantidad_dec_7>\r
            <!--Optional:-->\r
            <ebil:CFD_cantidad_dec_8>?</ebil:CFD_cantidad_dec_8>\r
            <!--Optional:-->\r
            <ebil:CFD_cantidad_dec_9>?</ebil:CFD_cantidad_dec_9>\r
            <!--Optional:-->\r
            <ebil:CFD_deducible>?</ebil:CFD_deducible>\r
            <!--Optional:-->\r
            <ebil:CFD_desconexion_servicio>?</ebil:CFD_desconexion_servicio>\r
            <!--Optional:-->\r
            <ebil:CFD_fecha_desconexion>?</ebil:CFD_fecha_desconexion>\r
            <!--Optional:-->\r
            <ebil:CFD_fecha_tasadeCambio>?</ebil:CFD_fecha_tasadeCambio>\r
            <!--Optional:-->\r
            <ebil:CFD_numero_enlace_doc_ref>?</ebil:CFD_numero_enlace_doc_ref>\r
            <!--Optional:-->\r
            <ebil:CFD_porc_rte_ICA>?</ebil:CFD_porc_rte_ICA>\r
            <!--Optional:-->\r
            <ebil:CFD_porc_rte_fuent>?</ebil:CFD_porc_rte_fuent>\r
            <!--Optional:-->\r
            <ebil:CFD_tasa_mora>?</ebil:CFD_tasa_mora>\r
            <!--Optional:-->\r
            <ebil:CFD_tdi_id_tipo_doc_interno>?</ebil:CFD_tdi_id_tipo_doc_interno>\r
            <!--Optional:-->\r
            <ebil:CFD_total_ICA>?</ebil:CFD_total_ICA>\r
            <!--Optional:-->\r
            <ebil:CFD_total_aduana_exp>?</ebil:CFD_total_aduana_exp>\r
            <!--Optional:-->\r
            <ebil:CFD_total_cargos>?</ebil:CFD_total_cargos>\r
            <!--Optional:-->\r
            <ebil:CFD_total_descuentos>?</ebil:CFD_total_descuentos>\r
            <!--Optional:-->\r
            <ebil:CFD_total_margen>?</ebil:CFD_total_margen>\r
            <!--Optional:-->\r
            <ebil:CFD_total_seguro_exp>?</ebil:CFD_total_seguro_exp>\r
            <!--Optional:-->\r
            <ebil:CLI_numero_cliente>?</ebil:CLI_numero_cliente>\r
            <!--Optional:-->\r
            <ebil:CREETotal>?</ebil:CREETotal>\r
            <!--Optional:-->\r
            <ebil:CampoTexto1>?</ebil:CampoTexto1>\r
            <!--Optional:-->\r
            <ebil:CampoTexto2>?</ebil:CampoTexto2>\r
            <!--Optional:-->\r
            <ebil:CampoTexto3>?</ebil:CampoTexto3>\r
            <!--Optional:-->\r
            <ebil:CampoTexto4>?</ebil:CampoTexto4>\r
            <!--Optional:-->\r
            <ebil:CampoTexto5>?</ebil:CampoTexto5>\r
            <!--Optional:-->\r
            <ebil:CampoTexto6>?</ebil:CampoTexto6>\r
            <!--Optional:-->\r
            <ebil:CampoTexto7>?</ebil:CampoTexto7>\r
            <!--Optional:-->\r
            <ebil:CampoTexto8>?</ebil:CampoTexto8>\r
            <!--Optional:-->\r
            <ebil:Cantidad1>?</ebil:Cantidad1>\r
            <!--Optional:-->\r
            <ebil:Cantidad2>?</ebil:Cantidad2>\r
            <!--Optional:-->\r
            <ebil:Cantidad3>?</ebil:Cantidad3>\r
            <!--Optional:-->\r
            <ebil:CantidadDec1>?</ebil:CantidadDec1>\r
            <!--Optional:-->\r
            <ebil:CantidadDec2>?</ebil:CantidadDec2>\r
            <!--Optional:-->\r
            <ebil:CantidadDec3>?</ebil:CantidadDec3>\r
            <!--Optional:-->\r
            <ebil:CiudadDANE>?</ebil:CiudadDANE>\r
            <!--Optional:-->\r
            <ebil:CodVendedor>?</ebil:CodVendedor>\r
            <!--Optional:-->\r
            <ebil:CodigoPostalCliente>?</ebil:CodigoPostalCliente>\r
            <!--Optional:-->\r
            <ebil:CodigoPostalEnvio>?</ebil:CodigoPostalEnvio>\r
            <!--Optional:-->\r
            <ebil:ComprobanteCon>?</ebil:ComprobanteCon>\r
            <!--Optional:-->\r
            <ebil:Condiciones_Pago>?</ebil:Condiciones_Pago>\r
            <!--Optional:-->\r
            <ebil:ContactoCargo>?</ebil:ContactoCargo>\r
            <!--Optional:-->\r
            <ebil:ContactoCorreo>?</ebil:ContactoCorreo>\r
            <!--Optional:-->\r
            <ebil:ContactoNombre>?</ebil:ContactoNombre>\r
            <!--Optional:-->\r
            <ebil:CorreoCliente>?</ebil:CorreoCliente>\r
            <!--Optional:-->\r
            <ebil:DepartamentoDANE>?</ebil:DepartamentoDANE>\r
            <!--Optional:-->\r
            <ebil:DescripcionPlan>?</ebil:DescripcionPlan>\r
            <!--Optional:-->\r
            <ebil:Descuento>?</ebil:Descuento>\r
            <!--Optional:-->\r
            <ebil:DigitoVerificaCliente>?</ebil:DigitoVerificaCliente>\r
            <!--Optional:-->\r
            <ebil:DireccionCliente>?</ebil:DireccionCliente>\r
            <!--Optional:-->\r
            <ebil:EstiloFactura>?</ebil:EstiloFactura>\r
            <!--Optional:-->\r
            <ebil:FechaExpedicion>?</ebil:FechaExpedicion>\r
            <!--Optional:-->\r
            <ebil:FechaFinalPeriodoFacturado>?</ebil:FechaFinalPeriodoFacturado>\r
            <!--Optional:-->\r
            <ebil:FechaInicialPeriodoFacturado>?</ebil:FechaInicialPeriodoFacturado>\r
            <!--Optional:-->\r
            <ebil:FechaVencimiento>?</ebil:FechaVencimiento>\r
            <!--Optional:-->\r
            <ebil:FormaPago>?</ebil:FormaPago>\r
            <!--Optional:-->\r
            <ebil:IDInterno>?</ebil:IDInterno>\r
            <!--Optional:-->\r
            <ebil:IDUbicacionCliente>?</ebil:IDUbicacionCliente>\r
            <!--Optional:-->\r
            <ebil:IDUbicacionEnvio>?</ebil:IDUbicacionEnvio>\r
            <!--Optional:-->\r
            <ebil:IdPlan>?</ebil:IdPlan>\r
            <!--Optional:-->\r
            <ebil:IdSucursal>?</ebil:IdSucursal>\r
            <!--Optional:-->\r
            <ebil:Incoterm>?</ebil:Incoterm>\r
            <!--Optional:-->\r
            <ebil:InfoAdicional>?</ebil:InfoAdicional>\r
            <!--Optional:-->\r
            <ebil:LugarTerminosEntrega>?</ebil:LugarTerminosEntrega>\r
            <!--Optional:-->\r
            <ebil:MesCausado>?</ebil:MesCausado>\r
            <!--Optional:-->\r
            <ebil:MonedaISO>?</ebil:MonedaISO>\r
            <!--Optional:-->\r
            <ebil:NitCliente>?</ebil:NitCliente>\r
            <!--Optional:-->\r
            <ebil:NitEmpresa>?</ebil:NitEmpresa>\r
            <!--Optional:-->\r
            <ebil:NombreCliente>?</ebil:NombreCliente>\r
            <!--Optional:-->\r
            <ebil:NombrePlan>?</ebil:NombrePlan>\r
            <!--Optional:-->\r
            <ebil:NombreVendedor>?</ebil:NombreVendedor>\r
            <!--Optional:-->\r
            <ebil:NumAprobacionRes>?</ebil:NumAprobacionRes>\r
            <!--Optional:-->\r
            <ebil:NumFactura>?</ebil:NumFactura>\r
            <!--Optional:-->\r
            <ebil:OrderID>?</ebil:OrderID>\r
            <!--Optional:-->\r
            <ebil:PAI_ISO_3166>?</ebil:PAI_ISO_3166>\r
            <!--Optional:-->\r
            <ebil:PagoAnterior>?</ebil:PagoAnterior>\r
            <!--Optional:-->\r
            <ebil:Prefijo>?</ebil:Prefijo>\r
            <!--Optional:-->\r
            <ebil:ReferenciaCliente>?</ebil:ReferenciaCliente>\r
            <!--Optional:-->\r
            <ebil:RetencionCREETotal>?</ebil:RetencionCREETotal>\r
            <!--Optional:-->\r
            <ebil:SMSXDoc>?</ebil:SMSXDoc>\r
            <!--Optional:-->\r
            <ebil:SaldoAnterior>?</ebil:SaldoAnterior>\r
            <!--Optional:-->\r
            <ebil:SubTotal>?</ebil:SubTotal>\r
            <!--Optional:-->\r
            <ebil:SubTotalSegunMon>?</ebil:SubTotalSegunMon>\r
            <!--Optional:-->\r
            <ebil:Sucursal>?</ebil:Sucursal>\r
            <!--Optional:-->\r
            <ebil:TIP_id_tipo_persona>?</ebil:TIP_id_tipo_persona>\r
            <!--Optional:-->\r
            <ebil:TasaCambio>?</ebil:TasaCambio>\r
            <!--Optional:-->\r
            <ebil:TelefonoCliente>?</ebil:TelefonoCliente>\r
            <!--Optional:-->\r
            <ebil:Texto3>?</ebil:Texto3>\r
            <!--Optional:-->\r
            <ebil:TieneAcuerdo>?</ebil:TieneAcuerdo>\r
            <!--Optional:-->\r
            <ebil:TipoComprobante>?</ebil:TipoComprobante>\r
            <!--Optional:-->\r
            <ebil:TipoContribuyente>?</ebil:TipoContribuyente>\r
            <!--Optional:-->\r
            <ebil:TipoIDCliente>?</ebil:TipoIDCliente>\r
            <!--Optional:-->\r
            <ebil:Total>?</ebil:Total>\r
            <!--Optional:-->\r
            <ebil:TotalIVA>?</ebil:TotalIVA>\r
            <!--Optional:-->\r
            <ebil:TotalIVASegunMon>?</ebil:TotalIVASegunMon>\r
            <!--Optional:-->\r
            <ebil:TotalRetICA>?</ebil:TotalRetICA>\r
            <!--Optional:-->\r
            <ebil:TotalRetIVA>?</ebil:TotalRetIVA>\r
            <!--Optional:-->\r
            <ebil:TotalRetencion>?</ebil:TotalRetencion>\r
            <!--Optional:-->\r
            <ebil:TotalSegunMon>?</ebil:TotalSegunMon>\r
            <!--Optional:-->\r
            <ebil:TotalTraslado>?</ebil:TotalTraslado>\r
            <!--Optional:-->\r
            <ebil:Total_a_Pagar>?</ebil:Total_a_Pagar>\r
            <!--Optional:-->\r
            <ebil:ValorHasta1>?</ebil:ValorHasta1>\r
            <!--Optional:-->\r
            <ebil:ValorHasta2>?</ebil:ValorHasta2>\r
            <!--Optional:-->\r
            <ebil:ValorHasta3>?</ebil:ValorHasta3>\r
            <!--Optional:-->\r
            <ebil:ValorHasta4>?</ebil:ValorHasta4>\r
            <!--Optional:-->\r
            <ebil:cfd_activa_nota1>?</ebil:cfd_activa_nota1>\r
            <!--Optional:-->\r
            <ebil:ciudad_envio>?</ebil:ciudad_envio>\r
            <!--Optional:-->\r
            <ebil:code1>?</ebil:code1>\r
            <!--Optional:-->\r
            <ebil:code2>?</ebil:code2>\r
            <!--Optional:-->\r
            <ebil:code3>?</ebil:code3>\r
            <!--Optional:-->\r
            <ebil:curso>?</ebil:curso>\r
            <!--Optional:-->\r
            <ebil:departamento_envio>?</ebil:departamento_envio>\r
            <!--Optional:-->\r
            <ebil:direccion_envio>?</ebil:direccion_envio>\r
            <!--Optional:-->\r
            <ebil:numero_envio>?</ebil:numero_envio>\r
            <!--Optional:-->\r
            <ebil:orden_venta>?</ebil:orden_venta>\r
            <!--Optional:-->\r
            <ebil:pague_hasta1>?</ebil:pague_hasta1>\r
            <!--Optional:-->\r
            <ebil:pague_hasta2>?</ebil:pague_hasta2>\r
            <!--Optional:-->\r
            <ebil:pague_hasta3>?</ebil:pague_hasta3>\r
            <!--Optional:-->\r
            <ebil:referencia>?</ebil:referencia>\r
            <!--Optional:-->\r
            <ebil:referencia1>?</ebil:referencia1>\r
            <!--Optional:-->\r
            <ebil:referencia_envio>?</ebil:referencia_envio>\r
            <!--Optional:-->\r
            <ebil:telefono_envio>?</ebil:telefono_envio>\r
         </tem:FacCab>\r
         <!--Optional:-->\r
         <tem:token>?</tem:token>\r
      </tem:ConsultaDatosDocumentosEmitidos>\r
   </soapenv:Body>\r
</soapenv:Envelope>]]></con:request><con:wsaConfig mustUnderstand="NONE" version="200508" action="http://tempuri.org/IIntegracion/ConsultaDatosDocumentosEmitidos"/></con:call></con:operation><con:operation id="4f01380d-b057-4954-adda-42d3263492a3" isOneWay="false" action="http://tempuri.org/IIntegracion/ConsultaDatosDocumentosRecibidos" name="ConsultaDatosDocumentosRecibidos" bindingOperationName="ConsultaDatosDocumentosRecibidos" type="Request-Response" inputName="" receivesAttachments="false" sendsAttachments="false" anonymous="optional"><con:settings/><con:call id="c044c974-69b9-40a5-ba5d-12e894454406" name="Request 1"><con:settings/><con:encoding>UTF-8</con:encoding><con:endpoint>http://testws.facturaenlinea.co/ServiciosFyM/eBill/Integracion.svc</con:endpoint><con:request><![CDATA[<soapenv:Envelope xmlns:soapenv="http://schemas.xmlsoap.org/soap/envelope/" xmlns:tem="http://tempuri.org/" xmlns:ebil="http://schemas.datacontract.org/2004/07/eBillCore">\r
   <soapenv:Header/>\r
   <soapenv:Body>\r
      <tem:ConsultaDatosDocumentosRecibidos>\r
         <!--Optional:-->\r
         <tem:FacCab>\r
            <!--Optional:-->\r
            <ebil:AnoAprobacionRes>?</ebil:AnoAprobacionRes>\r
            <!--Optional:-->\r
            <ebil:Base_Impuesto>?</ebil:Base_Impuesto>\r
            <!--Optional:-->\r
            <ebil:CFD_EST_estado_tramit>?</ebil:CFD_EST_estado_tramit>\r
            <!--Optional:-->\r
            <ebil:CFD_Flete>?</ebil:CFD_Flete>\r
            <!--Optional:-->\r
            <ebil:CFD_OtrosCargos>?</ebil:CFD_OtrosCargos>\r
            <!--Optional:-->\r
            <ebil:CFD_Por_Margen>?</ebil:CFD_Por_Margen>\r
            <!--Optional:-->\r
            <ebil:CFD_ResponseCode>?</ebil:CFD_ResponseCode>\r
            <!--Optional:-->\r
            <ebil:CFD_base_ICA_total>?</ebil:CFD_base_ICA_total>\r
            <!--Optional:-->\r
            <ebil:CFD_base_impo_total_nal>?</ebil:CFD_base_impo_total_nal>\r
            <!--Optional:-->\r
            <ebil:CFD_base_impo_total_reg>?</ebil:CFD_base_impo_total_reg>\r
            <!--Optional:-->\r
            <ebil:CFD_campo_texto_10>?</ebil:CFD_campo_texto_10>\r
            <!--Optional:-->\r
            <ebil:CFD_campo_texto_11>?</ebil:CFD_campo_texto_11>\r
            <!--Optional:-->\r
            <ebil:CFD_campo_texto_12>?</ebil:CFD_campo_texto_12>\r
            <!--Optional:-->\r
            <ebil:CFD_campo_texto_13>?</ebil:CFD_campo_texto_13>\r
            <!--Optional:-->\r
            <ebil:CFD_campo_texto_14>?</ebil:CFD_campo_texto_14>\r
            <!--Optional:-->\r
            <ebil:CFD_campo_texto_15>?</ebil:CFD_campo_texto_15>\r
            <!--Optional:-->\r
            <ebil:CFD_campo_texto_16>?</ebil:CFD_campo_texto_16>\r
            <!--Optional:-->\r
            <ebil:CFD_campo_texto_17>?</ebil:CFD_campo_texto_17>\r
            <!--Optional:-->\r
            <ebil:CFD_campo_texto_18>?</ebil:CFD_campo_texto_18>\r
            <!--Optional:-->\r
            <ebil:CFD_campo_texto_19>?</ebil:CFD_campo_texto_19>\r
            <!--Optional:-->\r
            <ebil:CFD_campo_texto_20>?</ebil:CFD_campo_texto_20>\r
            <!--Optional:-->\r
            <ebil:CFD_campo_texto_21>?</ebil:CFD_campo_texto_21>\r
            <!--Optional:-->\r
            <ebil:CFD_campo_texto_22>?</ebil:CFD_campo_texto_22>\r
            <!--Optional:-->\r
            <ebil:CFD_campo_texto_23>?</ebil:CFD_campo_texto_23>\r
            <!--Optional:-->\r
            <ebil:CFD_campo_texto_24>?</ebil:CFD_campo_texto_24>\r
            <!--Optional:-->\r
            <ebil:CFD_campo_texto_25>?</ebil:CFD_campo_texto_25>\r
            <!--Optional:-->\r
            <ebil:CFD_campo_texto_26>?</ebil:CFD_campo_texto_26>\r
            <!--Optional:-->\r
            <ebil:CFD_campo_texto_27>?</ebil:CFD_campo_texto_27>\r
            <!--Optional:-->\r
            <ebil:CFD_campo_texto_28>?</ebil:CFD_campo_texto_28>\r
            <!--Optional:-->\r
            <ebil:CFD_campo_texto_29>?</ebil:CFD_campo_texto_29>\r
            <!--Optional:-->\r
            <ebil:CFD_campo_texto_30>?</ebil:CFD_campo_texto_30>\r
            <!--Optional:-->\r
            <ebil:CFD_campo_texto_9>?</ebil:CFD_campo_texto_9>\r
            <!--Optional:-->\r
            <ebil:CFD_cantidad_dec_1>?</ebil:CFD_cantidad_dec_1>\r
            <!--Optional:-->\r
            <ebil:CFD_cantidad_dec_10>?</ebil:CFD_cantidad_dec_10>\r
            <!--Optional:-->\r
            <ebil:CFD_cantidad_dec_11>?</ebil:CFD_cantidad_dec_11>\r
            <!--Optional:-->\r
            <ebil:CFD_cantidad_dec_12>?</ebil:CFD_cantidad_dec_12>\r
            <!--Optional:-->\r
            <ebil:CFD_cantidad_dec_13>?</ebil:CFD_cantidad_dec_13>\r
            <!--Optional:-->\r
            <ebil:CFD_cantidad_dec_14>?</ebil:CFD_cantidad_dec_14>\r
            <!--Optional:-->\r
            <ebil:CFD_cantidad_dec_15>?</ebil:CFD_cantidad_dec_15>\r
            <!--Optional:-->\r
            <ebil:CFD_cantidad_dec_16>?</ebil:CFD_cantidad_dec_16>\r
            <!--Optional:-->\r
            <ebil:CFD_cantidad_dec_17>?</ebil:CFD_cantidad_dec_17>\r
            <!--Optional:-->\r
            <ebil:CFD_cantidad_dec_18>?</ebil:CFD_cantidad_dec_18>\r
            <!--Optional:-->\r
            <ebil:CFD_cantidad_dec_19>?</ebil:CFD_cantidad_dec_19>\r
            <!--Optional:-->\r
            <ebil:CFD_cantidad_dec_20>?</ebil:CFD_cantidad_dec_20>\r
            <!--Optional:-->\r
            <ebil:CFD_cantidad_dec_21>?</ebil:CFD_cantidad_dec_21>\r
            <!--Optional:-->\r
            <ebil:CFD_cantidad_dec_22>?</ebil:CFD_cantidad_dec_22>\r
            <!--Optional:-->\r
            <ebil:CFD_cantidad_dec_23>?</ebil:CFD_cantidad_dec_23>\r
            <!--Optional:-->\r
            <ebil:CFD_cantidad_dec_24>?</ebil:CFD_cantidad_dec_24>\r
            <!--Optional:-->\r
            <ebil:CFD_cantidad_dec_25>?</ebil:CFD_cantidad_dec_25>\r
            <!--Optional:-->\r
            <ebil:CFD_cantidad_dec_4>?</ebil:CFD_cantidad_dec_4>\r
            <!--Optional:-->\r
            <ebil:CFD_cantidad_dec_5>?</ebil:CFD_cantidad_dec_5>\r
            <!--Optional:-->\r
            <ebil:CFD_cantidad_dec_6>?</ebil:CFD_cantidad_dec_6>\r
            <!--Optional:-->\r
            <ebil:CFD_cantidad_dec_7>?</ebil:CFD_cantidad_dec_7>\r
            <!--Optional:-->\r
            <ebil:CFD_cantidad_dec_8>?</ebil:CFD_cantidad_dec_8>\r
            <!--Optional:-->\r
            <ebil:CFD_cantidad_dec_9>?</ebil:CFD_cantidad_dec_9>\r
            <!--Optional:-->\r
            <ebil:CFD_deducible>?</ebil:CFD_deducible>\r
            <!--Optional:-->\r
            <ebil:CFD_desconexion_servicio>?</ebil:CFD_desconexion_servicio>\r
            <!--Optional:-->\r
            <ebil:CFD_fecha_desconexion>?</ebil:CFD_fecha_desconexion>\r
            <!--Optional:-->\r
            <ebil:CFD_fecha_tasadeCambio>?</ebil:CFD_fecha_tasadeCambio>\r
            <!--Optional:-->\r
            <ebil:CFD_numero_enlace_doc_ref>?</ebil:CFD_numero_enlace_doc_ref>\r
            <!--Optional:-->\r
            <ebil:CFD_porc_rte_ICA>?</ebil:CFD_porc_rte_ICA>\r
            <!--Optional:-->\r
            <ebil:CFD_porc_rte_fuent>?</ebil:CFD_porc_rte_fuent>\r
            <!--Optional:-->\r
            <ebil:CFD_tasa_mora>?</ebil:CFD_tasa_mora>\r
            <!--Optional:-->\r
            <ebil:CFD_tdi_id_tipo_doc_interno>?</ebil:CFD_tdi_id_tipo_doc_interno>\r
            <!--Optional:-->\r
            <ebil:CFD_total_ICA>?</ebil:CFD_total_ICA>\r
            <!--Optional:-->\r
            <ebil:CFD_total_aduana_exp>?</ebil:CFD_total_aduana_exp>\r
            <!--Optional:-->\r
            <ebil:CFD_total_cargos>?</ebil:CFD_total_cargos>\r
            <!--Optional:-->\r
            <ebil:CFD_total_descuentos>?</ebil:CFD_total_descuentos>\r
            <!--Optional:-->\r
            <ebil:CFD_total_margen>?</ebil:CFD_total_margen>\r
            <!--Optional:-->\r
            <ebil:CFD_total_seguro_exp>?</ebil:CFD_total_seguro_exp>\r
            <!--Optional:-->\r
            <ebil:CLI_numero_cliente>?</ebil:CLI_numero_cliente>\r
            <!--Optional:-->\r
            <ebil:CREETotal>?</ebil:CREETotal>\r
            <!--Optional:-->\r
            <ebil:CampoTexto1>?</ebil:CampoTexto1>\r
            <!--Optional:-->\r
            <ebil:CampoTexto2>?</ebil:CampoTexto2>\r
            <!--Optional:-->\r
            <ebil:CampoTexto3>?</ebil:CampoTexto3>\r
            <!--Optional:-->\r
            <ebil:CampoTexto4>?</ebil:CampoTexto4>\r
            <!--Optional:-->\r
            <ebil:CampoTexto5>?</ebil:CampoTexto5>\r
            <!--Optional:-->\r
            <ebil:CampoTexto6>?</ebil:CampoTexto6>\r
            <!--Optional:-->\r
            <ebil:CampoTexto7>?</ebil:CampoTexto7>\r
            <!--Optional:-->\r
            <ebil:CampoTexto8>?</ebil:CampoTexto8>\r
            <!--Optional:-->\r
            <ebil:Cantidad1>?</ebil:Cantidad1>\r
            <!--Optional:-->\r
            <ebil:Cantidad2>?</ebil:Cantidad2>\r
            <!--Optional:-->\r
            <ebil:Cantidad3>?</ebil:Cantidad3>\r
            <!--Optional:-->\r
            <ebil:CantidadDec1>?</ebil:CantidadDec1>\r
            <!--Optional:-->\r
            <ebil:CantidadDec2>?</ebil:CantidadDec2>\r
            <!--Optional:-->\r
            <ebil:CantidadDec3>?</ebil:CantidadDec3>\r
            <!--Optional:-->\r
            <ebil:CiudadDANE>?</ebil:CiudadDANE>\r
            <!--Optional:-->\r
            <ebil:CodVendedor>?</ebil:CodVendedor>\r
            <!--Optional:-->\r
            <ebil:CodigoPostalCliente>?</ebil:CodigoPostalCliente>\r
            <!--Optional:-->\r
            <ebil:CodigoPostalEnvio>?</ebil:CodigoPostalEnvio>\r
            <!--Optional:-->\r
            <ebil:ComprobanteCon>?</ebil:ComprobanteCon>\r
            <!--Optional:-->\r
            <ebil:Condiciones_Pago>?</ebil:Condiciones_Pago>\r
            <!--Optional:-->\r
            <ebil:ContactoCargo>?</ebil:ContactoCargo>\r
            <!--Optional:-->\r
            <ebil:ContactoCorreo>?</ebil:ContactoCorreo>\r
            <!--Optional:-->\r
            <ebil:ContactoNombre>?</ebil:ContactoNombre>\r
            <!--Optional:-->\r
            <ebil:CorreoCliente>?</ebil:CorreoCliente>\r
            <!--Optional:-->\r
            <ebil:DepartamentoDANE>?</ebil:DepartamentoDANE>\r
            <!--Optional:-->\r
            <ebil:DescripcionPlan>?</ebil:DescripcionPlan>\r
            <!--Optional:-->\r
            <ebil:Descuento>?</ebil:Descuento>\r
            <!--Optional:-->\r
            <ebil:DigitoVerificaCliente>?</ebil:DigitoVerificaCliente>\r
            <!--Optional:-->\r
            <ebil:DireccionCliente>?</ebil:DireccionCliente>\r
            <!--Optional:-->\r
            <ebil:EstiloFactura>?</ebil:EstiloFactura>\r
            <!--Optional:-->\r
            <ebil:FechaExpedicion>?</ebil:FechaExpedicion>\r
            <!--Optional:-->\r
            <ebil:FechaFinalPeriodoFacturado>?</ebil:FechaFinalPeriodoFacturado>\r
            <!--Optional:-->\r
            <ebil:FechaInicialPeriodoFacturado>?</ebil:FechaInicialPeriodoFacturado>\r
            <!--Optional:-->\r
            <ebil:FechaVencimiento>?</ebil:FechaVencimiento>\r
            <!--Optional:-->\r
            <ebil:FormaPago>?</ebil:FormaPago>\r
            <!--Optional:-->\r
            <ebil:IDInterno>?</ebil:IDInterno>\r
            <!--Optional:-->\r
            <ebil:IDUbicacionCliente>?</ebil:IDUbicacionCliente>\r
            <!--Optional:-->\r
            <ebil:IDUbicacionEnvio>?</ebil:IDUbicacionEnvio>\r
            <!--Optional:-->\r
            <ebil:IdPlan>?</ebil:IdPlan>\r
            <!--Optional:-->\r
            <ebil:IdSucursal>?</ebil:IdSucursal>\r
            <!--Optional:-->\r
            <ebil:Incoterm>?</ebil:Incoterm>\r
            <!--Optional:-->\r
            <ebil:InfoAdicional>?</ebil:InfoAdicional>\r
            <!--Optional:-->\r
            <ebil:LugarTerminosEntrega>?</ebil:LugarTerminosEntrega>\r
            <!--Optional:-->\r
            <ebil:MesCausado>?</ebil:MesCausado>\r
            <!--Optional:-->\r
            <ebil:MonedaISO>?</ebil:MonedaISO>\r
            <!--Optional:-->\r
            <ebil:NitCliente>?</ebil:NitCliente>\r
            <!--Optional:-->\r
            <ebil:NitEmpresa>?</ebil:NitEmpresa>\r
            <!--Optional:-->\r
            <ebil:NombreCliente>?</ebil:NombreCliente>\r
            <!--Optional:-->\r
            <ebil:NombrePlan>?</ebil:NombrePlan>\r
            <!--Optional:-->\r
            <ebil:NombreVendedor>?</ebil:NombreVendedor>\r
            <!--Optional:-->\r
            <ebil:NumAprobacionRes>?</ebil:NumAprobacionRes>\r
            <!--Optional:-->\r
            <ebil:NumFactura>?</ebil:NumFactura>\r
            <!--Optional:-->\r
            <ebil:OrderID>?</ebil:OrderID>\r
            <!--Optional:-->\r
            <ebil:PAI_ISO_3166>?</ebil:PAI_ISO_3166>\r
            <!--Optional:-->\r
            <ebil:PagoAnterior>?</ebil:PagoAnterior>\r
            <!--Optional:-->\r
            <ebil:Prefijo>?</ebil:Prefijo>\r
            <!--Optional:-->\r
            <ebil:ReferenciaCliente>?</ebil:ReferenciaCliente>\r
            <!--Optional:-->\r
            <ebil:RetencionCREETotal>?</ebil:RetencionCREETotal>\r
            <!--Optional:-->\r
            <ebil:SMSXDoc>?</ebil:SMSXDoc>\r
            <!--Optional:-->\r
            <ebil:SaldoAnterior>?</ebil:SaldoAnterior>\r
            <!--Optional:-->\r
            <ebil:SubTotal>?</ebil:SubTotal>\r
            <!--Optional:-->\r
            <ebil:SubTotalSegunMon>?</ebil:SubTotalSegunMon>\r
            <!--Optional:-->\r
            <ebil:Sucursal>?</ebil:Sucursal>\r
            <!--Optional:-->\r
            <ebil:TIP_id_tipo_persona>?</ebil:TIP_id_tipo_persona>\r
            <!--Optional:-->\r
            <ebil:TasaCambio>?</ebil:TasaCambio>\r
            <!--Optional:-->\r
            <ebil:TelefonoCliente>?</ebil:TelefonoCliente>\r
            <!--Optional:-->\r
            <ebil:Texto3>?</ebil:Texto3>\r
            <!--Optional:-->\r
            <ebil:TieneAcuerdo>?</ebil:TieneAcuerdo>\r
            <!--Optional:-->\r
            <ebil:TipoComprobante>?</ebil:TipoComprobante>\r
            <!--Optional:-->\r
            <ebil:TipoContribuyente>?</ebil:TipoContribuyente>\r
            <!--Optional:-->\r
            <ebil:TipoIDCliente>?</ebil:TipoIDCliente>\r
            <!--Optional:-->\r
            <ebil:Total>?</ebil:Total>\r
            <!--Optional:-->\r
            <ebil:TotalIVA>?</ebil:TotalIVA>\r
            <!--Optional:-->\r
            <ebil:TotalIVASegunMon>?</ebil:TotalIVASegunMon>\r
            <!--Optional:-->\r
            <ebil:TotalRetICA>?</ebil:TotalRetICA>\r
            <!--Optional:-->\r
            <ebil:TotalRetIVA>?</ebil:TotalRetIVA>\r
            <!--Optional:-->\r
            <ebil:TotalRetencion>?</ebil:TotalRetencion>\r
            <!--Optional:-->\r
            <ebil:TotalSegunMon>?</ebil:TotalSegunMon>\r
            <!--Optional:-->\r
            <ebil:TotalTraslado>?</ebil:TotalTraslado>\r
            <!--Optional:-->\r
            <ebil:Total_a_Pagar>?</ebil:Total_a_Pagar>\r
            <!--Optional:-->\r
            <ebil:ValorHasta1>?</ebil:ValorHasta1>\r
            <!--Optional:-->\r
            <ebil:ValorHasta2>?</ebil:ValorHasta2>\r
            <!--Optional:-->\r
            <ebil:ValorHasta3>?</ebil:ValorHasta3>\r
            <!--Optional:-->\r
            <ebil:ValorHasta4>?</ebil:ValorHasta4>\r
            <!--Optional:-->\r
            <ebil:cfd_activa_nota1>?</ebil:cfd_activa_nota1>\r
            <!--Optional:-->\r
            <ebil:ciudad_envio>?</ebil:ciudad_envio>\r
            <!--Optional:-->\r
            <ebil:code1>?</ebil:code1>\r
            <!--Optional:-->\r
            <ebil:code2>?</ebil:code2>\r
            <!--Optional:-->\r
            <ebil:code3>?</ebil:code3>\r
            <!--Optional:-->\r
            <ebil:curso>?</ebil:curso>\r
            <!--Optional:-->\r
            <ebil:departamento_envio>?</ebil:departamento_envio>\r
            <!--Optional:-->\r
            <ebil:direccion_envio>?</ebil:direccion_envio>\r
            <!--Optional:-->\r
            <ebil:numero_envio>?</ebil:numero_envio>\r
            <!--Optional:-->\r
            <ebil:orden_venta>?</ebil:orden_venta>\r
            <!--Optional:-->\r
            <ebil:pague_hasta1>?</ebil:pague_hasta1>\r
            <!--Optional:-->\r
            <ebil:pague_hasta2>?</ebil:pague_hasta2>\r
            <!--Optional:-->\r
            <ebil:pague_hasta3>?</ebil:pague_hasta3>\r
            <!--Optional:-->\r
            <ebil:referencia>?</ebil:referencia>\r
            <!--Optional:-->\r
            <ebil:referencia1>?</ebil:referencia1>\r
            <!--Optional:-->\r
            <ebil:referencia_envio>?</ebil:referencia_envio>\r
            <!--Optional:-->\r
            <ebil:telefono_envio>?</ebil:telefono_envio>\r
         </tem:FacCab>\r
         <!--Optional:-->\r
         <tem:token>?</tem:token>\r
      </tem:ConsultaDatosDocumentosRecibidos>\r
   </soapenv:Body>\r
</soapenv:Envelope>]]></con:request><con:wsaConfig mustUnderstand="NONE" version="200508" action="http://tempuri.org/IIntegracion/ConsultaDatosDocumentosRecibidos"/></con:call></con:operation><con:operation id="d8d751c7-4595-466c-8ef6-777760f02033" isOneWay="false" action="http://tempuri.org/IIntegracion/ConsultaDatosDocumentosRecibidos_TerceroPagador" name="ConsultaDatosDocumentosRecibidos_TerceroPagador" bindingOperationName="ConsultaDatosDocumentosRecibidos_TerceroPagador" type="Request-Response" inputName="" receivesAttachments="false" sendsAttachments="false" anonymous="optional"><con:settings/><con:call id="3140468b-2c3f-4ae0-ac3c-c57872ba602a" name="Request 1"><con:settings><con:setting id="com.eviware.soapui.impl.wsdl.WsdlRequest@request-headers">&lt;xml-fragment/></con:setting></con:settings><con:encoding>UTF-8</con:encoding><con:endpoint>http://testws.facturaenlinea.co/ServiciosFyM/eBill/Integracion.svc</con:endpoint><con:request><![CDATA[<soapenv:Envelope xmlns:soapenv="http://schemas.xmlsoap.org/soap/envelope/" xmlns:tem="http://tempuri.org/" xmlns:ebil="http://schemas.datacontract.org/2004/07/eBillCore">
   <soapenv:Header/>
   <soapenv:Body>
      <tem:ConsultaDatosDocumentosRecibidos_TerceroPagador>
          <tem:FacCab>  
          <!--Docuemnto concatenado prefijo- numero-->          
            <ebil:CFD_numero_enlace_doc_ref>P3F7</ebil:CFD_numero_enlace_doc_ref>
              <!--Nit Proveedor-->
            <ebil:NitCliente>900676165</ebil:NitCliente>
             <!--Nit Colombiana de Comercio-->
            <ebil:NitEmpresa>890900943</ebil:NitEmpresa>
            <ebil:TipoComprobante>1</ebil:TipoComprobante>            
            </tem:FacCab>     
               <!--Token Colombiana de Comercio-->   
         <tem:token>72BE38FA-F132-4E44-B32C-AEC3FA383572</tem:token>
      </tem:ConsultaDatosDocumentosRecibidos_TerceroPagador>
   </soapenv:Body>
</soapenv:Envelope>
]]></con:request><con:credentials><con:authType>No Authorization</con:authType></con:credentials><con:jmsConfig JMSDeliveryMode="PERSISTENT"/><con:jmsPropertyConfig/><con:wsaConfig mustUnderstand="NONE" version="200508" action="http://tempuri.org/IIntegracion/ConsultaDatosDocumentosRecibidos_TerceroPagador"/><con:wsrmConfig version="1.2"/></con:call></con:operation><con:operation id="debab14d-9d1b-4c46-993f-b4b2c7045e46" isOneWay="false" action="http://tempuri.org/IIntegracion/ConsultaHistoricoEstadosDocumentoRecibidoIO" name="ConsultaHistoricoEstadosDocumentoRecibidoIO" bindingOperationName="ConsultaHistoricoEstadosDocumentoRecibidoIO" type="Request-Response" inputName="" receivesAttachments="false" sendsAttachments="false" anonymous="optional"><con:settings/><con:call id="e2ec5f17-c287-4deb-8fa3-3d070d32e4e8" name="Request 1"><con:settings/><con:encoding>UTF-8</con:encoding><con:endpoint>http://testws.facturaenlinea.co/ServiciosFyM/eBill/Integracion.svc</con:endpoint><con:request><![CDATA[<soapenv:Envelope xmlns:soapenv="http://schemas.xmlsoap.org/soap/envelope/" xmlns:tem="http://tempuri.org/">\r
   <soapenv:Header/>\r
   <soapenv:Body>\r
      <tem:ConsultaHistoricoEstadosDocumentoRecibidoIO>\r
         <!--Optional:-->\r
         <tem:TrackIdDocument>?</tem:TrackIdDocument>\r
         <!--Optional:-->\r
         <tem:Token>?</tem:Token>\r
      </tem:ConsultaHistoricoEstadosDocumentoRecibidoIO>\r
   </soapenv:Body>\r
</soapenv:Envelope>]]></con:request><con:wsaConfig mustUnderstand="NONE" version="200508" action="http://tempuri.org/IIntegracion/ConsultaHistoricoEstadosDocumentoRecibidoIO"/></con:call></con:operation><con:operation id="5007927a-2b4c-476a-873a-38b498966682" isOneWay="false" action="http://tempuri.org/IIntegracion/ConsultaIdentificadorFacturaXOrderID" name="ConsultaIdentificadorFacturaXOrderID" bindingOperationName="ConsultaIdentificadorFacturaXOrderID" type="Request-Response" inputName="" receivesAttachments="false" sendsAttachments="false" anonymous="optional"><con:settings/><con:call id="84c4cadb-c42d-4c5a-bbb2-bda7304bb5aa" name="Request 1"><con:settings/><con:encoding>UTF-8</con:encoding><con:endpoint>http://testws.facturaenlinea.co/ServiciosFyM/eBill/Integracion.svc</con:endpoint><con:request><![CDATA[<soapenv:Envelope xmlns:soapenv="http://schemas.xmlsoap.org/soap/envelope/" xmlns:tem="http://tempuri.org/">\r
   <soapenv:Header/>\r
   <soapenv:Body>\r
      <tem:ConsultaIdentificadorFacturaXOrderID>\r
         <!--Optional:-->\r
         <tem:OrderId>?</tem:OrderId>\r
         <!--Optional:-->\r
         <tem:NitEmp>?</tem:NitEmp>\r
         <!--Optional:-->\r
         <tem:Token>?</tem:Token>\r
      </tem:ConsultaIdentificadorFacturaXOrderID>\r
   </soapenv:Body>\r
</soapenv:Envelope>]]></con:request><con:wsaConfig mustUnderstand="NONE" version="200508" action="http://tempuri.org/IIntegracion/ConsultaIdentificadorFacturaXOrderID"/></con:call></con:operation><con:operation id="16681007-24fd-4edf-8a7d-47f1adf05e83" isOneWay="false" action="http://tempuri.org/IIntegracion/ConsultarAppResponseDocumentoRecibido" name="ConsultarAppResponseDocumentoRecibido" bindingOperationName="ConsultarAppResponseDocumentoRecibido" type="Request-Response" inputName="" receivesAttachments="false" sendsAttachments="false" anonymous="optional"><con:settings/><con:call id="5947a959-9361-4ab4-a0be-ae1ca3e44ee5" name="Request 1"><con:settings/><con:encoding>UTF-8</con:encoding><con:endpoint>http://testws.facturaenlinea.co/ServiciosFyM/eBill/Integracion.svc</con:endpoint><con:request><![CDATA[<soapenv:Envelope xmlns:soapenv="http://schemas.xmlsoap.org/soap/envelope/" xmlns:tem="http://tempuri.org/">\r
   <soapenv:Header/>\r
   <soapenv:Body>\r
      <tem:ConsultarAppResponseDocumentoRecibido>\r
         <!--Optional:-->\r
         <tem:TrackIdDocument>?</tem:TrackIdDocument>\r
         <!--Optional:-->\r
         <tem:Token>?</tem:Token>\r
         <!--Optional:-->\r
         <tem:IdEstado>?</tem:IdEstado>\r
      </tem:ConsultarAppResponseDocumentoRecibido>\r
   </soapenv:Body>\r
</soapenv:Envelope>]]></con:request><con:wsaConfig mustUnderstand="NONE" version="200508" action="http://tempuri.org/IIntegracion/ConsultarAppResponseDocumentoRecibido"/></con:call></con:operation><con:operation id="9ee50c6b-b178-45c9-9dcb-49e9b173a199" isOneWay="false" action="http://tempuri.org/IIntegracion/ConsultaResolucionesDIAN" name="ConsultaResolucionesDIAN" bindingOperationName="ConsultaResolucionesDIAN" type="Request-Response" inputName="" receivesAttachments="false" sendsAttachments="false" anonymous="optional"><con:settings/><con:call id="495fb6dd-150f-4e0a-8977-80a3a7d9bf3b" name="Request 1"><con:settings/><con:encoding>UTF-8</con:encoding><con:endpoint>http://testws.facturaenlinea.co/ServiciosFyM/eBill/Integracion.svc</con:endpoint><con:request><![CDATA[<soapenv:Envelope xmlns:soapenv="http://schemas.xmlsoap.org/soap/envelope/" xmlns:tem="http://tempuri.org/">\r
   <soapenv:Header/>\r
   <soapenv:Body>\r
      <tem:ConsultaResolucionesDIAN>\r
         <!--Optional:-->\r
         <tem:NitEmpresa>?</tem:NitEmpresa>\r
         <!--Optional:-->\r
         <tem:Token>?</tem:Token>\r
      </tem:ConsultaResolucionesDIAN>\r
   </soapenv:Body>\r
</soapenv:Envelope>]]></con:request><con:wsaConfig mustUnderstand="NONE" version="200508" action="http://tempuri.org/IIntegracion/ConsultaResolucionesDIAN"/></con:call></con:operation><con:operation id="ab1b940c-19de-4b30-8267-5a8ad9a516ea" isOneWay="false" action="http://tempuri.org/IIntegracion/CrearEmpresaeBill" name="CrearEmpresaeBill" bindingOperationName="CrearEmpresaeBill" type="Request-Response" inputName="" receivesAttachments="false" sendsAttachments="false" anonymous="optional"><con:settings/><con:call id="61ba8157-bcf7-4f23-9796-5216e3135777" name="Request 1"><con:settings/><con:encoding>UTF-8</con:encoding><con:endpoint>http://testws.facturaenlinea.co/ServiciosFyM/eBill/Integracion.svc</con:endpoint><con:request><![CDATA[<soapenv:Envelope xmlns:soapenv="http://schemas.xmlsoap.org/soap/envelope/" xmlns:tem="http://tempuri.org/" xmlns:ebil="http://schemas.datacontract.org/2004/07/eBillCore">\r
   <soapenv:Header/>\r
   <soapenv:Body>\r
      <tem:CrearEmpresaeBill>\r
         <!--Optional:-->\r
         <tem:FacCab>\r
            <!--Optional:-->\r
            <ebil:CiudadProv>?</ebil:CiudadProv>\r
            <!--Optional:-->\r
            <ebil:CorreoProv>?</ebil:CorreoProv>\r
            <!--Optional:-->\r
            <ebil:DigitoVerificacionProv>?</ebil:DigitoVerificacionProv>\r
            <!--Optional:-->\r
            <ebil:DireccionProv>?</ebil:DireccionProv>\r
            <!--Optional:-->\r
            <ebil:Emp_RFC>?</ebil:Emp_RFC>\r
            <!--Optional:-->\r
            <ebil:NitEmpresa>?</ebil:NitEmpresa>\r
            <!--Optional:-->\r
            <ebil:NitProveedor>?</ebil:NitProveedor>\r
            <!--Optional:-->\r
            <ebil:NombreProv>?</ebil:NombreProv>\r
            <!--Optional:-->\r
            <ebil:TelefonoProv>?</ebil:TelefonoProv>\r
            <!--Optional:-->\r
            <ebil:pes_id_estado>?</ebil:pes_id_estado>\r
            <!--Optional:-->\r
            <ebil:pro_correo_contabilizacion>?</ebil:pro_correo_contabilizacion>\r
            <!--Optional:-->\r
            <ebil:pro_correo_rechazo>?</ebil:pro_correo_rechazo>\r
            <!--Optional:-->\r
            <ebil:pro_correoaceptacion>?</ebil:pro_correoaceptacion>\r
            <!--Optional:-->\r
            <ebil:pro_excluido_docReferencia>?</ebil:pro_excluido_docReferencia>\r
            <!--Optional:-->\r
            <ebil:pro_excluido_regnegocio>?</ebil:pro_excluido_regnegocio>\r
            <!--Optional:-->\r
            <ebil:pro_nombres_validos>?</ebil:pro_nombres_validos>\r
            <!--Optional:-->\r
            <ebil:pro_otros_correos>?</ebil:pro_otros_correos>\r
         </tem:FacCab>\r
         <!--Optional:-->\r
         <tem:Token>?</tem:Token>\r
      </tem:CrearEmpresaeBill>\r
   </soapenv:Body>\r
</soapenv:Envelope>]]></con:request><con:wsaConfig mustUnderstand="NONE" version="200508" action="http://tempuri.org/IIntegracion/CrearEmpresaeBill"/></con:call></con:operation><con:operation id="3f447e7e-a66f-4d3a-9984-9a04cc8e535d" isOneWay="false" action="http://tempuri.org/IIntegracion/CrearProveedoreseBill" name="CrearProveedoreseBill" bindingOperationName="CrearProveedoreseBill" type="Request-Response" inputName="" receivesAttachments="false" sendsAttachments="false" anonymous="optional"><con:settings/><con:call id="1416ddca-38a5-4e1f-a928-6fa9ddffe59d" name="Request 1"><con:settings/><con:encoding>UTF-8</con:encoding><con:endpoint>http://testws.facturaenlinea.co/ServiciosFyM/eBill/Integracion.svc</con:endpoint><con:request><![CDATA[<soapenv:Envelope xmlns:soapenv="http://schemas.xmlsoap.org/soap/envelope/" xmlns:tem="http://tempuri.org/" xmlns:ebil="http://schemas.datacontract.org/2004/07/eBillCore">\r
   <soapenv:Header/>\r
   <soapenv:Body>\r
      <tem:CrearProveedoreseBill>\r
         <!--Optional:-->\r
         <tem:FacCab>\r
            <!--Optional:-->\r
            <ebil:CiudadProv>?</ebil:CiudadProv>\r
            <!--Optional:-->\r
            <ebil:CorreoProv>?</ebil:CorreoProv>\r
            <!--Optional:-->\r
            <ebil:DigitoVerificacionProv>?</ebil:DigitoVerificacionProv>\r
            <!--Optional:-->\r
            <ebil:DireccionProv>?</ebil:DireccionProv>\r
            <!--Optional:-->\r
            <ebil:Emp_RFC>?</ebil:Emp_RFC>\r
            <!--Optional:-->\r
            <ebil:NitEmpresa>?</ebil:NitEmpresa>\r
            <!--Optional:-->\r
            <ebil:NitProveedor>?</ebil:NitProveedor>\r
            <!--Optional:-->\r
            <ebil:NombreProv>?</ebil:NombreProv>\r
            <!--Optional:-->\r
            <ebil:TelefonoProv>?</ebil:TelefonoProv>\r
            <!--Optional:-->\r
            <ebil:pes_id_estado>?</ebil:pes_id_estado>\r
            <!--Optional:-->\r
            <ebil:pro_correo_contabilizacion>?</ebil:pro_correo_contabilizacion>\r
            <!--Optional:-->\r
            <ebil:pro_correo_rechazo>?</ebil:pro_correo_rechazo>\r
            <!--Optional:-->\r
            <ebil:pro_correoaceptacion>?</ebil:pro_correoaceptacion>\r
            <!--Optional:-->\r
            <ebil:pro_excluido_docReferencia>?</ebil:pro_excluido_docReferencia>\r
            <!--Optional:-->\r
            <ebil:pro_excluido_regnegocio>?</ebil:pro_excluido_regnegocio>\r
            <!--Optional:-->\r
            <ebil:pro_nombres_validos>?</ebil:pro_nombres_validos>\r
            <!--Optional:-->\r
            <ebil:pro_otros_correos>?</ebil:pro_otros_correos>\r
         </tem:FacCab>\r
         <!--Optional:-->\r
         <tem:Opciones>\r
            <!--Optional:-->\r
            <ebil:ActualizaProductos>?</ebil:ActualizaProductos>\r
            <!--Optional:-->\r
            <ebil:CalculaReteCree>?</ebil:CalculaReteCree>\r
            <!--Optional:-->\r
            <ebil:CalculaReteFuente>?</ebil:CalculaReteFuente>\r
            <!--Optional:-->\r
            <ebil:CalculaReteICA>?</ebil:CalculaReteICA>\r
            <!--Optional:-->\r
            <ebil:CalculaReteIVA>?</ebil:CalculaReteIVA>\r
            <!--Optional:-->\r
            <ebil:EmisionAutomatica>?</ebil:EmisionAutomatica>\r
            <!--Optional:-->\r
            <ebil:FacturasSinAcuerdo>?</ebil:FacturasSinAcuerdo>\r
            <!--Optional:-->\r
            <ebil:ModeloXAceptacion>?</ebil:ModeloXAceptacion>\r
            <!--Optional:-->\r
            <ebil:NotasRelacionadas>?</ebil:NotasRelacionadas>\r
            <!--Optional:-->\r
            <ebil:OrderControl>?</ebil:OrderControl>\r
            <!--Optional:-->\r
            <ebil:TieneAcuerdosFisicos>?</ebil:TieneAcuerdosFisicos>\r
            <!--Optional:-->\r
            <ebil:TokenConexion>?</ebil:TokenConexion>\r
            <!--Optional:-->\r
            <ebil:eBillAdmNumerosFactura>?</ebil:eBillAdmNumerosFactura>\r
         </tem:Opciones>\r
         <!--Optional:-->\r
         <tem:notificarPortalPIV>?</tem:notificarPortalPIV>\r
         <!--Optional:-->\r
         <tem:fechaFacturas>?</tem:fechaFacturas>\r
      </tem:CrearProveedoreseBill>\r
   </soapenv:Body>\r
</soapenv:Envelope>]]></con:request><con:wsaConfig mustUnderstand="NONE" version="200508" action="http://tempuri.org/IIntegracion/CrearProveedoreseBill"/></con:call></con:operation><con:operation id="d95cbde7-9463-488e-ab77-704c67d460cc" isOneWay="false" action="http://tempuri.org/IIntegracion/EmpresaRecibeInteroperabilidad" name="EmpresaRecibeInteroperabilidad" bindingOperationName="EmpresaRecibeInteroperabilidad" type="Request-Response" inputName="" receivesAttachments="false" sendsAttachments="false" anonymous="optional"><con:settings/><con:call id="1834ff57-306d-40cd-b728-be27fb1b3da6" name="Request 1"><con:settings/><con:encoding>UTF-8</con:encoding><con:endpoint>http://testws.facturaenlinea.co/ServiciosFyM/eBill/Integracion.svc</con:endpoint><con:request><![CDATA[<soapenv:Envelope xmlns:soapenv="http://schemas.xmlsoap.org/soap/envelope/" xmlns:tem="http://tempuri.org/">\r
   <soapenv:Header/>\r
   <soapenv:Body>\r
      <tem:EmpresaRecibeInteroperabilidad>\r
         <!--Optional:-->\r
         <tem:NitEmpresa>?</tem:NitEmpresa>\r
         <!--Optional:-->\r
         <tem:token>?</tem:token>\r
      </tem:EmpresaRecibeInteroperabilidad>\r
   </soapenv:Body>\r
</soapenv:Envelope>]]></con:request><con:wsaConfig mustUnderstand="NONE" version="200508" action="http://tempuri.org/IIntegracion/EmpresaRecibeInteroperabilidad"/></con:call></con:operation><con:operation id="9cb6dd87-eff4-4d3b-8fc4-f30894013b91" isOneWay="false" action="http://tempuri.org/IIntegracion/EnviarDocumentoElectronico" name="EnviarDocumentoElectronico" bindingOperationName="EnviarDocumentoElectronico" type="Request-Response" inputName="" receivesAttachments="false" sendsAttachments="false" anonymous="optional"><con:settings/><con:call id="293e6ff7-5061-4a0c-b144-b15701e9dde5" name="Request 1"><con:settings/><con:encoding>UTF-8</con:encoding><con:endpoint>http://testws.facturaenlinea.co/ServiciosFyM/eBill/Integracion.svc</con:endpoint><con:request><![CDATA[<soapenv:Envelope xmlns:soapenv="http://schemas.xmlsoap.org/soap/envelope/" xmlns:tem="http://tempuri.org/" xmlns:ebil="http://schemas.datacontract.org/2004/07/eBillCore">\r
   <soapenv:Header/>\r
   <soapenv:Body>\r
      <tem:EnviarDocumentoElectronico>\r
         <!--Optional:-->\r
         <tem:FacCab>\r
            <!--Optional:-->\r
            <ebil:AnoAprobacionRes>?</ebil:AnoAprobacionRes>\r
            <!--Optional:-->\r
            <ebil:Base_Impuesto>?</ebil:Base_Impuesto>\r
            <!--Optional:-->\r
            <ebil:CFD_EST_estado_tramit>?</ebil:CFD_EST_estado_tramit>\r
            <!--Optional:-->\r
            <ebil:CFD_Flete>?</ebil:CFD_Flete>\r
            <!--Optional:-->\r
            <ebil:CFD_OtrosCargos>?</ebil:CFD_OtrosCargos>\r
            <!--Optional:-->\r
            <ebil:CFD_Por_Margen>?</ebil:CFD_Por_Margen>\r
            <!--Optional:-->\r
            <ebil:CFD_ResponseCode>?</ebil:CFD_ResponseCode>\r
            <!--Optional:-->\r
            <ebil:CFD_base_ICA_total>?</ebil:CFD_base_ICA_total>\r
            <!--Optional:-->\r
            <ebil:CFD_base_impo_total_nal>?</ebil:CFD_base_impo_total_nal>\r
            <!--Optional:-->\r
            <ebil:CFD_base_impo_total_reg>?</ebil:CFD_base_impo_total_reg>\r
            <!--Optional:-->\r
            <ebil:CFD_campo_texto_10>?</ebil:CFD_campo_texto_10>\r
            <!--Optional:-->\r
            <ebil:CFD_campo_texto_11>?</ebil:CFD_campo_texto_11>\r
            <!--Optional:-->\r
            <ebil:CFD_campo_texto_12>?</ebil:CFD_campo_texto_12>\r
            <!--Optional:-->\r
            <ebil:CFD_campo_texto_13>?</ebil:CFD_campo_texto_13>\r
            <!--Optional:-->\r
            <ebil:CFD_campo_texto_14>?</ebil:CFD_campo_texto_14>\r
            <!--Optional:-->\r
            <ebil:CFD_campo_texto_15>?</ebil:CFD_campo_texto_15>\r
            <!--Optional:-->\r
            <ebil:CFD_campo_texto_16>?</ebil:CFD_campo_texto_16>\r
            <!--Optional:-->\r
            <ebil:CFD_campo_texto_17>?</ebil:CFD_campo_texto_17>\r
            <!--Optional:-->\r
            <ebil:CFD_campo_texto_18>?</ebil:CFD_campo_texto_18>\r
            <!--Optional:-->\r
            <ebil:CFD_campo_texto_19>?</ebil:CFD_campo_texto_19>\r
            <!--Optional:-->\r
            <ebil:CFD_campo_texto_20>?</ebil:CFD_campo_texto_20>\r
            <!--Optional:-->\r
            <ebil:CFD_campo_texto_21>?</ebil:CFD_campo_texto_21>\r
            <!--Optional:-->\r
            <ebil:CFD_campo_texto_22>?</ebil:CFD_campo_texto_22>\r
            <!--Optional:-->\r
            <ebil:CFD_campo_texto_23>?</ebil:CFD_campo_texto_23>\r
            <!--Optional:-->\r
            <ebil:CFD_campo_texto_24>?</ebil:CFD_campo_texto_24>\r
            <!--Optional:-->\r
            <ebil:CFD_campo_texto_25>?</ebil:CFD_campo_texto_25>\r
            <!--Optional:-->\r
            <ebil:CFD_campo_texto_26>?</ebil:CFD_campo_texto_26>\r
            <!--Optional:-->\r
            <ebil:CFD_campo_texto_27>?</ebil:CFD_campo_texto_27>\r
            <!--Optional:-->\r
            <ebil:CFD_campo_texto_28>?</ebil:CFD_campo_texto_28>\r
            <!--Optional:-->\r
            <ebil:CFD_campo_texto_29>?</ebil:CFD_campo_texto_29>\r
            <!--Optional:-->\r
            <ebil:CFD_campo_texto_30>?</ebil:CFD_campo_texto_30>\r
            <!--Optional:-->\r
            <ebil:CFD_campo_texto_9>?</ebil:CFD_campo_texto_9>\r
            <!--Optional:-->\r
            <ebil:CFD_cantidad_dec_1>?</ebil:CFD_cantidad_dec_1>\r
            <!--Optional:-->\r
            <ebil:CFD_cantidad_dec_10>?</ebil:CFD_cantidad_dec_10>\r
            <!--Optional:-->\r
            <ebil:CFD_cantidad_dec_11>?</ebil:CFD_cantidad_dec_11>\r
            <!--Optional:-->\r
            <ebil:CFD_cantidad_dec_12>?</ebil:CFD_cantidad_dec_12>\r
            <!--Optional:-->\r
            <ebil:CFD_cantidad_dec_13>?</ebil:CFD_cantidad_dec_13>\r
            <!--Optional:-->\r
            <ebil:CFD_cantidad_dec_14>?</ebil:CFD_cantidad_dec_14>\r
            <!--Optional:-->\r
            <ebil:CFD_cantidad_dec_15>?</ebil:CFD_cantidad_dec_15>\r
            <!--Optional:-->\r
            <ebil:CFD_cantidad_dec_16>?</ebil:CFD_cantidad_dec_16>\r
            <!--Optional:-->\r
            <ebil:CFD_cantidad_dec_17>?</ebil:CFD_cantidad_dec_17>\r
            <!--Optional:-->\r
            <ebil:CFD_cantidad_dec_18>?</ebil:CFD_cantidad_dec_18>\r
            <!--Optional:-->\r
            <ebil:CFD_cantidad_dec_19>?</ebil:CFD_cantidad_dec_19>\r
            <!--Optional:-->\r
            <ebil:CFD_cantidad_dec_20>?</ebil:CFD_cantidad_dec_20>\r
            <!--Optional:-->\r
            <ebil:CFD_cantidad_dec_21>?</ebil:CFD_cantidad_dec_21>\r
            <!--Optional:-->\r
            <ebil:CFD_cantidad_dec_22>?</ebil:CFD_cantidad_dec_22>\r
            <!--Optional:-->\r
            <ebil:CFD_cantidad_dec_23>?</ebil:CFD_cantidad_dec_23>\r
            <!--Optional:-->\r
            <ebil:CFD_cantidad_dec_24>?</ebil:CFD_cantidad_dec_24>\r
            <!--Optional:-->\r
            <ebil:CFD_cantidad_dec_25>?</ebil:CFD_cantidad_dec_25>\r
            <!--Optional:-->\r
            <ebil:CFD_cantidad_dec_4>?</ebil:CFD_cantidad_dec_4>\r
            <!--Optional:-->\r
            <ebil:CFD_cantidad_dec_5>?</ebil:CFD_cantidad_dec_5>\r
            <!--Optional:-->\r
            <ebil:CFD_cantidad_dec_6>?</ebil:CFD_cantidad_dec_6>\r
            <!--Optional:-->\r
            <ebil:CFD_cantidad_dec_7>?</ebil:CFD_cantidad_dec_7>\r
            <!--Optional:-->\r
            <ebil:CFD_cantidad_dec_8>?</ebil:CFD_cantidad_dec_8>\r
            <!--Optional:-->\r
            <ebil:CFD_cantidad_dec_9>?</ebil:CFD_cantidad_dec_9>\r
            <!--Optional:-->\r
            <ebil:CFD_deducible>?</ebil:CFD_deducible>\r
            <!--Optional:-->\r
            <ebil:CFD_desconexion_servicio>?</ebil:CFD_desconexion_servicio>\r
            <!--Optional:-->\r
            <ebil:CFD_fecha_desconexion>?</ebil:CFD_fecha_desconexion>\r
            <!--Optional:-->\r
            <ebil:CFD_fecha_tasadeCambio>?</ebil:CFD_fecha_tasadeCambio>\r
            <!--Optional:-->\r
            <ebil:CFD_numero_enlace_doc_ref>?</ebil:CFD_numero_enlace_doc_ref>\r
            <!--Optional:-->\r
            <ebil:CFD_porc_rte_ICA>?</ebil:CFD_porc_rte_ICA>\r
            <!--Optional:-->\r
            <ebil:CFD_porc_rte_fuent>?</ebil:CFD_porc_rte_fuent>\r
            <!--Optional:-->\r
            <ebil:CFD_tasa_mora>?</ebil:CFD_tasa_mora>\r
            <!--Optional:-->\r
            <ebil:CFD_tdi_id_tipo_doc_interno>?</ebil:CFD_tdi_id_tipo_doc_interno>\r
            <!--Optional:-->\r
            <ebil:CFD_total_ICA>?</ebil:CFD_total_ICA>\r
            <!--Optional:-->\r
            <ebil:CFD_total_aduana_exp>?</ebil:CFD_total_aduana_exp>\r
            <!--Optional:-->\r
            <ebil:CFD_total_cargos>?</ebil:CFD_total_cargos>\r
            <!--Optional:-->\r
            <ebil:CFD_total_descuentos>?</ebil:CFD_total_descuentos>\r
            <!--Optional:-->\r
            <ebil:CFD_total_margen>?</ebil:CFD_total_margen>\r
            <!--Optional:-->\r
            <ebil:CFD_total_seguro_exp>?</ebil:CFD_total_seguro_exp>\r
            <!--Optional:-->\r
            <ebil:CLI_numero_cliente>?</ebil:CLI_numero_cliente>\r
            <!--Optional:-->\r
            <ebil:CREETotal>?</ebil:CREETotal>\r
            <!--Optional:-->\r
            <ebil:CampoTexto1>?</ebil:CampoTexto1>\r
            <!--Optional:-->\r
            <ebil:CampoTexto2>?</ebil:CampoTexto2>\r
            <!--Optional:-->\r
            <ebil:CampoTexto3>?</ebil:CampoTexto3>\r
            <!--Optional:-->\r
            <ebil:CampoTexto4>?</ebil:CampoTexto4>\r
            <!--Optional:-->\r
            <ebil:CampoTexto5>?</ebil:CampoTexto5>\r
            <!--Optional:-->\r
            <ebil:CampoTexto6>?</ebil:CampoTexto6>\r
            <!--Optional:-->\r
            <ebil:CampoTexto7>?</ebil:CampoTexto7>\r
            <!--Optional:-->\r
            <ebil:CampoTexto8>?</ebil:CampoTexto8>\r
            <!--Optional:-->\r
            <ebil:Cantidad1>?</ebil:Cantidad1>\r
            <!--Optional:-->\r
            <ebil:Cantidad2>?</ebil:Cantidad2>\r
            <!--Optional:-->\r
            <ebil:Cantidad3>?</ebil:Cantidad3>\r
            <!--Optional:-->\r
            <ebil:CantidadDec1>?</ebil:CantidadDec1>\r
            <!--Optional:-->\r
            <ebil:CantidadDec2>?</ebil:CantidadDec2>\r
            <!--Optional:-->\r
            <ebil:CantidadDec3>?</ebil:CantidadDec3>\r
            <!--Optional:-->\r
            <ebil:CiudadDANE>?</ebil:CiudadDANE>\r
            <!--Optional:-->\r
            <ebil:CodVendedor>?</ebil:CodVendedor>\r
            <!--Optional:-->\r
            <ebil:CodigoPostalCliente>?</ebil:CodigoPostalCliente>\r
            <!--Optional:-->\r
            <ebil:CodigoPostalEnvio>?</ebil:CodigoPostalEnvio>\r
            <!--Optional:-->\r
            <ebil:ComprobanteCon>?</ebil:ComprobanteCon>\r
            <!--Optional:-->\r
            <ebil:Condiciones_Pago>?</ebil:Condiciones_Pago>\r
            <!--Optional:-->\r
            <ebil:ContactoCargo>?</ebil:ContactoCargo>\r
            <!--Optional:-->\r
            <ebil:ContactoCorreo>?</ebil:ContactoCorreo>\r
            <!--Optional:-->\r
            <ebil:ContactoNombre>?</ebil:ContactoNombre>\r
            <!--Optional:-->\r
            <ebil:CorreoCliente>?</ebil:CorreoCliente>\r
            <!--Optional:-->\r
            <ebil:DepartamentoDANE>?</ebil:DepartamentoDANE>\r
            <!--Optional:-->\r
            <ebil:DescripcionPlan>?</ebil:DescripcionPlan>\r
            <!--Optional:-->\r
            <ebil:Descuento>?</ebil:Descuento>\r
            <!--Optional:-->\r
            <ebil:DigitoVerificaCliente>?</ebil:DigitoVerificaCliente>\r
            <!--Optional:-->\r
            <ebil:DireccionCliente>?</ebil:DireccionCliente>\r
            <!--Optional:-->\r
            <ebil:EstiloFactura>?</ebil:EstiloFactura>\r
            <!--Optional:-->\r
            <ebil:FechaExpedicion>?</ebil:FechaExpedicion>\r
            <!--Optional:-->\r
            <ebil:FechaFinalPeriodoFacturado>?</ebil:FechaFinalPeriodoFacturado>\r
            <!--Optional:-->\r
            <ebil:FechaInicialPeriodoFacturado>?</ebil:FechaInicialPeriodoFacturado>\r
            <!--Optional:-->\r
            <ebil:FechaVencimiento>?</ebil:FechaVencimiento>\r
            <!--Optional:-->\r
            <ebil:FormaPago>?</ebil:FormaPago>\r
            <!--Optional:-->\r
            <ebil:IDInterno>?</ebil:IDInterno>\r
            <!--Optional:-->\r
            <ebil:IDUbicacionCliente>?</ebil:IDUbicacionCliente>\r
            <!--Optional:-->\r
            <ebil:IDUbicacionEnvio>?</ebil:IDUbicacionEnvio>\r
            <!--Optional:-->\r
            <ebil:IdPlan>?</ebil:IdPlan>\r
            <!--Optional:-->\r
            <ebil:IdSucursal>?</ebil:IdSucursal>\r
            <!--Optional:-->\r
            <ebil:Incoterm>?</ebil:Incoterm>\r
            <!--Optional:-->\r
            <ebil:InfoAdicional>?</ebil:InfoAdicional>\r
            <!--Optional:-->\r
            <ebil:LugarTerminosEntrega>?</ebil:LugarTerminosEntrega>\r
            <!--Optional:-->\r
            <ebil:MesCausado>?</ebil:MesCausado>\r
            <!--Optional:-->\r
            <ebil:MonedaISO>?</ebil:MonedaISO>\r
            <!--Optional:-->\r
            <ebil:NitCliente>?</ebil:NitCliente>\r
            <!--Optional:-->\r
            <ebil:NitEmpresa>?</ebil:NitEmpresa>\r
            <!--Optional:-->\r
            <ebil:NombreCliente>?</ebil:NombreCliente>\r
            <!--Optional:-->\r
            <ebil:NombrePlan>?</ebil:NombrePlan>\r
            <!--Optional:-->\r
            <ebil:NombreVendedor>?</ebil:NombreVendedor>\r
            <!--Optional:-->\r
            <ebil:NumAprobacionRes>?</ebil:NumAprobacionRes>\r
            <!--Optional:-->\r
            <ebil:NumFactura>?</ebil:NumFactura>\r
            <!--Optional:-->\r
            <ebil:OrderID>?</ebil:OrderID>\r
            <!--Optional:-->\r
            <ebil:PAI_ISO_3166>?</ebil:PAI_ISO_3166>\r
            <!--Optional:-->\r
            <ebil:PagoAnterior>?</ebil:PagoAnterior>\r
            <!--Optional:-->\r
            <ebil:Prefijo>?</ebil:Prefijo>\r
            <!--Optional:-->\r
            <ebil:ReferenciaCliente>?</ebil:ReferenciaCliente>\r
            <!--Optional:-->\r
            <ebil:RetencionCREETotal>?</ebil:RetencionCREETotal>\r
            <!--Optional:-->\r
            <ebil:SMSXDoc>?</ebil:SMSXDoc>\r
            <!--Optional:-->\r
            <ebil:SaldoAnterior>?</ebil:SaldoAnterior>\r
            <!--Optional:-->\r
            <ebil:SubTotal>?</ebil:SubTotal>\r
            <!--Optional:-->\r
            <ebil:SubTotalSegunMon>?</ebil:SubTotalSegunMon>\r
            <!--Optional:-->\r
            <ebil:Sucursal>?</ebil:Sucursal>\r
            <!--Optional:-->\r
            <ebil:TIP_id_tipo_persona>?</ebil:TIP_id_tipo_persona>\r
            <!--Optional:-->\r
            <ebil:TasaCambio>?</ebil:TasaCambio>\r
            <!--Optional:-->\r
            <ebil:TelefonoCliente>?</ebil:TelefonoCliente>\r
            <!--Optional:-->\r
            <ebil:Texto3>?</ebil:Texto3>\r
            <!--Optional:-->\r
            <ebil:TieneAcuerdo>?</ebil:TieneAcuerdo>\r
            <!--Optional:-->\r
            <ebil:TipoComprobante>?</ebil:TipoComprobante>\r
            <!--Optional:-->\r
            <ebil:TipoContribuyente>?</ebil:TipoContribuyente>\r
            <!--Optional:-->\r
            <ebil:TipoIDCliente>?</ebil:TipoIDCliente>\r
            <!--Optional:-->\r
            <ebil:Total>?</ebil:Total>\r
            <!--Optional:-->\r
            <ebil:TotalIVA>?</ebil:TotalIVA>\r
            <!--Optional:-->\r
            <ebil:TotalIVASegunMon>?</ebil:TotalIVASegunMon>\r
            <!--Optional:-->\r
            <ebil:TotalRetICA>?</ebil:TotalRetICA>\r
            <!--Optional:-->\r
            <ebil:TotalRetIVA>?</ebil:TotalRetIVA>\r
            <!--Optional:-->\r
            <ebil:TotalRetencion>?</ebil:TotalRetencion>\r
            <!--Optional:-->\r
            <ebil:TotalSegunMon>?</ebil:TotalSegunMon>\r
            <!--Optional:-->\r
            <ebil:TotalTraslado>?</ebil:TotalTraslado>\r
            <!--Optional:-->\r
            <ebil:Total_a_Pagar>?</ebil:Total_a_Pagar>\r
            <!--Optional:-->\r
            <ebil:ValorHasta1>?</ebil:ValorHasta1>\r
            <!--Optional:-->\r
            <ebil:ValorHasta2>?</ebil:ValorHasta2>\r
            <!--Optional:-->\r
            <ebil:ValorHasta3>?</ebil:ValorHasta3>\r
            <!--Optional:-->\r
            <ebil:ValorHasta4>?</ebil:ValorHasta4>\r
            <!--Optional:-->\r
            <ebil:cfd_activa_nota1>?</ebil:cfd_activa_nota1>\r
            <!--Optional:-->\r
            <ebil:ciudad_envio>?</ebil:ciudad_envio>\r
            <!--Optional:-->\r
            <ebil:code1>?</ebil:code1>\r
            <!--Optional:-->\r
            <ebil:code2>?</ebil:code2>\r
            <!--Optional:-->\r
            <ebil:code3>?</ebil:code3>\r
            <!--Optional:-->\r
            <ebil:curso>?</ebil:curso>\r
            <!--Optional:-->\r
            <ebil:departamento_envio>?</ebil:departamento_envio>\r
            <!--Optional:-->\r
            <ebil:direccion_envio>?</ebil:direccion_envio>\r
            <!--Optional:-->\r
            <ebil:numero_envio>?</ebil:numero_envio>\r
            <!--Optional:-->\r
            <ebil:orden_venta>?</ebil:orden_venta>\r
            <!--Optional:-->\r
            <ebil:pague_hasta1>?</ebil:pague_hasta1>\r
            <!--Optional:-->\r
            <ebil:pague_hasta2>?</ebil:pague_hasta2>\r
            <!--Optional:-->\r
            <ebil:pague_hasta3>?</ebil:pague_hasta3>\r
            <!--Optional:-->\r
            <ebil:referencia>?</ebil:referencia>\r
            <!--Optional:-->\r
            <ebil:referencia1>?</ebil:referencia1>\r
            <!--Optional:-->\r
            <ebil:referencia_envio>?</ebil:referencia_envio>\r
            <!--Optional:-->\r
            <ebil:telefono_envio>?</ebil:telefono_envio>\r
         </tem:FacCab>\r
         <!--Optional:-->\r
         <tem:Opciones>\r
            <!--Optional:-->\r
            <ebil:ActualizaProductos>?</ebil:ActualizaProductos>\r
            <!--Optional:-->\r
            <ebil:CalculaReteCree>?</ebil:CalculaReteCree>\r
            <!--Optional:-->\r
            <ebil:CalculaReteFuente>?</ebil:CalculaReteFuente>\r
            <!--Optional:-->\r
            <ebil:CalculaReteICA>?</ebil:CalculaReteICA>\r
            <!--Optional:-->\r
            <ebil:CalculaReteIVA>?</ebil:CalculaReteIVA>\r
            <!--Optional:-->\r
            <ebil:EmisionAutomatica>?</ebil:EmisionAutomatica>\r
            <!--Optional:-->\r
            <ebil:FacturasSinAcuerdo>?</ebil:FacturasSinAcuerdo>\r
            <!--Optional:-->\r
            <ebil:ModeloXAceptacion>?</ebil:ModeloXAceptacion>\r
            <!--Optional:-->\r
            <ebil:NotasRelacionadas>?</ebil:NotasRelacionadas>\r
            <!--Optional:-->\r
            <ebil:OrderControl>?</ebil:OrderControl>\r
            <!--Optional:-->\r
            <ebil:TieneAcuerdosFisicos>?</ebil:TieneAcuerdosFisicos>\r
            <!--Optional:-->\r
            <ebil:TokenConexion>?</ebil:TokenConexion>\r
            <!--Optional:-->\r
            <ebil:eBillAdmNumerosFactura>?</ebil:eBillAdmNumerosFactura>\r
         </tem:Opciones>\r
         <!--Optional:-->\r
         <tem:correo>?</tem:correo>\r
      </tem:EnviarDocumentoElectronico>\r
   </soapenv:Body>\r
</soapenv:Envelope>]]></con:request><con:wsaConfig mustUnderstand="NONE" version="200508" action="http://tempuri.org/IIntegracion/EnviarDocumentoElectronico"/></con:call></con:operation><con:operation id="c2e2a579-fadb-4fda-90af-3786538087dd" isOneWay="false" action="http://tempuri.org/IIntegracion/ExisteContingenciaDianDeclarada" name="ExisteContingenciaDianDeclarada" bindingOperationName="ExisteContingenciaDianDeclarada" type="Request-Response" inputName="" receivesAttachments="false" sendsAttachments="false" anonymous="optional"><con:settings/><con:call id="faac8307-835c-47a8-8121-bb2b2097de6d" name="Request 1"><con:settings/><con:encoding>UTF-8</con:encoding><con:endpoint>http://testws.facturaenlinea.co/ServiciosFyM/eBill/Integracion.svc</con:endpoint><con:request><![CDATA[<soapenv:Envelope xmlns:soapenv="http://schemas.xmlsoap.org/soap/envelope/" xmlns:tem="http://tempuri.org/">\r
   <soapenv:Header/>\r
   <soapenv:Body>\r
      <tem:ExisteContingenciaDianDeclarada>\r
         <!--Optional:-->\r
         <tem:NitEmpresa>?</tem:NitEmpresa>\r
         <!--Optional:-->\r
         <tem:Token>?</tem:Token>\r
      </tem:ExisteContingenciaDianDeclarada>\r
   </soapenv:Body>\r
</soapenv:Envelope>]]></con:request><con:wsaConfig mustUnderstand="NONE" version="200508" action="http://tempuri.org/IIntegracion/ExisteContingenciaDianDeclarada"/></con:call></con:operation><con:operation id="b51fc0a8-df55-4e3b-acc4-48d755861f5c" isOneWay="false" action="http://tempuri.org/IIntegracion/ExisteConvenioEmpresas" name="ExisteConvenioEmpresas" bindingOperationName="ExisteConvenioEmpresas" type="Request-Response" inputName="" receivesAttachments="false" sendsAttachments="false" anonymous="optional"><con:settings/><con:call id="3ba5f7cd-9ea7-4a11-9d07-3b42f33fe8a3" name="Request 1"><con:settings/><con:encoding>UTF-8</con:encoding><con:endpoint>http://testws.facturaenlinea.co/ServiciosFyM/eBill/Integracion.svc</con:endpoint><con:request><![CDATA[<soapenv:Envelope xmlns:soapenv="http://schemas.xmlsoap.org/soap/envelope/" xmlns:tem="http://tempuri.org/">\r
   <soapenv:Header/>\r
   <soapenv:Body>\r
      <tem:ExisteConvenioEmpresas>\r
         <!--Optional:-->\r
         <tem:NitEmisor>?</tem:NitEmisor>\r
         <!--Optional:-->\r
         <tem:NitReceptor>?</tem:NitReceptor>\r
      </tem:ExisteConvenioEmpresas>\r
   </soapenv:Body>\r
</soapenv:Envelope>]]></con:request><con:wsaConfig mustUnderstand="NONE" version="200508" action="http://tempuri.org/IIntegracion/ExisteConvenioEmpresas"/></con:call></con:operation><con:operation id="dac79fa3-c818-4b50-8083-e25300db536d" isOneWay="false" action="http://tempuri.org/IIntegracion/FV_ActualizarContingencia" name="FV_ActualizarContingencia" bindingOperationName="FV_ActualizarContingencia" type="Request-Response" inputName="" receivesAttachments="false" sendsAttachments="false" anonymous="optional"><con:settings/><con:call id="c584c847-dce4-49b6-b3b0-f1a6cd716a1d" name="Request 1"><con:settings><con:setting id="com.eviware.soapui.impl.wsdl.WsdlRequest@request-headers">&lt;xml-fragment/></con:setting></con:settings><con:encoding>UTF-8</con:encoding><con:endpoint>http://testws.facturaenlinea.co/ServiciosFyM/eBill/Integracion.svc</con:endpoint><con:request><![CDATA[<soapenv:Envelope xmlns:soapenv="http://schemas.xmlsoap.org/soap/envelope/" xmlns:tem="http://tempuri.org/">
   <soapenv:Header/>
   <soapenv:Body>
      <tem:FV_ActualizarContingencia>
         <!--Optional:-->
         <tem:Token>T0K3N@pp3B1LL</tem:Token>
         <!--Optional:-->
         <tem:IdHeartBeatDIAN>1</tem:IdHeartBeatDIAN>
         <!--Optional:-->
         <tem:EsContingencia>true</tem:EsContingencia>
      </tem:FV_ActualizarContingencia>
   </soapenv:Body>
</soapenv:Envelope>]]></con:request><con:credentials><con:authType>No Authorization</con:authType></con:credentials><con:jmsConfig JMSDeliveryMode="PERSISTENT"/><con:jmsPropertyConfig/><con:wsaConfig mustUnderstand="NONE" version="200508" action="http://tempuri.org/IIntegracion/FV_ActualizarContingencia"/><con:wsrmConfig version="1.2"/></con:call></con:operation><con:operation id="6b302274-f7e8-4d58-90e8-d3dd97f5d311" isOneWay="false" action="http://tempuri.org/IIntegracion/FV_CargarDocumentosElectronicosToeBillGenericFULL" name="FV_CargarDocumentosElectronicosToeBillGenericFULL" bindingOperationName="FV_CargarDocumentosElectronicosToeBillGenericFULL" type="Request-Response" inputName="" receivesAttachments="false" sendsAttachments="false" anonymous="optional"><con:settings/><con:call id="0b4fa73e-20f7-4bcd-ac4e-9a10950b2f6e" name="Request 1"><con:settings/><con:encoding>UTF-8</con:encoding><con:endpoint>http://testws.facturaenlinea.co/ServiciosFyM/eBill/Integracion.svc</con:endpoint><con:request><![CDATA[<soapenv:Envelope xmlns:soapenv="http://schemas.xmlsoap.org/soap/envelope/" xmlns:tem="http://tempuri.org/" xmlns:ebil="http://schemas.datacontract.org/2004/07/eBillCore" xmlns:arr="http://schemas.microsoft.com/2003/10/Serialization/Arrays">\r
   <soapenv:Header/>\r
   <soapenv:Body>\r
      <tem:FV_CargarDocumentosElectronicosToeBillGenericFULL>\r
         <!--Optional:-->\r
         <tem:FacCab>\r
            <!--Optional:-->\r
            <ebil:AnoAprobacionRes>?</ebil:AnoAprobacionRes>\r
            <!--Optional:-->\r
            <ebil:Base_Impuesto>?</ebil:Base_Impuesto>\r
            <!--Optional:-->\r
            <ebil:CFD_AdditionalDocumentReference>?</ebil:CFD_AdditionalDocumentReference>\r
            <!--Optional:-->\r
            <ebil:CFD_Control_logo>?</ebil:CFD_Control_logo>\r
            <!--Optional:-->\r
            <ebil:CFD_EST_estado_tramit>?</ebil:CFD_EST_estado_tramit>\r
            <!--Optional:-->\r
            <ebil:CFD_Envio_Asyncronico>?</ebil:CFD_Envio_Asyncronico>\r
            <!--Optional:-->\r
            <ebil:CFD_Flete>?</ebil:CFD_Flete>\r
            <!--Optional:-->\r
            <ebil:CFD_Inf_relacionada_Industria>?</ebil:CFD_Inf_relacionada_Industria>\r
            <!--Optional:-->\r
            <ebil:CFD_LineCountNumeric>?</ebil:CFD_LineCountNumeric>\r
            <!--Optional:-->\r
            <ebil:CFD_LineExtensionAmount>?</ebil:CFD_LineExtensionAmount>\r
            <!--Optional:-->\r
            <ebil:CFD_Modelo_Facturacion>?</ebil:CFD_Modelo_Facturacion>\r
            <!--Optional:-->\r
            <ebil:CFD_OtrosCargos>?</ebil:CFD_OtrosCargos>\r
            <!--Optional:-->\r
            <ebil:CFD_Por_Margen>?</ebil:CFD_Por_Margen>\r
            <!--Optional:-->\r
            <ebil:CFD_ProfileExecutionID>?</ebil:CFD_ProfileExecutionID>\r
            <!--Optional:-->\r
            <ebil:CFD_ResponseCode>?</ebil:CFD_ResponseCode>\r
            <!--Optional:-->\r
            <ebil:CFD_TaxExclusiveAmount>?</ebil:CFD_TaxExclusiveAmount>\r
            <!--Optional:-->\r
            <ebil:CFD_TaxInclusiveAmount>?</ebil:CFD_TaxInclusiveAmount>\r
            <!--Optional:-->\r
            <ebil:CFD_TaxPointDate>?</ebil:CFD_TaxPointDate>\r
            <!--Optional:-->\r
            <ebil:CFD_Transaccion_VIP>?</ebil:CFD_Transaccion_VIP>\r
            <!--Optional:-->\r
            <ebil:CFD_base_ICA_total>?</ebil:CFD_base_ICA_total>\r
            <!--Optional:-->\r
            <ebil:CFD_base_impo_total_nal>?</ebil:CFD_base_impo_total_nal>\r
            <!--Optional:-->\r
            <ebil:CFD_base_impo_total_reg>?</ebil:CFD_base_impo_total_reg>\r
            <!--Optional:-->\r
            <ebil:CFD_campo_texto_10>?</ebil:CFD_campo_texto_10>\r
            <!--Optional:-->\r
            <ebil:CFD_campo_texto_11>?</ebil:CFD_campo_texto_11>\r
            <!--Optional:-->\r
            <ebil:CFD_campo_texto_12>?</ebil:CFD_campo_texto_12>\r
            <!--Optional:-->\r
            <ebil:CFD_campo_texto_13>?</ebil:CFD_campo_texto_13>\r
            <!--Optional:-->\r
            <ebil:CFD_campo_texto_14>?</ebil:CFD_campo_texto_14>\r
            <!--Optional:-->\r
            <ebil:CFD_campo_texto_15>?</ebil:CFD_campo_texto_15>\r
            <!--Optional:-->\r
            <ebil:CFD_campo_texto_16>?</ebil:CFD_campo_texto_16>\r
            <!--Optional:-->\r
            <ebil:CFD_campo_texto_17>?</ebil:CFD_campo_texto_17>\r
            <!--Optional:-->\r
            <ebil:CFD_campo_texto_18>?</ebil:CFD_campo_texto_18>\r
            <!--Optional:-->\r
            <ebil:CFD_campo_texto_19>?</ebil:CFD_campo_texto_19>\r
            <!--Optional:-->\r
            <ebil:CFD_campo_texto_20>?</ebil:CFD_campo_texto_20>\r
            <!--Optional:-->\r
            <ebil:CFD_campo_texto_21>?</ebil:CFD_campo_texto_21>\r
            <!--Optional:-->\r
            <ebil:CFD_campo_texto_22>?</ebil:CFD_campo_texto_22>\r
            <!--Optional:-->\r
            <ebil:CFD_campo_texto_23>?</ebil:CFD_campo_texto_23>\r
            <!--Optional:-->\r
            <ebil:CFD_campo_texto_24>?</ebil:CFD_campo_texto_24>\r
            <!--Optional:-->\r
            <ebil:CFD_campo_texto_25>?</ebil:CFD_campo_texto_25>\r
            <!--Optional:-->\r
            <ebil:CFD_campo_texto_26>?</ebil:CFD_campo_texto_26>\r
            <!--Optional:-->\r
            <ebil:CFD_campo_texto_27>?</ebil:CFD_campo_texto_27>\r
            <!--Optional:-->\r
            <ebil:CFD_campo_texto_28>?</ebil:CFD_campo_texto_28>\r
            <!--Optional:-->\r
            <ebil:CFD_campo_texto_29>?</ebil:CFD_campo_texto_29>\r
            <!--Optional:-->\r
            <ebil:CFD_campo_texto_9>?</ebil:CFD_campo_texto_9>\r
            <!--Optional:-->\r
            <ebil:CFD_cantidad_dec_1>?</ebil:CFD_cantidad_dec_1>\r
            <!--Optional:-->\r
            <ebil:CFD_cantidad_dec_10>?</ebil:CFD_cantidad_dec_10>\r
            <!--Optional:-->\r
            <ebil:CFD_cantidad_dec_11>?</ebil:CFD_cantidad_dec_11>\r
            <!--Optional:-->\r
            <ebil:CFD_cantidad_dec_12>?</ebil:CFD_cantidad_dec_12>\r
            <!--Optional:-->\r
            <ebil:CFD_cantidad_dec_13>?</ebil:CFD_cantidad_dec_13>\r
            <!--Optional:-->\r
            <ebil:CFD_cantidad_dec_14>?</ebil:CFD_cantidad_dec_14>\r
            <!--Optional:-->\r
            <ebil:CFD_cantidad_dec_15>?</ebil:CFD_cantidad_dec_15>\r
            <!--Optional:-->\r
            <ebil:CFD_cantidad_dec_16>?</ebil:CFD_cantidad_dec_16>\r
            <!--Optional:-->\r
            <ebil:CFD_cantidad_dec_17>?</ebil:CFD_cantidad_dec_17>\r
            <!--Optional:-->\r
            <ebil:CFD_cantidad_dec_18>?</ebil:CFD_cantidad_dec_18>\r
            <!--Optional:-->\r
            <ebil:CFD_cantidad_dec_19>?</ebil:CFD_cantidad_dec_19>\r
            <!--Optional:-->\r
            <ebil:CFD_cantidad_dec_20>?</ebil:CFD_cantidad_dec_20>\r
            <!--Optional:-->\r
            <ebil:CFD_cantidad_dec_21>?</ebil:CFD_cantidad_dec_21>\r
            <!--Optional:-->\r
            <ebil:CFD_cantidad_dec_22>?</ebil:CFD_cantidad_dec_22>\r
            <!--Optional:-->\r
            <ebil:CFD_cantidad_dec_23>?</ebil:CFD_cantidad_dec_23>\r
            <!--Optional:-->\r
            <ebil:CFD_cantidad_dec_24>?</ebil:CFD_cantidad_dec_24>\r
            <!--Optional:-->\r
            <ebil:CFD_cantidad_dec_25>?</ebil:CFD_cantidad_dec_25>\r
            <!--Optional:-->\r
            <ebil:CFD_cantidad_dec_4>?</ebil:CFD_cantidad_dec_4>\r
            <!--Optional:-->\r
            <ebil:CFD_cantidad_dec_5>?</ebil:CFD_cantidad_dec_5>\r
            <!--Optional:-->\r
            <ebil:CFD_cantidad_dec_6>?</ebil:CFD_cantidad_dec_6>\r
            <!--Optional:-->\r
            <ebil:CFD_cantidad_dec_7>?</ebil:CFD_cantidad_dec_7>\r
            <!--Optional:-->\r
            <ebil:CFD_cantidad_dec_8>?</ebil:CFD_cantidad_dec_8>\r
            <!--Optional:-->\r
            <ebil:CFD_cantidad_dec_9>?</ebil:CFD_cantidad_dec_9>\r
            <!--Optional:-->\r
            <ebil:CFD_deducible>?</ebil:CFD_deducible>\r
            <!--Optional:-->\r
            <ebil:CFD_desconexion_servicio>?</ebil:CFD_desconexion_servicio>\r
            <!--Optional:-->\r
            <ebil:CFD_fecha_desconexion>?</ebil:CFD_fecha_desconexion>\r
            <!--Optional:-->\r
            <ebil:CFD_fecha_tasadeCambio>?</ebil:CFD_fecha_tasadeCambio>\r
            <!--Optional:-->\r
            <ebil:CFD_inf_origen_despacho>?</ebil:CFD_inf_origen_despacho>\r
            <!--Optional:-->\r
            <ebil:CFD_numero_enlace_doc_ref>?</ebil:CFD_numero_enlace_doc_ref>\r
            <!--Optional:-->\r
            <ebil:CFD_porc_rte_ICA>?</ebil:CFD_porc_rte_ICA>\r
            <!--Optional:-->\r
            <ebil:CFD_porc_rte_fuent>?</ebil:CFD_porc_rte_fuent>\r
            <!--Optional:-->\r
            <ebil:CFD_tasa_mora>?</ebil:CFD_tasa_mora>\r
            <!--Optional:-->\r
            <ebil:CFD_tdi_id_tipo_doc_interno>?</ebil:CFD_tdi_id_tipo_doc_interno>\r
            <!--Optional:-->\r
            <ebil:CFD_total_ICA>?</ebil:CFD_total_ICA>\r
            <!--Optional:-->\r
            <ebil:CFD_total_aduana_exp>?</ebil:CFD_total_aduana_exp>\r
            <!--Optional:-->\r
            <ebil:CFD_total_cargos>?</ebil:CFD_total_cargos>\r
            <!--Optional:-->\r
            <ebil:CFD_total_descuentos>?</ebil:CFD_total_descuentos>\r
            <!--Optional:-->\r
            <ebil:CFD_total_margen>?</ebil:CFD_total_margen>\r
            <!--Optional:-->\r
            <ebil:CFD_total_seguro_exp>?</ebil:CFD_total_seguro_exp>\r
            <!--Optional:-->\r
            <ebil:CLI_numero_cliente>?</ebil:CLI_numero_cliente>\r
            <!--Optional:-->\r
            <ebil:CREETotal>?</ebil:CREETotal>\r
            <!--Optional:-->\r
            <ebil:CampoTexto1>?</ebil:CampoTexto1>\r
            <!--Optional:-->\r
            <ebil:CampoTexto2>?</ebil:CampoTexto2>\r
            <!--Optional:-->\r
            <ebil:CampoTexto3>?</ebil:CampoTexto3>\r
            <!--Optional:-->\r
            <ebil:CampoTexto4>?</ebil:CampoTexto4>\r
            <!--Optional:-->\r
            <ebil:CampoTexto5>?</ebil:CampoTexto5>\r
            <!--Optional:-->\r
            <ebil:CampoTexto6>?</ebil:CampoTexto6>\r
            <!--Optional:-->\r
            <ebil:CampoTexto7>?</ebil:CampoTexto7>\r
            <!--Optional:-->\r
            <ebil:CampoTexto8>?</ebil:CampoTexto8>\r
            <!--Optional:-->\r
            <ebil:Cantidad1>?</ebil:Cantidad1>\r
            <!--Optional:-->\r
            <ebil:Cantidad2>?</ebil:Cantidad2>\r
            <!--Optional:-->\r
            <ebil:Cantidad3>?</ebil:Cantidad3>\r
            <!--Optional:-->\r
            <ebil:CantidadDec1>?</ebil:CantidadDec1>\r
            <!--Optional:-->\r
            <ebil:CantidadDec2>?</ebil:CantidadDec2>\r
            <!--Optional:-->\r
            <ebil:CantidadDec3>?</ebil:CantidadDec3>\r
            <!--Optional:-->\r
            <ebil:CiudadDANE>?</ebil:CiudadDANE>\r
            <!--Optional:-->\r
            <ebil:CodVendedor>?</ebil:CodVendedor>\r
            <!--Optional:-->\r
            <ebil:CodigoPostalCliente>?</ebil:CodigoPostalCliente>\r
            <!--Optional:-->\r
            <ebil:CodigoPostalEnvio>?</ebil:CodigoPostalEnvio>\r
            <!--Optional:-->\r
            <ebil:ComprobanteCon>?</ebil:ComprobanteCon>\r
            <!--Optional:-->\r
            <ebil:Condiciones_Pago>?</ebil:Condiciones_Pago>\r
            <!--Optional:-->\r
            <ebil:ContactoCargo>?</ebil:ContactoCargo>\r
            <!--Optional:-->\r
            <ebil:ContactoCorreo>?</ebil:ContactoCorreo>\r
            <!--Optional:-->\r
            <ebil:ContactoNombre>?</ebil:ContactoNombre>\r
            <!--Optional:-->\r
            <ebil:CorreoCliente>?</ebil:CorreoCliente>\r
            <!--Optional:-->\r
            <ebil:DepartamentoDANE>?</ebil:DepartamentoDANE>\r
            <!--Optional:-->\r
            <ebil:DescripcionPlan>?</ebil:DescripcionPlan>\r
            <!--Optional:-->\r
            <ebil:Descuento>?</ebil:Descuento>\r
            <!--Optional:-->\r
            <ebil:DigitoVerificaCliente>?</ebil:DigitoVerificaCliente>\r
            <!--Optional:-->\r
            <ebil:DireccionCliente>?</ebil:DireccionCliente>\r
            <!--Optional:-->\r
            <ebil:EsRecepcion>?</ebil:EsRecepcion>\r
            <!--Optional:-->\r
            <ebil:EstiloFactura>?</ebil:EstiloFactura>\r
            <!--Optional:-->\r
            <ebil:FV_CCN_id_concepto_correcionnotas>?</ebil:FV_CCN_id_concepto_correcionnotas>\r
            <!--Optional:-->\r
            <ebil:FV_CDE_id_codigos_descuento>?</ebil:FV_CDE_id_codigos_descuento>\r
            <!--Optional:-->\r
            <ebil:FV_EDO_id_eventos_docelec>?</ebil:FV_EDO_id_eventos_docelec>\r
            <!--Optional:-->\r
            <ebil:FV_INC_id_incoterm>?</ebil:FV_INC_id_incoterm>\r
            <!--Optional:-->\r
            <ebil:FV_RFI_Id_Regimen_Fiscal>?</ebil:FV_RFI_Id_Regimen_Fiscal>\r
            <!--Optional:-->\r
            <ebil:FV_TDD_Code_TipoDocumentoDIAN>?</ebil:FV_TDD_Code_TipoDocumentoDIAN>\r
            <!--Optional:-->\r
            <ebil:FV_TDO_Codigo_TipoOperacion>?</ebil:FV_TDO_Codigo_TipoOperacion>\r
            <!--Optional:-->\r
            <ebil:FechaExpedicion>?</ebil:FechaExpedicion>\r
            <!--Optional:-->\r
            <ebil:FechaFinalPeriodoFacturado>?</ebil:FechaFinalPeriodoFacturado>\r
            <!--Optional:-->\r
            <ebil:FechaInicialPeriodoFacturado>?</ebil:FechaInicialPeriodoFacturado>\r
            <!--Optional:-->\r
            <ebil:FechaVencimiento>?</ebil:FechaVencimiento>\r
            <!--Optional:-->\r
            <ebil:FormaPago>?</ebil:FormaPago>\r
            <!--Optional:-->\r
            <ebil:IDInterno>?</ebil:IDInterno>\r
            <!--Optional:-->\r
            <ebil:IDUbicacionCliente>?</ebil:IDUbicacionCliente>\r
            <!--Optional:-->\r
            <ebil:IDUbicacionEnvio>?</ebil:IDUbicacionEnvio>\r
            <!--Optional:-->\r
            <ebil:IdPlan>?</ebil:IdPlan>\r
            <!--Optional:-->\r
            <ebil:IdSucursal>?</ebil:IdSucursal>\r
            <!--Optional:-->\r
            <ebil:Incoterm>?</ebil:Incoterm>\r
            <!--Optional:-->\r
            <ebil:InfoAdicional>?</ebil:InfoAdicional>\r
            <!--Optional:-->\r
            <ebil:LugarTerminosEntrega>?</ebil:LugarTerminosEntrega>\r
            <!--Optional:-->\r
            <ebil:MesCausado>?</ebil:MesCausado>\r
            <!--Optional:-->\r
            <ebil:MonedaISO>?</ebil:MonedaISO>\r
            <!--Optional:-->\r
            <ebil:NitCliente>?</ebil:NitCliente>\r
            <!--Optional:-->\r
            <ebil:NitEmpresa>?</ebil:NitEmpresa>\r
            <!--Optional:-->\r
            <ebil:NombreCliente>?</ebil:NombreCliente>\r
            <!--Optional:-->\r
            <ebil:NombreComercial>?</ebil:NombreComercial>\r
            <!--Optional:-->\r
            <ebil:NombrePlan>?</ebil:NombrePlan>\r
            <!--Optional:-->\r
            <ebil:NombreVendedor>?</ebil:NombreVendedor>\r
            <!--Optional:-->\r
            <ebil:NumAprobacionRes>?</ebil:NumAprobacionRes>\r
            <!--Optional:-->\r
            <ebil:NumFactura>?</ebil:NumFactura>\r
            <!--Optional:-->\r
            <ebil:OrderID>?</ebil:OrderID>\r
            <!--Optional:-->\r
            <ebil:PAI_ISO_3166>?</ebil:PAI_ISO_3166>\r
            <!--Optional:-->\r
            <ebil:PAI_nombre_envio>?</ebil:PAI_nombre_envio>\r
            <!--Optional:-->\r
            <ebil:PagoAnterior>?</ebil:PagoAnterior>\r
            <!--Optional:-->\r
            <ebil:Prefijo>?</ebil:Prefijo>\r
            <!--Optional:-->\r
            <ebil:ReferenciaCliente>?</ebil:ReferenciaCliente>\r
            <!--Optional:-->\r
            <ebil:RetencionCREETotal>?</ebil:RetencionCREETotal>\r
            <!--Optional:-->\r
            <ebil:SMSXDoc>?</ebil:SMSXDoc>\r
            <!--Optional:-->\r
            <ebil:SaldoAnterior>?</ebil:SaldoAnterior>\r
            <!--Optional:-->\r
            <ebil:SubTotal>?</ebil:SubTotal>\r
            <!--Optional:-->\r
            <ebil:SubTotalSegunMon>?</ebil:SubTotalSegunMon>\r
            <!--Optional:-->\r
            <ebil:Sucursal>?</ebil:Sucursal>\r
            <!--Optional:-->\r
            <ebil:TIP_id_tipo_persona>?</ebil:TIP_id_tipo_persona>\r
            <!--Optional:-->\r
            <ebil:TasaCambio>?</ebil:TasaCambio>\r
            <!--Optional:-->\r
            <ebil:TelefonoCliente>?</ebil:TelefonoCliente>\r
            <!--Optional:-->\r
            <ebil:Texto3>?</ebil:Texto3>\r
            <!--Optional:-->\r
            <ebil:TieneAcuerdo>?</ebil:TieneAcuerdo>\r
            <!--Optional:-->\r
            <ebil:TipoComprobante>?</ebil:TipoComprobante>\r
            <!--Optional:-->\r
            <ebil:TipoContribuyente>?</ebil:TipoContribuyente>\r
            <!--Optional:-->\r
            <ebil:TipoIDCliente>?</ebil:TipoIDCliente>\r
            <!--Optional:-->\r
            <ebil:Total>?</ebil:Total>\r
            <!--Optional:-->\r
            <ebil:TotalIVA>?</ebil:TotalIVA>\r
            <!--Optional:-->\r
            <ebil:TotalIVASegunMon>?</ebil:TotalIVASegunMon>\r
            <!--Optional:-->\r
            <ebil:TotalRetICA>?</ebil:TotalRetICA>\r
            <!--Optional:-->\r
            <ebil:TotalRetIVA>?</ebil:TotalRetIVA>\r
            <!--Optional:-->\r
            <ebil:TotalRetencion>?</ebil:TotalRetencion>\r
            <!--Optional:-->\r
            <ebil:TotalSegunMon>?</ebil:TotalSegunMon>\r
            <!--Optional:-->\r
            <ebil:TotalTraslado>?</ebil:TotalTraslado>\r
            <!--Optional:-->\r
            <ebil:Total_a_Pagar>?</ebil:Total_a_Pagar>\r
            <!--Optional:-->\r
            <ebil:ValorHasta1>?</ebil:ValorHasta1>\r
            <!--Optional:-->\r
            <ebil:ValorHasta2>?</ebil:ValorHasta2>\r
            <!--Optional:-->\r
            <ebil:ValorHasta3>?</ebil:ValorHasta3>\r
            <!--Optional:-->\r
            <ebil:ValorHasta4>?</ebil:ValorHasta4>\r
            <!--Optional:-->\r
            <ebil:cfd_activa_nota1>?</ebil:cfd_activa_nota1>\r
            <!--Optional:-->\r
            <ebil:cfd_barcode_banco4>?</ebil:cfd_barcode_banco4>\r
            <!--Optional:-->\r
            <ebil:ciudad_envio>?</ebil:ciudad_envio>\r
            <!--Optional:-->\r
            <ebil:code1>?</ebil:code1>\r
            <!--Optional:-->\r
            <ebil:code2>?</ebil:code2>\r
            <!--Optional:-->\r
            <ebil:code3>?</ebil:code3>\r
            <!--Optional:-->\r
            <ebil:curso>?</ebil:curso>\r
            <!--Optional:-->\r
            <ebil:departamento_envio>?</ebil:departamento_envio>\r
            <!--Optional:-->\r
            <ebil:direccion_envio>?</ebil:direccion_envio>\r
            <!--Optional:-->\r
            <ebil:id_PFD_PerfilDummy>?</ebil:id_PFD_PerfilDummy>\r
            <!--Optional:-->\r
            <ebil:numero_envio>?</ebil:numero_envio>\r
            <!--Optional:-->\r
            <ebil:orden_venta>?</ebil:orden_venta>\r
            <!--Optional:-->\r
            <ebil:pague_hasta1>?</ebil:pague_hasta1>\r
            <!--Optional:-->\r
            <ebil:pague_hasta2>?</ebil:pague_hasta2>\r
            <!--Optional:-->\r
            <ebil:pague_hasta3>?</ebil:pague_hasta3>\r
            <!--Optional:-->\r
            <ebil:referencia>?</ebil:referencia>\r
            <!--Optional:-->\r
            <ebil:referencia1>?</ebil:referencia1>\r
            <!--Optional:-->\r
            <ebil:referencia_envio>?</ebil:referencia_envio>\r
            <!--Optional:-->\r
            <ebil:telefono_envio>?</ebil:telefono_envio>\r
         </tem:FacCab>\r
         <!--Optional:-->\r
         <tem:DetFac>\r
            <!--Zero or more repetitions:-->\r
            <ebil:FV_CFDDetConexionInt>\r
               <!--Optional:-->\r
               <ebil:CON_base_ica>?</ebil:CON_base_ica>\r
               <!--Optional:-->\r
               <ebil:CON_base_impo_n>?</ebil:CON_base_impo_n>\r
               <!--Optional:-->\r
               <ebil:CON_base_impo_r>?</ebil:CON_base_impo_r>\r
               <!--Optional:-->\r
               <ebil:CON_base_iva>?</ebil:CON_base_iva>\r
               <!--Optional:-->\r
               <ebil:CON_cantidad_original_solicitada>?</ebil:CON_cantidad_original_solicitada>\r
               <!--Optional:-->\r
               <ebil:CON_categoria_0>?</ebil:CON_categoria_0>\r
               <!--Optional:-->\r
               <ebil:CON_categoria_1>?</ebil:CON_categoria_1>\r
               <!--Optional:-->\r
               <ebil:CON_categoria_2>?</ebil:CON_categoria_2>\r
               <!--Optional:-->\r
               <ebil:CON_categoria_3>?</ebil:CON_categoria_3>\r
               <!--Optional:-->\r
               <ebil:CON_ciudad_despacho>?</ebil:CON_ciudad_despacho>\r
               <!--Optional:-->\r
               <ebil:CON_dato_decimal1>?</ebil:CON_dato_decimal1>\r
               <!--Optional:-->\r
               <ebil:CON_dato_decimal10>?</ebil:CON_dato_decimal10>\r
               <!--Optional:-->\r
               <ebil:CON_dato_decimal11>?</ebil:CON_dato_decimal11>\r
               <!--Optional:-->\r
               <ebil:CON_dato_decimal12>?</ebil:CON_dato_decimal12>\r
               <!--Optional:-->\r
               <ebil:CON_dato_decimal13>?</ebil:CON_dato_decimal13>\r
               <!--Optional:-->\r
               <ebil:CON_dato_decimal14>?</ebil:CON_dato_decimal14>\r
               <!--Optional:-->\r
               <ebil:CON_dato_decimal15>?</ebil:CON_dato_decimal15>\r
               <!--Optional:-->\r
               <ebil:CON_dato_decimal2>?</ebil:CON_dato_decimal2>\r
               <!--Optional:-->\r
               <ebil:CON_dato_decimal3>?</ebil:CON_dato_decimal3>\r
               <!--Optional:-->\r
               <ebil:CON_dato_decimal4>?</ebil:CON_dato_decimal4>\r
               <!--Optional:-->\r
               <ebil:CON_dato_decimal5>?</ebil:CON_dato_decimal5>\r
               <!--Optional:-->\r
               <ebil:CON_dato_decimal6>?</ebil:CON_dato_decimal6>\r
               <!--Optional:-->\r
               <ebil:CON_dato_decimal7>?</ebil:CON_dato_decimal7>\r
               <!--Optional:-->\r
               <ebil:CON_dato_decimal8>?</ebil:CON_dato_decimal8>\r
               <!--Optional:-->\r
               <ebil:CON_dato_decimal9>?</ebil:CON_dato_decimal9>\r
               <!--Optional:-->\r
               <ebil:CON_dato_destino>?</ebil:CON_dato_destino>\r
               <!--Optional:-->\r
               <ebil:CON_dato_fecha>?</ebil:CON_dato_fecha>\r
               <!--Optional:-->\r
               <ebil:CON_dato_origen>?</ebil:CON_dato_origen>\r
               <!--Optional:-->\r
               <ebil:CON_dato_peso>?</ebil:CON_dato_peso>\r
               <!--Optional:-->\r
               <ebil:CON_dato_placa>?</ebil:CON_dato_placa>\r
               <!--Optional:-->\r
               <ebil:CON_dato_referencia>?</ebil:CON_dato_referencia>\r
               <!--Optional:-->\r
               <ebil:CON_dato_texto1>?</ebil:CON_dato_texto1>\r
               <!--Optional:-->\r
               <ebil:CON_dato_texto10>?</ebil:CON_dato_texto10>\r
               <!--Optional:-->\r
               <ebil:CON_dato_texto11>?</ebil:CON_dato_texto11>\r
               <!--Optional:-->\r
               <ebil:CON_dato_texto12>?</ebil:CON_dato_texto12>\r
               <!--Optional:-->\r
               <ebil:CON_dato_texto13>?</ebil:CON_dato_texto13>\r
               <!--Optional:-->\r
               <ebil:CON_dato_texto14>?</ebil:CON_dato_texto14>\r
               <!--Optional:-->\r
               <ebil:CON_dato_texto15>?</ebil:CON_dato_texto15>\r
               <!--Optional:-->\r
               <ebil:CON_dato_texto2>?</ebil:CON_dato_texto2>\r
               <!--Optional:-->\r
               <ebil:CON_dato_texto3>?</ebil:CON_dato_texto3>\r
               <!--Optional:-->\r
               <ebil:CON_dato_texto4>?</ebil:CON_dato_texto4>\r
               <!--Optional:-->\r
               <ebil:CON_dato_texto5>?</ebil:CON_dato_texto5>\r
               <!--Optional:-->\r
               <ebil:CON_dato_texto6>?</ebil:CON_dato_texto6>\r
               <!--Optional:-->\r
               <ebil:CON_dato_texto7>?</ebil:CON_dato_texto7>\r
               <!--Optional:-->\r
               <ebil:CON_dato_texto8>?</ebil:CON_dato_texto8>\r
               <!--Optional:-->\r
               <ebil:CON_dato_texto9>?</ebil:CON_dato_texto9>\r
               <!--Optional:-->\r
               <ebil:CON_departamento_despacho>?</ebil:CON_departamento_despacho>\r
               <!--Optional:-->\r
               <ebil:CON_detalle_construccion>?</ebil:CON_detalle_construccion>\r
               <!--Optional:-->\r
               <ebil:CON_detalle_industria1>?</ebil:CON_detalle_industria1>\r
               <!--Optional:-->\r
               <ebil:CON_detalle_industria2>?</ebil:CON_detalle_industria2>\r
               <!--Optional:-->\r
               <ebil:CON_detalle_industria3>?</ebil:CON_detalle_industria3>\r
               <!--Optional:-->\r
               <ebil:CON_detalle_vehiculo>?</ebil:CON_detalle_vehiculo>\r
               <!--Optional:-->\r
               <ebil:CON_direccion_despacho>?</ebil:CON_direccion_despacho>\r
               <!--Optional:-->\r
               <ebil:CON_documentos_referencia>?</ebil:CON_documentos_referencia>\r
               <!--Optional:-->\r
               <ebil:CON_linea_concepto>?</ebil:CON_linea_concepto>\r
               <!--Optional:-->\r
               <ebil:CON_linea_padre_concepto>?</ebil:CON_linea_padre_concepto>\r
               <!--Optional:-->\r
               <ebil:CON_posicion_arancelaria>?</ebil:CON_posicion_arancelaria>\r
               <!--Optional:-->\r
               <ebil:CON_sub_cliente>?</ebil:CON_sub_cliente>\r
               <!--Optional:-->\r
               <ebil:CON_total_con_seg_mon>?</ebil:CON_total_con_seg_mon>\r
               <!--Optional:-->\r
               <ebil:CON_unidad_medida_con>?</ebil:CON_unidad_medida_con>\r
               <!--Optional:-->\r
               <ebil:CON_valor_otros_cargos>?</ebil:CON_valor_otros_cargos>\r
               <!--Optional:-->\r
               <ebil:CON_valor_otros_descuentos>?</ebil:CON_valor_otros_descuentos>\r
               <!--Optional:-->\r
               <ebil:CON_valor_unitario_seg_mon>?</ebil:CON_valor_unitario_seg_mon>\r
               <!--Optional:-->\r
               <ebil:CREE>?</ebil:CREE>\r
               <!--Optional:-->\r
               <ebil:Cantidad>?</ebil:Cantidad>\r
               <!--Optional:-->\r
               <ebil:ClaseMovimiento>?</ebil:ClaseMovimiento>\r
               <!--Optional:-->\r
               <ebil:CodigoProducto>?</ebil:CodigoProducto>\r
               <!--Optional:-->\r
               <ebil:Codigos>\r
                  <!--Zero or more repetitions:-->\r
                  <arr:string>?</arr:string>\r
               </ebil:Codigos>\r
               <!--Optional:-->\r
               <ebil:CodigosString>?</ebil:CodigosString>\r
               <!--Optional:-->\r
               <ebil:DescripcionConcepto>?</ebil:DescripcionConcepto>\r
               <!--Optional:-->\r
               <ebil:DescripcionProducto>?</ebil:DescripcionProducto>\r
               <!--Optional:-->\r
               <ebil:DescuentoConcepto>?</ebil:DescuentoConcepto>\r
               <!--Optional:-->\r
               <ebil:FechaRecibe>?</ebil:FechaRecibe>\r
               <!--Optional:-->\r
               <ebil:IVAProducto>?</ebil:IVAProducto>\r
               <!--Optional:-->\r
               <ebil:IdConcepto>?</ebil:IdConcepto>\r
               <!--Optional:-->\r
               <ebil:Importe>?</ebil:Importe>\r
               <!--Optional:-->\r
               <ebil:Impuesto2>?</ebil:Impuesto2>\r
               <!--Optional:-->\r
               <ebil:ItemReferencia>?</ebil:ItemReferencia>\r
               <!--Optional:-->\r
               <ebil:NotasConcepto>?</ebil:NotasConcepto>\r
               <!--Optional:-->\r
               <ebil:PorIVAProducto>?</ebil:PorIVAProducto>\r
               <!--Optional:-->\r
               <ebil:PorImpuesto2>?</ebil:PorImpuesto2>\r
               <!--Optional:-->\r
               <ebil:PorcentajeDescuento>?</ebil:PorcentajeDescuento>\r
               <!--Optional:-->\r
               <ebil:RetencionCREE>?</ebil:RetencionCREE>\r
               <!--Optional:-->\r
               <ebil:TipoImpuesto>?</ebil:TipoImpuesto>\r
               <!--Optional:-->\r
               <ebil:TotalConSegMon>?</ebil:TotalConSegMon>\r
               <!--Optional:-->\r
               <ebil:TotalConcepto>?</ebil:TotalConcepto>\r
               <!--Optional:-->\r
               <ebil:UnidadMedida>?</ebil:UnidadMedida>\r
               <!--Optional:-->\r
               <ebil:ValorUnitario>?</ebil:ValorUnitario>\r
               <!--Optional:-->\r
               <ebil:con_recurrente>?</ebil:con_recurrente>\r
            </ebil:FV_CFDDetConexionInt>\r
         </tem:DetFac>\r
         <!--Optional:-->\r
         <tem:Opciones>\r
            <!--Optional:-->\r
            <ebil:ActualizaProductos>?</ebil:ActualizaProductos>\r
            <!--Optional:-->\r
            <ebil:CalculaReteCree>?</ebil:CalculaReteCree>\r
            <!--Optional:-->\r
            <ebil:CalculaReteFuente>?</ebil:CalculaReteFuente>\r
            <!--Optional:-->\r
            <ebil:CalculaReteICA>?</ebil:CalculaReteICA>\r
            <!--Optional:-->\r
            <ebil:CalculaReteIVA>?</ebil:CalculaReteIVA>\r
            <!--Optional:-->\r
            <ebil:EmisionAutomatica>?</ebil:EmisionAutomatica>\r
            <!--Optional:-->\r
            <ebil:FacturaMinimalegal>?</ebil:FacturaMinimalegal>\r
            <!--Optional:-->\r
            <ebil:FacturasSinAcuerdo>?</ebil:FacturasSinAcuerdo>\r
            <!--Optional:-->\r
            <ebil:ModeloXAceptacion>?</ebil:ModeloXAceptacion>\r
            <!--Optional:-->\r
            <ebil:NotasRelacionadas>?</ebil:NotasRelacionadas>\r
            <!--Optional:-->\r
            <ebil:OrderControl>?</ebil:OrderControl>\r
            <!--Optional:-->\r
            <ebil:TieneAcuerdosFisicos>?</ebil:TieneAcuerdosFisicos>\r
            <!--Optional:-->\r
            <ebil:TokenConexion>?</ebil:TokenConexion>\r
            <!--Optional:-->\r
            <ebil:eBillAdmNumerosFactura>?</ebil:eBillAdmNumerosFactura>\r
         </tem:Opciones>\r
         <!--Optional:-->\r
         <tem:AllowedChargeCab>\r
            <!--Zero or more repetitions:-->\r
            <ebil:FV_ACC_AllowanceChargeCabInt>\r
               <!--Optional:-->\r
               <ebil:FCC_ACC_Amount_AllowanceChargeCab>?</ebil:FCC_ACC_Amount_AllowanceChargeCab>\r
               <!--Optional:-->\r
               <ebil:FCC_ACC_MultiplierFactorNumeric_AllowanceChargeCab>?</ebil:FCC_ACC_MultiplierFactorNumeric_AllowanceChargeCab>\r
               <!--Optional:-->\r
               <ebil:FC_ACC_BaseAmount_AllowanceChargeCab>?</ebil:FC_ACC_BaseAmount_AllowanceChargeCab>\r
               <!--Optional:-->\r
               <ebil:FV_ACC_ChargeIndicator_AllowanceChargeCab>?</ebil:FV_ACC_ChargeIndicator_AllowanceChargeCab>\r
               <!--Optional:-->\r
               <ebil:FV_ACC_Code_AllowanceChargeCab>?</ebil:FV_ACC_Code_AllowanceChargeCab>\r
               <!--Optional:-->\r
               <ebil:FV_ACC_Id_AllowanceChargeCab>?</ebil:FV_ACC_Id_AllowanceChargeCab>\r
               <!--Optional:-->\r
               <ebil:FV_ACC_Reason_AllowanceChargeCab>?</ebil:FV_ACC_Reason_AllowanceChargeCab>\r
            </ebil:FV_ACC_AllowanceChargeCabInt>\r
         </tem:AllowedChargeCab>\r
         <!--Optional:-->\r
         <tem:AllowedChargeDet>\r
            <!--Zero or more repetitions:-->\r
            <ebil:FV_ACD_AllowanceChargeDetInt>\r
               <!--Optional:-->\r
               <ebil:FCC_ACD_Amount_AllowanceChargeDet>?</ebil:FCC_ACD_Amount_AllowanceChargeDet>\r
               <!--Optional:-->\r
               <ebil:FCC_ACD_MultiplierFactorNumeric_AllowanceChargeDet>?</ebil:FCC_ACD_MultiplierFactorNumeric_AllowanceChargeDet>\r
               <!--Optional:-->\r
               <ebil:FC_ACD_BaseAmount_AllowanceChargeDet>?</ebil:FC_ACD_BaseAmount_AllowanceChargeDet>\r
               <!--Optional:-->\r
               <ebil:FV_ACD_ChargeIndicator_AllowanceChargeDet>?</ebil:FV_ACD_ChargeIndicator_AllowanceChargeDet>\r
               <!--Optional:-->\r
               <ebil:FV_ACD_Code_AllowanceChargeDet>?</ebil:FV_ACD_Code_AllowanceChargeDet>\r
               <!--Optional:-->\r
               <ebil:FV_ACD_Id_AllowanceChargeDet>?</ebil:FV_ACD_Id_AllowanceChargeDet>\r
               <!--Optional:-->\r
               <ebil:FV_ACD_Reason_AllowanceChargeDet>?</ebil:FV_ACD_Reason_AllowanceChargeDet>\r
               <!--Optional:-->\r
               <ebil:IdConcepto>?</ebil:IdConcepto>\r
            </ebil:FV_ACD_AllowanceChargeDetInt>\r
         </tem:AllowedChargeDet>\r
         <!--Optional:-->\r
         <tem:_FV_TRBACON_TributoAgrupadoXConceptoInt>\r
            <!--Zero or more repetitions:-->\r
            <ebil:FV_TRBACON_TributoAgrupadoXConceptoInt>\r
               <!--Optional:-->\r
               <ebil:FV_TRBACON_RoundingAmount_TributoAgrupadoXConcepto>?</ebil:FV_TRBACON_RoundingAmount_TributoAgrupadoXConcepto>\r
               <!--Optional:-->\r
               <ebil:FV_TRBACON_TaxAmount_TributoAgrupadoXConcepto>?</ebil:FV_TRBACON_TaxAmount_TributoAgrupadoXConcepto>\r
               <!--Optional:-->\r
               <ebil:FV_TRBACON_Withholding_TributoAgrupado>?</ebil:FV_TRBACON_Withholding_TributoAgrupado>\r
               <!--Optional:-->\r
               <ebil:FV_TRB_Id_Tributos>?</ebil:FV_TRB_Id_Tributos>\r
               <!--Optional:-->\r
               <ebil:IdConcepto>?</ebil:IdConcepto>\r
            </ebil:FV_TRBACON_TributoAgrupadoXConceptoInt>\r
         </tem:_FV_TRBACON_TributoAgrupadoXConceptoInt>\r
         <!--Optional:-->\r
         <tem:_FV_TRBDCON_TributoDetalleXConceptoInt>\r
            <!--Zero or more repetitions:-->\r
            <ebil:FV_TRBDCON_TributoDetalleXConceptoInt>\r
               <!--Optional:-->\r
               <ebil:FV_TRBDCON_PerUnitAmount_TributoDetalleXConcepto>?</ebil:FV_TRBDCON_PerUnitAmount_TributoDetalleXConcepto>\r
               <!--Optional:-->\r
               <ebil:FV_TRBDCON_TaxAmount_TributoDetalleXConcepto>?</ebil:FV_TRBDCON_TaxAmount_TributoDetalleXConcepto>\r
               <!--Optional:-->\r
               <ebil:FV_TRBDCON_TaxableAmount_TributoDetalleXConcepto>?</ebil:FV_TRBDCON_TaxableAmount_TributoDetalleXConcepto>\r
               <!--Optional:-->\r
               <ebil:FV_TRBDCON_Withholding_TributoDetalleXConcepto>?</ebil:FV_TRBDCON_Withholding_TributoDetalleXConcepto>\r
               <!--Optional:-->\r
               <ebil:FV_TRB_Id_Tributos>?</ebil:FV_TRB_Id_Tributos>\r
               <!--Optional:-->\r
               <ebil:FV_TXT_Id_TarifaXTributo>?</ebil:FV_TXT_Id_TarifaXTributo>\r
               <!--Optional:-->\r
               <ebil:FV_TXT_Tarifa_TarifaXTributo>?</ebil:FV_TXT_Tarifa_TarifaXTributo>\r
               <!--Optional:-->\r
               <ebil:FV_UNN_Codigo_DIAN>?</ebil:FV_UNN_Codigo_DIAN>\r
               <!--Optional:-->\r
               <ebil:IdConcepto>?</ebil:IdConcepto>\r
            </ebil:FV_TRBDCON_TributoDetalleXConceptoInt>\r
         </tem:_FV_TRBDCON_TributoDetalleXConceptoInt>\r
         <!--Optional:-->\r
         <tem:_FV_TRBA_TributoAgrupadoInt>\r
            <!--Zero or more repetitions:-->\r
            <ebil:FV_TRBA_TributoAgrupadoInt>\r
               <!--Optional:-->\r
               <ebil:FV_TRBA_RoundingAmount_TributoAgrupado>?</ebil:FV_TRBA_RoundingAmount_TributoAgrupado>\r
               <!--Optional:-->\r
               <ebil:FV_TRBA_TaxAmount_TributoAgrupado>?</ebil:FV_TRBA_TaxAmount_TributoAgrupado>\r
               <!--Optional:-->\r
               <ebil:FV_TRBA_Withholding_TributoAgrupado>?</ebil:FV_TRBA_Withholding_TributoAgrupado>\r
               <!--Optional:-->\r
               <ebil:FV_TRB_Id_Tributos>?</ebil:FV_TRB_Id_Tributos>\r
            </ebil:FV_TRBA_TributoAgrupadoInt>\r
         </tem:_FV_TRBA_TributoAgrupadoInt>\r
         <!--Optional:-->\r
         <tem:_FV_TRBD_TributoDetalleInt>\r
            <!--Zero or more repetitions:-->\r
            <ebil:FV_TRBD_TributoDetalleInt>\r
               <!--Optional:-->\r
               <ebil:FV_TRBD_PerUnitAmount_TributoDetalle>?</ebil:FV_TRBD_PerUnitAmount_TributoDetalle>\r
               <!--Optional:-->\r
               <ebil:FV_TRBD_TaxAmount_TributoDetalle>?</ebil:FV_TRBD_TaxAmount_TributoDetalle>\r
               <!--Optional:-->\r
               <ebil:FV_TRBD_TaxableAmount_TributoDetalle>?</ebil:FV_TRBD_TaxableAmount_TributoDetalle>\r
               <!--Optional:-->\r
               <ebil:FV_TRBD_Withholding_TributoDetalle>?</ebil:FV_TRBD_Withholding_TributoDetalle>\r
               <!--Optional:-->\r
               <ebil:FV_TRB_Id_Tributos>?</ebil:FV_TRB_Id_Tributos>\r
               <!--Optional:-->\r
               <ebil:FV_TXT_Id_TarifaXTributo>?</ebil:FV_TXT_Id_TarifaXTributo>\r
               <!--Optional:-->\r
               <ebil:FV_TXT_Tarifa_TarifaXTributo>?</ebil:FV_TXT_Tarifa_TarifaXTributo>\r
               <!--Optional:-->\r
               <ebil:FV_UNN_Codigo_DIAN>?</ebil:FV_UNN_Codigo_DIAN>\r
            </ebil:FV_TRBD_TributoDetalleInt>\r
         </tem:_FV_TRBD_TributoDetalleInt>\r
         <!--Optional:-->\r
         <tem:Coord>\r
            <!--Zero or more repetitions:-->\r
            <ebil:CoordenadasPixelesByPage>\r
               <!--Optional:-->\r
               <ebil:Page>?</ebil:Page>\r
               <!--Optional:-->\r
               <ebil:ValorAlto>?</ebil:ValorAlto>\r
               <!--Optional:-->\r
               <ebil:ValorAncho>?</ebil:ValorAncho>\r
               <!--Optional:-->\r
               <ebil:ValorX>?</ebil:ValorX>\r
               <!--Optional:-->\r
               <ebil:ValorY>?</ebil:ValorY>\r
            </ebil:CoordenadasPixelesByPage>\r
         </tem:Coord>\r
         <!--Optional:-->\r
         <tem:_FV_AXD_AnticiposXDocumentoInt>\r
            <!--Zero or more repetitions:-->\r
            <ebil:FV_AXD_AnticiposXDocumentoInt>\r
               <!--Optional:-->\r
               <ebil:Codigo_Moneda>?</ebil:Codigo_Moneda>\r
               <!--Optional:-->\r
               <ebil:FV_AXD_IdXDoc_AnticiposXDocumento>?</ebil:FV_AXD_IdXDoc_AnticiposXDocumento>\r
               <!--Optional:-->\r
               <ebil:FV_AXD_InstructionID>?</ebil:FV_AXD_InstructionID>\r
               <!--Optional:-->\r
               <ebil:FV_AXD_PaidAmount>?</ebil:FV_AXD_PaidAmount>\r
               <!--Optional:-->\r
               <ebil:FV_AXD_PaidDate>?</ebil:FV_AXD_PaidDate>\r
               <!--Optional:-->\r
               <ebil:FV_AXD_PaidTime>?</ebil:FV_AXD_PaidTime>\r
               <!--Optional:-->\r
               <ebil:FV_AXD_ReceivedDate>?</ebil:FV_AXD_ReceivedDate>\r
               <!--Optional:-->\r
               <ebil:IdAnticipo>?</ebil:IdAnticipo>\r
            </ebil:FV_AXD_AnticiposXDocumentoInt>\r
         </tem:_FV_AXD_AnticiposXDocumentoInt>\r
      </tem:FV_CargarDocumentosElectronicosToeBillGenericFULL>\r
   </soapenv:Body>\r
</soapenv:Envelope>]]></con:request><con:wsaConfig mustUnderstand="NONE" version="200508" action="http://tempuri.org/IIntegracion/FV_CargarDocumentosElectronicosToeBillGenericFULL"/></con:call></con:operation><con:operation id="818faa4b-f083-4057-82b8-dddacb3f5071" isOneWay="false" action="http://tempuri.org/IIntegracion/FV_CargarDocumentosElectronicosToeBillGenericFULLPDFCUFE" name="FV_CargarDocumentosElectronicosToeBillGenericFULLPDFCUFE" bindingOperationName="FV_CargarDocumentosElectronicosToeBillGenericFULLPDFCUFE" type="Request-Response" inputName="" receivesAttachments="false" sendsAttachments="false" anonymous="optional"><con:settings/><con:call id="b61a213f-1658-4e23-887c-d838f2884976" name="Request 1"><con:settings><con:setting id="com.eviware.soapui.impl.wsdl.WsdlRequest@request-headers">&lt;xml-fragment/></con:setting></con:settings><con:encoding>UTF-8</con:encoding><con:endpoint>http://testws.facturaenlinea.co/ServiciosFyM/eBill/Integracion.svc</con:endpoint><con:request><![CDATA[<soapenv:Envelope xmlns:soapenv="http://schemas.xmlsoap.org/soap/envelope/" xmlns:tem="http://tempuri.org/" xmlns:ebil="http://schemas.datacontract.org/2004/07/eBillCore" xmlns:arr="http://schemas.microsoft.com/2003/10/Serialization/Arrays">
   <soapenv:Header/>
   <soapenv:Body>
      <tem:FV_CargarDocumentosElectronicosToeBillGenericFULLPDFCUFE>
         <tem:FacCab>
            <ebil:AnoAprobacionRes>2021</ebil:AnoAprobacionRes>
            <ebil:CFD_LineCountNumeric>1</ebil:CFD_LineCountNumeric>
            <ebil:CFD_LineExtensionAmount>100000.00</ebil:CFD_LineExtensionAmount>
            <ebil:CFD_ProfileExecutionID>2</ebil:CFD_ProfileExecutionID>
            <ebil:CFD_TaxExclusiveAmount>0.00</ebil:CFD_TaxExclusiveAmount>
            <ebil:CFD_TaxInclusiveAmount>100000</ebil:CFD_TaxInclusiveAmount>
            <ebil:CFD_TaxPointDate>2022-03-22</ebil:CFD_TaxPointDate>
            <ebil:CFD_total_cargos>0.00</ebil:CFD_total_cargos>
            <ebil:CFD_total_descuentos>0.00</ebil:CFD_total_descuentos>
            <ebil:CampoTexto4>NANR</ebil:CampoTexto4>
            <ebil:CiudadDANE>11001</ebil:CiudadDANE>
            <ebil:CodigoPostalCliente>111111</ebil:CodigoPostalCliente>
            <ebil:Condiciones_Pago>10</ebil:Condiciones_Pago>
            <ebil:CorreoCliente>mateodryp@gmail.com</ebil:CorreoCliente>
            <ebil:FV_TDO_Codigo_TipoOperacion>11</ebil:FV_TDO_Codigo_TipoOperacion>
            <ebil:DepartamentoDANE>11</ebil:DepartamentoDANE>
            <ebil:DigitoVerificaCliente>4</ebil:DigitoVerificaCliente>
            <ebil:DireccionCliente>Cra. 14 # 98 - 51 Oficina 604</ebil:DireccionCliente>
            <ebil:EstiloFactura>404</ebil:EstiloFactura>
            <ebil:FV_RFI_Id_Regimen_Fiscal>4</ebil:FV_RFI_Id_Regimen_Fiscal>
            <ebil:FV_TDD_Code_TipoDocumentoDIAN>95</ebil:FV_TDD_Code_TipoDocumentoDIAN>
            <ebil:FechaExpedicion>2022-03-22T09:37:49</ebil:FechaExpedicion>
            <ebil:FechaVencimiento>2022-03-22T09:37:49</ebil:FechaVencimiento>
            <ebil:FormaPago>1</ebil:FormaPago>
            <ebil:MonedaISO>COP</ebil:MonedaISO>
            <ebil:NitCliente>654321555</ebil:NitCliente>
            <ebil:NitEmpresa>900306823</ebil:NitEmpresa>
            <ebil:NombreCliente>EMPRESA EXTRANJERA</ebil:NombreCliente>
            <ebil:NumAprobacionRes>220320221111</ebil:NumAprobacionRes>
            <ebil:NumFactura>10030</ebil:NumFactura>
            <ebil:PAI_ISO_3166>CO</ebil:PAI_ISO_3166>
            <ebil:Prefijo>SETT</ebil:Prefijo>
 		  <ebil:referencia>SETT860</ebil:referencia>
            <ebil:FV_CCN_Id_Concepto_CorreccionNotas>1</ebil:FV_CCN_Id_Concepto_CorreccionNotas>
            <ebil:TelefonoCliente>42231231</ebil:TelefonoCliente>
            <ebil:TipoComprobante>36</ebil:TipoComprobante>
            <ebil:TipoIDCliente>5</ebil:TipoIDCliente>
            <ebil:TotalIVA>0</ebil:TotalIVA>
            <ebil:Total_a_Pagar>100000.00</ebil:Total_a_Pagar>
         </tem:FacCab>

         <tem:DetFac>
            <!--Zero or more repetitions:-->
            <ebil:FV_CFDDetConexionInt>
               <ebil:CON_dato_decimal1>100000.00</ebil:CON_dato_decimal1>
               <ebil:CON_dato_decimal2>100</ebil:CON_dato_decimal2>
               <ebil:CON_dato_texto1>999</ebil:CON_dato_texto1>
               <ebil:CON_dato_texto2>Estándar de adopción del contribuyente</ebil:CON_dato_texto2>
               <ebil:CON_dato_texto4>COD123</ebil:CON_dato_texto4>
               <ebil:Cantidad>1000</ebil:Cantidad>
               <ebil:CodigoProducto>COD123</ebil:CodigoProducto>
               <ebil:CodigosString>COD123</ebil:CodigosString>
               <ebil:DescripcionProducto>Facturacion Electronica</ebil:DescripcionProducto>
               <ebil:IVAProducto>0.00</ebil:IVAProducto>
               <ebil:ItemReferencia>1</ebil:ItemReferencia>
               <ebil:PorIVAProducto>0</ebil:PorIVAProducto>
               <ebil:IdConcepto>0</ebil:IdConcepto>
               <ebil:ValorUnitario>100.00</ebil:ValorUnitario>
               <ebil:con_recurrente>false</ebil:con_recurrente>
            </ebil:FV_CFDDetConexionInt>
         </tem:DetFac>
         <!--Optional:-->
         <tem:Opciones>
            <ebil:ActualizaProductos>false</ebil:ActualizaProductos>
            <ebil:EmisionAutomatica>false</ebil:EmisionAutomatica>
            <ebil:FacturasSinAcuerdo>true</ebil:FacturasSinAcuerdo>
            <ebil:TieneAcuerdosFisicos>true</ebil:TieneAcuerdosFisicos>
            <ebil:TokenConexion>0CA473A5-5699-4AAE-BEA5-BEAB6D7A5804</ebil:TokenConexion>
            <ebil:eBillAdmNumerosFactura>false</ebil:eBillAdmNumerosFactura>
         </tem:Opciones>
      </tem:FV_CargarDocumentosElectronicosToeBillGenericFULLPDFCUFE>
   </soapenv:Body>
</soapenv:Envelope>]]></con:request><con:credentials><con:authType>No Authorization</con:authType></con:credentials><con:jmsConfig JMSDeliveryMode="PERSISTENT"/><con:jmsPropertyConfig/><con:wsaConfig mustUnderstand="NONE" version="200508" action="http://tempuri.org/IIntegracion/FV_CargarDocumentosElectronicosToeBillGenericFULLPDFCUFE"/><con:wsrmConfig version="1.2"/></con:call><con:call id="6e3a90cf-093a-476e-96df-03ffef214d96" name="Request 2"><con:settings><con:setting id="com.eviware.soapui.impl.wsdl.WsdlRequest@request-headers">&lt;xml-fragment/></con:setting></con:settings><con:encoding>UTF-8</con:encoding><con:endpoint>http://testws.facturaenlinea.co/ServiciosFyM/eBill/Integracion.svc</con:endpoint><con:request><![CDATA[<soapenv:Envelope xmlns:soapenv="http://schemas.xmlsoap.org/soap/envelope/" xmlns:tem="http://tempuri.org/" xmlns:ebil="http://schemas.datacontract.org/2004/07/eBillCore" xmlns:arr="http://schemas.microsoft.com/2003/10/Serialization/Arrays">\r
   <soapenv:Header/>\r
   <soapenv:Body>\r
      <tem:FV_CargarDocumentosElectronicosToeBillGenericFULLPDFCUFE>\r
         <!--Optional:-->\r
         <tem:PDFFac>cid:1419381255624</tem:PDFFac>\r
         <!--Optional:-->\r
         <tem:FacCab>\r
            <!--Optional:-->\r
            <ebil:AnoAprobacionRes>?</ebil:AnoAprobacionRes>\r
            <!--Optional:-->\r
            <ebil:Base_Impuesto>?</ebil:Base_Impuesto>\r
            <!--Optional:-->\r
            <ebil:CFD_AdditionalDocumentReference>?</ebil:CFD_AdditionalDocumentReference>\r
            <!--Optional:-->\r
            <ebil:CFD_Control_logo>?</ebil:CFD_Control_logo>\r
            <!--Optional:-->\r
            <ebil:CFD_EST_estado_tramit>?</ebil:CFD_EST_estado_tramit>\r
            <!--Optional:-->\r
            <ebil:CFD_Envio_Asyncronico>?</ebil:CFD_Envio_Asyncronico>\r
            <!--Optional:-->\r
            <ebil:CFD_Flete>?</ebil:CFD_Flete>\r
            <!--Optional:-->\r
            <ebil:CFD_Inf_relacionada_Industria>?</ebil:CFD_Inf_relacionada_Industria>\r
            <!--Optional:-->\r
            <ebil:CFD_LineCountNumeric>?</ebil:CFD_LineCountNumeric>\r
            <!--Optional:-->\r
            <ebil:CFD_LineExtensionAmount>?</ebil:CFD_LineExtensionAmount>\r
            <!--Optional:-->\r
            <ebil:CFD_Modelo_Facturacion>?</ebil:CFD_Modelo_Facturacion>\r
            <!--Optional:-->\r
            <ebil:CFD_OtrosCargos>?</ebil:CFD_OtrosCargos>\r
            <!--Optional:-->\r
            <ebil:CFD_Por_Margen>?</ebil:CFD_Por_Margen>\r
            <!--Optional:-->\r
            <ebil:CFD_ProfileExecutionID>?</ebil:CFD_ProfileExecutionID>\r
            <!--Optional:-->\r
            <ebil:CFD_ResponseCode>?</ebil:CFD_ResponseCode>\r
            <!--Optional:-->\r
            <ebil:CFD_TaxExclusiveAmount>?</ebil:CFD_TaxExclusiveAmount>\r
            <!--Optional:-->\r
            <ebil:CFD_TaxInclusiveAmount>?</ebil:CFD_TaxInclusiveAmount>\r
            <!--Optional:-->\r
            <ebil:CFD_TaxPointDate>?</ebil:CFD_TaxPointDate>\r
            <!--Optional:-->\r
            <ebil:CFD_Transaccion_VIP>?</ebil:CFD_Transaccion_VIP>\r
            <!--Optional:-->\r
            <ebil:CFD_base_ICA_total>?</ebil:CFD_base_ICA_total>\r
            <!--Optional:-->\r
            <ebil:CFD_base_impo_total_nal>?</ebil:CFD_base_impo_total_nal>\r
            <!--Optional:-->\r
            <ebil:CFD_base_impo_total_reg>?</ebil:CFD_base_impo_total_reg>\r
            <!--Optional:-->\r
            <ebil:CFD_campo_texto_10>?</ebil:CFD_campo_texto_10>\r
            <!--Optional:-->\r
            <ebil:CFD_campo_texto_11>?</ebil:CFD_campo_texto_11>\r
            <!--Optional:-->\r
            <ebil:CFD_campo_texto_12>?</ebil:CFD_campo_texto_12>\r
            <!--Optional:-->\r
            <ebil:CFD_campo_texto_13>?</ebil:CFD_campo_texto_13>\r
            <!--Optional:-->\r
            <ebil:CFD_campo_texto_14>?</ebil:CFD_campo_texto_14>\r
            <!--Optional:-->\r
            <ebil:CFD_campo_texto_15>?</ebil:CFD_campo_texto_15>\r
            <!--Optional:-->\r
            <ebil:CFD_campo_texto_16>?</ebil:CFD_campo_texto_16>\r
            <!--Optional:-->\r
            <ebil:CFD_campo_texto_17>?</ebil:CFD_campo_texto_17>\r
            <!--Optional:-->\r
            <ebil:CFD_campo_texto_18>?</ebil:CFD_campo_texto_18>\r
            <!--Optional:-->\r
            <ebil:CFD_campo_texto_19>?</ebil:CFD_campo_texto_19>\r
            <!--Optional:-->\r
            <ebil:CFD_campo_texto_20>?</ebil:CFD_campo_texto_20>\r
            <!--Optional:-->\r
            <ebil:CFD_campo_texto_21>?</ebil:CFD_campo_texto_21>\r
            <!--Optional:-->\r
            <ebil:CFD_campo_texto_22>?</ebil:CFD_campo_texto_22>\r
            <!--Optional:-->\r
            <ebil:CFD_campo_texto_23>?</ebil:CFD_campo_texto_23>\r
            <!--Optional:-->\r
            <ebil:CFD_campo_texto_24>?</ebil:CFD_campo_texto_24>\r
            <!--Optional:-->\r
            <ebil:CFD_campo_texto_25>?</ebil:CFD_campo_texto_25>\r
            <!--Optional:-->\r
            <ebil:CFD_campo_texto_26>?</ebil:CFD_campo_texto_26>\r
            <!--Optional:-->\r
            <ebil:CFD_campo_texto_27>?</ebil:CFD_campo_texto_27>\r
            <!--Optional:-->\r
            <ebil:CFD_campo_texto_28>?</ebil:CFD_campo_texto_28>\r
            <!--Optional:-->\r
            <ebil:CFD_campo_texto_29>?</ebil:CFD_campo_texto_29>\r
            <!--Optional:-->\r
            <ebil:CFD_campo_texto_9>?</ebil:CFD_campo_texto_9>\r
            <!--Optional:-->\r
            <ebil:CFD_cantidad_dec_1>?</ebil:CFD_cantidad_dec_1>\r
            <!--Optional:-->\r
            <ebil:CFD_cantidad_dec_10>?</ebil:CFD_cantidad_dec_10>\r
            <!--Optional:-->\r
            <ebil:CFD_cantidad_dec_11>?</ebil:CFD_cantidad_dec_11>\r
            <!--Optional:-->\r
            <ebil:CFD_cantidad_dec_12>?</ebil:CFD_cantidad_dec_12>\r
            <!--Optional:-->\r
            <ebil:CFD_cantidad_dec_13>?</ebil:CFD_cantidad_dec_13>\r
            <!--Optional:-->\r
            <ebil:CFD_cantidad_dec_14>?</ebil:CFD_cantidad_dec_14>\r
            <!--Optional:-->\r
            <ebil:CFD_cantidad_dec_15>?</ebil:CFD_cantidad_dec_15>\r
            <!--Optional:-->\r
            <ebil:CFD_cantidad_dec_16>?</ebil:CFD_cantidad_dec_16>\r
            <!--Optional:-->\r
            <ebil:CFD_cantidad_dec_17>?</ebil:CFD_cantidad_dec_17>\r
            <!--Optional:-->\r
            <ebil:CFD_cantidad_dec_18>?</ebil:CFD_cantidad_dec_18>\r
            <!--Optional:-->\r
            <ebil:CFD_cantidad_dec_19>?</ebil:CFD_cantidad_dec_19>\r
            <!--Optional:-->\r
            <ebil:CFD_cantidad_dec_20>?</ebil:CFD_cantidad_dec_20>\r
            <!--Optional:-->\r
            <ebil:CFD_cantidad_dec_21>?</ebil:CFD_cantidad_dec_21>\r
            <!--Optional:-->\r
            <ebil:CFD_cantidad_dec_22>?</ebil:CFD_cantidad_dec_22>\r
            <!--Optional:-->\r
            <ebil:CFD_cantidad_dec_23>?</ebil:CFD_cantidad_dec_23>\r
            <!--Optional:-->\r
            <ebil:CFD_cantidad_dec_24>?</ebil:CFD_cantidad_dec_24>\r
            <!--Optional:-->\r
            <ebil:CFD_cantidad_dec_25>?</ebil:CFD_cantidad_dec_25>\r
            <!--Optional:-->\r
            <ebil:CFD_cantidad_dec_4>?</ebil:CFD_cantidad_dec_4>\r
            <!--Optional:-->\r
            <ebil:CFD_cantidad_dec_5>?</ebil:CFD_cantidad_dec_5>\r
            <!--Optional:-->\r
            <ebil:CFD_cantidad_dec_6>?</ebil:CFD_cantidad_dec_6>\r
            <!--Optional:-->\r
            <ebil:CFD_cantidad_dec_7>?</ebil:CFD_cantidad_dec_7>\r
            <!--Optional:-->\r
            <ebil:CFD_cantidad_dec_8>?</ebil:CFD_cantidad_dec_8>\r
            <!--Optional:-->\r
            <ebil:CFD_cantidad_dec_9>?</ebil:CFD_cantidad_dec_9>\r
            <!--Optional:-->\r
            <ebil:CFD_deducible>?</ebil:CFD_deducible>\r
            <!--Optional:-->\r
            <ebil:CFD_desconexion_servicio>?</ebil:CFD_desconexion_servicio>\r
            <!--Optional:-->\r
            <ebil:CFD_fecha_desconexion>?</ebil:CFD_fecha_desconexion>\r
            <!--Optional:-->\r
            <ebil:CFD_fecha_tasadeCambio>?</ebil:CFD_fecha_tasadeCambio>\r
            <!--Optional:-->\r
            <ebil:CFD_inf_origen_despacho>?</ebil:CFD_inf_origen_despacho>\r
            <!--Optional:-->\r
            <ebil:CFD_numero_enlace_doc_ref>?</ebil:CFD_numero_enlace_doc_ref>\r
            <!--Optional:-->\r
            <ebil:CFD_porc_rte_ICA>?</ebil:CFD_porc_rte_ICA>\r
            <!--Optional:-->\r
            <ebil:CFD_porc_rte_fuent>?</ebil:CFD_porc_rte_fuent>\r
            <!--Optional:-->\r
            <ebil:CFD_tasa_mora>?</ebil:CFD_tasa_mora>\r
            <!--Optional:-->\r
            <ebil:CFD_tdi_id_tipo_doc_interno>?</ebil:CFD_tdi_id_tipo_doc_interno>\r
            <!--Optional:-->\r
            <ebil:CFD_total_ICA>?</ebil:CFD_total_ICA>\r
            <!--Optional:-->\r
            <ebil:CFD_total_aduana_exp>?</ebil:CFD_total_aduana_exp>\r
            <!--Optional:-->\r
            <ebil:CFD_total_cargos>?</ebil:CFD_total_cargos>\r
            <!--Optional:-->\r
            <ebil:CFD_total_descuentos>?</ebil:CFD_total_descuentos>\r
            <!--Optional:-->\r
            <ebil:CFD_total_margen>?</ebil:CFD_total_margen>\r
            <!--Optional:-->\r
            <ebil:CFD_total_seguro_exp>?</ebil:CFD_total_seguro_exp>\r
            <!--Optional:-->\r
            <ebil:CLI_numero_cliente>?</ebil:CLI_numero_cliente>\r
            <!--Optional:-->\r
            <ebil:CREETotal>?</ebil:CREETotal>\r
            <!--Optional:-->\r
            <ebil:CampoTexto1>?</ebil:CampoTexto1>\r
            <!--Optional:-->\r
            <ebil:CampoTexto2>?</ebil:CampoTexto2>\r
            <!--Optional:-->\r
            <ebil:CampoTexto3>?</ebil:CampoTexto3>\r
            <!--Optional:-->\r
            <ebil:CampoTexto4>?</ebil:CampoTexto4>\r
            <!--Optional:-->\r
            <ebil:CampoTexto5>?</ebil:CampoTexto5>\r
            <!--Optional:-->\r
            <ebil:CampoTexto6>?</ebil:CampoTexto6>\r
            <!--Optional:-->\r
            <ebil:CampoTexto7>?</ebil:CampoTexto7>\r
            <!--Optional:-->\r
            <ebil:CampoTexto8>?</ebil:CampoTexto8>\r
            <!--Optional:-->\r
            <ebil:Cantidad1>?</ebil:Cantidad1>\r
            <!--Optional:-->\r
            <ebil:Cantidad2>?</ebil:Cantidad2>\r
            <!--Optional:-->\r
            <ebil:Cantidad3>?</ebil:Cantidad3>\r
            <!--Optional:-->\r
            <ebil:CantidadDec1>?</ebil:CantidadDec1>\r
            <!--Optional:-->\r
            <ebil:CantidadDec2>?</ebil:CantidadDec2>\r
            <!--Optional:-->\r
            <ebil:CantidadDec3>?</ebil:CantidadDec3>\r
            <!--Optional:-->\r
            <ebil:CiudadDANE>?</ebil:CiudadDANE>\r
            <!--Optional:-->\r
            <ebil:CodVendedor>?</ebil:CodVendedor>\r
            <!--Optional:-->\r
            <ebil:CodigoPostalCliente>?</ebil:CodigoPostalCliente>\r
            <!--Optional:-->\r
            <ebil:CodigoPostalEnvio>?</ebil:CodigoPostalEnvio>\r
            <!--Optional:-->\r
            <ebil:ComprobanteCon>?</ebil:ComprobanteCon>\r
            <!--Optional:-->\r
            <ebil:Condiciones_Pago>?</ebil:Condiciones_Pago>\r
            <!--Optional:-->\r
            <ebil:ContactoCargo>?</ebil:ContactoCargo>\r
            <!--Optional:-->\r
            <ebil:ContactoCorreo>?</ebil:ContactoCorreo>\r
            <!--Optional:-->\r
            <ebil:ContactoNombre>?</ebil:ContactoNombre>\r
            <!--Optional:-->\r
            <ebil:CorreoCliente>?</ebil:CorreoCliente>\r
            <!--Optional:-->\r
            <ebil:DepartamentoDANE>?</ebil:DepartamentoDANE>\r
            <!--Optional:-->\r
            <ebil:DescripcionPlan>?</ebil:DescripcionPlan>\r
            <!--Optional:-->\r
            <ebil:Descuento>?</ebil:Descuento>\r
            <!--Optional:-->\r
            <ebil:DigitoVerificaCliente>?</ebil:DigitoVerificaCliente>\r
            <!--Optional:-->\r
            <ebil:DireccionCliente>?</ebil:DireccionCliente>\r
            <!--Optional:-->\r
            <ebil:EsRecepcion>?</ebil:EsRecepcion>\r
            <!--Optional:-->\r
            <ebil:EstiloFactura>?</ebil:EstiloFactura>\r
            <!--Optional:-->\r
            <ebil:FV_CCN_id_concepto_correcionnotas>?</ebil:FV_CCN_id_concepto_correcionnotas>\r
            <!--Optional:-->\r
            <ebil:FV_CDE_id_codigos_descuento>?</ebil:FV_CDE_id_codigos_descuento>\r
            <!--Optional:-->\r
            <ebil:FV_EDO_id_eventos_docelec>?</ebil:FV_EDO_id_eventos_docelec>\r
            <!--Optional:-->\r
            <ebil:FV_INC_id_incoterm>?</ebil:FV_INC_id_incoterm>\r
            <!--Optional:-->\r
            <ebil:FV_RFI_Id_Regimen_Fiscal>?</ebil:FV_RFI_Id_Regimen_Fiscal>\r
            <!--Optional:-->\r
            <ebil:FV_TDD_Code_TipoDocumentoDIAN>?</ebil:FV_TDD_Code_TipoDocumentoDIAN>\r
            <!--Optional:-->\r
            <ebil:FV_TDO_Codigo_TipoOperacion>?</ebil:FV_TDO_Codigo_TipoOperacion>\r
            <!--Optional:-->\r
            <ebil:FechaExpedicion>?</ebil:FechaExpedicion>\r
            <!--Optional:-->\r
            <ebil:FechaFinalPeriodoFacturado>?</ebil:FechaFinalPeriodoFacturado>\r
            <!--Optional:-->\r
            <ebil:FechaInicialPeriodoFacturado>?</ebil:FechaInicialPeriodoFacturado>\r
            <!--Optional:-->\r
            <ebil:FechaVencimiento>?</ebil:FechaVencimiento>\r
            <!--Optional:-->\r
            <ebil:FormaPago>?</ebil:FormaPago>\r
            <!--Optional:-->\r
            <ebil:IDInterno>?</ebil:IDInterno>\r
            <!--Optional:-->\r
            <ebil:IDUbicacionCliente>?</ebil:IDUbicacionCliente>\r
            <!--Optional:-->\r
            <ebil:IDUbicacionEnvio>?</ebil:IDUbicacionEnvio>\r
            <!--Optional:-->\r
            <ebil:IdPlan>?</ebil:IdPlan>\r
            <!--Optional:-->\r
            <ebil:IdSucursal>?</ebil:IdSucursal>\r
            <!--Optional:-->\r
            <ebil:Incoterm>?</ebil:Incoterm>\r
            <!--Optional:-->\r
            <ebil:InfoAdicional>?</ebil:InfoAdicional>\r
            <!--Optional:-->\r
            <ebil:LugarTerminosEntrega>?</ebil:LugarTerminosEntrega>\r
            <!--Optional:-->\r
            <ebil:MesCausado>?</ebil:MesCausado>\r
            <!--Optional:-->\r
            <ebil:MonedaISO>?</ebil:MonedaISO>\r
            <!--Optional:-->\r
            <ebil:NitCliente>?</ebil:NitCliente>\r
            <!--Optional:-->\r
            <ebil:NitEmpresa>?</ebil:NitEmpresa>\r
            <!--Optional:-->\r
            <ebil:NombreCliente>?</ebil:NombreCliente>\r
            <!--Optional:-->\r
            <ebil:NombreComercial>?</ebil:NombreComercial>\r
            <!--Optional:-->\r
            <ebil:NombrePlan>?</ebil:NombrePlan>\r
            <!--Optional:-->\r
            <ebil:NombreVendedor>?</ebil:NombreVendedor>\r
            <!--Optional:-->\r
            <ebil:NumAprobacionRes>?</ebil:NumAprobacionRes>\r
            <!--Optional:-->\r
            <ebil:NumFactura>?</ebil:NumFactura>\r
            <!--Optional:-->\r
            <ebil:OrderID>?</ebil:OrderID>\r
            <!--Optional:-->\r
            <ebil:PAI_ISO_3166>?</ebil:PAI_ISO_3166>\r
            <!--Optional:-->\r
            <ebil:PAI_nombre_envio>?</ebil:PAI_nombre_envio>\r
            <!--Optional:-->\r
            <ebil:PagoAnterior>?</ebil:PagoAnterior>\r
            <!--Optional:-->\r
            <ebil:Prefijo>?</ebil:Prefijo>\r
            <!--Optional:-->\r
            <ebil:ReferenciaCliente>?</ebil:ReferenciaCliente>\r
            <!--Optional:-->\r
            <ebil:RetencionCREETotal>?</ebil:RetencionCREETotal>\r
            <!--Optional:-->\r
            <ebil:SMSXDoc>?</ebil:SMSXDoc>\r
            <!--Optional:-->\r
            <ebil:SaldoAnterior>?</ebil:SaldoAnterior>\r
            <!--Optional:-->\r
            <ebil:SubTotal>?</ebil:SubTotal>\r
            <!--Optional:-->\r
            <ebil:SubTotalSegunMon>?</ebil:SubTotalSegunMon>\r
            <!--Optional:-->\r
            <ebil:Sucursal>?</ebil:Sucursal>\r
            <!--Optional:-->\r
            <ebil:TIP_id_tipo_persona>?</ebil:TIP_id_tipo_persona>\r
            <!--Optional:-->\r
            <ebil:TasaCambio>?</ebil:TasaCambio>\r
            <!--Optional:-->\r
            <ebil:TelefonoCliente>?</ebil:TelefonoCliente>\r
            <!--Optional:-->\r
            <ebil:Texto3>?</ebil:Texto3>\r
            <!--Optional:-->\r
            <ebil:TieneAcuerdo>?</ebil:TieneAcuerdo>\r
            <!--Optional:-->\r
            <ebil:TipoComprobante>?</ebil:TipoComprobante>\r
            <!--Optional:-->\r
            <ebil:TipoContribuyente>?</ebil:TipoContribuyente>\r
            <!--Optional:-->\r
            <ebil:TipoIDCliente>?</ebil:TipoIDCliente>\r
            <!--Optional:-->\r
            <ebil:Total>?</ebil:Total>\r
            <!--Optional:-->\r
            <ebil:TotalIVA>?</ebil:TotalIVA>\r
            <!--Optional:-->\r
            <ebil:TotalIVASegunMon>?</ebil:TotalIVASegunMon>\r
            <!--Optional:-->\r
            <ebil:TotalRetICA>?</ebil:TotalRetICA>\r
            <!--Optional:-->\r
            <ebil:TotalRetIVA>?</ebil:TotalRetIVA>\r
            <!--Optional:-->\r
            <ebil:TotalRetencion>?</ebil:TotalRetencion>\r
            <!--Optional:-->\r
            <ebil:TotalSegunMon>?</ebil:TotalSegunMon>\r
            <!--Optional:-->\r
            <ebil:TotalTraslado>?</ebil:TotalTraslado>\r
            <!--Optional:-->\r
            <ebil:Total_a_Pagar>?</ebil:Total_a_Pagar>\r
            <!--Optional:-->\r
            <ebil:ValorHasta1>?</ebil:ValorHasta1>\r
            <!--Optional:-->\r
            <ebil:ValorHasta2>?</ebil:ValorHasta2>\r
            <!--Optional:-->\r
            <ebil:ValorHasta3>?</ebil:ValorHasta3>\r
            <!--Optional:-->\r
            <ebil:ValorHasta4>?</ebil:ValorHasta4>\r
            <!--Optional:-->\r
            <ebil:cfd_activa_nota1>?</ebil:cfd_activa_nota1>\r
            <!--Optional:-->\r
            <ebil:cfd_barcode_banco4>?</ebil:cfd_barcode_banco4>\r
            <!--Optional:-->\r
            <ebil:ciudad_envio>?</ebil:ciudad_envio>\r
            <!--Optional:-->\r
            <ebil:code1>?</ebil:code1>\r
            <!--Optional:-->\r
            <ebil:code2>?</ebil:code2>\r
            <!--Optional:-->\r
            <ebil:code3>?</ebil:code3>\r
            <!--Optional:-->\r
            <ebil:curso>?</ebil:curso>\r
            <!--Optional:-->\r
            <ebil:departamento_envio>?</ebil:departamento_envio>\r
            <!--Optional:-->\r
            <ebil:direccion_envio>?</ebil:direccion_envio>\r
            <!--Optional:-->\r
            <ebil:id_PFD_PerfilDummy>?</ebil:id_PFD_PerfilDummy>\r
            <!--Optional:-->\r
            <ebil:numero_envio>?</ebil:numero_envio>\r
            <!--Optional:-->\r
            <ebil:orden_venta>?</ebil:orden_venta>\r
            <!--Optional:-->\r
            <ebil:pague_hasta1>?</ebil:pague_hasta1>\r
            <!--Optional:-->\r
            <ebil:pague_hasta2>?</ebil:pague_hasta2>\r
            <!--Optional:-->\r
            <ebil:pague_hasta3>?</ebil:pague_hasta3>\r
            <!--Optional:-->\r
            <ebil:referencia>?</ebil:referencia>\r
            <!--Optional:-->\r
            <ebil:referencia1>?</ebil:referencia1>\r
            <!--Optional:-->\r
            <ebil:referencia_envio>?</ebil:referencia_envio>\r
            <!--Optional:-->\r
            <ebil:telefono_envio>?</ebil:telefono_envio>\r
         </tem:FacCab>\r
         <!--Optional:-->\r
         <tem:DetFac>\r
            <!--Zero or more repetitions:-->\r
            <ebil:FV_CFDDetConexionInt>\r
               <!--Optional:-->\r
               <ebil:CON_base_ica>?</ebil:CON_base_ica>\r
               <!--Optional:-->\r
               <ebil:CON_base_impo_n>?</ebil:CON_base_impo_n>\r
               <!--Optional:-->\r
               <ebil:CON_base_impo_r>?</ebil:CON_base_impo_r>\r
               <!--Optional:-->\r
               <ebil:CON_base_iva>?</ebil:CON_base_iva>\r
               <!--Optional:-->\r
               <ebil:CON_cantidad_original_solicitada>?</ebil:CON_cantidad_original_solicitada>\r
               <!--Optional:-->\r
               <ebil:CON_categoria_0>?</ebil:CON_categoria_0>\r
               <!--Optional:-->\r
               <ebil:CON_categoria_1>?</ebil:CON_categoria_1>\r
               <!--Optional:-->\r
               <ebil:CON_categoria_2>?</ebil:CON_categoria_2>\r
               <!--Optional:-->\r
               <ebil:CON_categoria_3>?</ebil:CON_categoria_3>\r
               <!--Optional:-->\r
               <ebil:CON_ciudad_despacho>?</ebil:CON_ciudad_despacho>\r
               <!--Optional:-->\r
               <ebil:CON_dato_decimal1>?</ebil:CON_dato_decimal1>\r
               <!--Optional:-->\r
               <ebil:CON_dato_decimal10>?</ebil:CON_dato_decimal10>\r
               <!--Optional:-->\r
               <ebil:CON_dato_decimal11>?</ebil:CON_dato_decimal11>\r
               <!--Optional:-->\r
               <ebil:CON_dato_decimal12>?</ebil:CON_dato_decimal12>\r
               <!--Optional:-->\r
               <ebil:CON_dato_decimal13>?</ebil:CON_dato_decimal13>\r
               <!--Optional:-->\r
               <ebil:CON_dato_decimal14>?</ebil:CON_dato_decimal14>\r
               <!--Optional:-->\r
               <ebil:CON_dato_decimal15>?</ebil:CON_dato_decimal15>\r
               <!--Optional:-->\r
               <ebil:CON_dato_decimal2>?</ebil:CON_dato_decimal2>\r
               <!--Optional:-->\r
               <ebil:CON_dato_decimal3>?</ebil:CON_dato_decimal3>\r
               <!--Optional:-->\r
               <ebil:CON_dato_decimal4>?</ebil:CON_dato_decimal4>\r
               <!--Optional:-->\r
               <ebil:CON_dato_decimal5>?</ebil:CON_dato_decimal5>\r
               <!--Optional:-->\r
               <ebil:CON_dato_decimal6>?</ebil:CON_dato_decimal6>\r
               <!--Optional:-->\r
               <ebil:CON_dato_decimal7>?</ebil:CON_dato_decimal7>\r
               <!--Optional:-->\r
               <ebil:CON_dato_decimal8>?</ebil:CON_dato_decimal8>\r
               <!--Optional:-->\r
               <ebil:CON_dato_decimal9>?</ebil:CON_dato_decimal9>\r
               <!--Optional:-->\r
               <ebil:CON_dato_destino>?</ebil:CON_dato_destino>\r
               <!--Optional:-->\r
               <ebil:CON_dato_fecha>?</ebil:CON_dato_fecha>\r
               <!--Optional:-->\r
               <ebil:CON_dato_origen>?</ebil:CON_dato_origen>\r
               <!--Optional:-->\r
               <ebil:CON_dato_peso>?</ebil:CON_dato_peso>\r
               <!--Optional:-->\r
               <ebil:CON_dato_placa>?</ebil:CON_dato_placa>\r
               <!--Optional:-->\r
               <ebil:CON_dato_referencia>?</ebil:CON_dato_referencia>\r
               <!--Optional:-->\r
               <ebil:CON_dato_texto1>?</ebil:CON_dato_texto1>\r
               <!--Optional:-->\r
               <ebil:CON_dato_texto10>?</ebil:CON_dato_texto10>\r
               <!--Optional:-->\r
               <ebil:CON_dato_texto11>?</ebil:CON_dato_texto11>\r
               <!--Optional:-->\r
               <ebil:CON_dato_texto12>?</ebil:CON_dato_texto12>\r
               <!--Optional:-->\r
               <ebil:CON_dato_texto13>?</ebil:CON_dato_texto13>\r
               <!--Optional:-->\r
               <ebil:CON_dato_texto14>?</ebil:CON_dato_texto14>\r
               <!--Optional:-->\r
               <ebil:CON_dato_texto15>?</ebil:CON_dato_texto15>\r
               <!--Optional:-->\r
               <ebil:CON_dato_texto2>?</ebil:CON_dato_texto2>\r
               <!--Optional:-->\r
               <ebil:CON_dato_texto3>?</ebil:CON_dato_texto3>\r
               <!--Optional:-->\r
               <ebil:CON_dato_texto4>?</ebil:CON_dato_texto4>\r
               <!--Optional:-->\r
               <ebil:CON_dato_texto5>?</ebil:CON_dato_texto5>\r
               <!--Optional:-->\r
               <ebil:CON_dato_texto6>?</ebil:CON_dato_texto6>\r
               <!--Optional:-->\r
               <ebil:CON_dato_texto7>?</ebil:CON_dato_texto7>\r
               <!--Optional:-->\r
               <ebil:CON_dato_texto8>?</ebil:CON_dato_texto8>\r
               <!--Optional:-->\r
               <ebil:CON_dato_texto9>?</ebil:CON_dato_texto9>\r
               <!--Optional:-->\r
               <ebil:CON_departamento_despacho>?</ebil:CON_departamento_despacho>\r
               <!--Optional:-->\r
               <ebil:CON_detalle_construccion>?</ebil:CON_detalle_construccion>\r
               <!--Optional:-->\r
               <ebil:CON_detalle_industria1>?</ebil:CON_detalle_industria1>\r
               <!--Optional:-->\r
               <ebil:CON_detalle_industria2>?</ebil:CON_detalle_industria2>\r
               <!--Optional:-->\r
               <ebil:CON_detalle_industria3>?</ebil:CON_detalle_industria3>\r
               <!--Optional:-->\r
               <ebil:CON_detalle_vehiculo>?</ebil:CON_detalle_vehiculo>\r
               <!--Optional:-->\r
               <ebil:CON_direccion_despacho>?</ebil:CON_direccion_despacho>\r
               <!--Optional:-->\r
               <ebil:CON_documentos_referencia>?</ebil:CON_documentos_referencia>\r
               <!--Optional:-->\r
               <ebil:CON_linea_concepto>?</ebil:CON_linea_concepto>\r
               <!--Optional:-->\r
               <ebil:CON_linea_padre_concepto>?</ebil:CON_linea_padre_concepto>\r
               <!--Optional:-->\r
               <ebil:CON_posicion_arancelaria>?</ebil:CON_posicion_arancelaria>\r
               <!--Optional:-->\r
               <ebil:CON_sub_cliente>?</ebil:CON_sub_cliente>\r
               <!--Optional:-->\r
               <ebil:CON_total_con_seg_mon>?</ebil:CON_total_con_seg_mon>\r
               <!--Optional:-->\r
               <ebil:CON_unidad_medida_con>?</ebil:CON_unidad_medida_con>\r
               <!--Optional:-->\r
               <ebil:CON_valor_otros_cargos>?</ebil:CON_valor_otros_cargos>\r
               <!--Optional:-->\r
               <ebil:CON_valor_otros_descuentos>?</ebil:CON_valor_otros_descuentos>\r
               <!--Optional:-->\r
               <ebil:CON_valor_unitario_seg_mon>?</ebil:CON_valor_unitario_seg_mon>\r
               <!--Optional:-->\r
               <ebil:CREE>?</ebil:CREE>\r
               <!--Optional:-->\r
               <ebil:Cantidad>?</ebil:Cantidad>\r
               <!--Optional:-->\r
               <ebil:ClaseMovimiento>?</ebil:ClaseMovimiento>\r
               <!--Optional:-->\r
               <ebil:CodigoProducto>?</ebil:CodigoProducto>\r
               <!--Optional:-->\r
               <ebil:Codigos>\r
                  <!--Zero or more repetitions:-->\r
                  <arr:string>?</arr:string>\r
               </ebil:Codigos>\r
               <!--Optional:-->\r
               <ebil:CodigosString>?</ebil:CodigosString>\r
               <!--Optional:-->\r
               <ebil:DescripcionConcepto>?</ebil:DescripcionConcepto>\r
               <!--Optional:-->\r
               <ebil:DescripcionProducto>?</ebil:DescripcionProducto>\r
               <!--Optional:-->\r
               <ebil:DescuentoConcepto>?</ebil:DescuentoConcepto>\r
               <!--Optional:-->\r
               <ebil:FechaRecibe>?</ebil:FechaRecibe>\r
               <!--Optional:-->\r
               <ebil:IVAProducto>?</ebil:IVAProducto>\r
               <!--Optional:-->\r
               <ebil:IdConcepto>?</ebil:IdConcepto>\r
               <!--Optional:-->\r
               <ebil:Importe>?</ebil:Importe>\r
               <!--Optional:-->\r
               <ebil:Impuesto2>?</ebil:Impuesto2>\r
               <!--Optional:-->\r
               <ebil:ItemReferencia>?</ebil:ItemReferencia>\r
               <!--Optional:-->\r
               <ebil:NotasConcepto>?</ebil:NotasConcepto>\r
               <!--Optional:-->\r
               <ebil:PorIVAProducto>?</ebil:PorIVAProducto>\r
               <!--Optional:-->\r
               <ebil:PorImpuesto2>?</ebil:PorImpuesto2>\r
               <!--Optional:-->\r
               <ebil:PorcentajeDescuento>?</ebil:PorcentajeDescuento>\r
               <!--Optional:-->\r
               <ebil:RetencionCREE>?</ebil:RetencionCREE>\r
               <!--Optional:-->\r
               <ebil:TipoImpuesto>?</ebil:TipoImpuesto>\r
               <!--Optional:-->\r
               <ebil:TotalConSegMon>?</ebil:TotalConSegMon>\r
               <!--Optional:-->\r
               <ebil:TotalConcepto>?</ebil:TotalConcepto>\r
               <!--Optional:-->\r
               <ebil:UnidadMedida>?</ebil:UnidadMedida>\r
               <!--Optional:-->\r
               <ebil:ValorUnitario>?</ebil:ValorUnitario>\r
               <!--Optional:-->\r
               <ebil:con_recurrente>?</ebil:con_recurrente>\r
            </ebil:FV_CFDDetConexionInt>\r
         </tem:DetFac>\r
         <!--Optional:-->\r
         <tem:Opciones>\r
            <!--Optional:-->\r
            <ebil:ActualizaProductos>?</ebil:ActualizaProductos>\r
            <!--Optional:-->\r
            <ebil:CalculaReteCree>?</ebil:CalculaReteCree>\r
            <!--Optional:-->\r
            <ebil:CalculaReteFuente>?</ebil:CalculaReteFuente>\r
            <!--Optional:-->\r
            <ebil:CalculaReteICA>?</ebil:CalculaReteICA>\r
            <!--Optional:-->\r
            <ebil:CalculaReteIVA>?</ebil:CalculaReteIVA>\r
            <!--Optional:-->\r
            <ebil:EmisionAutomatica>?</ebil:EmisionAutomatica>\r
            <!--Optional:-->\r
            <ebil:FacturaMinimalegal>?</ebil:FacturaMinimalegal>\r
            <!--Optional:-->\r
            <ebil:FacturasSinAcuerdo>?</ebil:FacturasSinAcuerdo>\r
            <!--Optional:-->\r
            <ebil:ModeloXAceptacion>?</ebil:ModeloXAceptacion>\r
            <!--Optional:-->\r
            <ebil:NotasRelacionadas>?</ebil:NotasRelacionadas>\r
            <!--Optional:-->\r
            <ebil:OrderControl>?</ebil:OrderControl>\r
            <!--Optional:-->\r
            <ebil:TieneAcuerdosFisicos>?</ebil:TieneAcuerdosFisicos>\r
            <!--Optional:-->\r
            <ebil:TokenConexion>?</ebil:TokenConexion>\r
            <!--Optional:-->\r
            <ebil:eBillAdmNumerosFactura>?</ebil:eBillAdmNumerosFactura>\r
         </tem:Opciones>\r
         <!--Optional:-->\r
         <tem:AllowedChargeCab>\r
            <!--Zero or more repetitions:-->\r
            <ebil:FV_ACC_AllowanceChargeCabInt>\r
               <!--Optional:-->\r
               <ebil:FCC_ACC_Amount_AllowanceChargeCab>?</ebil:FCC_ACC_Amount_AllowanceChargeCab>\r
               <!--Optional:-->\r
               <ebil:FCC_ACC_MultiplierFactorNumeric_AllowanceChargeCab>?</ebil:FCC_ACC_MultiplierFactorNumeric_AllowanceChargeCab>\r
               <!--Optional:-->\r
               <ebil:FC_ACC_BaseAmount_AllowanceChargeCab>?</ebil:FC_ACC_BaseAmount_AllowanceChargeCab>\r
               <!--Optional:-->\r
               <ebil:FV_ACC_ChargeIndicator_AllowanceChargeCab>?</ebil:FV_ACC_ChargeIndicator_AllowanceChargeCab>\r
               <!--Optional:-->\r
               <ebil:FV_ACC_Code_AllowanceChargeCab>?</ebil:FV_ACC_Code_AllowanceChargeCab>\r
               <!--Optional:-->\r
               <ebil:FV_ACC_Id_AllowanceChargeCab>?</ebil:FV_ACC_Id_AllowanceChargeCab>\r
               <!--Optional:-->\r
               <ebil:FV_ACC_Reason_AllowanceChargeCab>?</ebil:FV_ACC_Reason_AllowanceChargeCab>\r
            </ebil:FV_ACC_AllowanceChargeCabInt>\r
         </tem:AllowedChargeCab>\r
         <!--Optional:-->\r
         <tem:AllowedChargeDet>\r
            <!--Zero or more repetitions:-->\r
            <ebil:FV_ACD_AllowanceChargeDetInt>\r
               <!--Optional:-->\r
               <ebil:FCC_ACD_Amount_AllowanceChargeDet>?</ebil:FCC_ACD_Amount_AllowanceChargeDet>\r
               <!--Optional:-->\r
               <ebil:FCC_ACD_MultiplierFactorNumeric_AllowanceChargeDet>?</ebil:FCC_ACD_MultiplierFactorNumeric_AllowanceChargeDet>\r
               <!--Optional:-->\r
               <ebil:FC_ACD_BaseAmount_AllowanceChargeDet>?</ebil:FC_ACD_BaseAmount_AllowanceChargeDet>\r
               <!--Optional:-->\r
               <ebil:FV_ACD_ChargeIndicator_AllowanceChargeDet>?</ebil:FV_ACD_ChargeIndicator_AllowanceChargeDet>\r
               <!--Optional:-->\r
               <ebil:FV_ACD_Code_AllowanceChargeDet>?</ebil:FV_ACD_Code_AllowanceChargeDet>\r
               <!--Optional:-->\r
               <ebil:FV_ACD_Id_AllowanceChargeDet>?</ebil:FV_ACD_Id_AllowanceChargeDet>\r
               <!--Optional:-->\r
               <ebil:FV_ACD_Reason_AllowanceChargeDet>?</ebil:FV_ACD_Reason_AllowanceChargeDet>\r
               <!--Optional:-->\r
               <ebil:IdConcepto>?</ebil:IdConcepto>\r
            </ebil:FV_ACD_AllowanceChargeDetInt>\r
         </tem:AllowedChargeDet>\r
         <!--Optional:-->\r
         <tem:_FV_TRBACON_TributoAgrupadoXConceptoInt>\r
            <!--Zero or more repetitions:-->\r
            <ebil:FV_TRBACON_TributoAgrupadoXConceptoInt>\r
               <!--Optional:-->\r
               <ebil:FV_TRBACON_RoundingAmount_TributoAgrupadoXConcepto>?</ebil:FV_TRBACON_RoundingAmount_TributoAgrupadoXConcepto>\r
               <!--Optional:-->\r
               <ebil:FV_TRBACON_TaxAmount_TributoAgrupadoXConcepto>?</ebil:FV_TRBACON_TaxAmount_TributoAgrupadoXConcepto>\r
               <!--Optional:-->\r
               <ebil:FV_TRBACON_Withholding_TributoAgrupado>?</ebil:FV_TRBACON_Withholding_TributoAgrupado>\r
               <!--Optional:-->\r
               <ebil:FV_TRB_Id_Tributos>?</ebil:FV_TRB_Id_Tributos>\r
               <!--Optional:-->\r
               <ebil:IdConcepto>?</ebil:IdConcepto>\r
            </ebil:FV_TRBACON_TributoAgrupadoXConceptoInt>\r
         </tem:_FV_TRBACON_TributoAgrupadoXConceptoInt>\r
         <!--Optional:-->\r
         <tem:_FV_TRBDCON_TributoDetalleXConceptoInt>\r
            <!--Zero or more repetitions:-->\r
            <ebil:FV_TRBDCON_TributoDetalleXConceptoInt>\r
               <!--Optional:-->\r
               <ebil:FV_TRBDCON_PerUnitAmount_TributoDetalleXConcepto>?</ebil:FV_TRBDCON_PerUnitAmount_TributoDetalleXConcepto>\r
               <!--Optional:-->\r
               <ebil:FV_TRBDCON_TaxAmount_TributoDetalleXConcepto>?</ebil:FV_TRBDCON_TaxAmount_TributoDetalleXConcepto>\r
               <!--Optional:-->\r
               <ebil:FV_TRBDCON_TaxableAmount_TributoDetalleXConcepto>?</ebil:FV_TRBDCON_TaxableAmount_TributoDetalleXConcepto>\r
               <!--Optional:-->\r
               <ebil:FV_TRBDCON_Withholding_TributoDetalleXConcepto>?</ebil:FV_TRBDCON_Withholding_TributoDetalleXConcepto>\r
               <!--Optional:-->\r
               <ebil:FV_TRB_Id_Tributos>?</ebil:FV_TRB_Id_Tributos>\r
               <!--Optional:-->\r
               <ebil:FV_TXT_Id_TarifaXTributo>?</ebil:FV_TXT_Id_TarifaXTributo>\r
               <!--Optional:-->\r
               <ebil:FV_TXT_Tarifa_TarifaXTributo>?</ebil:FV_TXT_Tarifa_TarifaXTributo>\r
               <!--Optional:-->\r
               <ebil:FV_UNN_Codigo_DIAN>?</ebil:FV_UNN_Codigo_DIAN>\r
               <!--Optional:-->\r
               <ebil:IdConcepto>?</ebil:IdConcepto>\r
            </ebil:FV_TRBDCON_TributoDetalleXConceptoInt>\r
         </tem:_FV_TRBDCON_TributoDetalleXConceptoInt>\r
         <!--Optional:-->\r
         <tem:_FV_TRBA_TributoAgrupadoInt>\r
            <!--Zero or more repetitions:-->\r
            <ebil:FV_TRBA_TributoAgrupadoInt>\r
               <!--Optional:-->\r
               <ebil:FV_TRBA_RoundingAmount_TributoAgrupado>?</ebil:FV_TRBA_RoundingAmount_TributoAgrupado>\r
               <!--Optional:-->\r
               <ebil:FV_TRBA_TaxAmount_TributoAgrupado>?</ebil:FV_TRBA_TaxAmount_TributoAgrupado>\r
               <!--Optional:-->\r
               <ebil:FV_TRBA_Withholding_TributoAgrupado>?</ebil:FV_TRBA_Withholding_TributoAgrupado>\r
               <!--Optional:-->\r
               <ebil:FV_TRB_Id_Tributos>?</ebil:FV_TRB_Id_Tributos>\r
            </ebil:FV_TRBA_TributoAgrupadoInt>\r
         </tem:_FV_TRBA_TributoAgrupadoInt>\r
         <!--Optional:-->\r
         <tem:_FV_TRBD_TributoDetalleInt>\r
            <!--Zero or more repetitions:-->\r
            <ebil:FV_TRBD_TributoDetalleInt>\r
               <!--Optional:-->\r
               <ebil:FV_TRBD_PerUnitAmount_TributoDetalle>?</ebil:FV_TRBD_PerUnitAmount_TributoDetalle>\r
               <!--Optional:-->\r
               <ebil:FV_TRBD_TaxAmount_TributoDetalle>?</ebil:FV_TRBD_TaxAmount_TributoDetalle>\r
               <!--Optional:-->\r
               <ebil:FV_TRBD_TaxableAmount_TributoDetalle>?</ebil:FV_TRBD_TaxableAmount_TributoDetalle>\r
               <!--Optional:-->\r
               <ebil:FV_TRBD_Withholding_TributoDetalle>?</ebil:FV_TRBD_Withholding_TributoDetalle>\r
               <!--Optional:-->\r
               <ebil:FV_TRB_Id_Tributos>?</ebil:FV_TRB_Id_Tributos>\r
               <!--Optional:-->\r
               <ebil:FV_TXT_Id_TarifaXTributo>?</ebil:FV_TXT_Id_TarifaXTributo>\r
               <!--Optional:-->\r
               <ebil:FV_TXT_Tarifa_TarifaXTributo>?</ebil:FV_TXT_Tarifa_TarifaXTributo>\r
               <!--Optional:-->\r
               <ebil:FV_UNN_Codigo_DIAN>?</ebil:FV_UNN_Codigo_DIAN>\r
            </ebil:FV_TRBD_TributoDetalleInt>\r
         </tem:_FV_TRBD_TributoDetalleInt>\r
         <!--Optional:-->\r
         <tem:Coord>\r
            <!--Zero or more repetitions:-->\r
            <ebil:CoordenadasPixelesByPage>\r
               <!--Optional:-->\r
               <ebil:Page>?</ebil:Page>\r
               <!--Optional:-->\r
               <ebil:ValorAlto>?</ebil:ValorAlto>\r
               <!--Optional:-->\r
               <ebil:ValorAncho>?</ebil:ValorAncho>\r
               <!--Optional:-->\r
               <ebil:ValorX>?</ebil:ValorX>\r
               <!--Optional:-->\r
               <ebil:ValorY>?</ebil:ValorY>\r
            </ebil:CoordenadasPixelesByPage>\r
         </tem:Coord>\r
         <!--Optional:-->\r
         <tem:retornaXML>?</tem:retornaXML>\r
         <!--Optional:-->\r
         <tem:_FV_AXD_AnticiposXDocumentoInt>\r
            <!--Zero or more repetitions:-->\r
            <ebil:FV_AXD_AnticiposXDocumentoInt>\r
               <!--Optional:-->\r
               <ebil:Codigo_Moneda>?</ebil:Codigo_Moneda>\r
               <!--Optional:-->\r
               <ebil:FV_AXD_IdXDoc_AnticiposXDocumento>?</ebil:FV_AXD_IdXDoc_AnticiposXDocumento>\r
               <!--Optional:-->\r
               <ebil:FV_AXD_InstructionID>?</ebil:FV_AXD_InstructionID>\r
               <!--Optional:-->\r
               <ebil:FV_AXD_PaidAmount>?</ebil:FV_AXD_PaidAmount>\r
               <!--Optional:-->\r
               <ebil:FV_AXD_PaidDate>?</ebil:FV_AXD_PaidDate>\r
               <!--Optional:-->\r
               <ebil:FV_AXD_PaidTime>?</ebil:FV_AXD_PaidTime>\r
               <!--Optional:-->\r
               <ebil:FV_AXD_ReceivedDate>?</ebil:FV_AXD_ReceivedDate>\r
               <!--Optional:-->\r
               <ebil:IdAnticipo>?</ebil:IdAnticipo>\r
            </ebil:FV_AXD_AnticiposXDocumentoInt>\r
         </tem:_FV_AXD_AnticiposXDocumentoInt>\r
      </tem:FV_CargarDocumentosElectronicosToeBillGenericFULLPDFCUFE>\r
   </soapenv:Body>\r
</soapenv:Envelope>]]></con:request><con:credentials><con:authType>No Authorization</con:authType></con:credentials><con:jmsConfig JMSDeliveryMode="PERSISTENT"/><con:jmsPropertyConfig/><con:wsaConfig mustUnderstand="NONE" version="200508" action="http://tempuri.org/IIntegracion/FV_CargarDocumentosElectronicosToeBillGenericFULLPDFCUFE"/><con:wsrmConfig version="1.2"/></con:call></con:operation><con:operation id="c175bb88-32b7-4d59-8534-dce75239037e" isOneWay="false" action="http://tempuri.org/IIntegracion/FV_CargarDocumentosElectronicosToeBillTxA" name="FV_CargarDocumentosElectronicosToeBillTxA" bindingOperationName="FV_CargarDocumentosElectronicosToeBillTxA" type="Request-Response" inputName="" receivesAttachments="false" sendsAttachments="false" anonymous="optional"><con:settings/><con:call id="4e5bdf7c-53c1-4d87-b07a-9b4a943bcc48" name="Request 1"><con:settings/><con:encoding>UTF-8</con:encoding><con:endpoint>http://testws.facturaenlinea.co/ServiciosFyM/eBill/Integracion.svc</con:endpoint><con:request><![CDATA[<soapenv:Envelope xmlns:soapenv="http://schemas.xmlsoap.org/soap/envelope/" xmlns:tem="http://tempuri.org/" xmlns:ebil="http://schemas.datacontract.org/2004/07/eBillCore" xmlns:arr="http://schemas.microsoft.com/2003/10/Serialization/Arrays">\r
   <soapenv:Header/>\r
   <soapenv:Body>\r
      <tem:FV_CargarDocumentosElectronicosToeBillTxA>\r
         <!--Optional:-->\r
         <tem:PDFFac>cid:646512972017</tem:PDFFac>\r
         <!--Optional:-->\r
         <tem:FacCab>\r
            <!--Optional:-->\r
            <ebil:AnoAprobacionRes>?</ebil:AnoAprobacionRes>\r
            <!--Optional:-->\r
            <ebil:Base_Impuesto>?</ebil:Base_Impuesto>\r
            <!--Optional:-->\r
            <ebil:CFD_AdditionalDocumentReference>?</ebil:CFD_AdditionalDocumentReference>\r
            <!--Optional:-->\r
            <ebil:CFD_Control_logo>?</ebil:CFD_Control_logo>\r
            <!--Optional:-->\r
            <ebil:CFD_EST_estado_tramit>?</ebil:CFD_EST_estado_tramit>\r
            <!--Optional:-->\r
            <ebil:CFD_Envio_Asyncronico>?</ebil:CFD_Envio_Asyncronico>\r
            <!--Optional:-->\r
            <ebil:CFD_Flete>?</ebil:CFD_Flete>\r
            <!--Optional:-->\r
            <ebil:CFD_Inf_relacionada_Industria>?</ebil:CFD_Inf_relacionada_Industria>\r
            <!--Optional:-->\r
            <ebil:CFD_LineCountNumeric>?</ebil:CFD_LineCountNumeric>\r
            <!--Optional:-->\r
            <ebil:CFD_LineExtensionAmount>?</ebil:CFD_LineExtensionAmount>\r
            <!--Optional:-->\r
            <ebil:CFD_Modelo_Facturacion>?</ebil:CFD_Modelo_Facturacion>\r
            <!--Optional:-->\r
            <ebil:CFD_OtrosCargos>?</ebil:CFD_OtrosCargos>\r
            <!--Optional:-->\r
            <ebil:CFD_Por_Margen>?</ebil:CFD_Por_Margen>\r
            <!--Optional:-->\r
            <ebil:CFD_ProfileExecutionID>?</ebil:CFD_ProfileExecutionID>\r
            <!--Optional:-->\r
            <ebil:CFD_ResponseCode>?</ebil:CFD_ResponseCode>\r
            <!--Optional:-->\r
            <ebil:CFD_TaxExclusiveAmount>?</ebil:CFD_TaxExclusiveAmount>\r
            <!--Optional:-->\r
            <ebil:CFD_TaxInclusiveAmount>?</ebil:CFD_TaxInclusiveAmount>\r
            <!--Optional:-->\r
            <ebil:CFD_TaxPointDate>?</ebil:CFD_TaxPointDate>\r
            <!--Optional:-->\r
            <ebil:CFD_Transaccion_VIP>?</ebil:CFD_Transaccion_VIP>\r
            <!--Optional:-->\r
            <ebil:CFD_base_ICA_total>?</ebil:CFD_base_ICA_total>\r
            <!--Optional:-->\r
            <ebil:CFD_base_impo_total_nal>?</ebil:CFD_base_impo_total_nal>\r
            <!--Optional:-->\r
            <ebil:CFD_base_impo_total_reg>?</ebil:CFD_base_impo_total_reg>\r
            <!--Optional:-->\r
            <ebil:CFD_campo_texto_10>?</ebil:CFD_campo_texto_10>\r
            <!--Optional:-->\r
            <ebil:CFD_campo_texto_11>?</ebil:CFD_campo_texto_11>\r
            <!--Optional:-->\r
            <ebil:CFD_campo_texto_12>?</ebil:CFD_campo_texto_12>\r
            <!--Optional:-->\r
            <ebil:CFD_campo_texto_13>?</ebil:CFD_campo_texto_13>\r
            <!--Optional:-->\r
            <ebil:CFD_campo_texto_14>?</ebil:CFD_campo_texto_14>\r
            <!--Optional:-->\r
            <ebil:CFD_campo_texto_15>?</ebil:CFD_campo_texto_15>\r
            <!--Optional:-->\r
            <ebil:CFD_campo_texto_16>?</ebil:CFD_campo_texto_16>\r
            <!--Optional:-->\r
            <ebil:CFD_campo_texto_17>?</ebil:CFD_campo_texto_17>\r
            <!--Optional:-->\r
            <ebil:CFD_campo_texto_18>?</ebil:CFD_campo_texto_18>\r
            <!--Optional:-->\r
            <ebil:CFD_campo_texto_19>?</ebil:CFD_campo_texto_19>\r
            <!--Optional:-->\r
            <ebil:CFD_campo_texto_20>?</ebil:CFD_campo_texto_20>\r
            <!--Optional:-->\r
            <ebil:CFD_campo_texto_21>?</ebil:CFD_campo_texto_21>\r
            <!--Optional:-->\r
            <ebil:CFD_campo_texto_22>?</ebil:CFD_campo_texto_22>\r
            <!--Optional:-->\r
            <ebil:CFD_campo_texto_23>?</ebil:CFD_campo_texto_23>\r
            <!--Optional:-->\r
            <ebil:CFD_campo_texto_24>?</ebil:CFD_campo_texto_24>\r
            <!--Optional:-->\r
            <ebil:CFD_campo_texto_25>?</ebil:CFD_campo_texto_25>\r
            <!--Optional:-->\r
            <ebil:CFD_campo_texto_26>?</ebil:CFD_campo_texto_26>\r
            <!--Optional:-->\r
            <ebil:CFD_campo_texto_27>?</ebil:CFD_campo_texto_27>\r
            <!--Optional:-->\r
            <ebil:CFD_campo_texto_28>?</ebil:CFD_campo_texto_28>\r
            <!--Optional:-->\r
            <ebil:CFD_campo_texto_29>?</ebil:CFD_campo_texto_29>\r
            <!--Optional:-->\r
            <ebil:CFD_campo_texto_9>?</ebil:CFD_campo_texto_9>\r
            <!--Optional:-->\r
            <ebil:CFD_cantidad_dec_1>?</ebil:CFD_cantidad_dec_1>\r
            <!--Optional:-->\r
            <ebil:CFD_cantidad_dec_10>?</ebil:CFD_cantidad_dec_10>\r
            <!--Optional:-->\r
            <ebil:CFD_cantidad_dec_11>?</ebil:CFD_cantidad_dec_11>\r
            <!--Optional:-->\r
            <ebil:CFD_cantidad_dec_12>?</ebil:CFD_cantidad_dec_12>\r
            <!--Optional:-->\r
            <ebil:CFD_cantidad_dec_13>?</ebil:CFD_cantidad_dec_13>\r
            <!--Optional:-->\r
            <ebil:CFD_cantidad_dec_14>?</ebil:CFD_cantidad_dec_14>\r
            <!--Optional:-->\r
            <ebil:CFD_cantidad_dec_15>?</ebil:CFD_cantidad_dec_15>\r
            <!--Optional:-->\r
            <ebil:CFD_cantidad_dec_16>?</ebil:CFD_cantidad_dec_16>\r
            <!--Optional:-->\r
            <ebil:CFD_cantidad_dec_17>?</ebil:CFD_cantidad_dec_17>\r
            <!--Optional:-->\r
            <ebil:CFD_cantidad_dec_18>?</ebil:CFD_cantidad_dec_18>\r
            <!--Optional:-->\r
            <ebil:CFD_cantidad_dec_19>?</ebil:CFD_cantidad_dec_19>\r
            <!--Optional:-->\r
            <ebil:CFD_cantidad_dec_20>?</ebil:CFD_cantidad_dec_20>\r
            <!--Optional:-->\r
            <ebil:CFD_cantidad_dec_21>?</ebil:CFD_cantidad_dec_21>\r
            <!--Optional:-->\r
            <ebil:CFD_cantidad_dec_22>?</ebil:CFD_cantidad_dec_22>\r
            <!--Optional:-->\r
            <ebil:CFD_cantidad_dec_23>?</ebil:CFD_cantidad_dec_23>\r
            <!--Optional:-->\r
            <ebil:CFD_cantidad_dec_24>?</ebil:CFD_cantidad_dec_24>\r
            <!--Optional:-->\r
            <ebil:CFD_cantidad_dec_25>?</ebil:CFD_cantidad_dec_25>\r
            <!--Optional:-->\r
            <ebil:CFD_cantidad_dec_4>?</ebil:CFD_cantidad_dec_4>\r
            <!--Optional:-->\r
            <ebil:CFD_cantidad_dec_5>?</ebil:CFD_cantidad_dec_5>\r
            <!--Optional:-->\r
            <ebil:CFD_cantidad_dec_6>?</ebil:CFD_cantidad_dec_6>\r
            <!--Optional:-->\r
            <ebil:CFD_cantidad_dec_7>?</ebil:CFD_cantidad_dec_7>\r
            <!--Optional:-->\r
            <ebil:CFD_cantidad_dec_8>?</ebil:CFD_cantidad_dec_8>\r
            <!--Optional:-->\r
            <ebil:CFD_cantidad_dec_9>?</ebil:CFD_cantidad_dec_9>\r
            <!--Optional:-->\r
            <ebil:CFD_deducible>?</ebil:CFD_deducible>\r
            <!--Optional:-->\r
            <ebil:CFD_desconexion_servicio>?</ebil:CFD_desconexion_servicio>\r
            <!--Optional:-->\r
            <ebil:CFD_fecha_desconexion>?</ebil:CFD_fecha_desconexion>\r
            <!--Optional:-->\r
            <ebil:CFD_fecha_tasadeCambio>?</ebil:CFD_fecha_tasadeCambio>\r
            <!--Optional:-->\r
            <ebil:CFD_inf_origen_despacho>?</ebil:CFD_inf_origen_despacho>\r
            <!--Optional:-->\r
            <ebil:CFD_numero_enlace_doc_ref>?</ebil:CFD_numero_enlace_doc_ref>\r
            <!--Optional:-->\r
            <ebil:CFD_porc_rte_ICA>?</ebil:CFD_porc_rte_ICA>\r
            <!--Optional:-->\r
            <ebil:CFD_porc_rte_fuent>?</ebil:CFD_porc_rte_fuent>\r
            <!--Optional:-->\r
            <ebil:CFD_tasa_mora>?</ebil:CFD_tasa_mora>\r
            <!--Optional:-->\r
            <ebil:CFD_tdi_id_tipo_doc_interno>?</ebil:CFD_tdi_id_tipo_doc_interno>\r
            <!--Optional:-->\r
            <ebil:CFD_total_ICA>?</ebil:CFD_total_ICA>\r
            <!--Optional:-->\r
            <ebil:CFD_total_aduana_exp>?</ebil:CFD_total_aduana_exp>\r
            <!--Optional:-->\r
            <ebil:CFD_total_cargos>?</ebil:CFD_total_cargos>\r
            <!--Optional:-->\r
            <ebil:CFD_total_descuentos>?</ebil:CFD_total_descuentos>\r
            <!--Optional:-->\r
            <ebil:CFD_total_margen>?</ebil:CFD_total_margen>\r
            <!--Optional:-->\r
            <ebil:CFD_total_seguro_exp>?</ebil:CFD_total_seguro_exp>\r
            <!--Optional:-->\r
            <ebil:CLI_numero_cliente>?</ebil:CLI_numero_cliente>\r
            <!--Optional:-->\r
            <ebil:CREETotal>?</ebil:CREETotal>\r
            <!--Optional:-->\r
            <ebil:CampoTexto1>?</ebil:CampoTexto1>\r
            <!--Optional:-->\r
            <ebil:CampoTexto2>?</ebil:CampoTexto2>\r
            <!--Optional:-->\r
            <ebil:CampoTexto3>?</ebil:CampoTexto3>\r
            <!--Optional:-->\r
            <ebil:CampoTexto4>?</ebil:CampoTexto4>\r
            <!--Optional:-->\r
            <ebil:CampoTexto5>?</ebil:CampoTexto5>\r
            <!--Optional:-->\r
            <ebil:CampoTexto6>?</ebil:CampoTexto6>\r
            <!--Optional:-->\r
            <ebil:CampoTexto7>?</ebil:CampoTexto7>\r
            <!--Optional:-->\r
            <ebil:CampoTexto8>?</ebil:CampoTexto8>\r
            <!--Optional:-->\r
            <ebil:Cantidad1>?</ebil:Cantidad1>\r
            <!--Optional:-->\r
            <ebil:Cantidad2>?</ebil:Cantidad2>\r
            <!--Optional:-->\r
            <ebil:Cantidad3>?</ebil:Cantidad3>\r
            <!--Optional:-->\r
            <ebil:CantidadDec1>?</ebil:CantidadDec1>\r
            <!--Optional:-->\r
            <ebil:CantidadDec2>?</ebil:CantidadDec2>\r
            <!--Optional:-->\r
            <ebil:CantidadDec3>?</ebil:CantidadDec3>\r
            <!--Optional:-->\r
            <ebil:CiudadDANE>?</ebil:CiudadDANE>\r
            <!--Optional:-->\r
            <ebil:CodVendedor>?</ebil:CodVendedor>\r
            <!--Optional:-->\r
            <ebil:CodigoPostalCliente>?</ebil:CodigoPostalCliente>\r
            <!--Optional:-->\r
            <ebil:CodigoPostalEnvio>?</ebil:CodigoPostalEnvio>\r
            <!--Optional:-->\r
            <ebil:ComprobanteCon>?</ebil:ComprobanteCon>\r
            <!--Optional:-->\r
            <ebil:Condiciones_Pago>?</ebil:Condiciones_Pago>\r
            <!--Optional:-->\r
            <ebil:ContactoCargo>?</ebil:ContactoCargo>\r
            <!--Optional:-->\r
            <ebil:ContactoCorreo>?</ebil:ContactoCorreo>\r
            <!--Optional:-->\r
            <ebil:ContactoNombre>?</ebil:ContactoNombre>\r
            <!--Optional:-->\r
            <ebil:CorreoCliente>?</ebil:CorreoCliente>\r
            <!--Optional:-->\r
            <ebil:DepartamentoDANE>?</ebil:DepartamentoDANE>\r
            <!--Optional:-->\r
            <ebil:DescripcionPlan>?</ebil:DescripcionPlan>\r
            <!--Optional:-->\r
            <ebil:Descuento>?</ebil:Descuento>\r
            <!--Optional:-->\r
            <ebil:DigitoVerificaCliente>?</ebil:DigitoVerificaCliente>\r
            <!--Optional:-->\r
            <ebil:DireccionCliente>?</ebil:DireccionCliente>\r
            <!--Optional:-->\r
            <ebil:EsRecepcion>?</ebil:EsRecepcion>\r
            <!--Optional:-->\r
            <ebil:EstiloFactura>?</ebil:EstiloFactura>\r
            <!--Optional:-->\r
            <ebil:FV_CCN_id_concepto_correcionnotas>?</ebil:FV_CCN_id_concepto_correcionnotas>\r
            <!--Optional:-->\r
            <ebil:FV_CDE_id_codigos_descuento>?</ebil:FV_CDE_id_codigos_descuento>\r
            <!--Optional:-->\r
            <ebil:FV_EDO_id_eventos_docelec>?</ebil:FV_EDO_id_eventos_docelec>\r
            <!--Optional:-->\r
            <ebil:FV_INC_id_incoterm>?</ebil:FV_INC_id_incoterm>\r
            <!--Optional:-->\r
            <ebil:FV_RFI_Id_Regimen_Fiscal>?</ebil:FV_RFI_Id_Regimen_Fiscal>\r
            <!--Optional:-->\r
            <ebil:FV_TDD_Code_TipoDocumentoDIAN>?</ebil:FV_TDD_Code_TipoDocumentoDIAN>\r
            <!--Optional:-->\r
            <ebil:FV_TDO_Codigo_TipoOperacion>?</ebil:FV_TDO_Codigo_TipoOperacion>\r
            <!--Optional:-->\r
            <ebil:FechaExpedicion>?</ebil:FechaExpedicion>\r
            <!--Optional:-->\r
            <ebil:FechaFinalPeriodoFacturado>?</ebil:FechaFinalPeriodoFacturado>\r
            <!--Optional:-->\r
            <ebil:FechaInicialPeriodoFacturado>?</ebil:FechaInicialPeriodoFacturado>\r
            <!--Optional:-->\r
            <ebil:FechaVencimiento>?</ebil:FechaVencimiento>\r
            <!--Optional:-->\r
            <ebil:FormaPago>?</ebil:FormaPago>\r
            <!--Optional:-->\r
            <ebil:IDInterno>?</ebil:IDInterno>\r
            <!--Optional:-->\r
            <ebil:IDUbicacionCliente>?</ebil:IDUbicacionCliente>\r
            <!--Optional:-->\r
            <ebil:IDUbicacionEnvio>?</ebil:IDUbicacionEnvio>\r
            <!--Optional:-->\r
            <ebil:IdPlan>?</ebil:IdPlan>\r
            <!--Optional:-->\r
            <ebil:IdSucursal>?</ebil:IdSucursal>\r
            <!--Optional:-->\r
            <ebil:Incoterm>?</ebil:Incoterm>\r
            <!--Optional:-->\r
            <ebil:InfoAdicional>?</ebil:InfoAdicional>\r
            <!--Optional:-->\r
            <ebil:LugarTerminosEntrega>?</ebil:LugarTerminosEntrega>\r
            <!--Optional:-->\r
            <ebil:MesCausado>?</ebil:MesCausado>\r
            <!--Optional:-->\r
            <ebil:MonedaISO>?</ebil:MonedaISO>\r
            <!--Optional:-->\r
            <ebil:NitCliente>?</ebil:NitCliente>\r
            <!--Optional:-->\r
            <ebil:NitEmpresa>?</ebil:NitEmpresa>\r
            <!--Optional:-->\r
            <ebil:NombreCliente>?</ebil:NombreCliente>\r
            <!--Optional:-->\r
            <ebil:NombreComercial>?</ebil:NombreComercial>\r
            <!--Optional:-->\r
            <ebil:NombrePlan>?</ebil:NombrePlan>\r
            <!--Optional:-->\r
            <ebil:NombreVendedor>?</ebil:NombreVendedor>\r
            <!--Optional:-->\r
            <ebil:NumAprobacionRes>?</ebil:NumAprobacionRes>\r
            <!--Optional:-->\r
            <ebil:NumFactura>?</ebil:NumFactura>\r
            <!--Optional:-->\r
            <ebil:OrderID>?</ebil:OrderID>\r
            <!--Optional:-->\r
            <ebil:PAI_ISO_3166>?</ebil:PAI_ISO_3166>\r
            <!--Optional:-->\r
            <ebil:PAI_nombre_envio>?</ebil:PAI_nombre_envio>\r
            <!--Optional:-->\r
            <ebil:PagoAnterior>?</ebil:PagoAnterior>\r
            <!--Optional:-->\r
            <ebil:Prefijo>?</ebil:Prefijo>\r
            <!--Optional:-->\r
            <ebil:ReferenciaCliente>?</ebil:ReferenciaCliente>\r
            <!--Optional:-->\r
            <ebil:RetencionCREETotal>?</ebil:RetencionCREETotal>\r
            <!--Optional:-->\r
            <ebil:SMSXDoc>?</ebil:SMSXDoc>\r
            <!--Optional:-->\r
            <ebil:SaldoAnterior>?</ebil:SaldoAnterior>\r
            <!--Optional:-->\r
            <ebil:SubTotal>?</ebil:SubTotal>\r
            <!--Optional:-->\r
            <ebil:SubTotalSegunMon>?</ebil:SubTotalSegunMon>\r
            <!--Optional:-->\r
            <ebil:Sucursal>?</ebil:Sucursal>\r
            <!--Optional:-->\r
            <ebil:TIP_id_tipo_persona>?</ebil:TIP_id_tipo_persona>\r
            <!--Optional:-->\r
            <ebil:TasaCambio>?</ebil:TasaCambio>\r
            <!--Optional:-->\r
            <ebil:TelefonoCliente>?</ebil:TelefonoCliente>\r
            <!--Optional:-->\r
            <ebil:Texto3>?</ebil:Texto3>\r
            <!--Optional:-->\r
            <ebil:TieneAcuerdo>?</ebil:TieneAcuerdo>\r
            <!--Optional:-->\r
            <ebil:TipoComprobante>?</ebil:TipoComprobante>\r
            <!--Optional:-->\r
            <ebil:TipoContribuyente>?</ebil:TipoContribuyente>\r
            <!--Optional:-->\r
            <ebil:TipoIDCliente>?</ebil:TipoIDCliente>\r
            <!--Optional:-->\r
            <ebil:Total>?</ebil:Total>\r
            <!--Optional:-->\r
            <ebil:TotalIVA>?</ebil:TotalIVA>\r
            <!--Optional:-->\r
            <ebil:TotalIVASegunMon>?</ebil:TotalIVASegunMon>\r
            <!--Optional:-->\r
            <ebil:TotalRetICA>?</ebil:TotalRetICA>\r
            <!--Optional:-->\r
            <ebil:TotalRetIVA>?</ebil:TotalRetIVA>\r
            <!--Optional:-->\r
            <ebil:TotalRetencion>?</ebil:TotalRetencion>\r
            <!--Optional:-->\r
            <ebil:TotalSegunMon>?</ebil:TotalSegunMon>\r
            <!--Optional:-->\r
            <ebil:TotalTraslado>?</ebil:TotalTraslado>\r
            <!--Optional:-->\r
            <ebil:Total_a_Pagar>?</ebil:Total_a_Pagar>\r
            <!--Optional:-->\r
            <ebil:ValorHasta1>?</ebil:ValorHasta1>\r
            <!--Optional:-->\r
            <ebil:ValorHasta2>?</ebil:ValorHasta2>\r
            <!--Optional:-->\r
            <ebil:ValorHasta3>?</ebil:ValorHasta3>\r
            <!--Optional:-->\r
            <ebil:ValorHasta4>?</ebil:ValorHasta4>\r
            <!--Optional:-->\r
            <ebil:cfd_activa_nota1>?</ebil:cfd_activa_nota1>\r
            <!--Optional:-->\r
            <ebil:cfd_barcode_banco4>?</ebil:cfd_barcode_banco4>\r
            <!--Optional:-->\r
            <ebil:ciudad_envio>?</ebil:ciudad_envio>\r
            <!--Optional:-->\r
            <ebil:code1>?</ebil:code1>\r
            <!--Optional:-->\r
            <ebil:code2>?</ebil:code2>\r
            <!--Optional:-->\r
            <ebil:code3>?</ebil:code3>\r
            <!--Optional:-->\r
            <ebil:curso>?</ebil:curso>\r
            <!--Optional:-->\r
            <ebil:departamento_envio>?</ebil:departamento_envio>\r
            <!--Optional:-->\r
            <ebil:direccion_envio>?</ebil:direccion_envio>\r
            <!--Optional:-->\r
            <ebil:id_PFD_PerfilDummy>?</ebil:id_PFD_PerfilDummy>\r
            <!--Optional:-->\r
            <ebil:numero_envio>?</ebil:numero_envio>\r
            <!--Optional:-->\r
            <ebil:orden_venta>?</ebil:orden_venta>\r
            <!--Optional:-->\r
            <ebil:pague_hasta1>?</ebil:pague_hasta1>\r
            <!--Optional:-->\r
            <ebil:pague_hasta2>?</ebil:pague_hasta2>\r
            <!--Optional:-->\r
            <ebil:pague_hasta3>?</ebil:pague_hasta3>\r
            <!--Optional:-->\r
            <ebil:referencia>?</ebil:referencia>\r
            <!--Optional:-->\r
            <ebil:referencia1>?</ebil:referencia1>\r
            <!--Optional:-->\r
            <ebil:referencia_envio>?</ebil:referencia_envio>\r
            <!--Optional:-->\r
            <ebil:telefono_envio>?</ebil:telefono_envio>\r
         </tem:FacCab>\r
         <!--Optional:-->\r
         <tem:DetFac>\r
            <!--Zero or more repetitions:-->\r
            <ebil:FV_CFDDetConexionInt>\r
               <!--Optional:-->\r
               <ebil:CON_base_ica>?</ebil:CON_base_ica>\r
               <!--Optional:-->\r
               <ebil:CON_base_impo_n>?</ebil:CON_base_impo_n>\r
               <!--Optional:-->\r
               <ebil:CON_base_impo_r>?</ebil:CON_base_impo_r>\r
               <!--Optional:-->\r
               <ebil:CON_base_iva>?</ebil:CON_base_iva>\r
               <!--Optional:-->\r
               <ebil:CON_cantidad_original_solicitada>?</ebil:CON_cantidad_original_solicitada>\r
               <!--Optional:-->\r
               <ebil:CON_categoria_0>?</ebil:CON_categoria_0>\r
               <!--Optional:-->\r
               <ebil:CON_categoria_1>?</ebil:CON_categoria_1>\r
               <!--Optional:-->\r
               <ebil:CON_categoria_2>?</ebil:CON_categoria_2>\r
               <!--Optional:-->\r
               <ebil:CON_categoria_3>?</ebil:CON_categoria_3>\r
               <!--Optional:-->\r
               <ebil:CON_ciudad_despacho>?</ebil:CON_ciudad_despacho>\r
               <!--Optional:-->\r
               <ebil:CON_dato_decimal1>?</ebil:CON_dato_decimal1>\r
               <!--Optional:-->\r
               <ebil:CON_dato_decimal10>?</ebil:CON_dato_decimal10>\r
               <!--Optional:-->\r
               <ebil:CON_dato_decimal11>?</ebil:CON_dato_decimal11>\r
               <!--Optional:-->\r
               <ebil:CON_dato_decimal12>?</ebil:CON_dato_decimal12>\r
               <!--Optional:-->\r
               <ebil:CON_dato_decimal13>?</ebil:CON_dato_decimal13>\r
               <!--Optional:-->\r
               <ebil:CON_dato_decimal14>?</ebil:CON_dato_decimal14>\r
               <!--Optional:-->\r
               <ebil:CON_dato_decimal15>?</ebil:CON_dato_decimal15>\r
               <!--Optional:-->\r
               <ebil:CON_dato_decimal2>?</ebil:CON_dato_decimal2>\r
               <!--Optional:-->\r
               <ebil:CON_dato_decimal3>?</ebil:CON_dato_decimal3>\r
               <!--Optional:-->\r
               <ebil:CON_dato_decimal4>?</ebil:CON_dato_decimal4>\r
               <!--Optional:-->\r
               <ebil:CON_dato_decimal5>?</ebil:CON_dato_decimal5>\r
               <!--Optional:-->\r
               <ebil:CON_dato_decimal6>?</ebil:CON_dato_decimal6>\r
               <!--Optional:-->\r
               <ebil:CON_dato_decimal7>?</ebil:CON_dato_decimal7>\r
               <!--Optional:-->\r
               <ebil:CON_dato_decimal8>?</ebil:CON_dato_decimal8>\r
               <!--Optional:-->\r
               <ebil:CON_dato_decimal9>?</ebil:CON_dato_decimal9>\r
               <!--Optional:-->\r
               <ebil:CON_dato_destino>?</ebil:CON_dato_destino>\r
               <!--Optional:-->\r
               <ebil:CON_dato_fecha>?</ebil:CON_dato_fecha>\r
               <!--Optional:-->\r
               <ebil:CON_dato_origen>?</ebil:CON_dato_origen>\r
               <!--Optional:-->\r
               <ebil:CON_dato_peso>?</ebil:CON_dato_peso>\r
               <!--Optional:-->\r
               <ebil:CON_dato_placa>?</ebil:CON_dato_placa>\r
               <!--Optional:-->\r
               <ebil:CON_dato_referencia>?</ebil:CON_dato_referencia>\r
               <!--Optional:-->\r
               <ebil:CON_dato_texto1>?</ebil:CON_dato_texto1>\r
               <!--Optional:-->\r
               <ebil:CON_dato_texto10>?</ebil:CON_dato_texto10>\r
               <!--Optional:-->\r
               <ebil:CON_dato_texto11>?</ebil:CON_dato_texto11>\r
               <!--Optional:-->\r
               <ebil:CON_dato_texto12>?</ebil:CON_dato_texto12>\r
               <!--Optional:-->\r
               <ebil:CON_dato_texto13>?</ebil:CON_dato_texto13>\r
               <!--Optional:-->\r
               <ebil:CON_dato_texto14>?</ebil:CON_dato_texto14>\r
               <!--Optional:-->\r
               <ebil:CON_dato_texto15>?</ebil:CON_dato_texto15>\r
               <!--Optional:-->\r
               <ebil:CON_dato_texto2>?</ebil:CON_dato_texto2>\r
               <!--Optional:-->\r
               <ebil:CON_dato_texto3>?</ebil:CON_dato_texto3>\r
               <!--Optional:-->\r
               <ebil:CON_dato_texto4>?</ebil:CON_dato_texto4>\r
               <!--Optional:-->\r
               <ebil:CON_dato_texto5>?</ebil:CON_dato_texto5>\r
               <!--Optional:-->\r
               <ebil:CON_dato_texto6>?</ebil:CON_dato_texto6>\r
               <!--Optional:-->\r
               <ebil:CON_dato_texto7>?</ebil:CON_dato_texto7>\r
               <!--Optional:-->\r
               <ebil:CON_dato_texto8>?</ebil:CON_dato_texto8>\r
               <!--Optional:-->\r
               <ebil:CON_dato_texto9>?</ebil:CON_dato_texto9>\r
               <!--Optional:-->\r
               <ebil:CON_departamento_despacho>?</ebil:CON_departamento_despacho>\r
               <!--Optional:-->\r
               <ebil:CON_detalle_construccion>?</ebil:CON_detalle_construccion>\r
               <!--Optional:-->\r
               <ebil:CON_detalle_industria1>?</ebil:CON_detalle_industria1>\r
               <!--Optional:-->\r
               <ebil:CON_detalle_industria2>?</ebil:CON_detalle_industria2>\r
               <!--Optional:-->\r
               <ebil:CON_detalle_industria3>?</ebil:CON_detalle_industria3>\r
               <!--Optional:-->\r
               <ebil:CON_detalle_vehiculo>?</ebil:CON_detalle_vehiculo>\r
               <!--Optional:-->\r
               <ebil:CON_direccion_despacho>?</ebil:CON_direccion_despacho>\r
               <!--Optional:-->\r
               <ebil:CON_documentos_referencia>?</ebil:CON_documentos_referencia>\r
               <!--Optional:-->\r
               <ebil:CON_linea_concepto>?</ebil:CON_linea_concepto>\r
               <!--Optional:-->\r
               <ebil:CON_linea_padre_concepto>?</ebil:CON_linea_padre_concepto>\r
               <!--Optional:-->\r
               <ebil:CON_posicion_arancelaria>?</ebil:CON_posicion_arancelaria>\r
               <!--Optional:-->\r
               <ebil:CON_sub_cliente>?</ebil:CON_sub_cliente>\r
               <!--Optional:-->\r
               <ebil:CON_total_con_seg_mon>?</ebil:CON_total_con_seg_mon>\r
               <!--Optional:-->\r
               <ebil:CON_unidad_medida_con>?</ebil:CON_unidad_medida_con>\r
               <!--Optional:-->\r
               <ebil:CON_valor_otros_cargos>?</ebil:CON_valor_otros_cargos>\r
               <!--Optional:-->\r
               <ebil:CON_valor_otros_descuentos>?</ebil:CON_valor_otros_descuentos>\r
               <!--Optional:-->\r
               <ebil:CON_valor_unitario_seg_mon>?</ebil:CON_valor_unitario_seg_mon>\r
               <!--Optional:-->\r
               <ebil:CREE>?</ebil:CREE>\r
               <!--Optional:-->\r
               <ebil:Cantidad>?</ebil:Cantidad>\r
               <!--Optional:-->\r
               <ebil:ClaseMovimiento>?</ebil:ClaseMovimiento>\r
               <!--Optional:-->\r
               <ebil:CodigoProducto>?</ebil:CodigoProducto>\r
               <!--Optional:-->\r
               <ebil:Codigos>\r
                  <!--Zero or more repetitions:-->\r
                  <arr:string>?</arr:string>\r
               </ebil:Codigos>\r
               <!--Optional:-->\r
               <ebil:CodigosString>?</ebil:CodigosString>\r
               <!--Optional:-->\r
               <ebil:DescripcionConcepto>?</ebil:DescripcionConcepto>\r
               <!--Optional:-->\r
               <ebil:DescripcionProducto>?</ebil:DescripcionProducto>\r
               <!--Optional:-->\r
               <ebil:DescuentoConcepto>?</ebil:DescuentoConcepto>\r
               <!--Optional:-->\r
               <ebil:FechaRecibe>?</ebil:FechaRecibe>\r
               <!--Optional:-->\r
               <ebil:IVAProducto>?</ebil:IVAProducto>\r
               <!--Optional:-->\r
               <ebil:IdConcepto>?</ebil:IdConcepto>\r
               <!--Optional:-->\r
               <ebil:Importe>?</ebil:Importe>\r
               <!--Optional:-->\r
               <ebil:Impuesto2>?</ebil:Impuesto2>\r
               <!--Optional:-->\r
               <ebil:ItemReferencia>?</ebil:ItemReferencia>\r
               <!--Optional:-->\r
               <ebil:NotasConcepto>?</ebil:NotasConcepto>\r
               <!--Optional:-->\r
               <ebil:PorIVAProducto>?</ebil:PorIVAProducto>\r
               <!--Optional:-->\r
               <ebil:PorImpuesto2>?</ebil:PorImpuesto2>\r
               <!--Optional:-->\r
               <ebil:PorcentajeDescuento>?</ebil:PorcentajeDescuento>\r
               <!--Optional:-->\r
               <ebil:RetencionCREE>?</ebil:RetencionCREE>\r
               <!--Optional:-->\r
               <ebil:TipoImpuesto>?</ebil:TipoImpuesto>\r
               <!--Optional:-->\r
               <ebil:TotalConSegMon>?</ebil:TotalConSegMon>\r
               <!--Optional:-->\r
               <ebil:TotalConcepto>?</ebil:TotalConcepto>\r
               <!--Optional:-->\r
               <ebil:UnidadMedida>?</ebil:UnidadMedida>\r
               <!--Optional:-->\r
               <ebil:ValorUnitario>?</ebil:ValorUnitario>\r
               <!--Optional:-->\r
               <ebil:con_recurrente>?</ebil:con_recurrente>\r
            </ebil:FV_CFDDetConexionInt>\r
         </tem:DetFac>\r
         <!--Optional:-->\r
         <tem:Opciones>\r
            <!--Optional:-->\r
            <ebil:ActualizaProductos>?</ebil:ActualizaProductos>\r
            <!--Optional:-->\r
            <ebil:CalculaReteCree>?</ebil:CalculaReteCree>\r
            <!--Optional:-->\r
            <ebil:CalculaReteFuente>?</ebil:CalculaReteFuente>\r
            <!--Optional:-->\r
            <ebil:CalculaReteICA>?</ebil:CalculaReteICA>\r
            <!--Optional:-->\r
            <ebil:CalculaReteIVA>?</ebil:CalculaReteIVA>\r
            <!--Optional:-->\r
            <ebil:EmisionAutomatica>?</ebil:EmisionAutomatica>\r
            <!--Optional:-->\r
            <ebil:FacturaMinimalegal>?</ebil:FacturaMinimalegal>\r
            <!--Optional:-->\r
            <ebil:FacturasSinAcuerdo>?</ebil:FacturasSinAcuerdo>\r
            <!--Optional:-->\r
            <ebil:ModeloXAceptacion>?</ebil:ModeloXAceptacion>\r
            <!--Optional:-->\r
            <ebil:NotasRelacionadas>?</ebil:NotasRelacionadas>\r
            <!--Optional:-->\r
            <ebil:OrderControl>?</ebil:OrderControl>\r
            <!--Optional:-->\r
            <ebil:TieneAcuerdosFisicos>?</ebil:TieneAcuerdosFisicos>\r
            <!--Optional:-->\r
            <ebil:TokenConexion>?</ebil:TokenConexion>\r
            <!--Optional:-->\r
            <ebil:eBillAdmNumerosFactura>?</ebil:eBillAdmNumerosFactura>\r
         </tem:Opciones>\r
         <!--Optional:-->\r
         <tem:AllowedChargeCab>\r
            <!--Zero or more repetitions:-->\r
            <ebil:FV_ACC_AllowanceChargeCabInt>\r
               <!--Optional:-->\r
               <ebil:FCC_ACC_Amount_AllowanceChargeCab>?</ebil:FCC_ACC_Amount_AllowanceChargeCab>\r
               <!--Optional:-->\r
               <ebil:FCC_ACC_MultiplierFactorNumeric_AllowanceChargeCab>?</ebil:FCC_ACC_MultiplierFactorNumeric_AllowanceChargeCab>\r
               <!--Optional:-->\r
               <ebil:FC_ACC_BaseAmount_AllowanceChargeCab>?</ebil:FC_ACC_BaseAmount_AllowanceChargeCab>\r
               <!--Optional:-->\r
               <ebil:FV_ACC_ChargeIndicator_AllowanceChargeCab>?</ebil:FV_ACC_ChargeIndicator_AllowanceChargeCab>\r
               <!--Optional:-->\r
               <ebil:FV_ACC_Code_AllowanceChargeCab>?</ebil:FV_ACC_Code_AllowanceChargeCab>\r
               <!--Optional:-->\r
               <ebil:FV_ACC_Id_AllowanceChargeCab>?</ebil:FV_ACC_Id_AllowanceChargeCab>\r
               <!--Optional:-->\r
               <ebil:FV_ACC_Reason_AllowanceChargeCab>?</ebil:FV_ACC_Reason_AllowanceChargeCab>\r
            </ebil:FV_ACC_AllowanceChargeCabInt>\r
         </tem:AllowedChargeCab>\r
         <!--Optional:-->\r
         <tem:AllowedChargeDet>\r
            <!--Zero or more repetitions:-->\r
            <ebil:FV_ACD_AllowanceChargeDetInt>\r
               <!--Optional:-->\r
               <ebil:FCC_ACD_Amount_AllowanceChargeDet>?</ebil:FCC_ACD_Amount_AllowanceChargeDet>\r
               <!--Optional:-->\r
               <ebil:FCC_ACD_MultiplierFactorNumeric_AllowanceChargeDet>?</ebil:FCC_ACD_MultiplierFactorNumeric_AllowanceChargeDet>\r
               <!--Optional:-->\r
               <ebil:FC_ACD_BaseAmount_AllowanceChargeDet>?</ebil:FC_ACD_BaseAmount_AllowanceChargeDet>\r
               <!--Optional:-->\r
               <ebil:FV_ACD_ChargeIndicator_AllowanceChargeDet>?</ebil:FV_ACD_ChargeIndicator_AllowanceChargeDet>\r
               <!--Optional:-->\r
               <ebil:FV_ACD_Code_AllowanceChargeDet>?</ebil:FV_ACD_Code_AllowanceChargeDet>\r
               <!--Optional:-->\r
               <ebil:FV_ACD_Id_AllowanceChargeDet>?</ebil:FV_ACD_Id_AllowanceChargeDet>\r
               <!--Optional:-->\r
               <ebil:FV_ACD_Reason_AllowanceChargeDet>?</ebil:FV_ACD_Reason_AllowanceChargeDet>\r
               <!--Optional:-->\r
               <ebil:IdConcepto>?</ebil:IdConcepto>\r
            </ebil:FV_ACD_AllowanceChargeDetInt>\r
         </tem:AllowedChargeDet>\r
         <!--Optional:-->\r
         <tem:_FV_TRBACON_TributoAgrupadoXConceptoInt>\r
            <!--Zero or more repetitions:-->\r
            <ebil:FV_TRBACON_TributoAgrupadoXConceptoInt>\r
               <!--Optional:-->\r
               <ebil:FV_TRBACON_RoundingAmount_TributoAgrupadoXConcepto>?</ebil:FV_TRBACON_RoundingAmount_TributoAgrupadoXConcepto>\r
               <!--Optional:-->\r
               <ebil:FV_TRBACON_TaxAmount_TributoAgrupadoXConcepto>?</ebil:FV_TRBACON_TaxAmount_TributoAgrupadoXConcepto>\r
               <!--Optional:-->\r
               <ebil:FV_TRBACON_Withholding_TributoAgrupado>?</ebil:FV_TRBACON_Withholding_TributoAgrupado>\r
               <!--Optional:-->\r
               <ebil:FV_TRB_Id_Tributos>?</ebil:FV_TRB_Id_Tributos>\r
               <!--Optional:-->\r
               <ebil:IdConcepto>?</ebil:IdConcepto>\r
            </ebil:FV_TRBACON_TributoAgrupadoXConceptoInt>\r
         </tem:_FV_TRBACON_TributoAgrupadoXConceptoInt>\r
         <!--Optional:-->\r
         <tem:_FV_TRBDCON_TributoDetalleXConceptoInt>\r
            <!--Zero or more repetitions:-->\r
            <ebil:FV_TRBDCON_TributoDetalleXConceptoInt>\r
               <!--Optional:-->\r
               <ebil:FV_TRBDCON_PerUnitAmount_TributoDetalleXConcepto>?</ebil:FV_TRBDCON_PerUnitAmount_TributoDetalleXConcepto>\r
               <!--Optional:-->\r
               <ebil:FV_TRBDCON_TaxAmount_TributoDetalleXConcepto>?</ebil:FV_TRBDCON_TaxAmount_TributoDetalleXConcepto>\r
               <!--Optional:-->\r
               <ebil:FV_TRBDCON_TaxableAmount_TributoDetalleXConcepto>?</ebil:FV_TRBDCON_TaxableAmount_TributoDetalleXConcepto>\r
               <!--Optional:-->\r
               <ebil:FV_TRBDCON_Withholding_TributoDetalleXConcepto>?</ebil:FV_TRBDCON_Withholding_TributoDetalleXConcepto>\r
               <!--Optional:-->\r
               <ebil:FV_TRB_Id_Tributos>?</ebil:FV_TRB_Id_Tributos>\r
               <!--Optional:-->\r
               <ebil:FV_TXT_Id_TarifaXTributo>?</ebil:FV_TXT_Id_TarifaXTributo>\r
               <!--Optional:-->\r
               <ebil:FV_TXT_Tarifa_TarifaXTributo>?</ebil:FV_TXT_Tarifa_TarifaXTributo>\r
               <!--Optional:-->\r
               <ebil:FV_UNN_Codigo_DIAN>?</ebil:FV_UNN_Codigo_DIAN>\r
               <!--Optional:-->\r
               <ebil:IdConcepto>?</ebil:IdConcepto>\r
            </ebil:FV_TRBDCON_TributoDetalleXConceptoInt>\r
         </tem:_FV_TRBDCON_TributoDetalleXConceptoInt>\r
         <!--Optional:-->\r
         <tem:_FV_TRBA_TributoAgrupadoInt>\r
            <!--Zero or more repetitions:-->\r
            <ebil:FV_TRBA_TributoAgrupadoInt>\r
               <!--Optional:-->\r
               <ebil:FV_TRBA_RoundingAmount_TributoAgrupado>?</ebil:FV_TRBA_RoundingAmount_TributoAgrupado>\r
               <!--Optional:-->\r
               <ebil:FV_TRBA_TaxAmount_TributoAgrupado>?</ebil:FV_TRBA_TaxAmount_TributoAgrupado>\r
               <!--Optional:-->\r
               <ebil:FV_TRBA_Withholding_TributoAgrupado>?</ebil:FV_TRBA_Withholding_TributoAgrupado>\r
               <!--Optional:-->\r
               <ebil:FV_TRB_Id_Tributos>?</ebil:FV_TRB_Id_Tributos>\r
            </ebil:FV_TRBA_TributoAgrupadoInt>\r
         </tem:_FV_TRBA_TributoAgrupadoInt>\r
         <!--Optional:-->\r
         <tem:_FV_TRBD_TributoDetalleInt>\r
            <!--Zero or more repetitions:-->\r
            <ebil:FV_TRBD_TributoDetalleInt>\r
               <!--Optional:-->\r
               <ebil:FV_TRBD_PerUnitAmount_TributoDetalle>?</ebil:FV_TRBD_PerUnitAmount_TributoDetalle>\r
               <!--Optional:-->\r
               <ebil:FV_TRBD_TaxAmount_TributoDetalle>?</ebil:FV_TRBD_TaxAmount_TributoDetalle>\r
               <!--Optional:-->\r
               <ebil:FV_TRBD_TaxableAmount_TributoDetalle>?</ebil:FV_TRBD_TaxableAmount_TributoDetalle>\r
               <!--Optional:-->\r
               <ebil:FV_TRBD_Withholding_TributoDetalle>?</ebil:FV_TRBD_Withholding_TributoDetalle>\r
               <!--Optional:-->\r
               <ebil:FV_TRB_Id_Tributos>?</ebil:FV_TRB_Id_Tributos>\r
               <!--Optional:-->\r
               <ebil:FV_TXT_Id_TarifaXTributo>?</ebil:FV_TXT_Id_TarifaXTributo>\r
               <!--Optional:-->\r
               <ebil:FV_TXT_Tarifa_TarifaXTributo>?</ebil:FV_TXT_Tarifa_TarifaXTributo>\r
               <!--Optional:-->\r
               <ebil:FV_UNN_Codigo_DIAN>?</ebil:FV_UNN_Codigo_DIAN>\r
            </ebil:FV_TRBD_TributoDetalleInt>\r
         </tem:_FV_TRBD_TributoDetalleInt>\r
         <!--Optional:-->\r
         <tem:Coord>\r
            <!--Zero or more repetitions:-->\r
            <ebil:CoordenadasPixelesByPage>\r
               <!--Optional:-->\r
               <ebil:Page>?</ebil:Page>\r
               <!--Optional:-->\r
               <ebil:ValorAlto>?</ebil:ValorAlto>\r
               <!--Optional:-->\r
               <ebil:ValorAncho>?</ebil:ValorAncho>\r
               <!--Optional:-->\r
               <ebil:ValorX>?</ebil:ValorX>\r
               <!--Optional:-->\r
               <ebil:ValorY>?</ebil:ValorY>\r
            </ebil:CoordenadasPixelesByPage>\r
         </tem:Coord>\r
      </tem:FV_CargarDocumentosElectronicosToeBillTxA>\r
   </soapenv:Body>\r
</soapenv:Envelope>]]></con:request><con:wsaConfig mustUnderstand="NONE" version="200508" action="http://tempuri.org/IIntegracion/FV_CargarDocumentosElectronicosToeBillTxA"/></con:call></con:operation><con:operation id="8aad6a6b-344c-4d72-a8c4-68b791c00a2d" isOneWay="false" action="http://tempuri.org/IIntegracion/FV_CargarDocumentosElectronicosToeBillTxN" name="FV_CargarDocumentosElectronicosToeBillTxN" bindingOperationName="FV_CargarDocumentosElectronicosToeBillTxN" type="Request-Response" inputName="" receivesAttachments="false" sendsAttachments="false" anonymous="optional"><con:settings/><con:call id="66faf4f5-afcf-44f6-953a-cc0a8eead19d" name="Request 1"><con:settings/><con:encoding>UTF-8</con:encoding><con:endpoint>http://testws.facturaenlinea.co/ServiciosFyM/eBill/Integracion.svc</con:endpoint><con:request><![CDATA[<soapenv:Envelope xmlns:soapenv="http://schemas.xmlsoap.org/soap/envelope/" xmlns:tem="http://tempuri.org/" xmlns:ebil="http://schemas.datacontract.org/2004/07/eBillCore" xmlns:arr="http://schemas.microsoft.com/2003/10/Serialization/Arrays">\r
   <soapenv:Header/>\r
   <soapenv:Body>\r
      <tem:FV_CargarDocumentosElectronicosToeBillTxN>\r
         <!--Optional:-->\r
         <tem:PDFFac>cid:1315591710869</tem:PDFFac>\r
         <!--Optional:-->\r
         <tem:FacCab>\r
            <!--Optional:-->\r
            <ebil:AnoAprobacionRes>?</ebil:AnoAprobacionRes>\r
            <!--Optional:-->\r
            <ebil:Base_Impuesto>?</ebil:Base_Impuesto>\r
            <!--Optional:-->\r
            <ebil:CFD_AdditionalDocumentReference>?</ebil:CFD_AdditionalDocumentReference>\r
            <!--Optional:-->\r
            <ebil:CFD_Control_logo>?</ebil:CFD_Control_logo>\r
            <!--Optional:-->\r
            <ebil:CFD_EST_estado_tramit>?</ebil:CFD_EST_estado_tramit>\r
            <!--Optional:-->\r
            <ebil:CFD_Envio_Asyncronico>?</ebil:CFD_Envio_Asyncronico>\r
            <!--Optional:-->\r
            <ebil:CFD_Flete>?</ebil:CFD_Flete>\r
            <!--Optional:-->\r
            <ebil:CFD_Inf_relacionada_Industria>?</ebil:CFD_Inf_relacionada_Industria>\r
            <!--Optional:-->\r
            <ebil:CFD_LineCountNumeric>?</ebil:CFD_LineCountNumeric>\r
            <!--Optional:-->\r
            <ebil:CFD_LineExtensionAmount>?</ebil:CFD_LineExtensionAmount>\r
            <!--Optional:-->\r
            <ebil:CFD_Modelo_Facturacion>?</ebil:CFD_Modelo_Facturacion>\r
            <!--Optional:-->\r
            <ebil:CFD_OtrosCargos>?</ebil:CFD_OtrosCargos>\r
            <!--Optional:-->\r
            <ebil:CFD_Por_Margen>?</ebil:CFD_Por_Margen>\r
            <!--Optional:-->\r
            <ebil:CFD_ProfileExecutionID>?</ebil:CFD_ProfileExecutionID>\r
            <!--Optional:-->\r
            <ebil:CFD_ResponseCode>?</ebil:CFD_ResponseCode>\r
            <!--Optional:-->\r
            <ebil:CFD_TaxExclusiveAmount>?</ebil:CFD_TaxExclusiveAmount>\r
            <!--Optional:-->\r
            <ebil:CFD_TaxInclusiveAmount>?</ebil:CFD_TaxInclusiveAmount>\r
            <!--Optional:-->\r
            <ebil:CFD_TaxPointDate>?</ebil:CFD_TaxPointDate>\r
            <!--Optional:-->\r
            <ebil:CFD_Transaccion_VIP>?</ebil:CFD_Transaccion_VIP>\r
            <!--Optional:-->\r
            <ebil:CFD_base_ICA_total>?</ebil:CFD_base_ICA_total>\r
            <!--Optional:-->\r
            <ebil:CFD_base_impo_total_nal>?</ebil:CFD_base_impo_total_nal>\r
            <!--Optional:-->\r
            <ebil:CFD_base_impo_total_reg>?</ebil:CFD_base_impo_total_reg>\r
            <!--Optional:-->\r
            <ebil:CFD_campo_texto_10>?</ebil:CFD_campo_texto_10>\r
            <!--Optional:-->\r
            <ebil:CFD_campo_texto_11>?</ebil:CFD_campo_texto_11>\r
            <!--Optional:-->\r
            <ebil:CFD_campo_texto_12>?</ebil:CFD_campo_texto_12>\r
            <!--Optional:-->\r
            <ebil:CFD_campo_texto_13>?</ebil:CFD_campo_texto_13>\r
            <!--Optional:-->\r
            <ebil:CFD_campo_texto_14>?</ebil:CFD_campo_texto_14>\r
            <!--Optional:-->\r
            <ebil:CFD_campo_texto_15>?</ebil:CFD_campo_texto_15>\r
            <!--Optional:-->\r
            <ebil:CFD_campo_texto_16>?</ebil:CFD_campo_texto_16>\r
            <!--Optional:-->\r
            <ebil:CFD_campo_texto_17>?</ebil:CFD_campo_texto_17>\r
            <!--Optional:-->\r
            <ebil:CFD_campo_texto_18>?</ebil:CFD_campo_texto_18>\r
            <!--Optional:-->\r
            <ebil:CFD_campo_texto_19>?</ebil:CFD_campo_texto_19>\r
            <!--Optional:-->\r
            <ebil:CFD_campo_texto_20>?</ebil:CFD_campo_texto_20>\r
            <!--Optional:-->\r
            <ebil:CFD_campo_texto_21>?</ebil:CFD_campo_texto_21>\r
            <!--Optional:-->\r
            <ebil:CFD_campo_texto_22>?</ebil:CFD_campo_texto_22>\r
            <!--Optional:-->\r
            <ebil:CFD_campo_texto_23>?</ebil:CFD_campo_texto_23>\r
            <!--Optional:-->\r
            <ebil:CFD_campo_texto_24>?</ebil:CFD_campo_texto_24>\r
            <!--Optional:-->\r
            <ebil:CFD_campo_texto_25>?</ebil:CFD_campo_texto_25>\r
            <!--Optional:-->\r
            <ebil:CFD_campo_texto_26>?</ebil:CFD_campo_texto_26>\r
            <!--Optional:-->\r
            <ebil:CFD_campo_texto_27>?</ebil:CFD_campo_texto_27>\r
            <!--Optional:-->\r
            <ebil:CFD_campo_texto_28>?</ebil:CFD_campo_texto_28>\r
            <!--Optional:-->\r
            <ebil:CFD_campo_texto_29>?</ebil:CFD_campo_texto_29>\r
            <!--Optional:-->\r
            <ebil:CFD_campo_texto_9>?</ebil:CFD_campo_texto_9>\r
            <!--Optional:-->\r
            <ebil:CFD_cantidad_dec_1>?</ebil:CFD_cantidad_dec_1>\r
            <!--Optional:-->\r
            <ebil:CFD_cantidad_dec_10>?</ebil:CFD_cantidad_dec_10>\r
            <!--Optional:-->\r
            <ebil:CFD_cantidad_dec_11>?</ebil:CFD_cantidad_dec_11>\r
            <!--Optional:-->\r
            <ebil:CFD_cantidad_dec_12>?</ebil:CFD_cantidad_dec_12>\r
            <!--Optional:-->\r
            <ebil:CFD_cantidad_dec_13>?</ebil:CFD_cantidad_dec_13>\r
            <!--Optional:-->\r
            <ebil:CFD_cantidad_dec_14>?</ebil:CFD_cantidad_dec_14>\r
            <!--Optional:-->\r
            <ebil:CFD_cantidad_dec_15>?</ebil:CFD_cantidad_dec_15>\r
            <!--Optional:-->\r
            <ebil:CFD_cantidad_dec_16>?</ebil:CFD_cantidad_dec_16>\r
            <!--Optional:-->\r
            <ebil:CFD_cantidad_dec_17>?</ebil:CFD_cantidad_dec_17>\r
            <!--Optional:-->\r
            <ebil:CFD_cantidad_dec_18>?</ebil:CFD_cantidad_dec_18>\r
            <!--Optional:-->\r
            <ebil:CFD_cantidad_dec_19>?</ebil:CFD_cantidad_dec_19>\r
            <!--Optional:-->\r
            <ebil:CFD_cantidad_dec_20>?</ebil:CFD_cantidad_dec_20>\r
            <!--Optional:-->\r
            <ebil:CFD_cantidad_dec_21>?</ebil:CFD_cantidad_dec_21>\r
            <!--Optional:-->\r
            <ebil:CFD_cantidad_dec_22>?</ebil:CFD_cantidad_dec_22>\r
            <!--Optional:-->\r
            <ebil:CFD_cantidad_dec_23>?</ebil:CFD_cantidad_dec_23>\r
            <!--Optional:-->\r
            <ebil:CFD_cantidad_dec_24>?</ebil:CFD_cantidad_dec_24>\r
            <!--Optional:-->\r
            <ebil:CFD_cantidad_dec_25>?</ebil:CFD_cantidad_dec_25>\r
            <!--Optional:-->\r
            <ebil:CFD_cantidad_dec_4>?</ebil:CFD_cantidad_dec_4>\r
            <!--Optional:-->\r
            <ebil:CFD_cantidad_dec_5>?</ebil:CFD_cantidad_dec_5>\r
            <!--Optional:-->\r
            <ebil:CFD_cantidad_dec_6>?</ebil:CFD_cantidad_dec_6>\r
            <!--Optional:-->\r
            <ebil:CFD_cantidad_dec_7>?</ebil:CFD_cantidad_dec_7>\r
            <!--Optional:-->\r
            <ebil:CFD_cantidad_dec_8>?</ebil:CFD_cantidad_dec_8>\r
            <!--Optional:-->\r
            <ebil:CFD_cantidad_dec_9>?</ebil:CFD_cantidad_dec_9>\r
            <!--Optional:-->\r
            <ebil:CFD_deducible>?</ebil:CFD_deducible>\r
            <!--Optional:-->\r
            <ebil:CFD_desconexion_servicio>?</ebil:CFD_desconexion_servicio>\r
            <!--Optional:-->\r
            <ebil:CFD_fecha_desconexion>?</ebil:CFD_fecha_desconexion>\r
            <!--Optional:-->\r
            <ebil:CFD_fecha_tasadeCambio>?</ebil:CFD_fecha_tasadeCambio>\r
            <!--Optional:-->\r
            <ebil:CFD_inf_origen_despacho>?</ebil:CFD_inf_origen_despacho>\r
            <!--Optional:-->\r
            <ebil:CFD_numero_enlace_doc_ref>?</ebil:CFD_numero_enlace_doc_ref>\r
            <!--Optional:-->\r
            <ebil:CFD_porc_rte_ICA>?</ebil:CFD_porc_rte_ICA>\r
            <!--Optional:-->\r
            <ebil:CFD_porc_rte_fuent>?</ebil:CFD_porc_rte_fuent>\r
            <!--Optional:-->\r
            <ebil:CFD_tasa_mora>?</ebil:CFD_tasa_mora>\r
            <!--Optional:-->\r
            <ebil:CFD_tdi_id_tipo_doc_interno>?</ebil:CFD_tdi_id_tipo_doc_interno>\r
            <!--Optional:-->\r
            <ebil:CFD_total_ICA>?</ebil:CFD_total_ICA>\r
            <!--Optional:-->\r
            <ebil:CFD_total_aduana_exp>?</ebil:CFD_total_aduana_exp>\r
            <!--Optional:-->\r
            <ebil:CFD_total_cargos>?</ebil:CFD_total_cargos>\r
            <!--Optional:-->\r
            <ebil:CFD_total_descuentos>?</ebil:CFD_total_descuentos>\r
            <!--Optional:-->\r
            <ebil:CFD_total_margen>?</ebil:CFD_total_margen>\r
            <!--Optional:-->\r
            <ebil:CFD_total_seguro_exp>?</ebil:CFD_total_seguro_exp>\r
            <!--Optional:-->\r
            <ebil:CLI_numero_cliente>?</ebil:CLI_numero_cliente>\r
            <!--Optional:-->\r
            <ebil:CREETotal>?</ebil:CREETotal>\r
            <!--Optional:-->\r
            <ebil:CampoTexto1>?</ebil:CampoTexto1>\r
            <!--Optional:-->\r
            <ebil:CampoTexto2>?</ebil:CampoTexto2>\r
            <!--Optional:-->\r
            <ebil:CampoTexto3>?</ebil:CampoTexto3>\r
            <!--Optional:-->\r
            <ebil:CampoTexto4>?</ebil:CampoTexto4>\r
            <!--Optional:-->\r
            <ebil:CampoTexto5>?</ebil:CampoTexto5>\r
            <!--Optional:-->\r
            <ebil:CampoTexto6>?</ebil:CampoTexto6>\r
            <!--Optional:-->\r
            <ebil:CampoTexto7>?</ebil:CampoTexto7>\r
            <!--Optional:-->\r
            <ebil:CampoTexto8>?</ebil:CampoTexto8>\r
            <!--Optional:-->\r
            <ebil:Cantidad1>?</ebil:Cantidad1>\r
            <!--Optional:-->\r
            <ebil:Cantidad2>?</ebil:Cantidad2>\r
            <!--Optional:-->\r
            <ebil:Cantidad3>?</ebil:Cantidad3>\r
            <!--Optional:-->\r
            <ebil:CantidadDec1>?</ebil:CantidadDec1>\r
            <!--Optional:-->\r
            <ebil:CantidadDec2>?</ebil:CantidadDec2>\r
            <!--Optional:-->\r
            <ebil:CantidadDec3>?</ebil:CantidadDec3>\r
            <!--Optional:-->\r
            <ebil:CiudadDANE>?</ebil:CiudadDANE>\r
            <!--Optional:-->\r
            <ebil:CodVendedor>?</ebil:CodVendedor>\r
            <!--Optional:-->\r
            <ebil:CodigoPostalCliente>?</ebil:CodigoPostalCliente>\r
            <!--Optional:-->\r
            <ebil:CodigoPostalEnvio>?</ebil:CodigoPostalEnvio>\r
            <!--Optional:-->\r
            <ebil:ComprobanteCon>?</ebil:ComprobanteCon>\r
            <!--Optional:-->\r
            <ebil:Condiciones_Pago>?</ebil:Condiciones_Pago>\r
            <!--Optional:-->\r
            <ebil:ContactoCargo>?</ebil:ContactoCargo>\r
            <!--Optional:-->\r
            <ebil:ContactoCorreo>?</ebil:ContactoCorreo>\r
            <!--Optional:-->\r
            <ebil:ContactoNombre>?</ebil:ContactoNombre>\r
            <!--Optional:-->\r
            <ebil:CorreoCliente>?</ebil:CorreoCliente>\r
            <!--Optional:-->\r
            <ebil:DepartamentoDANE>?</ebil:DepartamentoDANE>\r
            <!--Optional:-->\r
            <ebil:DescripcionPlan>?</ebil:DescripcionPlan>\r
            <!--Optional:-->\r
            <ebil:Descuento>?</ebil:Descuento>\r
            <!--Optional:-->\r
            <ebil:DigitoVerificaCliente>?</ebil:DigitoVerificaCliente>\r
            <!--Optional:-->\r
            <ebil:DireccionCliente>?</ebil:DireccionCliente>\r
            <!--Optional:-->\r
            <ebil:EsRecepcion>?</ebil:EsRecepcion>\r
            <!--Optional:-->\r
            <ebil:EstiloFactura>?</ebil:EstiloFactura>\r
            <!--Optional:-->\r
            <ebil:FV_CCN_id_concepto_correcionnotas>?</ebil:FV_CCN_id_concepto_correcionnotas>\r
            <!--Optional:-->\r
            <ebil:FV_CDE_id_codigos_descuento>?</ebil:FV_CDE_id_codigos_descuento>\r
            <!--Optional:-->\r
            <ebil:FV_EDO_id_eventos_docelec>?</ebil:FV_EDO_id_eventos_docelec>\r
            <!--Optional:-->\r
            <ebil:FV_INC_id_incoterm>?</ebil:FV_INC_id_incoterm>\r
            <!--Optional:-->\r
            <ebil:FV_RFI_Id_Regimen_Fiscal>?</ebil:FV_RFI_Id_Regimen_Fiscal>\r
            <!--Optional:-->\r
            <ebil:FV_TDD_Code_TipoDocumentoDIAN>?</ebil:FV_TDD_Code_TipoDocumentoDIAN>\r
            <!--Optional:-->\r
            <ebil:FV_TDO_Codigo_TipoOperacion>?</ebil:FV_TDO_Codigo_TipoOperacion>\r
            <!--Optional:-->\r
            <ebil:FechaExpedicion>?</ebil:FechaExpedicion>\r
            <!--Optional:-->\r
            <ebil:FechaFinalPeriodoFacturado>?</ebil:FechaFinalPeriodoFacturado>\r
            <!--Optional:-->\r
            <ebil:FechaInicialPeriodoFacturado>?</ebil:FechaInicialPeriodoFacturado>\r
            <!--Optional:-->\r
            <ebil:FechaVencimiento>?</ebil:FechaVencimiento>\r
            <!--Optional:-->\r
            <ebil:FormaPago>?</ebil:FormaPago>\r
            <!--Optional:-->\r
            <ebil:IDInterno>?</ebil:IDInterno>\r
            <!--Optional:-->\r
            <ebil:IDUbicacionCliente>?</ebil:IDUbicacionCliente>\r
            <!--Optional:-->\r
            <ebil:IDUbicacionEnvio>?</ebil:IDUbicacionEnvio>\r
            <!--Optional:-->\r
            <ebil:IdPlan>?</ebil:IdPlan>\r
            <!--Optional:-->\r
            <ebil:IdSucursal>?</ebil:IdSucursal>\r
            <!--Optional:-->\r
            <ebil:Incoterm>?</ebil:Incoterm>\r
            <!--Optional:-->\r
            <ebil:InfoAdicional>?</ebil:InfoAdicional>\r
            <!--Optional:-->\r
            <ebil:LugarTerminosEntrega>?</ebil:LugarTerminosEntrega>\r
            <!--Optional:-->\r
            <ebil:MesCausado>?</ebil:MesCausado>\r
            <!--Optional:-->\r
            <ebil:MonedaISO>?</ebil:MonedaISO>\r
            <!--Optional:-->\r
            <ebil:NitCliente>?</ebil:NitCliente>\r
            <!--Optional:-->\r
            <ebil:NitEmpresa>?</ebil:NitEmpresa>\r
            <!--Optional:-->\r
            <ebil:NombreCliente>?</ebil:NombreCliente>\r
            <!--Optional:-->\r
            <ebil:NombreComercial>?</ebil:NombreComercial>\r
            <!--Optional:-->\r
            <ebil:NombrePlan>?</ebil:NombrePlan>\r
            <!--Optional:-->\r
            <ebil:NombreVendedor>?</ebil:NombreVendedor>\r
            <!--Optional:-->\r
            <ebil:NumAprobacionRes>?</ebil:NumAprobacionRes>\r
            <!--Optional:-->\r
            <ebil:NumFactura>?</ebil:NumFactura>\r
            <!--Optional:-->\r
            <ebil:OrderID>?</ebil:OrderID>\r
            <!--Optional:-->\r
            <ebil:PAI_ISO_3166>?</ebil:PAI_ISO_3166>\r
            <!--Optional:-->\r
            <ebil:PAI_nombre_envio>?</ebil:PAI_nombre_envio>\r
            <!--Optional:-->\r
            <ebil:PagoAnterior>?</ebil:PagoAnterior>\r
            <!--Optional:-->\r
            <ebil:Prefijo>?</ebil:Prefijo>\r
            <!--Optional:-->\r
            <ebil:ReferenciaCliente>?</ebil:ReferenciaCliente>\r
            <!--Optional:-->\r
            <ebil:RetencionCREETotal>?</ebil:RetencionCREETotal>\r
            <!--Optional:-->\r
            <ebil:SMSXDoc>?</ebil:SMSXDoc>\r
            <!--Optional:-->\r
            <ebil:SaldoAnterior>?</ebil:SaldoAnterior>\r
            <!--Optional:-->\r
            <ebil:SubTotal>?</ebil:SubTotal>\r
            <!--Optional:-->\r
            <ebil:SubTotalSegunMon>?</ebil:SubTotalSegunMon>\r
            <!--Optional:-->\r
            <ebil:Sucursal>?</ebil:Sucursal>\r
            <!--Optional:-->\r
            <ebil:TIP_id_tipo_persona>?</ebil:TIP_id_tipo_persona>\r
            <!--Optional:-->\r
            <ebil:TasaCambio>?</ebil:TasaCambio>\r
            <!--Optional:-->\r
            <ebil:TelefonoCliente>?</ebil:TelefonoCliente>\r
            <!--Optional:-->\r
            <ebil:Texto3>?</ebil:Texto3>\r
            <!--Optional:-->\r
            <ebil:TieneAcuerdo>?</ebil:TieneAcuerdo>\r
            <!--Optional:-->\r
            <ebil:TipoComprobante>?</ebil:TipoComprobante>\r
            <!--Optional:-->\r
            <ebil:TipoContribuyente>?</ebil:TipoContribuyente>\r
            <!--Optional:-->\r
            <ebil:TipoIDCliente>?</ebil:TipoIDCliente>\r
            <!--Optional:-->\r
            <ebil:Total>?</ebil:Total>\r
            <!--Optional:-->\r
            <ebil:TotalIVA>?</ebil:TotalIVA>\r
            <!--Optional:-->\r
            <ebil:TotalIVASegunMon>?</ebil:TotalIVASegunMon>\r
            <!--Optional:-->\r
            <ebil:TotalRetICA>?</ebil:TotalRetICA>\r
            <!--Optional:-->\r
            <ebil:TotalRetIVA>?</ebil:TotalRetIVA>\r
            <!--Optional:-->\r
            <ebil:TotalRetencion>?</ebil:TotalRetencion>\r
            <!--Optional:-->\r
            <ebil:TotalSegunMon>?</ebil:TotalSegunMon>\r
            <!--Optional:-->\r
            <ebil:TotalTraslado>?</ebil:TotalTraslado>\r
            <!--Optional:-->\r
            <ebil:Total_a_Pagar>?</ebil:Total_a_Pagar>\r
            <!--Optional:-->\r
            <ebil:ValorHasta1>?</ebil:ValorHasta1>\r
            <!--Optional:-->\r
            <ebil:ValorHasta2>?</ebil:ValorHasta2>\r
            <!--Optional:-->\r
            <ebil:ValorHasta3>?</ebil:ValorHasta3>\r
            <!--Optional:-->\r
            <ebil:ValorHasta4>?</ebil:ValorHasta4>\r
            <!--Optional:-->\r
            <ebil:cfd_activa_nota1>?</ebil:cfd_activa_nota1>\r
            <!--Optional:-->\r
            <ebil:cfd_barcode_banco4>?</ebil:cfd_barcode_banco4>\r
            <!--Optional:-->\r
            <ebil:ciudad_envio>?</ebil:ciudad_envio>\r
            <!--Optional:-->\r
            <ebil:code1>?</ebil:code1>\r
            <!--Optional:-->\r
            <ebil:code2>?</ebil:code2>\r
            <!--Optional:-->\r
            <ebil:code3>?</ebil:code3>\r
            <!--Optional:-->\r
            <ebil:curso>?</ebil:curso>\r
            <!--Optional:-->\r
            <ebil:departamento_envio>?</ebil:departamento_envio>\r
            <!--Optional:-->\r
            <ebil:direccion_envio>?</ebil:direccion_envio>\r
            <!--Optional:-->\r
            <ebil:id_PFD_PerfilDummy>?</ebil:id_PFD_PerfilDummy>\r
            <!--Optional:-->\r
            <ebil:numero_envio>?</ebil:numero_envio>\r
            <!--Optional:-->\r
            <ebil:orden_venta>?</ebil:orden_venta>\r
            <!--Optional:-->\r
            <ebil:pague_hasta1>?</ebil:pague_hasta1>\r
            <!--Optional:-->\r
            <ebil:pague_hasta2>?</ebil:pague_hasta2>\r
            <!--Optional:-->\r
            <ebil:pague_hasta3>?</ebil:pague_hasta3>\r
            <!--Optional:-->\r
            <ebil:referencia>?</ebil:referencia>\r
            <!--Optional:-->\r
            <ebil:referencia1>?</ebil:referencia1>\r
            <!--Optional:-->\r
            <ebil:referencia_envio>?</ebil:referencia_envio>\r
            <!--Optional:-->\r
            <ebil:telefono_envio>?</ebil:telefono_envio>\r
         </tem:FacCab>\r
         <!--Optional:-->\r
         <tem:DetFac>\r
            <!--Zero or more repetitions:-->\r
            <ebil:FV_CFDDetConexionInt>\r
               <!--Optional:-->\r
               <ebil:CON_base_ica>?</ebil:CON_base_ica>\r
               <!--Optional:-->\r
               <ebil:CON_base_impo_n>?</ebil:CON_base_impo_n>\r
               <!--Optional:-->\r
               <ebil:CON_base_impo_r>?</ebil:CON_base_impo_r>\r
               <!--Optional:-->\r
               <ebil:CON_base_iva>?</ebil:CON_base_iva>\r
               <!--Optional:-->\r
               <ebil:CON_cantidad_original_solicitada>?</ebil:CON_cantidad_original_solicitada>\r
               <!--Optional:-->\r
               <ebil:CON_categoria_0>?</ebil:CON_categoria_0>\r
               <!--Optional:-->\r
               <ebil:CON_categoria_1>?</ebil:CON_categoria_1>\r
               <!--Optional:-->\r
               <ebil:CON_categoria_2>?</ebil:CON_categoria_2>\r
               <!--Optional:-->\r
               <ebil:CON_categoria_3>?</ebil:CON_categoria_3>\r
               <!--Optional:-->\r
               <ebil:CON_ciudad_despacho>?</ebil:CON_ciudad_despacho>\r
               <!--Optional:-->\r
               <ebil:CON_dato_decimal1>?</ebil:CON_dato_decimal1>\r
               <!--Optional:-->\r
               <ebil:CON_dato_decimal10>?</ebil:CON_dato_decimal10>\r
               <!--Optional:-->\r
               <ebil:CON_dato_decimal11>?</ebil:CON_dato_decimal11>\r
               <!--Optional:-->\r
               <ebil:CON_dato_decimal12>?</ebil:CON_dato_decimal12>\r
               <!--Optional:-->\r
               <ebil:CON_dato_decimal13>?</ebil:CON_dato_decimal13>\r
               <!--Optional:-->\r
               <ebil:CON_dato_decimal14>?</ebil:CON_dato_decimal14>\r
               <!--Optional:-->\r
               <ebil:CON_dato_decimal15>?</ebil:CON_dato_decimal15>\r
               <!--Optional:-->\r
               <ebil:CON_dato_decimal2>?</ebil:CON_dato_decimal2>\r
               <!--Optional:-->\r
               <ebil:CON_dato_decimal3>?</ebil:CON_dato_decimal3>\r
               <!--Optional:-->\r
               <ebil:CON_dato_decimal4>?</ebil:CON_dato_decimal4>\r
               <!--Optional:-->\r
               <ebil:CON_dato_decimal5>?</ebil:CON_dato_decimal5>\r
               <!--Optional:-->\r
               <ebil:CON_dato_decimal6>?</ebil:CON_dato_decimal6>\r
               <!--Optional:-->\r
               <ebil:CON_dato_decimal7>?</ebil:CON_dato_decimal7>\r
               <!--Optional:-->\r
               <ebil:CON_dato_decimal8>?</ebil:CON_dato_decimal8>\r
               <!--Optional:-->\r
               <ebil:CON_dato_decimal9>?</ebil:CON_dato_decimal9>\r
               <!--Optional:-->\r
               <ebil:CON_dato_destino>?</ebil:CON_dato_destino>\r
               <!--Optional:-->\r
               <ebil:CON_dato_fecha>?</ebil:CON_dato_fecha>\r
               <!--Optional:-->\r
               <ebil:CON_dato_origen>?</ebil:CON_dato_origen>\r
               <!--Optional:-->\r
               <ebil:CON_dato_peso>?</ebil:CON_dato_peso>\r
               <!--Optional:-->\r
               <ebil:CON_dato_placa>?</ebil:CON_dato_placa>\r
               <!--Optional:-->\r
               <ebil:CON_dato_referencia>?</ebil:CON_dato_referencia>\r
               <!--Optional:-->\r
               <ebil:CON_dato_texto1>?</ebil:CON_dato_texto1>\r
               <!--Optional:-->\r
               <ebil:CON_dato_texto10>?</ebil:CON_dato_texto10>\r
               <!--Optional:-->\r
               <ebil:CON_dato_texto11>?</ebil:CON_dato_texto11>\r
               <!--Optional:-->\r
               <ebil:CON_dato_texto12>?</ebil:CON_dato_texto12>\r
               <!--Optional:-->\r
               <ebil:CON_dato_texto13>?</ebil:CON_dato_texto13>\r
               <!--Optional:-->\r
               <ebil:CON_dato_texto14>?</ebil:CON_dato_texto14>\r
               <!--Optional:-->\r
               <ebil:CON_dato_texto15>?</ebil:CON_dato_texto15>\r
               <!--Optional:-->\r
               <ebil:CON_dato_texto2>?</ebil:CON_dato_texto2>\r
               <!--Optional:-->\r
               <ebil:CON_dato_texto3>?</ebil:CON_dato_texto3>\r
               <!--Optional:-->\r
               <ebil:CON_dato_texto4>?</ebil:CON_dato_texto4>\r
               <!--Optional:-->\r
               <ebil:CON_dato_texto5>?</ebil:CON_dato_texto5>\r
               <!--Optional:-->\r
               <ebil:CON_dato_texto6>?</ebil:CON_dato_texto6>\r
               <!--Optional:-->\r
               <ebil:CON_dato_texto7>?</ebil:CON_dato_texto7>\r
               <!--Optional:-->\r
               <ebil:CON_dato_texto8>?</ebil:CON_dato_texto8>\r
               <!--Optional:-->\r
               <ebil:CON_dato_texto9>?</ebil:CON_dato_texto9>\r
               <!--Optional:-->\r
               <ebil:CON_departamento_despacho>?</ebil:CON_departamento_despacho>\r
               <!--Optional:-->\r
               <ebil:CON_detalle_construccion>?</ebil:CON_detalle_construccion>\r
               <!--Optional:-->\r
               <ebil:CON_detalle_industria1>?</ebil:CON_detalle_industria1>\r
               <!--Optional:-->\r
               <ebil:CON_detalle_industria2>?</ebil:CON_detalle_industria2>\r
               <!--Optional:-->\r
               <ebil:CON_detalle_industria3>?</ebil:CON_detalle_industria3>\r
               <!--Optional:-->\r
               <ebil:CON_detalle_vehiculo>?</ebil:CON_detalle_vehiculo>\r
               <!--Optional:-->\r
               <ebil:CON_direccion_despacho>?</ebil:CON_direccion_despacho>\r
               <!--Optional:-->\r
               <ebil:CON_documentos_referencia>?</ebil:CON_documentos_referencia>\r
               <!--Optional:-->\r
               <ebil:CON_linea_concepto>?</ebil:CON_linea_concepto>\r
               <!--Optional:-->\r
               <ebil:CON_linea_padre_concepto>?</ebil:CON_linea_padre_concepto>\r
               <!--Optional:-->\r
               <ebil:CON_posicion_arancelaria>?</ebil:CON_posicion_arancelaria>\r
               <!--Optional:-->\r
               <ebil:CON_sub_cliente>?</ebil:CON_sub_cliente>\r
               <!--Optional:-->\r
               <ebil:CON_total_con_seg_mon>?</ebil:CON_total_con_seg_mon>\r
               <!--Optional:-->\r
               <ebil:CON_unidad_medida_con>?</ebil:CON_unidad_medida_con>\r
               <!--Optional:-->\r
               <ebil:CON_valor_otros_cargos>?</ebil:CON_valor_otros_cargos>\r
               <!--Optional:-->\r
               <ebil:CON_valor_otros_descuentos>?</ebil:CON_valor_otros_descuentos>\r
               <!--Optional:-->\r
               <ebil:CON_valor_unitario_seg_mon>?</ebil:CON_valor_unitario_seg_mon>\r
               <!--Optional:-->\r
               <ebil:CREE>?</ebil:CREE>\r
               <!--Optional:-->\r
               <ebil:Cantidad>?</ebil:Cantidad>\r
               <!--Optional:-->\r
               <ebil:ClaseMovimiento>?</ebil:ClaseMovimiento>\r
               <!--Optional:-->\r
               <ebil:CodigoProducto>?</ebil:CodigoProducto>\r
               <!--Optional:-->\r
               <ebil:Codigos>\r
                  <!--Zero or more repetitions:-->\r
                  <arr:string>?</arr:string>\r
               </ebil:Codigos>\r
               <!--Optional:-->\r
               <ebil:CodigosString>?</ebil:CodigosString>\r
               <!--Optional:-->\r
               <ebil:DescripcionConcepto>?</ebil:DescripcionConcepto>\r
               <!--Optional:-->\r
               <ebil:DescripcionProducto>?</ebil:DescripcionProducto>\r
               <!--Optional:-->\r
               <ebil:DescuentoConcepto>?</ebil:DescuentoConcepto>\r
               <!--Optional:-->\r
               <ebil:FechaRecibe>?</ebil:FechaRecibe>\r
               <!--Optional:-->\r
               <ebil:IVAProducto>?</ebil:IVAProducto>\r
               <!--Optional:-->\r
               <ebil:IdConcepto>?</ebil:IdConcepto>\r
               <!--Optional:-->\r
               <ebil:Importe>?</ebil:Importe>\r
               <!--Optional:-->\r
               <ebil:Impuesto2>?</ebil:Impuesto2>\r
               <!--Optional:-->\r
               <ebil:ItemReferencia>?</ebil:ItemReferencia>\r
               <!--Optional:-->\r
               <ebil:NotasConcepto>?</ebil:NotasConcepto>\r
               <!--Optional:-->\r
               <ebil:PorIVAProducto>?</ebil:PorIVAProducto>\r
               <!--Optional:-->\r
               <ebil:PorImpuesto2>?</ebil:PorImpuesto2>\r
               <!--Optional:-->\r
               <ebil:PorcentajeDescuento>?</ebil:PorcentajeDescuento>\r
               <!--Optional:-->\r
               <ebil:RetencionCREE>?</ebil:RetencionCREE>\r
               <!--Optional:-->\r
               <ebil:TipoImpuesto>?</ebil:TipoImpuesto>\r
               <!--Optional:-->\r
               <ebil:TotalConSegMon>?</ebil:TotalConSegMon>\r
               <!--Optional:-->\r
               <ebil:TotalConcepto>?</ebil:TotalConcepto>\r
               <!--Optional:-->\r
               <ebil:UnidadMedida>?</ebil:UnidadMedida>\r
               <!--Optional:-->\r
               <ebil:ValorUnitario>?</ebil:ValorUnitario>\r
               <!--Optional:-->\r
               <ebil:con_recurrente>?</ebil:con_recurrente>\r
            </ebil:FV_CFDDetConexionInt>\r
         </tem:DetFac>\r
         <!--Optional:-->\r
         <tem:Opciones>\r
            <!--Optional:-->\r
            <ebil:ActualizaProductos>?</ebil:ActualizaProductos>\r
            <!--Optional:-->\r
            <ebil:CalculaReteCree>?</ebil:CalculaReteCree>\r
            <!--Optional:-->\r
            <ebil:CalculaReteFuente>?</ebil:CalculaReteFuente>\r
            <!--Optional:-->\r
            <ebil:CalculaReteICA>?</ebil:CalculaReteICA>\r
            <!--Optional:-->\r
            <ebil:CalculaReteIVA>?</ebil:CalculaReteIVA>\r
            <!--Optional:-->\r
            <ebil:EmisionAutomatica>?</ebil:EmisionAutomatica>\r
            <!--Optional:-->\r
            <ebil:FacturaMinimalegal>?</ebil:FacturaMinimalegal>\r
            <!--Optional:-->\r
            <ebil:FacturasSinAcuerdo>?</ebil:FacturasSinAcuerdo>\r
            <!--Optional:-->\r
            <ebil:ModeloXAceptacion>?</ebil:ModeloXAceptacion>\r
            <!--Optional:-->\r
            <ebil:NotasRelacionadas>?</ebil:NotasRelacionadas>\r
            <!--Optional:-->\r
            <ebil:OrderControl>?</ebil:OrderControl>\r
            <!--Optional:-->\r
            <ebil:TieneAcuerdosFisicos>?</ebil:TieneAcuerdosFisicos>\r
            <!--Optional:-->\r
            <ebil:TokenConexion>?</ebil:TokenConexion>\r
            <!--Optional:-->\r
            <ebil:eBillAdmNumerosFactura>?</ebil:eBillAdmNumerosFactura>\r
         </tem:Opciones>\r
         <!--Optional:-->\r
         <tem:AllowedChargeCab>\r
            <!--Zero or more repetitions:-->\r
            <ebil:FV_ACC_AllowanceChargeCabInt>\r
               <!--Optional:-->\r
               <ebil:FCC_ACC_Amount_AllowanceChargeCab>?</ebil:FCC_ACC_Amount_AllowanceChargeCab>\r
               <!--Optional:-->\r
               <ebil:FCC_ACC_MultiplierFactorNumeric_AllowanceChargeCab>?</ebil:FCC_ACC_MultiplierFactorNumeric_AllowanceChargeCab>\r
               <!--Optional:-->\r
               <ebil:FC_ACC_BaseAmount_AllowanceChargeCab>?</ebil:FC_ACC_BaseAmount_AllowanceChargeCab>\r
               <!--Optional:-->\r
               <ebil:FV_ACC_ChargeIndicator_AllowanceChargeCab>?</ebil:FV_ACC_ChargeIndicator_AllowanceChargeCab>\r
               <!--Optional:-->\r
               <ebil:FV_ACC_Code_AllowanceChargeCab>?</ebil:FV_ACC_Code_AllowanceChargeCab>\r
               <!--Optional:-->\r
               <ebil:FV_ACC_Id_AllowanceChargeCab>?</ebil:FV_ACC_Id_AllowanceChargeCab>\r
               <!--Optional:-->\r
               <ebil:FV_ACC_Reason_AllowanceChargeCab>?</ebil:FV_ACC_Reason_AllowanceChargeCab>\r
            </ebil:FV_ACC_AllowanceChargeCabInt>\r
         </tem:AllowedChargeCab>\r
         <!--Optional:-->\r
         <tem:AllowedChargeDet>\r
            <!--Zero or more repetitions:-->\r
            <ebil:FV_ACD_AllowanceChargeDetInt>\r
               <!--Optional:-->\r
               <ebil:FCC_ACD_Amount_AllowanceChargeDet>?</ebil:FCC_ACD_Amount_AllowanceChargeDet>\r
               <!--Optional:-->\r
               <ebil:FCC_ACD_MultiplierFactorNumeric_AllowanceChargeDet>?</ebil:FCC_ACD_MultiplierFactorNumeric_AllowanceChargeDet>\r
               <!--Optional:-->\r
               <ebil:FC_ACD_BaseAmount_AllowanceChargeDet>?</ebil:FC_ACD_BaseAmount_AllowanceChargeDet>\r
               <!--Optional:-->\r
               <ebil:FV_ACD_ChargeIndicator_AllowanceChargeDet>?</ebil:FV_ACD_ChargeIndicator_AllowanceChargeDet>\r
               <!--Optional:-->\r
               <ebil:FV_ACD_Code_AllowanceChargeDet>?</ebil:FV_ACD_Code_AllowanceChargeDet>\r
               <!--Optional:-->\r
               <ebil:FV_ACD_Id_AllowanceChargeDet>?</ebil:FV_ACD_Id_AllowanceChargeDet>\r
               <!--Optional:-->\r
               <ebil:FV_ACD_Reason_AllowanceChargeDet>?</ebil:FV_ACD_Reason_AllowanceChargeDet>\r
               <!--Optional:-->\r
               <ebil:IdConcepto>?</ebil:IdConcepto>\r
            </ebil:FV_ACD_AllowanceChargeDetInt>\r
         </tem:AllowedChargeDet>\r
         <!--Optional:-->\r
         <tem:_FV_TRBACON_TributoAgrupadoXConceptoInt>\r
            <!--Zero or more repetitions:-->\r
            <ebil:FV_TRBACON_TributoAgrupadoXConceptoInt>\r
               <!--Optional:-->\r
               <ebil:FV_TRBACON_RoundingAmount_TributoAgrupadoXConcepto>?</ebil:FV_TRBACON_RoundingAmount_TributoAgrupadoXConcepto>\r
               <!--Optional:-->\r
               <ebil:FV_TRBACON_TaxAmount_TributoAgrupadoXConcepto>?</ebil:FV_TRBACON_TaxAmount_TributoAgrupadoXConcepto>\r
               <!--Optional:-->\r
               <ebil:FV_TRBACON_Withholding_TributoAgrupado>?</ebil:FV_TRBACON_Withholding_TributoAgrupado>\r
               <!--Optional:-->\r
               <ebil:FV_TRB_Id_Tributos>?</ebil:FV_TRB_Id_Tributos>\r
               <!--Optional:-->\r
               <ebil:IdConcepto>?</ebil:IdConcepto>\r
            </ebil:FV_TRBACON_TributoAgrupadoXConceptoInt>\r
         </tem:_FV_TRBACON_TributoAgrupadoXConceptoInt>\r
         <!--Optional:-->\r
         <tem:_FV_TRBDCON_TributoDetalleXConceptoInt>\r
            <!--Zero or more repetitions:-->\r
            <ebil:FV_TRBDCON_TributoDetalleXConceptoInt>\r
               <!--Optional:-->\r
               <ebil:FV_TRBDCON_PerUnitAmount_TributoDetalleXConcepto>?</ebil:FV_TRBDCON_PerUnitAmount_TributoDetalleXConcepto>\r
               <!--Optional:-->\r
               <ebil:FV_TRBDCON_TaxAmount_TributoDetalleXConcepto>?</ebil:FV_TRBDCON_TaxAmount_TributoDetalleXConcepto>\r
               <!--Optional:-->\r
               <ebil:FV_TRBDCON_TaxableAmount_TributoDetalleXConcepto>?</ebil:FV_TRBDCON_TaxableAmount_TributoDetalleXConcepto>\r
               <!--Optional:-->\r
               <ebil:FV_TRBDCON_Withholding_TributoDetalleXConcepto>?</ebil:FV_TRBDCON_Withholding_TributoDetalleXConcepto>\r
               <!--Optional:-->\r
               <ebil:FV_TRB_Id_Tributos>?</ebil:FV_TRB_Id_Tributos>\r
               <!--Optional:-->\r
               <ebil:FV_TXT_Id_TarifaXTributo>?</ebil:FV_TXT_Id_TarifaXTributo>\r
               <!--Optional:-->\r
               <ebil:FV_TXT_Tarifa_TarifaXTributo>?</ebil:FV_TXT_Tarifa_TarifaXTributo>\r
               <!--Optional:-->\r
               <ebil:FV_UNN_Codigo_DIAN>?</ebil:FV_UNN_Codigo_DIAN>\r
               <!--Optional:-->\r
               <ebil:IdConcepto>?</ebil:IdConcepto>\r
            </ebil:FV_TRBDCON_TributoDetalleXConceptoInt>\r
         </tem:_FV_TRBDCON_TributoDetalleXConceptoInt>\r
         <!--Optional:-->\r
         <tem:_FV_TRBA_TributoAgrupadoInt>\r
            <!--Zero or more repetitions:-->\r
            <ebil:FV_TRBA_TributoAgrupadoInt>\r
               <!--Optional:-->\r
               <ebil:FV_TRBA_RoundingAmount_TributoAgrupado>?</ebil:FV_TRBA_RoundingAmount_TributoAgrupado>\r
               <!--Optional:-->\r
               <ebil:FV_TRBA_TaxAmount_TributoAgrupado>?</ebil:FV_TRBA_TaxAmount_TributoAgrupado>\r
               <!--Optional:-->\r
               <ebil:FV_TRBA_Withholding_TributoAgrupado>?</ebil:FV_TRBA_Withholding_TributoAgrupado>\r
               <!--Optional:-->\r
               <ebil:FV_TRB_Id_Tributos>?</ebil:FV_TRB_Id_Tributos>\r
            </ebil:FV_TRBA_TributoAgrupadoInt>\r
         </tem:_FV_TRBA_TributoAgrupadoInt>\r
         <!--Optional:-->\r
         <tem:_FV_TRBD_TributoDetalleInt>\r
            <!--Zero or more repetitions:-->\r
            <ebil:FV_TRBD_TributoDetalleInt>\r
               <!--Optional:-->\r
               <ebil:FV_TRBD_PerUnitAmount_TributoDetalle>?</ebil:FV_TRBD_PerUnitAmount_TributoDetalle>\r
               <!--Optional:-->\r
               <ebil:FV_TRBD_TaxAmount_TributoDetalle>?</ebil:FV_TRBD_TaxAmount_TributoDetalle>\r
               <!--Optional:-->\r
               <ebil:FV_TRBD_TaxableAmount_TributoDetalle>?</ebil:FV_TRBD_TaxableAmount_TributoDetalle>\r
               <!--Optional:-->\r
               <ebil:FV_TRBD_Withholding_TributoDetalle>?</ebil:FV_TRBD_Withholding_TributoDetalle>\r
               <!--Optional:-->\r
               <ebil:FV_TRB_Id_Tributos>?</ebil:FV_TRB_Id_Tributos>\r
               <!--Optional:-->\r
               <ebil:FV_TXT_Id_TarifaXTributo>?</ebil:FV_TXT_Id_TarifaXTributo>\r
               <!--Optional:-->\r
               <ebil:FV_TXT_Tarifa_TarifaXTributo>?</ebil:FV_TXT_Tarifa_TarifaXTributo>\r
               <!--Optional:-->\r
               <ebil:FV_UNN_Codigo_DIAN>?</ebil:FV_UNN_Codigo_DIAN>\r
            </ebil:FV_TRBD_TributoDetalleInt>\r
         </tem:_FV_TRBD_TributoDetalleInt>\r
         <!--Optional:-->\r
         <tem:Coord>\r
            <!--Zero or more repetitions:-->\r
            <ebil:CoordenadasPixelesByPage>\r
               <!--Optional:-->\r
               <ebil:Page>?</ebil:Page>\r
               <!--Optional:-->\r
               <ebil:ValorAlto>?</ebil:ValorAlto>\r
               <!--Optional:-->\r
               <ebil:ValorAncho>?</ebil:ValorAncho>\r
               <!--Optional:-->\r
               <ebil:ValorX>?</ebil:ValorX>\r
               <!--Optional:-->\r
               <ebil:ValorY>?</ebil:ValorY>\r
            </ebil:CoordenadasPixelesByPage>\r
         </tem:Coord>\r
      </tem:FV_CargarDocumentosElectronicosToeBillTxN>\r
   </soapenv:Body>\r
</soapenv:Envelope>]]></con:request><con:wsaConfig mustUnderstand="NONE" version="200508" action="http://tempuri.org/IIntegracion/FV_CargarDocumentosElectronicosToeBillTxN"/></con:call></con:operation><con:operation id="f4d2a46c-6b43-49ee-ad56-e5761f40475c" isOneWay="false" action="http://tempuri.org/IIntegracion/FV_CargarNotaDesdeFacturaToeBill" name="FV_CargarNotaDesdeFacturaToeBill" bindingOperationName="FV_CargarNotaDesdeFacturaToeBill" type="Request-Response" inputName="" receivesAttachments="false" sendsAttachments="false" anonymous="optional"><con:settings/><con:call id="5980819e-8388-4d88-9e20-356e5ad944ba" name="Request 1"><con:settings/><con:encoding>UTF-8</con:encoding><con:endpoint>http://testws.facturaenlinea.co/ServiciosFyM/eBill/Integracion.svc</con:endpoint><con:request><![CDATA[<soapenv:Envelope xmlns:soapenv="http://schemas.xmlsoap.org/soap/envelope/" xmlns:tem="http://tempuri.org/" xmlns:ebil="http://schemas.datacontract.org/2004/07/eBillCore" xmlns:arr="http://schemas.microsoft.com/2003/10/Serialization/Arrays">\r
   <soapenv:Header/>\r
   <soapenv:Body>\r
      <tem:FV_CargarNotaDesdeFacturaToeBill>\r
         <!--Optional:-->\r
         <tem:FacCab>\r
            <!--Optional:-->\r
            <ebil:AnoAprobacionRes>?</ebil:AnoAprobacionRes>\r
            <!--Optional:-->\r
            <ebil:Base_Impuesto>?</ebil:Base_Impuesto>\r
            <!--Optional:-->\r
            <ebil:CFD_AdditionalDocumentReference>?</ebil:CFD_AdditionalDocumentReference>\r
            <!--Optional:-->\r
            <ebil:CFD_Control_logo>?</ebil:CFD_Control_logo>\r
            <!--Optional:-->\r
            <ebil:CFD_EST_estado_tramit>?</ebil:CFD_EST_estado_tramit>\r
            <!--Optional:-->\r
            <ebil:CFD_Envio_Asyncronico>?</ebil:CFD_Envio_Asyncronico>\r
            <!--Optional:-->\r
            <ebil:CFD_Flete>?</ebil:CFD_Flete>\r
            <!--Optional:-->\r
            <ebil:CFD_Inf_relacionada_Industria>?</ebil:CFD_Inf_relacionada_Industria>\r
            <!--Optional:-->\r
            <ebil:CFD_LineCountNumeric>?</ebil:CFD_LineCountNumeric>\r
            <!--Optional:-->\r
            <ebil:CFD_LineExtensionAmount>?</ebil:CFD_LineExtensionAmount>\r
            <!--Optional:-->\r
            <ebil:CFD_Modelo_Facturacion>?</ebil:CFD_Modelo_Facturacion>\r
            <!--Optional:-->\r
            <ebil:CFD_OtrosCargos>?</ebil:CFD_OtrosCargos>\r
            <!--Optional:-->\r
            <ebil:CFD_Por_Margen>?</ebil:CFD_Por_Margen>\r
            <!--Optional:-->\r
            <ebil:CFD_ProfileExecutionID>?</ebil:CFD_ProfileExecutionID>\r
            <!--Optional:-->\r
            <ebil:CFD_ResponseCode>?</ebil:CFD_ResponseCode>\r
            <!--Optional:-->\r
            <ebil:CFD_TaxExclusiveAmount>?</ebil:CFD_TaxExclusiveAmount>\r
            <!--Optional:-->\r
            <ebil:CFD_TaxInclusiveAmount>?</ebil:CFD_TaxInclusiveAmount>\r
            <!--Optional:-->\r
            <ebil:CFD_TaxPointDate>?</ebil:CFD_TaxPointDate>\r
            <!--Optional:-->\r
            <ebil:CFD_Transaccion_VIP>?</ebil:CFD_Transaccion_VIP>\r
            <!--Optional:-->\r
            <ebil:CFD_base_ICA_total>?</ebil:CFD_base_ICA_total>\r
            <!--Optional:-->\r
            <ebil:CFD_base_impo_total_nal>?</ebil:CFD_base_impo_total_nal>\r
            <!--Optional:-->\r
            <ebil:CFD_base_impo_total_reg>?</ebil:CFD_base_impo_total_reg>\r
            <!--Optional:-->\r
            <ebil:CFD_campo_texto_10>?</ebil:CFD_campo_texto_10>\r
            <!--Optional:-->\r
            <ebil:CFD_campo_texto_11>?</ebil:CFD_campo_texto_11>\r
            <!--Optional:-->\r
            <ebil:CFD_campo_texto_12>?</ebil:CFD_campo_texto_12>\r
            <!--Optional:-->\r
            <ebil:CFD_campo_texto_13>?</ebil:CFD_campo_texto_13>\r
            <!--Optional:-->\r
            <ebil:CFD_campo_texto_14>?</ebil:CFD_campo_texto_14>\r
            <!--Optional:-->\r
            <ebil:CFD_campo_texto_15>?</ebil:CFD_campo_texto_15>\r
            <!--Optional:-->\r
            <ebil:CFD_campo_texto_16>?</ebil:CFD_campo_texto_16>\r
            <!--Optional:-->\r
            <ebil:CFD_campo_texto_17>?</ebil:CFD_campo_texto_17>\r
            <!--Optional:-->\r
            <ebil:CFD_campo_texto_18>?</ebil:CFD_campo_texto_18>\r
            <!--Optional:-->\r
            <ebil:CFD_campo_texto_19>?</ebil:CFD_campo_texto_19>\r
            <!--Optional:-->\r
            <ebil:CFD_campo_texto_20>?</ebil:CFD_campo_texto_20>\r
            <!--Optional:-->\r
            <ebil:CFD_campo_texto_21>?</ebil:CFD_campo_texto_21>\r
            <!--Optional:-->\r
            <ebil:CFD_campo_texto_22>?</ebil:CFD_campo_texto_22>\r
            <!--Optional:-->\r
            <ebil:CFD_campo_texto_23>?</ebil:CFD_campo_texto_23>\r
            <!--Optional:-->\r
            <ebil:CFD_campo_texto_24>?</ebil:CFD_campo_texto_24>\r
            <!--Optional:-->\r
            <ebil:CFD_campo_texto_25>?</ebil:CFD_campo_texto_25>\r
            <!--Optional:-->\r
            <ebil:CFD_campo_texto_26>?</ebil:CFD_campo_texto_26>\r
            <!--Optional:-->\r
            <ebil:CFD_campo_texto_27>?</ebil:CFD_campo_texto_27>\r
            <!--Optional:-->\r
            <ebil:CFD_campo_texto_28>?</ebil:CFD_campo_texto_28>\r
            <!--Optional:-->\r
            <ebil:CFD_campo_texto_29>?</ebil:CFD_campo_texto_29>\r
            <!--Optional:-->\r
            <ebil:CFD_campo_texto_9>?</ebil:CFD_campo_texto_9>\r
            <!--Optional:-->\r
            <ebil:CFD_cantidad_dec_1>?</ebil:CFD_cantidad_dec_1>\r
            <!--Optional:-->\r
            <ebil:CFD_cantidad_dec_10>?</ebil:CFD_cantidad_dec_10>\r
            <!--Optional:-->\r
            <ebil:CFD_cantidad_dec_11>?</ebil:CFD_cantidad_dec_11>\r
            <!--Optional:-->\r
            <ebil:CFD_cantidad_dec_12>?</ebil:CFD_cantidad_dec_12>\r
            <!--Optional:-->\r
            <ebil:CFD_cantidad_dec_13>?</ebil:CFD_cantidad_dec_13>\r
            <!--Optional:-->\r
            <ebil:CFD_cantidad_dec_14>?</ebil:CFD_cantidad_dec_14>\r
            <!--Optional:-->\r
            <ebil:CFD_cantidad_dec_15>?</ebil:CFD_cantidad_dec_15>\r
            <!--Optional:-->\r
            <ebil:CFD_cantidad_dec_16>?</ebil:CFD_cantidad_dec_16>\r
            <!--Optional:-->\r
            <ebil:CFD_cantidad_dec_17>?</ebil:CFD_cantidad_dec_17>\r
            <!--Optional:-->\r
            <ebil:CFD_cantidad_dec_18>?</ebil:CFD_cantidad_dec_18>\r
            <!--Optional:-->\r
            <ebil:CFD_cantidad_dec_19>?</ebil:CFD_cantidad_dec_19>\r
            <!--Optional:-->\r
            <ebil:CFD_cantidad_dec_20>?</ebil:CFD_cantidad_dec_20>\r
            <!--Optional:-->\r
            <ebil:CFD_cantidad_dec_21>?</ebil:CFD_cantidad_dec_21>\r
            <!--Optional:-->\r
            <ebil:CFD_cantidad_dec_22>?</ebil:CFD_cantidad_dec_22>\r
            <!--Optional:-->\r
            <ebil:CFD_cantidad_dec_23>?</ebil:CFD_cantidad_dec_23>\r
            <!--Optional:-->\r
            <ebil:CFD_cantidad_dec_24>?</ebil:CFD_cantidad_dec_24>\r
            <!--Optional:-->\r
            <ebil:CFD_cantidad_dec_25>?</ebil:CFD_cantidad_dec_25>\r
            <!--Optional:-->\r
            <ebil:CFD_cantidad_dec_4>?</ebil:CFD_cantidad_dec_4>\r
            <!--Optional:-->\r
            <ebil:CFD_cantidad_dec_5>?</ebil:CFD_cantidad_dec_5>\r
            <!--Optional:-->\r
            <ebil:CFD_cantidad_dec_6>?</ebil:CFD_cantidad_dec_6>\r
            <!--Optional:-->\r
            <ebil:CFD_cantidad_dec_7>?</ebil:CFD_cantidad_dec_7>\r
            <!--Optional:-->\r
            <ebil:CFD_cantidad_dec_8>?</ebil:CFD_cantidad_dec_8>\r
            <!--Optional:-->\r
            <ebil:CFD_cantidad_dec_9>?</ebil:CFD_cantidad_dec_9>\r
            <!--Optional:-->\r
            <ebil:CFD_deducible>?</ebil:CFD_deducible>\r
            <!--Optional:-->\r
            <ebil:CFD_desconexion_servicio>?</ebil:CFD_desconexion_servicio>\r
            <!--Optional:-->\r
            <ebil:CFD_fecha_desconexion>?</ebil:CFD_fecha_desconexion>\r
            <!--Optional:-->\r
            <ebil:CFD_fecha_tasadeCambio>?</ebil:CFD_fecha_tasadeCambio>\r
            <!--Optional:-->\r
            <ebil:CFD_inf_origen_despacho>?</ebil:CFD_inf_origen_despacho>\r
            <!--Optional:-->\r
            <ebil:CFD_numero_enlace_doc_ref>?</ebil:CFD_numero_enlace_doc_ref>\r
            <!--Optional:-->\r
            <ebil:CFD_porc_rte_ICA>?</ebil:CFD_porc_rte_ICA>\r
            <!--Optional:-->\r
            <ebil:CFD_porc_rte_fuent>?</ebil:CFD_porc_rte_fuent>\r
            <!--Optional:-->\r
            <ebil:CFD_tasa_mora>?</ebil:CFD_tasa_mora>\r
            <!--Optional:-->\r
            <ebil:CFD_tdi_id_tipo_doc_interno>?</ebil:CFD_tdi_id_tipo_doc_interno>\r
            <!--Optional:-->\r
            <ebil:CFD_total_ICA>?</ebil:CFD_total_ICA>\r
            <!--Optional:-->\r
            <ebil:CFD_total_aduana_exp>?</ebil:CFD_total_aduana_exp>\r
            <!--Optional:-->\r
            <ebil:CFD_total_cargos>?</ebil:CFD_total_cargos>\r
            <!--Optional:-->\r
            <ebil:CFD_total_descuentos>?</ebil:CFD_total_descuentos>\r
            <!--Optional:-->\r
            <ebil:CFD_total_margen>?</ebil:CFD_total_margen>\r
            <!--Optional:-->\r
            <ebil:CFD_total_seguro_exp>?</ebil:CFD_total_seguro_exp>\r
            <!--Optional:-->\r
            <ebil:CLI_numero_cliente>?</ebil:CLI_numero_cliente>\r
            <!--Optional:-->\r
            <ebil:CREETotal>?</ebil:CREETotal>\r
            <!--Optional:-->\r
            <ebil:CampoTexto1>?</ebil:CampoTexto1>\r
            <!--Optional:-->\r
            <ebil:CampoTexto2>?</ebil:CampoTexto2>\r
            <!--Optional:-->\r
            <ebil:CampoTexto3>?</ebil:CampoTexto3>\r
            <!--Optional:-->\r
            <ebil:CampoTexto4>?</ebil:CampoTexto4>\r
            <!--Optional:-->\r
            <ebil:CampoTexto5>?</ebil:CampoTexto5>\r
            <!--Optional:-->\r
            <ebil:CampoTexto6>?</ebil:CampoTexto6>\r
            <!--Optional:-->\r
            <ebil:CampoTexto7>?</ebil:CampoTexto7>\r
            <!--Optional:-->\r
            <ebil:CampoTexto8>?</ebil:CampoTexto8>\r
            <!--Optional:-->\r
            <ebil:Cantidad1>?</ebil:Cantidad1>\r
            <!--Optional:-->\r
            <ebil:Cantidad2>?</ebil:Cantidad2>\r
            <!--Optional:-->\r
            <ebil:Cantidad3>?</ebil:Cantidad3>\r
            <!--Optional:-->\r
            <ebil:CantidadDec1>?</ebil:CantidadDec1>\r
            <!--Optional:-->\r
            <ebil:CantidadDec2>?</ebil:CantidadDec2>\r
            <!--Optional:-->\r
            <ebil:CantidadDec3>?</ebil:CantidadDec3>\r
            <!--Optional:-->\r
            <ebil:CiudadDANE>?</ebil:CiudadDANE>\r
            <!--Optional:-->\r
            <ebil:CodVendedor>?</ebil:CodVendedor>\r
            <!--Optional:-->\r
            <ebil:CodigoPostalCliente>?</ebil:CodigoPostalCliente>\r
            <!--Optional:-->\r
            <ebil:CodigoPostalEnvio>?</ebil:CodigoPostalEnvio>\r
            <!--Optional:-->\r
            <ebil:ComprobanteCon>?</ebil:ComprobanteCon>\r
            <!--Optional:-->\r
            <ebil:Condiciones_Pago>?</ebil:Condiciones_Pago>\r
            <!--Optional:-->\r
            <ebil:ContactoCargo>?</ebil:ContactoCargo>\r
            <!--Optional:-->\r
            <ebil:ContactoCorreo>?</ebil:ContactoCorreo>\r
            <!--Optional:-->\r
            <ebil:ContactoNombre>?</ebil:ContactoNombre>\r
            <!--Optional:-->\r
            <ebil:CorreoCliente>?</ebil:CorreoCliente>\r
            <!--Optional:-->\r
            <ebil:DepartamentoDANE>?</ebil:DepartamentoDANE>\r
            <!--Optional:-->\r
            <ebil:DescripcionPlan>?</ebil:DescripcionPlan>\r
            <!--Optional:-->\r
            <ebil:Descuento>?</ebil:Descuento>\r
            <!--Optional:-->\r
            <ebil:DigitoVerificaCliente>?</ebil:DigitoVerificaCliente>\r
            <!--Optional:-->\r
            <ebil:DireccionCliente>?</ebil:DireccionCliente>\r
            <!--Optional:-->\r
            <ebil:EsRecepcion>?</ebil:EsRecepcion>\r
            <!--Optional:-->\r
            <ebil:EstiloFactura>?</ebil:EstiloFactura>\r
            <!--Optional:-->\r
            <ebil:FV_CCN_id_concepto_correcionnotas>?</ebil:FV_CCN_id_concepto_correcionnotas>\r
            <!--Optional:-->\r
            <ebil:FV_CDE_id_codigos_descuento>?</ebil:FV_CDE_id_codigos_descuento>\r
            <!--Optional:-->\r
            <ebil:FV_EDO_id_eventos_docelec>?</ebil:FV_EDO_id_eventos_docelec>\r
            <!--Optional:-->\r
            <ebil:FV_INC_id_incoterm>?</ebil:FV_INC_id_incoterm>\r
            <!--Optional:-->\r
            <ebil:FV_RFI_Id_Regimen_Fiscal>?</ebil:FV_RFI_Id_Regimen_Fiscal>\r
            <!--Optional:-->\r
            <ebil:FV_TDD_Code_TipoDocumentoDIAN>?</ebil:FV_TDD_Code_TipoDocumentoDIAN>\r
            <!--Optional:-->\r
            <ebil:FV_TDO_Codigo_TipoOperacion>?</ebil:FV_TDO_Codigo_TipoOperacion>\r
            <!--Optional:-->\r
            <ebil:FechaExpedicion>?</ebil:FechaExpedicion>\r
            <!--Optional:-->\r
            <ebil:FechaFinalPeriodoFacturado>?</ebil:FechaFinalPeriodoFacturado>\r
            <!--Optional:-->\r
            <ebil:FechaInicialPeriodoFacturado>?</ebil:FechaInicialPeriodoFacturado>\r
            <!--Optional:-->\r
            <ebil:FechaVencimiento>?</ebil:FechaVencimiento>\r
            <!--Optional:-->\r
            <ebil:FormaPago>?</ebil:FormaPago>\r
            <!--Optional:-->\r
            <ebil:IDInterno>?</ebil:IDInterno>\r
            <!--Optional:-->\r
            <ebil:IDUbicacionCliente>?</ebil:IDUbicacionCliente>\r
            <!--Optional:-->\r
            <ebil:IDUbicacionEnvio>?</ebil:IDUbicacionEnvio>\r
            <!--Optional:-->\r
            <ebil:IdPlan>?</ebil:IdPlan>\r
            <!--Optional:-->\r
            <ebil:IdSucursal>?</ebil:IdSucursal>\r
            <!--Optional:-->\r
            <ebil:Incoterm>?</ebil:Incoterm>\r
            <!--Optional:-->\r
            <ebil:InfoAdicional>?</ebil:InfoAdicional>\r
            <!--Optional:-->\r
            <ebil:LugarTerminosEntrega>?</ebil:LugarTerminosEntrega>\r
            <!--Optional:-->\r
            <ebil:MesCausado>?</ebil:MesCausado>\r
            <!--Optional:-->\r
            <ebil:MonedaISO>?</ebil:MonedaISO>\r
            <!--Optional:-->\r
            <ebil:NitCliente>?</ebil:NitCliente>\r
            <!--Optional:-->\r
            <ebil:NitEmpresa>?</ebil:NitEmpresa>\r
            <!--Optional:-->\r
            <ebil:NombreCliente>?</ebil:NombreCliente>\r
            <!--Optional:-->\r
            <ebil:NombreComercial>?</ebil:NombreComercial>\r
            <!--Optional:-->\r
            <ebil:NombrePlan>?</ebil:NombrePlan>\r
            <!--Optional:-->\r
            <ebil:NombreVendedor>?</ebil:NombreVendedor>\r
            <!--Optional:-->\r
            <ebil:NumAprobacionRes>?</ebil:NumAprobacionRes>\r
            <!--Optional:-->\r
            <ebil:NumFactura>?</ebil:NumFactura>\r
            <!--Optional:-->\r
            <ebil:OrderID>?</ebil:OrderID>\r
            <!--Optional:-->\r
            <ebil:PAI_ISO_3166>?</ebil:PAI_ISO_3166>\r
            <!--Optional:-->\r
            <ebil:PAI_nombre_envio>?</ebil:PAI_nombre_envio>\r
            <!--Optional:-->\r
            <ebil:PagoAnterior>?</ebil:PagoAnterior>\r
            <!--Optional:-->\r
            <ebil:Prefijo>?</ebil:Prefijo>\r
            <!--Optional:-->\r
            <ebil:ReferenciaCliente>?</ebil:ReferenciaCliente>\r
            <!--Optional:-->\r
            <ebil:RetencionCREETotal>?</ebil:RetencionCREETotal>\r
            <!--Optional:-->\r
            <ebil:SMSXDoc>?</ebil:SMSXDoc>\r
            <!--Optional:-->\r
            <ebil:SaldoAnterior>?</ebil:SaldoAnterior>\r
            <!--Optional:-->\r
            <ebil:SubTotal>?</ebil:SubTotal>\r
            <!--Optional:-->\r
            <ebil:SubTotalSegunMon>?</ebil:SubTotalSegunMon>\r
            <!--Optional:-->\r
            <ebil:Sucursal>?</ebil:Sucursal>\r
            <!--Optional:-->\r
            <ebil:TIP_id_tipo_persona>?</ebil:TIP_id_tipo_persona>\r
            <!--Optional:-->\r
            <ebil:TasaCambio>?</ebil:TasaCambio>\r
            <!--Optional:-->\r
            <ebil:TelefonoCliente>?</ebil:TelefonoCliente>\r
            <!--Optional:-->\r
            <ebil:Texto3>?</ebil:Texto3>\r
            <!--Optional:-->\r
            <ebil:TieneAcuerdo>?</ebil:TieneAcuerdo>\r
            <!--Optional:-->\r
            <ebil:TipoComprobante>?</ebil:TipoComprobante>\r
            <!--Optional:-->\r
            <ebil:TipoContribuyente>?</ebil:TipoContribuyente>\r
            <!--Optional:-->\r
            <ebil:TipoIDCliente>?</ebil:TipoIDCliente>\r
            <!--Optional:-->\r
            <ebil:Total>?</ebil:Total>\r
            <!--Optional:-->\r
            <ebil:TotalIVA>?</ebil:TotalIVA>\r
            <!--Optional:-->\r
            <ebil:TotalIVASegunMon>?</ebil:TotalIVASegunMon>\r
            <!--Optional:-->\r
            <ebil:TotalRetICA>?</ebil:TotalRetICA>\r
            <!--Optional:-->\r
            <ebil:TotalRetIVA>?</ebil:TotalRetIVA>\r
            <!--Optional:-->\r
            <ebil:TotalRetencion>?</ebil:TotalRetencion>\r
            <!--Optional:-->\r
            <ebil:TotalSegunMon>?</ebil:TotalSegunMon>\r
            <!--Optional:-->\r
            <ebil:TotalTraslado>?</ebil:TotalTraslado>\r
            <!--Optional:-->\r
            <ebil:Total_a_Pagar>?</ebil:Total_a_Pagar>\r
            <!--Optional:-->\r
            <ebil:ValorHasta1>?</ebil:ValorHasta1>\r
            <!--Optional:-->\r
            <ebil:ValorHasta2>?</ebil:ValorHasta2>\r
            <!--Optional:-->\r
            <ebil:ValorHasta3>?</ebil:ValorHasta3>\r
            <!--Optional:-->\r
            <ebil:ValorHasta4>?</ebil:ValorHasta4>\r
            <!--Optional:-->\r
            <ebil:cfd_activa_nota1>?</ebil:cfd_activa_nota1>\r
            <!--Optional:-->\r
            <ebil:cfd_barcode_banco4>?</ebil:cfd_barcode_banco4>\r
            <!--Optional:-->\r
            <ebil:ciudad_envio>?</ebil:ciudad_envio>\r
            <!--Optional:-->\r
            <ebil:code1>?</ebil:code1>\r
            <!--Optional:-->\r
            <ebil:code2>?</ebil:code2>\r
            <!--Optional:-->\r
            <ebil:code3>?</ebil:code3>\r
            <!--Optional:-->\r
            <ebil:curso>?</ebil:curso>\r
            <!--Optional:-->\r
            <ebil:departamento_envio>?</ebil:departamento_envio>\r
            <!--Optional:-->\r
            <ebil:direccion_envio>?</ebil:direccion_envio>\r
            <!--Optional:-->\r
            <ebil:id_PFD_PerfilDummy>?</ebil:id_PFD_PerfilDummy>\r
            <!--Optional:-->\r
            <ebil:numero_envio>?</ebil:numero_envio>\r
            <!--Optional:-->\r
            <ebil:orden_venta>?</ebil:orden_venta>\r
            <!--Optional:-->\r
            <ebil:pague_hasta1>?</ebil:pague_hasta1>\r
            <!--Optional:-->\r
            <ebil:pague_hasta2>?</ebil:pague_hasta2>\r
            <!--Optional:-->\r
            <ebil:pague_hasta3>?</ebil:pague_hasta3>\r
            <!--Optional:-->\r
            <ebil:referencia>?</ebil:referencia>\r
            <!--Optional:-->\r
            <ebil:referencia1>?</ebil:referencia1>\r
            <!--Optional:-->\r
            <ebil:referencia_envio>?</ebil:referencia_envio>\r
            <!--Optional:-->\r
            <ebil:telefono_envio>?</ebil:telefono_envio>\r
         </tem:FacCab>\r
         <!--Optional:-->\r
         <tem:DetFac>\r
            <!--Zero or more repetitions:-->\r
            <ebil:FV_CFDDetConexionInt>\r
               <!--Optional:-->\r
               <ebil:CON_base_ica>?</ebil:CON_base_ica>\r
               <!--Optional:-->\r
               <ebil:CON_base_impo_n>?</ebil:CON_base_impo_n>\r
               <!--Optional:-->\r
               <ebil:CON_base_impo_r>?</ebil:CON_base_impo_r>\r
               <!--Optional:-->\r
               <ebil:CON_base_iva>?</ebil:CON_base_iva>\r
               <!--Optional:-->\r
               <ebil:CON_cantidad_original_solicitada>?</ebil:CON_cantidad_original_solicitada>\r
               <!--Optional:-->\r
               <ebil:CON_categoria_0>?</ebil:CON_categoria_0>\r
               <!--Optional:-->\r
               <ebil:CON_categoria_1>?</ebil:CON_categoria_1>\r
               <!--Optional:-->\r
               <ebil:CON_categoria_2>?</ebil:CON_categoria_2>\r
               <!--Optional:-->\r
               <ebil:CON_categoria_3>?</ebil:CON_categoria_3>\r
               <!--Optional:-->\r
               <ebil:CON_ciudad_despacho>?</ebil:CON_ciudad_despacho>\r
               <!--Optional:-->\r
               <ebil:CON_dato_decimal1>?</ebil:CON_dato_decimal1>\r
               <!--Optional:-->\r
               <ebil:CON_dato_decimal10>?</ebil:CON_dato_decimal10>\r
               <!--Optional:-->\r
               <ebil:CON_dato_decimal11>?</ebil:CON_dato_decimal11>\r
               <!--Optional:-->\r
               <ebil:CON_dato_decimal12>?</ebil:CON_dato_decimal12>\r
               <!--Optional:-->\r
               <ebil:CON_dato_decimal13>?</ebil:CON_dato_decimal13>\r
               <!--Optional:-->\r
               <ebil:CON_dato_decimal14>?</ebil:CON_dato_decimal14>\r
               <!--Optional:-->\r
               <ebil:CON_dato_decimal15>?</ebil:CON_dato_decimal15>\r
               <!--Optional:-->\r
               <ebil:CON_dato_decimal2>?</ebil:CON_dato_decimal2>\r
               <!--Optional:-->\r
               <ebil:CON_dato_decimal3>?</ebil:CON_dato_decimal3>\r
               <!--Optional:-->\r
               <ebil:CON_dato_decimal4>?</ebil:CON_dato_decimal4>\r
               <!--Optional:-->\r
               <ebil:CON_dato_decimal5>?</ebil:CON_dato_decimal5>\r
               <!--Optional:-->\r
               <ebil:CON_dato_decimal6>?</ebil:CON_dato_decimal6>\r
               <!--Optional:-->\r
               <ebil:CON_dato_decimal7>?</ebil:CON_dato_decimal7>\r
               <!--Optional:-->\r
               <ebil:CON_dato_decimal8>?</ebil:CON_dato_decimal8>\r
               <!--Optional:-->\r
               <ebil:CON_dato_decimal9>?</ebil:CON_dato_decimal9>\r
               <!--Optional:-->\r
               <ebil:CON_dato_destino>?</ebil:CON_dato_destino>\r
               <!--Optional:-->\r
               <ebil:CON_dato_fecha>?</ebil:CON_dato_fecha>\r
               <!--Optional:-->\r
               <ebil:CON_dato_origen>?</ebil:CON_dato_origen>\r
               <!--Optional:-->\r
               <ebil:CON_dato_peso>?</ebil:CON_dato_peso>\r
               <!--Optional:-->\r
               <ebil:CON_dato_placa>?</ebil:CON_dato_placa>\r
               <!--Optional:-->\r
               <ebil:CON_dato_referencia>?</ebil:CON_dato_referencia>\r
               <!--Optional:-->\r
               <ebil:CON_dato_texto1>?</ebil:CON_dato_texto1>\r
               <!--Optional:-->\r
               <ebil:CON_dato_texto10>?</ebil:CON_dato_texto10>\r
               <!--Optional:-->\r
               <ebil:CON_dato_texto11>?</ebil:CON_dato_texto11>\r
               <!--Optional:-->\r
               <ebil:CON_dato_texto12>?</ebil:CON_dato_texto12>\r
               <!--Optional:-->\r
               <ebil:CON_dato_texto13>?</ebil:CON_dato_texto13>\r
               <!--Optional:-->\r
               <ebil:CON_dato_texto14>?</ebil:CON_dato_texto14>\r
               <!--Optional:-->\r
               <ebil:CON_dato_texto15>?</ebil:CON_dato_texto15>\r
               <!--Optional:-->\r
               <ebil:CON_dato_texto2>?</ebil:CON_dato_texto2>\r
               <!--Optional:-->\r
               <ebil:CON_dato_texto3>?</ebil:CON_dato_texto3>\r
               <!--Optional:-->\r
               <ebil:CON_dato_texto4>?</ebil:CON_dato_texto4>\r
               <!--Optional:-->\r
               <ebil:CON_dato_texto5>?</ebil:CON_dato_texto5>\r
               <!--Optional:-->\r
               <ebil:CON_dato_texto6>?</ebil:CON_dato_texto6>\r
               <!--Optional:-->\r
               <ebil:CON_dato_texto7>?</ebil:CON_dato_texto7>\r
               <!--Optional:-->\r
               <ebil:CON_dato_texto8>?</ebil:CON_dato_texto8>\r
               <!--Optional:-->\r
               <ebil:CON_dato_texto9>?</ebil:CON_dato_texto9>\r
               <!--Optional:-->\r
               <ebil:CON_departamento_despacho>?</ebil:CON_departamento_despacho>\r
               <!--Optional:-->\r
               <ebil:CON_detalle_construccion>?</ebil:CON_detalle_construccion>\r
               <!--Optional:-->\r
               <ebil:CON_detalle_industria1>?</ebil:CON_detalle_industria1>\r
               <!--Optional:-->\r
               <ebil:CON_detalle_industria2>?</ebil:CON_detalle_industria2>\r
               <!--Optional:-->\r
               <ebil:CON_detalle_industria3>?</ebil:CON_detalle_industria3>\r
               <!--Optional:-->\r
               <ebil:CON_detalle_vehiculo>?</ebil:CON_detalle_vehiculo>\r
               <!--Optional:-->\r
               <ebil:CON_direccion_despacho>?</ebil:CON_direccion_despacho>\r
               <!--Optional:-->\r
               <ebil:CON_documentos_referencia>?</ebil:CON_documentos_referencia>\r
               <!--Optional:-->\r
               <ebil:CON_linea_concepto>?</ebil:CON_linea_concepto>\r
               <!--Optional:-->\r
               <ebil:CON_linea_padre_concepto>?</ebil:CON_linea_padre_concepto>\r
               <!--Optional:-->\r
               <ebil:CON_posicion_arancelaria>?</ebil:CON_posicion_arancelaria>\r
               <!--Optional:-->\r
               <ebil:CON_sub_cliente>?</ebil:CON_sub_cliente>\r
               <!--Optional:-->\r
               <ebil:CON_total_con_seg_mon>?</ebil:CON_total_con_seg_mon>\r
               <!--Optional:-->\r
               <ebil:CON_unidad_medida_con>?</ebil:CON_unidad_medida_con>\r
               <!--Optional:-->\r
               <ebil:CON_valor_otros_cargos>?</ebil:CON_valor_otros_cargos>\r
               <!--Optional:-->\r
               <ebil:CON_valor_otros_descuentos>?</ebil:CON_valor_otros_descuentos>\r
               <!--Optional:-->\r
               <ebil:CON_valor_unitario_seg_mon>?</ebil:CON_valor_unitario_seg_mon>\r
               <!--Optional:-->\r
               <ebil:CREE>?</ebil:CREE>\r
               <!--Optional:-->\r
               <ebil:Cantidad>?</ebil:Cantidad>\r
               <!--Optional:-->\r
               <ebil:ClaseMovimiento>?</ebil:ClaseMovimiento>\r
               <!--Optional:-->\r
               <ebil:CodigoProducto>?</ebil:CodigoProducto>\r
               <!--Optional:-->\r
               <ebil:Codigos>\r
                  <!--Zero or more repetitions:-->\r
                  <arr:string>?</arr:string>\r
               </ebil:Codigos>\r
               <!--Optional:-->\r
               <ebil:CodigosString>?</ebil:CodigosString>\r
               <!--Optional:-->\r
               <ebil:DescripcionConcepto>?</ebil:DescripcionConcepto>\r
               <!--Optional:-->\r
               <ebil:DescripcionProducto>?</ebil:DescripcionProducto>\r
               <!--Optional:-->\r
               <ebil:DescuentoConcepto>?</ebil:DescuentoConcepto>\r
               <!--Optional:-->\r
               <ebil:FechaRecibe>?</ebil:FechaRecibe>\r
               <!--Optional:-->\r
               <ebil:IVAProducto>?</ebil:IVAProducto>\r
               <!--Optional:-->\r
               <ebil:IdConcepto>?</ebil:IdConcepto>\r
               <!--Optional:-->\r
               <ebil:Importe>?</ebil:Importe>\r
               <!--Optional:-->\r
               <ebil:Impuesto2>?</ebil:Impuesto2>\r
               <!--Optional:-->\r
               <ebil:ItemReferencia>?</ebil:ItemReferencia>\r
               <!--Optional:-->\r
               <ebil:NotasConcepto>?</ebil:NotasConcepto>\r
               <!--Optional:-->\r
               <ebil:PorIVAProducto>?</ebil:PorIVAProducto>\r
               <!--Optional:-->\r
               <ebil:PorImpuesto2>?</ebil:PorImpuesto2>\r
               <!--Optional:-->\r
               <ebil:PorcentajeDescuento>?</ebil:PorcentajeDescuento>\r
               <!--Optional:-->\r
               <ebil:RetencionCREE>?</ebil:RetencionCREE>\r
               <!--Optional:-->\r
               <ebil:TipoImpuesto>?</ebil:TipoImpuesto>\r
               <!--Optional:-->\r
               <ebil:TotalConSegMon>?</ebil:TotalConSegMon>\r
               <!--Optional:-->\r
               <ebil:TotalConcepto>?</ebil:TotalConcepto>\r
               <!--Optional:-->\r
               <ebil:UnidadMedida>?</ebil:UnidadMedida>\r
               <!--Optional:-->\r
               <ebil:ValorUnitario>?</ebil:ValorUnitario>\r
               <!--Optional:-->\r
               <ebil:con_recurrente>?</ebil:con_recurrente>\r
            </ebil:FV_CFDDetConexionInt>\r
         </tem:DetFac>\r
         <!--Optional:-->\r
         <tem:Opciones>\r
            <!--Optional:-->\r
            <ebil:ActualizaProductos>?</ebil:ActualizaProductos>\r
            <!--Optional:-->\r
            <ebil:CalculaReteCree>?</ebil:CalculaReteCree>\r
            <!--Optional:-->\r
            <ebil:CalculaReteFuente>?</ebil:CalculaReteFuente>\r
            <!--Optional:-->\r
            <ebil:CalculaReteICA>?</ebil:CalculaReteICA>\r
            <!--Optional:-->\r
            <ebil:CalculaReteIVA>?</ebil:CalculaReteIVA>\r
            <!--Optional:-->\r
            <ebil:EmisionAutomatica>?</ebil:EmisionAutomatica>\r
            <!--Optional:-->\r
            <ebil:FacturaMinimalegal>?</ebil:FacturaMinimalegal>\r
            <!--Optional:-->\r
            <ebil:FacturasSinAcuerdo>?</ebil:FacturasSinAcuerdo>\r
            <!--Optional:-->\r
            <ebil:ModeloXAceptacion>?</ebil:ModeloXAceptacion>\r
            <!--Optional:-->\r
            <ebil:NotasRelacionadas>?</ebil:NotasRelacionadas>\r
            <!--Optional:-->\r
            <ebil:OrderControl>?</ebil:OrderControl>\r
            <!--Optional:-->\r
            <ebil:TieneAcuerdosFisicos>?</ebil:TieneAcuerdosFisicos>\r
            <!--Optional:-->\r
            <ebil:TokenConexion>?</ebil:TokenConexion>\r
            <!--Optional:-->\r
            <ebil:eBillAdmNumerosFactura>?</ebil:eBillAdmNumerosFactura>\r
         </tem:Opciones>\r
         <!--Optional:-->\r
         <tem:AllowedChargeCab>\r
            <!--Zero or more repetitions:-->\r
            <ebil:FV_ACC_AllowanceChargeCabInt>\r
               <!--Optional:-->\r
               <ebil:FCC_ACC_Amount_AllowanceChargeCab>?</ebil:FCC_ACC_Amount_AllowanceChargeCab>\r
               <!--Optional:-->\r
               <ebil:FCC_ACC_MultiplierFactorNumeric_AllowanceChargeCab>?</ebil:FCC_ACC_MultiplierFactorNumeric_AllowanceChargeCab>\r
               <!--Optional:-->\r
               <ebil:FC_ACC_BaseAmount_AllowanceChargeCab>?</ebil:FC_ACC_BaseAmount_AllowanceChargeCab>\r
               <!--Optional:-->\r
               <ebil:FV_ACC_ChargeIndicator_AllowanceChargeCab>?</ebil:FV_ACC_ChargeIndicator_AllowanceChargeCab>\r
               <!--Optional:-->\r
               <ebil:FV_ACC_Code_AllowanceChargeCab>?</ebil:FV_ACC_Code_AllowanceChargeCab>\r
               <!--Optional:-->\r
               <ebil:FV_ACC_Id_AllowanceChargeCab>?</ebil:FV_ACC_Id_AllowanceChargeCab>\r
               <!--Optional:-->\r
               <ebil:FV_ACC_Reason_AllowanceChargeCab>?</ebil:FV_ACC_Reason_AllowanceChargeCab>\r
            </ebil:FV_ACC_AllowanceChargeCabInt>\r
         </tem:AllowedChargeCab>\r
         <!--Optional:-->\r
         <tem:AllowedChargeDet>\r
            <!--Zero or more repetitions:-->\r
            <ebil:FV_ACD_AllowanceChargeDetInt>\r
               <!--Optional:-->\r
               <ebil:FCC_ACD_Amount_AllowanceChargeDet>?</ebil:FCC_ACD_Amount_AllowanceChargeDet>\r
               <!--Optional:-->\r
               <ebil:FCC_ACD_MultiplierFactorNumeric_AllowanceChargeDet>?</ebil:FCC_ACD_MultiplierFactorNumeric_AllowanceChargeDet>\r
               <!--Optional:-->\r
               <ebil:FC_ACD_BaseAmount_AllowanceChargeDet>?</ebil:FC_ACD_BaseAmount_AllowanceChargeDet>\r
               <!--Optional:-->\r
               <ebil:FV_ACD_ChargeIndicator_AllowanceChargeDet>?</ebil:FV_ACD_ChargeIndicator_AllowanceChargeDet>\r
               <!--Optional:-->\r
               <ebil:FV_ACD_Code_AllowanceChargeDet>?</ebil:FV_ACD_Code_AllowanceChargeDet>\r
               <!--Optional:-->\r
               <ebil:FV_ACD_Id_AllowanceChargeDet>?</ebil:FV_ACD_Id_AllowanceChargeDet>\r
               <!--Optional:-->\r
               <ebil:FV_ACD_Reason_AllowanceChargeDet>?</ebil:FV_ACD_Reason_AllowanceChargeDet>\r
               <!--Optional:-->\r
               <ebil:IdConcepto>?</ebil:IdConcepto>\r
            </ebil:FV_ACD_AllowanceChargeDetInt>\r
         </tem:AllowedChargeDet>\r
         <!--Optional:-->\r
         <tem:_FV_TRBACON_TributoAgrupadoXConceptoInt>\r
            <!--Zero or more repetitions:-->\r
            <ebil:FV_TRBACON_TributoAgrupadoXConceptoInt>\r
               <!--Optional:-->\r
               <ebil:FV_TRBACON_RoundingAmount_TributoAgrupadoXConcepto>?</ebil:FV_TRBACON_RoundingAmount_TributoAgrupadoXConcepto>\r
               <!--Optional:-->\r
               <ebil:FV_TRBACON_TaxAmount_TributoAgrupadoXConcepto>?</ebil:FV_TRBACON_TaxAmount_TributoAgrupadoXConcepto>\r
               <!--Optional:-->\r
               <ebil:FV_TRBACON_Withholding_TributoAgrupado>?</ebil:FV_TRBACON_Withholding_TributoAgrupado>\r
               <!--Optional:-->\r
               <ebil:FV_TRB_Id_Tributos>?</ebil:FV_TRB_Id_Tributos>\r
               <!--Optional:-->\r
               <ebil:IdConcepto>?</ebil:IdConcepto>\r
            </ebil:FV_TRBACON_TributoAgrupadoXConceptoInt>\r
         </tem:_FV_TRBACON_TributoAgrupadoXConceptoInt>\r
         <!--Optional:-->\r
         <tem:_FV_TRBDCON_TributoDetalleXConceptoInt>\r
            <!--Zero or more repetitions:-->\r
            <ebil:FV_TRBDCON_TributoDetalleXConceptoInt>\r
               <!--Optional:-->\r
               <ebil:FV_TRBDCON_PerUnitAmount_TributoDetalleXConcepto>?</ebil:FV_TRBDCON_PerUnitAmount_TributoDetalleXConcepto>\r
               <!--Optional:-->\r
               <ebil:FV_TRBDCON_TaxAmount_TributoDetalleXConcepto>?</ebil:FV_TRBDCON_TaxAmount_TributoDetalleXConcepto>\r
               <!--Optional:-->\r
               <ebil:FV_TRBDCON_TaxableAmount_TributoDetalleXConcepto>?</ebil:FV_TRBDCON_TaxableAmount_TributoDetalleXConcepto>\r
               <!--Optional:-->\r
               <ebil:FV_TRBDCON_Withholding_TributoDetalleXConcepto>?</ebil:FV_TRBDCON_Withholding_TributoDetalleXConcepto>\r
               <!--Optional:-->\r
               <ebil:FV_TRB_Id_Tributos>?</ebil:FV_TRB_Id_Tributos>\r
               <!--Optional:-->\r
               <ebil:FV_TXT_Id_TarifaXTributo>?</ebil:FV_TXT_Id_TarifaXTributo>\r
               <!--Optional:-->\r
               <ebil:FV_TXT_Tarifa_TarifaXTributo>?</ebil:FV_TXT_Tarifa_TarifaXTributo>\r
               <!--Optional:-->\r
               <ebil:FV_UNN_Codigo_DIAN>?</ebil:FV_UNN_Codigo_DIAN>\r
               <!--Optional:-->\r
               <ebil:IdConcepto>?</ebil:IdConcepto>\r
            </ebil:FV_TRBDCON_TributoDetalleXConceptoInt>\r
         </tem:_FV_TRBDCON_TributoDetalleXConceptoInt>\r
         <!--Optional:-->\r
         <tem:_FV_TRBA_TributoAgrupadoInt>\r
            <!--Zero or more repetitions:-->\r
            <ebil:FV_TRBA_TributoAgrupadoInt>\r
               <!--Optional:-->\r
               <ebil:FV_TRBA_RoundingAmount_TributoAgrupado>?</ebil:FV_TRBA_RoundingAmount_TributoAgrupado>\r
               <!--Optional:-->\r
               <ebil:FV_TRBA_TaxAmount_TributoAgrupado>?</ebil:FV_TRBA_TaxAmount_TributoAgrupado>\r
               <!--Optional:-->\r
               <ebil:FV_TRBA_Withholding_TributoAgrupado>?</ebil:FV_TRBA_Withholding_TributoAgrupado>\r
               <!--Optional:-->\r
               <ebil:FV_TRB_Id_Tributos>?</ebil:FV_TRB_Id_Tributos>\r
            </ebil:FV_TRBA_TributoAgrupadoInt>\r
         </tem:_FV_TRBA_TributoAgrupadoInt>\r
         <!--Optional:-->\r
         <tem:_FV_TRBD_TributoDetalleInt>\r
            <!--Zero or more repetitions:-->\r
            <ebil:FV_TRBD_TributoDetalleInt>\r
               <!--Optional:-->\r
               <ebil:FV_TRBD_PerUnitAmount_TributoDetalle>?</ebil:FV_TRBD_PerUnitAmount_TributoDetalle>\r
               <!--Optional:-->\r
               <ebil:FV_TRBD_TaxAmount_TributoDetalle>?</ebil:FV_TRBD_TaxAmount_TributoDetalle>\r
               <!--Optional:-->\r
               <ebil:FV_TRBD_TaxableAmount_TributoDetalle>?</ebil:FV_TRBD_TaxableAmount_TributoDetalle>\r
               <!--Optional:-->\r
               <ebil:FV_TRBD_Withholding_TributoDetalle>?</ebil:FV_TRBD_Withholding_TributoDetalle>\r
               <!--Optional:-->\r
               <ebil:FV_TRB_Id_Tributos>?</ebil:FV_TRB_Id_Tributos>\r
               <!--Optional:-->\r
               <ebil:FV_TXT_Id_TarifaXTributo>?</ebil:FV_TXT_Id_TarifaXTributo>\r
               <!--Optional:-->\r
               <ebil:FV_TXT_Tarifa_TarifaXTributo>?</ebil:FV_TXT_Tarifa_TarifaXTributo>\r
               <!--Optional:-->\r
               <ebil:FV_UNN_Codigo_DIAN>?</ebil:FV_UNN_Codigo_DIAN>\r
            </ebil:FV_TRBD_TributoDetalleInt>\r
         </tem:_FV_TRBD_TributoDetalleInt>\r
         <!--Optional:-->\r
         <tem:retornaXML>?</tem:retornaXML>\r
         <!--Optional:-->\r
         <tem:_FV_AXD_AnticiposXDocumentoInt>\r
            <!--Zero or more repetitions:-->\r
            <ebil:FV_AXD_AnticiposXDocumentoInt>\r
               <!--Optional:-->\r
               <ebil:Codigo_Moneda>?</ebil:Codigo_Moneda>\r
               <!--Optional:-->\r
               <ebil:FV_AXD_IdXDoc_AnticiposXDocumento>?</ebil:FV_AXD_IdXDoc_AnticiposXDocumento>\r
               <!--Optional:-->\r
               <ebil:FV_AXD_InstructionID>?</ebil:FV_AXD_InstructionID>\r
               <!--Optional:-->\r
               <ebil:FV_AXD_PaidAmount>?</ebil:FV_AXD_PaidAmount>\r
               <!--Optional:-->\r
               <ebil:FV_AXD_PaidDate>?</ebil:FV_AXD_PaidDate>\r
               <!--Optional:-->\r
               <ebil:FV_AXD_PaidTime>?</ebil:FV_AXD_PaidTime>\r
               <!--Optional:-->\r
               <ebil:FV_AXD_ReceivedDate>?</ebil:FV_AXD_ReceivedDate>\r
               <!--Optional:-->\r
               <ebil:IdAnticipo>?</ebil:IdAnticipo>\r
            </ebil:FV_AXD_AnticiposXDocumentoInt>\r
         </tem:_FV_AXD_AnticiposXDocumentoInt>\r
      </tem:FV_CargarNotaDesdeFacturaToeBill>\r
   </soapenv:Body>\r
</soapenv:Envelope>]]></con:request><con:wsaConfig mustUnderstand="NONE" version="200508" action="http://tempuri.org/IIntegracion/FV_CargarNotaDesdeFacturaToeBill"/></con:call></con:operation><con:operation id="ea962ef4-244c-4701-87ee-0de373cf079c" isOneWay="false" action="http://tempuri.org/IIntegracion/FV_ConsultaEstado_DIANV2" name="FV_ConsultaEstado_DIANV2" bindingOperationName="FV_ConsultaEstado_DIANV2" type="Request-Response" inputName="" receivesAttachments="false" sendsAttachments="false" anonymous="optional"><con:settings/><con:call id="b7b51120-34b9-4a2f-9bac-f764aa2f5daf" name="Request 1"><con:settings><con:setting id="com.eviware.soapui.impl.wsdl.WsdlRequest@request-headers">&lt;xml-fragment/></con:setting></con:settings><con:encoding>UTF-8</con:encoding><con:endpoint>http://testws.facturaenlinea.co/ServiciosFyM/eBill/Integracion.svc</con:endpoint><con:request><![CDATA[<soapenv:Envelope xmlns:soapenv="http://schemas.xmlsoap.org/soap/envelope/" xmlns:tem="http://tempuri.org/">\r
   <soapenv:Header/>\r
   <soapenv:Body>\r
      <tem:FV_ConsultaEstado_DIANV2>\r
         <!--Optional:-->\r
         <tem:NitEmpresa>900306823</tem:NitEmpresa>\r
         <!--Optional:-->\r
         <tem:Prefijo>SETT</tem:Prefijo>\r
         <!--Optional:-->\r
         <tem:NumDoc>4321074</tem:NumDoc>\r
         <!--Optional:-->\r
         <tem:TipoComprobante>1</tem:TipoComprobante>\r
         <!--Optional:-->\r
         <tem:Token>0CA473A5-5699-4AAE-BEA5-BEAB6D7A5804</tem:Token>\r
      </tem:FV_ConsultaEstado_DIANV2>\r
   </soapenv:Body>\r
</soapenv:Envelope>]]></con:request><con:credentials><con:authType>No Authorization</con:authType></con:credentials><con:jmsConfig JMSDeliveryMode="PERSISTENT"/><con:jmsPropertyConfig/><con:wsaConfig mustUnderstand="NONE" version="200508" action="http://tempuri.org/IIntegracion/FV_ConsultaEstado_DIANV2"/><con:wsrmConfig version="1.2"/></con:call></con:operation><con:operation id="4569446e-a6eb-4189-8f51-075d7af5cdaf" isOneWay="false" action="http://tempuri.org/IIntegracion/FV_ConsultaEstado_DIANV2Long" name="FV_ConsultaEstado_DIANV2Long" bindingOperationName="FV_ConsultaEstado_DIANV2Long" type="Request-Response" inputName="" receivesAttachments="false" sendsAttachments="false" anonymous="optional"><con:settings/><con:call id="cfbf7dfd-9397-4466-b147-cd7982669937" name="Request 1"><con:settings/><con:encoding>UTF-8</con:encoding><con:endpoint>http://testws.facturaenlinea.co/ServiciosFyM/eBill/Integracion.svc</con:endpoint><con:request><![CDATA[<soapenv:Envelope xmlns:soapenv="http://schemas.xmlsoap.org/soap/envelope/" xmlns:tem="http://tempuri.org/">\r
   <soapenv:Header/>\r
   <soapenv:Body>\r
      <tem:FV_ConsultaEstado_DIANV2Long>\r
         <!--Optional:-->\r
         <tem:NitEmpresa>?</tem:NitEmpresa>\r
         <!--Optional:-->\r
         <tem:Prefijo>?</tem:Prefijo>\r
         <!--Optional:-->\r
         <tem:NumDoc>?</tem:NumDoc>\r
         <!--Optional:-->\r
         <tem:TipoComprobante>?</tem:TipoComprobante>\r
         <!--Optional:-->\r
         <tem:Token>?</tem:Token>\r
      </tem:FV_ConsultaEstado_DIANV2Long>\r
   </soapenv:Body>\r
</soapenv:Envelope>]]></con:request><con:credentials><con:authType>No Authorization</con:authType></con:credentials><con:jmsConfig JMSDeliveryMode="PERSISTENT"/><con:jmsPropertyConfig/><con:wsaConfig mustUnderstand="NONE" version="200508" action="http://tempuri.org/IIntegracion/FV_ConsultaEstado_DIANV2Long"/><con:wsrmConfig version="1.2"/></con:call></con:operation><con:operation id="7899c59b-3e7f-41ec-b00d-04b4f333a398" isOneWay="false" action="http://tempuri.org/IIntegracion/FV_CrearNombreArchivoZipDian" name="FV_CrearNombreArchivoZipDian" bindingOperationName="FV_CrearNombreArchivoZipDian" type="Request-Response" inputName="" receivesAttachments="false" sendsAttachments="false" anonymous="optional"><con:settings/><con:call id="f830bde9-d086-42f3-9b56-4e45ff01893f" name="Request 1"><con:settings/><con:encoding>UTF-8</con:encoding><con:endpoint>http://testws.facturaenlinea.co/ServiciosFyM/eBill/Integracion.svc</con:endpoint><con:request><![CDATA[<soapenv:Envelope xmlns:soapenv="http://schemas.xmlsoap.org/soap/envelope/" xmlns:tem="http://tempuri.org/">\r
   <soapenv:Header/>\r
   <soapenv:Body>\r
      <tem:FV_CrearNombreArchivoZipDian>\r
         <!--Optional:-->\r
         <tem:IdEmpresa>?</tem:IdEmpresa>\r
         <!--Optional:-->\r
         <tem:Token>?</tem:Token>\r
      </tem:FV_CrearNombreArchivoZipDian>\r
   </soapenv:Body>\r
</soapenv:Envelope>]]></con:request><con:wsaConfig mustUnderstand="NONE" version="200508" action="http://tempuri.org/IIntegracion/FV_CrearNombreArchivoZipDian"/></con:call></con:operation><con:operation id="a70f2bd8-1bbb-4f9e-b98b-9805e8248783" isOneWay="false" action="http://tempuri.org/IIntegracion/FV_EnviarDocumentoaDIAN" name="FV_EnviarDocumentoaDIAN" bindingOperationName="FV_EnviarDocumentoaDIAN" type="Request-Response" inputName="" receivesAttachments="false" sendsAttachments="false" anonymous="optional"><con:settings/><con:call id="d02a4b59-f430-4f27-a0db-0713605cb827" name="Request 1"><con:settings/><con:encoding>UTF-8</con:encoding><con:endpoint>http://testws.facturaenlinea.co/ServiciosFyM/eBill/Integracion.svc</con:endpoint><con:request><![CDATA[<soapenv:Envelope xmlns:soapenv="http://schemas.xmlsoap.org/soap/envelope/" xmlns:tem="http://tempuri.org/">\r
   <soapenv:Header/>\r
   <soapenv:Body>\r
      <tem:FV_EnviarDocumentoaDIAN>\r
         <!--Optional:-->\r
         <tem:IdEmpresa>?</tem:IdEmpresa>\r
         <!--Optional:-->\r
         <tem:IdDocumento>?</tem:IdDocumento>\r
         <!--Optional:-->\r
         <tem:IdSucursal>?</tem:IdSucursal>\r
         <!--Optional:-->\r
         <tem:Prevalidar>?</tem:Prevalidar>\r
         <!--Optional:-->\r
         <tem:MSNError>?</tem:MSNError>\r
         <!--Optional:-->\r
         <tem:RequiereFE>?</tem:RequiereFE>\r
         <!--Optional:-->\r
         <tem:Token>?</tem:Token>\r
      </tem:FV_EnviarDocumentoaDIAN>\r
   </soapenv:Body>\r
</soapenv:Envelope>]]></con:request><con:wsaConfig mustUnderstand="NONE" version="200508" action="http://tempuri.org/IIntegracion/FV_EnviarDocumentoaDIAN"/></con:call></con:operation><con:operation id="c44605f5-8bba-4ace-b186-39c581766dc8" isOneWay="false" action="http://tempuri.org/IIntegracion/FV_EnviarDocumentoaDIAN_Contingencia" name="FV_EnviarDocumentoaDIAN_Contingencia" bindingOperationName="FV_EnviarDocumentoaDIAN_Contingencia" type="Request-Response" inputName="" receivesAttachments="false" sendsAttachments="false" anonymous="optional"><con:settings/><con:call id="fc166876-d0f9-4d2b-b3ea-dc8217bd97a4" name="Request 1"><con:settings/><con:encoding>UTF-8</con:encoding><con:endpoint>http://testws.facturaenlinea.co/ServiciosFyM/eBill/Integracion.svc</con:endpoint><con:request><![CDATA[<soapenv:Envelope xmlns:soapenv="http://schemas.xmlsoap.org/soap/envelope/" xmlns:tem="http://tempuri.org/">\r
   <soapenv:Header/>\r
   <soapenv:Body>\r
      <tem:FV_EnviarDocumentoaDIAN_Contingencia>\r
         <!--Optional:-->\r
         <tem:IdEmpresa>?</tem:IdEmpresa>\r
         <!--Optional:-->\r
         <tem:IdDocumento>?</tem:IdDocumento>\r
         <!--Optional:-->\r
         <tem:IdSucursal>?</tem:IdSucursal>\r
         <!--Optional:-->\r
         <tem:Prevalidar>?</tem:Prevalidar>\r
         <!--Optional:-->\r
         <tem:MSNError>?</tem:MSNError>\r
         <!--Optional:-->\r
         <tem:RequiereFE>?</tem:RequiereFE>\r
         <!--Optional:-->\r
         <tem:Token>?</tem:Token>\r
      </tem:FV_EnviarDocumentoaDIAN_Contingencia>\r
   </soapenv:Body>\r
</soapenv:Envelope>]]></con:request><con:wsaConfig mustUnderstand="NONE" version="200508" action="http://tempuri.org/IIntegracion/FV_EnviarDocumentoaDIAN_Contingencia"/></con:call></con:operation><con:operation id="6d117d02-5362-45cf-b463-76abe0b8d329" isOneWay="false" action="http://tempuri.org/IIntegracion/FV_ExisteContingenciaDianDeclarada" name="FV_ExisteContingenciaDianDeclarada" bindingOperationName="FV_ExisteContingenciaDianDeclarada" type="Request-Response" inputName="" receivesAttachments="false" sendsAttachments="false" anonymous="optional"><con:settings/><con:call id="7d47cc6e-e0c0-4f6b-9d74-d1e6518c4299" name="Request 1"><con:settings/><con:encoding>UTF-8</con:encoding><con:endpoint>http://testws.facturaenlinea.co/ServiciosFyM/eBill/Integracion.svc</con:endpoint><con:request><![CDATA[<soapenv:Envelope xmlns:soapenv="http://schemas.xmlsoap.org/soap/envelope/" xmlns:tem="http://tempuri.org/">\r
   <soapenv:Header/>\r
   <soapenv:Body>\r
      <tem:FV_ExisteContingenciaDianDeclarada>\r
         <!--Optional:-->\r
         <tem:Token>?</tem:Token>\r
      </tem:FV_ExisteContingenciaDianDeclarada>\r
   </soapenv:Body>\r
</soapenv:Envelope>]]></con:request><con:wsaConfig mustUnderstand="NONE" version="200508" action="http://tempuri.org/IIntegracion/FV_ExisteContingenciaDianDeclarada"/></con:call></con:operation><con:operation id="b6a48af1-19b5-4237-8011-3ffafa4edb1c" isOneWay="false" action="http://tempuri.org/IIntegracion/FV_GenerarReporteDocumentosEmitidosXFechaXEstado" name="FV_GenerarReporteDocumentosEmitidosXFechaXEstado" bindingOperationName="FV_GenerarReporteDocumentosEmitidosXFechaXEstado" type="Request-Response" inputName="" receivesAttachments="false" sendsAttachments="false" anonymous="optional"><con:settings/><con:call id="15c19f8b-151e-4d88-bbec-19dd651d7cb0" name="Request 1"><con:settings/><con:encoding>UTF-8</con:encoding><con:endpoint>http://testws.facturaenlinea.co/ServiciosFyM/eBill/Integracion.svc</con:endpoint><con:request><![CDATA[<soapenv:Envelope xmlns:soapenv="http://schemas.xmlsoap.org/soap/envelope/" xmlns:tem="http://tempuri.org/">\r
   <soapenv:Header/>\r
   <soapenv:Body>\r
      <tem:FV_GenerarReporteDocumentosEmitidosXFechaXEstado>\r
         <!--Optional:-->\r
         <tem:nitEmpresa>?</tem:nitEmpresa>\r
         <!--Optional:-->\r
         <tem:token>?</tem:token>\r
         <!--Optional:-->\r
         <tem:fechaInicial>?</tem:fechaInicial>\r
         <!--Optional:-->\r
         <tem:fechaFinal>?</tem:fechaFinal>\r
         <!--Optional:-->\r
         <tem:idTramiteDIAN>?</tem:idTramiteDIAN>\r
      </tem:FV_GenerarReporteDocumentosEmitidosXFechaXEstado>\r
   </soapenv:Body>\r
</soapenv:Envelope>]]></con:request><con:credentials><con:authType>No Authorization</con:authType></con:credentials><con:jmsConfig JMSDeliveryMode="PERSISTENT"/><con:jmsPropertyConfig/><con:wsaConfig mustUnderstand="NONE" version="200508" action="http://tempuri.org/IIntegracion/FV_GenerarReporteDocumentosEmitidosXFechaXEstado"/><con:wsrmConfig version="1.2"/></con:call></con:operation><con:operation id="3705d3bd-f6de-4616-be31-c3a4d7af320e" isOneWay="false" action="http://tempuri.org/IIntegracion/FV_GenerarReporteEmision" name="FV_GenerarReporteEmision" bindingOperationName="FV_GenerarReporteEmision" type="Request-Response" inputName="" receivesAttachments="false" sendsAttachments="false" anonymous="optional"><con:settings/><con:call id="617ff558-2713-49b2-ae79-65d7ead2ac25" name="Request 1"><con:settings><con:setting id="com.eviware.soapui.impl.wsdl.WsdlRequest@request-headers">&lt;xml-fragment/></con:setting></con:settings><con:encoding>UTF-8</con:encoding><con:endpoint>http://testws.facturaenlinea.co/ServiciosFyM/eBill/Integracion.svc</con:endpoint><con:request><![CDATA[<soapenv:Envelope xmlns:soapenv="http://schemas.xmlsoap.org/soap/envelope/" xmlns:tem="http://tempuri.org/">\r
   <soapenv:Header/>\r
   <soapenv:Body>\r
      <tem:FV_GenerarReporteEmision>\r
         <!--Optional:-->\r
         <tem:nitEmpresa>900306823</tem:nitEmpresa>\r
         <!--Optional:-->\r
         <tem:token>0CA473A5-5699-4AAE-BEA5-BEAB6D7A5804</tem:token>\r
         <!--Optional:-->\r
         <tem:fecha>2022-04-07</tem:fecha>\r
         <!--Optional:-->\r
         <tem:erp></tem:erp>\r
         <!--Optional:-->\r
         <tem:tipoDocumento>1</tem:tipoDocumento>\r
      </tem:FV_GenerarReporteEmision>\r
   </soapenv:Body>\r
</soapenv:Envelope>]]></con:request><con:credentials><con:authType>No Authorization</con:authType></con:credentials><con:jmsConfig JMSDeliveryMode="PERSISTENT"/><con:jmsPropertyConfig/><con:wsaConfig mustUnderstand="NONE" version="200508" action="http://tempuri.org/IIntegracion/FV_GenerarReporteEmision"/><con:wsrmConfig version="1.2"/></con:call></con:operation><con:operation id="6b7787e0-3cd5-4e95-9c5f-ad9d1f8efa54" isOneWay="false" action="http://tempuri.org/IIntegracion/FV_GenerarReporteEmisionPSV" name="FV_GenerarReporteEmisionPSV" bindingOperationName="FV_GenerarReporteEmisionPSV" type="Request-Response" inputName="" receivesAttachments="false" sendsAttachments="false" anonymous="optional"><con:settings/><con:call id="c36fb7b3-2c92-4765-963f-799da04047a7" name="Request 1"><con:settings/><con:encoding>UTF-8</con:encoding><con:endpoint>http://testws.facturaenlinea.co/ServiciosFyM/eBill/Integracion.svc</con:endpoint><con:request><![CDATA[<soapenv:Envelope xmlns:soapenv="http://schemas.xmlsoap.org/soap/envelope/" xmlns:tem="http://tempuri.org/">\r
   <soapenv:Header/>\r
   <soapenv:Body>\r
      <tem:FV_GenerarReporteEmisionPSV>\r
         <!--Optional:-->\r
         <tem:nitEmpresa>?</tem:nitEmpresa>\r
         <!--Optional:-->\r
         <tem:token>?</tem:token>\r
         <!--Optional:-->\r
         <tem:fecha>?</tem:fecha>\r
         <!--Optional:-->\r
         <tem:erp>?</tem:erp>\r
         <!--Optional:-->\r
         <tem:tipoDocumento>?</tem:tipoDocumento>\r
      </tem:FV_GenerarReporteEmisionPSV>\r
   </soapenv:Body>\r
</soapenv:Envelope>]]></con:request><con:wsaConfig mustUnderstand="NONE" version="200508" action="http://tempuri.org/IIntegracion/FV_GenerarReporteEmisionPSV"/></con:call></con:operation><con:operation id="44d4353a-e4be-4cf0-93b7-ae9cececb47d" isOneWay="false" action="http://tempuri.org/IIntegracion/FV_GenerarReporteRecepcion" name="FV_GenerarReporteRecepcion" bindingOperationName="FV_GenerarReporteRecepcion" type="Request-Response" inputName="" receivesAttachments="false" sendsAttachments="false" anonymous="optional"><con:settings/><con:call id="73f93dfa-a762-4ddf-9d5d-ea4df2693291" name="Request 1"><con:settings/><con:encoding>UTF-8</con:encoding><con:endpoint>http://testws.facturaenlinea.co/ServiciosFyM/eBill/Integracion.svc</con:endpoint><con:request><![CDATA[<soapenv:Envelope xmlns:soapenv="http://schemas.xmlsoap.org/soap/envelope/" xmlns:tem="http://tempuri.org/">\r
   <soapenv:Header/>\r
   <soapenv:Body>\r
      <tem:FV_GenerarReporteRecepcion>\r
         <!--Optional:-->\r
         <tem:nitEmpresa>?</tem:nitEmpresa>\r
         <!--Optional:-->\r
         <tem:token>?</tem:token>\r
         <!--Optional:-->\r
         <tem:fecha>?</tem:fecha>\r
         <!--Optional:-->\r
         <tem:esConsolidado>?</tem:esConsolidado>\r
         <!--Optional:-->\r
         <tem:nitProveedor>?</tem:nitProveedor>\r
         <!--Optional:-->\r
         <tem:tipoDocumento>?</tem:tipoDocumento>\r
      </tem:FV_GenerarReporteRecepcion>\r
   </soapenv:Body>\r
</soapenv:Envelope>]]></con:request><con:wsaConfig mustUnderstand="NONE" version="200508" action="http://tempuri.org/IIntegracion/FV_GenerarReporteRecepcion"/></con:call></con:operation><con:operation id="cfb18574-efc0-440c-b6c5-5c461e4282af" isOneWay="false" action="http://tempuri.org/IIntegracion/FV_GenerarReporteRecepcionPSV" name="FV_GenerarReporteRecepcionPSV" bindingOperationName="FV_GenerarReporteRecepcionPSV" type="Request-Response" inputName="" receivesAttachments="false" sendsAttachments="false" anonymous="optional"><con:settings/><con:call id="41390693-2ef7-464b-ac15-6d101c9f37f0" name="Request 1"><con:settings/><con:encoding>UTF-8</con:encoding><con:endpoint>http://testws.facturaenlinea.co/ServiciosFyM/eBill/Integracion.svc</con:endpoint><con:request><![CDATA[<soapenv:Envelope xmlns:soapenv="http://schemas.xmlsoap.org/soap/envelope/" xmlns:tem="http://tempuri.org/">\r
   <soapenv:Header/>\r
   <soapenv:Body>\r
      <tem:FV_GenerarReporteRecepcionPSV>\r
         <!--Optional:-->\r
         <tem:nitEmpresa>?</tem:nitEmpresa>\r
         <!--Optional:-->\r
         <tem:token>?</tem:token>\r
         <!--Optional:-->\r
         <tem:fecha>?</tem:fecha>\r
         <!--Optional:-->\r
         <tem:esConsolidado>?</tem:esConsolidado>\r
         <!--Optional:-->\r
         <tem:nitProveedor>?</tem:nitProveedor>\r
         <!--Optional:-->\r
         <tem:tipoDocumento>?</tem:tipoDocumento>\r
      </tem:FV_GenerarReporteRecepcionPSV>\r
   </soapenv:Body>\r
</soapenv:Envelope>]]></con:request><con:wsaConfig mustUnderstand="NONE" version="200508" action="http://tempuri.org/IIntegracion/FV_GenerarReporteRecepcionPSV"/></con:call></con:operation><con:operation id="0a4f477a-d951-48c7-b707-5c45a34181a9" isOneWay="false" action="http://tempuri.org/IIntegracion/FV_GenerarReporteValidacionDocumentosRecibidos" name="FV_GenerarReporteValidacionDocumentosRecibidos" bindingOperationName="FV_GenerarReporteValidacionDocumentosRecibidos" type="Request-Response" inputName="" receivesAttachments="false" sendsAttachments="false" anonymous="optional"><con:settings/><con:call id="b5c671ae-eea2-48fe-a804-f49f4a713cea" name="Request 1"><con:settings/><con:encoding>UTF-8</con:encoding><con:endpoint>http://testws.facturaenlinea.co/ServiciosFyM/eBill/Integracion.svc</con:endpoint><con:request><![CDATA[<soapenv:Envelope xmlns:soapenv="http://schemas.xmlsoap.org/soap/envelope/" xmlns:tem="http://tempuri.org/">\r
   <soapenv:Header/>\r
   <soapenv:Body>\r
      <tem:FV_GenerarReporteValidacionDocumentosRecibidos>\r
         <!--Optional:-->\r
         <tem:nitEmpresa>?</tem:nitEmpresa>\r
         <!--Optional:-->\r
         <tem:token>?</tem:token>\r
         <!--Optional:-->\r
         <tem:fechaInicial>?</tem:fechaInicial>\r
         <!--Optional:-->\r
         <tem:fechaFinal>?</tem:fechaFinal>\r
      </tem:FV_GenerarReporteValidacionDocumentosRecibidos>\r
   </soapenv:Body>\r
</soapenv:Envelope>]]></con:request><con:wsaConfig mustUnderstand="NONE" version="200508" action="http://tempuri.org/IIntegracion/FV_GenerarReporteValidacionDocumentosRecibidos"/></con:call></con:operation><con:operation id="3583e682-bb0e-492c-9568-ffbba7c05df3" isOneWay="false" action="http://tempuri.org/IIntegracion/FV_LiberarDocsEmitidosEstadoProcesamiento" name="FV_LiberarDocsEmitidosEstadoProcesamiento" bindingOperationName="FV_LiberarDocsEmitidosEstadoProcesamiento" type="Request-Response" inputName="" receivesAttachments="false" sendsAttachments="false" anonymous="optional"><con:settings/><con:call id="7c692eec-7743-4366-81b8-812a7cc5d0cc" name="Request 1"><con:settings/><con:encoding>UTF-8</con:encoding><con:endpoint>http://testws.facturaenlinea.co/ServiciosFyM/eBill/Integracion.svc</con:endpoint><con:request><![CDATA[<soapenv:Envelope xmlns:soapenv="http://schemas.xmlsoap.org/soap/envelope/" xmlns:tem="http://tempuri.org/" xmlns:arr="http://schemas.microsoft.com/2003/10/Serialization/Arrays">\r
   <soapenv:Header/>\r
   <soapenv:Body>\r
      <tem:FV_LiberarDocsEmitidosEstadoProcesamiento>\r
         <!--Optional:-->\r
         <tem:IdEmpresa>?</tem:IdEmpresa>\r
         <!--Optional:-->\r
         <tem:documentos>\r
            <!--Zero or more repetitions:-->\r
            <arr:int>?</arr:int>\r
         </tem:documentos>\r
         <!--Optional:-->\r
         <tem:Token>?</tem:Token>\r
      </tem:FV_LiberarDocsEmitidosEstadoProcesamiento>\r
   </soapenv:Body>\r
</soapenv:Envelope>]]></con:request><con:wsaConfig mustUnderstand="NONE" version="200508" action="http://tempuri.org/IIntegracion/FV_LiberarDocsEmitidosEstadoProcesamiento"/></con:call></con:operation><con:operation id="b1c6b8fd-3b02-4816-b3f7-3f19541e6cb4" isOneWay="false" action="http://tempuri.org/IIntegracion/FV_LiberarDocumentosEstadoProcesamiento" name="FV_LiberarDocumentosEstadoProcesamiento" bindingOperationName="FV_LiberarDocumentosEstadoProcesamiento" type="Request-Response" inputName="" receivesAttachments="false" sendsAttachments="false" anonymous="optional"><con:settings/><con:call id="bfbf5315-fd07-400c-8717-d79f73659504" name="Request 1"><con:settings/><con:encoding>UTF-8</con:encoding><con:endpoint>http://testws.facturaenlinea.co/ServiciosFyM/eBill/Integracion.svc</con:endpoint><con:request><![CDATA[<soapenv:Envelope xmlns:soapenv="http://schemas.xmlsoap.org/soap/envelope/" xmlns:tem="http://tempuri.org/" xmlns:arr="http://schemas.microsoft.com/2003/10/Serialization/Arrays">\r
   <soapenv:Header/>\r
   <soapenv:Body>\r
      <tem:FV_LiberarDocumentosEstadoProcesamiento>\r
         <!--Optional:-->\r
         <tem:IdEmpresa>?</tem:IdEmpresa>\r
         <!--Optional:-->\r
         <tem:documentos>\r
            <!--Zero or more repetitions:-->\r
            <arr:int>?</arr:int>\r
         </tem:documentos>\r
         <!--Optional:-->\r
         <tem:Token>?</tem:Token>\r
      </tem:FV_LiberarDocumentosEstadoProcesamiento>\r
   </soapenv:Body>\r
</soapenv:Envelope>]]></con:request><con:wsaConfig mustUnderstand="NONE" version="200508" action="http://tempuri.org/IIntegracion/FV_LiberarDocumentosEstadoProcesamiento"/></con:call></con:operation><con:operation id="64b10dfc-cfce-451c-ad0a-fa52e5a37c4b" isOneWay="false" action="http://tempuri.org/IIntegracion/FV_LiberarPaquetesEstadoProcesamiento" name="FV_LiberarPaquetesEstadoProcesamiento" bindingOperationName="FV_LiberarPaquetesEstadoProcesamiento" type="Request-Response" inputName="" receivesAttachments="false" sendsAttachments="false" anonymous="optional"><con:settings/><con:call id="3a403890-0c02-49c5-8e08-d1898936d2b9" name="Request 1"><con:settings/><con:encoding>UTF-8</con:encoding><con:endpoint>http://testws.facturaenlinea.co/ServiciosFyM/eBill/Integracion.svc</con:endpoint><con:request><![CDATA[<soapenv:Envelope xmlns:soapenv="http://schemas.xmlsoap.org/soap/envelope/" xmlns:tem="http://tempuri.org/" xmlns:arr="http://schemas.microsoft.com/2003/10/Serialization/Arrays">\r
   <soapenv:Header/>\r
   <soapenv:Body>\r
      <tem:FV_LiberarPaquetesEstadoProcesamiento>\r
         <!--Optional:-->\r
         <tem:IdEmpresa>?</tem:IdEmpresa>\r
         <!--Optional:-->\r
         <tem:paquetes>\r
            <!--Zero or more repetitions:-->\r
            <arr:int>?</arr:int>\r
         </tem:paquetes>\r
         <!--Optional:-->\r
         <tem:Token>?</tem:Token>\r
      </tem:FV_LiberarPaquetesEstadoProcesamiento>\r
   </soapenv:Body>\r
</soapenv:Envelope>]]></con:request><con:wsaConfig mustUnderstand="NONE" version="200508" action="http://tempuri.org/IIntegracion/FV_LiberarPaquetesEstadoProcesamiento"/></con:call></con:operation><con:operation id="ca40bf3a-c9d4-4ab6-937a-cc37db3d30cc" isOneWay="false" action="http://tempuri.org/IIntegracion/FV_NotificarDocumentoCliente" name="FV_NotificarDocumentoCliente" bindingOperationName="FV_NotificarDocumentoCliente" type="Request-Response" inputName="" receivesAttachments="false" sendsAttachments="false" anonymous="optional"><con:settings/><con:call id="9c413c07-3259-4b4e-965f-5be08c6c644e" name="Request 1"><con:settings/><con:encoding>UTF-8</con:encoding><con:endpoint>http://testws.facturaenlinea.co/ServiciosFyM/eBill/Integracion.svc</con:endpoint><con:request><![CDATA[<soapenv:Envelope xmlns:soapenv="http://schemas.xmlsoap.org/soap/envelope/" xmlns:tem="http://tempuri.org/">\r
   <soapenv:Header/>\r
   <soapenv:Body>\r
      <tem:FV_NotificarDocumentoCliente>\r
         <!--Optional:-->\r
         <tem:IdDocumento>?</tem:IdDocumento>\r
         <!--Optional:-->\r
         <tem:IdEmpresa>?</tem:IdEmpresa>\r
         <!--Optional:-->\r
         <tem:CorreosAdic>?</tem:CorreosAdic>\r
         <!--Optional:-->\r
         <tem:Token>?</tem:Token>\r
         <!--Optional:-->\r
         <tem:ModeloFVP>?</tem:ModeloFVP>\r
      </tem:FV_NotificarDocumentoCliente>\r
   </soapenv:Body>\r
</soapenv:Envelope>]]></con:request><con:wsaConfig mustUnderstand="NONE" version="200508" action="http://tempuri.org/IIntegracion/FV_NotificarDocumentoCliente"/></con:call></con:operation><con:operation id="1de3b0f8-2b3d-4cba-892e-ae68e59a8887" isOneWay="false" action="http://tempuri.org/IIntegracion/FV_NotificarFacturasExitosas_Seven" name="FV_NotificarFacturasExitosas_Seven" bindingOperationName="FV_NotificarFacturasExitosas_Seven" type="Request-Response" inputName="" receivesAttachments="false" sendsAttachments="false" anonymous="optional"><con:settings/><con:call id="545c4bcc-9649-4678-95f9-673050e582e4" name="Request 1"><con:settings/><con:encoding>UTF-8</con:encoding><con:endpoint>http://testws.facturaenlinea.co/ServiciosFyM/eBill/Integracion.svc</con:endpoint><con:request><![CDATA[<soapenv:Envelope xmlns:soapenv="http://schemas.xmlsoap.org/soap/envelope/" xmlns:tem="http://tempuri.org/">\r
   <soapenv:Header/>\r
   <soapenv:Body>\r
      <tem:FV_NotificarFacturasExitosas_Seven>\r
         <!--Optional:-->\r
         <tem:token>?</tem:token>\r
         <!--Optional:-->\r
         <tem:Prefijo>?</tem:Prefijo>\r
         <!--Optional:-->\r
         <tem:NumeroCFD>?</tem:NumeroCFD>\r
         <!--Optional:-->\r
         <tem:TipoComprobante>?</tem:TipoComprobante>\r
         <!--Optional:-->\r
         <tem:idEmpresa>?</tem:idEmpresa>\r
         <!--Optional:-->\r
         <tem:respuesta_eBill>?</tem:respuesta_eBill>\r
         <!--Optional:-->\r
         <tem:credenciales>?</tem:credenciales>\r
      </tem:FV_NotificarFacturasExitosas_Seven>\r
   </soapenv:Body>\r
</soapenv:Envelope>]]></con:request><con:wsaConfig mustUnderstand="NONE" version="200508" action="http://tempuri.org/IIntegracion/FV_NotificarFacturasExitosas_Seven"/></con:call></con:operation><con:operation id="9f537ce7-affa-4225-81aa-236dcdb6f536" isOneWay="false" action="http://tempuri.org/IIntegracion/FV_ProcesarRespuestaEnvioAsincrono" name="FV_ProcesarRespuestaEnvioAsincrono" bindingOperationName="FV_ProcesarRespuestaEnvioAsincrono" type="Request-Response" inputName="" receivesAttachments="false" sendsAttachments="false" anonymous="optional"><con:settings/><con:call id="1a66b0db-e43f-4a38-83d7-9e4d08965cfb" name="Request 1"><con:settings/><con:encoding>UTF-8</con:encoding><con:endpoint>http://testws.facturaenlinea.co/ServiciosFyM/eBill/Integracion.svc</con:endpoint><con:request><![CDATA[<soapenv:Envelope xmlns:soapenv="http://schemas.xmlsoap.org/soap/envelope/" xmlns:tem="http://tempuri.org/" xmlns:upl="http://schemas.datacontract.org/2004/07/UploadDocumentResponse" xmlns:xp="http://schemas.datacontract.org/2004/07/XmlParamsResponseTrackId">\r
   <soapenv:Header/>\r
   <soapenv:Body>\r
      <tem:FV_ProcesarRespuestaEnvioAsincrono>\r
         <!--Optional:-->\r
         <tem:IdEmpresa>?</tem:IdEmpresa>\r
         <!--Optional:-->\r
         <tem:IdDocumento>?</tem:IdDocumento>\r
         <!--Optional:-->\r
         <tem:respuesta>\r
            <!--Optional:-->\r
            <upl:ErrorMessageList>\r
               <!--Zero or more repetitions:-->\r
               <xp:XmlParamsResponseTrackId>\r
                  <!--Optional:-->\r
                  <xp:DocumentKey>?</xp:DocumentKey>\r
                  <!--Optional:-->\r
                  <xp:ProcessedMessage>?</xp:ProcessedMessage>\r
                  <!--Optional:-->\r
                  <xp:SenderCode>?</xp:SenderCode>\r
                  <!--Optional:-->\r
                  <xp:Success>?</xp:Success>\r
                  <!--Optional:-->\r
                  <xp:XmlFileName>?</xp:XmlFileName>\r
               </xp:XmlParamsResponseTrackId>\r
            </upl:ErrorMessageList>\r
            <!--Optional:-->\r
            <upl:ZipKey>?</upl:ZipKey>\r
         </tem:respuesta>\r
         <!--Optional:-->\r
         <tem:Nombre_ArchivoZip>?</tem:Nombre_ArchivoZip>\r
         <!--Optional:-->\r
         <tem:Nombre_ArchivoXml>?</tem:Nombre_ArchivoXml>\r
         <!--Optional:-->\r
         <tem:ArchivoZip>cid:819524412504</tem:ArchivoZip>\r
         <!--Optional:-->\r
         <tem:xml>cid:524711966878</tem:xml>\r
         <!--Optional:-->\r
         <tem:Token>?</tem:Token>\r
         <!--Optional:-->\r
         <tem:EndPointDian>?</tem:EndPointDian>\r
         <!--Optional:-->\r
         <tem:ReemplazoDocXReglasInv>?</tem:ReemplazoDocXReglasInv>\r
      </tem:FV_ProcesarRespuestaEnvioAsincrono>\r
   </soapenv:Body>\r
</soapenv:Envelope>]]></con:request><con:wsaConfig mustUnderstand="NONE" version="200508" action="http://tempuri.org/IIntegracion/FV_ProcesarRespuestaEnvioAsincrono"/></con:call></con:operation><con:operation id="25f7f0d8-bb4b-4197-a2a5-458fa364fcb3" isOneWay="false" action="http://tempuri.org/IIntegracion/FV_ProcesarRespuestaEnvioSincrono" name="FV_ProcesarRespuestaEnvioSincrono" bindingOperationName="FV_ProcesarRespuestaEnvioSincrono" type="Request-Response" inputName="" receivesAttachments="false" sendsAttachments="false" anonymous="optional"><con:settings/><con:call id="9729cad0-d099-4d53-9b81-de5df897725e" name="Request 1"><con:settings/><con:encoding>UTF-8</con:encoding><con:endpoint>http://testws.facturaenlinea.co/ServiciosFyM/eBill/Integracion.svc</con:endpoint><con:request><![CDATA[<soapenv:Envelope xmlns:soapenv="http://schemas.xmlsoap.org/soap/envelope/" xmlns:tem="http://tempuri.org/" xmlns:dian="http://schemas.datacontract.org/2004/07/DianResponse" xmlns:arr="http://schemas.microsoft.com/2003/10/Serialization/Arrays">\r
   <soapenv:Header/>\r
   <soapenv:Body>\r
      <tem:FV_ProcesarRespuestaEnvioSincrono>\r
         <!--Optional:-->\r
         <tem:IdEmpresa>?</tem:IdEmpresa>\r
         <!--Optional:-->\r
         <tem:IdDocumento>?</tem:IdDocumento>\r
         <!--Optional:-->\r
         <tem:respuesta>\r
            <!--Optional:-->\r
            <dian:ErrorMessage>\r
               <!--Zero or more repetitions:-->\r
               <arr:string>?</arr:string>\r
            </dian:ErrorMessage>\r
            <!--Optional:-->\r
            <dian:IsValid>?</dian:IsValid>\r
            <!--Optional:-->\r
            <dian:StatusCode>?</dian:StatusCode>\r
            <!--Optional:-->\r
            <dian:StatusDescription>?</dian:StatusDescription>\r
            <!--Optional:-->\r
            <dian:StatusMessage>?</dian:StatusMessage>\r
            <!--Optional:-->\r
            <dian:XmlBase64Bytes>cid:998391951497</dian:XmlBase64Bytes>\r
            <!--Optional:-->\r
            <dian:XmlBytes>cid:294865928766</dian:XmlBytes>\r
            <!--Optional:-->\r
            <dian:XmlDocumentKey>?</dian:XmlDocumentKey>\r
            <!--Optional:-->\r
            <dian:XmlFileName>?</dian:XmlFileName>\r
         </tem:respuesta>\r
         <!--Optional:-->\r
         <tem:Nombre_ArchivoZip>?</tem:Nombre_ArchivoZip>\r
         <!--Optional:-->\r
         <tem:ArchivoZip>cid:510752804783</tem:ArchivoZip>\r
         <!--Optional:-->\r
         <tem:xml>cid:671730704297</tem:xml>\r
         <!--Optional:-->\r
         <tem:Token>?</tem:Token>\r
         <!--Optional:-->\r
         <tem:EndPointDian>?</tem:EndPointDian>\r
         <!--Optional:-->\r
         <tem:ReemplazoDocXReglasInv>?</tem:ReemplazoDocXReglasInv>\r
      </tem:FV_ProcesarRespuestaEnvioSincrono>\r
   </soapenv:Body>\r
</soapenv:Envelope>]]></con:request><con:wsaConfig mustUnderstand="NONE" version="200508" action="http://tempuri.org/IIntegracion/FV_ProcesarRespuestaEnvioSincrono"/></con:call></con:operation><con:operation id="08f7341c-0451-44fe-ab5e-e6094f18e40b" isOneWay="false" action="http://tempuri.org/IIntegracion/FV_RegistrarHeartBeatContingencia" name="FV_RegistrarHeartBeatContingencia" bindingOperationName="FV_RegistrarHeartBeatContingencia" type="Request-Response" inputName="" receivesAttachments="false" sendsAttachments="false" anonymous="optional"><con:settings/><con:call id="85a1866e-233b-4eaa-a020-fcb38b1574de" name="Request 1"><con:settings/><con:encoding>UTF-8</con:encoding><con:endpoint>http://testws.facturaenlinea.co/ServiciosFyM/eBill/Integracion.svc</con:endpoint><con:request><![CDATA[<soapenv:Envelope xmlns:soapenv="http://schemas.xmlsoap.org/soap/envelope/" xmlns:tem="http://tempuri.org/">\r
   <soapenv:Header/>\r
   <soapenv:Body>\r
      <tem:FV_RegistrarHeartBeatContingencia>\r
         <!--Optional:-->\r
         <tem:Token>?</tem:Token>\r
         <!--Optional:-->\r
         <tem:CodigoStatus>?</tem:CodigoStatus>\r
         <!--Optional:-->\r
         <tem:IdIncidenteContingencia>?</tem:IdIncidenteContingencia>\r
      </tem:FV_RegistrarHeartBeatContingencia>\r
   </soapenv:Body>\r
</soapenv:Envelope>]]></con:request><con:wsaConfig mustUnderstand="NONE" version="200508" action="http://tempuri.org/IIntegracion/FV_RegistrarHeartBeatContingencia"/></con:call></con:operation><con:operation id="08644da8-f31e-424b-a429-6dffebae9164" isOneWay="false" action="http://tempuri.org/IIntegracion/FV_RegistrarIncidenteContingencia" name="FV_RegistrarIncidenteContingencia" bindingOperationName="FV_RegistrarIncidenteContingencia" type="Request-Response" inputName="" receivesAttachments="false" sendsAttachments="false" anonymous="optional"><con:settings/><con:call id="0cd7cbbd-0235-43a1-a394-404ec7725adc" name="Request 1"><con:settings/><con:encoding>UTF-8</con:encoding><con:endpoint>http://testws.facturaenlinea.co/ServiciosFyM/eBill/Integracion.svc</con:endpoint><con:request><![CDATA[<soapenv:Envelope xmlns:soapenv="http://schemas.xmlsoap.org/soap/envelope/" xmlns:tem="http://tempuri.org/" xmlns:ebil="http://schemas.datacontract.org/2004/07/eBillCore">\r
   <soapenv:Header/>\r
   <soapenv:Body>\r
      <tem:FV_RegistrarIncidenteContingencia>\r
         <!--Optional:-->\r
         <tem:Token>?</tem:Token>\r
         <!--Optional:-->\r
         <tem:_FV_IncidenteContingenciaDian>\r
            <!--Optional:-->\r
            <ebil:Fecha>?</ebil:Fecha>\r
            <!--Optional:-->\r
            <ebil:IdDocumento>?</ebil:IdDocumento>\r
            <!--Optional:-->\r
            <ebil:IdEmpresa>?</ebil:IdEmpresa>\r
            <!--Optional:-->\r
            <ebil:IdIncidenteContingenciaDian>?</ebil:IdIncidenteContingenciaDian>\r
            <!--Optional:-->\r
            <ebil:NombreSonda>?</ebil:NombreSonda>\r
            <!--Optional:-->\r
            <ebil:TipoIncidenteContingencia>?</ebil:TipoIncidenteContingencia>\r
         </tem:_FV_IncidenteContingenciaDian>\r
      </tem:FV_RegistrarIncidenteContingencia>\r
   </soapenv:Body>\r
</soapenv:Envelope>]]></con:request><con:wsaConfig mustUnderstand="NONE" version="200508" action="http://tempuri.org/IIntegracion/FV_RegistrarIncidenteContingencia"/></con:call></con:operation><con:operation id="73c973ff-2757-4904-8c85-5df0c6f5b88e" isOneWay="false" action="http://tempuri.org/IIntegracion/FV_RegistroEstadoDocEmitido" name="FV_RegistroEstadoDocEmitido" bindingOperationName="FV_RegistroEstadoDocEmitido" type="Request-Response" inputName="" receivesAttachments="false" sendsAttachments="false" anonymous="optional"><con:settings/><con:call id="d8c2866d-9eca-4725-b938-e84181cca4a5" name="Request 1"><con:settings/><con:encoding>UTF-8</con:encoding><con:endpoint>http://testws.facturaenlinea.co/ServiciosFyM/eBill/Integracion.svc</con:endpoint><con:request><![CDATA[<soapenv:Envelope xmlns:soapenv="http://schemas.xmlsoap.org/soap/envelope/" xmlns:tem="http://tempuri.org/" xmlns:dian="http://schemas.datacontract.org/2004/07/DianResponse" xmlns:arr="http://schemas.microsoft.com/2003/10/Serialization/Arrays">\r
   <soapenv:Header/>\r
   <soapenv:Body>\r
      <tem:FV_RegistroEstadoDocEmitido>\r
         <!--Optional:-->\r
         <tem:IdEmpresa>?</tem:IdEmpresa>\r
         <!--Optional:-->\r
         <tem:IdDocumento>?</tem:IdDocumento>\r
         <!--Optional:-->\r
         <tem:respuesta>\r
            <!--Optional:-->\r
            <dian:ErrorMessage>\r
               <!--Zero or more repetitions:-->\r
               <arr:string>?</arr:string>\r
            </dian:ErrorMessage>\r
            <!--Optional:-->\r
            <dian:IsValid>?</dian:IsValid>\r
            <!--Optional:-->\r
            <dian:StatusCode>?</dian:StatusCode>\r
            <!--Optional:-->\r
            <dian:StatusDescription>?</dian:StatusDescription>\r
            <!--Optional:-->\r
            <dian:StatusMessage>?</dian:StatusMessage>\r
            <!--Optional:-->\r
            <dian:XmlBase64Bytes>cid:1541760246817</dian:XmlBase64Bytes>\r
            <!--Optional:-->\r
            <dian:XmlBytes>cid:602720272167</dian:XmlBytes>\r
            <!--Optional:-->\r
            <dian:XmlDocumentKey>?</dian:XmlDocumentKey>\r
            <!--Optional:-->\r
            <dian:XmlFileName>?</dian:XmlFileName>\r
         </tem:respuesta>\r
         <!--Optional:-->\r
         <tem:IdRegistroSolicitudDetalle>?</tem:IdRegistroSolicitudDetalle>\r
         <!--Optional:-->\r
         <tem:Token>?</tem:Token>\r
      </tem:FV_RegistroEstadoDocEmitido>\r
   </soapenv:Body>\r
</soapenv:Envelope>]]></con:request><con:wsaConfig mustUnderstand="NONE" version="200508" action="http://tempuri.org/IIntegracion/FV_RegistroEstadoDocEmitido"/></con:call></con:operation><con:operation id="2e9acf3b-17e1-4b42-8eab-11449acb00ff" isOneWay="false" action="http://tempuri.org/IIntegracion/FV_RegistroEstadoPaqueteEmitido" name="FV_RegistroEstadoPaqueteEmitido" bindingOperationName="FV_RegistroEstadoPaqueteEmitido" type="Request-Response" inputName="" receivesAttachments="false" sendsAttachments="false" anonymous="optional"><con:settings/><con:call id="4c5cb7ad-b294-4dae-8a91-f72b334e3c79" name="Request 1"><con:settings/><con:encoding>UTF-8</con:encoding><con:endpoint>http://testws.facturaenlinea.co/ServiciosFyM/eBill/Integracion.svc</con:endpoint><con:request><![CDATA[<soapenv:Envelope xmlns:soapenv="http://schemas.xmlsoap.org/soap/envelope/" xmlns:tem="http://tempuri.org/" xmlns:ebil="http://schemas.datacontract.org/2004/07/eBillCore" xmlns:dian="http://schemas.datacontract.org/2004/07/DianResponse" xmlns:arr="http://schemas.microsoft.com/2003/10/Serialization/Arrays">\r
   <soapenv:Header/>\r
   <soapenv:Body>\r
      <tem:FV_RegistroEstadoPaqueteEmitido>\r
         <!--Optional:-->\r
         <tem:Registro>\r
            <!--Optional:-->\r
            <ebil:ArchivoZip>cid:497455777629</ebil:ArchivoZip>\r
            <!--Optional:-->\r
            <ebil:EsValido>?</ebil:EsValido>\r
            <!--Optional:-->\r
            <ebil:FechaRegistro>?</ebil:FechaRegistro>\r
            <!--Optional:-->\r
            <ebil:ID_Empresa>?</ebil:ID_Empresa>\r
            <!--Optional:-->\r
            <ebil:NombreArchivoZip>?</ebil:NombreArchivoZip>\r
            <!--Optional:-->\r
            <ebil:RSE_EndPointEnviadoDian>?</ebil:RSE_EndPointEnviadoDian>\r
            <!--Optional:-->\r
            <ebil:RSE_idSolicitudEmision>?</ebil:RSE_idSolicitudEmision>\r
            <!--Optional:-->\r
            <ebil:TipoSolicitudEmision>?</ebil:TipoSolicitudEmision>\r
            <!--Optional:-->\r
            <ebil:TrackId>?</ebil:TrackId>\r
            <!--Optional:-->\r
            <ebil:XmlRespuestaDian>?</ebil:XmlRespuestaDian>\r
         </tem:Registro>\r
         <!--Optional:-->\r
         <tem:Documentos>\r
            <!--Zero or more repetitions:-->\r
            <dian:DianResponse>\r
               <!--Optional:-->\r
               <dian:ErrorMessage>\r
                  <!--Zero or more repetitions:-->\r
                  <arr:string>?</arr:string>\r
               </dian:ErrorMessage>\r
               <!--Optional:-->\r
               <dian:IsValid>?</dian:IsValid>\r
               <!--Optional:-->\r
               <dian:StatusCode>?</dian:StatusCode>\r
               <!--Optional:-->\r
               <dian:StatusDescription>?</dian:StatusDescription>\r
               <!--Optional:-->\r
               <dian:StatusMessage>?</dian:StatusMessage>\r
               <!--Optional:-->\r
               <dian:XmlBase64Bytes>cid:126975726737</dian:XmlBase64Bytes>\r
               <!--Optional:-->\r
               <dian:XmlBytes>cid:663878159827</dian:XmlBytes>\r
               <!--Optional:-->\r
               <dian:XmlDocumentKey>?</dian:XmlDocumentKey>\r
               <!--Optional:-->\r
               <dian:XmlFileName>?</dian:XmlFileName>\r
            </dian:DianResponse>\r
         </tem:Documentos>\r
         <!--Optional:-->\r
         <tem:Token>?</tem:Token>\r
      </tem:FV_RegistroEstadoPaqueteEmitido>\r
   </soapenv:Body>\r
</soapenv:Envelope>]]></con:request><con:wsaConfig mustUnderstand="NONE" version="200508" action="http://tempuri.org/IIntegracion/FV_RegistroEstadoPaqueteEmitido"/></con:call></con:operation><con:operation id="87a669a9-3e71-4a4d-9823-1739035a1eaa" isOneWay="false" action="http://tempuri.org/IIntegracion/FV_RegistroPaqueteEmitido" name="FV_RegistroPaqueteEmitido" bindingOperationName="FV_RegistroPaqueteEmitido" type="Request-Response" inputName="" receivesAttachments="false" sendsAttachments="false" anonymous="optional"><con:settings/><con:call id="ff8ee474-8271-47de-9857-35dddf68c26f" name="Request 1"><con:settings/><con:encoding>UTF-8</con:encoding><con:endpoint>http://testws.facturaenlinea.co/ServiciosFyM/eBill/Integracion.svc</con:endpoint><con:request><![CDATA[<soapenv:Envelope xmlns:soapenv="http://schemas.xmlsoap.org/soap/envelope/" xmlns:tem="http://tempuri.org/" xmlns:ebil="http://schemas.datacontract.org/2004/07/eBillCore">\r
   <soapenv:Header/>\r
   <soapenv:Body>\r
      <tem:FV_RegistroPaqueteEmitido>\r
         <!--Optional:-->\r
         <tem:registro>\r
            <!--Optional:-->\r
            <ebil:ArchivoZip>cid:315910156301</ebil:ArchivoZip>\r
            <!--Optional:-->\r
            <ebil:EsValido>?</ebil:EsValido>\r
            <!--Optional:-->\r
            <ebil:FechaRegistro>?</ebil:FechaRegistro>\r
            <!--Optional:-->\r
            <ebil:ID_Empresa>?</ebil:ID_Empresa>\r
            <!--Optional:-->\r
            <ebil:NombreArchivoZip>?</ebil:NombreArchivoZip>\r
            <!--Optional:-->\r
            <ebil:RSE_EndPointEnviadoDian>?</ebil:RSE_EndPointEnviadoDian>\r
            <!--Optional:-->\r
            <ebil:RSE_idSolicitudEmision>?</ebil:RSE_idSolicitudEmision>\r
            <!--Optional:-->\r
            <ebil:TipoSolicitudEmision>?</ebil:TipoSolicitudEmision>\r
            <!--Optional:-->\r
            <ebil:TrackId>?</ebil:TrackId>\r
            <!--Optional:-->\r
            <ebil:XmlRespuestaDian>?</ebil:XmlRespuestaDian>\r
         </tem:registro>\r
         <!--Optional:-->\r
         <tem:Documentos>\r
            <!--Zero or more repetitions:-->\r
            <ebil:FV_Documentos>\r
               <!--Optional:-->\r
               <ebil:CodigoEstado>?</ebil:CodigoEstado>\r
               <!--Optional:-->\r
               <ebil:EsValido>?</ebil:EsValido>\r
               <!--Optional:-->\r
               <ebil:EstadoRespuestaDian>?</ebil:EstadoRespuestaDian>\r
               <!--Optional:-->\r
               <ebil:IdDocumento>?</ebil:IdDocumento>\r
               <!--Optional:-->\r
               <ebil:MensajeError>?</ebil:MensajeError>\r
               <!--Optional:-->\r
               <ebil:NombreDocumento>?</ebil:NombreDocumento>\r
               <!--Optional:-->\r
               <ebil:TrackId>?</ebil:TrackId>\r
               <!--Optional:-->\r
               <ebil:Xml>cid:196907419920</ebil:Xml>\r
               <!--Optional:-->\r
               <ebil:XmlResponse>?</ebil:XmlResponse>\r
            </ebil:FV_Documentos>\r
         </tem:Documentos>\r
         <!--Optional:-->\r
         <tem:Token>?</tem:Token>\r
      </tem:FV_RegistroPaqueteEmitido>\r
   </soapenv:Body>\r
</soapenv:Envelope>]]></con:request><con:wsaConfig mustUnderstand="NONE" version="200508" action="http://tempuri.org/IIntegracion/FV_RegistroPaqueteEmitido"/></con:call></con:operation><con:operation id="7691faf9-d5bf-45f9-ab30-0dd4b2fa43f0" isOneWay="false" action="http://tempuri.org/IIntegracion/FV_RegistroRespuestaDocEmitido" name="FV_RegistroRespuestaDocEmitido" bindingOperationName="FV_RegistroRespuestaDocEmitido" type="Request-Response" inputName="" receivesAttachments="false" sendsAttachments="false" anonymous="optional"><con:settings/><con:call id="6e691666-ba4a-413f-bb79-c7d3f0c63a81" name="Request 1"><con:settings/><con:encoding>UTF-8</con:encoding><con:endpoint>http://testws.facturaenlinea.co/ServiciosFyM/eBill/Integracion.svc</con:endpoint><con:request><![CDATA[<soapenv:Envelope xmlns:soapenv="http://schemas.xmlsoap.org/soap/envelope/" xmlns:tem="http://tempuri.org/">\r
   <soapenv:Header/>\r
   <soapenv:Body>\r
      <tem:FV_RegistroRespuestaDocEmitido>\r
         <!--Optional:-->\r
         <tem:IdDocumento>?</tem:IdDocumento>\r
         <!--Optional:-->\r
         <tem:IdEmpresa>?</tem:IdEmpresa>\r
         <!--Optional:-->\r
         <tem:EsValido>?</tem:EsValido>\r
         <!--Optional:-->\r
         <tem:XmlRespuesta>?</tem:XmlRespuesta>\r
         <!--Optional:-->\r
         <tem:RespuestaCliente>?</tem:RespuestaCliente>\r
         <!--Optional:-->\r
         <tem:FechaTrans>?</tem:FechaTrans>\r
         <!--Optional:-->\r
         <tem:token>?</tem:token>\r
      </tem:FV_RegistroRespuestaDocEmitido>\r
   </soapenv:Body>\r
</soapenv:Envelope>]]></con:request><con:wsaConfig mustUnderstand="NONE" version="200508" action="http://tempuri.org/IIntegracion/FV_RegistroRespuestaDocEmitido"/></con:call></con:operation><con:operation id="12700045-4bb6-40eb-bfbf-33269f8a9c51" isOneWay="false" action="http://tempuri.org/IIntegracion/FV_SolicitaeBillPDF" name="FV_SolicitaeBillPDF" bindingOperationName="FV_SolicitaeBillPDF" type="Request-Response" inputName="" receivesAttachments="false" sendsAttachments="false" anonymous="optional"><con:settings/><con:call id="3fbe50b5-b26b-4cbb-828b-0ec1ca4cec63" name="Request 1"><con:settings/><con:encoding>UTF-8</con:encoding><con:endpoint>http://testws.facturaenlinea.co/ServiciosFyM/eBill/Integracion.svc</con:endpoint><con:request><![CDATA[<soapenv:Envelope xmlns:soapenv="http://schemas.xmlsoap.org/soap/envelope/" xmlns:tem="http://tempuri.org/">\r
   <soapenv:Header/>\r
   <soapenv:Body>\r
      <tem:FV_SolicitaeBillPDF>\r
         <!--Optional:-->\r
         <tem:IdDocumento>?</tem:IdDocumento>\r
         <!--Optional:-->\r
         <tem:IdEmpresa>?</tem:IdEmpresa>\r
         <!--Optional:-->\r
         <tem:Token>?</tem:Token>\r
         <!--Optional:-->\r
         <tem:SoloCrearDoc>?</tem:SoloCrearDoc>\r
      </tem:FV_SolicitaeBillPDF>\r
   </soapenv:Body>\r
</soapenv:Envelope>]]></con:request><con:wsaConfig mustUnderstand="NONE" version="200508" action="http://tempuri.org/IIntegracion/FV_SolicitaeBillPDF"/></con:call></con:operation><con:operation id="29384193-1a35-4799-996f-1a4553c05ab6" isOneWay="false" action="http://tempuri.org/IIntegracion/FV_TraerDatosEmpesasEmisorasConDFEPendientesDeEnvio" name="FV_TraerDatosEmpesasEmisorasConDFEPendientesDeEnvio" bindingOperationName="FV_TraerDatosEmpesasEmisorasConDFEPendientesDeEnvio" type="Request-Response" inputName="" receivesAttachments="false" sendsAttachments="false" anonymous="optional"><con:settings/><con:call id="533c4e99-e038-4ee1-ac33-e31439c60993" name="Request 1"><con:settings/><con:encoding>UTF-8</con:encoding><con:endpoint>http://testws.facturaenlinea.co/ServiciosFyM/eBill/Integracion.svc</con:endpoint><con:request><![CDATA[<soapenv:Envelope xmlns:soapenv="http://schemas.xmlsoap.org/soap/envelope/" xmlns:tem="http://tempuri.org/">\r
   <soapenv:Header/>\r
   <soapenv:Body>\r
      <tem:FV_TraerDatosEmpesasEmisorasConDFEPendientesDeEnvio>\r
         <!--Optional:-->\r
         <tem:Ambiente>?</tem:Ambiente>\r
         <!--Optional:-->\r
         <tem:NitEmpresa>?</tem:NitEmpresa>\r
         <!--Optional:-->\r
         <tem:VersionSonda>?</tem:VersionSonda>\r
         <!--Optional:-->\r
         <tem:Token>?</tem:Token>\r
      </tem:FV_TraerDatosEmpesasEmisorasConDFEPendientesDeEnvio>\r
   </soapenv:Body>\r
</soapenv:Envelope>]]></con:request><con:wsaConfig mustUnderstand="NONE" version="200508" action="http://tempuri.org/IIntegracion/FV_TraerDatosEmpesasEmisorasConDFEPendientesDeEnvio"/></con:call></con:operation><con:operation id="95b5cacb-5f2a-4d24-b08b-ae0520eb03b2" isOneWay="false" action="http://tempuri.org/IIntegracion/FV_TraerDatosEmpresasNotificar" name="FV_TraerDatosEmpresasNotificar" bindingOperationName="FV_TraerDatosEmpresasNotificar" type="Request-Response" inputName="" receivesAttachments="false" sendsAttachments="false" anonymous="optional"><con:settings/><con:call id="aab7a95a-6eb0-4615-a963-e816b3860e73" name="Request 1"><con:settings/><con:encoding>UTF-8</con:encoding><con:endpoint>http://testws.facturaenlinea.co/ServiciosFyM/eBill/Integracion.svc</con:endpoint><con:request><![CDATA[<soapenv:Envelope xmlns:soapenv="http://schemas.xmlsoap.org/soap/envelope/" xmlns:tem="http://tempuri.org/">\r
   <soapenv:Header/>\r
   <soapenv:Body>\r
      <tem:FV_TraerDatosEmpresasNotificar>\r
         <!--Optional:-->\r
         <tem:NitEmpresa>?</tem:NitEmpresa>\r
         <!--Optional:-->\r
         <tem:VersionSonda>?</tem:VersionSonda>\r
         <!--Optional:-->\r
         <tem:Token>?</tem:Token>\r
      </tem:FV_TraerDatosEmpresasNotificar>\r
   </soapenv:Body>\r
</soapenv:Envelope>]]></con:request><con:wsaConfig mustUnderstand="NONE" version="200508" action="http://tempuri.org/IIntegracion/FV_TraerDatosEmpresasNotificar"/></con:call></con:operation><con:operation id="75c0785d-d0f9-4e6a-8a0f-aedd90131f72" isOneWay="false" action="http://tempuri.org/IIntegracion/FV_TraerDocumentosEmitidosPendientesDeStatusDian" name="FV_TraerDocumentosEmitidosPendientesDeStatusDian" bindingOperationName="FV_TraerDocumentosEmitidosPendientesDeStatusDian" type="Request-Response" inputName="" receivesAttachments="false" sendsAttachments="false" anonymous="optional"><con:settings/><con:call id="8f909f5c-fc54-4652-8afb-e323991e8f87" name="Request 1"><con:settings/><con:encoding>UTF-8</con:encoding><con:endpoint>http://testws.facturaenlinea.co/ServiciosFyM/eBill/Integracion.svc</con:endpoint><con:request><![CDATA[<soapenv:Envelope xmlns:soapenv="http://schemas.xmlsoap.org/soap/envelope/" xmlns:tem="http://tempuri.org/">\r
   <soapenv:Header/>\r
   <soapenv:Body>\r
      <tem:FV_TraerDocumentosEmitidosPendientesDeStatusDian>\r
         <!--Optional:-->\r
         <tem:IdEmpresa>?</tem:IdEmpresa>\r
         <!--Optional:-->\r
         <tem:Fecha>?</tem:Fecha>\r
         <!--Optional:-->\r
         <tem:NumReg>?</tem:NumReg>\r
         <!--Optional:-->\r
         <tem:Token>?</tem:Token>\r
         <!--Optional:-->\r
         <tem:Resagos>?</tem:Resagos>\r
         <!--Optional:-->\r
         <tem:EndPointDian>?</tem:EndPointDian>\r
      </tem:FV_TraerDocumentosEmitidosPendientesDeStatusDian>\r
   </soapenv:Body>\r
</soapenv:Envelope>]]></con:request><con:wsaConfig mustUnderstand="NONE" version="200508" action="http://tempuri.org/IIntegracion/FV_TraerDocumentosEmitidosPendientesDeStatusDian"/></con:call></con:operation><con:operation id="ef4eba6a-619e-4304-8f6e-350966f80a76" isOneWay="false" action="http://tempuri.org/IIntegracion/FV_TraerDocumentosPendientesDeEnvioxEmpresaxFecha" name="FV_TraerDocumentosPendientesDeEnvioxEmpresaxFecha" bindingOperationName="FV_TraerDocumentosPendientesDeEnvioxEmpresaxFecha" type="Request-Response" inputName="" receivesAttachments="false" sendsAttachments="false" anonymous="optional"><con:settings/><con:call id="677654ba-e863-4525-925d-78c50b540eef" name="Request 1"><con:settings/><con:encoding>UTF-8</con:encoding><con:endpoint>http://testws.facturaenlinea.co/ServiciosFyM/eBill/Integracion.svc</con:endpoint><con:request><![CDATA[<soapenv:Envelope xmlns:soapenv="http://schemas.xmlsoap.org/soap/envelope/" xmlns:tem="http://tempuri.org/">\r
   <soapenv:Header/>\r
   <soapenv:Body>\r
      <tem:FV_TraerDocumentosPendientesDeEnvioxEmpresaxFecha>\r
         <!--Optional:-->\r
         <tem:IdEmpresa>?</tem:IdEmpresa>\r
         <!--Optional:-->\r
         <tem:Fecha>?</tem:Fecha>\r
         <!--Optional:-->\r
         <tem:Numreg>?</tem:Numreg>\r
         <!--Optional:-->\r
         <tem:ambiente>?</tem:ambiente>\r
         <!--Optional:-->\r
         <tem:EnvioAsincrono>?</tem:EnvioAsincrono>\r
         <!--Optional:-->\r
         <tem:EnContigencia>?</tem:EnContigencia>\r
         <!--Optional:-->\r
         <tem:Token>?</tem:Token>\r
      </tem:FV_TraerDocumentosPendientesDeEnvioxEmpresaxFecha>\r
   </soapenv:Body>\r
</soapenv:Envelope>]]></con:request><con:wsaConfig mustUnderstand="NONE" version="200508" action="http://tempuri.org/IIntegracion/FV_TraerDocumentosPendientesDeEnvioxEmpresaxFecha"/></con:call></con:operation><con:operation id="e3b36397-82f7-480f-8568-3b1e8d1020fa" isOneWay="false" action="http://tempuri.org/IIntegracion/FV_TraerDocumentosPendientesNotificar" name="FV_TraerDocumentosPendientesNotificar" bindingOperationName="FV_TraerDocumentosPendientesNotificar" type="Request-Response" inputName="" receivesAttachments="false" sendsAttachments="false" anonymous="optional"><con:settings/><con:call id="0c532c7e-e937-4488-9fff-64886c0e72be" name="Request 1"><con:settings/><con:encoding>UTF-8</con:encoding><con:endpoint>http://testws.facturaenlinea.co/ServiciosFyM/eBill/Integracion.svc</con:endpoint><con:request><![CDATA[<soapenv:Envelope xmlns:soapenv="http://schemas.xmlsoap.org/soap/envelope/" xmlns:tem="http://tempuri.org/">\r
   <soapenv:Header/>\r
   <soapenv:Body>\r
      <tem:FV_TraerDocumentosPendientesNotificar>\r
         <!--Optional:-->\r
         <tem:IdEmpresa>?</tem:IdEmpresa>\r
         <!--Optional:-->\r
         <tem:FechaSTR>?</tem:FechaSTR>\r
         <!--Optional:-->\r
         <tem:NumReg>?</tem:NumReg>\r
         <!--Optional:-->\r
         <tem:Token>?</tem:Token>\r
         <!--Optional:-->\r
         <tem:Resagos>?</tem:Resagos>\r
      </tem:FV_TraerDocumentosPendientesNotificar>\r
   </soapenv:Body>\r
</soapenv:Envelope>]]></con:request><con:wsaConfig mustUnderstand="NONE" version="200508" action="http://tempuri.org/IIntegracion/FV_TraerDocumentosPendientesNotificar"/></con:call></con:operation><con:operation id="1f43f313-c8f3-48b2-a787-6bcd3f47a304" isOneWay="false" action="http://tempuri.org/IIntegracion/FV_TraerDocumentosPendientesNotificar_Otros" name="FV_TraerDocumentosPendientesNotificar_Otros" bindingOperationName="FV_TraerDocumentosPendientesNotificar_Otros" type="Request-Response" inputName="" receivesAttachments="false" sendsAttachments="false" anonymous="optional"><con:settings/><con:call id="a2ddb3de-e9f0-471e-a09f-32573662026f" name="Request 1"><con:settings/><con:encoding>UTF-8</con:encoding><con:endpoint>http://testws.facturaenlinea.co/ServiciosFyM/eBill/Integracion.svc</con:endpoint><con:request><![CDATA[<soapenv:Envelope xmlns:soapenv="http://schemas.xmlsoap.org/soap/envelope/" xmlns:tem="http://tempuri.org/">\r
   <soapenv:Header/>\r
   <soapenv:Body>\r
      <tem:FV_TraerDocumentosPendientesNotificar_Otros>\r
         <!--Optional:-->\r
         <tem:IdEmpresa>?</tem:IdEmpresa>\r
         <!--Optional:-->\r
         <tem:FechaSTR>?</tem:FechaSTR>\r
         <!--Optional:-->\r
         <tem:NumReg>?</tem:NumReg>\r
         <!--Optional:-->\r
         <tem:Token>?</tem:Token>\r
         <!--Optional:-->\r
         <tem:Resagos>?</tem:Resagos>\r
      </tem:FV_TraerDocumentosPendientesNotificar_Otros>\r
   </soapenv:Body>\r
</soapenv:Envelope>]]></con:request><con:wsaConfig mustUnderstand="NONE" version="200508" action="http://tempuri.org/IIntegracion/FV_TraerDocumentosPendientesNotificar_Otros"/></con:call></con:operation><con:operation id="03c7e8e1-aaea-45a7-afa7-897dcea4e733" isOneWay="false" action="http://tempuri.org/IIntegracion/FV_TraerIncidenteContingenciaReciente" name="FV_TraerIncidenteContingenciaReciente" bindingOperationName="FV_TraerIncidenteContingenciaReciente" type="Request-Response" inputName="" receivesAttachments="false" sendsAttachments="false" anonymous="optional"><con:settings/><con:call id="a5dcd171-066d-4e25-9ff7-a82f6e63c7d3" name="Request 1"><con:settings/><con:encoding>UTF-8</con:encoding><con:endpoint>http://testws.facturaenlinea.co/ServiciosFyM/eBill/Integracion.svc</con:endpoint><con:request><![CDATA[<soapenv:Envelope xmlns:soapenv="http://schemas.xmlsoap.org/soap/envelope/" xmlns:tem="http://tempuri.org/">\r
   <soapenv:Header/>\r
   <soapenv:Body>\r
      <tem:FV_TraerIncidenteContingenciaReciente>\r
         <!--Optional:-->\r
         <tem:Token>?</tem:Token>\r
      </tem:FV_TraerIncidenteContingenciaReciente>\r
   </soapenv:Body>\r
</soapenv:Envelope>]]></con:request><con:wsaConfig mustUnderstand="NONE" version="200508" action="http://tempuri.org/IIntegracion/FV_TraerIncidenteContingenciaReciente"/></con:call></con:operation><con:operation id="ca8b21f4-8128-4f91-bd86-00d3f1bb527f" isOneWay="false" action="http://tempuri.org/IIntegracion/FV_TraerPaquetesEmitidosPendientesDeStatusDian" name="FV_TraerPaquetesEmitidosPendientesDeStatusDian" bindingOperationName="FV_TraerPaquetesEmitidosPendientesDeStatusDian" type="Request-Response" inputName="" receivesAttachments="false" sendsAttachments="false" anonymous="optional"><con:settings/><con:call id="bc1692ba-c49e-40c0-a56c-2d6e469290ed" name="Request 1"><con:settings/><con:encoding>UTF-8</con:encoding><con:endpoint>http://testws.facturaenlinea.co/ServiciosFyM/eBill/Integracion.svc</con:endpoint><con:request><![CDATA[<soapenv:Envelope xmlns:soapenv="http://schemas.xmlsoap.org/soap/envelope/" xmlns:tem="http://tempuri.org/">\r
   <soapenv:Header/>\r
   <soapenv:Body>\r
      <tem:FV_TraerPaquetesEmitidosPendientesDeStatusDian>\r
         <!--Optional:-->\r
         <tem:IdEmpresa>?</tem:IdEmpresa>\r
         <!--Optional:-->\r
         <tem:Fecha>?</tem:Fecha>\r
         <!--Optional:-->\r
         <tem:Token>?</tem:Token>\r
         <!--Optional:-->\r
         <tem:Resagos>?</tem:Resagos>\r
         <!--Optional:-->\r
         <tem:EndPointDian>?</tem:EndPointDian>\r
      </tem:FV_TraerPaquetesEmitidosPendientesDeStatusDian>\r
   </soapenv:Body>\r
</soapenv:Envelope>]]></con:request><con:wsaConfig mustUnderstand="NONE" version="200508" action="http://tempuri.org/IIntegracion/FV_TraerPaquetesEmitidosPendientesDeStatusDian"/></con:call></con:operation><con:operation id="7e3f3cc7-698b-4fbc-a4e4-d6ada8185490" isOneWay="false" action="http://tempuri.org/IIntegracion/FV_TraerResumenReglasTotal" name="FV_TraerResumenReglasTotal" bindingOperationName="FV_TraerResumenReglasTotal" type="Request-Response" inputName="" receivesAttachments="false" sendsAttachments="false" anonymous="optional"><con:settings/><con:call id="c9be514d-b1aa-400c-97bf-159df4456ebe" name="Request 1"><con:settings/><con:encoding>UTF-8</con:encoding><con:endpoint>http://testws.facturaenlinea.co/ServiciosFyM/eBill/Integracion.svc</con:endpoint><con:request><![CDATA[<soapenv:Envelope xmlns:soapenv="http://schemas.xmlsoap.org/soap/envelope/" xmlns:tem="http://tempuri.org/">\r
   <soapenv:Header/>\r
   <soapenv:Body>\r
      <tem:FV_TraerResumenReglasTotal>\r
         <!--Optional:-->\r
         <tem:IdPuntoValidacion>?</tem:IdPuntoValidacion>\r
         <!--Optional:-->\r
         <tem:Fecha>?</tem:Fecha>\r
         <!--Optional:-->\r
         <tem:Token>?</tem:Token>\r
      </tem:FV_TraerResumenReglasTotal>\r
   </soapenv:Body>\r
</soapenv:Envelope>]]></con:request><con:wsaConfig mustUnderstand="NONE" version="200508" action="http://tempuri.org/IIntegracion/FV_TraerResumenReglasTotal"/></con:call></con:operation><con:operation id="a07dadf7-413c-48ef-a811-8e95ea13c987" isOneWay="false" action="http://tempuri.org/IIntegracion/FV_TraerTiposIncidentesContingencia" name="FV_TraerTiposIncidentesContingencia" bindingOperationName="FV_TraerTiposIncidentesContingencia" type="Request-Response" inputName="" receivesAttachments="false" sendsAttachments="false" anonymous="optional"><con:settings/><con:call id="5b1e6f02-5c56-47b3-9692-71ac49b8750b" name="Request 1"><con:settings/><con:encoding>UTF-8</con:encoding><con:endpoint>http://testws.facturaenlinea.co/ServiciosFyM/eBill/Integracion.svc</con:endpoint><con:request><![CDATA[<soapenv:Envelope xmlns:soapenv="http://schemas.xmlsoap.org/soap/envelope/" xmlns:tem="http://tempuri.org/">\r
   <soapenv:Header/>\r
   <soapenv:Body>\r
      <tem:FV_TraerTiposIncidentesContingencia>\r
         <!--Optional:-->\r
         <tem:Token>?</tem:Token>\r
      </tem:FV_TraerTiposIncidentesContingencia>\r
   </soapenv:Body>\r
</soapenv:Envelope>]]></con:request><con:wsaConfig mustUnderstand="NONE" version="200508" action="http://tempuri.org/IIntegracion/FV_TraerTiposIncidentesContingencia"/></con:call></con:operation><con:operation id="8101b9d9-6cbb-4c6a-b645-9dc968b7040f" isOneWay="false" action="http://tempuri.org/IIntegracion/FV_TraerXMLDocumento" name="FV_TraerXMLDocumento" bindingOperationName="FV_TraerXMLDocumento" type="Request-Response" inputName="" receivesAttachments="false" sendsAttachments="false" anonymous="optional"><con:settings/><con:call id="2aa855b4-1b2d-494c-88d7-eb6dd767dcfd" name="Request 1"><con:settings/><con:encoding>UTF-8</con:encoding><con:endpoint>http://testws.facturaenlinea.co/ServiciosFyM/eBill/Integracion.svc</con:endpoint><con:request><![CDATA[<soapenv:Envelope xmlns:soapenv="http://schemas.xmlsoap.org/soap/envelope/" xmlns:tem="http://tempuri.org/">\r
   <soapenv:Header/>\r
   <soapenv:Body>\r
      <tem:FV_TraerXMLDocumento>\r
         <!--Optional:-->\r
         <tem:IdInternoDocumento>?</tem:IdInternoDocumento>\r
         <!--Optional:-->\r
         <tem:NitEmpresa>?</tem:NitEmpresa>\r
         <!--Optional:-->\r
         <tem:Token>?</tem:Token>\r
      </tem:FV_TraerXMLDocumento>\r
   </soapenv:Body>\r
</soapenv:Envelope>]]></con:request><con:wsaConfig mustUnderstand="NONE" version="200508" action="http://tempuri.org/IIntegracion/FV_TraerXMLDocumento"/></con:call></con:operation><con:operation id="d837d4e4-021b-4969-846b-2926c37818cb" isOneWay="false" action="http://tempuri.org/IIntegracion/FV_ValidacionXML_DIAN" name="FV_ValidacionXML_DIAN" bindingOperationName="FV_ValidacionXML_DIAN" type="Request-Response" inputName="" receivesAttachments="false" sendsAttachments="false" anonymous="optional"><con:settings/><con:call id="26d5857f-7234-43ed-8bc1-db0f17d8ac5f" name="Request 1"><con:settings/><con:encoding>UTF-8</con:encoding><con:endpoint>http://testws.facturaenlinea.co/ServiciosFyM/eBill/Integracion.svc</con:endpoint><con:request><![CDATA[<soapenv:Envelope xmlns:soapenv="http://schemas.xmlsoap.org/soap/envelope/" xmlns:tem="http://tempuri.org/">\r
   <soapenv:Header/>\r
   <soapenv:Body>\r
      <tem:FV_ValidacionXML_DIAN>\r
         <!--Optional:-->\r
         <tem:documentoXml>?</tem:documentoXml>\r
         <!--Optional:-->\r
         <tem:NitEmpresa>?</tem:NitEmpresa>\r
         <!--Optional:-->\r
         <tem:Token>?</tem:Token>\r
      </tem:FV_ValidacionXML_DIAN>\r
   </soapenv:Body>\r
</soapenv:Envelope>]]></con:request><con:wsaConfig mustUnderstand="NONE" version="200508" action="http://tempuri.org/IIntegracion/FV_ValidacionXML_DIAN"/></con:call></con:operation><con:operation id="384efef7-7d5f-44c6-b509-899327fcc998" isOneWay="false" action="http://tempuri.org/IIntegracion/HistorialRadicacion" name="HistorialRadicacion" bindingOperationName="HistorialRadicacion" type="Request-Response" inputName="" receivesAttachments="false" sendsAttachments="false" anonymous="optional"><con:settings/><con:call id="1d894b8b-a73b-47bc-9040-dcb39deca170" name="Request 1"><con:settings/><con:encoding>UTF-8</con:encoding><con:endpoint>http://testws.facturaenlinea.co/ServiciosFyM/eBill/Integracion.svc</con:endpoint><con:request><![CDATA[<soapenv:Envelope xmlns:soapenv="http://schemas.xmlsoap.org/soap/envelope/" xmlns:tem="http://tempuri.org/" xmlns:ebil="http://schemas.datacontract.org/2004/07/eBillCore">\r
   <soapenv:Header/>\r
   <soapenv:Body>\r
      <tem:HistorialRadicacion>\r
         <!--Optional:-->\r
         <tem:algo>\r
            <!--Optional:-->\r
            <ebil:NitEmisor>?</ebil:NitEmisor>\r
            <!--Optional:-->\r
            <ebil:NitProveedorTecnologico>?</ebil:NitProveedorTecnologico>\r
            <!--Optional:-->\r
            <ebil:NumDoc>?</ebil:NumDoc>\r
            <!--Optional:-->\r
            <ebil:Prefijo>?</ebil:Prefijo>\r
            <!--Optional:-->\r
            <ebil:TipoComprobante>?</ebil:TipoComprobante>\r
         </tem:algo>\r
      </tem:HistorialRadicacion>\r
   </soapenv:Body>\r
</soapenv:Envelope>]]></con:request><con:wsaConfig mustUnderstand="NONE" version="200508" action="http://tempuri.org/IIntegracion/HistorialRadicacion"/></con:call></con:operation><con:operation id="89a48d7c-979d-427d-a628-0834a58e5e68" isOneWay="false" action="http://tempuri.org/IIntegracion/LoginProveedorTecnologico" name="LoginProveedorTecnologico" bindingOperationName="LoginProveedorTecnologico" type="Request-Response" inputName="" receivesAttachments="false" sendsAttachments="false" anonymous="optional"><con:settings/><con:call id="8ab0eed7-f39f-44c9-848f-3c665b1e247c" name="Request 1"><con:settings/><con:encoding>UTF-8</con:encoding><con:endpoint>http://testws.facturaenlinea.co/ServiciosFyM/eBill/Integracion.svc</con:endpoint><con:request><![CDATA[<soapenv:Envelope xmlns:soapenv="http://schemas.xmlsoap.org/soap/envelope/" xmlns:tem="http://tempuri.org/" xmlns:ebil="http://schemas.datacontract.org/2004/07/eBillCore">\r
   <soapenv:Header/>\r
   <soapenv:Body>\r
      <tem:LoginProveedorTecnologico>\r
         <!--Optional:-->\r
         <tem:LoginPT>\r
            <!--Optional:-->\r
            <ebil:NitEmisor>?</ebil:NitEmisor>\r
            <!--Optional:-->\r
            <ebil:NitReceptor>?</ebil:NitReceptor>\r
            <!--Optional:-->\r
            <ebil:PasswordPT>?</ebil:PasswordPT>\r
            <!--Optional:-->\r
            <ebil:TipoAmbiente>?</ebil:TipoAmbiente>\r
            <!--Optional:-->\r
            <ebil:UserPT>?</ebil:UserPT>\r
         </tem:LoginPT>\r
      </tem:LoginProveedorTecnologico>\r
   </soapenv:Body>\r
</soapenv:Envelope>]]></con:request><con:wsaConfig mustUnderstand="NONE" version="200508" action="http://tempuri.org/IIntegracion/LoginProveedorTecnologico"/></con:call></con:operation><con:operation id="d1a67b04-163d-40c9-ae77-5bcbc7f8bb44" isOneWay="false" action="http://tempuri.org/IIntegracion/NegociarDocumentoFactoring" name="NegociarDocumentoFactoring" bindingOperationName="NegociarDocumentoFactoring" type="Request-Response" inputName="" receivesAttachments="false" sendsAttachments="false" anonymous="optional"><con:settings/><con:call id="5a4627c2-88f6-420b-be8a-dccac2258aeb" name="Request 1"><con:settings/><con:encoding>UTF-8</con:encoding><con:endpoint>http://testws.facturaenlinea.co/ServiciosFyM/eBill/Integracion.svc</con:endpoint><con:request><![CDATA[<soapenv:Envelope xmlns:soapenv="http://schemas.xmlsoap.org/soap/envelope/" xmlns:tem="http://tempuri.org/" xmlns:ebil="http://schemas.datacontract.org/2004/07/eBillCore">\r
   <soapenv:Header/>\r
   <soapenv:Body>\r
      <tem:NegociarDocumentoFactoring>\r
         <!--Optional:-->\r
         <tem:NitProveedor>?</tem:NitProveedor>\r
         <!--Optional:-->\r
         <tem:NitPagador>?</tem:NitPagador>\r
         <!--Optional:-->\r
         <tem:Prefijo>?</tem:Prefijo>\r
         <!--Optional:-->\r
         <tem:NumDoc>?</tem:NumDoc>\r
         <!--Optional:-->\r
         <tem:TipoDoc>?</tem:TipoDoc>\r
         <!--Optional:-->\r
         <tem:Token>?</tem:Token>\r
         <!--Optional:-->\r
         <tem:Condiciones>\r
            <!--Zero or more repetitions:-->\r
            <ebil:FAC_FactoryConfirmingInt>\r
               <!--Optional:-->\r
               <ebil:CFD_id_cfd>?</ebil:CFD_id_cfd>\r
               <!--Optional:-->\r
               <ebil:Emp_id_empresa_fondeador>?</ebil:Emp_id_empresa_fondeador>\r
               <!--Optional:-->\r
               <ebil:Emp_id_empresa_pagador>?</ebil:Emp_id_empresa_pagador>\r
               <!--Optional:-->\r
               <ebil:Emp_id_empresa_proveedor>?</ebil:Emp_id_empresa_proveedor>\r
               <!--Optional:-->\r
               <ebil:FAC_AvalLista>?</ebil:FAC_AvalLista>\r
               <!--Optional:-->\r
               <ebil:FAC_CFD_numero_CFD>?</ebil:FAC_CFD_numero_CFD>\r
               <!--Optional:-->\r
               <ebil:FAC_CodTasaMora>?</ebil:FAC_CodTasaMora>\r
               <!--Optional:-->\r
               <ebil:FAC_DiasNegociados>?</ebil:FAC_DiasNegociados>\r
               <!--Optional:-->\r
               <ebil:FAC_FechaCompra>?</ebil:FAC_FechaCompra>\r
               <!--Optional:-->\r
               <ebil:FAC_FechaEmision>?</ebil:FAC_FechaEmision>\r
               <!--Optional:-->\r
               <ebil:FAC_FechaProximaCuota>?</ebil:FAC_FechaProximaCuota>\r
               <!--Optional:-->\r
               <ebil:FAC_FechaVencimiento>?</ebil:FAC_FechaVencimiento>\r
               <!--Optional:-->\r
               <ebil:FAC_InteresMora>?</ebil:FAC_InteresMora>\r
               <!--Optional:-->\r
               <ebil:FAC_MedioNegociacion>?</ebil:FAC_MedioNegociacion>\r
               <!--Optional:-->\r
               <ebil:FAC_ModalidadPago>?</ebil:FAC_ModalidadPago>\r
               <!--Optional:-->\r
               <ebil:FAC_Moneda>?</ebil:FAC_Moneda>\r
               <!--Optional:-->\r
               <ebil:FAC_NIT_Administrador>?</ebil:FAC_NIT_Administrador>\r
               <!--Optional:-->\r
               <ebil:FAC_NIT_Emisor>?</ebil:FAC_NIT_Emisor>\r
               <!--Optional:-->\r
               <ebil:FAC_NIT_Intermediario>?</ebil:FAC_NIT_Intermediario>\r
               <!--Optional:-->\r
               <ebil:FAC_NIT_Pagador>?</ebil:FAC_NIT_Pagador>\r
               <!--Optional:-->\r
               <ebil:FAC_NIT_Vendedor>?</ebil:FAC_NIT_Vendedor>\r
               <!--Optional:-->\r
               <ebil:FAC_NuevaFechaPago>?</ebil:FAC_NuevaFechaPago>\r
               <!--Optional:-->\r
               <ebil:FAC_NuevoValorPago>?</ebil:FAC_NuevoValorPago>\r
               <!--Optional:-->\r
               <ebil:FAC_NumeroCuotas>?</ebil:FAC_NumeroCuotas>\r
               <!--Optional:-->\r
               <ebil:FAC_PeriodicidadPago>?</ebil:FAC_PeriodicidadPago>\r
               <!--Optional:-->\r
               <ebil:FAC_Porcentaje_Retenido>?</ebil:FAC_Porcentaje_Retenido>\r
               <!--Optional:-->\r
               <ebil:FAC_Puntos>?</ebil:FAC_Puntos>\r
               <!--Optional:-->\r
               <ebil:FAC_TPPEL>?</ebil:FAC_TPPEL>\r
               <!--Optional:-->\r
               <ebil:FAC_TasaNegociacionNA>?</ebil:FAC_TasaNegociacionNA>\r
               <!--Optional:-->\r
               <ebil:FAC_Tasa_Negociacion>?</ebil:FAC_Tasa_Negociacion>\r
               <!--Optional:-->\r
               <ebil:FAC_TipoNegociacion>?</ebil:FAC_TipoNegociacion>\r
               <!--Optional:-->\r
               <ebil:FAC_Tipo_Tasa>?</ebil:FAC_Tipo_Tasa>\r
               <!--Optional:-->\r
               <ebil:FAC_Utilidad>?</ebil:FAC_Utilidad>\r
               <!--Optional:-->\r
               <ebil:FAC_ValorComisionReferenciador>?</ebil:FAC_ValorComisionReferenciador>\r
               <!--Optional:-->\r
               <ebil:FAC_ValorCompra>?</ebil:FAC_ValorCompra>\r
               <!--Optional:-->\r
               <ebil:FAC_ValorCompraReferenciador>?</ebil:FAC_ValorCompraReferenciador>\r
               <!--Optional:-->\r
               <ebil:FAC_ValorCuotas>?</ebil:FAC_ValorCuotas>\r
               <!--Optional:-->\r
               <ebil:FAC_ValorICA>?</ebil:FAC_ValorICA>\r
               <!--Optional:-->\r
               <ebil:FAC_ValorIVA>?</ebil:FAC_ValorIVA>\r
               <!--Optional:-->\r
               <ebil:FAC_ValorNomBaseLiquidacion>?</ebil:FAC_ValorNomBaseLiquidacion>\r
               <!--Optional:-->\r
               <ebil:FAC_ValorNominaFacial>?</ebil:FAC_ValorNominaFacial>\r
               <!--Optional:-->\r
               <ebil:FAC_ValorNominalNeto>?</ebil:FAC_ValorNominalNeto>\r
               <!--Optional:-->\r
               <ebil:FAC_ValorNominalOriginal>?</ebil:FAC_ValorNominalOriginal>\r
               <!--Optional:-->\r
               <ebil:FAC_ValorNotasCredito>?</ebil:FAC_ValorNotasCredito>\r
               <!--Optional:-->\r
               <ebil:FAC_ValorOtros>?</ebil:FAC_ValorOtros>\r
               <!--Optional:-->\r
               <ebil:FAC_ValorRetencionFte>?</ebil:FAC_ValorRetencionFte>\r
               <!--Optional:-->\r
               <ebil:FAC_ValorRetencionICA>?</ebil:FAC_ValorRetencionICA>\r
               <!--Optional:-->\r
               <ebil:FAC_ValorRetencionIVA>?</ebil:FAC_ValorRetencionIVA>\r
               <!--Optional:-->\r
               <ebil:FAC_ValorTasa>?</ebil:FAC_ValorTasa>\r
               <!--Optional:-->\r
               <ebil:FAC_ValorTimbre>?</ebil:FAC_ValorTimbre>\r
               <!--Optional:-->\r
               <ebil:FON_id_fondeador>?</ebil:FON_id_fondeador>\r
            </ebil:FAC_FactoryConfirmingInt>\r
         </tem:Condiciones>\r
         <!--Optional:-->\r
         <tem:DevuleveCondiciones>?</tem:DevuleveCondiciones>\r
      </tem:NegociarDocumentoFactoring>\r
   </soapenv:Body>\r
</soapenv:Envelope>]]></con:request><con:wsaConfig mustUnderstand="NONE" version="200508" action="http://tempuri.org/IIntegracion/NegociarDocumentoFactoring"/></con:call></con:operation><con:operation id="de583021-21c1-4752-a6d9-1bed77a67d62" isOneWay="false" action="http://tempuri.org/IIntegracion/NotificarFacturasAnuladasTAX" name="NotificarFacturasAnuladasTAX" bindingOperationName="NotificarFacturasAnuladasTAX" type="Request-Response" inputName="" receivesAttachments="false" sendsAttachments="false" anonymous="optional"><con:settings/><con:call id="55c1f591-b321-4d1b-920c-9e36e2ba7c6a" name="Request 1"><con:settings/><con:encoding>UTF-8</con:encoding><con:endpoint>http://testws.facturaenlinea.co/ServiciosFyM/eBill/Integracion.svc</con:endpoint><con:request><![CDATA[<soapenv:Envelope xmlns:soapenv="http://schemas.xmlsoap.org/soap/envelope/" xmlns:tem="http://tempuri.org/" xmlns:ebil="http://schemas.datacontract.org/2004/07/eBillCore">\r
   <soapenv:Header/>\r
   <soapenv:Body>\r
      <tem:NotificarFacturasAnuladasTAX>\r
         <!--Optional:-->\r
         <tem:Facturas>\r
            <!--Zero or more repetitions:-->\r
            <ebil:CFDCabConexion>\r
               <!--Optional:-->\r
               <ebil:AnoAprobacionRes>?</ebil:AnoAprobacionRes>\r
               <!--Optional:-->\r
               <ebil:Cantidad1>?</ebil:Cantidad1>\r
               <!--Optional:-->\r
               <ebil:Cantidad2>?</ebil:Cantidad2>\r
               <!--Optional:-->\r
               <ebil:Cantidad3>?</ebil:Cantidad3>\r
               <!--Optional:-->\r
               <ebil:CiudadDANE>?</ebil:CiudadDANE>\r
               <!--Optional:-->\r
               <ebil:CorreoCliente>?</ebil:CorreoCliente>\r
               <!--Optional:-->\r
               <ebil:DescripcionPlan>?</ebil:DescripcionPlan>\r
               <!--Optional:-->\r
               <ebil:Descuento>?</ebil:Descuento>\r
               <!--Optional:-->\r
               <ebil:DigitoVerificaCliente>?</ebil:DigitoVerificaCliente>\r
               <!--Optional:-->\r
               <ebil:DireccionCliente>?</ebil:DireccionCliente>\r
               <!--Optional:-->\r
               <ebil:FechaExpedicion>?</ebil:FechaExpedicion>\r
               <!--Optional:-->\r
               <ebil:FechaFinalPeriodoFacturado>?</ebil:FechaFinalPeriodoFacturado>\r
               <!--Optional:-->\r
               <ebil:FechaInicialPeriodoFacturado>?</ebil:FechaInicialPeriodoFacturado>\r
               <!--Optional:-->\r
               <ebil:FechaVencimiento>?</ebil:FechaVencimiento>\r
               <!--Optional:-->\r
               <ebil:FormaPago>?</ebil:FormaPago>\r
               <!--Optional:-->\r
               <ebil:IDInterno>?</ebil:IDInterno>\r
               <!--Optional:-->\r
               <ebil:IdPlan>?</ebil:IdPlan>\r
               <!--Optional:-->\r
               <ebil:InfoAdicional>?</ebil:InfoAdicional>\r
               <!--Optional:-->\r
               <ebil:MonedaISO>?</ebil:MonedaISO>\r
               <!--Optional:-->\r
               <ebil:NitCliente>?</ebil:NitCliente>\r
               <!--Optional:-->\r
               <ebil:NitEmpresa>?</ebil:NitEmpresa>\r
               <!--Optional:-->\r
               <ebil:NombreCliente>?</ebil:NombreCliente>\r
               <!--Optional:-->\r
               <ebil:NombrePlan>?</ebil:NombrePlan>\r
               <!--Optional:-->\r
               <ebil:NumAprobacionRes>?</ebil:NumAprobacionRes>\r
               <!--Optional:-->\r
               <ebil:NumFactura>?</ebil:NumFactura>\r
               <!--Optional:-->\r
               <ebil:OrderID>?</ebil:OrderID>\r
               <!--Optional:-->\r
               <ebil:PagoAnterior>?</ebil:PagoAnterior>\r
               <!--Optional:-->\r
               <ebil:Prefijo>?</ebil:Prefijo>\r
               <!--Optional:-->\r
               <ebil:Referencia1>?</ebil:Referencia1>\r
               <!--Optional:-->\r
               <ebil:SaldoAnterior>?</ebil:SaldoAnterior>\r
               <!--Optional:-->\r
               <ebil:SubTotal>?</ebil:SubTotal>\r
               <!--Optional:-->\r
               <ebil:TelefonoCliente>?</ebil:TelefonoCliente>\r
               <!--Optional:-->\r
               <ebil:TipoIDCliente>?</ebil:TipoIDCliente>\r
               <!--Optional:-->\r
               <ebil:Total>?</ebil:Total>\r
               <!--Optional:-->\r
               <ebil:TotalIVA>?</ebil:TotalIVA>\r
               <!--Optional:-->\r
               <ebil:ValorHasta1>?</ebil:ValorHasta1>\r
               <!--Optional:-->\r
               <ebil:ValorHasta2>?</ebil:ValorHasta2>\r
               <!--Optional:-->\r
               <ebil:ValorHasta3>?</ebil:ValorHasta3>\r
               <!--Optional:-->\r
               <ebil:ValorHasta4>?</ebil:ValorHasta4>\r
            </ebil:CFDCabConexion>\r
         </tem:Facturas>\r
         <!--Optional:-->\r
         <tem:Opciones>\r
            <!--Optional:-->\r
            <ebil:ActualizaProductos>?</ebil:ActualizaProductos>\r
            <!--Optional:-->\r
            <ebil:BuscarXNitXIdInterno>?</ebil:BuscarXNitXIdInterno>\r
            <!--Optional:-->\r
            <ebil:EmisionAutomatica>?</ebil:EmisionAutomatica>\r
            <!--Optional:-->\r
            <ebil:EmisionAutomaticaFXComputador>?</ebil:EmisionAutomaticaFXComputador>\r
            <!--Optional:-->\r
            <ebil:FacturasSinAcuerdo>?</ebil:FacturasSinAcuerdo>\r
            <!--Optional:-->\r
            <ebil:ManejaPlantillasNotificacion>?</ebil:ManejaPlantillasNotificacion>\r
            <!--Optional:-->\r
            <ebil:NoAdjuntarArchivo>?</ebil:NoAdjuntarArchivo>\r
            <!--Optional:-->\r
            <ebil:NoTieneAcuerdosFisicos>?</ebil:NoTieneAcuerdosFisicos>\r
            <!--Optional:-->\r
            <ebil:OrderControl>?</ebil:OrderControl>\r
            <!--Optional:-->\r
            <ebil:TipoCargaDetalle>?</ebil:TipoCargaDetalle>\r
            <!--Optional:-->\r
            <ebil:TipoDocumento>?</ebil:TipoDocumento>\r
            <!--Optional:-->\r
            <ebil:TokenConexion>?</ebil:TokenConexion>\r
            <!--Optional:-->\r
            <ebil:crearVIP>?</ebil:crearVIP>\r
            <!--Optional:-->\r
            <ebil:eBillAdmNumerosFactura>?</ebil:eBillAdmNumerosFactura>\r
         </tem:Opciones>\r
         <!--Optional:-->\r
         <tem:TipoComp>?</tem:TipoComp>\r
      </tem:NotificarFacturasAnuladasTAX>\r
   </soapenv:Body>\r
</soapenv:Envelope>]]></con:request><con:wsaConfig mustUnderstand="NONE" version="200508" action="http://tempuri.org/IIntegracion/NotificarFacturasAnuladasTAX"/></con:call></con:operation><con:operation id="727c159b-cd64-41c2-afb8-30058af779ed" isOneWay="false" action="http://tempuri.org/IIntegracion/NotificarFacturasPagadas" name="NotificarFacturasPagadas" bindingOperationName="NotificarFacturasPagadas" type="Request-Response" inputName="" receivesAttachments="false" sendsAttachments="false" anonymous="optional"><con:settings/><con:call id="3dc2de87-d7df-41de-9a8e-0118981b9302" name="Request 1"><con:settings/><con:encoding>UTF-8</con:encoding><con:endpoint>http://testws.facturaenlinea.co/ServiciosFyM/eBill/Integracion.svc</con:endpoint><con:request><![CDATA[<soapenv:Envelope xmlns:soapenv="http://schemas.xmlsoap.org/soap/envelope/" xmlns:tem="http://tempuri.org/" xmlns:ebil="http://schemas.datacontract.org/2004/07/eBillCore">\r
   <soapenv:Header/>\r
   <soapenv:Body>\r
      <tem:NotificarFacturasPagadas>\r
         <!--Optional:-->\r
         <tem:Facturas>\r
            <!--Zero or more repetitions:-->\r
            <ebil:CFDCabConexion>\r
               <!--Optional:-->\r
               <ebil:AnoAprobacionRes>?</ebil:AnoAprobacionRes>\r
               <!--Optional:-->\r
               <ebil:Cantidad1>?</ebil:Cantidad1>\r
               <!--Optional:-->\r
               <ebil:Cantidad2>?</ebil:Cantidad2>\r
               <!--Optional:-->\r
               <ebil:Cantidad3>?</ebil:Cantidad3>\r
               <!--Optional:-->\r
               <ebil:CiudadDANE>?</ebil:CiudadDANE>\r
               <!--Optional:-->\r
               <ebil:CorreoCliente>?</ebil:CorreoCliente>\r
               <!--Optional:-->\r
               <ebil:DescripcionPlan>?</ebil:DescripcionPlan>\r
               <!--Optional:-->\r
               <ebil:Descuento>?</ebil:Descuento>\r
               <!--Optional:-->\r
               <ebil:DigitoVerificaCliente>?</ebil:DigitoVerificaCliente>\r
               <!--Optional:-->\r
               <ebil:DireccionCliente>?</ebil:DireccionCliente>\r
               <!--Optional:-->\r
               <ebil:FechaExpedicion>?</ebil:FechaExpedicion>\r
               <!--Optional:-->\r
               <ebil:FechaFinalPeriodoFacturado>?</ebil:FechaFinalPeriodoFacturado>\r
               <!--Optional:-->\r
               <ebil:FechaInicialPeriodoFacturado>?</ebil:FechaInicialPeriodoFacturado>\r
               <!--Optional:-->\r
               <ebil:FechaVencimiento>?</ebil:FechaVencimiento>\r
               <!--Optional:-->\r
               <ebil:FormaPago>?</ebil:FormaPago>\r
               <!--Optional:-->\r
               <ebil:IDInterno>?</ebil:IDInterno>\r
               <!--Optional:-->\r
               <ebil:IdPlan>?</ebil:IdPlan>\r
               <!--Optional:-->\r
               <ebil:InfoAdicional>?</ebil:InfoAdicional>\r
               <!--Optional:-->\r
               <ebil:MonedaISO>?</ebil:MonedaISO>\r
               <!--Optional:-->\r
               <ebil:NitCliente>?</ebil:NitCliente>\r
               <!--Optional:-->\r
               <ebil:NitEmpresa>?</ebil:NitEmpresa>\r
               <!--Optional:-->\r
               <ebil:NombreCliente>?</ebil:NombreCliente>\r
               <!--Optional:-->\r
               <ebil:NombrePlan>?</ebil:NombrePlan>\r
               <!--Optional:-->\r
               <ebil:NumAprobacionRes>?</ebil:NumAprobacionRes>\r
               <!--Optional:-->\r
               <ebil:NumFactura>?</ebil:NumFactura>\r
               <!--Optional:-->\r
               <ebil:OrderID>?</ebil:OrderID>\r
               <!--Optional:-->\r
               <ebil:PagoAnterior>?</ebil:PagoAnterior>\r
               <!--Optional:-->\r
               <ebil:Prefijo>?</ebil:Prefijo>\r
               <!--Optional:-->\r
               <ebil:Referencia1>?</ebil:Referencia1>\r
               <!--Optional:-->\r
               <ebil:SaldoAnterior>?</ebil:SaldoAnterior>\r
               <!--Optional:-->\r
               <ebil:SubTotal>?</ebil:SubTotal>\r
               <!--Optional:-->\r
               <ebil:TelefonoCliente>?</ebil:TelefonoCliente>\r
               <!--Optional:-->\r
               <ebil:TipoIDCliente>?</ebil:TipoIDCliente>\r
               <!--Optional:-->\r
               <ebil:Total>?</ebil:Total>\r
               <!--Optional:-->\r
               <ebil:TotalIVA>?</ebil:TotalIVA>\r
               <!--Optional:-->\r
               <ebil:ValorHasta1>?</ebil:ValorHasta1>\r
               <!--Optional:-->\r
               <ebil:ValorHasta2>?</ebil:ValorHasta2>\r
               <!--Optional:-->\r
               <ebil:ValorHasta3>?</ebil:ValorHasta3>\r
               <!--Optional:-->\r
               <ebil:ValorHasta4>?</ebil:ValorHasta4>\r
            </ebil:CFDCabConexion>\r
         </tem:Facturas>\r
         <!--Optional:-->\r
         <tem:Opciones>\r
            <!--Optional:-->\r
            <ebil:ActualizaProductos>?</ebil:ActualizaProductos>\r
            <!--Optional:-->\r
            <ebil:BuscarXNitXIdInterno>?</ebil:BuscarXNitXIdInterno>\r
            <!--Optional:-->\r
            <ebil:EmisionAutomatica>?</ebil:EmisionAutomatica>\r
            <!--Optional:-->\r
            <ebil:EmisionAutomaticaFXComputador>?</ebil:EmisionAutomaticaFXComputador>\r
            <!--Optional:-->\r
            <ebil:FacturasSinAcuerdo>?</ebil:FacturasSinAcuerdo>\r
            <!--Optional:-->\r
            <ebil:ManejaPlantillasNotificacion>?</ebil:ManejaPlantillasNotificacion>\r
            <!--Optional:-->\r
            <ebil:NoAdjuntarArchivo>?</ebil:NoAdjuntarArchivo>\r
            <!--Optional:-->\r
            <ebil:NoTieneAcuerdosFisicos>?</ebil:NoTieneAcuerdosFisicos>\r
            <!--Optional:-->\r
            <ebil:OrderControl>?</ebil:OrderControl>\r
            <!--Optional:-->\r
            <ebil:TipoCargaDetalle>?</ebil:TipoCargaDetalle>\r
            <!--Optional:-->\r
            <ebil:TipoDocumento>?</ebil:TipoDocumento>\r
            <!--Optional:-->\r
            <ebil:TokenConexion>?</ebil:TokenConexion>\r
            <!--Optional:-->\r
            <ebil:crearVIP>?</ebil:crearVIP>\r
            <!--Optional:-->\r
            <ebil:eBillAdmNumerosFactura>?</ebil:eBillAdmNumerosFactura>\r
         </tem:Opciones>\r
      </tem:NotificarFacturasPagadas>\r
   </soapenv:Body>\r
</soapenv:Envelope>]]></con:request><con:wsaConfig mustUnderstand="NONE" version="200508" action="http://tempuri.org/IIntegracion/NotificarFacturasPagadas"/></con:call></con:operation><con:operation id="3c3b87aa-3fa1-43c4-8aec-cba40415ca54" isOneWay="false" action="http://tempuri.org/IIntegracion/NotificarFacturasPagadasTAX" name="NotificarFacturasPagadasTAX" bindingOperationName="NotificarFacturasPagadasTAX" type="Request-Response" inputName="" receivesAttachments="false" sendsAttachments="false" anonymous="optional"><con:settings/><con:call id="2f41d2bb-cefd-4009-8d5a-3467f6717726" name="Request 1"><con:settings/><con:encoding>UTF-8</con:encoding><con:endpoint>http://testws.facturaenlinea.co/ServiciosFyM/eBill/Integracion.svc</con:endpoint><con:request><![CDATA[<soapenv:Envelope xmlns:soapenv="http://schemas.xmlsoap.org/soap/envelope/" xmlns:tem="http://tempuri.org/" xmlns:ebil="http://schemas.datacontract.org/2004/07/eBillCore">\r
   <soapenv:Header/>\r
   <soapenv:Body>\r
      <tem:NotificarFacturasPagadasTAX>\r
         <!--Optional:-->\r
         <tem:Facturas>\r
            <!--Zero or more repetitions:-->\r
            <ebil:CFDCabConexion>\r
               <!--Optional:-->\r
               <ebil:AnoAprobacionRes>?</ebil:AnoAprobacionRes>\r
               <!--Optional:-->\r
               <ebil:Cantidad1>?</ebil:Cantidad1>\r
               <!--Optional:-->\r
               <ebil:Cantidad2>?</ebil:Cantidad2>\r
               <!--Optional:-->\r
               <ebil:Cantidad3>?</ebil:Cantidad3>\r
               <!--Optional:-->\r
               <ebil:CiudadDANE>?</ebil:CiudadDANE>\r
               <!--Optional:-->\r
               <ebil:CorreoCliente>?</ebil:CorreoCliente>\r
               <!--Optional:-->\r
               <ebil:DescripcionPlan>?</ebil:DescripcionPlan>\r
               <!--Optional:-->\r
               <ebil:Descuento>?</ebil:Descuento>\r
               <!--Optional:-->\r
               <ebil:DigitoVerificaCliente>?</ebil:DigitoVerificaCliente>\r
               <!--Optional:-->\r
               <ebil:DireccionCliente>?</ebil:DireccionCliente>\r
               <!--Optional:-->\r
               <ebil:FechaExpedicion>?</ebil:FechaExpedicion>\r
               <!--Optional:-->\r
               <ebil:FechaFinalPeriodoFacturado>?</ebil:FechaFinalPeriodoFacturado>\r
               <!--Optional:-->\r
               <ebil:FechaInicialPeriodoFacturado>?</ebil:FechaInicialPeriodoFacturado>\r
               <!--Optional:-->\r
               <ebil:FechaVencimiento>?</ebil:FechaVencimiento>\r
               <!--Optional:-->\r
               <ebil:FormaPago>?</ebil:FormaPago>\r
               <!--Optional:-->\r
               <ebil:IDInterno>?</ebil:IDInterno>\r
               <!--Optional:-->\r
               <ebil:IdPlan>?</ebil:IdPlan>\r
               <!--Optional:-->\r
               <ebil:InfoAdicional>?</ebil:InfoAdicional>\r
               <!--Optional:-->\r
               <ebil:MonedaISO>?</ebil:MonedaISO>\r
               <!--Optional:-->\r
               <ebil:NitCliente>?</ebil:NitCliente>\r
               <!--Optional:-->\r
               <ebil:NitEmpresa>?</ebil:NitEmpresa>\r
               <!--Optional:-->\r
               <ebil:NombreCliente>?</ebil:NombreCliente>\r
               <!--Optional:-->\r
               <ebil:NombrePlan>?</ebil:NombrePlan>\r
               <!--Optional:-->\r
               <ebil:NumAprobacionRes>?</ebil:NumAprobacionRes>\r
               <!--Optional:-->\r
               <ebil:NumFactura>?</ebil:NumFactura>\r
               <!--Optional:-->\r
               <ebil:OrderID>?</ebil:OrderID>\r
               <!--Optional:-->\r
               <ebil:PagoAnterior>?</ebil:PagoAnterior>\r
               <!--Optional:-->\r
               <ebil:Prefijo>?</ebil:Prefijo>\r
               <!--Optional:-->\r
               <ebil:Referencia1>?</ebil:Referencia1>\r
               <!--Optional:-->\r
               <ebil:SaldoAnterior>?</ebil:SaldoAnterior>\r
               <!--Optional:-->\r
               <ebil:SubTotal>?</ebil:SubTotal>\r
               <!--Optional:-->\r
               <ebil:TelefonoCliente>?</ebil:TelefonoCliente>\r
               <!--Optional:-->\r
               <ebil:TipoIDCliente>?</ebil:TipoIDCliente>\r
               <!--Optional:-->\r
               <ebil:Total>?</ebil:Total>\r
               <!--Optional:-->\r
               <ebil:TotalIVA>?</ebil:TotalIVA>\r
               <!--Optional:-->\r
               <ebil:ValorHasta1>?</ebil:ValorHasta1>\r
               <!--Optional:-->\r
               <ebil:ValorHasta2>?</ebil:ValorHasta2>\r
               <!--Optional:-->\r
               <ebil:ValorHasta3>?</ebil:ValorHasta3>\r
               <!--Optional:-->\r
               <ebil:ValorHasta4>?</ebil:ValorHasta4>\r
            </ebil:CFDCabConexion>\r
         </tem:Facturas>\r
         <!--Optional:-->\r
         <tem:Opciones>\r
            <!--Optional:-->\r
            <ebil:ActualizaProductos>?</ebil:ActualizaProductos>\r
            <!--Optional:-->\r
            <ebil:BuscarXNitXIdInterno>?</ebil:BuscarXNitXIdInterno>\r
            <!--Optional:-->\r
            <ebil:EmisionAutomatica>?</ebil:EmisionAutomatica>\r
            <!--Optional:-->\r
            <ebil:EmisionAutomaticaFXComputador>?</ebil:EmisionAutomaticaFXComputador>\r
            <!--Optional:-->\r
            <ebil:FacturasSinAcuerdo>?</ebil:FacturasSinAcuerdo>\r
            <!--Optional:-->\r
            <ebil:ManejaPlantillasNotificacion>?</ebil:ManejaPlantillasNotificacion>\r
            <!--Optional:-->\r
            <ebil:NoAdjuntarArchivo>?</ebil:NoAdjuntarArchivo>\r
            <!--Optional:-->\r
            <ebil:NoTieneAcuerdosFisicos>?</ebil:NoTieneAcuerdosFisicos>\r
            <!--Optional:-->\r
            <ebil:OrderControl>?</ebil:OrderControl>\r
            <!--Optional:-->\r
            <ebil:TipoCargaDetalle>?</ebil:TipoCargaDetalle>\r
            <!--Optional:-->\r
            <ebil:TipoDocumento>?</ebil:TipoDocumento>\r
            <!--Optional:-->\r
            <ebil:TokenConexion>?</ebil:TokenConexion>\r
            <!--Optional:-->\r
            <ebil:crearVIP>?</ebil:crearVIP>\r
            <!--Optional:-->\r
            <ebil:eBillAdmNumerosFactura>?</ebil:eBillAdmNumerosFactura>\r
         </tem:Opciones>\r
      </tem:NotificarFacturasPagadasTAX>\r
   </soapenv:Body>\r
</soapenv:Envelope>]]></con:request><con:wsaConfig mustUnderstand="NONE" version="200508" action="http://tempuri.org/IIntegracion/NotificarFacturasPagadasTAX"/></con:call></con:operation><con:operation id="f8f0d2b1-1b32-4d3d-9f91-69a9b7d31eb0" isOneWay="false" action="http://tempuri.org/IIntegracion/NuevoEventoLogeBill" name="NuevoEventoLogeBill" bindingOperationName="NuevoEventoLogeBill" type="Request-Response" inputName="" receivesAttachments="false" sendsAttachments="false" anonymous="optional"><con:settings/><con:call id="a4cf68f6-056a-4cb9-b264-c9944c07b198" name="Request 1"><con:settings/><con:encoding>UTF-8</con:encoding><con:endpoint>http://testws.facturaenlinea.co/ServiciosFyM/eBill/Integracion.svc</con:endpoint><con:request><![CDATA[<soapenv:Envelope xmlns:soapenv="http://schemas.xmlsoap.org/soap/envelope/" xmlns:tem="http://tempuri.org/">\r
   <soapenv:Header/>\r
   <soapenv:Body>\r
      <tem:NuevoEventoLogeBill>\r
         <!--Optional:-->\r
         <tem:IdEmpresa>?</tem:IdEmpresa>\r
         <!--Optional:-->\r
         <tem:TipoEvento>?</tem:TipoEvento>\r
         <!--Optional:-->\r
         <tem:IdProc>?</tem:IdProc>\r
         <!--Optional:-->\r
         <tem:IdMensage>?</tem:IdMensage>\r
         <!--Optional:-->\r
         <tem:IdSucursal>?</tem:IdSucursal>\r
         <!--Optional:-->\r
         <tem:Msg>?</tem:Msg>\r
         <!--Optional:-->\r
         <tem:Token>?</tem:Token>\r
      </tem:NuevoEventoLogeBill>\r
   </soapenv:Body>\r
</soapenv:Envelope>]]></con:request><con:wsaConfig mustUnderstand="NONE" version="200508" action="http://tempuri.org/IIntegracion/NuevoEventoLogeBill"/></con:call></con:operation><con:operation id="62dd428f-6c00-41fd-a617-91217b283755" isOneWay="false" action="http://tempuri.org/IIntegracion/ObtenerParametroCliente" name="ObtenerParametroCliente" bindingOperationName="ObtenerParametroCliente" type="Request-Response" inputName="" receivesAttachments="false" sendsAttachments="false" anonymous="optional"><con:settings/><con:call id="053477de-0f5d-4017-aeba-46ff900fbb17" name="Request 1"><con:settings/><con:encoding>UTF-8</con:encoding><con:endpoint>http://testws.facturaenlinea.co/ServiciosFyM/eBill/Integracion.svc</con:endpoint><con:request><![CDATA[<soapenv:Envelope xmlns:soapenv="http://schemas.xmlsoap.org/soap/envelope/" xmlns:tem="http://tempuri.org/">\r
   <soapenv:Header/>\r
   <soapenv:Body>\r
      <tem:ObtenerParametroCliente>\r
         <!--Optional:-->\r
         <tem:IdDocumento>?</tem:IdDocumento>\r
         <!--Optional:-->\r
         <tem:token>?</tem:token>\r
      </tem:ObtenerParametroCliente>\r
   </soapenv:Body>\r
</soapenv:Envelope>]]></con:request><con:wsaConfig mustUnderstand="NONE" version="200508" action="http://tempuri.org/IIntegracion/ObtenerParametroCliente"/></con:call></con:operation><con:operation id="66811875-cd10-40f9-9d44-0db65330bc6a" isOneWay="false" action="http://tempuri.org/IIntegracion/RecepcionDocumentosElectronicos" name="RecepcionDocumentosElectronicos" bindingOperationName="RecepcionDocumentosElectronicos" type="Request-Response" inputName="" receivesAttachments="false" sendsAttachments="false" anonymous="optional"><con:settings/><con:call id="d16eba88-5cfb-4573-bf59-e4dd10ffbc42" name="Request 1"><con:settings/><con:encoding>UTF-8</con:encoding><con:endpoint>http://testws.facturaenlinea.co/ServiciosFyM/eBill/Integracion.svc</con:endpoint><con:request><![CDATA[<soapenv:Envelope xmlns:soapenv="http://schemas.xmlsoap.org/soap/envelope/" xmlns:tem="http://tempuri.org/">\r
   <soapenv:Header/>\r
   <soapenv:Body>\r
      <tem:RecepcionDocumentosElectronicos>\r
         <!--Optional:-->\r
         <tem:TokenAdm>?</tem:TokenAdm>\r
         <!--Optional:-->\r
         <tem:DatosDocEle>?</tem:DatosDocEle>\r
         <!--Optional:-->\r
         <tem:PDFFac>cid:1013668882672</tem:PDFFac>\r
         <!--Optional:-->\r
         <tem:XMLFac>cid:823816705669</tem:XMLFac>\r
         <!--Optional:-->\r
         <tem:ZIPAnexosFac>cid:694511235257</tem:ZIPAnexosFac>\r
      </tem:RecepcionDocumentosElectronicos>\r
   </soapenv:Body>\r
</soapenv:Envelope>]]></con:request><con:wsaConfig mustUnderstand="NONE" version="200508" action="http://tempuri.org/IIntegracion/RecepcionDocumentosElectronicos"/></con:call></con:operation><con:operation id="55ef4f6b-2d53-4fed-b6ff-56f756929ace" isOneWay="false" action="http://tempuri.org/IIntegracion/RechazarDocumentosRadicados" name="RechazarDocumentosRadicados" bindingOperationName="RechazarDocumentosRadicados" type="Request-Response" inputName="" receivesAttachments="false" sendsAttachments="false" anonymous="optional"><con:settings/><con:call id="39d0f1fd-6dd3-4a52-9bd1-e50dc0070075" name="Request 1"><con:settings/><con:encoding>UTF-8</con:encoding><con:endpoint>http://testws.facturaenlinea.co/ServiciosFyM/eBill/Integracion.svc</con:endpoint><con:request><![CDATA[<soapenv:Envelope xmlns:soapenv="http://schemas.xmlsoap.org/soap/envelope/" xmlns:tem="http://tempuri.org/" xmlns:ebil="http://schemas.datacontract.org/2004/07/eBillCore">\r
   <soapenv:Header/>\r
   <soapenv:Body>\r
      <tem:RechazarDocumentosRadicados>\r
         <!--Optional:-->\r
         <tem:FacCab>\r
            <!--Optional:-->\r
            <ebil:AnoAprobacionRes>?</ebil:AnoAprobacionRes>\r
            <!--Optional:-->\r
            <ebil:Base_Impuesto>?</ebil:Base_Impuesto>\r
            <!--Optional:-->\r
            <ebil:CFD_EST_estado_tramit>?</ebil:CFD_EST_estado_tramit>\r
            <!--Optional:-->\r
            <ebil:CFD_Flete>?</ebil:CFD_Flete>\r
            <!--Optional:-->\r
            <ebil:CFD_OtrosCargos>?</ebil:CFD_OtrosCargos>\r
            <!--Optional:-->\r
            <ebil:CFD_Por_Margen>?</ebil:CFD_Por_Margen>\r
            <!--Optional:-->\r
            <ebil:CFD_ResponseCode>?</ebil:CFD_ResponseCode>\r
            <!--Optional:-->\r
            <ebil:CFD_base_ICA_total>?</ebil:CFD_base_ICA_total>\r
            <!--Optional:-->\r
            <ebil:CFD_base_impo_total_nal>?</ebil:CFD_base_impo_total_nal>\r
            <!--Optional:-->\r
            <ebil:CFD_base_impo_total_reg>?</ebil:CFD_base_impo_total_reg>\r
            <!--Optional:-->\r
            <ebil:CFD_campo_texto_10>?</ebil:CFD_campo_texto_10>\r
            <!--Optional:-->\r
            <ebil:CFD_campo_texto_11>?</ebil:CFD_campo_texto_11>\r
            <!--Optional:-->\r
            <ebil:CFD_campo_texto_12>?</ebil:CFD_campo_texto_12>\r
            <!--Optional:-->\r
            <ebil:CFD_campo_texto_13>?</ebil:CFD_campo_texto_13>\r
            <!--Optional:-->\r
            <ebil:CFD_campo_texto_14>?</ebil:CFD_campo_texto_14>\r
            <!--Optional:-->\r
            <ebil:CFD_campo_texto_15>?</ebil:CFD_campo_texto_15>\r
            <!--Optional:-->\r
            <ebil:CFD_campo_texto_16>?</ebil:CFD_campo_texto_16>\r
            <!--Optional:-->\r
            <ebil:CFD_campo_texto_17>?</ebil:CFD_campo_texto_17>\r
            <!--Optional:-->\r
            <ebil:CFD_campo_texto_18>?</ebil:CFD_campo_texto_18>\r
            <!--Optional:-->\r
            <ebil:CFD_campo_texto_19>?</ebil:CFD_campo_texto_19>\r
            <!--Optional:-->\r
            <ebil:CFD_campo_texto_20>?</ebil:CFD_campo_texto_20>\r
            <!--Optional:-->\r
            <ebil:CFD_campo_texto_21>?</ebil:CFD_campo_texto_21>\r
            <!--Optional:-->\r
            <ebil:CFD_campo_texto_22>?</ebil:CFD_campo_texto_22>\r
            <!--Optional:-->\r
            <ebil:CFD_campo_texto_23>?</ebil:CFD_campo_texto_23>\r
            <!--Optional:-->\r
            <ebil:CFD_campo_texto_24>?</ebil:CFD_campo_texto_24>\r
            <!--Optional:-->\r
            <ebil:CFD_campo_texto_25>?</ebil:CFD_campo_texto_25>\r
            <!--Optional:-->\r
            <ebil:CFD_campo_texto_26>?</ebil:CFD_campo_texto_26>\r
            <!--Optional:-->\r
            <ebil:CFD_campo_texto_27>?</ebil:CFD_campo_texto_27>\r
            <!--Optional:-->\r
            <ebil:CFD_campo_texto_28>?</ebil:CFD_campo_texto_28>\r
            <!--Optional:-->\r
            <ebil:CFD_campo_texto_29>?</ebil:CFD_campo_texto_29>\r
            <!--Optional:-->\r
            <ebil:CFD_campo_texto_30>?</ebil:CFD_campo_texto_30>\r
            <!--Optional:-->\r
            <ebil:CFD_campo_texto_9>?</ebil:CFD_campo_texto_9>\r
            <!--Optional:-->\r
            <ebil:CFD_cantidad_dec_1>?</ebil:CFD_cantidad_dec_1>\r
            <!--Optional:-->\r
            <ebil:CFD_cantidad_dec_10>?</ebil:CFD_cantidad_dec_10>\r
            <!--Optional:-->\r
            <ebil:CFD_cantidad_dec_11>?</ebil:CFD_cantidad_dec_11>\r
            <!--Optional:-->\r
            <ebil:CFD_cantidad_dec_12>?</ebil:CFD_cantidad_dec_12>\r
            <!--Optional:-->\r
            <ebil:CFD_cantidad_dec_13>?</ebil:CFD_cantidad_dec_13>\r
            <!--Optional:-->\r
            <ebil:CFD_cantidad_dec_14>?</ebil:CFD_cantidad_dec_14>\r
            <!--Optional:-->\r
            <ebil:CFD_cantidad_dec_15>?</ebil:CFD_cantidad_dec_15>\r
            <!--Optional:-->\r
            <ebil:CFD_cantidad_dec_16>?</ebil:CFD_cantidad_dec_16>\r
            <!--Optional:-->\r
            <ebil:CFD_cantidad_dec_17>?</ebil:CFD_cantidad_dec_17>\r
            <!--Optional:-->\r
            <ebil:CFD_cantidad_dec_18>?</ebil:CFD_cantidad_dec_18>\r
            <!--Optional:-->\r
            <ebil:CFD_cantidad_dec_19>?</ebil:CFD_cantidad_dec_19>\r
            <!--Optional:-->\r
            <ebil:CFD_cantidad_dec_20>?</ebil:CFD_cantidad_dec_20>\r
            <!--Optional:-->\r
            <ebil:CFD_cantidad_dec_21>?</ebil:CFD_cantidad_dec_21>\r
            <!--Optional:-->\r
            <ebil:CFD_cantidad_dec_22>?</ebil:CFD_cantidad_dec_22>\r
            <!--Optional:-->\r
            <ebil:CFD_cantidad_dec_23>?</ebil:CFD_cantidad_dec_23>\r
            <!--Optional:-->\r
            <ebil:CFD_cantidad_dec_24>?</ebil:CFD_cantidad_dec_24>\r
            <!--Optional:-->\r
            <ebil:CFD_cantidad_dec_25>?</ebil:CFD_cantidad_dec_25>\r
            <!--Optional:-->\r
            <ebil:CFD_cantidad_dec_4>?</ebil:CFD_cantidad_dec_4>\r
            <!--Optional:-->\r
            <ebil:CFD_cantidad_dec_5>?</ebil:CFD_cantidad_dec_5>\r
            <!--Optional:-->\r
            <ebil:CFD_cantidad_dec_6>?</ebil:CFD_cantidad_dec_6>\r
            <!--Optional:-->\r
            <ebil:CFD_cantidad_dec_7>?</ebil:CFD_cantidad_dec_7>\r
            <!--Optional:-->\r
            <ebil:CFD_cantidad_dec_8>?</ebil:CFD_cantidad_dec_8>\r
            <!--Optional:-->\r
            <ebil:CFD_cantidad_dec_9>?</ebil:CFD_cantidad_dec_9>\r
            <!--Optional:-->\r
            <ebil:CFD_deducible>?</ebil:CFD_deducible>\r
            <!--Optional:-->\r
            <ebil:CFD_desconexion_servicio>?</ebil:CFD_desconexion_servicio>\r
            <!--Optional:-->\r
            <ebil:CFD_fecha_desconexion>?</ebil:CFD_fecha_desconexion>\r
            <!--Optional:-->\r
            <ebil:CFD_fecha_tasadeCambio>?</ebil:CFD_fecha_tasadeCambio>\r
            <!--Optional:-->\r
            <ebil:CFD_numero_enlace_doc_ref>?</ebil:CFD_numero_enlace_doc_ref>\r
            <!--Optional:-->\r
            <ebil:CFD_porc_rte_ICA>?</ebil:CFD_porc_rte_ICA>\r
            <!--Optional:-->\r
            <ebil:CFD_porc_rte_fuent>?</ebil:CFD_porc_rte_fuent>\r
            <!--Optional:-->\r
            <ebil:CFD_tasa_mora>?</ebil:CFD_tasa_mora>\r
            <!--Optional:-->\r
            <ebil:CFD_tdi_id_tipo_doc_interno>?</ebil:CFD_tdi_id_tipo_doc_interno>\r
            <!--Optional:-->\r
            <ebil:CFD_total_ICA>?</ebil:CFD_total_ICA>\r
            <!--Optional:-->\r
            <ebil:CFD_total_aduana_exp>?</ebil:CFD_total_aduana_exp>\r
            <!--Optional:-->\r
            <ebil:CFD_total_cargos>?</ebil:CFD_total_cargos>\r
            <!--Optional:-->\r
            <ebil:CFD_total_descuentos>?</ebil:CFD_total_descuentos>\r
            <!--Optional:-->\r
            <ebil:CFD_total_margen>?</ebil:CFD_total_margen>\r
            <!--Optional:-->\r
            <ebil:CFD_total_seguro_exp>?</ebil:CFD_total_seguro_exp>\r
            <!--Optional:-->\r
            <ebil:CLI_numero_cliente>?</ebil:CLI_numero_cliente>\r
            <!--Optional:-->\r
            <ebil:CREETotal>?</ebil:CREETotal>\r
            <!--Optional:-->\r
            <ebil:CampoTexto1>?</ebil:CampoTexto1>\r
            <!--Optional:-->\r
            <ebil:CampoTexto2>?</ebil:CampoTexto2>\r
            <!--Optional:-->\r
            <ebil:CampoTexto3>?</ebil:CampoTexto3>\r
            <!--Optional:-->\r
            <ebil:CampoTexto4>?</ebil:CampoTexto4>\r
            <!--Optional:-->\r
            <ebil:CampoTexto5>?</ebil:CampoTexto5>\r
            <!--Optional:-->\r
            <ebil:CampoTexto6>?</ebil:CampoTexto6>\r
            <!--Optional:-->\r
            <ebil:CampoTexto7>?</ebil:CampoTexto7>\r
            <!--Optional:-->\r
            <ebil:CampoTexto8>?</ebil:CampoTexto8>\r
            <!--Optional:-->\r
            <ebil:Cantidad1>?</ebil:Cantidad1>\r
            <!--Optional:-->\r
            <ebil:Cantidad2>?</ebil:Cantidad2>\r
            <!--Optional:-->\r
            <ebil:Cantidad3>?</ebil:Cantidad3>\r
            <!--Optional:-->\r
            <ebil:CantidadDec1>?</ebil:CantidadDec1>\r
            <!--Optional:-->\r
            <ebil:CantidadDec2>?</ebil:CantidadDec2>\r
            <!--Optional:-->\r
            <ebil:CantidadDec3>?</ebil:CantidadDec3>\r
            <!--Optional:-->\r
            <ebil:CiudadDANE>?</ebil:CiudadDANE>\r
            <!--Optional:-->\r
            <ebil:CodVendedor>?</ebil:CodVendedor>\r
            <!--Optional:-->\r
            <ebil:CodigoPostalCliente>?</ebil:CodigoPostalCliente>\r
            <!--Optional:-->\r
            <ebil:CodigoPostalEnvio>?</ebil:CodigoPostalEnvio>\r
            <!--Optional:-->\r
            <ebil:ComprobanteCon>?</ebil:ComprobanteCon>\r
            <!--Optional:-->\r
            <ebil:Condiciones_Pago>?</ebil:Condiciones_Pago>\r
            <!--Optional:-->\r
            <ebil:ContactoCargo>?</ebil:ContactoCargo>\r
            <!--Optional:-->\r
            <ebil:ContactoCorreo>?</ebil:ContactoCorreo>\r
            <!--Optional:-->\r
            <ebil:ContactoNombre>?</ebil:ContactoNombre>\r
            <!--Optional:-->\r
            <ebil:CorreoCliente>?</ebil:CorreoCliente>\r
            <!--Optional:-->\r
            <ebil:DepartamentoDANE>?</ebil:DepartamentoDANE>\r
            <!--Optional:-->\r
            <ebil:DescripcionPlan>?</ebil:DescripcionPlan>\r
            <!--Optional:-->\r
            <ebil:Descuento>?</ebil:Descuento>\r
            <!--Optional:-->\r
            <ebil:DigitoVerificaCliente>?</ebil:DigitoVerificaCliente>\r
            <!--Optional:-->\r
            <ebil:DireccionCliente>?</ebil:DireccionCliente>\r
            <!--Optional:-->\r
            <ebil:EstiloFactura>?</ebil:EstiloFactura>\r
            <!--Optional:-->\r
            <ebil:FechaExpedicion>?</ebil:FechaExpedicion>\r
            <!--Optional:-->\r
            <ebil:FechaFinalPeriodoFacturado>?</ebil:FechaFinalPeriodoFacturado>\r
            <!--Optional:-->\r
            <ebil:FechaInicialPeriodoFacturado>?</ebil:FechaInicialPeriodoFacturado>\r
            <!--Optional:-->\r
            <ebil:FechaVencimiento>?</ebil:FechaVencimiento>\r
            <!--Optional:-->\r
            <ebil:FormaPago>?</ebil:FormaPago>\r
            <!--Optional:-->\r
            <ebil:IDInterno>?</ebil:IDInterno>\r
            <!--Optional:-->\r
            <ebil:IDUbicacionCliente>?</ebil:IDUbicacionCliente>\r
            <!--Optional:-->\r
            <ebil:IDUbicacionEnvio>?</ebil:IDUbicacionEnvio>\r
            <!--Optional:-->\r
            <ebil:IdPlan>?</ebil:IdPlan>\r
            <!--Optional:-->\r
            <ebil:IdSucursal>?</ebil:IdSucursal>\r
            <!--Optional:-->\r
            <ebil:Incoterm>?</ebil:Incoterm>\r
            <!--Optional:-->\r
            <ebil:InfoAdicional>?</ebil:InfoAdicional>\r
            <!--Optional:-->\r
            <ebil:LugarTerminosEntrega>?</ebil:LugarTerminosEntrega>\r
            <!--Optional:-->\r
            <ebil:MesCausado>?</ebil:MesCausado>\r
            <!--Optional:-->\r
            <ebil:MonedaISO>?</ebil:MonedaISO>\r
            <!--Optional:-->\r
            <ebil:NitCliente>?</ebil:NitCliente>\r
            <!--Optional:-->\r
            <ebil:NitEmpresa>?</ebil:NitEmpresa>\r
            <!--Optional:-->\r
            <ebil:NombreCliente>?</ebil:NombreCliente>\r
            <!--Optional:-->\r
            <ebil:NombrePlan>?</ebil:NombrePlan>\r
            <!--Optional:-->\r
            <ebil:NombreVendedor>?</ebil:NombreVendedor>\r
            <!--Optional:-->\r
            <ebil:NumAprobacionRes>?</ebil:NumAprobacionRes>\r
            <!--Optional:-->\r
            <ebil:NumFactura>?</ebil:NumFactura>\r
            <!--Optional:-->\r
            <ebil:OrderID>?</ebil:OrderID>\r
            <!--Optional:-->\r
            <ebil:PAI_ISO_3166>?</ebil:PAI_ISO_3166>\r
            <!--Optional:-->\r
            <ebil:PagoAnterior>?</ebil:PagoAnterior>\r
            <!--Optional:-->\r
            <ebil:Prefijo>?</ebil:Prefijo>\r
            <!--Optional:-->\r
            <ebil:ReferenciaCliente>?</ebil:ReferenciaCliente>\r
            <!--Optional:-->\r
            <ebil:RetencionCREETotal>?</ebil:RetencionCREETotal>\r
            <!--Optional:-->\r
            <ebil:SMSXDoc>?</ebil:SMSXDoc>\r
            <!--Optional:-->\r
            <ebil:SaldoAnterior>?</ebil:SaldoAnterior>\r
            <!--Optional:-->\r
            <ebil:SubTotal>?</ebil:SubTotal>\r
            <!--Optional:-->\r
            <ebil:SubTotalSegunMon>?</ebil:SubTotalSegunMon>\r
            <!--Optional:-->\r
            <ebil:Sucursal>?</ebil:Sucursal>\r
            <!--Optional:-->\r
            <ebil:TIP_id_tipo_persona>?</ebil:TIP_id_tipo_persona>\r
            <!--Optional:-->\r
            <ebil:TasaCambio>?</ebil:TasaCambio>\r
            <!--Optional:-->\r
            <ebil:TelefonoCliente>?</ebil:TelefonoCliente>\r
            <!--Optional:-->\r
            <ebil:Texto3>?</ebil:Texto3>\r
            <!--Optional:-->\r
            <ebil:TieneAcuerdo>?</ebil:TieneAcuerdo>\r
            <!--Optional:-->\r
            <ebil:TipoComprobante>?</ebil:TipoComprobante>\r
            <!--Optional:-->\r
            <ebil:TipoContribuyente>?</ebil:TipoContribuyente>\r
            <!--Optional:-->\r
            <ebil:TipoIDCliente>?</ebil:TipoIDCliente>\r
            <!--Optional:-->\r
            <ebil:Total>?</ebil:Total>\r
            <!--Optional:-->\r
            <ebil:TotalIVA>?</ebil:TotalIVA>\r
            <!--Optional:-->\r
            <ebil:TotalIVASegunMon>?</ebil:TotalIVASegunMon>\r
            <!--Optional:-->\r
            <ebil:TotalRetICA>?</ebil:TotalRetICA>\r
            <!--Optional:-->\r
            <ebil:TotalRetIVA>?</ebil:TotalRetIVA>\r
            <!--Optional:-->\r
            <ebil:TotalRetencion>?</ebil:TotalRetencion>\r
            <!--Optional:-->\r
            <ebil:TotalSegunMon>?</ebil:TotalSegunMon>\r
            <!--Optional:-->\r
            <ebil:TotalTraslado>?</ebil:TotalTraslado>\r
            <!--Optional:-->\r
            <ebil:Total_a_Pagar>?</ebil:Total_a_Pagar>\r
            <!--Optional:-->\r
            <ebil:ValorHasta1>?</ebil:ValorHasta1>\r
            <!--Optional:-->\r
            <ebil:ValorHasta2>?</ebil:ValorHasta2>\r
            <!--Optional:-->\r
            <ebil:ValorHasta3>?</ebil:ValorHasta3>\r
            <!--Optional:-->\r
            <ebil:ValorHasta4>?</ebil:ValorHasta4>\r
            <!--Optional:-->\r
            <ebil:cfd_activa_nota1>?</ebil:cfd_activa_nota1>\r
            <!--Optional:-->\r
            <ebil:ciudad_envio>?</ebil:ciudad_envio>\r
            <!--Optional:-->\r
            <ebil:code1>?</ebil:code1>\r
            <!--Optional:-->\r
            <ebil:code2>?</ebil:code2>\r
            <!--Optional:-->\r
            <ebil:code3>?</ebil:code3>\r
            <!--Optional:-->\r
            <ebil:curso>?</ebil:curso>\r
            <!--Optional:-->\r
            <ebil:departamento_envio>?</ebil:departamento_envio>\r
            <!--Optional:-->\r
            <ebil:direccion_envio>?</ebil:direccion_envio>\r
            <!--Optional:-->\r
            <ebil:numero_envio>?</ebil:numero_envio>\r
            <!--Optional:-->\r
            <ebil:orden_venta>?</ebil:orden_venta>\r
            <!--Optional:-->\r
            <ebil:pague_hasta1>?</ebil:pague_hasta1>\r
            <!--Optional:-->\r
            <ebil:pague_hasta2>?</ebil:pague_hasta2>\r
            <!--Optional:-->\r
            <ebil:pague_hasta3>?</ebil:pague_hasta3>\r
            <!--Optional:-->\r
            <ebil:referencia>?</ebil:referencia>\r
            <!--Optional:-->\r
            <ebil:referencia1>?</ebil:referencia1>\r
            <!--Optional:-->\r
            <ebil:referencia_envio>?</ebil:referencia_envio>\r
            <!--Optional:-->\r
            <ebil:telefono_envio>?</ebil:telefono_envio>\r
         </tem:FacCab>\r
         <!--Optional:-->\r
         <tem:Opciones>\r
            <!--Optional:-->\r
            <ebil:ActualizaProductos>?</ebil:ActualizaProductos>\r
            <!--Optional:-->\r
            <ebil:BuscarXNitXIdInterno>?</ebil:BuscarXNitXIdInterno>\r
            <!--Optional:-->\r
            <ebil:EmisionAutomatica>?</ebil:EmisionAutomatica>\r
            <!--Optional:-->\r
            <ebil:EmisionAutomaticaFXComputador>?</ebil:EmisionAutomaticaFXComputador>\r
            <!--Optional:-->\r
            <ebil:FacturasSinAcuerdo>?</ebil:FacturasSinAcuerdo>\r
            <!--Optional:-->\r
            <ebil:ManejaPlantillasNotificacion>?</ebil:ManejaPlantillasNotificacion>\r
            <!--Optional:-->\r
            <ebil:NoAdjuntarArchivo>?</ebil:NoAdjuntarArchivo>\r
            <!--Optional:-->\r
            <ebil:NoTieneAcuerdosFisicos>?</ebil:NoTieneAcuerdosFisicos>\r
            <!--Optional:-->\r
            <ebil:OrderControl>?</ebil:OrderControl>\r
            <!--Optional:-->\r
            <ebil:TipoCargaDetalle>?</ebil:TipoCargaDetalle>\r
            <!--Optional:-->\r
            <ebil:TipoDocumento>?</ebil:TipoDocumento>\r
            <!--Optional:-->\r
            <ebil:TokenConexion>?</ebil:TokenConexion>\r
            <!--Optional:-->\r
            <ebil:crearVIP>?</ebil:crearVIP>\r
            <!--Optional:-->\r
            <ebil:eBillAdmNumerosFactura>?</ebil:eBillAdmNumerosFactura>\r
         </tem:Opciones>\r
         <!--Optional:-->\r
         <tem:fechaRechazo>?</tem:fechaRechazo>\r
         <!--Optional:-->\r
         <tem:motivoRechazo>?</tem:motivoRechazo>\r
      </tem:RechazarDocumentosRadicados>\r
   </soapenv:Body>\r
</soapenv:Envelope>]]></con:request><con:wsaConfig mustUnderstand="NONE" version="200508" action="http://tempuri.org/IIntegracion/RechazarDocumentosRadicados"/></con:call></con:operation><con:operation id="b5561b8c-89fe-4c4e-8200-07d1e506018a" isOneWay="false" action="http://tempuri.org/IIntegracion/RechazarDocumentosRadicadosNotificacionDIAN" name="RechazarDocumentosRadicadosNotificacionDIAN" bindingOperationName="RechazarDocumentosRadicadosNotificacionDIAN" type="Request-Response" inputName="" receivesAttachments="false" sendsAttachments="false" anonymous="optional"><con:settings/><con:call id="ab906969-aa3e-4679-bdd8-b8ea0333c30c" name="Request 1"><con:settings><con:setting id="com.eviware.soapui.impl.wsdl.WsdlRequest@request-headers">&lt;xml-fragment/></con:setting></con:settings><con:encoding>UTF-8</con:encoding><con:endpoint>http://testws.facturaenlinea.co/ServiciosFyM/eBill/Integracion.svc</con:endpoint><con:request><![CDATA[<soapenv:Envelope xmlns:soapenv="http://schemas.xmlsoap.org/soap/envelope/" xmlns:tem="http://tempuri.org/" xmlns:ebil="http://schemas.datacontract.org/2004/07/eBillCore">
   <soapenv:Header/>
   <soapenv:Body>
      <tem:RechazarDocumentosRadicadosNotificacionDIAN>
         <!--Optional:-->
         <tem:FacCab>
            <ebil:NitCliente>988785122</ebil:NitCliente>
            <ebil:NitEmpresa>900123895</ebil:NitEmpresa>

            <ebil:NumFactura>12341</ebil:NumFactura>
            <!--ebil:OrderID>?</ebil:OrderID:-->
            <ebil:Prefijo>cfd</ebil:Prefijo>
            <ebil:TipoComprobante>1</ebil:TipoComprobante>
         </tem:FacCab>
         <tem:Opciones>
            <ebil:TokenConexion>94B69F1E-430D-4A2D-85F1-137D1F7A5F13</ebil:TokenConexion>
         </tem:Opciones>
         <tem:sFechaRechazo>2022-01-03</tem:sFechaRechazo>
         <tem:iIdMotivoRechazo>1</tem:iIdMotivoRechazo>
         <tem:sCorreoRechaza>kevinrodriguez@fymtech.com</tem:sCorreoRechaza>
         <tem:sNombreRechaza>Kevin Rodriguez</tem:sNombreRechaza>
      </tem:RechazarDocumentosRadicadosNotificacionDIAN>
   </soapenv:Body>
</soapenv:Envelope>
]]></con:request><con:credentials><con:authType>No Authorization</con:authType></con:credentials><con:jmsConfig JMSDeliveryMode="PERSISTENT"/><con:jmsPropertyConfig/><con:wsaConfig mustUnderstand="NONE" version="200508" action="http://tempuri.org/IIntegracion/RechazarDocumentosRadicadosNotificacionDIAN"/><con:wsrmConfig version="1.2"/></con:call></con:operation><con:operation id="72ec0e90-aff5-40da-8cd9-a536030dd717" isOneWay="false" action="http://tempuri.org/IIntegracion/RecibePDFNumrot" name="RecibePDFNumrot" bindingOperationName="RecibePDFNumrot" type="Request-Response" inputName="" receivesAttachments="false" sendsAttachments="false" anonymous="optional"><con:settings/><con:call id="e22a7fee-3ccf-442c-8259-d8ca667b10a0" name="Request 1"><con:settings/><con:encoding>UTF-8</con:encoding><con:endpoint>http://testws.facturaenlinea.co/ServiciosFyM/eBill/Integracion.svc</con:endpoint><con:request><![CDATA[<soapenv:Envelope xmlns:soapenv="http://schemas.xmlsoap.org/soap/envelope/" xmlns:tem="http://tempuri.org/">\r
   <soapenv:Header/>\r
   <soapenv:Body>\r
      <tem:RecibePDFNumrot>\r
         <!--Optional:-->\r
         <tem:DatosBasicosFactura>?</tem:DatosBasicosFactura>\r
         <!--Optional:-->\r
         <tem:ArchivopPDF>cid:179831151370</tem:ArchivopPDF>\r
         <!--Optional:-->\r
         <tem:Actualiza>?</tem:Actualiza>\r
      </tem:RecibePDFNumrot>\r
   </soapenv:Body>\r
</soapenv:Envelope>]]></con:request><con:wsaConfig mustUnderstand="NONE" version="200508" action="http://tempuri.org/IIntegracion/RecibePDFNumrot"/></con:call></con:operation><con:operation id="86f8bea7-b915-4d01-9a46-427467fc6ed8" isOneWay="false" action="http://tempuri.org/IIntegracion/ReciboBienServicioRadicadosNotificacionDIAN" name="ReciboBienServicioRadicadosNotificacionDIAN" bindingOperationName="ReciboBienServicioRadicadosNotificacionDIAN" type="Request-Response" inputName="" receivesAttachments="false" sendsAttachments="false" anonymous="optional"><con:settings/><con:call id="9ce17135-41c1-4a19-9ad1-eb6dec4d7fe3" name="Request 1"><con:settings/><con:encoding>UTF-8</con:encoding><con:endpoint>http://testws.facturaenlinea.co/ServiciosFyM/eBill/Integracion.svc</con:endpoint><con:request><![CDATA[<soapenv:Envelope xmlns:soapenv="http://schemas.xmlsoap.org/soap/envelope/" xmlns:tem="http://tempuri.org/" xmlns:ebil="http://schemas.datacontract.org/2004/07/eBillCore">\r
   <soapenv:Header/>\r
   <soapenv:Body>\r
      <tem:ReciboBienServicioRadicadosNotificacionDIAN>\r
         <!--Optional:-->\r
         <tem:FacCab>\r
            <!--Optional:-->\r
            <ebil:AnoAprobacionRes>?</ebil:AnoAprobacionRes>\r
            <!--Optional:-->\r
            <ebil:Base_Impuesto>?</ebil:Base_Impuesto>\r
            <!--Optional:-->\r
            <ebil:CFD_EST_estado_tramit>?</ebil:CFD_EST_estado_tramit>\r
            <!--Optional:-->\r
            <ebil:CFD_Flete>?</ebil:CFD_Flete>\r
            <!--Optional:-->\r
            <ebil:CFD_OtrosCargos>?</ebil:CFD_OtrosCargos>\r
            <!--Optional:-->\r
            <ebil:CFD_Por_Margen>?</ebil:CFD_Por_Margen>\r
            <!--Optional:-->\r
            <ebil:CFD_ResponseCode>?</ebil:CFD_ResponseCode>\r
            <!--Optional:-->\r
            <ebil:CFD_base_ICA_total>?</ebil:CFD_base_ICA_total>\r
            <!--Optional:-->\r
            <ebil:CFD_base_impo_total_nal>?</ebil:CFD_base_impo_total_nal>\r
            <!--Optional:-->\r
            <ebil:CFD_base_impo_total_reg>?</ebil:CFD_base_impo_total_reg>\r
            <!--Optional:-->\r
            <ebil:CFD_campo_texto_10>?</ebil:CFD_campo_texto_10>\r
            <!--Optional:-->\r
            <ebil:CFD_campo_texto_11>?</ebil:CFD_campo_texto_11>\r
            <!--Optional:-->\r
            <ebil:CFD_campo_texto_12>?</ebil:CFD_campo_texto_12>\r
            <!--Optional:-->\r
            <ebil:CFD_campo_texto_13>?</ebil:CFD_campo_texto_13>\r
            <!--Optional:-->\r
            <ebil:CFD_campo_texto_14>?</ebil:CFD_campo_texto_14>\r
            <!--Optional:-->\r
            <ebil:CFD_campo_texto_15>?</ebil:CFD_campo_texto_15>\r
            <!--Optional:-->\r
            <ebil:CFD_campo_texto_16>?</ebil:CFD_campo_texto_16>\r
            <!--Optional:-->\r
            <ebil:CFD_campo_texto_17>?</ebil:CFD_campo_texto_17>\r
            <!--Optional:-->\r
            <ebil:CFD_campo_texto_18>?</ebil:CFD_campo_texto_18>\r
            <!--Optional:-->\r
            <ebil:CFD_campo_texto_19>?</ebil:CFD_campo_texto_19>\r
            <!--Optional:-->\r
            <ebil:CFD_campo_texto_20>?</ebil:CFD_campo_texto_20>\r
            <!--Optional:-->\r
            <ebil:CFD_campo_texto_21>?</ebil:CFD_campo_texto_21>\r
            <!--Optional:-->\r
            <ebil:CFD_campo_texto_22>?</ebil:CFD_campo_texto_22>\r
            <!--Optional:-->\r
            <ebil:CFD_campo_texto_23>?</ebil:CFD_campo_texto_23>\r
            <!--Optional:-->\r
            <ebil:CFD_campo_texto_24>?</ebil:CFD_campo_texto_24>\r
            <!--Optional:-->\r
            <ebil:CFD_campo_texto_25>?</ebil:CFD_campo_texto_25>\r
            <!--Optional:-->\r
            <ebil:CFD_campo_texto_26>?</ebil:CFD_campo_texto_26>\r
            <!--Optional:-->\r
            <ebil:CFD_campo_texto_27>?</ebil:CFD_campo_texto_27>\r
            <!--Optional:-->\r
            <ebil:CFD_campo_texto_28>?</ebil:CFD_campo_texto_28>\r
            <!--Optional:-->\r
            <ebil:CFD_campo_texto_29>?</ebil:CFD_campo_texto_29>\r
            <!--Optional:-->\r
            <ebil:CFD_campo_texto_30>?</ebil:CFD_campo_texto_30>\r
            <!--Optional:-->\r
            <ebil:CFD_campo_texto_9>?</ebil:CFD_campo_texto_9>\r
            <!--Optional:-->\r
            <ebil:CFD_cantidad_dec_1>?</ebil:CFD_cantidad_dec_1>\r
            <!--Optional:-->\r
            <ebil:CFD_cantidad_dec_10>?</ebil:CFD_cantidad_dec_10>\r
            <!--Optional:-->\r
            <ebil:CFD_cantidad_dec_11>?</ebil:CFD_cantidad_dec_11>\r
            <!--Optional:-->\r
            <ebil:CFD_cantidad_dec_12>?</ebil:CFD_cantidad_dec_12>\r
            <!--Optional:-->\r
            <ebil:CFD_cantidad_dec_13>?</ebil:CFD_cantidad_dec_13>\r
            <!--Optional:-->\r
            <ebil:CFD_cantidad_dec_14>?</ebil:CFD_cantidad_dec_14>\r
            <!--Optional:-->\r
            <ebil:CFD_cantidad_dec_15>?</ebil:CFD_cantidad_dec_15>\r
            <!--Optional:-->\r
            <ebil:CFD_cantidad_dec_16>?</ebil:CFD_cantidad_dec_16>\r
            <!--Optional:-->\r
            <ebil:CFD_cantidad_dec_17>?</ebil:CFD_cantidad_dec_17>\r
            <!--Optional:-->\r
            <ebil:CFD_cantidad_dec_18>?</ebil:CFD_cantidad_dec_18>\r
            <!--Optional:-->\r
            <ebil:CFD_cantidad_dec_19>?</ebil:CFD_cantidad_dec_19>\r
            <!--Optional:-->\r
            <ebil:CFD_cantidad_dec_20>?</ebil:CFD_cantidad_dec_20>\r
            <!--Optional:-->\r
            <ebil:CFD_cantidad_dec_21>?</ebil:CFD_cantidad_dec_21>\r
            <!--Optional:-->\r
            <ebil:CFD_cantidad_dec_22>?</ebil:CFD_cantidad_dec_22>\r
            <!--Optional:-->\r
            <ebil:CFD_cantidad_dec_23>?</ebil:CFD_cantidad_dec_23>\r
            <!--Optional:-->\r
            <ebil:CFD_cantidad_dec_24>?</ebil:CFD_cantidad_dec_24>\r
            <!--Optional:-->\r
            <ebil:CFD_cantidad_dec_25>?</ebil:CFD_cantidad_dec_25>\r
            <!--Optional:-->\r
            <ebil:CFD_cantidad_dec_4>?</ebil:CFD_cantidad_dec_4>\r
            <!--Optional:-->\r
            <ebil:CFD_cantidad_dec_5>?</ebil:CFD_cantidad_dec_5>\r
            <!--Optional:-->\r
            <ebil:CFD_cantidad_dec_6>?</ebil:CFD_cantidad_dec_6>\r
            <!--Optional:-->\r
            <ebil:CFD_cantidad_dec_7>?</ebil:CFD_cantidad_dec_7>\r
            <!--Optional:-->\r
            <ebil:CFD_cantidad_dec_8>?</ebil:CFD_cantidad_dec_8>\r
            <!--Optional:-->\r
            <ebil:CFD_cantidad_dec_9>?</ebil:CFD_cantidad_dec_9>\r
            <!--Optional:-->\r
            <ebil:CFD_deducible>?</ebil:CFD_deducible>\r
            <!--Optional:-->\r
            <ebil:CFD_desconexion_servicio>?</ebil:CFD_desconexion_servicio>\r
            <!--Optional:-->\r
            <ebil:CFD_fecha_desconexion>?</ebil:CFD_fecha_desconexion>\r
            <!--Optional:-->\r
            <ebil:CFD_fecha_tasadeCambio>?</ebil:CFD_fecha_tasadeCambio>\r
            <!--Optional:-->\r
            <ebil:CFD_numero_enlace_doc_ref>?</ebil:CFD_numero_enlace_doc_ref>\r
            <!--Optional:-->\r
            <ebil:CFD_porc_rte_ICA>?</ebil:CFD_porc_rte_ICA>\r
            <!--Optional:-->\r
            <ebil:CFD_porc_rte_fuent>?</ebil:CFD_porc_rte_fuent>\r
            <!--Optional:-->\r
            <ebil:CFD_tasa_mora>?</ebil:CFD_tasa_mora>\r
            <!--Optional:-->\r
            <ebil:CFD_tdi_id_tipo_doc_interno>?</ebil:CFD_tdi_id_tipo_doc_interno>\r
            <!--Optional:-->\r
            <ebil:CFD_total_ICA>?</ebil:CFD_total_ICA>\r
            <!--Optional:-->\r
            <ebil:CFD_total_aduana_exp>?</ebil:CFD_total_aduana_exp>\r
            <!--Optional:-->\r
            <ebil:CFD_total_cargos>?</ebil:CFD_total_cargos>\r
            <!--Optional:-->\r
            <ebil:CFD_total_descuentos>?</ebil:CFD_total_descuentos>\r
            <!--Optional:-->\r
            <ebil:CFD_total_margen>?</ebil:CFD_total_margen>\r
            <!--Optional:-->\r
            <ebil:CFD_total_seguro_exp>?</ebil:CFD_total_seguro_exp>\r
            <!--Optional:-->\r
            <ebil:CLI_numero_cliente>?</ebil:CLI_numero_cliente>\r
            <!--Optional:-->\r
            <ebil:CREETotal>?</ebil:CREETotal>\r
            <!--Optional:-->\r
            <ebil:CampoTexto1>?</ebil:CampoTexto1>\r
            <!--Optional:-->\r
            <ebil:CampoTexto2>?</ebil:CampoTexto2>\r
            <!--Optional:-->\r
            <ebil:CampoTexto3>?</ebil:CampoTexto3>\r
            <!--Optional:-->\r
            <ebil:CampoTexto4>?</ebil:CampoTexto4>\r
            <!--Optional:-->\r
            <ebil:CampoTexto5>?</ebil:CampoTexto5>\r
            <!--Optional:-->\r
            <ebil:CampoTexto6>?</ebil:CampoTexto6>\r
            <!--Optional:-->\r
            <ebil:CampoTexto7>?</ebil:CampoTexto7>\r
            <!--Optional:-->\r
            <ebil:CampoTexto8>?</ebil:CampoTexto8>\r
            <!--Optional:-->\r
            <ebil:Cantidad1>?</ebil:Cantidad1>\r
            <!--Optional:-->\r
            <ebil:Cantidad2>?</ebil:Cantidad2>\r
            <!--Optional:-->\r
            <ebil:Cantidad3>?</ebil:Cantidad3>\r
            <!--Optional:-->\r
            <ebil:CantidadDec1>?</ebil:CantidadDec1>\r
            <!--Optional:-->\r
            <ebil:CantidadDec2>?</ebil:CantidadDec2>\r
            <!--Optional:-->\r
            <ebil:CantidadDec3>?</ebil:CantidadDec3>\r
            <!--Optional:-->\r
            <ebil:CiudadDANE>?</ebil:CiudadDANE>\r
            <!--Optional:-->\r
            <ebil:CodVendedor>?</ebil:CodVendedor>\r
            <!--Optional:-->\r
            <ebil:CodigoPostalCliente>?</ebil:CodigoPostalCliente>\r
            <!--Optional:-->\r
            <ebil:CodigoPostalEnvio>?</ebil:CodigoPostalEnvio>\r
            <!--Optional:-->\r
            <ebil:ComprobanteCon>?</ebil:ComprobanteCon>\r
            <!--Optional:-->\r
            <ebil:Condiciones_Pago>?</ebil:Condiciones_Pago>\r
            <!--Optional:-->\r
            <ebil:ContactoCargo>?</ebil:ContactoCargo>\r
            <!--Optional:-->\r
            <ebil:ContactoCorreo>?</ebil:ContactoCorreo>\r
            <!--Optional:-->\r
            <ebil:ContactoNombre>?</ebil:ContactoNombre>\r
            <!--Optional:-->\r
            <ebil:CorreoCliente>?</ebil:CorreoCliente>\r
            <!--Optional:-->\r
            <ebil:DepartamentoDANE>?</ebil:DepartamentoDANE>\r
            <!--Optional:-->\r
            <ebil:DescripcionPlan>?</ebil:DescripcionPlan>\r
            <!--Optional:-->\r
            <ebil:Descuento>?</ebil:Descuento>\r
            <!--Optional:-->\r
            <ebil:DigitoVerificaCliente>?</ebil:DigitoVerificaCliente>\r
            <!--Optional:-->\r
            <ebil:DireccionCliente>?</ebil:DireccionCliente>\r
            <!--Optional:-->\r
            <ebil:EstiloFactura>?</ebil:EstiloFactura>\r
            <!--Optional:-->\r
            <ebil:FechaExpedicion>?</ebil:FechaExpedicion>\r
            <!--Optional:-->\r
            <ebil:FechaFinalPeriodoFacturado>?</ebil:FechaFinalPeriodoFacturado>\r
            <!--Optional:-->\r
            <ebil:FechaInicialPeriodoFacturado>?</ebil:FechaInicialPeriodoFacturado>\r
            <!--Optional:-->\r
            <ebil:FechaVencimiento>?</ebil:FechaVencimiento>\r
            <!--Optional:-->\r
            <ebil:FormaPago>?</ebil:FormaPago>\r
            <!--Optional:-->\r
            <ebil:IDInterno>?</ebil:IDInterno>\r
            <!--Optional:-->\r
            <ebil:IDUbicacionCliente>?</ebil:IDUbicacionCliente>\r
            <!--Optional:-->\r
            <ebil:IDUbicacionEnvio>?</ebil:IDUbicacionEnvio>\r
            <!--Optional:-->\r
            <ebil:IdPlan>?</ebil:IdPlan>\r
            <!--Optional:-->\r
            <ebil:IdSucursal>?</ebil:IdSucursal>\r
            <!--Optional:-->\r
            <ebil:Incoterm>?</ebil:Incoterm>\r
            <!--Optional:-->\r
            <ebil:InfoAdicional>?</ebil:InfoAdicional>\r
            <!--Optional:-->\r
            <ebil:LugarTerminosEntrega>?</ebil:LugarTerminosEntrega>\r
            <!--Optional:-->\r
            <ebil:MesCausado>?</ebil:MesCausado>\r
            <!--Optional:-->\r
            <ebil:MonedaISO>?</ebil:MonedaISO>\r
            <!--Optional:-->\r
            <ebil:NitCliente>?</ebil:NitCliente>\r
            <!--Optional:-->\r
            <ebil:NitEmpresa>?</ebil:NitEmpresa>\r
            <!--Optional:-->\r
            <ebil:NombreCliente>?</ebil:NombreCliente>\r
            <!--Optional:-->\r
            <ebil:NombrePlan>?</ebil:NombrePlan>\r
            <!--Optional:-->\r
            <ebil:NombreVendedor>?</ebil:NombreVendedor>\r
            <!--Optional:-->\r
            <ebil:NumAprobacionRes>?</ebil:NumAprobacionRes>\r
            <!--Optional:-->\r
            <ebil:NumFactura>?</ebil:NumFactura>\r
            <!--Optional:-->\r
            <ebil:OrderID>?</ebil:OrderID>\r
            <!--Optional:-->\r
            <ebil:PAI_ISO_3166>?</ebil:PAI_ISO_3166>\r
            <!--Optional:-->\r
            <ebil:PagoAnterior>?</ebil:PagoAnterior>\r
            <!--Optional:-->\r
            <ebil:Prefijo>?</ebil:Prefijo>\r
            <!--Optional:-->\r
            <ebil:ReferenciaCliente>?</ebil:ReferenciaCliente>\r
            <!--Optional:-->\r
            <ebil:RetencionCREETotal>?</ebil:RetencionCREETotal>\r
            <!--Optional:-->\r
            <ebil:SMSXDoc>?</ebil:SMSXDoc>\r
            <!--Optional:-->\r
            <ebil:SaldoAnterior>?</ebil:SaldoAnterior>\r
            <!--Optional:-->\r
            <ebil:SubTotal>?</ebil:SubTotal>\r
            <!--Optional:-->\r
            <ebil:SubTotalSegunMon>?</ebil:SubTotalSegunMon>\r
            <!--Optional:-->\r
            <ebil:Sucursal>?</ebil:Sucursal>\r
            <!--Optional:-->\r
            <ebil:TIP_id_tipo_persona>?</ebil:TIP_id_tipo_persona>\r
            <!--Optional:-->\r
            <ebil:TasaCambio>?</ebil:TasaCambio>\r
            <!--Optional:-->\r
            <ebil:TelefonoCliente>?</ebil:TelefonoCliente>\r
            <!--Optional:-->\r
            <ebil:Texto3>?</ebil:Texto3>\r
            <!--Optional:-->\r
            <ebil:TieneAcuerdo>?</ebil:TieneAcuerdo>\r
            <!--Optional:-->\r
            <ebil:TipoComprobante>?</ebil:TipoComprobante>\r
            <!--Optional:-->\r
            <ebil:TipoContribuyente>?</ebil:TipoContribuyente>\r
            <!--Optional:-->\r
            <ebil:TipoIDCliente>?</ebil:TipoIDCliente>\r
            <!--Optional:-->\r
            <ebil:Total>?</ebil:Total>\r
            <!--Optional:-->\r
            <ebil:TotalIVA>?</ebil:TotalIVA>\r
            <!--Optional:-->\r
            <ebil:TotalIVASegunMon>?</ebil:TotalIVASegunMon>\r
            <!--Optional:-->\r
            <ebil:TotalRetICA>?</ebil:TotalRetICA>\r
            <!--Optional:-->\r
            <ebil:TotalRetIVA>?</ebil:TotalRetIVA>\r
            <!--Optional:-->\r
            <ebil:TotalRetencion>?</ebil:TotalRetencion>\r
            <!--Optional:-->\r
            <ebil:TotalSegunMon>?</ebil:TotalSegunMon>\r
            <!--Optional:-->\r
            <ebil:TotalTraslado>?</ebil:TotalTraslado>\r
            <!--Optional:-->\r
            <ebil:Total_a_Pagar>?</ebil:Total_a_Pagar>\r
            <!--Optional:-->\r
            <ebil:ValorHasta1>?</ebil:ValorHasta1>\r
            <!--Optional:-->\r
            <ebil:ValorHasta2>?</ebil:ValorHasta2>\r
            <!--Optional:-->\r
            <ebil:ValorHasta3>?</ebil:ValorHasta3>\r
            <!--Optional:-->\r
            <ebil:ValorHasta4>?</ebil:ValorHasta4>\r
            <!--Optional:-->\r
            <ebil:cfd_activa_nota1>?</ebil:cfd_activa_nota1>\r
            <!--Optional:-->\r
            <ebil:ciudad_envio>?</ebil:ciudad_envio>\r
            <!--Optional:-->\r
            <ebil:code1>?</ebil:code1>\r
            <!--Optional:-->\r
            <ebil:code2>?</ebil:code2>\r
            <!--Optional:-->\r
            <ebil:code3>?</ebil:code3>\r
            <!--Optional:-->\r
            <ebil:curso>?</ebil:curso>\r
            <!--Optional:-->\r
            <ebil:departamento_envio>?</ebil:departamento_envio>\r
            <!--Optional:-->\r
            <ebil:direccion_envio>?</ebil:direccion_envio>\r
            <!--Optional:-->\r
            <ebil:numero_envio>?</ebil:numero_envio>\r
            <!--Optional:-->\r
            <ebil:orden_venta>?</ebil:orden_venta>\r
            <!--Optional:-->\r
            <ebil:pague_hasta1>?</ebil:pague_hasta1>\r
            <!--Optional:-->\r
            <ebil:pague_hasta2>?</ebil:pague_hasta2>\r
            <!--Optional:-->\r
            <ebil:pague_hasta3>?</ebil:pague_hasta3>\r
            <!--Optional:-->\r
            <ebil:referencia>?</ebil:referencia>\r
            <!--Optional:-->\r
            <ebil:referencia1>?</ebil:referencia1>\r
            <!--Optional:-->\r
            <ebil:referencia_envio>?</ebil:referencia_envio>\r
            <!--Optional:-->\r
            <ebil:telefono_envio>?</ebil:telefono_envio>\r
         </tem:FacCab>\r
         <!--Optional:-->\r
         <tem:Opciones>\r
            <!--Optional:-->\r
            <ebil:ActualizaProductos>?</ebil:ActualizaProductos>\r
            <!--Optional:-->\r
            <ebil:BuscarXNitXIdInterno>?</ebil:BuscarXNitXIdInterno>\r
            <!--Optional:-->\r
            <ebil:EmisionAutomatica>?</ebil:EmisionAutomatica>\r
            <!--Optional:-->\r
            <ebil:EmisionAutomaticaFXComputador>?</ebil:EmisionAutomaticaFXComputador>\r
            <!--Optional:-->\r
            <ebil:FacturasSinAcuerdo>?</ebil:FacturasSinAcuerdo>\r
            <!--Optional:-->\r
            <ebil:ManejaPlantillasNotificacion>?</ebil:ManejaPlantillasNotificacion>\r
            <!--Optional:-->\r
            <ebil:NoAdjuntarArchivo>?</ebil:NoAdjuntarArchivo>\r
            <!--Optional:-->\r
            <ebil:NoTieneAcuerdosFisicos>?</ebil:NoTieneAcuerdosFisicos>\r
            <!--Optional:-->\r
            <ebil:OrderControl>?</ebil:OrderControl>\r
            <!--Optional:-->\r
            <ebil:TipoCargaDetalle>?</ebil:TipoCargaDetalle>\r
            <!--Optional:-->\r
            <ebil:TipoDocumento>?</ebil:TipoDocumento>\r
            <!--Optional:-->\r
            <ebil:TokenConexion>?</ebil:TokenConexion>\r
            <!--Optional:-->\r
            <ebil:crearVIP>?</ebil:crearVIP>\r
            <!--Optional:-->\r
            <ebil:eBillAdmNumerosFactura>?</ebil:eBillAdmNumerosFactura>\r
         </tem:Opciones>\r
         <!--Optional:-->\r
         <tem:sNombreAprobador>?</tem:sNombreAprobador>\r
         <!--Optional:-->\r
         <tem:sCorreoAprobador>?</tem:sCorreoAprobador>\r
      </tem:ReciboBienServicioRadicadosNotificacionDIAN>\r
   </soapenv:Body>\r
</soapenv:Envelope>]]></con:request><con:wsaConfig mustUnderstand="NONE" version="200508" action="http://tempuri.org/IIntegracion/ReciboBienServicioRadicadosNotificacionDIAN"/></con:call></con:operation><con:operation id="c957de8f-fa58-48ec-aa5e-0c13f0891342" isOneWay="false" action="http://tempuri.org/IIntegracion/RegistrarIntentoFallidoRecepcion" name="RegistrarIntentoFallidoRecepcion" bindingOperationName="RegistrarIntentoFallidoRecepcion" type="Request-Response" inputName="" receivesAttachments="false" sendsAttachments="false" anonymous="optional"><con:settings/><con:call id="451a1781-5820-4227-a126-9c5c8fe81305" name="Request 1"><con:settings/><con:encoding>UTF-8</con:encoding><con:endpoint>http://testws.facturaenlinea.co/ServiciosFyM/eBill/Integracion.svc</con:endpoint><con:request><![CDATA[<soapenv:Envelope xmlns:soapenv="http://schemas.xmlsoap.org/soap/envelope/" xmlns:tem="http://tempuri.org/">\r
   <soapenv:Header/>\r
   <soapenv:Body>\r
      <tem:RegistrarIntentoFallidoRecepcion>\r
         <!--Optional:-->\r
         <tem:DatosDocEle>?</tem:DatosDocEle>\r
         <!--Optional:-->\r
         <tem:NitEmpresaReceptora>?</tem:NitEmpresaReceptora>\r
         <!--Optional:-->\r
         <tem:PrefijoDoc>?</tem:PrefijoDoc>\r
         <!--Optional:-->\r
         <tem:NumeroDoc>?</tem:NumeroDoc>\r
         <!--Optional:-->\r
         <tem:DescripcionRechazo>?</tem:DescripcionRechazo>\r
         <!--Optional:-->\r
         <tem:TipoDocumento>?</tem:TipoDocumento>\r
         <!--Optional:-->\r
         <tem:NitEmpresaEmisora>?</tem:NitEmpresaEmisora>\r
      </tem:RegistrarIntentoFallidoRecepcion>\r
   </soapenv:Body>\r
</soapenv:Envelope>]]></con:request><con:wsaConfig mustUnderstand="NONE" version="200508" action="http://tempuri.org/IIntegracion/RegistrarIntentoFallidoRecepcion"/></con:call></con:operation><con:operation id="8c152c37-d464-40a3-86d1-ba234b6ce3d8" isOneWay="false" action="http://tempuri.org/IIntegracion/RegistrarPagoCargaAnexo" name="RegistrarPagoCargaAnexo" bindingOperationName="RegistrarPagoCargaAnexo" type="Request-Response" inputName="" receivesAttachments="false" sendsAttachments="false" anonymous="optional"><con:settings/><con:call id="3db68f94-769a-4efd-b613-2a466c3bf46c" name="Request 1"><con:settings/><con:encoding>UTF-8</con:encoding><con:endpoint>http://testws.facturaenlinea.co/ServiciosFyM/eBill/Integracion.svc</con:endpoint><con:request><![CDATA[<soapenv:Envelope xmlns:soapenv="http://schemas.xmlsoap.org/soap/envelope/" xmlns:tem="http://tempuri.org/" xmlns:ebil="http://schemas.datacontract.org/2004/07/eBillCore">\r
   <soapenv:Header/>\r
   <soapenv:Body>\r
      <tem:RegistrarPagoCargaAnexo>\r
         <!--Optional:-->\r
         <tem:Registro>\r
            <!--Optional:-->\r
            <ebil:EsPagoTotal>?</ebil:EsPagoTotal>\r
            <!--Optional:-->\r
            <ebil:FechaPago>?</ebil:FechaPago>\r
            <!--Optional:-->\r
            <ebil:MonedaISO>?</ebil:MonedaISO>\r
            <!--Optional:-->\r
            <ebil:NitEmisor>?</ebil:NitEmisor>\r
            <!--Optional:-->\r
            <ebil:NitReceptor>?</ebil:NitReceptor>\r
            <!--Optional:-->\r
            <ebil:NumFact>?</ebil:NumFact>\r
            <!--Optional:-->\r
            <ebil:OrderID>?</ebil:OrderID>\r
            <!--Optional:-->\r
            <ebil:Prefijo>?</ebil:Prefijo>\r
            <!--Optional:-->\r
            <ebil:ReferenciaPago>?</ebil:ReferenciaPago>\r
            <!--Optional:-->\r
            <ebil:TipoPago>?</ebil:TipoPago>\r
            <!--Optional:-->\r
            <ebil:ValorPago>?</ebil:ValorPago>\r
         </tem:Registro>\r
         <!--Optional:-->\r
         <tem:PDF>cid:1319260119794</tem:PDF>\r
         <!--Optional:-->\r
         <tem:Token>?</tem:Token>\r
      </tem:RegistrarPagoCargaAnexo>\r
   </soapenv:Body>\r
</soapenv:Envelope>]]></con:request><con:wsaConfig mustUnderstand="NONE" version="200508" action="http://tempuri.org/IIntegracion/RegistrarPagoCargaAnexo"/></con:call></con:operation><con:operation id="d072bf4f-39e4-4888-9f86-37cad195f874" isOneWay="false" action="http://tempuri.org/IIntegracion/RegistrarPagoDocumentoRadicadoNotificacionDian" name="RegistrarPagoDocumentoRadicadoNotificacionDian" bindingOperationName="RegistrarPagoDocumentoRadicadoNotificacionDian" type="Request-Response" inputName="" receivesAttachments="false" sendsAttachments="false" anonymous="optional"><con:settings/><con:call id="c741c5cb-57e6-4639-8db8-c25b453ac533" name="Request 1"><con:settings/><con:encoding>UTF-8</con:encoding><con:endpoint>http://testws.facturaenlinea.co/ServiciosFyM/eBill/Integracion.svc</con:endpoint><con:request><![CDATA[<soapenv:Envelope xmlns:soapenv="http://schemas.xmlsoap.org/soap/envelope/" xmlns:tem="http://tempuri.org/" xmlns:ebil="http://schemas.datacontract.org/2004/07/eBillCore">\r
   <soapenv:Header/>\r
   <soapenv:Body>\r
      <tem:RegistrarPagoDocumentoRadicadoNotificacionDian>\r
         <!--Optional:-->\r
         <tem:Registro>\r
            <!--Optional:-->\r
            <ebil:EsPagoTotal>?</ebil:EsPagoTotal>\r
            <!--Optional:-->\r
            <ebil:FechaPago>?</ebil:FechaPago>\r
            <!--Optional:-->\r
            <ebil:MonedaISO>?</ebil:MonedaISO>\r
            <!--Optional:-->\r
            <ebil:NitEmisor>?</ebil:NitEmisor>\r
            <!--Optional:-->\r
            <ebil:NitReceptor>?</ebil:NitReceptor>\r
            <!--Optional:-->\r
            <ebil:NumFact>?</ebil:NumFact>\r
            <!--Optional:-->\r
            <ebil:OrderID>?</ebil:OrderID>\r
            <!--Optional:-->\r
            <ebil:Prefijo>?</ebil:Prefijo>\r
            <!--Optional:-->\r
            <ebil:ReferenciaPago>?</ebil:ReferenciaPago>\r
            <!--Optional:-->\r
            <ebil:TipoPago>?</ebil:TipoPago>\r
            <!--Optional:-->\r
            <ebil:ValorPago>?</ebil:ValorPago>\r
         </tem:Registro>\r
         <!--Optional:-->\r
         <tem:Token>?</tem:Token>\r
      </tem:RegistrarPagoDocumentoRadicadoNotificacionDian>\r
   </soapenv:Body>\r
</soapenv:Envelope>]]></con:request><con:wsaConfig mustUnderstand="NONE" version="200508" action="http://tempuri.org/IIntegracion/RegistrarPagoDocumentoRadicadoNotificacionDian"/></con:call></con:operation><con:operation id="18da1300-9314-41bc-bc1d-e38b1ffda467" isOneWay="false" action="http://tempuri.org/IIntegracion/RegistroArchivoEmitido" name="RegistroArchivoEmitido" bindingOperationName="RegistroArchivoEmitido" type="Request-Response" inputName="" receivesAttachments="false" sendsAttachments="false" anonymous="optional"><con:settings/><con:call id="cee6ea26-2d69-4213-866a-be96ac38ceb5" name="Request 1"><con:settings/><con:encoding>UTF-8</con:encoding><con:endpoint>http://testws.facturaenlinea.co/ServiciosFyM/eBill/Integracion.svc</con:endpoint><con:request><![CDATA[<soapenv:Envelope xmlns:soapenv="http://schemas.xmlsoap.org/soap/envelope/" xmlns:tem="http://tempuri.org/" xmlns:ebil="http://schemas.datacontract.org/2004/07/eBillCore">\r
   <soapenv:Header/>\r
   <soapenv:Body>\r
      <tem:RegistroArchivoEmitido>\r
         <!--Optional:-->\r
         <tem:Registro>\r
            <!--Optional:-->\r
            <ebil:Fecha_Envio>?</ebil:Fecha_Envio>\r
            <!--Optional:-->\r
            <ebil:Mensaje_Global>?</ebil:Mensaje_Global>\r
            <!--Optional:-->\r
            <ebil:Nit_Emisor>?</ebil:Nit_Emisor>\r
            <!--Optional:-->\r
            <ebil:Nit_Proveedor>?</ebil:Nit_Proveedor>\r
            <!--Optional:-->\r
            <ebil:Nombre_ZIP>?</ebil:Nombre_ZIP>\r
         </tem:Registro>\r
         <!--Optional:-->\r
         <tem:Archivos>\r
            <!--Zero or more repetitions:-->\r
            <ebil:ArchivoEmision>\r
               <!--Optional:-->\r
               <ebil:Adjuntos>?</ebil:Adjuntos>\r
               <!--Optional:-->\r
               <ebil:AnexoDocumento>cid:1418482135379</ebil:AnexoDocumento>\r
               <!--Optional:-->\r
               <ebil:CodigoError>?</ebil:CodigoError>\r
               <!--Optional:-->\r
               <ebil:DetalleError>?</ebil:DetalleError>\r
               <!--Optional:-->\r
               <ebil:ID_Destinatario>?</ebil:ID_Destinatario>\r
               <!--Optional:-->\r
               <ebil:Id_CFD>?</ebil:Id_CFD>\r
               <!--Optional:-->\r
               <ebil:Nombre_Archivo>?</ebil:Nombre_Archivo>\r
               <!--Optional:-->\r
               <ebil:Nota_Entrega_CFD>?</ebil:Nota_Entrega_CFD>\r
               <!--Optional:-->\r
               <ebil:PDFDocumento>cid:1448515577729</ebil:PDFDocumento>\r
               <!--Optional:-->\r
               <ebil:Representaciongrafica>?</ebil:Representaciongrafica>\r
               <!--Optional:-->\r
               <ebil:SHA_256>?</ebil:SHA_256>\r
               <!--Optional:-->\r
               <ebil:TipoDocumento>?</ebil:TipoDocumento>\r
               <!--Optional:-->\r
               <ebil:Track_ID>?</ebil:Track_ID>\r
               <!--Optional:-->\r
               <ebil:XMLDocumento>cid:1576386722880</ebil:XMLDocumento>\r
            </ebil:ArchivoEmision>\r
         </tem:Archivos>\r
         <!--Optional:-->\r
         <tem:TipoInteroperabilidad>?</tem:TipoInteroperabilidad>\r
      </tem:RegistroArchivoEmitido>\r
   </soapenv:Body>\r
</soapenv:Envelope>]]></con:request><con:wsaConfig mustUnderstand="NONE" version="200508" action="http://tempuri.org/IIntegracion/RegistroArchivoEmitido"/></con:call></con:operation><con:operation id="a5b466b1-0f91-42b6-bcde-a21338a8d9aa" isOneWay="false" action="http://tempuri.org/IIntegracion/RegistroRespuestaDocInteroperabilidad" name="RegistroRespuestaDocInteroperabilidad" bindingOperationName="RegistroRespuestaDocInteroperabilidad" type="Request-Response" inputName="" receivesAttachments="false" sendsAttachments="false" anonymous="optional"><con:settings/><con:call id="0841606f-1f54-4982-b804-797b19df0b5b" name="Request 1"><con:settings/><con:encoding>UTF-8</con:encoding><con:endpoint>http://testws.facturaenlinea.co/ServiciosFyM/eBill/Integracion.svc</con:endpoint><con:request><![CDATA[<soapenv:Envelope xmlns:soapenv="http://schemas.xmlsoap.org/soap/envelope/" xmlns:tem="http://tempuri.org/" xmlns:ebil="http://schemas.datacontract.org/2004/07/eBillCore">\r
   <soapenv:Header/>\r
   <soapenv:Body>\r
      <tem:RegistroRespuestaDocInteroperabilidad>\r
         <!--Optional:-->\r
         <tem:RespuestasXDoc>\r
            <!--Zero or more repetitions:-->\r
            <ebil:RespuestaDocumentoInterop>\r
               <!--Optional:-->\r
               <ebil:FechaCreacion>?</ebil:FechaCreacion>\r
               <!--Optional:-->\r
               <ebil:IdDocumento>?</ebil:IdDocumento>\r
               <!--Optional:-->\r
               <ebil:IdEmpresa>?</ebil:IdEmpresa>\r
               <!--Optional:-->\r
               <ebil:IdEstadoActual>?</ebil:IdEstadoActual>\r
               <!--Optional:-->\r
               <ebil:JSONRespuesta>?</ebil:JSONRespuesta>\r
               <!--Optional:-->\r
               <ebil:TipoInteroperabilidad>?</ebil:TipoInteroperabilidad>\r
               <!--Optional:-->\r
               <ebil:TipoRespuestaIO>?</ebil:TipoRespuestaIO>\r
               <!--Optional:-->\r
               <ebil:TrackId>?</ebil:TrackId>\r
               <!--Optional:-->\r
               <ebil:XMLAplicationResponse>?</ebil:XMLAplicationResponse>\r
            </ebil:RespuestaDocumentoInterop>\r
         </tem:RespuestasXDoc>\r
         <!--Optional:-->\r
         <tem:token>?</tem:token>\r
      </tem:RegistroRespuestaDocInteroperabilidad>\r
   </soapenv:Body>\r
</soapenv:Envelope>]]></con:request><con:wsaConfig mustUnderstand="NONE" version="200508" action="http://tempuri.org/IIntegracion/RegistroRespuestaDocInteroperabilidad"/></con:call></con:operation><con:operation id="c080d02c-25c1-4bdb-8b92-93619958894f" isOneWay="false" action="http://tempuri.org/IIntegracion/RepararDocumentoExitosoDIAN" name="RepararDocumentoExitosoDIAN" bindingOperationName="RepararDocumentoExitosoDIAN" type="Request-Response" inputName="" receivesAttachments="false" sendsAttachments="false" anonymous="optional"><con:settings/><con:call id="f0a760c1-d087-4a9a-9274-0b094a38edf9" name="Request 1"><con:settings/><con:encoding>UTF-8</con:encoding><con:endpoint>http://testws.facturaenlinea.co/ServiciosFyM/eBill/Integracion.svc</con:endpoint><con:request><![CDATA[<soapenv:Envelope xmlns:soapenv="http://schemas.xmlsoap.org/soap/envelope/" xmlns:tem="http://tempuri.org/">\r
   <soapenv:Header/>\r
   <soapenv:Body>\r
      <tem:RepararDocumentoExitosoDIAN>\r
         <!--Optional:-->\r
         <tem:NitEmpresaEmisora>?</tem:NitEmpresaEmisora>\r
         <!--Optional:-->\r
         <tem:TokenEmpresaEmisora>?</tem:TokenEmpresaEmisora>\r
         <!--Optional:-->\r
         <tem:PrefijoDocumento>?</tem:PrefijoDocumento>\r
         <!--Optional:-->\r
         <tem:NumeroDocumento>?</tem:NumeroDocumento>\r
         <!--Optional:-->\r
         <tem:TipoDocumento>?</tem:TipoDocumento>\r
      </tem:RepararDocumentoExitosoDIAN>\r
   </soapenv:Body>\r
</soapenv:Envelope>]]></con:request><con:wsaConfig mustUnderstand="NONE" version="200508" action="http://tempuri.org/IIntegracion/RepararDocumentoExitosoDIAN"/></con:call></con:operation><con:operation id="be72f88c-a68f-411e-9731-6b5dd6e1af23" isOneWay="false" action="http://tempuri.org/IIntegracion/SolicitaCreareBillResoluciones" name="SolicitaCreareBillResoluciones" bindingOperationName="SolicitaCreareBillResoluciones" type="Request-Response" inputName="" receivesAttachments="false" sendsAttachments="false" anonymous="optional"><con:settings/><con:call id="9e699a2c-a1b6-42a8-989d-78dcfd628ea5" name="Request 1"><con:settings/><con:encoding>UTF-8</con:encoding><con:endpoint>http://testws.facturaenlinea.co/ServiciosFyM/eBill/Integracion.svc</con:endpoint><con:request><![CDATA[<soapenv:Envelope xmlns:soapenv="http://schemas.xmlsoap.org/soap/envelope/" xmlns:tem="http://tempuri.org/" xmlns:ebil="http://schemas.datacontract.org/2004/07/eBillCore">\r
   <soapenv:Header/>\r
   <soapenv:Body>\r
      <tem:SolicitaCreareBillResoluciones>\r
         <!--Optional:-->\r
         <tem:FacCab>\r
            <!--Optional:-->\r
            <ebil:AnoAprobacion>?</ebil:AnoAprobacion>\r
            <!--Optional:-->\r
            <ebil:ClaveContenidoTecnico>?</ebil:ClaveContenidoTecnico>\r
            <!--Optional:-->\r
            <ebil:ConsecutivoActual>?</ebil:ConsecutivoActual>\r
            <!--Optional:-->\r
            <ebil:FechaAprobacion>?</ebil:FechaAprobacion>\r
            <!--Optional:-->\r
            <ebil:FechaLimiteVigencia>?</ebil:FechaLimiteVigencia>\r
            <!--Optional:-->\r
            <ebil:FolioFin>?</ebil:FolioFin>\r
            <!--Optional:-->\r
            <ebil:FolioIni>?</ebil:FolioIni>\r
            <!--Optional:-->\r
            <ebil:IdSucursal>?</ebil:IdSucursal>\r
            <!--Optional:-->\r
            <ebil:NitEmpresa>?</ebil:NitEmpresa>\r
            <!--Optional:-->\r
            <ebil:NumeroAprobacion>?</ebil:NumeroAprobacion>\r
            <!--Optional:-->\r
            <ebil:NumeroCertificado>?</ebil:NumeroCertificado>\r
            <!--Optional:-->\r
            <ebil:Prefijo>?</ebil:Prefijo>\r
            <!--Optional:-->\r
            <ebil:Serie>?</ebil:Serie>\r
            <!--Optional:-->\r
            <ebil:TipoComprobante>?</ebil:TipoComprobante>\r
         </tem:FacCab>\r
         <!--Optional:-->\r
         <tem:Opciones>\r
            <!--Optional:-->\r
            <ebil:ActualizaProductos>?</ebil:ActualizaProductos>\r
            <!--Optional:-->\r
            <ebil:CalculaReteCree>?</ebil:CalculaReteCree>\r
            <!--Optional:-->\r
            <ebil:CalculaReteFuente>?</ebil:CalculaReteFuente>\r
            <!--Optional:-->\r
            <ebil:CalculaReteICA>?</ebil:CalculaReteICA>\r
            <!--Optional:-->\r
            <ebil:CalculaReteIVA>?</ebil:CalculaReteIVA>\r
            <!--Optional:-->\r
            <ebil:EmisionAutomatica>?</ebil:EmisionAutomatica>\r
            <!--Optional:-->\r
            <ebil:FacturasSinAcuerdo>?</ebil:FacturasSinAcuerdo>\r
            <!--Optional:-->\r
            <ebil:ModeloXAceptacion>?</ebil:ModeloXAceptacion>\r
            <!--Optional:-->\r
            <ebil:NotasRelacionadas>?</ebil:NotasRelacionadas>\r
            <!--Optional:-->\r
            <ebil:OrderControl>?</ebil:OrderControl>\r
            <!--Optional:-->\r
            <ebil:TieneAcuerdosFisicos>?</ebil:TieneAcuerdosFisicos>\r
            <!--Optional:-->\r
            <ebil:TokenConexion>?</ebil:TokenConexion>\r
            <!--Optional:-->\r
            <ebil:eBillAdmNumerosFactura>?</ebil:eBillAdmNumerosFactura>\r
         </tem:Opciones>\r
      </tem:SolicitaCreareBillResoluciones>\r
   </soapenv:Body>\r
</soapenv:Envelope>]]></con:request><con:wsaConfig mustUnderstand="NONE" version="200508" action="http://tempuri.org/IIntegracion/SolicitaCreareBillResoluciones"/></con:call></con:operation><con:operation id="680fae66-e098-430a-b37f-8ea4d979a533" isOneWay="false" action="http://tempuri.org/IIntegracion/SolicitaDatosDetalleXDocumento" name="SolicitaDatosDetalleXDocumento" bindingOperationName="SolicitaDatosDetalleXDocumento" type="Request-Response" inputName="" receivesAttachments="false" sendsAttachments="false" anonymous="optional"><con:settings/><con:call id="fd20b486-6078-4d69-b8e5-f8956c1edb17" name="Request 1"><con:settings/><con:encoding>UTF-8</con:encoding><con:endpoint>http://testws.facturaenlinea.co/ServiciosFyM/eBill/Integracion.svc</con:endpoint><con:request><![CDATA[<soapenv:Envelope xmlns:soapenv="http://schemas.xmlsoap.org/soap/envelope/" xmlns:tem="http://tempuri.org/">\r
   <soapenv:Header/>\r
   <soapenv:Body>\r
      <tem:SolicitaDatosDetalleXDocumento>\r
         <!--Optional:-->\r
         <tem:NitEmp>?</tem:NitEmp>\r
         <!--Optional:-->\r
         <tem:token>?</tem:token>\r
         <!--Optional:-->\r
         <tem:Idfact>?</tem:Idfact>\r
      </tem:SolicitaDatosDetalleXDocumento>\r
   </soapenv:Body>\r
</soapenv:Envelope>]]></con:request><con:wsaConfig mustUnderstand="NONE" version="200508" action="http://tempuri.org/IIntegracion/SolicitaDatosDetalleXDocumento"/></con:call></con:operation><con:operation id="04aef7b9-9c90-42e4-b9b3-4a83c6fb640b" isOneWay="false" action="http://tempuri.org/IIntegracion/SolicitaDatosDocumentoElectronico" name="SolicitaDatosDocumentoElectronico" bindingOperationName="SolicitaDatosDocumentoElectronico" type="Request-Response" inputName="" receivesAttachments="false" sendsAttachments="false" anonymous="optional"><con:settings/><con:call id="a3f9cea5-7488-492f-9feb-1ddbfd5741c1" name="Request 1"><con:settings/><con:encoding>UTF-8</con:encoding><con:endpoint>http://testws.facturaenlinea.co/ServiciosFyM/eBill/Integracion.svc</con:endpoint><con:request><![CDATA[<soapenv:Envelope xmlns:soapenv="http://schemas.xmlsoap.org/soap/envelope/" xmlns:tem="http://tempuri.org/" xmlns:ebil="http://schemas.datacontract.org/2004/07/eBillCore">\r
   <soapenv:Header/>\r
   <soapenv:Body>\r
      <tem:SolicitaDatosDocumentoElectronico>\r
         <!--Optional:-->\r
         <tem:FacCab>\r
            <!--Optional:-->\r
            <ebil:AnoAprobacionRes>?</ebil:AnoAprobacionRes>\r
            <!--Optional:-->\r
            <ebil:Base_Impuesto>?</ebil:Base_Impuesto>\r
            <!--Optional:-->\r
            <ebil:CFD_EST_estado_tramit>?</ebil:CFD_EST_estado_tramit>\r
            <!--Optional:-->\r
            <ebil:CFD_Flete>?</ebil:CFD_Flete>\r
            <!--Optional:-->\r
            <ebil:CFD_OtrosCargos>?</ebil:CFD_OtrosCargos>\r
            <!--Optional:-->\r
            <ebil:CFD_Por_Margen>?</ebil:CFD_Por_Margen>\r
            <!--Optional:-->\r
            <ebil:CFD_ResponseCode>?</ebil:CFD_ResponseCode>\r
            <!--Optional:-->\r
            <ebil:CFD_base_ICA_total>?</ebil:CFD_base_ICA_total>\r
            <!--Optional:-->\r
            <ebil:CFD_base_impo_total_nal>?</ebil:CFD_base_impo_total_nal>\r
            <!--Optional:-->\r
            <ebil:CFD_base_impo_total_reg>?</ebil:CFD_base_impo_total_reg>\r
            <!--Optional:-->\r
            <ebil:CFD_campo_texto_10>?</ebil:CFD_campo_texto_10>\r
            <!--Optional:-->\r
            <ebil:CFD_campo_texto_11>?</ebil:CFD_campo_texto_11>\r
            <!--Optional:-->\r
            <ebil:CFD_campo_texto_12>?</ebil:CFD_campo_texto_12>\r
            <!--Optional:-->\r
            <ebil:CFD_campo_texto_13>?</ebil:CFD_campo_texto_13>\r
            <!--Optional:-->\r
            <ebil:CFD_campo_texto_14>?</ebil:CFD_campo_texto_14>\r
            <!--Optional:-->\r
            <ebil:CFD_campo_texto_15>?</ebil:CFD_campo_texto_15>\r
            <!--Optional:-->\r
            <ebil:CFD_campo_texto_16>?</ebil:CFD_campo_texto_16>\r
            <!--Optional:-->\r
            <ebil:CFD_campo_texto_17>?</ebil:CFD_campo_texto_17>\r
            <!--Optional:-->\r
            <ebil:CFD_campo_texto_18>?</ebil:CFD_campo_texto_18>\r
            <!--Optional:-->\r
            <ebil:CFD_campo_texto_19>?</ebil:CFD_campo_texto_19>\r
            <!--Optional:-->\r
            <ebil:CFD_campo_texto_20>?</ebil:CFD_campo_texto_20>\r
            <!--Optional:-->\r
            <ebil:CFD_campo_texto_21>?</ebil:CFD_campo_texto_21>\r
            <!--Optional:-->\r
            <ebil:CFD_campo_texto_22>?</ebil:CFD_campo_texto_22>\r
            <!--Optional:-->\r
            <ebil:CFD_campo_texto_23>?</ebil:CFD_campo_texto_23>\r
            <!--Optional:-->\r
            <ebil:CFD_campo_texto_24>?</ebil:CFD_campo_texto_24>\r
            <!--Optional:-->\r
            <ebil:CFD_campo_texto_25>?</ebil:CFD_campo_texto_25>\r
            <!--Optional:-->\r
            <ebil:CFD_campo_texto_26>?</ebil:CFD_campo_texto_26>\r
            <!--Optional:-->\r
            <ebil:CFD_campo_texto_27>?</ebil:CFD_campo_texto_27>\r
            <!--Optional:-->\r
            <ebil:CFD_campo_texto_28>?</ebil:CFD_campo_texto_28>\r
            <!--Optional:-->\r
            <ebil:CFD_campo_texto_29>?</ebil:CFD_campo_texto_29>\r
            <!--Optional:-->\r
            <ebil:CFD_campo_texto_30>?</ebil:CFD_campo_texto_30>\r
            <!--Optional:-->\r
            <ebil:CFD_campo_texto_9>?</ebil:CFD_campo_texto_9>\r
            <!--Optional:-->\r
            <ebil:CFD_cantidad_dec_1>?</ebil:CFD_cantidad_dec_1>\r
            <!--Optional:-->\r
            <ebil:CFD_cantidad_dec_10>?</ebil:CFD_cantidad_dec_10>\r
            <!--Optional:-->\r
            <ebil:CFD_cantidad_dec_11>?</ebil:CFD_cantidad_dec_11>\r
            <!--Optional:-->\r
            <ebil:CFD_cantidad_dec_12>?</ebil:CFD_cantidad_dec_12>\r
            <!--Optional:-->\r
            <ebil:CFD_cantidad_dec_13>?</ebil:CFD_cantidad_dec_13>\r
            <!--Optional:-->\r
            <ebil:CFD_cantidad_dec_14>?</ebil:CFD_cantidad_dec_14>\r
            <!--Optional:-->\r
            <ebil:CFD_cantidad_dec_15>?</ebil:CFD_cantidad_dec_15>\r
            <!--Optional:-->\r
            <ebil:CFD_cantidad_dec_16>?</ebil:CFD_cantidad_dec_16>\r
            <!--Optional:-->\r
            <ebil:CFD_cantidad_dec_17>?</ebil:CFD_cantidad_dec_17>\r
            <!--Optional:-->\r
            <ebil:CFD_cantidad_dec_18>?</ebil:CFD_cantidad_dec_18>\r
            <!--Optional:-->\r
            <ebil:CFD_cantidad_dec_19>?</ebil:CFD_cantidad_dec_19>\r
            <!--Optional:-->\r
            <ebil:CFD_cantidad_dec_20>?</ebil:CFD_cantidad_dec_20>\r
            <!--Optional:-->\r
            <ebil:CFD_cantidad_dec_21>?</ebil:CFD_cantidad_dec_21>\r
            <!--Optional:-->\r
            <ebil:CFD_cantidad_dec_22>?</ebil:CFD_cantidad_dec_22>\r
            <!--Optional:-->\r
            <ebil:CFD_cantidad_dec_23>?</ebil:CFD_cantidad_dec_23>\r
            <!--Optional:-->\r
            <ebil:CFD_cantidad_dec_24>?</ebil:CFD_cantidad_dec_24>\r
            <!--Optional:-->\r
            <ebil:CFD_cantidad_dec_25>?</ebil:CFD_cantidad_dec_25>\r
            <!--Optional:-->\r
            <ebil:CFD_cantidad_dec_4>?</ebil:CFD_cantidad_dec_4>\r
            <!--Optional:-->\r
            <ebil:CFD_cantidad_dec_5>?</ebil:CFD_cantidad_dec_5>\r
            <!--Optional:-->\r
            <ebil:CFD_cantidad_dec_6>?</ebil:CFD_cantidad_dec_6>\r
            <!--Optional:-->\r
            <ebil:CFD_cantidad_dec_7>?</ebil:CFD_cantidad_dec_7>\r
            <!--Optional:-->\r
            <ebil:CFD_cantidad_dec_8>?</ebil:CFD_cantidad_dec_8>\r
            <!--Optional:-->\r
            <ebil:CFD_cantidad_dec_9>?</ebil:CFD_cantidad_dec_9>\r
            <!--Optional:-->\r
            <ebil:CFD_deducible>?</ebil:CFD_deducible>\r
            <!--Optional:-->\r
            <ebil:CFD_desconexion_servicio>?</ebil:CFD_desconexion_servicio>\r
            <!--Optional:-->\r
            <ebil:CFD_fecha_desconexion>?</ebil:CFD_fecha_desconexion>\r
            <!--Optional:-->\r
            <ebil:CFD_fecha_tasadeCambio>?</ebil:CFD_fecha_tasadeCambio>\r
            <!--Optional:-->\r
            <ebil:CFD_numero_enlace_doc_ref>?</ebil:CFD_numero_enlace_doc_ref>\r
            <!--Optional:-->\r
            <ebil:CFD_porc_rte_ICA>?</ebil:CFD_porc_rte_ICA>\r
            <!--Optional:-->\r
            <ebil:CFD_porc_rte_fuent>?</ebil:CFD_porc_rte_fuent>\r
            <!--Optional:-->\r
            <ebil:CFD_tasa_mora>?</ebil:CFD_tasa_mora>\r
            <!--Optional:-->\r
            <ebil:CFD_tdi_id_tipo_doc_interno>?</ebil:CFD_tdi_id_tipo_doc_interno>\r
            <!--Optional:-->\r
            <ebil:CFD_total_ICA>?</ebil:CFD_total_ICA>\r
            <!--Optional:-->\r
            <ebil:CFD_total_aduana_exp>?</ebil:CFD_total_aduana_exp>\r
            <!--Optional:-->\r
            <ebil:CFD_total_cargos>?</ebil:CFD_total_cargos>\r
            <!--Optional:-->\r
            <ebil:CFD_total_descuentos>?</ebil:CFD_total_descuentos>\r
            <!--Optional:-->\r
            <ebil:CFD_total_margen>?</ebil:CFD_total_margen>\r
            <!--Optional:-->\r
            <ebil:CFD_total_seguro_exp>?</ebil:CFD_total_seguro_exp>\r
            <!--Optional:-->\r
            <ebil:CLI_numero_cliente>?</ebil:CLI_numero_cliente>\r
            <!--Optional:-->\r
            <ebil:CREETotal>?</ebil:CREETotal>\r
            <!--Optional:-->\r
            <ebil:CampoTexto1>?</ebil:CampoTexto1>\r
            <!--Optional:-->\r
            <ebil:CampoTexto2>?</ebil:CampoTexto2>\r
            <!--Optional:-->\r
            <ebil:CampoTexto3>?</ebil:CampoTexto3>\r
            <!--Optional:-->\r
            <ebil:CampoTexto4>?</ebil:CampoTexto4>\r
            <!--Optional:-->\r
            <ebil:CampoTexto5>?</ebil:CampoTexto5>\r
            <!--Optional:-->\r
            <ebil:CampoTexto6>?</ebil:CampoTexto6>\r
            <!--Optional:-->\r
            <ebil:CampoTexto7>?</ebil:CampoTexto7>\r
            <!--Optional:-->\r
            <ebil:CampoTexto8>?</ebil:CampoTexto8>\r
            <!--Optional:-->\r
            <ebil:Cantidad1>?</ebil:Cantidad1>\r
            <!--Optional:-->\r
            <ebil:Cantidad2>?</ebil:Cantidad2>\r
            <!--Optional:-->\r
            <ebil:Cantidad3>?</ebil:Cantidad3>\r
            <!--Optional:-->\r
            <ebil:CantidadDec1>?</ebil:CantidadDec1>\r
            <!--Optional:-->\r
            <ebil:CantidadDec2>?</ebil:CantidadDec2>\r
            <!--Optional:-->\r
            <ebil:CantidadDec3>?</ebil:CantidadDec3>\r
            <!--Optional:-->\r
            <ebil:CiudadDANE>?</ebil:CiudadDANE>\r
            <!--Optional:-->\r
            <ebil:CodVendedor>?</ebil:CodVendedor>\r
            <!--Optional:-->\r
            <ebil:CodigoPostalCliente>?</ebil:CodigoPostalCliente>\r
            <!--Optional:-->\r
            <ebil:CodigoPostalEnvio>?</ebil:CodigoPostalEnvio>\r
            <!--Optional:-->\r
            <ebil:ComprobanteCon>?</ebil:ComprobanteCon>\r
            <!--Optional:-->\r
            <ebil:Condiciones_Pago>?</ebil:Condiciones_Pago>\r
            <!--Optional:-->\r
            <ebil:ContactoCargo>?</ebil:ContactoCargo>\r
            <!--Optional:-->\r
            <ebil:ContactoCorreo>?</ebil:ContactoCorreo>\r
            <!--Optional:-->\r
            <ebil:ContactoNombre>?</ebil:ContactoNombre>\r
            <!--Optional:-->\r
            <ebil:CorreoCliente>?</ebil:CorreoCliente>\r
            <!--Optional:-->\r
            <ebil:DepartamentoDANE>?</ebil:DepartamentoDANE>\r
            <!--Optional:-->\r
            <ebil:DescripcionPlan>?</ebil:DescripcionPlan>\r
            <!--Optional:-->\r
            <ebil:Descuento>?</ebil:Descuento>\r
            <!--Optional:-->\r
            <ebil:DigitoVerificaCliente>?</ebil:DigitoVerificaCliente>\r
            <!--Optional:-->\r
            <ebil:DireccionCliente>?</ebil:DireccionCliente>\r
            <!--Optional:-->\r
            <ebil:EstiloFactura>?</ebil:EstiloFactura>\r
            <!--Optional:-->\r
            <ebil:FechaExpedicion>?</ebil:FechaExpedicion>\r
            <!--Optional:-->\r
            <ebil:FechaFinalPeriodoFacturado>?</ebil:FechaFinalPeriodoFacturado>\r
            <!--Optional:-->\r
            <ebil:FechaInicialPeriodoFacturado>?</ebil:FechaInicialPeriodoFacturado>\r
            <!--Optional:-->\r
            <ebil:FechaVencimiento>?</ebil:FechaVencimiento>\r
            <!--Optional:-->\r
            <ebil:FormaPago>?</ebil:FormaPago>\r
            <!--Optional:-->\r
            <ebil:IDInterno>?</ebil:IDInterno>\r
            <!--Optional:-->\r
            <ebil:IDUbicacionCliente>?</ebil:IDUbicacionCliente>\r
            <!--Optional:-->\r
            <ebil:IDUbicacionEnvio>?</ebil:IDUbicacionEnvio>\r
            <!--Optional:-->\r
            <ebil:IdPlan>?</ebil:IdPlan>\r
            <!--Optional:-->\r
            <ebil:IdSucursal>?</ebil:IdSucursal>\r
            <!--Optional:-->\r
            <ebil:Incoterm>?</ebil:Incoterm>\r
            <!--Optional:-->\r
            <ebil:InfoAdicional>?</ebil:InfoAdicional>\r
            <!--Optional:-->\r
            <ebil:LugarTerminosEntrega>?</ebil:LugarTerminosEntrega>\r
            <!--Optional:-->\r
            <ebil:MesCausado>?</ebil:MesCausado>\r
            <!--Optional:-->\r
            <ebil:MonedaISO>?</ebil:MonedaISO>\r
            <!--Optional:-->\r
            <ebil:NitCliente>?</ebil:NitCliente>\r
            <!--Optional:-->\r
            <ebil:NitEmpresa>?</ebil:NitEmpresa>\r
            <!--Optional:-->\r
            <ebil:NombreCliente>?</ebil:NombreCliente>\r
            <!--Optional:-->\r
            <ebil:NombrePlan>?</ebil:NombrePlan>\r
            <!--Optional:-->\r
            <ebil:NombreVendedor>?</ebil:NombreVendedor>\r
            <!--Optional:-->\r
            <ebil:NumAprobacionRes>?</ebil:NumAprobacionRes>\r
            <!--Optional:-->\r
            <ebil:NumFactura>?</ebil:NumFactura>\r
            <!--Optional:-->\r
            <ebil:OrderID>?</ebil:OrderID>\r
            <!--Optional:-->\r
            <ebil:PAI_ISO_3166>?</ebil:PAI_ISO_3166>\r
            <!--Optional:-->\r
            <ebil:PagoAnterior>?</ebil:PagoAnterior>\r
            <!--Optional:-->\r
            <ebil:Prefijo>?</ebil:Prefijo>\r
            <!--Optional:-->\r
            <ebil:ReferenciaCliente>?</ebil:ReferenciaCliente>\r
            <!--Optional:-->\r
            <ebil:RetencionCREETotal>?</ebil:RetencionCREETotal>\r
            <!--Optional:-->\r
            <ebil:SMSXDoc>?</ebil:SMSXDoc>\r
            <!--Optional:-->\r
            <ebil:SaldoAnterior>?</ebil:SaldoAnterior>\r
            <!--Optional:-->\r
            <ebil:SubTotal>?</ebil:SubTotal>\r
            <!--Optional:-->\r
            <ebil:SubTotalSegunMon>?</ebil:SubTotalSegunMon>\r
            <!--Optional:-->\r
            <ebil:Sucursal>?</ebil:Sucursal>\r
            <!--Optional:-->\r
            <ebil:TIP_id_tipo_persona>?</ebil:TIP_id_tipo_persona>\r
            <!--Optional:-->\r
            <ebil:TasaCambio>?</ebil:TasaCambio>\r
            <!--Optional:-->\r
            <ebil:TelefonoCliente>?</ebil:TelefonoCliente>\r
            <!--Optional:-->\r
            <ebil:Texto3>?</ebil:Texto3>\r
            <!--Optional:-->\r
            <ebil:TieneAcuerdo>?</ebil:TieneAcuerdo>\r
            <!--Optional:-->\r
            <ebil:TipoComprobante>?</ebil:TipoComprobante>\r
            <!--Optional:-->\r
            <ebil:TipoContribuyente>?</ebil:TipoContribuyente>\r
            <!--Optional:-->\r
            <ebil:TipoIDCliente>?</ebil:TipoIDCliente>\r
            <!--Optional:-->\r
            <ebil:Total>?</ebil:Total>\r
            <!--Optional:-->\r
            <ebil:TotalIVA>?</ebil:TotalIVA>\r
            <!--Optional:-->\r
            <ebil:TotalIVASegunMon>?</ebil:TotalIVASegunMon>\r
            <!--Optional:-->\r
            <ebil:TotalRetICA>?</ebil:TotalRetICA>\r
            <!--Optional:-->\r
            <ebil:TotalRetIVA>?</ebil:TotalRetIVA>\r
            <!--Optional:-->\r
            <ebil:TotalRetencion>?</ebil:TotalRetencion>\r
            <!--Optional:-->\r
            <ebil:TotalSegunMon>?</ebil:TotalSegunMon>\r
            <!--Optional:-->\r
            <ebil:TotalTraslado>?</ebil:TotalTraslado>\r
            <!--Optional:-->\r
            <ebil:Total_a_Pagar>?</ebil:Total_a_Pagar>\r
            <!--Optional:-->\r
            <ebil:ValorHasta1>?</ebil:ValorHasta1>\r
            <!--Optional:-->\r
            <ebil:ValorHasta2>?</ebil:ValorHasta2>\r
            <!--Optional:-->\r
            <ebil:ValorHasta3>?</ebil:ValorHasta3>\r
            <!--Optional:-->\r
            <ebil:ValorHasta4>?</ebil:ValorHasta4>\r
            <!--Optional:-->\r
            <ebil:cfd_activa_nota1>?</ebil:cfd_activa_nota1>\r
            <!--Optional:-->\r
            <ebil:ciudad_envio>?</ebil:ciudad_envio>\r
            <!--Optional:-->\r
            <ebil:code1>?</ebil:code1>\r
            <!--Optional:-->\r
            <ebil:code2>?</ebil:code2>\r
            <!--Optional:-->\r
            <ebil:code3>?</ebil:code3>\r
            <!--Optional:-->\r
            <ebil:curso>?</ebil:curso>\r
            <!--Optional:-->\r
            <ebil:departamento_envio>?</ebil:departamento_envio>\r
            <!--Optional:-->\r
            <ebil:direccion_envio>?</ebil:direccion_envio>\r
            <!--Optional:-->\r
            <ebil:numero_envio>?</ebil:numero_envio>\r
            <!--Optional:-->\r
            <ebil:orden_venta>?</ebil:orden_venta>\r
            <!--Optional:-->\r
            <ebil:pague_hasta1>?</ebil:pague_hasta1>\r
            <!--Optional:-->\r
            <ebil:pague_hasta2>?</ebil:pague_hasta2>\r
            <!--Optional:-->\r
            <ebil:pague_hasta3>?</ebil:pague_hasta3>\r
            <!--Optional:-->\r
            <ebil:referencia>?</ebil:referencia>\r
            <!--Optional:-->\r
            <ebil:referencia1>?</ebil:referencia1>\r
            <!--Optional:-->\r
            <ebil:referencia_envio>?</ebil:referencia_envio>\r
            <!--Optional:-->\r
            <ebil:telefono_envio>?</ebil:telefono_envio>\r
         </tem:FacCab>\r
         <!--Optional:-->\r
         <tem:Opciones>\r
            <!--Optional:-->\r
            <ebil:ActualizaProductos>?</ebil:ActualizaProductos>\r
            <!--Optional:-->\r
            <ebil:CalculaReteCree>?</ebil:CalculaReteCree>\r
            <!--Optional:-->\r
            <ebil:CalculaReteFuente>?</ebil:CalculaReteFuente>\r
            <!--Optional:-->\r
            <ebil:CalculaReteICA>?</ebil:CalculaReteICA>\r
            <!--Optional:-->\r
            <ebil:CalculaReteIVA>?</ebil:CalculaReteIVA>\r
            <!--Optional:-->\r
            <ebil:EmisionAutomatica>?</ebil:EmisionAutomatica>\r
            <!--Optional:-->\r
            <ebil:FacturasSinAcuerdo>?</ebil:FacturasSinAcuerdo>\r
            <!--Optional:-->\r
            <ebil:ModeloXAceptacion>?</ebil:ModeloXAceptacion>\r
            <!--Optional:-->\r
            <ebil:NotasRelacionadas>?</ebil:NotasRelacionadas>\r
            <!--Optional:-->\r
            <ebil:OrderControl>?</ebil:OrderControl>\r
            <!--Optional:-->\r
            <ebil:TieneAcuerdosFisicos>?</ebil:TieneAcuerdosFisicos>\r
            <!--Optional:-->\r
            <ebil:TokenConexion>?</ebil:TokenConexion>\r
            <!--Optional:-->\r
            <ebil:eBillAdmNumerosFactura>?</ebil:eBillAdmNumerosFactura>\r
         </tem:Opciones>\r
      </tem:SolicitaDatosDocumentoElectronico>\r
   </soapenv:Body>\r
</soapenv:Envelope>]]></con:request><con:wsaConfig mustUnderstand="NONE" version="200508" action="http://tempuri.org/IIntegracion/SolicitaDatosDocumentoElectronico"/></con:call></con:operation><con:operation id="5bc293be-b120-4dfd-9cac-e6ea03aeec03" isOneWay="false" action="http://tempuri.org/IIntegracion/SolicitaDatosDocumentoElectronicoQWS" name="SolicitaDatosDocumentoElectronicoQWS" bindingOperationName="SolicitaDatosDocumentoElectronicoQWS" type="Request-Response" inputName="" receivesAttachments="false" sendsAttachments="false" anonymous="optional"><con:settings/><con:call id="7b0793ba-a33e-4f49-be83-332277647592" name="Request 1"><con:settings/><con:encoding>UTF-8</con:encoding><con:endpoint>http://testws.facturaenlinea.co/ServiciosFyM/eBill/Integracion.svc</con:endpoint><con:request><![CDATA[<soapenv:Envelope xmlns:soapenv="http://schemas.xmlsoap.org/soap/envelope/" xmlns:tem="http://tempuri.org/" xmlns:ebil="http://schemas.datacontract.org/2004/07/eBillCore">\r
   <soapenv:Header/>\r
   <soapenv:Body>\r
      <tem:SolicitaDatosDocumentoElectronicoQWS>\r
         <!--Optional:-->\r
         <tem:FacCab>\r
            <!--Optional:-->\r
            <ebil:AnoAprobacionRes>?</ebil:AnoAprobacionRes>\r
            <!--Optional:-->\r
            <ebil:Base_Impuesto>?</ebil:Base_Impuesto>\r
            <!--Optional:-->\r
            <ebil:CFD_EST_estado_tramit>?</ebil:CFD_EST_estado_tramit>\r
            <!--Optional:-->\r
            <ebil:CFD_Flete>?</ebil:CFD_Flete>\r
            <!--Optional:-->\r
            <ebil:CFD_OtrosCargos>?</ebil:CFD_OtrosCargos>\r
            <!--Optional:-->\r
            <ebil:CFD_Por_Margen>?</ebil:CFD_Por_Margen>\r
            <!--Optional:-->\r
            <ebil:CFD_ResponseCode>?</ebil:CFD_ResponseCode>\r
            <!--Optional:-->\r
            <ebil:CFD_base_ICA_total>?</ebil:CFD_base_ICA_total>\r
            <!--Optional:-->\r
            <ebil:CFD_base_impo_total_nal>?</ebil:CFD_base_impo_total_nal>\r
            <!--Optional:-->\r
            <ebil:CFD_base_impo_total_reg>?</ebil:CFD_base_impo_total_reg>\r
            <!--Optional:-->\r
            <ebil:CFD_campo_texto_10>?</ebil:CFD_campo_texto_10>\r
            <!--Optional:-->\r
            <ebil:CFD_campo_texto_11>?</ebil:CFD_campo_texto_11>\r
            <!--Optional:-->\r
            <ebil:CFD_campo_texto_12>?</ebil:CFD_campo_texto_12>\r
            <!--Optional:-->\r
            <ebil:CFD_campo_texto_13>?</ebil:CFD_campo_texto_13>\r
            <!--Optional:-->\r
            <ebil:CFD_campo_texto_14>?</ebil:CFD_campo_texto_14>\r
            <!--Optional:-->\r
            <ebil:CFD_campo_texto_15>?</ebil:CFD_campo_texto_15>\r
            <!--Optional:-->\r
            <ebil:CFD_campo_texto_16>?</ebil:CFD_campo_texto_16>\r
            <!--Optional:-->\r
            <ebil:CFD_campo_texto_17>?</ebil:CFD_campo_texto_17>\r
            <!--Optional:-->\r
            <ebil:CFD_campo_texto_18>?</ebil:CFD_campo_texto_18>\r
            <!--Optional:-->\r
            <ebil:CFD_campo_texto_19>?</ebil:CFD_campo_texto_19>\r
            <!--Optional:-->\r
            <ebil:CFD_campo_texto_20>?</ebil:CFD_campo_texto_20>\r
            <!--Optional:-->\r
            <ebil:CFD_campo_texto_21>?</ebil:CFD_campo_texto_21>\r
            <!--Optional:-->\r
            <ebil:CFD_campo_texto_22>?</ebil:CFD_campo_texto_22>\r
            <!--Optional:-->\r
            <ebil:CFD_campo_texto_23>?</ebil:CFD_campo_texto_23>\r
            <!--Optional:-->\r
            <ebil:CFD_campo_texto_24>?</ebil:CFD_campo_texto_24>\r
            <!--Optional:-->\r
            <ebil:CFD_campo_texto_25>?</ebil:CFD_campo_texto_25>\r
            <!--Optional:-->\r
            <ebil:CFD_campo_texto_26>?</ebil:CFD_campo_texto_26>\r
            <!--Optional:-->\r
            <ebil:CFD_campo_texto_27>?</ebil:CFD_campo_texto_27>\r
            <!--Optional:-->\r
            <ebil:CFD_campo_texto_28>?</ebil:CFD_campo_texto_28>\r
            <!--Optional:-->\r
            <ebil:CFD_campo_texto_29>?</ebil:CFD_campo_texto_29>\r
            <!--Optional:-->\r
            <ebil:CFD_campo_texto_30>?</ebil:CFD_campo_texto_30>\r
            <!--Optional:-->\r
            <ebil:CFD_campo_texto_9>?</ebil:CFD_campo_texto_9>\r
            <!--Optional:-->\r
            <ebil:CFD_cantidad_dec_1>?</ebil:CFD_cantidad_dec_1>\r
            <!--Optional:-->\r
            <ebil:CFD_cantidad_dec_10>?</ebil:CFD_cantidad_dec_10>\r
            <!--Optional:-->\r
            <ebil:CFD_cantidad_dec_11>?</ebil:CFD_cantidad_dec_11>\r
            <!--Optional:-->\r
            <ebil:CFD_cantidad_dec_12>?</ebil:CFD_cantidad_dec_12>\r
            <!--Optional:-->\r
            <ebil:CFD_cantidad_dec_13>?</ebil:CFD_cantidad_dec_13>\r
            <!--Optional:-->\r
            <ebil:CFD_cantidad_dec_14>?</ebil:CFD_cantidad_dec_14>\r
            <!--Optional:-->\r
            <ebil:CFD_cantidad_dec_15>?</ebil:CFD_cantidad_dec_15>\r
            <!--Optional:-->\r
            <ebil:CFD_cantidad_dec_16>?</ebil:CFD_cantidad_dec_16>\r
            <!--Optional:-->\r
            <ebil:CFD_cantidad_dec_17>?</ebil:CFD_cantidad_dec_17>\r
            <!--Optional:-->\r
            <ebil:CFD_cantidad_dec_18>?</ebil:CFD_cantidad_dec_18>\r
            <!--Optional:-->\r
            <ebil:CFD_cantidad_dec_19>?</ebil:CFD_cantidad_dec_19>\r
            <!--Optional:-->\r
            <ebil:CFD_cantidad_dec_20>?</ebil:CFD_cantidad_dec_20>\r
            <!--Optional:-->\r
            <ebil:CFD_cantidad_dec_21>?</ebil:CFD_cantidad_dec_21>\r
            <!--Optional:-->\r
            <ebil:CFD_cantidad_dec_22>?</ebil:CFD_cantidad_dec_22>\r
            <!--Optional:-->\r
            <ebil:CFD_cantidad_dec_23>?</ebil:CFD_cantidad_dec_23>\r
            <!--Optional:-->\r
            <ebil:CFD_cantidad_dec_24>?</ebil:CFD_cantidad_dec_24>\r
            <!--Optional:-->\r
            <ebil:CFD_cantidad_dec_25>?</ebil:CFD_cantidad_dec_25>\r
            <!--Optional:-->\r
            <ebil:CFD_cantidad_dec_4>?</ebil:CFD_cantidad_dec_4>\r
            <!--Optional:-->\r
            <ebil:CFD_cantidad_dec_5>?</ebil:CFD_cantidad_dec_5>\r
            <!--Optional:-->\r
            <ebil:CFD_cantidad_dec_6>?</ebil:CFD_cantidad_dec_6>\r
            <!--Optional:-->\r
            <ebil:CFD_cantidad_dec_7>?</ebil:CFD_cantidad_dec_7>\r
            <!--Optional:-->\r
            <ebil:CFD_cantidad_dec_8>?</ebil:CFD_cantidad_dec_8>\r
            <!--Optional:-->\r
            <ebil:CFD_cantidad_dec_9>?</ebil:CFD_cantidad_dec_9>\r
            <!--Optional:-->\r
            <ebil:CFD_deducible>?</ebil:CFD_deducible>\r
            <!--Optional:-->\r
            <ebil:CFD_desconexion_servicio>?</ebil:CFD_desconexion_servicio>\r
            <!--Optional:-->\r
            <ebil:CFD_fecha_desconexion>?</ebil:CFD_fecha_desconexion>\r
            <!--Optional:-->\r
            <ebil:CFD_fecha_tasadeCambio>?</ebil:CFD_fecha_tasadeCambio>\r
            <!--Optional:-->\r
            <ebil:CFD_numero_enlace_doc_ref>?</ebil:CFD_numero_enlace_doc_ref>\r
            <!--Optional:-->\r
            <ebil:CFD_porc_rte_ICA>?</ebil:CFD_porc_rte_ICA>\r
            <!--Optional:-->\r
            <ebil:CFD_porc_rte_fuent>?</ebil:CFD_porc_rte_fuent>\r
            <!--Optional:-->\r
            <ebil:CFD_tasa_mora>?</ebil:CFD_tasa_mora>\r
            <!--Optional:-->\r
            <ebil:CFD_tdi_id_tipo_doc_interno>?</ebil:CFD_tdi_id_tipo_doc_interno>\r
            <!--Optional:-->\r
            <ebil:CFD_total_ICA>?</ebil:CFD_total_ICA>\r
            <!--Optional:-->\r
            <ebil:CFD_total_aduana_exp>?</ebil:CFD_total_aduana_exp>\r
            <!--Optional:-->\r
            <ebil:CFD_total_cargos>?</ebil:CFD_total_cargos>\r
            <!--Optional:-->\r
            <ebil:CFD_total_descuentos>?</ebil:CFD_total_descuentos>\r
            <!--Optional:-->\r
            <ebil:CFD_total_margen>?</ebil:CFD_total_margen>\r
            <!--Optional:-->\r
            <ebil:CFD_total_seguro_exp>?</ebil:CFD_total_seguro_exp>\r
            <!--Optional:-->\r
            <ebil:CLI_numero_cliente>?</ebil:CLI_numero_cliente>\r
            <!--Optional:-->\r
            <ebil:CREETotal>?</ebil:CREETotal>\r
            <!--Optional:-->\r
            <ebil:CampoTexto1>?</ebil:CampoTexto1>\r
            <!--Optional:-->\r
            <ebil:CampoTexto2>?</ebil:CampoTexto2>\r
            <!--Optional:-->\r
            <ebil:CampoTexto3>?</ebil:CampoTexto3>\r
            <!--Optional:-->\r
            <ebil:CampoTexto4>?</ebil:CampoTexto4>\r
            <!--Optional:-->\r
            <ebil:CampoTexto5>?</ebil:CampoTexto5>\r
            <!--Optional:-->\r
            <ebil:CampoTexto6>?</ebil:CampoTexto6>\r
            <!--Optional:-->\r
            <ebil:CampoTexto7>?</ebil:CampoTexto7>\r
            <!--Optional:-->\r
            <ebil:CampoTexto8>?</ebil:CampoTexto8>\r
            <!--Optional:-->\r
            <ebil:Cantidad1>?</ebil:Cantidad1>\r
            <!--Optional:-->\r
            <ebil:Cantidad2>?</ebil:Cantidad2>\r
            <!--Optional:-->\r
            <ebil:Cantidad3>?</ebil:Cantidad3>\r
            <!--Optional:-->\r
            <ebil:CantidadDec1>?</ebil:CantidadDec1>\r
            <!--Optional:-->\r
            <ebil:CantidadDec2>?</ebil:CantidadDec2>\r
            <!--Optional:-->\r
            <ebil:CantidadDec3>?</ebil:CantidadDec3>\r
            <!--Optional:-->\r
            <ebil:CiudadDANE>?</ebil:CiudadDANE>\r
            <!--Optional:-->\r
            <ebil:CodVendedor>?</ebil:CodVendedor>\r
            <!--Optional:-->\r
            <ebil:CodigoPostalCliente>?</ebil:CodigoPostalCliente>\r
            <!--Optional:-->\r
            <ebil:CodigoPostalEnvio>?</ebil:CodigoPostalEnvio>\r
            <!--Optional:-->\r
            <ebil:ComprobanteCon>?</ebil:ComprobanteCon>\r
            <!--Optional:-->\r
            <ebil:Condiciones_Pago>?</ebil:Condiciones_Pago>\r
            <!--Optional:-->\r
            <ebil:ContactoCargo>?</ebil:ContactoCargo>\r
            <!--Optional:-->\r
            <ebil:ContactoCorreo>?</ebil:ContactoCorreo>\r
            <!--Optional:-->\r
            <ebil:ContactoNombre>?</ebil:ContactoNombre>\r
            <!--Optional:-->\r
            <ebil:CorreoCliente>?</ebil:CorreoCliente>\r
            <!--Optional:-->\r
            <ebil:DepartamentoDANE>?</ebil:DepartamentoDANE>\r
            <!--Optional:-->\r
            <ebil:DescripcionPlan>?</ebil:DescripcionPlan>\r
            <!--Optional:-->\r
            <ebil:Descuento>?</ebil:Descuento>\r
            <!--Optional:-->\r
            <ebil:DigitoVerificaCliente>?</ebil:DigitoVerificaCliente>\r
            <!--Optional:-->\r
            <ebil:DireccionCliente>?</ebil:DireccionCliente>\r
            <!--Optional:-->\r
            <ebil:EstiloFactura>?</ebil:EstiloFactura>\r
            <!--Optional:-->\r
            <ebil:FechaExpedicion>?</ebil:FechaExpedicion>\r
            <!--Optional:-->\r
            <ebil:FechaFinalPeriodoFacturado>?</ebil:FechaFinalPeriodoFacturado>\r
            <!--Optional:-->\r
            <ebil:FechaInicialPeriodoFacturado>?</ebil:FechaInicialPeriodoFacturado>\r
            <!--Optional:-->\r
            <ebil:FechaVencimiento>?</ebil:FechaVencimiento>\r
            <!--Optional:-->\r
            <ebil:FormaPago>?</ebil:FormaPago>\r
            <!--Optional:-->\r
            <ebil:IDInterno>?</ebil:IDInterno>\r
            <!--Optional:-->\r
            <ebil:IDUbicacionCliente>?</ebil:IDUbicacionCliente>\r
            <!--Optional:-->\r
            <ebil:IDUbicacionEnvio>?</ebil:IDUbicacionEnvio>\r
            <!--Optional:-->\r
            <ebil:IdPlan>?</ebil:IdPlan>\r
            <!--Optional:-->\r
            <ebil:IdSucursal>?</ebil:IdSucursal>\r
            <!--Optional:-->\r
            <ebil:Incoterm>?</ebil:Incoterm>\r
            <!--Optional:-->\r
            <ebil:InfoAdicional>?</ebil:InfoAdicional>\r
            <!--Optional:-->\r
            <ebil:LugarTerminosEntrega>?</ebil:LugarTerminosEntrega>\r
            <!--Optional:-->\r
            <ebil:MesCausado>?</ebil:MesCausado>\r
            <!--Optional:-->\r
            <ebil:MonedaISO>?</ebil:MonedaISO>\r
            <!--Optional:-->\r
            <ebil:NitCliente>?</ebil:NitCliente>\r
            <!--Optional:-->\r
            <ebil:NitEmpresa>?</ebil:NitEmpresa>\r
            <!--Optional:-->\r
            <ebil:NombreCliente>?</ebil:NombreCliente>\r
            <!--Optional:-->\r
            <ebil:NombrePlan>?</ebil:NombrePlan>\r
            <!--Optional:-->\r
            <ebil:NombreVendedor>?</ebil:NombreVendedor>\r
            <!--Optional:-->\r
            <ebil:NumAprobacionRes>?</ebil:NumAprobacionRes>\r
            <!--Optional:-->\r
            <ebil:NumFactura>?</ebil:NumFactura>\r
            <!--Optional:-->\r
            <ebil:OrderID>?</ebil:OrderID>\r
            <!--Optional:-->\r
            <ebil:PAI_ISO_3166>?</ebil:PAI_ISO_3166>\r
            <!--Optional:-->\r
            <ebil:PagoAnterior>?</ebil:PagoAnterior>\r
            <!--Optional:-->\r
            <ebil:Prefijo>?</ebil:Prefijo>\r
            <!--Optional:-->\r
            <ebil:ReferenciaCliente>?</ebil:ReferenciaCliente>\r
            <!--Optional:-->\r
            <ebil:RetencionCREETotal>?</ebil:RetencionCREETotal>\r
            <!--Optional:-->\r
            <ebil:SMSXDoc>?</ebil:SMSXDoc>\r
            <!--Optional:-->\r
            <ebil:SaldoAnterior>?</ebil:SaldoAnterior>\r
            <!--Optional:-->\r
            <ebil:SubTotal>?</ebil:SubTotal>\r
            <!--Optional:-->\r
            <ebil:SubTotalSegunMon>?</ebil:SubTotalSegunMon>\r
            <!--Optional:-->\r
            <ebil:Sucursal>?</ebil:Sucursal>\r
            <!--Optional:-->\r
            <ebil:TIP_id_tipo_persona>?</ebil:TIP_id_tipo_persona>\r
            <!--Optional:-->\r
            <ebil:TasaCambio>?</ebil:TasaCambio>\r
            <!--Optional:-->\r
            <ebil:TelefonoCliente>?</ebil:TelefonoCliente>\r
            <!--Optional:-->\r
            <ebil:Texto3>?</ebil:Texto3>\r
            <!--Optional:-->\r
            <ebil:TieneAcuerdo>?</ebil:TieneAcuerdo>\r
            <!--Optional:-->\r
            <ebil:TipoComprobante>?</ebil:TipoComprobante>\r
            <!--Optional:-->\r
            <ebil:TipoContribuyente>?</ebil:TipoContribuyente>\r
            <!--Optional:-->\r
            <ebil:TipoIDCliente>?</ebil:TipoIDCliente>\r
            <!--Optional:-->\r
            <ebil:Total>?</ebil:Total>\r
            <!--Optional:-->\r
            <ebil:TotalIVA>?</ebil:TotalIVA>\r
            <!--Optional:-->\r
            <ebil:TotalIVASegunMon>?</ebil:TotalIVASegunMon>\r
            <!--Optional:-->\r
            <ebil:TotalRetICA>?</ebil:TotalRetICA>\r
            <!--Optional:-->\r
            <ebil:TotalRetIVA>?</ebil:TotalRetIVA>\r
            <!--Optional:-->\r
            <ebil:TotalRetencion>?</ebil:TotalRetencion>\r
            <!--Optional:-->\r
            <ebil:TotalSegunMon>?</ebil:TotalSegunMon>\r
            <!--Optional:-->\r
            <ebil:TotalTraslado>?</ebil:TotalTraslado>\r
            <!--Optional:-->\r
            <ebil:Total_a_Pagar>?</ebil:Total_a_Pagar>\r
            <!--Optional:-->\r
            <ebil:ValorHasta1>?</ebil:ValorHasta1>\r
            <!--Optional:-->\r
            <ebil:ValorHasta2>?</ebil:ValorHasta2>\r
            <!--Optional:-->\r
            <ebil:ValorHasta3>?</ebil:ValorHasta3>\r
            <!--Optional:-->\r
            <ebil:ValorHasta4>?</ebil:ValorHasta4>\r
            <!--Optional:-->\r
            <ebil:cfd_activa_nota1>?</ebil:cfd_activa_nota1>\r
            <!--Optional:-->\r
            <ebil:ciudad_envio>?</ebil:ciudad_envio>\r
            <!--Optional:-->\r
            <ebil:code1>?</ebil:code1>\r
            <!--Optional:-->\r
            <ebil:code2>?</ebil:code2>\r
            <!--Optional:-->\r
            <ebil:code3>?</ebil:code3>\r
            <!--Optional:-->\r
            <ebil:curso>?</ebil:curso>\r
            <!--Optional:-->\r
            <ebil:departamento_envio>?</ebil:departamento_envio>\r
            <!--Optional:-->\r
            <ebil:direccion_envio>?</ebil:direccion_envio>\r
            <!--Optional:-->\r
            <ebil:numero_envio>?</ebil:numero_envio>\r
            <!--Optional:-->\r
            <ebil:orden_venta>?</ebil:orden_venta>\r
            <!--Optional:-->\r
            <ebil:pague_hasta1>?</ebil:pague_hasta1>\r
            <!--Optional:-->\r
            <ebil:pague_hasta2>?</ebil:pague_hasta2>\r
            <!--Optional:-->\r
            <ebil:pague_hasta3>?</ebil:pague_hasta3>\r
            <!--Optional:-->\r
            <ebil:referencia>?</ebil:referencia>\r
            <!--Optional:-->\r
            <ebil:referencia1>?</ebil:referencia1>\r
            <!--Optional:-->\r
            <ebil:referencia_envio>?</ebil:referencia_envio>\r
            <!--Optional:-->\r
            <ebil:telefono_envio>?</ebil:telefono_envio>\r
         </tem:FacCab>\r
         <!--Optional:-->\r
         <tem:Opciones>\r
            <!--Optional:-->\r
            <ebil:ActualizaProductos>?</ebil:ActualizaProductos>\r
            <!--Optional:-->\r
            <ebil:CalculaReteCree>?</ebil:CalculaReteCree>\r
            <!--Optional:-->\r
            <ebil:CalculaReteFuente>?</ebil:CalculaReteFuente>\r
            <!--Optional:-->\r
            <ebil:CalculaReteICA>?</ebil:CalculaReteICA>\r
            <!--Optional:-->\r
            <ebil:CalculaReteIVA>?</ebil:CalculaReteIVA>\r
            <!--Optional:-->\r
            <ebil:EmisionAutomatica>?</ebil:EmisionAutomatica>\r
            <!--Optional:-->\r
            <ebil:FacturasSinAcuerdo>?</ebil:FacturasSinAcuerdo>\r
            <!--Optional:-->\r
            <ebil:ModeloXAceptacion>?</ebil:ModeloXAceptacion>\r
            <!--Optional:-->\r
            <ebil:NotasRelacionadas>?</ebil:NotasRelacionadas>\r
            <!--Optional:-->\r
            <ebil:OrderControl>?</ebil:OrderControl>\r
            <!--Optional:-->\r
            <ebil:TieneAcuerdosFisicos>?</ebil:TieneAcuerdosFisicos>\r
            <!--Optional:-->\r
            <ebil:TokenConexion>?</ebil:TokenConexion>\r
            <!--Optional:-->\r
            <ebil:eBillAdmNumerosFactura>?</ebil:eBillAdmNumerosFactura>\r
         </tem:Opciones>\r
      </tem:SolicitaDatosDocumentoElectronicoQWS>\r
   </soapenv:Body>\r
</soapenv:Envelope>]]></con:request><con:wsaConfig mustUnderstand="NONE" version="200508" action="http://tempuri.org/IIntegracion/SolicitaDatosDocumentoElectronicoQWS"/></con:call></con:operation><con:operation id="5e6b0820-0fce-48c7-969f-50b762bd4d39" isOneWay="false" action="http://tempuri.org/IIntegracion/SolicitaeBillPDF" name="SolicitaeBillPDF" bindingOperationName="SolicitaeBillPDF" type="Request-Response" inputName="" receivesAttachments="false" sendsAttachments="false" anonymous="optional"><con:settings/><con:call id="06697fa5-765e-443e-a269-93576bd0f482" name="Request 1"><con:settings/><con:encoding>UTF-8</con:encoding><con:endpoint>http://testws.facturaenlinea.co/ServiciosFyM/eBill/Integracion.svc</con:endpoint><con:request><![CDATA[<soapenv:Envelope xmlns:soapenv="http://schemas.xmlsoap.org/soap/envelope/" xmlns:tem="http://tempuri.org/" xmlns:ebil="http://schemas.datacontract.org/2004/07/eBillCore">\r
   <soapenv:Header/>\r
   <soapenv:Body>\r
      <tem:SolicitaeBillPDF>\r
         <!--Optional:-->\r
         <tem:FacCab>\r
            <!--Optional:-->\r
            <ebil:AnoAprobacionRes>?</ebil:AnoAprobacionRes>\r
            <!--Optional:-->\r
            <ebil:Cantidad1>?</ebil:Cantidad1>\r
            <!--Optional:-->\r
            <ebil:Cantidad2>?</ebil:Cantidad2>\r
            <!--Optional:-->\r
            <ebil:Cantidad3>?</ebil:Cantidad3>\r
            <!--Optional:-->\r
            <ebil:CiudadDANE>?</ebil:CiudadDANE>\r
            <!--Optional:-->\r
            <ebil:CorreoCliente>?</ebil:CorreoCliente>\r
            <!--Optional:-->\r
            <ebil:DescripcionPlan>?</ebil:DescripcionPlan>\r
            <!--Optional:-->\r
            <ebil:Descuento>?</ebil:Descuento>\r
            <!--Optional:-->\r
            <ebil:DigitoVerificaCliente>?</ebil:DigitoVerificaCliente>\r
            <!--Optional:-->\r
            <ebil:DireccionCliente>?</ebil:DireccionCliente>\r
            <!--Optional:-->\r
            <ebil:FechaExpedicion>?</ebil:FechaExpedicion>\r
            <!--Optional:-->\r
            <ebil:FechaFinalPeriodoFacturado>?</ebil:FechaFinalPeriodoFacturado>\r
            <!--Optional:-->\r
            <ebil:FechaInicialPeriodoFacturado>?</ebil:FechaInicialPeriodoFacturado>\r
            <!--Optional:-->\r
            <ebil:FechaVencimiento>?</ebil:FechaVencimiento>\r
            <!--Optional:-->\r
            <ebil:FormaPago>?</ebil:FormaPago>\r
            <!--Optional:-->\r
            <ebil:IDInterno>?</ebil:IDInterno>\r
            <!--Optional:-->\r
            <ebil:IdPlan>?</ebil:IdPlan>\r
            <!--Optional:-->\r
            <ebil:InfoAdicional>?</ebil:InfoAdicional>\r
            <!--Optional:-->\r
            <ebil:MonedaISO>?</ebil:MonedaISO>\r
            <!--Optional:-->\r
            <ebil:NitCliente>?</ebil:NitCliente>\r
            <!--Optional:-->\r
            <ebil:NitEmpresa>?</ebil:NitEmpresa>\r
            <!--Optional:-->\r
            <ebil:NombreCliente>?</ebil:NombreCliente>\r
            <!--Optional:-->\r
            <ebil:NombrePlan>?</ebil:NombrePlan>\r
            <!--Optional:-->\r
            <ebil:NumAprobacionRes>?</ebil:NumAprobacionRes>\r
            <!--Optional:-->\r
            <ebil:NumFactura>?</ebil:NumFactura>\r
            <!--Optional:-->\r
            <ebil:OrderID>?</ebil:OrderID>\r
            <!--Optional:-->\r
            <ebil:PagoAnterior>?</ebil:PagoAnterior>\r
            <!--Optional:-->\r
            <ebil:Prefijo>?</ebil:Prefijo>\r
            <!--Optional:-->\r
            <ebil:Referencia1>?</ebil:Referencia1>\r
            <!--Optional:-->\r
            <ebil:SaldoAnterior>?</ebil:SaldoAnterior>\r
            <!--Optional:-->\r
            <ebil:SubTotal>?</ebil:SubTotal>\r
            <!--Optional:-->\r
            <ebil:TelefonoCliente>?</ebil:TelefonoCliente>\r
            <!--Optional:-->\r
            <ebil:TipoIDCliente>?</ebil:TipoIDCliente>\r
            <!--Optional:-->\r
            <ebil:Total>?</ebil:Total>\r
            <!--Optional:-->\r
            <ebil:TotalIVA>?</ebil:TotalIVA>\r
            <!--Optional:-->\r
            <ebil:ValorHasta1>?</ebil:ValorHasta1>\r
            <!--Optional:-->\r
            <ebil:ValorHasta2>?</ebil:ValorHasta2>\r
            <!--Optional:-->\r
            <ebil:ValorHasta3>?</ebil:ValorHasta3>\r
            <!--Optional:-->\r
            <ebil:ValorHasta4>?</ebil:ValorHasta4>\r
         </tem:FacCab>\r
         <!--Optional:-->\r
         <tem:Opciones>\r
            <!--Optional:-->\r
            <ebil:ActualizaProductos>?</ebil:ActualizaProductos>\r
            <!--Optional:-->\r
            <ebil:BuscarXNitXIdInterno>?</ebil:BuscarXNitXIdInterno>\r
            <!--Optional:-->\r
            <ebil:EmisionAutomatica>?</ebil:EmisionAutomatica>\r
            <!--Optional:-->\r
            <ebil:EmisionAutomaticaFXComputador>?</ebil:EmisionAutomaticaFXComputador>\r
            <!--Optional:-->\r
            <ebil:FacturasSinAcuerdo>?</ebil:FacturasSinAcuerdo>\r
            <!--Optional:-->\r
            <ebil:ManejaPlantillasNotificacion>?</ebil:ManejaPlantillasNotificacion>\r
            <!--Optional:-->\r
            <ebil:NoAdjuntarArchivo>?</ebil:NoAdjuntarArchivo>\r
            <!--Optional:-->\r
            <ebil:NoTieneAcuerdosFisicos>?</ebil:NoTieneAcuerdosFisicos>\r
            <!--Optional:-->\r
            <ebil:OrderControl>?</ebil:OrderControl>\r
            <!--Optional:-->\r
            <ebil:TipoCargaDetalle>?</ebil:TipoCargaDetalle>\r
            <!--Optional:-->\r
            <ebil:TipoDocumento>?</ebil:TipoDocumento>\r
            <!--Optional:-->\r
            <ebil:TokenConexion>?</ebil:TokenConexion>\r
            <!--Optional:-->\r
            <ebil:crearVIP>?</ebil:crearVIP>\r
            <!--Optional:-->\r
            <ebil:eBillAdmNumerosFactura>?</ebil:eBillAdmNumerosFactura>\r
         </tem:Opciones>\r
         <!--Optional:-->\r
         <tem:EsNota>?</tem:EsNota>\r
      </tem:SolicitaeBillPDF>\r
   </soapenv:Body>\r
</soapenv:Envelope>]]></con:request><con:wsaConfig mustUnderstand="NONE" version="200508" action="http://tempuri.org/IIntegracion/SolicitaeBillPDF"/></con:call></con:operation><con:operation id="0a56e0f4-5c74-4623-88a5-93518138e552" isOneWay="false" action="http://tempuri.org/IIntegracion/SolicitaeBillPDFRecepcion" name="SolicitaeBillPDFRecepcion" bindingOperationName="SolicitaeBillPDFRecepcion" type="Request-Response" inputName="" receivesAttachments="false" sendsAttachments="false" anonymous="optional"><con:settings/><con:call id="8ff008dd-da62-4efc-9f29-63b2cf8c773d" name="Request 1"><con:settings/><con:encoding>UTF-8</con:encoding><con:endpoint>http://testws.facturaenlinea.co/ServiciosFyM/eBill/Integracion.svc</con:endpoint><con:request><![CDATA[<soapenv:Envelope xmlns:soapenv="http://schemas.xmlsoap.org/soap/envelope/" xmlns:tem="http://tempuri.org/" xmlns:ebil="http://schemas.datacontract.org/2004/07/eBillCore">\r
   <soapenv:Header/>\r
   <soapenv:Body>\r
      <tem:SolicitaeBillPDFRecepcion>\r
         <!--Optional:-->\r
         <tem:FacCab>\r
            <!--Optional:-->\r
            <ebil:NitCliente>?</ebil:NitCliente>\r
            <!--Optional:-->\r
            <ebil:NitEmpresa>?</ebil:NitEmpresa>\r
            <!--Optional:-->\r
            <ebil:NumFactura>?</ebil:NumFactura>\r
            <!--Optional:-->\r
            <ebil:OrderID>?</ebil:OrderID>\r
            <!--Optional:-->\r
            <ebil:Prefijo>?</ebil:Prefijo>\r
            <!--Optional:-->\r
            <ebil:Sucursal>?</ebil:Sucursal>\r
            <!--Optional:-->\r
            <ebil:TipoComprobante>?</ebil:TipoComprobante>\r
         </tem:FacCab>\r
         <!--Optional:-->\r
         <tem:Opciones>\r
            <!--Optional:-->\r
            <ebil:ActualizaProductos>?</ebil:ActualizaProductos>\r
            <!--Optional:-->\r
            <ebil:CalculaReteCree>?</ebil:CalculaReteCree>\r
            <!--Optional:-->\r
            <ebil:CalculaReteFuente>?</ebil:CalculaReteFuente>\r
            <!--Optional:-->\r
            <ebil:CalculaReteICA>?</ebil:CalculaReteICA>\r
            <!--Optional:-->\r
            <ebil:CalculaReteIVA>?</ebil:CalculaReteIVA>\r
            <!--Optional:-->\r
            <ebil:EmisionAutomatica>?</ebil:EmisionAutomatica>\r
            <!--Optional:-->\r
            <ebil:FacturasSinAcuerdo>?</ebil:FacturasSinAcuerdo>\r
            <!--Optional:-->\r
            <ebil:ModeloXAceptacion>?</ebil:ModeloXAceptacion>\r
            <!--Optional:-->\r
            <ebil:NotasRelacionadas>?</ebil:NotasRelacionadas>\r
            <!--Optional:-->\r
            <ebil:OrderControl>?</ebil:OrderControl>\r
            <!--Optional:-->\r
            <ebil:TieneAcuerdosFisicos>?</ebil:TieneAcuerdosFisicos>\r
            <!--Optional:-->\r
            <ebil:TokenConexion>?</ebil:TokenConexion>\r
            <!--Optional:-->\r
            <ebil:eBillAdmNumerosFactura>?</ebil:eBillAdmNumerosFactura>\r
         </tem:Opciones>\r
      </tem:SolicitaeBillPDFRecepcion>\r
   </soapenv:Body>\r
</soapenv:Envelope>]]></con:request><con:wsaConfig mustUnderstand="NONE" version="200508" action="http://tempuri.org/IIntegracion/SolicitaeBillPDFRecepcion"/></con:call></con:operation><con:operation id="b6886d5a-3a56-4e00-acc8-c94b5654eac4" isOneWay="false" action="http://tempuri.org/IIntegracion/SolicitaeBillPDFRecepcion_TerceroPagador" name="SolicitaeBillPDFRecepcion_TerceroPagador" bindingOperationName="SolicitaeBillPDFRecepcion_TerceroPagador" type="Request-Response" inputName="" receivesAttachments="false" sendsAttachments="false" anonymous="optional"><con:settings/><con:call id="8acfd8b4-0028-4bf1-8f85-09f3b2568571" name="Request 1"><con:settings><con:setting id="com.eviware.soapui.impl.wsdl.WsdlRequest@request-headers">&lt;xml-fragment/></con:setting></con:settings><con:encoding>UTF-8</con:encoding><con:endpoint>http://testws.facturaenlinea.co/ServiciosFyM/eBill/Integracion.svc</con:endpoint><con:request><![CDATA[<soapenv:Envelope xmlns:soapenv="http://schemas.xmlsoap.org/soap/envelope/" xmlns:tem="http://tempuri.org/" xmlns:ebil="http://schemas.datacontract.org/2004/07/eBillCore">
   <soapenv:Header/>
   <soapenv:Body>
      <tem:SolicitaeBillPDFRecepcion_TerceroPagador>
         <tem:FacCab>    
           <!--Nit Colombiana de Comercio-->                  
            <ebil:NitCliente>890900943</ebil:NitCliente>
           <!--Nit Proveedor-->           
            <ebil:NitEmpresa>900676165</ebil:NitEmpresa>
              <!--Número de orden-->           
            <ebil:OrderID>P3F7</ebil:OrderID>
             <!--Tipo de Comprobante-->            
            <ebil:TipoComprobante>1</ebil:TipoComprobante>          
         </tem:FacCab>
         <tem:Opciones>    
           <!--Token Colombiana de Comercio-->                   
            <ebil:TokenConexion>72BE38FE-F132-4E44-B32C-AEC3FA383572</ebil:TokenConexion>            
         </tem:Opciones>
      </tem:SolicitaeBillPDFRecepcion_TerceroPagador>
   </soapenv:Body>
</soapenv:Envelope>
      
]]></con:request><con:credentials><con:authType>No Authorization</con:authType></con:credentials><con:jmsConfig JMSDeliveryMode="PERSISTENT"/><con:jmsPropertyConfig/><con:wsaConfig mustUnderstand="NONE" version="200508" action="http://tempuri.org/IIntegracion/SolicitaeBillPDFRecepcion_TerceroPagador"/><con:wsrmConfig version="1.2"/></con:call></con:operation><con:operation id="da6f4c56-83b0-41d1-96bb-93afedab20cb" isOneWay="false" action="http://tempuri.org/IIntegracion/SolicitaeBillPDFTAX" name="SolicitaeBillPDFTAX" bindingOperationName="SolicitaeBillPDFTAX" type="Request-Response" inputName="" receivesAttachments="false" sendsAttachments="false" anonymous="optional"><con:settings/><con:call id="451f61e9-4ab4-45ba-9fbf-5cfe9bcbad5c" name="Request 1"><con:settings/><con:encoding>UTF-8</con:encoding><con:endpoint>http://testws.facturaenlinea.co/ServiciosFyM/eBill/Integracion.svc</con:endpoint><con:request><![CDATA[<soapenv:Envelope xmlns:soapenv="http://schemas.xmlsoap.org/soap/envelope/" xmlns:tem="http://tempuri.org/" xmlns:ebil="http://schemas.datacontract.org/2004/07/eBillCore">\r
   <soapenv:Header/>\r
   <soapenv:Body>\r
      <tem:SolicitaeBillPDFTAX>\r
         <!--Optional:-->\r
         <tem:FacCab>\r
            <!--Optional:-->\r
            <ebil:AnoAprobacionRes>?</ebil:AnoAprobacionRes>\r
            <!--Optional:-->\r
            <ebil:Cantidad1>?</ebil:Cantidad1>\r
            <!--Optional:-->\r
            <ebil:Cantidad2>?</ebil:Cantidad2>\r
            <!--Optional:-->\r
            <ebil:Cantidad3>?</ebil:Cantidad3>\r
            <!--Optional:-->\r
            <ebil:CiudadDANE>?</ebil:CiudadDANE>\r
            <!--Optional:-->\r
            <ebil:CorreoCliente>?</ebil:CorreoCliente>\r
            <!--Optional:-->\r
            <ebil:DescripcionPlan>?</ebil:DescripcionPlan>\r
            <!--Optional:-->\r
            <ebil:Descuento>?</ebil:Descuento>\r
            <!--Optional:-->\r
            <ebil:DigitoVerificaCliente>?</ebil:DigitoVerificaCliente>\r
            <!--Optional:-->\r
            <ebil:DireccionCliente>?</ebil:DireccionCliente>\r
            <!--Optional:-->\r
            <ebil:FechaExpedicion>?</ebil:FechaExpedicion>\r
            <!--Optional:-->\r
            <ebil:FechaFinalPeriodoFacturado>?</ebil:FechaFinalPeriodoFacturado>\r
            <!--Optional:-->\r
            <ebil:FechaInicialPeriodoFacturado>?</ebil:FechaInicialPeriodoFacturado>\r
            <!--Optional:-->\r
            <ebil:FechaVencimiento>?</ebil:FechaVencimiento>\r
            <!--Optional:-->\r
            <ebil:FormaPago>?</ebil:FormaPago>\r
            <!--Optional:-->\r
            <ebil:IDInterno>?</ebil:IDInterno>\r
            <!--Optional:-->\r
            <ebil:IdPlan>?</ebil:IdPlan>\r
            <!--Optional:-->\r
            <ebil:InfoAdicional>?</ebil:InfoAdicional>\r
            <!--Optional:-->\r
            <ebil:MonedaISO>?</ebil:MonedaISO>\r
            <!--Optional:-->\r
            <ebil:NitCliente>?</ebil:NitCliente>\r
            <!--Optional:-->\r
            <ebil:NitEmpresa>?</ebil:NitEmpresa>\r
            <!--Optional:-->\r
            <ebil:NombreCliente>?</ebil:NombreCliente>\r
            <!--Optional:-->\r
            <ebil:NombrePlan>?</ebil:NombrePlan>\r
            <!--Optional:-->\r
            <ebil:NumAprobacionRes>?</ebil:NumAprobacionRes>\r
            <!--Optional:-->\r
            <ebil:NumFactura>?</ebil:NumFactura>\r
            <!--Optional:-->\r
            <ebil:OrderID>?</ebil:OrderID>\r
            <!--Optional:-->\r
            <ebil:PagoAnterior>?</ebil:PagoAnterior>\r
            <!--Optional:-->\r
            <ebil:Prefijo>?</ebil:Prefijo>\r
            <!--Optional:-->\r
            <ebil:Referencia1>?</ebil:Referencia1>\r
            <!--Optional:-->\r
            <ebil:SaldoAnterior>?</ebil:SaldoAnterior>\r
            <!--Optional:-->\r
            <ebil:SubTotal>?</ebil:SubTotal>\r
            <!--Optional:-->\r
            <ebil:TelefonoCliente>?</ebil:TelefonoCliente>\r
            <!--Optional:-->\r
            <ebil:TipoIDCliente>?</ebil:TipoIDCliente>\r
            <!--Optional:-->\r
            <ebil:Total>?</ebil:Total>\r
            <!--Optional:-->\r
            <ebil:TotalIVA>?</ebil:TotalIVA>\r
            <!--Optional:-->\r
            <ebil:ValorHasta1>?</ebil:ValorHasta1>\r
            <!--Optional:-->\r
            <ebil:ValorHasta2>?</ebil:ValorHasta2>\r
            <!--Optional:-->\r
            <ebil:ValorHasta3>?</ebil:ValorHasta3>\r
            <!--Optional:-->\r
            <ebil:ValorHasta4>?</ebil:ValorHasta4>\r
         </tem:FacCab>\r
         <!--Optional:-->\r
         <tem:Opciones>\r
            <!--Optional:-->\r
            <ebil:ActualizaProductos>?</ebil:ActualizaProductos>\r
            <!--Optional:-->\r
            <ebil:BuscarXNitXIdInterno>?</ebil:BuscarXNitXIdInterno>\r
            <!--Optional:-->\r
            <ebil:EmisionAutomatica>?</ebil:EmisionAutomatica>\r
            <!--Optional:-->\r
            <ebil:EmisionAutomaticaFXComputador>?</ebil:EmisionAutomaticaFXComputador>\r
            <!--Optional:-->\r
            <ebil:FacturasSinAcuerdo>?</ebil:FacturasSinAcuerdo>\r
            <!--Optional:-->\r
            <ebil:ManejaPlantillasNotificacion>?</ebil:ManejaPlantillasNotificacion>\r
            <!--Optional:-->\r
            <ebil:NoAdjuntarArchivo>?</ebil:NoAdjuntarArchivo>\r
            <!--Optional:-->\r
            <ebil:NoTieneAcuerdosFisicos>?</ebil:NoTieneAcuerdosFisicos>\r
            <!--Optional:-->\r
            <ebil:OrderControl>?</ebil:OrderControl>\r
            <!--Optional:-->\r
            <ebil:TipoCargaDetalle>?</ebil:TipoCargaDetalle>\r
            <!--Optional:-->\r
            <ebil:TipoDocumento>?</ebil:TipoDocumento>\r
            <!--Optional:-->\r
            <ebil:TokenConexion>?</ebil:TokenConexion>\r
            <!--Optional:-->\r
            <ebil:crearVIP>?</ebil:crearVIP>\r
            <!--Optional:-->\r
            <ebil:eBillAdmNumerosFactura>?</ebil:eBillAdmNumerosFactura>\r
         </tem:Opciones>\r
         <!--Optional:-->\r
         <tem:TipoComp>?</tem:TipoComp>\r
      </tem:SolicitaeBillPDFTAX>\r
   </soapenv:Body>\r
</soapenv:Envelope>]]></con:request><con:wsaConfig mustUnderstand="NONE" version="200508" action="http://tempuri.org/IIntegracion/SolicitaeBillPDFTAX"/></con:call></con:operation><con:operation id="d50e7d1b-1fd7-494a-87c5-004b55c1d0ce" isOneWay="false" action="http://tempuri.org/IIntegracion/SolicitaeBillPDFTAX_GR" name="SolicitaeBillPDFTAX_GR" bindingOperationName="SolicitaeBillPDFTAX_GR" type="Request-Response" inputName="" receivesAttachments="false" sendsAttachments="false" anonymous="optional"><con:settings/><con:call id="ef16c044-a152-40fe-b5b8-274b433b3eab" name="Request 1"><con:settings/><con:encoding>UTF-8</con:encoding><con:endpoint>http://testws.facturaenlinea.co/ServiciosFyM/eBill/Integracion.svc</con:endpoint><con:request><![CDATA[<soapenv:Envelope xmlns:soapenv="http://schemas.xmlsoap.org/soap/envelope/" xmlns:tem="http://tempuri.org/" xmlns:ebil="http://schemas.datacontract.org/2004/07/eBillCore">\r
   <soapenv:Header/>\r
   <soapenv:Body>\r
      <tem:SolicitaeBillPDFTAX_GR>\r
         <!--Optional:-->\r
         <tem:FacCab>\r
            <!--Optional:-->\r
            <ebil:AnoAprobacionRes>?</ebil:AnoAprobacionRes>\r
            <!--Optional:-->\r
            <ebil:Cantidad1>?</ebil:Cantidad1>\r
            <!--Optional:-->\r
            <ebil:Cantidad2>?</ebil:Cantidad2>\r
            <!--Optional:-->\r
            <ebil:Cantidad3>?</ebil:Cantidad3>\r
            <!--Optional:-->\r
            <ebil:CiudadDANE>?</ebil:CiudadDANE>\r
            <!--Optional:-->\r
            <ebil:CorreoCliente>?</ebil:CorreoCliente>\r
            <!--Optional:-->\r
            <ebil:DescripcionPlan>?</ebil:DescripcionPlan>\r
            <!--Optional:-->\r
            <ebil:Descuento>?</ebil:Descuento>\r
            <!--Optional:-->\r
            <ebil:DigitoVerificaCliente>?</ebil:DigitoVerificaCliente>\r
            <!--Optional:-->\r
            <ebil:DireccionCliente>?</ebil:DireccionCliente>\r
            <!--Optional:-->\r
            <ebil:FechaExpedicion>?</ebil:FechaExpedicion>\r
            <!--Optional:-->\r
            <ebil:FechaFinalPeriodoFacturado>?</ebil:FechaFinalPeriodoFacturado>\r
            <!--Optional:-->\r
            <ebil:FechaInicialPeriodoFacturado>?</ebil:FechaInicialPeriodoFacturado>\r
            <!--Optional:-->\r
            <ebil:FechaVencimiento>?</ebil:FechaVencimiento>\r
            <!--Optional:-->\r
            <ebil:FormaPago>?</ebil:FormaPago>\r
            <!--Optional:-->\r
            <ebil:IDInterno>?</ebil:IDInterno>\r
            <!--Optional:-->\r
            <ebil:IdPlan>?</ebil:IdPlan>\r
            <!--Optional:-->\r
            <ebil:InfoAdicional>?</ebil:InfoAdicional>\r
            <!--Optional:-->\r
            <ebil:MonedaISO>?</ebil:MonedaISO>\r
            <!--Optional:-->\r
            <ebil:NitCliente>?</ebil:NitCliente>\r
            <!--Optional:-->\r
            <ebil:NitEmpresa>?</ebil:NitEmpresa>\r
            <!--Optional:-->\r
            <ebil:NombreCliente>?</ebil:NombreCliente>\r
            <!--Optional:-->\r
            <ebil:NombrePlan>?</ebil:NombrePlan>\r
            <!--Optional:-->\r
            <ebil:NumAprobacionRes>?</ebil:NumAprobacionRes>\r
            <!--Optional:-->\r
            <ebil:NumFactura>?</ebil:NumFactura>\r
            <!--Optional:-->\r
            <ebil:OrderID>?</ebil:OrderID>\r
            <!--Optional:-->\r
            <ebil:PagoAnterior>?</ebil:PagoAnterior>\r
            <!--Optional:-->\r
            <ebil:Prefijo>?</ebil:Prefijo>\r
            <!--Optional:-->\r
            <ebil:Referencia1>?</ebil:Referencia1>\r
            <!--Optional:-->\r
            <ebil:SaldoAnterior>?</ebil:SaldoAnterior>\r
            <!--Optional:-->\r
            <ebil:SubTotal>?</ebil:SubTotal>\r
            <!--Optional:-->\r
            <ebil:TelefonoCliente>?</ebil:TelefonoCliente>\r
            <!--Optional:-->\r
            <ebil:TipoIDCliente>?</ebil:TipoIDCliente>\r
            <!--Optional:-->\r
            <ebil:Total>?</ebil:Total>\r
            <!--Optional:-->\r
            <ebil:TotalIVA>?</ebil:TotalIVA>\r
            <!--Optional:-->\r
            <ebil:ValorHasta1>?</ebil:ValorHasta1>\r
            <!--Optional:-->\r
            <ebil:ValorHasta2>?</ebil:ValorHasta2>\r
            <!--Optional:-->\r
            <ebil:ValorHasta3>?</ebil:ValorHasta3>\r
            <!--Optional:-->\r
            <ebil:ValorHasta4>?</ebil:ValorHasta4>\r
         </tem:FacCab>\r
         <!--Optional:-->\r
         <tem:Opciones>\r
            <!--Optional:-->\r
            <ebil:ActualizaProductos>?</ebil:ActualizaProductos>\r
            <!--Optional:-->\r
            <ebil:BuscarXNitXIdInterno>?</ebil:BuscarXNitXIdInterno>\r
            <!--Optional:-->\r
            <ebil:EmisionAutomatica>?</ebil:EmisionAutomatica>\r
            <!--Optional:-->\r
            <ebil:EmisionAutomaticaFXComputador>?</ebil:EmisionAutomaticaFXComputador>\r
            <!--Optional:-->\r
            <ebil:FacturasSinAcuerdo>?</ebil:FacturasSinAcuerdo>\r
            <!--Optional:-->\r
            <ebil:ManejaPlantillasNotificacion>?</ebil:ManejaPlantillasNotificacion>\r
            <!--Optional:-->\r
            <ebil:NoAdjuntarArchivo>?</ebil:NoAdjuntarArchivo>\r
            <!--Optional:-->\r
            <ebil:NoTieneAcuerdosFisicos>?</ebil:NoTieneAcuerdosFisicos>\r
            <!--Optional:-->\r
            <ebil:OrderControl>?</ebil:OrderControl>\r
            <!--Optional:-->\r
            <ebil:TipoCargaDetalle>?</ebil:TipoCargaDetalle>\r
            <!--Optional:-->\r
            <ebil:TipoDocumento>?</ebil:TipoDocumento>\r
            <!--Optional:-->\r
            <ebil:TokenConexion>?</ebil:TokenConexion>\r
            <!--Optional:-->\r
            <ebil:crearVIP>?</ebil:crearVIP>\r
            <!--Optional:-->\r
            <ebil:eBillAdmNumerosFactura>?</ebil:eBillAdmNumerosFactura>\r
         </tem:Opciones>\r
         <!--Optional:-->\r
         <tem:TipoComp>?</tem:TipoComp>\r
      </tem:SolicitaeBillPDFTAX_GR>\r
   </soapenv:Body>\r
</soapenv:Envelope>]]></con:request><con:wsaConfig mustUnderstand="NONE" version="200508" action="http://tempuri.org/IIntegracion/SolicitaeBillPDFTAX_GR"/></con:call></con:operation><con:operation id="412a6493-d024-48f7-8eb9-811e771b91a7" isOneWay="false" action="http://tempuri.org/IIntegracion/SolicitaeBillPDFTAXLong" name="SolicitaeBillPDFTAXLong" bindingOperationName="SolicitaeBillPDFTAXLong" type="Request-Response" inputName="" receivesAttachments="false" sendsAttachments="false" anonymous="optional"><con:settings/><con:call id="1aa1966b-577c-43fa-82b9-3259dc945e01" name="Request 1"><con:settings/><con:encoding>UTF-8</con:encoding><con:endpoint>http://testws.facturaenlinea.co/ServiciosFyM/eBill/Integracion.svc</con:endpoint><con:request><![CDATA[<soapenv:Envelope xmlns:soapenv="http://schemas.xmlsoap.org/soap/envelope/" xmlns:tem="http://tempuri.org/" xmlns:ebil="http://schemas.datacontract.org/2004/07/eBillCore">\r
   <soapenv:Header/>\r
   <soapenv:Body>\r
      <tem:SolicitaeBillPDFTAXLong>\r
         <!--Optional:-->\r
         <tem:FacCab>\r
            <!--Optional:-->\r
            <ebil:NitEmpresa>?</ebil:NitEmpresa>\r
            <!--Optional:-->\r
            <ebil:NumFactura>?</ebil:NumFactura>\r
            <!--Optional:-->\r
            <ebil:Prefijo>?</ebil:Prefijo>\r
         </tem:FacCab>\r
         <!--Optional:-->\r
         <tem:Opciones>\r
            <!--Optional:-->\r
            <ebil:ActualizaProductos>?</ebil:ActualizaProductos>\r
            <!--Optional:-->\r
            <ebil:BuscarXNitXIdInterno>?</ebil:BuscarXNitXIdInterno>\r
            <!--Optional:-->\r
            <ebil:EmisionAutomatica>?</ebil:EmisionAutomatica>\r
            <!--Optional:-->\r
            <ebil:EmisionAutomaticaFXComputador>?</ebil:EmisionAutomaticaFXComputador>\r
            <!--Optional:-->\r
            <ebil:FacturasSinAcuerdo>?</ebil:FacturasSinAcuerdo>\r
            <!--Optional:-->\r
            <ebil:ManejaPlantillasNotificacion>?</ebil:ManejaPlantillasNotificacion>\r
            <!--Optional:-->\r
            <ebil:NoAdjuntarArchivo>?</ebil:NoAdjuntarArchivo>\r
            <!--Optional:-->\r
            <ebil:NoTieneAcuerdosFisicos>?</ebil:NoTieneAcuerdosFisicos>\r
            <!--Optional:-->\r
            <ebil:OrderControl>?</ebil:OrderControl>\r
            <!--Optional:-->\r
            <ebil:TipoCargaDetalle>?</ebil:TipoCargaDetalle>\r
            <!--Optional:-->\r
            <ebil:TipoDocumento>?</ebil:TipoDocumento>\r
            <!--Optional:-->\r
            <ebil:TokenConexion>?</ebil:TokenConexion>\r
            <!--Optional:-->\r
            <ebil:crearVIP>?</ebil:crearVIP>\r
            <!--Optional:-->\r
            <ebil:eBillAdmNumerosFactura>?</ebil:eBillAdmNumerosFactura>\r
         </tem:Opciones>\r
         <!--Optional:-->\r
         <tem:TipoComp>?</tem:TipoComp>\r
      </tem:SolicitaeBillPDFTAXLong>\r
   </soapenv:Body>\r
</soapenv:Envelope>]]></con:request><con:wsaConfig mustUnderstand="NONE" version="200508" action="http://tempuri.org/IIntegracion/SolicitaeBillPDFTAXLong"/></con:call></con:operation><con:operation id="102f237b-ce96-4b45-9c60-159f9ad421ac" isOneWay="false" action="http://tempuri.org/IIntegracion/SolicitaeBillPDFXCodigo" name="SolicitaeBillPDFXCodigo" bindingOperationName="SolicitaeBillPDFXCodigo" type="Request-Response" inputName="" receivesAttachments="false" sendsAttachments="false" anonymous="optional"><con:settings/><con:call id="ace70ba0-e26d-44b5-8a98-562e1a418655" name="Request 1"><con:settings/><con:encoding>UTF-8</con:encoding><con:endpoint>http://testws.facturaenlinea.co/ServiciosFyM/eBill/Integracion.svc</con:endpoint><con:request><![CDATA[<soapenv:Envelope xmlns:soapenv="http://schemas.xmlsoap.org/soap/envelope/" xmlns:tem="http://tempuri.org/">\r
   <soapenv:Header/>\r
   <soapenv:Body>\r
      <tem:SolicitaeBillPDFXCodigo>\r
         <!--Optional:-->\r
         <tem:CodigoUnico>?</tem:CodigoUnico>\r
      </tem:SolicitaeBillPDFXCodigo>\r
   </soapenv:Body>\r
</soapenv:Envelope>]]></con:request><con:wsaConfig mustUnderstand="NONE" version="200508" action="http://tempuri.org/IIntegracion/SolicitaeBillPDFXCodigo"/></con:call></con:operation><con:operation id="18c340d5-f336-4d15-8e14-8a852030cc2d" isOneWay="false" action="http://tempuri.org/IIntegracion/SolicitaParametrosGestionDocumental" name="SolicitaParametrosGestionDocumental" bindingOperationName="SolicitaParametrosGestionDocumental" type="Request-Response" inputName="" receivesAttachments="false" sendsAttachments="false" anonymous="optional"><con:settings/><con:call id="e44394bf-bb35-4310-ab07-9253d6aa3ca9" name="Request 1"><con:settings/><con:encoding>UTF-8</con:encoding><con:endpoint>http://testws.facturaenlinea.co/ServiciosFyM/eBill/Integracion.svc</con:endpoint><con:request><![CDATA[<soapenv:Envelope xmlns:soapenv="http://schemas.xmlsoap.org/soap/envelope/" xmlns:tem="http://tempuri.org/">\r
   <soapenv:Header/>\r
   <soapenv:Body>\r
      <tem:SolicitaParametrosGestionDocumental>\r
         <!--Optional:-->\r
         <tem:Ambiente>?</tem:Ambiente>\r
         <!--Optional:-->\r
         <tem:token>?</tem:token>\r
      </tem:SolicitaParametrosGestionDocumental>\r
   </soapenv:Body>\r
</soapenv:Envelope>]]></con:request><con:wsaConfig mustUnderstand="NONE" version="200508" action="http://tempuri.org/IIntegracion/SolicitaParametrosGestionDocumental"/></con:call></con:operation><con:operation id="64b82f9b-04d3-4044-8b6b-bf5dd913d90c" isOneWay="false" action="http://tempuri.org/IIntegracion/SolicitareBillFacturasRadicadasRecepcion" name="SolicitareBillFacturasRadicadasRecepcion" bindingOperationName="SolicitareBillFacturasRadicadasRecepcion" type="Request-Response" inputName="" receivesAttachments="false" sendsAttachments="false" anonymous="optional"><con:settings/><con:call id="f96ace69-8c4f-44c8-8f39-4980373301b7" name="Request 1"><con:settings/><con:encoding>UTF-8</con:encoding><con:endpoint>http://testws.facturaenlinea.co/ServiciosFyM/eBill/Integracion.svc</con:endpoint><con:request><![CDATA[<soapenv:Envelope xmlns:soapenv="http://schemas.xmlsoap.org/soap/envelope/" xmlns:tem="http://tempuri.org/" xmlns:ebil="http://schemas.datacontract.org/2004/07/eBillCore">\r
   <soapenv:Header/>\r
   <soapenv:Body>\r
      <tem:SolicitareBillFacturasRadicadasRecepcion>\r
         <!--Optional:-->\r
         <tem:FacCab>\r
            <!--Optional:-->\r
            <ebil:NitCliente>?</ebil:NitCliente>\r
            <!--Optional:-->\r
            <ebil:NitEmpresa>?</ebil:NitEmpresa>\r
            <!--Optional:-->\r
            <ebil:NumFactura>?</ebil:NumFactura>\r
            <!--Optional:-->\r
            <ebil:OrderID>?</ebil:OrderID>\r
            <!--Optional:-->\r
            <ebil:Prefijo>?</ebil:Prefijo>\r
            <!--Optional:-->\r
            <ebil:Sucursal>?</ebil:Sucursal>\r
            <!--Optional:-->\r
            <ebil:TipoComprobante>?</ebil:TipoComprobante>\r
         </tem:FacCab>\r
         <!--Optional:-->\r
         <tem:Opciones>\r
            <!--Optional:-->\r
            <ebil:ActualizaProductos>?</ebil:ActualizaProductos>\r
            <!--Optional:-->\r
            <ebil:CalculaReteCree>?</ebil:CalculaReteCree>\r
            <!--Optional:-->\r
            <ebil:CalculaReteFuente>?</ebil:CalculaReteFuente>\r
            <!--Optional:-->\r
            <ebil:CalculaReteICA>?</ebil:CalculaReteICA>\r
            <!--Optional:-->\r
            <ebil:CalculaReteIVA>?</ebil:CalculaReteIVA>\r
            <!--Optional:-->\r
            <ebil:EmisionAutomatica>?</ebil:EmisionAutomatica>\r
            <!--Optional:-->\r
            <ebil:FacturasSinAcuerdo>?</ebil:FacturasSinAcuerdo>\r
            <!--Optional:-->\r
            <ebil:ModeloXAceptacion>?</ebil:ModeloXAceptacion>\r
            <!--Optional:-->\r
            <ebil:NotasRelacionadas>?</ebil:NotasRelacionadas>\r
            <!--Optional:-->\r
            <ebil:OrderControl>?</ebil:OrderControl>\r
            <!--Optional:-->\r
            <ebil:TieneAcuerdosFisicos>?</ebil:TieneAcuerdosFisicos>\r
            <!--Optional:-->\r
            <ebil:TokenConexion>?</ebil:TokenConexion>\r
            <!--Optional:-->\r
            <ebil:eBillAdmNumerosFactura>?</ebil:eBillAdmNumerosFactura>\r
         </tem:Opciones>\r
      </tem:SolicitareBillFacturasRadicadasRecepcion>\r
   </soapenv:Body>\r
</soapenv:Envelope>]]></con:request><con:wsaConfig mustUnderstand="NONE" version="200508" action="http://tempuri.org/IIntegracion/SolicitareBillFacturasRadicadasRecepcion"/></con:call></con:operation><con:operation id="4d165aed-ef55-4433-bb09-07acbb335a14" isOneWay="false" action="http://tempuri.org/IIntegracion/SolicitareBillFacturasRadicadasRecepcionXEstado" name="SolicitareBillFacturasRadicadasRecepcionXEstado" bindingOperationName="SolicitareBillFacturasRadicadasRecepcionXEstado" type="Request-Response" inputName="" receivesAttachments="false" sendsAttachments="false" anonymous="optional"><con:settings/><con:call id="3c347fe7-e61e-4c79-9dba-dee68c836a0a" name="Request 1"><con:settings/><con:encoding>UTF-8</con:encoding><con:endpoint>http://testws.facturaenlinea.co/ServiciosFyM/eBill/Integracion.svc</con:endpoint><con:request><![CDATA[<soapenv:Envelope xmlns:soapenv="http://schemas.xmlsoap.org/soap/envelope/" xmlns:tem="http://tempuri.org/" xmlns:ebil="http://schemas.datacontract.org/2004/07/eBillCore">\r
   <soapenv:Header/>\r
   <soapenv:Body>\r
      <tem:SolicitareBillFacturasRadicadasRecepcionXEstado>\r
         <!--Optional:-->\r
         <tem:FacCab>\r
            <!--Optional:-->\r
            <ebil:NitCliente>?</ebil:NitCliente>\r
            <!--Optional:-->\r
            <ebil:NitEmpresa>?</ebil:NitEmpresa>\r
            <!--Optional:-->\r
            <ebil:NumFactura>?</ebil:NumFactura>\r
            <!--Optional:-->\r
            <ebil:OrderID>?</ebil:OrderID>\r
            <!--Optional:-->\r
            <ebil:Prefijo>?</ebil:Prefijo>\r
            <!--Optional:-->\r
            <ebil:Sucursal>?</ebil:Sucursal>\r
            <!--Optional:-->\r
            <ebil:TipoComprobante>?</ebil:TipoComprobante>\r
         </tem:FacCab>\r
         <!--Optional:-->\r
         <tem:Opciones>\r
            <!--Optional:-->\r
            <ebil:ActualizaProductos>?</ebil:ActualizaProductos>\r
            <!--Optional:-->\r
            <ebil:CalculaReteCree>?</ebil:CalculaReteCree>\r
            <!--Optional:-->\r
            <ebil:CalculaReteFuente>?</ebil:CalculaReteFuente>\r
            <!--Optional:-->\r
            <ebil:CalculaReteICA>?</ebil:CalculaReteICA>\r
            <!--Optional:-->\r
            <ebil:CalculaReteIVA>?</ebil:CalculaReteIVA>\r
            <!--Optional:-->\r
            <ebil:EmisionAutomatica>?</ebil:EmisionAutomatica>\r
            <!--Optional:-->\r
            <ebil:FacturasSinAcuerdo>?</ebil:FacturasSinAcuerdo>\r
            <!--Optional:-->\r
            <ebil:ModeloXAceptacion>?</ebil:ModeloXAceptacion>\r
            <!--Optional:-->\r
            <ebil:NotasRelacionadas>?</ebil:NotasRelacionadas>\r
            <!--Optional:-->\r
            <ebil:OrderControl>?</ebil:OrderControl>\r
            <!--Optional:-->\r
            <ebil:TieneAcuerdosFisicos>?</ebil:TieneAcuerdosFisicos>\r
            <!--Optional:-->\r
            <ebil:TokenConexion>?</ebil:TokenConexion>\r
            <!--Optional:-->\r
            <ebil:eBillAdmNumerosFactura>?</ebil:eBillAdmNumerosFactura>\r
         </tem:Opciones>\r
      </tem:SolicitareBillFacturasRadicadasRecepcionXEstado>\r
   </soapenv:Body>\r
</soapenv:Envelope>]]></con:request><con:wsaConfig mustUnderstand="NONE" version="200508" action="http://tempuri.org/IIntegracion/SolicitareBillFacturasRadicadasRecepcionXEstado"/></con:call></con:operation><con:operation id="3adf12e2-af9f-4313-8013-ce40d392f084" isOneWay="false" action="http://tempuri.org/IIntegracion/SolicitareBillFacturasRadicadasRecepcionXNitRecXDiaRec" name="SolicitareBillFacturasRadicadasRecepcionXNitRecXDiaRec" bindingOperationName="SolicitareBillFacturasRadicadasRecepcionXNitRecXDiaRec" type="Request-Response" inputName="" receivesAttachments="false" sendsAttachments="false" anonymous="optional"><con:settings/><con:call id="e4dcd0e5-de62-4391-89ca-507112e432c5" name="Request 1"><con:settings/><con:encoding>UTF-8</con:encoding><con:endpoint>http://testws.facturaenlinea.co/ServiciosFyM/eBill/Integracion.svc</con:endpoint><con:request><![CDATA[<soapenv:Envelope xmlns:soapenv="http://schemas.xmlsoap.org/soap/envelope/" xmlns:tem="http://tempuri.org/" xmlns:ebil="http://schemas.datacontract.org/2004/07/eBillCore">\r
   <soapenv:Header/>\r
   <soapenv:Body>\r
      <tem:SolicitareBillFacturasRadicadasRecepcionXNitRecXDiaRec>\r
         <!--Optional:-->\r
         <tem:FacCab>\r
            <!--Optional:-->\r
            <ebil:NitCliente>?</ebil:NitCliente>\r
            <!--Optional:-->\r
            <ebil:NitEmpresa>?</ebil:NitEmpresa>\r
            <!--Optional:-->\r
            <ebil:NumFactura>?</ebil:NumFactura>\r
            <!--Optional:-->\r
            <ebil:OrderID>?</ebil:OrderID>\r
            <!--Optional:-->\r
            <ebil:Prefijo>?</ebil:Prefijo>\r
            <!--Optional:-->\r
            <ebil:Sucursal>?</ebil:Sucursal>\r
            <!--Optional:-->\r
            <ebil:TipoComprobante>?</ebil:TipoComprobante>\r
         </tem:FacCab>\r
         <!--Optional:-->\r
         <tem:fechaRadicacion>?</tem:fechaRadicacion>\r
         <!--Optional:-->\r
         <tem:Opciones>\r
            <!--Optional:-->\r
            <ebil:ActualizaProductos>?</ebil:ActualizaProductos>\r
            <!--Optional:-->\r
            <ebil:CalculaReteCree>?</ebil:CalculaReteCree>\r
            <!--Optional:-->\r
            <ebil:CalculaReteFuente>?</ebil:CalculaReteFuente>\r
            <!--Optional:-->\r
            <ebil:CalculaReteICA>?</ebil:CalculaReteICA>\r
            <!--Optional:-->\r
            <ebil:CalculaReteIVA>?</ebil:CalculaReteIVA>\r
            <!--Optional:-->\r
            <ebil:EmisionAutomatica>?</ebil:EmisionAutomatica>\r
            <!--Optional:-->\r
            <ebil:FacturasSinAcuerdo>?</ebil:FacturasSinAcuerdo>\r
            <!--Optional:-->\r
            <ebil:ModeloXAceptacion>?</ebil:ModeloXAceptacion>\r
            <!--Optional:-->\r
            <ebil:NotasRelacionadas>?</ebil:NotasRelacionadas>\r
            <!--Optional:-->\r
            <ebil:OrderControl>?</ebil:OrderControl>\r
            <!--Optional:-->\r
            <ebil:TieneAcuerdosFisicos>?</ebil:TieneAcuerdosFisicos>\r
            <!--Optional:-->\r
            <ebil:TokenConexion>?</ebil:TokenConexion>\r
            <!--Optional:-->\r
            <ebil:eBillAdmNumerosFactura>?</ebil:eBillAdmNumerosFactura>\r
         </tem:Opciones>\r
         <!--Optional:-->\r
         <tem:estadoDocumento>?</tem:estadoDocumento>\r
      </tem:SolicitareBillFacturasRadicadasRecepcionXNitRecXDiaRec>\r
   </soapenv:Body>\r
</soapenv:Envelope>]]></con:request><con:wsaConfig mustUnderstand="NONE" version="200508" action="http://tempuri.org/IIntegracion/SolicitareBillFacturasRadicadasRecepcionXNitRecXDiaRec"/></con:call></con:operation><con:operation id="ef82d625-bf71-4757-b61b-d0b8487b9e9a" isOneWay="false" action="http://tempuri.org/IIntegracion/SolicitareBillFacturasRadicadasRecepcionXNitRecXDiaRec_TerceroPagador" name="SolicitareBillFacturasRadicadasRecepcionXNitRecXDiaRec_TerceroPagador" bindingOperationName="SolicitareBillFacturasRadicadasRecepcionXNitRecXDiaRec_TerceroPagador" type="Request-Response" inputName="" receivesAttachments="false" sendsAttachments="false" anonymous="optional"><con:settings/><con:call id="b45bc92e-2409-4863-acde-dc7188a117bf" name="Request 1"><con:settings/><con:encoding>UTF-8</con:encoding><con:endpoint>http://testws.facturaenlinea.co/ServiciosFyM/eBill/Integracion.svc</con:endpoint><con:request><![CDATA[<soapenv:Envelope xmlns:soapenv="http://schemas.xmlsoap.org/soap/envelope/" xmlns:tem="http://tempuri.org/" xmlns:ebil="http://schemas.datacontract.org/2004/07/eBillCore">\r
   <soapenv:Header/>\r
   <soapenv:Body>\r
      <tem:SolicitareBillFacturasRadicadasRecepcionXNitRecXDiaRec_TerceroPagador>\r
         <!--Optional:-->\r
         <tem:FacCab>\r
            <!--Optional:-->\r
            <ebil:NitCliente>?</ebil:NitCliente>\r
            <!--Optional:-->\r
            <ebil:NitEmpresa>?</ebil:NitEmpresa>\r
            <!--Optional:-->\r
            <ebil:NumFactura>?</ebil:NumFactura>\r
            <!--Optional:-->\r
            <ebil:OrderID>?</ebil:OrderID>\r
            <!--Optional:-->\r
            <ebil:Prefijo>?</ebil:Prefijo>\r
            <!--Optional:-->\r
            <ebil:Sucursal>?</ebil:Sucursal>\r
            <!--Optional:-->\r
            <ebil:TipoComprobante>?</ebil:TipoComprobante>\r
         </tem:FacCab>\r
         <!--Optional:-->\r
         <tem:fechaRadicacion>?</tem:fechaRadicacion>\r
         <!--Optional:-->\r
         <tem:Opciones>\r
            <!--Optional:-->\r
            <ebil:ActualizaProductos>?</ebil:ActualizaProductos>\r
            <!--Optional:-->\r
            <ebil:CalculaReteCree>?</ebil:CalculaReteCree>\r
            <!--Optional:-->\r
            <ebil:CalculaReteFuente>?</ebil:CalculaReteFuente>\r
            <!--Optional:-->\r
            <ebil:CalculaReteICA>?</ebil:CalculaReteICA>\r
            <!--Optional:-->\r
            <ebil:CalculaReteIVA>?</ebil:CalculaReteIVA>\r
            <!--Optional:-->\r
            <ebil:EmisionAutomatica>?</ebil:EmisionAutomatica>\r
            <!--Optional:-->\r
            <ebil:FacturasSinAcuerdo>?</ebil:FacturasSinAcuerdo>\r
            <!--Optional:-->\r
            <ebil:ModeloXAceptacion>?</ebil:ModeloXAceptacion>\r
            <!--Optional:-->\r
            <ebil:NotasRelacionadas>?</ebil:NotasRelacionadas>\r
            <!--Optional:-->\r
            <ebil:OrderControl>?</ebil:OrderControl>\r
            <!--Optional:-->\r
            <ebil:TieneAcuerdosFisicos>?</ebil:TieneAcuerdosFisicos>\r
            <!--Optional:-->\r
            <ebil:TokenConexion>?</ebil:TokenConexion>\r
            <!--Optional:-->\r
            <ebil:eBillAdmNumerosFactura>?</ebil:eBillAdmNumerosFactura>\r
         </tem:Opciones>\r
      </tem:SolicitareBillFacturasRadicadasRecepcionXNitRecXDiaRec_TerceroPagador>\r
   </soapenv:Body>\r
</soapenv:Envelope>]]></con:request><con:wsaConfig mustUnderstand="NONE" version="200508" action="http://tempuri.org/IIntegracion/SolicitareBillFacturasRadicadasRecepcionXNitRecXDiaRec_TerceroPagador"/></con:call></con:operation><con:operation id="64a2d6dc-5c98-46bd-b421-398df15bdf37" isOneWay="false" action="http://tempuri.org/IIntegracion/SolicitareBillFacturasRadicadasRecepcionXRango" name="SolicitareBillFacturasRadicadasRecepcionXRango" bindingOperationName="SolicitareBillFacturasRadicadasRecepcionXRango" type="Request-Response" inputName="" receivesAttachments="false" sendsAttachments="false" anonymous="optional"><con:settings/><con:call id="97cc1b7a-cc80-4dcc-b252-bb0ec1d2d2c5" name="Request 1"><con:settings><con:setting id="com.eviware.soapui.impl.wsdl.WsdlRequest@request-headers">&lt;xml-fragment/></con:setting></con:settings><con:encoding>UTF-8</con:encoding><con:endpoint>http://testws.facturaenlinea.co/ServiciosFyM/eBill/Integracion.svc</con:endpoint><con:request><![CDATA[<soapenv:Envelope
    xmlns:soapenv="http://schemas.xmlsoap.org/soap/envelope/"
    xmlns:tem="http://tempuri.org/"
    xmlns:ebil="http://schemas.datacontract.org/2004/07/eBillCore">
  <soapenv:Header/>
   <soapenv:Body>
      <tem:SolicitareBillFacturasRadicadasRecepcionXRango>
     	<!--Optional:-->
        	<tem:FacCab>
        	<!--Optional:-->
            <ebil:NitCliente>900123895</ebil:NitCliente>
        	<!--Optional:-->
            <ebil:NitEmpresa>860002576</ebil:NitEmpresa>
        	<!--Optional:-->
     	</tem:FacCab>
     	<!--Optional:-->
          <tem:fechaInicial>2022-01-14</tem:fechaInicial>
     	<!--Optional:-->
         <tem:fechaFinal>2022-01-18</tem:fechaFinal>
     	<!--Optional:-->
     	<tem:Opciones>
        	<!--Optional:-->
            <ebil:TokenConexion>94B69F1E-430D-4A2D-85F1-137D1F7A5F13</ebil:TokenConexion>
     	</tem:Opciones>
      </tem:SolicitareBillFacturasRadicadasRecepcionXRango>
   </soapenv:Body>
</soapenv:Envelope>
]]></con:request><con:credentials><con:authType>No Authorization</con:authType></con:credentials><con:jmsConfig JMSDeliveryMode="PERSISTENT"/><con:jmsPropertyConfig/><con:wsaConfig mustUnderstand="NONE" version="200508" action="http://tempuri.org/IIntegracion/SolicitareBillFacturasRadicadasRecepcionXRango"/><con:wsrmConfig version="1.2"/></con:call></con:operation><con:operation id="631b9a0c-9f23-4b49-b7d4-6306d9b24009" isOneWay="false" action="http://tempuri.org/IIntegracion/SolicitareBillFacturasRadicadasRecepcionXRango_TerceroPagador" name="SolicitareBillFacturasRadicadasRecepcionXRango_TerceroPagador" bindingOperationName="SolicitareBillFacturasRadicadasRecepcionXRango_TerceroPagador" type="Request-Response" inputName="" receivesAttachments="false" sendsAttachments="false" anonymous="optional"><con:settings/><con:call id="16921006-17ac-4ccf-8723-1da69407012a" name="Request 1"><con:settings/><con:encoding>UTF-8</con:encoding><con:endpoint>http://testws.facturaenlinea.co/ServiciosFyM/eBill/Integracion.svc</con:endpoint><con:request><![CDATA[<soapenv:Envelope xmlns:soapenv="http://schemas.xmlsoap.org/soap/envelope/" xmlns:tem="http://tempuri.org/" xmlns:ebil="http://schemas.datacontract.org/2004/07/eBillCore">\r
   <soapenv:Header/>\r
   <soapenv:Body>\r
      <tem:SolicitareBillFacturasRadicadasRecepcionXRango_TerceroPagador>\r
         <!--Optional:-->\r
         <tem:FacCab>\r
            <!--Optional:-->\r
            <ebil:NitCliente>?</ebil:NitCliente>\r
            <!--Optional:-->\r
            <ebil:NitEmpresa>?</ebil:NitEmpresa>\r
            <!--Optional:-->\r
            <ebil:NumFactura>?</ebil:NumFactura>\r
            <!--Optional:-->\r
            <ebil:OrderID>?</ebil:OrderID>\r
            <!--Optional:-->\r
            <ebil:Prefijo>?</ebil:Prefijo>\r
            <!--Optional:-->\r
            <ebil:Sucursal>?</ebil:Sucursal>\r
            <!--Optional:-->\r
            <ebil:TipoComprobante>?</ebil:TipoComprobante>\r
         </tem:FacCab>\r
         <!--Optional:-->\r
         <tem:fechaInicial>?</tem:fechaInicial>\r
         <!--Optional:-->\r
         <tem:fechaFinal>?</tem:fechaFinal>\r
         <!--Optional:-->\r
         <tem:Opciones>\r
            <!--Optional:-->\r
            <ebil:ActualizaProductos>?</ebil:ActualizaProductos>\r
            <!--Optional:-->\r
            <ebil:CalculaReteCree>?</ebil:CalculaReteCree>\r
            <!--Optional:-->\r
            <ebil:CalculaReteFuente>?</ebil:CalculaReteFuente>\r
            <!--Optional:-->\r
            <ebil:CalculaReteICA>?</ebil:CalculaReteICA>\r
            <!--Optional:-->\r
            <ebil:CalculaReteIVA>?</ebil:CalculaReteIVA>\r
            <!--Optional:-->\r
            <ebil:EmisionAutomatica>?</ebil:EmisionAutomatica>\r
            <!--Optional:-->\r
            <ebil:FacturasSinAcuerdo>?</ebil:FacturasSinAcuerdo>\r
            <!--Optional:-->\r
            <ebil:ModeloXAceptacion>?</ebil:ModeloXAceptacion>\r
            <!--Optional:-->\r
            <ebil:NotasRelacionadas>?</ebil:NotasRelacionadas>\r
            <!--Optional:-->\r
            <ebil:OrderControl>?</ebil:OrderControl>\r
            <!--Optional:-->\r
            <ebil:TieneAcuerdosFisicos>?</ebil:TieneAcuerdosFisicos>\r
            <!--Optional:-->\r
            <ebil:TokenConexion>?</ebil:TokenConexion>\r
            <!--Optional:-->\r
            <ebil:eBillAdmNumerosFactura>?</ebil:eBillAdmNumerosFactura>\r
         </tem:Opciones>\r
      </tem:SolicitareBillFacturasRadicadasRecepcionXRango_TerceroPagador>\r
   </soapenv:Body>\r
</soapenv:Envelope>]]></con:request><con:wsaConfig mustUnderstand="NONE" version="200508" action="http://tempuri.org/IIntegracion/SolicitareBillFacturasRadicadasRecepcionXRango_TerceroPagador"/></con:call></con:operation><con:operation id="858d8a08-14be-4066-a920-d601b6c0c390" isOneWay="false" action="http://tempuri.org/IIntegracion/SolicitarEventosRecibidosXNitEmisorXDiaRec" name="SolicitarEventosRecibidosXNitEmisorXDiaRec" bindingOperationName="SolicitarEventosRecibidosXNitEmisorXDiaRec" type="Request-Response" inputName="" receivesAttachments="false" sendsAttachments="false" anonymous="optional"><con:settings/><con:call id="14be01e0-59ab-4139-a562-e71c02079fea" name="Request 1"><con:settings><con:setting id="com.eviware.soapui.impl.wsdl.WsdlRequest@request-headers">&lt;xml-fragment/></con:setting></con:settings><con:encoding>UTF-8</con:encoding><con:endpoint>http://testws.facturaenlinea.co/ServiciosFyM/eBill/Integracion.svc</con:endpoint><con:request><![CDATA[<soapenv:Envelope xmlns:soapenv="http://schemas.xmlsoap.org/soap/envelope/" xmlns:tem="http://tempuri.org/">
   <soapenv:Header/>
   <soapenv:Body>
      <tem:SolicitarEventosRecibidosXNitEmisorXDiaRec>
         <!--Optional:-->
         <tem:NitEmpresaEmisora>900306823</tem:NitEmpresaEmisora>
         <!--Optional:-->
         <tem:TokenEmpresaEmisora>0CA473A5-5699-4AAE-BEA5-BEAB6D7A5804</tem:TokenEmpresaEmisora>
         <!--Optional:-->
         <tem:fechaRadicacion>2021-08-20</tem:fechaRadicacion>
      </tem:SolicitarEventosRecibidosXNitEmisorXDiaRec>
   </soapenv:Body>
</soapenv:Envelope>
]]></con:request><con:credentials><con:authType>No Authorization</con:authType></con:credentials><con:jmsConfig JMSDeliveryMode="PERSISTENT"/><con:jmsPropertyConfig/><con:wsaConfig mustUnderstand="NONE" version="200508" action="http://tempuri.org/IIntegracion/SolicitarEventosRecibidosXNitEmisorXDiaRec"/><con:wsrmConfig version="1.2"/></con:call></con:operation><con:operation id="0a7de3f9-8d01-450b-8ab2-7849e62b68db" isOneWay="false" action="http://tempuri.org/IIntegracion/TraerAdjuntosXDocumento" name="TraerAdjuntosXDocumento" bindingOperationName="TraerAdjuntosXDocumento" type="Request-Response" inputName="" receivesAttachments="false" sendsAttachments="false" anonymous="optional"><con:settings/><con:call id="773a1890-a996-44b4-b195-bef601ae55bb" name="Request 1"><con:settings/><con:encoding>UTF-8</con:encoding><con:endpoint>http://testws.facturaenlinea.co/ServiciosFyM/eBill/Integracion.svc</con:endpoint><con:request><![CDATA[<soapenv:Envelope xmlns:soapenv="http://schemas.xmlsoap.org/soap/envelope/" xmlns:tem="http://tempuri.org/">\r
   <soapenv:Header/>\r
   <soapenv:Body>\r
      <tem:TraerAdjuntosXDocumento>\r
         <!--Optional:-->\r
         <tem:IdEmpresa>?</tem:IdEmpresa>\r
         <!--Optional:-->\r
         <tem:IdDocumento>?</tem:IdDocumento>\r
         <!--Optional:-->\r
         <tem:Token>?</tem:Token>\r
      </tem:TraerAdjuntosXDocumento>\r
   </soapenv:Body>\r
</soapenv:Envelope>]]></con:request><con:wsaConfig mustUnderstand="NONE" version="200508" action="http://tempuri.org/IIntegracion/TraerAdjuntosXDocumento"/></con:call></con:operation><con:operation id="ab891110-87cd-4cc3-a779-20ee9c916488" isOneWay="false" action="http://tempuri.org/IIntegracion/TraerAdjuntosXPrefijoXNumXTipoComp" name="TraerAdjuntosXPrefijoXNumXTipoComp" bindingOperationName="TraerAdjuntosXPrefijoXNumXTipoComp" type="Request-Response" inputName="" receivesAttachments="false" sendsAttachments="false" anonymous="optional"><con:settings/><con:call id="e356cbda-92b2-4876-8a02-4afba4287b9f" name="Request 1"><con:settings/><con:encoding>UTF-8</con:encoding><con:endpoint>http://testws.facturaenlinea.co/ServiciosFyM/eBill/Integracion.svc</con:endpoint><con:request><![CDATA[<soapenv:Envelope xmlns:soapenv="http://schemas.xmlsoap.org/soap/envelope/" xmlns:tem="http://tempuri.org/">\r
   <soapenv:Header/>\r
   <soapenv:Body>\r
      <tem:TraerAdjuntosXPrefijoXNumXTipoComp>\r
         <!--Optional:-->\r
         <tem:NitEmpresaReceptora>?</tem:NitEmpresaReceptora>\r
         <!--Optional:-->\r
         <tem:NitEmpresaEmisora>?</tem:NitEmpresaEmisora>\r
         <!--Optional:-->\r
         <tem:Prefijo>?</tem:Prefijo>\r
         <!--Optional:-->\r
         <tem:Numero>?</tem:Numero>\r
         <!--Optional:-->\r
         <tem:NumEnlace>?</tem:NumEnlace>\r
         <!--Optional:-->\r
         <tem:TipoComprobante>?</tem:TipoComprobante>\r
         <!--Optional:-->\r
         <tem:Token>?</tem:Token>\r
         <!--Optional:-->\r
         <tem:MultiAnexo>?</tem:MultiAnexo>\r
      </tem:TraerAdjuntosXPrefijoXNumXTipoComp>\r
   </soapenv:Body>\r
</soapenv:Envelope>]]></con:request><con:wsaConfig mustUnderstand="NONE" version="200508" action="http://tempuri.org/IIntegracion/TraerAdjuntosXPrefijoXNumXTipoComp"/></con:call></con:operation><con:operation id="8e5e84f5-896a-4a50-af8b-9c046e47a297" isOneWay="false" action="http://tempuri.org/IIntegracion/TraerAdjuntosXPrefijoXNumXTipoComp_TerceroPagador" name="TraerAdjuntosXPrefijoXNumXTipoComp_TerceroPagador" bindingOperationName="TraerAdjuntosXPrefijoXNumXTipoComp_TerceroPagador" type="Request-Response" inputName="" receivesAttachments="false" sendsAttachments="false" anonymous="optional"><con:settings/><con:call id="0dcf0a15-5b5b-4783-8a1c-cb6f21c3a13a" name="Request 1"><con:settings/><con:encoding>UTF-8</con:encoding><con:endpoint>http://testws.facturaenlinea.co/ServiciosFyM/eBill/Integracion.svc</con:endpoint><con:request><![CDATA[<soapenv:Envelope xmlns:soapenv="http://schemas.xmlsoap.org/soap/envelope/" xmlns:tem="http://tempuri.org/">\r
   <soapenv:Header/>\r
   <soapenv:Body>\r
      <tem:TraerAdjuntosXPrefijoXNumXTipoComp_TerceroPagador>\r
         <!--Optional:-->\r
         <tem:NitEmpresaReceptora>?</tem:NitEmpresaReceptora>\r
         <!--Optional:-->\r
         <tem:NitEmpresaEmisora>?</tem:NitEmpresaEmisora>\r
         <!--Optional:-->\r
         <tem:Prefijo>?</tem:Prefijo>\r
         <!--Optional:-->\r
         <tem:Numero>?</tem:Numero>\r
         <!--Optional:-->\r
         <tem:NumEnlace>?</tem:NumEnlace>\r
         <!--Optional:-->\r
         <tem:TipoComprobante>?</tem:TipoComprobante>\r
         <!--Optional:-->\r
         <tem:Token>?</tem:Token>\r
         <!--Optional:-->\r
         <tem:MultiAnexo>?</tem:MultiAnexo>\r
      </tem:TraerAdjuntosXPrefijoXNumXTipoComp_TerceroPagador>\r
   </soapenv:Body>\r
</soapenv:Envelope>]]></con:request><con:wsaConfig mustUnderstand="NONE" version="200508" action="http://tempuri.org/IIntegracion/TraerAdjuntosXPrefijoXNumXTipoComp_TerceroPagador"/></con:call></con:operation><con:operation id="18cb24a1-7199-4cad-92fe-ba3f4434292a" isOneWay="false" action="http://tempuri.org/IIntegracion/TraerCertificadoDigital" name="TraerCertificadoDigital" bindingOperationName="TraerCertificadoDigital" type="Request-Response" inputName="" receivesAttachments="false" sendsAttachments="false" anonymous="optional"><con:settings/><con:call id="ba34b080-4c2d-4539-9c5c-afd0edbab6a9" name="Request 1"><con:settings/><con:encoding>UTF-8</con:encoding><con:endpoint>http://testws.facturaenlinea.co/ServiciosFyM/eBill/Integracion.svc</con:endpoint><con:request><![CDATA[<soapenv:Envelope xmlns:soapenv="http://schemas.xmlsoap.org/soap/envelope/" xmlns:tem="http://tempuri.org/">\r
   <soapenv:Header/>\r
   <soapenv:Body>\r
      <tem:TraerCertificadoDigital>\r
         <!--Optional:-->\r
         <tem:IdEmpresa>?</tem:IdEmpresa>\r
         <!--Optional:-->\r
         <tem:Token>?</tem:Token>\r
         <!--Optional:-->\r
         <tem:Pass>?</tem:Pass>\r
      </tem:TraerCertificadoDigital>\r
   </soapenv:Body>\r
</soapenv:Envelope>]]></con:request><con:wsaConfig mustUnderstand="NONE" version="200508" action="http://tempuri.org/IIntegracion/TraerCertificadoDigital"/></con:call></con:operation><con:operation id="d5fe98d0-db9c-41cf-81b4-afee9a7ed123" isOneWay="false" action="http://tempuri.org/IIntegracion/TraerDatosEmpresasEmisoras" name="TraerDatosEmpresasEmisoras" bindingOperationName="TraerDatosEmpresasEmisoras" type="Request-Response" inputName="" receivesAttachments="false" sendsAttachments="false" anonymous="optional"><con:settings/><con:call id="57b1c8b2-2f4c-4bb5-9f9f-e5fa2b7edc52" name="Request 1"><con:settings/><con:encoding>UTF-8</con:encoding><con:endpoint>http://testws.facturaenlinea.co/ServiciosFyM/eBill/Integracion.svc</con:endpoint><con:request><![CDATA[<soapenv:Envelope xmlns:soapenv="http://schemas.xmlsoap.org/soap/envelope/" xmlns:tem="http://tempuri.org/">\r
   <soapenv:Header/>\r
   <soapenv:Body>\r
      <tem:TraerDatosEmpresasEmisoras>\r
         <!--Optional:-->\r
         <tem:IdProveedor>?</tem:IdProveedor>\r
         <!--Optional:-->\r
         <tem:Token>?</tem:Token>\r
      </tem:TraerDatosEmpresasEmisoras>\r
   </soapenv:Body>\r
</soapenv:Envelope>]]></con:request><con:wsaConfig mustUnderstand="NONE" version="200508" action="http://tempuri.org/IIntegracion/TraerDatosEmpresasEmisoras"/></con:call></con:operation><con:operation id="1c88c09a-03cb-4b54-a795-379e4b30a9b1" isOneWay="false" action="http://tempuri.org/IIntegracion/TraerDatosEmpresasNotificar" name="TraerDatosEmpresasNotificar" bindingOperationName="TraerDatosEmpresasNotificar" type="Request-Response" inputName="" receivesAttachments="false" sendsAttachments="false" anonymous="optional"><con:settings/><con:call id="c68a98cb-5434-4c20-92b1-479349208fa5" name="Request 1"><con:settings/><con:encoding>UTF-8</con:encoding><con:endpoint>http://testws.facturaenlinea.co/ServiciosFyM/eBill/Integracion.svc</con:endpoint><con:request><![CDATA[<soapenv:Envelope xmlns:soapenv="http://schemas.xmlsoap.org/soap/envelope/" xmlns:tem="http://tempuri.org/">\r
   <soapenv:Header/>\r
   <soapenv:Body>\r
      <tem:TraerDatosEmpresasNotificar>\r
         <!--Optional:-->\r
         <tem:NitEmpresa>?</tem:NitEmpresa>\r
         <!--Optional:-->\r
         <tem:VersionSonda>?</tem:VersionSonda>\r
         <!--Optional:-->\r
         <tem:Token>?</tem:Token>\r
      </tem:TraerDatosEmpresasNotificar>\r
   </soapenv:Body>\r
</soapenv:Envelope>]]></con:request><con:wsaConfig mustUnderstand="NONE" version="200508" action="http://tempuri.org/IIntegracion/TraerDatosEmpresasNotificar"/></con:call></con:operation><con:operation id="f3284887-cd14-4af3-8a71-b2a509a982e7" isOneWay="false" action="http://tempuri.org/IIntegracion/TraerDatosProveedorFTP" name="TraerDatosProveedorFTP" bindingOperationName="TraerDatosProveedorFTP" type="Request-Response" inputName="" receivesAttachments="false" sendsAttachments="false" anonymous="optional"><con:settings/><con:call id="02d95366-aedb-49f6-919a-efc7b40642d8" name="Request 1"><con:settings/><con:encoding>UTF-8</con:encoding><con:endpoint>http://testws.facturaenlinea.co/ServiciosFyM/eBill/Integracion.svc</con:endpoint><con:request><![CDATA[<soapenv:Envelope xmlns:soapenv="http://schemas.xmlsoap.org/soap/envelope/" xmlns:tem="http://tempuri.org/" xmlns:ebil="http://schemas.datacontract.org/2004/07/eBillCore">\r
   <soapenv:Header/>\r
   <soapenv:Body>\r
      <tem:TraerDatosProveedorFTP>\r
         <!--Optional:-->\r
         <tem:LoginPT>\r
            <!--Optional:-->\r
            <ebil:NitEmisor>?</ebil:NitEmisor>\r
            <!--Optional:-->\r
            <ebil:NitReceptor>?</ebil:NitReceptor>\r
            <!--Optional:-->\r
            <ebil:PasswordPT>?</ebil:PasswordPT>\r
            <!--Optional:-->\r
            <ebil:TipoAmbiente>?</ebil:TipoAmbiente>\r
            <!--Optional:-->\r
            <ebil:UserPT>?</ebil:UserPT>\r
         </tem:LoginPT>\r
      </tem:TraerDatosProveedorFTP>\r
   </soapenv:Body>\r
</soapenv:Envelope>]]></con:request><con:wsaConfig mustUnderstand="NONE" version="200508" action="http://tempuri.org/IIntegracion/TraerDatosProveedorFTP"/></con:call></con:operation><con:operation id="6a446d98-7ad3-4bf2-80af-f9498fce9bf1" isOneWay="false" action="http://tempuri.org/IIntegracion/TraerDatosProveedorTecnologico" name="TraerDatosProveedorTecnologico" bindingOperationName="TraerDatosProveedorTecnologico" type="Request-Response" inputName="" receivesAttachments="false" sendsAttachments="false" anonymous="optional"><con:settings/><con:call id="25026499-fe14-46b6-8dfd-34fb1aed4e26" name="Request 1"><con:settings/><con:encoding>UTF-8</con:encoding><con:endpoint>http://testws.facturaenlinea.co/ServiciosFyM/eBill/Integracion.svc</con:endpoint><con:request><![CDATA[<soapenv:Envelope xmlns:soapenv="http://schemas.xmlsoap.org/soap/envelope/" xmlns:tem="http://tempuri.org/">\r
   <soapenv:Header/>\r
   <soapenv:Body>\r
      <tem:TraerDatosProveedorTecnologico>\r
         <!--Optional:-->\r
         <tem:IdProveedor>?</tem:IdProveedor>\r
         <!--Optional:-->\r
         <tem:TipoAmbiente>?</tem:TipoAmbiente>\r
         <!--Optional:-->\r
         <tem:TipoConfig>?</tem:TipoConfig>\r
         <!--Optional:-->\r
         <tem:Token>?</tem:Token>\r
      </tem:TraerDatosProveedorTecnologico>\r
   </soapenv:Body>\r
</soapenv:Envelope>]]></con:request><con:wsaConfig mustUnderstand="NONE" version="200508" action="http://tempuri.org/IIntegracion/TraerDatosProveedorTecnologico"/></con:call></con:operation><con:operation id="496efc7c-53f5-433b-8df3-5e3ca2987bf2" isOneWay="false" action="http://tempuri.org/IIntegracion/TraerDocumentosEmision" name="TraerDocumentosEmision" bindingOperationName="TraerDocumentosEmision" type="Request-Response" inputName="" receivesAttachments="false" sendsAttachments="false" anonymous="optional"><con:settings/><con:call id="8deea463-19e1-44a4-be97-22d87f6e3d92" name="Request 1"><con:settings/><con:encoding>UTF-8</con:encoding><con:endpoint>http://testws.facturaenlinea.co/ServiciosFyM/eBill/Integracion.svc</con:endpoint><con:request><![CDATA[<soapenv:Envelope xmlns:soapenv="http://schemas.xmlsoap.org/soap/envelope/" xmlns:tem="http://tempuri.org/">\r
   <soapenv:Header/>\r
   <soapenv:Body>\r
      <tem:TraerDocumentosEmision>\r
         <!--Optional:-->\r
         <tem:IdEmpresa>?</tem:IdEmpresa>\r
         <!--Optional:-->\r
         <tem:IdCliente>?</tem:IdCliente>\r
         <!--Optional:-->\r
         <tem:NumeroRegistros>?</tem:NumeroRegistros>\r
         <!--Optional:-->\r
         <tem:Token>?</tem:Token>\r
      </tem:TraerDocumentosEmision>\r
   </soapenv:Body>\r
</soapenv:Envelope>]]></con:request><con:wsaConfig mustUnderstand="NONE" version="200508" action="http://tempuri.org/IIntegracion/TraerDocumentosEmision"/></con:call></con:operation><con:operation id="5520aa56-0841-4d4b-adf2-70c191ce6dc4" isOneWay="false" action="http://tempuri.org/IIntegracion/TraerDocumentosPendientesNotificar" name="TraerDocumentosPendientesNotificar" bindingOperationName="TraerDocumentosPendientesNotificar" type="Request-Response" inputName="" receivesAttachments="false" sendsAttachments="false" anonymous="optional"><con:settings/><con:call id="089f7807-788f-48ca-b437-acf2331faefa" name="Request 1"><con:settings/><con:encoding>UTF-8</con:encoding><con:endpoint>http://testws.facturaenlinea.co/ServiciosFyM/eBill/Integracion.svc</con:endpoint><con:request><![CDATA[<soapenv:Envelope xmlns:soapenv="http://schemas.xmlsoap.org/soap/envelope/" xmlns:tem="http://tempuri.org/">\r
   <soapenv:Header/>\r
   <soapenv:Body>\r
      <tem:TraerDocumentosPendientesNotificar>\r
         <!--Optional:-->\r
         <tem:IdEmpresa>?</tem:IdEmpresa>\r
         <!--Optional:-->\r
         <tem:FechaSTR>?</tem:FechaSTR>\r
         <!--Optional:-->\r
         <tem:NumReg>?</tem:NumReg>\r
         <!--Optional:-->\r
         <tem:Token>?</tem:Token>\r
         <!--Optional:-->\r
         <tem:Resagos>?</tem:Resagos>\r
      </tem:TraerDocumentosPendientesNotificar>\r
   </soapenv:Body>\r
</soapenv:Envelope>]]></con:request><con:wsaConfig mustUnderstand="NONE" version="200508" action="http://tempuri.org/IIntegracion/TraerDocumentosPendientesNotificar"/></con:call></con:operation><con:operation id="f6dbf8e4-c129-4cf7-9cad-48c49ff4416e" isOneWay="false" action="http://tempuri.org/IIntegracion/TraerDocumentosRecepcionxNuevosEstados" name="TraerDocumentosRecepcionxNuevosEstados" bindingOperationName="TraerDocumentosRecepcionxNuevosEstados" type="Request-Response" inputName="" receivesAttachments="false" sendsAttachments="false" anonymous="optional"><con:settings/><con:call id="e324d68b-7168-472f-a158-2700d058a045" name="Request 1"><con:settings/><con:encoding>UTF-8</con:encoding><con:endpoint>http://testws.facturaenlinea.co/ServiciosFyM/eBill/Integracion.svc</con:endpoint><con:request><![CDATA[<soapenv:Envelope xmlns:soapenv="http://schemas.xmlsoap.org/soap/envelope/" xmlns:tem="http://tempuri.org/">\r
   <soapenv:Header/>\r
   <soapenv:Body>\r
      <tem:TraerDocumentosRecepcionxNuevosEstados>\r
         <!--Optional:-->\r
         <tem:IdProveedorTec>?</tem:IdProveedorTec>\r
         <!--Optional:-->\r
         <tem:NumRegistros>?</tem:NumRegistros>\r
         <!--Optional:-->\r
         <tem:Token>?</tem:Token>\r
      </tem:TraerDocumentosRecepcionxNuevosEstados>\r
   </soapenv:Body>\r
</soapenv:Envelope>]]></con:request><con:wsaConfig mustUnderstand="NONE" version="200508" action="http://tempuri.org/IIntegracion/TraerDocumentosRecepcionxNuevosEstados"/></con:call></con:operation><con:operation id="63b050d5-9753-4521-9caf-7684881b15bc" isOneWay="false" action="http://tempuri.org/IIntegracion/TraerDocumentosSinRespuestaIO" name="TraerDocumentosSinRespuestaIO" bindingOperationName="TraerDocumentosSinRespuestaIO" type="Request-Response" inputName="" receivesAttachments="false" sendsAttachments="false" anonymous="optional"><con:settings/><con:call id="5615749c-02eb-4c96-b8ce-603d032b7982" name="Request 1"><con:settings/><con:encoding>UTF-8</con:encoding><con:endpoint>http://testws.facturaenlinea.co/ServiciosFyM/eBill/Integracion.svc</con:endpoint><con:request><![CDATA[<soapenv:Envelope xmlns:soapenv="http://schemas.xmlsoap.org/soap/envelope/" xmlns:tem="http://tempuri.org/">\r
   <soapenv:Header/>\r
   <soapenv:Body>\r
      <tem:TraerDocumentosSinRespuestaIO>\r
         <!--Optional:-->\r
         <tem:IdProveedorTecnologico>?</tem:IdProveedorTecnologico>\r
         <!--Optional:-->\r
         <tem:IdCliente>?</tem:IdCliente>\r
         <!--Optional:-->\r
         <tem:NumeroRegistros>?</tem:NumeroRegistros>\r
         <!--Optional:-->\r
         <tem:TipoInteroperabilidad>?</tem:TipoInteroperabilidad>\r
         <!--Optional:-->\r
         <tem:token>?</tem:token>\r
      </tem:TraerDocumentosSinRespuestaIO>\r
   </soapenv:Body>\r
</soapenv:Envelope>]]></con:request><con:wsaConfig mustUnderstand="NONE" version="200508" action="http://tempuri.org/IIntegracion/TraerDocumentosSinRespuestaIO"/></con:call></con:operation><con:operation id="3ef218d4-19ed-472b-be6c-314a7438f068" isOneWay="false" action="http://tempuri.org/IIntegracion/TraerEstadoCuentaXCliente" name="TraerEstadoCuentaXCliente" bindingOperationName="TraerEstadoCuentaXCliente" type="Request-Response" inputName="" receivesAttachments="false" sendsAttachments="false" anonymous="optional"><con:settings/><con:call id="742957ed-7c23-41f4-bebc-ad1eac9fd98b" name="Request 1"><con:settings/><con:encoding>UTF-8</con:encoding><con:endpoint>http://testws.facturaenlinea.co/ServiciosFyM/eBill/Integracion.svc</con:endpoint><con:request><![CDATA[<soapenv:Envelope xmlns:soapenv="http://schemas.xmlsoap.org/soap/envelope/" xmlns:tem="http://tempuri.org/" xmlns:ebil="http://schemas.datacontract.org/2004/07/eBillCore">\r
   <soapenv:Header/>\r
   <soapenv:Body>\r
      <tem:TraerEstadoCuentaXCliente>\r
         <!--Optional:-->\r
         <tem:FacCab>\r
            <!--Optional:-->\r
            <ebil:AnoAprobacionRes>?</ebil:AnoAprobacionRes>\r
            <!--Optional:-->\r
            <ebil:Base_Impuesto>?</ebil:Base_Impuesto>\r
            <!--Optional:-->\r
            <ebil:CFD_EST_estado_tramit>?</ebil:CFD_EST_estado_tramit>\r
            <!--Optional:-->\r
            <ebil:CFD_Flete>?</ebil:CFD_Flete>\r
            <!--Optional:-->\r
            <ebil:CFD_OtrosCargos>?</ebil:CFD_OtrosCargos>\r
            <!--Optional:-->\r
            <ebil:CFD_Por_Margen>?</ebil:CFD_Por_Margen>\r
            <!--Optional:-->\r
            <ebil:CFD_ResponseCode>?</ebil:CFD_ResponseCode>\r
            <!--Optional:-->\r
            <ebil:CFD_base_ICA_total>?</ebil:CFD_base_ICA_total>\r
            <!--Optional:-->\r
            <ebil:CFD_base_impo_total_nal>?</ebil:CFD_base_impo_total_nal>\r
            <!--Optional:-->\r
            <ebil:CFD_base_impo_total_reg>?</ebil:CFD_base_impo_total_reg>\r
            <!--Optional:-->\r
            <ebil:CFD_campo_texto_10>?</ebil:CFD_campo_texto_10>\r
            <!--Optional:-->\r
            <ebil:CFD_campo_texto_11>?</ebil:CFD_campo_texto_11>\r
            <!--Optional:-->\r
            <ebil:CFD_campo_texto_12>?</ebil:CFD_campo_texto_12>\r
            <!--Optional:-->\r
            <ebil:CFD_campo_texto_13>?</ebil:CFD_campo_texto_13>\r
            <!--Optional:-->\r
            <ebil:CFD_campo_texto_14>?</ebil:CFD_campo_texto_14>\r
            <!--Optional:-->\r
            <ebil:CFD_campo_texto_15>?</ebil:CFD_campo_texto_15>\r
            <!--Optional:-->\r
            <ebil:CFD_campo_texto_16>?</ebil:CFD_campo_texto_16>\r
            <!--Optional:-->\r
            <ebil:CFD_campo_texto_17>?</ebil:CFD_campo_texto_17>\r
            <!--Optional:-->\r
            <ebil:CFD_campo_texto_18>?</ebil:CFD_campo_texto_18>\r
            <!--Optional:-->\r
            <ebil:CFD_campo_texto_19>?</ebil:CFD_campo_texto_19>\r
            <!--Optional:-->\r
            <ebil:CFD_campo_texto_20>?</ebil:CFD_campo_texto_20>\r
            <!--Optional:-->\r
            <ebil:CFD_campo_texto_21>?</ebil:CFD_campo_texto_21>\r
            <!--Optional:-->\r
            <ebil:CFD_campo_texto_22>?</ebil:CFD_campo_texto_22>\r
            <!--Optional:-->\r
            <ebil:CFD_campo_texto_23>?</ebil:CFD_campo_texto_23>\r
            <!--Optional:-->\r
            <ebil:CFD_campo_texto_24>?</ebil:CFD_campo_texto_24>\r
            <!--Optional:-->\r
            <ebil:CFD_campo_texto_25>?</ebil:CFD_campo_texto_25>\r
            <!--Optional:-->\r
            <ebil:CFD_campo_texto_26>?</ebil:CFD_campo_texto_26>\r
            <!--Optional:-->\r
            <ebil:CFD_campo_texto_27>?</ebil:CFD_campo_texto_27>\r
            <!--Optional:-->\r
            <ebil:CFD_campo_texto_28>?</ebil:CFD_campo_texto_28>\r
            <!--Optional:-->\r
            <ebil:CFD_campo_texto_29>?</ebil:CFD_campo_texto_29>\r
            <!--Optional:-->\r
            <ebil:CFD_campo_texto_30>?</ebil:CFD_campo_texto_30>\r
            <!--Optional:-->\r
            <ebil:CFD_campo_texto_9>?</ebil:CFD_campo_texto_9>\r
            <!--Optional:-->\r
            <ebil:CFD_cantidad_dec_1>?</ebil:CFD_cantidad_dec_1>\r
            <!--Optional:-->\r
            <ebil:CFD_cantidad_dec_10>?</ebil:CFD_cantidad_dec_10>\r
            <!--Optional:-->\r
            <ebil:CFD_cantidad_dec_11>?</ebil:CFD_cantidad_dec_11>\r
            <!--Optional:-->\r
            <ebil:CFD_cantidad_dec_12>?</ebil:CFD_cantidad_dec_12>\r
            <!--Optional:-->\r
            <ebil:CFD_cantidad_dec_13>?</ebil:CFD_cantidad_dec_13>\r
            <!--Optional:-->\r
            <ebil:CFD_cantidad_dec_14>?</ebil:CFD_cantidad_dec_14>\r
            <!--Optional:-->\r
            <ebil:CFD_cantidad_dec_15>?</ebil:CFD_cantidad_dec_15>\r
            <!--Optional:-->\r
            <ebil:CFD_cantidad_dec_16>?</ebil:CFD_cantidad_dec_16>\r
            <!--Optional:-->\r
            <ebil:CFD_cantidad_dec_17>?</ebil:CFD_cantidad_dec_17>\r
            <!--Optional:-->\r
            <ebil:CFD_cantidad_dec_18>?</ebil:CFD_cantidad_dec_18>\r
            <!--Optional:-->\r
            <ebil:CFD_cantidad_dec_19>?</ebil:CFD_cantidad_dec_19>\r
            <!--Optional:-->\r
            <ebil:CFD_cantidad_dec_20>?</ebil:CFD_cantidad_dec_20>\r
            <!--Optional:-->\r
            <ebil:CFD_cantidad_dec_21>?</ebil:CFD_cantidad_dec_21>\r
            <!--Optional:-->\r
            <ebil:CFD_cantidad_dec_22>?</ebil:CFD_cantidad_dec_22>\r
            <!--Optional:-->\r
            <ebil:CFD_cantidad_dec_23>?</ebil:CFD_cantidad_dec_23>\r
            <!--Optional:-->\r
            <ebil:CFD_cantidad_dec_24>?</ebil:CFD_cantidad_dec_24>\r
            <!--Optional:-->\r
            <ebil:CFD_cantidad_dec_25>?</ebil:CFD_cantidad_dec_25>\r
            <!--Optional:-->\r
            <ebil:CFD_cantidad_dec_4>?</ebil:CFD_cantidad_dec_4>\r
            <!--Optional:-->\r
            <ebil:CFD_cantidad_dec_5>?</ebil:CFD_cantidad_dec_5>\r
            <!--Optional:-->\r
            <ebil:CFD_cantidad_dec_6>?</ebil:CFD_cantidad_dec_6>\r
            <!--Optional:-->\r
            <ebil:CFD_cantidad_dec_7>?</ebil:CFD_cantidad_dec_7>\r
            <!--Optional:-->\r
            <ebil:CFD_cantidad_dec_8>?</ebil:CFD_cantidad_dec_8>\r
            <!--Optional:-->\r
            <ebil:CFD_cantidad_dec_9>?</ebil:CFD_cantidad_dec_9>\r
            <!--Optional:-->\r
            <ebil:CFD_deducible>?</ebil:CFD_deducible>\r
            <!--Optional:-->\r
            <ebil:CFD_desconexion_servicio>?</ebil:CFD_desconexion_servicio>\r
            <!--Optional:-->\r
            <ebil:CFD_fecha_desconexion>?</ebil:CFD_fecha_desconexion>\r
            <!--Optional:-->\r
            <ebil:CFD_fecha_tasadeCambio>?</ebil:CFD_fecha_tasadeCambio>\r
            <!--Optional:-->\r
            <ebil:CFD_numero_enlace_doc_ref>?</ebil:CFD_numero_enlace_doc_ref>\r
            <!--Optional:-->\r
            <ebil:CFD_porc_rte_ICA>?</ebil:CFD_porc_rte_ICA>\r
            <!--Optional:-->\r
            <ebil:CFD_porc_rte_fuent>?</ebil:CFD_porc_rte_fuent>\r
            <!--Optional:-->\r
            <ebil:CFD_tasa_mora>?</ebil:CFD_tasa_mora>\r
            <!--Optional:-->\r
            <ebil:CFD_tdi_id_tipo_doc_interno>?</ebil:CFD_tdi_id_tipo_doc_interno>\r
            <!--Optional:-->\r
            <ebil:CFD_total_ICA>?</ebil:CFD_total_ICA>\r
            <!--Optional:-->\r
            <ebil:CFD_total_aduana_exp>?</ebil:CFD_total_aduana_exp>\r
            <!--Optional:-->\r
            <ebil:CFD_total_cargos>?</ebil:CFD_total_cargos>\r
            <!--Optional:-->\r
            <ebil:CFD_total_descuentos>?</ebil:CFD_total_descuentos>\r
            <!--Optional:-->\r
            <ebil:CFD_total_margen>?</ebil:CFD_total_margen>\r
            <!--Optional:-->\r
            <ebil:CFD_total_seguro_exp>?</ebil:CFD_total_seguro_exp>\r
            <!--Optional:-->\r
            <ebil:CLI_numero_cliente>?</ebil:CLI_numero_cliente>\r
            <!--Optional:-->\r
            <ebil:CREETotal>?</ebil:CREETotal>\r
            <!--Optional:-->\r
            <ebil:CampoTexto1>?</ebil:CampoTexto1>\r
            <!--Optional:-->\r
            <ebil:CampoTexto2>?</ebil:CampoTexto2>\r
            <!--Optional:-->\r
            <ebil:CampoTexto3>?</ebil:CampoTexto3>\r
            <!--Optional:-->\r
            <ebil:CampoTexto4>?</ebil:CampoTexto4>\r
            <!--Optional:-->\r
            <ebil:CampoTexto5>?</ebil:CampoTexto5>\r
            <!--Optional:-->\r
            <ebil:CampoTexto6>?</ebil:CampoTexto6>\r
            <!--Optional:-->\r
            <ebil:CampoTexto7>?</ebil:CampoTexto7>\r
            <!--Optional:-->\r
            <ebil:CampoTexto8>?</ebil:CampoTexto8>\r
            <!--Optional:-->\r
            <ebil:Cantidad1>?</ebil:Cantidad1>\r
            <!--Optional:-->\r
            <ebil:Cantidad2>?</ebil:Cantidad2>\r
            <!--Optional:-->\r
            <ebil:Cantidad3>?</ebil:Cantidad3>\r
            <!--Optional:-->\r
            <ebil:CantidadDec1>?</ebil:CantidadDec1>\r
            <!--Optional:-->\r
            <ebil:CantidadDec2>?</ebil:CantidadDec2>\r
            <!--Optional:-->\r
            <ebil:CantidadDec3>?</ebil:CantidadDec3>\r
            <!--Optional:-->\r
            <ebil:CiudadDANE>?</ebil:CiudadDANE>\r
            <!--Optional:-->\r
            <ebil:CodVendedor>?</ebil:CodVendedor>\r
            <!--Optional:-->\r
            <ebil:CodigoPostalCliente>?</ebil:CodigoPostalCliente>\r
            <!--Optional:-->\r
            <ebil:CodigoPostalEnvio>?</ebil:CodigoPostalEnvio>\r
            <!--Optional:-->\r
            <ebil:ComprobanteCon>?</ebil:ComprobanteCon>\r
            <!--Optional:-->\r
            <ebil:Condiciones_Pago>?</ebil:Condiciones_Pago>\r
            <!--Optional:-->\r
            <ebil:ContactoCargo>?</ebil:ContactoCargo>\r
            <!--Optional:-->\r
            <ebil:ContactoCorreo>?</ebil:ContactoCorreo>\r
            <!--Optional:-->\r
            <ebil:ContactoNombre>?</ebil:ContactoNombre>\r
            <!--Optional:-->\r
            <ebil:CorreoCliente>?</ebil:CorreoCliente>\r
            <!--Optional:-->\r
            <ebil:DepartamentoDANE>?</ebil:DepartamentoDANE>\r
            <!--Optional:-->\r
            <ebil:DescripcionPlan>?</ebil:DescripcionPlan>\r
            <!--Optional:-->\r
            <ebil:Descuento>?</ebil:Descuento>\r
            <!--Optional:-->\r
            <ebil:DigitoVerificaCliente>?</ebil:DigitoVerificaCliente>\r
            <!--Optional:-->\r
            <ebil:DireccionCliente>?</ebil:DireccionCliente>\r
            <!--Optional:-->\r
            <ebil:EstiloFactura>?</ebil:EstiloFactura>\r
            <!--Optional:-->\r
            <ebil:FechaExpedicion>?</ebil:FechaExpedicion>\r
            <!--Optional:-->\r
            <ebil:FechaFinalPeriodoFacturado>?</ebil:FechaFinalPeriodoFacturado>\r
            <!--Optional:-->\r
            <ebil:FechaInicialPeriodoFacturado>?</ebil:FechaInicialPeriodoFacturado>\r
            <!--Optional:-->\r
            <ebil:FechaVencimiento>?</ebil:FechaVencimiento>\r
            <!--Optional:-->\r
            <ebil:FormaPago>?</ebil:FormaPago>\r
            <!--Optional:-->\r
            <ebil:IDInterno>?</ebil:IDInterno>\r
            <!--Optional:-->\r
            <ebil:IDUbicacionCliente>?</ebil:IDUbicacionCliente>\r
            <!--Optional:-->\r
            <ebil:IDUbicacionEnvio>?</ebil:IDUbicacionEnvio>\r
            <!--Optional:-->\r
            <ebil:IdPlan>?</ebil:IdPlan>\r
            <!--Optional:-->\r
            <ebil:IdSucursal>?</ebil:IdSucursal>\r
            <!--Optional:-->\r
            <ebil:Incoterm>?</ebil:Incoterm>\r
            <!--Optional:-->\r
            <ebil:InfoAdicional>?</ebil:InfoAdicional>\r
            <!--Optional:-->\r
            <ebil:LugarTerminosEntrega>?</ebil:LugarTerminosEntrega>\r
            <!--Optional:-->\r
            <ebil:MesCausado>?</ebil:MesCausado>\r
            <!--Optional:-->\r
            <ebil:MonedaISO>?</ebil:MonedaISO>\r
            <!--Optional:-->\r
            <ebil:NitCliente>?</ebil:NitCliente>\r
            <!--Optional:-->\r
            <ebil:NitEmpresa>?</ebil:NitEmpresa>\r
            <!--Optional:-->\r
            <ebil:NombreCliente>?</ebil:NombreCliente>\r
            <!--Optional:-->\r
            <ebil:NombrePlan>?</ebil:NombrePlan>\r
            <!--Optional:-->\r
            <ebil:NombreVendedor>?</ebil:NombreVendedor>\r
            <!--Optional:-->\r
            <ebil:NumAprobacionRes>?</ebil:NumAprobacionRes>\r
            <!--Optional:-->\r
            <ebil:NumFactura>?</ebil:NumFactura>\r
            <!--Optional:-->\r
            <ebil:OrderID>?</ebil:OrderID>\r
            <!--Optional:-->\r
            <ebil:PAI_ISO_3166>?</ebil:PAI_ISO_3166>\r
            <!--Optional:-->\r
            <ebil:PagoAnterior>?</ebil:PagoAnterior>\r
            <!--Optional:-->\r
            <ebil:Prefijo>?</ebil:Prefijo>\r
            <!--Optional:-->\r
            <ebil:ReferenciaCliente>?</ebil:ReferenciaCliente>\r
            <!--Optional:-->\r
            <ebil:RetencionCREETotal>?</ebil:RetencionCREETotal>\r
            <!--Optional:-->\r
            <ebil:SMSXDoc>?</ebil:SMSXDoc>\r
            <!--Optional:-->\r
            <ebil:SaldoAnterior>?</ebil:SaldoAnterior>\r
            <!--Optional:-->\r
            <ebil:SubTotal>?</ebil:SubTotal>\r
            <!--Optional:-->\r
            <ebil:SubTotalSegunMon>?</ebil:SubTotalSegunMon>\r
            <!--Optional:-->\r
            <ebil:Sucursal>?</ebil:Sucursal>\r
            <!--Optional:-->\r
            <ebil:TIP_id_tipo_persona>?</ebil:TIP_id_tipo_persona>\r
            <!--Optional:-->\r
            <ebil:TasaCambio>?</ebil:TasaCambio>\r
            <!--Optional:-->\r
            <ebil:TelefonoCliente>?</ebil:TelefonoCliente>\r
            <!--Optional:-->\r
            <ebil:Texto3>?</ebil:Texto3>\r
            <!--Optional:-->\r
            <ebil:TieneAcuerdo>?</ebil:TieneAcuerdo>\r
            <!--Optional:-->\r
            <ebil:TipoComprobante>?</ebil:TipoComprobante>\r
            <!--Optional:-->\r
            <ebil:TipoContribuyente>?</ebil:TipoContribuyente>\r
            <!--Optional:-->\r
            <ebil:TipoIDCliente>?</ebil:TipoIDCliente>\r
            <!--Optional:-->\r
            <ebil:Total>?</ebil:Total>\r
            <!--Optional:-->\r
            <ebil:TotalIVA>?</ebil:TotalIVA>\r
            <!--Optional:-->\r
            <ebil:TotalIVASegunMon>?</ebil:TotalIVASegunMon>\r
            <!--Optional:-->\r
            <ebil:TotalRetICA>?</ebil:TotalRetICA>\r
            <!--Optional:-->\r
            <ebil:TotalRetIVA>?</ebil:TotalRetIVA>\r
            <!--Optional:-->\r
            <ebil:TotalRetencion>?</ebil:TotalRetencion>\r
            <!--Optional:-->\r
            <ebil:TotalSegunMon>?</ebil:TotalSegunMon>\r
            <!--Optional:-->\r
            <ebil:TotalTraslado>?</ebil:TotalTraslado>\r
            <!--Optional:-->\r
            <ebil:Total_a_Pagar>?</ebil:Total_a_Pagar>\r
            <!--Optional:-->\r
            <ebil:ValorHasta1>?</ebil:ValorHasta1>\r
            <!--Optional:-->\r
            <ebil:ValorHasta2>?</ebil:ValorHasta2>\r
            <!--Optional:-->\r
            <ebil:ValorHasta3>?</ebil:ValorHasta3>\r
            <!--Optional:-->\r
            <ebil:ValorHasta4>?</ebil:ValorHasta4>\r
            <!--Optional:-->\r
            <ebil:cfd_activa_nota1>?</ebil:cfd_activa_nota1>\r
            <!--Optional:-->\r
            <ebil:ciudad_envio>?</ebil:ciudad_envio>\r
            <!--Optional:-->\r
            <ebil:code1>?</ebil:code1>\r
            <!--Optional:-->\r
            <ebil:code2>?</ebil:code2>\r
            <!--Optional:-->\r
            <ebil:code3>?</ebil:code3>\r
            <!--Optional:-->\r
            <ebil:curso>?</ebil:curso>\r
            <!--Optional:-->\r
            <ebil:departamento_envio>?</ebil:departamento_envio>\r
            <!--Optional:-->\r
            <ebil:direccion_envio>?</ebil:direccion_envio>\r
            <!--Optional:-->\r
            <ebil:numero_envio>?</ebil:numero_envio>\r
            <!--Optional:-->\r
            <ebil:orden_venta>?</ebil:orden_venta>\r
            <!--Optional:-->\r
            <ebil:pague_hasta1>?</ebil:pague_hasta1>\r
            <!--Optional:-->\r
            <ebil:pague_hasta2>?</ebil:pague_hasta2>\r
            <!--Optional:-->\r
            <ebil:pague_hasta3>?</ebil:pague_hasta3>\r
            <!--Optional:-->\r
            <ebil:referencia>?</ebil:referencia>\r
            <!--Optional:-->\r
            <ebil:referencia1>?</ebil:referencia1>\r
            <!--Optional:-->\r
            <ebil:referencia_envio>?</ebil:referencia_envio>\r
            <!--Optional:-->\r
            <ebil:telefono_envio>?</ebil:telefono_envio>\r
         </tem:FacCab>\r
         <!--Optional:-->\r
         <tem:Opciones>\r
            <!--Optional:-->\r
            <ebil:ActualizaProductos>?</ebil:ActualizaProductos>\r
            <!--Optional:-->\r
            <ebil:CalculaReteCree>?</ebil:CalculaReteCree>\r
            <!--Optional:-->\r
            <ebil:CalculaReteFuente>?</ebil:CalculaReteFuente>\r
            <!--Optional:-->\r
            <ebil:CalculaReteICA>?</ebil:CalculaReteICA>\r
            <!--Optional:-->\r
            <ebil:CalculaReteIVA>?</ebil:CalculaReteIVA>\r
            <!--Optional:-->\r
            <ebil:EmisionAutomatica>?</ebil:EmisionAutomatica>\r
            <!--Optional:-->\r
            <ebil:FacturasSinAcuerdo>?</ebil:FacturasSinAcuerdo>\r
            <!--Optional:-->\r
            <ebil:ModeloXAceptacion>?</ebil:ModeloXAceptacion>\r
            <!--Optional:-->\r
            <ebil:NotasRelacionadas>?</ebil:NotasRelacionadas>\r
            <!--Optional:-->\r
            <ebil:OrderControl>?</ebil:OrderControl>\r
            <!--Optional:-->\r
            <ebil:TieneAcuerdosFisicos>?</ebil:TieneAcuerdosFisicos>\r
            <!--Optional:-->\r
            <ebil:TokenConexion>?</ebil:TokenConexion>\r
            <!--Optional:-->\r
            <ebil:eBillAdmNumerosFactura>?</ebil:eBillAdmNumerosFactura>\r
         </tem:Opciones>\r
      </tem:TraerEstadoCuentaXCliente>\r
   </soapenv:Body>\r
</soapenv:Envelope>]]></con:request><con:wsaConfig mustUnderstand="NONE" version="200508" action="http://tempuri.org/IIntegracion/TraerEstadoCuentaXCliente"/></con:call></con:operation><con:operation id="834ed5dd-c69c-4515-aaf9-dacc6a8508b7" isOneWay="false" action="http://tempuri.org/IIntegracion/TraerIdUltimoDocumentoXEmpresa" name="TraerIdUltimoDocumentoXEmpresa" bindingOperationName="TraerIdUltimoDocumentoXEmpresa" type="Request-Response" inputName="" receivesAttachments="false" sendsAttachments="false" anonymous="optional"><con:settings/><con:call id="bf2dee95-d8a5-4cc3-8c1e-0d5f0ab83604" name="Request 1"><con:settings/><con:encoding>UTF-8</con:encoding><con:endpoint>http://testws.facturaenlinea.co/ServiciosFyM/eBill/Integracion.svc</con:endpoint><con:request><![CDATA[<soapenv:Envelope xmlns:soapenv="http://schemas.xmlsoap.org/soap/envelope/" xmlns:tem="http://tempuri.org/">\r
   <soapenv:Header/>\r
   <soapenv:Body>\r
      <tem:TraerIdUltimoDocumentoXEmpresa>\r
         <!--Optional:-->\r
         <tem:IdEmpresa>?</tem:IdEmpresa>\r
         <!--Optional:-->\r
         <tem:IdSucursal>?</tem:IdSucursal>\r
         <!--Optional:-->\r
         <tem:TipoDoc>?</tem:TipoDoc>\r
         <!--Optional:-->\r
         <tem:NumeroDocumento>?</tem:NumeroDocumento>\r
         <!--Optional:-->\r
         <tem:Token>?</tem:Token>\r
      </tem:TraerIdUltimoDocumentoXEmpresa>\r
   </soapenv:Body>\r
</soapenv:Envelope>]]></con:request><con:wsaConfig mustUnderstand="NONE" version="200508" action="http://tempuri.org/IIntegracion/TraerIdUltimoDocumentoXEmpresa"/></con:call></con:operation><con:operation id="492d56c4-0f12-4ed3-8759-bb21217f73e7" isOneWay="false" action="http://tempuri.org/IIntegracion/ValidaRespuestaRecepcion" name="ValidaRespuestaRecepcion" bindingOperationName="ValidaRespuestaRecepcion" type="Request-Response" inputName="" receivesAttachments="false" sendsAttachments="false" anonymous="optional"><con:settings/><con:call id="0ed3ca4e-7f31-4ac8-a23c-189ee7f4c529" name="Request 1"><con:settings/><con:encoding>UTF-8</con:encoding><con:endpoint>http://testws.facturaenlinea.co/ServiciosFyM/eBill/Integracion.svc</con:endpoint><con:request><![CDATA[<soapenv:Envelope xmlns:soapenv="http://schemas.xmlsoap.org/soap/envelope/" xmlns:tem="http://tempuri.org/">\r
   <soapenv:Header/>\r
   <soapenv:Body>\r
      <tem:ValidaRespuestaRecepcion>\r
         <!--Optional:-->\r
         <tem:Proveedor>?</tem:Proveedor>\r
         <!--Optional:-->\r
         <tem:TrackId>?</tem:TrackId>\r
         <!--Optional:-->\r
         <tem:NombreArch>?</tem:NombreArch>\r
         <!--Optional:-->\r
         <tem:Token>?</tem:Token>\r
      </tem:ValidaRespuestaRecepcion>\r
   </soapenv:Body>\r
</soapenv:Envelope>]]></con:request><con:wsaConfig mustUnderstand="NONE" version="200508" action="http://tempuri.org/IIntegracion/ValidaRespuestaRecepcion"/></con:call></con:operation><con:operation id="f75f60c8-e9c3-482e-bf7e-9af21c854462" isOneWay="false" action="http://tempuri.org/IIntegracion/ValidaXML" name="ValidaXML" bindingOperationName="ValidaXML" type="Request-Response" inputName="" receivesAttachments="false" sendsAttachments="false" anonymous="optional"><con:settings/><con:call id="9980afa8-b006-4284-9419-e5ea58954c57" name="Request 1"><con:settings/><con:encoding>UTF-8</con:encoding><con:endpoint>http://testws.facturaenlinea.co/ServiciosFyM/eBill/Integracion.svc</con:endpoint><con:request><![CDATA[<soapenv:Envelope xmlns:soapenv="http://schemas.xmlsoap.org/soap/envelope/" xmlns:tem="http://tempuri.org/">\r
   <soapenv:Header/>\r
   <soapenv:Body>\r
      <tem:ValidaXML>\r
         <!--Optional:-->\r
         <tem:XMLDoc>?</tem:XMLDoc>\r
      </tem:ValidaXML>\r
   </soapenv:Body>\r
</soapenv:Envelope>]]></con:request><con:wsaConfig mustUnderstand="NONE" version="200508" action="http://tempuri.org/IIntegracion/ValidaXML"/></con:call></con:operation></con:interface><con:interface xsi:type="con:WsdlInterface" id="0f170f37-d8b4-401d-b71e-d89fc6bdd721" wsaVersion="NONE" name="BasicHttpBinding_IIntegracion1" type="wsdl" bindingName="{http://tempuri.org/}BasicHttpBinding_IIntegracion1" soapVersion="1_1" anonymous="optional" definition="http://testws.facturaenlinea.co/ServiciosFyM/eBill/Integracion.svc?wsdl" xmlns:xsi="http://www.w3.org/2001/XMLSchema-instance"><con:settings/><con:definitionCache type="TEXT" rootPart="http://testws.facturaenlinea.co/ServiciosFyM/eBill/Integracion.svc?wsdl"><con:part><con:url>http://testws.facturaenlinea.co/ServiciosFyM/eBill/Integracion.svc?wsdl</con:url><con:content><![CDATA[<wsdl:definitions name="Integracion" targetNamespace="http://tempuri.org/" xmlns:wsdl="http://schemas.xmlsoap.org/wsdl/" xmlns:wsx="http://schemas.xmlsoap.org/ws/2004/09/mex" xmlns:wsu="http://docs.oasis-open.org/wss/2004/01/oasis-200401-wss-wssecurity-utility-1.0.xsd" xmlns:wsa10="http://www.w3.org/2005/08/addressing" xmlns:wsp="http://schemas.xmlsoap.org/ws/2004/09/policy" xmlns:wsap="http://schemas.xmlsoap.org/ws/2004/08/addressing/policy" xmlns:msc="http://schemas.microsoft.com/ws/2005/12/wsdl/contract" xmlns:soap12="http://schemas.xmlsoap.org/wsdl/soap12/" xmlns:wsa="http://schemas.xmlsoap.org/ws/2004/08/addressing" xmlns:wsam="http://www.w3.org/2007/05/addressing/metadata" xmlns:xsd="http://www.w3.org/2001/XMLSchema" xmlns:tns="http://tempuri.org/" xmlns:soap="http://schemas.xmlsoap.org/wsdl/soap/" xmlns:wsaw="http://www.w3.org/2006/05/addressing/wsdl" xmlns:soapenc="http://schemas.xmlsoap.org/soap/encoding/">
  <wsp:Policy wsu:Id="BasicHttpBinding_IIntegracion1_policy">
    <wsp:ExactlyOne>
      <wsp:All>
        <sp:TransportBinding xmlns:sp="http://schemas.xmlsoap.org/ws/2005/07/securitypolicy">
          <wsp:Policy>
            <sp:TransportToken>
              <wsp:Policy>
                <sp:HttpsToken RequireClientCertificate="false"/>
              </wsp:Policy>
            </sp:TransportToken>
            <sp:AlgorithmSuite>
              <wsp:Policy>
                <sp:Basic256/>
              </wsp:Policy>
            </sp:AlgorithmSuite>
            <sp:Layout>
              <wsp:Policy>
                <sp:Strict/>
              </wsp:Policy>
            </sp:Layout>
          </wsp:Policy>
        </sp:TransportBinding>
      </wsp:All>
    </wsp:ExactlyOne>
  </wsp:Policy>
  <wsdl:types>
    <xsd:schema targetNamespace="http://tempuri.org/Imports">
      <xsd:import schemaLocation="http://testws.facturaenlinea.co/ServiciosFyM/eBill/Integracion.svc?xsd=xsd0" namespace="http://tempuri.org/"/>
      <xsd:import schemaLocation="http://testws.facturaenlinea.co/ServiciosFyM/eBill/Integracion.svc?xsd=xsd1" namespace="http://schemas.microsoft.com/2003/10/Serialization/"/>
      <xsd:import schemaLocation="http://testws.facturaenlinea.co/ServiciosFyM/eBill/Integracion.svc?xsd=xsd2" namespace="http://schemas.datacontract.org/2004/07/eBillCore"/>
      <xsd:import schemaLocation="http://testws.facturaenlinea.co/ServiciosFyM/eBill/Integracion.svc?xsd=xsd3" namespace="http://schemas.microsoft.com/2003/10/Serialization/Arrays"/>
      <xsd:import schemaLocation="http://testws.facturaenlinea.co/ServiciosFyM/eBill/Integracion.svc?xsd=xsd4" namespace="http://schemas.datacontract.org/2004/07/DianResponse"/>
      <xsd:import schemaLocation="http://testws.facturaenlinea.co/ServiciosFyM/eBill/Integracion.svc?xsd=xsd5" namespace="http://schemas.datacontract.org/2004/07/System.Data.Linq"/>
      <xsd:import schemaLocation="http://testws.facturaenlinea.co/ServiciosFyM/eBill/Integracion.svc?xsd=xsd6" namespace="http://schemas.datacontract.org/2004/07/UploadDocumentResponse"/>
      <xsd:import schemaLocation="http://testws.facturaenlinea.co/ServiciosFyM/eBill/Integracion.svc?xsd=xsd7" namespace="http://schemas.datacontract.org/2004/07/XmlParamsResponseTrackId"/>
    </xsd:schema>
  </wsdl:types>
  <wsdl:message name="IIntegracion_FV_NotificarFacturasExitosas_Seven_InputMessage">
    <wsdl:part name="parameters" element="tns:FV_NotificarFacturasExitosas_Seven"/>
  </wsdl:message>
  <wsdl:message name="IIntegracion_FV_NotificarFacturasExitosas_Seven_OutputMessage">
    <wsdl:part name="parameters" element="tns:FV_NotificarFacturasExitosas_SevenResponse"/>
  </wsdl:message>
  <wsdl:message name="IIntegracion_RegistrarPagoDocumentoRadicadoNotificacionDian_InputMessage">
    <wsdl:part name="parameters" element="tns:RegistrarPagoDocumentoRadicadoNotificacionDian"/>
  </wsdl:message>
  <wsdl:message name="IIntegracion_RegistrarPagoDocumentoRadicadoNotificacionDian_OutputMessage">
    <wsdl:part name="parameters" element="tns:RegistrarPagoDocumentoRadicadoNotificacionDianResponse"/>
  </wsdl:message>
  <wsdl:message name="IIntegracion_SolicitaeBillPDFTAX_GR_InputMessage">
    <wsdl:part name="parameters" element="tns:SolicitaeBillPDFTAX_GR"/>
  </wsdl:message>
  <wsdl:message name="IIntegracion_SolicitaeBillPDFTAX_GR_OutputMessage">
    <wsdl:part name="parameters" element="tns:SolicitaeBillPDFTAX_GRResponse"/>
  </wsdl:message>
  <wsdl:message name="IIntegracion_SolicitarEventosRecibidosXNitEmisorXDiaRec_InputMessage">
    <wsdl:part name="parameters" element="tns:SolicitarEventosRecibidosXNitEmisorXDiaRec"/>
  </wsdl:message>
  <wsdl:message name="IIntegracion_SolicitarEventosRecibidosXNitEmisorXDiaRec_OutputMessage">
    <wsdl:part name="parameters" element="tns:SolicitarEventosRecibidosXNitEmisorXDiaRecResponse"/>
  </wsdl:message>
  <wsdl:message name="IIntegracion_AceptacionTacitaDocumentosRadicadosNotificacionDIAN_InputMessage">
    <wsdl:part name="parameters" element="tns:AceptacionTacitaDocumentosRadicadosNotificacionDIAN"/>
  </wsdl:message>
  <wsdl:message name="IIntegracion_AceptacionTacitaDocumentosRadicadosNotificacionDIAN_OutputMessage">
    <wsdl:part name="parameters" element="tns:AceptacionTacitaDocumentosRadicadosNotificacionDIANResponse"/>
  </wsdl:message>
  <wsdl:message name="IIntegracion_AcuseReciboDocumentosRadicadosNotificacionDIAN_InputMessage">
    <wsdl:part name="parameters" element="tns:AcuseReciboDocumentosRadicadosNotificacionDIAN"/>
  </wsdl:message>
  <wsdl:message name="IIntegracion_AcuseReciboDocumentosRadicadosNotificacionDIAN_OutputMessage">
    <wsdl:part name="parameters" element="tns:AcuseReciboDocumentosRadicadosNotificacionDIANResponse"/>
  </wsdl:message>
  <wsdl:message name="IIntegracion_ReciboBienServicioRadicadosNotificacionDIAN_InputMessage">
    <wsdl:part name="parameters" element="tns:ReciboBienServicioRadicadosNotificacionDIAN"/>
  </wsdl:message>
  <wsdl:message name="IIntegracion_ReciboBienServicioRadicadosNotificacionDIAN_OutputMessage">
    <wsdl:part name="parameters" element="tns:ReciboBienServicioRadicadosNotificacionDIANResponse"/>
  </wsdl:message>
  <wsdl:message name="IIntegracion_RegistrarIntentoFallidoRecepcion_InputMessage">
    <wsdl:part name="parameters" element="tns:RegistrarIntentoFallidoRecepcion"/>
  </wsdl:message>
  <wsdl:message name="IIntegracion_RegistrarIntentoFallidoRecepcion_OutputMessage">
    <wsdl:part name="parameters" element="tns:RegistrarIntentoFallidoRecepcionResponse"/>
  </wsdl:message>
  <wsdl:message name="IIntegracion_RepararDocumentoExitosoDIAN_InputMessage">
    <wsdl:part name="parameters" element="tns:RepararDocumentoExitosoDIAN"/>
  </wsdl:message>
  <wsdl:message name="IIntegracion_RepararDocumentoExitosoDIAN_OutputMessage">
    <wsdl:part name="parameters" element="tns:RepararDocumentoExitosoDIANResponse"/>
  </wsdl:message>
  <wsdl:message name="IIntegracion_SolicitareBillFacturasRadicadasRecepcionXRango_TerceroPagador_InputMessage">
    <wsdl:part name="parameters" element="tns:SolicitareBillFacturasRadicadasRecepcionXRango_TerceroPagador"/>
  </wsdl:message>
  <wsdl:message name="IIntegracion_SolicitareBillFacturasRadicadasRecepcionXRango_TerceroPagador_OutputMessage">
    <wsdl:part name="parameters" element="tns:SolicitareBillFacturasRadicadasRecepcionXRango_TerceroPagadorResponse"/>
  </wsdl:message>
  <wsdl:message name="IIntegracion_TraerAdjuntosXPrefijoXNumXTipoComp_TerceroPagador_InputMessage">
    <wsdl:part name="parameters" element="tns:TraerAdjuntosXPrefijoXNumXTipoComp_TerceroPagador"/>
  </wsdl:message>
  <wsdl:message name="IIntegracion_TraerAdjuntosXPrefijoXNumXTipoComp_TerceroPagador_OutputMessage">
    <wsdl:part name="parameters" element="tns:TraerAdjuntosXPrefijoXNumXTipoComp_TerceroPagadorResponse"/>
  </wsdl:message>
  <wsdl:message name="IIntegracion_AcuerdoEBillVigente_InputMessage">
    <wsdl:part name="parameters" element="tns:AcuerdoEBillVigente"/>
  </wsdl:message>
  <wsdl:message name="IIntegracion_AcuerdoEBillVigente_OutputMessage">
    <wsdl:part name="parameters" element="tns:AcuerdoEBillVigenteResponse"/>
  </wsdl:message>
  <wsdl:message name="IIntegracion_CalculoContenidoTecnicoControl_InputMessage">
    <wsdl:part name="parameters" element="tns:CalculoContenidoTecnicoControl"/>
  </wsdl:message>
  <wsdl:message name="IIntegracion_CalculoContenidoTecnicoControl_OutputMessage">
    <wsdl:part name="parameters" element="tns:CalculoContenidoTecnicoControlResponse"/>
  </wsdl:message>
  <wsdl:message name="IIntegracion_CargarXML25CoreToeBill_InputMessage">
    <wsdl:part name="parameters" element="tns:CargarXML25CoreToeBill"/>
  </wsdl:message>
  <wsdl:message name="IIntegracion_CargarXML25CoreToeBill_OutputMessage">
    <wsdl:part name="parameters" element="tns:CargarXML25CoreToeBillResponse"/>
  </wsdl:message>
  <wsdl:message name="IIntegracion_CargarFacturasToeBillGeneric_InputMessage">
    <wsdl:part name="parameters" element="tns:CargarFacturasToeBillGeneric"/>
  </wsdl:message>
  <wsdl:message name="IIntegracion_CargarFacturasToeBillGeneric_OutputMessage">
    <wsdl:part name="parameters" element="tns:CargarFacturasToeBillGenericResponse"/>
  </wsdl:message>
  <wsdl:message name="IIntegracion_CargarFacturasToeBillGenericFix_InputMessage">
    <wsdl:part name="parameters" element="tns:CargarFacturasToeBillGenericFix"/>
  </wsdl:message>
  <wsdl:message name="IIntegracion_CargarFacturasToeBillGenericFix_OutputMessage">
    <wsdl:part name="parameters" element="tns:CargarFacturasToeBillGenericFixResponse"/>
  </wsdl:message>
  <wsdl:message name="IIntegracion_CargarNotasToeBillGeneric_InputMessage">
    <wsdl:part name="parameters" element="tns:CargarNotasToeBillGeneric"/>
  </wsdl:message>
  <wsdl:message name="IIntegracion_CargarNotasToeBillGeneric_OutputMessage">
    <wsdl:part name="parameters" element="tns:CargarNotasToeBillGenericResponse"/>
  </wsdl:message>
  <wsdl:message name="IIntegracion_CargarFacturasToeBillGenericTAX_InputMessage">
    <wsdl:part name="parameters" element="tns:CargarFacturasToeBillGenericTAX"/>
  </wsdl:message>
  <wsdl:message name="IIntegracion_CargarFacturasToeBillGenericTAX_OutputMessage">
    <wsdl:part name="parameters" element="tns:CargarFacturasToeBillGenericTAXResponse"/>
  </wsdl:message>
  <wsdl:message name="IIntegracion_CargarNotasToeBillGenericTAX_InputMessage">
    <wsdl:part name="parameters" element="tns:CargarNotasToeBillGenericTAX"/>
  </wsdl:message>
  <wsdl:message name="IIntegracion_CargarNotasToeBillGenericTAX_OutputMessage">
    <wsdl:part name="parameters" element="tns:CargarNotasToeBillGenericTAXResponse"/>
  </wsdl:message>
  <wsdl:message name="IIntegracion_RecibePDFNumrot_InputMessage">
    <wsdl:part name="parameters" element="tns:RecibePDFNumrot"/>
  </wsdl:message>
  <wsdl:message name="IIntegracion_RecibePDFNumrot_OutputMessage">
    <wsdl:part name="parameters" element="tns:RecibePDFNumrotResponse"/>
  </wsdl:message>
  <wsdl:message name="IIntegracion_SolicitaeBillPDF_InputMessage">
    <wsdl:part name="parameters" element="tns:SolicitaeBillPDF"/>
  </wsdl:message>
  <wsdl:message name="IIntegracion_SolicitaeBillPDF_OutputMessage">
    <wsdl:part name="parameters" element="tns:SolicitaeBillPDFResponse"/>
  </wsdl:message>
  <wsdl:message name="IIntegracion_SolicitaeBillPDFTAX_InputMessage">
    <wsdl:part name="parameters" element="tns:SolicitaeBillPDFTAX"/>
  </wsdl:message>
  <wsdl:message name="IIntegracion_SolicitaeBillPDFTAX_OutputMessage">
    <wsdl:part name="parameters" element="tns:SolicitaeBillPDFTAXResponse"/>
  </wsdl:message>
  <wsdl:message name="IIntegracion_NotificarFacturasPagadas_InputMessage">
    <wsdl:part name="parameters" element="tns:NotificarFacturasPagadas"/>
  </wsdl:message>
  <wsdl:message name="IIntegracion_NotificarFacturasPagadas_OutputMessage">
    <wsdl:part name="parameters" element="tns:NotificarFacturasPagadasResponse"/>
  </wsdl:message>
  <wsdl:message name="IIntegracion_NotificarFacturasPagadasTAX_InputMessage">
    <wsdl:part name="parameters" element="tns:NotificarFacturasPagadasTAX"/>
  </wsdl:message>
  <wsdl:message name="IIntegracion_NotificarFacturasPagadasTAX_OutputMessage">
    <wsdl:part name="parameters" element="tns:NotificarFacturasPagadasTAXResponse"/>
  </wsdl:message>
  <wsdl:message name="IIntegracion_NotificarFacturasAnuladasTAX_InputMessage">
    <wsdl:part name="parameters" element="tns:NotificarFacturasAnuladasTAX"/>
  </wsdl:message>
  <wsdl:message name="IIntegracion_NotificarFacturasAnuladasTAX_OutputMessage">
    <wsdl:part name="parameters" element="tns:NotificarFacturasAnuladasTAXResponse"/>
  </wsdl:message>
  <wsdl:message name="IIntegracion_CargarDocumentosElectronicosToeBillGenericTAX_InputMessage">
    <wsdl:part name="parameters" element="tns:CargarDocumentosElectronicosToeBillGenericTAX"/>
  </wsdl:message>
  <wsdl:message name="IIntegracion_CargarDocumentosElectronicosToeBillGenericTAX_OutputMessage">
    <wsdl:part name="parameters" element="tns:CargarDocumentosElectronicosToeBillGenericTAXResponse"/>
  </wsdl:message>
  <wsdl:message name="IIntegracion_CargarDocumentosElectronicosToeBillGenericFULL_InputMessage">
    <wsdl:part name="parameters" element="tns:CargarDocumentosElectronicosToeBillGenericFULL"/>
  </wsdl:message>
  <wsdl:message name="IIntegracion_CargarDocumentosElectronicosToeBillGenericFULL_OutputMessage">
    <wsdl:part name="parameters" element="tns:CargarDocumentosElectronicosToeBillGenericFULLResponse"/>
  </wsdl:message>
  <wsdl:message name="IIntegracion_SolicitaDatosDocumentoElectronico_InputMessage">
    <wsdl:part name="parameters" element="tns:SolicitaDatosDocumentoElectronico"/>
  </wsdl:message>
  <wsdl:message name="IIntegracion_SolicitaDatosDocumentoElectronico_OutputMessage">
    <wsdl:part name="parameters" element="tns:SolicitaDatosDocumentoElectronicoResponse"/>
  </wsdl:message>
  <wsdl:message name="IIntegracion_SolicitaeBillPDFXCodigo_InputMessage">
    <wsdl:part name="parameters" element="tns:SolicitaeBillPDFXCodigo"/>
  </wsdl:message>
  <wsdl:message name="IIntegracion_SolicitaeBillPDFXCodigo_OutputMessage">
    <wsdl:part name="parameters" element="tns:SolicitaeBillPDFXCodigoResponse"/>
  </wsdl:message>
  <wsdl:message name="IIntegracion_CargarPDFDocumentoElectronico_InputMessage">
    <wsdl:part name="parameters" element="tns:CargarPDFDocumentoElectronico"/>
  </wsdl:message>
  <wsdl:message name="IIntegracion_CargarPDFDocumentoElectronico_OutputMessage">
    <wsdl:part name="parameters" element="tns:CargarPDFDocumentoElectronicoResponse"/>
  </wsdl:message>
  <wsdl:message name="IIntegracion_CargarDocumentosElectronicosToeBillGenericFULLDesdePDF_InputMessage">
    <wsdl:part name="parameters" element="tns:CargarDocumentosElectronicosToeBillGenericFULLDesdePDF"/>
  </wsdl:message>
  <wsdl:message name="IIntegracion_CargarDocumentosElectronicosToeBillGenericFULLDesdePDF_OutputMessage">
    <wsdl:part name="parameters" element="tns:CargarDocumentosElectronicosToeBillGenericFULLDesdePDFResponse"/>
  </wsdl:message>
  <wsdl:message name="IIntegracion_CargarNotaDesdeFacturaToeBill_InputMessage">
    <wsdl:part name="parameters" element="tns:CargarNotaDesdeFacturaToeBill"/>
  </wsdl:message>
  <wsdl:message name="IIntegracion_CargarNotaDesdeFacturaToeBill_OutputMessage">
    <wsdl:part name="parameters" element="tns:CargarNotaDesdeFacturaToeBillResponse"/>
  </wsdl:message>
  <wsdl:message name="IIntegracion_TraerEstadoCuentaXCliente_InputMessage">
    <wsdl:part name="parameters" element="tns:TraerEstadoCuentaXCliente"/>
  </wsdl:message>
  <wsdl:message name="IIntegracion_TraerEstadoCuentaXCliente_OutputMessage">
    <wsdl:part name="parameters" element="tns:TraerEstadoCuentaXClienteResponse"/>
  </wsdl:message>
  <wsdl:message name="IIntegracion_CargarDocumentosElectronicosToeBillGenericFULLImp_InputMessage">
    <wsdl:part name="parameters" element="tns:CargarDocumentosElectronicosToeBillGenericFULLImp"/>
  </wsdl:message>
  <wsdl:message name="IIntegracion_CargarDocumentosElectronicosToeBillGenericFULLImp_OutputMessage">
    <wsdl:part name="parameters" element="tns:CargarDocumentosElectronicosToeBillGenericFULLImpResponse"/>
  </wsdl:message>
  <wsdl:message name="IIntegracion_RecepcionDocumentosElectronicos_InputMessage">
    <wsdl:part name="parameters" element="tns:RecepcionDocumentosElectronicos"/>
  </wsdl:message>
  <wsdl:message name="IIntegracion_RecepcionDocumentosElectronicos_OutputMessage">
    <wsdl:part name="parameters" element="tns:RecepcionDocumentosElectronicosResponse"/>
  </wsdl:message>
  <wsdl:message name="IIntegracion_SolicitareBillFacturasRadicadasRecepcion_InputMessage">
    <wsdl:part name="parameters" element="tns:SolicitareBillFacturasRadicadasRecepcion"/>
  </wsdl:message>
  <wsdl:message name="IIntegracion_SolicitareBillFacturasRadicadasRecepcion_OutputMessage">
    <wsdl:part name="parameters" element="tns:SolicitareBillFacturasRadicadasRecepcionResponse"/>
  </wsdl:message>
  <wsdl:message name="IIntegracion_SolicitaeBillPDFRecepcion_InputMessage">
    <wsdl:part name="parameters" element="tns:SolicitaeBillPDFRecepcion"/>
  </wsdl:message>
  <wsdl:message name="IIntegracion_SolicitaeBillPDFRecepcion_OutputMessage">
    <wsdl:part name="parameters" element="tns:SolicitaeBillPDFRecepcionResponse"/>
  </wsdl:message>
  <wsdl:message name="IIntegracion_SolicitaeBillPDFRecepcion_TerceroPagador_InputMessage">
    <wsdl:part name="parameters" element="tns:SolicitaeBillPDFRecepcion_TerceroPagador"/>
  </wsdl:message>
  <wsdl:message name="IIntegracion_SolicitaeBillPDFRecepcion_TerceroPagador_OutputMessage">
    <wsdl:part name="parameters" element="tns:SolicitaeBillPDFRecepcion_TerceroPagadorResponse"/>
  </wsdl:message>
  <wsdl:message name="IIntegracion_SolicitaCreareBillResoluciones_InputMessage">
    <wsdl:part name="parameters" element="tns:SolicitaCreareBillResoluciones"/>
  </wsdl:message>
  <wsdl:message name="IIntegracion_SolicitaCreareBillResoluciones_OutputMessage">
    <wsdl:part name="parameters" element="tns:SolicitaCreareBillResolucionesResponse"/>
  </wsdl:message>
  <wsdl:message name="IIntegracion_CargarDocumentosElectronicosToeBillGenericFULLPDFCUFE_InputMessage">
    <wsdl:part name="parameters" element="tns:CargarDocumentosElectronicosToeBillGenericFULLPDFCUFE"/>
  </wsdl:message>
  <wsdl:message name="IIntegracion_CargarDocumentosElectronicosToeBillGenericFULLPDFCUFE_OutputMessage">
    <wsdl:part name="parameters" element="tns:CargarDocumentosElectronicosToeBillGenericFULLPDFCUFEResponse"/>
  </wsdl:message>
  <wsdl:message name="IIntegracion_ActualizarEstadosOCRecepcion_InputMessage">
    <wsdl:part name="parameters" element="tns:ActualizarEstadosOCRecepcion"/>
  </wsdl:message>
  <wsdl:message name="IIntegracion_ActualizarEstadosOCRecepcion_OutputMessage">
    <wsdl:part name="parameters" element="tns:ActualizarEstadosOCRecepcionResponse"/>
  </wsdl:message>
  <wsdl:message name="IIntegracion_CargarDocumentosElectronicosToeBillGenericFULLFacturaMinimaLegal_InputMessage">
    <wsdl:part name="parameters" element="tns:CargarDocumentosElectronicosToeBillGenericFULLFacturaMinimaLegal"/>
  </wsdl:message>
  <wsdl:message name="IIntegracion_CargarDocumentosElectronicosToeBillGenericFULLFacturaMinimaLegal_OutputMessage">
    <wsdl:part name="parameters" element="tns:CargarDocumentosElectronicosToeBillGenericFULLFacturaMinimaLegalResponse"/>
  </wsdl:message>
  <wsdl:message name="IIntegracion_RechazarDocumentosRadicados_InputMessage">
    <wsdl:part name="parameters" element="tns:RechazarDocumentosRadicados"/>
  </wsdl:message>
  <wsdl:message name="IIntegracion_RechazarDocumentosRadicados_OutputMessage">
    <wsdl:part name="parameters" element="tns:RechazarDocumentosRadicadosResponse"/>
  </wsdl:message>
  <wsdl:message name="IIntegracion_RechazarDocumentosRadicadosNotificacionDIAN_InputMessage">
    <wsdl:part name="parameters" element="tns:RechazarDocumentosRadicadosNotificacionDIAN"/>
  </wsdl:message>
  <wsdl:message name="IIntegracion_RechazarDocumentosRadicadosNotificacionDIAN_OutputMessage">
    <wsdl:part name="parameters" element="tns:RechazarDocumentosRadicadosNotificacionDIANResponse"/>
  </wsdl:message>
  <wsdl:message name="IIntegracion_AceptarDocumentosRadicadosNotificacionDIAN_InputMessage">
    <wsdl:part name="parameters" element="tns:AceptarDocumentosRadicadosNotificacionDIAN"/>
  </wsdl:message>
  <wsdl:message name="IIntegracion_AceptarDocumentosRadicadosNotificacionDIAN_OutputMessage">
    <wsdl:part name="parameters" element="tns:AceptarDocumentosRadicadosNotificacionDIANResponse"/>
  </wsdl:message>
  <wsdl:message name="IIntegracion_SolicitaeBillPDFTAXLong_InputMessage">
    <wsdl:part name="parameters" element="tns:SolicitaeBillPDFTAXLong"/>
  </wsdl:message>
  <wsdl:message name="IIntegracion_SolicitaeBillPDFTAXLong_OutputMessage">
    <wsdl:part name="parameters" element="tns:SolicitaeBillPDFTAXLongResponse"/>
  </wsdl:message>
  <wsdl:message name="IIntegracion_CrearProveedoreseBill_InputMessage">
    <wsdl:part name="parameters" element="tns:CrearProveedoreseBill"/>
  </wsdl:message>
  <wsdl:message name="IIntegracion_CrearProveedoreseBill_OutputMessage">
    <wsdl:part name="parameters" element="tns:CrearProveedoreseBillResponse"/>
  </wsdl:message>
  <wsdl:message name="IIntegracion_LoginProveedorTecnologico_InputMessage">
    <wsdl:part name="parameters" element="tns:LoginProveedorTecnologico"/>
  </wsdl:message>
  <wsdl:message name="IIntegracion_LoginProveedorTecnologico_OutputMessage">
    <wsdl:part name="parameters" element="tns:LoginProveedorTecnologicoResponse"/>
  </wsdl:message>
  <wsdl:message name="IIntegracion_TraerDatosProveedorFTP_InputMessage">
    <wsdl:part name="parameters" element="tns:TraerDatosProveedorFTP"/>
  </wsdl:message>
  <wsdl:message name="IIntegracion_TraerDatosProveedorFTP_OutputMessage">
    <wsdl:part name="parameters" element="tns:TraerDatosProveedorFTPResponse"/>
  </wsdl:message>
  <wsdl:message name="IIntegracion_HistorialRadicacion_InputMessage">
    <wsdl:part name="parameters" element="tns:HistorialRadicacion"/>
  </wsdl:message>
  <wsdl:message name="IIntegracion_HistorialRadicacion_OutputMessage">
    <wsdl:part name="parameters" element="tns:HistorialRadicacionResponse"/>
  </wsdl:message>
  <wsdl:message name="IIntegracion_ExisteConvenioEmpresas_InputMessage">
    <wsdl:part name="parameters" element="tns:ExisteConvenioEmpresas"/>
  </wsdl:message>
  <wsdl:message name="IIntegracion_ExisteConvenioEmpresas_OutputMessage">
    <wsdl:part name="parameters" element="tns:ExisteConvenioEmpresasResponse"/>
  </wsdl:message>
  <wsdl:message name="IIntegracion_ConsultaResolucionesDIAN_InputMessage">
    <wsdl:part name="parameters" element="tns:ConsultaResolucionesDIAN"/>
  </wsdl:message>
  <wsdl:message name="IIntegracion_ConsultaResolucionesDIAN_OutputMessage">
    <wsdl:part name="parameters" element="tns:ConsultaResolucionesDIANResponse"/>
  </wsdl:message>
  <wsdl:message name="IIntegracion_SolicitareBillFacturasRadicadasRecepcionXEstado_InputMessage">
    <wsdl:part name="parameters" element="tns:SolicitareBillFacturasRadicadasRecepcionXEstado"/>
  </wsdl:message>
  <wsdl:message name="IIntegracion_SolicitareBillFacturasRadicadasRecepcionXEstado_OutputMessage">
    <wsdl:part name="parameters" element="tns:SolicitareBillFacturasRadicadasRecepcionXEstadoResponse"/>
  </wsdl:message>
  <wsdl:message name="IIntegracion_ActualizarEstadoFacturasRadicadasRecepcion_InputMessage">
    <wsdl:part name="parameters" element="tns:ActualizarEstadoFacturasRadicadasRecepcion"/>
  </wsdl:message>
  <wsdl:message name="IIntegracion_ActualizarEstadoFacturasRadicadasRecepcion_OutputMessage">
    <wsdl:part name="parameters" element="tns:ActualizarEstadoFacturasRadicadasRecepcionResponse"/>
  </wsdl:message>
  <wsdl:message name="IIntegracion_CrearEmpresaeBill_InputMessage">
    <wsdl:part name="parameters" element="tns:CrearEmpresaeBill"/>
  </wsdl:message>
  <wsdl:message name="IIntegracion_CrearEmpresaeBill_OutputMessage">
    <wsdl:part name="parameters" element="tns:CrearEmpresaeBillResponse"/>
  </wsdl:message>
  <wsdl:message name="IIntegracion_SolicitaDatosDetalleXDocumento_InputMessage">
    <wsdl:part name="parameters" element="tns:SolicitaDatosDetalleXDocumento"/>
  </wsdl:message>
  <wsdl:message name="IIntegracion_SolicitaDatosDetalleXDocumento_OutputMessage">
    <wsdl:part name="parameters" element="tns:SolicitaDatosDetalleXDocumentoResponse"/>
  </wsdl:message>
  <wsdl:message name="IIntegracion_SolicitaParametrosGestionDocumental_InputMessage">
    <wsdl:part name="parameters" element="tns:SolicitaParametrosGestionDocumental"/>
  </wsdl:message>
  <wsdl:message name="IIntegracion_SolicitaParametrosGestionDocumental_OutputMessage">
    <wsdl:part name="parameters" element="tns:SolicitaParametrosGestionDocumentalResponse"/>
  </wsdl:message>
  <wsdl:message name="IIntegracion_ObtenerParametroCliente_InputMessage">
    <wsdl:part name="parameters" element="tns:ObtenerParametroCliente"/>
  </wsdl:message>
  <wsdl:message name="IIntegracion_ObtenerParametroCliente_OutputMessage">
    <wsdl:part name="parameters" element="tns:ObtenerParametroClienteResponse"/>
  </wsdl:message>
  <wsdl:message name="IIntegracion_ActualizarFechaParametro_InputMessage">
    <wsdl:part name="parameters" element="tns:ActualizarFechaParametro"/>
  </wsdl:message>
  <wsdl:message name="IIntegracion_ActualizarFechaParametro_OutputMessage">
    <wsdl:part name="parameters" element="tns:ActualizarFechaParametroResponse"/>
  </wsdl:message>
  <wsdl:message name="IIntegracion_ConsultaDatosDocumentosEmitidos_InputMessage">
    <wsdl:part name="parameters" element="tns:ConsultaDatosDocumentosEmitidos"/>
  </wsdl:message>
  <wsdl:message name="IIntegracion_ConsultaDatosDocumentosEmitidos_OutputMessage">
    <wsdl:part name="parameters" element="tns:ConsultaDatosDocumentosEmitidosResponse"/>
  </wsdl:message>
  <wsdl:message name="IIntegracion_TraerDatosProveedorTecnologico_InputMessage">
    <wsdl:part name="parameters" element="tns:TraerDatosProveedorTecnologico"/>
  </wsdl:message>
  <wsdl:message name="IIntegracion_TraerDatosProveedorTecnologico_OutputMessage">
    <wsdl:part name="parameters" element="tns:TraerDatosProveedorTecnologicoResponse"/>
  </wsdl:message>
  <wsdl:message name="IIntegracion_TraerDatosEmpresasEmisoras_InputMessage">
    <wsdl:part name="parameters" element="tns:TraerDatosEmpresasEmisoras"/>
  </wsdl:message>
  <wsdl:message name="IIntegracion_TraerDatosEmpresasEmisoras_OutputMessage">
    <wsdl:part name="parameters" element="tns:TraerDatosEmpresasEmisorasResponse"/>
  </wsdl:message>
  <wsdl:message name="IIntegracion_TraerDocumentosEmision_InputMessage">
    <wsdl:part name="parameters" element="tns:TraerDocumentosEmision"/>
  </wsdl:message>
  <wsdl:message name="IIntegracion_TraerDocumentosEmision_OutputMessage">
    <wsdl:part name="parameters" element="tns:TraerDocumentosEmisionResponse"/>
  </wsdl:message>
  <wsdl:message name="IIntegracion_TraerAdjuntosXDocumento_InputMessage">
    <wsdl:part name="parameters" element="tns:TraerAdjuntosXDocumento"/>
  </wsdl:message>
  <wsdl:message name="IIntegracion_TraerAdjuntosXDocumento_OutputMessage">
    <wsdl:part name="parameters" element="tns:TraerAdjuntosXDocumentoResponse"/>
  </wsdl:message>
  <wsdl:message name="IIntegracion_CambiarContrasenaInteroperabilidad_InputMessage">
    <wsdl:part name="parameters" element="tns:CambiarContrasenaInteroperabilidad"/>
  </wsdl:message>
  <wsdl:message name="IIntegracion_CambiarContrasenaInteroperabilidad_OutputMessage">
    <wsdl:part name="parameters" element="tns:CambiarContrasenaInteroperabilidadResponse"/>
  </wsdl:message>
  <wsdl:message name="IIntegracion_RegistroArchivoEmitido_InputMessage">
    <wsdl:part name="parameters" element="tns:RegistroArchivoEmitido"/>
  </wsdl:message>
  <wsdl:message name="IIntegracion_RegistroArchivoEmitido_OutputMessage">
    <wsdl:part name="parameters" element="tns:RegistroArchivoEmitidoResponse"/>
  </wsdl:message>
  <wsdl:message name="IIntegracion_ValidaXML_InputMessage">
    <wsdl:part name="parameters" element="tns:ValidaXML"/>
  </wsdl:message>
  <wsdl:message name="IIntegracion_ValidaXML_OutputMessage">
    <wsdl:part name="parameters" element="tns:ValidaXMLResponse"/>
  </wsdl:message>
  <wsdl:message name="IIntegracion_EmpresaRecibeInteroperabilidad_InputMessage">
    <wsdl:part name="parameters" element="tns:EmpresaRecibeInteroperabilidad"/>
  </wsdl:message>
  <wsdl:message name="IIntegracion_EmpresaRecibeInteroperabilidad_OutputMessage">
    <wsdl:part name="parameters" element="tns:EmpresaRecibeInteroperabilidadResponse"/>
  </wsdl:message>
  <wsdl:message name="IIntegracion_RegistroRespuestaDocInteroperabilidad_InputMessage">
    <wsdl:part name="parameters" element="tns:RegistroRespuestaDocInteroperabilidad"/>
  </wsdl:message>
  <wsdl:message name="IIntegracion_RegistroRespuestaDocInteroperabilidad_OutputMessage">
    <wsdl:part name="parameters" element="tns:RegistroRespuestaDocInteroperabilidadResponse"/>
  </wsdl:message>
  <wsdl:message name="IIntegracion_ConsultaHistoricoEstadosDocumentoRecibidoIO_InputMessage">
    <wsdl:part name="parameters" element="tns:ConsultaHistoricoEstadosDocumentoRecibidoIO"/>
  </wsdl:message>
  <wsdl:message name="IIntegracion_ConsultaHistoricoEstadosDocumentoRecibidoIO_OutputMessage">
    <wsdl:part name="parameters" element="tns:ConsultaHistoricoEstadosDocumentoRecibidoIOResponse"/>
  </wsdl:message>
  <wsdl:message name="IIntegracion_ConsultarAppResponseDocumentoRecibido_InputMessage">
    <wsdl:part name="parameters" element="tns:ConsultarAppResponseDocumentoRecibido"/>
  </wsdl:message>
  <wsdl:message name="IIntegracion_ConsultarAppResponseDocumentoRecibido_OutputMessage">
    <wsdl:part name="parameters" element="tns:ConsultarAppResponseDocumentoRecibidoResponse"/>
  </wsdl:message>
  <wsdl:message name="IIntegracion_TraerDocumentosSinRespuestaIO_InputMessage">
    <wsdl:part name="parameters" element="tns:TraerDocumentosSinRespuestaIO"/>
  </wsdl:message>
  <wsdl:message name="IIntegracion_TraerDocumentosSinRespuestaIO_OutputMessage">
    <wsdl:part name="parameters" element="tns:TraerDocumentosSinRespuestaIOResponse"/>
  </wsdl:message>
  <wsdl:message name="IIntegracion_ValidaRespuestaRecepcion_InputMessage">
    <wsdl:part name="parameters" element="tns:ValidaRespuestaRecepcion"/>
  </wsdl:message>
  <wsdl:message name="IIntegracion_ValidaRespuestaRecepcion_OutputMessage">
    <wsdl:part name="parameters" element="tns:ValidaRespuestaRecepcionResponse"/>
  </wsdl:message>
  <wsdl:message name="IIntegracion_SolicitareBillFacturasRadicadasRecepcionXRango_InputMessage">
    <wsdl:part name="parameters" element="tns:SolicitareBillFacturasRadicadasRecepcionXRango"/>
  </wsdl:message>
  <wsdl:message name="IIntegracion_SolicitareBillFacturasRadicadasRecepcionXRango_OutputMessage">
    <wsdl:part name="parameters" element="tns:SolicitareBillFacturasRadicadasRecepcionXRangoResponse"/>
  </wsdl:message>
  <wsdl:message name="IIntegracion_ActualizaEstadoNotificadoDocumentosIO_InputMessage">
    <wsdl:part name="parameters" element="tns:ActualizaEstadoNotificadoDocumentosIO"/>
  </wsdl:message>
  <wsdl:message name="IIntegracion_ActualizaEstadoNotificadoDocumentosIO_OutputMessage">
    <wsdl:part name="parameters" element="tns:ActualizaEstadoNotificadoDocumentosIOResponse"/>
  </wsdl:message>
  <wsdl:message name="IIntegracion_EnviarDocumentoElectronico_InputMessage">
    <wsdl:part name="parameters" element="tns:EnviarDocumentoElectronico"/>
  </wsdl:message>
  <wsdl:message name="IIntegracion_EnviarDocumentoElectronico_OutputMessage">
    <wsdl:part name="parameters" element="tns:EnviarDocumentoElectronicoResponse"/>
  </wsdl:message>
  <wsdl:message name="IIntegracion_TraerDocumentosRecepcionxNuevosEstados_InputMessage">
    <wsdl:part name="parameters" element="tns:TraerDocumentosRecepcionxNuevosEstados"/>
  </wsdl:message>
  <wsdl:message name="IIntegracion_TraerDocumentosRecepcionxNuevosEstados_OutputMessage">
    <wsdl:part name="parameters" element="tns:TraerDocumentosRecepcionxNuevosEstadosResponse"/>
  </wsdl:message>
  <wsdl:message name="IIntegracion_RegistrarPagoCargaAnexo_InputMessage">
    <wsdl:part name="parameters" element="tns:RegistrarPagoCargaAnexo"/>
  </wsdl:message>
  <wsdl:message name="IIntegracion_RegistrarPagoCargaAnexo_OutputMessage">
    <wsdl:part name="parameters" element="tns:RegistrarPagoCargaAnexoResponse"/>
  </wsdl:message>
  <wsdl:message name="IIntegracion_ActualizarDocumentosDatoContabilzacion_InputMessage">
    <wsdl:part name="parameters" element="tns:ActualizarDocumentosDatoContabilzacion"/>
  </wsdl:message>
  <wsdl:message name="IIntegracion_ActualizarDocumentosDatoContabilzacion_OutputMessage">
    <wsdl:part name="parameters" element="tns:ActualizarDocumentosDatoContabilzacionResponse"/>
  </wsdl:message>
  <wsdl:message name="IIntegracion_ConsultaIdentificadorFacturaXOrderID_InputMessage">
    <wsdl:part name="parameters" element="tns:ConsultaIdentificadorFacturaXOrderID"/>
  </wsdl:message>
  <wsdl:message name="IIntegracion_ConsultaIdentificadorFacturaXOrderID_OutputMessage">
    <wsdl:part name="parameters" element="tns:ConsultaIdentificadorFacturaXOrderIDResponse"/>
  </wsdl:message>
  <wsdl:message name="IIntegracion_FV_TraerDocumentosPendientesDeEnvioxEmpresaxFecha_InputMessage">
    <wsdl:part name="parameters" element="tns:FV_TraerDocumentosPendientesDeEnvioxEmpresaxFecha"/>
  </wsdl:message>
  <wsdl:message name="IIntegracion_FV_TraerDocumentosPendientesDeEnvioxEmpresaxFecha_OutputMessage">
    <wsdl:part name="parameters" element="tns:FV_TraerDocumentosPendientesDeEnvioxEmpresaxFechaResponse"/>
  </wsdl:message>
  <wsdl:message name="IIntegracion_FV_TraerXMLDocumento_InputMessage">
    <wsdl:part name="parameters" element="tns:FV_TraerXMLDocumento"/>
  </wsdl:message>
  <wsdl:message name="IIntegracion_FV_TraerXMLDocumento_OutputMessage">
    <wsdl:part name="parameters" element="tns:FV_TraerXMLDocumentoResponse"/>
  </wsdl:message>
  <wsdl:message name="IIntegracion_FV_TraerDatosEmpesasEmisorasConDFEPendientesDeEnvio_InputMessage">
    <wsdl:part name="parameters" element="tns:FV_TraerDatosEmpesasEmisorasConDFEPendientesDeEnvio"/>
  </wsdl:message>
  <wsdl:message name="IIntegracion_FV_TraerDatosEmpesasEmisorasConDFEPendientesDeEnvio_OutputMessage">
    <wsdl:part name="parameters" element="tns:FV_TraerDatosEmpesasEmisorasConDFEPendientesDeEnvioResponse"/>
  </wsdl:message>
  <wsdl:message name="IIntegracion_FV_RegistroRespuestaDocEmitido_InputMessage">
    <wsdl:part name="parameters" element="tns:FV_RegistroRespuestaDocEmitido"/>
  </wsdl:message>
  <wsdl:message name="IIntegracion_FV_RegistroRespuestaDocEmitido_OutputMessage">
    <wsdl:part name="parameters" element="tns:FV_RegistroRespuestaDocEmitidoResponse"/>
  </wsdl:message>
  <wsdl:message name="IIntegracion_ConsultaDatosDocumentosRecibidos_InputMessage">
    <wsdl:part name="parameters" element="tns:ConsultaDatosDocumentosRecibidos"/>
  </wsdl:message>
  <wsdl:message name="IIntegracion_ConsultaDatosDocumentosRecibidos_OutputMessage">
    <wsdl:part name="parameters" element="tns:ConsultaDatosDocumentosRecibidosResponse"/>
  </wsdl:message>
  <wsdl:message name="IIntegracion_ConsultaDatosDocumentosRecibidos_TerceroPagador_InputMessage">
    <wsdl:part name="parameters" element="tns:ConsultaDatosDocumentosRecibidos_TerceroPagador"/>
  </wsdl:message>
  <wsdl:message name="IIntegracion_ConsultaDatosDocumentosRecibidos_TerceroPagador_OutputMessage">
    <wsdl:part name="parameters" element="tns:ConsultaDatosDocumentosRecibidos_TerceroPagadorResponse"/>
  </wsdl:message>
  <wsdl:message name="IIntegracion_AgregaQRToPDFDocumentoElectronico_InputMessage">
    <wsdl:part name="parameters" element="tns:AgregaQRToPDFDocumentoElectronico"/>
  </wsdl:message>
  <wsdl:message name="IIntegracion_AgregaQRToPDFDocumentoElectronico_OutputMessage">
    <wsdl:part name="parameters" element="tns:AgregaQRToPDFDocumentoElectronicoResponse"/>
  </wsdl:message>
  <wsdl:message name="IIntegracion_TraerCertificadoDigital_InputMessage">
    <wsdl:part name="parameters" element="tns:TraerCertificadoDigital"/>
  </wsdl:message>
  <wsdl:message name="IIntegracion_TraerCertificadoDigital_OutputMessage">
    <wsdl:part name="parameters" element="tns:TraerCertificadoDigitalResponse"/>
  </wsdl:message>
  <wsdl:message name="IIntegracion_SolicitaDatosDocumentoElectronicoQWS_InputMessage">
    <wsdl:part name="parameters" element="tns:SolicitaDatosDocumentoElectronicoQWS"/>
  </wsdl:message>
  <wsdl:message name="IIntegracion_SolicitaDatosDocumentoElectronicoQWS_OutputMessage">
    <wsdl:part name="parameters" element="tns:SolicitaDatosDocumentoElectronicoQWSResponse"/>
  </wsdl:message>
  <wsdl:message name="IIntegracion_FV_TraerDatosEmpresasNotificar_InputMessage">
    <wsdl:part name="parameters" element="tns:FV_TraerDatosEmpresasNotificar"/>
  </wsdl:message>
  <wsdl:message name="IIntegracion_FV_TraerDatosEmpresasNotificar_OutputMessage">
    <wsdl:part name="parameters" element="tns:FV_TraerDatosEmpresasNotificarResponse"/>
  </wsdl:message>
  <wsdl:message name="IIntegracion_TraerDatosEmpresasNotificar_InputMessage">
    <wsdl:part name="parameters" element="tns:TraerDatosEmpresasNotificar"/>
  </wsdl:message>
  <wsdl:message name="IIntegracion_TraerDatosEmpresasNotificar_OutputMessage">
    <wsdl:part name="parameters" element="tns:TraerDatosEmpresasNotificarResponse"/>
  </wsdl:message>
  <wsdl:message name="IIntegracion_FV_TraerDocumentosPendientesNotificar_InputMessage">
    <wsdl:part name="parameters" element="tns:FV_TraerDocumentosPendientesNotificar"/>
  </wsdl:message>
  <wsdl:message name="IIntegracion_FV_TraerDocumentosPendientesNotificar_OutputMessage">
    <wsdl:part name="parameters" element="tns:FV_TraerDocumentosPendientesNotificarResponse"/>
  </wsdl:message>
  <wsdl:message name="IIntegracion_FV_TraerDocumentosPendientesNotificar_Otros_InputMessage">
    <wsdl:part name="parameters" element="tns:FV_TraerDocumentosPendientesNotificar_Otros"/>
  </wsdl:message>
  <wsdl:message name="IIntegracion_FV_TraerDocumentosPendientesNotificar_Otros_OutputMessage">
    <wsdl:part name="parameters" element="tns:FV_TraerDocumentosPendientesNotificar_OtrosResponse"/>
  </wsdl:message>
  <wsdl:message name="IIntegracion_TraerDocumentosPendientesNotificar_InputMessage">
    <wsdl:part name="parameters" element="tns:TraerDocumentosPendientesNotificar"/>
  </wsdl:message>
  <wsdl:message name="IIntegracion_TraerDocumentosPendientesNotificar_OutputMessage">
    <wsdl:part name="parameters" element="tns:TraerDocumentosPendientesNotificarResponse"/>
  </wsdl:message>
  <wsdl:message name="IIntegracion_SolicitareBillFacturasRadicadasRecepcionXNitRecXDiaRec_InputMessage">
    <wsdl:part name="parameters" element="tns:SolicitareBillFacturasRadicadasRecepcionXNitRecXDiaRec"/>
  </wsdl:message>
  <wsdl:message name="IIntegracion_SolicitareBillFacturasRadicadasRecepcionXNitRecXDiaRec_OutputMessage">
    <wsdl:part name="parameters" element="tns:SolicitareBillFacturasRadicadasRecepcionXNitRecXDiaRecResponse"/>
  </wsdl:message>
  <wsdl:message name="IIntegracion_SolicitareBillFacturasRadicadasRecepcionXNitRecXDiaRec_TerceroPagador_InputMessage">
    <wsdl:part name="parameters" element="tns:SolicitareBillFacturasRadicadasRecepcionXNitRecXDiaRec_TerceroPagador"/>
  </wsdl:message>
  <wsdl:message name="IIntegracion_SolicitareBillFacturasRadicadasRecepcionXNitRecXDiaRec_TerceroPagador_OutputMessage">
    <wsdl:part name="parameters" element="tns:SolicitareBillFacturasRadicadasRecepcionXNitRecXDiaRec_TerceroPagadorResponse"/>
  </wsdl:message>
  <wsdl:message name="IIntegracion_FV_NotificarDocumentoCliente_InputMessage">
    <wsdl:part name="parameters" element="tns:FV_NotificarDocumentoCliente"/>
  </wsdl:message>
  <wsdl:message name="IIntegracion_FV_NotificarDocumentoCliente_OutputMessage">
    <wsdl:part name="parameters" element="tns:FV_NotificarDocumentoClienteResponse"/>
  </wsdl:message>
  <wsdl:message name="IIntegracion_FV_ValidacionXML_DIAN_InputMessage">
    <wsdl:part name="parameters" element="tns:FV_ValidacionXML_DIAN"/>
  </wsdl:message>
  <wsdl:message name="IIntegracion_FV_ValidacionXML_DIAN_OutputMessage">
    <wsdl:part name="parameters" element="tns:FV_ValidacionXML_DIANResponse"/>
  </wsdl:message>
  <wsdl:message name="IIntegracion_FV_CargarDocumentosElectronicosToeBillGenericFULLPDFCUFE_InputMessage">
    <wsdl:part name="parameters" element="tns:FV_CargarDocumentosElectronicosToeBillGenericFULLPDFCUFE"/>
  </wsdl:message>
  <wsdl:message name="IIntegracion_FV_CargarDocumentosElectronicosToeBillGenericFULLPDFCUFE_OutputMessage">
    <wsdl:part name="parameters" element="tns:FV_CargarDocumentosElectronicosToeBillGenericFULLPDFCUFEResponse"/>
  </wsdl:message>
  <wsdl:message name="IIntegracion_FV_CargarDocumentosElectronicosToeBillGenericFULL_InputMessage">
    <wsdl:part name="parameters" element="tns:FV_CargarDocumentosElectronicosToeBillGenericFULL"/>
  </wsdl:message>
  <wsdl:message name="IIntegracion_FV_CargarDocumentosElectronicosToeBillGenericFULL_OutputMessage">
    <wsdl:part name="parameters" element="tns:FV_CargarDocumentosElectronicosToeBillGenericFULLResponse"/>
  </wsdl:message>
  <wsdl:message name="IIntegracion_TraerAdjuntosXPrefijoXNumXTipoComp_InputMessage">
    <wsdl:part name="parameters" element="tns:TraerAdjuntosXPrefijoXNumXTipoComp"/>
  </wsdl:message>
  <wsdl:message name="IIntegracion_TraerAdjuntosXPrefijoXNumXTipoComp_OutputMessage">
    <wsdl:part name="parameters" element="tns:TraerAdjuntosXPrefijoXNumXTipoCompResponse"/>
  </wsdl:message>
  <wsdl:message name="IIntegracion_FV_TraerPaquetesEmitidosPendientesDeStatusDian_InputMessage">
    <wsdl:part name="parameters" element="tns:FV_TraerPaquetesEmitidosPendientesDeStatusDian"/>
  </wsdl:message>
  <wsdl:message name="IIntegracion_FV_TraerPaquetesEmitidosPendientesDeStatusDian_OutputMessage">
    <wsdl:part name="parameters" element="tns:FV_TraerPaquetesEmitidosPendientesDeStatusDianResponse"/>
  </wsdl:message>
  <wsdl:message name="IIntegracion_FV_RegistroPaqueteEmitido_InputMessage">
    <wsdl:part name="parameters" element="tns:FV_RegistroPaqueteEmitido"/>
  </wsdl:message>
  <wsdl:message name="IIntegracion_FV_RegistroPaqueteEmitido_OutputMessage">
    <wsdl:part name="parameters" element="tns:FV_RegistroPaqueteEmitidoResponse"/>
  </wsdl:message>
  <wsdl:message name="IIntegracion_FV_CargarDocumentosElectronicosToeBillTxN_InputMessage">
    <wsdl:part name="parameters" element="tns:FV_CargarDocumentosElectronicosToeBillTxN"/>
  </wsdl:message>
  <wsdl:message name="IIntegracion_FV_CargarDocumentosElectronicosToeBillTxN_OutputMessage">
    <wsdl:part name="parameters" element="tns:FV_CargarDocumentosElectronicosToeBillTxNResponse"/>
  </wsdl:message>
  <wsdl:message name="IIntegracion_FV_CargarDocumentosElectronicosToeBillTxA_InputMessage">
    <wsdl:part name="parameters" element="tns:FV_CargarDocumentosElectronicosToeBillTxA"/>
  </wsdl:message>
  <wsdl:message name="IIntegracion_FV_CargarDocumentosElectronicosToeBillTxA_OutputMessage">
    <wsdl:part name="parameters" element="tns:FV_CargarDocumentosElectronicosToeBillTxAResponse"/>
  </wsdl:message>
  <wsdl:message name="IIntegracion_FV_RegistroEstadoPaqueteEmitido_InputMessage">
    <wsdl:part name="parameters" element="tns:FV_RegistroEstadoPaqueteEmitido"/>
  </wsdl:message>
  <wsdl:message name="IIntegracion_FV_RegistroEstadoPaqueteEmitido_OutputMessage">
    <wsdl:part name="parameters" element="tns:FV_RegistroEstadoPaqueteEmitidoResponse"/>
  </wsdl:message>
  <wsdl:message name="IIntegracion_FV_EnviarDocumentoaDIAN_InputMessage">
    <wsdl:part name="parameters" element="tns:FV_EnviarDocumentoaDIAN"/>
  </wsdl:message>
  <wsdl:message name="IIntegracion_FV_EnviarDocumentoaDIAN_OutputMessage">
    <wsdl:part name="parameters" element="tns:FV_EnviarDocumentoaDIANResponse"/>
  </wsdl:message>
  <wsdl:message name="IIntegracion_FV_EnviarDocumentoaDIAN_Contingencia_InputMessage">
    <wsdl:part name="parameters" element="tns:FV_EnviarDocumentoaDIAN_Contingencia"/>
  </wsdl:message>
  <wsdl:message name="IIntegracion_FV_EnviarDocumentoaDIAN_Contingencia_OutputMessage">
    <wsdl:part name="parameters" element="tns:FV_EnviarDocumentoaDIAN_ContingenciaResponse"/>
  </wsdl:message>
  <wsdl:message name="IIntegracion_FV_LiberarDocumentosEstadoProcesamiento_InputMessage">
    <wsdl:part name="parameters" element="tns:FV_LiberarDocumentosEstadoProcesamiento"/>
  </wsdl:message>
  <wsdl:message name="IIntegracion_FV_LiberarDocumentosEstadoProcesamiento_OutputMessage">
    <wsdl:part name="parameters" element="tns:FV_LiberarDocumentosEstadoProcesamientoResponse"/>
  </wsdl:message>
  <wsdl:message name="IIntegracion_FV_LiberarPaquetesEstadoProcesamiento_InputMessage">
    <wsdl:part name="parameters" element="tns:FV_LiberarPaquetesEstadoProcesamiento"/>
  </wsdl:message>
  <wsdl:message name="IIntegracion_FV_LiberarPaquetesEstadoProcesamiento_OutputMessage">
    <wsdl:part name="parameters" element="tns:FV_LiberarPaquetesEstadoProcesamientoResponse"/>
  </wsdl:message>
  <wsdl:message name="IIntegracion_FV_LiberarDocsEmitidosEstadoProcesamiento_InputMessage">
    <wsdl:part name="parameters" element="tns:FV_LiberarDocsEmitidosEstadoProcesamiento"/>
  </wsdl:message>
  <wsdl:message name="IIntegracion_FV_LiberarDocsEmitidosEstadoProcesamiento_OutputMessage">
    <wsdl:part name="parameters" element="tns:FV_LiberarDocsEmitidosEstadoProcesamientoResponse"/>
  </wsdl:message>
  <wsdl:message name="IIntegracion_FV_ConsultaEstado_DIANV2_InputMessage">
    <wsdl:part name="parameters" element="tns:FV_ConsultaEstado_DIANV2"/>
  </wsdl:message>
  <wsdl:message name="IIntegracion_FV_ConsultaEstado_DIANV2_OutputMessage">
    <wsdl:part name="parameters" element="tns:FV_ConsultaEstado_DIANV2Response"/>
  </wsdl:message>
  <wsdl:message name="IIntegracion_FV_ProcesarRespuestaEnvioSincrono_InputMessage">
    <wsdl:part name="parameters" element="tns:FV_ProcesarRespuestaEnvioSincrono"/>
  </wsdl:message>
  <wsdl:message name="IIntegracion_FV_ProcesarRespuestaEnvioSincrono_OutputMessage">
    <wsdl:part name="parameters" element="tns:FV_ProcesarRespuestaEnvioSincronoResponse"/>
  </wsdl:message>
  <wsdl:message name="IIntegracion_FV_ProcesarRespuestaEnvioAsincrono_InputMessage">
    <wsdl:part name="parameters" element="tns:FV_ProcesarRespuestaEnvioAsincrono"/>
  </wsdl:message>
  <wsdl:message name="IIntegracion_FV_ProcesarRespuestaEnvioAsincrono_OutputMessage">
    <wsdl:part name="parameters" element="tns:FV_ProcesarRespuestaEnvioAsincronoResponse"/>
  </wsdl:message>
  <wsdl:message name="IIntegracion_FV_RegistroEstadoDocEmitido_InputMessage">
    <wsdl:part name="parameters" element="tns:FV_RegistroEstadoDocEmitido"/>
  </wsdl:message>
  <wsdl:message name="IIntegracion_FV_RegistroEstadoDocEmitido_OutputMessage">
    <wsdl:part name="parameters" element="tns:FV_RegistroEstadoDocEmitidoResponse"/>
  </wsdl:message>
  <wsdl:message name="IIntegracion_FV_TraerDocumentosEmitidosPendientesDeStatusDian_InputMessage">
    <wsdl:part name="parameters" element="tns:FV_TraerDocumentosEmitidosPendientesDeStatusDian"/>
  </wsdl:message>
  <wsdl:message name="IIntegracion_FV_TraerDocumentosEmitidosPendientesDeStatusDian_OutputMessage">
    <wsdl:part name="parameters" element="tns:FV_TraerDocumentosEmitidosPendientesDeStatusDianResponse"/>
  </wsdl:message>
  <wsdl:message name="IIntegracion_NuevoEventoLogeBill_InputMessage">
    <wsdl:part name="parameters" element="tns:NuevoEventoLogeBill"/>
  </wsdl:message>
  <wsdl:message name="IIntegracion_NuevoEventoLogeBill_OutputMessage">
    <wsdl:part name="parameters" element="tns:NuevoEventoLogeBillResponse"/>
  </wsdl:message>
  <wsdl:message name="IIntegracion_TraerIdUltimoDocumentoXEmpresa_InputMessage">
    <wsdl:part name="parameters" element="tns:TraerIdUltimoDocumentoXEmpresa"/>
  </wsdl:message>
  <wsdl:message name="IIntegracion_TraerIdUltimoDocumentoXEmpresa_OutputMessage">
    <wsdl:part name="parameters" element="tns:TraerIdUltimoDocumentoXEmpresaResponse"/>
  </wsdl:message>
  <wsdl:message name="IIntegracion_AlmacenarRegistroLogReglas_InputMessage">
    <wsdl:part name="parameters" element="tns:AlmacenarRegistroLogReglas"/>
  </wsdl:message>
  <wsdl:message name="IIntegracion_AlmacenarRegistroLogReglas_OutputMessage">
    <wsdl:part name="parameters" element="tns:AlmacenarRegistroLogReglasResponse"/>
  </wsdl:message>
  <wsdl:message name="IIntegracion_FV_TraerResumenReglasTotal_InputMessage">
    <wsdl:part name="parameters" element="tns:FV_TraerResumenReglasTotal"/>
  </wsdl:message>
  <wsdl:message name="IIntegracion_FV_TraerResumenReglasTotal_OutputMessage">
    <wsdl:part name="parameters" element="tns:FV_TraerResumenReglasTotalResponse"/>
  </wsdl:message>
  <wsdl:message name="IIntegracion_NegociarDocumentoFactoring_InputMessage">
    <wsdl:part name="parameters" element="tns:NegociarDocumentoFactoring"/>
  </wsdl:message>
  <wsdl:message name="IIntegracion_NegociarDocumentoFactoring_OutputMessage">
    <wsdl:part name="parameters" element="tns:NegociarDocumentoFactoringResponse"/>
  </wsdl:message>
  <wsdl:message name="IIntegracion_FV_CrearNombreArchivoZipDian_InputMessage">
    <wsdl:part name="parameters" element="tns:FV_CrearNombreArchivoZipDian"/>
  </wsdl:message>
  <wsdl:message name="IIntegracion_FV_CrearNombreArchivoZipDian_OutputMessage">
    <wsdl:part name="parameters" element="tns:FV_CrearNombreArchivoZipDianResponse"/>
  </wsdl:message>
  <wsdl:message name="IIntegracion_FV_ExisteContingenciaDianDeclarada_InputMessage">
    <wsdl:part name="parameters" element="tns:FV_ExisteContingenciaDianDeclarada"/>
  </wsdl:message>
  <wsdl:message name="IIntegracion_FV_ExisteContingenciaDianDeclarada_OutputMessage">
    <wsdl:part name="parameters" element="tns:FV_ExisteContingenciaDianDeclaradaResponse"/>
  </wsdl:message>
  <wsdl:message name="IIntegracion_ExisteContingenciaDianDeclarada_InputMessage">
    <wsdl:part name="parameters" element="tns:ExisteContingenciaDianDeclarada"/>
  </wsdl:message>
  <wsdl:message name="IIntegracion_ExisteContingenciaDianDeclarada_OutputMessage">
    <wsdl:part name="parameters" element="tns:ExisteContingenciaDianDeclaradaResponse"/>
  </wsdl:message>
  <wsdl:message name="IIntegracion_FV_TraerIncidenteContingenciaReciente_InputMessage">
    <wsdl:part name="parameters" element="tns:FV_TraerIncidenteContingenciaReciente"/>
  </wsdl:message>
  <wsdl:message name="IIntegracion_FV_TraerIncidenteContingenciaReciente_OutputMessage">
    <wsdl:part name="parameters" element="tns:FV_TraerIncidenteContingenciaRecienteResponse"/>
  </wsdl:message>
  <wsdl:message name="IIntegracion_FV_RegistrarHeartBeatContingencia_InputMessage">
    <wsdl:part name="parameters" element="tns:FV_RegistrarHeartBeatContingencia"/>
  </wsdl:message>
  <wsdl:message name="IIntegracion_FV_RegistrarHeartBeatContingencia_OutputMessage">
    <wsdl:part name="parameters" element="tns:FV_RegistrarHeartBeatContingenciaResponse"/>
  </wsdl:message>
  <wsdl:message name="IIntegracion_FV_ActualizarContingencia_InputMessage">
    <wsdl:part name="parameters" element="tns:FV_ActualizarContingencia"/>
  </wsdl:message>
  <wsdl:message name="IIntegracion_FV_ActualizarContingencia_OutputMessage">
    <wsdl:part name="parameters" element="tns:FV_ActualizarContingenciaResponse"/>
  </wsdl:message>
  <wsdl:message name="IIntegracion_FV_RegistrarIncidenteContingencia_InputMessage">
    <wsdl:part name="parameters" element="tns:FV_RegistrarIncidenteContingencia"/>
  </wsdl:message>
  <wsdl:message name="IIntegracion_FV_RegistrarIncidenteContingencia_OutputMessage">
    <wsdl:part name="parameters" element="tns:FV_RegistrarIncidenteContingenciaResponse"/>
  </wsdl:message>
  <wsdl:message name="IIntegracion_FV_TraerTiposIncidentesContingencia_InputMessage">
    <wsdl:part name="parameters" element="tns:FV_TraerTiposIncidentesContingencia"/>
  </wsdl:message>
  <wsdl:message name="IIntegracion_FV_TraerTiposIncidentesContingencia_OutputMessage">
    <wsdl:part name="parameters" element="tns:FV_TraerTiposIncidentesContingenciaResponse"/>
  </wsdl:message>
  <wsdl:message name="IIntegracion_CargarPDFDocumentoElectronico_AgregarQR_InputMessage">
    <wsdl:part name="parameters" element="tns:CargarPDFDocumentoElectronico_AgregarQR"/>
  </wsdl:message>
  <wsdl:message name="IIntegracion_CargarPDFDocumentoElectronico_AgregarQR_OutputMessage">
    <wsdl:part name="parameters" element="tns:CargarPDFDocumentoElectronico_AgregarQRResponse"/>
  </wsdl:message>
  <wsdl:message name="IIntegracion_FV_CargarNotaDesdeFacturaToeBill_InputMessage">
    <wsdl:part name="parameters" element="tns:FV_CargarNotaDesdeFacturaToeBill"/>
  </wsdl:message>
  <wsdl:message name="IIntegracion_FV_CargarNotaDesdeFacturaToeBill_OutputMessage">
    <wsdl:part name="parameters" element="tns:FV_CargarNotaDesdeFacturaToeBillResponse"/>
  </wsdl:message>
  <wsdl:message name="IIntegracion_FV_GenerarReporteRecepcion_InputMessage">
    <wsdl:part name="parameters" element="tns:FV_GenerarReporteRecepcion"/>
  </wsdl:message>
  <wsdl:message name="IIntegracion_FV_GenerarReporteRecepcion_OutputMessage">
    <wsdl:part name="parameters" element="tns:FV_GenerarReporteRecepcionResponse"/>
  </wsdl:message>
  <wsdl:message name="IIntegracion_FV_GenerarReporteEmision_InputMessage">
    <wsdl:part name="parameters" element="tns:FV_GenerarReporteEmision"/>
  </wsdl:message>
  <wsdl:message name="IIntegracion_FV_GenerarReporteEmision_OutputMessage">
    <wsdl:part name="parameters" element="tns:FV_GenerarReporteEmisionResponse"/>
  </wsdl:message>
  <wsdl:message name="IIntegracion_FV_GenerarReporteRecepcionPSV_InputMessage">
    <wsdl:part name="parameters" element="tns:FV_GenerarReporteRecepcionPSV"/>
  </wsdl:message>
  <wsdl:message name="IIntegracion_FV_GenerarReporteRecepcionPSV_OutputMessage">
    <wsdl:part name="parameters" element="tns:FV_GenerarReporteRecepcionPSVResponse"/>
  </wsdl:message>
  <wsdl:message name="IIntegracion_FV_GenerarReporteEmisionPSV_InputMessage">
    <wsdl:part name="parameters" element="tns:FV_GenerarReporteEmisionPSV"/>
  </wsdl:message>
  <wsdl:message name="IIntegracion_FV_GenerarReporteEmisionPSV_OutputMessage">
    <wsdl:part name="parameters" element="tns:FV_GenerarReporteEmisionPSVResponse"/>
  </wsdl:message>
  <wsdl:message name="IIntegracion_FV_SolicitaeBillPDF_InputMessage">
    <wsdl:part name="parameters" element="tns:FV_SolicitaeBillPDF"/>
  </wsdl:message>
  <wsdl:message name="IIntegracion_FV_SolicitaeBillPDF_OutputMessage">
    <wsdl:part name="parameters" element="tns:FV_SolicitaeBillPDFResponse"/>
  </wsdl:message>
  <wsdl:message name="IIntegracion_FV_GenerarReporteDocumentosEmitidosXFechaXEstado_InputMessage">
    <wsdl:part name="parameters" element="tns:FV_GenerarReporteDocumentosEmitidosXFechaXEstado"/>
  </wsdl:message>
  <wsdl:message name="IIntegracion_FV_GenerarReporteDocumentosEmitidosXFechaXEstado_OutputMessage">
    <wsdl:part name="parameters" element="tns:FV_GenerarReporteDocumentosEmitidosXFechaXEstadoResponse"/>
  </wsdl:message>
  <wsdl:message name="IIntegracion_FV_GenerarReporteValidacionDocumentosRecibidos_InputMessage">
    <wsdl:part name="parameters" element="tns:FV_GenerarReporteValidacionDocumentosRecibidos"/>
  </wsdl:message>
  <wsdl:message name="IIntegracion_FV_GenerarReporteValidacionDocumentosRecibidos_OutputMessage">
    <wsdl:part name="parameters" element="tns:FV_GenerarReporteValidacionDocumentosRecibidosResponse"/>
  </wsdl:message>
  <wsdl:message name="IIntegracion_FV_ConsultaEstado_DIANV2Long_InputMessage">
    <wsdl:part name="parameters" element="tns:FV_ConsultaEstado_DIANV2Long"/>
  </wsdl:message>
  <wsdl:message name="IIntegracion_FV_ConsultaEstado_DIANV2Long_OutputMessage">
    <wsdl:part name="parameters" element="tns:FV_ConsultaEstado_DIANV2LongResponse"/>
  </wsdl:message>
  <wsdl:portType name="IIntegracion">
    <wsdl:operation name="FV_NotificarFacturasExitosas_Seven">
      <wsdl:input wsaw:Action="http://tempuri.org/IIntegracion/FV_NotificarFacturasExitosas_Seven" message="tns:IIntegracion_FV_NotificarFacturasExitosas_Seven_InputMessage"/>
      <wsdl:output wsaw:Action="http://tempuri.org/IIntegracion/FV_NotificarFacturasExitosas_SevenResponse" message="tns:IIntegracion_FV_NotificarFacturasExitosas_Seven_OutputMessage"/>
    </wsdl:operation>
    <wsdl:operation name="RegistrarPagoDocumentoRadicadoNotificacionDian">
      <wsdl:input wsaw:Action="http://tempuri.org/IIntegracion/RegistrarPagoDocumentoRadicadoNotificacionDian" message="tns:IIntegracion_RegistrarPagoDocumentoRadicadoNotificacionDian_InputMessage"/>
      <wsdl:output wsaw:Action="http://tempuri.org/IIntegracion/RegistrarPagoDocumentoRadicadoNotificacionDianResponse" message="tns:IIntegracion_RegistrarPagoDocumentoRadicadoNotificacionDian_OutputMessage"/>
    </wsdl:operation>
    <wsdl:operation name="SolicitaeBillPDFTAX_GR">
      <wsdl:input wsaw:Action="http://tempuri.org/IIntegracion/SolicitaeBillPDFTAX_GR" message="tns:IIntegracion_SolicitaeBillPDFTAX_GR_InputMessage"/>
      <wsdl:output wsaw:Action="http://tempuri.org/IIntegracion/SolicitaeBillPDFTAX_GRResponse" message="tns:IIntegracion_SolicitaeBillPDFTAX_GR_OutputMessage"/>
    </wsdl:operation>
    <wsdl:operation name="SolicitarEventosRecibidosXNitEmisorXDiaRec">
      <wsdl:input wsaw:Action="http://tempuri.org/IIntegracion/SolicitarEventosRecibidosXNitEmisorXDiaRec" message="tns:IIntegracion_SolicitarEventosRecibidosXNitEmisorXDiaRec_InputMessage"/>
      <wsdl:output wsaw:Action="http://tempuri.org/IIntegracion/SolicitarEventosRecibidosXNitEmisorXDiaRecResponse" message="tns:IIntegracion_SolicitarEventosRecibidosXNitEmisorXDiaRec_OutputMessage"/>
    </wsdl:operation>
    <wsdl:operation name="AceptacionTacitaDocumentosRadicadosNotificacionDIAN">
      <wsdl:input wsaw:Action="http://tempuri.org/IIntegracion/AceptacionTacitaDocumentosRadicadosNotificacionDIAN" message="tns:IIntegracion_AceptacionTacitaDocumentosRadicadosNotificacionDIAN_InputMessage"/>
      <wsdl:output wsaw:Action="http://tempuri.org/IIntegracion/AceptacionTacitaDocumentosRadicadosNotificacionDIANResponse" message="tns:IIntegracion_AceptacionTacitaDocumentosRadicadosNotificacionDIAN_OutputMessage"/>
    </wsdl:operation>
    <wsdl:operation name="AcuseReciboDocumentosRadicadosNotificacionDIAN">
      <wsdl:input wsaw:Action="http://tempuri.org/IIntegracion/AcuseReciboDocumentosRadicadosNotificacionDIAN" message="tns:IIntegracion_AcuseReciboDocumentosRadicadosNotificacionDIAN_InputMessage"/>
      <wsdl:output wsaw:Action="http://tempuri.org/IIntegracion/AcuseReciboDocumentosRadicadosNotificacionDIANResponse" message="tns:IIntegracion_AcuseReciboDocumentosRadicadosNotificacionDIAN_OutputMessage"/>
    </wsdl:operation>
    <wsdl:operation name="ReciboBienServicioRadicadosNotificacionDIAN">
      <wsdl:input wsaw:Action="http://tempuri.org/IIntegracion/ReciboBienServicioRadicadosNotificacionDIAN" message="tns:IIntegracion_ReciboBienServicioRadicadosNotificacionDIAN_InputMessage"/>
      <wsdl:output wsaw:Action="http://tempuri.org/IIntegracion/ReciboBienServicioRadicadosNotificacionDIANResponse" message="tns:IIntegracion_ReciboBienServicioRadicadosNotificacionDIAN_OutputMessage"/>
    </wsdl:operation>
    <wsdl:operation name="RegistrarIntentoFallidoRecepcion">
      <wsdl:input wsaw:Action="http://tempuri.org/IIntegracion/RegistrarIntentoFallidoRecepcion" message="tns:IIntegracion_RegistrarIntentoFallidoRecepcion_InputMessage"/>
      <wsdl:output wsaw:Action="http://tempuri.org/IIntegracion/RegistrarIntentoFallidoRecepcionResponse" message="tns:IIntegracion_RegistrarIntentoFallidoRecepcion_OutputMessage"/>
    </wsdl:operation>
    <wsdl:operation name="RepararDocumentoExitosoDIAN">
      <wsdl:input wsaw:Action="http://tempuri.org/IIntegracion/RepararDocumentoExitosoDIAN" message="tns:IIntegracion_RepararDocumentoExitosoDIAN_InputMessage"/>
      <wsdl:output wsaw:Action="http://tempuri.org/IIntegracion/RepararDocumentoExitosoDIANResponse" message="tns:IIntegracion_RepararDocumentoExitosoDIAN_OutputMessage"/>
    </wsdl:operation>
    <wsdl:operation name="SolicitareBillFacturasRadicadasRecepcionXRango_TerceroPagador">
      <wsdl:input wsaw:Action="http://tempuri.org/IIntegracion/SolicitareBillFacturasRadicadasRecepcionXRango_TerceroPagador" message="tns:IIntegracion_SolicitareBillFacturasRadicadasRecepcionXRango_TerceroPagador_InputMessage"/>
      <wsdl:output wsaw:Action="http://tempuri.org/IIntegracion/SolicitareBillFacturasRadicadasRecepcionXRango_TerceroPagadorResponse" message="tns:IIntegracion_SolicitareBillFacturasRadicadasRecepcionXRango_TerceroPagador_OutputMessage"/>
    </wsdl:operation>
    <wsdl:operation name="TraerAdjuntosXPrefijoXNumXTipoComp_TerceroPagador">
      <wsdl:input wsaw:Action="http://tempuri.org/IIntegracion/TraerAdjuntosXPrefijoXNumXTipoComp_TerceroPagador" message="tns:IIntegracion_TraerAdjuntosXPrefijoXNumXTipoComp_TerceroPagador_InputMessage"/>
      <wsdl:output wsaw:Action="http://tempuri.org/IIntegracion/TraerAdjuntosXPrefijoXNumXTipoComp_TerceroPagadorResponse" message="tns:IIntegracion_TraerAdjuntosXPrefijoXNumXTipoComp_TerceroPagador_OutputMessage"/>
    </wsdl:operation>
    <wsdl:operation name="AcuerdoEBillVigente">
      <wsdl:input wsaw:Action="http://tempuri.org/IIntegracion/AcuerdoEBillVigente" message="tns:IIntegracion_AcuerdoEBillVigente_InputMessage"/>
      <wsdl:output wsaw:Action="http://tempuri.org/IIntegracion/AcuerdoEBillVigenteResponse" message="tns:IIntegracion_AcuerdoEBillVigente_OutputMessage"/>
    </wsdl:operation>
    <wsdl:operation name="CalculoContenidoTecnicoControl">
      <wsdl:input wsaw:Action="http://tempuri.org/IIntegracion/CalculoContenidoTecnicoControl" message="tns:IIntegracion_CalculoContenidoTecnicoControl_InputMessage"/>
      <wsdl:output wsaw:Action="http://tempuri.org/IIntegracion/CalculoContenidoTecnicoControlResponse" message="tns:IIntegracion_CalculoContenidoTecnicoControl_OutputMessage"/>
    </wsdl:operation>
    <wsdl:operation name="CargarXML25CoreToeBill">
      <wsdl:input wsaw:Action="http://tempuri.org/IIntegracion/CargarXML25CoreToeBill" message="tns:IIntegracion_CargarXML25CoreToeBill_InputMessage"/>
      <wsdl:output wsaw:Action="http://tempuri.org/IIntegracion/CargarXML25CoreToeBillResponse" message="tns:IIntegracion_CargarXML25CoreToeBill_OutputMessage"/>
    </wsdl:operation>
    <wsdl:operation name="CargarFacturasToeBillGeneric">
      <wsdl:input wsaw:Action="http://tempuri.org/IIntegracion/CargarFacturasToeBillGeneric" message="tns:IIntegracion_CargarFacturasToeBillGeneric_InputMessage"/>
      <wsdl:output wsaw:Action="http://tempuri.org/IIntegracion/CargarFacturasToeBillGenericResponse" message="tns:IIntegracion_CargarFacturasToeBillGeneric_OutputMessage"/>
    </wsdl:operation>
    <wsdl:operation name="CargarFacturasToeBillGenericFix">
      <wsdl:input wsaw:Action="http://tempuri.org/IIntegracion/CargarFacturasToeBillGenericFix" message="tns:IIntegracion_CargarFacturasToeBillGenericFix_InputMessage"/>
      <wsdl:output wsaw:Action="http://tempuri.org/IIntegracion/CargarFacturasToeBillGenericFixResponse" message="tns:IIntegracion_CargarFacturasToeBillGenericFix_OutputMessage"/>
    </wsdl:operation>
    <wsdl:operation name="CargarNotasToeBillGeneric">
      <wsdl:input wsaw:Action="http://tempuri.org/IIntegracion/CargarNotasToeBillGeneric" message="tns:IIntegracion_CargarNotasToeBillGeneric_InputMessage"/>
      <wsdl:output wsaw:Action="http://tempuri.org/IIntegracion/CargarNotasToeBillGenericResponse" message="tns:IIntegracion_CargarNotasToeBillGeneric_OutputMessage"/>
    </wsdl:operation>
    <wsdl:operation name="CargarFacturasToeBillGenericTAX">
      <wsdl:input wsaw:Action="http://tempuri.org/IIntegracion/CargarFacturasToeBillGenericTAX" message="tns:IIntegracion_CargarFacturasToeBillGenericTAX_InputMessage"/>
      <wsdl:output wsaw:Action="http://tempuri.org/IIntegracion/CargarFacturasToeBillGenericTAXResponse" message="tns:IIntegracion_CargarFacturasToeBillGenericTAX_OutputMessage"/>
    </wsdl:operation>
    <wsdl:operation name="CargarNotasToeBillGenericTAX">
      <wsdl:input wsaw:Action="http://tempuri.org/IIntegracion/CargarNotasToeBillGenericTAX" message="tns:IIntegracion_CargarNotasToeBillGenericTAX_InputMessage"/>
      <wsdl:output wsaw:Action="http://tempuri.org/IIntegracion/CargarNotasToeBillGenericTAXResponse" message="tns:IIntegracion_CargarNotasToeBillGenericTAX_OutputMessage"/>
    </wsdl:operation>
    <wsdl:operation name="RecibePDFNumrot">
      <wsdl:input wsaw:Action="http://tempuri.org/IIntegracion/RecibePDFNumrot" message="tns:IIntegracion_RecibePDFNumrot_InputMessage"/>
      <wsdl:output wsaw:Action="http://tempuri.org/IIntegracion/RecibePDFNumrotResponse" message="tns:IIntegracion_RecibePDFNumrot_OutputMessage"/>
    </wsdl:operation>
    <wsdl:operation name="SolicitaeBillPDF">
      <wsdl:input wsaw:Action="http://tempuri.org/IIntegracion/SolicitaeBillPDF" message="tns:IIntegracion_SolicitaeBillPDF_InputMessage"/>
      <wsdl:output wsaw:Action="http://tempuri.org/IIntegracion/SolicitaeBillPDFResponse" message="tns:IIntegracion_SolicitaeBillPDF_OutputMessage"/>
    </wsdl:operation>
    <wsdl:operation name="SolicitaeBillPDFTAX">
      <wsdl:input wsaw:Action="http://tempuri.org/IIntegracion/SolicitaeBillPDFTAX" message="tns:IIntegracion_SolicitaeBillPDFTAX_InputMessage"/>
      <wsdl:output wsaw:Action="http://tempuri.org/IIntegracion/SolicitaeBillPDFTAXResponse" message="tns:IIntegracion_SolicitaeBillPDFTAX_OutputMessage"/>
    </wsdl:operation>
    <wsdl:operation name="NotificarFacturasPagadas">
      <wsdl:input wsaw:Action="http://tempuri.org/IIntegracion/NotificarFacturasPagadas" message="tns:IIntegracion_NotificarFacturasPagadas_InputMessage"/>
      <wsdl:output wsaw:Action="http://tempuri.org/IIntegracion/NotificarFacturasPagadasResponse" message="tns:IIntegracion_NotificarFacturasPagadas_OutputMessage"/>
    </wsdl:operation>
    <wsdl:operation name="NotificarFacturasPagadasTAX">
      <wsdl:input wsaw:Action="http://tempuri.org/IIntegracion/NotificarFacturasPagadasTAX" message="tns:IIntegracion_NotificarFacturasPagadasTAX_InputMessage"/>
      <wsdl:output wsaw:Action="http://tempuri.org/IIntegracion/NotificarFacturasPagadasTAXResponse" message="tns:IIntegracion_NotificarFacturasPagadasTAX_OutputMessage"/>
    </wsdl:operation>
    <wsdl:operation name="NotificarFacturasAnuladasTAX">
      <wsdl:input wsaw:Action="http://tempuri.org/IIntegracion/NotificarFacturasAnuladasTAX" message="tns:IIntegracion_NotificarFacturasAnuladasTAX_InputMessage"/>
      <wsdl:output wsaw:Action="http://tempuri.org/IIntegracion/NotificarFacturasAnuladasTAXResponse" message="tns:IIntegracion_NotificarFacturasAnuladasTAX_OutputMessage"/>
    </wsdl:operation>
    <wsdl:operation name="CargarDocumentosElectronicosToeBillGenericTAX">
      <wsdl:input wsaw:Action="http://tempuri.org/IIntegracion/CargarDocumentosElectronicosToeBillGenericTAX" message="tns:IIntegracion_CargarDocumentosElectronicosToeBillGenericTAX_InputMessage"/>
      <wsdl:output wsaw:Action="http://tempuri.org/IIntegracion/CargarDocumentosElectronicosToeBillGenericTAXResponse" message="tns:IIntegracion_CargarDocumentosElectronicosToeBillGenericTAX_OutputMessage"/>
    </wsdl:operation>
    <wsdl:operation name="CargarDocumentosElectronicosToeBillGenericFULL">
      <wsdl:input wsaw:Action="http://tempuri.org/IIntegracion/CargarDocumentosElectronicosToeBillGenericFULL" message="tns:IIntegracion_CargarDocumentosElectronicosToeBillGenericFULL_InputMessage"/>
      <wsdl:output wsaw:Action="http://tempuri.org/IIntegracion/CargarDocumentosElectronicosToeBillGenericFULLResponse" message="tns:IIntegracion_CargarDocumentosElectronicosToeBillGenericFULL_OutputMessage"/>
    </wsdl:operation>
    <wsdl:operation name="SolicitaDatosDocumentoElectronico">
      <wsdl:input wsaw:Action="http://tempuri.org/IIntegracion/SolicitaDatosDocumentoElectronico" message="tns:IIntegracion_SolicitaDatosDocumentoElectronico_InputMessage"/>
      <wsdl:output wsaw:Action="http://tempuri.org/IIntegracion/SolicitaDatosDocumentoElectronicoResponse" message="tns:IIntegracion_SolicitaDatosDocumentoElectronico_OutputMessage"/>
    </wsdl:operation>
    <wsdl:operation name="SolicitaeBillPDFXCodigo">
      <wsdl:input wsaw:Action="http://tempuri.org/IIntegracion/SolicitaeBillPDFXCodigo" message="tns:IIntegracion_SolicitaeBillPDFXCodigo_InputMessage"/>
      <wsdl:output wsaw:Action="http://tempuri.org/IIntegracion/SolicitaeBillPDFXCodigoResponse" message="tns:IIntegracion_SolicitaeBillPDFXCodigo_OutputMessage"/>
    </wsdl:operation>
    <wsdl:operation name="CargarPDFDocumentoElectronico">
      <wsdl:input wsaw:Action="http://tempuri.org/IIntegracion/CargarPDFDocumentoElectronico" message="tns:IIntegracion_CargarPDFDocumentoElectronico_InputMessage"/>
      <wsdl:output wsaw:Action="http://tempuri.org/IIntegracion/CargarPDFDocumentoElectronicoResponse" message="tns:IIntegracion_CargarPDFDocumentoElectronico_OutputMessage"/>
    </wsdl:operation>
    <wsdl:operation name="CargarDocumentosElectronicosToeBillGenericFULLDesdePDF">
      <wsdl:input wsaw:Action="http://tempuri.org/IIntegracion/CargarDocumentosElectronicosToeBillGenericFULLDesdePDF" message="tns:IIntegracion_CargarDocumentosElectronicosToeBillGenericFULLDesdePDF_InputMessage"/>
      <wsdl:output wsaw:Action="http://tempuri.org/IIntegracion/CargarDocumentosElectronicosToeBillGenericFULLDesdePDFResponse" message="tns:IIntegracion_CargarDocumentosElectronicosToeBillGenericFULLDesdePDF_OutputMessage"/>
    </wsdl:operation>
    <wsdl:operation name="CargarNotaDesdeFacturaToeBill">
      <wsdl:input wsaw:Action="http://tempuri.org/IIntegracion/CargarNotaDesdeFacturaToeBill" message="tns:IIntegracion_CargarNotaDesdeFacturaToeBill_InputMessage"/>
      <wsdl:output wsaw:Action="http://tempuri.org/IIntegracion/CargarNotaDesdeFacturaToeBillResponse" message="tns:IIntegracion_CargarNotaDesdeFacturaToeBill_OutputMessage"/>
    </wsdl:operation>
    <wsdl:operation name="TraerEstadoCuentaXCliente">
      <wsdl:input wsaw:Action="http://tempuri.org/IIntegracion/TraerEstadoCuentaXCliente" message="tns:IIntegracion_TraerEstadoCuentaXCliente_InputMessage"/>
      <wsdl:output wsaw:Action="http://tempuri.org/IIntegracion/TraerEstadoCuentaXClienteResponse" message="tns:IIntegracion_TraerEstadoCuentaXCliente_OutputMessage"/>
    </wsdl:operation>
    <wsdl:operation name="CargarDocumentosElectronicosToeBillGenericFULLImp">
      <wsdl:input wsaw:Action="http://tempuri.org/IIntegracion/CargarDocumentosElectronicosToeBillGenericFULLImp" message="tns:IIntegracion_CargarDocumentosElectronicosToeBillGenericFULLImp_InputMessage"/>
      <wsdl:output wsaw:Action="http://tempuri.org/IIntegracion/CargarDocumentosElectronicosToeBillGenericFULLImpResponse" message="tns:IIntegracion_CargarDocumentosElectronicosToeBillGenericFULLImp_OutputMessage"/>
    </wsdl:operation>
    <wsdl:operation name="RecepcionDocumentosElectronicos">
      <wsdl:input wsaw:Action="http://tempuri.org/IIntegracion/RecepcionDocumentosElectronicos" message="tns:IIntegracion_RecepcionDocumentosElectronicos_InputMessage"/>
      <wsdl:output wsaw:Action="http://tempuri.org/IIntegracion/RecepcionDocumentosElectronicosResponse" message="tns:IIntegracion_RecepcionDocumentosElectronicos_OutputMessage"/>
    </wsdl:operation>
    <wsdl:operation name="SolicitareBillFacturasRadicadasRecepcion">
      <wsdl:input wsaw:Action="http://tempuri.org/IIntegracion/SolicitareBillFacturasRadicadasRecepcion" message="tns:IIntegracion_SolicitareBillFacturasRadicadasRecepcion_InputMessage"/>
      <wsdl:output wsaw:Action="http://tempuri.org/IIntegracion/SolicitareBillFacturasRadicadasRecepcionResponse" message="tns:IIntegracion_SolicitareBillFacturasRadicadasRecepcion_OutputMessage"/>
    </wsdl:operation>
    <wsdl:operation name="SolicitaeBillPDFRecepcion">
      <wsdl:input wsaw:Action="http://tempuri.org/IIntegracion/SolicitaeBillPDFRecepcion" message="tns:IIntegracion_SolicitaeBillPDFRecepcion_InputMessage"/>
      <wsdl:output wsaw:Action="http://tempuri.org/IIntegracion/SolicitaeBillPDFRecepcionResponse" message="tns:IIntegracion_SolicitaeBillPDFRecepcion_OutputMessage"/>
    </wsdl:operation>
    <wsdl:operation name="SolicitaeBillPDFRecepcion_TerceroPagador">
      <wsdl:input wsaw:Action="http://tempuri.org/IIntegracion/SolicitaeBillPDFRecepcion_TerceroPagador" message="tns:IIntegracion_SolicitaeBillPDFRecepcion_TerceroPagador_InputMessage"/>
      <wsdl:output wsaw:Action="http://tempuri.org/IIntegracion/SolicitaeBillPDFRecepcion_TerceroPagadorResponse" message="tns:IIntegracion_SolicitaeBillPDFRecepcion_TerceroPagador_OutputMessage"/>
    </wsdl:operation>
    <wsdl:operation name="SolicitaCreareBillResoluciones">
      <wsdl:input wsaw:Action="http://tempuri.org/IIntegracion/SolicitaCreareBillResoluciones" message="tns:IIntegracion_SolicitaCreareBillResoluciones_InputMessage"/>
      <wsdl:output wsaw:Action="http://tempuri.org/IIntegracion/SolicitaCreareBillResolucionesResponse" message="tns:IIntegracion_SolicitaCreareBillResoluciones_OutputMessage"/>
    </wsdl:operation>
    <wsdl:operation name="CargarDocumentosElectronicosToeBillGenericFULLPDFCUFE">
      <wsdl:input wsaw:Action="http://tempuri.org/IIntegracion/CargarDocumentosElectronicosToeBillGenericFULLPDFCUFE" message="tns:IIntegracion_CargarDocumentosElectronicosToeBillGenericFULLPDFCUFE_InputMessage"/>
      <wsdl:output wsaw:Action="http://tempuri.org/IIntegracion/CargarDocumentosElectronicosToeBillGenericFULLPDFCUFEResponse" message="tns:IIntegracion_CargarDocumentosElectronicosToeBillGenericFULLPDFCUFE_OutputMessage"/>
    </wsdl:operation>
    <wsdl:operation name="ActualizarEstadosOCRecepcion">
      <wsdl:input wsaw:Action="http://tempuri.org/IIntegracion/ActualizarEstadosOCRecepcion" message="tns:IIntegracion_ActualizarEstadosOCRecepcion_InputMessage"/>
      <wsdl:output wsaw:Action="http://tempuri.org/IIntegracion/ActualizarEstadosOCRecepcionResponse" message="tns:IIntegracion_ActualizarEstadosOCRecepcion_OutputMessage"/>
    </wsdl:operation>
    <wsdl:operation name="CargarDocumentosElectronicosToeBillGenericFULLFacturaMinimaLegal">
      <wsdl:input wsaw:Action="http://tempuri.org/IIntegracion/CargarDocumentosElectronicosToeBillGenericFULLFacturaMinimaLegal" message="tns:IIntegracion_CargarDocumentosElectronicosToeBillGenericFULLFacturaMinimaLegal_InputMessage"/>
      <wsdl:output wsaw:Action="http://tempuri.org/IIntegracion/CargarDocumentosElectronicosToeBillGenericFULLFacturaMinimaLegalResponse" message="tns:IIntegracion_CargarDocumentosElectronicosToeBillGenericFULLFacturaMinimaLegal_OutputMessage"/>
    </wsdl:operation>
    <wsdl:operation name="RechazarDocumentosRadicados">
      <wsdl:input wsaw:Action="http://tempuri.org/IIntegracion/RechazarDocumentosRadicados" message="tns:IIntegracion_RechazarDocumentosRadicados_InputMessage"/>
      <wsdl:output wsaw:Action="http://tempuri.org/IIntegracion/RechazarDocumentosRadicadosResponse" message="tns:IIntegracion_RechazarDocumentosRadicados_OutputMessage"/>
    </wsdl:operation>
    <wsdl:operation name="RechazarDocumentosRadicadosNotificacionDIAN">
      <wsdl:input wsaw:Action="http://tempuri.org/IIntegracion/RechazarDocumentosRadicadosNotificacionDIAN" message="tns:IIntegracion_RechazarDocumentosRadicadosNotificacionDIAN_InputMessage"/>
      <wsdl:output wsaw:Action="http://tempuri.org/IIntegracion/RechazarDocumentosRadicadosNotificacionDIANResponse" message="tns:IIntegracion_RechazarDocumentosRadicadosNotificacionDIAN_OutputMessage"/>
    </wsdl:operation>
    <wsdl:operation name="AceptarDocumentosRadicadosNotificacionDIAN">
      <wsdl:input wsaw:Action="http://tempuri.org/IIntegracion/AceptarDocumentosRadicadosNotificacionDIAN" message="tns:IIntegracion_AceptarDocumentosRadicadosNotificacionDIAN_InputMessage"/>
      <wsdl:output wsaw:Action="http://tempuri.org/IIntegracion/AceptarDocumentosRadicadosNotificacionDIANResponse" message="tns:IIntegracion_AceptarDocumentosRadicadosNotificacionDIAN_OutputMessage"/>
    </wsdl:operation>
    <wsdl:operation name="SolicitaeBillPDFTAXLong">
      <wsdl:input wsaw:Action="http://tempuri.org/IIntegracion/SolicitaeBillPDFTAXLong" message="tns:IIntegracion_SolicitaeBillPDFTAXLong_InputMessage"/>
      <wsdl:output wsaw:Action="http://tempuri.org/IIntegracion/SolicitaeBillPDFTAXLongResponse" message="tns:IIntegracion_SolicitaeBillPDFTAXLong_OutputMessage"/>
    </wsdl:operation>
    <wsdl:operation name="CrearProveedoreseBill">
      <wsdl:input wsaw:Action="http://tempuri.org/IIntegracion/CrearProveedoreseBill" message="tns:IIntegracion_CrearProveedoreseBill_InputMessage"/>
      <wsdl:output wsaw:Action="http://tempuri.org/IIntegracion/CrearProveedoreseBillResponse" message="tns:IIntegracion_CrearProveedoreseBill_OutputMessage"/>
    </wsdl:operation>
    <wsdl:operation name="LoginProveedorTecnologico">
      <wsdl:input wsaw:Action="http://tempuri.org/IIntegracion/LoginProveedorTecnologico" message="tns:IIntegracion_LoginProveedorTecnologico_InputMessage"/>
      <wsdl:output wsaw:Action="http://tempuri.org/IIntegracion/LoginProveedorTecnologicoResponse" message="tns:IIntegracion_LoginProveedorTecnologico_OutputMessage"/>
    </wsdl:operation>
    <wsdl:operation name="TraerDatosProveedorFTP">
      <wsdl:input wsaw:Action="http://tempuri.org/IIntegracion/TraerDatosProveedorFTP" message="tns:IIntegracion_TraerDatosProveedorFTP_InputMessage"/>
      <wsdl:output wsaw:Action="http://tempuri.org/IIntegracion/TraerDatosProveedorFTPResponse" message="tns:IIntegracion_TraerDatosProveedorFTP_OutputMessage"/>
    </wsdl:operation>
    <wsdl:operation name="HistorialRadicacion">
      <wsdl:input wsaw:Action="http://tempuri.org/IIntegracion/HistorialRadicacion" message="tns:IIntegracion_HistorialRadicacion_InputMessage"/>
      <wsdl:output wsaw:Action="http://tempuri.org/IIntegracion/HistorialRadicacionResponse" message="tns:IIntegracion_HistorialRadicacion_OutputMessage"/>
    </wsdl:operation>
    <wsdl:operation name="ExisteConvenioEmpresas">
      <wsdl:input wsaw:Action="http://tempuri.org/IIntegracion/ExisteConvenioEmpresas" message="tns:IIntegracion_ExisteConvenioEmpresas_InputMessage"/>
      <wsdl:output wsaw:Action="http://tempuri.org/IIntegracion/ExisteConvenioEmpresasResponse" message="tns:IIntegracion_ExisteConvenioEmpresas_OutputMessage"/>
    </wsdl:operation>
    <wsdl:operation name="ConsultaResolucionesDIAN">
      <wsdl:input wsaw:Action="http://tempuri.org/IIntegracion/ConsultaResolucionesDIAN" message="tns:IIntegracion_ConsultaResolucionesDIAN_InputMessage"/>
      <wsdl:output wsaw:Action="http://tempuri.org/IIntegracion/ConsultaResolucionesDIANResponse" message="tns:IIntegracion_ConsultaResolucionesDIAN_OutputMessage"/>
    </wsdl:operation>
    <wsdl:operation name="SolicitareBillFacturasRadicadasRecepcionXEstado">
      <wsdl:input wsaw:Action="http://tempuri.org/IIntegracion/SolicitareBillFacturasRadicadasRecepcionXEstado" message="tns:IIntegracion_SolicitareBillFacturasRadicadasRecepcionXEstado_InputMessage"/>
      <wsdl:output wsaw:Action="http://tempuri.org/IIntegracion/SolicitareBillFacturasRadicadasRecepcionXEstadoResponse" message="tns:IIntegracion_SolicitareBillFacturasRadicadasRecepcionXEstado_OutputMessage"/>
    </wsdl:operation>
    <wsdl:operation name="ActualizarEstadoFacturasRadicadasRecepcion">
      <wsdl:input wsaw:Action="http://tempuri.org/IIntegracion/ActualizarEstadoFacturasRadicadasRecepcion" message="tns:IIntegracion_ActualizarEstadoFacturasRadicadasRecepcion_InputMessage"/>
      <wsdl:output wsaw:Action="http://tempuri.org/IIntegracion/ActualizarEstadoFacturasRadicadasRecepcionResponse" message="tns:IIntegracion_ActualizarEstadoFacturasRadicadasRecepcion_OutputMessage"/>
    </wsdl:operation>
    <wsdl:operation name="CrearEmpresaeBill">
      <wsdl:input wsaw:Action="http://tempuri.org/IIntegracion/CrearEmpresaeBill" message="tns:IIntegracion_CrearEmpresaeBill_InputMessage"/>
      <wsdl:output wsaw:Action="http://tempuri.org/IIntegracion/CrearEmpresaeBillResponse" message="tns:IIntegracion_CrearEmpresaeBill_OutputMessage"/>
    </wsdl:operation>
    <wsdl:operation name="SolicitaDatosDetalleXDocumento">
      <wsdl:input wsaw:Action="http://tempuri.org/IIntegracion/SolicitaDatosDetalleXDocumento" message="tns:IIntegracion_SolicitaDatosDetalleXDocumento_InputMessage"/>
      <wsdl:output wsaw:Action="http://tempuri.org/IIntegracion/SolicitaDatosDetalleXDocumentoResponse" message="tns:IIntegracion_SolicitaDatosDetalleXDocumento_OutputMessage"/>
    </wsdl:operation>
    <wsdl:operation name="SolicitaParametrosGestionDocumental">
      <wsdl:input wsaw:Action="http://tempuri.org/IIntegracion/SolicitaParametrosGestionDocumental" message="tns:IIntegracion_SolicitaParametrosGestionDocumental_InputMessage"/>
      <wsdl:output wsaw:Action="http://tempuri.org/IIntegracion/SolicitaParametrosGestionDocumentalResponse" message="tns:IIntegracion_SolicitaParametrosGestionDocumental_OutputMessage"/>
    </wsdl:operation>
    <wsdl:operation name="ObtenerParametroCliente">
      <wsdl:input wsaw:Action="http://tempuri.org/IIntegracion/ObtenerParametroCliente" message="tns:IIntegracion_ObtenerParametroCliente_InputMessage"/>
      <wsdl:output wsaw:Action="http://tempuri.org/IIntegracion/ObtenerParametroClienteResponse" message="tns:IIntegracion_ObtenerParametroCliente_OutputMessage"/>
    </wsdl:operation>
    <wsdl:operation name="ActualizarFechaParametro">
      <wsdl:input wsaw:Action="http://tempuri.org/IIntegracion/ActualizarFechaParametro" message="tns:IIntegracion_ActualizarFechaParametro_InputMessage"/>
      <wsdl:output wsaw:Action="http://tempuri.org/IIntegracion/ActualizarFechaParametroResponse" message="tns:IIntegracion_ActualizarFechaParametro_OutputMessage"/>
    </wsdl:operation>
    <wsdl:operation name="ConsultaDatosDocumentosEmitidos">
      <wsdl:input wsaw:Action="http://tempuri.org/IIntegracion/ConsultaDatosDocumentosEmitidos" message="tns:IIntegracion_ConsultaDatosDocumentosEmitidos_InputMessage"/>
      <wsdl:output wsaw:Action="http://tempuri.org/IIntegracion/ConsultaDatosDocumentosEmitidosResponse" message="tns:IIntegracion_ConsultaDatosDocumentosEmitidos_OutputMessage"/>
    </wsdl:operation>
    <wsdl:operation name="TraerDatosProveedorTecnologico">
      <wsdl:input wsaw:Action="http://tempuri.org/IIntegracion/TraerDatosProveedorTecnologico" message="tns:IIntegracion_TraerDatosProveedorTecnologico_InputMessage"/>
      <wsdl:output wsaw:Action="http://tempuri.org/IIntegracion/TraerDatosProveedorTecnologicoResponse" message="tns:IIntegracion_TraerDatosProveedorTecnologico_OutputMessage"/>
    </wsdl:operation>
    <wsdl:operation name="TraerDatosEmpresasEmisoras">
      <wsdl:input wsaw:Action="http://tempuri.org/IIntegracion/TraerDatosEmpresasEmisoras" message="tns:IIntegracion_TraerDatosEmpresasEmisoras_InputMessage"/>
      <wsdl:output wsaw:Action="http://tempuri.org/IIntegracion/TraerDatosEmpresasEmisorasResponse" message="tns:IIntegracion_TraerDatosEmpresasEmisoras_OutputMessage"/>
    </wsdl:operation>
    <wsdl:operation name="TraerDocumentosEmision">
      <wsdl:input wsaw:Action="http://tempuri.org/IIntegracion/TraerDocumentosEmision" message="tns:IIntegracion_TraerDocumentosEmision_InputMessage"/>
      <wsdl:output wsaw:Action="http://tempuri.org/IIntegracion/TraerDocumentosEmisionResponse" message="tns:IIntegracion_TraerDocumentosEmision_OutputMessage"/>
    </wsdl:operation>
    <wsdl:operation name="TraerAdjuntosXDocumento">
      <wsdl:input wsaw:Action="http://tempuri.org/IIntegracion/TraerAdjuntosXDocumento" message="tns:IIntegracion_TraerAdjuntosXDocumento_InputMessage"/>
      <wsdl:output wsaw:Action="http://tempuri.org/IIntegracion/TraerAdjuntosXDocumentoResponse" message="tns:IIntegracion_TraerAdjuntosXDocumento_OutputMessage"/>
    </wsdl:operation>
    <wsdl:operation name="CambiarContrasenaInteroperabilidad">
      <wsdl:input wsaw:Action="http://tempuri.org/IIntegracion/CambiarContrasenaInteroperabilidad" message="tns:IIntegracion_CambiarContrasenaInteroperabilidad_InputMessage"/>
      <wsdl:output wsaw:Action="http://tempuri.org/IIntegracion/CambiarContrasenaInteroperabilidadResponse" message="tns:IIntegracion_CambiarContrasenaInteroperabilidad_OutputMessage"/>
    </wsdl:operation>
    <wsdl:operation name="RegistroArchivoEmitido">
      <wsdl:input wsaw:Action="http://tempuri.org/IIntegracion/RegistroArchivoEmitido" message="tns:IIntegracion_RegistroArchivoEmitido_InputMessage"/>
      <wsdl:output wsaw:Action="http://tempuri.org/IIntegracion/RegistroArchivoEmitidoResponse" message="tns:IIntegracion_RegistroArchivoEmitido_OutputMessage"/>
    </wsdl:operation>
    <wsdl:operation name="ValidaXML">
      <wsdl:input wsaw:Action="http://tempuri.org/IIntegracion/ValidaXML" message="tns:IIntegracion_ValidaXML_InputMessage"/>
      <wsdl:output wsaw:Action="http://tempuri.org/IIntegracion/ValidaXMLResponse" message="tns:IIntegracion_ValidaXML_OutputMessage"/>
    </wsdl:operation>
    <wsdl:operation name="EmpresaRecibeInteroperabilidad">
      <wsdl:input wsaw:Action="http://tempuri.org/IIntegracion/EmpresaRecibeInteroperabilidad" message="tns:IIntegracion_EmpresaRecibeInteroperabilidad_InputMessage"/>
      <wsdl:output wsaw:Action="http://tempuri.org/IIntegracion/EmpresaRecibeInteroperabilidadResponse" message="tns:IIntegracion_EmpresaRecibeInteroperabilidad_OutputMessage"/>
    </wsdl:operation>
    <wsdl:operation name="RegistroRespuestaDocInteroperabilidad">
      <wsdl:input wsaw:Action="http://tempuri.org/IIntegracion/RegistroRespuestaDocInteroperabilidad" message="tns:IIntegracion_RegistroRespuestaDocInteroperabilidad_InputMessage"/>
      <wsdl:output wsaw:Action="http://tempuri.org/IIntegracion/RegistroRespuestaDocInteroperabilidadResponse" message="tns:IIntegracion_RegistroRespuestaDocInteroperabilidad_OutputMessage"/>
    </wsdl:operation>
    <wsdl:operation name="ConsultaHistoricoEstadosDocumentoRecibidoIO">
      <wsdl:input wsaw:Action="http://tempuri.org/IIntegracion/ConsultaHistoricoEstadosDocumentoRecibidoIO" message="tns:IIntegracion_ConsultaHistoricoEstadosDocumentoRecibidoIO_InputMessage"/>
      <wsdl:output wsaw:Action="http://tempuri.org/IIntegracion/ConsultaHistoricoEstadosDocumentoRecibidoIOResponse" message="tns:IIntegracion_ConsultaHistoricoEstadosDocumentoRecibidoIO_OutputMessage"/>
    </wsdl:operation>
    <wsdl:operation name="ConsultarAppResponseDocumentoRecibido">
      <wsdl:input wsaw:Action="http://tempuri.org/IIntegracion/ConsultarAppResponseDocumentoRecibido" message="tns:IIntegracion_ConsultarAppResponseDocumentoRecibido_InputMessage"/>
      <wsdl:output wsaw:Action="http://tempuri.org/IIntegracion/ConsultarAppResponseDocumentoRecibidoResponse" message="tns:IIntegracion_ConsultarAppResponseDocumentoRecibido_OutputMessage"/>
    </wsdl:operation>
    <wsdl:operation name="TraerDocumentosSinRespuestaIO">
      <wsdl:input wsaw:Action="http://tempuri.org/IIntegracion/TraerDocumentosSinRespuestaIO" message="tns:IIntegracion_TraerDocumentosSinRespuestaIO_InputMessage"/>
      <wsdl:output wsaw:Action="http://tempuri.org/IIntegracion/TraerDocumentosSinRespuestaIOResponse" message="tns:IIntegracion_TraerDocumentosSinRespuestaIO_OutputMessage"/>
    </wsdl:operation>
    <wsdl:operation name="ValidaRespuestaRecepcion">
      <wsdl:input wsaw:Action="http://tempuri.org/IIntegracion/ValidaRespuestaRecepcion" message="tns:IIntegracion_ValidaRespuestaRecepcion_InputMessage"/>
      <wsdl:output wsaw:Action="http://tempuri.org/IIntegracion/ValidaRespuestaRecepcionResponse" message="tns:IIntegracion_ValidaRespuestaRecepcion_OutputMessage"/>
    </wsdl:operation>
    <wsdl:operation name="SolicitareBillFacturasRadicadasRecepcionXRango">
      <wsdl:input wsaw:Action="http://tempuri.org/IIntegracion/SolicitareBillFacturasRadicadasRecepcionXRango" message="tns:IIntegracion_SolicitareBillFacturasRadicadasRecepcionXRango_InputMessage"/>
      <wsdl:output wsaw:Action="http://tempuri.org/IIntegracion/SolicitareBillFacturasRadicadasRecepcionXRangoResponse" message="tns:IIntegracion_SolicitareBillFacturasRadicadasRecepcionXRango_OutputMessage"/>
    </wsdl:operation>
    <wsdl:operation name="ActualizaEstadoNotificadoDocumentosIO">
      <wsdl:input wsaw:Action="http://tempuri.org/IIntegracion/ActualizaEstadoNotificadoDocumentosIO" message="tns:IIntegracion_ActualizaEstadoNotificadoDocumentosIO_InputMessage"/>
      <wsdl:output wsaw:Action="http://tempuri.org/IIntegracion/ActualizaEstadoNotificadoDocumentosIOResponse" message="tns:IIntegracion_ActualizaEstadoNotificadoDocumentosIO_OutputMessage"/>
    </wsdl:operation>
    <wsdl:operation name="EnviarDocumentoElectronico">
      <wsdl:input wsaw:Action="http://tempuri.org/IIntegracion/EnviarDocumentoElectronico" message="tns:IIntegracion_EnviarDocumentoElectronico_InputMessage"/>
      <wsdl:output wsaw:Action="http://tempuri.org/IIntegracion/EnviarDocumentoElectronicoResponse" message="tns:IIntegracion_EnviarDocumentoElectronico_OutputMessage"/>
    </wsdl:operation>
    <wsdl:operation name="TraerDocumentosRecepcionxNuevosEstados">
      <wsdl:input wsaw:Action="http://tempuri.org/IIntegracion/TraerDocumentosRecepcionxNuevosEstados" message="tns:IIntegracion_TraerDocumentosRecepcionxNuevosEstados_InputMessage"/>
      <wsdl:output wsaw:Action="http://tempuri.org/IIntegracion/TraerDocumentosRecepcionxNuevosEstadosResponse" message="tns:IIntegracion_TraerDocumentosRecepcionxNuevosEstados_OutputMessage"/>
    </wsdl:operation>
    <wsdl:operation name="RegistrarPagoCargaAnexo">
      <wsdl:input wsaw:Action="http://tempuri.org/IIntegracion/RegistrarPagoCargaAnexo" message="tns:IIntegracion_RegistrarPagoCargaAnexo_InputMessage"/>
      <wsdl:output wsaw:Action="http://tempuri.org/IIntegracion/RegistrarPagoCargaAnexoResponse" message="tns:IIntegracion_RegistrarPagoCargaAnexo_OutputMessage"/>
    </wsdl:operation>
    <wsdl:operation name="ActualizarDocumentosDatoContabilzacion">
      <wsdl:input wsaw:Action="http://tempuri.org/IIntegracion/ActualizarDocumentosDatoContabilzacion" message="tns:IIntegracion_ActualizarDocumentosDatoContabilzacion_InputMessage"/>
      <wsdl:output wsaw:Action="http://tempuri.org/IIntegracion/ActualizarDocumentosDatoContabilzacionResponse" message="tns:IIntegracion_ActualizarDocumentosDatoContabilzacion_OutputMessage"/>
    </wsdl:operation>
    <wsdl:operation name="ConsultaIdentificadorFacturaXOrderID">
      <wsdl:input wsaw:Action="http://tempuri.org/IIntegracion/ConsultaIdentificadorFacturaXOrderID" message="tns:IIntegracion_ConsultaIdentificadorFacturaXOrderID_InputMessage"/>
      <wsdl:output wsaw:Action="http://tempuri.org/IIntegracion/ConsultaIdentificadorFacturaXOrderIDResponse" message="tns:IIntegracion_ConsultaIdentificadorFacturaXOrderID_OutputMessage"/>
    </wsdl:operation>
    <wsdl:operation name="FV_TraerDocumentosPendientesDeEnvioxEmpresaxFecha">
      <wsdl:input wsaw:Action="http://tempuri.org/IIntegracion/FV_TraerDocumentosPendientesDeEnvioxEmpresaxFecha" message="tns:IIntegracion_FV_TraerDocumentosPendientesDeEnvioxEmpresaxFecha_InputMessage"/>
      <wsdl:output wsaw:Action="http://tempuri.org/IIntegracion/FV_TraerDocumentosPendientesDeEnvioxEmpresaxFechaResponse" message="tns:IIntegracion_FV_TraerDocumentosPendientesDeEnvioxEmpresaxFecha_OutputMessage"/>
    </wsdl:operation>
    <wsdl:operation name="FV_TraerXMLDocumento">
      <wsdl:input wsaw:Action="http://tempuri.org/IIntegracion/FV_TraerXMLDocumento" message="tns:IIntegracion_FV_TraerXMLDocumento_InputMessage"/>
      <wsdl:output wsaw:Action="http://tempuri.org/IIntegracion/FV_TraerXMLDocumentoResponse" message="tns:IIntegracion_FV_TraerXMLDocumento_OutputMessage"/>
    </wsdl:operation>
    <wsdl:operation name="FV_TraerDatosEmpesasEmisorasConDFEPendientesDeEnvio">
      <wsdl:input wsaw:Action="http://tempuri.org/IIntegracion/FV_TraerDatosEmpesasEmisorasConDFEPendientesDeEnvio" message="tns:IIntegracion_FV_TraerDatosEmpesasEmisorasConDFEPendientesDeEnvio_InputMessage"/>
      <wsdl:output wsaw:Action="http://tempuri.org/IIntegracion/FV_TraerDatosEmpesasEmisorasConDFEPendientesDeEnvioResponse" message="tns:IIntegracion_FV_TraerDatosEmpesasEmisorasConDFEPendientesDeEnvio_OutputMessage"/>
    </wsdl:operation>
    <wsdl:operation name="FV_RegistroRespuestaDocEmitido">
      <wsdl:input wsaw:Action="http://tempuri.org/IIntegracion/FV_RegistroRespuestaDocEmitido" message="tns:IIntegracion_FV_RegistroRespuestaDocEmitido_InputMessage"/>
      <wsdl:output wsaw:Action="http://tempuri.org/IIntegracion/FV_RegistroRespuestaDocEmitidoResponse" message="tns:IIntegracion_FV_RegistroRespuestaDocEmitido_OutputMessage"/>
    </wsdl:operation>
    <wsdl:operation name="ConsultaDatosDocumentosRecibidos">
      <wsdl:input wsaw:Action="http://tempuri.org/IIntegracion/ConsultaDatosDocumentosRecibidos" message="tns:IIntegracion_ConsultaDatosDocumentosRecibidos_InputMessage"/>
      <wsdl:output wsaw:Action="http://tempuri.org/IIntegracion/ConsultaDatosDocumentosRecibidosResponse" message="tns:IIntegracion_ConsultaDatosDocumentosRecibidos_OutputMessage"/>
    </wsdl:operation>
    <wsdl:operation name="ConsultaDatosDocumentosRecibidos_TerceroPagador">
      <wsdl:input wsaw:Action="http://tempuri.org/IIntegracion/ConsultaDatosDocumentosRecibidos_TerceroPagador" message="tns:IIntegracion_ConsultaDatosDocumentosRecibidos_TerceroPagador_InputMessage"/>
      <wsdl:output wsaw:Action="http://tempuri.org/IIntegracion/ConsultaDatosDocumentosRecibidos_TerceroPagadorResponse" message="tns:IIntegracion_ConsultaDatosDocumentosRecibidos_TerceroPagador_OutputMessage"/>
    </wsdl:operation>
    <wsdl:operation name="AgregaQRToPDFDocumentoElectronico">
      <wsdl:input wsaw:Action="http://tempuri.org/IIntegracion/AgregaQRToPDFDocumentoElectronico" message="tns:IIntegracion_AgregaQRToPDFDocumentoElectronico_InputMessage"/>
      <wsdl:output wsaw:Action="http://tempuri.org/IIntegracion/AgregaQRToPDFDocumentoElectronicoResponse" message="tns:IIntegracion_AgregaQRToPDFDocumentoElectronico_OutputMessage"/>
    </wsdl:operation>
    <wsdl:operation name="TraerCertificadoDigital">
      <wsdl:input wsaw:Action="http://tempuri.org/IIntegracion/TraerCertificadoDigital" message="tns:IIntegracion_TraerCertificadoDigital_InputMessage"/>
      <wsdl:output wsaw:Action="http://tempuri.org/IIntegracion/TraerCertificadoDigitalResponse" message="tns:IIntegracion_TraerCertificadoDigital_OutputMessage"/>
    </wsdl:operation>
    <wsdl:operation name="SolicitaDatosDocumentoElectronicoQWS">
      <wsdl:input wsaw:Action="http://tempuri.org/IIntegracion/SolicitaDatosDocumentoElectronicoQWS" message="tns:IIntegracion_SolicitaDatosDocumentoElectronicoQWS_InputMessage"/>
      <wsdl:output wsaw:Action="http://tempuri.org/IIntegracion/SolicitaDatosDocumentoElectronicoQWSResponse" message="tns:IIntegracion_SolicitaDatosDocumentoElectronicoQWS_OutputMessage"/>
    </wsdl:operation>
    <wsdl:operation name="FV_TraerDatosEmpresasNotificar">
      <wsdl:input wsaw:Action="http://tempuri.org/IIntegracion/FV_TraerDatosEmpresasNotificar" message="tns:IIntegracion_FV_TraerDatosEmpresasNotificar_InputMessage"/>
      <wsdl:output wsaw:Action="http://tempuri.org/IIntegracion/FV_TraerDatosEmpresasNotificarResponse" message="tns:IIntegracion_FV_TraerDatosEmpresasNotificar_OutputMessage"/>
    </wsdl:operation>
    <wsdl:operation name="TraerDatosEmpresasNotificar">
      <wsdl:input wsaw:Action="http://tempuri.org/IIntegracion/TraerDatosEmpresasNotificar" message="tns:IIntegracion_TraerDatosEmpresasNotificar_InputMessage"/>
      <wsdl:output wsaw:Action="http://tempuri.org/IIntegracion/TraerDatosEmpresasNotificarResponse" message="tns:IIntegracion_TraerDatosEmpresasNotificar_OutputMessage"/>
    </wsdl:operation>
    <wsdl:operation name="FV_TraerDocumentosPendientesNotificar">
      <wsdl:input wsaw:Action="http://tempuri.org/IIntegracion/FV_TraerDocumentosPendientesNotificar" message="tns:IIntegracion_FV_TraerDocumentosPendientesNotificar_InputMessage"/>
      <wsdl:output wsaw:Action="http://tempuri.org/IIntegracion/FV_TraerDocumentosPendientesNotificarResponse" message="tns:IIntegracion_FV_TraerDocumentosPendientesNotificar_OutputMessage"/>
    </wsdl:operation>
    <wsdl:operation name="FV_TraerDocumentosPendientesNotificar_Otros">
      <wsdl:input wsaw:Action="http://tempuri.org/IIntegracion/FV_TraerDocumentosPendientesNotificar_Otros" message="tns:IIntegracion_FV_TraerDocumentosPendientesNotificar_Otros_InputMessage"/>
      <wsdl:output wsaw:Action="http://tempuri.org/IIntegracion/FV_TraerDocumentosPendientesNotificar_OtrosResponse" message="tns:IIntegracion_FV_TraerDocumentosPendientesNotificar_Otros_OutputMessage"/>
    </wsdl:operation>
    <wsdl:operation name="TraerDocumentosPendientesNotificar">
      <wsdl:input wsaw:Action="http://tempuri.org/IIntegracion/TraerDocumentosPendientesNotificar" message="tns:IIntegracion_TraerDocumentosPendientesNotificar_InputMessage"/>
      <wsdl:output wsaw:Action="http://tempuri.org/IIntegracion/TraerDocumentosPendientesNotificarResponse" message="tns:IIntegracion_TraerDocumentosPendientesNotificar_OutputMessage"/>
    </wsdl:operation>
    <wsdl:operation name="SolicitareBillFacturasRadicadasRecepcionXNitRecXDiaRec">
      <wsdl:input wsaw:Action="http://tempuri.org/IIntegracion/SolicitareBillFacturasRadicadasRecepcionXNitRecXDiaRec" message="tns:IIntegracion_SolicitareBillFacturasRadicadasRecepcionXNitRecXDiaRec_InputMessage"/>
      <wsdl:output wsaw:Action="http://tempuri.org/IIntegracion/SolicitareBillFacturasRadicadasRecepcionXNitRecXDiaRecResponse" message="tns:IIntegracion_SolicitareBillFacturasRadicadasRecepcionXNitRecXDiaRec_OutputMessage"/>
    </wsdl:operation>
    <wsdl:operation name="SolicitareBillFacturasRadicadasRecepcionXNitRecXDiaRec_TerceroPagador">
      <wsdl:input wsaw:Action="http://tempuri.org/IIntegracion/SolicitareBillFacturasRadicadasRecepcionXNitRecXDiaRec_TerceroPagador" message="tns:IIntegracion_SolicitareBillFacturasRadicadasRecepcionXNitRecXDiaRec_TerceroPagador_InputMessage"/>
      <wsdl:output wsaw:Action="http://tempuri.org/IIntegracion/SolicitareBillFacturasRadicadasRecepcionXNitRecXDiaRec_TerceroPagadorResponse" message="tns:IIntegracion_SolicitareBillFacturasRadicadasRecepcionXNitRecXDiaRec_TerceroPagador_OutputMessage"/>
    </wsdl:operation>
    <wsdl:operation name="FV_NotificarDocumentoCliente">
      <wsdl:input wsaw:Action="http://tempuri.org/IIntegracion/FV_NotificarDocumentoCliente" message="tns:IIntegracion_FV_NotificarDocumentoCliente_InputMessage"/>
      <wsdl:output wsaw:Action="http://tempuri.org/IIntegracion/FV_NotificarDocumentoClienteResponse" message="tns:IIntegracion_FV_NotificarDocumentoCliente_OutputMessage"/>
    </wsdl:operation>
    <wsdl:operation name="FV_ValidacionXML_DIAN">
      <wsdl:input wsaw:Action="http://tempuri.org/IIntegracion/FV_ValidacionXML_DIAN" message="tns:IIntegracion_FV_ValidacionXML_DIAN_InputMessage"/>
      <wsdl:output wsaw:Action="http://tempuri.org/IIntegracion/FV_ValidacionXML_DIANResponse" message="tns:IIntegracion_FV_ValidacionXML_DIAN_OutputMessage"/>
    </wsdl:operation>
    <wsdl:operation name="FV_CargarDocumentosElectronicosToeBillGenericFULLPDFCUFE">
      <wsdl:input wsaw:Action="http://tempuri.org/IIntegracion/FV_CargarDocumentosElectronicosToeBillGenericFULLPDFCUFE" message="tns:IIntegracion_FV_CargarDocumentosElectronicosToeBillGenericFULLPDFCUFE_InputMessage"/>
      <wsdl:output wsaw:Action="http://tempuri.org/IIntegracion/FV_CargarDocumentosElectronicosToeBillGenericFULLPDFCUFEResponse" message="tns:IIntegracion_FV_CargarDocumentosElectronicosToeBillGenericFULLPDFCUFE_OutputMessage"/>
    </wsdl:operation>
    <wsdl:operation name="FV_CargarDocumentosElectronicosToeBillGenericFULL">
      <wsdl:input wsaw:Action="http://tempuri.org/IIntegracion/FV_CargarDocumentosElectronicosToeBillGenericFULL" message="tns:IIntegracion_FV_CargarDocumentosElectronicosToeBillGenericFULL_InputMessage"/>
      <wsdl:output wsaw:Action="http://tempuri.org/IIntegracion/FV_CargarDocumentosElectronicosToeBillGenericFULLResponse" message="tns:IIntegracion_FV_CargarDocumentosElectronicosToeBillGenericFULL_OutputMessage"/>
    </wsdl:operation>
    <wsdl:operation name="TraerAdjuntosXPrefijoXNumXTipoComp">
      <wsdl:input wsaw:Action="http://tempuri.org/IIntegracion/TraerAdjuntosXPrefijoXNumXTipoComp" message="tns:IIntegracion_TraerAdjuntosXPrefijoXNumXTipoComp_InputMessage"/>
      <wsdl:output wsaw:Action="http://tempuri.org/IIntegracion/TraerAdjuntosXPrefijoXNumXTipoCompResponse" message="tns:IIntegracion_TraerAdjuntosXPrefijoXNumXTipoComp_OutputMessage"/>
    </wsdl:operation>
    <wsdl:operation name="FV_TraerPaquetesEmitidosPendientesDeStatusDian">
      <wsdl:input wsaw:Action="http://tempuri.org/IIntegracion/FV_TraerPaquetesEmitidosPendientesDeStatusDian" message="tns:IIntegracion_FV_TraerPaquetesEmitidosPendientesDeStatusDian_InputMessage"/>
      <wsdl:output wsaw:Action="http://tempuri.org/IIntegracion/FV_TraerPaquetesEmitidosPendientesDeStatusDianResponse" message="tns:IIntegracion_FV_TraerPaquetesEmitidosPendientesDeStatusDian_OutputMessage"/>
    </wsdl:operation>
    <wsdl:operation name="FV_RegistroPaqueteEmitido">
      <wsdl:input wsaw:Action="http://tempuri.org/IIntegracion/FV_RegistroPaqueteEmitido" message="tns:IIntegracion_FV_RegistroPaqueteEmitido_InputMessage"/>
      <wsdl:output wsaw:Action="http://tempuri.org/IIntegracion/FV_RegistroPaqueteEmitidoResponse" message="tns:IIntegracion_FV_RegistroPaqueteEmitido_OutputMessage"/>
    </wsdl:operation>
    <wsdl:operation name="FV_CargarDocumentosElectronicosToeBillTxN">
      <wsdl:input wsaw:Action="http://tempuri.org/IIntegracion/FV_CargarDocumentosElectronicosToeBillTxN" message="tns:IIntegracion_FV_CargarDocumentosElectronicosToeBillTxN_InputMessage"/>
      <wsdl:output wsaw:Action="http://tempuri.org/IIntegracion/FV_CargarDocumentosElectronicosToeBillTxNResponse" message="tns:IIntegracion_FV_CargarDocumentosElectronicosToeBillTxN_OutputMessage"/>
    </wsdl:operation>
    <wsdl:operation name="FV_CargarDocumentosElectronicosToeBillTxA">
      <wsdl:input wsaw:Action="http://tempuri.org/IIntegracion/FV_CargarDocumentosElectronicosToeBillTxA" message="tns:IIntegracion_FV_CargarDocumentosElectronicosToeBillTxA_InputMessage"/>
      <wsdl:output wsaw:Action="http://tempuri.org/IIntegracion/FV_CargarDocumentosElectronicosToeBillTxAResponse" message="tns:IIntegracion_FV_CargarDocumentosElectronicosToeBillTxA_OutputMessage"/>
    </wsdl:operation>
    <wsdl:operation name="FV_RegistroEstadoPaqueteEmitido">
      <wsdl:input wsaw:Action="http://tempuri.org/IIntegracion/FV_RegistroEstadoPaqueteEmitido" message="tns:IIntegracion_FV_RegistroEstadoPaqueteEmitido_InputMessage"/>
      <wsdl:output wsaw:Action="http://tempuri.org/IIntegracion/FV_RegistroEstadoPaqueteEmitidoResponse" message="tns:IIntegracion_FV_RegistroEstadoPaqueteEmitido_OutputMessage"/>
    </wsdl:operation>
    <wsdl:operation name="FV_EnviarDocumentoaDIAN">
      <wsdl:input wsaw:Action="http://tempuri.org/IIntegracion/FV_EnviarDocumentoaDIAN" message="tns:IIntegracion_FV_EnviarDocumentoaDIAN_InputMessage"/>
      <wsdl:output wsaw:Action="http://tempuri.org/IIntegracion/FV_EnviarDocumentoaDIANResponse" message="tns:IIntegracion_FV_EnviarDocumentoaDIAN_OutputMessage"/>
    </wsdl:operation>
    <wsdl:operation name="FV_EnviarDocumentoaDIAN_Contingencia">
      <wsdl:input wsaw:Action="http://tempuri.org/IIntegracion/FV_EnviarDocumentoaDIAN_Contingencia" message="tns:IIntegracion_FV_EnviarDocumentoaDIAN_Contingencia_InputMessage"/>
      <wsdl:output wsaw:Action="http://tempuri.org/IIntegracion/FV_EnviarDocumentoaDIAN_ContingenciaResponse" message="tns:IIntegracion_FV_EnviarDocumentoaDIAN_Contingencia_OutputMessage"/>
    </wsdl:operation>
    <wsdl:operation name="FV_LiberarDocumentosEstadoProcesamiento">
      <wsdl:input wsaw:Action="http://tempuri.org/IIntegracion/FV_LiberarDocumentosEstadoProcesamiento" message="tns:IIntegracion_FV_LiberarDocumentosEstadoProcesamiento_InputMessage"/>
      <wsdl:output wsaw:Action="http://tempuri.org/IIntegracion/FV_LiberarDocumentosEstadoProcesamientoResponse" message="tns:IIntegracion_FV_LiberarDocumentosEstadoProcesamiento_OutputMessage"/>
    </wsdl:operation>
    <wsdl:operation name="FV_LiberarPaquetesEstadoProcesamiento">
      <wsdl:input wsaw:Action="http://tempuri.org/IIntegracion/FV_LiberarPaquetesEstadoProcesamiento" message="tns:IIntegracion_FV_LiberarPaquetesEstadoProcesamiento_InputMessage"/>
      <wsdl:output wsaw:Action="http://tempuri.org/IIntegracion/FV_LiberarPaquetesEstadoProcesamientoResponse" message="tns:IIntegracion_FV_LiberarPaquetesEstadoProcesamiento_OutputMessage"/>
    </wsdl:operation>
    <wsdl:operation name="FV_LiberarDocsEmitidosEstadoProcesamiento">
      <wsdl:input wsaw:Action="http://tempuri.org/IIntegracion/FV_LiberarDocsEmitidosEstadoProcesamiento" message="tns:IIntegracion_FV_LiberarDocsEmitidosEstadoProcesamiento_InputMessage"/>
      <wsdl:output wsaw:Action="http://tempuri.org/IIntegracion/FV_LiberarDocsEmitidosEstadoProcesamientoResponse" message="tns:IIntegracion_FV_LiberarDocsEmitidosEstadoProcesamiento_OutputMessage"/>
    </wsdl:operation>
    <wsdl:operation name="FV_ConsultaEstado_DIANV2">
      <wsdl:input wsaw:Action="http://tempuri.org/IIntegracion/FV_ConsultaEstado_DIANV2" message="tns:IIntegracion_FV_ConsultaEstado_DIANV2_InputMessage"/>
      <wsdl:output wsaw:Action="http://tempuri.org/IIntegracion/FV_ConsultaEstado_DIANV2Response" message="tns:IIntegracion_FV_ConsultaEstado_DIANV2_OutputMessage"/>
    </wsdl:operation>
    <wsdl:operation name="FV_ProcesarRespuestaEnvioSincrono">
      <wsdl:input wsaw:Action="http://tempuri.org/IIntegracion/FV_ProcesarRespuestaEnvioSincrono" message="tns:IIntegracion_FV_ProcesarRespuestaEnvioSincrono_InputMessage"/>
      <wsdl:output wsaw:Action="http://tempuri.org/IIntegracion/FV_ProcesarRespuestaEnvioSincronoResponse" message="tns:IIntegracion_FV_ProcesarRespuestaEnvioSincrono_OutputMessage"/>
    </wsdl:operation>
    <wsdl:operation name="FV_ProcesarRespuestaEnvioAsincrono">
      <wsdl:input wsaw:Action="http://tempuri.org/IIntegracion/FV_ProcesarRespuestaEnvioAsincrono" message="tns:IIntegracion_FV_ProcesarRespuestaEnvioAsincrono_InputMessage"/>
      <wsdl:output wsaw:Action="http://tempuri.org/IIntegracion/FV_ProcesarRespuestaEnvioAsincronoResponse" message="tns:IIntegracion_FV_ProcesarRespuestaEnvioAsincrono_OutputMessage"/>
    </wsdl:operation>
    <wsdl:operation name="FV_RegistroEstadoDocEmitido">
      <wsdl:input wsaw:Action="http://tempuri.org/IIntegracion/FV_RegistroEstadoDocEmitido" message="tns:IIntegracion_FV_RegistroEstadoDocEmitido_InputMessage"/>
      <wsdl:output wsaw:Action="http://tempuri.org/IIntegracion/FV_RegistroEstadoDocEmitidoResponse" message="tns:IIntegracion_FV_RegistroEstadoDocEmitido_OutputMessage"/>
    </wsdl:operation>
    <wsdl:operation name="FV_TraerDocumentosEmitidosPendientesDeStatusDian">
      <wsdl:input wsaw:Action="http://tempuri.org/IIntegracion/FV_TraerDocumentosEmitidosPendientesDeStatusDian" message="tns:IIntegracion_FV_TraerDocumentosEmitidosPendientesDeStatusDian_InputMessage"/>
      <wsdl:output wsaw:Action="http://tempuri.org/IIntegracion/FV_TraerDocumentosEmitidosPendientesDeStatusDianResponse" message="tns:IIntegracion_FV_TraerDocumentosEmitidosPendientesDeStatusDian_OutputMessage"/>
    </wsdl:operation>
    <wsdl:operation name="NuevoEventoLogeBill">
      <wsdl:input wsaw:Action="http://tempuri.org/IIntegracion/NuevoEventoLogeBill" message="tns:IIntegracion_NuevoEventoLogeBill_InputMessage"/>
      <wsdl:output wsaw:Action="http://tempuri.org/IIntegracion/NuevoEventoLogeBillResponse" message="tns:IIntegracion_NuevoEventoLogeBill_OutputMessage"/>
    </wsdl:operation>
    <wsdl:operation name="TraerIdUltimoDocumentoXEmpresa">
      <wsdl:input wsaw:Action="http://tempuri.org/IIntegracion/TraerIdUltimoDocumentoXEmpresa" message="tns:IIntegracion_TraerIdUltimoDocumentoXEmpresa_InputMessage"/>
      <wsdl:output wsaw:Action="http://tempuri.org/IIntegracion/TraerIdUltimoDocumentoXEmpresaResponse" message="tns:IIntegracion_TraerIdUltimoDocumentoXEmpresa_OutputMessage"/>
    </wsdl:operation>
    <wsdl:operation name="AlmacenarRegistroLogReglas">
      <wsdl:input wsaw:Action="http://tempuri.org/IIntegracion/AlmacenarRegistroLogReglas" message="tns:IIntegracion_AlmacenarRegistroLogReglas_InputMessage"/>
      <wsdl:output wsaw:Action="http://tempuri.org/IIntegracion/AlmacenarRegistroLogReglasResponse" message="tns:IIntegracion_AlmacenarRegistroLogReglas_OutputMessage"/>
    </wsdl:operation>
    <wsdl:operation name="FV_TraerResumenReglasTotal">
      <wsdl:input wsaw:Action="http://tempuri.org/IIntegracion/FV_TraerResumenReglasTotal" message="tns:IIntegracion_FV_TraerResumenReglasTotal_InputMessage"/>
      <wsdl:output wsaw:Action="http://tempuri.org/IIntegracion/FV_TraerResumenReglasTotalResponse" message="tns:IIntegracion_FV_TraerResumenReglasTotal_OutputMessage"/>
    </wsdl:operation>
    <wsdl:operation name="NegociarDocumentoFactoring">
      <wsdl:input wsaw:Action="http://tempuri.org/IIntegracion/NegociarDocumentoFactoring" message="tns:IIntegracion_NegociarDocumentoFactoring_InputMessage"/>
      <wsdl:output wsaw:Action="http://tempuri.org/IIntegracion/NegociarDocumentoFactoringResponse" message="tns:IIntegracion_NegociarDocumentoFactoring_OutputMessage"/>
    </wsdl:operation>
    <wsdl:operation name="FV_CrearNombreArchivoZipDian">
      <wsdl:input wsaw:Action="http://tempuri.org/IIntegracion/FV_CrearNombreArchivoZipDian" message="tns:IIntegracion_FV_CrearNombreArchivoZipDian_InputMessage"/>
      <wsdl:output wsaw:Action="http://tempuri.org/IIntegracion/FV_CrearNombreArchivoZipDianResponse" message="tns:IIntegracion_FV_CrearNombreArchivoZipDian_OutputMessage"/>
    </wsdl:operation>
    <wsdl:operation name="FV_ExisteContingenciaDianDeclarada">
      <wsdl:input wsaw:Action="http://tempuri.org/IIntegracion/FV_ExisteContingenciaDianDeclarada" message="tns:IIntegracion_FV_ExisteContingenciaDianDeclarada_InputMessage"/>
      <wsdl:output wsaw:Action="http://tempuri.org/IIntegracion/FV_ExisteContingenciaDianDeclaradaResponse" message="tns:IIntegracion_FV_ExisteContingenciaDianDeclarada_OutputMessage"/>
    </wsdl:operation>
    <wsdl:operation name="ExisteContingenciaDianDeclarada">
      <wsdl:input wsaw:Action="http://tempuri.org/IIntegracion/ExisteContingenciaDianDeclarada" message="tns:IIntegracion_ExisteContingenciaDianDeclarada_InputMessage"/>
      <wsdl:output wsaw:Action="http://tempuri.org/IIntegracion/ExisteContingenciaDianDeclaradaResponse" message="tns:IIntegracion_ExisteContingenciaDianDeclarada_OutputMessage"/>
    </wsdl:operation>
    <wsdl:operation name="FV_TraerIncidenteContingenciaReciente">
      <wsdl:input wsaw:Action="http://tempuri.org/IIntegracion/FV_TraerIncidenteContingenciaReciente" message="tns:IIntegracion_FV_TraerIncidenteContingenciaReciente_InputMessage"/>
      <wsdl:output wsaw:Action="http://tempuri.org/IIntegracion/FV_TraerIncidenteContingenciaRecienteResponse" message="tns:IIntegracion_FV_TraerIncidenteContingenciaReciente_OutputMessage"/>
    </wsdl:operation>
    <wsdl:operation name="FV_RegistrarHeartBeatContingencia">
      <wsdl:input wsaw:Action="http://tempuri.org/IIntegracion/FV_RegistrarHeartBeatContingencia" message="tns:IIntegracion_FV_RegistrarHeartBeatContingencia_InputMessage"/>
      <wsdl:output wsaw:Action="http://tempuri.org/IIntegracion/FV_RegistrarHeartBeatContingenciaResponse" message="tns:IIntegracion_FV_RegistrarHeartBeatContingencia_OutputMessage"/>
    </wsdl:operation>
    <wsdl:operation name="FV_ActualizarContingencia">
      <wsdl:input wsaw:Action="http://tempuri.org/IIntegracion/FV_ActualizarContingencia" message="tns:IIntegracion_FV_ActualizarContingencia_InputMessage"/>
      <wsdl:output wsaw:Action="http://tempuri.org/IIntegracion/FV_ActualizarContingenciaResponse" message="tns:IIntegracion_FV_ActualizarContingencia_OutputMessage"/>
    </wsdl:operation>
    <wsdl:operation name="FV_RegistrarIncidenteContingencia">
      <wsdl:input wsaw:Action="http://tempuri.org/IIntegracion/FV_RegistrarIncidenteContingencia" message="tns:IIntegracion_FV_RegistrarIncidenteContingencia_InputMessage"/>
      <wsdl:output wsaw:Action="http://tempuri.org/IIntegracion/FV_RegistrarIncidenteContingenciaResponse" message="tns:IIntegracion_FV_RegistrarIncidenteContingencia_OutputMessage"/>
    </wsdl:operation>
    <wsdl:operation name="FV_TraerTiposIncidentesContingencia">
      <wsdl:input wsaw:Action="http://tempuri.org/IIntegracion/FV_TraerTiposIncidentesContingencia" message="tns:IIntegracion_FV_TraerTiposIncidentesContingencia_InputMessage"/>
      <wsdl:output wsaw:Action="http://tempuri.org/IIntegracion/FV_TraerTiposIncidentesContingenciaResponse" message="tns:IIntegracion_FV_TraerTiposIncidentesContingencia_OutputMessage"/>
    </wsdl:operation>
    <wsdl:operation name="CargarPDFDocumentoElectronico_AgregarQR">
      <wsdl:input wsaw:Action="http://tempuri.org/IIntegracion/CargarPDFDocumentoElectronico_AgregarQR" message="tns:IIntegracion_CargarPDFDocumentoElectronico_AgregarQR_InputMessage"/>
      <wsdl:output wsaw:Action="http://tempuri.org/IIntegracion/CargarPDFDocumentoElectronico_AgregarQRResponse" message="tns:IIntegracion_CargarPDFDocumentoElectronico_AgregarQR_OutputMessage"/>
    </wsdl:operation>
    <wsdl:operation name="FV_CargarNotaDesdeFacturaToeBill">
      <wsdl:input wsaw:Action="http://tempuri.org/IIntegracion/FV_CargarNotaDesdeFacturaToeBill" message="tns:IIntegracion_FV_CargarNotaDesdeFacturaToeBill_InputMessage"/>
      <wsdl:output wsaw:Action="http://tempuri.org/IIntegracion/FV_CargarNotaDesdeFacturaToeBillResponse" message="tns:IIntegracion_FV_CargarNotaDesdeFacturaToeBill_OutputMessage"/>
    </wsdl:operation>
    <wsdl:operation name="FV_GenerarReporteRecepcion">
      <wsdl:input wsaw:Action="http://tempuri.org/IIntegracion/FV_GenerarReporteRecepcion" message="tns:IIntegracion_FV_GenerarReporteRecepcion_InputMessage"/>
      <wsdl:output wsaw:Action="http://tempuri.org/IIntegracion/FV_GenerarReporteRecepcionResponse" message="tns:IIntegracion_FV_GenerarReporteRecepcion_OutputMessage"/>
    </wsdl:operation>
    <wsdl:operation name="FV_GenerarReporteEmision">
      <wsdl:input wsaw:Action="http://tempuri.org/IIntegracion/FV_GenerarReporteEmision" message="tns:IIntegracion_FV_GenerarReporteEmision_InputMessage"/>
      <wsdl:output wsaw:Action="http://tempuri.org/IIntegracion/FV_GenerarReporteEmisionResponse" message="tns:IIntegracion_FV_GenerarReporteEmision_OutputMessage"/>
    </wsdl:operation>
    <wsdl:operation name="FV_GenerarReporteRecepcionPSV">
      <wsdl:input wsaw:Action="http://tempuri.org/IIntegracion/FV_GenerarReporteRecepcionPSV" message="tns:IIntegracion_FV_GenerarReporteRecepcionPSV_InputMessage"/>
      <wsdl:output wsaw:Action="http://tempuri.org/IIntegracion/FV_GenerarReporteRecepcionPSVResponse" message="tns:IIntegracion_FV_GenerarReporteRecepcionPSV_OutputMessage"/>
    </wsdl:operation>
    <wsdl:operation name="FV_GenerarReporteEmisionPSV">
      <wsdl:input wsaw:Action="http://tempuri.org/IIntegracion/FV_GenerarReporteEmisionPSV" message="tns:IIntegracion_FV_GenerarReporteEmisionPSV_InputMessage"/>
      <wsdl:output wsaw:Action="http://tempuri.org/IIntegracion/FV_GenerarReporteEmisionPSVResponse" message="tns:IIntegracion_FV_GenerarReporteEmisionPSV_OutputMessage"/>
    </wsdl:operation>
    <wsdl:operation name="FV_SolicitaeBillPDF">
      <wsdl:input wsaw:Action="http://tempuri.org/IIntegracion/FV_SolicitaeBillPDF" message="tns:IIntegracion_FV_SolicitaeBillPDF_InputMessage"/>
      <wsdl:output wsaw:Action="http://tempuri.org/IIntegracion/FV_SolicitaeBillPDFResponse" message="tns:IIntegracion_FV_SolicitaeBillPDF_OutputMessage"/>
    </wsdl:operation>
    <wsdl:operation name="FV_GenerarReporteDocumentosEmitidosXFechaXEstado">
      <wsdl:input wsaw:Action="http://tempuri.org/IIntegracion/FV_GenerarReporteDocumentosEmitidosXFechaXEstado" message="tns:IIntegracion_FV_GenerarReporteDocumentosEmitidosXFechaXEstado_InputMessage"/>
      <wsdl:output wsaw:Action="http://tempuri.org/IIntegracion/FV_GenerarReporteDocumentosEmitidosXFechaXEstadoResponse" message="tns:IIntegracion_FV_GenerarReporteDocumentosEmitidosXFechaXEstado_OutputMessage"/>
    </wsdl:operation>
    <wsdl:operation name="FV_GenerarReporteValidacionDocumentosRecibidos">
      <wsdl:input wsaw:Action="http://tempuri.org/IIntegracion/FV_GenerarReporteValidacionDocumentosRecibidos" message="tns:IIntegracion_FV_GenerarReporteValidacionDocumentosRecibidos_InputMessage"/>
      <wsdl:output wsaw:Action="http://tempuri.org/IIntegracion/FV_GenerarReporteValidacionDocumentosRecibidosResponse" message="tns:IIntegracion_FV_GenerarReporteValidacionDocumentosRecibidos_OutputMessage"/>
    </wsdl:operation>
    <wsdl:operation name="FV_ConsultaEstado_DIANV2Long">
      <wsdl:input wsaw:Action="http://tempuri.org/IIntegracion/FV_ConsultaEstado_DIANV2Long" message="tns:IIntegracion_FV_ConsultaEstado_DIANV2Long_InputMessage"/>
      <wsdl:output wsaw:Action="http://tempuri.org/IIntegracion/FV_ConsultaEstado_DIANV2LongResponse" message="tns:IIntegracion_FV_ConsultaEstado_DIANV2Long_OutputMessage"/>
    </wsdl:operation>
  </wsdl:portType>
  <wsdl:binding name="BasicHttpBinding_IIntegracion" type="tns:IIntegracion">
    <soap:binding transport="http://schemas.xmlsoap.org/soap/http"/>
    <wsdl:operation name="FV_NotificarFacturasExitosas_Seven">
      <soap:operation soapAction="http://tempuri.org/IIntegracion/FV_NotificarFacturasExitosas_Seven" style="document"/>
      <wsdl:input>
        <soap:body use="literal"/>
      </wsdl:input>
      <wsdl:output>
        <soap:body use="literal"/>
      </wsdl:output>
    </wsdl:operation>
    <wsdl:operation name="RegistrarPagoDocumentoRadicadoNotificacionDian">
      <soap:operation soapAction="http://tempuri.org/IIntegracion/RegistrarPagoDocumentoRadicadoNotificacionDian" style="document"/>
      <wsdl:input>
        <soap:body use="literal"/>
      </wsdl:input>
      <wsdl:output>
        <soap:body use="literal"/>
      </wsdl:output>
    </wsdl:operation>
    <wsdl:operation name="SolicitaeBillPDFTAX_GR">
      <soap:operation soapAction="http://tempuri.org/IIntegracion/SolicitaeBillPDFTAX_GR" style="document"/>
      <wsdl:input>
        <soap:body use="literal"/>
      </wsdl:input>
      <wsdl:output>
        <soap:body use="literal"/>
      </wsdl:output>
    </wsdl:operation>
    <wsdl:operation name="SolicitarEventosRecibidosXNitEmisorXDiaRec">
      <soap:operation soapAction="http://tempuri.org/IIntegracion/SolicitarEventosRecibidosXNitEmisorXDiaRec" style="document"/>
      <wsdl:input>
        <soap:body use="literal"/>
      </wsdl:input>
      <wsdl:output>
        <soap:body use="literal"/>
      </wsdl:output>
    </wsdl:operation>
    <wsdl:operation name="AceptacionTacitaDocumentosRadicadosNotificacionDIAN">
      <soap:operation soapAction="http://tempuri.org/IIntegracion/AceptacionTacitaDocumentosRadicadosNotificacionDIAN" style="document"/>
      <wsdl:input>
        <soap:body use="literal"/>
      </wsdl:input>
      <wsdl:output>
        <soap:body use="literal"/>
      </wsdl:output>
    </wsdl:operation>
    <wsdl:operation name="AcuseReciboDocumentosRadicadosNotificacionDIAN">
      <soap:operation soapAction="http://tempuri.org/IIntegracion/AcuseReciboDocumentosRadicadosNotificacionDIAN" style="document"/>
      <wsdl:input>
        <soap:body use="literal"/>
      </wsdl:input>
      <wsdl:output>
        <soap:body use="literal"/>
      </wsdl:output>
    </wsdl:operation>
    <wsdl:operation name="ReciboBienServicioRadicadosNotificacionDIAN">
      <soap:operation soapAction="http://tempuri.org/IIntegracion/ReciboBienServicioRadicadosNotificacionDIAN" style="document"/>
      <wsdl:input>
        <soap:body use="literal"/>
      </wsdl:input>
      <wsdl:output>
        <soap:body use="literal"/>
      </wsdl:output>
    </wsdl:operation>
    <wsdl:operation name="RegistrarIntentoFallidoRecepcion">
      <soap:operation soapAction="http://tempuri.org/IIntegracion/RegistrarIntentoFallidoRecepcion" style="document"/>
      <wsdl:input>
        <soap:body use="literal"/>
      </wsdl:input>
      <wsdl:output>
        <soap:body use="literal"/>
      </wsdl:output>
    </wsdl:operation>
    <wsdl:operation name="RepararDocumentoExitosoDIAN">
      <soap:operation soapAction="http://tempuri.org/IIntegracion/RepararDocumentoExitosoDIAN" style="document"/>
      <wsdl:input>
        <soap:body use="literal"/>
      </wsdl:input>
      <wsdl:output>
        <soap:body use="literal"/>
      </wsdl:output>
    </wsdl:operation>
    <wsdl:operation name="SolicitareBillFacturasRadicadasRecepcionXRango_TerceroPagador">
      <soap:operation soapAction="http://tempuri.org/IIntegracion/SolicitareBillFacturasRadicadasRecepcionXRango_TerceroPagador" style="document"/>
      <wsdl:input>
        <soap:body use="literal"/>
      </wsdl:input>
      <wsdl:output>
        <soap:body use="literal"/>
      </wsdl:output>
    </wsdl:operation>
    <wsdl:operation name="TraerAdjuntosXPrefijoXNumXTipoComp_TerceroPagador">
      <soap:operation soapAction="http://tempuri.org/IIntegracion/TraerAdjuntosXPrefijoXNumXTipoComp_TerceroPagador" style="document"/>
      <wsdl:input>
        <soap:body use="literal"/>
      </wsdl:input>
      <wsdl:output>
        <soap:body use="literal"/>
      </wsdl:output>
    </wsdl:operation>
    <wsdl:operation name="AcuerdoEBillVigente">
      <soap:operation soapAction="http://tempuri.org/IIntegracion/AcuerdoEBillVigente" style="document"/>
      <wsdl:input>
        <soap:body use="literal"/>
      </wsdl:input>
      <wsdl:output>
        <soap:body use="literal"/>
      </wsdl:output>
    </wsdl:operation>
    <wsdl:operation name="CalculoContenidoTecnicoControl">
      <soap:operation soapAction="http://tempuri.org/IIntegracion/CalculoContenidoTecnicoControl" style="document"/>
      <wsdl:input>
        <soap:body use="literal"/>
      </wsdl:input>
      <wsdl:output>
        <soap:body use="literal"/>
      </wsdl:output>
    </wsdl:operation>
    <wsdl:operation name="CargarXML25CoreToeBill">
      <soap:operation soapAction="http://tempuri.org/IIntegracion/CargarXML25CoreToeBill" style="document"/>
      <wsdl:input>
        <soap:body use="literal"/>
      </wsdl:input>
      <wsdl:output>
        <soap:body use="literal"/>
      </wsdl:output>
    </wsdl:operation>
    <wsdl:operation name="CargarFacturasToeBillGeneric">
      <soap:operation soapAction="http://tempuri.org/IIntegracion/CargarFacturasToeBillGeneric" style="document"/>
      <wsdl:input>
        <soap:body use="literal"/>
      </wsdl:input>
      <wsdl:output>
        <soap:body use="literal"/>
      </wsdl:output>
    </wsdl:operation>
    <wsdl:operation name="CargarFacturasToeBillGenericFix">
      <soap:operation soapAction="http://tempuri.org/IIntegracion/CargarFacturasToeBillGenericFix" style="document"/>
      <wsdl:input>
        <soap:body use="literal"/>
      </wsdl:input>
      <wsdl:output>
        <soap:body use="literal"/>
      </wsdl:output>
    </wsdl:operation>
    <wsdl:operation name="CargarNotasToeBillGeneric">
      <soap:operation soapAction="http://tempuri.org/IIntegracion/CargarNotasToeBillGeneric" style="document"/>
      <wsdl:input>
        <soap:body use="literal"/>
      </wsdl:input>
      <wsdl:output>
        <soap:body use="literal"/>
      </wsdl:output>
    </wsdl:operation>
    <wsdl:operation name="CargarFacturasToeBillGenericTAX">
      <soap:operation soapAction="http://tempuri.org/IIntegracion/CargarFacturasToeBillGenericTAX" style="document"/>
      <wsdl:input>
        <soap:body use="literal"/>
      </wsdl:input>
      <wsdl:output>
        <soap:body use="literal"/>
      </wsdl:output>
    </wsdl:operation>
    <wsdl:operation name="CargarNotasToeBillGenericTAX">
      <soap:operation soapAction="http://tempuri.org/IIntegracion/CargarNotasToeBillGenericTAX" style="document"/>
      <wsdl:input>
        <soap:body use="literal"/>
      </wsdl:input>
      <wsdl:output>
        <soap:body use="literal"/>
      </wsdl:output>
    </wsdl:operation>
    <wsdl:operation name="RecibePDFNumrot">
      <soap:operation soapAction="http://tempuri.org/IIntegracion/RecibePDFNumrot" style="document"/>
      <wsdl:input>
        <soap:body use="literal"/>
      </wsdl:input>
      <wsdl:output>
        <soap:body use="literal"/>
      </wsdl:output>
    </wsdl:operation>
    <wsdl:operation name="SolicitaeBillPDF">
      <soap:operation soapAction="http://tempuri.org/IIntegracion/SolicitaeBillPDF" style="document"/>
      <wsdl:input>
        <soap:body use="literal"/>
      </wsdl:input>
      <wsdl:output>
        <soap:body use="literal"/>
      </wsdl:output>
    </wsdl:operation>
    <wsdl:operation name="SolicitaeBillPDFTAX">
      <soap:operation soapAction="http://tempuri.org/IIntegracion/SolicitaeBillPDFTAX" style="document"/>
      <wsdl:input>
        <soap:body use="literal"/>
      </wsdl:input>
      <wsdl:output>
        <soap:body use="literal"/>
      </wsdl:output>
    </wsdl:operation>
    <wsdl:operation name="NotificarFacturasPagadas">
      <soap:operation soapAction="http://tempuri.org/IIntegracion/NotificarFacturasPagadas" style="document"/>
      <wsdl:input>
        <soap:body use="literal"/>
      </wsdl:input>
      <wsdl:output>
        <soap:body use="literal"/>
      </wsdl:output>
    </wsdl:operation>
    <wsdl:operation name="NotificarFacturasPagadasTAX">
      <soap:operation soapAction="http://tempuri.org/IIntegracion/NotificarFacturasPagadasTAX" style="document"/>
      <wsdl:input>
        <soap:body use="literal"/>
      </wsdl:input>
      <wsdl:output>
        <soap:body use="literal"/>
      </wsdl:output>
    </wsdl:operation>
    <wsdl:operation name="NotificarFacturasAnuladasTAX">
      <soap:operation soapAction="http://tempuri.org/IIntegracion/NotificarFacturasAnuladasTAX" style="document"/>
      <wsdl:input>
        <soap:body use="literal"/>
      </wsdl:input>
      <wsdl:output>
        <soap:body use="literal"/>
      </wsdl:output>
    </wsdl:operation>
    <wsdl:operation name="CargarDocumentosElectronicosToeBillGenericTAX">
      <soap:operation soapAction="http://tempuri.org/IIntegracion/CargarDocumentosElectronicosToeBillGenericTAX" style="document"/>
      <wsdl:input>
        <soap:body use="literal"/>
      </wsdl:input>
      <wsdl:output>
        <soap:body use="literal"/>
      </wsdl:output>
    </wsdl:operation>
    <wsdl:operation name="CargarDocumentosElectronicosToeBillGenericFULL">
      <soap:operation soapAction="http://tempuri.org/IIntegracion/CargarDocumentosElectronicosToeBillGenericFULL" style="document"/>
      <wsdl:input>
        <soap:body use="literal"/>
      </wsdl:input>
      <wsdl:output>
        <soap:body use="literal"/>
      </wsdl:output>
    </wsdl:operation>
    <wsdl:operation name="SolicitaDatosDocumentoElectronico">
      <soap:operation soapAction="http://tempuri.org/IIntegracion/SolicitaDatosDocumentoElectronico" style="document"/>
      <wsdl:input>
        <soap:body use="literal"/>
      </wsdl:input>
      <wsdl:output>
        <soap:body use="literal"/>
      </wsdl:output>
    </wsdl:operation>
    <wsdl:operation name="SolicitaeBillPDFXCodigo">
      <soap:operation soapAction="http://tempuri.org/IIntegracion/SolicitaeBillPDFXCodigo" style="document"/>
      <wsdl:input>
        <soap:body use="literal"/>
      </wsdl:input>
      <wsdl:output>
        <soap:body use="literal"/>
      </wsdl:output>
    </wsdl:operation>
    <wsdl:operation name="CargarPDFDocumentoElectronico">
      <soap:operation soapAction="http://tempuri.org/IIntegracion/CargarPDFDocumentoElectronico" style="document"/>
      <wsdl:input>
        <soap:body use="literal"/>
      </wsdl:input>
      <wsdl:output>
        <soap:body use="literal"/>
      </wsdl:output>
    </wsdl:operation>
    <wsdl:operation name="CargarDocumentosElectronicosToeBillGenericFULLDesdePDF">
      <soap:operation soapAction="http://tempuri.org/IIntegracion/CargarDocumentosElectronicosToeBillGenericFULLDesdePDF" style="document"/>
      <wsdl:input>
        <soap:body use="literal"/>
      </wsdl:input>
      <wsdl:output>
        <soap:body use="literal"/>
      </wsdl:output>
    </wsdl:operation>
    <wsdl:operation name="CargarNotaDesdeFacturaToeBill">
      <soap:operation soapAction="http://tempuri.org/IIntegracion/CargarNotaDesdeFacturaToeBill" style="document"/>
      <wsdl:input>
        <soap:body use="literal"/>
      </wsdl:input>
      <wsdl:output>
        <soap:body use="literal"/>
      </wsdl:output>
    </wsdl:operation>
    <wsdl:operation name="TraerEstadoCuentaXCliente">
      <soap:operation soapAction="http://tempuri.org/IIntegracion/TraerEstadoCuentaXCliente" style="document"/>
      <wsdl:input>
        <soap:body use="literal"/>
      </wsdl:input>
      <wsdl:output>
        <soap:body use="literal"/>
      </wsdl:output>
    </wsdl:operation>
    <wsdl:operation name="CargarDocumentosElectronicosToeBillGenericFULLImp">
      <soap:operation soapAction="http://tempuri.org/IIntegracion/CargarDocumentosElectronicosToeBillGenericFULLImp" style="document"/>
      <wsdl:input>
        <soap:body use="literal"/>
      </wsdl:input>
      <wsdl:output>
        <soap:body use="literal"/>
      </wsdl:output>
    </wsdl:operation>
    <wsdl:operation name="RecepcionDocumentosElectronicos">
      <soap:operation soapAction="http://tempuri.org/IIntegracion/RecepcionDocumentosElectronicos" style="document"/>
      <wsdl:input>
        <soap:body use="literal"/>
      </wsdl:input>
      <wsdl:output>
        <soap:body use="literal"/>
      </wsdl:output>
    </wsdl:operation>
    <wsdl:operation name="SolicitareBillFacturasRadicadasRecepcion">
      <soap:operation soapAction="http://tempuri.org/IIntegracion/SolicitareBillFacturasRadicadasRecepcion" style="document"/>
      <wsdl:input>
        <soap:body use="literal"/>
      </wsdl:input>
      <wsdl:output>
        <soap:body use="literal"/>
      </wsdl:output>
    </wsdl:operation>
    <wsdl:operation name="SolicitaeBillPDFRecepcion">
      <soap:operation soapAction="http://tempuri.org/IIntegracion/SolicitaeBillPDFRecepcion" style="document"/>
      <wsdl:input>
        <soap:body use="literal"/>
      </wsdl:input>
      <wsdl:output>
        <soap:body use="literal"/>
      </wsdl:output>
    </wsdl:operation>
    <wsdl:operation name="SolicitaeBillPDFRecepcion_TerceroPagador">
      <soap:operation soapAction="http://tempuri.org/IIntegracion/SolicitaeBillPDFRecepcion_TerceroPagador" style="document"/>
      <wsdl:input>
        <soap:body use="literal"/>
      </wsdl:input>
      <wsdl:output>
        <soap:body use="literal"/>
      </wsdl:output>
    </wsdl:operation>
    <wsdl:operation name="SolicitaCreareBillResoluciones">
      <soap:operation soapAction="http://tempuri.org/IIntegracion/SolicitaCreareBillResoluciones" style="document"/>
      <wsdl:input>
        <soap:body use="literal"/>
      </wsdl:input>
      <wsdl:output>
        <soap:body use="literal"/>
      </wsdl:output>
    </wsdl:operation>
    <wsdl:operation name="CargarDocumentosElectronicosToeBillGenericFULLPDFCUFE">
      <soap:operation soapAction="http://tempuri.org/IIntegracion/CargarDocumentosElectronicosToeBillGenericFULLPDFCUFE" style="document"/>
      <wsdl:input>
        <soap:body use="literal"/>
      </wsdl:input>
      <wsdl:output>
        <soap:body use="literal"/>
      </wsdl:output>
    </wsdl:operation>
    <wsdl:operation name="ActualizarEstadosOCRecepcion">
      <soap:operation soapAction="http://tempuri.org/IIntegracion/ActualizarEstadosOCRecepcion" style="document"/>
      <wsdl:input>
        <soap:body use="literal"/>
      </wsdl:input>
      <wsdl:output>
        <soap:body use="literal"/>
      </wsdl:output>
    </wsdl:operation>
    <wsdl:operation name="CargarDocumentosElectronicosToeBillGenericFULLFacturaMinimaLegal">
      <soap:operation soapAction="http://tempuri.org/IIntegracion/CargarDocumentosElectronicosToeBillGenericFULLFacturaMinimaLegal" style="document"/>
      <wsdl:input>
        <soap:body use="literal"/>
      </wsdl:input>
      <wsdl:output>
        <soap:body use="literal"/>
      </wsdl:output>
    </wsdl:operation>
    <wsdl:operation name="RechazarDocumentosRadicados">
      <soap:operation soapAction="http://tempuri.org/IIntegracion/RechazarDocumentosRadicados" style="document"/>
      <wsdl:input>
        <soap:body use="literal"/>
      </wsdl:input>
      <wsdl:output>
        <soap:body use="literal"/>
      </wsdl:output>
    </wsdl:operation>
    <wsdl:operation name="RechazarDocumentosRadicadosNotificacionDIAN">
      <soap:operation soapAction="http://tempuri.org/IIntegracion/RechazarDocumentosRadicadosNotificacionDIAN" style="document"/>
      <wsdl:input>
        <soap:body use="literal"/>
      </wsdl:input>
      <wsdl:output>
        <soap:body use="literal"/>
      </wsdl:output>
    </wsdl:operation>
    <wsdl:operation name="AceptarDocumentosRadicadosNotificacionDIAN">
      <soap:operation soapAction="http://tempuri.org/IIntegracion/AceptarDocumentosRadicadosNotificacionDIAN" style="document"/>
      <wsdl:input>
        <soap:body use="literal"/>
      </wsdl:input>
      <wsdl:output>
        <soap:body use="literal"/>
      </wsdl:output>
    </wsdl:operation>
    <wsdl:operation name="SolicitaeBillPDFTAXLong">
      <soap:operation soapAction="http://tempuri.org/IIntegracion/SolicitaeBillPDFTAXLong" style="document"/>
      <wsdl:input>
        <soap:body use="literal"/>
      </wsdl:input>
      <wsdl:output>
        <soap:body use="literal"/>
      </wsdl:output>
    </wsdl:operation>
    <wsdl:operation name="CrearProveedoreseBill">
      <soap:operation soapAction="http://tempuri.org/IIntegracion/CrearProveedoreseBill" style="document"/>
      <wsdl:input>
        <soap:body use="literal"/>
      </wsdl:input>
      <wsdl:output>
        <soap:body use="literal"/>
      </wsdl:output>
    </wsdl:operation>
    <wsdl:operation name="LoginProveedorTecnologico">
      <soap:operation soapAction="http://tempuri.org/IIntegracion/LoginProveedorTecnologico" style="document"/>
      <wsdl:input>
        <soap:body use="literal"/>
      </wsdl:input>
      <wsdl:output>
        <soap:body use="literal"/>
      </wsdl:output>
    </wsdl:operation>
    <wsdl:operation name="TraerDatosProveedorFTP">
      <soap:operation soapAction="http://tempuri.org/IIntegracion/TraerDatosProveedorFTP" style="document"/>
      <wsdl:input>
        <soap:body use="literal"/>
      </wsdl:input>
      <wsdl:output>
        <soap:body use="literal"/>
      </wsdl:output>
    </wsdl:operation>
    <wsdl:operation name="HistorialRadicacion">
      <soap:operation soapAction="http://tempuri.org/IIntegracion/HistorialRadicacion" style="document"/>
      <wsdl:input>
        <soap:body use="literal"/>
      </wsdl:input>
      <wsdl:output>
        <soap:body use="literal"/>
      </wsdl:output>
    </wsdl:operation>
    <wsdl:operation name="ExisteConvenioEmpresas">
      <soap:operation soapAction="http://tempuri.org/IIntegracion/ExisteConvenioEmpresas" style="document"/>
      <wsdl:input>
        <soap:body use="literal"/>
      </wsdl:input>
      <wsdl:output>
        <soap:body use="literal"/>
      </wsdl:output>
    </wsdl:operation>
    <wsdl:operation name="ConsultaResolucionesDIAN">
      <soap:operation soapAction="http://tempuri.org/IIntegracion/ConsultaResolucionesDIAN" style="document"/>
      <wsdl:input>
        <soap:body use="literal"/>
      </wsdl:input>
      <wsdl:output>
        <soap:body use="literal"/>
      </wsdl:output>
    </wsdl:operation>
    <wsdl:operation name="SolicitareBillFacturasRadicadasRecepcionXEstado">
      <soap:operation soapAction="http://tempuri.org/IIntegracion/SolicitareBillFacturasRadicadasRecepcionXEstado" style="document"/>
      <wsdl:input>
        <soap:body use="literal"/>
      </wsdl:input>
      <wsdl:output>
        <soap:body use="literal"/>
      </wsdl:output>
    </wsdl:operation>
    <wsdl:operation name="ActualizarEstadoFacturasRadicadasRecepcion">
      <soap:operation soapAction="http://tempuri.org/IIntegracion/ActualizarEstadoFacturasRadicadasRecepcion" style="document"/>
      <wsdl:input>
        <soap:body use="literal"/>
      </wsdl:input>
      <wsdl:output>
        <soap:body use="literal"/>
      </wsdl:output>
    </wsdl:operation>
    <wsdl:operation name="CrearEmpresaeBill">
      <soap:operation soapAction="http://tempuri.org/IIntegracion/CrearEmpresaeBill" style="document"/>
      <wsdl:input>
        <soap:body use="literal"/>
      </wsdl:input>
      <wsdl:output>
        <soap:body use="literal"/>
      </wsdl:output>
    </wsdl:operation>
    <wsdl:operation name="SolicitaDatosDetalleXDocumento">
      <soap:operation soapAction="http://tempuri.org/IIntegracion/SolicitaDatosDetalleXDocumento" style="document"/>
      <wsdl:input>
        <soap:body use="literal"/>
      </wsdl:input>
      <wsdl:output>
        <soap:body use="literal"/>
      </wsdl:output>
    </wsdl:operation>
    <wsdl:operation name="SolicitaParametrosGestionDocumental">
      <soap:operation soapAction="http://tempuri.org/IIntegracion/SolicitaParametrosGestionDocumental" style="document"/>
      <wsdl:input>
        <soap:body use="literal"/>
      </wsdl:input>
      <wsdl:output>
        <soap:body use="literal"/>
      </wsdl:output>
    </wsdl:operation>
    <wsdl:operation name="ObtenerParametroCliente">
      <soap:operation soapAction="http://tempuri.org/IIntegracion/ObtenerParametroCliente" style="document"/>
      <wsdl:input>
        <soap:body use="literal"/>
      </wsdl:input>
      <wsdl:output>
        <soap:body use="literal"/>
      </wsdl:output>
    </wsdl:operation>
    <wsdl:operation name="ActualizarFechaParametro">
      <soap:operation soapAction="http://tempuri.org/IIntegracion/ActualizarFechaParametro" style="document"/>
      <wsdl:input>
        <soap:body use="literal"/>
      </wsdl:input>
      <wsdl:output>
        <soap:body use="literal"/>
      </wsdl:output>
    </wsdl:operation>
    <wsdl:operation name="ConsultaDatosDocumentosEmitidos">
      <soap:operation soapAction="http://tempuri.org/IIntegracion/ConsultaDatosDocumentosEmitidos" style="document"/>
      <wsdl:input>
        <soap:body use="literal"/>
      </wsdl:input>
      <wsdl:output>
        <soap:body use="literal"/>
      </wsdl:output>
    </wsdl:operation>
    <wsdl:operation name="TraerDatosProveedorTecnologico">
      <soap:operation soapAction="http://tempuri.org/IIntegracion/TraerDatosProveedorTecnologico" style="document"/>
      <wsdl:input>
        <soap:body use="literal"/>
      </wsdl:input>
      <wsdl:output>
        <soap:body use="literal"/>
      </wsdl:output>
    </wsdl:operation>
    <wsdl:operation name="TraerDatosEmpresasEmisoras">
      <soap:operation soapAction="http://tempuri.org/IIntegracion/TraerDatosEmpresasEmisoras" style="document"/>
      <wsdl:input>
        <soap:body use="literal"/>
      </wsdl:input>
      <wsdl:output>
        <soap:body use="literal"/>
      </wsdl:output>
    </wsdl:operation>
    <wsdl:operation name="TraerDocumentosEmision">
      <soap:operation soapAction="http://tempuri.org/IIntegracion/TraerDocumentosEmision" style="document"/>
      <wsdl:input>
        <soap:body use="literal"/>
      </wsdl:input>
      <wsdl:output>
        <soap:body use="literal"/>
      </wsdl:output>
    </wsdl:operation>
    <wsdl:operation name="TraerAdjuntosXDocumento">
      <soap:operation soapAction="http://tempuri.org/IIntegracion/TraerAdjuntosXDocumento" style="document"/>
      <wsdl:input>
        <soap:body use="literal"/>
      </wsdl:input>
      <wsdl:output>
        <soap:body use="literal"/>
      </wsdl:output>
    </wsdl:operation>
    <wsdl:operation name="CambiarContrasenaInteroperabilidad">
      <soap:operation soapAction="http://tempuri.org/IIntegracion/CambiarContrasenaInteroperabilidad" style="document"/>
      <wsdl:input>
        <soap:body use="literal"/>
      </wsdl:input>
      <wsdl:output>
        <soap:body use="literal"/>
      </wsdl:output>
    </wsdl:operation>
    <wsdl:operation name="RegistroArchivoEmitido">
      <soap:operation soapAction="http://tempuri.org/IIntegracion/RegistroArchivoEmitido" style="document"/>
      <wsdl:input>
        <soap:body use="literal"/>
      </wsdl:input>
      <wsdl:output>
        <soap:body use="literal"/>
      </wsdl:output>
    </wsdl:operation>
    <wsdl:operation name="ValidaXML">
      <soap:operation soapAction="http://tempuri.org/IIntegracion/ValidaXML" style="document"/>
      <wsdl:input>
        <soap:body use="literal"/>
      </wsdl:input>
      <wsdl:output>
        <soap:body use="literal"/>
      </wsdl:output>
    </wsdl:operation>
    <wsdl:operation name="EmpresaRecibeInteroperabilidad">
      <soap:operation soapAction="http://tempuri.org/IIntegracion/EmpresaRecibeInteroperabilidad" style="document"/>
      <wsdl:input>
        <soap:body use="literal"/>
      </wsdl:input>
      <wsdl:output>
        <soap:body use="literal"/>
      </wsdl:output>
    </wsdl:operation>
    <wsdl:operation name="RegistroRespuestaDocInteroperabilidad">
      <soap:operation soapAction="http://tempuri.org/IIntegracion/RegistroRespuestaDocInteroperabilidad" style="document"/>
      <wsdl:input>
        <soap:body use="literal"/>
      </wsdl:input>
      <wsdl:output>
        <soap:body use="literal"/>
      </wsdl:output>
    </wsdl:operation>
    <wsdl:operation name="ConsultaHistoricoEstadosDocumentoRecibidoIO">
      <soap:operation soapAction="http://tempuri.org/IIntegracion/ConsultaHistoricoEstadosDocumentoRecibidoIO" style="document"/>
      <wsdl:input>
        <soap:body use="literal"/>
      </wsdl:input>
      <wsdl:output>
        <soap:body use="literal"/>
      </wsdl:output>
    </wsdl:operation>
    <wsdl:operation name="ConsultarAppResponseDocumentoRecibido">
      <soap:operation soapAction="http://tempuri.org/IIntegracion/ConsultarAppResponseDocumentoRecibido" style="document"/>
      <wsdl:input>
        <soap:body use="literal"/>
      </wsdl:input>
      <wsdl:output>
        <soap:body use="literal"/>
      </wsdl:output>
    </wsdl:operation>
    <wsdl:operation name="TraerDocumentosSinRespuestaIO">
      <soap:operation soapAction="http://tempuri.org/IIntegracion/TraerDocumentosSinRespuestaIO" style="document"/>
      <wsdl:input>
        <soap:body use="literal"/>
      </wsdl:input>
      <wsdl:output>
        <soap:body use="literal"/>
      </wsdl:output>
    </wsdl:operation>
    <wsdl:operation name="ValidaRespuestaRecepcion">
      <soap:operation soapAction="http://tempuri.org/IIntegracion/ValidaRespuestaRecepcion" style="document"/>
      <wsdl:input>
        <soap:body use="literal"/>
      </wsdl:input>
      <wsdl:output>
        <soap:body use="literal"/>
      </wsdl:output>
    </wsdl:operation>
    <wsdl:operation name="SolicitareBillFacturasRadicadasRecepcionXRango">
      <soap:operation soapAction="http://tempuri.org/IIntegracion/SolicitareBillFacturasRadicadasRecepcionXRango" style="document"/>
      <wsdl:input>
        <soap:body use="literal"/>
      </wsdl:input>
      <wsdl:output>
        <soap:body use="literal"/>
      </wsdl:output>
    </wsdl:operation>
    <wsdl:operation name="ActualizaEstadoNotificadoDocumentosIO">
      <soap:operation soapAction="http://tempuri.org/IIntegracion/ActualizaEstadoNotificadoDocumentosIO" style="document"/>
      <wsdl:input>
        <soap:body use="literal"/>
      </wsdl:input>
      <wsdl:output>
        <soap:body use="literal"/>
      </wsdl:output>
    </wsdl:operation>
    <wsdl:operation name="EnviarDocumentoElectronico">
      <soap:operation soapAction="http://tempuri.org/IIntegracion/EnviarDocumentoElectronico" style="document"/>
      <wsdl:input>
        <soap:body use="literal"/>
      </wsdl:input>
      <wsdl:output>
        <soap:body use="literal"/>
      </wsdl:output>
    </wsdl:operation>
    <wsdl:operation name="TraerDocumentosRecepcionxNuevosEstados">
      <soap:operation soapAction="http://tempuri.org/IIntegracion/TraerDocumentosRecepcionxNuevosEstados" style="document"/>
      <wsdl:input>
        <soap:body use="literal"/>
      </wsdl:input>
      <wsdl:output>
        <soap:body use="literal"/>
      </wsdl:output>
    </wsdl:operation>
    <wsdl:operation name="RegistrarPagoCargaAnexo">
      <soap:operation soapAction="http://tempuri.org/IIntegracion/RegistrarPagoCargaAnexo" style="document"/>
      <wsdl:input>
        <soap:body use="literal"/>
      </wsdl:input>
      <wsdl:output>
        <soap:body use="literal"/>
      </wsdl:output>
    </wsdl:operation>
    <wsdl:operation name="ActualizarDocumentosDatoContabilzacion">
      <soap:operation soapAction="http://tempuri.org/IIntegracion/ActualizarDocumentosDatoContabilzacion" style="document"/>
      <wsdl:input>
        <soap:body use="literal"/>
      </wsdl:input>
      <wsdl:output>
        <soap:body use="literal"/>
      </wsdl:output>
    </wsdl:operation>
    <wsdl:operation name="ConsultaIdentificadorFacturaXOrderID">
      <soap:operation soapAction="http://tempuri.org/IIntegracion/ConsultaIdentificadorFacturaXOrderID" style="document"/>
      <wsdl:input>
        <soap:body use="literal"/>
      </wsdl:input>
      <wsdl:output>
        <soap:body use="literal"/>
      </wsdl:output>
    </wsdl:operation>
    <wsdl:operation name="FV_TraerDocumentosPendientesDeEnvioxEmpresaxFecha">
      <soap:operation soapAction="http://tempuri.org/IIntegracion/FV_TraerDocumentosPendientesDeEnvioxEmpresaxFecha" style="document"/>
      <wsdl:input>
        <soap:body use="literal"/>
      </wsdl:input>
      <wsdl:output>
        <soap:body use="literal"/>
      </wsdl:output>
    </wsdl:operation>
    <wsdl:operation name="FV_TraerXMLDocumento">
      <soap:operation soapAction="http://tempuri.org/IIntegracion/FV_TraerXMLDocumento" style="document"/>
      <wsdl:input>
        <soap:body use="literal"/>
      </wsdl:input>
      <wsdl:output>
        <soap:body use="literal"/>
      </wsdl:output>
    </wsdl:operation>
    <wsdl:operation name="FV_TraerDatosEmpesasEmisorasConDFEPendientesDeEnvio">
      <soap:operation soapAction="http://tempuri.org/IIntegracion/FV_TraerDatosEmpesasEmisorasConDFEPendientesDeEnvio" style="document"/>
      <wsdl:input>
        <soap:body use="literal"/>
      </wsdl:input>
      <wsdl:output>
        <soap:body use="literal"/>
      </wsdl:output>
    </wsdl:operation>
    <wsdl:operation name="FV_RegistroRespuestaDocEmitido">
      <soap:operation soapAction="http://tempuri.org/IIntegracion/FV_RegistroRespuestaDocEmitido" style="document"/>
      <wsdl:input>
        <soap:body use="literal"/>
      </wsdl:input>
      <wsdl:output>
        <soap:body use="literal"/>
      </wsdl:output>
    </wsdl:operation>
    <wsdl:operation name="ConsultaDatosDocumentosRecibidos">
      <soap:operation soapAction="http://tempuri.org/IIntegracion/ConsultaDatosDocumentosRecibidos" style="document"/>
      <wsdl:input>
        <soap:body use="literal"/>
      </wsdl:input>
      <wsdl:output>
        <soap:body use="literal"/>
      </wsdl:output>
    </wsdl:operation>
    <wsdl:operation name="ConsultaDatosDocumentosRecibidos_TerceroPagador">
      <soap:operation soapAction="http://tempuri.org/IIntegracion/ConsultaDatosDocumentosRecibidos_TerceroPagador" style="document"/>
      <wsdl:input>
        <soap:body use="literal"/>
      </wsdl:input>
      <wsdl:output>
        <soap:body use="literal"/>
      </wsdl:output>
    </wsdl:operation>
    <wsdl:operation name="AgregaQRToPDFDocumentoElectronico">
      <soap:operation soapAction="http://tempuri.org/IIntegracion/AgregaQRToPDFDocumentoElectronico" style="document"/>
      <wsdl:input>
        <soap:body use="literal"/>
      </wsdl:input>
      <wsdl:output>
        <soap:body use="literal"/>
      </wsdl:output>
    </wsdl:operation>
    <wsdl:operation name="TraerCertificadoDigital">
      <soap:operation soapAction="http://tempuri.org/IIntegracion/TraerCertificadoDigital" style="document"/>
      <wsdl:input>
        <soap:body use="literal"/>
      </wsdl:input>
      <wsdl:output>
        <soap:body use="literal"/>
      </wsdl:output>
    </wsdl:operation>
    <wsdl:operation name="SolicitaDatosDocumentoElectronicoQWS">
      <soap:operation soapAction="http://tempuri.org/IIntegracion/SolicitaDatosDocumentoElectronicoQWS" style="document"/>
      <wsdl:input>
        <soap:body use="literal"/>
      </wsdl:input>
      <wsdl:output>
        <soap:body use="literal"/>
      </wsdl:output>
    </wsdl:operation>
    <wsdl:operation name="FV_TraerDatosEmpresasNotificar">
      <soap:operation soapAction="http://tempuri.org/IIntegracion/FV_TraerDatosEmpresasNotificar" style="document"/>
      <wsdl:input>
        <soap:body use="literal"/>
      </wsdl:input>
      <wsdl:output>
        <soap:body use="literal"/>
      </wsdl:output>
    </wsdl:operation>
    <wsdl:operation name="TraerDatosEmpresasNotificar">
      <soap:operation soapAction="http://tempuri.org/IIntegracion/TraerDatosEmpresasNotificar" style="document"/>
      <wsdl:input>
        <soap:body use="literal"/>
      </wsdl:input>
      <wsdl:output>
        <soap:body use="literal"/>
      </wsdl:output>
    </wsdl:operation>
    <wsdl:operation name="FV_TraerDocumentosPendientesNotificar">
      <soap:operation soapAction="http://tempuri.org/IIntegracion/FV_TraerDocumentosPendientesNotificar" style="document"/>
      <wsdl:input>
        <soap:body use="literal"/>
      </wsdl:input>
      <wsdl:output>
        <soap:body use="literal"/>
      </wsdl:output>
    </wsdl:operation>
    <wsdl:operation name="FV_TraerDocumentosPendientesNotificar_Otros">
      <soap:operation soapAction="http://tempuri.org/IIntegracion/FV_TraerDocumentosPendientesNotificar_Otros" style="document"/>
      <wsdl:input>
        <soap:body use="literal"/>
      </wsdl:input>
      <wsdl:output>
        <soap:body use="literal"/>
      </wsdl:output>
    </wsdl:operation>
    <wsdl:operation name="TraerDocumentosPendientesNotificar">
      <soap:operation soapAction="http://tempuri.org/IIntegracion/TraerDocumentosPendientesNotificar" style="document"/>
      <wsdl:input>
        <soap:body use="literal"/>
      </wsdl:input>
      <wsdl:output>
        <soap:body use="literal"/>
      </wsdl:output>
    </wsdl:operation>
    <wsdl:operation name="SolicitareBillFacturasRadicadasRecepcionXNitRecXDiaRec">
      <soap:operation soapAction="http://tempuri.org/IIntegracion/SolicitareBillFacturasRadicadasRecepcionXNitRecXDiaRec" style="document"/>
      <wsdl:input>
        <soap:body use="literal"/>
      </wsdl:input>
      <wsdl:output>
        <soap:body use="literal"/>
      </wsdl:output>
    </wsdl:operation>
    <wsdl:operation name="SolicitareBillFacturasRadicadasRecepcionXNitRecXDiaRec_TerceroPagador">
      <soap:operation soapAction="http://tempuri.org/IIntegracion/SolicitareBillFacturasRadicadasRecepcionXNitRecXDiaRec_TerceroPagador" style="document"/>
      <wsdl:input>
        <soap:body use="literal"/>
      </wsdl:input>
      <wsdl:output>
        <soap:body use="literal"/>
      </wsdl:output>
    </wsdl:operation>
    <wsdl:operation name="FV_NotificarDocumentoCliente">
      <soap:operation soapAction="http://tempuri.org/IIntegracion/FV_NotificarDocumentoCliente" style="document"/>
      <wsdl:input>
        <soap:body use="literal"/>
      </wsdl:input>
      <wsdl:output>
        <soap:body use="literal"/>
      </wsdl:output>
    </wsdl:operation>
    <wsdl:operation name="FV_ValidacionXML_DIAN">
      <soap:operation soapAction="http://tempuri.org/IIntegracion/FV_ValidacionXML_DIAN" style="document"/>
      <wsdl:input>
        <soap:body use="literal"/>
      </wsdl:input>
      <wsdl:output>
        <soap:body use="literal"/>
      </wsdl:output>
    </wsdl:operation>
    <wsdl:operation name="FV_CargarDocumentosElectronicosToeBillGenericFULLPDFCUFE">
      <soap:operation soapAction="http://tempuri.org/IIntegracion/FV_CargarDocumentosElectronicosToeBillGenericFULLPDFCUFE" style="document"/>
      <wsdl:input>
        <soap:body use="literal"/>
      </wsdl:input>
      <wsdl:output>
        <soap:body use="literal"/>
      </wsdl:output>
    </wsdl:operation>
    <wsdl:operation name="FV_CargarDocumentosElectronicosToeBillGenericFULL">
      <soap:operation soapAction="http://tempuri.org/IIntegracion/FV_CargarDocumentosElectronicosToeBillGenericFULL" style="document"/>
      <wsdl:input>
        <soap:body use="literal"/>
      </wsdl:input>
      <wsdl:output>
        <soap:body use="literal"/>
      </wsdl:output>
    </wsdl:operation>
    <wsdl:operation name="TraerAdjuntosXPrefijoXNumXTipoComp">
      <soap:operation soapAction="http://tempuri.org/IIntegracion/TraerAdjuntosXPrefijoXNumXTipoComp" style="document"/>
      <wsdl:input>
        <soap:body use="literal"/>
      </wsdl:input>
      <wsdl:output>
        <soap:body use="literal"/>
      </wsdl:output>
    </wsdl:operation>
    <wsdl:operation name="FV_TraerPaquetesEmitidosPendientesDeStatusDian">
      <soap:operation soapAction="http://tempuri.org/IIntegracion/FV_TraerPaquetesEmitidosPendientesDeStatusDian" style="document"/>
      <wsdl:input>
        <soap:body use="literal"/>
      </wsdl:input>
      <wsdl:output>
        <soap:body use="literal"/>
      </wsdl:output>
    </wsdl:operation>
    <wsdl:operation name="FV_RegistroPaqueteEmitido">
      <soap:operation soapAction="http://tempuri.org/IIntegracion/FV_RegistroPaqueteEmitido" style="document"/>
      <wsdl:input>
        <soap:body use="literal"/>
      </wsdl:input>
      <wsdl:output>
        <soap:body use="literal"/>
      </wsdl:output>
    </wsdl:operation>
    <wsdl:operation name="FV_CargarDocumentosElectronicosToeBillTxN">
      <soap:operation soapAction="http://tempuri.org/IIntegracion/FV_CargarDocumentosElectronicosToeBillTxN" style="document"/>
      <wsdl:input>
        <soap:body use="literal"/>
      </wsdl:input>
      <wsdl:output>
        <soap:body use="literal"/>
      </wsdl:output>
    </wsdl:operation>
    <wsdl:operation name="FV_CargarDocumentosElectronicosToeBillTxA">
      <soap:operation soapAction="http://tempuri.org/IIntegracion/FV_CargarDocumentosElectronicosToeBillTxA" style="document"/>
      <wsdl:input>
        <soap:body use="literal"/>
      </wsdl:input>
      <wsdl:output>
        <soap:body use="literal"/>
      </wsdl:output>
    </wsdl:operation>
    <wsdl:operation name="FV_RegistroEstadoPaqueteEmitido">
      <soap:operation soapAction="http://tempuri.org/IIntegracion/FV_RegistroEstadoPaqueteEmitido" style="document"/>
      <wsdl:input>
        <soap:body use="literal"/>
      </wsdl:input>
      <wsdl:output>
        <soap:body use="literal"/>
      </wsdl:output>
    </wsdl:operation>
    <wsdl:operation name="FV_EnviarDocumentoaDIAN">
      <soap:operation soapAction="http://tempuri.org/IIntegracion/FV_EnviarDocumentoaDIAN" style="document"/>
      <wsdl:input>
        <soap:body use="literal"/>
      </wsdl:input>
      <wsdl:output>
        <soap:body use="literal"/>
      </wsdl:output>
    </wsdl:operation>
    <wsdl:operation name="FV_EnviarDocumentoaDIAN_Contingencia">
      <soap:operation soapAction="http://tempuri.org/IIntegracion/FV_EnviarDocumentoaDIAN_Contingencia" style="document"/>
      <wsdl:input>
        <soap:body use="literal"/>
      </wsdl:input>
      <wsdl:output>
        <soap:body use="literal"/>
      </wsdl:output>
    </wsdl:operation>
    <wsdl:operation name="FV_LiberarDocumentosEstadoProcesamiento">
      <soap:operation soapAction="http://tempuri.org/IIntegracion/FV_LiberarDocumentosEstadoProcesamiento" style="document"/>
      <wsdl:input>
        <soap:body use="literal"/>
      </wsdl:input>
      <wsdl:output>
        <soap:body use="literal"/>
      </wsdl:output>
    </wsdl:operation>
    <wsdl:operation name="FV_LiberarPaquetesEstadoProcesamiento">
      <soap:operation soapAction="http://tempuri.org/IIntegracion/FV_LiberarPaquetesEstadoProcesamiento" style="document"/>
      <wsdl:input>
        <soap:body use="literal"/>
      </wsdl:input>
      <wsdl:output>
        <soap:body use="literal"/>
      </wsdl:output>
    </wsdl:operation>
    <wsdl:operation name="FV_LiberarDocsEmitidosEstadoProcesamiento">
      <soap:operation soapAction="http://tempuri.org/IIntegracion/FV_LiberarDocsEmitidosEstadoProcesamiento" style="document"/>
      <wsdl:input>
        <soap:body use="literal"/>
      </wsdl:input>
      <wsdl:output>
        <soap:body use="literal"/>
      </wsdl:output>
    </wsdl:operation>
    <wsdl:operation name="FV_ConsultaEstado_DIANV2">
      <soap:operation soapAction="http://tempuri.org/IIntegracion/FV_ConsultaEstado_DIANV2" style="document"/>
      <wsdl:input>
        <soap:body use="literal"/>
      </wsdl:input>
      <wsdl:output>
        <soap:body use="literal"/>
      </wsdl:output>
    </wsdl:operation>
    <wsdl:operation name="FV_ProcesarRespuestaEnvioSincrono">
      <soap:operation soapAction="http://tempuri.org/IIntegracion/FV_ProcesarRespuestaEnvioSincrono" style="document"/>
      <wsdl:input>
        <soap:body use="literal"/>
      </wsdl:input>
      <wsdl:output>
        <soap:body use="literal"/>
      </wsdl:output>
    </wsdl:operation>
    <wsdl:operation name="FV_ProcesarRespuestaEnvioAsincrono">
      <soap:operation soapAction="http://tempuri.org/IIntegracion/FV_ProcesarRespuestaEnvioAsincrono" style="document"/>
      <wsdl:input>
        <soap:body use="literal"/>
      </wsdl:input>
      <wsdl:output>
        <soap:body use="literal"/>
      </wsdl:output>
    </wsdl:operation>
    <wsdl:operation name="FV_RegistroEstadoDocEmitido">
      <soap:operation soapAction="http://tempuri.org/IIntegracion/FV_RegistroEstadoDocEmitido" style="document"/>
      <wsdl:input>
        <soap:body use="literal"/>
      </wsdl:input>
      <wsdl:output>
        <soap:body use="literal"/>
      </wsdl:output>
    </wsdl:operation>
    <wsdl:operation name="FV_TraerDocumentosEmitidosPendientesDeStatusDian">
      <soap:operation soapAction="http://tempuri.org/IIntegracion/FV_TraerDocumentosEmitidosPendientesDeStatusDian" style="document"/>
      <wsdl:input>
        <soap:body use="literal"/>
      </wsdl:input>
      <wsdl:output>
        <soap:body use="literal"/>
      </wsdl:output>
    </wsdl:operation>
    <wsdl:operation name="NuevoEventoLogeBill">
      <soap:operation soapAction="http://tempuri.org/IIntegracion/NuevoEventoLogeBill" style="document"/>
      <wsdl:input>
        <soap:body use="literal"/>
      </wsdl:input>
      <wsdl:output>
        <soap:body use="literal"/>
      </wsdl:output>
    </wsdl:operation>
    <wsdl:operation name="TraerIdUltimoDocumentoXEmpresa">
      <soap:operation soapAction="http://tempuri.org/IIntegracion/TraerIdUltimoDocumentoXEmpresa" style="document"/>
      <wsdl:input>
        <soap:body use="literal"/>
      </wsdl:input>
      <wsdl:output>
        <soap:body use="literal"/>
      </wsdl:output>
    </wsdl:operation>
    <wsdl:operation name="AlmacenarRegistroLogReglas">
      <soap:operation soapAction="http://tempuri.org/IIntegracion/AlmacenarRegistroLogReglas" style="document"/>
      <wsdl:input>
        <soap:body use="literal"/>
      </wsdl:input>
      <wsdl:output>
        <soap:body use="literal"/>
      </wsdl:output>
    </wsdl:operation>
    <wsdl:operation name="FV_TraerResumenReglasTotal">
      <soap:operation soapAction="http://tempuri.org/IIntegracion/FV_TraerResumenReglasTotal" style="document"/>
      <wsdl:input>
        <soap:body use="literal"/>
      </wsdl:input>
      <wsdl:output>
        <soap:body use="literal"/>
      </wsdl:output>
    </wsdl:operation>
    <wsdl:operation name="NegociarDocumentoFactoring">
      <soap:operation soapAction="http://tempuri.org/IIntegracion/NegociarDocumentoFactoring" style="document"/>
      <wsdl:input>
        <soap:body use="literal"/>
      </wsdl:input>
      <wsdl:output>
        <soap:body use="literal"/>
      </wsdl:output>
    </wsdl:operation>
    <wsdl:operation name="FV_CrearNombreArchivoZipDian">
      <soap:operation soapAction="http://tempuri.org/IIntegracion/FV_CrearNombreArchivoZipDian" style="document"/>
      <wsdl:input>
        <soap:body use="literal"/>
      </wsdl:input>
      <wsdl:output>
        <soap:body use="literal"/>
      </wsdl:output>
    </wsdl:operation>
    <wsdl:operation name="FV_ExisteContingenciaDianDeclarada">
      <soap:operation soapAction="http://tempuri.org/IIntegracion/FV_ExisteContingenciaDianDeclarada" style="document"/>
      <wsdl:input>
        <soap:body use="literal"/>
      </wsdl:input>
      <wsdl:output>
        <soap:body use="literal"/>
      </wsdl:output>
    </wsdl:operation>
    <wsdl:operation name="ExisteContingenciaDianDeclarada">
      <soap:operation soapAction="http://tempuri.org/IIntegracion/ExisteContingenciaDianDeclarada" style="document"/>
      <wsdl:input>
        <soap:body use="literal"/>
      </wsdl:input>
      <wsdl:output>
        <soap:body use="literal"/>
      </wsdl:output>
    </wsdl:operation>
    <wsdl:operation name="FV_TraerIncidenteContingenciaReciente">
      <soap:operation soapAction="http://tempuri.org/IIntegracion/FV_TraerIncidenteContingenciaReciente" style="document"/>
      <wsdl:input>
        <soap:body use="literal"/>
      </wsdl:input>
      <wsdl:output>
        <soap:body use="literal"/>
      </wsdl:output>
    </wsdl:operation>
    <wsdl:operation name="FV_RegistrarHeartBeatContingencia">
      <soap:operation soapAction="http://tempuri.org/IIntegracion/FV_RegistrarHeartBeatContingencia" style="document"/>
      <wsdl:input>
        <soap:body use="literal"/>
      </wsdl:input>
      <wsdl:output>
        <soap:body use="literal"/>
      </wsdl:output>
    </wsdl:operation>
    <wsdl:operation name="FV_ActualizarContingencia">
      <soap:operation soapAction="http://tempuri.org/IIntegracion/FV_ActualizarContingencia" style="document"/>
      <wsdl:input>
        <soap:body use="literal"/>
      </wsdl:input>
      <wsdl:output>
        <soap:body use="literal"/>
      </wsdl:output>
    </wsdl:operation>
    <wsdl:operation name="FV_RegistrarIncidenteContingencia">
      <soap:operation soapAction="http://tempuri.org/IIntegracion/FV_RegistrarIncidenteContingencia" style="document"/>
      <wsdl:input>
        <soap:body use="literal"/>
      </wsdl:input>
      <wsdl:output>
        <soap:body use="literal"/>
      </wsdl:output>
    </wsdl:operation>
    <wsdl:operation name="FV_TraerTiposIncidentesContingencia">
      <soap:operation soapAction="http://tempuri.org/IIntegracion/FV_TraerTiposIncidentesContingencia" style="document"/>
      <wsdl:input>
        <soap:body use="literal"/>
      </wsdl:input>
      <wsdl:output>
        <soap:body use="literal"/>
      </wsdl:output>
    </wsdl:operation>
    <wsdl:operation name="CargarPDFDocumentoElectronico_AgregarQR">
      <soap:operation soapAction="http://tempuri.org/IIntegracion/CargarPDFDocumentoElectronico_AgregarQR" style="document"/>
      <wsdl:input>
        <soap:body use="literal"/>
      </wsdl:input>
      <wsdl:output>
        <soap:body use="literal"/>
      </wsdl:output>
    </wsdl:operation>
    <wsdl:operation name="FV_CargarNotaDesdeFacturaToeBill">
      <soap:operation soapAction="http://tempuri.org/IIntegracion/FV_CargarNotaDesdeFacturaToeBill" style="document"/>
      <wsdl:input>
        <soap:body use="literal"/>
      </wsdl:input>
      <wsdl:output>
        <soap:body use="literal"/>
      </wsdl:output>
    </wsdl:operation>
    <wsdl:operation name="FV_GenerarReporteRecepcion">
      <soap:operation soapAction="http://tempuri.org/IIntegracion/FV_GenerarReporteRecepcion" style="document"/>
      <wsdl:input>
        <soap:body use="literal"/>
      </wsdl:input>
      <wsdl:output>
        <soap:body use="literal"/>
      </wsdl:output>
    </wsdl:operation>
    <wsdl:operation name="FV_GenerarReporteEmision">
      <soap:operation soapAction="http://tempuri.org/IIntegracion/FV_GenerarReporteEmision" style="document"/>
      <wsdl:input>
        <soap:body use="literal"/>
      </wsdl:input>
      <wsdl:output>
        <soap:body use="literal"/>
      </wsdl:output>
    </wsdl:operation>
    <wsdl:operation name="FV_GenerarReporteRecepcionPSV">
      <soap:operation soapAction="http://tempuri.org/IIntegracion/FV_GenerarReporteRecepcionPSV" style="document"/>
      <wsdl:input>
        <soap:body use="literal"/>
      </wsdl:input>
      <wsdl:output>
        <soap:body use="literal"/>
      </wsdl:output>
    </wsdl:operation>
    <wsdl:operation name="FV_GenerarReporteEmisionPSV">
      <soap:operation soapAction="http://tempuri.org/IIntegracion/FV_GenerarReporteEmisionPSV" style="document"/>
      <wsdl:input>
        <soap:body use="literal"/>
      </wsdl:input>
      <wsdl:output>
        <soap:body use="literal"/>
      </wsdl:output>
    </wsdl:operation>
    <wsdl:operation name="FV_SolicitaeBillPDF">
      <soap:operation soapAction="http://tempuri.org/IIntegracion/FV_SolicitaeBillPDF" style="document"/>
      <wsdl:input>
        <soap:body use="literal"/>
      </wsdl:input>
      <wsdl:output>
        <soap:body use="literal"/>
      </wsdl:output>
    </wsdl:operation>
    <wsdl:operation name="FV_GenerarReporteDocumentosEmitidosXFechaXEstado">
      <soap:operation soapAction="http://tempuri.org/IIntegracion/FV_GenerarReporteDocumentosEmitidosXFechaXEstado" style="document"/>
      <wsdl:input>
        <soap:body use="literal"/>
      </wsdl:input>
      <wsdl:output>
        <soap:body use="literal"/>
      </wsdl:output>
    </wsdl:operation>
    <wsdl:operation name="FV_GenerarReporteValidacionDocumentosRecibidos">
      <soap:operation soapAction="http://tempuri.org/IIntegracion/FV_GenerarReporteValidacionDocumentosRecibidos" style="document"/>
      <wsdl:input>
        <soap:body use="literal"/>
      </wsdl:input>
      <wsdl:output>
        <soap:body use="literal"/>
      </wsdl:output>
    </wsdl:operation>
    <wsdl:operation name="FV_ConsultaEstado_DIANV2Long">
      <soap:operation soapAction="http://tempuri.org/IIntegracion/FV_ConsultaEstado_DIANV2Long" style="document"/>
      <wsdl:input>
        <soap:body use="literal"/>
      </wsdl:input>
      <wsdl:output>
        <soap:body use="literal"/>
      </wsdl:output>
    </wsdl:operation>
  </wsdl:binding>
  <wsdl:binding name="BasicHttpBinding_IIntegracion1" type="tns:IIntegracion">
    <wsp:PolicyReference URI="#BasicHttpBinding_IIntegracion1_policy"/>
    <soap:binding transport="http://schemas.xmlsoap.org/soap/http"/>
    <wsdl:operation name="FV_NotificarFacturasExitosas_Seven">
      <soap:operation soapAction="http://tempuri.org/IIntegracion/FV_NotificarFacturasExitosas_Seven" style="document"/>
      <wsdl:input>
        <soap:body use="literal"/>
      </wsdl:input>
      <wsdl:output>
        <soap:body use="literal"/>
      </wsdl:output>
    </wsdl:operation>
    <wsdl:operation name="RegistrarPagoDocumentoRadicadoNotificacionDian">
      <soap:operation soapAction="http://tempuri.org/IIntegracion/RegistrarPagoDocumentoRadicadoNotificacionDian" style="document"/>
      <wsdl:input>
        <soap:body use="literal"/>
      </wsdl:input>
      <wsdl:output>
        <soap:body use="literal"/>
      </wsdl:output>
    </wsdl:operation>
    <wsdl:operation name="SolicitaeBillPDFTAX_GR">
      <soap:operation soapAction="http://tempuri.org/IIntegracion/SolicitaeBillPDFTAX_GR" style="document"/>
      <wsdl:input>
        <soap:body use="literal"/>
      </wsdl:input>
      <wsdl:output>
        <soap:body use="literal"/>
      </wsdl:output>
    </wsdl:operation>
    <wsdl:operation name="SolicitarEventosRecibidosXNitEmisorXDiaRec">
      <soap:operation soapAction="http://tempuri.org/IIntegracion/SolicitarEventosRecibidosXNitEmisorXDiaRec" style="document"/>
      <wsdl:input>
        <soap:body use="literal"/>
      </wsdl:input>
      <wsdl:output>
        <soap:body use="literal"/>
      </wsdl:output>
    </wsdl:operation>
    <wsdl:operation name="AceptacionTacitaDocumentosRadicadosNotificacionDIAN">
      <soap:operation soapAction="http://tempuri.org/IIntegracion/AceptacionTacitaDocumentosRadicadosNotificacionDIAN" style="document"/>
      <wsdl:input>
        <soap:body use="literal"/>
      </wsdl:input>
      <wsdl:output>
        <soap:body use="literal"/>
      </wsdl:output>
    </wsdl:operation>
    <wsdl:operation name="AcuseReciboDocumentosRadicadosNotificacionDIAN">
      <soap:operation soapAction="http://tempuri.org/IIntegracion/AcuseReciboDocumentosRadicadosNotificacionDIAN" style="document"/>
      <wsdl:input>
        <soap:body use="literal"/>
      </wsdl:input>
      <wsdl:output>
        <soap:body use="literal"/>
      </wsdl:output>
    </wsdl:operation>
    <wsdl:operation name="ReciboBienServicioRadicadosNotificacionDIAN">
      <soap:operation soapAction="http://tempuri.org/IIntegracion/ReciboBienServicioRadicadosNotificacionDIAN" style="document"/>
      <wsdl:input>
        <soap:body use="literal"/>
      </wsdl:input>
      <wsdl:output>
        <soap:body use="literal"/>
      </wsdl:output>
    </wsdl:operation>
    <wsdl:operation name="RegistrarIntentoFallidoRecepcion">
      <soap:operation soapAction="http://tempuri.org/IIntegracion/RegistrarIntentoFallidoRecepcion" style="document"/>
      <wsdl:input>
        <soap:body use="literal"/>
      </wsdl:input>
      <wsdl:output>
        <soap:body use="literal"/>
      </wsdl:output>
    </wsdl:operation>
    <wsdl:operation name="RepararDocumentoExitosoDIAN">
      <soap:operation soapAction="http://tempuri.org/IIntegracion/RepararDocumentoExitosoDIAN" style="document"/>
      <wsdl:input>
        <soap:body use="literal"/>
      </wsdl:input>
      <wsdl:output>
        <soap:body use="literal"/>
      </wsdl:output>
    </wsdl:operation>
    <wsdl:operation name="SolicitareBillFacturasRadicadasRecepcionXRango_TerceroPagador">
      <soap:operation soapAction="http://tempuri.org/IIntegracion/SolicitareBillFacturasRadicadasRecepcionXRango_TerceroPagador" style="document"/>
      <wsdl:input>
        <soap:body use="literal"/>
      </wsdl:input>
      <wsdl:output>
        <soap:body use="literal"/>
      </wsdl:output>
    </wsdl:operation>
    <wsdl:operation name="TraerAdjuntosXPrefijoXNumXTipoComp_TerceroPagador">
      <soap:operation soapAction="http://tempuri.org/IIntegracion/TraerAdjuntosXPrefijoXNumXTipoComp_TerceroPagador" style="document"/>
      <wsdl:input>
        <soap:body use="literal"/>
      </wsdl:input>
      <wsdl:output>
        <soap:body use="literal"/>
      </wsdl:output>
    </wsdl:operation>
    <wsdl:operation name="AcuerdoEBillVigente">
      <soap:operation soapAction="http://tempuri.org/IIntegracion/AcuerdoEBillVigente" style="document"/>
      <wsdl:input>
        <soap:body use="literal"/>
      </wsdl:input>
      <wsdl:output>
        <soap:body use="literal"/>
      </wsdl:output>
    </wsdl:operation>
    <wsdl:operation name="CalculoContenidoTecnicoControl">
      <soap:operation soapAction="http://tempuri.org/IIntegracion/CalculoContenidoTecnicoControl" style="document"/>
      <wsdl:input>
        <soap:body use="literal"/>
      </wsdl:input>
      <wsdl:output>
        <soap:body use="literal"/>
      </wsdl:output>
    </wsdl:operation>
    <wsdl:operation name="CargarXML25CoreToeBill">
      <soap:operation soapAction="http://tempuri.org/IIntegracion/CargarXML25CoreToeBill" style="document"/>
      <wsdl:input>
        <soap:body use="literal"/>
      </wsdl:input>
      <wsdl:output>
        <soap:body use="literal"/>
      </wsdl:output>
    </wsdl:operation>
    <wsdl:operation name="CargarFacturasToeBillGeneric">
      <soap:operation soapAction="http://tempuri.org/IIntegracion/CargarFacturasToeBillGeneric" style="document"/>
      <wsdl:input>
        <soap:body use="literal"/>
      </wsdl:input>
      <wsdl:output>
        <soap:body use="literal"/>
      </wsdl:output>
    </wsdl:operation>
    <wsdl:operation name="CargarFacturasToeBillGenericFix">
      <soap:operation soapAction="http://tempuri.org/IIntegracion/CargarFacturasToeBillGenericFix" style="document"/>
      <wsdl:input>
        <soap:body use="literal"/>
      </wsdl:input>
      <wsdl:output>
        <soap:body use="literal"/>
      </wsdl:output>
    </wsdl:operation>
    <wsdl:operation name="CargarNotasToeBillGeneric">
      <soap:operation soapAction="http://tempuri.org/IIntegracion/CargarNotasToeBillGeneric" style="document"/>
      <wsdl:input>
        <soap:body use="literal"/>
      </wsdl:input>
      <wsdl:output>
        <soap:body use="literal"/>
      </wsdl:output>
    </wsdl:operation>
    <wsdl:operation name="CargarFacturasToeBillGenericTAX">
      <soap:operation soapAction="http://tempuri.org/IIntegracion/CargarFacturasToeBillGenericTAX" style="document"/>
      <wsdl:input>
        <soap:body use="literal"/>
      </wsdl:input>
      <wsdl:output>
        <soap:body use="literal"/>
      </wsdl:output>
    </wsdl:operation>
    <wsdl:operation name="CargarNotasToeBillGenericTAX">
      <soap:operation soapAction="http://tempuri.org/IIntegracion/CargarNotasToeBillGenericTAX" style="document"/>
      <wsdl:input>
        <soap:body use="literal"/>
      </wsdl:input>
      <wsdl:output>
        <soap:body use="literal"/>
      </wsdl:output>
    </wsdl:operation>
    <wsdl:operation name="RecibePDFNumrot">
      <soap:operation soapAction="http://tempuri.org/IIntegracion/RecibePDFNumrot" style="document"/>
      <wsdl:input>
        <soap:body use="literal"/>
      </wsdl:input>
      <wsdl:output>
        <soap:body use="literal"/>
      </wsdl:output>
    </wsdl:operation>
    <wsdl:operation name="SolicitaeBillPDF">
      <soap:operation soapAction="http://tempuri.org/IIntegracion/SolicitaeBillPDF" style="document"/>
      <wsdl:input>
        <soap:body use="literal"/>
      </wsdl:input>
      <wsdl:output>
        <soap:body use="literal"/>
      </wsdl:output>
    </wsdl:operation>
    <wsdl:operation name="SolicitaeBillPDFTAX">
      <soap:operation soapAction="http://tempuri.org/IIntegracion/SolicitaeBillPDFTAX" style="document"/>
      <wsdl:input>
        <soap:body use="literal"/>
      </wsdl:input>
      <wsdl:output>
        <soap:body use="literal"/>
      </wsdl:output>
    </wsdl:operation>
    <wsdl:operation name="NotificarFacturasPagadas">
      <soap:operation soapAction="http://tempuri.org/IIntegracion/NotificarFacturasPagadas" style="document"/>
      <wsdl:input>
        <soap:body use="literal"/>
      </wsdl:input>
      <wsdl:output>
        <soap:body use="literal"/>
      </wsdl:output>
    </wsdl:operation>
    <wsdl:operation name="NotificarFacturasPagadasTAX">
      <soap:operation soapAction="http://tempuri.org/IIntegracion/NotificarFacturasPagadasTAX" style="document"/>
      <wsdl:input>
        <soap:body use="literal"/>
      </wsdl:input>
      <wsdl:output>
        <soap:body use="literal"/>
      </wsdl:output>
    </wsdl:operation>
    <wsdl:operation name="NotificarFacturasAnuladasTAX">
      <soap:operation soapAction="http://tempuri.org/IIntegracion/NotificarFacturasAnuladasTAX" style="document"/>
      <wsdl:input>
        <soap:body use="literal"/>
      </wsdl:input>
      <wsdl:output>
        <soap:body use="literal"/>
      </wsdl:output>
    </wsdl:operation>
    <wsdl:operation name="CargarDocumentosElectronicosToeBillGenericTAX">
      <soap:operation soapAction="http://tempuri.org/IIntegracion/CargarDocumentosElectronicosToeBillGenericTAX" style="document"/>
      <wsdl:input>
        <soap:body use="literal"/>
      </wsdl:input>
      <wsdl:output>
        <soap:body use="literal"/>
      </wsdl:output>
    </wsdl:operation>
    <wsdl:operation name="CargarDocumentosElectronicosToeBillGenericFULL">
      <soap:operation soapAction="http://tempuri.org/IIntegracion/CargarDocumentosElectronicosToeBillGenericFULL" style="document"/>
      <wsdl:input>
        <soap:body use="literal"/>
      </wsdl:input>
      <wsdl:output>
        <soap:body use="literal"/>
      </wsdl:output>
    </wsdl:operation>
    <wsdl:operation name="SolicitaDatosDocumentoElectronico">
      <soap:operation soapAction="http://tempuri.org/IIntegracion/SolicitaDatosDocumentoElectronico" style="document"/>
      <wsdl:input>
        <soap:body use="literal"/>
      </wsdl:input>
      <wsdl:output>
        <soap:body use="literal"/>
      </wsdl:output>
    </wsdl:operation>
    <wsdl:operation name="SolicitaeBillPDFXCodigo">
      <soap:operation soapAction="http://tempuri.org/IIntegracion/SolicitaeBillPDFXCodigo" style="document"/>
      <wsdl:input>
        <soap:body use="literal"/>
      </wsdl:input>
      <wsdl:output>
        <soap:body use="literal"/>
      </wsdl:output>
    </wsdl:operation>
    <wsdl:operation name="CargarPDFDocumentoElectronico">
      <soap:operation soapAction="http://tempuri.org/IIntegracion/CargarPDFDocumentoElectronico" style="document"/>
      <wsdl:input>
        <soap:body use="literal"/>
      </wsdl:input>
      <wsdl:output>
        <soap:body use="literal"/>
      </wsdl:output>
    </wsdl:operation>
    <wsdl:operation name="CargarDocumentosElectronicosToeBillGenericFULLDesdePDF">
      <soap:operation soapAction="http://tempuri.org/IIntegracion/CargarDocumentosElectronicosToeBillGenericFULLDesdePDF" style="document"/>
      <wsdl:input>
        <soap:body use="literal"/>
      </wsdl:input>
      <wsdl:output>
        <soap:body use="literal"/>
      </wsdl:output>
    </wsdl:operation>
    <wsdl:operation name="CargarNotaDesdeFacturaToeBill">
      <soap:operation soapAction="http://tempuri.org/IIntegracion/CargarNotaDesdeFacturaToeBill" style="document"/>
      <wsdl:input>
        <soap:body use="literal"/>
      </wsdl:input>
      <wsdl:output>
        <soap:body use="literal"/>
      </wsdl:output>
    </wsdl:operation>
    <wsdl:operation name="TraerEstadoCuentaXCliente">
      <soap:operation soapAction="http://tempuri.org/IIntegracion/TraerEstadoCuentaXCliente" style="document"/>
      <wsdl:input>
        <soap:body use="literal"/>
      </wsdl:input>
      <wsdl:output>
        <soap:body use="literal"/>
      </wsdl:output>
    </wsdl:operation>
    <wsdl:operation name="CargarDocumentosElectronicosToeBillGenericFULLImp">
      <soap:operation soapAction="http://tempuri.org/IIntegracion/CargarDocumentosElectronicosToeBillGenericFULLImp" style="document"/>
      <wsdl:input>
        <soap:body use="literal"/>
      </wsdl:input>
      <wsdl:output>
        <soap:body use="literal"/>
      </wsdl:output>
    </wsdl:operation>
    <wsdl:operation name="RecepcionDocumentosElectronicos">
      <soap:operation soapAction="http://tempuri.org/IIntegracion/RecepcionDocumentosElectronicos" style="document"/>
      <wsdl:input>
        <soap:body use="literal"/>
      </wsdl:input>
      <wsdl:output>
        <soap:body use="literal"/>
      </wsdl:output>
    </wsdl:operation>
    <wsdl:operation name="SolicitareBillFacturasRadicadasRecepcion">
      <soap:operation soapAction="http://tempuri.org/IIntegracion/SolicitareBillFacturasRadicadasRecepcion" style="document"/>
      <wsdl:input>
        <soap:body use="literal"/>
      </wsdl:input>
      <wsdl:output>
        <soap:body use="literal"/>
      </wsdl:output>
    </wsdl:operation>
    <wsdl:operation name="SolicitaeBillPDFRecepcion">
      <soap:operation soapAction="http://tempuri.org/IIntegracion/SolicitaeBillPDFRecepcion" style="document"/>
      <wsdl:input>
        <soap:body use="literal"/>
      </wsdl:input>
      <wsdl:output>
        <soap:body use="literal"/>
      </wsdl:output>
    </wsdl:operation>
    <wsdl:operation name="SolicitaeBillPDFRecepcion_TerceroPagador">
      <soap:operation soapAction="http://tempuri.org/IIntegracion/SolicitaeBillPDFRecepcion_TerceroPagador" style="document"/>
      <wsdl:input>
        <soap:body use="literal"/>
      </wsdl:input>
      <wsdl:output>
        <soap:body use="literal"/>
      </wsdl:output>
    </wsdl:operation>
    <wsdl:operation name="SolicitaCreareBillResoluciones">
      <soap:operation soapAction="http://tempuri.org/IIntegracion/SolicitaCreareBillResoluciones" style="document"/>
      <wsdl:input>
        <soap:body use="literal"/>
      </wsdl:input>
      <wsdl:output>
        <soap:body use="literal"/>
      </wsdl:output>
    </wsdl:operation>
    <wsdl:operation name="CargarDocumentosElectronicosToeBillGenericFULLPDFCUFE">
      <soap:operation soapAction="http://tempuri.org/IIntegracion/CargarDocumentosElectronicosToeBillGenericFULLPDFCUFE" style="document"/>
      <wsdl:input>
        <soap:body use="literal"/>
      </wsdl:input>
      <wsdl:output>
        <soap:body use="literal"/>
      </wsdl:output>
    </wsdl:operation>
    <wsdl:operation name="ActualizarEstadosOCRecepcion">
      <soap:operation soapAction="http://tempuri.org/IIntegracion/ActualizarEstadosOCRecepcion" style="document"/>
      <wsdl:input>
        <soap:body use="literal"/>
      </wsdl:input>
      <wsdl:output>
        <soap:body use="literal"/>
      </wsdl:output>
    </wsdl:operation>
    <wsdl:operation name="CargarDocumentosElectronicosToeBillGenericFULLFacturaMinimaLegal">
      <soap:operation soapAction="http://tempuri.org/IIntegracion/CargarDocumentosElectronicosToeBillGenericFULLFacturaMinimaLegal" style="document"/>
      <wsdl:input>
        <soap:body use="literal"/>
      </wsdl:input>
      <wsdl:output>
        <soap:body use="literal"/>
      </wsdl:output>
    </wsdl:operation>
    <wsdl:operation name="RechazarDocumentosRadicados">
      <soap:operation soapAction="http://tempuri.org/IIntegracion/RechazarDocumentosRadicados" style="document"/>
      <wsdl:input>
        <soap:body use="literal"/>
      </wsdl:input>
      <wsdl:output>
        <soap:body use="literal"/>
      </wsdl:output>
    </wsdl:operation>
    <wsdl:operation name="RechazarDocumentosRadicadosNotificacionDIAN">
      <soap:operation soapAction="http://tempuri.org/IIntegracion/RechazarDocumentosRadicadosNotificacionDIAN" style="document"/>
      <wsdl:input>
        <soap:body use="literal"/>
      </wsdl:input>
      <wsdl:output>
        <soap:body use="literal"/>
      </wsdl:output>
    </wsdl:operation>
    <wsdl:operation name="AceptarDocumentosRadicadosNotificacionDIAN">
      <soap:operation soapAction="http://tempuri.org/IIntegracion/AceptarDocumentosRadicadosNotificacionDIAN" style="document"/>
      <wsdl:input>
        <soap:body use="literal"/>
      </wsdl:input>
      <wsdl:output>
        <soap:body use="literal"/>
      </wsdl:output>
    </wsdl:operation>
    <wsdl:operation name="SolicitaeBillPDFTAXLong">
      <soap:operation soapAction="http://tempuri.org/IIntegracion/SolicitaeBillPDFTAXLong" style="document"/>
      <wsdl:input>
        <soap:body use="literal"/>
      </wsdl:input>
      <wsdl:output>
        <soap:body use="literal"/>
      </wsdl:output>
    </wsdl:operation>
    <wsdl:operation name="CrearProveedoreseBill">
      <soap:operation soapAction="http://tempuri.org/IIntegracion/CrearProveedoreseBill" style="document"/>
      <wsdl:input>
        <soap:body use="literal"/>
      </wsdl:input>
      <wsdl:output>
        <soap:body use="literal"/>
      </wsdl:output>
    </wsdl:operation>
    <wsdl:operation name="LoginProveedorTecnologico">
      <soap:operation soapAction="http://tempuri.org/IIntegracion/LoginProveedorTecnologico" style="document"/>
      <wsdl:input>
        <soap:body use="literal"/>
      </wsdl:input>
      <wsdl:output>
        <soap:body use="literal"/>
      </wsdl:output>
    </wsdl:operation>
    <wsdl:operation name="TraerDatosProveedorFTP">
      <soap:operation soapAction="http://tempuri.org/IIntegracion/TraerDatosProveedorFTP" style="document"/>
      <wsdl:input>
        <soap:body use="literal"/>
      </wsdl:input>
      <wsdl:output>
        <soap:body use="literal"/>
      </wsdl:output>
    </wsdl:operation>
    <wsdl:operation name="HistorialRadicacion">
      <soap:operation soapAction="http://tempuri.org/IIntegracion/HistorialRadicacion" style="document"/>
      <wsdl:input>
        <soap:body use="literal"/>
      </wsdl:input>
      <wsdl:output>
        <soap:body use="literal"/>
      </wsdl:output>
    </wsdl:operation>
    <wsdl:operation name="ExisteConvenioEmpresas">
      <soap:operation soapAction="http://tempuri.org/IIntegracion/ExisteConvenioEmpresas" style="document"/>
      <wsdl:input>
        <soap:body use="literal"/>
      </wsdl:input>
      <wsdl:output>
        <soap:body use="literal"/>
      </wsdl:output>
    </wsdl:operation>
    <wsdl:operation name="ConsultaResolucionesDIAN">
      <soap:operation soapAction="http://tempuri.org/IIntegracion/ConsultaResolucionesDIAN" style="document"/>
      <wsdl:input>
        <soap:body use="literal"/>
      </wsdl:input>
      <wsdl:output>
        <soap:body use="literal"/>
      </wsdl:output>
    </wsdl:operation>
    <wsdl:operation name="SolicitareBillFacturasRadicadasRecepcionXEstado">
      <soap:operation soapAction="http://tempuri.org/IIntegracion/SolicitareBillFacturasRadicadasRecepcionXEstado" style="document"/>
      <wsdl:input>
        <soap:body use="literal"/>
      </wsdl:input>
      <wsdl:output>
        <soap:body use="literal"/>
      </wsdl:output>
    </wsdl:operation>
    <wsdl:operation name="ActualizarEstadoFacturasRadicadasRecepcion">
      <soap:operation soapAction="http://tempuri.org/IIntegracion/ActualizarEstadoFacturasRadicadasRecepcion" style="document"/>
      <wsdl:input>
        <soap:body use="literal"/>
      </wsdl:input>
      <wsdl:output>
        <soap:body use="literal"/>
      </wsdl:output>
    </wsdl:operation>
    <wsdl:operation name="CrearEmpresaeBill">
      <soap:operation soapAction="http://tempuri.org/IIntegracion/CrearEmpresaeBill" style="document"/>
      <wsdl:input>
        <soap:body use="literal"/>
      </wsdl:input>
      <wsdl:output>
        <soap:body use="literal"/>
      </wsdl:output>
    </wsdl:operation>
    <wsdl:operation name="SolicitaDatosDetalleXDocumento">
      <soap:operation soapAction="http://tempuri.org/IIntegracion/SolicitaDatosDetalleXDocumento" style="document"/>
      <wsdl:input>
        <soap:body use="literal"/>
      </wsdl:input>
      <wsdl:output>
        <soap:body use="literal"/>
      </wsdl:output>
    </wsdl:operation>
    <wsdl:operation name="SolicitaParametrosGestionDocumental">
      <soap:operation soapAction="http://tempuri.org/IIntegracion/SolicitaParametrosGestionDocumental" style="document"/>
      <wsdl:input>
        <soap:body use="literal"/>
      </wsdl:input>
      <wsdl:output>
        <soap:body use="literal"/>
      </wsdl:output>
    </wsdl:operation>
    <wsdl:operation name="ObtenerParametroCliente">
      <soap:operation soapAction="http://tempuri.org/IIntegracion/ObtenerParametroCliente" style="document"/>
      <wsdl:input>
        <soap:body use="literal"/>
      </wsdl:input>
      <wsdl:output>
        <soap:body use="literal"/>
      </wsdl:output>
    </wsdl:operation>
    <wsdl:operation name="ActualizarFechaParametro">
      <soap:operation soapAction="http://tempuri.org/IIntegracion/ActualizarFechaParametro" style="document"/>
      <wsdl:input>
        <soap:body use="literal"/>
      </wsdl:input>
      <wsdl:output>
        <soap:body use="literal"/>
      </wsdl:output>
    </wsdl:operation>
    <wsdl:operation name="ConsultaDatosDocumentosEmitidos">
      <soap:operation soapAction="http://tempuri.org/IIntegracion/ConsultaDatosDocumentosEmitidos" style="document"/>
      <wsdl:input>
        <soap:body use="literal"/>
      </wsdl:input>
      <wsdl:output>
        <soap:body use="literal"/>
      </wsdl:output>
    </wsdl:operation>
    <wsdl:operation name="TraerDatosProveedorTecnologico">
      <soap:operation soapAction="http://tempuri.org/IIntegracion/TraerDatosProveedorTecnologico" style="document"/>
      <wsdl:input>
        <soap:body use="literal"/>
      </wsdl:input>
      <wsdl:output>
        <soap:body use="literal"/>
      </wsdl:output>
    </wsdl:operation>
    <wsdl:operation name="TraerDatosEmpresasEmisoras">
      <soap:operation soapAction="http://tempuri.org/IIntegracion/TraerDatosEmpresasEmisoras" style="document"/>
      <wsdl:input>
        <soap:body use="literal"/>
      </wsdl:input>
      <wsdl:output>
        <soap:body use="literal"/>
      </wsdl:output>
    </wsdl:operation>
    <wsdl:operation name="TraerDocumentosEmision">
      <soap:operation soapAction="http://tempuri.org/IIntegracion/TraerDocumentosEmision" style="document"/>
      <wsdl:input>
        <soap:body use="literal"/>
      </wsdl:input>
      <wsdl:output>
        <soap:body use="literal"/>
      </wsdl:output>
    </wsdl:operation>
    <wsdl:operation name="TraerAdjuntosXDocumento">
      <soap:operation soapAction="http://tempuri.org/IIntegracion/TraerAdjuntosXDocumento" style="document"/>
      <wsdl:input>
        <soap:body use="literal"/>
      </wsdl:input>
      <wsdl:output>
        <soap:body use="literal"/>
      </wsdl:output>
    </wsdl:operation>
    <wsdl:operation name="CambiarContrasenaInteroperabilidad">
      <soap:operation soapAction="http://tempuri.org/IIntegracion/CambiarContrasenaInteroperabilidad" style="document"/>
      <wsdl:input>
        <soap:body use="literal"/>
      </wsdl:input>
      <wsdl:output>
        <soap:body use="literal"/>
      </wsdl:output>
    </wsdl:operation>
    <wsdl:operation name="RegistroArchivoEmitido">
      <soap:operation soapAction="http://tempuri.org/IIntegracion/RegistroArchivoEmitido" style="document"/>
      <wsdl:input>
        <soap:body use="literal"/>
      </wsdl:input>
      <wsdl:output>
        <soap:body use="literal"/>
      </wsdl:output>
    </wsdl:operation>
    <wsdl:operation name="ValidaXML">
      <soap:operation soapAction="http://tempuri.org/IIntegracion/ValidaXML" style="document"/>
      <wsdl:input>
        <soap:body use="literal"/>
      </wsdl:input>
      <wsdl:output>
        <soap:body use="literal"/>
      </wsdl:output>
    </wsdl:operation>
    <wsdl:operation name="EmpresaRecibeInteroperabilidad">
      <soap:operation soapAction="http://tempuri.org/IIntegracion/EmpresaRecibeInteroperabilidad" style="document"/>
      <wsdl:input>
        <soap:body use="literal"/>
      </wsdl:input>
      <wsdl:output>
        <soap:body use="literal"/>
      </wsdl:output>
    </wsdl:operation>
    <wsdl:operation name="RegistroRespuestaDocInteroperabilidad">
      <soap:operation soapAction="http://tempuri.org/IIntegracion/RegistroRespuestaDocInteroperabilidad" style="document"/>
      <wsdl:input>
        <soap:body use="literal"/>
      </wsdl:input>
      <wsdl:output>
        <soap:body use="literal"/>
      </wsdl:output>
    </wsdl:operation>
    <wsdl:operation name="ConsultaHistoricoEstadosDocumentoRecibidoIO">
      <soap:operation soapAction="http://tempuri.org/IIntegracion/ConsultaHistoricoEstadosDocumentoRecibidoIO" style="document"/>
      <wsdl:input>
        <soap:body use="literal"/>
      </wsdl:input>
      <wsdl:output>
        <soap:body use="literal"/>
      </wsdl:output>
    </wsdl:operation>
    <wsdl:operation name="ConsultarAppResponseDocumentoRecibido">
      <soap:operation soapAction="http://tempuri.org/IIntegracion/ConsultarAppResponseDocumentoRecibido" style="document"/>
      <wsdl:input>
        <soap:body use="literal"/>
      </wsdl:input>
      <wsdl:output>
        <soap:body use="literal"/>
      </wsdl:output>
    </wsdl:operation>
    <wsdl:operation name="TraerDocumentosSinRespuestaIO">
      <soap:operation soapAction="http://tempuri.org/IIntegracion/TraerDocumentosSinRespuestaIO" style="document"/>
      <wsdl:input>
        <soap:body use="literal"/>
      </wsdl:input>
      <wsdl:output>
        <soap:body use="literal"/>
      </wsdl:output>
    </wsdl:operation>
    <wsdl:operation name="ValidaRespuestaRecepcion">
      <soap:operation soapAction="http://tempuri.org/IIntegracion/ValidaRespuestaRecepcion" style="document"/>
      <wsdl:input>
        <soap:body use="literal"/>
      </wsdl:input>
      <wsdl:output>
        <soap:body use="literal"/>
      </wsdl:output>
    </wsdl:operation>
    <wsdl:operation name="SolicitareBillFacturasRadicadasRecepcionXRango">
      <soap:operation soapAction="http://tempuri.org/IIntegracion/SolicitareBillFacturasRadicadasRecepcionXRango" style="document"/>
      <wsdl:input>
        <soap:body use="literal"/>
      </wsdl:input>
      <wsdl:output>
        <soap:body use="literal"/>
      </wsdl:output>
    </wsdl:operation>
    <wsdl:operation name="ActualizaEstadoNotificadoDocumentosIO">
      <soap:operation soapAction="http://tempuri.org/IIntegracion/ActualizaEstadoNotificadoDocumentosIO" style="document"/>
      <wsdl:input>
        <soap:body use="literal"/>
      </wsdl:input>
      <wsdl:output>
        <soap:body use="literal"/>
      </wsdl:output>
    </wsdl:operation>
    <wsdl:operation name="EnviarDocumentoElectronico">
      <soap:operation soapAction="http://tempuri.org/IIntegracion/EnviarDocumentoElectronico" style="document"/>
      <wsdl:input>
        <soap:body use="literal"/>
      </wsdl:input>
      <wsdl:output>
        <soap:body use="literal"/>
      </wsdl:output>
    </wsdl:operation>
    <wsdl:operation name="TraerDocumentosRecepcionxNuevosEstados">
      <soap:operation soapAction="http://tempuri.org/IIntegracion/TraerDocumentosRecepcionxNuevosEstados" style="document"/>
      <wsdl:input>
        <soap:body use="literal"/>
      </wsdl:input>
      <wsdl:output>
        <soap:body use="literal"/>
      </wsdl:output>
    </wsdl:operation>
    <wsdl:operation name="RegistrarPagoCargaAnexo">
      <soap:operation soapAction="http://tempuri.org/IIntegracion/RegistrarPagoCargaAnexo" style="document"/>
      <wsdl:input>
        <soap:body use="literal"/>
      </wsdl:input>
      <wsdl:output>
        <soap:body use="literal"/>
      </wsdl:output>
    </wsdl:operation>
    <wsdl:operation name="ActualizarDocumentosDatoContabilzacion">
      <soap:operation soapAction="http://tempuri.org/IIntegracion/ActualizarDocumentosDatoContabilzacion" style="document"/>
      <wsdl:input>
        <soap:body use="literal"/>
      </wsdl:input>
      <wsdl:output>
        <soap:body use="literal"/>
      </wsdl:output>
    </wsdl:operation>
    <wsdl:operation name="ConsultaIdentificadorFacturaXOrderID">
      <soap:operation soapAction="http://tempuri.org/IIntegracion/ConsultaIdentificadorFacturaXOrderID" style="document"/>
      <wsdl:input>
        <soap:body use="literal"/>
      </wsdl:input>
      <wsdl:output>
        <soap:body use="literal"/>
      </wsdl:output>
    </wsdl:operation>
    <wsdl:operation name="FV_TraerDocumentosPendientesDeEnvioxEmpresaxFecha">
      <soap:operation soapAction="http://tempuri.org/IIntegracion/FV_TraerDocumentosPendientesDeEnvioxEmpresaxFecha" style="document"/>
      <wsdl:input>
        <soap:body use="literal"/>
      </wsdl:input>
      <wsdl:output>
        <soap:body use="literal"/>
      </wsdl:output>
    </wsdl:operation>
    <wsdl:operation name="FV_TraerXMLDocumento">
      <soap:operation soapAction="http://tempuri.org/IIntegracion/FV_TraerXMLDocumento" style="document"/>
      <wsdl:input>
        <soap:body use="literal"/>
      </wsdl:input>
      <wsdl:output>
        <soap:body use="literal"/>
      </wsdl:output>
    </wsdl:operation>
    <wsdl:operation name="FV_TraerDatosEmpesasEmisorasConDFEPendientesDeEnvio">
      <soap:operation soapAction="http://tempuri.org/IIntegracion/FV_TraerDatosEmpesasEmisorasConDFEPendientesDeEnvio" style="document"/>
      <wsdl:input>
        <soap:body use="literal"/>
      </wsdl:input>
      <wsdl:output>
        <soap:body use="literal"/>
      </wsdl:output>
    </wsdl:operation>
    <wsdl:operation name="FV_RegistroRespuestaDocEmitido">
      <soap:operation soapAction="http://tempuri.org/IIntegracion/FV_RegistroRespuestaDocEmitido" style="document"/>
      <wsdl:input>
        <soap:body use="literal"/>
      </wsdl:input>
      <wsdl:output>
        <soap:body use="literal"/>
      </wsdl:output>
    </wsdl:operation>
    <wsdl:operation name="ConsultaDatosDocumentosRecibidos">
      <soap:operation soapAction="http://tempuri.org/IIntegracion/ConsultaDatosDocumentosRecibidos" style="document"/>
      <wsdl:input>
        <soap:body use="literal"/>
      </wsdl:input>
      <wsdl:output>
        <soap:body use="literal"/>
      </wsdl:output>
    </wsdl:operation>
    <wsdl:operation name="ConsultaDatosDocumentosRecibidos_TerceroPagador">
      <soap:operation soapAction="http://tempuri.org/IIntegracion/ConsultaDatosDocumentosRecibidos_TerceroPagador" style="document"/>
      <wsdl:input>
        <soap:body use="literal"/>
      </wsdl:input>
      <wsdl:output>
        <soap:body use="literal"/>
      </wsdl:output>
    </wsdl:operation>
    <wsdl:operation name="AgregaQRToPDFDocumentoElectronico">
      <soap:operation soapAction="http://tempuri.org/IIntegracion/AgregaQRToPDFDocumentoElectronico" style="document"/>
      <wsdl:input>
        <soap:body use="literal"/>
      </wsdl:input>
      <wsdl:output>
        <soap:body use="literal"/>
      </wsdl:output>
    </wsdl:operation>
    <wsdl:operation name="TraerCertificadoDigital">
      <soap:operation soapAction="http://tempuri.org/IIntegracion/TraerCertificadoDigital" style="document"/>
      <wsdl:input>
        <soap:body use="literal"/>
      </wsdl:input>
      <wsdl:output>
        <soap:body use="literal"/>
      </wsdl:output>
    </wsdl:operation>
    <wsdl:operation name="SolicitaDatosDocumentoElectronicoQWS">
      <soap:operation soapAction="http://tempuri.org/IIntegracion/SolicitaDatosDocumentoElectronicoQWS" style="document"/>
      <wsdl:input>
        <soap:body use="literal"/>
      </wsdl:input>
      <wsdl:output>
        <soap:body use="literal"/>
      </wsdl:output>
    </wsdl:operation>
    <wsdl:operation name="FV_TraerDatosEmpresasNotificar">
      <soap:operation soapAction="http://tempuri.org/IIntegracion/FV_TraerDatosEmpresasNotificar" style="document"/>
      <wsdl:input>
        <soap:body use="literal"/>
      </wsdl:input>
      <wsdl:output>
        <soap:body use="literal"/>
      </wsdl:output>
    </wsdl:operation>
    <wsdl:operation name="TraerDatosEmpresasNotificar">
      <soap:operation soapAction="http://tempuri.org/IIntegracion/TraerDatosEmpresasNotificar" style="document"/>
      <wsdl:input>
        <soap:body use="literal"/>
      </wsdl:input>
      <wsdl:output>
        <soap:body use="literal"/>
      </wsdl:output>
    </wsdl:operation>
    <wsdl:operation name="FV_TraerDocumentosPendientesNotificar">
      <soap:operation soapAction="http://tempuri.org/IIntegracion/FV_TraerDocumentosPendientesNotificar" style="document"/>
      <wsdl:input>
        <soap:body use="literal"/>
      </wsdl:input>
      <wsdl:output>
        <soap:body use="literal"/>
      </wsdl:output>
    </wsdl:operation>
    <wsdl:operation name="FV_TraerDocumentosPendientesNotificar_Otros">
      <soap:operation soapAction="http://tempuri.org/IIntegracion/FV_TraerDocumentosPendientesNotificar_Otros" style="document"/>
      <wsdl:input>
        <soap:body use="literal"/>
      </wsdl:input>
      <wsdl:output>
        <soap:body use="literal"/>
      </wsdl:output>
    </wsdl:operation>
    <wsdl:operation name="TraerDocumentosPendientesNotificar">
      <soap:operation soapAction="http://tempuri.org/IIntegracion/TraerDocumentosPendientesNotificar" style="document"/>
      <wsdl:input>
        <soap:body use="literal"/>
      </wsdl:input>
      <wsdl:output>
        <soap:body use="literal"/>
      </wsdl:output>
    </wsdl:operation>
    <wsdl:operation name="SolicitareBillFacturasRadicadasRecepcionXNitRecXDiaRec">
      <soap:operation soapAction="http://tempuri.org/IIntegracion/SolicitareBillFacturasRadicadasRecepcionXNitRecXDiaRec" style="document"/>
      <wsdl:input>
        <soap:body use="literal"/>
      </wsdl:input>
      <wsdl:output>
        <soap:body use="literal"/>
      </wsdl:output>
    </wsdl:operation>
    <wsdl:operation name="SolicitareBillFacturasRadicadasRecepcionXNitRecXDiaRec_TerceroPagador">
      <soap:operation soapAction="http://tempuri.org/IIntegracion/SolicitareBillFacturasRadicadasRecepcionXNitRecXDiaRec_TerceroPagador" style="document"/>
      <wsdl:input>
        <soap:body use="literal"/>
      </wsdl:input>
      <wsdl:output>
        <soap:body use="literal"/>
      </wsdl:output>
    </wsdl:operation>
    <wsdl:operation name="FV_NotificarDocumentoCliente">
      <soap:operation soapAction="http://tempuri.org/IIntegracion/FV_NotificarDocumentoCliente" style="document"/>
      <wsdl:input>
        <soap:body use="literal"/>
      </wsdl:input>
      <wsdl:output>
        <soap:body use="literal"/>
      </wsdl:output>
    </wsdl:operation>
    <wsdl:operation name="FV_ValidacionXML_DIAN">
      <soap:operation soapAction="http://tempuri.org/IIntegracion/FV_ValidacionXML_DIAN" style="document"/>
      <wsdl:input>
        <soap:body use="literal"/>
      </wsdl:input>
      <wsdl:output>
        <soap:body use="literal"/>
      </wsdl:output>
    </wsdl:operation>
    <wsdl:operation name="FV_CargarDocumentosElectronicosToeBillGenericFULLPDFCUFE">
      <soap:operation soapAction="http://tempuri.org/IIntegracion/FV_CargarDocumentosElectronicosToeBillGenericFULLPDFCUFE" style="document"/>
      <wsdl:input>
        <soap:body use="literal"/>
      </wsdl:input>
      <wsdl:output>
        <soap:body use="literal"/>
      </wsdl:output>
    </wsdl:operation>
    <wsdl:operation name="FV_CargarDocumentosElectronicosToeBillGenericFULL">
      <soap:operation soapAction="http://tempuri.org/IIntegracion/FV_CargarDocumentosElectronicosToeBillGenericFULL" style="document"/>
      <wsdl:input>
        <soap:body use="literal"/>
      </wsdl:input>
      <wsdl:output>
        <soap:body use="literal"/>
      </wsdl:output>
    </wsdl:operation>
    <wsdl:operation name="TraerAdjuntosXPrefijoXNumXTipoComp">
      <soap:operation soapAction="http://tempuri.org/IIntegracion/TraerAdjuntosXPrefijoXNumXTipoComp" style="document"/>
      <wsdl:input>
        <soap:body use="literal"/>
      </wsdl:input>
      <wsdl:output>
        <soap:body use="literal"/>
      </wsdl:output>
    </wsdl:operation>
    <wsdl:operation name="FV_TraerPaquetesEmitidosPendientesDeStatusDian">
      <soap:operation soapAction="http://tempuri.org/IIntegracion/FV_TraerPaquetesEmitidosPendientesDeStatusDian" style="document"/>
      <wsdl:input>
        <soap:body use="literal"/>
      </wsdl:input>
      <wsdl:output>
        <soap:body use="literal"/>
      </wsdl:output>
    </wsdl:operation>
    <wsdl:operation name="FV_RegistroPaqueteEmitido">
      <soap:operation soapAction="http://tempuri.org/IIntegracion/FV_RegistroPaqueteEmitido" style="document"/>
      <wsdl:input>
        <soap:body use="literal"/>
      </wsdl:input>
      <wsdl:output>
        <soap:body use="literal"/>
      </wsdl:output>
    </wsdl:operation>
    <wsdl:operation name="FV_CargarDocumentosElectronicosToeBillTxN">
      <soap:operation soapAction="http://tempuri.org/IIntegracion/FV_CargarDocumentosElectronicosToeBillTxN" style="document"/>
      <wsdl:input>
        <soap:body use="literal"/>
      </wsdl:input>
      <wsdl:output>
        <soap:body use="literal"/>
      </wsdl:output>
    </wsdl:operation>
    <wsdl:operation name="FV_CargarDocumentosElectronicosToeBillTxA">
      <soap:operation soapAction="http://tempuri.org/IIntegracion/FV_CargarDocumentosElectronicosToeBillTxA" style="document"/>
      <wsdl:input>
        <soap:body use="literal"/>
      </wsdl:input>
      <wsdl:output>
        <soap:body use="literal"/>
      </wsdl:output>
    </wsdl:operation>
    <wsdl:operation name="FV_RegistroEstadoPaqueteEmitido">
      <soap:operation soapAction="http://tempuri.org/IIntegracion/FV_RegistroEstadoPaqueteEmitido" style="document"/>
      <wsdl:input>
        <soap:body use="literal"/>
      </wsdl:input>
      <wsdl:output>
        <soap:body use="literal"/>
      </wsdl:output>
    </wsdl:operation>
    <wsdl:operation name="FV_EnviarDocumentoaDIAN">
      <soap:operation soapAction="http://tempuri.org/IIntegracion/FV_EnviarDocumentoaDIAN" style="document"/>
      <wsdl:input>
        <soap:body use="literal"/>
      </wsdl:input>
      <wsdl:output>
        <soap:body use="literal"/>
      </wsdl:output>
    </wsdl:operation>
    <wsdl:operation name="FV_EnviarDocumentoaDIAN_Contingencia">
      <soap:operation soapAction="http://tempuri.org/IIntegracion/FV_EnviarDocumentoaDIAN_Contingencia" style="document"/>
      <wsdl:input>
        <soap:body use="literal"/>
      </wsdl:input>
      <wsdl:output>
        <soap:body use="literal"/>
      </wsdl:output>
    </wsdl:operation>
    <wsdl:operation name="FV_LiberarDocumentosEstadoProcesamiento">
      <soap:operation soapAction="http://tempuri.org/IIntegracion/FV_LiberarDocumentosEstadoProcesamiento" style="document"/>
      <wsdl:input>
        <soap:body use="literal"/>
      </wsdl:input>
      <wsdl:output>
        <soap:body use="literal"/>
      </wsdl:output>
    </wsdl:operation>
    <wsdl:operation name="FV_LiberarPaquetesEstadoProcesamiento">
      <soap:operation soapAction="http://tempuri.org/IIntegracion/FV_LiberarPaquetesEstadoProcesamiento" style="document"/>
      <wsdl:input>
        <soap:body use="literal"/>
      </wsdl:input>
      <wsdl:output>
        <soap:body use="literal"/>
      </wsdl:output>
    </wsdl:operation>
    <wsdl:operation name="FV_LiberarDocsEmitidosEstadoProcesamiento">
      <soap:operation soapAction="http://tempuri.org/IIntegracion/FV_LiberarDocsEmitidosEstadoProcesamiento" style="document"/>
      <wsdl:input>
        <soap:body use="literal"/>
      </wsdl:input>
      <wsdl:output>
        <soap:body use="literal"/>
      </wsdl:output>
    </wsdl:operation>
    <wsdl:operation name="FV_ConsultaEstado_DIANV2">
      <soap:operation soapAction="http://tempuri.org/IIntegracion/FV_ConsultaEstado_DIANV2" style="document"/>
      <wsdl:input>
        <soap:body use="literal"/>
      </wsdl:input>
      <wsdl:output>
        <soap:body use="literal"/>
      </wsdl:output>
    </wsdl:operation>
    <wsdl:operation name="FV_ProcesarRespuestaEnvioSincrono">
      <soap:operation soapAction="http://tempuri.org/IIntegracion/FV_ProcesarRespuestaEnvioSincrono" style="document"/>
      <wsdl:input>
        <soap:body use="literal"/>
      </wsdl:input>
      <wsdl:output>
        <soap:body use="literal"/>
      </wsdl:output>
    </wsdl:operation>
    <wsdl:operation name="FV_ProcesarRespuestaEnvioAsincrono">
      <soap:operation soapAction="http://tempuri.org/IIntegracion/FV_ProcesarRespuestaEnvioAsincrono" style="document"/>
      <wsdl:input>
        <soap:body use="literal"/>
      </wsdl:input>
      <wsdl:output>
        <soap:body use="literal"/>
      </wsdl:output>
    </wsdl:operation>
    <wsdl:operation name="FV_RegistroEstadoDocEmitido">
      <soap:operation soapAction="http://tempuri.org/IIntegracion/FV_RegistroEstadoDocEmitido" style="document"/>
      <wsdl:input>
        <soap:body use="literal"/>
      </wsdl:input>
      <wsdl:output>
        <soap:body use="literal"/>
      </wsdl:output>
    </wsdl:operation>
    <wsdl:operation name="FV_TraerDocumentosEmitidosPendientesDeStatusDian">
      <soap:operation soapAction="http://tempuri.org/IIntegracion/FV_TraerDocumentosEmitidosPendientesDeStatusDian" style="document"/>
      <wsdl:input>
        <soap:body use="literal"/>
      </wsdl:input>
      <wsdl:output>
        <soap:body use="literal"/>
      </wsdl:output>
    </wsdl:operation>
    <wsdl:operation name="NuevoEventoLogeBill">
      <soap:operation soapAction="http://tempuri.org/IIntegracion/NuevoEventoLogeBill" style="document"/>
      <wsdl:input>
        <soap:body use="literal"/>
      </wsdl:input>
      <wsdl:output>
        <soap:body use="literal"/>
      </wsdl:output>
    </wsdl:operation>
    <wsdl:operation name="TraerIdUltimoDocumentoXEmpresa">
      <soap:operation soapAction="http://tempuri.org/IIntegracion/TraerIdUltimoDocumentoXEmpresa" style="document"/>
      <wsdl:input>
        <soap:body use="literal"/>
      </wsdl:input>
      <wsdl:output>
        <soap:body use="literal"/>
      </wsdl:output>
    </wsdl:operation>
    <wsdl:operation name="AlmacenarRegistroLogReglas">
      <soap:operation soapAction="http://tempuri.org/IIntegracion/AlmacenarRegistroLogReglas" style="document"/>
      <wsdl:input>
        <soap:body use="literal"/>
      </wsdl:input>
      <wsdl:output>
        <soap:body use="literal"/>
      </wsdl:output>
    </wsdl:operation>
    <wsdl:operation name="FV_TraerResumenReglasTotal">
      <soap:operation soapAction="http://tempuri.org/IIntegracion/FV_TraerResumenReglasTotal" style="document"/>
      <wsdl:input>
        <soap:body use="literal"/>
      </wsdl:input>
      <wsdl:output>
        <soap:body use="literal"/>
      </wsdl:output>
    </wsdl:operation>
    <wsdl:operation name="NegociarDocumentoFactoring">
      <soap:operation soapAction="http://tempuri.org/IIntegracion/NegociarDocumentoFactoring" style="document"/>
      <wsdl:input>
        <soap:body use="literal"/>
      </wsdl:input>
      <wsdl:output>
        <soap:body use="literal"/>
      </wsdl:output>
    </wsdl:operation>
    <wsdl:operation name="FV_CrearNombreArchivoZipDian">
      <soap:operation soapAction="http://tempuri.org/IIntegracion/FV_CrearNombreArchivoZipDian" style="document"/>
      <wsdl:input>
        <soap:body use="literal"/>
      </wsdl:input>
      <wsdl:output>
        <soap:body use="literal"/>
      </wsdl:output>
    </wsdl:operation>
    <wsdl:operation name="FV_ExisteContingenciaDianDeclarada">
      <soap:operation soapAction="http://tempuri.org/IIntegracion/FV_ExisteContingenciaDianDeclarada" style="document"/>
      <wsdl:input>
        <soap:body use="literal"/>
      </wsdl:input>
      <wsdl:output>
        <soap:body use="literal"/>
      </wsdl:output>
    </wsdl:operation>
    <wsdl:operation name="ExisteContingenciaDianDeclarada">
      <soap:operation soapAction="http://tempuri.org/IIntegracion/ExisteContingenciaDianDeclarada" style="document"/>
      <wsdl:input>
        <soap:body use="literal"/>
      </wsdl:input>
      <wsdl:output>
        <soap:body use="literal"/>
      </wsdl:output>
    </wsdl:operation>
    <wsdl:operation name="FV_TraerIncidenteContingenciaReciente">
      <soap:operation soapAction="http://tempuri.org/IIntegracion/FV_TraerIncidenteContingenciaReciente" style="document"/>
      <wsdl:input>
        <soap:body use="literal"/>
      </wsdl:input>
      <wsdl:output>
        <soap:body use="literal"/>
      </wsdl:output>
    </wsdl:operation>
    <wsdl:operation name="FV_RegistrarHeartBeatContingencia">
      <soap:operation soapAction="http://tempuri.org/IIntegracion/FV_RegistrarHeartBeatContingencia" style="document"/>
      <wsdl:input>
        <soap:body use="literal"/>
      </wsdl:input>
      <wsdl:output>
        <soap:body use="literal"/>
      </wsdl:output>
    </wsdl:operation>
    <wsdl:operation name="FV_ActualizarContingencia">
      <soap:operation soapAction="http://tempuri.org/IIntegracion/FV_ActualizarContingencia" style="document"/>
      <wsdl:input>
        <soap:body use="literal"/>
      </wsdl:input>
      <wsdl:output>
        <soap:body use="literal"/>
      </wsdl:output>
    </wsdl:operation>
    <wsdl:operation name="FV_RegistrarIncidenteContingencia">
      <soap:operation soapAction="http://tempuri.org/IIntegracion/FV_RegistrarIncidenteContingencia" style="document"/>
      <wsdl:input>
        <soap:body use="literal"/>
      </wsdl:input>
      <wsdl:output>
        <soap:body use="literal"/>
      </wsdl:output>
    </wsdl:operation>
    <wsdl:operation name="FV_TraerTiposIncidentesContingencia">
      <soap:operation soapAction="http://tempuri.org/IIntegracion/FV_TraerTiposIncidentesContingencia" style="document"/>
      <wsdl:input>
        <soap:body use="literal"/>
      </wsdl:input>
      <wsdl:output>
        <soap:body use="literal"/>
      </wsdl:output>
    </wsdl:operation>
    <wsdl:operation name="CargarPDFDocumentoElectronico_AgregarQR">
      <soap:operation soapAction="http://tempuri.org/IIntegracion/CargarPDFDocumentoElectronico_AgregarQR" style="document"/>
      <wsdl:input>
        <soap:body use="literal"/>
      </wsdl:input>
      <wsdl:output>
        <soap:body use="literal"/>
      </wsdl:output>
    </wsdl:operation>
    <wsdl:operation name="FV_CargarNotaDesdeFacturaToeBill">
      <soap:operation soapAction="http://tempuri.org/IIntegracion/FV_CargarNotaDesdeFacturaToeBill" style="document"/>
      <wsdl:input>
        <soap:body use="literal"/>
      </wsdl:input>
      <wsdl:output>
        <soap:body use="literal"/>
      </wsdl:output>
    </wsdl:operation>
    <wsdl:operation name="FV_GenerarReporteRecepcion">
      <soap:operation soapAction="http://tempuri.org/IIntegracion/FV_GenerarReporteRecepcion" style="document"/>
      <wsdl:input>
        <soap:body use="literal"/>
      </wsdl:input>
      <wsdl:output>
        <soap:body use="literal"/>
      </wsdl:output>
    </wsdl:operation>
    <wsdl:operation name="FV_GenerarReporteEmision">
      <soap:operation soapAction="http://tempuri.org/IIntegracion/FV_GenerarReporteEmision" style="document"/>
      <wsdl:input>
        <soap:body use="literal"/>
      </wsdl:input>
      <wsdl:output>
        <soap:body use="literal"/>
      </wsdl:output>
    </wsdl:operation>
    <wsdl:operation name="FV_GenerarReporteRecepcionPSV">
      <soap:operation soapAction="http://tempuri.org/IIntegracion/FV_GenerarReporteRecepcionPSV" style="document"/>
      <wsdl:input>
        <soap:body use="literal"/>
      </wsdl:input>
      <wsdl:output>
        <soap:body use="literal"/>
      </wsdl:output>
    </wsdl:operation>
    <wsdl:operation name="FV_GenerarReporteEmisionPSV">
      <soap:operation soapAction="http://tempuri.org/IIntegracion/FV_GenerarReporteEmisionPSV" style="document"/>
      <wsdl:input>
        <soap:body use="literal"/>
      </wsdl:input>
      <wsdl:output>
        <soap:body use="literal"/>
      </wsdl:output>
    </wsdl:operation>
    <wsdl:operation name="FV_SolicitaeBillPDF">
      <soap:operation soapAction="http://tempuri.org/IIntegracion/FV_SolicitaeBillPDF" style="document"/>
      <wsdl:input>
        <soap:body use="literal"/>
      </wsdl:input>
      <wsdl:output>
        <soap:body use="literal"/>
      </wsdl:output>
    </wsdl:operation>
    <wsdl:operation name="FV_GenerarReporteDocumentosEmitidosXFechaXEstado">
      <soap:operation soapAction="http://tempuri.org/IIntegracion/FV_GenerarReporteDocumentosEmitidosXFechaXEstado" style="document"/>
      <wsdl:input>
        <soap:body use="literal"/>
      </wsdl:input>
      <wsdl:output>
        <soap:body use="literal"/>
      </wsdl:output>
    </wsdl:operation>
    <wsdl:operation name="FV_GenerarReporteValidacionDocumentosRecibidos">
      <soap:operation soapAction="http://tempuri.org/IIntegracion/FV_GenerarReporteValidacionDocumentosRecibidos" style="document"/>
      <wsdl:input>
        <soap:body use="literal"/>
      </wsdl:input>
      <wsdl:output>
        <soap:body use="literal"/>
      </wsdl:output>
    </wsdl:operation>
    <wsdl:operation name="FV_ConsultaEstado_DIANV2Long">
      <soap:operation soapAction="http://tempuri.org/IIntegracion/FV_ConsultaEstado_DIANV2Long" style="document"/>
      <wsdl:input>
        <soap:body use="literal"/>
      </wsdl:input>
      <wsdl:output>
        <soap:body use="literal"/>
      </wsdl:output>
    </wsdl:operation>
  </wsdl:binding>
  <wsdl:service name="Integracion">
    <wsdl:port name="BasicHttpBinding_IIntegracion" binding="tns:BasicHttpBinding_IIntegracion">
      <soap:address location="http://testws.facturaenlinea.co/ServiciosFyM/eBill/Integracion.svc"/>
    </wsdl:port>
    <wsdl:port name="BasicHttpBinding_IIntegracion1" binding="tns:BasicHttpBinding_IIntegracion1">
      <soap:address location="https://fymtest.cloudapp.net:444/ServiciosFyM/eBill/Integracion.svc"/>
    </wsdl:port>
  </wsdl:service>
</wsdl:definitions>]]></con:content><con:type>http://schemas.xmlsoap.org/wsdl/</con:type></con:part><con:part><con:url>http://testws.facturaenlinea.co/ServiciosFyM/eBill/Integracion.svc?xsd=xsd0</con:url><con:content><![CDATA[<xs:schema elementFormDefault="qualified" targetNamespace="http://tempuri.org/" xmlns:xs="http://www.w3.org/2001/XMLSchema" xmlns:tns="http://tempuri.org/">
  <xs:import schemaLocation="http://testws.facturaenlinea.co/ServiciosFyM/eBill/Integracion.svc?xsd=xsd2" namespace="http://schemas.datacontract.org/2004/07/eBillCore"/>
  <xs:import schemaLocation="http://testws.facturaenlinea.co/ServiciosFyM/eBill/Integracion.svc?xsd=xsd3" namespace="http://schemas.microsoft.com/2003/10/Serialization/Arrays"/>
  <xs:import schemaLocation="http://testws.facturaenlinea.co/ServiciosFyM/eBill/Integracion.svc?xsd=xsd1" namespace="http://schemas.microsoft.com/2003/10/Serialization/"/>
  <xs:import schemaLocation="http://testws.facturaenlinea.co/ServiciosFyM/eBill/Integracion.svc?xsd=xsd4" namespace="http://schemas.datacontract.org/2004/07/DianResponse"/>
  <xs:import schemaLocation="http://testws.facturaenlinea.co/ServiciosFyM/eBill/Integracion.svc?xsd=xsd6" namespace="http://schemas.datacontract.org/2004/07/UploadDocumentResponse"/>
  <xs:element name="FV_NotificarFacturasExitosas_Seven">
    <xs:complexType>
      <xs:sequence>
        <xs:element minOccurs="0" name="token" nillable="true" type="xs:string"/>
        <xs:element minOccurs="0" name="Prefijo" nillable="true" type="xs:string"/>
        <xs:element minOccurs="0" name="NumeroCFD" type="xs:long"/>
        <xs:element minOccurs="0" name="TipoComprobante" type="xs:int"/>
        <xs:element minOccurs="0" name="idEmpresa" type="xs:int"/>
        <xs:element minOccurs="0" name="respuesta_eBill" nillable="true" type="xs:string"/>
        <xs:element minOccurs="0" name="credenciales" nillable="true" type="xs:string"/>
      </xs:sequence>
    </xs:complexType>
  </xs:element>
  <xs:element name="FV_NotificarFacturasExitosas_SevenResponse">
    <xs:complexType>
      <xs:sequence>
        <xs:element minOccurs="0" name="FV_NotificarFacturasExitosas_SevenResult" nillable="true" type="q1:respuesta_SDT" xmlns:q1="http://schemas.datacontract.org/2004/07/eBillCore"/>
      </xs:sequence>
    </xs:complexType>
  </xs:element>
  <xs:element name="RegistrarPagoDocumentoRadicadoNotificacionDian">
    <xs:complexType>
      <xs:sequence>
        <xs:element minOccurs="0" name="Registro" nillable="true" type="q2:RegistroPagoXFactura" xmlns:q2="http://schemas.datacontract.org/2004/07/eBillCore"/>
        <xs:element minOccurs="0" name="Token" nillable="true" type="xs:string"/>
      </xs:sequence>
    </xs:complexType>
  </xs:element>
  <xs:element name="RegistrarPagoDocumentoRadicadoNotificacionDianResponse">
    <xs:complexType>
      <xs:sequence>
        <xs:element minOccurs="0" name="RegistrarPagoDocumentoRadicadoNotificacionDianResult" nillable="true" type="xs:string"/>
      </xs:sequence>
    </xs:complexType>
  </xs:element>
  <xs:element name="SolicitaeBillPDFTAX_GR">
    <xs:complexType>
      <xs:sequence>
        <xs:element minOccurs="0" name="FacCab" nillable="true" type="q3:CFDCabConexion" xmlns:q3="http://schemas.datacontract.org/2004/07/eBillCore"/>
        <xs:element minOccurs="0" name="Opciones" nillable="true" type="q4:OpcionesConexion" xmlns:q4="http://schemas.datacontract.org/2004/07/eBillCore"/>
        <xs:element minOccurs="0" name="TipoComp" type="xs:int"/>
      </xs:sequence>
    </xs:complexType>
  </xs:element>
  <xs:element name="SolicitaeBillPDFTAX_GRResponse">
    <xs:complexType>
      <xs:sequence>
        <xs:element minOccurs="0" name="SolicitaeBillPDFTAX_GRResult" nillable="true" type="q5:respuesta_eBillWCF" xmlns:q5="http://schemas.datacontract.org/2004/07/eBillCore"/>
      </xs:sequence>
    </xs:complexType>
  </xs:element>
  <xs:element name="SolicitarEventosRecibidosXNitEmisorXDiaRec">
    <xs:complexType>
      <xs:sequence>
        <xs:element minOccurs="0" name="NitEmpresaEmisora" type="xs:int"/>
        <xs:element minOccurs="0" name="TokenEmpresaEmisora" nillable="true" type="xs:string"/>
        <xs:element minOccurs="0" name="fechaRadicacion" type="xs:dateTime"/>
        <xs:element minOccurs="0" name="EventosDocsEmitidos" type="xs:boolean"/>
        <xs:element minOccurs="0" name="TipoEvento" nillable="true" type="xs:string"/>
        <xs:element minOccurs="0" name="IncluirXML" type="xs:boolean"/>
      </xs:sequence>
    </xs:complexType>
  </xs:element>
  <xs:element name="SolicitarEventosRecibidosXNitEmisorXDiaRecResponse">
    <xs:complexType>
      <xs:sequence>
        <xs:element minOccurs="0" name="SolicitarEventosRecibidosXNitEmisorXDiaRecResult" nillable="true" type="q6:ArrayOfEvento_Documento_Electronico" xmlns:q6="http://schemas.datacontract.org/2004/07/eBillCore"/>
      </xs:sequence>
    </xs:complexType>
  </xs:element>
  <xs:element name="AceptacionTacitaDocumentosRadicadosNotificacionDIAN">
    <xs:complexType>
      <xs:sequence>
        <xs:element minOccurs="0" name="FacCab" nillable="true" type="q7:CFDCabConexionInt" xmlns:q7="http://schemas.datacontract.org/2004/07/eBillCore"/>
        <xs:element minOccurs="0" name="Opciones" nillable="true" type="q8:OpcionesConexion" xmlns:q8="http://schemas.datacontract.org/2004/07/eBillCore"/>
        <xs:element minOccurs="0" name="sFechaAceptacion" nillable="true" type="xs:string"/>
        <xs:element minOccurs="0" name="AprobadoPor" type="xs:int"/>
        <xs:element minOccurs="0" name="sNombreAprobador" nillable="true" type="xs:string"/>
        <xs:element minOccurs="0" name="sCorreoAprobador" nillable="true" type="xs:string"/>
      </xs:sequence>
    </xs:complexType>
  </xs:element>
  <xs:element name="AceptacionTacitaDocumentosRadicadosNotificacionDIANResponse">
    <xs:complexType>
      <xs:sequence>
        <xs:element minOccurs="0" name="AceptacionTacitaDocumentosRadicadosNotificacionDIANResult" nillable="true" type="xs:string"/>
      </xs:sequence>
    </xs:complexType>
  </xs:element>
  <xs:element name="AcuseReciboDocumentosRadicadosNotificacionDIAN">
    <xs:complexType>
      <xs:sequence>
        <xs:element minOccurs="0" name="FacCab" nillable="true" type="q9:CFDCabConexionInt" xmlns:q9="http://schemas.datacontract.org/2004/07/eBillCore"/>
        <xs:element minOccurs="0" name="Opciones" nillable="true" type="q10:OpcionesConexion" xmlns:q10="http://schemas.datacontract.org/2004/07/eBillCore"/>
        <xs:element minOccurs="0" name="sNombreAprobador" nillable="true" type="xs:string"/>
        <xs:element minOccurs="0" name="sCorreoAprobador" nillable="true" type="xs:string"/>
      </xs:sequence>
    </xs:complexType>
  </xs:element>
  <xs:element name="AcuseReciboDocumentosRadicadosNotificacionDIANResponse">
    <xs:complexType>
      <xs:sequence>
        <xs:element minOccurs="0" name="AcuseReciboDocumentosRadicadosNotificacionDIANResult" nillable="true" type="xs:string"/>
      </xs:sequence>
    </xs:complexType>
  </xs:element>
  <xs:element name="ReciboBienServicioRadicadosNotificacionDIAN">
    <xs:complexType>
      <xs:sequence>
        <xs:element minOccurs="0" name="FacCab" nillable="true" type="q11:CFDCabConexionInt" xmlns:q11="http://schemas.datacontract.org/2004/07/eBillCore"/>
        <xs:element minOccurs="0" name="Opciones" nillable="true" type="q12:OpcionesConexion" xmlns:q12="http://schemas.datacontract.org/2004/07/eBillCore"/>
        <xs:element minOccurs="0" name="sNombreAprobador" nillable="true" type="xs:string"/>
        <xs:element minOccurs="0" name="sCorreoAprobador" nillable="true" type="xs:string"/>
      </xs:sequence>
    </xs:complexType>
  </xs:element>
  <xs:element name="ReciboBienServicioRadicadosNotificacionDIANResponse">
    <xs:complexType>
      <xs:sequence>
        <xs:element minOccurs="0" name="ReciboBienServicioRadicadosNotificacionDIANResult" nillable="true" type="xs:string"/>
      </xs:sequence>
    </xs:complexType>
  </xs:element>
  <xs:element name="RegistrarIntentoFallidoRecepcion">
    <xs:complexType>
      <xs:sequence>
        <xs:element minOccurs="0" name="DatosDocEle" nillable="true" type="xs:string"/>
        <xs:element minOccurs="0" name="NitEmpresaReceptora" nillable="true" type="xs:string"/>
        <xs:element minOccurs="0" name="PrefijoDoc" nillable="true" type="xs:string"/>
        <xs:element minOccurs="0" name="NumeroDoc" type="xs:decimal"/>
        <xs:element minOccurs="0" name="DescripcionRechazo" nillable="true" type="xs:string"/>
        <xs:element minOccurs="0" name="TipoDocumento" type="xs:int"/>
        <xs:element minOccurs="0" name="NitEmpresaEmisora" nillable="true" type="xs:string"/>
      </xs:sequence>
    </xs:complexType>
  </xs:element>
  <xs:element name="RegistrarIntentoFallidoRecepcionResponse">
    <xs:complexType>
      <xs:sequence>
        <xs:element minOccurs="0" name="RegistrarIntentoFallidoRecepcionResult" type="xs:boolean"/>
      </xs:sequence>
    </xs:complexType>
  </xs:element>
  <xs:element name="RepararDocumentoExitosoDIAN">
    <xs:complexType>
      <xs:sequence>
        <xs:element minOccurs="0" name="NitEmpresaEmisora" nillable="true" type="xs:string"/>
        <xs:element minOccurs="0" name="TokenEmpresaEmisora" nillable="true" type="xs:string"/>
        <xs:element minOccurs="0" name="PrefijoDocumento" nillable="true" type="xs:string"/>
        <xs:element minOccurs="0" name="NumeroDocumento" type="xs:decimal"/>
        <xs:element minOccurs="0" name="TipoDocumento" type="xs:int"/>
      </xs:sequence>
    </xs:complexType>
  </xs:element>
  <xs:element name="RepararDocumentoExitosoDIANResponse">
    <xs:complexType>
      <xs:sequence>
        <xs:element minOccurs="0" name="RepararDocumentoExitosoDIANResult" nillable="true" type="xs:string"/>
      </xs:sequence>
    </xs:complexType>
  </xs:element>
  <xs:element name="SolicitareBillFacturasRadicadasRecepcionXRango_TerceroPagador">
    <xs:complexType>
      <xs:sequence>
        <xs:element minOccurs="0" name="FacCab" nillable="true" type="q13:CFDCabConexionRec" xmlns:q13="http://schemas.datacontract.org/2004/07/eBillCore"/>
        <xs:element minOccurs="0" name="fechaInicial" type="xs:dateTime"/>
        <xs:element minOccurs="0" name="fechaFinal" type="xs:dateTime"/>
        <xs:element minOccurs="0" name="Opciones" nillable="true" type="q14:OpcionesConexionInt" xmlns:q14="http://schemas.datacontract.org/2004/07/eBillCore"/>
      </xs:sequence>
    </xs:complexType>
  </xs:element>
  <xs:element name="SolicitareBillFacturasRadicadasRecepcionXRango_TerceroPagadorResponse">
    <xs:complexType>
      <xs:sequence>
        <xs:element minOccurs="0" name="SolicitareBillFacturasRadicadasRecepcionXRango_TerceroPagadorResult" nillable="true" type="q15:ArrayOfstring" xmlns:q15="http://schemas.microsoft.com/2003/10/Serialization/Arrays"/>
      </xs:sequence>
    </xs:complexType>
  </xs:element>
  <xs:element name="TraerAdjuntosXPrefijoXNumXTipoComp_TerceroPagador">
    <xs:complexType>
      <xs:sequence>
        <xs:element minOccurs="0" name="NitEmpresaReceptora" nillable="true" type="xs:string"/>
        <xs:element minOccurs="0" name="NitEmpresaEmisora" nillable="true" type="xs:string"/>
        <xs:element minOccurs="0" name="Prefijo" nillable="true" type="xs:string"/>
        <xs:element minOccurs="0" name="Numero" type="xs:long"/>
        <xs:element minOccurs="0" name="NumEnlace" nillable="true" type="xs:string"/>
        <xs:element minOccurs="0" name="TipoComprobante" type="xs:int"/>
        <xs:element minOccurs="0" name="Token" nillable="true" type="xs:string"/>
        <xs:element minOccurs="0" name="MultiAnexo" type="xs:boolean"/>
      </xs:sequence>
    </xs:complexType>
  </xs:element>
  <xs:element name="TraerAdjuntosXPrefijoXNumXTipoComp_TerceroPagadorResponse">
    <xs:complexType>
      <xs:sequence>
        <xs:element minOccurs="0" name="TraerAdjuntosXPrefijoXNumXTipoComp_TerceroPagadorResult" nillable="true" type="xs:base64Binary"/>
      </xs:sequence>
    </xs:complexType>
  </xs:element>
  <xs:element name="AcuerdoEBillVigente">
    <xs:complexType>
      <xs:sequence>
        <xs:element minOccurs="0" name="NitObligado" nillable="true" type="xs:string"/>
        <xs:element minOccurs="0" name="NitAdquiriente" nillable="true" type="xs:string"/>
      </xs:sequence>
    </xs:complexType>
  </xs:element>
  <xs:element name="AcuerdoEBillVigenteResponse">
    <xs:complexType>
      <xs:sequence>
        <xs:element minOccurs="0" name="AcuerdoEBillVigenteResult" nillable="true" type="xs:string"/>
      </xs:sequence>
    </xs:complexType>
  </xs:element>
  <xs:element name="CalculoContenidoTecnicoControl">
    <xs:complexType>
      <xs:sequence>
        <xs:element minOccurs="0" name="DatosBasicosFactura" nillable="true" type="xs:string"/>
      </xs:sequence>
    </xs:complexType>
  </xs:element>
  <xs:element name="CalculoContenidoTecnicoControlResponse">
    <xs:complexType>
      <xs:sequence>
        <xs:element minOccurs="0" name="CalculoContenidoTecnicoControlResult" nillable="true" type="xs:string"/>
      </xs:sequence>
    </xs:complexType>
  </xs:element>
  <xs:element name="CargarXML25CoreToeBill">
    <xs:complexType>
      <xs:sequence>
        <xs:element minOccurs="0" name="XMLCore" nillable="true" type="xs:base64Binary"/>
        <xs:element minOccurs="0" name="XMLExt" nillable="true" type="xs:base64Binary"/>
        <xs:element minOccurs="0" name="ValidarEstructura" type="xs:boolean"/>
      </xs:sequence>
    </xs:complexType>
  </xs:element>
  <xs:element name="CargarXML25CoreToeBillResponse">
    <xs:complexType>
      <xs:sequence>
        <xs:element minOccurs="0" name="CargarXML25CoreToeBillResult" nillable="true" type="xs:string"/>
      </xs:sequence>
    </xs:complexType>
  </xs:element>
  <xs:element name="CargarFacturasToeBillGeneric">
    <xs:complexType>
      <xs:sequence>
        <xs:element minOccurs="0" name="FacCab" nillable="true" type="q16:CFDCabConexion" xmlns:q16="http://schemas.datacontract.org/2004/07/eBillCore"/>
        <xs:element minOccurs="0" name="DetFac" nillable="true" type="q17:ArrayOfCFDDetConexion" xmlns:q17="http://schemas.datacontract.org/2004/07/eBillCore"/>
        <xs:element minOccurs="0" name="Opciones" nillable="true" type="q18:OpcionesConexion" xmlns:q18="http://schemas.datacontract.org/2004/07/eBillCore"/>
      </xs:sequence>
    </xs:complexType>
  </xs:element>
  <xs:element name="CargarFacturasToeBillGenericResponse">
    <xs:complexType>
      <xs:sequence>
        <xs:element minOccurs="0" name="CargarFacturasToeBillGenericResult" nillable="true" type="xs:string"/>
      </xs:sequence>
    </xs:complexType>
  </xs:element>
  <xs:element name="CargarFacturasToeBillGenericFix">
    <xs:complexType>
      <xs:sequence>
        <xs:element minOccurs="0" name="FacCab" nillable="true" type="q19:CFDCabConexion" xmlns:q19="http://schemas.datacontract.org/2004/07/eBillCore"/>
        <xs:element minOccurs="0" name="DetFac" nillable="true" type="q20:ArrayOfCFDDetConexion" xmlns:q20="http://schemas.datacontract.org/2004/07/eBillCore"/>
        <xs:element minOccurs="0" name="Opciones" nillable="true" type="q21:OpcionesConexion" xmlns:q21="http://schemas.datacontract.org/2004/07/eBillCore"/>
      </xs:sequence>
    </xs:complexType>
  </xs:element>
  <xs:element name="CargarFacturasToeBillGenericFixResponse">
    <xs:complexType>
      <xs:sequence>
        <xs:element minOccurs="0" name="CargarFacturasToeBillGenericFixResult" nillable="true" type="xs:string"/>
      </xs:sequence>
    </xs:complexType>
  </xs:element>
  <xs:element name="CargarNotasToeBillGeneric">
    <xs:complexType>
      <xs:sequence>
        <xs:element minOccurs="0" name="NotCab" nillable="true" type="q22:NCFDCabConexion" xmlns:q22="http://schemas.datacontract.org/2004/07/eBillCore"/>
        <xs:element minOccurs="0" name="DetNot" nillable="true" type="q23:ArrayOfNCFDDetConexion" xmlns:q23="http://schemas.datacontract.org/2004/07/eBillCore"/>
        <xs:element minOccurs="0" name="Opciones" nillable="true" type="q24:OpcionesConexion" xmlns:q24="http://schemas.datacontract.org/2004/07/eBillCore"/>
      </xs:sequence>
    </xs:complexType>
  </xs:element>
  <xs:element name="CargarNotasToeBillGenericResponse">
    <xs:complexType>
      <xs:sequence>
        <xs:element minOccurs="0" name="CargarNotasToeBillGenericResult" nillable="true" type="xs:string"/>
      </xs:sequence>
    </xs:complexType>
  </xs:element>
  <xs:element name="CargarFacturasToeBillGenericTAX">
    <xs:complexType>
      <xs:sequence>
        <xs:element minOccurs="0" name="FacCab" nillable="true" type="q25:CFDCabConexionTAX" xmlns:q25="http://schemas.datacontract.org/2004/07/eBillCore"/>
        <xs:element minOccurs="0" name="DetFac" nillable="true" type="q26:ArrayOfCFDDetConexion" xmlns:q26="http://schemas.datacontract.org/2004/07/eBillCore"/>
        <xs:element minOccurs="0" name="Opciones" nillable="true" type="q27:OpcionesConexion" xmlns:q27="http://schemas.datacontract.org/2004/07/eBillCore"/>
      </xs:sequence>
    </xs:complexType>
  </xs:element>
  <xs:element name="CargarFacturasToeBillGenericTAXResponse">
    <xs:complexType>
      <xs:sequence>
        <xs:element minOccurs="0" name="CargarFacturasToeBillGenericTAXResult" nillable="true" type="xs:string"/>
      </xs:sequence>
    </xs:complexType>
  </xs:element>
  <xs:element name="CargarNotasToeBillGenericTAX">
    <xs:complexType>
      <xs:sequence>
        <xs:element minOccurs="0" name="NotCab" nillable="true" type="q28:NCFDCabConexion" xmlns:q28="http://schemas.datacontract.org/2004/07/eBillCore"/>
        <xs:element minOccurs="0" name="DetNot" nillable="true" type="q29:ArrayOfNCFDDetConexion" xmlns:q29="http://schemas.datacontract.org/2004/07/eBillCore"/>
        <xs:element minOccurs="0" name="Opciones" nillable="true" type="q30:OpcionesConexion" xmlns:q30="http://schemas.datacontract.org/2004/07/eBillCore"/>
      </xs:sequence>
    </xs:complexType>
  </xs:element>
  <xs:element name="CargarNotasToeBillGenericTAXResponse">
    <xs:complexType>
      <xs:sequence>
        <xs:element minOccurs="0" name="CargarNotasToeBillGenericTAXResult" nillable="true" type="xs:string"/>
      </xs:sequence>
    </xs:complexType>
  </xs:element>
  <xs:element name="RecibePDFNumrot">
    <xs:complexType>
      <xs:sequence>
        <xs:element minOccurs="0" name="DatosBasicosFactura" nillable="true" type="xs:string"/>
        <xs:element minOccurs="0" name="ArchivopPDF" nillable="true" type="xs:base64Binary"/>
        <xs:element minOccurs="0" name="Actualiza" type="xs:boolean"/>
      </xs:sequence>
    </xs:complexType>
  </xs:element>
  <xs:element name="RecibePDFNumrotResponse">
    <xs:complexType>
      <xs:sequence>
        <xs:element minOccurs="0" name="RecibePDFNumrotResult" nillable="true" type="xs:string"/>
      </xs:sequence>
    </xs:complexType>
  </xs:element>
  <xs:element name="SolicitaeBillPDF">
    <xs:complexType>
      <xs:sequence>
        <xs:element minOccurs="0" name="FacCab" nillable="true" type="q31:CFDCabConexion" xmlns:q31="http://schemas.datacontract.org/2004/07/eBillCore"/>
        <xs:element minOccurs="0" name="Opciones" nillable="true" type="q32:OpcionesConexion" xmlns:q32="http://schemas.datacontract.org/2004/07/eBillCore"/>
        <xs:element minOccurs="0" name="EsNota" type="xs:boolean"/>
      </xs:sequence>
    </xs:complexType>
  </xs:element>
  <xs:element name="SolicitaeBillPDFResponse">
    <xs:complexType>
      <xs:sequence>
        <xs:element minOccurs="0" name="SolicitaeBillPDFResult" nillable="true" type="xs:base64Binary"/>
      </xs:sequence>
    </xs:complexType>
  </xs:element>
  <xs:element name="SolicitaeBillPDFTAX">
    <xs:complexType>
      <xs:sequence>
        <xs:element minOccurs="0" name="FacCab" nillable="true" type="q33:CFDCabConexion" xmlns:q33="http://schemas.datacontract.org/2004/07/eBillCore"/>
        <xs:element minOccurs="0" name="Opciones" nillable="true" type="q34:OpcionesConexion" xmlns:q34="http://schemas.datacontract.org/2004/07/eBillCore"/>
        <xs:element minOccurs="0" name="TipoComp" type="xs:int"/>
      </xs:sequence>
    </xs:complexType>
  </xs:element>
  <xs:element name="SolicitaeBillPDFTAXResponse">
    <xs:complexType>
      <xs:sequence>
        <xs:element minOccurs="0" name="SolicitaeBillPDFTAXResult" nillable="true" type="xs:base64Binary"/>
      </xs:sequence>
    </xs:complexType>
  </xs:element>
  <xs:element name="NotificarFacturasPagadas">
    <xs:complexType>
      <xs:sequence>
        <xs:element minOccurs="0" name="Facturas" nillable="true" type="q35:ArrayOfCFDCabConexion" xmlns:q35="http://schemas.datacontract.org/2004/07/eBillCore"/>
        <xs:element minOccurs="0" name="Opciones" nillable="true" type="q36:OpcionesConexion" xmlns:q36="http://schemas.datacontract.org/2004/07/eBillCore"/>
      </xs:sequence>
    </xs:complexType>
  </xs:element>
  <xs:element name="NotificarFacturasPagadasResponse">
    <xs:complexType>
      <xs:sequence>
        <xs:element minOccurs="0" name="NotificarFacturasPagadasResult" nillable="true" type="xs:string"/>
      </xs:sequence>
    </xs:complexType>
  </xs:element>
  <xs:element name="NotificarFacturasPagadasTAX">
    <xs:complexType>
      <xs:sequence>
        <xs:element minOccurs="0" name="Facturas" nillable="true" type="q37:ArrayOfCFDCabConexion" xmlns:q37="http://schemas.datacontract.org/2004/07/eBillCore"/>
        <xs:element minOccurs="0" name="Opciones" nillable="true" type="q38:OpcionesConexion" xmlns:q38="http://schemas.datacontract.org/2004/07/eBillCore"/>
      </xs:sequence>
    </xs:complexType>
  </xs:element>
  <xs:element name="NotificarFacturasPagadasTAXResponse">
    <xs:complexType>
      <xs:sequence>
        <xs:element minOccurs="0" name="NotificarFacturasPagadasTAXResult" nillable="true" type="xs:string"/>
      </xs:sequence>
    </xs:complexType>
  </xs:element>
  <xs:element name="NotificarFacturasAnuladasTAX">
    <xs:complexType>
      <xs:sequence>
        <xs:element minOccurs="0" name="Facturas" nillable="true" type="q39:ArrayOfCFDCabConexion" xmlns:q39="http://schemas.datacontract.org/2004/07/eBillCore"/>
        <xs:element minOccurs="0" name="Opciones" nillable="true" type="q40:OpcionesConexion" xmlns:q40="http://schemas.datacontract.org/2004/07/eBillCore"/>
        <xs:element minOccurs="0" name="TipoComp" type="xs:int"/>
      </xs:sequence>
    </xs:complexType>
  </xs:element>
  <xs:element name="NotificarFacturasAnuladasTAXResponse">
    <xs:complexType>
      <xs:sequence>
        <xs:element minOccurs="0" name="NotificarFacturasAnuladasTAXResult" nillable="true" type="xs:string"/>
      </xs:sequence>
    </xs:complexType>
  </xs:element>
  <xs:element name="CargarDocumentosElectronicosToeBillGenericTAX">
    <xs:complexType>
      <xs:sequence>
        <xs:element minOccurs="0" name="FacCab" nillable="true" type="q41:CFDCabConexionTAX" xmlns:q41="http://schemas.datacontract.org/2004/07/eBillCore"/>
        <xs:element minOccurs="0" name="DetFac" nillable="true" type="q42:ArrayOfCFDDetConexion" xmlns:q42="http://schemas.datacontract.org/2004/07/eBillCore"/>
        <xs:element minOccurs="0" name="Opciones" nillable="true" type="q43:OpcionesConexion" xmlns:q43="http://schemas.datacontract.org/2004/07/eBillCore"/>
      </xs:sequence>
    </xs:complexType>
  </xs:element>
  <xs:element name="CargarDocumentosElectronicosToeBillGenericTAXResponse">
    <xs:complexType>
      <xs:sequence>
        <xs:element minOccurs="0" name="CargarDocumentosElectronicosToeBillGenericTAXResult" nillable="true" type="xs:string"/>
      </xs:sequence>
    </xs:complexType>
  </xs:element>
  <xs:element name="CargarDocumentosElectronicosToeBillGenericFULL">
    <xs:complexType>
      <xs:sequence>
        <xs:element minOccurs="0" name="FacCab" nillable="true" type="q44:CFDCabConexionInt" xmlns:q44="http://schemas.datacontract.org/2004/07/eBillCore"/>
        <xs:element minOccurs="0" name="DetFac" nillable="true" type="q45:ArrayOfCFDDetConexionInt" xmlns:q45="http://schemas.datacontract.org/2004/07/eBillCore"/>
        <xs:element minOccurs="0" name="Opciones" nillable="true" type="q46:OpcionesConexionInt" xmlns:q46="http://schemas.datacontract.org/2004/07/eBillCore"/>
      </xs:sequence>
    </xs:complexType>
  </xs:element>
  <xs:element name="CargarDocumentosElectronicosToeBillGenericFULLResponse">
    <xs:complexType>
      <xs:sequence>
        <xs:element minOccurs="0" name="CargarDocumentosElectronicosToeBillGenericFULLResult" nillable="true" type="xs:string"/>
      </xs:sequence>
    </xs:complexType>
  </xs:element>
  <xs:element name="SolicitaDatosDocumentoElectronico">
    <xs:complexType>
      <xs:sequence>
        <xs:element minOccurs="0" name="FacCab" nillable="true" type="q47:CFDCabConexionInt" xmlns:q47="http://schemas.datacontract.org/2004/07/eBillCore"/>
        <xs:element minOccurs="0" name="Opciones" nillable="true" type="q48:OpcionesConexionInt" xmlns:q48="http://schemas.datacontract.org/2004/07/eBillCore"/>
      </xs:sequence>
    </xs:complexType>
  </xs:element>
  <xs:element name="SolicitaDatosDocumentoElectronicoResponse">
    <xs:complexType>
      <xs:sequence>
        <xs:element minOccurs="0" name="SolicitaDatosDocumentoElectronicoResult" nillable="true" type="q49:CFDCabConexionInt" xmlns:q49="http://schemas.datacontract.org/2004/07/eBillCore"/>
      </xs:sequence>
    </xs:complexType>
  </xs:element>
  <xs:element name="SolicitaeBillPDFXCodigo">
    <xs:complexType>
      <xs:sequence>
        <xs:element minOccurs="0" name="CodigoUnico" nillable="true" type="xs:string"/>
      </xs:sequence>
    </xs:complexType>
  </xs:element>
  <xs:element name="SolicitaeBillPDFXCodigoResponse">
    <xs:complexType>
      <xs:sequence>
        <xs:element minOccurs="0" name="SolicitaeBillPDFXCodigoResult" nillable="true" type="xs:base64Binary"/>
      </xs:sequence>
    </xs:complexType>
  </xs:element>
  <xs:element name="CargarPDFDocumentoElectronico">
    <xs:complexType>
      <xs:sequence>
        <xs:element minOccurs="0" name="PDFFac" nillable="true" type="xs:base64Binary"/>
        <xs:element minOccurs="0" name="FacCab" nillable="true" type="q50:CFDCabConexionInt" xmlns:q50="http://schemas.datacontract.org/2004/07/eBillCore"/>
        <xs:element minOccurs="0" name="Opciones" nillable="true" type="q51:OpcionesConexionInt" xmlns:q51="http://schemas.datacontract.org/2004/07/eBillCore"/>
        <xs:element minOccurs="0" name="facturaMinimaLegal" type="xs:boolean"/>
        <xs:element minOccurs="0" name="ZIPAnexosFac" nillable="true" type="xs:base64Binary"/>
      </xs:sequence>
    </xs:complexType>
  </xs:element>
  <xs:element name="CargarPDFDocumentoElectronicoResponse">
    <xs:complexType>
      <xs:sequence>
        <xs:element minOccurs="0" name="CargarPDFDocumentoElectronicoResult" nillable="true" type="xs:string"/>
      </xs:sequence>
    </xs:complexType>
  </xs:element>
  <xs:element name="CargarDocumentosElectronicosToeBillGenericFULLDesdePDF">
    <xs:complexType>
      <xs:sequence>
        <xs:element minOccurs="0" name="PDFFac" nillable="true" type="xs:base64Binary"/>
        <xs:element minOccurs="0" name="CoorListXPage" nillable="true" type="q52:ArrayOfCoordenadasPixelesByPage" xmlns:q52="http://schemas.datacontract.org/2004/07/eBillCore"/>
        <xs:element minOccurs="0" name="FacCab" nillable="true" type="q53:CFDCabConexionInt" xmlns:q53="http://schemas.datacontract.org/2004/07/eBillCore"/>
        <xs:element minOccurs="0" name="DetFac" nillable="true" type="q54:ArrayOfCFDDetConexionInt" xmlns:q54="http://schemas.datacontract.org/2004/07/eBillCore"/>
        <xs:element minOccurs="0" name="Opciones" nillable="true" type="q55:OpcionesConexionInt" xmlns:q55="http://schemas.datacontract.org/2004/07/eBillCore"/>
      </xs:sequence>
    </xs:complexType>
  </xs:element>
  <xs:element name="CargarDocumentosElectronicosToeBillGenericFULLDesdePDFResponse">
    <xs:complexType>
      <xs:sequence>
        <xs:element minOccurs="0" name="CargarDocumentosElectronicosToeBillGenericFULLDesdePDFResult" nillable="true" type="xs:string"/>
      </xs:sequence>
    </xs:complexType>
  </xs:element>
  <xs:element name="CargarNotaDesdeFacturaToeBill">
    <xs:complexType>
      <xs:sequence>
        <xs:element minOccurs="0" name="FacCab" nillable="true" type="q56:CFDCabConexionInt" xmlns:q56="http://schemas.datacontract.org/2004/07/eBillCore"/>
        <xs:element minOccurs="0" name="Opciones" nillable="true" type="q57:OpcionesConexionInt" xmlns:q57="http://schemas.datacontract.org/2004/07/eBillCore"/>
      </xs:sequence>
    </xs:complexType>
  </xs:element>
  <xs:element name="CargarNotaDesdeFacturaToeBillResponse">
    <xs:complexType>
      <xs:sequence>
        <xs:element minOccurs="0" name="CargarNotaDesdeFacturaToeBillResult" nillable="true" type="xs:string"/>
      </xs:sequence>
    </xs:complexType>
  </xs:element>
  <xs:element name="TraerEstadoCuentaXCliente">
    <xs:complexType>
      <xs:sequence>
        <xs:element minOccurs="0" name="FacCab" nillable="true" type="q58:CFDCabConexionInt" xmlns:q58="http://schemas.datacontract.org/2004/07/eBillCore"/>
        <xs:element minOccurs="0" name="Opciones" nillable="true" type="q59:OpcionesConexionInt" xmlns:q59="http://schemas.datacontract.org/2004/07/eBillCore"/>
      </xs:sequence>
    </xs:complexType>
  </xs:element>
  <xs:element name="TraerEstadoCuentaXClienteResponse">
    <xs:complexType>
      <xs:sequence>
        <xs:element minOccurs="0" name="TraerEstadoCuentaXClienteResult" nillable="true" type="xs:base64Binary"/>
      </xs:sequence>
    </xs:complexType>
  </xs:element>
  <xs:element name="CargarDocumentosElectronicosToeBillGenericFULLImp">
    <xs:complexType>
      <xs:sequence>
        <xs:element minOccurs="0" name="FacCab" nillable="true" type="q60:CFDCabConexionInt" xmlns:q60="http://schemas.datacontract.org/2004/07/eBillCore"/>
        <xs:element minOccurs="0" name="DetFac" nillable="true" type="q61:ArrayOfCFDDetConexionInt" xmlns:q61="http://schemas.datacontract.org/2004/07/eBillCore"/>
        <xs:element minOccurs="0" name="CabImp" nillable="true" type="q62:ArrayOfCFDCabImpuestosConexionInt" xmlns:q62="http://schemas.datacontract.org/2004/07/eBillCore"/>
        <xs:element minOccurs="0" name="Opciones" nillable="true" type="q63:OpcionesConexionInt" xmlns:q63="http://schemas.datacontract.org/2004/07/eBillCore"/>
      </xs:sequence>
    </xs:complexType>
  </xs:element>
  <xs:element name="CargarDocumentosElectronicosToeBillGenericFULLImpResponse">
    <xs:complexType>
      <xs:sequence>
        <xs:element minOccurs="0" name="CargarDocumentosElectronicosToeBillGenericFULLImpResult" nillable="true" type="xs:string"/>
      </xs:sequence>
    </xs:complexType>
  </xs:element>
  <xs:element name="RecepcionDocumentosElectronicos">
    <xs:complexType>
      <xs:sequence>
        <xs:element minOccurs="0" name="TokenAdm" type="q64:guid" xmlns:q64="http://schemas.microsoft.com/2003/10/Serialization/"/>
        <xs:element minOccurs="0" name="DatosDocEle" nillable="true" type="xs:string"/>
        <xs:element minOccurs="0" name="PDFFac" nillable="true" type="xs:base64Binary"/>
        <xs:element minOccurs="0" name="XMLFac" nillable="true" type="xs:base64Binary"/>
        <xs:element minOccurs="0" name="ZIPAnexosFac" nillable="true" type="xs:base64Binary"/>
      </xs:sequence>
    </xs:complexType>
  </xs:element>
  <xs:element name="RecepcionDocumentosElectronicosResponse">
    <xs:complexType>
      <xs:sequence>
        <xs:element minOccurs="0" name="RecepcionDocumentosElectronicosResult" type="xs:boolean"/>
      </xs:sequence>
    </xs:complexType>
  </xs:element>
  <xs:element name="SolicitareBillFacturasRadicadasRecepcion">
    <xs:complexType>
      <xs:sequence>
        <xs:element minOccurs="0" name="FacCab" nillable="true" type="q65:CFDCabConexionRec" xmlns:q65="http://schemas.datacontract.org/2004/07/eBillCore"/>
        <xs:element minOccurs="0" name="Opciones" nillable="true" type="q66:OpcionesConexionInt" xmlns:q66="http://schemas.datacontract.org/2004/07/eBillCore"/>
      </xs:sequence>
    </xs:complexType>
  </xs:element>
  <xs:element name="SolicitareBillFacturasRadicadasRecepcionResponse">
    <xs:complexType>
      <xs:sequence>
        <xs:element minOccurs="0" name="SolicitareBillFacturasRadicadasRecepcionResult" nillable="true" type="q67:ArrayOfstring" xmlns:q67="http://schemas.microsoft.com/2003/10/Serialization/Arrays"/>
      </xs:sequence>
    </xs:complexType>
  </xs:element>
  <xs:element name="SolicitaeBillPDFRecepcion">
    <xs:complexType>
      <xs:sequence>
        <xs:element minOccurs="0" name="FacCab" nillable="true" type="q68:CFDCabConexionRec" xmlns:q68="http://schemas.datacontract.org/2004/07/eBillCore"/>
        <xs:element minOccurs="0" name="Opciones" nillable="true" type="q69:OpcionesConexionInt" xmlns:q69="http://schemas.datacontract.org/2004/07/eBillCore"/>
      </xs:sequence>
    </xs:complexType>
  </xs:element>
  <xs:element name="SolicitaeBillPDFRecepcionResponse">
    <xs:complexType>
      <xs:sequence>
        <xs:element minOccurs="0" name="SolicitaeBillPDFRecepcionResult" nillable="true" type="xs:base64Binary"/>
      </xs:sequence>
    </xs:complexType>
  </xs:element>
  <xs:element name="SolicitaeBillPDFRecepcion_TerceroPagador">
    <xs:complexType>
      <xs:sequence>
        <xs:element minOccurs="0" name="FacCab" nillable="true" type="q70:CFDCabConexionRec" xmlns:q70="http://schemas.datacontract.org/2004/07/eBillCore"/>
        <xs:element minOccurs="0" name="Opciones" nillable="true" type="q71:OpcionesConexionInt" xmlns:q71="http://schemas.datacontract.org/2004/07/eBillCore"/>
      </xs:sequence>
    </xs:complexType>
  </xs:element>
  <xs:element name="SolicitaeBillPDFRecepcion_TerceroPagadorResponse">
    <xs:complexType>
      <xs:sequence>
        <xs:element minOccurs="0" name="SolicitaeBillPDFRecepcion_TerceroPagadorResult" nillable="true" type="xs:base64Binary"/>
      </xs:sequence>
    </xs:complexType>
  </xs:element>
  <xs:element name="SolicitaCreareBillResoluciones">
    <xs:complexType>
      <xs:sequence>
        <xs:element minOccurs="0" name="FacCab" nillable="true" type="q72:CFDCabConexionRes" xmlns:q72="http://schemas.datacontract.org/2004/07/eBillCore"/>
        <xs:element minOccurs="0" name="Opciones" nillable="true" type="q73:OpcionesConexionInt" xmlns:q73="http://schemas.datacontract.org/2004/07/eBillCore"/>
      </xs:sequence>
    </xs:complexType>
  </xs:element>
  <xs:element name="SolicitaCreareBillResolucionesResponse">
    <xs:complexType>
      <xs:sequence>
        <xs:element minOccurs="0" name="SolicitaCreareBillResolucionesResult" type="xs:boolean"/>
      </xs:sequence>
    </xs:complexType>
  </xs:element>
  <xs:element name="CargarDocumentosElectronicosToeBillGenericFULLPDFCUFE">
    <xs:complexType>
      <xs:sequence>
        <xs:element minOccurs="0" name="PDFFac" nillable="true" type="xs:base64Binary"/>
        <xs:element minOccurs="0" name="FacCab" nillable="true" type="q74:CFDCabConexionInt" xmlns:q74="http://schemas.datacontract.org/2004/07/eBillCore"/>
        <xs:element minOccurs="0" name="DetFac" nillable="true" type="q75:ArrayOfCFDDetConexionInt" xmlns:q75="http://schemas.datacontract.org/2004/07/eBillCore"/>
        <xs:element minOccurs="0" name="Opciones" nillable="true" type="q76:OpcionesConexionInt" xmlns:q76="http://schemas.datacontract.org/2004/07/eBillCore"/>
      </xs:sequence>
    </xs:complexType>
  </xs:element>
  <xs:element name="CargarDocumentosElectronicosToeBillGenericFULLPDFCUFEResponse">
    <xs:complexType>
      <xs:sequence>
        <xs:element minOccurs="0" name="CargarDocumentosElectronicosToeBillGenericFULLPDFCUFEResult" nillable="true" type="xs:string"/>
      </xs:sequence>
    </xs:complexType>
  </xs:element>
  <xs:element name="ActualizarEstadosOCRecepcion">
    <xs:complexType>
      <xs:sequence>
        <xs:element minOccurs="0" name="FacCab" nillable="true" type="q77:CFDCabConexionInt" xmlns:q77="http://schemas.datacontract.org/2004/07/eBillCore"/>
        <xs:element minOccurs="0" name="Opciones" nillable="true" type="q78:OpcionesConexion" xmlns:q78="http://schemas.datacontract.org/2004/07/eBillCore"/>
        <xs:element minOccurs="0" name="CodRep" nillable="true" type="xs:string"/>
        <xs:element minOccurs="0" name="tipoEstado" type="xs:int"/>
      </xs:sequence>
    </xs:complexType>
  </xs:element>
  <xs:element name="ActualizarEstadosOCRecepcionResponse">
    <xs:complexType>
      <xs:sequence>
        <xs:element minOccurs="0" name="ActualizarEstadosOCRecepcionResult" type="xs:boolean"/>
      </xs:sequence>
    </xs:complexType>
  </xs:element>
  <xs:element name="CargarDocumentosElectronicosToeBillGenericFULLFacturaMinimaLegal">
    <xs:complexType>
      <xs:sequence>
        <xs:element minOccurs="0" name="PDFFac" nillable="true" type="xs:base64Binary"/>
        <xs:element minOccurs="0" name="FacCab" nillable="true" type="q79:CFDCabConexionInt" xmlns:q79="http://schemas.datacontract.org/2004/07/eBillCore"/>
        <xs:element minOccurs="0" name="DetFac" nillable="true" type="q80:ArrayOfCFDDetConexionInt" xmlns:q80="http://schemas.datacontract.org/2004/07/eBillCore"/>
        <xs:element minOccurs="0" name="Opciones" nillable="true" type="q81:OpcionesConexionInt" xmlns:q81="http://schemas.datacontract.org/2004/07/eBillCore"/>
      </xs:sequence>
    </xs:complexType>
  </xs:element>
  <xs:element name="CargarDocumentosElectronicosToeBillGenericFULLFacturaMinimaLegalResponse">
    <xs:complexType>
      <xs:sequence>
        <xs:element minOccurs="0" name="CargarDocumentosElectronicosToeBillGenericFULLFacturaMinimaLegalResult" nillable="true" type="xs:string"/>
      </xs:sequence>
    </xs:complexType>
  </xs:element>
  <xs:element name="RechazarDocumentosRadicados">
    <xs:complexType>
      <xs:sequence>
        <xs:element minOccurs="0" name="FacCab" nillable="true" type="q82:CFDCabConexionInt" xmlns:q82="http://schemas.datacontract.org/2004/07/eBillCore"/>
        <xs:element minOccurs="0" name="Opciones" nillable="true" type="q83:OpcionesConexion" xmlns:q83="http://schemas.datacontract.org/2004/07/eBillCore"/>
        <xs:element minOccurs="0" name="fechaRechazo" nillable="true" type="xs:string"/>
        <xs:element minOccurs="0" name="motivoRechazo" nillable="true" type="xs:string"/>
      </xs:sequence>
    </xs:complexType>
  </xs:element>
  <xs:element name="RechazarDocumentosRadicadosResponse">
    <xs:complexType>
      <xs:sequence>
        <xs:element minOccurs="0" name="RechazarDocumentosRadicadosResult" type="xs:boolean"/>
      </xs:sequence>
    </xs:complexType>
  </xs:element>
  <xs:element name="RechazarDocumentosRadicadosNotificacionDIAN">
    <xs:complexType>
      <xs:sequence>
        <xs:element minOccurs="0" name="FacCab" nillable="true" type="q84:CFDCabConexionInt" xmlns:q84="http://schemas.datacontract.org/2004/07/eBillCore"/>
        <xs:element minOccurs="0" name="Opciones" nillable="true" type="q85:OpcionesConexion" xmlns:q85="http://schemas.datacontract.org/2004/07/eBillCore"/>
        <xs:element minOccurs="0" name="sFechaRechazo" nillable="true" type="xs:string"/>
        <xs:element minOccurs="0" name="iIdMotivoRechazo" type="xs:short"/>
        <xs:element minOccurs="0" name="sCorreoRechaza" nillable="true" type="xs:string"/>
        <xs:element minOccurs="0" name="sNombreRechaza" nillable="true" type="xs:string"/>
        <xs:element minOccurs="0" name="sMotivoEmpresa" nillable="true" type="xs:string"/>
        <xs:element minOccurs="0" name="sObservaciones" nillable="true" type="xs:string"/>
      </xs:sequence>
    </xs:complexType>
  </xs:element>
  <xs:element name="RechazarDocumentosRadicadosNotificacionDIANResponse">
    <xs:complexType>
      <xs:sequence>
        <xs:element minOccurs="0" name="RechazarDocumentosRadicadosNotificacionDIANResult" nillable="true" type="xs:string"/>
      </xs:sequence>
    </xs:complexType>
  </xs:element>
  <xs:element name="AceptarDocumentosRadicadosNotificacionDIAN">
    <xs:complexType>
      <xs:sequence>
        <xs:element minOccurs="0" name="FacCab" nillable="true" type="q86:CFDCabConexionInt" xmlns:q86="http://schemas.datacontract.org/2004/07/eBillCore"/>
        <xs:element minOccurs="0" name="Opciones" nillable="true" type="q87:OpcionesConexion" xmlns:q87="http://schemas.datacontract.org/2004/07/eBillCore"/>
        <xs:element minOccurs="0" name="sFechaAceptacion" nillable="true" type="xs:string"/>
        <xs:element minOccurs="0" name="sNombreAprobador" nillable="true" type="xs:string"/>
        <xs:element minOccurs="0" name="sCorreoAprobador" nillable="true" type="xs:string"/>
      </xs:sequence>
    </xs:complexType>
  </xs:element>
  <xs:element name="AceptarDocumentosRadicadosNotificacionDIANResponse">
    <xs:complexType>
      <xs:sequence>
        <xs:element minOccurs="0" name="AceptarDocumentosRadicadosNotificacionDIANResult" nillable="true" type="xs:string"/>
      </xs:sequence>
    </xs:complexType>
  </xs:element>
  <xs:element name="SolicitaeBillPDFTAXLong">
    <xs:complexType>
      <xs:sequence>
        <xs:element minOccurs="0" name="FacCab" nillable="true" type="q88:CFDCabConexionPDF" xmlns:q88="http://schemas.datacontract.org/2004/07/eBillCore"/>
        <xs:element minOccurs="0" name="Opciones" nillable="true" type="q89:OpcionesConexion" xmlns:q89="http://schemas.datacontract.org/2004/07/eBillCore"/>
        <xs:element minOccurs="0" name="TipoComp" type="xs:int"/>
      </xs:sequence>
    </xs:complexType>
  </xs:element>
  <xs:element name="SolicitaeBillPDFTAXLongResponse">
    <xs:complexType>
      <xs:sequence>
        <xs:element minOccurs="0" name="SolicitaeBillPDFTAXLongResult" nillable="true" type="xs:base64Binary"/>
      </xs:sequence>
    </xs:complexType>
  </xs:element>
  <xs:element name="CrearProveedoreseBill">
    <xs:complexType>
      <xs:sequence>
        <xs:element minOccurs="0" name="FacCab" nillable="true" type="q90:CFDCabProveedor" xmlns:q90="http://schemas.datacontract.org/2004/07/eBillCore"/>
        <xs:element minOccurs="0" name="Opciones" nillable="true" type="q91:OpcionesConexionInt" xmlns:q91="http://schemas.datacontract.org/2004/07/eBillCore"/>
        <xs:element minOccurs="0" name="notificarPortalPIV" type="xs:boolean"/>
        <xs:element minOccurs="0" name="fechaFacturas" nillable="true" type="xs:string"/>
      </xs:sequence>
    </xs:complexType>
  </xs:element>
  <xs:element name="CrearProveedoreseBillResponse">
    <xs:complexType>
      <xs:sequence>
        <xs:element minOccurs="0" name="CrearProveedoreseBillResult" nillable="true" type="xs:string"/>
      </xs:sequence>
    </xs:complexType>
  </xs:element>
  <xs:element name="LoginProveedorTecnologico">
    <xs:complexType>
      <xs:sequence>
        <xs:element minOccurs="0" name="LoginPT" nillable="true" type="q92:LoginProveedorTecnologico" xmlns:q92="http://schemas.datacontract.org/2004/07/eBillCore"/>
      </xs:sequence>
    </xs:complexType>
  </xs:element>
  <xs:element name="LoginProveedorTecnologicoResponse">
    <xs:complexType>
      <xs:sequence>
        <xs:element minOccurs="0" name="LoginProveedorTecnologicoResult" nillable="true" type="xs:string"/>
      </xs:sequence>
    </xs:complexType>
  </xs:element>
  <xs:element name="TraerDatosProveedorFTP">
    <xs:complexType>
      <xs:sequence>
        <xs:element minOccurs="0" name="LoginPT" nillable="true" type="q93:LoginProveedorTecnologico" xmlns:q93="http://schemas.datacontract.org/2004/07/eBillCore"/>
      </xs:sequence>
    </xs:complexType>
  </xs:element>
  <xs:element name="TraerDatosProveedorFTPResponse">
    <xs:complexType>
      <xs:sequence>
        <xs:element minOccurs="0" name="TraerDatosProveedorFTPResult" nillable="true" type="q94:DatosProveedorFTP" xmlns:q94="http://schemas.datacontract.org/2004/07/eBillCore"/>
      </xs:sequence>
    </xs:complexType>
  </xs:element>
  <xs:element name="HistorialRadicacion">
    <xs:complexType>
      <xs:sequence>
        <xs:element minOccurs="0" name="algo" nillable="true" type="q95:ConsDocument" xmlns:q95="http://schemas.datacontract.org/2004/07/eBillCore"/>
      </xs:sequence>
    </xs:complexType>
  </xs:element>
  <xs:element name="HistorialRadicacionResponse">
    <xs:complexType>
      <xs:sequence>
        <xs:element minOccurs="0" name="HistorialRadicacionResult" nillable="true" type="q96:ArrayOfHistoricoEstadoInteroperabilidad" xmlns:q96="http://schemas.datacontract.org/2004/07/eBillCore"/>
      </xs:sequence>
    </xs:complexType>
  </xs:element>
  <xs:element name="ExisteConvenioEmpresas">
    <xs:complexType>
      <xs:sequence>
        <xs:element minOccurs="0" name="NitEmisor" nillable="true" type="xs:string"/>
        <xs:element minOccurs="0" name="NitReceptor" nillable="true" type="xs:string"/>
      </xs:sequence>
    </xs:complexType>
  </xs:element>
  <xs:element name="ExisteConvenioEmpresasResponse">
    <xs:complexType>
      <xs:sequence>
        <xs:element minOccurs="0" name="ExisteConvenioEmpresasResult" type="xs:boolean"/>
      </xs:sequence>
    </xs:complexType>
  </xs:element>
  <xs:element name="ConsultaResolucionesDIAN">
    <xs:complexType>
      <xs:sequence>
        <xs:element minOccurs="0" name="NitEmpresa" nillable="true" type="xs:string"/>
        <xs:element minOccurs="0" name="Token" nillable="true" type="xs:string"/>
      </xs:sequence>
    </xs:complexType>
  </xs:element>
  <xs:element name="ConsultaResolucionesDIANResponse">
    <xs:complexType>
      <xs:sequence>
        <xs:element minOccurs="0" name="ConsultaResolucionesDIANResult" nillable="true" type="xs:string"/>
      </xs:sequence>
    </xs:complexType>
  </xs:element>
  <xs:element name="SolicitareBillFacturasRadicadasRecepcionXEstado">
    <xs:complexType>
      <xs:sequence>
        <xs:element minOccurs="0" name="FacCab" nillable="true" type="q97:CFDCabConexionRec" xmlns:q97="http://schemas.datacontract.org/2004/07/eBillCore"/>
        <xs:element minOccurs="0" name="Opciones" nillable="true" type="q98:OpcionesConexionInt" xmlns:q98="http://schemas.datacontract.org/2004/07/eBillCore"/>
      </xs:sequence>
    </xs:complexType>
  </xs:element>
  <xs:element name="SolicitareBillFacturasRadicadasRecepcionXEstadoResponse">
    <xs:complexType>
      <xs:sequence>
        <xs:element minOccurs="0" name="SolicitareBillFacturasRadicadasRecepcionXEstadoResult" nillable="true" type="q99:ArrayOfstring" xmlns:q99="http://schemas.microsoft.com/2003/10/Serialization/Arrays"/>
      </xs:sequence>
    </xs:complexType>
  </xs:element>
  <xs:element name="ActualizarEstadoFacturasRadicadasRecepcion">
    <xs:complexType>
      <xs:sequence>
        <xs:element minOccurs="0" name="FacCab" nillable="true" type="q100:ArrayOfCFDCabConexionDocRec" xmlns:q100="http://schemas.datacontract.org/2004/07/eBillCore"/>
        <xs:element minOccurs="0" name="Opciones" nillable="true" type="q101:OpcionesConexionInt" xmlns:q101="http://schemas.datacontract.org/2004/07/eBillCore"/>
      </xs:sequence>
    </xs:complexType>
  </xs:element>
  <xs:element name="ActualizarEstadoFacturasRadicadasRecepcionResponse">
    <xs:complexType>
      <xs:sequence>
        <xs:element minOccurs="0" name="ActualizarEstadoFacturasRadicadasRecepcionResult" type="xs:boolean"/>
      </xs:sequence>
    </xs:complexType>
  </xs:element>
  <xs:element name="CrearEmpresaeBill">
    <xs:complexType>
      <xs:sequence>
        <xs:element minOccurs="0" name="FacCab" nillable="true" type="q102:CFDCabProveedor" xmlns:q102="http://schemas.datacontract.org/2004/07/eBillCore"/>
        <xs:element minOccurs="0" name="Token" nillable="true" type="xs:string"/>
      </xs:sequence>
    </xs:complexType>
  </xs:element>
  <xs:element name="CrearEmpresaeBillResponse">
    <xs:complexType>
      <xs:sequence>
        <xs:element minOccurs="0" name="CrearEmpresaeBillResult" nillable="true" type="xs:string"/>
      </xs:sequence>
    </xs:complexType>
  </xs:element>
  <xs:element name="SolicitaDatosDetalleXDocumento">
    <xs:complexType>
      <xs:sequence>
        <xs:element minOccurs="0" name="NitEmp" nillable="true" type="xs:string"/>
        <xs:element minOccurs="0" name="token" nillable="true" type="xs:string"/>
        <xs:element minOccurs="0" name="Idfact" type="xs:int"/>
      </xs:sequence>
    </xs:complexType>
  </xs:element>
  <xs:element name="SolicitaDatosDetalleXDocumentoResponse">
    <xs:complexType>
      <xs:sequence>
        <xs:element minOccurs="0" name="SolicitaDatosDetalleXDocumentoResult" nillable="true" type="q103:ArrayOfstring" xmlns:q103="http://schemas.microsoft.com/2003/10/Serialization/Arrays"/>
      </xs:sequence>
    </xs:complexType>
  </xs:element>
  <xs:element name="SolicitaParametrosGestionDocumental">
    <xs:complexType>
      <xs:sequence>
        <xs:element minOccurs="0" name="Ambiente" nillable="true" type="xs:string"/>
        <xs:element minOccurs="0" name="token" nillable="true" type="xs:string"/>
      </xs:sequence>
    </xs:complexType>
  </xs:element>
  <xs:element name="SolicitaParametrosGestionDocumentalResponse">
    <xs:complexType>
      <xs:sequence>
        <xs:element minOccurs="0" name="SolicitaParametrosGestionDocumentalResult" nillable="true" type="q104:ArrayOfParametrosGestorDocumental" xmlns:q104="http://schemas.datacontract.org/2004/07/eBillCore"/>
      </xs:sequence>
    </xs:complexType>
  </xs:element>
  <xs:element name="ObtenerParametroCliente">
    <xs:complexType>
      <xs:sequence>
        <xs:element minOccurs="0" name="IdDocumento" type="xs:int"/>
        <xs:element minOccurs="0" name="token" nillable="true" type="xs:string"/>
      </xs:sequence>
    </xs:complexType>
  </xs:element>
  <xs:element name="ObtenerParametroClienteResponse">
    <xs:complexType>
      <xs:sequence>
        <xs:element minOccurs="0" name="ObtenerParametroClienteResult" nillable="true" type="q105:ParametrosGestorDocumental" xmlns:q105="http://schemas.datacontract.org/2004/07/eBillCore"/>
      </xs:sequence>
    </xs:complexType>
  </xs:element>
  <xs:element name="ActualizarFechaParametro">
    <xs:complexType>
      <xs:sequence>
        <xs:element minOccurs="0" name="IdDocumento" type="xs:int"/>
        <xs:element minOccurs="0" name="Fecha" type="xs:dateTime"/>
        <xs:element minOccurs="0" name="token" nillable="true" type="xs:string"/>
      </xs:sequence>
    </xs:complexType>
  </xs:element>
  <xs:element name="ActualizarFechaParametroResponse">
    <xs:complexType>
      <xs:sequence>
        <xs:element minOccurs="0" name="ActualizarFechaParametroResult" type="xs:boolean"/>
      </xs:sequence>
    </xs:complexType>
  </xs:element>
  <xs:element name="ConsultaDatosDocumentosEmitidos">
    <xs:complexType>
      <xs:sequence>
        <xs:element minOccurs="0" name="FacCab" nillable="true" type="q106:CFDCabConexionInt" xmlns:q106="http://schemas.datacontract.org/2004/07/eBillCore"/>
        <xs:element minOccurs="0" name="token" nillable="true" type="xs:string"/>
      </xs:sequence>
    </xs:complexType>
  </xs:element>
  <xs:element name="ConsultaDatosDocumentosEmitidosResponse">
    <xs:complexType>
      <xs:sequence>
        <xs:element minOccurs="0" name="ConsultaDatosDocumentosEmitidosResult" nillable="true" type="q107:Datos_Docs_DIAN" xmlns:q107="http://schemas.datacontract.org/2004/07/eBillCore"/>
      </xs:sequence>
    </xs:complexType>
  </xs:element>
  <xs:element name="TraerDatosProveedorTecnologico">
    <xs:complexType>
      <xs:sequence>
        <xs:element minOccurs="0" name="IdProveedor" nillable="true" type="xs:string"/>
        <xs:element minOccurs="0" name="TipoAmbiente" nillable="true" type="xs:string"/>
        <xs:element minOccurs="0" name="TipoConfig" type="xs:int"/>
        <xs:element minOccurs="0" name="Token" nillable="true" type="xs:string"/>
      </xs:sequence>
    </xs:complexType>
  </xs:element>
  <xs:element name="TraerDatosProveedorTecnologicoResponse">
    <xs:complexType>
      <xs:sequence>
        <xs:element minOccurs="0" name="TraerDatosProveedorTecnologicoResult" nillable="true" type="q108:ArrayOfDatosProveedorTecnologico" xmlns:q108="http://schemas.datacontract.org/2004/07/eBillCore"/>
      </xs:sequence>
    </xs:complexType>
  </xs:element>
  <xs:element name="TraerDatosEmpresasEmisoras">
    <xs:complexType>
      <xs:sequence>
        <xs:element minOccurs="0" name="IdProveedor" nillable="true" type="xs:string"/>
        <xs:element minOccurs="0" name="Token" nillable="true" type="xs:string"/>
      </xs:sequence>
    </xs:complexType>
  </xs:element>
  <xs:element name="TraerDatosEmpresasEmisorasResponse">
    <xs:complexType>
      <xs:sequence>
        <xs:element minOccurs="0" name="TraerDatosEmpresasEmisorasResult" nillable="true" type="q109:ArrayOfDatosEmpresaEmisora" xmlns:q109="http://schemas.datacontract.org/2004/07/eBillCore"/>
      </xs:sequence>
    </xs:complexType>
  </xs:element>
  <xs:element name="TraerDocumentosEmision">
    <xs:complexType>
      <xs:sequence>
        <xs:element minOccurs="0" name="IdEmpresa" type="xs:int"/>
        <xs:element minOccurs="0" name="IdCliente" type="xs:int"/>
        <xs:element minOccurs="0" name="NumeroRegistros" type="xs:int"/>
        <xs:element minOccurs="0" name="Token" nillable="true" type="xs:string"/>
      </xs:sequence>
    </xs:complexType>
  </xs:element>
  <xs:element name="TraerDocumentosEmisionResponse">
    <xs:complexType>
      <xs:sequence>
        <xs:element minOccurs="0" name="TraerDocumentosEmisionResult" nillable="true" type="q110:ArrayOfDatosDocumentoEmision" xmlns:q110="http://schemas.datacontract.org/2004/07/eBillCore"/>
      </xs:sequence>
    </xs:complexType>
  </xs:element>
  <xs:element name="TraerAdjuntosXDocumento">
    <xs:complexType>
      <xs:sequence>
        <xs:element minOccurs="0" name="IdEmpresa" type="xs:int"/>
        <xs:element minOccurs="0" name="IdDocumento" type="xs:int"/>
        <xs:element minOccurs="0" name="Token" nillable="true" type="xs:string"/>
      </xs:sequence>
    </xs:complexType>
  </xs:element>
  <xs:element name="TraerAdjuntosXDocumentoResponse">
    <xs:complexType>
      <xs:sequence>
        <xs:element minOccurs="0" name="TraerAdjuntosXDocumentoResult" nillable="true" type="xs:base64Binary"/>
      </xs:sequence>
    </xs:complexType>
  </xs:element>
  <xs:element name="CambiarContrasenaInteroperabilidad">
    <xs:complexType>
      <xs:sequence>
        <xs:element minOccurs="0" name="User" nillable="true" type="xs:string"/>
        <xs:element minOccurs="0" name="OldPassword" nillable="true" type="xs:string"/>
        <xs:element minOccurs="0" name="NewPassword" nillable="true" type="xs:string"/>
        <xs:element minOccurs="0" name="ErrorType" nillable="true" type="xs:string"/>
      </xs:sequence>
    </xs:complexType>
  </xs:element>
  <xs:element name="CambiarContrasenaInteroperabilidadResponse">
    <xs:complexType>
      <xs:sequence>
        <xs:element minOccurs="0" name="CambiarContrasenaInteroperabilidadResult" type="xs:boolean"/>
        <xs:element minOccurs="0" name="ErrorType" nillable="true" type="xs:string"/>
      </xs:sequence>
    </xs:complexType>
  </xs:element>
  <xs:element name="RegistroArchivoEmitido">
    <xs:complexType>
      <xs:sequence>
        <xs:element minOccurs="0" name="Registro" nillable="true" type="q111:Registro_Solicitud" xmlns:q111="http://schemas.datacontract.org/2004/07/eBillCore"/>
        <xs:element minOccurs="0" name="Archivos" nillable="true" type="q112:ArrayOfArchivoEmision" xmlns:q112="http://schemas.datacontract.org/2004/07/eBillCore"/>
        <xs:element minOccurs="0" name="TipoInteroperabilidad" type="xs:int"/>
      </xs:sequence>
    </xs:complexType>
  </xs:element>
  <xs:element name="RegistroArchivoEmitidoResponse">
    <xs:complexType>
      <xs:sequence>
        <xs:element minOccurs="0" name="RegistroArchivoEmitidoResult" type="xs:boolean"/>
      </xs:sequence>
    </xs:complexType>
  </xs:element>
  <xs:element name="ValidaXML">
    <xs:complexType>
      <xs:sequence>
        <xs:element minOccurs="0" name="XMLDoc" nillable="true" type="xs:string"/>
      </xs:sequence>
    </xs:complexType>
  </xs:element>
  <xs:element name="ValidaXMLResponse">
    <xs:complexType>
      <xs:sequence>
        <xs:element minOccurs="0" name="ValidaXMLResult" type="xs:boolean"/>
      </xs:sequence>
    </xs:complexType>
  </xs:element>
  <xs:element name="EmpresaRecibeInteroperabilidad">
    <xs:complexType>
      <xs:sequence>
        <xs:element minOccurs="0" name="NitEmpresa" nillable="true" type="xs:string"/>
        <xs:element minOccurs="0" name="token" nillable="true" type="xs:string"/>
      </xs:sequence>
    </xs:complexType>
  </xs:element>
  <xs:element name="EmpresaRecibeInteroperabilidadResponse">
    <xs:complexType>
      <xs:sequence>
        <xs:element minOccurs="0" name="EmpresaRecibeInteroperabilidadResult" type="xs:boolean"/>
      </xs:sequence>
    </xs:complexType>
  </xs:element>
  <xs:element name="RegistroRespuestaDocInteroperabilidad">
    <xs:complexType>
      <xs:sequence>
        <xs:element minOccurs="0" name="RespuestasXDoc" nillable="true" type="q113:ArrayOfRespuestaDocumentoInterop" xmlns:q113="http://schemas.datacontract.org/2004/07/eBillCore"/>
        <xs:element minOccurs="0" name="token" nillable="true" type="xs:string"/>
      </xs:sequence>
    </xs:complexType>
  </xs:element>
  <xs:element name="RegistroRespuestaDocInteroperabilidadResponse">
    <xs:complexType>
      <xs:sequence>
        <xs:element minOccurs="0" name="RegistroRespuestaDocInteroperabilidadResult" nillable="true" type="xs:string"/>
      </xs:sequence>
    </xs:complexType>
  </xs:element>
  <xs:element name="ConsultaHistoricoEstadosDocumentoRecibidoIO">
    <xs:complexType>
      <xs:sequence>
        <xs:element minOccurs="0" name="TrackIdDocument" nillable="true" type="xs:string"/>
        <xs:element minOccurs="0" name="Token" nillable="true" type="xs:string"/>
      </xs:sequence>
    </xs:complexType>
  </xs:element>
  <xs:element name="ConsultaHistoricoEstadosDocumentoRecibidoIOResponse">
    <xs:complexType>
      <xs:sequence>
        <xs:element minOccurs="0" name="ConsultaHistoricoEstadosDocumentoRecibidoIOResult" nillable="true" type="xs:string"/>
      </xs:sequence>
    </xs:complexType>
  </xs:element>
  <xs:element name="ConsultarAppResponseDocumentoRecibido">
    <xs:complexType>
      <xs:sequence>
        <xs:element minOccurs="0" name="TrackIdDocument" nillable="true" type="xs:string"/>
        <xs:element minOccurs="0" name="Token" nillable="true" type="xs:string"/>
        <xs:element minOccurs="0" name="IdEstado" type="xs:int"/>
      </xs:sequence>
    </xs:complexType>
  </xs:element>
  <xs:element name="ConsultarAppResponseDocumentoRecibidoResponse">
    <xs:complexType>
      <xs:sequence>
        <xs:element minOccurs="0" name="ConsultarAppResponseDocumentoRecibidoResult" nillable="true" type="q114:ResponseDocumentIO" xmlns:q114="http://schemas.datacontract.org/2004/07/eBillCore"/>
      </xs:sequence>
    </xs:complexType>
  </xs:element>
  <xs:element name="TraerDocumentosSinRespuestaIO">
    <xs:complexType>
      <xs:sequence>
        <xs:element minOccurs="0" name="IdProveedorTecnologico" type="xs:int"/>
        <xs:element minOccurs="0" name="IdCliente" type="xs:int"/>
        <xs:element minOccurs="0" name="NumeroRegistros" type="xs:int"/>
        <xs:element minOccurs="0" name="TipoInteroperabilidad" type="xs:int"/>
        <xs:element minOccurs="0" name="token" nillable="true" type="xs:string"/>
      </xs:sequence>
    </xs:complexType>
  </xs:element>
  <xs:element name="TraerDocumentosSinRespuestaIOResponse">
    <xs:complexType>
      <xs:sequence>
        <xs:element minOccurs="0" name="TraerDocumentosSinRespuestaIOResult" nillable="true" type="q115:ArrayOfDatosDocumentoEmision" xmlns:q115="http://schemas.datacontract.org/2004/07/eBillCore"/>
      </xs:sequence>
    </xs:complexType>
  </xs:element>
  <xs:element name="ValidaRespuestaRecepcion">
    <xs:complexType>
      <xs:sequence>
        <xs:element minOccurs="0" name="Proveedor" nillable="true" type="xs:string"/>
        <xs:element minOccurs="0" name="TrackId" nillable="true" type="xs:string"/>
        <xs:element minOccurs="0" name="NombreArch" nillable="true" type="xs:string"/>
        <xs:element minOccurs="0" name="Token" nillable="true" type="xs:string"/>
      </xs:sequence>
    </xs:complexType>
  </xs:element>
  <xs:element name="ValidaRespuestaRecepcionResponse">
    <xs:complexType>
      <xs:sequence>
        <xs:element minOccurs="0" name="ValidaRespuestaRecepcionResult" nillable="true" type="xs:string"/>
      </xs:sequence>
    </xs:complexType>
  </xs:element>
  <xs:element name="SolicitareBillFacturasRadicadasRecepcionXRango">
    <xs:complexType>
      <xs:sequence>
        <xs:element minOccurs="0" name="FacCab" nillable="true" type="q116:CFDCabConexionRec" xmlns:q116="http://schemas.datacontract.org/2004/07/eBillCore"/>
        <xs:element minOccurs="0" name="fechaInicial" type="xs:dateTime"/>
        <xs:element minOccurs="0" name="fechaFinal" type="xs:dateTime"/>
        <xs:element minOccurs="0" name="Opciones" nillable="true" type="q117:OpcionesConexionInt" xmlns:q117="http://schemas.datacontract.org/2004/07/eBillCore"/>
      </xs:sequence>
    </xs:complexType>
  </xs:element>
  <xs:element name="SolicitareBillFacturasRadicadasRecepcionXRangoResponse">
    <xs:complexType>
      <xs:sequence>
        <xs:element minOccurs="0" name="SolicitareBillFacturasRadicadasRecepcionXRangoResult" nillable="true" type="q118:ArrayOfstring" xmlns:q118="http://schemas.microsoft.com/2003/10/Serialization/Arrays"/>
      </xs:sequence>
    </xs:complexType>
  </xs:element>
  <xs:element name="ActualizaEstadoNotificadoDocumentosIO">
    <xs:complexType>
      <xs:sequence>
        <xs:element minOccurs="0" name="Documentos" nillable="true" type="q119:ArrayOfRespuestaDocumentoInterop" xmlns:q119="http://schemas.datacontract.org/2004/07/eBillCore"/>
        <xs:element minOccurs="0" name="Token" nillable="true" type="xs:string"/>
      </xs:sequence>
    </xs:complexType>
  </xs:element>
  <xs:element name="ActualizaEstadoNotificadoDocumentosIOResponse">
    <xs:complexType>
      <xs:sequence>
        <xs:element minOccurs="0" name="ActualizaEstadoNotificadoDocumentosIOResult" nillable="true" type="xs:string"/>
      </xs:sequence>
    </xs:complexType>
  </xs:element>
  <xs:element name="EnviarDocumentoElectronico">
    <xs:complexType>
      <xs:sequence>
        <xs:element minOccurs="0" name="FacCab" nillable="true" type="q120:CFDCabConexionInt" xmlns:q120="http://schemas.datacontract.org/2004/07/eBillCore"/>
        <xs:element minOccurs="0" name="Opciones" nillable="true" type="q121:OpcionesConexionInt" xmlns:q121="http://schemas.datacontract.org/2004/07/eBillCore"/>
        <xs:element minOccurs="0" name="correo" nillable="true" type="xs:string"/>
      </xs:sequence>
    </xs:complexType>
  </xs:element>
  <xs:element name="EnviarDocumentoElectronicoResponse">
    <xs:complexType>
      <xs:sequence>
        <xs:element minOccurs="0" name="EnviarDocumentoElectronicoResult" type="xs:boolean"/>
      </xs:sequence>
    </xs:complexType>
  </xs:element>
  <xs:element name="TraerDocumentosRecepcionxNuevosEstados">
    <xs:complexType>
      <xs:sequence>
        <xs:element minOccurs="0" name="IdProveedorTec" type="xs:int"/>
        <xs:element minOccurs="0" name="NumRegistros" type="xs:int"/>
        <xs:element minOccurs="0" name="Token" nillable="true" type="xs:string"/>
      </xs:sequence>
    </xs:complexType>
  </xs:element>
  <xs:element name="TraerDocumentosRecepcionxNuevosEstadosResponse">
    <xs:complexType>
      <xs:sequence>
        <xs:element minOccurs="0" name="TraerDocumentosRecepcionxNuevosEstadosResult" nillable="true" type="q122:ArrayOfRespuestaDocumentoInterop" xmlns:q122="http://schemas.datacontract.org/2004/07/eBillCore"/>
      </xs:sequence>
    </xs:complexType>
  </xs:element>
  <xs:element name="RegistrarPagoCargaAnexo">
    <xs:complexType>
      <xs:sequence>
        <xs:element minOccurs="0" name="Registro" nillable="true" type="q123:RegistroPagoXFactura" xmlns:q123="http://schemas.datacontract.org/2004/07/eBillCore"/>
        <xs:element minOccurs="0" name="PDF" nillable="true" type="xs:base64Binary"/>
        <xs:element minOccurs="0" name="Token" nillable="true" type="xs:string"/>
      </xs:sequence>
    </xs:complexType>
  </xs:element>
  <xs:element name="RegistrarPagoCargaAnexoResponse">
    <xs:complexType>
      <xs:sequence>
        <xs:element minOccurs="0" name="RegistrarPagoCargaAnexoResult" nillable="true" type="xs:string"/>
      </xs:sequence>
    </xs:complexType>
  </xs:element>
  <xs:element name="ActualizarDocumentosDatoContabilzacion">
    <xs:complexType>
      <xs:sequence>
        <xs:element minOccurs="0" name="NitReceptor" nillable="true" type="xs:string"/>
        <xs:element minOccurs="0" name="NitEmisor" nillable="true" type="xs:string"/>
        <xs:element minOccurs="0" name="NumeroSAP" nillable="true" type="xs:string"/>
        <xs:element minOccurs="0" name="Prefijo" nillable="true" type="xs:string"/>
        <xs:element minOccurs="0" name="Numero" type="xs:int"/>
        <xs:element minOccurs="0" name="Token" nillable="true" type="xs:string"/>
      </xs:sequence>
    </xs:complexType>
  </xs:element>
  <xs:element name="ActualizarDocumentosDatoContabilzacionResponse">
    <xs:complexType>
      <xs:sequence>
        <xs:element minOccurs="0" name="ActualizarDocumentosDatoContabilzacionResult" type="xs:boolean"/>
      </xs:sequence>
    </xs:complexType>
  </xs:element>
  <xs:element name="ConsultaIdentificadorFacturaXOrderID">
    <xs:complexType>
      <xs:sequence>
        <xs:element minOccurs="0" name="OrderId" nillable="true" type="xs:string"/>
        <xs:element minOccurs="0" name="NitEmp" nillable="true" type="xs:string"/>
        <xs:element minOccurs="0" name="Token" nillable="true" type="xs:string"/>
      </xs:sequence>
    </xs:complexType>
  </xs:element>
  <xs:element name="ConsultaIdentificadorFacturaXOrderIDResponse">
    <xs:complexType>
      <xs:sequence>
        <xs:element minOccurs="0" name="ConsultaIdentificadorFacturaXOrderIDResult" nillable="true" type="xs:string"/>
      </xs:sequence>
    </xs:complexType>
  </xs:element>
  <xs:element name="FV_TraerDocumentosPendientesDeEnvioxEmpresaxFecha">
    <xs:complexType>
      <xs:sequence>
        <xs:element minOccurs="0" name="IdEmpresa" type="xs:int"/>
        <xs:element minOccurs="0" name="Fecha" nillable="true" type="xs:string"/>
        <xs:element minOccurs="0" name="Numreg" type="xs:int"/>
        <xs:element minOccurs="0" name="ambiente" type="xs:int"/>
        <xs:element minOccurs="0" name="EnvioAsincrono" type="xs:boolean"/>
        <xs:element minOccurs="0" name="EnContigencia" type="xs:boolean"/>
        <xs:element minOccurs="0" name="Token" nillable="true" type="xs:string"/>
      </xs:sequence>
    </xs:complexType>
  </xs:element>
  <xs:element name="FV_TraerDocumentosPendientesDeEnvioxEmpresaxFechaResponse">
    <xs:complexType>
      <xs:sequence>
        <xs:element minOccurs="0" name="FV_TraerDocumentosPendientesDeEnvioxEmpresaxFechaResult" nillable="true" type="q124:ArrayOfFV_DocumentosParaEnviar" xmlns:q124="http://schemas.datacontract.org/2004/07/eBillCore"/>
      </xs:sequence>
    </xs:complexType>
  </xs:element>
  <xs:element name="FV_TraerXMLDocumento">
    <xs:complexType>
      <xs:sequence>
        <xs:element minOccurs="0" name="IdInternoDocumento" type="xs:long"/>
        <xs:element minOccurs="0" name="NitEmpresa" nillable="true" type="xs:string"/>
        <xs:element minOccurs="0" name="Token" nillable="true" type="xs:string"/>
      </xs:sequence>
    </xs:complexType>
  </xs:element>
  <xs:element name="FV_TraerXMLDocumentoResponse">
    <xs:complexType>
      <xs:sequence>
        <xs:element minOccurs="0" name="FV_TraerXMLDocumentoResult" nillable="true" type="xs:string"/>
      </xs:sequence>
    </xs:complexType>
  </xs:element>
  <xs:element name="FV_TraerDatosEmpesasEmisorasConDFEPendientesDeEnvio">
    <xs:complexType>
      <xs:sequence>
        <xs:element minOccurs="0" name="Ambiente" type="xs:int"/>
        <xs:element minOccurs="0" name="NitEmpresa" nillable="true" type="xs:string"/>
        <xs:element minOccurs="0" name="VersionSonda" nillable="true" type="xs:string"/>
        <xs:element minOccurs="0" name="Token" nillable="true" type="xs:string"/>
      </xs:sequence>
    </xs:complexType>
  </xs:element>
  <xs:element name="FV_TraerDatosEmpesasEmisorasConDFEPendientesDeEnvioResponse">
    <xs:complexType>
      <xs:sequence>
        <xs:element minOccurs="0" name="FV_TraerDatosEmpesasEmisorasConDFEPendientesDeEnvioResult" nillable="true" type="q125:ArrayOfFV_DatosEmpresaEmisora" xmlns:q125="http://schemas.datacontract.org/2004/07/eBillCore"/>
      </xs:sequence>
    </xs:complexType>
  </xs:element>
  <xs:element name="FV_RegistroRespuestaDocEmitido">
    <xs:complexType>
      <xs:sequence>
        <xs:element minOccurs="0" name="IdDocumento" type="xs:int"/>
        <xs:element minOccurs="0" name="IdEmpresa" type="xs:int"/>
        <xs:element minOccurs="0" name="EsValido" type="xs:boolean"/>
        <xs:element minOccurs="0" name="XmlRespuesta" nillable="true" type="xs:string"/>
        <xs:element minOccurs="0" name="RespuestaCliente" nillable="true" type="xs:string"/>
        <xs:element minOccurs="0" name="FechaTrans" type="xs:dateTime"/>
        <xs:element minOccurs="0" name="token" nillable="true" type="xs:string"/>
      </xs:sequence>
    </xs:complexType>
  </xs:element>
  <xs:element name="FV_RegistroRespuestaDocEmitidoResponse">
    <xs:complexType>
      <xs:sequence>
        <xs:element minOccurs="0" name="FV_RegistroRespuestaDocEmitidoResult" type="xs:boolean"/>
      </xs:sequence>
    </xs:complexType>
  </xs:element>
  <xs:element name="ConsultaDatosDocumentosRecibidos">
    <xs:complexType>
      <xs:sequence>
        <xs:element minOccurs="0" name="FacCab" nillable="true" type="q126:CFDCabConexionInt" xmlns:q126="http://schemas.datacontract.org/2004/07/eBillCore"/>
        <xs:element minOccurs="0" name="token" nillable="true" type="xs:string"/>
      </xs:sequence>
    </xs:complexType>
  </xs:element>
  <xs:element name="ConsultaDatosDocumentosRecibidosResponse">
    <xs:complexType>
      <xs:sequence>
        <xs:element minOccurs="0" name="ConsultaDatosDocumentosRecibidosResult" nillable="true" type="q127:Datos_Docs_Recepcion" xmlns:q127="http://schemas.datacontract.org/2004/07/eBillCore"/>
      </xs:sequence>
    </xs:complexType>
  </xs:element>
  <xs:element name="ConsultaDatosDocumentosRecibidos_TerceroPagador">
    <xs:complexType>
      <xs:sequence>
        <xs:element minOccurs="0" name="FacCab" nillable="true" type="q128:CFDCabConexionInt" xmlns:q128="http://schemas.datacontract.org/2004/07/eBillCore"/>
        <xs:element minOccurs="0" name="token" nillable="true" type="xs:string"/>
      </xs:sequence>
    </xs:complexType>
  </xs:element>
  <xs:element name="ConsultaDatosDocumentosRecibidos_TerceroPagadorResponse">
    <xs:complexType>
      <xs:sequence>
        <xs:element minOccurs="0" name="ConsultaDatosDocumentosRecibidos_TerceroPagadorResult" nillable="true" type="q129:Datos_Docs_Recepcion" xmlns:q129="http://schemas.datacontract.org/2004/07/eBillCore"/>
      </xs:sequence>
    </xs:complexType>
  </xs:element>
  <xs:element name="AgregaQRToPDFDocumentoElectronico">
    <xs:complexType>
      <xs:sequence>
        <xs:element minOccurs="0" name="FacCab" nillable="true" type="q130:CFDCabConexionInt" xmlns:q130="http://schemas.datacontract.org/2004/07/eBillCore"/>
        <xs:element minOccurs="0" name="Opciones" nillable="true" type="q131:OpcionesConexionInt" xmlns:q131="http://schemas.datacontract.org/2004/07/eBillCore"/>
        <xs:element minOccurs="0" name="CoorListXPage" nillable="true" type="q132:ArrayOfCoordenadasPixelesByPage" xmlns:q132="http://schemas.datacontract.org/2004/07/eBillCore"/>
      </xs:sequence>
    </xs:complexType>
  </xs:element>
  <xs:element name="AgregaQRToPDFDocumentoElectronicoResponse">
    <xs:complexType>
      <xs:sequence>
        <xs:element minOccurs="0" name="AgregaQRToPDFDocumentoElectronicoResult" nillable="true" type="xs:string"/>
      </xs:sequence>
    </xs:complexType>
  </xs:element>
  <xs:element name="TraerCertificadoDigital">
    <xs:complexType>
      <xs:sequence>
        <xs:element minOccurs="0" name="IdEmpresa" type="xs:int"/>
        <xs:element minOccurs="0" name="Token" nillable="true" type="xs:string"/>
        <xs:element minOccurs="0" name="Pass" nillable="true" type="xs:string"/>
      </xs:sequence>
    </xs:complexType>
  </xs:element>
  <xs:element name="TraerCertificadoDigitalResponse">
    <xs:complexType>
      <xs:sequence>
        <xs:element minOccurs="0" name="TraerCertificadoDigitalResult" nillable="true" type="xs:base64Binary"/>
        <xs:element minOccurs="0" name="Pass" nillable="true" type="xs:string"/>
      </xs:sequence>
    </xs:complexType>
  </xs:element>
  <xs:element name="SolicitaDatosDocumentoElectronicoQWS">
    <xs:complexType>
      <xs:sequence>
        <xs:element minOccurs="0" name="FacCab" nillable="true" type="q133:CFDCabConexionInt" xmlns:q133="http://schemas.datacontract.org/2004/07/eBillCore"/>
        <xs:element minOccurs="0" name="Opciones" nillable="true" type="q134:OpcionesConexionInt" xmlns:q134="http://schemas.datacontract.org/2004/07/eBillCore"/>
      </xs:sequence>
    </xs:complexType>
  </xs:element>
  <xs:element name="SolicitaDatosDocumentoElectronicoQWSResponse">
    <xs:complexType>
      <xs:sequence>
        <xs:element minOccurs="0" name="SolicitaDatosDocumentoElectronicoQWSResult" nillable="true" type="q135:CFDCabConexionIntQWS" xmlns:q135="http://schemas.datacontract.org/2004/07/eBillCore"/>
      </xs:sequence>
    </xs:complexType>
  </xs:element>
  <xs:element name="FV_TraerDatosEmpresasNotificar">
    <xs:complexType>
      <xs:sequence>
        <xs:element minOccurs="0" name="NitEmpresa" nillable="true" type="xs:string"/>
        <xs:element minOccurs="0" name="VersionSonda" nillable="true" type="xs:string"/>
        <xs:element minOccurs="0" name="Token" nillable="true" type="xs:string"/>
      </xs:sequence>
    </xs:complexType>
  </xs:element>
  <xs:element name="FV_TraerDatosEmpresasNotificarResponse">
    <xs:complexType>
      <xs:sequence>
        <xs:element minOccurs="0" name="FV_TraerDatosEmpresasNotificarResult" nillable="true" type="q136:ArrayOfFV_DatosEmpresaEmisora" xmlns:q136="http://schemas.datacontract.org/2004/07/eBillCore"/>
      </xs:sequence>
    </xs:complexType>
  </xs:element>
  <xs:element name="TraerDatosEmpresasNotificar">
    <xs:complexType>
      <xs:sequence>
        <xs:element minOccurs="0" name="NitEmpresa" nillable="true" type="xs:string"/>
        <xs:element minOccurs="0" name="VersionSonda" nillable="true" type="xs:string"/>
        <xs:element minOccurs="0" name="Token" nillable="true" type="xs:string"/>
      </xs:sequence>
    </xs:complexType>
  </xs:element>
  <xs:element name="TraerDatosEmpresasNotificarResponse">
    <xs:complexType>
      <xs:sequence>
        <xs:element minOccurs="0" name="TraerDatosEmpresasNotificarResult" nillable="true" type="q137:ArrayOfDatosEmpresaEmisora" xmlns:q137="http://schemas.datacontract.org/2004/07/eBillCore"/>
      </xs:sequence>
    </xs:complexType>
  </xs:element>
  <xs:element name="FV_TraerDocumentosPendientesNotificar">
    <xs:complexType>
      <xs:sequence>
        <xs:element minOccurs="0" name="IdEmpresa" type="xs:int"/>
        <xs:element minOccurs="0" name="FechaSTR" nillable="true" type="xs:string"/>
        <xs:element minOccurs="0" name="NumReg" type="xs:int"/>
        <xs:element minOccurs="0" name="Token" nillable="true" type="xs:string"/>
        <xs:element minOccurs="0" name="Resagos" type="xs:boolean"/>
      </xs:sequence>
    </xs:complexType>
  </xs:element>
  <xs:element name="FV_TraerDocumentosPendientesNotificarResponse">
    <xs:complexType>
      <xs:sequence>
        <xs:element minOccurs="0" name="FV_TraerDocumentosPendientesNotificarResult" nillable="true" type="q138:ArrayOfint" xmlns:q138="http://schemas.microsoft.com/2003/10/Serialization/Arrays"/>
      </xs:sequence>
    </xs:complexType>
  </xs:element>
  <xs:element name="FV_TraerDocumentosPendientesNotificar_Otros">
    <xs:complexType>
      <xs:sequence>
        <xs:element minOccurs="0" name="IdEmpresa" type="xs:int"/>
        <xs:element minOccurs="0" name="FechaSTR" nillable="true" type="xs:string"/>
        <xs:element minOccurs="0" name="NumReg" type="xs:int"/>
        <xs:element minOccurs="0" name="Token" nillable="true" type="xs:string"/>
        <xs:element minOccurs="0" name="Resagos" type="xs:boolean"/>
      </xs:sequence>
    </xs:complexType>
  </xs:element>
  <xs:element name="FV_TraerDocumentosPendientesNotificar_OtrosResponse">
    <xs:complexType>
      <xs:sequence>
        <xs:element minOccurs="0" name="FV_TraerDocumentosPendientesNotificar_OtrosResult" nillable="true" type="q139:ArrayOfint" xmlns:q139="http://schemas.microsoft.com/2003/10/Serialization/Arrays"/>
      </xs:sequence>
    </xs:complexType>
  </xs:element>
  <xs:element name="TraerDocumentosPendientesNotificar">
    <xs:complexType>
      <xs:sequence>
        <xs:element minOccurs="0" name="IdEmpresa" type="xs:int"/>
        <xs:element minOccurs="0" name="FechaSTR" nillable="true" type="xs:string"/>
        <xs:element minOccurs="0" name="NumReg" type="xs:int"/>
        <xs:element minOccurs="0" name="Token" nillable="true" type="xs:string"/>
        <xs:element minOccurs="0" name="Resagos" type="xs:boolean"/>
      </xs:sequence>
    </xs:complexType>
  </xs:element>
  <xs:element name="TraerDocumentosPendientesNotificarResponse">
    <xs:complexType>
      <xs:sequence>
        <xs:element minOccurs="0" name="TraerDocumentosPendientesNotificarResult" nillable="true" type="q140:ArrayOfint" xmlns:q140="http://schemas.microsoft.com/2003/10/Serialization/Arrays"/>
      </xs:sequence>
    </xs:complexType>
  </xs:element>
  <xs:element name="SolicitareBillFacturasRadicadasRecepcionXNitRecXDiaRec">
    <xs:complexType>
      <xs:sequence>
        <xs:element minOccurs="0" name="FacCab" nillable="true" type="q141:CFDCabConexionRec" xmlns:q141="http://schemas.datacontract.org/2004/07/eBillCore"/>
        <xs:element minOccurs="0" name="fechaRadicacion" type="xs:dateTime"/>
        <xs:element minOccurs="0" name="Opciones" nillable="true" type="q142:OpcionesConexionInt" xmlns:q142="http://schemas.datacontract.org/2004/07/eBillCore"/>
        <xs:element minOccurs="0" name="estadoDocumento" type="xs:int"/>
      </xs:sequence>
    </xs:complexType>
  </xs:element>
  <xs:element name="SolicitareBillFacturasRadicadasRecepcionXNitRecXDiaRecResponse">
    <xs:complexType>
      <xs:sequence>
        <xs:element minOccurs="0" name="SolicitareBillFacturasRadicadasRecepcionXNitRecXDiaRecResult" nillable="true" type="q143:ArrayOfstring" xmlns:q143="http://schemas.microsoft.com/2003/10/Serialization/Arrays"/>
      </xs:sequence>
    </xs:complexType>
  </xs:element>
  <xs:element name="SolicitareBillFacturasRadicadasRecepcionXNitRecXDiaRec_TerceroPagador">
    <xs:complexType>
      <xs:sequence>
        <xs:element minOccurs="0" name="FacCab" nillable="true" type="q144:CFDCabConexionRec" xmlns:q144="http://schemas.datacontract.org/2004/07/eBillCore"/>
        <xs:element minOccurs="0" name="fechaRadicacion" type="xs:dateTime"/>
        <xs:element minOccurs="0" name="Opciones" nillable="true" type="q145:OpcionesConexionInt" xmlns:q145="http://schemas.datacontract.org/2004/07/eBillCore"/>
      </xs:sequence>
    </xs:complexType>
  </xs:element>
  <xs:element name="SolicitareBillFacturasRadicadasRecepcionXNitRecXDiaRec_TerceroPagadorResponse">
    <xs:complexType>
      <xs:sequence>
        <xs:element minOccurs="0" name="SolicitareBillFacturasRadicadasRecepcionXNitRecXDiaRec_TerceroPagadorResult" nillable="true" type="q146:ArrayOfstring" xmlns:q146="http://schemas.microsoft.com/2003/10/Serialization/Arrays"/>
      </xs:sequence>
    </xs:complexType>
  </xs:element>
  <xs:element name="FV_NotificarDocumentoCliente">
    <xs:complexType>
      <xs:sequence>
        <xs:element minOccurs="0" name="IdDocumento" type="xs:int"/>
        <xs:element minOccurs="0" name="IdEmpresa" type="xs:int"/>
        <xs:element minOccurs="0" name="CorreosAdic" nillable="true" type="xs:string"/>
        <xs:element minOccurs="0" name="Token" nillable="true" type="xs:string"/>
        <xs:element minOccurs="0" name="ModeloFVP" type="xs:boolean"/>
      </xs:sequence>
    </xs:complexType>
  </xs:element>
  <xs:element name="FV_NotificarDocumentoClienteResponse">
    <xs:complexType>
      <xs:sequence>
        <xs:element minOccurs="0" name="FV_NotificarDocumentoClienteResult" type="xs:boolean"/>
      </xs:sequence>
    </xs:complexType>
  </xs:element>
  <xs:element name="FV_ValidacionXML_DIAN">
    <xs:complexType>
      <xs:sequence>
        <xs:element minOccurs="0" name="documentoXml" nillable="true" type="xs:string"/>
        <xs:element minOccurs="0" name="NitEmpresa" nillable="true" type="xs:string"/>
        <xs:element minOccurs="0" name="Token" nillable="true" type="xs:string"/>
      </xs:sequence>
    </xs:complexType>
  </xs:element>
  <xs:element name="FV_ValidacionXML_DIANResponse">
    <xs:complexType>
      <xs:sequence>
        <xs:element minOccurs="0" name="FV_ValidacionXML_DIANResult" nillable="true" type="q147:ArrayOfstring" xmlns:q147="http://schemas.microsoft.com/2003/10/Serialization/Arrays"/>
      </xs:sequence>
    </xs:complexType>
  </xs:element>
  <xs:element name="FV_CargarDocumentosElectronicosToeBillGenericFULLPDFCUFE">
    <xs:complexType>
      <xs:sequence>
        <xs:element minOccurs="0" name="PDFFac" nillable="true" type="xs:base64Binary"/>
        <xs:element minOccurs="0" name="FacCab" nillable="true" type="q148:FV_CFDCabConexionInt" xmlns:q148="http://schemas.datacontract.org/2004/07/eBillCore"/>
        <xs:element minOccurs="0" name="DetFac" nillable="true" type="q149:ArrayOfFV_CFDDetConexionInt" xmlns:q149="http://schemas.datacontract.org/2004/07/eBillCore"/>
        <xs:element minOccurs="0" name="Opciones" nillable="true" type="q150:FV_OpcionesConexionInt" xmlns:q150="http://schemas.datacontract.org/2004/07/eBillCore"/>
        <xs:element minOccurs="0" name="AllowedChargeCab" nillable="true" type="q151:ArrayOfFV_ACC_AllowanceChargeCabInt" xmlns:q151="http://schemas.datacontract.org/2004/07/eBillCore"/>
        <xs:element minOccurs="0" name="AllowedChargeDet" nillable="true" type="q152:ArrayOfFV_ACD_AllowanceChargeDetInt" xmlns:q152="http://schemas.datacontract.org/2004/07/eBillCore"/>
        <xs:element minOccurs="0" name="_FV_TRBACON_TributoAgrupadoXConceptoInt" nillable="true" type="q153:ArrayOfFV_TRBACON_TributoAgrupadoXConceptoInt" xmlns:q153="http://schemas.datacontract.org/2004/07/eBillCore"/>
        <xs:element minOccurs="0" name="_FV_TRBDCON_TributoDetalleXConceptoInt" nillable="true" type="q154:ArrayOfFV_TRBDCON_TributoDetalleXConceptoInt" xmlns:q154="http://schemas.datacontract.org/2004/07/eBillCore"/>
        <xs:element minOccurs="0" name="_FV_TRBA_TributoAgrupadoInt" nillable="true" type="q155:ArrayOfFV_TRBA_TributoAgrupadoInt" xmlns:q155="http://schemas.datacontract.org/2004/07/eBillCore"/>
        <xs:element minOccurs="0" name="_FV_TRBD_TributoDetalleInt" nillable="true" type="q156:ArrayOfFV_TRBD_TributoDetalleInt" xmlns:q156="http://schemas.datacontract.org/2004/07/eBillCore"/>
        <xs:element minOccurs="0" name="Coord" nillable="true" type="q157:ArrayOfCoordenadasPixelesByPage" xmlns:q157="http://schemas.datacontract.org/2004/07/eBillCore"/>
        <xs:element minOccurs="0" name="retornaXML" type="xs:boolean"/>
        <xs:element minOccurs="0" name="_FV_AXD_AnticiposXDocumentoInt" nillable="true" type="q158:ArrayOfFV_AXD_AnticiposXDocumentoInt" xmlns:q158="http://schemas.datacontract.org/2004/07/eBillCore"/>
      </xs:sequence>
    </xs:complexType>
  </xs:element>
  <xs:element name="FV_CargarDocumentosElectronicosToeBillGenericFULLPDFCUFEResponse">
    <xs:complexType>
      <xs:sequence>
        <xs:element minOccurs="0" name="FV_CargarDocumentosElectronicosToeBillGenericFULLPDFCUFEResult" nillable="true" type="xs:string"/>
      </xs:sequence>
    </xs:complexType>
  </xs:element>
  <xs:element name="FV_CargarDocumentosElectronicosToeBillGenericFULL">
    <xs:complexType>
      <xs:sequence>
        <xs:element minOccurs="0" name="FacCab" nillable="true" type="q159:FV_CFDCabConexionInt" xmlns:q159="http://schemas.datacontract.org/2004/07/eBillCore"/>
        <xs:element minOccurs="0" name="DetFac" nillable="true" type="q160:ArrayOfFV_CFDDetConexionInt" xmlns:q160="http://schemas.datacontract.org/2004/07/eBillCore"/>
        <xs:element minOccurs="0" name="Opciones" nillable="true" type="q161:FV_OpcionesConexionInt" xmlns:q161="http://schemas.datacontract.org/2004/07/eBillCore"/>
        <xs:element minOccurs="0" name="AllowedChargeCab" nillable="true" type="q162:ArrayOfFV_ACC_AllowanceChargeCabInt" xmlns:q162="http://schemas.datacontract.org/2004/07/eBillCore"/>
        <xs:element minOccurs="0" name="AllowedChargeDet" nillable="true" type="q163:ArrayOfFV_ACD_AllowanceChargeDetInt" xmlns:q163="http://schemas.datacontract.org/2004/07/eBillCore"/>
        <xs:element minOccurs="0" name="_FV_TRBACON_TributoAgrupadoXConceptoInt" nillable="true" type="q164:ArrayOfFV_TRBACON_TributoAgrupadoXConceptoInt" xmlns:q164="http://schemas.datacontract.org/2004/07/eBillCore"/>
        <xs:element minOccurs="0" name="_FV_TRBDCON_TributoDetalleXConceptoInt" nillable="true" type="q165:ArrayOfFV_TRBDCON_TributoDetalleXConceptoInt" xmlns:q165="http://schemas.datacontract.org/2004/07/eBillCore"/>
        <xs:element minOccurs="0" name="_FV_TRBA_TributoAgrupadoInt" nillable="true" type="q166:ArrayOfFV_TRBA_TributoAgrupadoInt" xmlns:q166="http://schemas.datacontract.org/2004/07/eBillCore"/>
        <xs:element minOccurs="0" name="_FV_TRBD_TributoDetalleInt" nillable="true" type="q167:ArrayOfFV_TRBD_TributoDetalleInt" xmlns:q167="http://schemas.datacontract.org/2004/07/eBillCore"/>
        <xs:element minOccurs="0" name="Coord" nillable="true" type="q168:ArrayOfCoordenadasPixelesByPage" xmlns:q168="http://schemas.datacontract.org/2004/07/eBillCore"/>
        <xs:element minOccurs="0" name="_FV_AXD_AnticiposXDocumentoInt" nillable="true" type="q169:ArrayOfFV_AXD_AnticiposXDocumentoInt" xmlns:q169="http://schemas.datacontract.org/2004/07/eBillCore"/>
      </xs:sequence>
    </xs:complexType>
  </xs:element>
  <xs:element name="FV_CargarDocumentosElectronicosToeBillGenericFULLResponse">
    <xs:complexType>
      <xs:sequence>
        <xs:element minOccurs="0" name="FV_CargarDocumentosElectronicosToeBillGenericFULLResult" nillable="true" type="xs:string"/>
      </xs:sequence>
    </xs:complexType>
  </xs:element>
  <xs:element name="TraerAdjuntosXPrefijoXNumXTipoComp">
    <xs:complexType>
      <xs:sequence>
        <xs:element minOccurs="0" name="NitEmpresaReceptora" nillable="true" type="xs:string"/>
        <xs:element minOccurs="0" name="NitEmpresaEmisora" nillable="true" type="xs:string"/>
        <xs:element minOccurs="0" name="Prefijo" nillable="true" type="xs:string"/>
        <xs:element minOccurs="0" name="Numero" type="xs:long"/>
        <xs:element minOccurs="0" name="NumEnlace" nillable="true" type="xs:string"/>
        <xs:element minOccurs="0" name="TipoComprobante" type="xs:int"/>
        <xs:element minOccurs="0" name="Token" nillable="true" type="xs:string"/>
        <xs:element minOccurs="0" name="MultiAnexo" type="xs:boolean"/>
      </xs:sequence>
    </xs:complexType>
  </xs:element>
  <xs:element name="TraerAdjuntosXPrefijoXNumXTipoCompResponse">
    <xs:complexType>
      <xs:sequence>
        <xs:element minOccurs="0" name="TraerAdjuntosXPrefijoXNumXTipoCompResult" nillable="true" type="xs:base64Binary"/>
      </xs:sequence>
    </xs:complexType>
  </xs:element>
  <xs:element name="FV_TraerPaquetesEmitidosPendientesDeStatusDian">
    <xs:complexType>
      <xs:sequence>
        <xs:element minOccurs="0" name="IdEmpresa" type="xs:int"/>
        <xs:element minOccurs="0" name="Fecha" nillable="true" type="xs:string"/>
        <xs:element minOccurs="0" name="Token" nillable="true" type="xs:string"/>
        <xs:element minOccurs="0" name="Resagos" type="xs:boolean"/>
        <xs:element minOccurs="0" name="EndPointDian" type="q170:FV_Utilidades.FV_EndPointDian" xmlns:q170="http://schemas.datacontract.org/2004/07/eBillCore"/>
      </xs:sequence>
    </xs:complexType>
  </xs:element>
  <xs:element name="FV_TraerPaquetesEmitidosPendientesDeStatusDianResponse">
    <xs:complexType>
      <xs:sequence>
        <xs:element minOccurs="0" name="FV_TraerPaquetesEmitidosPendientesDeStatusDianResult" nillable="true" type="q171:ArrayOfstring" xmlns:q171="http://schemas.microsoft.com/2003/10/Serialization/Arrays"/>
      </xs:sequence>
    </xs:complexType>
  </xs:element>
  <xs:element name="FV_RegistroPaqueteEmitido">
    <xs:complexType>
      <xs:sequence>
        <xs:element minOccurs="0" name="registro" nillable="true" type="q172:FV_RegistroSolicitudEmision" xmlns:q172="http://schemas.datacontract.org/2004/07/eBillCore"/>
        <xs:element minOccurs="0" name="Documentos" nillable="true" type="q173:ArrayOfFV_Documentos" xmlns:q173="http://schemas.datacontract.org/2004/07/eBillCore"/>
        <xs:element minOccurs="0" name="Token" nillable="true" type="xs:string"/>
      </xs:sequence>
    </xs:complexType>
  </xs:element>
  <xs:element name="FV_RegistroPaqueteEmitidoResponse">
    <xs:complexType>
      <xs:sequence>
        <xs:element minOccurs="0" name="FV_RegistroPaqueteEmitidoResult" type="xs:boolean"/>
      </xs:sequence>
    </xs:complexType>
  </xs:element>
  <xs:element name="FV_CargarDocumentosElectronicosToeBillTxN">
    <xs:complexType>
      <xs:sequence>
        <xs:element minOccurs="0" name="PDFFac" nillable="true" type="xs:base64Binary"/>
        <xs:element minOccurs="0" name="FacCab" nillable="true" type="q174:FV_CFDCabConexionInt" xmlns:q174="http://schemas.datacontract.org/2004/07/eBillCore"/>
        <xs:element minOccurs="0" name="DetFac" nillable="true" type="q175:ArrayOfFV_CFDDetConexionInt" xmlns:q175="http://schemas.datacontract.org/2004/07/eBillCore"/>
        <xs:element minOccurs="0" name="Opciones" nillable="true" type="q176:FV_OpcionesConexionInt" xmlns:q176="http://schemas.datacontract.org/2004/07/eBillCore"/>
        <xs:element minOccurs="0" name="AllowedChargeCab" nillable="true" type="q177:ArrayOfFV_ACC_AllowanceChargeCabInt" xmlns:q177="http://schemas.datacontract.org/2004/07/eBillCore"/>
        <xs:element minOccurs="0" name="AllowedChargeDet" nillable="true" type="q178:ArrayOfFV_ACD_AllowanceChargeDetInt" xmlns:q178="http://schemas.datacontract.org/2004/07/eBillCore"/>
        <xs:element minOccurs="0" name="_FV_TRBACON_TributoAgrupadoXConceptoInt" nillable="true" type="q179:ArrayOfFV_TRBACON_TributoAgrupadoXConceptoInt" xmlns:q179="http://schemas.datacontract.org/2004/07/eBillCore"/>
        <xs:element minOccurs="0" name="_FV_TRBDCON_TributoDetalleXConceptoInt" nillable="true" type="q180:ArrayOfFV_TRBDCON_TributoDetalleXConceptoInt" xmlns:q180="http://schemas.datacontract.org/2004/07/eBillCore"/>
        <xs:element minOccurs="0" name="_FV_TRBA_TributoAgrupadoInt" nillable="true" type="q181:ArrayOfFV_TRBA_TributoAgrupadoInt" xmlns:q181="http://schemas.datacontract.org/2004/07/eBillCore"/>
        <xs:element minOccurs="0" name="_FV_TRBD_TributoDetalleInt" nillable="true" type="q182:ArrayOfFV_TRBD_TributoDetalleInt" xmlns:q182="http://schemas.datacontract.org/2004/07/eBillCore"/>
        <xs:element minOccurs="0" name="Coord" nillable="true" type="q183:ArrayOfCoordenadasPixelesByPage" xmlns:q183="http://schemas.datacontract.org/2004/07/eBillCore"/>
      </xs:sequence>
    </xs:complexType>
  </xs:element>
  <xs:element name="FV_CargarDocumentosElectronicosToeBillTxNResponse">
    <xs:complexType>
      <xs:sequence>
        <xs:element minOccurs="0" name="FV_CargarDocumentosElectronicosToeBillTxNResult" nillable="true" type="xs:string"/>
      </xs:sequence>
    </xs:complexType>
  </xs:element>
  <xs:element name="FV_CargarDocumentosElectronicosToeBillTxA">
    <xs:complexType>
      <xs:sequence>
        <xs:element minOccurs="0" name="PDFFac" nillable="true" type="xs:base64Binary"/>
        <xs:element minOccurs="0" name="FacCab" nillable="true" type="q184:FV_CFDCabConexionInt" xmlns:q184="http://schemas.datacontract.org/2004/07/eBillCore"/>
        <xs:element minOccurs="0" name="DetFac" nillable="true" type="q185:ArrayOfFV_CFDDetConexionInt" xmlns:q185="http://schemas.datacontract.org/2004/07/eBillCore"/>
        <xs:element minOccurs="0" name="Opciones" nillable="true" type="q186:FV_OpcionesConexionInt" xmlns:q186="http://schemas.datacontract.org/2004/07/eBillCore"/>
        <xs:element minOccurs="0" name="AllowedChargeCab" nillable="true" type="q187:ArrayOfFV_ACC_AllowanceChargeCabInt" xmlns:q187="http://schemas.datacontract.org/2004/07/eBillCore"/>
        <xs:element minOccurs="0" name="AllowedChargeDet" nillable="true" type="q188:ArrayOfFV_ACD_AllowanceChargeDetInt" xmlns:q188="http://schemas.datacontract.org/2004/07/eBillCore"/>
        <xs:element minOccurs="0" name="_FV_TRBACON_TributoAgrupadoXConceptoInt" nillable="true" type="q189:ArrayOfFV_TRBACON_TributoAgrupadoXConceptoInt" xmlns:q189="http://schemas.datacontract.org/2004/07/eBillCore"/>
        <xs:element minOccurs="0" name="_FV_TRBDCON_TributoDetalleXConceptoInt" nillable="true" type="q190:ArrayOfFV_TRBDCON_TributoDetalleXConceptoInt" xmlns:q190="http://schemas.datacontract.org/2004/07/eBillCore"/>
        <xs:element minOccurs="0" name="_FV_TRBA_TributoAgrupadoInt" nillable="true" type="q191:ArrayOfFV_TRBA_TributoAgrupadoInt" xmlns:q191="http://schemas.datacontract.org/2004/07/eBillCore"/>
        <xs:element minOccurs="0" name="_FV_TRBD_TributoDetalleInt" nillable="true" type="q192:ArrayOfFV_TRBD_TributoDetalleInt" xmlns:q192="http://schemas.datacontract.org/2004/07/eBillCore"/>
        <xs:element minOccurs="0" name="Coord" nillable="true" type="q193:ArrayOfCoordenadasPixelesByPage" xmlns:q193="http://schemas.datacontract.org/2004/07/eBillCore"/>
      </xs:sequence>
    </xs:complexType>
  </xs:element>
  <xs:element name="FV_CargarDocumentosElectronicosToeBillTxAResponse">
    <xs:complexType>
      <xs:sequence>
        <xs:element minOccurs="0" name="FV_CargarDocumentosElectronicosToeBillTxAResult" nillable="true" type="xs:string"/>
      </xs:sequence>
    </xs:complexType>
  </xs:element>
  <xs:element name="FV_RegistroEstadoPaqueteEmitido">
    <xs:complexType>
      <xs:sequence>
        <xs:element minOccurs="0" name="Registro" nillable="true" type="q194:FV_RegistroSolicitudEmision" xmlns:q194="http://schemas.datacontract.org/2004/07/eBillCore"/>
        <xs:element minOccurs="0" name="Documentos" nillable="true" type="q195:ArrayOfDianResponse" xmlns:q195="http://schemas.datacontract.org/2004/07/DianResponse"/>
        <xs:element minOccurs="0" name="Token" nillable="true" type="xs:string"/>
      </xs:sequence>
    </xs:complexType>
  </xs:element>
  <xs:element name="FV_RegistroEstadoPaqueteEmitidoResponse">
    <xs:complexType>
      <xs:sequence>
        <xs:element minOccurs="0" name="FV_RegistroEstadoPaqueteEmitidoResult" nillable="true" type="xs:string"/>
      </xs:sequence>
    </xs:complexType>
  </xs:element>
  <xs:element name="FV_EnviarDocumentoaDIAN">
    <xs:complexType>
      <xs:sequence>
        <xs:element minOccurs="0" name="IdEmpresa" type="xs:int"/>
        <xs:element minOccurs="0" name="IdDocumento" type="xs:int"/>
        <xs:element minOccurs="0" name="IdSucursal" type="xs:int"/>
        <xs:element minOccurs="0" name="Prevalidar" type="xs:boolean"/>
        <xs:element minOccurs="0" name="MSNError" nillable="true" type="xs:string"/>
        <xs:element minOccurs="0" name="RequiereFE" type="xs:boolean"/>
        <xs:element minOccurs="0" name="Token" nillable="true" type="xs:string"/>
      </xs:sequence>
    </xs:complexType>
  </xs:element>
  <xs:element name="FV_EnviarDocumentoaDIANResponse">
    <xs:complexType>
      <xs:sequence>
        <xs:element minOccurs="0" name="FV_EnviarDocumentoaDIANResult" type="xs:boolean"/>
        <xs:element minOccurs="0" name="MSNError" nillable="true" type="xs:string"/>
      </xs:sequence>
    </xs:complexType>
  </xs:element>
  <xs:element name="FV_EnviarDocumentoaDIAN_Contingencia">
    <xs:complexType>
      <xs:sequence>
        <xs:element minOccurs="0" name="IdEmpresa" type="xs:int"/>
        <xs:element minOccurs="0" name="IdDocumento" type="xs:int"/>
        <xs:element minOccurs="0" name="IdSucursal" type="xs:int"/>
        <xs:element minOccurs="0" name="Prevalidar" type="xs:boolean"/>
        <xs:element minOccurs="0" name="MSNError" nillable="true" type="xs:string"/>
        <xs:element minOccurs="0" name="RequiereFE" type="xs:boolean"/>
        <xs:element minOccurs="0" name="Token" nillable="true" type="xs:string"/>
      </xs:sequence>
    </xs:complexType>
  </xs:element>
  <xs:element name="FV_EnviarDocumentoaDIAN_ContingenciaResponse">
    <xs:complexType>
      <xs:sequence>
        <xs:element minOccurs="0" name="FV_EnviarDocumentoaDIAN_ContingenciaResult" type="xs:boolean"/>
        <xs:element minOccurs="0" name="MSNError" nillable="true" type="xs:string"/>
      </xs:sequence>
    </xs:complexType>
  </xs:element>
  <xs:element name="FV_LiberarDocumentosEstadoProcesamiento">
    <xs:complexType>
      <xs:sequence>
        <xs:element minOccurs="0" name="IdEmpresa" type="xs:int"/>
        <xs:element minOccurs="0" name="documentos" nillable="true" type="q196:ArrayOfint" xmlns:q196="http://schemas.microsoft.com/2003/10/Serialization/Arrays"/>
        <xs:element minOccurs="0" name="Token" nillable="true" type="xs:string"/>
      </xs:sequence>
    </xs:complexType>
  </xs:element>
  <xs:element name="FV_LiberarDocumentosEstadoProcesamientoResponse">
    <xs:complexType>
      <xs:sequence>
        <xs:element minOccurs="0" name="FV_LiberarDocumentosEstadoProcesamientoResult" nillable="true" type="xs:string"/>
      </xs:sequence>
    </xs:complexType>
  </xs:element>
  <xs:element name="FV_LiberarPaquetesEstadoProcesamiento">
    <xs:complexType>
      <xs:sequence>
        <xs:element minOccurs="0" name="IdEmpresa" type="xs:int"/>
        <xs:element minOccurs="0" name="paquetes" nillable="true" type="q197:ArrayOfint" xmlns:q197="http://schemas.microsoft.com/2003/10/Serialization/Arrays"/>
        <xs:element minOccurs="0" name="Token" nillable="true" type="xs:string"/>
      </xs:sequence>
    </xs:complexType>
  </xs:element>
  <xs:element name="FV_LiberarPaquetesEstadoProcesamientoResponse">
    <xs:complexType>
      <xs:sequence>
        <xs:element minOccurs="0" name="FV_LiberarPaquetesEstadoProcesamientoResult" nillable="true" type="xs:string"/>
      </xs:sequence>
    </xs:complexType>
  </xs:element>
  <xs:element name="FV_LiberarDocsEmitidosEstadoProcesamiento">
    <xs:complexType>
      <xs:sequence>
        <xs:element minOccurs="0" name="IdEmpresa" type="xs:int"/>
        <xs:element minOccurs="0" name="documentos" nillable="true" type="q198:ArrayOfint" xmlns:q198="http://schemas.microsoft.com/2003/10/Serialization/Arrays"/>
        <xs:element minOccurs="0" name="Token" nillable="true" type="xs:string"/>
      </xs:sequence>
    </xs:complexType>
  </xs:element>
  <xs:element name="FV_LiberarDocsEmitidosEstadoProcesamientoResponse">
    <xs:complexType>
      <xs:sequence>
        <xs:element minOccurs="0" name="FV_LiberarDocsEmitidosEstadoProcesamientoResult" nillable="true" type="xs:string"/>
      </xs:sequence>
    </xs:complexType>
  </xs:element>
  <xs:element name="FV_ConsultaEstado_DIANV2">
    <xs:complexType>
      <xs:sequence>
        <xs:element minOccurs="0" name="NitEmpresa" nillable="true" type="xs:string"/>
        <xs:element minOccurs="0" name="Prefijo" nillable="true" type="xs:string"/>
        <xs:element minOccurs="0" name="NumDoc" type="xs:int"/>
        <xs:element minOccurs="0" name="TipoComprobante" type="xs:int"/>
        <xs:element minOccurs="0" name="Token" nillable="true" type="xs:string"/>
      </xs:sequence>
    </xs:complexType>
  </xs:element>
  <xs:element name="FV_ConsultaEstado_DIANV2Response">
    <xs:complexType>
      <xs:sequence>
        <xs:element minOccurs="0" name="FV_ConsultaEstado_DIANV2Result" nillable="true" type="q199:FV_EstadoDocumentoDIANV2" xmlns:q199="http://schemas.datacontract.org/2004/07/eBillCore"/>
      </xs:sequence>
    </xs:complexType>
  </xs:element>
  <xs:element name="FV_ProcesarRespuestaEnvioSincrono">
    <xs:complexType>
      <xs:sequence>
        <xs:element minOccurs="0" name="IdEmpresa" type="xs:int"/>
        <xs:element minOccurs="0" name="IdDocumento" type="xs:int"/>
        <xs:element minOccurs="0" name="respuesta" nillable="true" type="q200:DianResponse" xmlns:q200="http://schemas.datacontract.org/2004/07/DianResponse"/>
        <xs:element minOccurs="0" name="Nombre_ArchivoZip" nillable="true" type="xs:string"/>
        <xs:element minOccurs="0" name="ArchivoZip" nillable="true" type="xs:base64Binary"/>
        <xs:element minOccurs="0" name="xml" nillable="true" type="xs:base64Binary"/>
        <xs:element minOccurs="0" name="Token" nillable="true" type="xs:string"/>
        <xs:element minOccurs="0" name="EndPointDian" type="q201:FV_Utilidades.FV_EndPointDian" xmlns:q201="http://schemas.datacontract.org/2004/07/eBillCore"/>
        <xs:element minOccurs="0" name="ReemplazoDocXReglasInv" type="xs:boolean"/>
      </xs:sequence>
    </xs:complexType>
  </xs:element>
  <xs:element name="FV_ProcesarRespuestaEnvioSincronoResponse">
    <xs:complexType>
      <xs:sequence>
        <xs:element minOccurs="0" name="FV_ProcesarRespuestaEnvioSincronoResult" nillable="true" type="xs:string"/>
      </xs:sequence>
    </xs:complexType>
  </xs:element>
  <xs:element name="FV_ProcesarRespuestaEnvioAsincrono">
    <xs:complexType>
      <xs:sequence>
        <xs:element minOccurs="0" name="IdEmpresa" type="xs:int"/>
        <xs:element minOccurs="0" name="IdDocumento" type="xs:int"/>
        <xs:element minOccurs="0" name="respuesta" nillable="true" type="q202:UploadDocumentResponse" xmlns:q202="http://schemas.datacontract.org/2004/07/UploadDocumentResponse"/>
        <xs:element minOccurs="0" name="Nombre_ArchivoZip" nillable="true" type="xs:string"/>
        <xs:element minOccurs="0" name="Nombre_ArchivoXml" nillable="true" type="xs:string"/>
        <xs:element minOccurs="0" name="ArchivoZip" nillable="true" type="xs:base64Binary"/>
        <xs:element minOccurs="0" name="xml" nillable="true" type="xs:base64Binary"/>
        <xs:element minOccurs="0" name="Token" nillable="true" type="xs:string"/>
        <xs:element minOccurs="0" name="EndPointDian" type="q203:FV_Utilidades.FV_EndPointDian" xmlns:q203="http://schemas.datacontract.org/2004/07/eBillCore"/>
        <xs:element minOccurs="0" name="ReemplazoDocXReglasInv" type="xs:boolean"/>
      </xs:sequence>
    </xs:complexType>
  </xs:element>
  <xs:element name="FV_ProcesarRespuestaEnvioAsincronoResponse">
    <xs:complexType>
      <xs:sequence>
        <xs:element minOccurs="0" name="FV_ProcesarRespuestaEnvioAsincronoResult" nillable="true" type="xs:string"/>
      </xs:sequence>
    </xs:complexType>
  </xs:element>
  <xs:element name="FV_RegistroEstadoDocEmitido">
    <xs:complexType>
      <xs:sequence>
        <xs:element minOccurs="0" name="IdEmpresa" type="xs:int"/>
        <xs:element minOccurs="0" name="IdDocumento" type="xs:int"/>
        <xs:element minOccurs="0" name="respuesta" nillable="true" type="q204:DianResponse" xmlns:q204="http://schemas.datacontract.org/2004/07/DianResponse"/>
        <xs:element minOccurs="0" name="IdRegistroSolicitudDetalle" type="xs:int"/>
        <xs:element minOccurs="0" name="Token" nillable="true" type="xs:string"/>
      </xs:sequence>
    </xs:complexType>
  </xs:element>
  <xs:element name="FV_RegistroEstadoDocEmitidoResponse">
    <xs:complexType>
      <xs:sequence>
        <xs:element minOccurs="0" name="FV_RegistroEstadoDocEmitidoResult" nillable="true" type="xs:string"/>
      </xs:sequence>
    </xs:complexType>
  </xs:element>
  <xs:element name="FV_TraerDocumentosEmitidosPendientesDeStatusDian">
    <xs:complexType>
      <xs:sequence>
        <xs:element minOccurs="0" name="IdEmpresa" type="xs:int"/>
        <xs:element minOccurs="0" name="Fecha" nillable="true" type="xs:string"/>
        <xs:element minOccurs="0" name="NumReg" type="xs:int"/>
        <xs:element minOccurs="0" name="Token" nillable="true" type="xs:string"/>
        <xs:element minOccurs="0" name="Resagos" type="xs:boolean"/>
        <xs:element minOccurs="0" name="EndPointDian" type="q205:FV_Utilidades.FV_EndPointDian" xmlns:q205="http://schemas.datacontract.org/2004/07/eBillCore"/>
      </xs:sequence>
    </xs:complexType>
  </xs:element>
  <xs:element name="FV_TraerDocumentosEmitidosPendientesDeStatusDianResponse">
    <xs:complexType>
      <xs:sequence>
        <xs:element minOccurs="0" name="FV_TraerDocumentosEmitidosPendientesDeStatusDianResult" nillable="true" type="q206:ArrayOfstring" xmlns:q206="http://schemas.microsoft.com/2003/10/Serialization/Arrays"/>
      </xs:sequence>
    </xs:complexType>
  </xs:element>
  <xs:element name="NuevoEventoLogeBill">
    <xs:complexType>
      <xs:sequence>
        <xs:element minOccurs="0" name="IdEmpresa" type="xs:int"/>
        <xs:element minOccurs="0" name="TipoEvento" type="xs:int"/>
        <xs:element minOccurs="0" name="IdProc" type="xs:int"/>
        <xs:element minOccurs="0" name="IdMensage" type="xs:int"/>
        <xs:element minOccurs="0" name="IdSucursal" type="xs:int"/>
        <xs:element minOccurs="0" name="Msg" nillable="true" type="xs:string"/>
        <xs:element minOccurs="0" name="Token" nillable="true" type="xs:string"/>
      </xs:sequence>
    </xs:complexType>
  </xs:element>
  <xs:element name="NuevoEventoLogeBillResponse">
    <xs:complexType>
      <xs:sequence>
        <xs:element minOccurs="0" name="NuevoEventoLogeBillResult" type="xs:boolean"/>
      </xs:sequence>
    </xs:complexType>
  </xs:element>
  <xs:element name="TraerIdUltimoDocumentoXEmpresa">
    <xs:complexType>
      <xs:sequence>
        <xs:element minOccurs="0" name="IdEmpresa" type="xs:int"/>
        <xs:element minOccurs="0" name="IdSucursal" type="xs:int"/>
        <xs:element minOccurs="0" name="TipoDoc" type="xs:int"/>
        <xs:element minOccurs="0" name="NumeroDocumento" nillable="true" type="xs:string"/>
        <xs:element minOccurs="0" name="Token" nillable="true" type="xs:string"/>
      </xs:sequence>
    </xs:complexType>
  </xs:element>
  <xs:element name="TraerIdUltimoDocumentoXEmpresaResponse">
    <xs:complexType>
      <xs:sequence>
        <xs:element minOccurs="0" name="TraerIdUltimoDocumentoXEmpresaResult" type="xs:int"/>
        <xs:element minOccurs="0" name="NumeroDocumento" nillable="true" type="xs:string"/>
      </xs:sequence>
    </xs:complexType>
  </xs:element>
  <xs:element name="AlmacenarRegistroLogReglas">
    <xs:complexType>
      <xs:sequence>
        <xs:element minOccurs="0" name="IdEmpresa" type="xs:int"/>
        <xs:element minOccurs="0" name="CFD_numero_cfd" type="xs:decimal"/>
        <xs:element minOccurs="0" name="CFD_prefijo" nillable="true" type="xs:string"/>
        <xs:element minOccurs="0" name="tco_id_tipo_comprobante" type="xs:int"/>
        <xs:element minOccurs="0" name="mensajeError" nillable="true" type="xs:string"/>
        <xs:element minOccurs="0" name="PuntoValidacion" type="q207:FV_LRV_Log_Error_Doc_EmitidoDatos.FV_PuntoValidacionDocumento" xmlns:q207="http://schemas.datacontract.org/2004/07/eBillCore"/>
        <xs:element minOccurs="0" name="idDocumento" type="xs:int"/>
        <xs:element minOccurs="0" name="RegistrarEnLogReglas" type="xs:boolean"/>
        <xs:element minOccurs="0" name="Token" nillable="true" type="xs:string"/>
      </xs:sequence>
    </xs:complexType>
  </xs:element>
  <xs:element name="AlmacenarRegistroLogReglasResponse">
    <xs:complexType>
      <xs:sequence>
        <xs:element minOccurs="0" name="AlmacenarRegistroLogReglasResult" type="xs:boolean"/>
      </xs:sequence>
    </xs:complexType>
  </xs:element>
  <xs:element name="FV_TraerResumenReglasTotal">
    <xs:complexType>
      <xs:sequence>
        <xs:element minOccurs="0" name="IdPuntoValidacion" type="xs:int"/>
        <xs:element minOccurs="0" name="Fecha" nillable="true" type="xs:string"/>
        <xs:element minOccurs="0" name="Token" nillable="true" type="xs:string"/>
      </xs:sequence>
    </xs:complexType>
  </xs:element>
  <xs:element name="FV_TraerResumenReglasTotalResponse">
    <xs:complexType>
      <xs:sequence>
        <xs:element minOccurs="0" name="FV_TraerResumenReglasTotalResult" nillable="true" type="q208:ArrayOfstring" xmlns:q208="http://schemas.microsoft.com/2003/10/Serialization/Arrays"/>
      </xs:sequence>
    </xs:complexType>
  </xs:element>
  <xs:element name="NegociarDocumentoFactoring">
    <xs:complexType>
      <xs:sequence>
        <xs:element minOccurs="0" name="NitProveedor" nillable="true" type="xs:string"/>
        <xs:element minOccurs="0" name="NitPagador" nillable="true" type="xs:string"/>
        <xs:element minOccurs="0" name="Prefijo" nillable="true" type="xs:string"/>
        <xs:element minOccurs="0" name="NumDoc" type="xs:int"/>
        <xs:element minOccurs="0" name="TipoDoc" type="xs:int"/>
        <xs:element minOccurs="0" name="Token" nillable="true" type="xs:string"/>
        <xs:element minOccurs="0" name="Condiciones" nillable="true" type="q209:ArrayOfFAC_FactoryConfirmingInt" xmlns:q209="http://schemas.datacontract.org/2004/07/eBillCore"/>
        <xs:element minOccurs="0" name="DevuleveCondiciones" type="xs:boolean"/>
      </xs:sequence>
    </xs:complexType>
  </xs:element>
  <xs:element name="NegociarDocumentoFactoringResponse">
    <xs:complexType>
      <xs:sequence>
        <xs:element minOccurs="0" name="NegociarDocumentoFactoringResult" type="xs:boolean"/>
        <xs:element minOccurs="0" name="Condiciones" nillable="true" type="q210:ArrayOfFAC_FactoryConfirmingInt" xmlns:q210="http://schemas.datacontract.org/2004/07/eBillCore"/>
      </xs:sequence>
    </xs:complexType>
  </xs:element>
  <xs:element name="FV_CrearNombreArchivoZipDian">
    <xs:complexType>
      <xs:sequence>
        <xs:element minOccurs="0" name="IdEmpresa" type="xs:int"/>
        <xs:element minOccurs="0" name="Token" nillable="true" type="xs:string"/>
      </xs:sequence>
    </xs:complexType>
  </xs:element>
  <xs:element name="FV_CrearNombreArchivoZipDianResponse">
    <xs:complexType>
      <xs:sequence>
        <xs:element minOccurs="0" name="FV_CrearNombreArchivoZipDianResult" nillable="true" type="xs:string"/>
      </xs:sequence>
    </xs:complexType>
  </xs:element>
  <xs:element name="FV_ExisteContingenciaDianDeclarada">
    <xs:complexType>
      <xs:sequence>
        <xs:element minOccurs="0" name="Token" nillable="true" type="xs:string"/>
      </xs:sequence>
    </xs:complexType>
  </xs:element>
  <xs:element name="FV_ExisteContingenciaDianDeclaradaResponse">
    <xs:complexType>
      <xs:sequence>
        <xs:element minOccurs="0" name="FV_ExisteContingenciaDianDeclaradaResult" nillable="true" type="q211:FV_DatosContingencia" xmlns:q211="http://schemas.datacontract.org/2004/07/eBillCore"/>
      </xs:sequence>
    </xs:complexType>
  </xs:element>
  <xs:element name="ExisteContingenciaDianDeclarada">
    <xs:complexType>
      <xs:sequence>
        <xs:element minOccurs="0" name="NitEmpresa" nillable="true" type="xs:string"/>
        <xs:element minOccurs="0" name="Token" nillable="true" type="xs:string"/>
      </xs:sequence>
    </xs:complexType>
  </xs:element>
  <xs:element name="ExisteContingenciaDianDeclaradaResponse">
    <xs:complexType>
      <xs:sequence>
        <xs:element minOccurs="0" name="ExisteContingenciaDianDeclaradaResult" type="xs:boolean"/>
      </xs:sequence>
    </xs:complexType>
  </xs:element>
  <xs:element name="FV_TraerIncidenteContingenciaReciente">
    <xs:complexType>
      <xs:sequence>
        <xs:element minOccurs="0" name="Token" nillable="true" type="xs:string"/>
      </xs:sequence>
    </xs:complexType>
  </xs:element>
  <xs:element name="FV_TraerIncidenteContingenciaRecienteResponse">
    <xs:complexType>
      <xs:sequence>
        <xs:element minOccurs="0" name="FV_TraerIncidenteContingenciaRecienteResult" nillable="true" type="q212:FV_IncidenteContingenciaDian" xmlns:q212="http://schemas.datacontract.org/2004/07/eBillCore"/>
      </xs:sequence>
    </xs:complexType>
  </xs:element>
  <xs:element name="FV_RegistrarHeartBeatContingencia">
    <xs:complexType>
      <xs:sequence>
        <xs:element minOccurs="0" name="Token" nillable="true" type="xs:string"/>
        <xs:element minOccurs="0" name="CodigoStatus" type="xs:short"/>
        <xs:element minOccurs="0" name="IdIncidenteContingencia" type="xs:int"/>
      </xs:sequence>
    </xs:complexType>
  </xs:element>
  <xs:element name="FV_RegistrarHeartBeatContingenciaResponse">
    <xs:complexType>
      <xs:sequence>
        <xs:element minOccurs="0" name="FV_RegistrarHeartBeatContingenciaResult" type="xs:int"/>
      </xs:sequence>
    </xs:complexType>
  </xs:element>
  <xs:element name="FV_ActualizarContingencia">
    <xs:complexType>
      <xs:sequence>
        <xs:element minOccurs="0" name="Token" nillable="true" type="xs:string"/>
        <xs:element minOccurs="0" name="IdHeartBeatDIAN" type="xs:int"/>
        <xs:element minOccurs="0" name="EsContingencia" type="xs:boolean"/>
      </xs:sequence>
    </xs:complexType>
  </xs:element>
  <xs:element name="FV_ActualizarContingenciaResponse">
    <xs:complexType>
      <xs:sequence>
        <xs:element minOccurs="0" name="FV_ActualizarContingenciaResult" type="xs:boolean"/>
      </xs:sequence>
    </xs:complexType>
  </xs:element>
  <xs:element name="FV_RegistrarIncidenteContingencia">
    <xs:complexType>
      <xs:sequence>
        <xs:element minOccurs="0" name="Token" nillable="true" type="xs:string"/>
        <xs:element minOccurs="0" name="_FV_IncidenteContingenciaDian" nillable="true" type="q213:FV_IncidenteContingenciaDian" xmlns:q213="http://schemas.datacontract.org/2004/07/eBillCore"/>
      </xs:sequence>
    </xs:complexType>
  </xs:element>
  <xs:element name="FV_RegistrarIncidenteContingenciaResponse">
    <xs:complexType>
      <xs:sequence>
        <xs:element minOccurs="0" name="FV_RegistrarIncidenteContingenciaResult" type="xs:boolean"/>
      </xs:sequence>
    </xs:complexType>
  </xs:element>
  <xs:element name="FV_TraerTiposIncidentesContingencia">
    <xs:complexType>
      <xs:sequence>
        <xs:element minOccurs="0" name="Token" nillable="true" type="xs:string"/>
      </xs:sequence>
    </xs:complexType>
  </xs:element>
  <xs:element name="FV_TraerTiposIncidentesContingenciaResponse">
    <xs:complexType>
      <xs:sequence>
        <xs:element minOccurs="0" name="FV_TraerTiposIncidentesContingenciaResult" nillable="true" type="q214:ArrayOfFV_TipoIncidenteContingencia" xmlns:q214="http://schemas.datacontract.org/2004/07/eBillCore"/>
      </xs:sequence>
    </xs:complexType>
  </xs:element>
  <xs:element name="CargarPDFDocumentoElectronico_AgregarQR">
    <xs:complexType>
      <xs:sequence>
        <xs:element minOccurs="0" name="PDFFac" nillable="true" type="xs:base64Binary"/>
        <xs:element minOccurs="0" name="FacCab" nillable="true" type="q215:CFDCabConexionInt" xmlns:q215="http://schemas.datacontract.org/2004/07/eBillCore"/>
        <xs:element minOccurs="0" name="Opciones" nillable="true" type="q216:OpcionesConexionInt" xmlns:q216="http://schemas.datacontract.org/2004/07/eBillCore"/>
        <xs:element minOccurs="0" name="CoorListXPage" nillable="true" type="q217:ArrayOfCoordenadasPixelesByPage" xmlns:q217="http://schemas.datacontract.org/2004/07/eBillCore"/>
        <xs:element minOccurs="0" name="facturaMinimaLegal" type="xs:boolean"/>
      </xs:sequence>
    </xs:complexType>
  </xs:element>
  <xs:element name="CargarPDFDocumentoElectronico_AgregarQRResponse">
    <xs:complexType>
      <xs:sequence>
        <xs:element minOccurs="0" name="CargarPDFDocumentoElectronico_AgregarQRResult" nillable="true" type="xs:string"/>
      </xs:sequence>
    </xs:complexType>
  </xs:element>
  <xs:element name="FV_CargarNotaDesdeFacturaToeBill">
    <xs:complexType>
      <xs:sequence>
        <xs:element minOccurs="0" name="FacCab" nillable="true" type="q218:FV_CFDCabConexionInt" xmlns:q218="http://schemas.datacontract.org/2004/07/eBillCore"/>
        <xs:element minOccurs="0" name="DetFac" nillable="true" type="q219:ArrayOfFV_CFDDetConexionInt" xmlns:q219="http://schemas.datacontract.org/2004/07/eBillCore"/>
        <xs:element minOccurs="0" name="Opciones" nillable="true" type="q220:FV_OpcionesConexionInt" xmlns:q220="http://schemas.datacontract.org/2004/07/eBillCore"/>
        <xs:element minOccurs="0" name="AllowedChargeCab" nillable="true" type="q221:ArrayOfFV_ACC_AllowanceChargeCabInt" xmlns:q221="http://schemas.datacontract.org/2004/07/eBillCore"/>
        <xs:element minOccurs="0" name="AllowedChargeDet" nillable="true" type="q222:ArrayOfFV_ACD_AllowanceChargeDetInt" xmlns:q222="http://schemas.datacontract.org/2004/07/eBillCore"/>
        <xs:element minOccurs="0" name="_FV_TRBACON_TributoAgrupadoXConceptoInt" nillable="true" type="q223:ArrayOfFV_TRBACON_TributoAgrupadoXConceptoInt" xmlns:q223="http://schemas.datacontract.org/2004/07/eBillCore"/>
        <xs:element minOccurs="0" name="_FV_TRBDCON_TributoDetalleXConceptoInt" nillable="true" type="q224:ArrayOfFV_TRBDCON_TributoDetalleXConceptoInt" xmlns:q224="http://schemas.datacontract.org/2004/07/eBillCore"/>
        <xs:element minOccurs="0" name="_FV_TRBA_TributoAgrupadoInt" nillable="true" type="q225:ArrayOfFV_TRBA_TributoAgrupadoInt" xmlns:q225="http://schemas.datacontract.org/2004/07/eBillCore"/>
        <xs:element minOccurs="0" name="_FV_TRBD_TributoDetalleInt" nillable="true" type="q226:ArrayOfFV_TRBD_TributoDetalleInt" xmlns:q226="http://schemas.datacontract.org/2004/07/eBillCore"/>
        <xs:element minOccurs="0" name="retornaXML" type="xs:boolean"/>
        <xs:element minOccurs="0" name="_FV_AXD_AnticiposXDocumentoInt" nillable="true" type="q227:ArrayOfFV_AXD_AnticiposXDocumentoInt" xmlns:q227="http://schemas.datacontract.org/2004/07/eBillCore"/>
      </xs:sequence>
    </xs:complexType>
  </xs:element>
  <xs:element name="FV_CargarNotaDesdeFacturaToeBillResponse">
    <xs:complexType>
      <xs:sequence>
        <xs:element minOccurs="0" name="FV_CargarNotaDesdeFacturaToeBillResult" nillable="true" type="xs:string"/>
      </xs:sequence>
    </xs:complexType>
  </xs:element>
  <xs:element name="FV_GenerarReporteRecepcion">
    <xs:complexType>
      <xs:sequence>
        <xs:element minOccurs="0" name="nitEmpresa" nillable="true" type="xs:string"/>
        <xs:element minOccurs="0" name="token" nillable="true" type="xs:string"/>
        <xs:element minOccurs="0" name="fecha" nillable="true" type="xs:string"/>
        <xs:element minOccurs="0" name="esConsolidado" nillable="true" type="xs:string"/>
        <xs:element minOccurs="0" name="nitProveedor" nillable="true" type="xs:string"/>
        <xs:element minOccurs="0" name="tipoDocumento" nillable="true" type="xs:string"/>
      </xs:sequence>
    </xs:complexType>
  </xs:element>
  <xs:element name="FV_GenerarReporteRecepcionResponse">
    <xs:complexType>
      <xs:sequence>
        <xs:element minOccurs="0" name="FV_GenerarReporteRecepcionResult" nillable="true" type="q228:ArrayOfReporteBase" xmlns:q228="http://schemas.datacontract.org/2004/07/eBillCore"/>
      </xs:sequence>
    </xs:complexType>
  </xs:element>
  <xs:element name="FV_GenerarReporteEmision">
    <xs:complexType>
      <xs:sequence>
        <xs:element minOccurs="0" name="nitEmpresa" nillable="true" type="xs:string"/>
        <xs:element minOccurs="0" name="token" nillable="true" type="xs:string"/>
        <xs:element minOccurs="0" name="fecha" nillable="true" type="xs:string"/>
        <xs:element minOccurs="0" name="erp" nillable="true" type="xs:string"/>
        <xs:element minOccurs="0" name="tipoDocumento" nillable="true" type="xs:string"/>
      </xs:sequence>
    </xs:complexType>
  </xs:element>
  <xs:element name="FV_GenerarReporteEmisionResponse">
    <xs:complexType>
      <xs:sequence>
        <xs:element minOccurs="0" name="FV_GenerarReporteEmisionResult" nillable="true" type="q229:ArrayOfReporteBase" xmlns:q229="http://schemas.datacontract.org/2004/07/eBillCore"/>
      </xs:sequence>
    </xs:complexType>
  </xs:element>
  <xs:element name="FV_GenerarReporteRecepcionPSV">
    <xs:complexType>
      <xs:sequence>
        <xs:element minOccurs="0" name="nitEmpresa" nillable="true" type="xs:string"/>
        <xs:element minOccurs="0" name="token" nillable="true" type="xs:string"/>
        <xs:element minOccurs="0" name="fecha" nillable="true" type="xs:string"/>
        <xs:element minOccurs="0" name="esConsolidado" nillable="true" type="xs:string"/>
        <xs:element minOccurs="0" name="nitProveedor" nillable="true" type="xs:string"/>
        <xs:element minOccurs="0" name="tipoDocumento" nillable="true" type="xs:string"/>
      </xs:sequence>
    </xs:complexType>
  </xs:element>
  <xs:element name="FV_GenerarReporteRecepcionPSVResponse">
    <xs:complexType>
      <xs:sequence>
        <xs:element minOccurs="0" name="FV_GenerarReporteRecepcionPSVResult" nillable="true" type="q230:ArrayOfstring" xmlns:q230="http://schemas.microsoft.com/2003/10/Serialization/Arrays"/>
      </xs:sequence>
    </xs:complexType>
  </xs:element>
  <xs:element name="FV_GenerarReporteEmisionPSV">
    <xs:complexType>
      <xs:sequence>
        <xs:element minOccurs="0" name="nitEmpresa" nillable="true" type="xs:string"/>
        <xs:element minOccurs="0" name="token" nillable="true" type="xs:string"/>
        <xs:element minOccurs="0" name="fecha" nillable="true" type="xs:string"/>
        <xs:element minOccurs="0" name="erp" nillable="true" type="xs:string"/>
        <xs:element minOccurs="0" name="tipoDocumento" nillable="true" type="xs:string"/>
      </xs:sequence>
    </xs:complexType>
  </xs:element>
  <xs:element name="FV_GenerarReporteEmisionPSVResponse">
    <xs:complexType>
      <xs:sequence>
        <xs:element minOccurs="0" name="FV_GenerarReporteEmisionPSVResult" nillable="true" type="q231:ArrayOfstring" xmlns:q231="http://schemas.microsoft.com/2003/10/Serialization/Arrays"/>
      </xs:sequence>
    </xs:complexType>
  </xs:element>
  <xs:element name="FV_SolicitaeBillPDF">
    <xs:complexType>
      <xs:sequence>
        <xs:element minOccurs="0" name="IdDocumento" type="xs:int"/>
        <xs:element minOccurs="0" name="IdEmpresa" type="xs:int"/>
        <xs:element minOccurs="0" name="Token" nillable="true" type="xs:string"/>
        <xs:element minOccurs="0" name="SoloCrearDoc" type="xs:boolean"/>
      </xs:sequence>
    </xs:complexType>
  </xs:element>
  <xs:element name="FV_SolicitaeBillPDFResponse">
    <xs:complexType>
      <xs:sequence>
        <xs:element minOccurs="0" name="FV_SolicitaeBillPDFResult" nillable="true" type="xs:base64Binary"/>
      </xs:sequence>
    </xs:complexType>
  </xs:element>
  <xs:element name="FV_GenerarReporteDocumentosEmitidosXFechaXEstado">
    <xs:complexType>
      <xs:sequence>
        <xs:element minOccurs="0" name="nitEmpresa" nillable="true" type="xs:string"/>
        <xs:element minOccurs="0" name="token" nillable="true" type="xs:string"/>
        <xs:element minOccurs="0" name="fechaInicial" nillable="true" type="xs:string"/>
        <xs:element minOccurs="0" name="fechaFinal" nillable="true" type="xs:string"/>
        <xs:element minOccurs="0" name="idTramiteDIAN" nillable="true" type="xs:string"/>
      </xs:sequence>
    </xs:complexType>
  </xs:element>
  <xs:element name="FV_GenerarReporteDocumentosEmitidosXFechaXEstadoResponse">
    <xs:complexType>
      <xs:sequence>
        <xs:element minOccurs="0" name="FV_GenerarReporteDocumentosEmitidosXFechaXEstadoResult" nillable="true" type="q232:ArrayOfstring" xmlns:q232="http://schemas.microsoft.com/2003/10/Serialization/Arrays"/>
      </xs:sequence>
    </xs:complexType>
  </xs:element>
  <xs:element name="FV_GenerarReporteValidacionDocumentosRecibidos">
    <xs:complexType>
      <xs:sequence>
        <xs:element minOccurs="0" name="nitEmpresa" nillable="true" type="xs:string"/>
        <xs:element minOccurs="0" name="token" nillable="true" type="xs:string"/>
        <xs:element minOccurs="0" name="fechaInicial" nillable="true" type="xs:string"/>
        <xs:element minOccurs="0" name="fechaFinal" nillable="true" type="xs:string"/>
      </xs:sequence>
    </xs:complexType>
  </xs:element>
  <xs:element name="FV_GenerarReporteValidacionDocumentosRecibidosResponse">
    <xs:complexType>
      <xs:sequence>
        <xs:element minOccurs="0" name="FV_GenerarReporteValidacionDocumentosRecibidosResult" nillable="true" type="q233:ArrayOfstring" xmlns:q233="http://schemas.microsoft.com/2003/10/Serialization/Arrays"/>
      </xs:sequence>
    </xs:complexType>
  </xs:element>
  <xs:element name="FV_ConsultaEstado_DIANV2Long">
    <xs:complexType>
      <xs:sequence>
        <xs:element minOccurs="0" name="NitEmpresa" nillable="true" type="xs:string"/>
        <xs:element minOccurs="0" name="Prefijo" nillable="true" type="xs:string"/>
        <xs:element minOccurs="0" name="NumDoc" type="xs:long"/>
        <xs:element minOccurs="0" name="TipoComprobante" type="xs:int"/>
        <xs:element minOccurs="0" name="Token" nillable="true" type="xs:string"/>
      </xs:sequence>
    </xs:complexType>
  </xs:element>
  <xs:element name="FV_ConsultaEstado_DIANV2LongResponse">
    <xs:complexType>
      <xs:sequence>
        <xs:element minOccurs="0" name="FV_ConsultaEstado_DIANV2LongResult" nillable="true" type="q234:FV_EstadoDocumentoDIANV2" xmlns:q234="http://schemas.datacontract.org/2004/07/eBillCore"/>
      </xs:sequence>
    </xs:complexType>
  </xs:element>
</xs:schema>]]></con:content><con:type>http://www.w3.org/2001/XMLSchema</con:type></con:part><con:part><con:url>http://testws.facturaenlinea.co/ServiciosFyM/eBill/Integracion.svc?xsd=xsd2</con:url><con:content><![CDATA[<xs:schema elementFormDefault="qualified" targetNamespace="http://schemas.datacontract.org/2004/07/eBillCore" xmlns:xs="http://www.w3.org/2001/XMLSchema" xmlns:tns="http://schemas.datacontract.org/2004/07/eBillCore" xmlns:ser="http://schemas.microsoft.com/2003/10/Serialization/">
  <xs:import schemaLocation="http://testws.facturaenlinea.co/ServiciosFyM/eBill/Integracion.svc?xsd=xsd3" namespace="http://schemas.microsoft.com/2003/10/Serialization/Arrays"/>
  <xs:import schemaLocation="http://testws.facturaenlinea.co/ServiciosFyM/eBill/Integracion.svc?xsd=xsd1" namespace="http://schemas.microsoft.com/2003/10/Serialization/"/>
  <xs:import schemaLocation="http://testws.facturaenlinea.co/ServiciosFyM/eBill/Integracion.svc?xsd=xsd5" namespace="http://schemas.datacontract.org/2004/07/System.Data.Linq"/>
  <xs:complexType name="respuesta_SDT">
    <xs:sequence>
      <xs:element minOccurs="0" name="AccionPlugIN" nillable="true" type="xs:string"/>
      <xs:element minOccurs="0" name="codigo_WSeBill" nillable="true" type="xs:string"/>
      <xs:element minOccurs="0" name="facturaUniLibreActualizada" type="xs:boolean"/>
      <xs:element minOccurs="0" name="respuestaWS_UniLibre" nillable="true" type="xs:string"/>
    </xs:sequence>
  </xs:complexType>
  <xs:element name="respuesta_SDT" nillable="true" type="tns:respuesta_SDT"/>
  <xs:complexType name="RegistroPagoXFactura">
    <xs:sequence>
      <xs:element minOccurs="0" name="EsPagoTotal" type="xs:boolean"/>
      <xs:element minOccurs="0" name="FechaPago" type="xs:dateTime"/>
      <xs:element minOccurs="0" name="MonedaISO" nillable="true" type="xs:string"/>
      <xs:element minOccurs="0" name="NitEmisor" nillable="true" type="xs:string"/>
      <xs:element minOccurs="0" name="NitReceptor" nillable="true" type="xs:string"/>
      <xs:element minOccurs="0" name="NumFact" type="xs:int"/>
      <xs:element minOccurs="0" name="OrderID" nillable="true" type="xs:string"/>
      <xs:element minOccurs="0" name="Prefijo" nillable="true" type="xs:string"/>
      <xs:element minOccurs="0" name="ReferenciaPago" nillable="true" type="xs:string"/>
      <xs:element minOccurs="0" name="TipoPago" type="xs:int"/>
      <xs:element minOccurs="0" name="ValorPago" type="xs:decimal"/>
    </xs:sequence>
  </xs:complexType>
  <xs:element name="RegistroPagoXFactura" nillable="true" type="tns:RegistroPagoXFactura"/>
  <xs:complexType name="CFDCabConexion">
    <xs:sequence>
      <xs:element minOccurs="0" name="AnoAprobacionRes" type="xs:long"/>
      <xs:element minOccurs="0" name="Cantidad1" type="xs:decimal"/>
      <xs:element minOccurs="0" name="Cantidad2" type="xs:decimal"/>
      <xs:element minOccurs="0" name="Cantidad3" type="xs:decimal"/>
      <xs:element minOccurs="0" name="CiudadDANE" nillable="true" type="xs:string"/>
      <xs:element minOccurs="0" name="CorreoCliente" nillable="true" type="xs:string"/>
      <xs:element minOccurs="0" name="DescripcionPlan" nillable="true" type="xs:string"/>
      <xs:element minOccurs="0" name="Descuento" type="xs:decimal"/>
      <xs:element minOccurs="0" name="DigitoVerificaCliente" type="xs:int"/>
      <xs:element minOccurs="0" name="DireccionCliente" nillable="true" type="xs:string"/>
      <xs:element minOccurs="0" name="FechaExpedicion" type="xs:dateTime"/>
      <xs:element minOccurs="0" name="FechaFinalPeriodoFacturado" type="xs:dateTime"/>
      <xs:element minOccurs="0" name="FechaInicialPeriodoFacturado" type="xs:dateTime"/>
      <xs:element minOccurs="0" name="FechaVencimiento" type="xs:dateTime"/>
      <xs:element minOccurs="0" name="FormaPago" nillable="true" type="xs:string"/>
      <xs:element minOccurs="0" name="IDInterno" nillable="true" type="xs:string"/>
      <xs:element minOccurs="0" name="IdPlan" nillable="true" type="xs:string"/>
      <xs:element minOccurs="0" name="InfoAdicional" nillable="true" type="xs:string"/>
      <xs:element minOccurs="0" name="MonedaISO" nillable="true" type="xs:string"/>
      <xs:element minOccurs="0" name="NitCliente" nillable="true" type="xs:string"/>
      <xs:element minOccurs="0" name="NitEmpresa" nillable="true" type="xs:string"/>
      <xs:element minOccurs="0" name="NombreCliente" nillable="true" type="xs:string"/>
      <xs:element minOccurs="0" name="NombrePlan" nillable="true" type="xs:string"/>
      <xs:element minOccurs="0" name="NumAprobacionRes" type="xs:decimal"/>
      <xs:element minOccurs="0" name="NumFactura" type="xs:int"/>
      <xs:element minOccurs="0" name="OrderID" nillable="true" type="xs:string"/>
      <xs:element minOccurs="0" name="PagoAnterior" type="xs:decimal"/>
      <xs:element minOccurs="0" name="Prefijo" nillable="true" type="xs:string"/>
      <xs:element minOccurs="0" name="Referencia1" nillable="true" type="xs:string"/>
      <xs:element minOccurs="0" name="SaldoAnterior" type="xs:decimal"/>
      <xs:element minOccurs="0" name="SubTotal" type="xs:decimal"/>
      <xs:element minOccurs="0" name="TelefonoCliente" nillable="true" type="xs:string"/>
      <xs:element minOccurs="0" name="TipoIDCliente" type="xs:int"/>
      <xs:element minOccurs="0" name="Total" type="xs:decimal"/>
      <xs:element minOccurs="0" name="TotalIVA" type="xs:decimal"/>
      <xs:element minOccurs="0" name="ValorHasta1" type="xs:decimal"/>
      <xs:element minOccurs="0" name="ValorHasta2" type="xs:decimal"/>
      <xs:element minOccurs="0" name="ValorHasta3" type="xs:decimal"/>
      <xs:element minOccurs="0" name="ValorHasta4" type="xs:decimal"/>
    </xs:sequence>
  </xs:complexType>
  <xs:element name="CFDCabConexion" nillable="true" type="tns:CFDCabConexion"/>
  <xs:complexType name="OpcionesConexion">
    <xs:sequence>
      <xs:element minOccurs="0" name="ActualizaProductos" type="xs:boolean"/>
      <xs:element minOccurs="0" name="BuscarXNitXIdInterno" type="xs:boolean"/>
      <xs:element minOccurs="0" name="EmisionAutomatica" type="xs:boolean"/>
      <xs:element minOccurs="0" name="EmisionAutomaticaFXComputador" type="xs:boolean"/>
      <xs:element minOccurs="0" name="FacturasSinAcuerdo" type="xs:boolean"/>
      <xs:element minOccurs="0" name="ManejaPlantillasNotificacion" type="xs:boolean"/>
      <xs:element minOccurs="0" name="NoAdjuntarArchivo" type="xs:boolean"/>
      <xs:element minOccurs="0" name="NoTieneAcuerdosFisicos" type="xs:boolean"/>
      <xs:element minOccurs="0" name="OrderControl" type="xs:boolean"/>
      <xs:element minOccurs="0" name="TipoCargaDetalle" type="xs:int"/>
      <xs:element minOccurs="0" name="TipoDocumento" type="xs:int"/>
      <xs:element minOccurs="0" name="TokenConexion" nillable="true" type="xs:string"/>
      <xs:element minOccurs="0" name="crearVIP" type="xs:boolean"/>
      <xs:element minOccurs="0" name="eBillAdmNumerosFactura" type="xs:boolean"/>
    </xs:sequence>
  </xs:complexType>
  <xs:element name="OpcionesConexion" nillable="true" type="tns:OpcionesConexion"/>
  <xs:complexType name="respuesta_eBillWCF">
    <xs:sequence>
      <xs:element minOccurs="0" name="archivoPDF" nillable="true" type="xs:base64Binary"/>
      <xs:element minOccurs="0" name="estado" type="xs:boolean"/>
      <xs:element minOccurs="0" name="mensaje" nillable="true" type="xs:string"/>
      <xs:element minOccurs="0" name="numeroDocumento" nillable="true" type="xs:string"/>
      <xs:element minOccurs="0" name="prefijo" nillable="true" type="xs:string"/>
      <xs:element minOccurs="0" name="tipoDocumento" nillable="true" type="xs:string"/>
    </xs:sequence>
  </xs:complexType>
  <xs:element name="respuesta_eBillWCF" nillable="true" type="tns:respuesta_eBillWCF"/>
  <xs:complexType name="ArrayOfEvento_Documento_Electronico">
    <xs:sequence>
      <xs:element minOccurs="0" maxOccurs="unbounded" name="Evento_Documento_Electronico" nillable="true" type="tns:Evento_Documento_Electronico"/>
    </xs:sequence>
  </xs:complexType>
  <xs:element name="ArrayOfEvento_Documento_Electronico" nillable="true" type="tns:ArrayOfEvento_Documento_Electronico"/>
  <xs:complexType name="Evento_Documento_Electronico">
    <xs:sequence>
      <xs:element minOccurs="0" name="CodigoEvento" nillable="true" type="xs:string"/>
      <xs:element minOccurs="0" name="ConceptoRechazo" nillable="true" type="xs:string"/>
      <xs:element minOccurs="0" name="CudeEvento" nillable="true" type="xs:string"/>
      <xs:element minOccurs="0" name="CufeDocumentoElectronico" nillable="true" type="xs:string"/>
      <xs:element minOccurs="0" name="Descripcion" nillable="true" type="xs:string"/>
      <xs:element minOccurs="0" name="FechaGeneracion" type="xs:dateTime"/>
      <xs:element minOccurs="0" name="FechaRadicacion" type="xs:dateTime"/>
      <xs:element minOccurs="0" name="NitEmpresaEmisoraDE" nillable="true" type="xs:string"/>
      <xs:element minOccurs="0" name="NitEmpresaReceptoraDE" nillable="true" type="xs:string"/>
      <xs:element minOccurs="0" name="NumeroDocumentoElectronico" nillable="true" type="xs:string"/>
      <xs:element minOccurs="0" name="NumeroEvento" nillable="true" type="xs:string"/>
      <xs:element minOccurs="0" name="OrderId" nillable="true" type="xs:string"/>
      <xs:element minOccurs="0" name="PrefijoDocumentoElectronico" nillable="true" type="xs:string"/>
      <xs:element minOccurs="0" name="XMLEvento" nillable="true" type="xs:string"/>
    </xs:sequence>
  </xs:complexType>
  <xs:element name="Evento_Documento_Electronico" nillable="true" type="tns:Evento_Documento_Electronico"/>
  <xs:complexType name="CFDCabConexionInt">
    <xs:sequence>
      <xs:element minOccurs="0" name="AnoAprobacionRes" type="xs:long"/>
      <xs:element minOccurs="0" name="Base_Impuesto" nillable="true" type="xs:decimal"/>
      <xs:element minOccurs="0" name="CFD_EST_estado_tramit" type="xs:int"/>
      <xs:element minOccurs="0" name="CFD_Flete" type="xs:decimal"/>
      <xs:element minOccurs="0" name="CFD_OtrosCargos" type="xs:decimal"/>
      <xs:element minOccurs="0" name="CFD_Por_Margen" nillable="true" type="xs:decimal"/>
      <xs:element minOccurs="0" name="CFD_ResponseCode" nillable="true" type="xs:string"/>
      <xs:element minOccurs="0" name="CFD_base_ICA_total" type="xs:decimal"/>
      <xs:element minOccurs="0" name="CFD_base_impo_total_nal" type="xs:decimal"/>
      <xs:element minOccurs="0" name="CFD_base_impo_total_reg" type="xs:decimal"/>
      <xs:element minOccurs="0" name="CFD_campo_texto_10" nillable="true" type="xs:string"/>
      <xs:element minOccurs="0" name="CFD_campo_texto_11" nillable="true" type="xs:string"/>
      <xs:element minOccurs="0" name="CFD_campo_texto_12" nillable="true" type="xs:string"/>
      <xs:element minOccurs="0" name="CFD_campo_texto_13" nillable="true" type="xs:string"/>
      <xs:element minOccurs="0" name="CFD_campo_texto_14" nillable="true" type="xs:string"/>
      <xs:element minOccurs="0" name="CFD_campo_texto_15" nillable="true" type="xs:string"/>
      <xs:element minOccurs="0" name="CFD_campo_texto_16" nillable="true" type="xs:string"/>
      <xs:element minOccurs="0" name="CFD_campo_texto_17" nillable="true" type="xs:string"/>
      <xs:element minOccurs="0" name="CFD_campo_texto_18" nillable="true" type="xs:string"/>
      <xs:element minOccurs="0" name="CFD_campo_texto_19" nillable="true" type="xs:string"/>
      <xs:element minOccurs="0" name="CFD_campo_texto_20" nillable="true" type="xs:string"/>
      <xs:element minOccurs="0" name="CFD_campo_texto_21" nillable="true" type="xs:string"/>
      <xs:element minOccurs="0" name="CFD_campo_texto_22" nillable="true" type="xs:string"/>
      <xs:element minOccurs="0" name="CFD_campo_texto_23" nillable="true" type="xs:string"/>
      <xs:element minOccurs="0" name="CFD_campo_texto_24" nillable="true" type="xs:string"/>
      <xs:element minOccurs="0" name="CFD_campo_texto_25" nillable="true" type="xs:string"/>
      <xs:element minOccurs="0" name="CFD_campo_texto_26" nillable="true" type="xs:string"/>
      <xs:element minOccurs="0" name="CFD_campo_texto_27" nillable="true" type="xs:string"/>
      <xs:element minOccurs="0" name="CFD_campo_texto_28" nillable="true" type="xs:string"/>
      <xs:element minOccurs="0" name="CFD_campo_texto_29" nillable="true" type="xs:string"/>
      <xs:element minOccurs="0" name="CFD_campo_texto_30" nillable="true" type="xs:string"/>
      <xs:element minOccurs="0" name="CFD_campo_texto_9" nillable="true" type="xs:string"/>
      <xs:element minOccurs="0" name="CFD_cantidad_dec_1" nillable="true" type="xs:decimal"/>
      <xs:element minOccurs="0" name="CFD_cantidad_dec_10" nillable="true" type="xs:decimal"/>
      <xs:element minOccurs="0" name="CFD_cantidad_dec_11" nillable="true" type="xs:decimal"/>
      <xs:element minOccurs="0" name="CFD_cantidad_dec_12" nillable="true" type="xs:decimal"/>
      <xs:element minOccurs="0" name="CFD_cantidad_dec_13" nillable="true" type="xs:decimal"/>
      <xs:element minOccurs="0" name="CFD_cantidad_dec_14" nillable="true" type="xs:decimal"/>
      <xs:element minOccurs="0" name="CFD_cantidad_dec_15" nillable="true" type="xs:decimal"/>
      <xs:element minOccurs="0" name="CFD_cantidad_dec_16" nillable="true" type="xs:string"/>
      <xs:element minOccurs="0" name="CFD_cantidad_dec_17" type="xs:decimal"/>
      <xs:element minOccurs="0" name="CFD_cantidad_dec_18" type="xs:decimal"/>
      <xs:element minOccurs="0" name="CFD_cantidad_dec_19" type="xs:decimal"/>
      <xs:element minOccurs="0" name="CFD_cantidad_dec_20" type="xs:decimal"/>
      <xs:element minOccurs="0" name="CFD_cantidad_dec_21" type="xs:decimal"/>
      <xs:element minOccurs="0" name="CFD_cantidad_dec_22" type="xs:decimal"/>
      <xs:element minOccurs="0" name="CFD_cantidad_dec_23" type="xs:decimal"/>
      <xs:element minOccurs="0" name="CFD_cantidad_dec_24" type="xs:decimal"/>
      <xs:element minOccurs="0" name="CFD_cantidad_dec_25" type="xs:decimal"/>
      <xs:element minOccurs="0" name="CFD_cantidad_dec_4" nillable="true" type="xs:decimal"/>
      <xs:element minOccurs="0" name="CFD_cantidad_dec_5" nillable="true" type="xs:decimal"/>
      <xs:element minOccurs="0" name="CFD_cantidad_dec_6" nillable="true" type="xs:decimal"/>
      <xs:element minOccurs="0" name="CFD_cantidad_dec_7" nillable="true" type="xs:decimal"/>
      <xs:element minOccurs="0" name="CFD_cantidad_dec_8" nillable="true" type="xs:decimal"/>
      <xs:element minOccurs="0" name="CFD_cantidad_dec_9" nillable="true" type="xs:decimal"/>
      <xs:element minOccurs="0" name="CFD_deducible" type="xs:decimal"/>
      <xs:element minOccurs="0" name="CFD_desconexion_servicio" nillable="true" type="xs:boolean"/>
      <xs:element minOccurs="0" name="CFD_fecha_desconexion" nillable="true" type="xs:dateTime"/>
      <xs:element minOccurs="0" name="CFD_fecha_tasadeCambio" type="xs:dateTime"/>
      <xs:element minOccurs="0" name="CFD_numero_enlace_doc_ref" nillable="true" type="xs:string"/>
      <xs:element minOccurs="0" name="CFD_porc_rte_ICA" nillable="true" type="xs:decimal"/>
      <xs:element minOccurs="0" name="CFD_porc_rte_fuent" nillable="true" type="xs:decimal"/>
      <xs:element minOccurs="0" name="CFD_tasa_mora" nillable="true" type="xs:decimal"/>
      <xs:element minOccurs="0" name="CFD_tdi_id_tipo_doc_interno" type="xs:int"/>
      <xs:element minOccurs="0" name="CFD_total_ICA" type="xs:decimal"/>
      <xs:element minOccurs="0" name="CFD_total_aduana_exp" type="xs:decimal"/>
      <xs:element minOccurs="0" name="CFD_total_cargos" type="xs:decimal"/>
      <xs:element minOccurs="0" name="CFD_total_descuentos" type="xs:decimal"/>
      <xs:element minOccurs="0" name="CFD_total_margen" nillable="true" type="xs:decimal"/>
      <xs:element minOccurs="0" name="CFD_total_seguro_exp" type="xs:decimal"/>
      <xs:element minOccurs="0" name="CLI_numero_cliente" nillable="true" type="xs:decimal"/>
      <xs:element minOccurs="0" name="CREETotal" type="xs:decimal"/>
      <xs:element minOccurs="0" name="CampoTexto1" nillable="true" type="xs:string"/>
      <xs:element minOccurs="0" name="CampoTexto2" nillable="true" type="xs:string"/>
      <xs:element minOccurs="0" name="CampoTexto3" nillable="true" type="xs:string"/>
      <xs:element minOccurs="0" name="CampoTexto4" nillable="true" type="xs:string"/>
      <xs:element minOccurs="0" name="CampoTexto5" nillable="true" type="xs:string"/>
      <xs:element minOccurs="0" name="CampoTexto6" nillable="true" type="xs:string"/>
      <xs:element minOccurs="0" name="CampoTexto7" nillable="true" type="xs:string"/>
      <xs:element minOccurs="0" name="CampoTexto8" nillable="true" type="xs:string"/>
      <xs:element minOccurs="0" name="Cantidad1" type="xs:decimal"/>
      <xs:element minOccurs="0" name="Cantidad2" type="xs:decimal"/>
      <xs:element minOccurs="0" name="Cantidad3" type="xs:decimal"/>
      <xs:element minOccurs="0" name="CantidadDec1" type="xs:decimal"/>
      <xs:element minOccurs="0" name="CantidadDec2" type="xs:decimal"/>
      <xs:element minOccurs="0" name="CantidadDec3" type="xs:decimal"/>
      <xs:element minOccurs="0" name="CiudadDANE" nillable="true" type="xs:string"/>
      <xs:element minOccurs="0" name="CodVendedor" nillable="true" type="xs:string"/>
      <xs:element minOccurs="0" name="CodigoPostalCliente" nillable="true" type="xs:string"/>
      <xs:element minOccurs="0" name="CodigoPostalEnvio" nillable="true" type="xs:string"/>
      <xs:element minOccurs="0" name="ComprobanteCon" nillable="true" type="xs:string"/>
      <xs:element minOccurs="0" name="Condiciones_Pago" nillable="true" type="xs:string"/>
      <xs:element minOccurs="0" name="ContactoCargo" nillable="true" type="xs:string"/>
      <xs:element minOccurs="0" name="ContactoCorreo" nillable="true" type="xs:string"/>
      <xs:element minOccurs="0" name="ContactoNombre" nillable="true" type="xs:string"/>
      <xs:element minOccurs="0" name="CorreoCliente" nillable="true" type="xs:string"/>
      <xs:element minOccurs="0" name="DepartamentoDANE" nillable="true" type="xs:string"/>
      <xs:element minOccurs="0" name="DescripcionPlan" nillable="true" type="xs:string"/>
      <xs:element minOccurs="0" name="Descuento" type="xs:decimal"/>
      <xs:element minOccurs="0" name="DigitoVerificaCliente" nillable="true" type="xs:string"/>
      <xs:element minOccurs="0" name="DireccionCliente" nillable="true" type="xs:string"/>
      <xs:element minOccurs="0" name="EstiloFactura" type="xs:int"/>
      <xs:element minOccurs="0" name="FechaExpedicion" type="xs:dateTime"/>
      <xs:element minOccurs="0" name="FechaFinalPeriodoFacturado" type="xs:dateTime"/>
      <xs:element minOccurs="0" name="FechaInicialPeriodoFacturado" type="xs:dateTime"/>
      <xs:element minOccurs="0" name="FechaVencimiento" type="xs:dateTime"/>
      <xs:element minOccurs="0" name="FormaPago" nillable="true" type="xs:string"/>
      <xs:element minOccurs="0" name="IDInterno" nillable="true" type="xs:string"/>
      <xs:element minOccurs="0" name="IDUbicacionCliente" type="xs:int"/>
      <xs:element minOccurs="0" name="IDUbicacionEnvio" nillable="true" type="xs:int"/>
      <xs:element minOccurs="0" name="IdPlan" nillable="true" type="xs:string"/>
      <xs:element minOccurs="0" name="IdSucursal" type="xs:int"/>
      <xs:element minOccurs="0" name="Incoterm" nillable="true" type="xs:string"/>
      <xs:element minOccurs="0" name="InfoAdicional" nillable="true" type="xs:string"/>
      <xs:element minOccurs="0" name="LugarTerminosEntrega" nillable="true" type="xs:string"/>
      <xs:element minOccurs="0" name="MesCausado" nillable="true" type="xs:string"/>
      <xs:element minOccurs="0" name="MonedaISO" nillable="true" type="xs:string"/>
      <xs:element minOccurs="0" name="NitCliente" nillable="true" type="xs:string"/>
      <xs:element minOccurs="0" name="NitEmpresa" nillable="true" type="xs:string"/>
      <xs:element minOccurs="0" name="NombreCliente" nillable="true" type="xs:string"/>
      <xs:element minOccurs="0" name="NombrePlan" nillable="true" type="xs:string"/>
      <xs:element minOccurs="0" name="NombreVendedor" nillable="true" type="xs:string"/>
      <xs:element minOccurs="0" name="NumAprobacionRes" type="xs:decimal"/>
      <xs:element minOccurs="0" name="NumFactura" type="xs:decimal"/>
      <xs:element minOccurs="0" name="OrderID" nillable="true" type="xs:string"/>
      <xs:element minOccurs="0" name="PAI_ISO_3166" nillable="true" type="xs:string"/>
      <xs:element minOccurs="0" name="PagoAnterior" type="xs:decimal"/>
      <xs:element minOccurs="0" name="Prefijo" nillable="true" type="xs:string"/>
      <xs:element minOccurs="0" name="ReferenciaCliente" nillable="true" type="xs:string"/>
      <xs:element minOccurs="0" name="RetencionCREETotal" nillable="true" type="xs:decimal"/>
      <xs:element minOccurs="0" name="SMSXDoc" type="xs:int"/>
      <xs:element minOccurs="0" name="SaldoAnterior" type="xs:decimal"/>
      <xs:element minOccurs="0" name="SubTotal" type="xs:decimal"/>
      <xs:element minOccurs="0" name="SubTotalSegunMon" nillable="true" type="xs:decimal"/>
      <xs:element minOccurs="0" name="Sucursal" nillable="true" type="xs:string"/>
      <xs:element minOccurs="0" name="TIP_id_tipo_persona" nillable="true" type="xs:int"/>
      <xs:element minOccurs="0" name="TasaCambio" nillable="true" type="xs:decimal"/>
      <xs:element minOccurs="0" name="TelefonoCliente" nillable="true" type="xs:string"/>
      <xs:element minOccurs="0" name="Texto3" nillable="true" type="xs:string"/>
      <xs:element minOccurs="0" name="TieneAcuerdo" nillable="true" type="xs:boolean"/>
      <xs:element minOccurs="0" name="TipoComprobante" type="xs:int"/>
      <xs:element minOccurs="0" name="TipoContribuyente" nillable="true" type="xs:int"/>
      <xs:element minOccurs="0" name="TipoIDCliente" type="xs:int"/>
      <xs:element minOccurs="0" name="Total" type="xs:decimal"/>
      <xs:element minOccurs="0" name="TotalIVA" type="xs:decimal"/>
      <xs:element minOccurs="0" name="TotalIVASegunMon" nillable="true" type="xs:decimal"/>
      <xs:element minOccurs="0" name="TotalRetICA" nillable="true" type="xs:decimal"/>
      <xs:element minOccurs="0" name="TotalRetIVA" nillable="true" type="xs:decimal"/>
      <xs:element minOccurs="0" name="TotalRetencion" nillable="true" type="xs:decimal"/>
      <xs:element minOccurs="0" name="TotalSegunMon" nillable="true" type="xs:decimal"/>
      <xs:element minOccurs="0" name="TotalTraslado" type="xs:decimal"/>
      <xs:element minOccurs="0" name="Total_a_Pagar" type="xs:decimal"/>
      <xs:element minOccurs="0" name="ValorHasta1" type="xs:decimal"/>
      <xs:element minOccurs="0" name="ValorHasta2" type="xs:decimal"/>
      <xs:element minOccurs="0" name="ValorHasta3" type="xs:decimal"/>
      <xs:element minOccurs="0" name="ValorHasta4" type="xs:decimal"/>
      <xs:element minOccurs="0" name="cfd_activa_nota1" nillable="true" type="xs:boolean"/>
      <xs:element minOccurs="0" name="ciudad_envio" nillable="true" type="xs:string"/>
      <xs:element minOccurs="0" name="code1" nillable="true" type="xs:string"/>
      <xs:element minOccurs="0" name="code2" nillable="true" type="xs:string"/>
      <xs:element minOccurs="0" name="code3" nillable="true" type="xs:string"/>
      <xs:element minOccurs="0" name="curso" nillable="true" type="xs:string"/>
      <xs:element minOccurs="0" name="departamento_envio" nillable="true" type="xs:string"/>
      <xs:element minOccurs="0" name="direccion_envio" nillable="true" type="xs:string"/>
      <xs:element minOccurs="0" name="numero_envio" nillable="true" type="xs:string"/>
      <xs:element minOccurs="0" name="orden_venta" nillable="true" type="xs:string"/>
      <xs:element minOccurs="0" name="pague_hasta1" nillable="true" type="xs:dateTime"/>
      <xs:element minOccurs="0" name="pague_hasta2" nillable="true" type="xs:dateTime"/>
      <xs:element minOccurs="0" name="pague_hasta3" nillable="true" type="xs:dateTime"/>
      <xs:element minOccurs="0" name="referencia" nillable="true" type="xs:string"/>
      <xs:element minOccurs="0" name="referencia1" nillable="true" type="xs:string"/>
      <xs:element minOccurs="0" name="referencia_envio" nillable="true" type="xs:string"/>
      <xs:element minOccurs="0" name="telefono_envio" nillable="true" type="xs:string"/>
    </xs:sequence>
  </xs:complexType>
  <xs:element name="CFDCabConexionInt" nillable="true" type="tns:CFDCabConexionInt"/>
  <xs:complexType name="CFDCabConexionRec">
    <xs:sequence>
      <xs:element minOccurs="0" name="NitCliente" nillable="true" type="xs:string"/>
      <xs:element minOccurs="0" name="NitEmpresa" nillable="true" type="xs:string"/>
      <xs:element minOccurs="0" name="NumFactura" type="xs:decimal"/>
      <xs:element minOccurs="0" name="OrderID" nillable="true" type="xs:string"/>
      <xs:element minOccurs="0" name="Prefijo" nillable="true" type="xs:string"/>
      <xs:element minOccurs="0" name="Sucursal" nillable="true" type="xs:string"/>
      <xs:element minOccurs="0" name="TipoComprobante" type="xs:int"/>
    </xs:sequence>
  </xs:complexType>
  <xs:element name="CFDCabConexionRec" nillable="true" type="tns:CFDCabConexionRec"/>
  <xs:complexType name="OpcionesConexionInt">
    <xs:sequence>
      <xs:element minOccurs="0" name="ActualizaProductos" type="xs:boolean"/>
      <xs:element minOccurs="0" name="CalculaReteCree" type="xs:boolean"/>
      <xs:element minOccurs="0" name="CalculaReteFuente" type="xs:boolean"/>
      <xs:element minOccurs="0" name="CalculaReteICA" type="xs:boolean"/>
      <xs:element minOccurs="0" name="CalculaReteIVA" type="xs:boolean"/>
      <xs:element minOccurs="0" name="EmisionAutomatica" type="xs:boolean"/>
      <xs:element minOccurs="0" name="FacturasSinAcuerdo" type="xs:boolean"/>
      <xs:element minOccurs="0" name="ModeloXAceptacion" type="xs:boolean"/>
      <xs:element minOccurs="0" name="NotasRelacionadas" type="xs:boolean"/>
      <xs:element minOccurs="0" name="OrderControl" type="xs:boolean"/>
      <xs:element minOccurs="0" name="TieneAcuerdosFisicos" type="xs:boolean"/>
      <xs:element minOccurs="0" name="TokenConexion" nillable="true" type="xs:string"/>
      <xs:element minOccurs="0" name="eBillAdmNumerosFactura" type="xs:boolean"/>
    </xs:sequence>
  </xs:complexType>
  <xs:element name="OpcionesConexionInt" nillable="true" type="tns:OpcionesConexionInt"/>
  <xs:complexType name="ArrayOfCFDDetConexion">
    <xs:sequence>
      <xs:element minOccurs="0" maxOccurs="unbounded" name="CFDDetConexion" nillable="true" type="tns:CFDDetConexion"/>
    </xs:sequence>
  </xs:complexType>
  <xs:element name="ArrayOfCFDDetConexion" nillable="true" type="tns:ArrayOfCFDDetConexion"/>
  <xs:complexType name="CFDDetConexion">
    <xs:sequence>
      <xs:element minOccurs="0" name="Cantidad" type="xs:decimal"/>
      <xs:element minOccurs="0" name="CodigoProducto" nillable="true" type="xs:string"/>
      <xs:element minOccurs="0" name="Codigos" nillable="true" type="q1:ArrayOfstring" xmlns:q1="http://schemas.microsoft.com/2003/10/Serialization/Arrays"/>
      <xs:element minOccurs="0" name="DescripcionConcepto" nillable="true" type="xs:string"/>
      <xs:element minOccurs="0" name="DescripcionProducto" nillable="true" type="xs:string"/>
      <xs:element minOccurs="0" name="DescuentoConcepto" type="xs:decimal"/>
      <xs:element minOccurs="0" name="IVAProducto" type="xs:decimal"/>
      <xs:element minOccurs="0" name="NotasCon" nillable="true" type="xs:string"/>
      <xs:element minOccurs="0" name="PorIVAProducto" type="xs:decimal"/>
      <xs:element minOccurs="0" name="TotalConceptoSegMon" type="xs:decimal"/>
      <xs:element minOccurs="0" name="ValorUnitario" type="xs:decimal"/>
    </xs:sequence>
  </xs:complexType>
  <xs:element name="CFDDetConexion" nillable="true" type="tns:CFDDetConexion"/>
  <xs:complexType name="NCFDCabConexion">
    <xs:sequence>
      <xs:element minOccurs="0" name="CFD_ResponseCode" nillable="true" type="xs:string"/>
      <xs:element minOccurs="0" name="FechaExpedicion" type="xs:dateTime"/>
      <xs:element minOccurs="0" name="FechaVencimiento" type="xs:dateTime"/>
      <xs:element minOccurs="0" name="NitEmpresa" nillable="true" type="xs:string"/>
      <xs:element minOccurs="0" name="NumNota" type="xs:int"/>
      <xs:element minOccurs="0" name="PreRefID" nillable="true" type="xs:string"/>
      <xs:element minOccurs="0" name="Prefijo" nillable="true" type="xs:string"/>
      <xs:element minOccurs="0" name="RefID" nillable="true" type="xs:string"/>
    </xs:sequence>
  </xs:complexType>
  <xs:element name="NCFDCabConexion" nillable="true" type="tns:NCFDCabConexion"/>
  <xs:complexType name="ArrayOfNCFDDetConexion">
    <xs:sequence>
      <xs:element minOccurs="0" maxOccurs="unbounded" name="NCFDDetConexion" nillable="true" type="tns:NCFDDetConexion"/>
    </xs:sequence>
  </xs:complexType>
  <xs:element name="ArrayOfNCFDDetConexion" nillable="true" type="tns:ArrayOfNCFDDetConexion"/>
  <xs:complexType name="NCFDDetConexion">
    <xs:sequence>
      <xs:element minOccurs="0" name="CON_notas_con" nillable="true" type="xs:string"/>
      <xs:element minOccurs="0" name="Cantidad" type="xs:decimal"/>
      <xs:element minOccurs="0" name="CodigoProducto" nillable="true" type="xs:string"/>
      <xs:element minOccurs="0" name="Codigos" nillable="true" type="q2:ArrayOfstring" xmlns:q2="http://schemas.microsoft.com/2003/10/Serialization/Arrays"/>
      <xs:element minOccurs="0" name="TotalConceptoSegMon" type="xs:decimal"/>
      <xs:element minOccurs="0" name="ValorDescuento" type="xs:decimal"/>
    </xs:sequence>
  </xs:complexType>
  <xs:element name="NCFDDetConexion" nillable="true" type="tns:NCFDDetConexion"/>
  <xs:complexType name="CFDCabConexionTAX">
    <xs:sequence>
      <xs:element minOccurs="0" name="AnoAprobacionRes" type="xs:long"/>
      <xs:element minOccurs="0" name="AvisoDesconexion" type="xs:boolean"/>
      <xs:element minOccurs="0" name="BaseImpuesto" type="xs:decimal"/>
      <xs:element minOccurs="0" name="CFD_cantidad_dec_1" type="xs:decimal"/>
      <xs:element minOccurs="0" name="CiudadDANE" nillable="true" type="xs:string"/>
      <xs:element minOccurs="0" name="CiudadDANEEntrega" nillable="true" type="xs:string"/>
      <xs:element minOccurs="0" name="CodigoBarraPago1" nillable="true" type="xs:string"/>
      <xs:element minOccurs="0" name="CodigoBarraPago2" nillable="true" type="xs:string"/>
      <xs:element minOccurs="0" name="CodigoBarraPago3" nillable="true" type="xs:string"/>
      <xs:element minOccurs="0" name="CorreoCliente" nillable="true" type="xs:string"/>
      <xs:element minOccurs="0" name="DescripcionPlan" nillable="true" type="xs:string"/>
      <xs:element minOccurs="0" name="Descuento" type="xs:decimal"/>
      <xs:element minOccurs="0" name="DigitoVerificaCliente" type="xs:int"/>
      <xs:element minOccurs="0" name="DireccionCliente" nillable="true" type="xs:string"/>
      <xs:element minOccurs="0" name="DireccionEntrega" nillable="true" type="xs:string"/>
      <xs:element minOccurs="0" name="EstiloFactura" type="xs:int"/>
      <xs:element minOccurs="0" name="FechaDesconexion" type="xs:dateTime"/>
      <xs:element minOccurs="0" name="FechaExpedicion" type="xs:dateTime"/>
      <xs:element minOccurs="0" name="FechaFinalPeriodoFacturado" type="xs:dateTime"/>
      <xs:element minOccurs="0" name="FechaInicialPeriodoFacturado" type="xs:dateTime"/>
      <xs:element minOccurs="0" name="FechaVencimiento" type="xs:dateTime"/>
      <xs:element minOccurs="0" name="FormaPago" nillable="true" type="xs:string"/>
      <xs:element minOccurs="0" name="IDInterno" nillable="true" type="xs:string"/>
      <xs:element minOccurs="0" name="IdPlan" nillable="true" type="xs:string"/>
      <xs:element minOccurs="0" name="InfoAdicional" nillable="true" type="xs:string"/>
      <xs:element minOccurs="0" name="Moneda" nillable="true" type="xs:string"/>
      <xs:element minOccurs="0" name="MuestraNota1" type="xs:boolean"/>
      <xs:element minOccurs="0" name="NitCliente" nillable="true" type="xs:string"/>
      <xs:element minOccurs="0" name="NitEmpresa" nillable="true" type="xs:string"/>
      <xs:element minOccurs="0" name="NombreCliente" nillable="true" type="xs:string"/>
      <xs:element minOccurs="0" name="NombrePlan" nillable="true" type="xs:string"/>
      <xs:element minOccurs="0" name="NotificaSMS" type="xs:boolean"/>
      <xs:element minOccurs="0" name="NumAprobacionRes" type="xs:decimal"/>
      <xs:element minOccurs="0" name="NumFactura" type="xs:int"/>
      <xs:element minOccurs="0" name="NumeroEnvio" nillable="true" type="xs:string"/>
      <xs:element minOccurs="0" name="OrderID" nillable="true" type="xs:string"/>
      <xs:element minOccurs="0" name="PAI_ISO_3166" nillable="true" type="xs:string"/>
      <xs:element minOccurs="0" name="PagoAnterior" type="xs:decimal"/>
      <xs:element minOccurs="0" name="PorICA" type="xs:decimal"/>
      <xs:element minOccurs="0" name="PorIVA" type="xs:decimal"/>
      <xs:element minOccurs="0" name="PorRetencion" type="xs:decimal"/>
      <xs:element minOccurs="0" name="Prefijo" nillable="true" type="xs:string"/>
      <xs:element minOccurs="0" name="Referencia" nillable="true" type="xs:string"/>
      <xs:element minOccurs="0" name="Referencia1" nillable="true" type="xs:string"/>
      <xs:element minOccurs="0" name="ReferenciaEntrega" nillable="true" type="xs:string"/>
      <xs:element minOccurs="0" name="SaldoAnterior" type="xs:decimal"/>
      <xs:element minOccurs="0" name="SubTotal" type="xs:decimal"/>
      <xs:element minOccurs="0" name="SubTotalSegMon" type="xs:decimal"/>
      <xs:element minOccurs="0" name="TasaCambio" type="xs:decimal"/>
      <xs:element minOccurs="0" name="TasaMora" type="xs:decimal"/>
      <xs:element minOccurs="0" name="TelefonoCliente" nillable="true" type="xs:string"/>
      <xs:element minOccurs="0" name="TelefonoEntrega" nillable="true" type="xs:string"/>
      <xs:element minOccurs="0" name="TieneAcuerdo" type="xs:boolean"/>
      <xs:element minOccurs="0" name="TipoContribuyente" nillable="true" type="xs:int"/>
      <xs:element minOccurs="0" name="TipoIDCliente" type="xs:int"/>
      <xs:element minOccurs="0" name="TipoPersona" nillable="true" type="xs:int"/>
      <xs:element minOccurs="0" name="Total" type="xs:decimal"/>
      <xs:element minOccurs="0" name="TotalIVA" type="xs:decimal"/>
      <xs:element minOccurs="0" name="TotalIVASegMon" type="xs:decimal"/>
      <xs:element minOccurs="0" name="TotalRetICA" type="xs:decimal"/>
      <xs:element minOccurs="0" name="TotalRetIVA" type="xs:decimal"/>
      <xs:element minOccurs="0" name="TotalRetencion" type="xs:decimal"/>
      <xs:element minOccurs="0" name="TotalSegMon" type="xs:decimal"/>
      <xs:element minOccurs="0" name="TotalTraslado" type="xs:decimal"/>
      <xs:element minOccurs="0" name="ValorHasta1" type="xs:decimal"/>
      <xs:element minOccurs="0" name="ValorHasta2" type="xs:decimal"/>
      <xs:element minOccurs="0" name="Vendedor" nillable="true" type="xs:string"/>
    </xs:sequence>
  </xs:complexType>
  <xs:element name="CFDCabConexionTAX" nillable="true" type="tns:CFDCabConexionTAX"/>
  <xs:complexType name="ArrayOfCFDCabConexion">
    <xs:sequence>
      <xs:element minOccurs="0" maxOccurs="unbounded" name="CFDCabConexion" nillable="true" type="tns:CFDCabConexion"/>
    </xs:sequence>
  </xs:complexType>
  <xs:element name="ArrayOfCFDCabConexion" nillable="true" type="tns:ArrayOfCFDCabConexion"/>
  <xs:complexType name="ArrayOfCFDDetConexionInt">
    <xs:sequence>
      <xs:element minOccurs="0" maxOccurs="unbounded" name="CFDDetConexionInt" nillable="true" type="tns:CFDDetConexionInt"/>
    </xs:sequence>
  </xs:complexType>
  <xs:element name="ArrayOfCFDDetConexionInt" nillable="true" type="tns:ArrayOfCFDDetConexionInt"/>
  <xs:complexType name="CFDDetConexionInt">
    <xs:sequence>
      <xs:element minOccurs="0" name="CON_base_ica" type="xs:decimal"/>
      <xs:element minOccurs="0" name="CON_base_impo_n" type="xs:decimal"/>
      <xs:element minOccurs="0" name="CON_base_impo_r" type="xs:decimal"/>
      <xs:element minOccurs="0" name="CON_base_iva" type="xs:decimal"/>
      <xs:element minOccurs="0" name="CON_cantidad_original_solicitada" nillable="true" type="xs:decimal"/>
      <xs:element minOccurs="0" name="CON_categoria_0" nillable="true" type="xs:string"/>
      <xs:element minOccurs="0" name="CON_categoria_1" nillable="true" type="xs:string"/>
      <xs:element minOccurs="0" name="CON_categoria_2" nillable="true" type="xs:string"/>
      <xs:element minOccurs="0" name="CON_categoria_3" nillable="true" type="xs:string"/>
      <xs:element minOccurs="0" name="CON_ciudad_despacho" nillable="true" type="xs:string"/>
      <xs:element minOccurs="0" name="CON_dato_decimal1" nillable="true" type="xs:decimal"/>
      <xs:element minOccurs="0" name="CON_dato_decimal10" type="xs:decimal"/>
      <xs:element minOccurs="0" name="CON_dato_decimal11" type="xs:decimal"/>
      <xs:element minOccurs="0" name="CON_dato_decimal12" type="xs:decimal"/>
      <xs:element minOccurs="0" name="CON_dato_decimal13" type="xs:decimal"/>
      <xs:element minOccurs="0" name="CON_dato_decimal14" type="xs:decimal"/>
      <xs:element minOccurs="0" name="CON_dato_decimal15" type="xs:decimal"/>
      <xs:element minOccurs="0" name="CON_dato_decimal2" nillable="true" type="xs:decimal"/>
      <xs:element minOccurs="0" name="CON_dato_decimal3" nillable="true" type="xs:decimal"/>
      <xs:element minOccurs="0" name="CON_dato_decimal4" nillable="true" type="xs:decimal"/>
      <xs:element minOccurs="0" name="CON_dato_decimal5" type="xs:decimal"/>
      <xs:element minOccurs="0" name="CON_dato_decimal6" type="xs:decimal"/>
      <xs:element minOccurs="0" name="CON_dato_decimal7" type="xs:decimal"/>
      <xs:element minOccurs="0" name="CON_dato_decimal8" type="xs:decimal"/>
      <xs:element minOccurs="0" name="CON_dato_decimal9" type="xs:decimal"/>
      <xs:element minOccurs="0" name="CON_dato_destino" nillable="true" type="xs:string"/>
      <xs:element minOccurs="0" name="CON_dato_fecha" nillable="true" type="xs:dateTime"/>
      <xs:element minOccurs="0" name="CON_dato_origen" nillable="true" type="xs:string"/>
      <xs:element minOccurs="0" name="CON_dato_peso" type="xs:decimal"/>
      <xs:element minOccurs="0" name="CON_dato_placa" nillable="true" type="xs:string"/>
      <xs:element minOccurs="0" name="CON_dato_referencia" nillable="true" type="xs:string"/>
      <xs:element minOccurs="0" name="CON_dato_texto1" nillable="true" type="xs:string"/>
      <xs:element minOccurs="0" name="CON_dato_texto10" nillable="true" type="xs:string"/>
      <xs:element minOccurs="0" name="CON_dato_texto11" nillable="true" type="xs:string"/>
      <xs:element minOccurs="0" name="CON_dato_texto12" nillable="true" type="xs:string"/>
      <xs:element minOccurs="0" name="CON_dato_texto13" nillable="true" type="xs:string"/>
      <xs:element minOccurs="0" name="CON_dato_texto14" nillable="true" type="xs:string"/>
      <xs:element minOccurs="0" name="CON_dato_texto15" nillable="true" type="xs:string"/>
      <xs:element minOccurs="0" name="CON_dato_texto2" nillable="true" type="xs:string"/>
      <xs:element minOccurs="0" name="CON_dato_texto3" nillable="true" type="xs:string"/>
      <xs:element minOccurs="0" name="CON_dato_texto4" nillable="true" type="xs:string"/>
      <xs:element minOccurs="0" name="CON_dato_texto5" nillable="true" type="xs:string"/>
      <xs:element minOccurs="0" name="CON_dato_texto6" nillable="true" type="xs:string"/>
      <xs:element minOccurs="0" name="CON_dato_texto7" nillable="true" type="xs:string"/>
      <xs:element minOccurs="0" name="CON_dato_texto8" nillable="true" type="xs:string"/>
      <xs:element minOccurs="0" name="CON_dato_texto9" nillable="true" type="xs:string"/>
      <xs:element minOccurs="0" name="CON_departamento_despacho" nillable="true" type="xs:string"/>
      <xs:element minOccurs="0" name="CON_detalle_construccion" nillable="true" type="xs:string"/>
      <xs:element minOccurs="0" name="CON_detalle_industria1" nillable="true" type="xs:string"/>
      <xs:element minOccurs="0" name="CON_detalle_industria2" nillable="true" type="xs:string"/>
      <xs:element minOccurs="0" name="CON_detalle_industria3" nillable="true" type="xs:string"/>
      <xs:element minOccurs="0" name="CON_detalle_vehiculo" nillable="true" type="xs:string"/>
      <xs:element minOccurs="0" name="CON_direccion_despacho" nillable="true" type="xs:string"/>
      <xs:element minOccurs="0" name="CON_documentos_referencia" nillable="true" type="xs:string"/>
      <xs:element minOccurs="0" name="CON_linea_concepto" nillable="true" type="xs:string"/>
      <xs:element minOccurs="0" name="CON_linea_padre_concepto" nillable="true" type="xs:string"/>
      <xs:element minOccurs="0" name="CON_posicion_arancelaria" nillable="true" type="xs:string"/>
      <xs:element minOccurs="0" name="CON_sub_cliente" nillable="true" type="xs:string"/>
      <xs:element minOccurs="0" name="CON_total_con_seg_mon" nillable="true" type="xs:decimal"/>
      <xs:element minOccurs="0" name="CON_unidad_medida_con" nillable="true" type="xs:string"/>
      <xs:element minOccurs="0" name="CON_valor_otros_cargos" type="xs:decimal"/>
      <xs:element minOccurs="0" name="CON_valor_otros_descuentos" type="xs:decimal"/>
      <xs:element minOccurs="0" name="CON_valor_unitario_seg_mon" nillable="true" type="xs:decimal"/>
      <xs:element minOccurs="0" name="CREE" type="xs:decimal"/>
      <xs:element minOccurs="0" name="Cantidad" type="xs:decimal"/>
      <xs:element minOccurs="0" name="ClaseMovimiento" nillable="true" type="xs:string"/>
      <xs:element minOccurs="0" name="CodigoProducto" nillable="true" type="xs:string"/>
      <xs:element minOccurs="0" name="Codigos" nillable="true" type="q3:ArrayOfstring" xmlns:q3="http://schemas.microsoft.com/2003/10/Serialization/Arrays"/>
      <xs:element minOccurs="0" name="CodigosString" nillable="true" type="xs:string"/>
      <xs:element minOccurs="0" name="DescripcionConcepto" nillable="true" type="xs:string"/>
      <xs:element minOccurs="0" name="DescripcionProducto" nillable="true" type="xs:string"/>
      <xs:element minOccurs="0" name="DescuentoConcepto" type="xs:decimal"/>
      <xs:element minOccurs="0" name="FechaRecibe" type="xs:dateTime"/>
      <xs:element minOccurs="0" name="IVAProducto" type="xs:decimal"/>
      <xs:element minOccurs="0" name="Importe" type="xs:decimal"/>
      <xs:element minOccurs="0" name="Impuesto2" type="xs:decimal"/>
      <xs:element minOccurs="0" name="ItemReferencia" nillable="true" type="xs:string"/>
      <xs:element minOccurs="0" name="NotasConcepto" nillable="true" type="xs:string"/>
      <xs:element minOccurs="0" name="PorIVAProducto" type="xs:decimal"/>
      <xs:element minOccurs="0" name="PorImpuesto2" type="xs:decimal"/>
      <xs:element minOccurs="0" name="PorcentajeDescuento" type="xs:decimal"/>
      <xs:element minOccurs="0" name="RetencionCREE" type="xs:decimal"/>
      <xs:element minOccurs="0" name="TipoImpuesto" nillable="true" type="xs:string"/>
      <xs:element minOccurs="0" name="TotalConSegMon" nillable="true" type="xs:decimal"/>
      <xs:element minOccurs="0" name="TotalConcepto" type="xs:decimal"/>
      <xs:element minOccurs="0" name="UnidadMedida" nillable="true" type="xs:string"/>
      <xs:element minOccurs="0" name="ValorUnitario" type="xs:decimal"/>
    </xs:sequence>
  </xs:complexType>
  <xs:element name="CFDDetConexionInt" nillable="true" type="tns:CFDDetConexionInt"/>
  <xs:complexType name="ArrayOfCoordenadasPixelesByPage">
    <xs:sequence>
      <xs:element minOccurs="0" maxOccurs="unbounded" name="CoordenadasPixelesByPage" nillable="true" type="tns:CoordenadasPixelesByPage"/>
    </xs:sequence>
  </xs:complexType>
  <xs:element name="ArrayOfCoordenadasPixelesByPage" nillable="true" type="tns:ArrayOfCoordenadasPixelesByPage"/>
  <xs:complexType name="CoordenadasPixelesByPage">
    <xs:sequence>
      <xs:element minOccurs="0" name="Page" type="xs:decimal"/>
      <xs:element minOccurs="0" name="ValorAlto" type="xs:decimal"/>
      <xs:element minOccurs="0" name="ValorAncho" type="xs:decimal"/>
      <xs:element minOccurs="0" name="ValorX" type="xs:decimal"/>
      <xs:element minOccurs="0" name="ValorY" type="xs:decimal"/>
    </xs:sequence>
  </xs:complexType>
  <xs:element name="CoordenadasPixelesByPage" nillable="true" type="tns:CoordenadasPixelesByPage"/>
  <xs:complexType name="ArrayOfCFDCabImpuestosConexionInt">
    <xs:sequence>
      <xs:element minOccurs="0" maxOccurs="unbounded" name="CFDCabImpuestosConexionInt" nillable="true" type="tns:CFDCabImpuestosConexionInt"/>
    </xs:sequence>
  </xs:complexType>
  <xs:element name="ArrayOfCFDCabImpuestosConexionInt" nillable="true" type="tns:ArrayOfCFDCabImpuestosConexionInt"/>
  <xs:complexType name="CFDCabImpuestosConexionInt">
    <xs:sequence>
      <xs:element minOccurs="0" name="BaseImpuesto" type="xs:decimal"/>
      <xs:element minOccurs="0" name="CodPorcentajeImpuesto" nillable="true" type="xs:string"/>
      <xs:element minOccurs="0" name="CodigoImpuesto" nillable="true" type="xs:string"/>
      <xs:element minOccurs="0" name="DescripcionImpuesto" nillable="true" type="xs:string"/>
      <xs:element minOccurs="0" name="ImporteImpuesto" type="xs:decimal"/>
      <xs:element minOccurs="0" name="TasaImpuesto" type="xs:decimal"/>
    </xs:sequence>
  </xs:complexType>
  <xs:element name="CFDCabImpuestosConexionInt" nillable="true" type="tns:CFDCabImpuestosConexionInt"/>
  <xs:complexType name="CFDCabConexionRes">
    <xs:sequence>
      <xs:element minOccurs="0" name="AnoAprobacion" type="xs:int"/>
      <xs:element minOccurs="0" name="ClaveContenidoTecnico" nillable="true" type="xs:string"/>
      <xs:element minOccurs="0" name="ConsecutivoActual" type="xs:decimal"/>
      <xs:element minOccurs="0" name="FechaAprobacion" type="xs:dateTime"/>
      <xs:element minOccurs="0" name="FechaLimiteVigencia" type="xs:dateTime"/>
      <xs:element minOccurs="0" name="FolioFin" type="xs:decimal"/>
      <xs:element minOccurs="0" name="FolioIni" type="xs:decimal"/>
      <xs:element minOccurs="0" name="IdSucursal" type="xs:int"/>
      <xs:element minOccurs="0" name="NitEmpresa" nillable="true" type="xs:string"/>
      <xs:element minOccurs="0" name="NumeroAprobacion" nillable="true" type="xs:string"/>
      <xs:element minOccurs="0" name="NumeroCertificado" type="xs:decimal"/>
      <xs:element minOccurs="0" name="Prefijo" nillable="true" type="xs:string"/>
      <xs:element minOccurs="0" name="Serie" nillable="true" type="xs:string"/>
      <xs:element minOccurs="0" name="TipoComprobante" type="xs:int"/>
    </xs:sequence>
  </xs:complexType>
  <xs:element name="CFDCabConexionRes" nillable="true" type="tns:CFDCabConexionRes"/>
  <xs:complexType name="CFDCabConexionPDF">
    <xs:sequence>
      <xs:element minOccurs="0" name="NitEmpresa" nillable="true" type="xs:string"/>
      <xs:element minOccurs="0" name="NumFactura" type="xs:decimal"/>
      <xs:element minOccurs="0" name="Prefijo" nillable="true" type="xs:string"/>
    </xs:sequence>
  </xs:complexType>
  <xs:element name="CFDCabConexionPDF" nillable="true" type="tns:CFDCabConexionPDF"/>
  <xs:complexType name="CFDCabProveedor">
    <xs:sequence>
      <xs:element minOccurs="0" name="CiudadProv" nillable="true" type="xs:string"/>
      <xs:element minOccurs="0" name="CorreoProv" nillable="true" type="xs:string"/>
      <xs:element minOccurs="0" name="DigitoVerificacionProv" type="xs:int"/>
      <xs:element minOccurs="0" name="DireccionProv" nillable="true" type="xs:string"/>
      <xs:element minOccurs="0" name="Emp_RFC" nillable="true" type="xs:string"/>
      <xs:element minOccurs="0" name="NitEmpresa" nillable="true" type="xs:string"/>
      <xs:element minOccurs="0" name="NitProveedor" nillable="true" type="xs:string"/>
      <xs:element minOccurs="0" name="NombreProv" nillable="true" type="xs:string"/>
      <xs:element minOccurs="0" name="TelefonoProv" nillable="true" type="xs:string"/>
      <xs:element minOccurs="0" name="pes_id_estado" type="xs:int"/>
      <xs:element minOccurs="0" name="pro_correo_contabilizacion" nillable="true" type="xs:string"/>
      <xs:element minOccurs="0" name="pro_correo_rechazo" nillable="true" type="xs:string"/>
      <xs:element minOccurs="0" name="pro_correoaceptacion" nillable="true" type="xs:string"/>
      <xs:element minOccurs="0" name="pro_excluido_docReferencia" type="xs:int"/>
      <xs:element minOccurs="0" name="pro_excluido_regnegocio" type="xs:int"/>
      <xs:element minOccurs="0" name="pro_nombres_validos" nillable="true" type="xs:string"/>
      <xs:element minOccurs="0" name="pro_otros_correos" nillable="true" type="xs:string"/>
    </xs:sequence>
  </xs:complexType>
  <xs:element name="CFDCabProveedor" nillable="true" type="tns:CFDCabProveedor"/>
  <xs:complexType name="LoginProveedorTecnologico">
    <xs:sequence>
      <xs:element minOccurs="0" name="NitEmisor" nillable="true" type="xs:string"/>
      <xs:element minOccurs="0" name="NitReceptor" nillable="true" type="xs:string"/>
      <xs:element minOccurs="0" name="PasswordPT" nillable="true" type="xs:string"/>
      <xs:element minOccurs="0" name="TipoAmbiente" type="xs:int"/>
      <xs:element minOccurs="0" name="UserPT" nillable="true" type="xs:string"/>
    </xs:sequence>
  </xs:complexType>
  <xs:element name="LoginProveedorTecnologico" nillable="true" type="tns:LoginProveedorTecnologico"/>
  <xs:complexType name="DatosProveedorFTP">
    <xs:sequence>
      <xs:element minOccurs="0" name="Host" nillable="true" type="xs:string"/>
      <xs:element minOccurs="0" name="HostPort" nillable="true" type="xs:string"/>
      <xs:element minOccurs="0" name="INDir" nillable="true" type="xs:string"/>
      <xs:element minOccurs="0" name="OUTDir" nillable="true" type="xs:string"/>
      <xs:element minOccurs="0" name="PassFTP" nillable="true" type="xs:string"/>
      <xs:element minOccurs="0" name="RootDir" nillable="true" type="xs:string"/>
      <xs:element minOccurs="0" name="UserFTP" nillable="true" type="xs:string"/>
    </xs:sequence>
  </xs:complexType>
  <xs:element name="DatosProveedorFTP" nillable="true" type="tns:DatosProveedorFTP"/>
  <xs:complexType name="ConsDocument">
    <xs:sequence>
      <xs:element minOccurs="0" name="NitEmisor" nillable="true" type="xs:string"/>
      <xs:element minOccurs="0" name="NitProveedorTecnologico" nillable="true" type="xs:string"/>
      <xs:element minOccurs="0" name="NumDoc" type="xs:int"/>
      <xs:element minOccurs="0" name="Prefijo" nillable="true" type="xs:string"/>
      <xs:element minOccurs="0" name="TipoComprobante" type="xs:int"/>
    </xs:sequence>
  </xs:complexType>
  <xs:element name="ConsDocument" nillable="true" type="tns:ConsDocument"/>
  <xs:complexType name="ArrayOfHistoricoEstadoInteroperabilidad">
    <xs:sequence>
      <xs:element minOccurs="0" maxOccurs="unbounded" name="HistoricoEstadoInteroperabilidad" nillable="true" type="tns:HistoricoEstadoInteroperabilidad"/>
    </xs:sequence>
  </xs:complexType>
  <xs:element name="ArrayOfHistoricoEstadoInteroperabilidad" nillable="true" type="tns:ArrayOfHistoricoEstadoInteroperabilidad"/>
  <xs:complexType name="HistoricoEstadoInteroperabilidad">
    <xs:sequence>
      <xs:element minOccurs="0" name="FechaEstado" type="xs:dateTime"/>
      <xs:element minOccurs="0" name="NumDoc" type="xs:int"/>
      <xs:element minOccurs="0" name="Prefijo" nillable="true" type="xs:string"/>
      <xs:element minOccurs="0" name="TipoEstado" nillable="true" type="xs:string"/>
      <xs:element minOccurs="0" name="TrackID" nillable="true" type="xs:string"/>
    </xs:sequence>
  </xs:complexType>
  <xs:element name="HistoricoEstadoInteroperabilidad" nillable="true" type="tns:HistoricoEstadoInteroperabilidad"/>
  <xs:complexType name="ArrayOfCFDCabConexionDocRec">
    <xs:sequence>
      <xs:element minOccurs="0" maxOccurs="unbounded" name="CFDCabConexionDocRec" nillable="true" type="tns:CFDCabConexionDocRec"/>
    </xs:sequence>
  </xs:complexType>
  <xs:element name="ArrayOfCFDCabConexionDocRec" nillable="true" type="tns:ArrayOfCFDCabConexionDocRec"/>
  <xs:complexType name="CFDCabConexionDocRec">
    <xs:sequence>
      <xs:element minOccurs="0" name="IdFactura" type="xs:int"/>
      <xs:element minOccurs="0" name="NitCliente" nillable="true" type="xs:string"/>
    </xs:sequence>
  </xs:complexType>
  <xs:element name="CFDCabConexionDocRec" nillable="true" type="tns:CFDCabConexionDocRec"/>
  <xs:complexType name="ArrayOfParametrosGestorDocumental">
    <xs:sequence>
      <xs:element minOccurs="0" maxOccurs="unbounded" name="ParametrosGestorDocumental" nillable="true" type="tns:ParametrosGestorDocumental"/>
    </xs:sequence>
  </xs:complexType>
  <xs:element name="ArrayOfParametrosGestorDocumental" nillable="true" type="tns:ArrayOfParametrosGestorDocumental"/>
  <xs:complexType name="ParametrosGestorDocumental">
    <xs:sequence>
      <xs:element minOccurs="0" name="Ambiente" nillable="true" type="xs:string"/>
      <xs:element minOccurs="0" name="CredencialesPasswordSW" nillable="true" type="xs:string"/>
      <xs:element minOccurs="0" name="CredencialesUsuarioSW" nillable="true" type="xs:string"/>
      <xs:element minOccurs="0" name="IdEmpresa" type="xs:int"/>
      <xs:element minOccurs="0" name="IdParametro" type="xs:int"/>
      <xs:element minOccurs="0" name="NitEmpresa" nillable="true" type="xs:string"/>
      <xs:element minOccurs="0" name="NombreEmpresa" nillable="true" type="xs:string"/>
      <xs:element minOccurs="0" name="NombreParametro" nillable="true" type="xs:string"/>
      <xs:element minOccurs="0" name="PeriodicidadEnvioInformacion" nillable="true" type="xs:string"/>
      <xs:element minOccurs="0" name="TipoPeriodicidadEnvioInformacion" nillable="true" type="xs:string"/>
      <xs:element minOccurs="0" name="TokenEmpresa" nillable="true" type="xs:string"/>
      <xs:element minOccurs="0" name="UltimaFechaEnvio" type="xs:dateTime"/>
      <xs:element minOccurs="0" name="UrlServicioWeb" nillable="true" type="xs:string"/>
    </xs:sequence>
  </xs:complexType>
  <xs:element name="ParametrosGestorDocumental" nillable="true" type="tns:ParametrosGestorDocumental"/>
  <xs:complexType name="Datos_Docs_DIAN">
    <xs:sequence>
      <xs:element minOccurs="0" name="EstadoEnvio" nillable="true" type="xs:string"/>
      <xs:element minOccurs="0" name="EstadoProcesamiento" nillable="true" type="xs:string"/>
      <xs:element minOccurs="0" name="FechaEnvio" nillable="true" type="xs:string"/>
      <xs:element minOccurs="0" name="RespuestaDIAN" nillable="true" type="xs:string"/>
      <xs:element minOccurs="0" name="UUID_Doc" nillable="true" type="xs:string"/>
      <xs:element minOccurs="0" name="XML_DIAN" nillable="true" type="xs:string"/>
    </xs:sequence>
  </xs:complexType>
  <xs:element name="Datos_Docs_DIAN" nillable="true" type="tns:Datos_Docs_DIAN"/>
  <xs:complexType name="ArrayOfDatosProveedorTecnologico">
    <xs:sequence>
      <xs:element minOccurs="0" maxOccurs="unbounded" name="DatosProveedorTecnologico" nillable="true" type="tns:DatosProveedorTecnologico"/>
    </xs:sequence>
  </xs:complexType>
  <xs:element name="ArrayOfDatosProveedorTecnologico" nillable="true" type="tns:ArrayOfDatosProveedorTecnologico"/>
  <xs:complexType name="DatosProveedorTecnologico">
    <xs:sequence>
      <xs:element minOccurs="0" name="Host" nillable="true" type="xs:string"/>
      <xs:element minOccurs="0" name="HostPort" nillable="true" type="xs:string"/>
      <xs:element minOccurs="0" name="INDir" nillable="true" type="xs:string"/>
      <xs:element minOccurs="0" name="IdProveedor" type="xs:int"/>
      <xs:element minOccurs="0" name="NitProveedor" nillable="true" type="xs:string"/>
      <xs:element minOccurs="0" name="NombreProveedor" nillable="true" type="xs:string"/>
      <xs:element minOccurs="0" name="OUTDir" nillable="true" type="xs:string"/>
      <xs:element minOccurs="0" name="PassFTP" nillable="true" type="xs:string"/>
      <xs:element minOccurs="0" name="PassWS" nillable="true" type="xs:string"/>
      <xs:element minOccurs="0" name="PortUrlWS" nillable="true" type="xs:string"/>
      <xs:element minOccurs="0" name="ProtocoloFTP" nillable="true" type="xs:string"/>
      <xs:element minOccurs="0" name="RootDir" nillable="true" type="xs:string"/>
      <xs:element minOccurs="0" name="UrlPrincipalWS" nillable="true" type="xs:string"/>
      <xs:element minOccurs="0" name="UserFTP" nillable="true" type="xs:string"/>
      <xs:element minOccurs="0" name="UserWS" nillable="true" type="xs:string"/>
    </xs:sequence>
  </xs:complexType>
  <xs:element name="DatosProveedorTecnologico" nillable="true" type="tns:DatosProveedorTecnologico"/>
  <xs:complexType name="ArrayOfDatosEmpresaEmisora">
    <xs:sequence>
      <xs:element minOccurs="0" maxOccurs="unbounded" name="DatosEmpresaEmisora" nillable="true" type="tns:DatosEmpresaEmisora"/>
    </xs:sequence>
  </xs:complexType>
  <xs:element name="ArrayOfDatosEmpresaEmisora" nillable="true" type="tns:ArrayOfDatosEmpresaEmisora"/>
  <xs:complexType name="DatosEmpresaEmisora">
    <xs:sequence>
      <xs:element minOccurs="0" name="Ambiente" type="xs:int"/>
      <xs:element minOccurs="0" name="IDClienteReceptor" type="xs:int"/>
      <xs:element minOccurs="0" name="IdEmpresaEmisora" type="xs:int"/>
      <xs:element minOccurs="0" name="NitCliente" nillable="true" type="xs:string"/>
      <xs:element minOccurs="0" name="NitEmpresa" nillable="true" type="xs:string"/>
      <xs:element minOccurs="0" name="NombreCliente" nillable="true" type="xs:string"/>
      <xs:element minOccurs="0" name="NombreEmpresa" nillable="true" type="xs:string"/>
      <xs:element minOccurs="0" name="NumeroHilos" type="xs:int"/>
      <xs:element minOccurs="0" name="NumeroRegistros" type="xs:int"/>
      <xs:element minOccurs="0" name="TestSetId" nillable="true" type="xs:string"/>
      <xs:element minOccurs="0" name="TokenEmpresa" nillable="true" type="xs:string"/>
    </xs:sequence>
  </xs:complexType>
  <xs:element name="DatosEmpresaEmisora" nillable="true" type="tns:DatosEmpresaEmisora"/>
  <xs:complexType name="ArrayOfDatosDocumentoEmision">
    <xs:sequence>
      <xs:element minOccurs="0" maxOccurs="unbounded" name="DatosDocumentoEmision" nillable="true" type="tns:DatosDocumentoEmision"/>
    </xs:sequence>
  </xs:complexType>
  <xs:element name="ArrayOfDatosDocumentoEmision" nillable="true" type="tns:ArrayOfDatosDocumentoEmision"/>
  <xs:complexType name="DatosDocumentoEmision">
    <xs:sequence>
      <xs:element minOccurs="0" name="IdDocumento" nillable="true" type="xs:string"/>
      <xs:element minOccurs="0" name="NitDestinatario" nillable="true" type="xs:string"/>
      <xs:element minOccurs="0" name="NombreDocumento" nillable="true" type="xs:string"/>
      <xs:element minOccurs="0" name="NotaEntrega" nillable="true" type="xs:string"/>
      <xs:element minOccurs="0" name="NumFactura" type="xs:int"/>
      <xs:element minOccurs="0" name="Prefijo" nillable="true" type="xs:string"/>
      <xs:element minOccurs="0" name="TieneAdjuntos" type="xs:boolean"/>
      <xs:element minOccurs="0" name="TipoComprobante" type="xs:int"/>
      <xs:element minOccurs="0" name="TipoDescripcion" nillable="true" type="xs:string"/>
      <xs:element minOccurs="0" name="Tracking_ID" nillable="true" type="xs:string"/>
    </xs:sequence>
  </xs:complexType>
  <xs:element name="DatosDocumentoEmision" nillable="true" type="tns:DatosDocumentoEmision"/>
  <xs:complexType name="Registro_Solicitud">
    <xs:sequence>
      <xs:element minOccurs="0" name="Fecha_Envio" type="xs:dateTime"/>
      <xs:element minOccurs="0" name="Mensaje_Global" nillable="true" type="xs:string"/>
      <xs:element minOccurs="0" name="Nit_Emisor" nillable="true" type="xs:string"/>
      <xs:element minOccurs="0" name="Nit_Proveedor" nillable="true" type="xs:string"/>
      <xs:element minOccurs="0" name="Nombre_ZIP" nillable="true" type="xs:string"/>
    </xs:sequence>
  </xs:complexType>
  <xs:element name="Registro_Solicitud" nillable="true" type="tns:Registro_Solicitud"/>
  <xs:complexType name="ArrayOfArchivoEmision">
    <xs:sequence>
      <xs:element minOccurs="0" maxOccurs="unbounded" name="ArchivoEmision" nillable="true" type="tns:ArchivoEmision"/>
    </xs:sequence>
  </xs:complexType>
  <xs:element name="ArrayOfArchivoEmision" nillable="true" type="tns:ArrayOfArchivoEmision"/>
  <xs:complexType name="ArchivoEmision">
    <xs:sequence>
      <xs:element minOccurs="0" name="Adjuntos" type="xs:boolean"/>
      <xs:element minOccurs="0" name="AnexoDocumento" nillable="true" type="xs:base64Binary"/>
      <xs:element minOccurs="0" name="CodigoError" nillable="true" type="xs:string"/>
      <xs:element minOccurs="0" name="DetalleError" nillable="true" type="xs:string"/>
      <xs:element minOccurs="0" name="ID_Destinatario" nillable="true" type="xs:string"/>
      <xs:element minOccurs="0" name="Id_CFD" nillable="true" type="xs:string"/>
      <xs:element minOccurs="0" name="Nombre_Archivo" nillable="true" type="xs:string"/>
      <xs:element minOccurs="0" name="Nota_Entrega_CFD" nillable="true" type="xs:string"/>
      <xs:element minOccurs="0" name="PDFDocumento" nillable="true" type="xs:base64Binary"/>
      <xs:element minOccurs="0" name="Representaciongrafica" type="xs:boolean"/>
      <xs:element minOccurs="0" name="SHA_256" nillable="true" type="xs:string"/>
      <xs:element minOccurs="0" name="TipoDocumento" nillable="true" type="xs:string"/>
      <xs:element minOccurs="0" name="Track_ID" nillable="true" type="xs:string"/>
      <xs:element minOccurs="0" name="XMLDocumento" nillable="true" type="xs:base64Binary"/>
    </xs:sequence>
  </xs:complexType>
  <xs:element name="ArchivoEmision" nillable="true" type="tns:ArchivoEmision"/>
  <xs:complexType name="ArrayOfRespuestaDocumentoInterop">
    <xs:sequence>
      <xs:element minOccurs="0" maxOccurs="unbounded" name="RespuestaDocumentoInterop" nillable="true" type="tns:RespuestaDocumentoInterop"/>
    </xs:sequence>
  </xs:complexType>
  <xs:element name="ArrayOfRespuestaDocumentoInterop" nillable="true" type="tns:ArrayOfRespuestaDocumentoInterop"/>
  <xs:complexType name="RespuestaDocumentoInterop">
    <xs:sequence>
      <xs:element minOccurs="0" name="FechaCreacion" type="xs:dateTime"/>
      <xs:element minOccurs="0" name="IdDocumento" nillable="true" type="xs:string"/>
      <xs:element minOccurs="0" name="IdEmpresa" type="xs:int"/>
      <xs:element minOccurs="0" name="IdEstadoActual" type="xs:int"/>
      <xs:element minOccurs="0" name="JSONRespuesta" nillable="true" type="xs:string"/>
      <xs:element minOccurs="0" name="TipoInteroperabilidad" type="xs:int"/>
      <xs:element minOccurs="0" name="TipoRespuestaIO" type="xs:int"/>
      <xs:element minOccurs="0" name="TrackId" nillable="true" type="xs:string"/>
      <xs:element minOccurs="0" name="XMLAplicationResponse" nillable="true" type="xs:string"/>
    </xs:sequence>
  </xs:complexType>
  <xs:element name="RespuestaDocumentoInterop" nillable="true" type="tns:RespuestaDocumentoInterop"/>
  <xs:complexType name="ResponseDocumentIO">
    <xs:sequence>
      <xs:element minOccurs="0" name="Id_EstadoActual" type="xs:int"/>
      <xs:element minOccurs="0" name="NitEmisor" nillable="true" type="xs:string"/>
      <xs:element minOccurs="0" name="NitProveedorTecnologico" nillable="true" type="xs:string"/>
      <xs:element minOccurs="0" name="NitReceptor" nillable="true" type="xs:string"/>
      <xs:element minOccurs="0" name="NombreXML" nillable="true" type="xs:string"/>
      <xs:element minOccurs="0" name="TipoResponse" nillable="true" type="xs:string"/>
      <xs:element minOccurs="0" name="XmlResponse" nillable="true" type="xs:string"/>
    </xs:sequence>
  </xs:complexType>
  <xs:element name="ResponseDocumentIO" nillable="true" type="tns:ResponseDocumentIO"/>
  <xs:complexType name="ArrayOfFV_DocumentosParaEnviar">
    <xs:sequence>
      <xs:element minOccurs="0" maxOccurs="unbounded" name="FV_DocumentosParaEnviar" nillable="true" type="tns:FV_DocumentosParaEnviar"/>
    </xs:sequence>
  </xs:complexType>
  <xs:element name="ArrayOfFV_DocumentosParaEnviar" nillable="true" type="tns:ArrayOfFV_DocumentosParaEnviar"/>
  <xs:complexType name="FV_DocumentosParaEnviar">
    <xs:sequence>
      <xs:element minOccurs="0" name="Ambiente" type="xs:int"/>
      <xs:element minOccurs="0" name="EnvioAsincrono" nillable="true" type="xs:string"/>
      <xs:element minOccurs="0" name="IdDocumento" type="xs:int"/>
      <xs:element minOccurs="0" name="IdTipoDocumentoDian" type="xs:int"/>
      <xs:element minOccurs="0" name="Nombre" nillable="true" type="xs:string"/>
      <xs:element minOccurs="0" name="Numero" nillable="true" type="xs:string"/>
      <xs:element minOccurs="0" name="Prefijo" nillable="true" type="xs:string"/>
      <xs:element minOccurs="0" name="TipoComprobante" type="xs:int"/>
    </xs:sequence>
  </xs:complexType>
  <xs:element name="FV_DocumentosParaEnviar" nillable="true" type="tns:FV_DocumentosParaEnviar"/>
  <xs:complexType name="ArrayOfFV_DatosEmpresaEmisora">
    <xs:sequence>
      <xs:element minOccurs="0" maxOccurs="unbounded" name="FV_DatosEmpresaEmisora" nillable="true" type="tns:FV_DatosEmpresaEmisora"/>
    </xs:sequence>
  </xs:complexType>
  <xs:element name="ArrayOfFV_DatosEmpresaEmisora" nillable="true" type="tns:ArrayOfFV_DatosEmpresaEmisora"/>
  <xs:complexType name="FV_DatosEmpresaEmisora">
    <xs:sequence>
      <xs:element minOccurs="0" name="AmbienteDian" type="xs:int"/>
      <xs:element minOccurs="0" name="Envio_Asyncronico" type="xs:boolean"/>
      <xs:element minOccurs="0" name="IdEmpresaEmisora" type="xs:int"/>
      <xs:element minOccurs="0" name="NitEmpresa" nillable="true" type="xs:string"/>
      <xs:element minOccurs="0" name="NombreEmpresa" nillable="true" type="xs:string"/>
      <xs:element minOccurs="0" name="NumeroHilos" type="xs:int"/>
      <xs:element minOccurs="0" name="NumeroRegistros" type="xs:int"/>
      <xs:element minOccurs="0" name="ServicioWeb_Dian" nillable="true" type="xs:string"/>
      <xs:element minOccurs="0" name="TestSetId" nillable="true" type="xs:string"/>
      <xs:element minOccurs="0" name="TokenEmpresa" nillable="true" type="xs:string"/>
      <xs:element minOccurs="0" name="Transaccion_VIP" type="xs:boolean"/>
    </xs:sequence>
  </xs:complexType>
  <xs:element name="FV_DatosEmpresaEmisora" nillable="true" type="tns:FV_DatosEmpresaEmisora"/>
  <xs:complexType name="Datos_Docs_Recepcion">
    <xs:sequence>
      <xs:element minOccurs="0" name="FechaExpedicion" type="xs:dateTime"/>
      <xs:element minOccurs="0" name="FechaVencimiento" type="xs:dateTime"/>
      <xs:element minOccurs="0" name="NumDoc" type="xs:decimal"/>
      <xs:element minOccurs="0" name="NumDocEnlaceRef" nillable="true" type="xs:string"/>
      <xs:element minOccurs="0" name="PDF_Doc" nillable="true" type="xs:base64Binary"/>
      <xs:element minOccurs="0" name="Prefijo" nillable="true" type="xs:string"/>
      <xs:element minOccurs="0" name="TXT_Doc" nillable="true" type="xs:string"/>
      <xs:element minOccurs="0" name="TipoFacturacion" nillable="true" type="xs:string"/>
      <xs:element minOccurs="0" name="UUID_Doc" nillable="true" type="xs:string"/>
      <xs:element minOccurs="0" name="XML_DIAN" nillable="true" type="xs:string"/>
    </xs:sequence>
  </xs:complexType>
  <xs:element name="Datos_Docs_Recepcion" nillable="true" type="tns:Datos_Docs_Recepcion"/>
  <xs:complexType name="CFDCabConexionIntQWS">
    <xs:sequence>
      <xs:element minOccurs="0" name="AnoAprobacionRes" type="xs:long"/>
      <xs:element minOccurs="0" name="Base_Impuesto" nillable="true" type="xs:decimal"/>
      <xs:element minOccurs="0" name="CFD_EST_estado_tramit" type="xs:int"/>
      <xs:element minOccurs="0" name="CFD_cantidad_dec_1" nillable="true" type="xs:decimal"/>
      <xs:element minOccurs="0" name="CFD_desconexion_servicio" nillable="true" type="xs:boolean"/>
      <xs:element minOccurs="0" name="CFD_fecha_desconexion" nillable="true" type="xs:dateTime"/>
      <xs:element minOccurs="0" name="CFD_porc_rte_ICA" nillable="true" type="xs:decimal"/>
      <xs:element minOccurs="0" name="CFD_porc_rte_fuent" nillable="true" type="xs:decimal"/>
      <xs:element minOccurs="0" name="CFD_tasa_mora" nillable="true" type="xs:decimal"/>
      <xs:element minOccurs="0" name="CREETotal" type="xs:decimal"/>
      <xs:element minOccurs="0" name="CampoTexto1" nillable="true" type="xs:string"/>
      <xs:element minOccurs="0" name="CampoTexto2" nillable="true" type="xs:string"/>
      <xs:element minOccurs="0" name="CampoTexto3" nillable="true" type="xs:string"/>
      <xs:element minOccurs="0" name="CampoTexto4" nillable="true" type="xs:string"/>
      <xs:element minOccurs="0" name="CampoTexto5" nillable="true" type="xs:string"/>
      <xs:element minOccurs="0" name="CampoTexto6" nillable="true" type="xs:string"/>
      <xs:element minOccurs="0" name="CampoTexto7" nillable="true" type="xs:string"/>
      <xs:element minOccurs="0" name="CampoTexto8" nillable="true" type="xs:string"/>
      <xs:element minOccurs="0" name="Cantidad1" type="xs:decimal"/>
      <xs:element minOccurs="0" name="Cantidad2" type="xs:decimal"/>
      <xs:element minOccurs="0" name="Cantidad3" type="xs:decimal"/>
      <xs:element minOccurs="0" name="CantidadDec1" type="xs:decimal"/>
      <xs:element minOccurs="0" name="CantidadDec2" type="xs:decimal"/>
      <xs:element minOccurs="0" name="CantidadDec3" type="xs:decimal"/>
      <xs:element minOccurs="0" name="CiudadDANE" nillable="true" type="xs:string"/>
      <xs:element minOccurs="0" name="CodVendedor" nillable="true" type="xs:string"/>
      <xs:element minOccurs="0" name="CodigoPostalCliente" nillable="true" type="xs:string"/>
      <xs:element minOccurs="0" name="CodigoPostalEnvio" nillable="true" type="xs:string"/>
      <xs:element minOccurs="0" name="ComprobanteCon" nillable="true" type="xs:string"/>
      <xs:element minOccurs="0" name="Condiciones_Pago" nillable="true" type="xs:string"/>
      <xs:element minOccurs="0" name="ContactoCargo" nillable="true" type="xs:string"/>
      <xs:element minOccurs="0" name="ContactoCorreo" nillable="true" type="xs:string"/>
      <xs:element minOccurs="0" name="ContactoNombre" nillable="true" type="xs:string"/>
      <xs:element minOccurs="0" name="CorreoCliente" nillable="true" type="xs:string"/>
      <xs:element minOccurs="0" name="DepartamentoDANE" nillable="true" type="xs:string"/>
      <xs:element minOccurs="0" name="DescripcionPlan" nillable="true" type="xs:string"/>
      <xs:element minOccurs="0" name="Descuento" type="xs:decimal"/>
      <xs:element minOccurs="0" name="DigitoVerificaCliente" nillable="true" type="xs:string"/>
      <xs:element minOccurs="0" name="DireccionCliente" nillable="true" type="xs:string"/>
      <xs:element minOccurs="0" name="EstiloFactura" type="xs:int"/>
      <xs:element minOccurs="0" name="FechaExpedicion" type="xs:dateTime"/>
      <xs:element minOccurs="0" name="FechaFinalPeriodoFacturado" type="xs:dateTime"/>
      <xs:element minOccurs="0" name="FechaInicialPeriodoFacturado" type="xs:dateTime"/>
      <xs:element minOccurs="0" name="FechaVencimiento" type="xs:dateTime"/>
      <xs:element minOccurs="0" name="FormaPago" nillable="true" type="xs:string"/>
      <xs:element minOccurs="0" name="IDInterno" nillable="true" type="xs:string"/>
      <xs:element minOccurs="0" name="IDUbicacionCliente" type="xs:int"/>
      <xs:element minOccurs="0" name="IDUbicacionEnvio" nillable="true" type="xs:int"/>
      <xs:element minOccurs="0" name="IdPlan" nillable="true" type="xs:string"/>
      <xs:element minOccurs="0" name="IdSucursal" type="xs:int"/>
      <xs:element minOccurs="0" name="Incoterm" nillable="true" type="xs:string"/>
      <xs:element minOccurs="0" name="InfoAdicional" nillable="true" type="xs:string"/>
      <xs:element minOccurs="0" name="LugarTerminosEntrega" nillable="true" type="xs:string"/>
      <xs:element minOccurs="0" name="MesCausado" nillable="true" type="xs:string"/>
      <xs:element minOccurs="0" name="MonedaISO" nillable="true" type="xs:string"/>
      <xs:element minOccurs="0" name="NitCliente" nillable="true" type="xs:string"/>
      <xs:element minOccurs="0" name="NitEmpresa" nillable="true" type="xs:string"/>
      <xs:element minOccurs="0" name="NombreCliente" nillable="true" type="xs:string"/>
      <xs:element minOccurs="0" name="NombrePlan" nillable="true" type="xs:string"/>
      <xs:element minOccurs="0" name="NombreVendedor" nillable="true" type="xs:string"/>
      <xs:element minOccurs="0" name="NumAprobacionRes" type="xs:decimal"/>
      <xs:element minOccurs="0" name="NumFactura" type="xs:decimal"/>
      <xs:element minOccurs="0" name="OrderID" nillable="true" type="xs:string"/>
      <xs:element minOccurs="0" name="PagoAnterior" type="xs:decimal"/>
      <xs:element minOccurs="0" name="Prefijo" nillable="true" type="xs:string"/>
      <xs:element minOccurs="0" name="ReferenciaCliente" nillable="true" type="xs:string"/>
      <xs:element minOccurs="0" name="RetencionCREETotal" nillable="true" type="xs:decimal"/>
      <xs:element minOccurs="0" name="SMSXDoc" type="xs:int"/>
      <xs:element minOccurs="0" name="SaldoAnterior" type="xs:decimal"/>
      <xs:element minOccurs="0" name="SubTotal" type="xs:decimal"/>
      <xs:element minOccurs="0" name="SubTotalSegunMon" nillable="true" type="xs:decimal"/>
      <xs:element minOccurs="0" name="TasaCambio" nillable="true" type="xs:decimal"/>
      <xs:element minOccurs="0" name="TelefonoCliente" nillable="true" type="xs:string"/>
      <xs:element minOccurs="0" name="Texto3" nillable="true" type="xs:string"/>
      <xs:element minOccurs="0" name="TieneAcuerdo" nillable="true" type="xs:boolean"/>
      <xs:element minOccurs="0" name="TipoComprobante" type="xs:int"/>
      <xs:element minOccurs="0" name="TipoContribuyente" nillable="true" type="xs:int"/>
      <xs:element minOccurs="0" name="TipoIDCliente" type="xs:int"/>
      <xs:element minOccurs="0" name="Total" type="xs:decimal"/>
      <xs:element minOccurs="0" name="TotalIVA" type="xs:decimal"/>
      <xs:element minOccurs="0" name="TotalIVASegunMon" nillable="true" type="xs:decimal"/>
      <xs:element minOccurs="0" name="TotalRetICA" nillable="true" type="xs:decimal"/>
      <xs:element minOccurs="0" name="TotalRetIVA" nillable="true" type="xs:decimal"/>
      <xs:element minOccurs="0" name="TotalRetencion" nillable="true" type="xs:decimal"/>
      <xs:element minOccurs="0" name="TotalSegunMon" nillable="true" type="xs:decimal"/>
      <xs:element minOccurs="0" name="TotalTraslado" type="xs:decimal"/>
      <xs:element minOccurs="0" name="Total_a_Pagar" type="xs:decimal"/>
      <xs:element minOccurs="0" name="ValorHasta1" type="xs:decimal"/>
      <xs:element minOccurs="0" name="ValorHasta2" type="xs:decimal"/>
      <xs:element minOccurs="0" name="ValorHasta3" type="xs:decimal"/>
      <xs:element minOccurs="0" name="ValorHasta4" type="xs:decimal"/>
      <xs:element minOccurs="0" name="cfd_activa_nota1" nillable="true" type="xs:boolean"/>
      <xs:element minOccurs="0" name="ciudad_envio" nillable="true" type="xs:string"/>
      <xs:element minOccurs="0" name="code1" nillable="true" type="xs:string"/>
      <xs:element minOccurs="0" name="code2" nillable="true" type="xs:string"/>
      <xs:element minOccurs="0" name="code3" nillable="true" type="xs:string"/>
      <xs:element minOccurs="0" name="curso" nillable="true" type="xs:string"/>
      <xs:element minOccurs="0" name="departamento_envio" nillable="true" type="xs:string"/>
      <xs:element minOccurs="0" name="direccion_envio" nillable="true" type="xs:string"/>
      <xs:element minOccurs="0" name="numero_envio" nillable="true" type="xs:string"/>
      <xs:element minOccurs="0" name="orden_venta" nillable="true" type="xs:string"/>
      <xs:element minOccurs="0" name="pague_hasta1" nillable="true" type="xs:dateTime"/>
      <xs:element minOccurs="0" name="pague_hasta2" nillable="true" type="xs:dateTime"/>
      <xs:element minOccurs="0" name="pague_hasta3" nillable="true" type="xs:dateTime"/>
      <xs:element minOccurs="0" name="referencia" nillable="true" type="xs:string"/>
      <xs:element minOccurs="0" name="referencia1" nillable="true" type="xs:string"/>
      <xs:element minOccurs="0" name="referencia_envio" nillable="true" type="xs:string"/>
      <xs:element minOccurs="0" name="telefono_envio" nillable="true" type="xs:string"/>
    </xs:sequence>
  </xs:complexType>
  <xs:element name="CFDCabConexionIntQWS" nillable="true" type="tns:CFDCabConexionIntQWS"/>
  <xs:complexType name="FV_CFDCabConexionInt">
    <xs:sequence>
      <xs:element minOccurs="0" name="AnoAprobacionRes" type="xs:long"/>
      <xs:element minOccurs="0" name="Base_Impuesto" nillable="true" type="xs:decimal"/>
      <xs:element minOccurs="0" name="CFD_AdditionalDocumentReference" nillable="true" type="xs:string"/>
      <xs:element minOccurs="0" name="CFD_Control_logo" nillable="true" type="xs:string"/>
      <xs:element minOccurs="0" name="CFD_EST_estado_tramit" type="xs:int"/>
      <xs:element minOccurs="0" name="CFD_Envio_Asyncronico" type="xs:boolean"/>
      <xs:element minOccurs="0" name="CFD_Flete" type="xs:decimal"/>
      <xs:element minOccurs="0" name="CFD_Inf_relacionada_Industria" nillable="true" type="xs:string"/>
      <xs:element minOccurs="0" name="CFD_LineCountNumeric" type="xs:int"/>
      <xs:element minOccurs="0" name="CFD_LineExtensionAmount" type="xs:decimal"/>
      <xs:element minOccurs="0" name="CFD_Modelo_Facturacion" nillable="true" type="xs:string"/>
      <xs:element minOccurs="0" name="CFD_OtrosCargos" type="xs:decimal"/>
      <xs:element minOccurs="0" name="CFD_Por_Margen" nillable="true" type="xs:decimal"/>
      <xs:element minOccurs="0" name="CFD_ProfileExecutionID" nillable="true" type="xs:string"/>
      <xs:element minOccurs="0" name="CFD_ResponseCode" nillable="true" type="xs:string"/>
      <xs:element minOccurs="0" name="CFD_TaxExclusiveAmount" type="xs:decimal"/>
      <xs:element minOccurs="0" name="CFD_TaxInclusiveAmount" type="xs:decimal"/>
      <xs:element minOccurs="0" name="CFD_TaxPointDate" type="xs:dateTime"/>
      <xs:element minOccurs="0" name="CFD_Transaccion_VIP" type="xs:boolean"/>
      <xs:element minOccurs="0" name="CFD_base_ICA_total" type="xs:decimal"/>
      <xs:element minOccurs="0" name="CFD_base_impo_total_nal" type="xs:decimal"/>
      <xs:element minOccurs="0" name="CFD_base_impo_total_reg" type="xs:decimal"/>
      <xs:element minOccurs="0" name="CFD_campo_texto_10" nillable="true" type="xs:string"/>
      <xs:element minOccurs="0" name="CFD_campo_texto_11" nillable="true" type="xs:string"/>
      <xs:element minOccurs="0" name="CFD_campo_texto_12" nillable="true" type="xs:string"/>
      <xs:element minOccurs="0" name="CFD_campo_texto_13" nillable="true" type="xs:string"/>
      <xs:element minOccurs="0" name="CFD_campo_texto_14" nillable="true" type="xs:string"/>
      <xs:element minOccurs="0" name="CFD_campo_texto_15" nillable="true" type="xs:string"/>
      <xs:element minOccurs="0" name="CFD_campo_texto_16" nillable="true" type="xs:string"/>
      <xs:element minOccurs="0" name="CFD_campo_texto_17" nillable="true" type="xs:string"/>
      <xs:element minOccurs="0" name="CFD_campo_texto_18" nillable="true" type="xs:string"/>
      <xs:element minOccurs="0" name="CFD_campo_texto_19" nillable="true" type="xs:string"/>
      <xs:element minOccurs="0" name="CFD_campo_texto_20" nillable="true" type="xs:string"/>
      <xs:element minOccurs="0" name="CFD_campo_texto_21" nillable="true" type="xs:string"/>
      <xs:element minOccurs="0" name="CFD_campo_texto_22" nillable="true" type="xs:string"/>
      <xs:element minOccurs="0" name="CFD_campo_texto_23" nillable="true" type="xs:string"/>
      <xs:element minOccurs="0" name="CFD_campo_texto_24" nillable="true" type="xs:string"/>
      <xs:element minOccurs="0" name="CFD_campo_texto_25" nillable="true" type="xs:string"/>
      <xs:element minOccurs="0" name="CFD_campo_texto_26" nillable="true" type="xs:string"/>
      <xs:element minOccurs="0" name="CFD_campo_texto_27" nillable="true" type="xs:string"/>
      <xs:element minOccurs="0" name="CFD_campo_texto_28" nillable="true" type="xs:string"/>
      <xs:element minOccurs="0" name="CFD_campo_texto_29" nillable="true" type="xs:string"/>
      <xs:element minOccurs="0" name="CFD_campo_texto_9" nillable="true" type="xs:string"/>
      <xs:element minOccurs="0" name="CFD_cantidad_dec_1" nillable="true" type="xs:decimal"/>
      <xs:element minOccurs="0" name="CFD_cantidad_dec_10" nillable="true" type="xs:decimal"/>
      <xs:element minOccurs="0" name="CFD_cantidad_dec_11" nillable="true" type="xs:decimal"/>
      <xs:element minOccurs="0" name="CFD_cantidad_dec_12" nillable="true" type="xs:decimal"/>
      <xs:element minOccurs="0" name="CFD_cantidad_dec_13" nillable="true" type="xs:decimal"/>
      <xs:element minOccurs="0" name="CFD_cantidad_dec_14" nillable="true" type="xs:decimal"/>
      <xs:element minOccurs="0" name="CFD_cantidad_dec_15" nillable="true" type="xs:decimal"/>
      <xs:element minOccurs="0" name="CFD_cantidad_dec_16" nillable="true" type="xs:string"/>
      <xs:element minOccurs="0" name="CFD_cantidad_dec_17" type="xs:decimal"/>
      <xs:element minOccurs="0" name="CFD_cantidad_dec_18" type="xs:decimal"/>
      <xs:element minOccurs="0" name="CFD_cantidad_dec_19" type="xs:decimal"/>
      <xs:element minOccurs="0" name="CFD_cantidad_dec_20" type="xs:decimal"/>
      <xs:element minOccurs="0" name="CFD_cantidad_dec_21" type="xs:decimal"/>
      <xs:element minOccurs="0" name="CFD_cantidad_dec_22" type="xs:decimal"/>
      <xs:element minOccurs="0" name="CFD_cantidad_dec_23" type="xs:decimal"/>
      <xs:element minOccurs="0" name="CFD_cantidad_dec_24" type="xs:decimal"/>
      <xs:element minOccurs="0" name="CFD_cantidad_dec_25" type="xs:decimal"/>
      <xs:element minOccurs="0" name="CFD_cantidad_dec_4" nillable="true" type="xs:decimal"/>
      <xs:element minOccurs="0" name="CFD_cantidad_dec_5" nillable="true" type="xs:decimal"/>
      <xs:element minOccurs="0" name="CFD_cantidad_dec_6" nillable="true" type="xs:decimal"/>
      <xs:element minOccurs="0" name="CFD_cantidad_dec_7" nillable="true" type="xs:decimal"/>
      <xs:element minOccurs="0" name="CFD_cantidad_dec_8" nillable="true" type="xs:decimal"/>
      <xs:element minOccurs="0" name="CFD_cantidad_dec_9" nillable="true" type="xs:decimal"/>
      <xs:element minOccurs="0" name="CFD_deducible" type="xs:decimal"/>
      <xs:element minOccurs="0" name="CFD_desconexion_servicio" nillable="true" type="xs:boolean"/>
      <xs:element minOccurs="0" name="CFD_fecha_desconexion" nillable="true" type="xs:dateTime"/>
      <xs:element minOccurs="0" name="CFD_fecha_tasadeCambio" type="xs:dateTime"/>
      <xs:element minOccurs="0" name="CFD_inf_origen_despacho" nillable="true" type="xs:string"/>
      <xs:element minOccurs="0" name="CFD_numero_enlace_doc_ref" nillable="true" type="xs:string"/>
      <xs:element minOccurs="0" name="CFD_porc_rte_ICA" nillable="true" type="xs:decimal"/>
      <xs:element minOccurs="0" name="CFD_porc_rte_fuent" nillable="true" type="xs:decimal"/>
      <xs:element minOccurs="0" name="CFD_tasa_mora" nillable="true" type="xs:decimal"/>
      <xs:element minOccurs="0" name="CFD_tdi_id_tipo_doc_interno" type="xs:int"/>
      <xs:element minOccurs="0" name="CFD_total_ICA" type="xs:decimal"/>
      <xs:element minOccurs="0" name="CFD_total_aduana_exp" type="xs:decimal"/>
      <xs:element minOccurs="0" name="CFD_total_cargos" type="xs:decimal"/>
      <xs:element minOccurs="0" name="CFD_total_descuentos" type="xs:decimal"/>
      <xs:element minOccurs="0" name="CFD_total_margen" nillable="true" type="xs:decimal"/>
      <xs:element minOccurs="0" name="CFD_total_seguro_exp" type="xs:decimal"/>
      <xs:element minOccurs="0" name="CLI_numero_cliente" nillable="true" type="xs:decimal"/>
      <xs:element minOccurs="0" name="CREETotal" type="xs:decimal"/>
      <xs:element minOccurs="0" name="CampoTexto1" nillable="true" type="xs:string"/>
      <xs:element minOccurs="0" name="CampoTexto2" nillable="true" type="xs:string"/>
      <xs:element minOccurs="0" name="CampoTexto3" nillable="true" type="xs:string"/>
      <xs:element minOccurs="0" name="CampoTexto4" nillable="true" type="xs:string"/>
      <xs:element minOccurs="0" name="CampoTexto5" nillable="true" type="xs:string"/>
      <xs:element minOccurs="0" name="CampoTexto6" nillable="true" type="xs:string"/>
      <xs:element minOccurs="0" name="CampoTexto7" nillable="true" type="xs:string"/>
      <xs:element minOccurs="0" name="CampoTexto8" nillable="true" type="xs:string"/>
      <xs:element minOccurs="0" name="Cantidad1" type="xs:decimal"/>
      <xs:element minOccurs="0" name="Cantidad2" type="xs:decimal"/>
      <xs:element minOccurs="0" name="Cantidad3" type="xs:decimal"/>
      <xs:element minOccurs="0" name="CantidadDec1" type="xs:decimal"/>
      <xs:element minOccurs="0" name="CantidadDec2" type="xs:decimal"/>
      <xs:element minOccurs="0" name="CantidadDec3" type="xs:decimal"/>
      <xs:element minOccurs="0" name="CiudadDANE" nillable="true" type="xs:string"/>
      <xs:element minOccurs="0" name="CodVendedor" nillable="true" type="xs:string"/>
      <xs:element minOccurs="0" name="CodigoPostalCliente" nillable="true" type="xs:string"/>
      <xs:element minOccurs="0" name="CodigoPostalEnvio" nillable="true" type="xs:string"/>
      <xs:element minOccurs="0" name="ComprobanteCon" nillable="true" type="xs:string"/>
      <xs:element minOccurs="0" name="Condiciones_Pago" nillable="true" type="xs:string"/>
      <xs:element minOccurs="0" name="ContactoCargo" nillable="true" type="xs:string"/>
      <xs:element minOccurs="0" name="ContactoCorreo" nillable="true" type="xs:string"/>
      <xs:element minOccurs="0" name="ContactoNombre" nillable="true" type="xs:string"/>
      <xs:element minOccurs="0" name="CorreoCliente" nillable="true" type="xs:string"/>
      <xs:element minOccurs="0" name="DepartamentoDANE" nillable="true" type="xs:string"/>
      <xs:element minOccurs="0" name="DescripcionPlan" nillable="true" type="xs:string"/>
      <xs:element minOccurs="0" name="Descuento" type="xs:decimal"/>
      <xs:element minOccurs="0" name="DigitoVerificaCliente" nillable="true" type="xs:string"/>
      <xs:element minOccurs="0" name="DireccionCliente" nillable="true" type="xs:string"/>
      <xs:element minOccurs="0" name="EsRecepcion" type="xs:boolean"/>
      <xs:element minOccurs="0" name="EstiloFactura" type="xs:int"/>
      <xs:element minOccurs="0" name="FV_CCN_id_concepto_correcionnotas" type="xs:int"/>
      <xs:element minOccurs="0" name="FV_CDE_id_codigos_descuento" type="xs:int"/>
      <xs:element minOccurs="0" name="FV_EDO_id_eventos_docelec" type="xs:int"/>
      <xs:element minOccurs="0" name="FV_INC_id_incoterm" type="xs:int"/>
      <xs:element minOccurs="0" name="FV_RFI_Id_Regimen_Fiscal" type="xs:int"/>
      <xs:element minOccurs="0" name="FV_TDD_Code_TipoDocumentoDIAN" nillable="true" type="xs:string"/>
      <xs:element minOccurs="0" name="FV_TDO_Codigo_TipoOperacion" nillable="true" type="xs:string"/>
      <xs:element minOccurs="0" name="FechaExpedicion" type="xs:dateTime"/>
      <xs:element minOccurs="0" name="FechaFinalPeriodoFacturado" type="xs:dateTime"/>
      <xs:element minOccurs="0" name="FechaInicialPeriodoFacturado" type="xs:dateTime"/>
      <xs:element minOccurs="0" name="FechaVencimiento" type="xs:dateTime"/>
      <xs:element minOccurs="0" name="FormaPago" nillable="true" type="xs:string"/>
      <xs:element minOccurs="0" name="IDInterno" nillable="true" type="xs:string"/>
      <xs:element minOccurs="0" name="IDUbicacionCliente" type="xs:int"/>
      <xs:element minOccurs="0" name="IDUbicacionEnvio" nillable="true" type="xs:int"/>
      <xs:element minOccurs="0" name="IdPlan" nillable="true" type="xs:string"/>
      <xs:element minOccurs="0" name="IdSucursal" type="xs:int"/>
      <xs:element minOccurs="0" name="Incoterm" nillable="true" type="xs:string"/>
      <xs:element minOccurs="0" name="InfoAdicional" nillable="true" type="xs:string"/>
      <xs:element minOccurs="0" name="LugarTerminosEntrega" nillable="true" type="xs:string"/>
      <xs:element minOccurs="0" name="MesCausado" nillable="true" type="xs:string"/>
      <xs:element minOccurs="0" name="MonedaISO" nillable="true" type="xs:string"/>
      <xs:element minOccurs="0" name="NitCliente" nillable="true" type="xs:string"/>
      <xs:element minOccurs="0" name="NitEmpresa" nillable="true" type="xs:string"/>
      <xs:element minOccurs="0" name="NombreCliente" nillable="true" type="xs:string"/>
      <xs:element minOccurs="0" name="NombreComercial" nillable="true" type="xs:string"/>
      <xs:element minOccurs="0" name="NombrePlan" nillable="true" type="xs:string"/>
      <xs:element minOccurs="0" name="NombreVendedor" nillable="true" type="xs:string"/>
      <xs:element minOccurs="0" name="NumAprobacionRes" type="xs:decimal"/>
      <xs:element minOccurs="0" name="NumFactura" type="xs:decimal"/>
      <xs:element minOccurs="0" name="OrderID" nillable="true" type="xs:string"/>
      <xs:element minOccurs="0" name="PAI_ISO_3166" nillable="true" type="xs:string"/>
      <xs:element minOccurs="0" name="PAI_nombre_envio" nillable="true" type="xs:string"/>
      <xs:element minOccurs="0" name="PagoAnterior" type="xs:decimal"/>
      <xs:element minOccurs="0" name="Prefijo" nillable="true" type="xs:string"/>
      <xs:element minOccurs="0" name="ReferenciaCliente" nillable="true" type="xs:string"/>
      <xs:element minOccurs="0" name="RetencionCREETotal" nillable="true" type="xs:decimal"/>
      <xs:element minOccurs="0" name="SMSXDoc" type="xs:int"/>
      <xs:element minOccurs="0" name="SaldoAnterior" type="xs:decimal"/>
      <xs:element minOccurs="0" name="SubTotal" type="xs:decimal"/>
      <xs:element minOccurs="0" name="SubTotalSegunMon" nillable="true" type="xs:decimal"/>
      <xs:element minOccurs="0" name="Sucursal" nillable="true" type="xs:string"/>
      <xs:element minOccurs="0" name="TIP_id_tipo_persona" nillable="true" type="xs:int"/>
      <xs:element minOccurs="0" name="TasaCambio" nillable="true" type="xs:decimal"/>
      <xs:element minOccurs="0" name="TelefonoCliente" nillable="true" type="xs:string"/>
      <xs:element minOccurs="0" name="Texto3" nillable="true" type="xs:string"/>
      <xs:element minOccurs="0" name="TieneAcuerdo" nillable="true" type="xs:boolean"/>
      <xs:element minOccurs="0" name="TipoComprobante" type="xs:int"/>
      <xs:element minOccurs="0" name="TipoContribuyente" nillable="true" type="xs:int"/>
      <xs:element minOccurs="0" name="TipoIDCliente" type="xs:int"/>
      <xs:element minOccurs="0" name="Total" type="xs:decimal"/>
      <xs:element minOccurs="0" name="TotalIVA" type="xs:decimal"/>
      <xs:element minOccurs="0" name="TotalIVASegunMon" nillable="true" type="xs:decimal"/>
      <xs:element minOccurs="0" name="TotalRetICA" nillable="true" type="xs:decimal"/>
      <xs:element minOccurs="0" name="TotalRetIVA" nillable="true" type="xs:decimal"/>
      <xs:element minOccurs="0" name="TotalRetencion" nillable="true" type="xs:decimal"/>
      <xs:element minOccurs="0" name="TotalSegunMon" nillable="true" type="xs:decimal"/>
      <xs:element minOccurs="0" name="TotalTraslado" type="xs:decimal"/>
      <xs:element minOccurs="0" name="Total_a_Pagar" type="xs:decimal"/>
      <xs:element minOccurs="0" name="ValorHasta1" type="xs:decimal"/>
      <xs:element minOccurs="0" name="ValorHasta2" type="xs:decimal"/>
      <xs:element minOccurs="0" name="ValorHasta3" type="xs:decimal"/>
      <xs:element minOccurs="0" name="ValorHasta4" type="xs:decimal"/>
      <xs:element minOccurs="0" name="cfd_activa_nota1" nillable="true" type="xs:boolean"/>
      <xs:element minOccurs="0" name="cfd_barcode_banco4" nillable="true" type="xs:string"/>
      <xs:element minOccurs="0" name="ciudad_envio" nillable="true" type="xs:string"/>
      <xs:element minOccurs="0" name="code1" nillable="true" type="xs:string"/>
      <xs:element minOccurs="0" name="code2" nillable="true" type="xs:string"/>
      <xs:element minOccurs="0" name="code3" nillable="true" type="xs:string"/>
      <xs:element minOccurs="0" name="curso" nillable="true" type="xs:string"/>
      <xs:element minOccurs="0" name="departamento_envio" nillable="true" type="xs:string"/>
      <xs:element minOccurs="0" name="direccion_envio" nillable="true" type="xs:string"/>
      <xs:element minOccurs="0" name="id_PFD_PerfilDummy" type="xs:int"/>
      <xs:element minOccurs="0" name="numero_envio" nillable="true" type="xs:string"/>
      <xs:element minOccurs="0" name="orden_venta" nillable="true" type="xs:string"/>
      <xs:element minOccurs="0" name="pague_hasta1" nillable="true" type="xs:dateTime"/>
      <xs:element minOccurs="0" name="pague_hasta2" nillable="true" type="xs:dateTime"/>
      <xs:element minOccurs="0" name="pague_hasta3" nillable="true" type="xs:dateTime"/>
      <xs:element minOccurs="0" name="referencia" nillable="true" type="xs:string"/>
      <xs:element minOccurs="0" name="referencia1" nillable="true" type="xs:string"/>
      <xs:element minOccurs="0" name="referencia_envio" nillable="true" type="xs:string"/>
      <xs:element minOccurs="0" name="telefono_envio" nillable="true" type="xs:string"/>
    </xs:sequence>
  </xs:complexType>
  <xs:element name="FV_CFDCabConexionInt" nillable="true" type="tns:FV_CFDCabConexionInt"/>
  <xs:complexType name="ArrayOfFV_CFDDetConexionInt">
    <xs:sequence>
      <xs:element minOccurs="0" maxOccurs="unbounded" name="FV_CFDDetConexionInt" nillable="true" type="tns:FV_CFDDetConexionInt"/>
    </xs:sequence>
  </xs:complexType>
  <xs:element name="ArrayOfFV_CFDDetConexionInt" nillable="true" type="tns:ArrayOfFV_CFDDetConexionInt"/>
  <xs:complexType name="FV_CFDDetConexionInt">
    <xs:sequence>
      <xs:element minOccurs="0" name="CON_base_ica" type="xs:decimal"/>
      <xs:element minOccurs="0" name="CON_base_impo_n" type="xs:decimal"/>
      <xs:element minOccurs="0" name="CON_base_impo_r" type="xs:decimal"/>
      <xs:element minOccurs="0" name="CON_base_iva" type="xs:decimal"/>
      <xs:element minOccurs="0" name="CON_cantidad_original_solicitada" nillable="true" type="xs:decimal"/>
      <xs:element minOccurs="0" name="CON_categoria_0" nillable="true" type="xs:string"/>
      <xs:element minOccurs="0" name="CON_categoria_1" nillable="true" type="xs:string"/>
      <xs:element minOccurs="0" name="CON_categoria_2" nillable="true" type="xs:string"/>
      <xs:element minOccurs="0" name="CON_categoria_3" nillable="true" type="xs:string"/>
      <xs:element minOccurs="0" name="CON_ciudad_despacho" nillable="true" type="xs:string"/>
      <xs:element minOccurs="0" name="CON_dato_decimal1" nillable="true" type="xs:decimal"/>
      <xs:element minOccurs="0" name="CON_dato_decimal10" type="xs:decimal"/>
      <xs:element minOccurs="0" name="CON_dato_decimal11" type="xs:decimal"/>
      <xs:element minOccurs="0" name="CON_dato_decimal12" type="xs:decimal"/>
      <xs:element minOccurs="0" name="CON_dato_decimal13" type="xs:decimal"/>
      <xs:element minOccurs="0" name="CON_dato_decimal14" type="xs:decimal"/>
      <xs:element minOccurs="0" name="CON_dato_decimal15" type="xs:decimal"/>
      <xs:element minOccurs="0" name="CON_dato_decimal2" nillable="true" type="xs:decimal"/>
      <xs:element minOccurs="0" name="CON_dato_decimal3" nillable="true" type="xs:decimal"/>
      <xs:element minOccurs="0" name="CON_dato_decimal4" nillable="true" type="xs:decimal"/>
      <xs:element minOccurs="0" name="CON_dato_decimal5" type="xs:decimal"/>
      <xs:element minOccurs="0" name="CON_dato_decimal6" type="xs:decimal"/>
      <xs:element minOccurs="0" name="CON_dato_decimal7" type="xs:decimal"/>
      <xs:element minOccurs="0" name="CON_dato_decimal8" type="xs:decimal"/>
      <xs:element minOccurs="0" name="CON_dato_decimal9" type="xs:decimal"/>
      <xs:element minOccurs="0" name="CON_dato_destino" nillable="true" type="xs:string"/>
      <xs:element minOccurs="0" name="CON_dato_fecha" nillable="true" type="xs:dateTime"/>
      <xs:element minOccurs="0" name="CON_dato_origen" nillable="true" type="xs:string"/>
      <xs:element minOccurs="0" name="CON_dato_peso" type="xs:decimal"/>
      <xs:element minOccurs="0" name="CON_dato_placa" nillable="true" type="xs:string"/>
      <xs:element minOccurs="0" name="CON_dato_referencia" nillable="true" type="xs:string"/>
      <xs:element minOccurs="0" name="CON_dato_texto1" nillable="true" type="xs:string"/>
      <xs:element minOccurs="0" name="CON_dato_texto10" nillable="true" type="xs:string"/>
      <xs:element minOccurs="0" name="CON_dato_texto11" nillable="true" type="xs:string"/>
      <xs:element minOccurs="0" name="CON_dato_texto12" nillable="true" type="xs:string"/>
      <xs:element minOccurs="0" name="CON_dato_texto13" nillable="true" type="xs:string"/>
      <xs:element minOccurs="0" name="CON_dato_texto14" nillable="true" type="xs:string"/>
      <xs:element minOccurs="0" name="CON_dato_texto15" nillable="true" type="xs:string"/>
      <xs:element minOccurs="0" name="CON_dato_texto2" nillable="true" type="xs:string"/>
      <xs:element minOccurs="0" name="CON_dato_texto3" nillable="true" type="xs:string"/>
      <xs:element minOccurs="0" name="CON_dato_texto4" nillable="true" type="xs:string"/>
      <xs:element minOccurs="0" name="CON_dato_texto5" nillable="true" type="xs:string"/>
      <xs:element minOccurs="0" name="CON_dato_texto6" nillable="true" type="xs:string"/>
      <xs:element minOccurs="0" name="CON_dato_texto7" nillable="true" type="xs:string"/>
      <xs:element minOccurs="0" name="CON_dato_texto8" nillable="true" type="xs:string"/>
      <xs:element minOccurs="0" name="CON_dato_texto9" nillable="true" type="xs:string"/>
      <xs:element minOccurs="0" name="CON_departamento_despacho" nillable="true" type="xs:string"/>
      <xs:element minOccurs="0" name="CON_detalle_construccion" nillable="true" type="xs:string"/>
      <xs:element minOccurs="0" name="CON_detalle_industria1" nillable="true" type="xs:string"/>
      <xs:element minOccurs="0" name="CON_detalle_industria2" nillable="true" type="xs:string"/>
      <xs:element minOccurs="0" name="CON_detalle_industria3" nillable="true" type="xs:string"/>
      <xs:element minOccurs="0" name="CON_detalle_vehiculo" nillable="true" type="xs:string"/>
      <xs:element minOccurs="0" name="CON_direccion_despacho" nillable="true" type="xs:string"/>
      <xs:element minOccurs="0" name="CON_documentos_referencia" nillable="true" type="xs:string"/>
      <xs:element minOccurs="0" name="CON_linea_concepto" nillable="true" type="xs:string"/>
      <xs:element minOccurs="0" name="CON_linea_padre_concepto" nillable="true" type="xs:string"/>
      <xs:element minOccurs="0" name="CON_posicion_arancelaria" nillable="true" type="xs:string"/>
      <xs:element minOccurs="0" name="CON_sub_cliente" nillable="true" type="xs:string"/>
      <xs:element minOccurs="0" name="CON_total_con_seg_mon" nillable="true" type="xs:decimal"/>
      <xs:element minOccurs="0" name="CON_unidad_medida_con" nillable="true" type="xs:string"/>
      <xs:element minOccurs="0" name="CON_valor_otros_cargos" type="xs:decimal"/>
      <xs:element minOccurs="0" name="CON_valor_otros_descuentos" type="xs:decimal"/>
      <xs:element minOccurs="0" name="CON_valor_unitario_seg_mon" nillable="true" type="xs:decimal"/>
      <xs:element minOccurs="0" name="CREE" type="xs:decimal"/>
      <xs:element minOccurs="0" name="Cantidad" type="xs:decimal"/>
      <xs:element minOccurs="0" name="ClaseMovimiento" nillable="true" type="xs:string"/>
      <xs:element minOccurs="0" name="CodigoProducto" nillable="true" type="xs:string"/>
      <xs:element minOccurs="0" name="Codigos" nillable="true" type="q4:ArrayOfstring" xmlns:q4="http://schemas.microsoft.com/2003/10/Serialization/Arrays"/>
      <xs:element minOccurs="0" name="CodigosString" nillable="true" type="xs:string"/>
      <xs:element minOccurs="0" name="DescripcionConcepto" nillable="true" type="xs:string"/>
      <xs:element minOccurs="0" name="DescripcionProducto" nillable="true" type="xs:string"/>
      <xs:element minOccurs="0" name="DescuentoConcepto" type="xs:decimal"/>
      <xs:element minOccurs="0" name="FechaRecibe" type="xs:dateTime"/>
      <xs:element minOccurs="0" name="IVAProducto" type="xs:decimal"/>
      <xs:element minOccurs="0" name="IdConcepto" type="xs:int"/>
      <xs:element minOccurs="0" name="Importe" type="xs:decimal"/>
      <xs:element minOccurs="0" name="Impuesto2" type="xs:decimal"/>
      <xs:element minOccurs="0" name="ItemReferencia" nillable="true" type="xs:string"/>
      <xs:element minOccurs="0" name="NotasConcepto" nillable="true" type="xs:string"/>
      <xs:element minOccurs="0" name="PorIVAProducto" type="xs:decimal"/>
      <xs:element minOccurs="0" name="PorImpuesto2" type="xs:decimal"/>
      <xs:element minOccurs="0" name="PorcentajeDescuento" type="xs:decimal"/>
      <xs:element minOccurs="0" name="RetencionCREE" type="xs:decimal"/>
      <xs:element minOccurs="0" name="TipoImpuesto" nillable="true" type="xs:string"/>
      <xs:element minOccurs="0" name="TotalConSegMon" nillable="true" type="xs:decimal"/>
      <xs:element minOccurs="0" name="TotalConcepto" type="xs:decimal"/>
      <xs:element minOccurs="0" name="UnidadMedida" nillable="true" type="xs:string"/>
      <xs:element minOccurs="0" name="ValorUnitario" type="xs:decimal"/>
      <xs:element minOccurs="0" name="con_recurrente" type="xs:boolean"/>
    </xs:sequence>
  </xs:complexType>
  <xs:element name="FV_CFDDetConexionInt" nillable="true" type="tns:FV_CFDDetConexionInt"/>
  <xs:complexType name="FV_OpcionesConexionInt">
    <xs:sequence>
      <xs:element minOccurs="0" name="ActualizaProductos" type="xs:boolean"/>
      <xs:element minOccurs="0" name="CalculaReteCree" type="xs:boolean"/>
      <xs:element minOccurs="0" name="CalculaReteFuente" type="xs:boolean"/>
      <xs:element minOccurs="0" name="CalculaReteICA" type="xs:boolean"/>
      <xs:element minOccurs="0" name="CalculaReteIVA" type="xs:boolean"/>
      <xs:element minOccurs="0" name="EmisionAutomatica" type="xs:boolean"/>
      <xs:element minOccurs="0" name="FacturaMinimalegal" type="xs:boolean"/>
      <xs:element minOccurs="0" name="FacturasSinAcuerdo" type="xs:boolean"/>
      <xs:element minOccurs="0" name="ModeloXAceptacion" type="xs:boolean"/>
      <xs:element minOccurs="0" name="NotasRelacionadas" type="xs:boolean"/>
      <xs:element minOccurs="0" name="OrderControl" type="xs:boolean"/>
      <xs:element minOccurs="0" name="TieneAcuerdosFisicos" type="xs:boolean"/>
      <xs:element minOccurs="0" name="TokenConexion" nillable="true" type="xs:string"/>
      <xs:element minOccurs="0" name="eBillAdmNumerosFactura" type="xs:boolean"/>
    </xs:sequence>
  </xs:complexType>
  <xs:element name="FV_OpcionesConexionInt" nillable="true" type="tns:FV_OpcionesConexionInt"/>
  <xs:complexType name="ArrayOfFV_ACC_AllowanceChargeCabInt">
    <xs:sequence>
      <xs:element minOccurs="0" maxOccurs="unbounded" name="FV_ACC_AllowanceChargeCabInt" nillable="true" type="tns:FV_ACC_AllowanceChargeCabInt"/>
    </xs:sequence>
  </xs:complexType>
  <xs:element name="ArrayOfFV_ACC_AllowanceChargeCabInt" nillable="true" type="tns:ArrayOfFV_ACC_AllowanceChargeCabInt"/>
  <xs:complexType name="FV_ACC_AllowanceChargeCabInt">
    <xs:sequence>
      <xs:element minOccurs="0" name="FCC_ACC_Amount_AllowanceChargeCab" type="xs:decimal"/>
      <xs:element minOccurs="0" name="FCC_ACC_MultiplierFactorNumeric_AllowanceChargeCab" type="xs:decimal"/>
      <xs:element minOccurs="0" name="FC_ACC_BaseAmount_AllowanceChargeCab" type="xs:decimal"/>
      <xs:element minOccurs="0" name="FV_ACC_ChargeIndicator_AllowanceChargeCab" nillable="true" type="xs:string"/>
      <xs:element minOccurs="0" name="FV_ACC_Code_AllowanceChargeCab" nillable="true" type="xs:string"/>
      <xs:element minOccurs="0" name="FV_ACC_Id_AllowanceChargeCab" type="xs:int"/>
      <xs:element minOccurs="0" name="FV_ACC_Reason_AllowanceChargeCab" nillable="true" type="xs:string"/>
    </xs:sequence>
  </xs:complexType>
  <xs:element name="FV_ACC_AllowanceChargeCabInt" nillable="true" type="tns:FV_ACC_AllowanceChargeCabInt"/>
  <xs:complexType name="ArrayOfFV_ACD_AllowanceChargeDetInt">
    <xs:sequence>
      <xs:element minOccurs="0" maxOccurs="unbounded" name="FV_ACD_AllowanceChargeDetInt" nillable="true" type="tns:FV_ACD_AllowanceChargeDetInt"/>
    </xs:sequence>
  </xs:complexType>
  <xs:element name="ArrayOfFV_ACD_AllowanceChargeDetInt" nillable="true" type="tns:ArrayOfFV_ACD_AllowanceChargeDetInt"/>
  <xs:complexType name="FV_ACD_AllowanceChargeDetInt">
    <xs:sequence>
      <xs:element minOccurs="0" name="FCC_ACD_Amount_AllowanceChargeDet" type="xs:decimal"/>
      <xs:element minOccurs="0" name="FCC_ACD_MultiplierFactorNumeric_AllowanceChargeDet" type="xs:decimal"/>
      <xs:element minOccurs="0" name="FC_ACD_BaseAmount_AllowanceChargeDet" type="xs:decimal"/>
      <xs:element minOccurs="0" name="FV_ACD_ChargeIndicator_AllowanceChargeDet" type="xs:boolean"/>
      <xs:element minOccurs="0" name="FV_ACD_Code_AllowanceChargeDet" nillable="true" type="xs:string"/>
      <xs:element minOccurs="0" name="FV_ACD_Id_AllowanceChargeDet" nillable="true" type="xs:string"/>
      <xs:element minOccurs="0" name="FV_ACD_Reason_AllowanceChargeDet" nillable="true" type="xs:string"/>
      <xs:element minOccurs="0" name="IdConcepto" type="xs:int"/>
    </xs:sequence>
  </xs:complexType>
  <xs:element name="FV_ACD_AllowanceChargeDetInt" nillable="true" type="tns:FV_ACD_AllowanceChargeDetInt"/>
  <xs:complexType name="ArrayOfFV_TRBACON_TributoAgrupadoXConceptoInt">
    <xs:sequence>
      <xs:element minOccurs="0" maxOccurs="unbounded" name="FV_TRBACON_TributoAgrupadoXConceptoInt" nillable="true" type="tns:FV_TRBACON_TributoAgrupadoXConceptoInt"/>
    </xs:sequence>
  </xs:complexType>
  <xs:element name="ArrayOfFV_TRBACON_TributoAgrupadoXConceptoInt" nillable="true" type="tns:ArrayOfFV_TRBACON_TributoAgrupadoXConceptoInt"/>
  <xs:complexType name="FV_TRBACON_TributoAgrupadoXConceptoInt">
    <xs:sequence>
      <xs:element minOccurs="0" name="FV_TRBACON_RoundingAmount_TributoAgrupadoXConcepto" type="xs:decimal"/>
      <xs:element minOccurs="0" name="FV_TRBACON_TaxAmount_TributoAgrupadoXConcepto" type="xs:decimal"/>
      <xs:element minOccurs="0" name="FV_TRBACON_Withholding_TributoAgrupado" type="xs:boolean"/>
      <xs:element minOccurs="0" name="FV_TRB_Id_Tributos" type="xs:int"/>
      <xs:element minOccurs="0" name="IdConcepto" type="xs:int"/>
    </xs:sequence>
  </xs:complexType>
  <xs:element name="FV_TRBACON_TributoAgrupadoXConceptoInt" nillable="true" type="tns:FV_TRBACON_TributoAgrupadoXConceptoInt"/>
  <xs:complexType name="ArrayOfFV_TRBDCON_TributoDetalleXConceptoInt">
    <xs:sequence>
      <xs:element minOccurs="0" maxOccurs="unbounded" name="FV_TRBDCON_TributoDetalleXConceptoInt" nillable="true" type="tns:FV_TRBDCON_TributoDetalleXConceptoInt"/>
    </xs:sequence>
  </xs:complexType>
  <xs:element name="ArrayOfFV_TRBDCON_TributoDetalleXConceptoInt" nillable="true" type="tns:ArrayOfFV_TRBDCON_TributoDetalleXConceptoInt"/>
  <xs:complexType name="FV_TRBDCON_TributoDetalleXConceptoInt">
    <xs:sequence>
      <xs:element minOccurs="0" name="FV_TRBDCON_PerUnitAmount_TributoDetalleXConcepto" type="xs:decimal"/>
      <xs:element minOccurs="0" name="FV_TRBDCON_TaxAmount_TributoDetalleXConcepto" type="xs:decimal"/>
      <xs:element minOccurs="0" name="FV_TRBDCON_TaxableAmount_TributoDetalleXConcepto" type="xs:decimal"/>
      <xs:element minOccurs="0" name="FV_TRBDCON_Withholding_TributoDetalleXConcepto" type="xs:boolean"/>
      <xs:element minOccurs="0" name="FV_TRB_Id_Tributos" type="xs:int"/>
      <xs:element minOccurs="0" name="FV_TXT_Id_TarifaXTributo" type="xs:int"/>
      <xs:element minOccurs="0" name="FV_TXT_Tarifa_TarifaXTributo" type="xs:decimal"/>
      <xs:element minOccurs="0" name="FV_UNN_Codigo_DIAN" nillable="true" type="xs:string"/>
      <xs:element minOccurs="0" name="IdConcepto" type="xs:int"/>
    </xs:sequence>
  </xs:complexType>
  <xs:element name="FV_TRBDCON_TributoDetalleXConceptoInt" nillable="true" type="tns:FV_TRBDCON_TributoDetalleXConceptoInt"/>
  <xs:complexType name="ArrayOfFV_TRBA_TributoAgrupadoInt">
    <xs:sequence>
      <xs:element minOccurs="0" maxOccurs="unbounded" name="FV_TRBA_TributoAgrupadoInt" nillable="true" type="tns:FV_TRBA_TributoAgrupadoInt"/>
    </xs:sequence>
  </xs:complexType>
  <xs:element name="ArrayOfFV_TRBA_TributoAgrupadoInt" nillable="true" type="tns:ArrayOfFV_TRBA_TributoAgrupadoInt"/>
  <xs:complexType name="FV_TRBA_TributoAgrupadoInt">
    <xs:sequence>
      <xs:element minOccurs="0" name="FV_TRBA_RoundingAmount_TributoAgrupado" type="xs:decimal"/>
      <xs:element minOccurs="0" name="FV_TRBA_TaxAmount_TributoAgrupado" type="xs:decimal"/>
      <xs:element minOccurs="0" name="FV_TRBA_Withholding_TributoAgrupado" type="xs:boolean"/>
      <xs:element minOccurs="0" name="FV_TRB_Id_Tributos" type="xs:int"/>
    </xs:sequence>
  </xs:complexType>
  <xs:element name="FV_TRBA_TributoAgrupadoInt" nillable="true" type="tns:FV_TRBA_TributoAgrupadoInt"/>
  <xs:complexType name="ArrayOfFV_TRBD_TributoDetalleInt">
    <xs:sequence>
      <xs:element minOccurs="0" maxOccurs="unbounded" name="FV_TRBD_TributoDetalleInt" nillable="true" type="tns:FV_TRBD_TributoDetalleInt"/>
    </xs:sequence>
  </xs:complexType>
  <xs:element name="ArrayOfFV_TRBD_TributoDetalleInt" nillable="true" type="tns:ArrayOfFV_TRBD_TributoDetalleInt"/>
  <xs:complexType name="FV_TRBD_TributoDetalleInt">
    <xs:sequence>
      <xs:element minOccurs="0" name="FV_TRBD_PerUnitAmount_TributoDetalle" type="xs:decimal"/>
      <xs:element minOccurs="0" name="FV_TRBD_TaxAmount_TributoDetalle" type="xs:decimal"/>
      <xs:element minOccurs="0" name="FV_TRBD_TaxableAmount_TributoDetalle" type="xs:decimal"/>
      <xs:element minOccurs="0" name="FV_TRBD_Withholding_TributoDetalle" type="xs:boolean"/>
      <xs:element minOccurs="0" name="FV_TRB_Id_Tributos" type="xs:int"/>
      <xs:element minOccurs="0" name="FV_TXT_Id_TarifaXTributo" type="xs:int"/>
      <xs:element minOccurs="0" name="FV_TXT_Tarifa_TarifaXTributo" type="xs:decimal"/>
      <xs:element minOccurs="0" name="FV_UNN_Codigo_DIAN" nillable="true" type="xs:string"/>
    </xs:sequence>
  </xs:complexType>
  <xs:element name="FV_TRBD_TributoDetalleInt" nillable="true" type="tns:FV_TRBD_TributoDetalleInt"/>
  <xs:complexType name="ArrayOfFV_AXD_AnticiposXDocumentoInt">
    <xs:sequence>
      <xs:element minOccurs="0" maxOccurs="unbounded" name="FV_AXD_AnticiposXDocumentoInt" nillable="true" type="tns:FV_AXD_AnticiposXDocumentoInt"/>
    </xs:sequence>
  </xs:complexType>
  <xs:element name="ArrayOfFV_AXD_AnticiposXDocumentoInt" nillable="true" type="tns:ArrayOfFV_AXD_AnticiposXDocumentoInt"/>
  <xs:complexType name="FV_AXD_AnticiposXDocumentoInt">
    <xs:sequence>
      <xs:element minOccurs="0" name="Codigo_Moneda" nillable="true" type="xs:string"/>
      <xs:element minOccurs="0" name="FV_AXD_IdXDoc_AnticiposXDocumento" nillable="true" type="xs:string"/>
      <xs:element minOccurs="0" name="FV_AXD_InstructionID" nillable="true" type="xs:string"/>
      <xs:element minOccurs="0" name="FV_AXD_PaidAmount" type="xs:decimal"/>
      <xs:element minOccurs="0" name="FV_AXD_PaidDate" type="xs:dateTime"/>
      <xs:element minOccurs="0" name="FV_AXD_PaidTime" nillable="true" type="xs:string"/>
      <xs:element minOccurs="0" name="FV_AXD_ReceivedDate" type="xs:dateTime"/>
      <xs:element minOccurs="0" name="IdAnticipo" type="xs:int"/>
    </xs:sequence>
  </xs:complexType>
  <xs:element name="FV_AXD_AnticiposXDocumentoInt" nillable="true" type="tns:FV_AXD_AnticiposXDocumentoInt"/>
  <xs:simpleType name="FV_Utilidades.FV_EndPointDian">
    <xs:restriction base="xs:string">
      <xs:enumeration value="Produccion">
        <xs:annotation>
          <xs:appinfo>
            <EnumerationValue xmlns="http://schemas.microsoft.com/2003/10/Serialization/">1</EnumerationValue>
          </xs:appinfo>
        </xs:annotation>
      </xs:enumeration>
      <xs:enumeration value="Habilitacion">
        <xs:annotation>
          <xs:appinfo>
            <EnumerationValue xmlns="http://schemas.microsoft.com/2003/10/Serialization/">2</EnumerationValue>
          </xs:appinfo>
        </xs:annotation>
      </xs:enumeration>
      <xs:enumeration value="Radian">
        <xs:annotation>
          <xs:appinfo>
            <EnumerationValue xmlns="http://schemas.microsoft.com/2003/10/Serialization/">3</EnumerationValue>
          </xs:appinfo>
        </xs:annotation>
      </xs:enumeration>
      <xs:enumeration value="Nomina">
        <xs:annotation>
          <xs:appinfo>
            <EnumerationValue xmlns="http://schemas.microsoft.com/2003/10/Serialization/">4</EnumerationValue>
          </xs:appinfo>
        </xs:annotation>
      </xs:enumeration>
    </xs:restriction>
  </xs:simpleType>
  <xs:element name="FV_Utilidades.FV_EndPointDian" nillable="true" type="tns:FV_Utilidades.FV_EndPointDian"/>
  <xs:complexType name="FV_RegistroSolicitudEmision">
    <xs:sequence>
      <xs:element minOccurs="0" name="ArchivoZip" nillable="true" type="xs:base64Binary"/>
      <xs:element minOccurs="0" name="EsValido" type="xs:boolean"/>
      <xs:element minOccurs="0" name="FechaRegistro" type="xs:dateTime"/>
      <xs:element minOccurs="0" name="ID_Empresa" type="xs:int"/>
      <xs:element minOccurs="0" name="NombreArchivoZip" nillable="true" type="xs:string"/>
      <xs:element minOccurs="0" name="RSE_EndPointEnviadoDian" type="xs:short"/>
      <xs:element minOccurs="0" name="RSE_idSolicitudEmision" type="xs:int"/>
      <xs:element minOccurs="0" name="TipoSolicitudEmision" type="xs:int"/>
      <xs:element minOccurs="0" name="TrackId" nillable="true" type="xs:string"/>
      <xs:element minOccurs="0" name="XmlRespuestaDian" nillable="true" type="xs:string"/>
    </xs:sequence>
  </xs:complexType>
  <xs:element name="FV_RegistroSolicitudEmision" nillable="true" type="tns:FV_RegistroSolicitudEmision"/>
  <xs:complexType name="ArrayOfFV_Documentos">
    <xs:sequence>
      <xs:element minOccurs="0" maxOccurs="unbounded" name="FV_Documentos" nillable="true" type="tns:FV_Documentos"/>
    </xs:sequence>
  </xs:complexType>
  <xs:element name="ArrayOfFV_Documentos" nillable="true" type="tns:ArrayOfFV_Documentos"/>
  <xs:complexType name="FV_Documentos">
    <xs:sequence>
      <xs:element minOccurs="0" name="CodigoEstado" nillable="true" type="xs:string"/>
      <xs:element minOccurs="0" name="EsValido" type="xs:boolean"/>
      <xs:element minOccurs="0" name="EstadoRespuestaDian" type="xs:int"/>
      <xs:element minOccurs="0" name="IdDocumento" type="xs:int"/>
      <xs:element minOccurs="0" name="MensajeError" nillable="true" type="xs:string"/>
      <xs:element minOccurs="0" name="NombreDocumento" nillable="true" type="xs:string"/>
      <xs:element minOccurs="0" name="TrackId" nillable="true" type="xs:string"/>
      <xs:element minOccurs="0" name="Xml" nillable="true" type="xs:base64Binary"/>
      <xs:element minOccurs="0" name="XmlResponse" nillable="true" type="xs:string"/>
    </xs:sequence>
  </xs:complexType>
  <xs:element name="FV_Documentos" nillable="true" type="tns:FV_Documentos"/>
  <xs:complexType name="FV_EstadoDocumentoDIANV2">
    <xs:sequence>
      <xs:element minOccurs="0" name="Ambiente" nillable="true" type="xs:string"/>
      <xs:element minOccurs="0" name="App_Response" nillable="true" type="xs:string"/>
      <xs:element minOccurs="0" name="CUFE_CUNE" nillable="true" type="xs:string"/>
      <xs:element minOccurs="0" name="EnvioAsync" type="xs:boolean"/>
      <xs:element minOccurs="0" name="EsValido" type="xs:boolean"/>
      <xs:element minOccurs="0" name="EstadoDIAN" nillable="true" type="xs:string"/>
      <xs:element minOccurs="0" name="EstadoEnvioV2" nillable="true" type="xs:string"/>
      <xs:element minOccurs="0" name="Existe_PDF" type="xs:boolean"/>
      <xs:element minOccurs="0" name="FechaCargaDoc" type="xs:dateTime"/>
      <xs:element minOccurs="0" name="Modelo" nillable="true" type="xs:string"/>
      <xs:element minOccurs="0" name="NumDoc" type="xs:long"/>
      <xs:element minOccurs="0" name="Prefijo" nillable="true" type="xs:string"/>
      <xs:element minOccurs="0" name="Reglas_Fallidas" nillable="true" type="tns:ArrayOfFV_LRV_Log_Error_Doc_Emitido"/>
      <xs:element minOccurs="0" name="ValidacionPrevia" type="xs:boolean"/>
      <xs:element minOccurs="0" name="XML_DIAN" nillable="true" type="xs:string"/>
      <xs:element minOccurs="0" name="codigoError" nillable="true" type="xs:string"/>
    </xs:sequence>
  </xs:complexType>
  <xs:element name="FV_EstadoDocumentoDIANV2" nillable="true" type="tns:FV_EstadoDocumentoDIANV2"/>
  <xs:complexType name="ArrayOfFV_LRV_Log_Error_Doc_Emitido">
    <xs:sequence>
      <xs:element minOccurs="0" maxOccurs="unbounded" name="FV_LRV_Log_Error_Doc_Emitido" nillable="true" type="tns:FV_LRV_Log_Error_Doc_Emitido"/>
    </xs:sequence>
  </xs:complexType>
  <xs:element name="ArrayOfFV_LRV_Log_Error_Doc_Emitido" nillable="true" type="tns:ArrayOfFV_LRV_Log_Error_Doc_Emitido"/>
  <xs:complexType name="FV_LRV_Log_Error_Doc_Emitido">
    <xs:sequence>
      <xs:element minOccurs="0" name="CFD_cfd_informacion" nillable="true" type="tns:CFD_cfd_informacion"/>
      <xs:element minOccurs="0" name="CFD_id_cfd" nillable="true" type="xs:int"/>
      <xs:element minOccurs="0" name="EMP_Empresa" nillable="true" type="tns:EMP_Empresa"/>
      <xs:element minOccurs="0" name="EMP_id_Empresa" type="xs:int"/>
      <xs:element minOccurs="0" name="FV_AED_Accion_ErrorDoc_Emitido" nillable="true" type="tns:ArrayOfFV_AED_Accion_ErrorDoc_Emitido"/>
      <xs:element minOccurs="0" name="FV_DLF_DetalleLogReglasFallidas" nillable="true" type="tns:ArrayOfFV_DLF_DetalleLogReglasFallidas"/>
      <xs:element minOccurs="0" name="FV_PVF_Punto_Validacion_Facturacion" nillable="true" type="tns:FV_PVF_Punto_Validacion_Facturacion"/>
      <xs:element minOccurs="0" name="LRV_CFD_numero_cfd" nillable="true" type="xs:decimal"/>
      <xs:element minOccurs="0" name="LRV_CFD_prefijo" nillable="true" type="xs:string"/>
      <xs:element minOccurs="0" name="LRV_fechaProceso" type="xs:dateTime"/>
      <xs:element minOccurs="0" name="LRV_id_LogErrorDocEmitido" type="xs:int"/>
      <xs:element minOccurs="0" name="LRV_mensajeError" nillable="true" type="xs:string"/>
      <xs:element minOccurs="0" name="PVF_id_puntoValidacionFacturacion" type="xs:int"/>
      <xs:element minOccurs="0" name="TCO_TipoComprobante" nillable="true" type="tns:TCO_TipoComprobante"/>
      <xs:element minOccurs="0" name="TCO_id_tipo_comprobante" type="xs:int"/>
    </xs:sequence>
  </xs:complexType>
  <xs:element name="FV_LRV_Log_Error_Doc_Emitido" nillable="true" type="tns:FV_LRV_Log_Error_Doc_Emitido"/>
  <xs:complexType name="CFD_cfd_informacion">
    <xs:sequence>
      <xs:element minOccurs="0" name="AES_Archivos_Emision_SFTPs" nillable="true" type="tns:ArrayOfAES_Archivos_Emision_SFTP"/>
      <xs:element minOccurs="0" name="ANE_AnexosXFacturas" nillable="true" type="tns:ArrayOfANE_AnexosXFactura"/>
      <xs:element minOccurs="0" name="ARS_Archivos_Recepcion_SFTPs" nillable="true" type="tns:ArrayOfARS_Archivos_Recepcion_SFTP"/>
      <xs:element minOccurs="0" name="BAN_BandejasUsuarios" nillable="true" type="tns:ArrayOfBAN_BandejasUsuarios"/>
      <xs:element minOccurs="0" name="CFD_Aceptado_Cliente_DIAN" nillable="true" type="xs:boolean"/>
      <xs:element minOccurs="0" name="CFD_AdditionalDocumentReference" nillable="true" type="xs:string"/>
      <xs:element minOccurs="0" name="CFD_Base_Impuesto" nillable="true" type="xs:decimal"/>
      <xs:element minOccurs="0" name="CFD_CLI_id_cliente" type="xs:int"/>
      <xs:element minOccurs="0" name="CFD_Con_Validacion_Previa" nillable="true" type="xs:boolean"/>
      <xs:element minOccurs="0" name="CFD_Des_Estado_DIAN" nillable="true" type="xs:string"/>
      <xs:element minOccurs="0" name="CFD_ESC_estado_comprob" nillable="true" type="xs:int"/>
      <xs:element minOccurs="0" name="CFD_EST_estado_tramit" type="xs:int"/>
      <xs:element minOccurs="0" name="CFD_Emp_id_empresa" type="xs:int"/>
      <xs:element minOccurs="0" name="CFD_EndPointEnviadoDian" nillable="true" type="xs:short"/>
      <xs:element minOccurs="0" name="CFD_Envio_Asyncronico" nillable="true" type="xs:boolean"/>
      <xs:element minOccurs="0" name="CFD_Fecha_Enviado_DIAN" nillable="true" type="xs:dateTime"/>
      <xs:element minOccurs="0" name="CFD_Fecha_Respuesta_DIAN" nillable="true" type="xs:dateTime"/>
      <xs:element minOccurs="0" name="CFD_FeedBack_ERP" nillable="true" type="xs:boolean"/>
      <xs:element minOccurs="0" name="CFD_Flete" nillable="true" type="xs:decimal"/>
      <xs:element minOccurs="0" name="CFD_Folio_Fin_Res" nillable="true" type="xs:string"/>
      <xs:element minOccurs="0" name="CFD_Folio_Ini_Res" nillable="true" type="xs:string"/>
      <xs:element minOccurs="0" name="CFD_IVA_seg_mon" nillable="true" type="xs:decimal"/>
      <xs:element minOccurs="0" name="CFD_LineCountNumeric" nillable="true" type="xs:decimal"/>
      <xs:element minOccurs="0" name="CFD_LineExtensionAmount" nillable="true" type="xs:decimal"/>
      <xs:element minOccurs="0" name="CFD_Lugar_Entrega" nillable="true" type="xs:string"/>
      <xs:element minOccurs="0" name="CFD_Modelo_Facturacion" nillable="true" type="xs:string"/>
      <xs:element minOccurs="0" name="CFD_OtrosCargos" nillable="true" type="xs:decimal"/>
      <xs:element minOccurs="0" name="CFD_Por_Margen" nillable="true" type="xs:decimal"/>
      <xs:element minOccurs="0" name="CFD_ProfileExecutionID" nillable="true" type="xs:string"/>
      <xs:element minOccurs="0" name="CFD_REC_Fecha_Probable_Pago" nillable="true" type="xs:dateTime"/>
      <xs:element minOccurs="0" name="CFD_ResponseCode" nillable="true" type="xs:string"/>
      <xs:element minOccurs="0" name="CFD_Ruta_PDF" nillable="true" type="xs:string"/>
      <xs:element minOccurs="0" name="CFD_TaxExclusiveAmount" nillable="true" type="xs:decimal"/>
      <xs:element minOccurs="0" name="CFD_TaxInclusiveAmount" nillable="true" type="xs:decimal"/>
      <xs:element minOccurs="0" name="CFD_TaxPointDate" nillable="true" type="xs:dateTime"/>
      <xs:element minOccurs="0" name="CFD_Total_Cree" nillable="true" type="xs:decimal"/>
      <xs:element minOccurs="0" name="CFD_Total_IC" nillable="true" type="xs:decimal"/>
      <xs:element minOccurs="0" name="CFD_Total_RetCree" nillable="true" type="xs:decimal"/>
      <xs:element minOccurs="0" name="CFD_Transaccion_VIP" nillable="true" type="xs:boolean"/>
      <xs:element minOccurs="0" name="CFD_ano_aprobacion" type="xs:int"/>
      <xs:element minOccurs="0" name="CFD_autoretenedor" nillable="true" type="xs:boolean"/>
      <xs:element minOccurs="0" name="CFD_barcode_banco4" nillable="true" type="xs:string"/>
      <xs:element minOccurs="0" name="CFD_base_ICA_total" nillable="true" type="xs:decimal"/>
      <xs:element minOccurs="0" name="CFD_base_impo_total_nal" nillable="true" type="xs:decimal"/>
      <xs:element minOccurs="0" name="CFD_base_impo_total_reg" nillable="true" type="xs:decimal"/>
      <xs:element minOccurs="0" name="CFD_cadena_original" nillable="true" type="xs:string"/>
      <xs:element minOccurs="0" name="CFD_campo_texto_1" nillable="true" type="xs:string"/>
      <xs:element minOccurs="0" name="CFD_campo_texto_10" nillable="true" type="xs:string"/>
      <xs:element minOccurs="0" name="CFD_campo_texto_11" nillable="true" type="xs:string"/>
      <xs:element minOccurs="0" name="CFD_campo_texto_12" nillable="true" type="xs:string"/>
      <xs:element minOccurs="0" name="CFD_campo_texto_13" nillable="true" type="xs:string"/>
      <xs:element minOccurs="0" name="CFD_campo_texto_14" nillable="true" type="xs:string"/>
      <xs:element minOccurs="0" name="CFD_campo_texto_15" nillable="true" type="xs:string"/>
      <xs:element minOccurs="0" name="CFD_campo_texto_16" nillable="true" type="xs:string"/>
      <xs:element minOccurs="0" name="CFD_campo_texto_17" nillable="true" type="xs:string"/>
      <xs:element minOccurs="0" name="CFD_campo_texto_18" nillable="true" type="xs:string"/>
      <xs:element minOccurs="0" name="CFD_campo_texto_19" nillable="true" type="xs:string"/>
      <xs:element minOccurs="0" name="CFD_campo_texto_2" nillable="true" type="xs:string"/>
      <xs:element minOccurs="0" name="CFD_campo_texto_20" nillable="true" type="xs:string"/>
      <xs:element minOccurs="0" name="CFD_campo_texto_21" nillable="true" type="xs:string"/>
      <xs:element minOccurs="0" name="CFD_campo_texto_22" nillable="true" type="xs:string"/>
      <xs:element minOccurs="0" name="CFD_campo_texto_23" nillable="true" type="xs:string"/>
      <xs:element minOccurs="0" name="CFD_campo_texto_24" nillable="true" type="xs:string"/>
      <xs:element minOccurs="0" name="CFD_campo_texto_25" nillable="true" type="xs:string"/>
      <xs:element minOccurs="0" name="CFD_campo_texto_26" nillable="true" type="xs:string"/>
      <xs:element minOccurs="0" name="CFD_campo_texto_27" nillable="true" type="xs:string"/>
      <xs:element minOccurs="0" name="CFD_campo_texto_28" nillable="true" type="xs:string"/>
      <xs:element minOccurs="0" name="CFD_campo_texto_29" nillable="true" type="xs:string"/>
      <xs:element minOccurs="0" name="CFD_campo_texto_3" nillable="true" type="xs:string"/>
      <xs:element minOccurs="0" name="CFD_campo_texto_30" nillable="true" type="xs:string"/>
      <xs:element minOccurs="0" name="CFD_campo_texto_4" nillable="true" type="xs:string"/>
      <xs:element minOccurs="0" name="CFD_campo_texto_5" nillable="true" type="xs:string"/>
      <xs:element minOccurs="0" name="CFD_campo_texto_6" nillable="true" type="xs:string"/>
      <xs:element minOccurs="0" name="CFD_campo_texto_7" nillable="true" type="xs:string"/>
      <xs:element minOccurs="0" name="CFD_campo_texto_8" nillable="true" type="xs:string"/>
      <xs:element minOccurs="0" name="CFD_campo_texto_9" nillable="true" type="xs:string"/>
      <xs:element minOccurs="0" name="CFD_cantidad_1" nillable="true" type="xs:decimal"/>
      <xs:element minOccurs="0" name="CFD_cantidad_2" nillable="true" type="xs:decimal"/>
      <xs:element minOccurs="0" name="CFD_cantidad_3" nillable="true" type="xs:decimal"/>
      <xs:element minOccurs="0" name="CFD_cantidad_dec_1" nillable="true" type="xs:decimal"/>
      <xs:element minOccurs="0" name="CFD_cantidad_dec_10" nillable="true" type="xs:decimal"/>
      <xs:element minOccurs="0" name="CFD_cantidad_dec_11" nillable="true" type="xs:decimal"/>
      <xs:element minOccurs="0" name="CFD_cantidad_dec_12" nillable="true" type="xs:decimal"/>
      <xs:element minOccurs="0" name="CFD_cantidad_dec_13" nillable="true" type="xs:decimal"/>
      <xs:element minOccurs="0" name="CFD_cantidad_dec_14" nillable="true" type="xs:decimal"/>
      <xs:element minOccurs="0" name="CFD_cantidad_dec_15" nillable="true" type="xs:decimal"/>
      <xs:element minOccurs="0" name="CFD_cantidad_dec_16" nillable="true" type="xs:decimal"/>
      <xs:element minOccurs="0" name="CFD_cantidad_dec_17" nillable="true" type="xs:decimal"/>
      <xs:element minOccurs="0" name="CFD_cantidad_dec_18" nillable="true" type="xs:decimal"/>
      <xs:element minOccurs="0" name="CFD_cantidad_dec_19" nillable="true" type="xs:decimal"/>
      <xs:element minOccurs="0" name="CFD_cantidad_dec_2" nillable="true" type="xs:decimal"/>
      <xs:element minOccurs="0" name="CFD_cantidad_dec_20" nillable="true" type="xs:decimal"/>
      <xs:element minOccurs="0" name="CFD_cantidad_dec_21" nillable="true" type="xs:decimal"/>
      <xs:element minOccurs="0" name="CFD_cantidad_dec_22" nillable="true" type="xs:decimal"/>
      <xs:element minOccurs="0" name="CFD_cantidad_dec_23" nillable="true" type="xs:decimal"/>
      <xs:element minOccurs="0" name="CFD_cantidad_dec_24" nillable="true" type="xs:decimal"/>
      <xs:element minOccurs="0" name="CFD_cantidad_dec_25" nillable="true" type="xs:decimal"/>
      <xs:element minOccurs="0" name="CFD_cantidad_dec_26" nillable="true" type="xs:decimal"/>
      <xs:element minOccurs="0" name="CFD_cantidad_dec_27" nillable="true" type="xs:decimal"/>
      <xs:element minOccurs="0" name="CFD_cantidad_dec_28" nillable="true" type="xs:decimal"/>
      <xs:element minOccurs="0" name="CFD_cantidad_dec_29" nillable="true" type="xs:decimal"/>
      <xs:element minOccurs="0" name="CFD_cantidad_dec_3" nillable="true" type="xs:decimal"/>
      <xs:element minOccurs="0" name="CFD_cantidad_dec_30" nillable="true" type="xs:decimal"/>
      <xs:element minOccurs="0" name="CFD_cantidad_dec_4" nillable="true" type="xs:decimal"/>
      <xs:element minOccurs="0" name="CFD_cantidad_dec_5" nillable="true" type="xs:decimal"/>
      <xs:element minOccurs="0" name="CFD_cantidad_dec_6" nillable="true" type="xs:decimal"/>
      <xs:element minOccurs="0" name="CFD_cantidad_dec_7" nillable="true" type="xs:decimal"/>
      <xs:element minOccurs="0" name="CFD_cantidad_dec_8" nillable="true" type="xs:decimal"/>
      <xs:element minOccurs="0" name="CFD_cantidad_dec_9" nillable="true" type="xs:decimal"/>
      <xs:element minOccurs="0" name="CFD_certificado" nillable="true" type="xs:string"/>
      <xs:element minOccurs="0" name="CFD_comprobante_con" nillable="true" type="xs:string"/>
      <xs:element minOccurs="0" name="CFD_comprobante_doc" nillable="true" type="xs:string"/>
      <xs:element minOccurs="0" name="CFD_condiciones_pago" nillable="true" type="xs:string"/>
      <xs:element minOccurs="0" name="CFD_control_logo" nillable="true" type="xs:string"/>
      <xs:element minOccurs="0" name="CFD_deducible" nillable="true" type="xs:decimal"/>
      <xs:element minOccurs="0" name="CFD_desconexion_servicio" nillable="true" type="xs:boolean"/>
      <xs:element minOccurs="0" name="CFD_descuento" nillable="true" type="xs:decimal"/>
      <xs:element minOccurs="0" name="CFD_estilo_factura" nillable="true" type="xs:decimal"/>
      <xs:element minOccurs="0" name="CFD_fecha_contabiliza" nillable="true" type="xs:dateTime"/>
      <xs:element minOccurs="0" name="CFD_fecha_desconexion" nillable="true" type="xs:dateTime"/>
      <xs:element minOccurs="0" name="CFD_fecha_fin_rec" nillable="true" type="xs:dateTime"/>
      <xs:element minOccurs="0" name="CFD_fecha_hora_expedicion" type="xs:dateTime"/>
      <xs:element minOccurs="0" name="CFD_fecha_hora_generacion" type="xs:dateTime"/>
      <xs:element minOccurs="0" name="CFD_fecha_ini_rec" nillable="true" type="xs:dateTime"/>
      <xs:element minOccurs="0" name="CFD_fecha_tasadeCambio" nillable="true" type="xs:dateTime"/>
      <xs:element minOccurs="0" name="CFD_fecha_vencimiento" nillable="true" type="xs:dateTime"/>
      <xs:element minOccurs="0" name="CFD_folio" type="xs:decimal"/>
      <xs:element minOccurs="0" name="CFD_forma_pago" nillable="true" type="xs:string"/>
      <xs:element minOccurs="0" name="CFD_id_cfd" type="xs:int"/>
      <xs:element minOccurs="0" name="CFD_inf_origen_despacho" nillable="true" type="xs:string"/>
      <xs:element minOccurs="0" name="CFD_inf_relacionada_industria" nillable="true" type="xs:string"/>
      <xs:element minOccurs="0" name="CFD_motivo_de_descuento" nillable="true" type="xs:string"/>
      <xs:element minOccurs="0" name="CFD_notificacion_SMS" nillable="true" type="xs:boolean"/>
      <xs:element minOccurs="0" name="CFD_numero_aprobacion" type="xs:decimal"/>
      <xs:element minOccurs="0" name="CFD_numero_certificado" nillable="true" type="xs:string"/>
      <xs:element minOccurs="0" name="CFD_numero_cfd" type="xs:decimal"/>
      <xs:element minOccurs="0" name="CFD_numero_enlace_doc_ref" nillable="true" type="xs:string"/>
      <xs:element minOccurs="0" name="CFD_numero_envio" nillable="true" type="xs:string"/>
      <xs:element minOccurs="0" name="CFD_orden_venta" nillable="true" type="xs:string"/>
      <xs:element minOccurs="0" name="CFD_pago_anterior" nillable="true" type="xs:decimal"/>
      <xs:element minOccurs="0" name="CFD_per_fact_final" nillable="true" type="xs:dateTime"/>
      <xs:element minOccurs="0" name="CFD_per_fact_inicial" nillable="true" type="xs:dateTime"/>
      <xs:element minOccurs="0" name="CFD_porc_rte_ICA" nillable="true" type="xs:decimal"/>
      <xs:element minOccurs="0" name="CFD_porc_rte_IVA" nillable="true" type="xs:decimal"/>
      <xs:element minOccurs="0" name="CFD_porc_rte_fuent" nillable="true" type="xs:decimal"/>
      <xs:element minOccurs="0" name="CFD_prefijo" nillable="true" type="xs:string"/>
      <xs:element minOccurs="0" name="CFD_referencia1" nillable="true" type="xs:string"/>
      <xs:element minOccurs="0" name="CFD_rete_ica" nillable="true" type="xs:decimal"/>
      <xs:element minOccurs="0" name="CFD_rete_iva" nillable="true" type="xs:decimal"/>
      <xs:element minOccurs="0" name="CFD_saldo" nillable="true" type="xs:decimal"/>
      <xs:element minOccurs="0" name="CFD_saldo_anterior" nillable="true" type="xs:decimal"/>
      <xs:element minOccurs="0" name="CFD_sello" nillable="true" type="xs:string"/>
      <xs:element minOccurs="0" name="CFD_serie" nillable="true" type="xs:string"/>
      <xs:element minOccurs="0" name="CFD_sub_total" type="xs:decimal"/>
      <xs:element minOccurs="0" name="CFD_subtotal_seg_mon" nillable="true" type="xs:decimal"/>
      <xs:element minOccurs="0" name="CFD_sucursal" type="xs:int"/>
      <xs:element minOccurs="0" name="CFD_tasa_cambio" nillable="true" type="xs:decimal"/>
      <xs:element minOccurs="0" name="CFD_tasa_mora" nillable="true" type="xs:decimal"/>
      <xs:element minOccurs="0" name="CFD_tdi_id_tipo_doc_interno" nillable="true" type="xs:int"/>
      <xs:element minOccurs="0" name="CFD_text_3" nillable="true" type="xs:string"/>
      <xs:element minOccurs="0" name="CFD_total" type="xs:decimal"/>
      <xs:element minOccurs="0" name="CFD_total_ICA" nillable="true" type="xs:decimal"/>
      <xs:element minOccurs="0" name="CFD_total_a_pagar" nillable="true" type="xs:decimal"/>
      <xs:element minOccurs="0" name="CFD_total_aduana_exp" nillable="true" type="xs:decimal"/>
      <xs:element minOccurs="0" name="CFD_total_cargos" nillable="true" type="xs:decimal"/>
      <xs:element minOccurs="0" name="CFD_total_descuentos" nillable="true" type="xs:decimal"/>
      <xs:element minOccurs="0" name="CFD_total_iva" type="xs:decimal"/>
      <xs:element minOccurs="0" name="CFD_total_margen" nillable="true" type="xs:decimal"/>
      <xs:element minOccurs="0" name="CFD_total_retencion" type="xs:decimal"/>
      <xs:element minOccurs="0" name="CFD_total_seg_mon" nillable="true" type="xs:decimal"/>
      <xs:element minOccurs="0" name="CFD_total_seguro_exp" nillable="true" type="xs:decimal"/>
      <xs:element minOccurs="0" name="CFD_total_traslado" type="xs:decimal"/>
      <xs:element minOccurs="0" name="CFD_valor_hasta4" nillable="true" type="xs:decimal"/>
      <xs:element minOccurs="0" name="CFD_version" nillable="true" type="xs:string"/>
      <xs:element minOccurs="0" name="CLI_clientes" nillable="true" type="tns:CLI_clientes"/>
      <xs:element minOccurs="0" name="CON_concepto_cfd" nillable="true" type="tns:ArrayOfCON_concepto_cfd"/>
      <xs:element minOccurs="0" name="CXF_ConceptosRechazoXFacturas" nillable="true" type="tns:ArrayOfCXF_ConceptosRechazoXFactura"/>
      <xs:element minOccurs="0" name="DEPD_DetalleErroresProcDians" nillable="true" type="tns:ArrayOfDEPD_DetalleErroresProcDian"/>
      <xs:element minOccurs="0" name="EDE_Evento_Documento_Electronico" nillable="true" type="tns:ArrayOfEDE_Evento_Documento_Electronico"/>
      <xs:element minOccurs="0" name="EMP_Empresa" nillable="true" type="tns:EMP_Empresa"/>
      <xs:element minOccurs="0" name="ENG_EstadosNegociacion" nillable="true" type="tns:ENG_EstadosNegociacion"/>
      <xs:element minOccurs="0" name="ENG_id_estado" nillable="true" type="xs:int"/>
      <xs:element minOccurs="0" name="ESC_estado_V2" nillable="true" type="xs:int"/>
      <xs:element minOccurs="0" name="ESI_EstadosIntegracion" nillable="true" type="tns:ESI_EstadosIntegracion"/>
      <xs:element minOccurs="0" name="ESNCXF_EstadoNotificaCorreoXFacs" nillable="true" type="tns:ArrayOfESNCXF_EstadoNotificaCorreoXFac"/>
      <xs:element minOccurs="0" name="ESTGE_EstadosDeGestion" nillable="true" type="tns:ESTGE_EstadosDeGestion"/>
      <xs:element minOccurs="0" name="ESTNE_EstadosNotificaEventos" nillable="true" type="tns:ESTNE_EstadosNotificaEventos"/>
      <xs:element minOccurs="0" name="ETP_Estados_Tramite_Pagos" nillable="true" type="tns:ETP_Estados_Tramite_Pagos"/>
      <xs:element minOccurs="0" name="FAC_FactoryConfirmings" nillable="true" type="tns:ArrayOfFAC_FactoryConfirming"/>
      <xs:element minOccurs="0" name="FV_ACC_AllowanceChargeCab" nillable="true" type="tns:ArrayOfFV_ACC_AllowanceChargeCab"/>
      <xs:element minOccurs="0" name="FV_AXD_AnticiposXDocumento" nillable="true" type="tns:ArrayOfFV_AXD_AnticiposXDocumento"/>
      <xs:element minOccurs="0" name="FV_CCN_id_concepto_correcionnotas" nillable="true" type="xs:int"/>
      <xs:element minOccurs="0" name="FV_CDE_Id_Codigos_descuento" nillable="true" type="xs:int"/>
      <xs:element minOccurs="0" name="FV_ICD_IncidenteContingenciaDians" nillable="true" type="tns:ArrayOfFV_ICD_IncidenteContingenciaDian"/>
      <xs:element minOccurs="0" name="FV_LRV_Log_Error_Doc_Emitidos" nillable="true" type="tns:ArrayOfFV_LRV_Log_Error_Doc_Emitido"/>
      <xs:element minOccurs="0" name="FV_TDD_Id_TipoDocumentoDIAN" nillable="true" type="xs:int"/>
      <xs:element minOccurs="0" name="FV_TDD_TipoDocumentoDIAN" nillable="true" type="tns:FV_TDD_TipoDocumentoDIAN"/>
      <xs:element minOccurs="0" name="FV_TDO_Id_TipoOperacion" nillable="true" type="xs:int"/>
      <xs:element minOccurs="0" name="FV_TRBA_TributoAgrupado" nillable="true" type="tns:ArrayOfFV_TRBA_TributoAgrupado"/>
      <xs:element minOccurs="0" name="FV_TRBD_TributoDetalle" nillable="true" type="tns:ArrayOfFV_TRBD_TributoDetalle"/>
      <xs:element minOccurs="0" name="HEA_Historico_EstadosAceptacions" nillable="true" type="tns:ArrayOfHEA_Historico_EstadosAceptacion"/>
      <xs:element minOccurs="0" name="HEI_Historico_EstadosInteroperabilidads" nillable="true" type="tns:ArrayOfHEI_Historico_EstadosInteroperabilidad"/>
      <xs:element minOccurs="0" name="HRD_Historico_RespuestasXDocumentos" nillable="true" type="tns:ArrayOfHRD_Historico_RespuestasXDocumento"/>
      <xs:element minOccurs="0" name="IMP_impuestos" nillable="true" type="tns:ArrayOfIMP_impuestos"/>
      <xs:element minOccurs="0" name="ITR_Informacion_Tramite_Recepcions" nillable="true" type="tns:ArrayOfITR_Informacion_Tramite_Recepcion"/>
      <xs:element minOccurs="0" name="MON_Monedas" nillable="true" type="tns:MON_Monedas"/>
      <xs:element minOccurs="0" name="MPG_MetodoPago" nillable="true" type="tns:MPG_MetodoPago"/>
      <xs:element minOccurs="0" name="PFE_IPF_Informacion_Pequeno_Facturadors" nillable="true" type="tns:ArrayOfPFE_IPF_Informacion_Pequeno_Facturador"/>
      <xs:element minOccurs="0" name="PFE_IPF_Informacion_Pequeno_Facturadors1" nillable="true" type="tns:ArrayOfPFE_IPF_Informacion_Pequeno_Facturador"/>
      <xs:element minOccurs="0" name="POS_ProductosServicios" nillable="true" type="tns:POS_ProductosServicios"/>
      <xs:element minOccurs="0" name="PRE_PoliticasRecurrencia" nillable="true" type="tns:PRE_PoliticasRecurrencia"/>
      <xs:element minOccurs="0" name="PXF_pagos_x_facturas" nillable="true" type="tns:ArrayOfPXF_pagos_x_factura"/>
      <xs:element minOccurs="0" name="RTP_RegistroTransaccionesPagos" nillable="true" type="tns:ArrayOfRTP_RegistroTransaccionesPagos"/>
      <xs:element minOccurs="0" name="SPO_SuscripcionesPoliticasRecurrencia" nillable="true" type="tns:SPO_SuscripcionesPoliticasRecurrencia"/>
      <xs:element minOccurs="0" name="SUC_sucursales" nillable="true" type="tns:SUC_sucursales"/>
      <xs:element minOccurs="0" name="TCF_tramite_cfd" nillable="true" type="tns:ArrayOfTCF_tramite_cfd"/>
      <xs:element minOccurs="0" name="TCO_TipoComprobante" nillable="true" type="tns:TCO_TipoComprobante"/>
      <xs:element minOccurs="0" name="TFC_TipoFacturacion" nillable="true" type="tns:TFC_TipoFacturacion"/>
      <xs:element minOccurs="0" name="UBF_id_ubicacion_envio" nillable="true" type="xs:int"/>
      <xs:element minOccurs="0" name="UBF_ubicacion_fiscal" nillable="true" type="tns:UBF_ubicacion_fiscal"/>
      <xs:element minOccurs="0" name="VEN_Vendedores" nillable="true" type="tns:VEN_Vendedores"/>
      <xs:element minOccurs="0" name="VEN_id_vendedor" nillable="true" type="xs:int"/>
      <xs:element minOccurs="0" name="XML_xml_registros" nillable="true" type="tns:ArrayOfXML_xml_registro"/>
      <xs:element minOccurs="0" name="cfd_activa_nota1" nillable="true" type="xs:boolean"/>
      <xs:element minOccurs="0" name="cfd_barcode_banco1" nillable="true" type="xs:string"/>
      <xs:element minOccurs="0" name="cfd_barcode_banco2" nillable="true" type="xs:string"/>
      <xs:element minOccurs="0" name="cfd_barcode_banco3" nillable="true" type="xs:string"/>
      <xs:element minOccurs="0" name="cfd_correos" nillable="true" type="xs:string"/>
      <xs:element minOccurs="0" name="cfd_curso" nillable="true" type="xs:string"/>
      <xs:element minOccurs="0" name="cfd_fecha_not_vencimiento" nillable="true" type="xs:dateTime"/>
      <xs:element minOccurs="0" name="cfd_mes_causado" nillable="true" type="xs:string"/>
      <xs:element minOccurs="0" name="cfd_observaciones" nillable="true" type="xs:string"/>
      <xs:element minOccurs="0" name="cfd_pague_hasta1" nillable="true" type="xs:dateTime"/>
      <xs:element minOccurs="0" name="cfd_pague_hasta2" nillable="true" type="xs:dateTime"/>
      <xs:element minOccurs="0" name="cfd_pague_hasta3" nillable="true" type="xs:dateTime"/>
      <xs:element minOccurs="0" name="cfd_referencia" nillable="true" type="xs:string"/>
      <xs:element minOccurs="0" name="cfd_valor_hasta1" nillable="true" type="xs:decimal"/>
      <xs:element minOccurs="0" name="cfd_valor_hasta2" nillable="true" type="xs:decimal"/>
      <xs:element minOccurs="0" name="cfd_valor_hasta3" nillable="true" type="xs:decimal"/>
      <xs:element minOccurs="0" name="esi_id_estado_integra" type="xs:int"/>
      <xs:element minOccurs="0" name="estge_id" nillable="true" type="xs:int"/>
      <xs:element minOccurs="0" name="estne_id" nillable="true" type="xs:int"/>
      <xs:element minOccurs="0" name="etp_id_estado" nillable="true" type="xs:int"/>
      <xs:element minOccurs="0" name="id_PFD_PerfilDummy" nillable="true" type="xs:int"/>
      <xs:element minOccurs="0" name="mon_id_moneda" nillable="true" type="xs:int"/>
      <xs:element minOccurs="0" name="mpg_id_metodo_pago" type="xs:int"/>
      <xs:element minOccurs="0" name="pos_id_productos" nillable="true" type="xs:int"/>
      <xs:element minOccurs="0" name="pre_id_politica" nillable="true" type="xs:int"/>
      <xs:element minOccurs="0" name="spo_id_suscripcion" nillable="true" type="xs:int"/>
      <xs:element minOccurs="0" name="tco_id_tipo_comprobante" type="xs:int"/>
      <xs:element minOccurs="0" name="tfc_id_tipo_facturacion" type="xs:int"/>
    </xs:sequence>
  </xs:complexType>
  <xs:element name="CFD_cfd_informacion" nillable="true" type="tns:CFD_cfd_informacion"/>
  <xs:complexType name="ArrayOfAES_Archivos_Emision_SFTP">
    <xs:sequence>
      <xs:element minOccurs="0" maxOccurs="unbounded" name="AES_Archivos_Emision_SFTP" nillable="true" type="tns:AES_Archivos_Emision_SFTP"/>
    </xs:sequence>
  </xs:complexType>
  <xs:element name="ArrayOfAES_Archivos_Emision_SFTP" nillable="true" type="tns:ArrayOfAES_Archivos_Emision_SFTP"/>
  <xs:complexType name="AES_Archivos_Emision_SFTP">
    <xs:sequence>
      <xs:element minOccurs="0" name="AES_Codigoerror" nillable="true" type="xs:string"/>
      <xs:element minOccurs="0" name="AES_DetalleError" nillable="true" type="xs:string"/>
      <xs:element minOccurs="0" name="AES_Finalizo_Gestion" nillable="true" type="xs:boolean"/>
      <xs:element minOccurs="0" name="AES_TipoDocumento" nillable="true" type="xs:string"/>
      <xs:element minOccurs="0" name="AES_Track_ID" nillable="true" type="xs:string"/>
      <xs:element minOccurs="0" name="CFD_cfd_informacion" nillable="true" type="tns:CFD_cfd_informacion"/>
      <xs:element minOccurs="0" name="CFD_id_cfd" type="xs:int"/>
      <xs:element minOccurs="0" name="EMP_Empresa" nillable="true" type="tns:EMP_Empresa"/>
      <xs:element minOccurs="0" name="Emp_id_empresa" nillable="true" type="xs:int"/>
      <xs:element minOccurs="0" name="RSE_Registros_Solicitudes_Emision" nillable="true" type="tns:RSE_Registros_Solicitudes_Emision"/>
      <xs:element minOccurs="0" name="RSE_id_Registro_Emision" nillable="true" type="xs:int"/>
      <xs:element minOccurs="0" name="TIO_Tipo_Interoperabilidad" nillable="true" type="tns:TIO_Tipo_Interoperabilidad"/>
      <xs:element minOccurs="0" name="aes_adjuntos" type="xs:short"/>
      <xs:element minOccurs="0" name="aes_idDestinatario" nillable="true" type="xs:string"/>
      <xs:element minOccurs="0" name="aes_idEmisionDocumentos" type="xs:int"/>
      <xs:element minOccurs="0" name="aes_nombre_documento" nillable="true" type="xs:string"/>
      <xs:element minOccurs="0" name="aes_notaEntrega" nillable="true" type="xs:string"/>
      <xs:element minOccurs="0" name="aes_representGrafica" type="xs:short"/>
      <xs:element minOccurs="0" name="aes_sha256" nillable="true" type="xs:string"/>
      <xs:element minOccurs="0" name="tio_id_TipoInteroperabilidad" nillable="true" type="xs:int"/>
    </xs:sequence>
  </xs:complexType>
  <xs:element name="AES_Archivos_Emision_SFTP" nillable="true" type="tns:AES_Archivos_Emision_SFTP"/>
  <xs:complexType name="EMP_Empresa">
    <xs:sequence>
      <xs:element minOccurs="0" name="ACU_AcuerdoExpedAcepts" nillable="true" type="tns:ArrayOfACU_AcuerdoExpedAcept"/>
      <xs:element minOccurs="0" name="AES_Archivos_Emision_SFTPs" nillable="true" type="tns:ArrayOfAES_Archivos_Emision_SFTP"/>
      <xs:element minOccurs="0" name="ARS_Archivos_Recepcion_SFTPs" nillable="true" type="tns:ArrayOfARS_Archivos_Recepcion_SFTP"/>
      <xs:element minOccurs="0" name="CAT_CategoriasRecepcions" nillable="true" type="tns:ArrayOfCAT_CategoriasRecepcion"/>
      <xs:element minOccurs="0" name="CFD_cfd_informacion" nillable="true" type="tns:ArrayOfCFD_cfd_informacion"/>
      <xs:element minOccurs="0" name="CIIU_CodigoIndustrials" nillable="true" type="tns:ArrayOfCIIU_CodigoIndustrial"/>
      <xs:element minOccurs="0" name="CIT_CamposXIntegracionXTipoDocs" nillable="true" type="tns:ArrayOfCIT_CamposXIntegracionXTipoDoc"/>
      <xs:element minOccurs="0" name="CLI_clientes" nillable="true" type="tns:ArrayOfCLI_clientes"/>
      <xs:element minOccurs="0" name="CNE_Controles_Negocio_Empresas" nillable="true" type="tns:ArrayOfCNE_Controles_Negocio_Empresa"/>
      <xs:element minOccurs="0" name="CNT_contactos" nillable="true" type="tns:ArrayOfCNT_contactos"/>
      <xs:element minOccurs="0" name="CONRE_Conceptos_Recepcions" nillable="true" type="tns:ArrayOfCONRE_Conceptos_Recepcion"/>
      <xs:element minOccurs="0" name="CRE_ConceptosRechazos" nillable="true" type="tns:ArrayOfCRE_ConceptosRechazo"/>
      <xs:element minOccurs="0" name="CVE_Convenios_Financieros" nillable="true" type="tns:ArrayOfCVE_Convenios_Financieros"/>
      <xs:element minOccurs="0" name="CXF_ConceptosRechazoXFacturas" nillable="true" type="tns:ArrayOfCXF_ConceptosRechazoXFactura"/>
      <xs:element minOccurs="0" name="D22_DIAN_2242s" nillable="true" type="tns:ArrayOfD22_DIAN_2242"/>
      <xs:element minOccurs="0" name="DEPD_DetalleErroresProcDians" nillable="true" type="tns:ArrayOfDEPD_DetalleErroresProcDian"/>
      <xs:element minOccurs="0" name="DIC_Diccionario_Campos" nillable="true" type="tns:ArrayOfDIC_Diccionario_Campo"/>
      <xs:element minOccurs="0" name="EAA_EnvioAutomaticoAlertas" nillable="true" type="tns:ArrayOfEAA_EnvioAutomaticoAlerta"/>
      <xs:element minOccurs="0" name="EDE_Evento_Documento_Electronico" nillable="true" type="tns:ArrayOfEDE_Evento_Documento_Electronico"/>
      <xs:element minOccurs="0" name="EDE_Evento_Documento_Electronico1" nillable="true" type="tns:ArrayOfEDE_Evento_Documento_Electronico"/>
      <xs:element minOccurs="0" name="EMP_URL_pagina" nillable="true" type="xs:string"/>
      <xs:element minOccurs="0" name="EMP_codigo_emp" nillable="true" type="xs:string"/>
      <xs:element minOccurs="0" name="EMP_correo_e" nillable="true" type="xs:string"/>
      <xs:element minOccurs="0" name="EMP_id_ubicacion" type="xs:int"/>
      <xs:element minOccurs="0" name="EMP_numero_PBX" nillable="true" type="xs:string"/>
      <xs:element minOccurs="0" name="EMP_numero_empresa" type="xs:decimal"/>
      <xs:element minOccurs="0" name="EMP_numero_fax" nillable="true" type="xs:string"/>
      <xs:element minOccurs="0" name="EMP_ruta_logo" nillable="true" type="xs:string"/>
      <xs:element minOccurs="0" name="EMP_token_WS" nillable="true" type="ser:guid"/>
      <xs:element minOccurs="0" name="EPY_EstadoProyecto" nillable="true" type="tns:EPY_EstadoProyecto"/>
      <xs:element minOccurs="0" name="ESNCXF_EstadoNotificaCorreoXFacs" nillable="true" type="tns:ArrayOfESNCXF_EstadoNotificaCorreoXFac"/>
      <xs:element minOccurs="0" name="Emp_RFC" nillable="true" type="xs:string"/>
      <xs:element minOccurs="0" name="Emp_id_empresa" type="xs:int"/>
      <xs:element minOccurs="0" name="Emp_nombre_empresa" nillable="true" type="xs:string"/>
      <xs:element minOccurs="0" name="Emp_sucursal" type="xs:decimal"/>
      <xs:element minOccurs="0" name="Emp_telefono" nillable="true" type="xs:string"/>
      <xs:element minOccurs="0" name="FAC_FactoryConfirmings" nillable="true" type="tns:ArrayOfFAC_FactoryConfirming"/>
      <xs:element minOccurs="0" name="FAC_FactoryConfirmings1" nillable="true" type="tns:ArrayOfFAC_FactoryConfirming"/>
      <xs:element minOccurs="0" name="FAC_FactoryConfirmings2" nillable="true" type="tns:ArrayOfFAC_FactoryConfirming"/>
      <xs:element minOccurs="0" name="FILTRG_FiltroGrillas" nillable="true" type="tns:ArrayOfFILTRG_FiltroGrilla"/>
      <xs:element minOccurs="0" name="FON_Fondeadores" nillable="true" type="tns:ArrayOfFON_Fondeadores"/>
      <xs:element minOccurs="0" name="FOO_Orden_Fondedores" nillable="true" type="tns:ArrayOfFOO_Orden_Fondedores"/>
      <xs:element minOccurs="0" name="FRD_Fechas_Radicacions" nillable="true" type="tns:ArrayOfFRD_Fechas_Radicacion"/>
      <xs:element minOccurs="0" name="FV_CON_Consecutivos" nillable="true" type="tns:ArrayOfFV_CON_Consecutivos"/>
      <xs:element minOccurs="0" name="FV_DUM_ValoresXDefs" nillable="true" type="tns:ArrayOfFV_DUM_ValoresXDef"/>
      <xs:element minOccurs="0" name="FV_ICD_IncidenteContingenciaDians" nillable="true" type="tns:ArrayOfFV_ICD_IncidenteContingenciaDian"/>
      <xs:element minOccurs="0" name="FV_LRV_Log_Error_Doc_Emitidos" nillable="true" type="tns:ArrayOfFV_LRV_Log_Error_Doc_Emitido"/>
      <xs:element minOccurs="0" name="FV_PCN_ParticipanteConsorcios" nillable="true" type="tns:ArrayOfFV_PCN_ParticipanteConsorcio"/>
      <xs:element minOccurs="0" name="FV_PFD_PerfilDummies" nillable="true" type="tns:ArrayOfFV_PFD_PerfilDummy"/>
      <xs:element minOccurs="0" name="FV_PTS_Id_PartyTaxScheme" nillable="true" type="xs:int"/>
      <xs:element minOccurs="0" name="FV_PTS_PartyTaxScheme" nillable="true" type="tns:FV_PTS_PartyTaxScheme"/>
      <xs:element minOccurs="0" name="FV_RFI_Id_Regimen_Fiscal" nillable="true" type="xs:int"/>
      <xs:element minOccurs="0" name="FV_RFI_Regimen_Fiscal" nillable="true" type="tns:FV_RFI_Regimen_Fiscal"/>
      <xs:element minOccurs="0" name="FV_RSE_Registro_Solicitudes_Emision" nillable="true" type="tns:ArrayOfFV_RSE_Registro_Solicitudes_Emision"/>
      <xs:element minOccurs="0" name="GRE_Grupos_Empresariales" nillable="true" type="tns:ArrayOfGRE_Grupos_Empresariale"/>
      <xs:element minOccurs="0" name="GRE_Grupos_Empresariales1" nillable="true" type="tns:ArrayOfGRE_Grupos_Empresariale"/>
      <xs:element minOccurs="0" name="HEI_Historico_EstadosInteroperabilidads" nillable="true" type="tns:ArrayOfHEI_Historico_EstadosInteroperabilidad"/>
      <xs:element minOccurs="0" name="IMP_impuestos" nillable="true" type="tns:ArrayOfIMP_impuestos"/>
      <xs:element minOccurs="0" name="INE_Integradores_Nomina_Electronicas" nillable="true" type="tns:ArrayOfINE_Integradores_Nomina_Electronica"/>
      <xs:element minOccurs="0" name="IXM_Impuesto_X_Municipios" nillable="true" type="tns:ArrayOfIXM_Impuesto_X_Municipio"/>
      <xs:element minOccurs="0" name="IXT_Impuesto_X_TipoContribuyentes" nillable="true" type="tns:ArrayOfIXT_Impuesto_X_TipoContribuyente"/>
      <xs:element minOccurs="0" name="LEV_Log_Eventos_Apps" nillable="true" type="tns:ArrayOfLEV_Log_Eventos_App"/>
      <xs:element minOccurs="0" name="LIE_registro_envios" nillable="true" type="tns:ArrayOfLIE_registro_envios"/>
      <xs:element minOccurs="0" name="MAN_Mandatos" nillable="true" type="tns:ArrayOfMAN_Mandatos"/>
      <xs:element minOccurs="0" name="ML_Configuracions" nillable="true" type="tns:ArrayOfML_Configuracion"/>
      <xs:element minOccurs="0" name="NCE_Numeros_Contingencia_Ecuadors" nillable="true" type="tns:ArrayOfNCE_Numeros_Contingencia_Ecuador"/>
      <xs:element minOccurs="0" name="NOM_ComprobantesEncolados" nillable="true" type="tns:ArrayOfNOM_ComprobantesEncolado"/>
      <xs:element minOccurs="0" name="NOM_ProcesamientoAsincrono" nillable="true" type="tns:ArrayOfNOM_ProcesamientoAsincrono"/>
      <xs:element minOccurs="0" name="ORD_Orden_Stages" nillable="true" type="tns:ArrayOfORD_Orden_Stages"/>
      <xs:element minOccurs="0" name="PAC_ParametrosEnvio" nillable="true" type="tns:ArrayOfPAC_ParametrosEnvio"/>
      <xs:element minOccurs="0" name="PARE_Parametros_AceptacionRechazo_Emis" nillable="true" type="tns:ArrayOfPARE_Parametros_AceptacionRechazo_Emi"/>
      <xs:element minOccurs="0" name="PCE_ParametrosClientesEBillTOGestorDocs" nillable="true" type="tns:ArrayOfPCE_ParametrosClientesEBillTOGestorDoc"/>
      <xs:element minOccurs="0" name="PCO_ParametrosContablesGenerales" nillable="true" type="tns:ArrayOfPCO_ParametrosContablesGenerale"/>
      <xs:element minOccurs="0" name="PDCE_Proc_Dian_Consolidado_Ciente_Errors" nillable="true" type="tns:ArrayOfPDCE_Proc_Dian_Consolidado_Ciente_Error"/>
      <xs:element minOccurs="0" name="PDCP_Proc_Dian_Consolidado_Ciente_Prefijos" nillable="true" type="tns:ArrayOfPDCP_Proc_Dian_Consolidado_Ciente_Prefijo"/>
      <xs:element minOccurs="0" name="PDL_Parametros_DirectorioLocals" nillable="true" type="tns:ArrayOfPDL_Parametros_DirectorioLocal"/>
      <xs:element minOccurs="0" name="PDO_PersonalizaDocumentos" nillable="true" type="tns:ArrayOfPDO_PersonalizaDocumento"/>
      <xs:element minOccurs="0" name="PFE_EPF_Empresa_PequenoFacturadors" nillable="true" type="tns:ArrayOfPFE_EPF_Empresa_PequenoFacturador"/>
      <xs:element minOccurs="0" name="PFI_ParametrosFiscales" nillable="true" type="tns:ArrayOfPFI_ParametrosFiscales"/>
      <xs:element minOccurs="0" name="PMO_Parametros_Modulos" nillable="true" type="tns:ArrayOfPMO_Parametros_Modulo"/>
      <xs:element minOccurs="0" name="POS_ProductosServicios" nillable="true" type="tns:ArrayOfPOS_ProductosServicios"/>
      <xs:element minOccurs="0" name="PRE_PoliticasRecurrencias" nillable="true" type="tns:ArrayOfPRE_PoliticasRecurrencia"/>
      <xs:element minOccurs="0" name="PRO_Proveedores" nillable="true" type="tns:ArrayOfPRO_Proveedores"/>
      <xs:element minOccurs="0" name="PRO_Proveedores1" nillable="true" type="tns:ArrayOfPRO_Proveedores"/>
      <xs:element minOccurs="0" name="PRV_Parametros_envios" nillable="true" type="tns:ArrayOfPRV_Parametros_envio"/>
      <xs:element minOccurs="0" name="PSD_parametros_sellos_digitales" nillable="true" type="tns:ArrayOfPSD_parametros_sellos_digitales"/>
      <xs:element minOccurs="0" name="PTCOUT_ParametrosFTPOUTs" nillable="true" type="tns:ArrayOfPTCOUT_ParametrosFTPOUT"/>
      <xs:element minOccurs="0" name="PTC_ParametrosFTPs" nillable="true" type="tns:ArrayOfPTC_ParametrosFTP"/>
      <xs:element minOccurs="0" name="PXC_Proveedores_TecnologicosXClientes" nillable="true" type="tns:ArrayOfPXC_Proveedores_TecnologicosXCliente"/>
      <xs:element minOccurs="0" name="PXF_pagos_x_facturas" nillable="true" type="tns:ArrayOfPXF_pagos_x_factura"/>
      <xs:element minOccurs="0" name="REC_EmpresasRecibe" nillable="true" type="tns:ArrayOfREC_EmpresasRecibe"/>
      <xs:element minOccurs="0" name="REC_EmpresasRecibe1" nillable="true" type="tns:ArrayOfREC_EmpresasRecibe"/>
      <xs:element minOccurs="0" name="REC_RDR_RechazoDocRecibidos" nillable="true" type="tns:ArrayOfREC_RDR_RechazoDocRecibido"/>
      <xs:element minOccurs="0" name="RFD_Roles_Flujo_Documentals" nillable="true" type="tns:ArrayOfRFD_Roles_Flujo_Documental"/>
      <xs:element minOccurs="0" name="RHN_Reglas_Habilitar_Negociacions" nillable="true" type="tns:ArrayOfRHN_Reglas_Habilitar_Negociacion"/>
      <xs:element minOccurs="0" name="RPT_Relacion_Tercero_Pagadors" nillable="true" type="tns:ArrayOfRPT_Relacion_Tercero_Pagador"/>
      <xs:element minOccurs="0" name="RPT_Relacion_Tercero_Pagadors1" nillable="true" type="tns:ArrayOfRPT_Relacion_Tercero_Pagador"/>
      <xs:element minOccurs="0" name="RPT_Relacion_Tercero_Pagadors2" nillable="true" type="tns:ArrayOfRPT_Relacion_Tercero_Pagador"/>
      <xs:element minOccurs="0" name="RSE_Registros_Solicitudes_Emisions" nillable="true" type="tns:ArrayOfRSE_Registros_Solicitudes_Emision"/>
      <xs:element minOccurs="0" name="RSG_Reglas_Seguridads" nillable="true" type="tns:ArrayOfRSG_Reglas_Seguridad"/>
      <xs:element minOccurs="0" name="RUBR_Rubros_Recepcions" nillable="true" type="tns:ArrayOfRUBR_Rubros_Recepcion"/>
      <xs:element minOccurs="0" name="SEF_series_folios" nillable="true" type="tns:ArrayOfSEF_series_folio"/>
      <xs:element minOccurs="0" name="SOF_SoftwareXEmpresas" nillable="true" type="tns:ArrayOfSOF_SoftwareXEmpresa"/>
      <xs:element minOccurs="0" name="STA_Stages" nillable="true" type="tns:ArrayOfSTA_Stages"/>
      <xs:element minOccurs="0" name="SUC_sucursales" nillable="true" type="tns:ArrayOfSUC_sucursales"/>
      <xs:element minOccurs="0" name="SXU_SucursalesXUsuarios" nillable="true" type="tns:ArrayOfSXU_SucursalesXUsuario"/>
      <xs:element minOccurs="0" name="TER_TerminosCondicionesVersiones" nillable="true" type="tns:ArrayOfTER_TerminosCondicionesVersiones"/>
      <xs:element minOccurs="0" name="TGA_TipoGastos" nillable="true" type="tns:ArrayOfTGA_TipoGasto"/>
      <xs:element minOccurs="0" name="TID_TipoIdentificacion" nillable="true" type="tns:TID_TipoIdentificacion"/>
      <xs:element minOccurs="0" name="TID_id_tipo_identificacion" nillable="true" type="xs:int"/>
      <xs:element minOccurs="0" name="TIP_TipoPersona" nillable="true" type="tns:TIP_TipoPersona"/>
      <xs:element minOccurs="0" name="TIP_id_tipo_persona" nillable="true" type="xs:int"/>
      <xs:element minOccurs="0" name="TRAZCARG_TrazabilidadCargas" nillable="true" type="tns:ArrayOfTRAZCARG_TrazabilidadCarga"/>
      <xs:element minOccurs="0" name="TTI_tipo_impuestos" nillable="true" type="tns:ArrayOfTTI_tipo_impuesto"/>
      <xs:element minOccurs="0" name="UNI_UnidadesMedidas" nillable="true" type="tns:ArrayOfUNI_UnidadesMedida"/>
      <xs:element minOccurs="0" name="USU_usuarios" nillable="true" type="tns:ArrayOfUSU_usuarios"/>
      <xs:element minOccurs="0" name="VEF_Vinculacion_Entidad_Financieras" nillable="true" type="tns:ArrayOfVEF_Vinculacion_Entidad_Financiera"/>
      <xs:element minOccurs="0" name="VEN_Vendedores" nillable="true" type="tns:ArrayOfVEN_Vendedores"/>
      <xs:element minOccurs="0" name="WFL_Workflows" nillable="true" type="tns:ArrayOfWFL_Workflows"/>
      <xs:element minOccurs="0" name="epy_id_estado_proyecto" type="xs:int"/>
    </xs:sequence>
  </xs:complexType>
  <xs:element name="EMP_Empresa" nillable="true" type="tns:EMP_Empresa"/>
  <xs:complexType name="ArrayOfACU_AcuerdoExpedAcept">
    <xs:sequence>
      <xs:element minOccurs="0" maxOccurs="unbounded" name="ACU_AcuerdoExpedAcept" nillable="true" type="tns:ACU_AcuerdoExpedAcept"/>
    </xs:sequence>
  </xs:complexType>
  <xs:element name="ArrayOfACU_AcuerdoExpedAcept" nillable="true" type="tns:ArrayOfACU_AcuerdoExpedAcept"/>
  <xs:complexType name="ACU_AcuerdoExpedAcept">
    <xs:sequence>
      <xs:element minOccurs="0" name="CLI_clientes" nillable="true" type="tns:CLI_clientes"/>
      <xs:element minOccurs="0" name="CLI_id_cliente" type="xs:int"/>
      <xs:element minOccurs="0" name="EMP_Empresa" nillable="true" type="tns:EMP_Empresa"/>
      <xs:element minOccurs="0" name="Emp_id_empresa" type="xs:int"/>
      <xs:element minOccurs="0" name="TAC_TipoAcuerdo" nillable="true" type="tns:TAC_TipoAcuerdo"/>
      <xs:element minOccurs="0" name="TFC_TipoFacturacion" nillable="true" type="tns:TFC_TipoFacturacion"/>
      <xs:element minOccurs="0" name="acu_automatico_SN" type="xs:boolean"/>
      <xs:element minOccurs="0" name="acu_cargo_acepta" nillable="true" type="xs:string"/>
      <xs:element minOccurs="0" name="acu_correo_acepta" nillable="true" type="xs:string"/>
      <xs:element minOccurs="0" name="acu_enviado" nillable="true" type="xs:boolean"/>
      <xs:element minOccurs="0" name="acu_fecha" type="xs:dateTime"/>
      <xs:element minOccurs="0" name="acu_fecha_ultimo_envio" nillable="true" type="xs:dateTime"/>
      <xs:element minOccurs="0" name="acu_firmado_SN" type="xs:boolean"/>
      <xs:element minOccurs="0" name="acu_id_acuerdo" type="xs:int"/>
      <xs:element minOccurs="0" name="acu_id_acuerdo_termina" nillable="true" type="xs:int"/>
      <xs:element minOccurs="0" name="acu_nombre_acepta" nillable="true" type="xs:string"/>
      <xs:element minOccurs="0" name="acu_veces_envio" nillable="true" type="xs:int"/>
      <xs:element minOccurs="0" name="acu_vigente" type="xs:boolean"/>
      <xs:element minOccurs="0" name="tac_id_tipo_acuedo" type="xs:int"/>
      <xs:element minOccurs="0" name="tfc_id_tipo_facturacion" type="xs:int"/>
    </xs:sequence>
  </xs:complexType>
  <xs:element name="ACU_AcuerdoExpedAcept" nillable="true" type="tns:ACU_AcuerdoExpedAcept"/>
  <xs:complexType name="CLI_clientes">
    <xs:sequence>
      <xs:element minOccurs="0" name="ACU_AcuerdoExpedAcept" nillable="true" type="tns:ArrayOfACU_AcuerdoExpedAcept"/>
      <xs:element minOccurs="0" name="CFD_cfd_informacion" nillable="true" type="tns:ArrayOfCFD_cfd_informacion"/>
      <xs:element minOccurs="0" name="CLG_Cliente_Configuracion" nillable="true" type="tns:ArrayOfCLG_Cliente_Configuracion"/>
      <xs:element minOccurs="0" name="CLI_Emp_id_empresa" type="xs:int"/>
      <xs:element minOccurs="0" name="CLI_RFC" nillable="true" type="xs:string"/>
      <xs:element minOccurs="0" name="CLI_correo_electronico" nillable="true" type="xs:string"/>
      <xs:element minOccurs="0" name="CLI_digito_verificacion" nillable="true" type="ser:char"/>
      <xs:element minOccurs="0" name="CLI_id_cliente" type="xs:int"/>
      <xs:element minOccurs="0" name="CLI_id_ubicacion" type="xs:int"/>
      <xs:element minOccurs="0" name="CLI_nombre_cliente" nillable="true" type="xs:string"/>
      <xs:element minOccurs="0" name="CLI_numero_cliente" type="xs:decimal"/>
      <xs:element minOccurs="0" name="CLI_numero_cliente_string" nillable="true" type="xs:string"/>
      <xs:element minOccurs="0" name="CLI_numero_sucursales" type="xs:decimal"/>
      <xs:element minOccurs="0" name="CLI_telefono" type="xs:decimal"/>
      <xs:element minOccurs="0" name="CLI_telefono_string" nillable="true" type="xs:string"/>
      <xs:element minOccurs="0" name="CLI_url_logo_cliente" nillable="true" type="xs:string"/>
      <xs:element minOccurs="0" name="CNT_contactos" nillable="true" type="tns:ArrayOfCNT_contactos"/>
      <xs:element minOccurs="0" name="CVC_ClientesVsCuentasVIP" nillable="true" type="tns:ArrayOfCVC_ClientesVsCuentasVIP"/>
      <xs:element minOccurs="0" name="ECL_Estado_Cliente" nillable="true" type="tns:ECL_Estado_Cliente"/>
      <xs:element minOccurs="0" name="ECL_id_estado" nillable="true" type="xs:int"/>
      <xs:element minOccurs="0" name="EMP_Empresa" nillable="true" type="tns:EMP_Empresa"/>
      <xs:element minOccurs="0" name="FV_RFI_Id_Regimen_Fiscal" nillable="true" type="xs:int"/>
      <xs:element minOccurs="0" name="FV_RFI_Regimen_Fiscal" nillable="true" type="tns:FV_RFI_Regimen_Fiscal"/>
      <xs:element minOccurs="0" name="NOM_NOV_Novedads" nillable="true" type="tns:ArrayOfNOM_NOV_Novedad"/>
      <xs:element minOccurs="0" name="PXC_Proveedores_TecnologicosXCliente" nillable="true" type="tns:ArrayOfPXC_Proveedores_TecnologicosXCliente"/>
      <xs:element minOccurs="0" name="TID_TipoIdentificacion" nillable="true" type="tns:TID_TipoIdentificacion"/>
      <xs:element minOccurs="0" name="TIPCONTRIB_TipoContribuyente" nillable="true" type="tns:TIPCONTRIB_TipoContribuyente"/>
      <xs:element minOccurs="0" name="TIP_TipoPersona" nillable="true" type="tns:TIP_TipoPersona"/>
      <xs:element minOccurs="0" name="TIP_id_tipo_persona" nillable="true" type="xs:int"/>
      <xs:element minOccurs="0" name="UBF_ubicacion_fiscal" nillable="true" type="tns:UBF_ubicacion_fiscal"/>
      <xs:element minOccurs="0" name="USU_usuarios" nillable="true" type="tns:ArrayOfUSU_usuarios"/>
      <xs:element minOccurs="0" name="tid_id_tipo_identificacion" nillable="true" type="xs:int"/>
      <xs:element minOccurs="0" name="tipcontrib_id" nillable="true" type="xs:int"/>
    </xs:sequence>
  </xs:complexType>
  <xs:element name="CLI_clientes" nillable="true" type="tns:CLI_clientes"/>
  <xs:complexType name="ArrayOfCFD_cfd_informacion">
    <xs:sequence>
      <xs:element minOccurs="0" maxOccurs="unbounded" name="CFD_cfd_informacion" nillable="true" type="tns:CFD_cfd_informacion"/>
    </xs:sequence>
  </xs:complexType>
  <xs:element name="ArrayOfCFD_cfd_informacion" nillable="true" type="tns:ArrayOfCFD_cfd_informacion"/>
  <xs:complexType name="ArrayOfCLG_Cliente_Configuracion">
    <xs:sequence>
      <xs:element minOccurs="0" maxOccurs="unbounded" name="CLG_Cliente_Configuracion" nillable="true" type="tns:CLG_Cliente_Configuracion"/>
    </xs:sequence>
  </xs:complexType>
  <xs:element name="ArrayOfCLG_Cliente_Configuracion" nillable="true" type="tns:ArrayOfCLG_Cliente_Configuracion"/>
  <xs:complexType name="CLG_Cliente_Configuracion">
    <xs:sequence>
      <xs:element minOccurs="0" name="CLG_Direccion" nillable="true" type="xs:string"/>
      <xs:element minOccurs="0" name="CLG_Notificacion_Activa" type="xs:boolean"/>
      <xs:element minOccurs="0" name="CLG_PortalVIP_Activo" type="xs:boolean"/>
      <xs:element minOccurs="0" name="CLG_Radicacion_Valida_Negocio" nillable="true" type="xs:boolean"/>
      <xs:element minOccurs="0" name="CLG_anexo_obligatorio_enviocliente" nillable="true" type="xs:boolean"/>
      <xs:element minOccurs="0" name="CLG_codigo_cliente" nillable="true" type="xs:int"/>
      <xs:element minOccurs="0" name="CLG_fecha_ingreso" nillable="true" type="xs:dateTime"/>
      <xs:element minOccurs="0" name="CLG_id_configuracion" type="xs:int"/>
      <xs:element minOccurs="0" name="CLG_numero_cuenta" nillable="true" type="xs:string"/>
      <xs:element minOccurs="0" name="CLG_otro_nombre" nillable="true" type="xs:string"/>
      <xs:element minOccurs="0" name="CLG_primer_apellido" nillable="true" type="xs:string"/>
      <xs:element minOccurs="0" name="CLG_primer_nombre" nillable="true" type="xs:string"/>
      <xs:element minOccurs="0" name="CLG_salario_integral" nillable="true" type="xs:boolean"/>
      <xs:element minOccurs="0" name="CLG_segundo_apellido" nillable="true" type="xs:string"/>
      <xs:element minOccurs="0" name="CLG_sueldo" nillable="true" type="xs:decimal"/>
      <xs:element minOccurs="0" name="CLG_tiempo_laborado" nillable="true" type="xs:int"/>
      <xs:element minOccurs="0" name="CLI_clientes" nillable="true" type="tns:CLI_clientes"/>
      <xs:element minOccurs="0" name="CLI_id_cliente" type="xs:int"/>
      <xs:element minOccurs="0" name="DEP_Departamento" nillable="true" type="tns:DEP_Departamento"/>
      <xs:element minOccurs="0" name="FV_FPG_FormasPago" nillable="true" type="tns:FV_FPG_FormasPago"/>
      <xs:element minOccurs="0" name="FV_Id_FPG_FormasPago" nillable="true" type="xs:int"/>
      <xs:element minOccurs="0" name="FV_MPG_ID_MediosPago" nillable="true" type="xs:int"/>
      <xs:element minOccurs="0" name="FV_MPG_MediosPago" nillable="true" type="tns:FV_MPG_MediosPago"/>
      <xs:element minOccurs="0" name="MUN_Municipios" nillable="true" type="tns:MUN_Municipios"/>
      <xs:element minOccurs="0" name="NOM_Banco" nillable="true" type="tns:NOM_Banco"/>
      <xs:element minOccurs="0" name="NOM_Id_SubTipoTrabajadorDIAN" nillable="true" type="xs:int"/>
      <xs:element minOccurs="0" name="NOM_Id_TipoTrabajador" nillable="true" type="xs:int"/>
      <xs:element minOccurs="0" name="NOM_SubTipoTrabajadorDIAN" nillable="true" type="tns:NOM_SubTipoTrabajadorDIAN"/>
      <xs:element minOccurs="0" name="NOM_TipoContrato" nillable="true" type="tns:NOM_TipoContrato"/>
      <xs:element minOccurs="0" name="NOM_TipoTrabajador" nillable="true" type="tns:NOM_TipoTrabajador"/>
      <xs:element minOccurs="0" name="NOM_id_Banco" nillable="true" type="xs:int"/>
      <xs:element minOccurs="0" name="NOM_id_TipoContrato" nillable="true" type="xs:int"/>
      <xs:element minOccurs="0" name="PAI_Paises" nillable="true" type="tns:PAI_Paises"/>
      <xs:element minOccurs="0" name="PAI_id_pais" nillable="true" type="xs:int"/>
      <xs:element minOccurs="0" name="TCT_TiposCuenta" nillable="true" type="tns:TCT_TiposCuenta"/>
      <xs:element minOccurs="0" name="TCT_id_tipocuenta" nillable="true" type="xs:int"/>
      <xs:element minOccurs="0" name="dep_id_departamento" nillable="true" type="xs:int"/>
      <xs:element minOccurs="0" name="mun_id_municipio" nillable="true" type="xs:int"/>
    </xs:sequence>
  </xs:complexType>
  <xs:element name="CLG_Cliente_Configuracion" nillable="true" type="tns:CLG_Cliente_Configuracion"/>
  <xs:complexType name="DEP_Departamento">
    <xs:sequence>
      <xs:element minOccurs="0" name="CLG_Cliente_Configuracion" nillable="true" type="tns:ArrayOfCLG_Cliente_Configuracion"/>
      <xs:element minOccurs="0" name="MUN_Municipios" nillable="true" type="tns:ArrayOfMUN_Municipios"/>
      <xs:element minOccurs="0" name="PAI_Paises" nillable="true" type="tns:PAI_Paises"/>
      <xs:element minOccurs="0" name="UBF_ubicacion_fiscal" nillable="true" type="tns:ArrayOfUBF_ubicacion_fiscal"/>
      <xs:element minOccurs="0" name="dep_id_DANE" nillable="true" type="xs:string"/>
      <xs:element minOccurs="0" name="dep_id_departamento" type="xs:int"/>
      <xs:element minOccurs="0" name="dep_nombre" nillable="true" type="xs:string"/>
      <xs:element minOccurs="0" name="pai_id_pais" type="xs:int"/>
    </xs:sequence>
  </xs:complexType>
  <xs:element name="DEP_Departamento" nillable="true" type="tns:DEP_Departamento"/>
  <xs:complexType name="ArrayOfMUN_Municipios">
    <xs:sequence>
      <xs:element minOccurs="0" maxOccurs="unbounded" name="MUN_Municipios" nillable="true" type="tns:MUN_Municipios"/>
    </xs:sequence>
  </xs:complexType>
  <xs:element name="ArrayOfMUN_Municipios" nillable="true" type="tns:ArrayOfMUN_Municipios"/>
  <xs:complexType name="MUN_Municipios">
    <xs:sequence>
      <xs:element minOccurs="0" name="CLG_Cliente_Configuracion" nillable="true" type="tns:ArrayOfCLG_Cliente_Configuracion"/>
      <xs:element minOccurs="0" name="DEP_Departamento" nillable="true" type="tns:DEP_Departamento"/>
      <xs:element minOccurs="0" name="IXM_Impuesto_X_Municipio" nillable="true" type="tns:ArrayOfIXM_Impuesto_X_Municipio"/>
      <xs:element minOccurs="0" name="UBF_ubicacion_fiscal" nillable="true" type="tns:ArrayOfUBF_ubicacion_fiscal"/>
      <xs:element minOccurs="0" name="dep_id_departamento" type="xs:int"/>
      <xs:element minOccurs="0" name="mun_id_DANE" nillable="true" type="xs:string"/>
      <xs:element minOccurs="0" name="mun_id_DANE_Depto" nillable="true" type="xs:string"/>
      <xs:element minOccurs="0" name="mun_id_municipio" type="xs:int"/>
      <xs:element minOccurs="0" name="mun_nombre" nillable="true" type="xs:string"/>
    </xs:sequence>
  </xs:complexType>
  <xs:element name="MUN_Municipios" nillable="true" type="tns:MUN_Municipios"/>
  <xs:complexType name="ArrayOfIXM_Impuesto_X_Municipio">
    <xs:sequence>
      <xs:element minOccurs="0" maxOccurs="unbounded" name="IXM_Impuesto_X_Municipio" nillable="true" type="tns:IXM_Impuesto_X_Municipio"/>
    </xs:sequence>
  </xs:complexType>
  <xs:element name="ArrayOfIXM_Impuesto_X_Municipio" nillable="true" type="tns:ArrayOfIXM_Impuesto_X_Municipio"/>
  <xs:complexType name="IXM_Impuesto_X_Municipio">
    <xs:sequence>
      <xs:element minOccurs="0" name="EMP_Empresa" nillable="true" type="tns:EMP_Empresa"/>
      <xs:element minOccurs="0" name="Emp_id_empresa" type="xs:int"/>
      <xs:element minOccurs="0" name="IXM_codigo" nillable="true" type="xs:string"/>
      <xs:element minOccurs="0" name="IXM_descripcion" nillable="true" type="xs:string"/>
      <xs:element minOccurs="0" name="IXM_id_impuesto_x_mun" type="xs:int"/>
      <xs:element minOccurs="0" name="IXM_porcentaje" nillable="true" type="xs:decimal"/>
      <xs:element minOccurs="0" name="MUN_Municipios" nillable="true" type="tns:MUN_Municipios"/>
      <xs:element minOccurs="0" name="mun_id_municipio" type="xs:int"/>
    </xs:sequence>
  </xs:complexType>
  <xs:element name="IXM_Impuesto_X_Municipio" nillable="true" type="tns:IXM_Impuesto_X_Municipio"/>
  <xs:complexType name="ArrayOfUBF_ubicacion_fiscal">
    <xs:sequence>
      <xs:element minOccurs="0" maxOccurs="unbounded" name="UBF_ubicacion_fiscal" nillable="true" type="tns:UBF_ubicacion_fiscal"/>
    </xs:sequence>
  </xs:complexType>
  <xs:element name="ArrayOfUBF_ubicacion_fiscal" nillable="true" type="tns:ArrayOfUBF_ubicacion_fiscal"/>
  <xs:complexType name="UBF_ubicacion_fiscal">
    <xs:sequence>
      <xs:element minOccurs="0" name="CFD_cfd_informacion" nillable="true" type="tns:ArrayOfCFD_cfd_informacion"/>
      <xs:element minOccurs="0" name="CLI_clientes" nillable="true" type="tns:ArrayOfCLI_clientes"/>
      <xs:element minOccurs="0" name="DEP_Departamento" nillable="true" type="tns:DEP_Departamento"/>
      <xs:element minOccurs="0" name="Emp_id_empresa" nillable="true" type="xs:int"/>
      <xs:element minOccurs="0" name="MAN_Mandatos" nillable="true" type="tns:ArrayOfMAN_Mandatos"/>
      <xs:element minOccurs="0" name="MUN_Municipios" nillable="true" type="tns:MUN_Municipios"/>
      <xs:element minOccurs="0" name="PAI_Paises" nillable="true" type="tns:PAI_Paises"/>
      <xs:element minOccurs="0" name="SUC_sucursales" nillable="true" type="tns:ArrayOfSUC_sucursales"/>
      <xs:element minOccurs="0" name="UBF_Direccion_Completa" nillable="true" type="xs:string"/>
      <xs:element minOccurs="0" name="UBF_calle" nillable="true" type="xs:string"/>
      <xs:element minOccurs="0" name="UBF_codigo_postal" nillable="true" type="xs:string"/>
      <xs:element minOccurs="0" name="UBF_colonia" nillable="true" type="xs:string"/>
      <xs:element minOccurs="0" name="UBF_id_ubicacion" type="xs:int"/>
      <xs:element minOccurs="0" name="UBF_localidad" nillable="true" type="xs:string"/>
      <xs:element minOccurs="0" name="UBF_no_exterior" nillable="true" type="xs:string"/>
      <xs:element minOccurs="0" name="UBF_no_interior" nillable="true" type="xs:string"/>
      <xs:element minOccurs="0" name="UBF_referencia" nillable="true" type="xs:string"/>
      <xs:element minOccurs="0" name="dep_id_departamento" type="xs:int"/>
      <xs:element minOccurs="0" name="mun_id_municipio" type="xs:int"/>
      <xs:element minOccurs="0" name="pai_id_pais" type="xs:int"/>
      <xs:element minOccurs="0" name="user_Name" nillable="true" type="xs:string"/>
    </xs:sequence>
  </xs:complexType>
  <xs:element name="UBF_ubicacion_fiscal" nillable="true" type="tns:UBF_ubicacion_fiscal"/>
  <xs:complexType name="ArrayOfCLI_clientes">
    <xs:sequence>
      <xs:element minOccurs="0" maxOccurs="unbounded" name="CLI_clientes" nillable="true" type="tns:CLI_clientes"/>
    </xs:sequence>
  </xs:complexType>
  <xs:element name="ArrayOfCLI_clientes" nillable="true" type="tns:ArrayOfCLI_clientes"/>
  <xs:complexType name="ArrayOfMAN_Mandatos">
    <xs:sequence>
      <xs:element minOccurs="0" maxOccurs="unbounded" name="MAN_Mandatos" nillable="true" type="tns:MAN_Mandatos"/>
    </xs:sequence>
  </xs:complexType>
  <xs:element name="ArrayOfMAN_Mandatos" nillable="true" type="tns:ArrayOfMAN_Mandatos"/>
  <xs:complexType name="MAN_Mandatos">
    <xs:sequence>
      <xs:element minOccurs="0" name="ECL_Estado_Cliente" nillable="true" type="tns:ECL_Estado_Cliente"/>
      <xs:element minOccurs="0" name="ECL_id_estado" type="xs:int"/>
      <xs:element minOccurs="0" name="EMP_Empresa" nillable="true" type="tns:EMP_Empresa"/>
      <xs:element minOccurs="0" name="Emp_id_empresa" type="xs:int"/>
      <xs:element minOccurs="0" name="MAN_RFC_mandante" nillable="true" type="xs:string"/>
      <xs:element minOccurs="0" name="MAN_URL_norma" nillable="true" type="xs:string"/>
      <xs:element minOccurs="0" name="MAN_detalle_norma" nillable="true" type="xs:string"/>
      <xs:element minOccurs="0" name="MAN_fecha_contrato" type="xs:dateTime"/>
      <xs:element minOccurs="0" name="MAN_id_mandato" type="xs:int"/>
      <xs:element minOccurs="0" name="MAN_nombre_mandante" nillable="true" type="xs:string"/>
      <xs:element minOccurs="0" name="MAN_numero_contrato" nillable="true" type="xs:string"/>
      <xs:element minOccurs="0" name="MAN_referente_contrato" nillable="true" type="xs:string"/>
      <xs:element minOccurs="0" name="MAN_tipo_contrato" nillable="true" type="xs:string"/>
      <xs:element minOccurs="0" name="MAN_tipos_representacion" nillable="true" type="xs:string"/>
      <xs:element minOccurs="0" name="MAN_tipos_responsabilidades" nillable="true" type="xs:string"/>
      <xs:element minOccurs="0" name="MAN_website_mandante" nillable="true" type="xs:string"/>
      <xs:element minOccurs="0" name="UBF_id_ubicacion" type="xs:int"/>
      <xs:element minOccurs="0" name="UBF_ubicacion_fiscal" nillable="true" type="tns:UBF_ubicacion_fiscal"/>
    </xs:sequence>
  </xs:complexType>
  <xs:element name="MAN_Mandatos" nillable="true" type="tns:MAN_Mandatos"/>
  <xs:complexType name="ECL_Estado_Cliente">
    <xs:sequence>
      <xs:element minOccurs="0" name="CLI_clientes" nillable="true" type="tns:ArrayOfCLI_clientes"/>
      <xs:element minOccurs="0" name="ECL_descripcion" nillable="true" type="xs:string"/>
      <xs:element minOccurs="0" name="ECL_id_estado" type="xs:int"/>
      <xs:element minOccurs="0" name="MAN_Mandatos" nillable="true" type="tns:ArrayOfMAN_Mandatos"/>
    </xs:sequence>
  </xs:complexType>
  <xs:element name="ECL_Estado_Cliente" nillable="true" type="tns:ECL_Estado_Cliente"/>
  <xs:complexType name="PAI_Paises">
    <xs:sequence>
      <xs:element minOccurs="0" name="CLG_Cliente_Configuracion" nillable="true" type="tns:ArrayOfCLG_Cliente_Configuracion"/>
      <xs:element minOccurs="0" name="CUL_CulturasTerminos" nillable="true" type="tns:ArrayOfCUL_CulturasTerminos"/>
      <xs:element minOccurs="0" name="DEP_Departamento" nillable="true" type="tns:ArrayOfDEP_Departamento"/>
      <xs:element minOccurs="0" name="PAI_ISO_3166" nillable="true" type="xs:string"/>
      <xs:element minOccurs="0" name="PAI_id_pais" type="xs:int"/>
      <xs:element minOccurs="0" name="PAI_nombre" nillable="true" type="xs:string"/>
      <xs:element minOccurs="0" name="PAR_parametros" nillable="true" type="tns:ArrayOfPAR_parametros"/>
      <xs:element minOccurs="0" name="UBF_ubicacion_fiscal" nillable="true" type="tns:ArrayOfUBF_ubicacion_fiscal"/>
    </xs:sequence>
  </xs:complexType>
  <xs:element name="PAI_Paises" nillable="true" type="tns:PAI_Paises"/>
  <xs:complexType name="ArrayOfCUL_CulturasTerminos">
    <xs:sequence>
      <xs:element minOccurs="0" maxOccurs="unbounded" name="CUL_CulturasTerminos" nillable="true" type="tns:CUL_CulturasTerminos"/>
    </xs:sequence>
  </xs:complexType>
  <xs:element name="ArrayOfCUL_CulturasTerminos" nillable="true" type="tns:ArrayOfCUL_CulturasTerminos"/>
  <xs:complexType name="CUL_CulturasTerminos">
    <xs:sequence>
      <xs:element minOccurs="0" name="PAI_Paises" nillable="true" type="tns:PAI_Paises"/>
      <xs:element minOccurs="0" name="cul_id_cultura" type="xs:int"/>
      <xs:element minOccurs="0" name="cul_termino" nillable="true" type="xs:string"/>
      <xs:element minOccurs="0" name="pai_id_pais" type="xs:int"/>
    </xs:sequence>
  </xs:complexType>
  <xs:element name="CUL_CulturasTerminos" nillable="true" type="tns:CUL_CulturasTerminos"/>
  <xs:complexType name="ArrayOfDEP_Departamento">
    <xs:sequence>
      <xs:element minOccurs="0" maxOccurs="unbounded" name="DEP_Departamento" nillable="true" type="tns:DEP_Departamento"/>
    </xs:sequence>
  </xs:complexType>
  <xs:element name="ArrayOfDEP_Departamento" nillable="true" type="tns:ArrayOfDEP_Departamento"/>
  <xs:complexType name="ArrayOfPAR_parametros">
    <xs:sequence>
      <xs:element minOccurs="0" maxOccurs="unbounded" name="PAR_parametros" nillable="true" type="tns:PAR_parametros"/>
    </xs:sequence>
  </xs:complexType>
  <xs:element name="ArrayOfPAR_parametros" nillable="true" type="tns:ArrayOfPAR_parametros"/>
  <xs:complexType name="PAR_parametros">
    <xs:sequence>
      <xs:element minOccurs="0" name="PAI_Paises" nillable="true" type="tns:PAI_Paises"/>
      <xs:element minOccurs="0" name="PAM_contraseña_certificado" nillable="true" type="xs:string"/>
      <xs:element minOccurs="0" name="PAM_id_parametro" type="xs:int"/>
      <xs:element minOccurs="0" name="PAM_pais" type="xs:int"/>
      <xs:element minOccurs="0" name="PAM_ruta_certificado" nillable="true" type="xs:string"/>
      <xs:element minOccurs="0" name="PAM_ruta_llave" nillable="true" type="xs:string"/>
      <xs:element minOccurs="0" name="PAM_version_CFD" nillable="true" type="xs:string"/>
      <xs:element minOccurs="0" name="PAM_vigencia_certificado" nillable="true" type="xs:dateTime"/>
    </xs:sequence>
  </xs:complexType>
  <xs:element name="PAR_parametros" nillable="true" type="tns:PAR_parametros"/>
  <xs:complexType name="ArrayOfSUC_sucursales">
    <xs:sequence>
      <xs:element minOccurs="0" maxOccurs="unbounded" name="SUC_sucursales" nillable="true" type="tns:SUC_sucursales"/>
    </xs:sequence>
  </xs:complexType>
  <xs:element name="ArrayOfSUC_sucursales" nillable="true" type="tns:ArrayOfSUC_sucursales"/>
  <xs:complexType name="SUC_sucursales">
    <xs:sequence>
      <xs:element minOccurs="0" name="CFD_cfd_informacion" nillable="true" type="tns:ArrayOfCFD_cfd_informacion"/>
      <xs:element minOccurs="0" name="EMP_Empresa" nillable="true" type="tns:EMP_Empresa"/>
      <xs:element minOccurs="0" name="LEV_Log_Eventos_Apps" nillable="true" type="tns:ArrayOfLEV_Log_Eventos_App"/>
      <xs:element minOccurs="0" name="PARE_Parametros_AceptacionRechazo_Emis" nillable="true" type="tns:ArrayOfPARE_Parametros_AceptacionRechazo_Emi"/>
      <xs:element minOccurs="0" name="SEF_series_folios" nillable="true" type="tns:ArrayOfSEF_series_folio"/>
      <xs:element minOccurs="0" name="SUC_EMP_id_empresa" type="xs:int"/>
      <xs:element minOccurs="0" name="SUC_codigo_sucursal" nillable="true" type="xs:string"/>
      <xs:element minOccurs="0" name="SUC_id_sucursal" type="xs:int"/>
      <xs:element minOccurs="0" name="SUC_id_ubicacion" type="xs:int"/>
      <xs:element minOccurs="0" name="SUC_nombre" nillable="true" type="xs:string"/>
      <xs:element minOccurs="0" name="SUC_telefono" type="xs:decimal"/>
      <xs:element minOccurs="0" name="SXU_SucursalesXUsuarios" nillable="true" type="tns:ArrayOfSXU_SucursalesXUsuario"/>
      <xs:element minOccurs="0" name="UBF_ubicacion_fiscal" nillable="true" type="tns:UBF_ubicacion_fiscal"/>
      <xs:element minOccurs="0" name="USU_usuarios" nillable="true" type="tns:ArrayOfUSU_usuarios"/>
    </xs:sequence>
  </xs:complexType>
  <xs:element name="SUC_sucursales" nillable="true" type="tns:SUC_sucursales"/>
  <xs:complexType name="ArrayOfLEV_Log_Eventos_App">
    <xs:sequence>
      <xs:element minOccurs="0" maxOccurs="unbounded" name="LEV_Log_Eventos_App" nillable="true" type="tns:LEV_Log_Eventos_App"/>
    </xs:sequence>
  </xs:complexType>
  <xs:element name="ArrayOfLEV_Log_Eventos_App" nillable="true" type="tns:ArrayOfLEV_Log_Eventos_App"/>
  <xs:complexType name="LEV_Log_Eventos_App">
    <xs:sequence>
      <xs:element minOccurs="0" name="EMP_Empresa" nillable="true" type="tns:EMP_Empresa"/>
      <xs:element minOccurs="0" name="LEV_Descripcion" nillable="true" type="xs:string"/>
      <xs:element minOccurs="0" name="LEV_EMP_id_empresa" type="xs:int"/>
      <xs:element minOccurs="0" name="LEV_Fecha_Evento" type="xs:dateTime"/>
      <xs:element minOccurs="0" name="LEV_PRA_id_proceso" type="xs:int"/>
      <xs:element minOccurs="0" name="LEV_TIE_id_tipo_evento" type="xs:int"/>
      <xs:element minOccurs="0" name="LEV_id_evento" type="xs:long"/>
      <xs:element minOccurs="0" name="MSG_id_mensaje" nillable="true" type="xs:int"/>
      <xs:element minOccurs="0" name="PRA_Procesos_Aplicacion" nillable="true" type="tns:PRA_Procesos_Aplicacion"/>
      <xs:element minOccurs="0" name="SUC_id_sucursal" nillable="true" type="xs:int"/>
      <xs:element minOccurs="0" name="SUC_sucursales" nillable="true" type="tns:SUC_sucursales"/>
      <xs:element minOccurs="0" name="TIE_Tipo_Evento" nillable="true" type="tns:TIE_Tipo_Evento"/>
      <xs:element minOccurs="0" name="TRAZCARG_TrazabilidadCarga" nillable="true" type="tns:TRAZCARG_TrazabilidadCarga"/>
      <xs:element minOccurs="0" name="trazcarga_id" nillable="true" type="xs:int"/>
    </xs:sequence>
  </xs:complexType>
  <xs:element name="LEV_Log_Eventos_App" nillable="true" type="tns:LEV_Log_Eventos_App"/>
  <xs:complexType name="PRA_Procesos_Aplicacion">
    <xs:sequence>
      <xs:element minOccurs="0" name="LEV_Log_Eventos_App" nillable="true" type="tns:ArrayOfLEV_Log_Eventos_App"/>
      <xs:element minOccurs="0" name="PRA_NombreProceso" nillable="true" type="xs:string"/>
      <xs:element minOccurs="0" name="PRA_id_proceso" type="xs:int"/>
    </xs:sequence>
  </xs:complexType>
  <xs:element name="PRA_Procesos_Aplicacion" nillable="true" type="tns:PRA_Procesos_Aplicacion"/>
  <xs:complexType name="TIE_Tipo_Evento">
    <xs:sequence>
      <xs:element minOccurs="0" name="LEV_Log_Eventos_App" nillable="true" type="tns:ArrayOfLEV_Log_Eventos_App"/>
      <xs:element minOccurs="0" name="TIE_descripcion" nillable="true" type="xs:string"/>
      <xs:element minOccurs="0" name="TIE_id_tipo_evento" type="xs:int"/>
    </xs:sequence>
  </xs:complexType>
  <xs:element name="TIE_Tipo_Evento" nillable="true" type="tns:TIE_Tipo_Evento"/>
  <xs:complexType name="TRAZCARG_TrazabilidadCarga">
    <xs:sequence>
      <xs:element minOccurs="0" name="EMP_Empresa" nillable="true" type="tns:EMP_Empresa"/>
      <xs:element minOccurs="0" name="ESTRAZC_EstradoTrazCarga" nillable="true" type="tns:ESTRAZC_EstradoTrazCarga"/>
      <xs:element minOccurs="0" name="Emp_id_empresa" type="xs:int"/>
      <xs:element minOccurs="0" name="LEV_Log_Eventos_App" nillable="true" type="tns:ArrayOfLEV_Log_Eventos_App"/>
      <xs:element minOccurs="0" name="estrazc_id" nillable="true" type="xs:int"/>
      <xs:element minOccurs="0" name="trazcarga_fecha_subida" type="xs:dateTime"/>
      <xs:element minOccurs="0" name="trazcarga_id" type="xs:int"/>
      <xs:element minOccurs="0" name="trazcarga_nom_archivo" nillable="true" type="xs:string"/>
      <xs:element minOccurs="0" name="trazcarga_num_docs_procesado" type="xs:int"/>
    </xs:sequence>
  </xs:complexType>
  <xs:element name="TRAZCARG_TrazabilidadCarga" nillable="true" type="tns:TRAZCARG_TrazabilidadCarga"/>
  <xs:complexType name="ESTRAZC_EstradoTrazCarga">
    <xs:sequence>
      <xs:element minOccurs="0" name="TRAZCARG_TrazabilidadCarga" nillable="true" type="tns:ArrayOfTRAZCARG_TrazabilidadCarga"/>
      <xs:element minOccurs="0" name="estrazc_descripcion" nillable="true" type="xs:string"/>
      <xs:element minOccurs="0" name="estrazc_id" type="xs:int"/>
    </xs:sequence>
  </xs:complexType>
  <xs:element name="ESTRAZC_EstradoTrazCarga" nillable="true" type="tns:ESTRAZC_EstradoTrazCarga"/>
  <xs:complexType name="ArrayOfTRAZCARG_TrazabilidadCarga">
    <xs:sequence>
      <xs:element minOccurs="0" maxOccurs="unbounded" name="TRAZCARG_TrazabilidadCarga" nillable="true" type="tns:TRAZCARG_TrazabilidadCarga"/>
    </xs:sequence>
  </xs:complexType>
  <xs:element name="ArrayOfTRAZCARG_TrazabilidadCarga" nillable="true" type="tns:ArrayOfTRAZCARG_TrazabilidadCarga"/>
  <xs:complexType name="ArrayOfPARE_Parametros_AceptacionRechazo_Emi">
    <xs:sequence>
      <xs:element minOccurs="0" maxOccurs="unbounded" name="PARE_Parametros_AceptacionRechazo_Emi" nillable="true" type="tns:PARE_Parametros_AceptacionRechazo_Emi"/>
    </xs:sequence>
  </xs:complexType>
  <xs:element name="ArrayOfPARE_Parametros_AceptacionRechazo_Emi" nillable="true" type="tns:ArrayOfPARE_Parametros_AceptacionRechazo_Emi"/>
  <xs:complexType name="PARE_Parametros_AceptacionRechazo_Emi">
    <xs:sequence>
      <xs:element minOccurs="0" name="EMP_Empresa" nillable="true" type="tns:EMP_Empresa"/>
      <xs:element minOccurs="0" name="Emp_id_empresa" nillable="true" type="xs:int"/>
      <xs:element minOccurs="0" name="PARE_Correo_Aceptacion_Doc" nillable="true" type="xs:string"/>
      <xs:element minOccurs="0" name="PARE_Correo_Rechazo_Doc" nillable="true" type="xs:string"/>
      <xs:element minOccurs="0" name="PARE_Prefijo_Parametro_AceptacionRechazo" nillable="true" type="xs:string"/>
      <xs:element minOccurs="0" name="PARE_id_Parametro_AceptacionRechazo" type="xs:int"/>
      <xs:element minOccurs="0" name="SUC_id_sucursal" nillable="true" type="xs:int"/>
      <xs:element minOccurs="0" name="SUC_sucursales" nillable="true" type="tns:SUC_sucursales"/>
    </xs:sequence>
  </xs:complexType>
  <xs:element name="PARE_Parametros_AceptacionRechazo_Emi" nillable="true" type="tns:PARE_Parametros_AceptacionRechazo_Emi"/>
  <xs:complexType name="ArrayOfSEF_series_folio">
    <xs:sequence>
      <xs:element minOccurs="0" maxOccurs="unbounded" name="SEF_series_folio" nillable="true" type="tns:SEF_series_folio"/>
    </xs:sequence>
  </xs:complexType>
  <xs:element name="ArrayOfSEF_series_folio" nillable="true" type="tns:ArrayOfSEF_series_folio"/>
  <xs:complexType name="SEF_series_folio">
    <xs:sequence>
      <xs:element minOccurs="0" name="EMP_Empresa" nillable="true" type="tns:EMP_Empresa"/>
      <xs:element minOccurs="0" name="SEF_EMP_empresa" type="xs:int"/>
      <xs:element minOccurs="0" name="SEF_ano_aprobacion" type="xs:int"/>
      <xs:element minOccurs="0" name="SEF_clave_contenido_tecnico" nillable="true" type="xs:string"/>
      <xs:element minOccurs="0" name="SEF_consecutivo_actual" type="xs:decimal"/>
      <xs:element minOccurs="0" name="SEF_fecha_aprobacion" nillable="true" type="xs:dateTime"/>
      <xs:element minOccurs="0" name="SEF_fecha_limite_vigencia" nillable="true" type="xs:dateTime"/>
      <xs:element minOccurs="0" name="SEF_folio_fin" type="xs:decimal"/>
      <xs:element minOccurs="0" name="SEF_folio_ini" type="xs:decimal"/>
      <xs:element minOccurs="0" name="SEF_id_series" type="xs:int"/>
      <xs:element minOccurs="0" name="SEF_numero_aprobacion" type="xs:decimal"/>
      <xs:element minOccurs="0" name="SEF_numero_certificado" nillable="true" type="xs:string"/>
      <xs:element minOccurs="0" name="SEF_prefijo" nillable="true" type="xs:string"/>
      <xs:element minOccurs="0" name="SEF_serie" nillable="true" type="xs:string"/>
      <xs:element minOccurs="0" name="SUC_id_sucursal" nillable="true" type="xs:int"/>
      <xs:element minOccurs="0" name="SUC_sucursales" nillable="true" type="tns:SUC_sucursales"/>
      <xs:element minOccurs="0" name="TCO_TipoComprobante" nillable="true" type="tns:TCO_TipoComprobante"/>
      <xs:element minOccurs="0" name="tco_id_tipo_comprobante" nillable="true" type="xs:int"/>
    </xs:sequence>
  </xs:complexType>
  <xs:element name="SEF_series_folio" nillable="true" type="tns:SEF_series_folio"/>
  <xs:complexType name="TCO_TipoComprobante">
    <xs:sequence>
      <xs:element minOccurs="0" name="CFD_cfd_informacion" nillable="true" type="tns:ArrayOfCFD_cfd_informacion"/>
      <xs:element minOccurs="0" name="CIT_CamposXIntegracionXTipoDoc" nillable="true" type="tns:ArrayOfCIT_CamposXIntegracionXTipoDoc"/>
      <xs:element minOccurs="0" name="FV_CON_Consecutivos" nillable="true" type="tns:ArrayOfFV_CON_Consecutivos"/>
      <xs:element minOccurs="0" name="FV_LRV_Log_Error_Doc_Emitido" nillable="true" type="tns:ArrayOfFV_LRV_Log_Error_Doc_Emitido"/>
      <xs:element minOccurs="0" name="REC_RDR_RechazoDocRecibidos" nillable="true" type="tns:ArrayOfREC_RDR_RechazoDocRecibido"/>
      <xs:element minOccurs="0" name="SEF_series_folio" nillable="true" type="tns:ArrayOfSEF_series_folio"/>
      <xs:element minOccurs="0" name="WFL_Workflows" nillable="true" type="tns:ArrayOfWFL_Workflows"/>
      <xs:element minOccurs="0" name="tco_descripcion" nillable="true" type="xs:string"/>
      <xs:element minOccurs="0" name="tco_id_tipo_comprobante" type="xs:int"/>
    </xs:sequence>
  </xs:complexType>
  <xs:element name="TCO_TipoComprobante" nillable="true" type="tns:TCO_TipoComprobante"/>
  <xs:complexType name="ArrayOfCIT_CamposXIntegracionXTipoDoc">
    <xs:sequence>
      <xs:element minOccurs="0" maxOccurs="unbounded" name="CIT_CamposXIntegracionXTipoDoc" nillable="true" type="tns:CIT_CamposXIntegracionXTipoDoc"/>
    </xs:sequence>
  </xs:complexType>
  <xs:element name="ArrayOfCIT_CamposXIntegracionXTipoDoc" nillable="true" type="tns:ArrayOfCIT_CamposXIntegracionXTipoDoc"/>
  <xs:complexType name="CIT_CamposXIntegracionXTipoDoc">
    <xs:sequence>
      <xs:element minOccurs="0" name="EMP_Empresa" nillable="true" type="tns:EMP_Empresa"/>
      <xs:element minOccurs="0" name="Emp_id_empresa" type="xs:int"/>
      <xs:element minOccurs="0" name="TCO_TipoComprobante" nillable="true" type="tns:TCO_TipoComprobante"/>
      <xs:element minOccurs="0" name="cit_campo_eBill" nillable="true" type="xs:string"/>
      <xs:element minOccurs="0" name="cit_decreto_2242" type="xs:boolean"/>
      <xs:element minOccurs="0" name="cit_fe_estandar" type="xs:boolean"/>
      <xs:element minOccurs="0" name="cit_fecha_creacion" type="xs:dateTime"/>
      <xs:element minOccurs="0" name="cit_id_campos" type="xs:int"/>
      <xs:element minOccurs="0" name="cit_mensaje_usuario" nillable="true" type="xs:string"/>
      <xs:element minOccurs="0" name="cit_observaciones" nillable="true" type="xs:string"/>
      <xs:element minOccurs="0" name="cit_servicio_web" type="xs:boolean"/>
      <xs:element minOccurs="0" name="cit_tipo_campo" nillable="true" type="xs:string"/>
      <xs:element minOccurs="0" name="cit_tipo_integracion" nillable="true" type="xs:string"/>
      <xs:element minOccurs="0" name="cit_tipo_xml" nillable="true" type="xs:string"/>
      <xs:element minOccurs="0" name="tco_id_tipo_comprobante" type="xs:int"/>
    </xs:sequence>
  </xs:complexType>
  <xs:element name="CIT_CamposXIntegracionXTipoDoc" nillable="true" type="tns:CIT_CamposXIntegracionXTipoDoc"/>
  <xs:complexType name="ArrayOfFV_CON_Consecutivos">
    <xs:sequence>
      <xs:element minOccurs="0" maxOccurs="unbounded" name="FV_CON_Consecutivos" nillable="true" type="tns:FV_CON_Consecutivos"/>
    </xs:sequence>
  </xs:complexType>
  <xs:element name="ArrayOfFV_CON_Consecutivos" nillable="true" type="tns:ArrayOfFV_CON_Consecutivos"/>
  <xs:complexType name="FV_CON_Consecutivos">
    <xs:sequence>
      <xs:element minOccurs="0" name="EMP_Empresa" nillable="true" type="tns:EMP_Empresa"/>
      <xs:element minOccurs="0" name="EMP_id_Empresa" type="xs:int"/>
      <xs:element minOccurs="0" name="FV_CDD_ConsecutivoEnvioDIAN" nillable="true" type="xs:decimal"/>
      <xs:element minOccurs="0" name="FV_CDD_ano" type="xs:int"/>
      <xs:element minOccurs="0" name="FV_CON_Id_Consecutivos" type="xs:int"/>
      <xs:element minOccurs="0" name="TCO_Id_TipoComprobante" nillable="true" type="xs:int"/>
      <xs:element minOccurs="0" name="TCO_TipoComprobante" nillable="true" type="tns:TCO_TipoComprobante"/>
    </xs:sequence>
  </xs:complexType>
  <xs:element name="FV_CON_Consecutivos" nillable="true" type="tns:FV_CON_Consecutivos"/>
  <xs:complexType name="ArrayOfREC_RDR_RechazoDocRecibido">
    <xs:sequence>
      <xs:element minOccurs="0" maxOccurs="unbounded" name="REC_RDR_RechazoDocRecibido" nillable="true" type="tns:REC_RDR_RechazoDocRecibido"/>
    </xs:sequence>
  </xs:complexType>
  <xs:element name="ArrayOfREC_RDR_RechazoDocRecibido" nillable="true" type="tns:ArrayOfREC_RDR_RechazoDocRecibido"/>
  <xs:complexType name="REC_RDR_RechazoDocRecibido">
    <xs:sequence>
      <xs:element minOccurs="0" name="EMP_Empresa" nillable="true" type="tns:EMP_Empresa"/>
      <xs:element minOccurs="0" name="REC_RDR_BuzonDestino" nillable="true" type="xs:string"/>
      <xs:element minOccurs="0" name="REC_RDR_Codigo_Unico_Recepcion" nillable="true" type="xs:string"/>
      <xs:element minOccurs="0" name="REC_RDR_CorreoOrigen" nillable="true" type="xs:string"/>
      <xs:element minOccurs="0" name="REC_RDR_Datos_Doc_Electornico" nillable="true" type="xs:string"/>
      <xs:element minOccurs="0" name="REC_RDR_Descripcion_Rechazo" nillable="true" type="xs:string"/>
      <xs:element minOccurs="0" name="REC_RDR_Fecha_Radicacion" nillable="true" type="xs:dateTime"/>
      <xs:element minOccurs="0" name="REC_RDR_Id_EmpresaReceptora" type="xs:int"/>
      <xs:element minOccurs="0" name="REC_RDR_Id_RechazoDocRecibido" type="xs:int"/>
      <xs:element minOccurs="0" name="REC_RDR_Id_Tipo_Notificacion" nillable="true" type="xs:int"/>
      <xs:element minOccurs="0" name="REC_RDR_NitEmpresaEmisora" nillable="true" type="xs:string"/>
      <xs:element minOccurs="0" name="REC_RDR_Numero" nillable="true" type="xs:decimal"/>
      <xs:element minOccurs="0" name="REC_RDR_Prefijo" nillable="true" type="xs:string"/>
      <xs:element minOccurs="0" name="TCO_Id_Tipo_Comprobante" nillable="true" type="xs:int"/>
      <xs:element minOccurs="0" name="TCO_TipoComprobante" nillable="true" type="tns:TCO_TipoComprobante"/>
    </xs:sequence>
  </xs:complexType>
  <xs:element name="REC_RDR_RechazoDocRecibido" nillable="true" type="tns:REC_RDR_RechazoDocRecibido"/>
  <xs:complexType name="ArrayOfWFL_Workflows">
    <xs:sequence>
      <xs:element minOccurs="0" maxOccurs="unbounded" name="WFL_Workflows" nillable="true" type="tns:WFL_Workflows"/>
    </xs:sequence>
  </xs:complexType>
  <xs:element name="ArrayOfWFL_Workflows" nillable="true" type="tns:ArrayOfWFL_Workflows"/>
  <xs:complexType name="WFL_Workflows">
    <xs:sequence>
      <xs:element minOccurs="0" name="EMP_Empresa" nillable="true" type="tns:EMP_Empresa"/>
      <xs:element minOccurs="0" name="EMP_id_empresa" type="xs:int"/>
      <xs:element minOccurs="0" name="ORD_Orden_Stages" nillable="true" type="tns:ArrayOfORD_Orden_Stages"/>
      <xs:element minOccurs="0" name="TCO_TipoComprobante" nillable="true" type="tns:TCO_TipoComprobante"/>
      <xs:element minOccurs="0" name="WFL_id" type="xs:int"/>
      <xs:element minOccurs="0" name="WFL_nombre" nillable="true" type="xs:string"/>
      <xs:element minOccurs="0" name="tco_id_tipo_comprobante" type="xs:int"/>
    </xs:sequence>
  </xs:complexType>
  <xs:element name="WFL_Workflows" nillable="true" type="tns:WFL_Workflows"/>
  <xs:complexType name="ArrayOfORD_Orden_Stages">
    <xs:sequence>
      <xs:element minOccurs="0" maxOccurs="unbounded" name="ORD_Orden_Stages" nillable="true" type="tns:ORD_Orden_Stages"/>
    </xs:sequence>
  </xs:complexType>
  <xs:element name="ArrayOfORD_Orden_Stages" nillable="true" type="tns:ArrayOfORD_Orden_Stages"/>
  <xs:complexType name="ORD_Orden_Stages">
    <xs:sequence>
      <xs:element minOccurs="0" name="EMP_Empresa" nillable="true" type="tns:EMP_Empresa"/>
      <xs:element minOccurs="0" name="Emp_id_empresa" nillable="true" type="xs:int"/>
      <xs:element minOccurs="0" name="ORD_id_orden_stage" type="xs:int"/>
      <xs:element minOccurs="0" name="ORD_orden_stage" type="xs:int"/>
      <xs:element minOccurs="0" name="ORD_recibedocs_cualquier_stage" nillable="true" type="xs:boolean"/>
      <xs:element minOccurs="0" name="ORD_stage_final" nillable="true" type="xs:boolean"/>
      <xs:element minOccurs="0" name="STA_Stages" nillable="true" type="tns:STA_Stages"/>
      <xs:element minOccurs="0" name="STA_id_stage" type="xs:int"/>
      <xs:element minOccurs="0" name="WFL_Workflows" nillable="true" type="tns:WFL_Workflows"/>
      <xs:element minOccurs="0" name="WFL_id_workflow" type="xs:int"/>
    </xs:sequence>
  </xs:complexType>
  <xs:element name="ORD_Orden_Stages" nillable="true" type="tns:ORD_Orden_Stages"/>
  <xs:complexType name="STA_Stages">
    <xs:sequence>
      <xs:element minOccurs="0" name="ANER_Anexos_Recepcion" nillable="true" type="tns:ArrayOfANER_Anexos_Recepcion"/>
      <xs:element minOccurs="0" name="EMP_Empresa" nillable="true" type="tns:EMP_Empresa"/>
      <xs:element minOccurs="0" name="Emp_id_empresa" type="xs:int"/>
      <xs:element minOccurs="0" name="GES_GestionXDocumento" nillable="true" type="tns:ArrayOfGES_GestionXDocumento"/>
      <xs:element minOccurs="0" name="ITR_Informacion_Tramite_Recepcion" nillable="true" type="tns:ArrayOfITR_Informacion_Tramite_Recepcion"/>
      <xs:element minOccurs="0" name="ORD_Orden_Stages" nillable="true" type="tns:ArrayOfORD_Orden_Stages"/>
      <xs:element minOccurs="0" name="RFD_Roles_Flujo_Documental" nillable="true" type="tns:ArrayOfRFD_Roles_Flujo_Documental"/>
      <xs:element minOccurs="0" name="STA_descripcion" nillable="true" type="xs:string"/>
      <xs:element minOccurs="0" name="STA_id_stage" type="xs:int"/>
      <xs:element minOccurs="0" name="STA_nombre" nillable="true" type="xs:string"/>
      <xs:element minOccurs="0" name="STA_permiteAnexo" nillable="true" type="xs:boolean"/>
      <xs:element minOccurs="0" name="STA_permiteComentarios" nillable="true" type="xs:boolean"/>
      <xs:element minOccurs="0" name="STA_prereq_TipoPago" nillable="true" type="xs:boolean"/>
      <xs:element minOccurs="0" name="STA_prereq_aprobador" nillable="true" type="xs:boolean"/>
      <xs:element minOccurs="0" name="STA_prereq_concepto" nillable="true" type="xs:boolean"/>
      <xs:element minOccurs="0" name="STA_prereq_rubro" nillable="true" type="xs:boolean"/>
      <xs:element minOccurs="0" name="STA_req_TipoPago" nillable="true" type="xs:boolean"/>
      <xs:element minOccurs="0" name="STA_req_aprobador" nillable="true" type="xs:boolean"/>
      <xs:element minOccurs="0" name="STA_req_concepto" nillable="true" type="xs:boolean"/>
      <xs:element minOccurs="0" name="STA_req_rubro" nillable="true" type="xs:boolean"/>
      <xs:element minOccurs="0" name="STA_utilizaVerificacion" nillable="true" type="xs:boolean"/>
    </xs:sequence>
  </xs:complexType>
  <xs:element name="STA_Stages" nillable="true" type="tns:STA_Stages"/>
  <xs:complexType name="ArrayOfANER_Anexos_Recepcion">
    <xs:sequence>
      <xs:element minOccurs="0" maxOccurs="unbounded" name="ANER_Anexos_Recepcion" nillable="true" type="tns:ANER_Anexos_Recepcion"/>
    </xs:sequence>
  </xs:complexType>
  <xs:element name="ArrayOfANER_Anexos_Recepcion" nillable="true" type="tns:ArrayOfANER_Anexos_Recepcion"/>
  <xs:complexType name="ANER_Anexos_Recepcion">
    <xs:sequence>
      <xs:element minOccurs="0" name="ANER_Tamano" nillable="true" type="xs:decimal"/>
      <xs:element minOccurs="0" name="ANER_descripcion" nillable="true" type="xs:string"/>
      <xs:element minOccurs="0" name="ANER_fecha_publicacion" nillable="true" type="xs:dateTime"/>
      <xs:element minOccurs="0" name="ANER_formato" nillable="true" type="xs:string"/>
      <xs:element minOccurs="0" name="ANER_id_anexo" type="xs:int"/>
      <xs:element minOccurs="0" name="ANER_lenguaje" nillable="true" type="xs:string"/>
      <xs:element minOccurs="0" name="ANER_mime_type" nillable="true" type="xs:string"/>
      <xs:element minOccurs="0" name="ANER_ruta_archivo" nillable="true" type="xs:string"/>
      <xs:element minOccurs="0" name="ANER_titulo_anexo" nillable="true" type="xs:string"/>
      <xs:element minOccurs="0" name="Aspnet_users_id_usuario" type="ser:guid"/>
      <xs:element minOccurs="0" name="ITR_Informacion_Tramite_Recepcion" nillable="true" type="tns:ITR_Informacion_Tramite_Recepcion"/>
      <xs:element minOccurs="0" name="ITR_id_documento" type="xs:int"/>
      <xs:element minOccurs="0" name="STA_Stages" nillable="true" type="tns:STA_Stages"/>
      <xs:element minOccurs="0" name="STA_id_stage" type="xs:int"/>
      <xs:element minOccurs="0" name="aspnet_Users" nillable="true" type="tns:aspnet_Users"/>
    </xs:sequence>
  </xs:complexType>
  <xs:element name="ANER_Anexos_Recepcion" nillable="true" type="tns:ANER_Anexos_Recepcion"/>
  <xs:complexType name="ITR_Informacion_Tramite_Recepcion">
    <xs:sequence>
      <xs:element minOccurs="0" name="ANER_Anexos_Recepcion" nillable="true" type="tns:ArrayOfANER_Anexos_Recepcion"/>
      <xs:element minOccurs="0" name="Aspnet_users_id_usercurrent" nillable="true" type="ser:guid"/>
      <xs:element minOccurs="0" name="CFD_cfd_informacion" nillable="true" type="tns:CFD_cfd_informacion"/>
      <xs:element minOccurs="0" name="CFD_id_cfd" type="xs:int"/>
      <xs:element minOccurs="0" name="CONRE_Conceptos_Recepcion" nillable="true" type="tns:CONRE_Conceptos_Recepcion"/>
      <xs:element minOccurs="0" name="CONRE_id_concepto" nillable="true" type="xs:int"/>
      <xs:element minOccurs="0" name="ERXDOC_ErroresXDocumento_Recepcion" nillable="true" type="tns:ArrayOfERXDOC_ErroresXDocumento_Recepcion"/>
      <xs:element minOccurs="0" name="ESTR_estados_recepcion" nillable="true" type="tns:ESTR_estados_recepcion"/>
      <xs:element minOccurs="0" name="ESTR_id_estado" type="xs:int"/>
      <xs:element minOccurs="0" name="GAR_Gestion_Anexos_Recepcion_Avanzadas" nillable="true" type="tns:ArrayOfGAR_Gestion_Anexos_Recepcion_Avanzada"/>
      <xs:element minOccurs="0" name="GES_GestionXDocumento" nillable="true" type="tns:ArrayOfGES_GestionXDocumento"/>
      <xs:element minOccurs="0" name="ITR_Fecha_Radicacion_SAP" nillable="true" type="xs:dateTime"/>
      <xs:element minOccurs="0" name="ITR_Numero_Radicacion_SAP" nillable="true" type="xs:string"/>
      <xs:element minOccurs="0" name="ITR_id_documento" type="xs:int"/>
      <xs:element minOccurs="0" name="RUBR_Rubros_Recepcion" nillable="true" type="tns:RUBR_Rubros_Recepcion"/>
      <xs:element minOccurs="0" name="RUBR_id_rubro" nillable="true" type="xs:int"/>
      <xs:element minOccurs="0" name="STA_Stages" nillable="true" type="tns:STA_Stages"/>
      <xs:element minOccurs="0" name="STA_id_stage_current" type="xs:int"/>
      <xs:element minOccurs="0" name="TGA_TipoGasto" nillable="true" type="tns:TGA_TipoGasto"/>
      <xs:element minOccurs="0" name="TGA_id_tipogasto" nillable="true" type="xs:int"/>
      <xs:element minOccurs="0" name="aspnet_Users" nillable="true" type="tns:aspnet_Users"/>
    </xs:sequence>
  </xs:complexType>
  <xs:element name="ITR_Informacion_Tramite_Recepcion" nillable="true" type="tns:ITR_Informacion_Tramite_Recepcion"/>
  <xs:complexType name="CONRE_Conceptos_Recepcion">
    <xs:sequence>
      <xs:element minOccurs="0" name="CONRE_descripcion" nillable="true" type="xs:string"/>
      <xs:element minOccurs="0" name="CONRE_id_concepto" type="xs:int"/>
      <xs:element minOccurs="0" name="EMP_Empresa" nillable="true" type="tns:EMP_Empresa"/>
      <xs:element minOccurs="0" name="Emp_id_empresa" type="xs:int"/>
      <xs:element minOccurs="0" name="ITR_Informacion_Tramite_Recepcion" nillable="true" type="tns:ArrayOfITR_Informacion_Tramite_Recepcion"/>
    </xs:sequence>
  </xs:complexType>
  <xs:element name="CONRE_Conceptos_Recepcion" nillable="true" type="tns:CONRE_Conceptos_Recepcion"/>
  <xs:complexType name="ArrayOfITR_Informacion_Tramite_Recepcion">
    <xs:sequence>
      <xs:element minOccurs="0" maxOccurs="unbounded" name="ITR_Informacion_Tramite_Recepcion" nillable="true" type="tns:ITR_Informacion_Tramite_Recepcion"/>
    </xs:sequence>
  </xs:complexType>
  <xs:element name="ArrayOfITR_Informacion_Tramite_Recepcion" nillable="true" type="tns:ArrayOfITR_Informacion_Tramite_Recepcion"/>
  <xs:complexType name="ArrayOfERXDOC_ErroresXDocumento_Recepcion">
    <xs:sequence>
      <xs:element minOccurs="0" maxOccurs="unbounded" name="ERXDOC_ErroresXDocumento_Recepcion" nillable="true" type="tns:ERXDOC_ErroresXDocumento_Recepcion"/>
    </xs:sequence>
  </xs:complexType>
  <xs:element name="ArrayOfERXDOC_ErroresXDocumento_Recepcion" nillable="true" type="tns:ArrayOfERXDOC_ErroresXDocumento_Recepcion"/>
  <xs:complexType name="ERXDOC_ErroresXDocumento_Recepcion">
    <xs:sequence>
      <xs:element minOccurs="0" name="ERR_ErroresGestion_Recepcion" nillable="true" type="tns:ERR_ErroresGestion_Recepcion"/>
      <xs:element minOccurs="0" name="ERR_id_error" type="xs:int"/>
      <xs:element minOccurs="0" name="ERXDOC_id" type="xs:int"/>
      <xs:element minOccurs="0" name="ITR_Informacion_Tramite_Recepcion" nillable="true" type="tns:ITR_Informacion_Tramite_Recepcion"/>
      <xs:element minOccurs="0" name="ITR_id_documento" type="xs:int"/>
    </xs:sequence>
  </xs:complexType>
  <xs:element name="ERXDOC_ErroresXDocumento_Recepcion" nillable="true" type="tns:ERXDOC_ErroresXDocumento_Recepcion"/>
  <xs:complexType name="ERR_ErroresGestion_Recepcion">
    <xs:sequence>
      <xs:element minOccurs="0" name="ERR_descripcion" nillable="true" type="xs:string"/>
      <xs:element minOccurs="0" name="ERR_id_error" type="xs:int"/>
      <xs:element minOccurs="0" name="ERXDOC_ErroresXDocumento_Recepcion" nillable="true" type="tns:ArrayOfERXDOC_ErroresXDocumento_Recepcion"/>
    </xs:sequence>
  </xs:complexType>
  <xs:element name="ERR_ErroresGestion_Recepcion" nillable="true" type="tns:ERR_ErroresGestion_Recepcion"/>
  <xs:complexType name="ESTR_estados_recepcion">
    <xs:sequence>
      <xs:element minOccurs="0" name="ESTR_id_estado_" type="xs:int"/>
      <xs:element minOccurs="0" name="ESTR_nombre" nillable="true" type="xs:string"/>
      <xs:element minOccurs="0" name="GES_GestionXDocumento" nillable="true" type="tns:ArrayOfGES_GestionXDocumento"/>
      <xs:element minOccurs="0" name="ITR_Informacion_Tramite_Recepcion" nillable="true" type="tns:ArrayOfITR_Informacion_Tramite_Recepcion"/>
    </xs:sequence>
  </xs:complexType>
  <xs:element name="ESTR_estados_recepcion" nillable="true" type="tns:ESTR_estados_recepcion"/>
  <xs:complexType name="ArrayOfGES_GestionXDocumento">
    <xs:sequence>
      <xs:element minOccurs="0" maxOccurs="unbounded" name="GES_GestionXDocumento" nillable="true" type="tns:GES_GestionXDocumento"/>
    </xs:sequence>
  </xs:complexType>
  <xs:element name="ArrayOfGES_GestionXDocumento" nillable="true" type="tns:ArrayOfGES_GestionXDocumento"/>
  <xs:complexType name="GES_GestionXDocumento">
    <xs:sequence>
      <xs:element minOccurs="0" name="Aspnet_users_id_usuario" type="ser:guid"/>
      <xs:element minOccurs="0" name="ESTR_estados_recepcion" nillable="true" type="tns:ESTR_estados_recepcion"/>
      <xs:element minOccurs="0" name="ESTR_id_estado" type="xs:int"/>
      <xs:element minOccurs="0" name="GES_comentarios" nillable="true" type="xs:string"/>
      <xs:element minOccurs="0" name="GES_fecha_gestion" type="xs:dateTime"/>
      <xs:element minOccurs="0" name="GES_id_gestion" type="xs:int"/>
      <xs:element minOccurs="0" name="ITR_Informacion_Tramite_Recepcion" nillable="true" type="tns:ITR_Informacion_Tramite_Recepcion"/>
      <xs:element minOccurs="0" name="ITR_id_documento" type="xs:int"/>
      <xs:element minOccurs="0" name="STA_Stages" nillable="true" type="tns:STA_Stages"/>
      <xs:element minOccurs="0" name="STA_id_Stage" type="xs:int"/>
      <xs:element minOccurs="0" name="aspnet_Users" nillable="true" type="tns:aspnet_Users"/>
    </xs:sequence>
  </xs:complexType>
  <xs:element name="GES_GestionXDocumento" nillable="true" type="tns:GES_GestionXDocumento"/>
  <xs:complexType name="aspnet_Users">
    <xs:sequence>
      <xs:element minOccurs="0" name="ANER_Anexos_Recepcion" nillable="true" type="tns:ArrayOfANER_Anexos_Recepcion"/>
      <xs:element minOccurs="0" name="ApplicationId" type="ser:guid"/>
      <xs:element minOccurs="0" name="CVC_ClientesVsCuentasVIP" nillable="true" type="tns:ArrayOfCVC_ClientesVsCuentasVIP"/>
      <xs:element minOccurs="0" name="FILTRG_FiltroGrillas" nillable="true" type="tns:ArrayOfFILTRG_FiltroGrilla"/>
      <xs:element minOccurs="0" name="GES_GestionXDocumento" nillable="true" type="tns:ArrayOfGES_GestionXDocumento"/>
      <xs:element minOccurs="0" name="HIC_HistoricoContrasenas" nillable="true" type="tns:ArrayOfHIC_HistoricoContrasenas"/>
      <xs:element minOccurs="0" name="ITR_Informacion_Tramite_Recepcion" nillable="true" type="tns:ArrayOfITR_Informacion_Tramite_Recepcion"/>
      <xs:element minOccurs="0" name="IsAnonymous" type="xs:boolean"/>
      <xs:element minOccurs="0" name="LastActivityDate" type="xs:dateTime"/>
      <xs:element minOccurs="0" name="LoweredUserName" nillable="true" type="xs:string"/>
      <xs:element minOccurs="0" name="MobileAlias" nillable="true" type="xs:string"/>
      <xs:element minOccurs="0" name="OVC_ContactosVSCuentasVIPs" nillable="true" type="tns:ArrayOfOVC_ContactosVSCuentasVIP"/>
      <xs:element minOccurs="0" name="RES_RespuestasReto" nillable="true" type="tns:ArrayOfRES_RespuestasReto"/>
      <xs:element minOccurs="0" name="RXUE_RolesXUsuario_Recepcion" nillable="true" type="tns:ArrayOfRXUE_RolesXUsuario_Recepcion"/>
      <xs:element minOccurs="0" name="TXU_TerminosCondicionesAceptadas" nillable="true" type="tns:ArrayOfTXU_TerminosCondicionesAceptadas"/>
      <xs:element minOccurs="0" name="USU_usuarios" nillable="true" type="tns:ArrayOfUSU_usuarios"/>
      <xs:element minOccurs="0" name="UserId" type="ser:guid"/>
      <xs:element minOccurs="0" name="UserName" nillable="true" type="xs:string"/>
      <xs:element minOccurs="0" name="aspnet_Applications" nillable="true" type="tns:aspnet_Applications"/>
      <xs:element minOccurs="0" name="aspnet_Membership" nillable="true" type="tns:aspnet_Membership"/>
      <xs:element minOccurs="0" name="aspnet_Membership1" nillable="true" type="tns:aspnet_Membership"/>
      <xs:element minOccurs="0" name="aspnet_PersonalizationPerUser" nillable="true" type="tns:ArrayOfaspnet_PersonalizationPerUser"/>
      <xs:element minOccurs="0" name="aspnet_PersonalizationPerUser1" nillable="true" type="tns:ArrayOfaspnet_PersonalizationPerUser"/>
      <xs:element minOccurs="0" name="aspnet_Profile" nillable="true" type="tns:aspnet_Profile"/>
      <xs:element minOccurs="0" name="aspnet_Profile1" nillable="true" type="tns:aspnet_Profile"/>
      <xs:element minOccurs="0" name="aspnet_UsersInRoles" nillable="true" type="tns:ArrayOfaspnet_UsersInRoles"/>
      <xs:element minOccurs="0" name="aspnet_UsersInRoles1" nillable="true" type="tns:ArrayOfaspnet_UsersInRoles"/>
    </xs:sequence>
  </xs:complexType>
  <xs:element name="aspnet_Users" nillable="true" type="tns:aspnet_Users"/>
  <xs:complexType name="ArrayOfCVC_ClientesVsCuentasVIP">
    <xs:sequence>
      <xs:element minOccurs="0" maxOccurs="unbounded" name="CVC_ClientesVsCuentasVIP" nillable="true" type="tns:CVC_ClientesVsCuentasVIP"/>
    </xs:sequence>
  </xs:complexType>
  <xs:element name="ArrayOfCVC_ClientesVsCuentasVIP" nillable="true" type="tns:ArrayOfCVC_ClientesVsCuentasVIP"/>
  <xs:complexType name="CVC_ClientesVsCuentasVIP">
    <xs:sequence>
      <xs:element minOccurs="0" name="CLI_clientes" nillable="true" type="tns:CLI_clientes"/>
      <xs:element minOccurs="0" name="CLI_id_cliente" type="xs:int"/>
      <xs:element minOccurs="0" name="CVC_id_asociacion" type="xs:int"/>
      <xs:element minOccurs="0" name="UserId" type="ser:guid"/>
      <xs:element minOccurs="0" name="aspnet_Users" nillable="true" type="tns:aspnet_Users"/>
    </xs:sequence>
  </xs:complexType>
  <xs:element name="CVC_ClientesVsCuentasVIP" nillable="true" type="tns:CVC_ClientesVsCuentasVIP"/>
  <xs:complexType name="ArrayOfFILTRG_FiltroGrilla">
    <xs:sequence>
      <xs:element minOccurs="0" maxOccurs="unbounded" name="FILTRG_FiltroGrilla" nillable="true" type="tns:FILTRG_FiltroGrilla"/>
    </xs:sequence>
  </xs:complexType>
  <xs:element name="ArrayOfFILTRG_FiltroGrilla" nillable="true" type="tns:ArrayOfFILTRG_FiltroGrilla"/>
  <xs:complexType name="FILTRG_FiltroGrilla">
    <xs:sequence>
      <xs:element minOccurs="0" name="EMP_Empresa" nillable="true" type="tns:EMP_Empresa"/>
      <xs:element minOccurs="0" name="Emp_id_empresa" type="xs:int"/>
      <xs:element minOccurs="0" name="UserId" type="ser:guid"/>
      <xs:element minOccurs="0" name="aspnet_Users" nillable="true" type="tns:aspnet_Users"/>
      <xs:element minOccurs="0" name="filtrg_control" nillable="true" type="xs:string"/>
      <xs:element minOccurs="0" name="filtrg_descripcion" nillable="true" type="xs:string"/>
      <xs:element minOccurs="0" name="filtrg_id" type="xs:int"/>
      <xs:element minOccurs="0" name="filtrg_pagina" nillable="true" type="xs:string"/>
    </xs:sequence>
  </xs:complexType>
  <xs:element name="FILTRG_FiltroGrilla" nillable="true" type="tns:FILTRG_FiltroGrilla"/>
  <xs:complexType name="ArrayOfHIC_HistoricoContrasenas">
    <xs:sequence>
      <xs:element minOccurs="0" maxOccurs="unbounded" name="HIC_HistoricoContrasenas" nillable="true" type="tns:HIC_HistoricoContrasenas"/>
    </xs:sequence>
  </xs:complexType>
  <xs:element name="ArrayOfHIC_HistoricoContrasenas" nillable="true" type="tns:ArrayOfHIC_HistoricoContrasenas"/>
  <xs:complexType name="HIC_HistoricoContrasenas">
    <xs:sequence>
      <xs:element minOccurs="0" name="HIC_FechaCambioPasword" nillable="true" type="xs:dateTime"/>
      <xs:element minOccurs="0" name="HIC_HistoricoContrasenas" type="xs:int"/>
      <xs:element minOccurs="0" name="HIC_Password" nillable="true" type="xs:string"/>
      <xs:element minOccurs="0" name="UserId" type="ser:guid"/>
      <xs:element minOccurs="0" name="aspnet_Users" nillable="true" type="tns:aspnet_Users"/>
    </xs:sequence>
  </xs:complexType>
  <xs:element name="HIC_HistoricoContrasenas" nillable="true" type="tns:HIC_HistoricoContrasenas"/>
  <xs:complexType name="ArrayOfOVC_ContactosVSCuentasVIP">
    <xs:sequence>
      <xs:element minOccurs="0" maxOccurs="unbounded" name="OVC_ContactosVSCuentasVIP" nillable="true" type="tns:OVC_ContactosVSCuentasVIP"/>
    </xs:sequence>
  </xs:complexType>
  <xs:element name="ArrayOfOVC_ContactosVSCuentasVIP" nillable="true" type="tns:ArrayOfOVC_ContactosVSCuentasVIP"/>
  <xs:complexType name="OVC_ContactosVSCuentasVIP">
    <xs:sequence>
      <xs:element minOccurs="0" name="CNT_contactos" nillable="true" type="tns:CNT_contactos"/>
      <xs:element minOccurs="0" name="CNT_id_contacto" type="xs:int"/>
      <xs:element minOccurs="0" name="OVC_id_asociacion" type="xs:int"/>
      <xs:element minOccurs="0" name="UserId" type="ser:guid"/>
      <xs:element minOccurs="0" name="aspnet_Users" nillable="true" type="tns:aspnet_Users"/>
    </xs:sequence>
  </xs:complexType>
  <xs:element name="OVC_ContactosVSCuentasVIP" nillable="true" type="tns:OVC_ContactosVSCuentasVIP"/>
  <xs:complexType name="CNT_contactos">
    <xs:sequence>
      <xs:element minOccurs="0" name="CLI_clientes" nillable="true" type="tns:CLI_clientes"/>
      <xs:element minOccurs="0" name="CLI_id_cliente" type="xs:int"/>
      <xs:element minOccurs="0" name="CNT_cargo_contacto" nillable="true" type="xs:string"/>
      <xs:element minOccurs="0" name="CNT_correo_contacto" nillable="true" type="xs:string"/>
      <xs:element minOccurs="0" name="CNT_factura_aceptar" type="xs:boolean"/>
      <xs:element minOccurs="0" name="CNT_factura_ver" type="xs:boolean"/>
      <xs:element minOccurs="0" name="CNT_id_contacto" type="xs:int"/>
      <xs:element minOccurs="0" name="CNT_nombre_contacto" nillable="true" type="xs:string"/>
      <xs:element minOccurs="0" name="CNT_observaciones" nillable="true" type="xs:string"/>
      <xs:element minOccurs="0" name="EMP_Empresa" nillable="true" type="tns:EMP_Empresa"/>
      <xs:element minOccurs="0" name="Emp_id_empresa" type="xs:int"/>
      <xs:element minOccurs="0" name="OVC_ContactosVSCuentasVIPs" nillable="true" type="tns:ArrayOfOVC_ContactosVSCuentasVIP"/>
      <xs:element minOccurs="0" name="USU_usuarios" nillable="true" type="tns:ArrayOfUSU_usuarios"/>
    </xs:sequence>
  </xs:complexType>
  <xs:element name="CNT_contactos" nillable="true" type="tns:CNT_contactos"/>
  <xs:complexType name="ArrayOfUSU_usuarios">
    <xs:sequence>
      <xs:element minOccurs="0" maxOccurs="unbounded" name="USU_usuarios" nillable="true" type="tns:USU_usuarios"/>
    </xs:sequence>
  </xs:complexType>
  <xs:element name="ArrayOfUSU_usuarios" nillable="true" type="tns:ArrayOfUSU_usuarios"/>
  <xs:complexType name="USU_usuarios">
    <xs:sequence>
      <xs:element minOccurs="0" name="BAN_BandejasUsuarios" nillable="true" type="tns:ArrayOfBAN_BandejasUsuarios"/>
      <xs:element minOccurs="0" name="CLI_clientes" nillable="true" type="tns:CLI_clientes"/>
      <xs:element minOccurs="0" name="CLI_id_cliente" nillable="true" type="xs:int"/>
      <xs:element minOccurs="0" name="CNT_contactos" nillable="true" type="tns:CNT_contactos"/>
      <xs:element minOccurs="0" name="CNT_id_contacto" nillable="true" type="xs:int"/>
      <xs:element minOccurs="0" name="EMP_Empresa" nillable="true" type="tns:EMP_Empresa"/>
      <xs:element minOccurs="0" name="RUT_Ruta_Aprobacion" nillable="true" type="tns:ArrayOfRUT_Ruta_Aprobacion"/>
      <xs:element minOccurs="0" name="SUC_id_sucursal" nillable="true" type="xs:int"/>
      <xs:element minOccurs="0" name="SUC_sucursales" nillable="true" type="tns:SUC_sucursales"/>
      <xs:element minOccurs="0" name="SXU_SucursalesXUsuarios" nillable="true" type="tns:ArrayOfSXU_SucursalesXUsuario"/>
      <xs:element minOccurs="0" name="USU_Emp_id_empresa" type="xs:int"/>
      <xs:element minOccurs="0" name="USU_LDAP_Correo" nillable="true" type="xs:string"/>
      <xs:element minOccurs="0" name="USU_LDAP_ID_Unico" nillable="true" type="xs:string"/>
      <xs:element minOccurs="0" name="USU_LDAP_Nombre" nillable="true" type="xs:string"/>
      <xs:element minOccurs="0" name="USU_LDAP_Nombre_Corto" nillable="true" type="xs:string"/>
      <xs:element minOccurs="0" name="USU_LDAP_UID" nillable="true" type="xs:string"/>
      <xs:element minOccurs="0" name="USU_numero_usuario" type="xs:decimal"/>
      <xs:element minOccurs="0" name="UserId" type="ser:guid"/>
      <xs:element minOccurs="0" name="aspnet_Users" nillable="true" type="tns:aspnet_Users"/>
    </xs:sequence>
  </xs:complexType>
  <xs:element name="USU_usuarios" nillable="true" type="tns:USU_usuarios"/>
  <xs:complexType name="ArrayOfBAN_BandejasUsuarios">
    <xs:sequence>
      <xs:element minOccurs="0" maxOccurs="unbounded" name="BAN_BandejasUsuarios" nillable="true" type="tns:BAN_BandejasUsuarios"/>
    </xs:sequence>
  </xs:complexType>
  <xs:element name="ArrayOfBAN_BandejasUsuarios" nillable="true" type="tns:ArrayOfBAN_BandejasUsuarios"/>
  <xs:complexType name="BAN_BandejasUsuarios">
    <xs:sequence>
      <xs:element minOccurs="0" name="BAN_CFD_id_cfd" type="xs:int"/>
      <xs:element minOccurs="0" name="BAN_USU_numero_usuario" type="xs:decimal"/>
      <xs:element minOccurs="0" name="BAN_id_bandeja" type="xs:int"/>
      <xs:element minOccurs="0" name="CFD_cfd_informacion" nillable="true" type="tns:CFD_cfd_informacion"/>
      <xs:element minOccurs="0" name="USU_usuarios" nillable="true" type="tns:USU_usuarios"/>
    </xs:sequence>
  </xs:complexType>
  <xs:element name="BAN_BandejasUsuarios" nillable="true" type="tns:BAN_BandejasUsuarios"/>
  <xs:complexType name="ArrayOfRUT_Ruta_Aprobacion">
    <xs:sequence>
      <xs:element minOccurs="0" maxOccurs="unbounded" name="RUT_Ruta_Aprobacion" nillable="true" type="tns:RUT_Ruta_Aprobacion"/>
    </xs:sequence>
  </xs:complexType>
  <xs:element name="ArrayOfRUT_Ruta_Aprobacion" nillable="true" type="tns:ArrayOfRUT_Ruta_Aprobacion"/>
  <xs:complexType name="RUT_Ruta_Aprobacion">
    <xs:sequence>
      <xs:element minOccurs="0" name="RUT_USU_numero_usuario" type="xs:decimal"/>
      <xs:element minOccurs="0" name="RUT_fin_ruta" type="xs:boolean"/>
      <xs:element minOccurs="0" name="RUT_id_ruta" type="xs:int"/>
      <xs:element minOccurs="0" name="RUT_maneja_rechazo" type="xs:boolean"/>
      <xs:element minOccurs="0" name="RUT_ordinal_paso" type="xs:int"/>
      <xs:element minOccurs="0" name="USU_usuarios" nillable="true" type="tns:USU_usuarios"/>
    </xs:sequence>
  </xs:complexType>
  <xs:element name="RUT_Ruta_Aprobacion" nillable="true" type="tns:RUT_Ruta_Aprobacion"/>
  <xs:complexType name="ArrayOfSXU_SucursalesXUsuario">
    <xs:sequence>
      <xs:element minOccurs="0" maxOccurs="unbounded" name="SXU_SucursalesXUsuario" nillable="true" type="tns:SXU_SucursalesXUsuario"/>
    </xs:sequence>
  </xs:complexType>
  <xs:element name="ArrayOfSXU_SucursalesXUsuario" nillable="true" type="tns:ArrayOfSXU_SucursalesXUsuario"/>
  <xs:complexType name="SXU_SucursalesXUsuario">
    <xs:sequence>
      <xs:element minOccurs="0" name="EMP_Empresa" nillable="true" type="tns:EMP_Empresa"/>
      <xs:element minOccurs="0" name="Emp_id_empresa" nillable="true" type="xs:int"/>
      <xs:element minOccurs="0" name="SUC_id_sucursal" type="xs:int"/>
      <xs:element minOccurs="0" name="SUC_sucursales" nillable="true" type="tns:SUC_sucursales"/>
      <xs:element minOccurs="0" name="SXU_id_SucursalesXUsuario" type="xs:int"/>
      <xs:element minOccurs="0" name="USU_numero_usuario" type="xs:decimal"/>
      <xs:element minOccurs="0" name="USU_usuarios" nillable="true" type="tns:USU_usuarios"/>
    </xs:sequence>
  </xs:complexType>
  <xs:element name="SXU_SucursalesXUsuario" nillable="true" type="tns:SXU_SucursalesXUsuario"/>
  <xs:complexType name="ArrayOfRES_RespuestasReto">
    <xs:sequence>
      <xs:element minOccurs="0" maxOccurs="unbounded" name="RES_RespuestasReto" nillable="true" type="tns:RES_RespuestasReto"/>
    </xs:sequence>
  </xs:complexType>
  <xs:element name="ArrayOfRES_RespuestasReto" nillable="true" type="tns:ArrayOfRES_RespuestasReto"/>
  <xs:complexType name="RES_RespuestasReto">
    <xs:sequence>
      <xs:element minOccurs="0" name="PRE_PreguntasReto" nillable="true" type="tns:PRE_PreguntasReto"/>
      <xs:element minOccurs="0" name="PRE_id_pregunta" type="xs:int"/>
      <xs:element minOccurs="0" name="RES_id_respuestas_reto" type="xs:int"/>
      <xs:element minOccurs="0" name="RES_respuesta_correcta" nillable="true" type="xs:string"/>
      <xs:element minOccurs="0" name="UserId" type="ser:guid"/>
      <xs:element minOccurs="0" name="aspnet_Users" nillable="true" type="tns:aspnet_Users"/>
    </xs:sequence>
  </xs:complexType>
  <xs:element name="RES_RespuestasReto" nillable="true" type="tns:RES_RespuestasReto"/>
  <xs:complexType name="PRE_PreguntasReto">
    <xs:sequence>
      <xs:element minOccurs="0" name="PRE_descripcion_pregunta" nillable="true" type="xs:string"/>
      <xs:element minOccurs="0" name="PRE_id_pregunta" type="xs:int"/>
      <xs:element minOccurs="0" name="RES_RespuestasReto" nillable="true" type="tns:ArrayOfRES_RespuestasReto"/>
    </xs:sequence>
  </xs:complexType>
  <xs:element name="PRE_PreguntasReto" nillable="true" type="tns:PRE_PreguntasReto"/>
  <xs:complexType name="ArrayOfRXUE_RolesXUsuario_Recepcion">
    <xs:sequence>
      <xs:element minOccurs="0" maxOccurs="unbounded" name="RXUE_RolesXUsuario_Recepcion" nillable="true" type="tns:RXUE_RolesXUsuario_Recepcion"/>
    </xs:sequence>
  </xs:complexType>
  <xs:element name="ArrayOfRXUE_RolesXUsuario_Recepcion" nillable="true" type="tns:ArrayOfRXUE_RolesXUsuario_Recepcion"/>
  <xs:complexType name="RXUE_RolesXUsuario_Recepcion">
    <xs:sequence>
      <xs:element minOccurs="0" name="Aspnet_users_id_usuario" type="ser:guid"/>
      <xs:element minOccurs="0" name="RFD_Roles_Flujo_Documental" nillable="true" type="tns:RFD_Roles_Flujo_Documental"/>
      <xs:element minOccurs="0" name="RXUE_id" type="xs:int"/>
      <xs:element minOccurs="0" name="Rol_id_rol" type="xs:int"/>
      <xs:element minOccurs="0" name="aspnet_Users" nillable="true" type="tns:aspnet_Users"/>
    </xs:sequence>
  </xs:complexType>
  <xs:element name="RXUE_RolesXUsuario_Recepcion" nillable="true" type="tns:RXUE_RolesXUsuario_Recepcion"/>
  <xs:complexType name="RFD_Roles_Flujo_Documental">
    <xs:sequence>
      <xs:element minOccurs="0" name="CAT_CategoriasRecepcion" nillable="true" type="tns:CAT_CategoriasRecepcion"/>
      <xs:element minOccurs="0" name="CAT_id_categoria" nillable="true" type="xs:int"/>
      <xs:element minOccurs="0" name="EMP_Empresa" nillable="true" type="tns:EMP_Empresa"/>
      <xs:element minOccurs="0" name="Emp_id_empresa" type="xs:int"/>
      <xs:element minOccurs="0" name="PER_Permisos_Documentos" nillable="true" type="tns:PER_Permisos_Documentos"/>
      <xs:element minOccurs="0" name="PER_id_permiso" type="xs:int"/>
      <xs:element minOccurs="0" name="RFD_descripcion" nillable="true" type="xs:string"/>
      <xs:element minOccurs="0" name="RFD_id_rol" type="xs:int"/>
      <xs:element minOccurs="0" name="RFD_nombre" nillable="true" type="xs:string"/>
      <xs:element minOccurs="0" name="RFD_rangoApro_final" nillable="true" type="xs:int"/>
      <xs:element minOccurs="0" name="RFD_rangoApro_inicio" nillable="true" type="xs:int"/>
      <xs:element minOccurs="0" name="RXUE_RolesXUsuario_Recepcion" nillable="true" type="tns:ArrayOfRXUE_RolesXUsuario_Recepcion"/>
      <xs:element minOccurs="0" name="STA_Stages" nillable="true" type="tns:STA_Stages"/>
      <xs:element minOccurs="0" name="STA_id_stage" type="xs:int"/>
    </xs:sequence>
  </xs:complexType>
  <xs:element name="RFD_Roles_Flujo_Documental" nillable="true" type="tns:RFD_Roles_Flujo_Documental"/>
  <xs:complexType name="CAT_CategoriasRecepcion">
    <xs:sequence>
      <xs:element minOccurs="0" name="CAT_id_categoria" type="xs:int"/>
      <xs:element minOccurs="0" name="CAT_nombre" nillable="true" type="xs:string"/>
      <xs:element minOccurs="0" name="EMP_Empresa" nillable="true" type="tns:EMP_Empresa"/>
      <xs:element minOccurs="0" name="Emp_id_empresa" type="xs:int"/>
      <xs:element minOccurs="0" name="RFD_Roles_Flujo_Documental" nillable="true" type="tns:ArrayOfRFD_Roles_Flujo_Documental"/>
    </xs:sequence>
  </xs:complexType>
  <xs:element name="CAT_CategoriasRecepcion" nillable="true" type="tns:CAT_CategoriasRecepcion"/>
  <xs:complexType name="ArrayOfRFD_Roles_Flujo_Documental">
    <xs:sequence>
      <xs:element minOccurs="0" maxOccurs="unbounded" name="RFD_Roles_Flujo_Documental" nillable="true" type="tns:RFD_Roles_Flujo_Documental"/>
    </xs:sequence>
  </xs:complexType>
  <xs:element name="ArrayOfRFD_Roles_Flujo_Documental" nillable="true" type="tns:ArrayOfRFD_Roles_Flujo_Documental"/>
  <xs:complexType name="PER_Permisos_Documentos">
    <xs:sequence>
      <xs:element minOccurs="0" name="PER_id_permiso" type="xs:int"/>
      <xs:element minOccurs="0" name="PER_nombre" nillable="true" type="xs:string"/>
      <xs:element minOccurs="0" name="RFD_Roles_Flujo_Documental" nillable="true" type="tns:ArrayOfRFD_Roles_Flujo_Documental"/>
    </xs:sequence>
  </xs:complexType>
  <xs:element name="PER_Permisos_Documentos" nillable="true" type="tns:PER_Permisos_Documentos"/>
  <xs:complexType name="ArrayOfTXU_TerminosCondicionesAceptadas">
    <xs:sequence>
      <xs:element minOccurs="0" maxOccurs="unbounded" name="TXU_TerminosCondicionesAceptadas" nillable="true" type="tns:TXU_TerminosCondicionesAceptadas"/>
    </xs:sequence>
  </xs:complexType>
  <xs:element name="ArrayOfTXU_TerminosCondicionesAceptadas" nillable="true" type="tns:ArrayOfTXU_TerminosCondicionesAceptadas"/>
  <xs:complexType name="TXU_TerminosCondicionesAceptadas">
    <xs:sequence>
      <xs:element minOccurs="0" name="TER_TerminosCondicionesVersiones" nillable="true" type="tns:TER_TerminosCondicionesVersiones"/>
      <xs:element minOccurs="0" name="TER_id_terminos" type="xs:int"/>
      <xs:element minOccurs="0" name="TXU_fecha_aceptacion" type="xs:dateTime"/>
      <xs:element minOccurs="0" name="TXU_id_terminos_usuario" type="xs:int"/>
      <xs:element minOccurs="0" name="UserId" type="ser:guid"/>
      <xs:element minOccurs="0" name="aspnet_Users" nillable="true" type="tns:aspnet_Users"/>
    </xs:sequence>
  </xs:complexType>
  <xs:element name="TXU_TerminosCondicionesAceptadas" nillable="true" type="tns:TXU_TerminosCondicionesAceptadas"/>
  <xs:complexType name="TER_TerminosCondicionesVersiones">
    <xs:sequence>
      <xs:element minOccurs="0" name="EMP_Empresa" nillable="true" type="tns:EMP_Empresa"/>
      <xs:element minOccurs="0" name="Emp_id_empresa" type="xs:int"/>
      <xs:element minOccurs="0" name="TDI_TipoDocumentoInterno" nillable="true" type="tns:TDI_TipoDocumentoInterno"/>
      <xs:element minOccurs="0" name="TER_html_congelado" nillable="true" type="xs:string"/>
      <xs:element minOccurs="0" name="TER_id_terminos" type="xs:int"/>
      <xs:element minOccurs="0" name="TXU_TerminosCondicionesAceptadas" nillable="true" type="tns:ArrayOfTXU_TerminosCondicionesAceptadas"/>
      <xs:element minOccurs="0" name="pdo_fecha_actavig" nillable="true" type="xs:string"/>
      <xs:element minOccurs="0" name="tdi_id_tipo_doc_interno" type="xs:int"/>
    </xs:sequence>
  </xs:complexType>
  <xs:element name="TER_TerminosCondicionesVersiones" nillable="true" type="tns:TER_TerminosCondicionesVersiones"/>
  <xs:complexType name="TDI_TipoDocumentoInterno">
    <xs:sequence>
      <xs:element minOccurs="0" name="PDO_PersonalizaDocumento" nillable="true" type="tns:ArrayOfPDO_PersonalizaDocumento"/>
      <xs:element minOccurs="0" name="TER_TerminosCondicionesVersiones" nillable="true" type="tns:ArrayOfTER_TerminosCondicionesVersiones"/>
      <xs:element minOccurs="0" name="tdi_id_tipo_doc_interno" type="xs:int"/>
      <xs:element minOccurs="0" name="tdi_nombre_doc" nillable="true" type="xs:string"/>
    </xs:sequence>
  </xs:complexType>
  <xs:element name="TDI_TipoDocumentoInterno" nillable="true" type="tns:TDI_TipoDocumentoInterno"/>
  <xs:complexType name="ArrayOfPDO_PersonalizaDocumento">
    <xs:sequence>
      <xs:element minOccurs="0" maxOccurs="unbounded" name="PDO_PersonalizaDocumento" nillable="true" type="tns:PDO_PersonalizaDocumento"/>
    </xs:sequence>
  </xs:complexType>
  <xs:element name="ArrayOfPDO_PersonalizaDocumento" nillable="true" type="tns:ArrayOfPDO_PersonalizaDocumento"/>
  <xs:complexType name="PDO_PersonalizaDocumento">
    <xs:sequence>
      <xs:element minOccurs="0" name="EMP_Empresa" nillable="true" type="tns:EMP_Empresa"/>
      <xs:element minOccurs="0" name="TDI_TipoDocumentoInterno" nillable="true" type="tns:TDI_TipoDocumentoInterno"/>
      <xs:element minOccurs="0" name="emp_id_empresa" nillable="true" type="xs:int"/>
      <xs:element minOccurs="0" name="pdo_fecha_actavig" type="xs:dateTime"/>
      <xs:element minOccurs="0" name="pdo_html_enactualizacion" nillable="true" type="xs:string"/>
      <xs:element minOccurs="0" name="pdo_html_vigente" nillable="true" type="xs:string"/>
      <xs:element minOccurs="0" name="pdo_id_personalizacion" type="xs:int"/>
      <xs:element minOccurs="0" name="tdi_id_tipo_doc_interno" type="xs:int"/>
    </xs:sequence>
  </xs:complexType>
  <xs:element name="PDO_PersonalizaDocumento" nillable="true" type="tns:PDO_PersonalizaDocumento"/>
  <xs:complexType name="ArrayOfTER_TerminosCondicionesVersiones">
    <xs:sequence>
      <xs:element minOccurs="0" maxOccurs="unbounded" name="TER_TerminosCondicionesVersiones" nillable="true" type="tns:TER_TerminosCondicionesVersiones"/>
    </xs:sequence>
  </xs:complexType>
  <xs:element name="ArrayOfTER_TerminosCondicionesVersiones" nillable="true" type="tns:ArrayOfTER_TerminosCondicionesVersiones"/>
  <xs:complexType name="aspnet_Applications">
    <xs:sequence>
      <xs:element minOccurs="0" name="ApplicationId" type="ser:guid"/>
      <xs:element minOccurs="0" name="ApplicationName" nillable="true" type="xs:string"/>
      <xs:element minOccurs="0" name="Description" nillable="true" type="xs:string"/>
      <xs:element minOccurs="0" name="LoweredApplicationName" nillable="true" type="xs:string"/>
      <xs:element minOccurs="0" name="aspnet_Membership" nillable="true" type="tns:ArrayOfaspnet_Membership"/>
      <xs:element minOccurs="0" name="aspnet_Membership1" nillable="true" type="tns:ArrayOfaspnet_Membership"/>
      <xs:element minOccurs="0" name="aspnet_Paths" nillable="true" type="tns:ArrayOfaspnet_Paths"/>
      <xs:element minOccurs="0" name="aspnet_Paths1" nillable="true" type="tns:ArrayOfaspnet_Paths"/>
      <xs:element minOccurs="0" name="aspnet_Roles" nillable="true" type="tns:ArrayOfaspnet_Roles"/>
      <xs:element minOccurs="0" name="aspnet_Roles1" nillable="true" type="tns:ArrayOfaspnet_Roles"/>
      <xs:element minOccurs="0" name="aspnet_Users" nillable="true" type="tns:ArrayOfaspnet_Users"/>
    </xs:sequence>
  </xs:complexType>
  <xs:element name="aspnet_Applications" nillable="true" type="tns:aspnet_Applications"/>
  <xs:complexType name="ArrayOfaspnet_Membership">
    <xs:sequence>
      <xs:element minOccurs="0" maxOccurs="unbounded" name="aspnet_Membership" nillable="true" type="tns:aspnet_Membership"/>
    </xs:sequence>
  </xs:complexType>
  <xs:element name="ArrayOfaspnet_Membership" nillable="true" type="tns:ArrayOfaspnet_Membership"/>
  <xs:complexType name="aspnet_Membership">
    <xs:sequence>
      <xs:element minOccurs="0" name="ApplicationId" type="ser:guid"/>
      <xs:element minOccurs="0" name="Comment" nillable="true" type="xs:string"/>
      <xs:element minOccurs="0" name="CreateDate" type="xs:dateTime"/>
      <xs:element minOccurs="0" name="Email" nillable="true" type="xs:string"/>
      <xs:element minOccurs="0" name="FailedPasswordAnswerAttemptCount" type="xs:int"/>
      <xs:element minOccurs="0" name="FailedPasswordAnswerAttemptWindowStart" type="xs:dateTime"/>
      <xs:element minOccurs="0" name="FailedPasswordAttemptCount" type="xs:int"/>
      <xs:element minOccurs="0" name="FailedPasswordAttemptWindowStart" type="xs:dateTime"/>
      <xs:element minOccurs="0" name="IsApproved" type="xs:boolean"/>
      <xs:element minOccurs="0" name="IsLockedOut" type="xs:boolean"/>
      <xs:element minOccurs="0" name="LastLockoutDate" type="xs:dateTime"/>
      <xs:element minOccurs="0" name="LastLoginDate" type="xs:dateTime"/>
      <xs:element minOccurs="0" name="LastPasswordChangedDate" type="xs:dateTime"/>
      <xs:element minOccurs="0" name="LoweredEmail" nillable="true" type="xs:string"/>
      <xs:element minOccurs="0" name="MobilePIN" nillable="true" type="xs:string"/>
      <xs:element minOccurs="0" name="Password" nillable="true" type="xs:string"/>
      <xs:element minOccurs="0" name="PasswordAnswer" nillable="true" type="xs:string"/>
      <xs:element minOccurs="0" name="PasswordFormat" type="xs:int"/>
      <xs:element minOccurs="0" name="PasswordQuestion" nillable="true" type="xs:string"/>
      <xs:element minOccurs="0" name="PasswordSalt" nillable="true" type="xs:string"/>
      <xs:element minOccurs="0" name="UserId" type="ser:guid"/>
      <xs:element minOccurs="0" name="aspnet_Applications" nillable="true" type="tns:aspnet_Applications"/>
      <xs:element minOccurs="0" name="aspnet_Applications1" nillable="true" type="tns:aspnet_Applications"/>
      <xs:element minOccurs="0" name="aspnet_Users" nillable="true" type="tns:aspnet_Users"/>
      <xs:element minOccurs="0" name="aspnet_Users1" nillable="true" type="tns:aspnet_Users"/>
    </xs:sequence>
  </xs:complexType>
  <xs:element name="aspnet_Membership" nillable="true" type="tns:aspnet_Membership"/>
  <xs:complexType name="ArrayOfaspnet_Paths">
    <xs:sequence>
      <xs:element minOccurs="0" maxOccurs="unbounded" name="aspnet_Paths" nillable="true" type="tns:aspnet_Paths"/>
    </xs:sequence>
  </xs:complexType>
  <xs:element name="ArrayOfaspnet_Paths" nillable="true" type="tns:ArrayOfaspnet_Paths"/>
  <xs:complexType name="aspnet_Paths">
    <xs:sequence>
      <xs:element minOccurs="0" name="ApplicationId" type="ser:guid"/>
      <xs:element minOccurs="0" name="LoweredPath" nillable="true" type="xs:string"/>
      <xs:element minOccurs="0" name="Path" nillable="true" type="xs:string"/>
      <xs:element minOccurs="0" name="PathId" type="ser:guid"/>
      <xs:element minOccurs="0" name="aspnet_Applications" nillable="true" type="tns:aspnet_Applications"/>
      <xs:element minOccurs="0" name="aspnet_Applications1" nillable="true" type="tns:aspnet_Applications"/>
      <xs:element minOccurs="0" name="aspnet_PersonalizationAllUsers" nillable="true" type="tns:aspnet_PersonalizationAllUsers"/>
      <xs:element minOccurs="0" name="aspnet_PersonalizationAllUsers1" nillable="true" type="tns:aspnet_PersonalizationAllUsers"/>
      <xs:element minOccurs="0" name="aspnet_PersonalizationPerUser" nillable="true" type="tns:ArrayOfaspnet_PersonalizationPerUser"/>
      <xs:element minOccurs="0" name="aspnet_PersonalizationPerUser1" nillable="true" type="tns:ArrayOfaspnet_PersonalizationPerUser"/>
    </xs:sequence>
  </xs:complexType>
  <xs:element name="aspnet_Paths" nillable="true" type="tns:aspnet_Paths"/>
  <xs:complexType name="aspnet_PersonalizationAllUsers">
    <xs:sequence>
      <xs:element minOccurs="0" name="LastUpdatedDate" type="xs:dateTime"/>
      <xs:element minOccurs="0" name="PageSettings" nillable="true" type="q5:Binary" xmlns:q5="http://schemas.datacontract.org/2004/07/System.Data.Linq"/>
      <xs:element minOccurs="0" name="PathId" type="ser:guid"/>
      <xs:element minOccurs="0" name="aspnet_Paths" nillable="true" type="tns:aspnet_Paths"/>
      <xs:element minOccurs="0" name="aspnet_Paths1" nillable="true" type="tns:aspnet_Paths"/>
    </xs:sequence>
  </xs:complexType>
  <xs:element name="aspnet_PersonalizationAllUsers" nillable="true" type="tns:aspnet_PersonalizationAllUsers"/>
  <xs:complexType name="ArrayOfaspnet_PersonalizationPerUser">
    <xs:sequence>
      <xs:element minOccurs="0" maxOccurs="unbounded" name="aspnet_PersonalizationPerUser" nillable="true" type="tns:aspnet_PersonalizationPerUser"/>
    </xs:sequence>
  </xs:complexType>
  <xs:element name="ArrayOfaspnet_PersonalizationPerUser" nillable="true" type="tns:ArrayOfaspnet_PersonalizationPerUser"/>
  <xs:complexType name="aspnet_PersonalizationPerUser">
    <xs:sequence>
      <xs:element minOccurs="0" name="Id" type="ser:guid"/>
      <xs:element minOccurs="0" name="LastUpdatedDate" type="xs:dateTime"/>
      <xs:element minOccurs="0" name="PageSettings" nillable="true" type="q6:Binary" xmlns:q6="http://schemas.datacontract.org/2004/07/System.Data.Linq"/>
      <xs:element minOccurs="0" name="PathId" nillable="true" type="ser:guid"/>
      <xs:element minOccurs="0" name="UserId" nillable="true" type="ser:guid"/>
      <xs:element minOccurs="0" name="aspnet_Paths" nillable="true" type="tns:aspnet_Paths"/>
      <xs:element minOccurs="0" name="aspnet_Paths1" nillable="true" type="tns:aspnet_Paths"/>
      <xs:element minOccurs="0" name="aspnet_Users" nillable="true" type="tns:aspnet_Users"/>
      <xs:element minOccurs="0" name="aspnet_Users1" nillable="true" type="tns:aspnet_Users"/>
    </xs:sequence>
  </xs:complexType>
  <xs:element name="aspnet_PersonalizationPerUser" nillable="true" type="tns:aspnet_PersonalizationPerUser"/>
  <xs:complexType name="ArrayOfaspnet_Roles">
    <xs:sequence>
      <xs:element minOccurs="0" maxOccurs="unbounded" name="aspnet_Roles" nillable="true" type="tns:aspnet_Roles"/>
    </xs:sequence>
  </xs:complexType>
  <xs:element name="ArrayOfaspnet_Roles" nillable="true" type="tns:ArrayOfaspnet_Roles"/>
  <xs:complexType name="aspnet_Roles">
    <xs:sequence>
      <xs:element minOccurs="0" name="ApplicationId" type="ser:guid"/>
      <xs:element minOccurs="0" name="Description" nillable="true" type="xs:string"/>
      <xs:element minOccurs="0" name="LoweredRoleName" nillable="true" type="xs:string"/>
      <xs:element minOccurs="0" name="RoleId" type="ser:guid"/>
      <xs:element minOccurs="0" name="RoleName" nillable="true" type="xs:string"/>
      <xs:element minOccurs="0" name="aspnet_Applications" nillable="true" type="tns:aspnet_Applications"/>
      <xs:element minOccurs="0" name="aspnet_Applications1" nillable="true" type="tns:aspnet_Applications"/>
      <xs:element minOccurs="0" name="aspnet_Roles_Custom_Applications" nillable="true" type="tns:aspnet_Roles_Custom_Applications"/>
      <xs:element minOccurs="0" name="aspnet_UsersInRoles" nillable="true" type="tns:ArrayOfaspnet_UsersInRoles"/>
      <xs:element minOccurs="0" name="aspnet_UsersInRoles1" nillable="true" type="tns:ArrayOfaspnet_UsersInRoles"/>
    </xs:sequence>
  </xs:complexType>
  <xs:element name="aspnet_Roles" nillable="true" type="tns:aspnet_Roles"/>
  <xs:complexType name="aspnet_Roles_Custom_Applications">
    <xs:sequence>
      <xs:element minOccurs="0" name="ApplicationId" type="ser:guid"/>
      <xs:element minOccurs="0" name="RoleId" type="ser:guid"/>
      <xs:element minOccurs="0" name="aspnet_Custom_Applications" nillable="true" type="tns:aspnet_Custom_Applications"/>
      <xs:element minOccurs="0" name="aspnet_Roles" nillable="true" type="tns:aspnet_Roles"/>
      <xs:element minOccurs="0" name="aspnet_Roles_Menu_Actions" nillable="true" type="tns:ArrayOfaspnet_Roles_Menu_Actions"/>
      <xs:element minOccurs="0" name="aspnet_Roles_Menu_Applications" nillable="true" type="tns:ArrayOfaspnet_Roles_Menu_Applications"/>
    </xs:sequence>
  </xs:complexType>
  <xs:element name="aspnet_Roles_Custom_Applications" nillable="true" type="tns:aspnet_Roles_Custom_Applications"/>
  <xs:complexType name="aspnet_Custom_Applications">
    <xs:sequence>
      <xs:element minOccurs="0" name="ApplicationId" type="ser:guid"/>
      <xs:element minOccurs="0" name="ApplicationName" nillable="true" type="xs:string"/>
      <xs:element minOccurs="0" name="ApplicationPath" nillable="true" type="xs:string"/>
      <xs:element minOccurs="0" name="Description" nillable="true" type="xs:string"/>
      <xs:element minOccurs="0" name="LoweredApplicationName" nillable="true" type="xs:string"/>
      <xs:element minOccurs="0" name="aspnet_Menu_Applications" nillable="true" type="tns:ArrayOfaspnet_Menu_Applications"/>
      <xs:element minOccurs="0" name="aspnet_Roles_Custom_Applications" nillable="true" type="tns:ArrayOfaspnet_Roles_Custom_Applications"/>
    </xs:sequence>
  </xs:complexType>
  <xs:element name="aspnet_Custom_Applications" nillable="true" type="tns:aspnet_Custom_Applications"/>
  <xs:complexType name="ArrayOfaspnet_Menu_Applications">
    <xs:sequence>
      <xs:element minOccurs="0" maxOccurs="unbounded" name="aspnet_Menu_Applications" nillable="true" type="tns:aspnet_Menu_Applications"/>
    </xs:sequence>
  </xs:complexType>
  <xs:element name="ArrayOfaspnet_Menu_Applications" nillable="true" type="tns:ArrayOfaspnet_Menu_Applications"/>
  <xs:complexType name="aspnet_Menu_Applications">
    <xs:sequence>
      <xs:element minOccurs="0" name="ApplicationId" type="ser:guid"/>
      <xs:element minOccurs="0" name="Description" nillable="true" type="xs:string"/>
      <xs:element minOccurs="0" name="LoweredMenuName" nillable="true" type="xs:string"/>
      <xs:element minOccurs="0" name="MenuId" type="ser:guid"/>
      <xs:element minOccurs="0" name="MenuIdParent" nillable="true" type="ser:guid"/>
      <xs:element minOccurs="0" name="MenuLevel" type="xs:int"/>
      <xs:element minOccurs="0" name="MenuName" nillable="true" type="xs:string"/>
      <xs:element minOccurs="0" name="MenuPath" nillable="true" type="xs:string"/>
      <xs:element minOccurs="0" name="aspnet_Custom_Applications" nillable="true" type="tns:aspnet_Custom_Applications"/>
      <xs:element minOccurs="0" name="aspnet_Menu_Actions" nillable="true" type="tns:ArrayOfaspnet_Menu_Actions"/>
      <xs:element minOccurs="0" name="aspnet_Roles_Menu_Applications" nillable="true" type="tns:ArrayOfaspnet_Roles_Menu_Applications"/>
      <xs:element minOccurs="0" name="secuencia" type="xs:decimal"/>
    </xs:sequence>
  </xs:complexType>
  <xs:element name="aspnet_Menu_Applications" nillable="true" type="tns:aspnet_Menu_Applications"/>
  <xs:complexType name="ArrayOfaspnet_Menu_Actions">
    <xs:sequence>
      <xs:element minOccurs="0" maxOccurs="unbounded" name="aspnet_Menu_Actions" nillable="true" type="tns:aspnet_Menu_Actions"/>
    </xs:sequence>
  </xs:complexType>
  <xs:element name="ArrayOfaspnet_Menu_Actions" nillable="true" type="tns:ArrayOfaspnet_Menu_Actions"/>
  <xs:complexType name="aspnet_Menu_Actions">
    <xs:sequence>
      <xs:element minOccurs="0" name="ActionId" type="ser:guid"/>
      <xs:element minOccurs="0" name="ActionName" nillable="true" type="xs:string"/>
      <xs:element minOccurs="0" name="ApplicationId" type="ser:guid"/>
      <xs:element minOccurs="0" name="LoweredActionName" nillable="true" type="xs:string"/>
      <xs:element minOccurs="0" name="MenuId" type="ser:guid"/>
      <xs:element minOccurs="0" name="aspnet_Menu_Applications" nillable="true" type="tns:aspnet_Menu_Applications"/>
      <xs:element minOccurs="0" name="aspnet_Roles_Menu_Actions" nillable="true" type="tns:ArrayOfaspnet_Roles_Menu_Actions"/>
    </xs:sequence>
  </xs:complexType>
  <xs:element name="aspnet_Menu_Actions" nillable="true" type="tns:aspnet_Menu_Actions"/>
  <xs:complexType name="ArrayOfaspnet_Roles_Menu_Actions">
    <xs:sequence>
      <xs:element minOccurs="0" maxOccurs="unbounded" name="aspnet_Roles_Menu_Actions" nillable="true" type="tns:aspnet_Roles_Menu_Actions"/>
    </xs:sequence>
  </xs:complexType>
  <xs:element name="ArrayOfaspnet_Roles_Menu_Actions" nillable="true" type="tns:ArrayOfaspnet_Roles_Menu_Actions"/>
  <xs:complexType name="aspnet_Roles_Menu_Actions">
    <xs:sequence>
      <xs:element minOccurs="0" name="ActionId" type="ser:guid"/>
      <xs:element minOccurs="0" name="ApplicationId" type="ser:guid"/>
      <xs:element minOccurs="0" name="MenuId" type="ser:guid"/>
      <xs:element minOccurs="0" name="RoleId" type="ser:guid"/>
      <xs:element minOccurs="0" name="aspnet_Menu_Actions" nillable="true" type="tns:aspnet_Menu_Actions"/>
      <xs:element minOccurs="0" name="aspnet_Roles_Custom_Applications" nillable="true" type="tns:aspnet_Roles_Custom_Applications"/>
    </xs:sequence>
  </xs:complexType>
  <xs:element name="aspnet_Roles_Menu_Actions" nillable="true" type="tns:aspnet_Roles_Menu_Actions"/>
  <xs:complexType name="ArrayOfaspnet_Roles_Menu_Applications">
    <xs:sequence>
      <xs:element minOccurs="0" maxOccurs="unbounded" name="aspnet_Roles_Menu_Applications" nillable="true" type="tns:aspnet_Roles_Menu_Applications"/>
    </xs:sequence>
  </xs:complexType>
  <xs:element name="ArrayOfaspnet_Roles_Menu_Applications" nillable="true" type="tns:ArrayOfaspnet_Roles_Menu_Applications"/>
  <xs:complexType name="aspnet_Roles_Menu_Applications">
    <xs:sequence>
      <xs:element minOccurs="0" name="ApplicationId" type="ser:guid"/>
      <xs:element minOccurs="0" name="MenuId" type="ser:guid"/>
      <xs:element minOccurs="0" name="RoleId" type="ser:guid"/>
      <xs:element minOccurs="0" name="aspnet_Menu_Applications" nillable="true" type="tns:aspnet_Menu_Applications"/>
      <xs:element minOccurs="0" name="aspnet_Roles_Custom_Applications" nillable="true" type="tns:aspnet_Roles_Custom_Applications"/>
    </xs:sequence>
  </xs:complexType>
  <xs:element name="aspnet_Roles_Menu_Applications" nillable="true" type="tns:aspnet_Roles_Menu_Applications"/>
  <xs:complexType name="ArrayOfaspnet_Roles_Custom_Applications">
    <xs:sequence>
      <xs:element minOccurs="0" maxOccurs="unbounded" name="aspnet_Roles_Custom_Applications" nillable="true" type="tns:aspnet_Roles_Custom_Applications"/>
    </xs:sequence>
  </xs:complexType>
  <xs:element name="ArrayOfaspnet_Roles_Custom_Applications" nillable="true" type="tns:ArrayOfaspnet_Roles_Custom_Applications"/>
  <xs:complexType name="ArrayOfaspnet_UsersInRoles">
    <xs:sequence>
      <xs:element minOccurs="0" maxOccurs="unbounded" name="aspnet_UsersInRoles" nillable="true" type="tns:aspnet_UsersInRoles"/>
    </xs:sequence>
  </xs:complexType>
  <xs:element name="ArrayOfaspnet_UsersInRoles" nillable="true" type="tns:ArrayOfaspnet_UsersInRoles"/>
  <xs:complexType name="aspnet_UsersInRoles">
    <xs:sequence>
      <xs:element minOccurs="0" name="RoleId" type="ser:guid"/>
      <xs:element minOccurs="0" name="UserId" type="ser:guid"/>
      <xs:element minOccurs="0" name="aspnet_Roles" nillable="true" type="tns:aspnet_Roles"/>
      <xs:element minOccurs="0" name="aspnet_Roles1" nillable="true" type="tns:aspnet_Roles"/>
      <xs:element minOccurs="0" name="aspnet_Users" nillable="true" type="tns:aspnet_Users"/>
      <xs:element minOccurs="0" name="aspnet_Users1" nillable="true" type="tns:aspnet_Users"/>
    </xs:sequence>
  </xs:complexType>
  <xs:element name="aspnet_UsersInRoles" nillable="true" type="tns:aspnet_UsersInRoles"/>
  <xs:complexType name="ArrayOfaspnet_Users">
    <xs:sequence>
      <xs:element minOccurs="0" maxOccurs="unbounded" name="aspnet_Users" nillable="true" type="tns:aspnet_Users"/>
    </xs:sequence>
  </xs:complexType>
  <xs:element name="ArrayOfaspnet_Users" nillable="true" type="tns:ArrayOfaspnet_Users"/>
  <xs:complexType name="aspnet_Profile">
    <xs:sequence>
      <xs:element minOccurs="0" name="LastUpdatedDate" type="xs:dateTime"/>
      <xs:element minOccurs="0" name="PropertyNames" nillable="true" type="xs:string"/>
      <xs:element minOccurs="0" name="PropertyValuesBinary" nillable="true" type="q7:Binary" xmlns:q7="http://schemas.datacontract.org/2004/07/System.Data.Linq"/>
      <xs:element minOccurs="0" name="PropertyValuesString" nillable="true" type="xs:string"/>
      <xs:element minOccurs="0" name="UserId" type="ser:guid"/>
      <xs:element minOccurs="0" name="aspnet_Users" nillable="true" type="tns:aspnet_Users"/>
      <xs:element minOccurs="0" name="aspnet_Users1" nillable="true" type="tns:aspnet_Users"/>
    </xs:sequence>
  </xs:complexType>
  <xs:element name="aspnet_Profile" nillable="true" type="tns:aspnet_Profile"/>
  <xs:complexType name="ArrayOfGAR_Gestion_Anexos_Recepcion_Avanzada">
    <xs:sequence>
      <xs:element minOccurs="0" maxOccurs="unbounded" name="GAR_Gestion_Anexos_Recepcion_Avanzada" nillable="true" type="tns:GAR_Gestion_Anexos_Recepcion_Avanzada"/>
    </xs:sequence>
  </xs:complexType>
  <xs:element name="ArrayOfGAR_Gestion_Anexos_Recepcion_Avanzada" nillable="true" type="tns:ArrayOfGAR_Gestion_Anexos_Recepcion_Avanzada"/>
  <xs:complexType name="GAR_Gestion_Anexos_Recepcion_Avanzada">
    <xs:sequence>
      <xs:element minOccurs="0" name="GAR_Aprobado" nillable="true" type="xs:boolean"/>
      <xs:element minOccurs="0" name="GAR_Fecha_Ajuste_Proveedor" nillable="true" type="xs:dateTime"/>
      <xs:element minOccurs="0" name="GAR_Fecha_Creacion" nillable="true" type="xs:dateTime"/>
      <xs:element minOccurs="0" name="GAR_Id_Gestion_Anexo" type="xs:int"/>
      <xs:element minOccurs="0" name="GAR_Motivo_Devolucion" nillable="true" type="xs:string"/>
      <xs:element minOccurs="0" name="GAR_Usuario_Creacion" nillable="true" type="xs:string"/>
      <xs:element minOccurs="0" name="GAR_Usuario_Modificacion" nillable="true" type="xs:string"/>
      <xs:element minOccurs="0" name="ITR_Informacion_Tramite_Recepcion" nillable="true" type="tns:ITR_Informacion_Tramite_Recepcion"/>
      <xs:element minOccurs="0" name="ITR_id_documento" nillable="true" type="xs:int"/>
    </xs:sequence>
  </xs:complexType>
  <xs:element name="GAR_Gestion_Anexos_Recepcion_Avanzada" nillable="true" type="tns:GAR_Gestion_Anexos_Recepcion_Avanzada"/>
  <xs:complexType name="RUBR_Rubros_Recepcion">
    <xs:sequence>
      <xs:element minOccurs="0" name="EMP_Empresa" nillable="true" type="tns:EMP_Empresa"/>
      <xs:element minOccurs="0" name="Emp_id_empresa" type="xs:int"/>
      <xs:element minOccurs="0" name="ITR_Informacion_Tramite_Recepcion" nillable="true" type="tns:ArrayOfITR_Informacion_Tramite_Recepcion"/>
      <xs:element minOccurs="0" name="RUBR_descripcion" nillable="true" type="xs:string"/>
      <xs:element minOccurs="0" name="RUBR_id_rubro" type="xs:int"/>
    </xs:sequence>
  </xs:complexType>
  <xs:element name="RUBR_Rubros_Recepcion" nillable="true" type="tns:RUBR_Rubros_Recepcion"/>
  <xs:complexType name="TGA_TipoGasto">
    <xs:sequence>
      <xs:element minOccurs="0" name="EMP_Empresa" nillable="true" type="tns:EMP_Empresa"/>
      <xs:element minOccurs="0" name="Emp_id_empresa" type="xs:int"/>
      <xs:element minOccurs="0" name="ITR_Informacion_Tramite_Recepcion" nillable="true" type="tns:ArrayOfITR_Informacion_Tramite_Recepcion"/>
      <xs:element minOccurs="0" name="TGA_id" type="xs:int"/>
      <xs:element minOccurs="0" name="TGA_nombre" nillable="true" type="xs:string"/>
    </xs:sequence>
  </xs:complexType>
  <xs:element name="TGA_TipoGasto" nillable="true" type="tns:TGA_TipoGasto"/>
  <xs:complexType name="FV_FPG_FormasPago">
    <xs:sequence>
      <xs:element minOccurs="0" name="CLG_Cliente_Configuracion" nillable="true" type="tns:ArrayOfCLG_Cliente_Configuracion"/>
      <xs:element minOccurs="0" name="FV_Codigo_FPG_FormasPago" nillable="true" type="xs:string"/>
      <xs:element minOccurs="0" name="FV_Id_FPG_FormasPago" type="xs:int"/>
      <xs:element minOccurs="0" name="FV_Significado_FPG_FormasPago" nillable="true" type="xs:string"/>
    </xs:sequence>
  </xs:complexType>
  <xs:element name="FV_FPG_FormasPago" nillable="true" type="tns:FV_FPG_FormasPago"/>
  <xs:complexType name="FV_MPG_MediosPago">
    <xs:sequence>
      <xs:element minOccurs="0" name="CLG_Cliente_Configuracion" nillable="true" type="tns:ArrayOfCLG_Cliente_Configuracion"/>
      <xs:element minOccurs="0" name="FV_MPG_Codigo_MediosPago" nillable="true" type="xs:string"/>
      <xs:element minOccurs="0" name="FV_MPG_Descripcion_MediosPago" nillable="true" type="xs:string"/>
      <xs:element minOccurs="0" name="FV_MPG_ID_MediosPago" type="xs:int"/>
    </xs:sequence>
  </xs:complexType>
  <xs:element name="FV_MPG_MediosPago" nillable="true" type="tns:FV_MPG_MediosPago"/>
  <xs:complexType name="NOM_Banco">
    <xs:sequence>
      <xs:element minOccurs="0" name="CLG_Cliente_Configuracion" nillable="true" type="tns:ArrayOfCLG_Cliente_Configuracion"/>
      <xs:element minOccurs="0" name="NOM_Descripcion_Bancos" nillable="true" type="xs:string"/>
      <xs:element minOccurs="0" name="NOM_id_Banco" type="xs:int"/>
    </xs:sequence>
  </xs:complexType>
  <xs:element name="NOM_Banco" nillable="true" type="tns:NOM_Banco"/>
  <xs:complexType name="NOM_SubTipoTrabajadorDIAN">
    <xs:sequence>
      <xs:element minOccurs="0" name="CLG_Cliente_Configuracion" nillable="true" type="tns:ArrayOfCLG_Cliente_Configuracion"/>
      <xs:element minOccurs="0" name="NOM_Codigo_SubTipoTrabajadorDIAN" nillable="true" type="xs:string"/>
      <xs:element minOccurs="0" name="NOM_Id_SubTipoTrabajadorDIAN" type="xs:int"/>
      <xs:element minOccurs="0" name="NOM_Significado_SubTipoTrabajadorDIAN" nillable="true" type="xs:string"/>
    </xs:sequence>
  </xs:complexType>
  <xs:element name="NOM_SubTipoTrabajadorDIAN" nillable="true" type="tns:NOM_SubTipoTrabajadorDIAN"/>
  <xs:complexType name="NOM_TipoContrato">
    <xs:sequence>
      <xs:element minOccurs="0" name="CLG_Cliente_Configuracion" nillable="true" type="tns:ArrayOfCLG_Cliente_Configuracion"/>
      <xs:element minOccurs="0" name="NOM_Codigo_TipoContrato" nillable="true" type="xs:string"/>
      <xs:element minOccurs="0" name="NOM_Significado_TipoContrato" nillable="true" type="xs:string"/>
      <xs:element minOccurs="0" name="NOM_id_TipoContrato" type="xs:int"/>
    </xs:sequence>
  </xs:complexType>
  <xs:element name="NOM_TipoContrato" nillable="true" type="tns:NOM_TipoContrato"/>
  <xs:complexType name="NOM_TipoTrabajador">
    <xs:sequence>
      <xs:element minOccurs="0" name="CLG_Cliente_Configuracion" nillable="true" type="tns:ArrayOfCLG_Cliente_Configuracion"/>
      <xs:element minOccurs="0" name="NOM_Codigo_TipoTrabajador" nillable="true" type="xs:string"/>
      <xs:element minOccurs="0" name="NOM_Id_TipoTrabajador" type="xs:int"/>
      <xs:element minOccurs="0" name="NOM_Significado_TipoTrabajador" nillable="true" type="xs:string"/>
    </xs:sequence>
  </xs:complexType>
  <xs:element name="NOM_TipoTrabajador" nillable="true" type="tns:NOM_TipoTrabajador"/>
  <xs:complexType name="TCT_TiposCuenta">
    <xs:sequence>
      <xs:element minOccurs="0" name="CBA_Cuentas_Bancarias_Proveedor" nillable="true" type="tns:ArrayOfCBA_Cuentas_Bancarias_Proveedor"/>
      <xs:element minOccurs="0" name="CLG_Cliente_Configuracion" nillable="true" type="tns:ArrayOfCLG_Cliente_Configuracion"/>
      <xs:element minOccurs="0" name="TCT_accountNumberType" nillable="true" type="xs:string"/>
      <xs:element minOccurs="0" name="TCT_descripcion" nillable="true" type="xs:string"/>
      <xs:element minOccurs="0" name="TCT_id_tipocuenta" type="xs:int"/>
    </xs:sequence>
  </xs:complexType>
  <xs:element name="TCT_TiposCuenta" nillable="true" type="tns:TCT_TiposCuenta"/>
  <xs:complexType name="ArrayOfCBA_Cuentas_Bancarias_Proveedor">
    <xs:sequence>
      <xs:element minOccurs="0" maxOccurs="unbounded" name="CBA_Cuentas_Bancarias_Proveedor" nillable="true" type="tns:CBA_Cuentas_Bancarias_Proveedor"/>
    </xs:sequence>
  </xs:complexType>
  <xs:element name="ArrayOfCBA_Cuentas_Bancarias_Proveedor" nillable="true" type="tns:ArrayOfCBA_Cuentas_Bancarias_Proveedor"/>
  <xs:complexType name="CBA_Cuentas_Bancarias_Proveedor">
    <xs:sequence>
      <xs:element minOccurs="0" name="CBA_cuenta_bancaria" nillable="true" type="xs:string"/>
      <xs:element minOccurs="0" name="CBA_id_cuenta_bancaria" type="xs:int"/>
      <xs:element minOccurs="0" name="CBA_nombre_banco" nillable="true" type="xs:string"/>
      <xs:element minOccurs="0" name="REC_EmpresasRecibe" nillable="true" type="tns:REC_EmpresasRecibe"/>
      <xs:element minOccurs="0" name="TCT_TiposCuenta" nillable="true" type="tns:TCT_TiposCuenta"/>
      <xs:element minOccurs="0" name="TCT_id_tipocuenta" type="xs:int"/>
      <xs:element minOccurs="0" name="rec_id_rel_recepcion" type="xs:int"/>
    </xs:sequence>
  </xs:complexType>
  <xs:element name="CBA_Cuentas_Bancarias_Proveedor" nillable="true" type="tns:CBA_Cuentas_Bancarias_Proveedor"/>
  <xs:complexType name="REC_EmpresasRecibe">
    <xs:sequence>
      <xs:element minOccurs="0" name="CBA_Cuentas_Bancarias_Proveedors" nillable="true" type="tns:ArrayOfCBA_Cuentas_Bancarias_Proveedor"/>
      <xs:element minOccurs="0" name="DVE_Detalle_Convenio_Financiero" nillable="true" type="tns:ArrayOfDVE_Detalle_Convenio_Financiero"/>
      <xs:element minOccurs="0" name="EMP_Empresa" nillable="true" type="tns:EMP_Empresa"/>
      <xs:element minOccurs="0" name="EMP_Empresa1" nillable="true" type="tns:EMP_Empresa"/>
      <xs:element minOccurs="0" name="RNE_Reglas_Negociacion_Servicio_Proveedors" nillable="true" type="tns:ArrayOfRNE_Reglas_Negociacion_Servicio_Proveedor"/>
      <xs:element minOccurs="0" name="emp_id_empresa" type="xs:int"/>
      <xs:element minOccurs="0" name="emp_id_empresa_recibe" type="xs:int"/>
      <xs:element minOccurs="0" name="rec_fecha_muestra_facturas" type="xs:dateTime"/>
      <xs:element minOccurs="0" name="rec_id_rel_recepcion" type="xs:int"/>
    </xs:sequence>
  </xs:complexType>
  <xs:element name="REC_EmpresasRecibe" nillable="true" type="tns:REC_EmpresasRecibe"/>
  <xs:complexType name="ArrayOfDVE_Detalle_Convenio_Financiero">
    <xs:sequence>
      <xs:element minOccurs="0" maxOccurs="unbounded" name="DVE_Detalle_Convenio_Financiero" nillable="true" type="tns:DVE_Detalle_Convenio_Financiero"/>
    </xs:sequence>
  </xs:complexType>
  <xs:element name="ArrayOfDVE_Detalle_Convenio_Financiero" nillable="true" type="tns:ArrayOfDVE_Detalle_Convenio_Financiero"/>
  <xs:complexType name="DVE_Detalle_Convenio_Financiero">
    <xs:sequence>
      <xs:element minOccurs="0" name="CVE_Convenios_Financieros" nillable="true" type="tns:CVE_Convenios_Financieros"/>
      <xs:element minOccurs="0" name="CVE_dias_adicionales_comportamiento_pago" nillable="true" type="xs:int"/>
      <xs:element minOccurs="0" name="CVE_financiero_DTF_Tipo" nillable="true" type="xs:string"/>
      <xs:element minOccurs="0" name="CVE_financiero_porcentaje_DDP" nillable="true" type="xs:decimal"/>
      <xs:element minOccurs="0" name="CVE_financiero_porcentaje_EA" nillable="true" type="xs:decimal"/>
      <xs:element minOccurs="0" name="CVE_financiero_puntos_DTF" nillable="true" type="xs:decimal"/>
      <xs:element minOccurs="0" name="CVE_id_convenio" type="xs:int"/>
      <xs:element minOccurs="0" name="CVE_negociacion_automatico" type="xs:boolean"/>
      <xs:element minOccurs="0" name="DVE_financiero_cupo_disponible" type="xs:decimal"/>
      <xs:element minOccurs="0" name="DVE_financiero_cupo_máximo" type="xs:decimal"/>
      <xs:element minOccurs="0" name="DVE_id_detalle_convenio" type="xs:int"/>
      <xs:element minOccurs="0" name="EDC_EstadoDetalleConvenio" nillable="true" type="tns:EDC_EstadoDetalleConvenio"/>
      <xs:element minOccurs="0" name="REC_EmpresasRecibe" nillable="true" type="tns:REC_EmpresasRecibe"/>
      <xs:element minOccurs="0" name="TCN_TiposConvenio" nillable="true" type="tns:TCN_TiposConvenio"/>
      <xs:element minOccurs="0" name="TCN_id_tipo_convenio" type="xs:int"/>
      <xs:element minOccurs="0" name="TIN_Tipo_Interes" nillable="true" type="tns:TIN_Tipo_Interes"/>
      <xs:element minOccurs="0" name="TIN_id_tipo_interes" type="xs:int"/>
      <xs:element minOccurs="0" name="edc_id_estado_detalle_convenio" nillable="true" type="xs:int"/>
      <xs:element minOccurs="0" name="rec_id_rel_recepcion" type="xs:int"/>
    </xs:sequence>
  </xs:complexType>
  <xs:element name="DVE_Detalle_Convenio_Financiero" nillable="true" type="tns:DVE_Detalle_Convenio_Financiero"/>
  <xs:complexType name="CVE_Convenios_Financieros">
    <xs:sequence>
      <xs:element minOccurs="0" name="CVE_calculo_dias_ano" type="xs:int"/>
      <xs:element minOccurs="0" name="CVE_codigo_convenio_fondeador" nillable="true" type="xs:string"/>
      <xs:element minOccurs="0" name="CVE_descripcion_convenio" nillable="true" type="xs:string"/>
      <xs:element minOccurs="0" name="CVE_desembolso_horas_anulacion_antes" type="xs:int"/>
      <xs:element minOccurs="0" name="CVE_dias_adicionales_comportamiento_pago" nillable="true" type="xs:int"/>
      <xs:element minOccurs="0" name="CVE_fecha_vigencia" nillable="true" type="xs:dateTime"/>
      <xs:element minOccurs="0" name="CVE_financiero_DTF_Tipo" nillable="true" type="xs:string"/>
      <xs:element minOccurs="0" name="CVE_financiero_cupo_disponible" type="xs:decimal"/>
      <xs:element minOccurs="0" name="CVE_financiero_cupo_máximo" type="xs:decimal"/>
      <xs:element minOccurs="0" name="CVE_financiero_porcentaje_DDP" nillable="true" type="xs:decimal"/>
      <xs:element minOccurs="0" name="CVE_financiero_porcentaje_EA" nillable="true" type="xs:decimal"/>
      <xs:element minOccurs="0" name="CVE_financiero_puntos_DTF" nillable="true" type="xs:decimal"/>
      <xs:element minOccurs="0" name="CVE_id_convenio" type="xs:int"/>
      <xs:element minOccurs="0" name="CVE_nombre_convenio" nillable="true" type="xs:string"/>
      <xs:element minOccurs="0" name="CVE_tasa_referenciador" nillable="true" type="xs:decimal"/>
      <xs:element minOccurs="0" name="DVE_Detalle_Convenio_Financiero" nillable="true" type="tns:ArrayOfDVE_Detalle_Convenio_Financiero"/>
      <xs:element minOccurs="0" name="EMP_Empresa" nillable="true" type="tns:EMP_Empresa"/>
      <xs:element minOccurs="0" name="EMP_id_empresa" type="xs:int"/>
      <xs:element minOccurs="0" name="FON_Fondeadores" nillable="true" type="tns:FON_Fondeadores"/>
      <xs:element minOccurs="0" name="FON_id_fondeador" type="xs:int"/>
      <xs:element minOccurs="0" name="LCVE_Log_Cambios_Convenios_Financieros" nillable="true" type="tns:ArrayOfLCVE_Log_Cambios_Convenios_Financieros"/>
      <xs:element minOccurs="0" name="REF_Referenciadores" nillable="true" type="tns:REF_Referenciadores"/>
      <xs:element minOccurs="0" name="REF_id_referenciador" nillable="true" type="xs:int"/>
      <xs:element minOccurs="0" name="TCN_TiposConvenio" nillable="true" type="tns:TCN_TiposConvenio"/>
      <xs:element minOccurs="0" name="TCN_id_tipo_convenio" type="xs:int"/>
      <xs:element minOccurs="0" name="TIN_Tipo_Interes" nillable="true" type="tns:TIN_Tipo_Interes"/>
      <xs:element minOccurs="0" name="TIN_id_tipo_interes" type="xs:int"/>
    </xs:sequence>
  </xs:complexType>
  <xs:element name="CVE_Convenios_Financieros" nillable="true" type="tns:CVE_Convenios_Financieros"/>
  <xs:complexType name="FON_Fondeadores">
    <xs:sequence>
      <xs:element minOccurs="0" name="CVE_Convenios_Financieros" nillable="true" type="tns:ArrayOfCVE_Convenios_Financieros"/>
      <xs:element minOccurs="0" name="EMP_Empresa" nillable="true" type="tns:EMP_Empresa"/>
      <xs:element minOccurs="0" name="Emp_id_empresa" nillable="true" type="xs:int"/>
      <xs:element minOccurs="0" name="FAC_CAF_ConfiguracionAnexosXFonds" nillable="true" type="tns:ArrayOfFAC_CAF_ConfiguracionAnexosXFond"/>
      <xs:element minOccurs="0" name="FAC_CAF_ConfiguracionAnexosXFonds1" nillable="true" type="tns:ArrayOfFAC_CAF_ConfiguracionAnexosXFond"/>
      <xs:element minOccurs="0" name="FAC_CVF_CampoVinculacionFondeador" nillable="true" type="tns:ArrayOfFAC_CVF_CampoVinculacionFondeador"/>
      <xs:element minOccurs="0" name="FAC_FactoryConfirming" nillable="true" type="tns:ArrayOfFAC_FactoryConfirming"/>
      <xs:element minOccurs="0" name="FAC_VNC_Vinculacion" nillable="true" type="tns:ArrayOfFAC_VNC_Vinculacion"/>
      <xs:element minOccurs="0" name="FON_descripcion_servicios_fondeador" nillable="true" type="xs:string"/>
      <xs:element minOccurs="0" name="FON_id_fondeador" type="xs:int"/>
      <xs:element minOccurs="0" name="FON_nombre_fondeador" nillable="true" type="xs:string"/>
      <xs:element minOccurs="0" name="FOO_Orden_Fondedores" nillable="true" type="tns:ArrayOfFOO_Orden_Fondedores"/>
    </xs:sequence>
  </xs:complexType>
  <xs:element name="FON_Fondeadores" nillable="true" type="tns:FON_Fondeadores"/>
  <xs:complexType name="ArrayOfCVE_Convenios_Financieros">
    <xs:sequence>
      <xs:element minOccurs="0" maxOccurs="unbounded" name="CVE_Convenios_Financieros" nillable="true" type="tns:CVE_Convenios_Financieros"/>
    </xs:sequence>
  </xs:complexType>
  <xs:element name="ArrayOfCVE_Convenios_Financieros" nillable="true" type="tns:ArrayOfCVE_Convenios_Financieros"/>
  <xs:complexType name="ArrayOfFAC_CAF_ConfiguracionAnexosXFond">
    <xs:sequence>
      <xs:element minOccurs="0" maxOccurs="unbounded" name="FAC_CAF_ConfiguracionAnexosXFond" nillable="true" type="tns:FAC_CAF_ConfiguracionAnexosXFond"/>
    </xs:sequence>
  </xs:complexType>
  <xs:element name="ArrayOfFAC_CAF_ConfiguracionAnexosXFond" nillable="true" type="tns:ArrayOfFAC_CAF_ConfiguracionAnexosXFond"/>
  <xs:complexType name="FAC_CAF_ConfiguracionAnexosXFond">
    <xs:sequence>
      <xs:element minOccurs="0" name="ANV_Id_Anexo_Vinculacion" nillable="true" type="xs:int"/>
      <xs:element minOccurs="0" name="CAF_Etapa_Vinculacion" nillable="true" type="xs:int"/>
      <xs:element minOccurs="0" name="CAF_Id_ConfiguracionAnexosXFond" type="xs:int"/>
      <xs:element minOccurs="0" name="FAC_ANV_AnexosVinculacion" nillable="true" type="tns:FAC_ANV_AnexosVinculacion"/>
      <xs:element minOccurs="0" name="FAC_GAN_Gestion_Anexos" nillable="true" type="tns:ArrayOfFAC_GAN_Gestion_Anexo"/>
      <xs:element minOccurs="0" name="FON_Fondeadores" nillable="true" type="tns:FON_Fondeadores"/>
      <xs:element minOccurs="0" name="FON_Fondeadores1" nillable="true" type="tns:FON_Fondeadores"/>
      <xs:element minOccurs="0" name="FON_Id_Fondeador" nillable="true" type="xs:int"/>
    </xs:sequence>
  </xs:complexType>
  <xs:element name="FAC_CAF_ConfiguracionAnexosXFond" nillable="true" type="tns:FAC_CAF_ConfiguracionAnexosXFond"/>
  <xs:complexType name="FAC_ANV_AnexosVinculacion">
    <xs:sequence>
      <xs:element minOccurs="0" name="ANV_Descripcion_Campo" nillable="true" type="xs:string"/>
      <xs:element minOccurs="0" name="ANV_Id_Anexo_Vinculacion" type="xs:int"/>
      <xs:element minOccurs="0" name="FAC_CAF_ConfiguracionAnexosXFonds" nillable="true" type="tns:ArrayOfFAC_CAF_ConfiguracionAnexosXFond"/>
    </xs:sequence>
  </xs:complexType>
  <xs:element name="FAC_ANV_AnexosVinculacion" nillable="true" type="tns:FAC_ANV_AnexosVinculacion"/>
  <xs:complexType name="ArrayOfFAC_GAN_Gestion_Anexo">
    <xs:sequence>
      <xs:element minOccurs="0" maxOccurs="unbounded" name="FAC_GAN_Gestion_Anexo" nillable="true" type="tns:FAC_GAN_Gestion_Anexo"/>
    </xs:sequence>
  </xs:complexType>
  <xs:element name="ArrayOfFAC_GAN_Gestion_Anexo" nillable="true" type="tns:ArrayOfFAC_GAN_Gestion_Anexo"/>
  <xs:complexType name="FAC_GAN_Gestion_Anexo">
    <xs:sequence>
      <xs:element minOccurs="0" name="CAF_Id_ConfiguracionAnexosXFond" type="xs:int"/>
      <xs:element minOccurs="0" name="EAN_EstadosAnexo" nillable="true" type="xs:int"/>
      <xs:element minOccurs="0" name="FAC_CAF_ConfiguracionAnexosXFond" nillable="true" type="tns:FAC_CAF_ConfiguracionAnexosXFond"/>
      <xs:element minOccurs="0" name="FAC_EAN_EstadosAnexo" nillable="true" type="tns:FAC_EAN_EstadosAnexo"/>
      <xs:element minOccurs="0" name="FAC_VNC_Vinculacion" nillable="true" type="tns:FAC_VNC_Vinculacion"/>
      <xs:element minOccurs="0" name="GAN_Fecha_Carga_Anexo" nillable="true" type="xs:dateTime"/>
      <xs:element minOccurs="0" name="GAN_Fecha_Gestion" nillable="true" type="xs:dateTime"/>
      <xs:element minOccurs="0" name="GAN_Id_Gestion_Anexo" type="xs:int"/>
      <xs:element minOccurs="0" name="GAN_Observaciones" nillable="true" type="xs:string"/>
      <xs:element minOccurs="0" name="GAN_Ruta_Archivo" nillable="true" type="xs:string"/>
      <xs:element minOccurs="0" name="GAN_Usuario_Gestion" nillable="true" type="xs:string"/>
      <xs:element minOccurs="0" name="VNC_Id_Vinculacion" type="xs:int"/>
    </xs:sequence>
  </xs:complexType>
  <xs:element name="FAC_GAN_Gestion_Anexo" nillable="true" type="tns:FAC_GAN_Gestion_Anexo"/>
  <xs:complexType name="FAC_EAN_EstadosAnexo">
    <xs:sequence>
      <xs:element minOccurs="0" name="EAN_Descripcion_Estado_Anexo" nillable="true" type="xs:string"/>
      <xs:element minOccurs="0" name="EAN_EstadosAnexo_id" type="xs:int"/>
      <xs:element minOccurs="0" name="FAC_GAN_Gestion_Anexos" nillable="true" type="tns:ArrayOfFAC_GAN_Gestion_Anexo"/>
    </xs:sequence>
  </xs:complexType>
  <xs:element name="FAC_EAN_EstadosAnexo" nillable="true" type="tns:FAC_EAN_EstadosAnexo"/>
  <xs:complexType name="FAC_VNC_Vinculacion">
    <xs:sequence>
      <xs:element minOccurs="0" name="EMP_Id_Empresa" type="xs:int"/>
      <xs:element minOccurs="0" name="EVN_Id_Estado_Vinculacion_Actual" type="xs:int"/>
      <xs:element minOccurs="0" name="FAC_EVN_EstadosVinculacion" nillable="true" type="tns:FAC_EVN_EstadosVinculacion"/>
      <xs:element minOccurs="0" name="FAC_GAN_Gestion_Anexos" nillable="true" type="tns:ArrayOfFAC_GAN_Gestion_Anexo"/>
      <xs:element minOccurs="0" name="FAC_PSN_Subscripcion" nillable="true" type="tns:FAC_PSN_Subscripcion"/>
      <xs:element minOccurs="0" name="FAC_VCV_VinculacionCampoValors" nillable="true" type="tns:ArrayOfFAC_VCV_VinculacionCampoValor"/>
      <xs:element minOccurs="0" name="FAC_VNH_VinculacionHistorias" nillable="true" type="tns:ArrayOfFAC_VNH_VinculacionHistoria"/>
      <xs:element minOccurs="0" name="FON_Fondeadores" nillable="true" type="tns:FON_Fondeadores"/>
      <xs:element minOccurs="0" name="FON_Id_Fondeador" type="xs:int"/>
      <xs:element minOccurs="0" name="PSN_Id_Suscripcion" nillable="true" type="xs:int"/>
      <xs:element minOccurs="0" name="VNC_Fecha_Creacion" type="xs:dateTime"/>
      <xs:element minOccurs="0" name="VNC_Fecha_Gestion" nillable="true" type="xs:dateTime"/>
      <xs:element minOccurs="0" name="VNC_Id_Vinculacion" type="xs:int"/>
      <xs:element minOccurs="0" name="VNC_Numero_Bizagi" nillable="true" type="xs:string"/>
      <xs:element minOccurs="0" name="VNC_Numero_SIGED" nillable="true" type="xs:string"/>
      <xs:element minOccurs="0" name="VNC_Usuario_Creacion" nillable="true" type="xs:string"/>
      <xs:element minOccurs="0" name="VNC_Usuario_Gestion" nillable="true" type="xs:string"/>
    </xs:sequence>
  </xs:complexType>
  <xs:element name="FAC_VNC_Vinculacion" nillable="true" type="tns:FAC_VNC_Vinculacion"/>
  <xs:complexType name="FAC_EVN_EstadosVinculacion">
    <xs:sequence>
      <xs:element minOccurs="0" name="EVN_Descripcion" nillable="true" type="xs:string"/>
      <xs:element minOccurs="0" name="EVN_Id_Estado_Vinculacion" type="xs:int"/>
      <xs:element minOccurs="0" name="FAC_VNC_Vinculacion" nillable="true" type="tns:ArrayOfFAC_VNC_Vinculacion"/>
      <xs:element minOccurs="0" name="FAC_VNH_VinculacionHistorias" nillable="true" type="tns:ArrayOfFAC_VNH_VinculacionHistoria"/>
    </xs:sequence>
  </xs:complexType>
  <xs:element name="FAC_EVN_EstadosVinculacion" nillable="true" type="tns:FAC_EVN_EstadosVinculacion"/>
  <xs:complexType name="ArrayOfFAC_VNC_Vinculacion">
    <xs:sequence>
      <xs:element minOccurs="0" maxOccurs="unbounded" name="FAC_VNC_Vinculacion" nillable="true" type="tns:FAC_VNC_Vinculacion"/>
    </xs:sequence>
  </xs:complexType>
  <xs:element name="ArrayOfFAC_VNC_Vinculacion" nillable="true" type="tns:ArrayOfFAC_VNC_Vinculacion"/>
  <xs:complexType name="ArrayOfFAC_VNH_VinculacionHistoria">
    <xs:sequence>
      <xs:element minOccurs="0" maxOccurs="unbounded" name="FAC_VNH_VinculacionHistoria" nillable="true" type="tns:FAC_VNH_VinculacionHistoria"/>
    </xs:sequence>
  </xs:complexType>
  <xs:element name="ArrayOfFAC_VNH_VinculacionHistoria" nillable="true" type="tns:ArrayOfFAC_VNH_VinculacionHistoria"/>
  <xs:complexType name="FAC_VNH_VinculacionHistoria">
    <xs:sequence>
      <xs:element minOccurs="0" name="EVN_Id_Estado_Vinculacion" nillable="true" type="xs:int"/>
      <xs:element minOccurs="0" name="FAC_EVN_EstadosVinculacion" nillable="true" type="tns:FAC_EVN_EstadosVinculacion"/>
      <xs:element minOccurs="0" name="FAC_VNC_Vinculacion" nillable="true" type="tns:FAC_VNC_Vinculacion"/>
      <xs:element minOccurs="0" name="VNC_Id_Vinculacion" type="xs:int"/>
      <xs:element minOccurs="0" name="VNH_Fecha_Gestion" nillable="true" type="xs:dateTime"/>
      <xs:element minOccurs="0" name="VNH_Id_Vinculacion_Historico" type="xs:int"/>
      <xs:element minOccurs="0" name="VNH_Usuario_Gestion" nillable="true" type="xs:string"/>
    </xs:sequence>
  </xs:complexType>
  <xs:element name="FAC_VNH_VinculacionHistoria" nillable="true" type="tns:FAC_VNH_VinculacionHistoria"/>
  <xs:complexType name="FAC_PSN_Subscripcion">
    <xs:sequence>
      <xs:element minOccurs="0" name="FAC_APP_Aplicacion" nillable="true" type="tns:FAC_APP_Aplicacion"/>
      <xs:element minOccurs="0" name="FAC_APP_Id" nillable="true" type="xs:int"/>
      <xs:element minOccurs="0" name="FAC_PSN_Cantidad_Notificaciones" nillable="true" type="xs:short"/>
      <xs:element minOccurs="0" name="FAC_PSN_Estado" nillable="true" type="xs:boolean"/>
      <xs:element minOccurs="0" name="FAC_PSN_Fecha_Creacion" nillable="true" type="xs:dateTime"/>
      <xs:element minOccurs="0" name="FAC_PSN_Id_Suscripcion" type="xs:int"/>
      <xs:element minOccurs="0" name="FAC_PSN_Numero_Celular" nillable="true" type="xs:string"/>
      <xs:element minOccurs="0" name="FAC_PSN_Tipo_Plataforma" nillable="true" type="xs:string"/>
      <xs:element minOccurs="0" name="FAC_PSN_Token_Dispositivo" nillable="true" type="xs:string"/>
      <xs:element minOccurs="0" name="FAC_VNC_Vinculacion" nillable="true" type="tns:ArrayOfFAC_VNC_Vinculacion"/>
    </xs:sequence>
  </xs:complexType>
  <xs:element name="FAC_PSN_Subscripcion" nillable="true" type="tns:FAC_PSN_Subscripcion"/>
  <xs:complexType name="FAC_APP_Aplicacion">
    <xs:sequence>
      <xs:element minOccurs="0" name="FAC_APP_Id" type="xs:int"/>
      <xs:element minOccurs="0" name="FAC_APP_Nombre" nillable="true" type="xs:string"/>
      <xs:element minOccurs="0" name="FAC_PSN_Subscripcions" nillable="true" type="tns:ArrayOfFAC_PSN_Subscripcion"/>
    </xs:sequence>
  </xs:complexType>
  <xs:element name="FAC_APP_Aplicacion" nillable="true" type="tns:FAC_APP_Aplicacion"/>
  <xs:complexType name="ArrayOfFAC_PSN_Subscripcion">
    <xs:sequence>
      <xs:element minOccurs="0" maxOccurs="unbounded" name="FAC_PSN_Subscripcion" nillable="true" type="tns:FAC_PSN_Subscripcion"/>
    </xs:sequence>
  </xs:complexType>
  <xs:element name="ArrayOfFAC_PSN_Subscripcion" nillable="true" type="tns:ArrayOfFAC_PSN_Subscripcion"/>
  <xs:complexType name="ArrayOfFAC_VCV_VinculacionCampoValor">
    <xs:sequence>
      <xs:element minOccurs="0" maxOccurs="unbounded" name="FAC_VCV_VinculacionCampoValor" nillable="true" type="tns:FAC_VCV_VinculacionCampoValor"/>
    </xs:sequence>
  </xs:complexType>
  <xs:element name="ArrayOfFAC_VCV_VinculacionCampoValor" nillable="true" type="tns:ArrayOfFAC_VCV_VinculacionCampoValor"/>
  <xs:complexType name="FAC_VCV_VinculacionCampoValor">
    <xs:sequence>
      <xs:element minOccurs="0" name="CVF_Id_Campo_Vinculacion_Fondeador" nillable="true" type="xs:int"/>
      <xs:element minOccurs="0" name="FAC_CVF_CampoVinculacionFondeador" nillable="true" type="tns:FAC_CVF_CampoVinculacionFondeador"/>
      <xs:element minOccurs="0" name="FAC_VNC_Vinculacion" nillable="true" type="tns:FAC_VNC_Vinculacion"/>
      <xs:element minOccurs="0" name="VCV_Id_VinculacionCampoValor" type="xs:int"/>
      <xs:element minOccurs="0" name="VCV_Valor" nillable="true" type="xs:string"/>
      <xs:element minOccurs="0" name="VNC_Id_Vinculacion" nillable="true" type="xs:int"/>
    </xs:sequence>
  </xs:complexType>
  <xs:element name="FAC_VCV_VinculacionCampoValor" nillable="true" type="tns:FAC_VCV_VinculacionCampoValor"/>
  <xs:complexType name="FAC_CVF_CampoVinculacionFondeador">
    <xs:sequence>
      <xs:element minOccurs="0" name="CVF_Expresion_Regular" nillable="true" type="xs:string"/>
      <xs:element minOccurs="0" name="CVF_Fuente_Datos" nillable="true" type="xs:string"/>
      <xs:element minOccurs="0" name="CVF_Id_Campo_Vinculacion_Fondeador" type="xs:int"/>
      <xs:element minOccurs="0" name="CVF_Llave" nillable="true" type="xs:string"/>
      <xs:element minOccurs="0" name="CVF_Nombre_Campo" nillable="true" type="xs:string"/>
      <xs:element minOccurs="0" name="CVF_Tipo_Campo" nillable="true" type="xs:int"/>
      <xs:element minOccurs="0" name="CVF_Valor" nillable="true" type="xs:string"/>
      <xs:element minOccurs="0" name="CVN_Id_CampoVinculacion" type="xs:int"/>
      <xs:element minOccurs="0" name="FAC_CVN_CampoVinculacion" nillable="true" type="tns:FAC_CVN_CampoVinculacion"/>
      <xs:element minOccurs="0" name="FAC_VCV_VinculacionCampoValors" nillable="true" type="tns:ArrayOfFAC_VCV_VinculacionCampoValor"/>
      <xs:element minOccurs="0" name="FON_Fondeadores" nillable="true" type="tns:FON_Fondeadores"/>
      <xs:element minOccurs="0" name="FON_Id_Fondeador" type="xs:int"/>
    </xs:sequence>
  </xs:complexType>
  <xs:element name="FAC_CVF_CampoVinculacionFondeador" nillable="true" type="tns:FAC_CVF_CampoVinculacionFondeador"/>
  <xs:complexType name="FAC_CVN_CampoVinculacion">
    <xs:sequence>
      <xs:element minOccurs="0" name="CVN_Descripcion_Campo" nillable="true" type="xs:string"/>
      <xs:element minOccurs="0" name="CVN_Id_CampoVinculacion" type="xs:int"/>
      <xs:element minOccurs="0" name="FAC_CVF_CampoVinculacionFondeador" nillable="true" type="tns:ArrayOfFAC_CVF_CampoVinculacionFondeador"/>
    </xs:sequence>
  </xs:complexType>
  <xs:element name="FAC_CVN_CampoVinculacion" nillable="true" type="tns:FAC_CVN_CampoVinculacion"/>
  <xs:complexType name="ArrayOfFAC_CVF_CampoVinculacionFondeador">
    <xs:sequence>
      <xs:element minOccurs="0" maxOccurs="unbounded" name="FAC_CVF_CampoVinculacionFondeador" nillable="true" type="tns:FAC_CVF_CampoVinculacionFondeador"/>
    </xs:sequence>
  </xs:complexType>
  <xs:element name="ArrayOfFAC_CVF_CampoVinculacionFondeador" nillable="true" type="tns:ArrayOfFAC_CVF_CampoVinculacionFondeador"/>
  <xs:complexType name="ArrayOfFAC_FactoryConfirming">
    <xs:sequence>
      <xs:element minOccurs="0" maxOccurs="unbounded" name="FAC_FactoryConfirming" nillable="true" type="tns:FAC_FactoryConfirming"/>
    </xs:sequence>
  </xs:complexType>
  <xs:element name="ArrayOfFAC_FactoryConfirming" nillable="true" type="tns:ArrayOfFAC_FactoryConfirming"/>
  <xs:complexType name="FAC_FactoryConfirming">
    <xs:sequence>
      <xs:element minOccurs="0" name="CFD_cfd_informacion" nillable="true" type="tns:CFD_cfd_informacion"/>
      <xs:element minOccurs="0" name="CFD_id_cfd" type="xs:int"/>
      <xs:element minOccurs="0" name="EMP_Empresa" nillable="true" type="tns:EMP_Empresa"/>
      <xs:element minOccurs="0" name="EMP_Empresa1" nillable="true" type="tns:EMP_Empresa"/>
      <xs:element minOccurs="0" name="EMP_Empresa2" nillable="true" type="tns:EMP_Empresa"/>
      <xs:element minOccurs="0" name="Emp_id_empresa_fondeador" type="xs:int"/>
      <xs:element minOccurs="0" name="Emp_id_empresa_pagador" type="xs:int"/>
      <xs:element minOccurs="0" name="Emp_id_empresa_proveedor" type="xs:int"/>
      <xs:element minOccurs="0" name="FAC_AvalLista" nillable="true" type="xs:string"/>
      <xs:element minOccurs="0" name="FAC_CFD_numero_CFD" nillable="true" type="xs:string"/>
      <xs:element minOccurs="0" name="FAC_CodTasaMora" nillable="true" type="xs:decimal"/>
      <xs:element minOccurs="0" name="FAC_DiasNegociados" nillable="true" type="xs:int"/>
      <xs:element minOccurs="0" name="FAC_FechaCompra" type="xs:dateTime"/>
      <xs:element minOccurs="0" name="FAC_FechaEmision" type="xs:dateTime"/>
      <xs:element minOccurs="0" name="FAC_FechaProximaCuota" nillable="true" type="xs:dateTime"/>
      <xs:element minOccurs="0" name="FAC_FechaVencimiento" type="xs:dateTime"/>
      <xs:element minOccurs="0" name="FAC_InteresMora" nillable="true" type="xs:decimal"/>
      <xs:element minOccurs="0" name="FAC_MedioNegociacion" nillable="true" type="xs:string"/>
      <xs:element minOccurs="0" name="FAC_ModalidadPago" nillable="true" type="xs:string"/>
      <xs:element minOccurs="0" name="FAC_Moneda" nillable="true" type="xs:string"/>
      <xs:element minOccurs="0" name="FAC_NIT_Administrador" nillable="true" type="xs:string"/>
      <xs:element minOccurs="0" name="FAC_NIT_Emisor" nillable="true" type="xs:string"/>
      <xs:element minOccurs="0" name="FAC_NIT_Intermediario" nillable="true" type="xs:string"/>
      <xs:element minOccurs="0" name="FAC_NIT_Pagador" nillable="true" type="xs:string"/>
      <xs:element minOccurs="0" name="FAC_NIT_Vendedor" nillable="true" type="xs:string"/>
      <xs:element minOccurs="0" name="FAC_NuevaFechaPago" nillable="true" type="xs:dateTime"/>
      <xs:element minOccurs="0" name="FAC_NuevoValorPago" nillable="true" type="xs:decimal"/>
      <xs:element minOccurs="0" name="FAC_NumeroCuotas" nillable="true" type="xs:int"/>
      <xs:element minOccurs="0" name="FAC_PeriodicidadPago" nillable="true" type="xs:string"/>
      <xs:element minOccurs="0" name="FAC_Porcentaje_Retenido" nillable="true" type="xs:decimal"/>
      <xs:element minOccurs="0" name="FAC_Puntos" nillable="true" type="xs:int"/>
      <xs:element minOccurs="0" name="FAC_TPPEL" nillable="true" type="xs:string"/>
      <xs:element minOccurs="0" name="FAC_TasaNegociacionNA" nillable="true" type="xs:decimal"/>
      <xs:element minOccurs="0" name="FAC_Tasa_Negociacion" type="xs:decimal"/>
      <xs:element minOccurs="0" name="FAC_TipoNegociacion" nillable="true" type="xs:string"/>
      <xs:element minOccurs="0" name="FAC_Tipo_Tasa" nillable="true" type="xs:string"/>
      <xs:element minOccurs="0" name="FAC_Utilidad" nillable="true" type="xs:decimal"/>
      <xs:element minOccurs="0" name="FAC_ValorComisionReferenciador" type="xs:decimal"/>
      <xs:element minOccurs="0" name="FAC_ValorCompra" type="xs:decimal"/>
      <xs:element minOccurs="0" name="FAC_ValorCompraReferenciador" type="xs:decimal"/>
      <xs:element minOccurs="0" name="FAC_ValorCuotas" nillable="true" type="xs:decimal"/>
      <xs:element minOccurs="0" name="FAC_ValorICA" nillable="true" type="xs:decimal"/>
      <xs:element minOccurs="0" name="FAC_ValorIVA" nillable="true" type="xs:decimal"/>
      <xs:element minOccurs="0" name="FAC_ValorNomBaseLiquidacion" type="xs:decimal"/>
      <xs:element minOccurs="0" name="FAC_ValorNominaFacial" nillable="true" type="xs:decimal"/>
      <xs:element minOccurs="0" name="FAC_ValorNominalNeto" type="xs:decimal"/>
      <xs:element minOccurs="0" name="FAC_ValorNominalOriginal" nillable="true" type="xs:decimal"/>
      <xs:element minOccurs="0" name="FAC_ValorNotasCredito" nillable="true" type="xs:decimal"/>
      <xs:element minOccurs="0" name="FAC_ValorOtros" nillable="true" type="xs:decimal"/>
      <xs:element minOccurs="0" name="FAC_ValorRetencionFte" nillable="true" type="xs:decimal"/>
      <xs:element minOccurs="0" name="FAC_ValorRetencionICA" nillable="true" type="xs:decimal"/>
      <xs:element minOccurs="0" name="FAC_ValorRetencionIVA" nillable="true" type="xs:decimal"/>
      <xs:element minOccurs="0" name="FAC_ValorTasa" nillable="true" type="xs:decimal"/>
      <xs:element minOccurs="0" name="FAC_ValorTimbre" nillable="true" type="xs:decimal"/>
      <xs:element minOccurs="0" name="FAC_id_factory" type="xs:int"/>
      <xs:element minOccurs="0" name="FON_Fondeadores" nillable="true" type="tns:FON_Fondeadores"/>
      <xs:element minOccurs="0" name="FON_id_fondeador" type="xs:int"/>
    </xs:sequence>
  </xs:complexType>
  <xs:element name="FAC_FactoryConfirming" nillable="true" type="tns:FAC_FactoryConfirming"/>
  <xs:complexType name="ArrayOfFOO_Orden_Fondedores">
    <xs:sequence>
      <xs:element minOccurs="0" maxOccurs="unbounded" name="FOO_Orden_Fondedores" nillable="true" type="tns:FOO_Orden_Fondedores"/>
    </xs:sequence>
  </xs:complexType>
  <xs:element name="ArrayOfFOO_Orden_Fondedores" nillable="true" type="tns:ArrayOfFOO_Orden_Fondedores"/>
  <xs:complexType name="FOO_Orden_Fondedores">
    <xs:sequence>
      <xs:element minOccurs="0" name="EMP_Empresa" nillable="true" type="tns:EMP_Empresa"/>
      <xs:element minOccurs="0" name="EMP_id_empresa" type="xs:int"/>
      <xs:element minOccurs="0" name="FON_Fondeadores" nillable="true" type="tns:FON_Fondeadores"/>
      <xs:element minOccurs="0" name="FON_id_fondeador" type="xs:int"/>
      <xs:element minOccurs="0" name="FOO_id_orden_fondeadores" type="xs:int"/>
      <xs:element minOccurs="0" name="FOO_ordial_orden_fondeo" type="xs:int"/>
    </xs:sequence>
  </xs:complexType>
  <xs:element name="FOO_Orden_Fondedores" nillable="true" type="tns:FOO_Orden_Fondedores"/>
  <xs:complexType name="ArrayOfLCVE_Log_Cambios_Convenios_Financieros">
    <xs:sequence>
      <xs:element minOccurs="0" maxOccurs="unbounded" name="LCVE_Log_Cambios_Convenios_Financieros" nillable="true" type="tns:LCVE_Log_Cambios_Convenios_Financieros"/>
    </xs:sequence>
  </xs:complexType>
  <xs:element name="ArrayOfLCVE_Log_Cambios_Convenios_Financieros" nillable="true" type="tns:ArrayOfLCVE_Log_Cambios_Convenios_Financieros"/>
  <xs:complexType name="LCVE_Log_Cambios_Convenios_Financieros">
    <xs:sequence>
      <xs:element minOccurs="0" name="CVE_Convenios_Financieros" nillable="true" type="tns:CVE_Convenios_Financieros"/>
      <xs:element minOccurs="0" name="CVE_id_convenio" type="xs:int"/>
      <xs:element minOccurs="0" name="LCVE_descripcion_cambio" nillable="true" type="xs:string"/>
      <xs:element minOccurs="0" name="LCVE_fecha_cambio" type="xs:dateTime"/>
      <xs:element minOccurs="0" name="LCVE_id_log_cambios_convenios" type="xs:int"/>
    </xs:sequence>
  </xs:complexType>
  <xs:element name="LCVE_Log_Cambios_Convenios_Financieros" nillable="true" type="tns:LCVE_Log_Cambios_Convenios_Financieros"/>
  <xs:complexType name="REF_Referenciadores">
    <xs:sequence>
      <xs:element minOccurs="0" name="CVE_Convenios_Financieros" nillable="true" type="tns:ArrayOfCVE_Convenios_Financieros"/>
      <xs:element minOccurs="0" name="REF_NIT" nillable="true" type="xs:string"/>
      <xs:element minOccurs="0" name="REF_id_referenciador" type="xs:int"/>
      <xs:element minOccurs="0" name="REF_nombre_ref" nillable="true" type="xs:string"/>
    </xs:sequence>
  </xs:complexType>
  <xs:element name="REF_Referenciadores" nillable="true" type="tns:REF_Referenciadores"/>
  <xs:complexType name="TCN_TiposConvenio">
    <xs:sequence>
      <xs:element minOccurs="0" name="CVE_Convenios_Financieros" nillable="true" type="tns:ArrayOfCVE_Convenios_Financieros"/>
      <xs:element minOccurs="0" name="DVE_Detalle_Convenio_Financiero" nillable="true" type="tns:ArrayOfDVE_Detalle_Convenio_Financiero"/>
      <xs:element minOccurs="0" name="TCN_descripcion" nillable="true" type="xs:string"/>
      <xs:element minOccurs="0" name="TCN_id_tipo_convenio" type="xs:int"/>
    </xs:sequence>
  </xs:complexType>
  <xs:element name="TCN_TiposConvenio" nillable="true" type="tns:TCN_TiposConvenio"/>
  <xs:complexType name="TIN_Tipo_Interes">
    <xs:sequence>
      <xs:element minOccurs="0" name="CVE_Convenios_Financieros" nillable="true" type="tns:ArrayOfCVE_Convenios_Financieros"/>
      <xs:element minOccurs="0" name="DVE_Detalle_Convenio_Financiero" nillable="true" type="tns:ArrayOfDVE_Detalle_Convenio_Financiero"/>
      <xs:element minOccurs="0" name="TIN_descripcion" nillable="true" type="xs:string"/>
      <xs:element minOccurs="0" name="TIN_id_tipo_interes" type="xs:int"/>
    </xs:sequence>
  </xs:complexType>
  <xs:element name="TIN_Tipo_Interes" nillable="true" type="tns:TIN_Tipo_Interes"/>
  <xs:complexType name="EDC_EstadoDetalleConvenio">
    <xs:sequence>
      <xs:element minOccurs="0" name="DVE_Detalle_Convenio_Financiero" nillable="true" type="tns:ArrayOfDVE_Detalle_Convenio_Financiero"/>
      <xs:element minOccurs="0" name="edc_descripcion" nillable="true" type="xs:string"/>
      <xs:element minOccurs="0" name="edc_id_estado_detalle_convenio" type="xs:int"/>
    </xs:sequence>
  </xs:complexType>
  <xs:element name="EDC_EstadoDetalleConvenio" nillable="true" type="tns:EDC_EstadoDetalleConvenio"/>
  <xs:complexType name="ArrayOfRNE_Reglas_Negociacion_Servicio_Proveedor">
    <xs:sequence>
      <xs:element minOccurs="0" maxOccurs="unbounded" name="RNE_Reglas_Negociacion_Servicio_Proveedor" nillable="true" type="tns:RNE_Reglas_Negociacion_Servicio_Proveedor"/>
    </xs:sequence>
  </xs:complexType>
  <xs:element name="ArrayOfRNE_Reglas_Negociacion_Servicio_Proveedor" nillable="true" type="tns:ArrayOfRNE_Reglas_Negociacion_Servicio_Proveedor"/>
  <xs:complexType name="RNE_Reglas_Negociacion_Servicio_Proveedor">
    <xs:sequence>
      <xs:element minOccurs="0" name="REC_EmpresasRecibe" nillable="true" type="tns:REC_EmpresasRecibe"/>
      <xs:element minOccurs="0" name="REC_id_rel_recepcion" type="xs:int"/>
      <xs:element minOccurs="0" name="RNE_activo_confirming" type="xs:boolean"/>
      <xs:element minOccurs="0" name="RNE_activo_factoring" type="xs:boolean"/>
      <xs:element minOccurs="0" name="RNE_id_reglas_negociacion" type="xs:int"/>
      <xs:element minOccurs="0" name="RNE_max_porcentaje_facturas_mes" nillable="true" type="xs:decimal"/>
      <xs:element minOccurs="0" name="RNE_max_porcentaje_x_factura" nillable="true" type="xs:decimal"/>
      <xs:element minOccurs="0" name="SFI_ServiciosFinancieros" nillable="true" type="tns:SFI_ServiciosFinancieros"/>
      <xs:element minOccurs="0" name="SFI_id_servicio_financiero" type="xs:int"/>
    </xs:sequence>
  </xs:complexType>
  <xs:element name="RNE_Reglas_Negociacion_Servicio_Proveedor" nillable="true" type="tns:RNE_Reglas_Negociacion_Servicio_Proveedor"/>
  <xs:complexType name="SFI_ServiciosFinancieros">
    <xs:sequence>
      <xs:element minOccurs="0" name="RHN_Reglas_Habilitar_Negociacion" nillable="true" type="tns:ArrayOfRHN_Reglas_Habilitar_Negociacion"/>
      <xs:element minOccurs="0" name="RNE_Reglas_Negociacion_Servicio_Proveedor" nillable="true" type="tns:ArrayOfRNE_Reglas_Negociacion_Servicio_Proveedor"/>
      <xs:element minOccurs="0" name="SFI_descripcion_servicio_financiero" nillable="true" type="xs:string"/>
      <xs:element minOccurs="0" name="SFI_id_servicio_financiero" type="xs:int"/>
      <xs:element minOccurs="0" name="SFI_nombre_servicio_financiero" nillable="true" type="xs:string"/>
    </xs:sequence>
  </xs:complexType>
  <xs:element name="SFI_ServiciosFinancieros" nillable="true" type="tns:SFI_ServiciosFinancieros"/>
  <xs:complexType name="ArrayOfRHN_Reglas_Habilitar_Negociacion">
    <xs:sequence>
      <xs:element minOccurs="0" maxOccurs="unbounded" name="RHN_Reglas_Habilitar_Negociacion" nillable="true" type="tns:RHN_Reglas_Habilitar_Negociacion"/>
    </xs:sequence>
  </xs:complexType>
  <xs:element name="ArrayOfRHN_Reglas_Habilitar_Negociacion" nillable="true" type="tns:ArrayOfRHN_Reglas_Habilitar_Negociacion"/>
  <xs:complexType name="RHN_Reglas_Habilitar_Negociacion">
    <xs:sequence>
      <xs:element minOccurs="0" name="EMP_Empresa" nillable="true" type="tns:EMP_Empresa"/>
      <xs:element minOccurs="0" name="Emp_id_empresa" type="xs:int"/>
      <xs:element minOccurs="0" name="RHN_centros_costo_lineas_excluidas" nillable="true" type="xs:string"/>
      <xs:element minOccurs="0" name="RHN_desde_dias_radicacion" type="xs:int"/>
      <xs:element minOccurs="0" name="RHN_hasta_dias_antes_pago" type="xs:int"/>
      <xs:element minOccurs="0" name="RHN_id_regla" type="xs:int"/>
      <xs:element minOccurs="0" name="SFI_ServiciosFinancieros" nillable="true" type="tns:SFI_ServiciosFinancieros"/>
      <xs:element minOccurs="0" name="SFI_id_servicio_financiero" type="xs:int"/>
    </xs:sequence>
  </xs:complexType>
  <xs:element name="RHN_Reglas_Habilitar_Negociacion" nillable="true" type="tns:RHN_Reglas_Habilitar_Negociacion"/>
  <xs:complexType name="ArrayOfCNT_contactos">
    <xs:sequence>
      <xs:element minOccurs="0" maxOccurs="unbounded" name="CNT_contactos" nillable="true" type="tns:CNT_contactos"/>
    </xs:sequence>
  </xs:complexType>
  <xs:element name="ArrayOfCNT_contactos" nillable="true" type="tns:ArrayOfCNT_contactos"/>
  <xs:complexType name="FV_RFI_Regimen_Fiscal">
    <xs:sequence>
      <xs:element minOccurs="0" name="CLI_clientes" nillable="true" type="tns:ArrayOfCLI_clientes"/>
      <xs:element minOccurs="0" name="EMP_Empresa" nillable="true" type="tns:ArrayOfEMP_Empresa"/>
      <xs:element minOccurs="0" name="FV_PCN_ParticipanteConsorcios" nillable="true" type="tns:ArrayOfFV_PCN_ParticipanteConsorcio"/>
      <xs:element minOccurs="0" name="FV_RFI_Codigo_Regimen_Fisca" nillable="true" type="xs:string"/>
      <xs:element minOccurs="0" name="FV_RFI_Id_Regimen_Fiscal" type="xs:int"/>
      <xs:element minOccurs="0" name="FV_RFI_Nombre_Regimen_Fiscal" nillable="true" type="xs:string"/>
    </xs:sequence>
  </xs:complexType>
  <xs:element name="FV_RFI_Regimen_Fiscal" nillable="true" type="tns:FV_RFI_Regimen_Fiscal"/>
  <xs:complexType name="ArrayOfEMP_Empresa">
    <xs:sequence>
      <xs:element minOccurs="0" maxOccurs="unbounded" name="EMP_Empresa" nillable="true" type="tns:EMP_Empresa"/>
    </xs:sequence>
  </xs:complexType>
  <xs:element name="ArrayOfEMP_Empresa" nillable="true" type="tns:ArrayOfEMP_Empresa"/>
  <xs:complexType name="ArrayOfFV_PCN_ParticipanteConsorcio">
    <xs:sequence>
      <xs:element minOccurs="0" maxOccurs="unbounded" name="FV_PCN_ParticipanteConsorcio" nillable="true" type="tns:FV_PCN_ParticipanteConsorcio"/>
    </xs:sequence>
  </xs:complexType>
  <xs:element name="ArrayOfFV_PCN_ParticipanteConsorcio" nillable="true" type="tns:ArrayOfFV_PCN_ParticipanteConsorcio"/>
  <xs:complexType name="FV_PCN_ParticipanteConsorcio">
    <xs:sequence>
      <xs:element minOccurs="0" name="EMP_Empresa" nillable="true" type="tns:EMP_Empresa"/>
      <xs:element minOccurs="0" name="Emp_id_empresa" type="xs:int"/>
      <xs:element minOccurs="0" name="FV_PCN_Id_ParticipanteConsorcio" type="xs:int"/>
      <xs:element minOccurs="0" name="FV_PCN_NombreParticipante" nillable="true" type="xs:string"/>
      <xs:element minOccurs="0" name="FV_PCN_NumeroIdentificacionParticipante" nillable="true" type="xs:string"/>
      <xs:element minOccurs="0" name="FV_PCN_PorcentajeParticipacion" nillable="true" type="xs:int"/>
      <xs:element minOccurs="0" name="FV_PCN_ResponsabilidadesFiscales" nillable="true" type="xs:string"/>
      <xs:element minOccurs="0" name="FV_PTS_Id_PartyTaxScheme" nillable="true" type="xs:int"/>
      <xs:element minOccurs="0" name="FV_PTS_PartyTaxScheme" nillable="true" type="tns:FV_PTS_PartyTaxScheme"/>
      <xs:element minOccurs="0" name="FV_RFI_Id_Regimen_Fiscal" nillable="true" type="xs:int"/>
      <xs:element minOccurs="0" name="FV_RFI_Regimen_Fiscal" nillable="true" type="tns:FV_RFI_Regimen_Fiscal"/>
      <xs:element minOccurs="0" name="FV_TRB_Id_Tributos" nillable="true" type="xs:int"/>
      <xs:element minOccurs="0" name="FV_TRB_Tributos" nillable="true" type="tns:FV_TRB_Tributos"/>
      <xs:element minOccurs="0" name="FV_TRB_Tributos1" nillable="true" type="tns:FV_TRB_Tributos1"/>
      <xs:element minOccurs="0" name="TID_TipoIdentificacion" nillable="true" type="tns:TID_TipoIdentificacion"/>
      <xs:element minOccurs="0" name="tid_id_tipo_identificacion" nillable="true" type="xs:int"/>
    </xs:sequence>
  </xs:complexType>
  <xs:element name="FV_PCN_ParticipanteConsorcio" nillable="true" type="tns:FV_PCN_ParticipanteConsorcio"/>
  <xs:complexType name="FV_PTS_PartyTaxScheme">
    <xs:sequence>
      <xs:element minOccurs="0" name="EMP_Empresa" nillable="true" type="tns:ArrayOfEMP_Empresa"/>
      <xs:element minOccurs="0" name="FV_PCN_ParticipanteConsorcios" nillable="true" type="tns:ArrayOfFV_PCN_ParticipanteConsorcio"/>
      <xs:element minOccurs="0" name="FV_PTS_CodigoDIAN_PartyTaxScheme" nillable="true" type="xs:string"/>
      <xs:element minOccurs="0" name="FV_PTS_Descripcion_PartyTaxScheme" nillable="true" type="xs:string"/>
      <xs:element minOccurs="0" name="FV_PTS_Estado" nillable="true" type="xs:int"/>
      <xs:element minOccurs="0" name="FV_PTS_Id_PartyTaxScheme" type="xs:int"/>
    </xs:sequence>
  </xs:complexType>
  <xs:element name="FV_PTS_PartyTaxScheme" nillable="true" type="tns:FV_PTS_PartyTaxScheme"/>
  <xs:complexType name="FV_TRB_Tributos">
    <xs:sequence>
      <xs:element minOccurs="0" name="FV_PCN_ParticipanteConsorcios" nillable="true" type="tns:ArrayOfFV_PCN_ParticipanteConsorcio"/>
      <xs:element minOccurs="0" name="FV_TRBACON_TributoAgrupadoXConcepto" nillable="true" type="tns:ArrayOfFV_TRBACON_TributoAgrupadoXConcepto"/>
      <xs:element minOccurs="0" name="FV_TRBA_TributoAgrupado" nillable="true" type="tns:ArrayOfFV_TRBA_TributoAgrupado"/>
      <xs:element minOccurs="0" name="FV_TRB_Descripcion_Tributos" nillable="true" type="xs:string"/>
      <xs:element minOccurs="0" name="FV_TRB_Id_Tributos" type="xs:int"/>
      <xs:element minOccurs="0" name="FV_TRB_ImpuestoNominal_Tributos" nillable="true" type="xs:boolean"/>
      <xs:element minOccurs="0" name="FV_TRB_TaxSchemeID_Tributos" nillable="true" type="xs:string"/>
      <xs:element minOccurs="0" name="FV_TRB_TaxSchemeName_Tributos" nillable="true" type="xs:string"/>
      <xs:element minOccurs="0" name="FV_TXT_TarifaXTributo" nillable="true" type="tns:ArrayOfFV_TXT_TarifaXTributo"/>
      <xs:element minOccurs="0" name="FV_TarifaPropia" nillable="true" type="xs:boolean"/>
    </xs:sequence>
  </xs:complexType>
  <xs:element name="FV_TRB_Tributos" nillable="true" type="tns:FV_TRB_Tributos"/>
  <xs:complexType name="ArrayOfFV_TRBACON_TributoAgrupadoXConcepto">
    <xs:sequence>
      <xs:element minOccurs="0" maxOccurs="unbounded" name="FV_TRBACON_TributoAgrupadoXConcepto" nillable="true" type="tns:FV_TRBACON_TributoAgrupadoXConcepto"/>
    </xs:sequence>
  </xs:complexType>
  <xs:element name="ArrayOfFV_TRBACON_TributoAgrupadoXConcepto" nillable="true" type="tns:ArrayOfFV_TRBACON_TributoAgrupadoXConcepto"/>
  <xs:complexType name="FV_TRBACON_TributoAgrupadoXConcepto">
    <xs:sequence>
      <xs:element minOccurs="0" name="CON_concepto_cfd" nillable="true" type="tns:CON_concepto_cfd"/>
      <xs:element minOccurs="0" name="CON_id_concepto" type="xs:int"/>
      <xs:element minOccurs="0" name="FV_TRBACON_RoundingAmount_TributoAgrupadoXConcepto" nillable="true" type="xs:decimal"/>
      <xs:element minOccurs="0" name="FV_TRBACON_TaxAmount_TributoAgrupadoXConcepto" nillable="true" type="xs:decimal"/>
      <xs:element minOccurs="0" name="FV_TRBACON_Withholding_TributoAgrupadoXConcepto" nillable="true" type="xs:boolean"/>
      <xs:element minOccurs="0" name="FV_TRBACON_id_TributoAgrupadoXConcepto" type="xs:int"/>
      <xs:element minOccurs="0" name="FV_TRB_Id_Tributos" type="xs:int"/>
      <xs:element minOccurs="0" name="FV_TRB_Tributos" nillable="true" type="tns:FV_TRB_Tributos"/>
      <xs:element minOccurs="0" name="FV_TRB_Tributos1" nillable="true" type="tns:FV_TRB_Tributos1"/>
    </xs:sequence>
  </xs:complexType>
  <xs:element name="FV_TRBACON_TributoAgrupadoXConcepto" nillable="true" type="tns:FV_TRBACON_TributoAgrupadoXConcepto"/>
  <xs:complexType name="CON_concepto_cfd">
    <xs:sequence>
      <xs:element minOccurs="0" name="CFD_cfd_informacion" nillable="true" type="tns:CFD_cfd_informacion"/>
      <xs:element minOccurs="0" name="CON_CFD_id_cfd" type="xs:int"/>
      <xs:element minOccurs="0" name="CON_CUP_id_cuenta_predial" nillable="true" type="xs:int"/>
      <xs:element minOccurs="0" name="CON_CantidadRestante" type="xs:decimal"/>
      <xs:element minOccurs="0" name="CON_Codigos" nillable="true" type="xs:string"/>
      <xs:element minOccurs="0" name="CON_Cree" nillable="true" type="xs:decimal"/>
      <xs:element minOccurs="0" name="CON_Item_ref" nillable="true" type="xs:string"/>
      <xs:element minOccurs="0" name="CON_RetCree" nillable="true" type="xs:decimal"/>
      <xs:element minOccurs="0" name="CON_Total" nillable="true" type="xs:decimal"/>
      <xs:element minOccurs="0" name="CON_TotalActual" nillable="true" type="xs:decimal"/>
      <xs:element minOccurs="0" name="CON_base" nillable="true" type="xs:decimal"/>
      <xs:element minOccurs="0" name="CON_base_ica" nillable="true" type="xs:decimal"/>
      <xs:element minOccurs="0" name="CON_base_impo_n" nillable="true" type="xs:decimal"/>
      <xs:element minOccurs="0" name="CON_base_impo_r" nillable="true" type="xs:decimal"/>
      <xs:element minOccurs="0" name="CON_base_iva" nillable="true" type="xs:decimal"/>
      <xs:element minOccurs="0" name="CON_cantidad" type="xs:decimal"/>
      <xs:element minOccurs="0" name="CON_cantidad_decimal" nillable="true" type="xs:decimal"/>
      <xs:element minOccurs="0" name="CON_cantidad_original_solicitada" nillable="true" type="xs:decimal"/>
      <xs:element minOccurs="0" name="CON_categoria_0" nillable="true" type="xs:string"/>
      <xs:element minOccurs="0" name="CON_categoria_1" nillable="true" type="xs:string"/>
      <xs:element minOccurs="0" name="CON_categoria_2" nillable="true" type="xs:string"/>
      <xs:element minOccurs="0" name="CON_categoria_3" nillable="true" type="xs:string"/>
      <xs:element minOccurs="0" name="CON_ciudad_despacho" nillable="true" type="xs:string"/>
      <xs:element minOccurs="0" name="CON_clase_mov" nillable="true" type="xs:string"/>
      <xs:element minOccurs="0" name="CON_dato_decimal1" nillable="true" type="xs:decimal"/>
      <xs:element minOccurs="0" name="CON_dato_decimal10" nillable="true" type="xs:decimal"/>
      <xs:element minOccurs="0" name="CON_dato_decimal11" nillable="true" type="xs:decimal"/>
      <xs:element minOccurs="0" name="CON_dato_decimal12" nillable="true" type="xs:decimal"/>
      <xs:element minOccurs="0" name="CON_dato_decimal13" nillable="true" type="xs:decimal"/>
      <xs:element minOccurs="0" name="CON_dato_decimal14" nillable="true" type="xs:decimal"/>
      <xs:element minOccurs="0" name="CON_dato_decimal15" nillable="true" type="xs:decimal"/>
      <xs:element minOccurs="0" name="CON_dato_decimal2" nillable="true" type="xs:decimal"/>
      <xs:element minOccurs="0" name="CON_dato_decimal3" nillable="true" type="xs:decimal"/>
      <xs:element minOccurs="0" name="CON_dato_decimal4" nillable="true" type="xs:decimal"/>
      <xs:element minOccurs="0" name="CON_dato_decimal5" nillable="true" type="xs:decimal"/>
      <xs:element minOccurs="0" name="CON_dato_decimal6" nillable="true" type="xs:decimal"/>
      <xs:element minOccurs="0" name="CON_dato_decimal7" nillable="true" type="xs:decimal"/>
      <xs:element minOccurs="0" name="CON_dato_decimal8" nillable="true" type="xs:decimal"/>
      <xs:element minOccurs="0" name="CON_dato_decimal9" nillable="true" type="xs:decimal"/>
      <xs:element minOccurs="0" name="CON_dato_destino" nillable="true" type="xs:string"/>
      <xs:element minOccurs="0" name="CON_dato_fecha" nillable="true" type="xs:dateTime"/>
      <xs:element minOccurs="0" name="CON_dato_origen" nillable="true" type="xs:string"/>
      <xs:element minOccurs="0" name="CON_dato_peso" nillable="true" type="xs:decimal"/>
      <xs:element minOccurs="0" name="CON_dato_placa" nillable="true" type="xs:string"/>
      <xs:element minOccurs="0" name="CON_dato_referencia" nillable="true" type="xs:string"/>
      <xs:element minOccurs="0" name="CON_dato_texto1" nillable="true" type="xs:string"/>
      <xs:element minOccurs="0" name="CON_dato_texto10" nillable="true" type="xs:string"/>
      <xs:element minOccurs="0" name="CON_dato_texto11" nillable="true" type="xs:string"/>
      <xs:element minOccurs="0" name="CON_dato_texto12" nillable="true" type="xs:string"/>
      <xs:element minOccurs="0" name="CON_dato_texto13" nillable="true" type="xs:string"/>
      <xs:element minOccurs="0" name="CON_dato_texto14" nillable="true" type="xs:string"/>
      <xs:element minOccurs="0" name="CON_dato_texto15" nillable="true" type="xs:string"/>
      <xs:element minOccurs="0" name="CON_dato_texto2" nillable="true" type="xs:string"/>
      <xs:element minOccurs="0" name="CON_dato_texto3" nillable="true" type="xs:string"/>
      <xs:element minOccurs="0" name="CON_dato_texto4" nillable="true" type="xs:string"/>
      <xs:element minOccurs="0" name="CON_dato_texto5" nillable="true" type="xs:string"/>
      <xs:element minOccurs="0" name="CON_dato_texto6" nillable="true" type="xs:string"/>
      <xs:element minOccurs="0" name="CON_dato_texto7" nillable="true" type="xs:string"/>
      <xs:element minOccurs="0" name="CON_dato_texto8" nillable="true" type="xs:string"/>
      <xs:element minOccurs="0" name="CON_dato_texto9" nillable="true" type="xs:string"/>
      <xs:element minOccurs="0" name="CON_departamento_despacho" nillable="true" type="xs:string"/>
      <xs:element minOccurs="0" name="CON_descripcion" nillable="true" type="xs:string"/>
      <xs:element minOccurs="0" name="CON_descuento" nillable="true" type="xs:decimal"/>
      <xs:element minOccurs="0" name="CON_detalle_construccion" nillable="true" type="xs:string"/>
      <xs:element minOccurs="0" name="CON_detalle_industria1" nillable="true" type="xs:string"/>
      <xs:element minOccurs="0" name="CON_detalle_industria2" nillable="true" type="xs:string"/>
      <xs:element minOccurs="0" name="CON_detalle_industria3" nillable="true" type="xs:string"/>
      <xs:element minOccurs="0" name="CON_detalle_vehiculo" nillable="true" type="xs:string"/>
      <xs:element minOccurs="0" name="CON_direccion_despacho" nillable="true" type="xs:string"/>
      <xs:element minOccurs="0" name="CON_documentos_referencia" nillable="true" type="xs:string"/>
      <xs:element minOccurs="0" name="CON_fecha_rec" nillable="true" type="xs:dateTime"/>
      <xs:element minOccurs="0" name="CON_id_concepto" type="xs:int"/>
      <xs:element minOccurs="0" name="CON_importe" nillable="true" type="xs:decimal"/>
      <xs:element minOccurs="0" name="CON_impuesto2" nillable="true" type="xs:decimal"/>
      <xs:element minOccurs="0" name="CON_inf_aduanera" nillable="true" type="xs:int"/>
      <xs:element minOccurs="0" name="CON_iva" nillable="true" type="xs:decimal"/>
      <xs:element minOccurs="0" name="CON_linea_concepto" nillable="true" type="xs:string"/>
      <xs:element minOccurs="0" name="CON_linea_padre_concepto" nillable="true" type="xs:string"/>
      <xs:element minOccurs="0" name="CON_notas_con" nillable="true" type="xs:string"/>
      <xs:element minOccurs="0" name="CON_numero_identificacion" nillable="true" type="xs:string"/>
      <xs:element minOccurs="0" name="CON_por_des" nillable="true" type="xs:decimal"/>
      <xs:element minOccurs="0" name="CON_por_impuesto2" nillable="true" type="xs:decimal"/>
      <xs:element minOccurs="0" name="CON_por_iva" nillable="true" type="xs:decimal"/>
      <xs:element minOccurs="0" name="CON_posicion_arancelaria" nillable="true" type="xs:string"/>
      <xs:element minOccurs="0" name="CON_recurrente" nillable="true" type="xs:boolean"/>
      <xs:element minOccurs="0" name="CON_sub_cliente" nillable="true" type="xs:string"/>
      <xs:element minOccurs="0" name="CON_tipo_imp" nillable="true" type="xs:string"/>
      <xs:element minOccurs="0" name="CON_total_con_seg_mon" nillable="true" type="xs:decimal"/>
      <xs:element minOccurs="0" name="CON_unidad" nillable="true" type="xs:string"/>
      <xs:element minOccurs="0" name="CON_unidad_medida_con" nillable="true" type="xs:string"/>
      <xs:element minOccurs="0" name="CON_valor_otros_cargos" nillable="true" type="xs:decimal"/>
      <xs:element minOccurs="0" name="CON_valor_otros_descuentos" nillable="true" type="xs:decimal"/>
      <xs:element minOccurs="0" name="CON_valor_unitario" nillable="true" type="xs:decimal"/>
      <xs:element minOccurs="0" name="CON_valor_unitario_seg_mon" nillable="true" type="xs:decimal"/>
      <xs:element minOccurs="0" name="ESTRAZ_EstadosTrazabilidad" nillable="true" type="tns:ESTRAZ_EstadosTrazabilidad"/>
      <xs:element minOccurs="0" name="FV_ACD_AllowanceChargeDet" nillable="true" type="tns:ArrayOfFV_ACD_AllowanceChargeDet"/>
      <xs:element minOccurs="0" name="FV_DRC_DocumentReferenceConcept" nillable="true" type="tns:ArrayOfFV_DRC_DocumentReferenceConcept"/>
      <xs:element minOccurs="0" name="FV_TRBACON_TributoAgrupadoXConcepto" nillable="true" type="tns:ArrayOfFV_TRBACON_TributoAgrupadoXConcepto"/>
      <xs:element minOccurs="0" name="FV_TRBDCON_TributoDetalleXConcepto" nillable="true" type="tns:ArrayOfFV_TRBDCON_TributoDetalleXConcepto"/>
      <xs:element minOccurs="0" name="NombreConcepto" nillable="true" type="xs:string"/>
      <xs:element minOccurs="0" name="POS_ProductosServicios" nillable="true" type="tns:POS_ProductosServicios"/>
      <xs:element minOccurs="0" name="TRAZGE_TrazabilidadGestion" nillable="true" type="tns:ArrayOfTRAZGE_TrazabilidadGestion"/>
      <xs:element minOccurs="0" name="TRAZGE_TrazabilidadGestion1" nillable="true" type="tns:ArrayOfTRAZGE_TrazabilidadGestion"/>
      <xs:element minOccurs="0" name="Total" type="xs:decimal"/>
      <xs:element minOccurs="0" name="estraz_id" nillable="true" type="xs:int"/>
      <xs:element minOccurs="0" name="pos_id_productos" type="xs:int"/>
    </xs:sequence>
  </xs:complexType>
  <xs:element name="CON_concepto_cfd" nillable="true" type="tns:CON_concepto_cfd"/>
  <xs:complexType name="ESTRAZ_EstadosTrazabilidad">
    <xs:sequence>
      <xs:element minOccurs="0" name="CON_concepto_cfd" nillable="true" type="tns:ArrayOfCON_concepto_cfd"/>
      <xs:element minOccurs="0" name="estraz_descripcion" nillable="true" type="xs:string"/>
      <xs:element minOccurs="0" name="estraz_id" type="xs:int"/>
    </xs:sequence>
  </xs:complexType>
  <xs:element name="ESTRAZ_EstadosTrazabilidad" nillable="true" type="tns:ESTRAZ_EstadosTrazabilidad"/>
  <xs:complexType name="ArrayOfCON_concepto_cfd">
    <xs:sequence>
      <xs:element minOccurs="0" maxOccurs="unbounded" name="CON_concepto_cfd" nillable="true" type="tns:CON_concepto_cfd"/>
    </xs:sequence>
  </xs:complexType>
  <xs:element name="ArrayOfCON_concepto_cfd" nillable="true" type="tns:ArrayOfCON_concepto_cfd"/>
  <xs:complexType name="ArrayOfFV_ACD_AllowanceChargeDet">
    <xs:sequence>
      <xs:element minOccurs="0" maxOccurs="unbounded" name="FV_ACD_AllowanceChargeDet" nillable="true" type="tns:FV_ACD_AllowanceChargeDet"/>
    </xs:sequence>
  </xs:complexType>
  <xs:element name="ArrayOfFV_ACD_AllowanceChargeDet" nillable="true" type="tns:ArrayOfFV_ACD_AllowanceChargeDet"/>
  <xs:complexType name="FV_ACD_AllowanceChargeDet">
    <xs:sequence>
      <xs:element minOccurs="0" name="CON_concepto_cfd" nillable="true" type="tns:CON_concepto_cfd"/>
      <xs:element minOccurs="0" name="CON_id_concepto" type="xs:int"/>
      <xs:element minOccurs="0" name="FCC_ACD_Amount_AllowanceChargeDet" nillable="true" type="xs:decimal"/>
      <xs:element minOccurs="0" name="FCC_ACD_MultiplierFactorNumeric_AllowanceChargeDet" nillable="true" type="xs:decimal"/>
      <xs:element minOccurs="0" name="FC_ACD_BaseAmount_AllowanceChargeDet" nillable="true" type="xs:decimal"/>
      <xs:element minOccurs="0" name="FV_ACD_ChargeIndicator_AllowanceChargeDet" nillable="true" type="xs:boolean"/>
      <xs:element minOccurs="0" name="FV_ACD_Code_AllowanceChargeDet" nillable="true" type="xs:string"/>
      <xs:element minOccurs="0" name="FV_ACD_Id_AllowanceChargeDet" type="xs:int"/>
      <xs:element minOccurs="0" name="FV_ACD_Reason_AllowanceChargeDet" nillable="true" type="xs:string"/>
    </xs:sequence>
  </xs:complexType>
  <xs:element name="FV_ACD_AllowanceChargeDet" nillable="true" type="tns:FV_ACD_AllowanceChargeDet"/>
  <xs:complexType name="ArrayOfFV_DRC_DocumentReferenceConcept">
    <xs:sequence>
      <xs:element minOccurs="0" maxOccurs="unbounded" name="FV_DRC_DocumentReferenceConcept" nillable="true" type="tns:FV_DRC_DocumentReferenceConcept"/>
    </xs:sequence>
  </xs:complexType>
  <xs:element name="ArrayOfFV_DRC_DocumentReferenceConcept" nillable="true" type="tns:ArrayOfFV_DRC_DocumentReferenceConcept"/>
  <xs:complexType name="FV_DRC_DocumentReferenceConcept">
    <xs:sequence>
      <xs:element minOccurs="0" name="CON_concepto_cfd" nillable="true" type="tns:CON_concepto_cfd"/>
      <xs:element minOccurs="0" name="CON_id_concepto" type="xs:int"/>
      <xs:element minOccurs="0" name="FV_DRC_Date_DocumentReferenceConcept" nillable="true" type="xs:dateTime"/>
      <xs:element minOccurs="0" name="FV_DRC_IdDocRef_DocumentReferenceConcept" nillable="true" type="xs:string"/>
      <xs:element minOccurs="0" name="FV_DRC_Id_DocumentReferenceConcept" type="xs:int"/>
      <xs:element minOccurs="0" name="FV_DRC_Nodo_DocumentReferenceConcept" nillable="true" type="xs:string"/>
      <xs:element minOccurs="0" name="FV_DRC_Tipo_DocumentReferenceConcept" nillable="true" type="xs:string"/>
    </xs:sequence>
  </xs:complexType>
  <xs:element name="FV_DRC_DocumentReferenceConcept" nillable="true" type="tns:FV_DRC_DocumentReferenceConcept"/>
  <xs:complexType name="ArrayOfFV_TRBDCON_TributoDetalleXConcepto">
    <xs:sequence>
      <xs:element minOccurs="0" maxOccurs="unbounded" name="FV_TRBDCON_TributoDetalleXConcepto" nillable="true" type="tns:FV_TRBDCON_TributoDetalleXConcepto"/>
    </xs:sequence>
  </xs:complexType>
  <xs:element name="ArrayOfFV_TRBDCON_TributoDetalleXConcepto" nillable="true" type="tns:ArrayOfFV_TRBDCON_TributoDetalleXConcepto"/>
  <xs:complexType name="FV_TRBDCON_TributoDetalleXConcepto">
    <xs:sequence>
      <xs:element minOccurs="0" name="CON_concepto_cfd" nillable="true" type="tns:CON_concepto_cfd"/>
      <xs:element minOccurs="0" name="CON_id_concepto" type="xs:int"/>
      <xs:element minOccurs="0" name="FV_TRBDCON_PerUnitAmount_TributoDetalleXConcepto" nillable="true" type="xs:decimal"/>
      <xs:element minOccurs="0" name="FV_TRBDCON_TaxAmount_TributoDetalleXConcepto" nillable="true" type="xs:decimal"/>
      <xs:element minOccurs="0" name="FV_TRBDCON_TaxableAmount_TributoDetalleXConcepto" nillable="true" type="xs:decimal"/>
      <xs:element minOccurs="0" name="FV_TRBDCON_Withholding_TributoDetalleXConcepto" nillable="true" type="xs:boolean"/>
      <xs:element minOccurs="0" name="FV_TRBDCON_id_TributoDetalleXConcepto" type="xs:int"/>
      <xs:element minOccurs="0" name="FV_TXT_Id_TarifaXTributo" type="xs:int"/>
      <xs:element minOccurs="0" name="FV_TXT_TarifaXTributo" nillable="true" type="tns:FV_TXT_TarifaXTributo"/>
      <xs:element minOccurs="0" name="FV_UNN_Unidades_Normalizadas" nillable="true" type="tns:FV_UNN_Unidades_Normalizadas"/>
      <xs:element minOccurs="0" name="FV_UNN_id_Unidades" type="xs:int"/>
    </xs:sequence>
  </xs:complexType>
  <xs:element name="FV_TRBDCON_TributoDetalleXConcepto" nillable="true" type="tns:FV_TRBDCON_TributoDetalleXConcepto"/>
  <xs:complexType name="FV_TXT_TarifaXTributo">
    <xs:sequence>
      <xs:element minOccurs="0" name="FV_TRBDCON_TributoDetalleXConcepto" nillable="true" type="tns:ArrayOfFV_TRBDCON_TributoDetalleXConcepto"/>
      <xs:element minOccurs="0" name="FV_TRBD_TributoDetalle" nillable="true" type="tns:ArrayOfFV_TRBD_TributoDetalle"/>
      <xs:element minOccurs="0" name="FV_TRB_Id_Tributos" type="xs:int"/>
      <xs:element minOccurs="0" name="FV_TRB_Tributos" nillable="true" type="tns:FV_TRB_Tributos"/>
      <xs:element minOccurs="0" name="FV_TRB_Tributos1" nillable="true" type="tns:FV_TRB_Tributos1"/>
      <xs:element minOccurs="0" name="FV_TXT_Concepto_TarifaXTributo" nillable="true" type="xs:string"/>
      <xs:element minOccurs="0" name="FV_TXT_Id_TarifaXTributo" type="xs:int"/>
      <xs:element minOccurs="0" name="FV_TXT_Tarifa_TarifaXTributo" nillable="true" type="xs:decimal"/>
    </xs:sequence>
  </xs:complexType>
  <xs:element name="FV_TXT_TarifaXTributo" nillable="true" type="tns:FV_TXT_TarifaXTributo"/>
  <xs:complexType name="ArrayOfFV_TRBD_TributoDetalle">
    <xs:sequence>
      <xs:element minOccurs="0" maxOccurs="unbounded" name="FV_TRBD_TributoDetalle" nillable="true" type="tns:FV_TRBD_TributoDetalle"/>
    </xs:sequence>
  </xs:complexType>
  <xs:element name="ArrayOfFV_TRBD_TributoDetalle" nillable="true" type="tns:ArrayOfFV_TRBD_TributoDetalle"/>
  <xs:complexType name="FV_TRBD_TributoDetalle">
    <xs:sequence>
      <xs:element minOccurs="0" name="CFD_cfd_informacion" nillable="true" type="tns:CFD_cfd_informacion"/>
      <xs:element minOccurs="0" name="CFD_id_cfd" type="xs:int"/>
      <xs:element minOccurs="0" name="FV_TRBD_PerUnitAmount_TributoDetalle" nillable="true" type="xs:decimal"/>
      <xs:element minOccurs="0" name="FV_TRBD_TaxAmount_TributoDetalle" nillable="true" type="xs:decimal"/>
      <xs:element minOccurs="0" name="FV_TRBD_TaxableAmount_TributoDetalle" nillable="true" type="xs:decimal"/>
      <xs:element minOccurs="0" name="FV_TRBD_Withholding_TributoDetalle" nillable="true" type="xs:boolean"/>
      <xs:element minOccurs="0" name="FV_TRBD_id_TributoDetalle" type="xs:int"/>
      <xs:element minOccurs="0" name="FV_TXT_Id_TarifaXTributo" type="xs:int"/>
      <xs:element minOccurs="0" name="FV_TXT_TarifaXTributo" nillable="true" type="tns:FV_TXT_TarifaXTributo"/>
      <xs:element minOccurs="0" name="FV_UNN_Unidades_Normalizadas" nillable="true" type="tns:FV_UNN_Unidades_Normalizadas"/>
      <xs:element minOccurs="0" name="FV_UNN_id_Unidades" type="xs:int"/>
    </xs:sequence>
  </xs:complexType>
  <xs:element name="FV_TRBD_TributoDetalle" nillable="true" type="tns:FV_TRBD_TributoDetalle"/>
  <xs:complexType name="FV_UNN_Unidades_Normalizadas">
    <xs:sequence>
      <xs:element minOccurs="0" name="FV_TRBDCON_TributoDetalleXConcepto" nillable="true" type="tns:ArrayOfFV_TRBDCON_TributoDetalleXConcepto"/>
      <xs:element minOccurs="0" name="FV_TRBD_TributoDetalle" nillable="true" type="tns:ArrayOfFV_TRBD_TributoDetalle"/>
      <xs:element minOccurs="0" name="FV_UNN_Codigo_DIAN" nillable="true" type="xs:string"/>
      <xs:element minOccurs="0" name="FV_UNN_Descripcion" nillable="true" type="xs:string"/>
      <xs:element minOccurs="0" name="FV_UNN_id_Unidades" type="xs:int"/>
    </xs:sequence>
  </xs:complexType>
  <xs:element name="FV_UNN_Unidades_Normalizadas" nillable="true" type="tns:FV_UNN_Unidades_Normalizadas"/>
  <xs:complexType name="FV_TRB_Tributos1">
    <xs:sequence>
      <xs:element minOccurs="0" name="FV_PCN_ParticipanteConsorcios" nillable="true" type="tns:ArrayOfFV_PCN_ParticipanteConsorcio"/>
      <xs:element minOccurs="0" name="FV_TRBACON_TributoAgrupadoXConcepto" nillable="true" type="tns:ArrayOfFV_TRBACON_TributoAgrupadoXConcepto"/>
      <xs:element minOccurs="0" name="FV_TRBA_TributoAgrupado" nillable="true" type="tns:ArrayOfFV_TRBA_TributoAgrupado"/>
      <xs:element minOccurs="0" name="FV_TRB_Descripcion_Tributos" nillable="true" type="xs:string"/>
      <xs:element minOccurs="0" name="FV_TRB_Id_Tributos" type="xs:int"/>
      <xs:element minOccurs="0" name="FV_TRB_ImpuestoNominal_Tributos" nillable="true" type="xs:boolean"/>
      <xs:element minOccurs="0" name="FV_TRB_TaxSchemeID_Tributos" nillable="true" type="xs:string"/>
      <xs:element minOccurs="0" name="FV_TRB_TaxSchemeName_Tributos" nillable="true" type="xs:string"/>
      <xs:element minOccurs="0" name="FV_TXT_TarifaXTributo" nillable="true" type="tns:ArrayOfFV_TXT_TarifaXTributo"/>
      <xs:element minOccurs="0" name="FV_TarifaPropia" nillable="true" type="xs:boolean"/>
    </xs:sequence>
  </xs:complexType>
  <xs:element name="FV_TRB_Tributos1" nillable="true" type="tns:FV_TRB_Tributos1"/>
  <xs:complexType name="ArrayOfFV_TRBA_TributoAgrupado">
    <xs:sequence>
      <xs:element minOccurs="0" maxOccurs="unbounded" name="FV_TRBA_TributoAgrupado" nillable="true" type="tns:FV_TRBA_TributoAgrupado"/>
    </xs:sequence>
  </xs:complexType>
  <xs:element name="ArrayOfFV_TRBA_TributoAgrupado" nillable="true" type="tns:ArrayOfFV_TRBA_TributoAgrupado"/>
  <xs:complexType name="FV_TRBA_TributoAgrupado">
    <xs:sequence>
      <xs:element minOccurs="0" name="CFD_cfd_informacion" nillable="true" type="tns:CFD_cfd_informacion"/>
      <xs:element minOccurs="0" name="CFD_id_cfd" type="xs:int"/>
      <xs:element minOccurs="0" name="FV_TRBA_RoundingAmount_TributoAgrupado" nillable="true" type="xs:decimal"/>
      <xs:element minOccurs="0" name="FV_TRBA_TaxAmount_TributoAgrupado" nillable="true" type="xs:decimal"/>
      <xs:element minOccurs="0" name="FV_TRBA_Withholding_TributoAgrupado" nillable="true" type="xs:boolean"/>
      <xs:element minOccurs="0" name="FV_TRBA_id_TributoAgrupado" type="xs:int"/>
      <xs:element minOccurs="0" name="FV_TRB_Id_Tributos" type="xs:int"/>
      <xs:element minOccurs="0" name="FV_TRB_Tributos" nillable="true" type="tns:FV_TRB_Tributos"/>
      <xs:element minOccurs="0" name="FV_TRB_Tributos1" nillable="true" type="tns:FV_TRB_Tributos1"/>
    </xs:sequence>
  </xs:complexType>
  <xs:element name="FV_TRBA_TributoAgrupado" nillable="true" type="tns:FV_TRBA_TributoAgrupado"/>
  <xs:complexType name="ArrayOfFV_TXT_TarifaXTributo">
    <xs:sequence>
      <xs:element minOccurs="0" maxOccurs="unbounded" name="FV_TXT_TarifaXTributo" nillable="true" type="tns:FV_TXT_TarifaXTributo"/>
    </xs:sequence>
  </xs:complexType>
  <xs:element name="ArrayOfFV_TXT_TarifaXTributo" nillable="true" type="tns:ArrayOfFV_TXT_TarifaXTributo"/>
  <xs:complexType name="POS_ProductosServicios">
    <xs:sequence>
      <xs:element minOccurs="0" name="CFD_cfd_informacion" nillable="true" type="tns:ArrayOfCFD_cfd_informacion"/>
      <xs:element minOccurs="0" name="CON_concepto_cfd" nillable="true" type="tns:ArrayOfCON_concepto_cfd"/>
      <xs:element minOccurs="0" name="CPS_CategorProductServicios" nillable="true" type="tns:CPS_CategorProductServicios"/>
      <xs:element minOccurs="0" name="EMP_Empresa" nillable="true" type="tns:EMP_Empresa"/>
      <xs:element minOccurs="0" name="Emp_id_empresa" type="xs:int"/>
      <xs:element minOccurs="0" name="NOM_NOV_Novedads" nillable="true" type="tns:ArrayOfNOM_NOV_Novedad"/>
      <xs:element minOccurs="0" name="TTI_tipo_impuesto" nillable="true" type="tns:TTI_tipo_impuesto"/>
      <xs:element minOccurs="0" name="UNI_UnidadesMedida" nillable="true" type="tns:UNI_UnidadesMedida"/>
      <xs:element minOccurs="0" name="cps_id_catg_produc_servic" type="xs:int"/>
      <xs:element minOccurs="0" name="pos_centro_costo" nillable="true" type="xs:string"/>
      <xs:element minOccurs="0" name="pos_codigo_ref" nillable="true" type="xs:string"/>
      <xs:element minOccurs="0" name="pos_costo" type="xs:decimal"/>
      <xs:element minOccurs="0" name="pos_cuenta_clientes" nillable="true" type="xs:string"/>
      <xs:element minOccurs="0" name="pos_cuenta_impuesto" nillable="true" type="xs:string"/>
      <xs:element minOccurs="0" name="pos_cuenta_ingreso" nillable="true" type="xs:string"/>
      <xs:element minOccurs="0" name="pos_desc_corta" nillable="true" type="xs:string"/>
      <xs:element minOccurs="0" name="pos_descripcion" nillable="true" type="xs:string"/>
      <xs:element minOccurs="0" name="pos_fotografia" nillable="true" type="q8:Binary" xmlns:q8="http://schemas.datacontract.org/2004/07/System.Data.Linq"/>
      <xs:element minOccurs="0" name="pos_id_productos" type="xs:int"/>
      <xs:element minOccurs="0" name="pos_nombre_archivo" nillable="true" type="xs:string"/>
      <xs:element minOccurs="0" name="pos_precio_venta" type="xs:decimal"/>
      <xs:element minOccurs="0" name="pos_subcentro_costo" nillable="true" type="xs:string"/>
      <xs:element minOccurs="0" name="pos_tipo_mime" nillable="true" type="xs:string"/>
      <xs:element minOccurs="0" name="pos_ultimo_costo" type="xs:decimal"/>
      <xs:element minOccurs="0" name="tii_tipo_impuesto" type="xs:int"/>
      <xs:element minOccurs="0" name="uni_id_unidad" type="xs:int"/>
    </xs:sequence>
  </xs:complexType>
  <xs:element name="POS_ProductosServicios" nillable="true" type="tns:POS_ProductosServicios"/>
  <xs:complexType name="CPS_CategorProductServicios">
    <xs:sequence>
      <xs:element minOccurs="0" name="POS_ProductosServicios" nillable="true" type="tns:ArrayOfPOS_ProductosServicios"/>
      <xs:element minOccurs="0" name="cps_id_catg_produc_servic" type="xs:int"/>
      <xs:element minOccurs="0" name="cps_nombre_categoria" nillable="true" type="xs:string"/>
      <xs:element minOccurs="0" name="cps_numer_uvt" type="xs:int"/>
    </xs:sequence>
  </xs:complexType>
  <xs:element name="CPS_CategorProductServicios" nillable="true" type="tns:CPS_CategorProductServicios"/>
  <xs:complexType name="ArrayOfPOS_ProductosServicios">
    <xs:sequence>
      <xs:element minOccurs="0" maxOccurs="unbounded" name="POS_ProductosServicios" nillable="true" type="tns:POS_ProductosServicios"/>
    </xs:sequence>
  </xs:complexType>
  <xs:element name="ArrayOfPOS_ProductosServicios" nillable="true" type="tns:ArrayOfPOS_ProductosServicios"/>
  <xs:complexType name="ArrayOfNOM_NOV_Novedad">
    <xs:sequence>
      <xs:element minOccurs="0" maxOccurs="unbounded" name="NOM_NOV_Novedad" nillable="true" type="tns:NOM_NOV_Novedad"/>
    </xs:sequence>
  </xs:complexType>
  <xs:element name="ArrayOfNOM_NOV_Novedad" nillable="true" type="tns:ArrayOfNOM_NOV_Novedad"/>
  <xs:complexType name="NOM_NOV_Novedad">
    <xs:sequence>
      <xs:element minOccurs="0" name="CLI_clientes" nillable="true" type="tns:CLI_clientes"/>
      <xs:element minOccurs="0" name="Cli_id_cliente" type="xs:int"/>
      <xs:element minOccurs="0" name="NOM_ENO_Id" type="xs:int"/>
      <xs:element minOccurs="0" name="NOM_ENO_TipoEstadoNovedad" nillable="true" type="tns:NOM_ENO_TipoEstadoNovedad"/>
      <xs:element minOccurs="0" name="NOM_NOV_Cantidad" nillable="true" type="xs:decimal"/>
      <xs:element minOccurs="0" name="NOM_NOV_Dato_Fecha" nillable="true" type="xs:dateTime"/>
      <xs:element minOccurs="0" name="NOM_NOV_Dato_Texto1" nillable="true" type="xs:string"/>
      <xs:element minOccurs="0" name="NOM_NOV_Dato_Texto2" nillable="true" type="xs:string"/>
      <xs:element minOccurs="0" name="NOM_NOV_FechaRegistro" type="xs:dateTime"/>
      <xs:element minOccurs="0" name="NOM_NOV_Fecha_Recibido" nillable="true" type="xs:dateTime"/>
      <xs:element minOccurs="0" name="NOM_NOV_Id" type="xs:int"/>
      <xs:element minOccurs="0" name="NOM_NOV_Por_Impuesto2" nillable="true" type="xs:decimal"/>
      <xs:element minOccurs="0" name="NOM_NOV_Por_iva" nillable="true" type="xs:decimal"/>
      <xs:element minOccurs="0" name="NOM_NOV_Valor_Unitario" nillable="true" type="xs:decimal"/>
      <xs:element minOccurs="0" name="NOM_NOV_iva" nillable="true" type="xs:decimal"/>
      <xs:element minOccurs="0" name="NOM_TNO_Id" type="xs:int"/>
      <xs:element minOccurs="0" name="NOM_TNO_TipoNovedad" nillable="true" type="tns:NOM_TNO_TipoNovedad"/>
      <xs:element minOccurs="0" name="POS_ProductosServicios" nillable="true" type="tns:POS_ProductosServicios"/>
      <xs:element minOccurs="0" name="Pos_id_productos" type="xs:int"/>
    </xs:sequence>
  </xs:complexType>
  <xs:element name="NOM_NOV_Novedad" nillable="true" type="tns:NOM_NOV_Novedad"/>
  <xs:complexType name="NOM_ENO_TipoEstadoNovedad">
    <xs:sequence>
      <xs:element minOccurs="0" name="NOM_ENO_Descripcion" nillable="true" type="xs:string"/>
      <xs:element minOccurs="0" name="NOM_ENO_Id" type="xs:int"/>
      <xs:element minOccurs="0" name="NOM_NOV_Novedads" nillable="true" type="tns:ArrayOfNOM_NOV_Novedad"/>
    </xs:sequence>
  </xs:complexType>
  <xs:element name="NOM_ENO_TipoEstadoNovedad" nillable="true" type="tns:NOM_ENO_TipoEstadoNovedad"/>
  <xs:complexType name="NOM_TNO_TipoNovedad">
    <xs:sequence>
      <xs:element minOccurs="0" name="NOM_NOV_Novedads" nillable="true" type="tns:ArrayOfNOM_NOV_Novedad"/>
      <xs:element minOccurs="0" name="NOM_TNO_Descripcion" nillable="true" type="xs:string"/>
      <xs:element minOccurs="0" name="NOM_TNO_Id" type="xs:int"/>
      <xs:element minOccurs="0" name="NOM_TNO_Periodico" type="xs:boolean"/>
    </xs:sequence>
  </xs:complexType>
  <xs:element name="NOM_TNO_TipoNovedad" nillable="true" type="tns:NOM_TNO_TipoNovedad"/>
  <xs:complexType name="TTI_tipo_impuesto">
    <xs:sequence>
      <xs:element minOccurs="0" name="EMP_Empresa" nillable="true" type="tns:EMP_Empresa"/>
      <xs:element minOccurs="0" name="Emp_id_empresa" type="xs:int"/>
      <xs:element minOccurs="0" name="IMP_impuestos" nillable="true" type="tns:ArrayOfIMP_impuestos"/>
      <xs:element minOccurs="0" name="IXT_Impuesto_X_TipoContribuyente" nillable="true" type="tns:ArrayOfIXT_Impuesto_X_TipoContribuyente"/>
      <xs:element minOccurs="0" name="POS_ProductosServicios" nillable="true" type="tns:ArrayOfPOS_ProductosServicios"/>
      <xs:element minOccurs="0" name="TII_aplica_producto" type="xs:boolean"/>
      <xs:element minOccurs="0" name="TII_descripcion" nillable="true" type="xs:string"/>
      <xs:element minOccurs="0" name="TII_id_impuesto" type="xs:int"/>
      <xs:element minOccurs="0" name="TII_por_impuesto" nillable="true" type="xs:decimal"/>
    </xs:sequence>
  </xs:complexType>
  <xs:element name="TTI_tipo_impuesto" nillable="true" type="tns:TTI_tipo_impuesto"/>
  <xs:complexType name="ArrayOfIMP_impuestos">
    <xs:sequence>
      <xs:element minOccurs="0" maxOccurs="unbounded" name="IMP_impuestos" nillable="true" type="tns:IMP_impuestos"/>
    </xs:sequence>
  </xs:complexType>
  <xs:element name="ArrayOfIMP_impuestos" nillable="true" type="tns:ArrayOfIMP_impuestos"/>
  <xs:complexType name="IMP_impuestos">
    <xs:sequence>
      <xs:element minOccurs="0" name="CFD_cfd_informacion" nillable="true" type="tns:CFD_cfd_informacion"/>
      <xs:element minOccurs="0" name="EMP_Empresa" nillable="true" type="tns:EMP_Empresa"/>
      <xs:element minOccurs="0" name="Emp_id_empresa" type="xs:int"/>
      <xs:element minOccurs="0" name="IMP_CFD_id_cfd" type="xs:int"/>
      <xs:element minOccurs="0" name="IMP_TII_id_impuesto" type="xs:int"/>
      <xs:element minOccurs="0" name="IMP_codigo_porcentaje" nillable="true" type="xs:string"/>
      <xs:element minOccurs="0" name="IMP_importe" type="xs:decimal"/>
      <xs:element minOccurs="0" name="IMP_impuesto" nillable="true" type="xs:string"/>
      <xs:element minOccurs="0" name="IMP_numero_impuesto" type="xs:decimal"/>
      <xs:element minOccurs="0" name="IMP_tasa" type="xs:decimal"/>
      <xs:element minOccurs="0" name="TTI_tipo_impuesto" nillable="true" type="tns:TTI_tipo_impuesto"/>
    </xs:sequence>
  </xs:complexType>
  <xs:element name="IMP_impuestos" nillable="true" type="tns:IMP_impuestos"/>
  <xs:complexType name="ArrayOfIXT_Impuesto_X_TipoContribuyente">
    <xs:sequence>
      <xs:element minOccurs="0" maxOccurs="unbounded" name="IXT_Impuesto_X_TipoContribuyente" nillable="true" type="tns:IXT_Impuesto_X_TipoContribuyente"/>
    </xs:sequence>
  </xs:complexType>
  <xs:element name="ArrayOfIXT_Impuesto_X_TipoContribuyente" nillable="true" type="tns:ArrayOfIXT_Impuesto_X_TipoContribuyente"/>
  <xs:complexType name="IXT_Impuesto_X_TipoContribuyente">
    <xs:sequence>
      <xs:element minOccurs="0" name="EMP_Empresa" nillable="true" type="tns:EMP_Empresa"/>
      <xs:element minOccurs="0" name="Emp_id_empresa" type="xs:int"/>
      <xs:element minOccurs="0" name="IXT_Descripcion" nillable="true" type="xs:string"/>
      <xs:element minOccurs="0" name="IXT_codigo" nillable="true" type="xs:string"/>
      <xs:element minOccurs="0" name="IXT_id_impuesto_x_tipo_cont" type="xs:int"/>
      <xs:element minOccurs="0" name="IXT_porcentaje" nillable="true" type="xs:decimal"/>
      <xs:element minOccurs="0" name="TII_id_impuesto" type="xs:int"/>
      <xs:element minOccurs="0" name="TIPCONTRIB_TipoContribuyente" nillable="true" type="tns:TIPCONTRIB_TipoContribuyente"/>
      <xs:element minOccurs="0" name="TTI_tipo_impuesto" nillable="true" type="tns:TTI_tipo_impuesto"/>
      <xs:element minOccurs="0" name="tipcontrib_id" type="xs:int"/>
    </xs:sequence>
  </xs:complexType>
  <xs:element name="IXT_Impuesto_X_TipoContribuyente" nillable="true" type="tns:IXT_Impuesto_X_TipoContribuyente"/>
  <xs:complexType name="TIPCONTRIB_TipoContribuyente">
    <xs:sequence>
      <xs:element minOccurs="0" name="CLI_clientes" nillable="true" type="tns:ArrayOfCLI_clientes"/>
      <xs:element minOccurs="0" name="IXT_Impuesto_X_TipoContribuyente" nillable="true" type="tns:ArrayOfIXT_Impuesto_X_TipoContribuyente"/>
      <xs:element minOccurs="0" name="tipcontrib_descripcion" nillable="true" type="xs:string"/>
      <xs:element minOccurs="0" name="tipcontrib_id" type="xs:int"/>
    </xs:sequence>
  </xs:complexType>
  <xs:element name="TIPCONTRIB_TipoContribuyente" nillable="true" type="tns:TIPCONTRIB_TipoContribuyente"/>
  <xs:complexType name="UNI_UnidadesMedida">
    <xs:sequence>
      <xs:element minOccurs="0" name="EMP_Empresa" nillable="true" type="tns:EMP_Empresa"/>
      <xs:element minOccurs="0" name="Emp_id_empresa" type="xs:int"/>
      <xs:element minOccurs="0" name="POS_ProductosServicios" nillable="true" type="tns:ArrayOfPOS_ProductosServicios"/>
      <xs:element minOccurs="0" name="uni_descripcion" nillable="true" type="xs:string"/>
      <xs:element minOccurs="0" name="uni_id_unidad" type="xs:int"/>
    </xs:sequence>
  </xs:complexType>
  <xs:element name="UNI_UnidadesMedida" nillable="true" type="tns:UNI_UnidadesMedida"/>
  <xs:complexType name="ArrayOfTRAZGE_TrazabilidadGestion">
    <xs:sequence>
      <xs:element minOccurs="0" maxOccurs="unbounded" name="TRAZGE_TrazabilidadGestion" nillable="true" type="tns:TRAZGE_TrazabilidadGestion"/>
    </xs:sequence>
  </xs:complexType>
  <xs:element name="ArrayOfTRAZGE_TrazabilidadGestion" nillable="true" type="tns:ArrayOfTRAZGE_TrazabilidadGestion"/>
  <xs:complexType name="TRAZGE_TrazabilidadGestion">
    <xs:sequence>
      <xs:element minOccurs="0" name="CON_concepto_cfd" nillable="true" type="tns:CON_concepto_cfd"/>
      <xs:element minOccurs="0" name="CON_concepto_cfd1" nillable="true" type="tns:CON_concepto_cfd"/>
      <xs:element minOccurs="0" name="TIPOCONFL_TipoConflicto" nillable="true" type="tns:TIPOCONFL_TipoConflicto"/>
      <xs:element minOccurs="0" name="tipconfl_id" nillable="true" type="xs:int"/>
      <xs:element minOccurs="0" name="trazge_con_acuse_r" nillable="true" type="xs:int"/>
      <xs:element minOccurs="0" name="trazge_con_factura" type="xs:int"/>
      <xs:element minOccurs="0" name="trazge_id" type="xs:int"/>
    </xs:sequence>
  </xs:complexType>
  <xs:element name="TRAZGE_TrazabilidadGestion" nillable="true" type="tns:TRAZGE_TrazabilidadGestion"/>
  <xs:complexType name="TIPOCONFL_TipoConflicto">
    <xs:sequence>
      <xs:element minOccurs="0" name="TRAZGE_TrazabilidadGestions" nillable="true" type="tns:ArrayOfTRAZGE_TrazabilidadGestion"/>
      <xs:element minOccurs="0" name="tipconfl_descripcion" nillable="true" type="xs:string"/>
      <xs:element minOccurs="0" name="tipconfl_id" type="xs:int"/>
    </xs:sequence>
  </xs:complexType>
  <xs:element name="TIPOCONFL_TipoConflicto" nillable="true" type="tns:TIPOCONFL_TipoConflicto"/>
  <xs:complexType name="TID_TipoIdentificacion">
    <xs:sequence>
      <xs:element minOccurs="0" name="CLI_clientes" nillable="true" type="tns:ArrayOfCLI_clientes"/>
      <xs:element minOccurs="0" name="EMP_Empresa" nillable="true" type="tns:ArrayOfEMP_Empresa"/>
      <xs:element minOccurs="0" name="FV_PCN_ParticipanteConsorcios" nillable="true" type="tns:ArrayOfFV_PCN_ParticipanteConsorcio"/>
      <xs:element minOccurs="0" name="tid_codg_ident" nillable="true" type="xs:string"/>
      <xs:element minOccurs="0" name="tid_id_tipo_identificacion" type="xs:int"/>
      <xs:element minOccurs="0" name="tid_nombr" nillable="true" type="xs:string"/>
    </xs:sequence>
  </xs:complexType>
  <xs:element name="TID_TipoIdentificacion" nillable="true" type="tns:TID_TipoIdentificacion"/>
  <xs:complexType name="ArrayOfPXC_Proveedores_TecnologicosXCliente">
    <xs:sequence>
      <xs:element minOccurs="0" maxOccurs="unbounded" name="PXC_Proveedores_TecnologicosXCliente" nillable="true" type="tns:PXC_Proveedores_TecnologicosXCliente"/>
    </xs:sequence>
  </xs:complexType>
  <xs:element name="ArrayOfPXC_Proveedores_TecnologicosXCliente" nillable="true" type="tns:ArrayOfPXC_Proveedores_TecnologicosXCliente"/>
  <xs:complexType name="PXC_Proveedores_TecnologicosXCliente">
    <xs:sequence>
      <xs:element minOccurs="0" name="CLI_clientes" nillable="true" type="tns:CLI_clientes"/>
      <xs:element minOccurs="0" name="EMP_Empresa" nillable="true" type="tns:EMP_Empresa"/>
      <xs:element minOccurs="0" name="Emp_id_empresa" nillable="true" type="xs:int"/>
      <xs:element minOccurs="0" name="PTT_Proveedores_Tecnologicos" nillable="true" type="tns:PTT_Proveedores_Tecnologicos"/>
      <xs:element minOccurs="0" name="PXC_CLI_id_cliente" nillable="true" type="xs:int"/>
      <xs:element minOccurs="0" name="ptt_id_Proveedor" type="xs:int"/>
      <xs:element minOccurs="0" name="pxc_fecha_creacion" nillable="true" type="xs:dateTime"/>
      <xs:element minOccurs="0" name="pxc_id_ProveedorXCliente" type="xs:int"/>
    </xs:sequence>
  </xs:complexType>
  <xs:element name="PXC_Proveedores_TecnologicosXCliente" nillable="true" type="tns:PXC_Proveedores_TecnologicosXCliente"/>
  <xs:complexType name="PTT_Proveedores_Tecnologicos">
    <xs:sequence>
      <xs:element minOccurs="0" name="ARS_Archivos_Recepcion_SFTP" nillable="true" type="tns:ArrayOfARS_Archivos_Recepcion_SFTP"/>
      <xs:element minOccurs="0" name="CPT_Configuracion_Proveedores_Tecnologicos" nillable="true" type="tns:ArrayOfCPT_Configuracion_Proveedores_Tecnologicos"/>
      <xs:element minOccurs="0" name="PEF_Parametros_Emision_Interop_FTP" nillable="true" type="tns:ArrayOfPEF_Parametros_Emision_Interop_FTP"/>
      <xs:element minOccurs="0" name="PXC_Proveedores_TecnologicosXCliente" nillable="true" type="tns:ArrayOfPXC_Proveedores_TecnologicosXCliente"/>
      <xs:element minOccurs="0" name="RSE_Registros_Solicitudes_Emision" nillable="true" type="tns:ArrayOfRSE_Registros_Solicitudes_Emision"/>
      <xs:element minOccurs="0" name="ppt_estado_proveedor" type="xs:short"/>
      <xs:element minOccurs="0" name="ppt_fecha_creacion" nillable="true" type="xs:dateTime"/>
      <xs:element minOccurs="0" name="ptt_contacto_email" nillable="true" type="xs:string"/>
      <xs:element minOccurs="0" name="ptt_contacto_nombre" nillable="true" type="xs:string"/>
      <xs:element minOccurs="0" name="ptt_contacto_telefono" nillable="true" type="xs:string"/>
      <xs:element minOccurs="0" name="ptt_id_Proveedor" type="xs:int"/>
      <xs:element minOccurs="0" name="ptt_nombre_proveedor" nillable="true" type="xs:string"/>
    </xs:sequence>
  </xs:complexType>
  <xs:element name="PTT_Proveedores_Tecnologicos" nillable="true" type="tns:PTT_Proveedores_Tecnologicos"/>
  <xs:complexType name="ArrayOfARS_Archivos_Recepcion_SFTP">
    <xs:sequence>
      <xs:element minOccurs="0" maxOccurs="unbounded" name="ARS_Archivos_Recepcion_SFTP" nillable="true" type="tns:ARS_Archivos_Recepcion_SFTP"/>
    </xs:sequence>
  </xs:complexType>
  <xs:element name="ArrayOfARS_Archivos_Recepcion_SFTP" nillable="true" type="tns:ArrayOfARS_Archivos_Recepcion_SFTP"/>
  <xs:complexType name="ARS_Archivos_Recepcion_SFTP">
    <xs:sequence>
      <xs:element minOccurs="0" name="CFD_cfd_informacion" nillable="true" type="tns:CFD_cfd_informacion"/>
      <xs:element minOccurs="0" name="CFD_id_cfd" type="xs:int"/>
      <xs:element minOccurs="0" name="EMP_Empresa" nillable="true" type="tns:EMP_Empresa"/>
      <xs:element minOccurs="0" name="Emp_id_empresa" type="xs:int"/>
      <xs:element minOccurs="0" name="PTT_Proveedores_Tecnologicos" nillable="true" type="tns:PTT_Proveedores_Tecnologicos"/>
      <xs:element minOccurs="0" name="ars_adjuntos" type="xs:short"/>
      <xs:element minOccurs="0" name="ars_fechaCreacion" nillable="true" type="xs:dateTime"/>
      <xs:element minOccurs="0" name="ars_idDestinatario" nillable="true" type="xs:string"/>
      <xs:element minOccurs="0" name="ars_idRecepcionDocumentos" type="xs:int"/>
      <xs:element minOccurs="0" name="ars_nombre_documento" nillable="true" type="xs:string"/>
      <xs:element minOccurs="0" name="ars_notaEntrega" nillable="true" type="xs:string"/>
      <xs:element minOccurs="0" name="ars_representGrafica" type="xs:short"/>
      <xs:element minOccurs="0" name="ars_sha256" nillable="true" type="xs:string"/>
      <xs:element minOccurs="0" name="ptt_archivoZip" nillable="true" type="xs:string"/>
      <xs:element minOccurs="0" name="ptt_id_Proveedor" type="xs:int"/>
    </xs:sequence>
  </xs:complexType>
  <xs:element name="ARS_Archivos_Recepcion_SFTP" nillable="true" type="tns:ARS_Archivos_Recepcion_SFTP"/>
  <xs:complexType name="ArrayOfCPT_Configuracion_Proveedores_Tecnologicos">
    <xs:sequence>
      <xs:element minOccurs="0" maxOccurs="unbounded" name="CPT_Configuracion_Proveedores_Tecnologicos" nillable="true" type="tns:CPT_Configuracion_Proveedores_Tecnologicos"/>
    </xs:sequence>
  </xs:complexType>
  <xs:element name="ArrayOfCPT_Configuracion_Proveedores_Tecnologicos" nillable="true" type="tns:ArrayOfCPT_Configuracion_Proveedores_Tecnologicos"/>
  <xs:complexType name="CPT_Configuracion_Proveedores_Tecnologicos">
    <xs:sequence>
      <xs:element minOccurs="0" name="PTT_Proveedores_Tecnologicos" nillable="true" type="tns:PTT_Proveedores_Tecnologicos"/>
      <xs:element minOccurs="0" name="TAM_Tipo_Ambiente_Interop" nillable="true" type="tns:TAM_Tipo_Ambiente_Interop"/>
      <xs:element minOccurs="0" name="TCI_Tipo_Configuracion_Interop" nillable="true" type="tns:TCI_Tipo_Configuracion_Interop"/>
      <xs:element minOccurs="0" name="cpt_idConfiguracion" type="xs:int"/>
      <xs:element minOccurs="0" name="cpt_puerto" nillable="true" type="xs:int"/>
      <xs:element minOccurs="0" name="cpt_token" nillable="true" type="xs:string"/>
      <xs:element minOccurs="0" name="cpt_url_principal" nillable="true" type="xs:string"/>
      <xs:element minOccurs="0" name="cpt_usuario" nillable="true" type="xs:string"/>
      <xs:element minOccurs="0" name="ptt_id_Proveedor" type="xs:int"/>
      <xs:element minOccurs="0" name="tam_id_tipo_ambiente" nillable="true" type="xs:int"/>
      <xs:element minOccurs="0" name="tci_id_tipo_configuracion" nillable="true" type="xs:int"/>
    </xs:sequence>
  </xs:complexType>
  <xs:element name="CPT_Configuracion_Proveedores_Tecnologicos" nillable="true" type="tns:CPT_Configuracion_Proveedores_Tecnologicos"/>
  <xs:complexType name="TAM_Tipo_Ambiente_Interop">
    <xs:sequence>
      <xs:element minOccurs="0" name="CPT_Configuracion_Proveedores_Tecnologicos" nillable="true" type="tns:ArrayOfCPT_Configuracion_Proveedores_Tecnologicos"/>
      <xs:element minOccurs="0" name="PEF_Parametros_Emision_Interop_FTP" nillable="true" type="tns:ArrayOfPEF_Parametros_Emision_Interop_FTP"/>
      <xs:element minOccurs="0" name="tam_Nombre_tipo_ambiente" nillable="true" type="xs:string"/>
      <xs:element minOccurs="0" name="tam_id_tipo_ambiente" type="xs:int"/>
    </xs:sequence>
  </xs:complexType>
  <xs:element name="TAM_Tipo_Ambiente_Interop" nillable="true" type="tns:TAM_Tipo_Ambiente_Interop"/>
  <xs:complexType name="ArrayOfPEF_Parametros_Emision_Interop_FTP">
    <xs:sequence>
      <xs:element minOccurs="0" maxOccurs="unbounded" name="PEF_Parametros_Emision_Interop_FTP" nillable="true" type="tns:PEF_Parametros_Emision_Interop_FTP"/>
    </xs:sequence>
  </xs:complexType>
  <xs:element name="ArrayOfPEF_Parametros_Emision_Interop_FTP" nillable="true" type="tns:ArrayOfPEF_Parametros_Emision_Interop_FTP"/>
  <xs:complexType name="PEF_Parametros_Emision_Interop_FTP">
    <xs:sequence>
      <xs:element minOccurs="0" name="PEF_enable_ssl" nillable="true" type="xs:boolean"/>
      <xs:element minOccurs="0" name="PEF_host" nillable="true" type="xs:string"/>
      <xs:element minOccurs="0" name="PEF_host_port" nillable="true" type="xs:string"/>
      <xs:element minOccurs="0" name="PEF_id_parametro" type="xs:int"/>
      <xs:element minOccurs="0" name="PEF_id_protocolo" nillable="true" type="xs:int"/>
      <xs:element minOccurs="0" name="PEF_in_dir" nillable="true" type="xs:string"/>
      <xs:element minOccurs="0" name="PEF_keepalive" nillable="true" type="xs:boolean"/>
      <xs:element minOccurs="0" name="PEF_out_dir" nillable="true" type="xs:string"/>
      <xs:element minOccurs="0" name="PEF_pass_ftp" nillable="true" type="xs:string"/>
      <xs:element minOccurs="0" name="PEF_root_dir" nillable="true" type="xs:string"/>
      <xs:element minOccurs="0" name="PEF_use_passive" nillable="true" type="xs:boolean"/>
      <xs:element minOccurs="0" name="PEF_user_ftp" nillable="true" type="xs:string"/>
      <xs:element minOccurs="0" name="PTT_Proveedores_Tecnologicos" nillable="true" type="tns:PTT_Proveedores_Tecnologicos"/>
      <xs:element minOccurs="0" name="TAM_Tipo_Ambiente_Interop" nillable="true" type="tns:TAM_Tipo_Ambiente_Interop"/>
      <xs:element minOccurs="0" name="TCI_Tipo_Configuracion_Interop" nillable="true" type="tns:TCI_Tipo_Configuracion_Interop"/>
      <xs:element minOccurs="0" name="ptt_id_Proveedor" nillable="true" type="xs:int"/>
      <xs:element minOccurs="0" name="tam_id_tipo_ambiente" nillable="true" type="xs:int"/>
      <xs:element minOccurs="0" name="tci_id_tipo_configuracion" nillable="true" type="xs:int"/>
    </xs:sequence>
  </xs:complexType>
  <xs:element name="PEF_Parametros_Emision_Interop_FTP" nillable="true" type="tns:PEF_Parametros_Emision_Interop_FTP"/>
  <xs:complexType name="TCI_Tipo_Configuracion_Interop">
    <xs:sequence>
      <xs:element minOccurs="0" name="CPT_Configuracion_Proveedores_Tecnologicos" nillable="true" type="tns:ArrayOfCPT_Configuracion_Proveedores_Tecnologicos"/>
      <xs:element minOccurs="0" name="PEF_Parametros_Emision_Interop_FTP" nillable="true" type="tns:ArrayOfPEF_Parametros_Emision_Interop_FTP"/>
      <xs:element minOccurs="0" name="tci_Nombre_tipo_configuracion" nillable="true" type="xs:string"/>
      <xs:element minOccurs="0" name="tci_id_tipo_configuracion" type="xs:int"/>
    </xs:sequence>
  </xs:complexType>
  <xs:element name="TCI_Tipo_Configuracion_Interop" nillable="true" type="tns:TCI_Tipo_Configuracion_Interop"/>
  <xs:complexType name="ArrayOfRSE_Registros_Solicitudes_Emision">
    <xs:sequence>
      <xs:element minOccurs="0" maxOccurs="unbounded" name="RSE_Registros_Solicitudes_Emision" nillable="true" type="tns:RSE_Registros_Solicitudes_Emision"/>
    </xs:sequence>
  </xs:complexType>
  <xs:element name="ArrayOfRSE_Registros_Solicitudes_Emision" nillable="true" type="tns:ArrayOfRSE_Registros_Solicitudes_Emision"/>
  <xs:complexType name="RSE_Registros_Solicitudes_Emision">
    <xs:sequence>
      <xs:element minOccurs="0" name="AES_Archivos_Emision_SFTP" nillable="true" type="tns:ArrayOfAES_Archivos_Emision_SFTP"/>
      <xs:element minOccurs="0" name="EMP_Empresa" nillable="true" type="tns:EMP_Empresa"/>
      <xs:element minOccurs="0" name="PSE_Nombre_Archivo_ZIP" nillable="true" type="xs:string"/>
      <xs:element minOccurs="0" name="PTT_Proveedores_Tecnologicos" nillable="true" type="tns:PTT_Proveedores_Tecnologicos"/>
      <xs:element minOccurs="0" name="RSE_Fecha_Envio" nillable="true" type="xs:dateTime"/>
      <xs:element minOccurs="0" name="RSE_MensajeGlobal" nillable="true" type="xs:string"/>
      <xs:element minOccurs="0" name="RSE_UUID_Registro" nillable="true" type="xs:string"/>
      <xs:element minOccurs="0" name="RSE_emp_id_empresa" nillable="true" type="xs:int"/>
      <xs:element minOccurs="0" name="RSE_id_Registro_Emision" type="xs:int"/>
      <xs:element minOccurs="0" name="TIO_Tipo_Interoperabilidad" nillable="true" type="tns:TIO_Tipo_Interoperabilidad"/>
      <xs:element minOccurs="0" name="ptt_id_Proveedor" nillable="true" type="xs:int"/>
      <xs:element minOccurs="0" name="tio_id_TipoInteroperabilidad" nillable="true" type="xs:int"/>
    </xs:sequence>
  </xs:complexType>
  <xs:element name="RSE_Registros_Solicitudes_Emision" nillable="true" type="tns:RSE_Registros_Solicitudes_Emision"/>
  <xs:complexType name="TIO_Tipo_Interoperabilidad">
    <xs:sequence>
      <xs:element minOccurs="0" name="AES_Archivos_Emision_SFTP" nillable="true" type="tns:ArrayOfAES_Archivos_Emision_SFTP"/>
      <xs:element minOccurs="0" name="HEI_Historico_EstadosInteroperabilidad" nillable="true" type="tns:ArrayOfHEI_Historico_EstadosInteroperabilidad"/>
      <xs:element minOccurs="0" name="HRD_Historico_RespuestasXDocumento" nillable="true" type="tns:ArrayOfHRD_Historico_RespuestasXDocumento"/>
      <xs:element minOccurs="0" name="RSE_Registros_Solicitudes_Emision" nillable="true" type="tns:ArrayOfRSE_Registros_Solicitudes_Emision"/>
      <xs:element minOccurs="0" name="tio_id_TipoInteroperabilidad" type="xs:int"/>
      <xs:element minOccurs="0" name="tio_nombre" nillable="true" type="xs:string"/>
    </xs:sequence>
  </xs:complexType>
  <xs:element name="TIO_Tipo_Interoperabilidad" nillable="true" type="tns:TIO_Tipo_Interoperabilidad"/>
  <xs:complexType name="ArrayOfHEI_Historico_EstadosInteroperabilidad">
    <xs:sequence>
      <xs:element minOccurs="0" maxOccurs="unbounded" name="HEI_Historico_EstadosInteroperabilidad" nillable="true" type="tns:HEI_Historico_EstadosInteroperabilidad"/>
    </xs:sequence>
  </xs:complexType>
  <xs:element name="ArrayOfHEI_Historico_EstadosInteroperabilidad" nillable="true" type="tns:ArrayOfHEI_Historico_EstadosInteroperabilidad"/>
  <xs:complexType name="HEI_Historico_EstadosInteroperabilidad">
    <xs:sequence>
      <xs:element minOccurs="0" name="CFD_cfd_informacion" nillable="true" type="tns:CFD_cfd_informacion"/>
      <xs:element minOccurs="0" name="CFD_id_cfd" type="xs:int"/>
      <xs:element minOccurs="0" name="EMP_Empresa" nillable="true" type="tns:EMP_Empresa"/>
      <xs:element minOccurs="0" name="ESO_Estados_Interoperabilidad" nillable="true" type="tns:ESO_Estados_Interoperabilidad"/>
      <xs:element minOccurs="0" name="Emp_id_empresa" type="xs:int"/>
      <xs:element minOccurs="0" name="HEI_EstadoNotificado" nillable="true" type="xs:boolean"/>
      <xs:element minOccurs="0" name="TIO_Tipo_Interoperabilidad" nillable="true" type="tns:TIO_Tipo_Interoperabilidad"/>
      <xs:element minOccurs="0" name="eso_idEstado" nillable="true" type="xs:int"/>
      <xs:element minOccurs="0" name="fecha_creacion" nillable="true" type="xs:dateTime"/>
      <xs:element minOccurs="0" name="fecha_transaccion" nillable="true" type="xs:dateTime"/>
      <xs:element minOccurs="0" name="hei_id_HistoricoEstados" type="xs:int"/>
      <xs:element minOccurs="0" name="hei_tracking_id" nillable="true" type="xs:string"/>
      <xs:element minOccurs="0" name="tio_id_TipoInteroperabilidad" nillable="true" type="xs:int"/>
    </xs:sequence>
  </xs:complexType>
  <xs:element name="HEI_Historico_EstadosInteroperabilidad" nillable="true" type="tns:HEI_Historico_EstadosInteroperabilidad"/>
  <xs:complexType name="ESO_Estados_Interoperabilidad">
    <xs:sequence>
      <xs:element minOccurs="0" name="HEI_Historico_EstadosInteroperabilidad" nillable="true" type="tns:ArrayOfHEI_Historico_EstadosInteroperabilidad"/>
      <xs:element minOccurs="0" name="HRD_Historico_RespuestasXDocumento" nillable="true" type="tns:ArrayOfHRD_Historico_RespuestasXDocumento"/>
      <xs:element minOccurs="0" name="eso_idEstado" type="xs:int"/>
      <xs:element minOccurs="0" name="eso_nombre" nillable="true" type="xs:string"/>
    </xs:sequence>
  </xs:complexType>
  <xs:element name="ESO_Estados_Interoperabilidad" nillable="true" type="tns:ESO_Estados_Interoperabilidad"/>
  <xs:complexType name="ArrayOfHRD_Historico_RespuestasXDocumento">
    <xs:sequence>
      <xs:element minOccurs="0" maxOccurs="unbounded" name="HRD_Historico_RespuestasXDocumento" nillable="true" type="tns:HRD_Historico_RespuestasXDocumento"/>
    </xs:sequence>
  </xs:complexType>
  <xs:element name="ArrayOfHRD_Historico_RespuestasXDocumento" nillable="true" type="tns:ArrayOfHRD_Historico_RespuestasXDocumento"/>
  <xs:complexType name="HRD_Historico_RespuestasXDocumento">
    <xs:sequence>
      <xs:element minOccurs="0" name="CFD_cfd_informacion" nillable="true" type="tns:CFD_cfd_informacion"/>
      <xs:element minOccurs="0" name="CFD_id_cfd" type="xs:int"/>
      <xs:element minOccurs="0" name="ESO_Estados_Interoperabilidad" nillable="true" type="tns:ESO_Estados_Interoperabilidad"/>
      <xs:element minOccurs="0" name="Emp_id_empresa" type="xs:int"/>
      <xs:element minOccurs="0" name="HRD_Json_Respuesta" nillable="true" type="xs:string"/>
      <xs:element minOccurs="0" name="HRD_XML_ApplicationRes" nillable="true" type="xs:string"/>
      <xs:element minOccurs="0" name="TIO_Tipo_Interoperabilidad" nillable="true" type="tns:TIO_Tipo_Interoperabilidad"/>
      <xs:element minOccurs="0" name="TRI_Id_TipoRespuesta_IO" nillable="true" type="xs:int"/>
      <xs:element minOccurs="0" name="TRI_TipoRespuesta_IO" nillable="true" type="tns:TRI_TipoRespuesta_IO"/>
      <xs:element minOccurs="0" name="eso_idEstado" nillable="true" type="xs:int"/>
      <xs:element minOccurs="0" name="fecha_creacion" nillable="true" type="xs:dateTime"/>
      <xs:element minOccurs="0" name="fecha_transaccion" nillable="true" type="xs:dateTime"/>
      <xs:element minOccurs="0" name="hrd_id_HistoricoEstados" type="xs:int"/>
      <xs:element minOccurs="0" name="hrd_tracking_id" nillable="true" type="xs:string"/>
      <xs:element minOccurs="0" name="tio_id_TipoInteroperabilidad" nillable="true" type="xs:int"/>
    </xs:sequence>
  </xs:complexType>
  <xs:element name="HRD_Historico_RespuestasXDocumento" nillable="true" type="tns:HRD_Historico_RespuestasXDocumento"/>
  <xs:complexType name="TRI_TipoRespuesta_IO">
    <xs:sequence>
      <xs:element minOccurs="0" name="HRD_Historico_RespuestasXDocumento" nillable="true" type="tns:ArrayOfHRD_Historico_RespuestasXDocumento"/>
      <xs:element minOccurs="0" name="TRI_Descripcion_TipoRespuesta_IO" nillable="true" type="xs:string"/>
      <xs:element minOccurs="0" name="TRI_Id_TipoRespuesta_IO" type="xs:int"/>
    </xs:sequence>
  </xs:complexType>
  <xs:element name="TRI_TipoRespuesta_IO" nillable="true" type="tns:TRI_TipoRespuesta_IO"/>
  <xs:complexType name="TIP_TipoPersona">
    <xs:sequence>
      <xs:element minOccurs="0" name="CLI_clientes" nillable="true" type="tns:ArrayOfCLI_clientes"/>
      <xs:element minOccurs="0" name="EMP_Empresa" nillable="true" type="tns:ArrayOfEMP_Empresa"/>
      <xs:element minOccurs="0" name="TIP_descripcion" nillable="true" type="xs:string"/>
      <xs:element minOccurs="0" name="TIP_id_tipo_persona" type="xs:int"/>
    </xs:sequence>
  </xs:complexType>
  <xs:element name="TIP_TipoPersona" nillable="true" type="tns:TIP_TipoPersona"/>
  <xs:complexType name="TAC_TipoAcuerdo">
    <xs:sequence>
      <xs:element minOccurs="0" name="ACU_AcuerdoExpedAcept" nillable="true" type="tns:ArrayOfACU_AcuerdoExpedAcept"/>
      <xs:element minOccurs="0" name="tac_codg_convenio" nillable="true" type="xs:string"/>
      <xs:element minOccurs="0" name="tac_id_tipo_acuedo" type="xs:int"/>
      <xs:element minOccurs="0" name="tac_nombre" nillable="true" type="xs:string"/>
    </xs:sequence>
  </xs:complexType>
  <xs:element name="TAC_TipoAcuerdo" nillable="true" type="tns:TAC_TipoAcuerdo"/>
  <xs:complexType name="TFC_TipoFacturacion">
    <xs:sequence>
      <xs:element minOccurs="0" name="ACU_AcuerdoExpedAcept" nillable="true" type="tns:ArrayOfACU_AcuerdoExpedAcept"/>
      <xs:element minOccurs="0" name="CFD_cfd_informacion" nillable="true" type="tns:ArrayOfCFD_cfd_informacion"/>
      <xs:element minOccurs="0" name="tfc_descripcion_tipo" nillable="true" type="xs:string"/>
      <xs:element minOccurs="0" name="tfc_id_tipo_facturacion" type="xs:int"/>
    </xs:sequence>
  </xs:complexType>
  <xs:element name="TFC_TipoFacturacion" nillable="true" type="tns:TFC_TipoFacturacion"/>
  <xs:complexType name="ArrayOfCAT_CategoriasRecepcion">
    <xs:sequence>
      <xs:element minOccurs="0" maxOccurs="unbounded" name="CAT_CategoriasRecepcion" nillable="true" type="tns:CAT_CategoriasRecepcion"/>
    </xs:sequence>
  </xs:complexType>
  <xs:element name="ArrayOfCAT_CategoriasRecepcion" nillable="true" type="tns:ArrayOfCAT_CategoriasRecepcion"/>
  <xs:complexType name="ArrayOfCIIU_CodigoIndustrial">
    <xs:sequence>
      <xs:element minOccurs="0" maxOccurs="unbounded" name="CIIU_CodigoIndustrial" nillable="true" type="tns:CIIU_CodigoIndustrial"/>
    </xs:sequence>
  </xs:complexType>
  <xs:element name="ArrayOfCIIU_CodigoIndustrial" nillable="true" type="tns:ArrayOfCIIU_CodigoIndustrial"/>
  <xs:complexType name="CIIU_CodigoIndustrial">
    <xs:sequence>
      <xs:element minOccurs="0" name="EMP_Empresa" nillable="true" type="tns:EMP_Empresa"/>
      <xs:element minOccurs="0" name="Emp_id_empresa" nillable="true" type="xs:int"/>
      <xs:element minOccurs="0" name="ciiu_codigo_ciiu" nillable="true" type="xs:string"/>
      <xs:element minOccurs="0" name="ciiu_descripcion" nillable="true" type="xs:string"/>
      <xs:element minOccurs="0" name="ciiu_id_ciiu" type="xs:int"/>
      <xs:element minOccurs="0" name="ciiu_tarifa" type="xs:decimal"/>
    </xs:sequence>
  </xs:complexType>
  <xs:element name="CIIU_CodigoIndustrial" nillable="true" type="tns:CIIU_CodigoIndustrial"/>
  <xs:complexType name="ArrayOfCNE_Controles_Negocio_Empresa">
    <xs:sequence>
      <xs:element minOccurs="0" maxOccurs="unbounded" name="CNE_Controles_Negocio_Empresa" nillable="true" type="tns:CNE_Controles_Negocio_Empresa"/>
    </xs:sequence>
  </xs:complexType>
  <xs:element name="ArrayOfCNE_Controles_Negocio_Empresa" nillable="true" type="tns:ArrayOfCNE_Controles_Negocio_Empresa"/>
  <xs:complexType name="CNE_Controles_Negocio_Empresa">
    <xs:sequence>
      <xs:element minOccurs="0" name="CNE_Controles_Negocio" nillable="true" type="tns:CNE_Controles_Negocio"/>
      <xs:element minOccurs="0" name="EMP_Empresa" nillable="true" type="tns:EMP_Empresa"/>
      <xs:element minOccurs="0" name="cne_id_control_empresa" type="xs:int"/>
      <xs:element minOccurs="0" name="cne_id_control_negocio" type="xs:int"/>
      <xs:element minOccurs="0" name="cne_orden_control" nillable="true" type="xs:int"/>
      <xs:element minOccurs="0" name="cne_rechaza_documento" nillable="true" type="xs:boolean"/>
      <xs:element minOccurs="0" name="emp_id_empresa" type="xs:int"/>
    </xs:sequence>
  </xs:complexType>
  <xs:element name="CNE_Controles_Negocio_Empresa" nillable="true" type="tns:CNE_Controles_Negocio_Empresa"/>
  <xs:complexType name="CNE_Controles_Negocio">
    <xs:sequence>
      <xs:element minOccurs="0" name="CNE_Controles_Negocio_Empresa" nillable="true" type="tns:ArrayOfCNE_Controles_Negocio_Empresa"/>
      <xs:element minOccurs="0" name="cne_aplica_docReferencia" nillable="true" type="xs:boolean"/>
      <xs:element minOccurs="0" name="cne_control_activo" nillable="true" type="xs:boolean"/>
      <xs:element minOccurs="0" name="cne_control_descripcion" nillable="true" type="xs:string"/>
      <xs:element minOccurs="0" name="cne_control_personalizado" nillable="true" type="xs:boolean"/>
      <xs:element minOccurs="0" name="cne_funcion" nillable="true" type="xs:string"/>
      <xs:element minOccurs="0" name="cne_id_control_negocio" type="xs:int"/>
      <xs:element minOccurs="0" name="cne_parametros" nillable="true" type="xs:string"/>
    </xs:sequence>
  </xs:complexType>
  <xs:element name="CNE_Controles_Negocio" nillable="true" type="tns:CNE_Controles_Negocio"/>
  <xs:complexType name="ArrayOfCONRE_Conceptos_Recepcion">
    <xs:sequence>
      <xs:element minOccurs="0" maxOccurs="unbounded" name="CONRE_Conceptos_Recepcion" nillable="true" type="tns:CONRE_Conceptos_Recepcion"/>
    </xs:sequence>
  </xs:complexType>
  <xs:element name="ArrayOfCONRE_Conceptos_Recepcion" nillable="true" type="tns:ArrayOfCONRE_Conceptos_Recepcion"/>
  <xs:complexType name="ArrayOfCRE_ConceptosRechazo">
    <xs:sequence>
      <xs:element minOccurs="0" maxOccurs="unbounded" name="CRE_ConceptosRechazo" nillable="true" type="tns:CRE_ConceptosRechazo"/>
    </xs:sequence>
  </xs:complexType>
  <xs:element name="ArrayOfCRE_ConceptosRechazo" nillable="true" type="tns:ArrayOfCRE_ConceptosRechazo"/>
  <xs:complexType name="CRE_ConceptosRechazo">
    <xs:sequence>
      <xs:element minOccurs="0" name="CXF_ConceptosRechazoXFactura" nillable="true" type="tns:ArrayOfCXF_ConceptosRechazoXFactura"/>
      <xs:element minOccurs="0" name="EMP_Empresa" nillable="true" type="tns:EMP_Empresa"/>
      <xs:element minOccurs="0" name="Emp_id_empresa" type="xs:int"/>
      <xs:element minOccurs="0" name="cre_correo_electronico" nillable="true" type="xs:string"/>
      <xs:element minOccurs="0" name="cre_id_concepto" type="xs:int"/>
      <xs:element minOccurs="0" name="cre_nombre" nillable="true" type="xs:string"/>
    </xs:sequence>
  </xs:complexType>
  <xs:element name="CRE_ConceptosRechazo" nillable="true" type="tns:CRE_ConceptosRechazo"/>
  <xs:complexType name="ArrayOfCXF_ConceptosRechazoXFactura">
    <xs:sequence>
      <xs:element minOccurs="0" maxOccurs="unbounded" name="CXF_ConceptosRechazoXFactura" nillable="true" type="tns:CXF_ConceptosRechazoXFactura"/>
    </xs:sequence>
  </xs:complexType>
  <xs:element name="ArrayOfCXF_ConceptosRechazoXFactura" nillable="true" type="tns:ArrayOfCXF_ConceptosRechazoXFactura"/>
  <xs:complexType name="CXF_ConceptosRechazoXFactura">
    <xs:sequence>
      <xs:element minOccurs="0" name="CFD_cfd_informacion" nillable="true" type="tns:CFD_cfd_informacion"/>
      <xs:element minOccurs="0" name="CRE_ConceptosRechazo" nillable="true" type="tns:CRE_ConceptosRechazo"/>
      <xs:element minOccurs="0" name="EMP_Empresa" nillable="true" type="tns:EMP_Empresa"/>
      <xs:element minOccurs="0" name="Emp_id_empresa" type="xs:int"/>
      <xs:element minOccurs="0" name="Incluir" nillable="true" type="xs:string"/>
      <xs:element minOccurs="0" name="NombreConcepto" nillable="true" type="xs:string"/>
      <xs:element minOccurs="0" name="cxf_cfd_id_cfd" type="xs:int"/>
      <xs:element minOccurs="0" name="cxf_cre_id_concepto" type="xs:int"/>
      <xs:element minOccurs="0" name="cxf_cre_observaciones" nillable="true" type="xs:string"/>
      <xs:element minOccurs="0" name="cxf_id_causales" type="xs:int"/>
    </xs:sequence>
  </xs:complexType>
  <xs:element name="CXF_ConceptosRechazoXFactura" nillable="true" type="tns:CXF_ConceptosRechazoXFactura"/>
  <xs:complexType name="ArrayOfD22_DIAN_2242">
    <xs:sequence>
      <xs:element minOccurs="0" maxOccurs="unbounded" name="D22_DIAN_2242" nillable="true" type="tns:D22_DIAN_2242"/>
    </xs:sequence>
  </xs:complexType>
  <xs:element name="ArrayOfD22_DIAN_2242" nillable="true" type="tns:ArrayOfD22_DIAN_2242"/>
  <xs:complexType name="D22_DIAN_2242">
    <xs:sequence>
      <xs:element minOccurs="0" name="D22_fecha_inicio_reporte" type="xs:dateTime"/>
      <xs:element minOccurs="0" name="D22_id_dian_2242" type="xs:int"/>
      <xs:element minOccurs="0" name="EMP_Empresa" nillable="true" type="tns:EMP_Empresa"/>
      <xs:element minOccurs="0" name="Emp_id_empresa" type="xs:int"/>
      <xs:element minOccurs="0" name="d22_envio_individual" nillable="true" type="xs:boolean"/>
    </xs:sequence>
  </xs:complexType>
  <xs:element name="D22_DIAN_2242" nillable="true" type="tns:D22_DIAN_2242"/>
  <xs:complexType name="ArrayOfDEPD_DetalleErroresProcDian">
    <xs:sequence>
      <xs:element minOccurs="0" maxOccurs="unbounded" name="DEPD_DetalleErroresProcDian" nillable="true" type="tns:DEPD_DetalleErroresProcDian"/>
    </xs:sequence>
  </xs:complexType>
  <xs:element name="ArrayOfDEPD_DetalleErroresProcDian" nillable="true" type="tns:ArrayOfDEPD_DetalleErroresProcDian"/>
  <xs:complexType name="DEPD_DetalleErroresProcDian">
    <xs:sequence>
      <xs:element minOccurs="0" name="CFD_CFD_numero_cfd" nillable="true" type="xs:decimal"/>
      <xs:element minOccurs="0" name="CFD_cfd_informacion" nillable="true" type="tns:CFD_cfd_informacion"/>
      <xs:element minOccurs="0" name="DEPD_CFD_id_cfd" type="xs:int"/>
      <xs:element minOccurs="0" name="DEPD_CFD_prefijo" nillable="true" type="xs:string"/>
      <xs:element minOccurs="0" name="DEPD_EMP_id_empresa" type="xs:int"/>
      <xs:element minOccurs="0" name="DEPD_EPD_Id_error_proceso_Dian" type="xs:int"/>
      <xs:element minOccurs="0" name="DEPD_fecha" type="xs:dateTime"/>
      <xs:element minOccurs="0" name="DEPD_id_detalle_errores_Dian" type="xs:int"/>
      <xs:element minOccurs="0" name="EMP_Empresa" nillable="true" type="tns:EMP_Empresa"/>
      <xs:element minOccurs="0" name="EPD_Error_Procesamiento_Dian" nillable="true" type="tns:EPD_Error_Procesamiento_Dian"/>
    </xs:sequence>
  </xs:complexType>
  <xs:element name="DEPD_DetalleErroresProcDian" nillable="true" type="tns:DEPD_DetalleErroresProcDian"/>
  <xs:complexType name="EPD_Error_Procesamiento_Dian">
    <xs:sequence>
      <xs:element minOccurs="0" name="DEPD_DetalleErroresProcDian" nillable="true" type="tns:ArrayOfDEPD_DetalleErroresProcDian"/>
      <xs:element minOccurs="0" name="EPD_Id_error_proceso_Dian" type="xs:int"/>
      <xs:element minOccurs="0" name="EPD_codigo_proces_Dian" nillable="true" type="xs:string"/>
      <xs:element minOccurs="0" name="EPD_mensaje_error" nillable="true" type="xs:string"/>
      <xs:element minOccurs="0" name="EPD_nombre_error" nillable="true" type="xs:string"/>
      <xs:element minOccurs="0" name="EPD_tipo_error" nillable="true" type="xs:int"/>
      <xs:element minOccurs="0" name="PDCE_Proc_Dian_Consolidado_Ciente_Error" nillable="true" type="tns:ArrayOfPDCE_Proc_Dian_Consolidado_Ciente_Error"/>
    </xs:sequence>
  </xs:complexType>
  <xs:element name="EPD_Error_Procesamiento_Dian" nillable="true" type="tns:EPD_Error_Procesamiento_Dian"/>
  <xs:complexType name="ArrayOfPDCE_Proc_Dian_Consolidado_Ciente_Error">
    <xs:sequence>
      <xs:element minOccurs="0" maxOccurs="unbounded" name="PDCE_Proc_Dian_Consolidado_Ciente_Error" nillable="true" type="tns:PDCE_Proc_Dian_Consolidado_Ciente_Error"/>
    </xs:sequence>
  </xs:complexType>
  <xs:element name="ArrayOfPDCE_Proc_Dian_Consolidado_Ciente_Error" nillable="true" type="tns:ArrayOfPDCE_Proc_Dian_Consolidado_Ciente_Error"/>
  <xs:complexType name="PDCE_Proc_Dian_Consolidado_Ciente_Error">
    <xs:sequence>
      <xs:element minOccurs="0" name="EMP_Empresa" nillable="true" type="tns:EMP_Empresa"/>
      <xs:element minOccurs="0" name="EPD_Error_Procesamiento_Dian" nillable="true" type="tns:EPD_Error_Procesamiento_Dian"/>
      <xs:element minOccurs="0" name="PDCE_Cantidad" type="xs:int"/>
      <xs:element minOccurs="0" name="PDCE_EMP_id_empresa" type="xs:int"/>
      <xs:element minOccurs="0" name="PDCE_EPD_id_error_proceso_Dian" type="xs:int"/>
      <xs:element minOccurs="0" name="PDCE_fecha" type="xs:dateTime"/>
      <xs:element minOccurs="0" name="PDCE_id_proceso_dian" type="xs:int"/>
    </xs:sequence>
  </xs:complexType>
  <xs:element name="PDCE_Proc_Dian_Consolidado_Ciente_Error" nillable="true" type="tns:PDCE_Proc_Dian_Consolidado_Ciente_Error"/>
  <xs:complexType name="ArrayOfDIC_Diccionario_Campo">
    <xs:sequence>
      <xs:element minOccurs="0" maxOccurs="unbounded" name="DIC_Diccionario_Campo" nillable="true" type="tns:DIC_Diccionario_Campo"/>
    </xs:sequence>
  </xs:complexType>
  <xs:element name="ArrayOfDIC_Diccionario_Campo" nillable="true" type="tns:ArrayOfDIC_Diccionario_Campo"/>
  <xs:complexType name="DIC_Diccionario_Campo">
    <xs:sequence>
      <xs:element minOccurs="0" name="EMP_Empresa" nillable="true" type="tns:EMP_Empresa"/>
      <xs:element minOccurs="0" name="dic_control_campo" nillable="true" type="xs:string"/>
      <xs:element minOccurs="0" name="dic_control_contenedor" nillable="true" type="xs:string"/>
      <xs:element minOccurs="0" name="dic_id_diccionario" type="xs:int"/>
      <xs:element minOccurs="0" name="dic_pagina" nillable="true" type="xs:string"/>
      <xs:element minOccurs="0" name="dic_titulo_control" nillable="true" type="xs:string"/>
      <xs:element minOccurs="0" name="emp_id_empresa" type="xs:int"/>
    </xs:sequence>
  </xs:complexType>
  <xs:element name="DIC_Diccionario_Campo" nillable="true" type="tns:DIC_Diccionario_Campo"/>
  <xs:complexType name="ArrayOfEAA_EnvioAutomaticoAlerta">
    <xs:sequence>
      <xs:element minOccurs="0" maxOccurs="unbounded" name="EAA_EnvioAutomaticoAlerta" nillable="true" type="tns:EAA_EnvioAutomaticoAlerta"/>
    </xs:sequence>
  </xs:complexType>
  <xs:element name="ArrayOfEAA_EnvioAutomaticoAlerta" nillable="true" type="tns:ArrayOfEAA_EnvioAutomaticoAlerta"/>
  <xs:complexType name="EAA_EnvioAutomaticoAlerta">
    <xs:sequence>
      <xs:element minOccurs="0" name="EMP_Empresa" nillable="true" type="tns:EMP_Empresa"/>
      <xs:element minOccurs="0" name="Emp_id_empresa" type="xs:int"/>
      <xs:element minOccurs="0" name="TIPOALERT_TipoAlerta" nillable="true" type="tns:TIPOALERT_TipoAlerta"/>
      <xs:element minOccurs="0" name="eaa_correos" nillable="true" type="xs:string"/>
      <xs:element minOccurs="0" name="eaa_dias_vence_factura" nillable="true" type="xs:int"/>
      <xs:element minOccurs="0" name="eaa_hora_notificacion" type="xs:dateTime"/>
      <xs:element minOccurs="0" name="eaa_id" type="xs:int"/>
      <xs:element minOccurs="0" name="eaa_ultima_actualizacion" nillable="true" type="xs:dateTime"/>
      <xs:element minOccurs="0" name="tipoalert_id" type="xs:int"/>
    </xs:sequence>
  </xs:complexType>
  <xs:element name="EAA_EnvioAutomaticoAlerta" nillable="true" type="tns:EAA_EnvioAutomaticoAlerta"/>
  <xs:complexType name="TIPOALERT_TipoAlerta">
    <xs:sequence>
      <xs:element minOccurs="0" name="EAA_EnvioAutomaticoAlertas" nillable="true" type="tns:ArrayOfEAA_EnvioAutomaticoAlerta"/>
      <xs:element minOccurs="0" name="tipoalert_descripcion" nillable="true" type="xs:string"/>
      <xs:element minOccurs="0" name="tipoalert_id" type="xs:int"/>
    </xs:sequence>
  </xs:complexType>
  <xs:element name="TIPOALERT_TipoAlerta" nillable="true" type="tns:TIPOALERT_TipoAlerta"/>
  <xs:complexType name="ArrayOfEDE_Evento_Documento_Electronico">
    <xs:sequence>
      <xs:element minOccurs="0" maxOccurs="unbounded" name="EDE_Evento_Documento_Electronico" nillable="true" type="tns:EDE_Evento_Documento_Electronico"/>
    </xs:sequence>
  </xs:complexType>
  <xs:element name="ArrayOfEDE_Evento_Documento_Electronico" nillable="true" type="tns:ArrayOfEDE_Evento_Documento_Electronico"/>
  <xs:complexType name="EDE_Evento_Documento_Electronico">
    <xs:sequence>
      <xs:element minOccurs="0" name="ANEE_Anexo_Evento" nillable="true" type="tns:ANEE_Anexo_Evento"/>
      <xs:element minOccurs="0" name="ANEE_id_anexo_evento" nillable="true" type="xs:int"/>
      <xs:element minOccurs="0" name="CFD_cfd_informacion" nillable="true" type="tns:CFD_cfd_informacion"/>
      <xs:element minOccurs="0" name="EDE_CFD_id_cfd" type="xs:int"/>
      <xs:element minOccurs="0" name="EDE_CUDE_evento" nillable="true" type="xs:string"/>
      <xs:element minOccurs="0" name="EDE_Des_Estado_DIAN" nillable="true" type="xs:string"/>
      <xs:element minOccurs="0" name="EDE_Emp_id_EmpresaEmisora" type="xs:int"/>
      <xs:element minOccurs="0" name="EDE_Emp_id_EmpresaReceptora" nillable="true" type="xs:int"/>
      <xs:element minOccurs="0" name="EDE_correos_notificacion" nillable="true" type="xs:string"/>
      <xs:element minOccurs="0" name="EDE_fecha_hora_generacion" type="xs:dateTime"/>
      <xs:element minOccurs="0" name="EDE_fecha_hora_validacion_evento" nillable="true" type="xs:dateTime"/>
      <xs:element minOccurs="0" name="EDE_id_EmisionRecepcion" type="xs:int"/>
      <xs:element minOccurs="0" name="EDE_id_evento" type="xs:long"/>
      <xs:element minOccurs="0" name="EDE_motivo_rechazo" nillable="true" type="xs:string"/>
      <xs:element minOccurs="0" name="EDE_numero_evento" nillable="true" type="xs:string"/>
      <xs:element minOccurs="0" name="EDE_profile_execution_id" nillable="true" type="xs:int"/>
      <xs:element minOccurs="0" name="EDE_ruta_pdf" nillable="true" type="xs:string"/>
      <xs:element minOccurs="0" name="EDE_ruta_xml" nillable="true" type="xs:string"/>
      <xs:element minOccurs="0" name="EDE_trazabilidad" nillable="true" type="xs:string"/>
      <xs:element minOccurs="0" name="EMP_Empresa" nillable="true" type="tns:EMP_Empresa"/>
      <xs:element minOccurs="0" name="EMP_Empresa1" nillable="true" type="tns:EMP_Empresa"/>
      <xs:element minOccurs="0" name="FV_TDE_Id_TipoEventoDIAN" type="xs:int"/>
      <xs:element minOccurs="0" name="FV_TDE_TipoEventoDIAN" nillable="true" type="tns:FV_TDE_TipoEventoDIAN"/>
    </xs:sequence>
  </xs:complexType>
  <xs:element name="EDE_Evento_Documento_Electronico" nillable="true" type="tns:EDE_Evento_Documento_Electronico"/>
  <xs:complexType name="ANEE_Anexo_Evento">
    <xs:sequence>
      <xs:element minOccurs="0" name="ANEE_Tamano" nillable="true" type="xs:decimal"/>
      <xs:element minOccurs="0" name="ANEE_asunto_anexo" nillable="true" type="xs:string"/>
      <xs:element minOccurs="0" name="ANEE_descripcion_larga" nillable="true" type="xs:string"/>
      <xs:element minOccurs="0" name="ANEE_fecha_publicacion" nillable="true" type="xs:dateTime"/>
      <xs:element minOccurs="0" name="ANEE_formato" nillable="true" type="xs:string"/>
      <xs:element minOccurs="0" name="ANEE_id_anexo_evento" type="xs:int"/>
      <xs:element minOccurs="0" name="ANEE_lenguaje" nillable="true" type="xs:string"/>
      <xs:element minOccurs="0" name="ANEE_mime_type" nillable="true" type="xs:string"/>
      <xs:element minOccurs="0" name="ANEE_ruta_archivo" nillable="true" type="xs:string"/>
      <xs:element minOccurs="0" name="ANEE_titulo_anexo" nillable="true" type="xs:string"/>
      <xs:element minOccurs="0" name="EDE_Evento_Documento_Electronico" nillable="true" type="tns:ArrayOfEDE_Evento_Documento_Electronico"/>
      <xs:element minOccurs="0" name="EDE_id_evento" type="xs:int"/>
    </xs:sequence>
  </xs:complexType>
  <xs:element name="ANEE_Anexo_Evento" nillable="true" type="tns:ANEE_Anexo_Evento"/>
  <xs:complexType name="FV_TDE_TipoEventoDIAN">
    <xs:sequence>
      <xs:element minOccurs="0" name="EDE_Evento_Documento_Electronico" nillable="true" type="tns:ArrayOfEDE_Evento_Documento_Electronico"/>
      <xs:element minOccurs="0" name="FV_TDE_Codigo_TipoEventoDIAN" nillable="true" type="xs:string"/>
      <xs:element minOccurs="0" name="FV_TDE_Descripcion_TipoEventoDIAN" nillable="true" type="xs:string"/>
      <xs:element minOccurs="0" name="FV_TDE_Id_TipoEventoDIAN" type="xs:int"/>
      <xs:element minOccurs="0" name="FV_TDE_Responsable_Registro" nillable="true" type="xs:string"/>
    </xs:sequence>
  </xs:complexType>
  <xs:element name="FV_TDE_TipoEventoDIAN" nillable="true" type="tns:FV_TDE_TipoEventoDIAN"/>
  <xs:complexType name="EPY_EstadoProyecto">
    <xs:sequence>
      <xs:element minOccurs="0" name="EMP_Empresa" nillable="true" type="tns:ArrayOfEMP_Empresa"/>
      <xs:element minOccurs="0" name="epy_descripcion_estado" nillable="true" type="xs:string"/>
      <xs:element minOccurs="0" name="epy_id_estado_proyecto" type="xs:int"/>
    </xs:sequence>
  </xs:complexType>
  <xs:element name="EPY_EstadoProyecto" nillable="true" type="tns:EPY_EstadoProyecto"/>
  <xs:complexType name="ArrayOfESNCXF_EstadoNotificaCorreoXFac">
    <xs:sequence>
      <xs:element minOccurs="0" maxOccurs="unbounded" name="ESNCXF_EstadoNotificaCorreoXFac" nillable="true" type="tns:ESNCXF_EstadoNotificaCorreoXFac"/>
    </xs:sequence>
  </xs:complexType>
  <xs:element name="ArrayOfESNCXF_EstadoNotificaCorreoXFac" nillable="true" type="tns:ArrayOfESNCXF_EstadoNotificaCorreoXFac"/>
  <xs:complexType name="ESNCXF_EstadoNotificaCorreoXFac">
    <xs:sequence>
      <xs:element minOccurs="0" name="CFD_cfd_informacion" nillable="true" type="tns:CFD_cfd_informacion"/>
      <xs:element minOccurs="0" name="CFD_id_cfd" type="xs:int"/>
      <xs:element minOccurs="0" name="EMP_Empresa" nillable="true" type="tns:EMP_Empresa"/>
      <xs:element minOccurs="0" name="ESTNE_EstadosNotificaEventos" nillable="true" type="tns:ESTNE_EstadosNotificaEventos"/>
      <xs:element minOccurs="0" name="Emp_id_empresa" type="xs:int"/>
      <xs:element minOccurs="0" name="esncxf_correo" nillable="true" type="xs:string"/>
      <xs:element minOccurs="0" name="esncxf_fecha_actualiza" type="xs:dateTime"/>
      <xs:element minOccurs="0" name="esncxf_id" type="xs:int"/>
      <xs:element minOccurs="0" name="estne_id" type="xs:int"/>
    </xs:sequence>
  </xs:complexType>
  <xs:element name="ESNCXF_EstadoNotificaCorreoXFac" nillable="true" type="tns:ESNCXF_EstadoNotificaCorreoXFac"/>
  <xs:complexType name="ESTNE_EstadosNotificaEventos">
    <xs:sequence>
      <xs:element minOccurs="0" name="CFD_cfd_informacion" nillable="true" type="tns:ArrayOfCFD_cfd_informacion"/>
      <xs:element minOccurs="0" name="ESNCXF_EstadoNotificaCorreoXFacs" nillable="true" type="tns:ArrayOfESNCXF_EstadoNotificaCorreoXFac"/>
      <xs:element minOccurs="0" name="esne_sendgrid" nillable="true" type="xs:string"/>
      <xs:element minOccurs="0" name="estne_descripcion" nillable="true" type="xs:string"/>
      <xs:element minOccurs="0" name="estne_id" type="xs:int"/>
    </xs:sequence>
  </xs:complexType>
  <xs:element name="ESTNE_EstadosNotificaEventos" nillable="true" type="tns:ESTNE_EstadosNotificaEventos"/>
  <xs:complexType name="ArrayOfFON_Fondeadores">
    <xs:sequence>
      <xs:element minOccurs="0" maxOccurs="unbounded" name="FON_Fondeadores" nillable="true" type="tns:FON_Fondeadores"/>
    </xs:sequence>
  </xs:complexType>
  <xs:element name="ArrayOfFON_Fondeadores" nillable="true" type="tns:ArrayOfFON_Fondeadores"/>
  <xs:complexType name="ArrayOfFRD_Fechas_Radicacion">
    <xs:sequence>
      <xs:element minOccurs="0" maxOccurs="unbounded" name="FRD_Fechas_Radicacion" nillable="true" type="tns:FRD_Fechas_Radicacion"/>
    </xs:sequence>
  </xs:complexType>
  <xs:element name="ArrayOfFRD_Fechas_Radicacion" nillable="true" type="tns:ArrayOfFRD_Fechas_Radicacion"/>
  <xs:complexType name="FRD_Fechas_Radicacion">
    <xs:sequence>
      <xs:element minOccurs="0" name="EMP_Empresa" nillable="true" type="tns:EMP_Empresa"/>
      <xs:element minOccurs="0" name="Emp_id_empresa" type="xs:int"/>
      <xs:element minOccurs="0" name="FRD_fecha_limite" nillable="true" type="xs:dateTime"/>
      <xs:element minOccurs="0" name="FRD_id_Fechas" type="xs:int"/>
      <xs:element minOccurs="0" name="FRD_periodo_ano" nillable="true" type="xs:int"/>
      <xs:element minOccurs="0" name="FRD_periodo_mes" nillable="true" type="xs:int"/>
    </xs:sequence>
  </xs:complexType>
  <xs:element name="FRD_Fechas_Radicacion" nillable="true" type="tns:FRD_Fechas_Radicacion"/>
  <xs:complexType name="ArrayOfFV_DUM_ValoresXDef">
    <xs:sequence>
      <xs:element minOccurs="0" maxOccurs="unbounded" name="FV_DUM_ValoresXDef" nillable="true" type="tns:FV_DUM_ValoresXDef"/>
    </xs:sequence>
  </xs:complexType>
  <xs:element name="ArrayOfFV_DUM_ValoresXDef" nillable="true" type="tns:ArrayOfFV_DUM_ValoresXDef"/>
  <xs:complexType name="FV_DUM_ValoresXDef">
    <xs:sequence>
      <xs:element minOccurs="0" name="EMP_Empresa" nillable="true" type="tns:EMP_Empresa"/>
      <xs:element minOccurs="0" name="Emp_id_empresa" type="xs:int"/>
      <xs:element minOccurs="0" name="FV_CDU_ControlesDummy" nillable="true" type="tns:FV_CDU_ControlesDummy"/>
      <xs:element minOccurs="0" name="FV_DUM_orden" nillable="true" type="xs:int"/>
      <xs:element minOccurs="0" name="FV_DUM_valorAsociado" nillable="true" type="xs:string"/>
      <xs:element minOccurs="0" name="FV_PFD_UserId" type="ser:guid"/>
      <xs:element minOccurs="0" name="FV_PFD_fechaActualizacion" nillable="true" type="xs:dateTime"/>
      <xs:element minOccurs="0" name="id_FV_CDU_ControlesDummy" nillable="true" type="xs:int"/>
      <xs:element minOccurs="0" name="id_FV_DUM_ValoresxDef" type="xs:int"/>
      <xs:element minOccurs="0" name="id_PFD_PerfilDummy" nillable="true" type="xs:int"/>
    </xs:sequence>
  </xs:complexType>
  <xs:element name="FV_DUM_ValoresXDef" nillable="true" type="tns:FV_DUM_ValoresXDef"/>
  <xs:complexType name="FV_CDU_ControlesDummy">
    <xs:sequence>
      <xs:element minOccurs="0" name="FV_CDU_CampoObjeto" nillable="true" type="xs:string"/>
      <xs:element minOccurs="0" name="FV_CDU_Descripcion" nillable="true" type="xs:string"/>
      <xs:element minOccurs="0" name="FV_CDU_FuncionAsociada" nillable="true" type="xs:string"/>
      <xs:element minOccurs="0" name="FV_CDU_activo" nillable="true" type="xs:boolean"/>
      <xs:element minOccurs="0" name="FV_DUM_ValoresXDef" nillable="true" type="tns:ArrayOfFV_DUM_ValoresXDef"/>
      <xs:element minOccurs="0" name="FV_TDU_TipoDummy" nillable="true" type="tns:FV_TDU_TipoDummy"/>
      <xs:element minOccurs="0" name="FV_TDU_id_TipoDummy" nillable="true" type="xs:int"/>
      <xs:element minOccurs="0" name="id_FV_CDU_ControlesDummy" type="xs:int"/>
    </xs:sequence>
  </xs:complexType>
  <xs:element name="FV_CDU_ControlesDummy" nillable="true" type="tns:FV_CDU_ControlesDummy"/>
  <xs:complexType name="FV_TDU_TipoDummy">
    <xs:sequence>
      <xs:element minOccurs="0" name="FV_CDU_ControlesDummy" nillable="true" type="tns:ArrayOfFV_CDU_ControlesDummy"/>
      <xs:element minOccurs="0" name="FV_TDU_descripcion" nillable="true" type="xs:string"/>
      <xs:element minOccurs="0" name="FV_TDU_id_TipoDummy" type="xs:int"/>
    </xs:sequence>
  </xs:complexType>
  <xs:element name="FV_TDU_TipoDummy" nillable="true" type="tns:FV_TDU_TipoDummy"/>
  <xs:complexType name="ArrayOfFV_CDU_ControlesDummy">
    <xs:sequence>
      <xs:element minOccurs="0" maxOccurs="unbounded" name="FV_CDU_ControlesDummy" nillable="true" type="tns:FV_CDU_ControlesDummy"/>
    </xs:sequence>
  </xs:complexType>
  <xs:element name="ArrayOfFV_CDU_ControlesDummy" nillable="true" type="tns:ArrayOfFV_CDU_ControlesDummy"/>
  <xs:complexType name="ArrayOfFV_ICD_IncidenteContingenciaDian">
    <xs:sequence>
      <xs:element minOccurs="0" maxOccurs="unbounded" name="FV_ICD_IncidenteContingenciaDian" nillable="true" type="tns:FV_ICD_IncidenteContingenciaDian"/>
    </xs:sequence>
  </xs:complexType>
  <xs:element name="ArrayOfFV_ICD_IncidenteContingenciaDian" nillable="true" type="tns:ArrayOfFV_ICD_IncidenteContingenciaDian"/>
  <xs:complexType name="FV_ICD_IncidenteContingenciaDian">
    <xs:sequence>
      <xs:element minOccurs="0" name="CFD_cfd_informacion" nillable="true" type="tns:CFD_cfd_informacion"/>
      <xs:element minOccurs="0" name="CFD_id_cfd" type="xs:int"/>
      <xs:element minOccurs="0" name="EMP_Empresa" nillable="true" type="tns:EMP_Empresa"/>
      <xs:element minOccurs="0" name="EMP_id_empresa" type="xs:int"/>
      <xs:element minOccurs="0" name="FV_HBD_HeartBeatDIAN" nillable="true" type="tns:ArrayOfFV_HBD_HeartBeatDIAN"/>
      <xs:element minOccurs="0" name="FV_TIC_TipoIncidenteContingencia" nillable="true" type="tns:FV_TIC_TipoIncidenteContingencia"/>
      <xs:element minOccurs="0" name="ICD_fechaRegistro" type="xs:dateTime"/>
      <xs:element minOccurs="0" name="ICD_id_IncidenteContingenciaDian" type="xs:int"/>
      <xs:element minOccurs="0" name="ICD_nombreSonda" nillable="true" type="xs:string"/>
      <xs:element minOccurs="0" name="ICD_revisada" type="xs:boolean"/>
      <xs:element minOccurs="0" name="TIC_id_TipoIncidenteContingencia" nillable="true" type="xs:int"/>
    </xs:sequence>
  </xs:complexType>
  <xs:element name="FV_ICD_IncidenteContingenciaDian" nillable="true" type="tns:FV_ICD_IncidenteContingenciaDian"/>
  <xs:complexType name="ArrayOfFV_HBD_HeartBeatDIAN">
    <xs:sequence>
      <xs:element minOccurs="0" maxOccurs="unbounded" name="FV_HBD_HeartBeatDIAN" nillable="true" type="tns:FV_HBD_HeartBeatDIAN"/>
    </xs:sequence>
  </xs:complexType>
  <xs:element name="ArrayOfFV_HBD_HeartBeatDIAN" nillable="true" type="tns:ArrayOfFV_HBD_HeartBeatDIAN"/>
  <xs:complexType name="FV_HBD_HeartBeatDIAN">
    <xs:sequence>
      <xs:element minOccurs="0" name="FV_ECD_EstadoContingenciaDIAN" nillable="true" type="tns:ArrayOfFV_ECD_EstadoContingenciaDIAN"/>
      <xs:element minOccurs="0" name="FV_ECD_EstadoContingenciaDIAN1" nillable="true" type="tns:ArrayOfFV_ECD_EstadoContingenciaDIAN"/>
      <xs:element minOccurs="0" name="FV_HCD_HistoricoContingenciaDIAN" nillable="true" type="tns:ArrayOfFV_HCD_HistoricoContingenciaDIAN"/>
      <xs:element minOccurs="0" name="FV_HCD_HistoricoContingenciaDIAN1" nillable="true" type="tns:ArrayOfFV_HCD_HistoricoContingenciaDIAN"/>
      <xs:element minOccurs="0" name="FV_ICD_IncidenteContingenciaDian" nillable="true" type="tns:FV_ICD_IncidenteContingenciaDian"/>
      <xs:element minOccurs="0" name="HBD_codigoStatus" nillable="true" type="xs:short"/>
      <xs:element minOccurs="0" name="HBD_fechaHoraRegistro" nillable="true" type="xs:dateTime"/>
      <xs:element minOccurs="0" name="HBD_id_HeartBeatDIAN" type="xs:int"/>
      <xs:element minOccurs="0" name="ICD_id_IncidenteContingenciaDian" nillable="true" type="xs:int"/>
    </xs:sequence>
  </xs:complexType>
  <xs:element name="FV_HBD_HeartBeatDIAN" nillable="true" type="tns:FV_HBD_HeartBeatDIAN"/>
  <xs:complexType name="ArrayOfFV_ECD_EstadoContingenciaDIAN">
    <xs:sequence>
      <xs:element minOccurs="0" maxOccurs="unbounded" name="FV_ECD_EstadoContingenciaDIAN" nillable="true" type="tns:FV_ECD_EstadoContingenciaDIAN"/>
    </xs:sequence>
  </xs:complexType>
  <xs:element name="ArrayOfFV_ECD_EstadoContingenciaDIAN" nillable="true" type="tns:ArrayOfFV_ECD_EstadoContingenciaDIAN"/>
  <xs:complexType name="FV_ECD_EstadoContingenciaDIAN">
    <xs:sequence>
      <xs:element minOccurs="0" name="ECD_fechaCancelacionContingencia" nillable="true" type="xs:dateTime"/>
      <xs:element minOccurs="0" name="ECD_fechaDeclaracionContingencia" nillable="true" type="xs:dateTime"/>
      <xs:element minOccurs="0" name="ECD_idHeartBeatCancela" nillable="true" type="xs:int"/>
      <xs:element minOccurs="0" name="ECD_idHeartBeatDeclara" nillable="true" type="xs:int"/>
      <xs:element minOccurs="0" name="ECD_id_EstadoContingenciaDIAN" type="xs:short"/>
      <xs:element minOccurs="0" name="FV_HBD_HeartBeatDIAN" nillable="true" type="tns:FV_HBD_HeartBeatDIAN"/>
      <xs:element minOccurs="0" name="FV_HBD_HeartBeatDIAN1" nillable="true" type="tns:FV_HBD_HeartBeatDIAN"/>
    </xs:sequence>
  </xs:complexType>
  <xs:element name="FV_ECD_EstadoContingenciaDIAN" nillable="true" type="tns:FV_ECD_EstadoContingenciaDIAN"/>
  <xs:complexType name="ArrayOfFV_HCD_HistoricoContingenciaDIAN">
    <xs:sequence>
      <xs:element minOccurs="0" maxOccurs="unbounded" name="FV_HCD_HistoricoContingenciaDIAN" nillable="true" type="tns:FV_HCD_HistoricoContingenciaDIAN"/>
    </xs:sequence>
  </xs:complexType>
  <xs:element name="ArrayOfFV_HCD_HistoricoContingenciaDIAN" nillable="true" type="tns:ArrayOfFV_HCD_HistoricoContingenciaDIAN"/>
  <xs:complexType name="FV_HCD_HistoricoContingenciaDIAN">
    <xs:sequence>
      <xs:element minOccurs="0" name="FV_HBD_HeartBeatDIAN" nillable="true" type="tns:FV_HBD_HeartBeatDIAN"/>
      <xs:element minOccurs="0" name="FV_HBD_HeartBeatDIAN1" nillable="true" type="tns:FV_HBD_HeartBeatDIAN"/>
      <xs:element minOccurs="0" name="HBD_idHeartBeatDeclara" nillable="true" type="xs:int"/>
      <xs:element minOccurs="0" name="HCD_fechaCancelacionContingencia" nillable="true" type="xs:dateTime"/>
      <xs:element minOccurs="0" name="HCD_fechaDeclaracionContingencia" nillable="true" type="xs:dateTime"/>
      <xs:element minOccurs="0" name="HCD_idHeartBeatCancela" nillable="true" type="xs:int"/>
      <xs:element minOccurs="0" name="HCD_id_HistoricoContingenciaDIAN" type="xs:int"/>
    </xs:sequence>
  </xs:complexType>
  <xs:element name="FV_HCD_HistoricoContingenciaDIAN" nillable="true" type="tns:FV_HCD_HistoricoContingenciaDIAN"/>
  <xs:complexType name="FV_TIC_TipoIncidenteContingencia">
    <xs:sequence>
      <xs:element minOccurs="0" name="FV_ICD_IncidenteContingenciaDian" nillable="true" type="tns:ArrayOfFV_ICD_IncidenteContingenciaDian"/>
      <xs:element minOccurs="0" name="TIC_codigoStatus" type="xs:short"/>
      <xs:element minOccurs="0" name="TIC_descripcion" nillable="true" type="xs:string"/>
      <xs:element minOccurs="0" name="TIC_exitoso" type="xs:boolean"/>
      <xs:element minOccurs="0" name="TIC_id_TipoIncidenteContingencia" type="xs:int"/>
      <xs:element minOccurs="0" name="TIC_tipoAccion" type="xs:unsignedByte"/>
    </xs:sequence>
  </xs:complexType>
  <xs:element name="FV_TIC_TipoIncidenteContingencia" nillable="true" type="tns:FV_TIC_TipoIncidenteContingencia"/>
  <xs:complexType name="ArrayOfFV_PFD_PerfilDummy">
    <xs:sequence>
      <xs:element minOccurs="0" maxOccurs="unbounded" name="FV_PFD_PerfilDummy" nillable="true" type="tns:FV_PFD_PerfilDummy"/>
    </xs:sequence>
  </xs:complexType>
  <xs:element name="ArrayOfFV_PFD_PerfilDummy" nillable="true" type="tns:ArrayOfFV_PFD_PerfilDummy"/>
  <xs:complexType name="FV_PFD_PerfilDummy">
    <xs:sequence>
      <xs:element minOccurs="0" name="EFA_EstilosFactura" nillable="true" type="tns:EFA_EstilosFactura"/>
      <xs:element minOccurs="0" name="EMP_Empresa" nillable="true" type="tns:EMP_Empresa"/>
      <xs:element minOccurs="0" name="Emp_id_empresa" type="xs:int"/>
      <xs:element minOccurs="0" name="FV_PFD_UserId" type="ser:guid"/>
      <xs:element minOccurs="0" name="FV_PFD_descripcion" nillable="true" type="xs:string"/>
      <xs:element minOccurs="0" name="FV_PFD_estado" nillable="true" type="xs:boolean"/>
      <xs:element minOccurs="0" name="FV_PFD_fechaActualizacion" nillable="true" type="xs:dateTime"/>
      <xs:element minOccurs="0" name="FV_TDD_Id_TipoDocumentoDIAN" nillable="true" type="xs:int"/>
      <xs:element minOccurs="0" name="FV_TDD_TipoDocumentoDIAN" nillable="true" type="tns:FV_TDD_TipoDocumentoDIAN"/>
      <xs:element minOccurs="0" name="efa_id_estilo" nillable="true" type="xs:int"/>
      <xs:element minOccurs="0" name="id_PFD_PerfilDummy" type="xs:int"/>
    </xs:sequence>
  </xs:complexType>
  <xs:element name="FV_PFD_PerfilDummy" nillable="true" type="tns:FV_PFD_PerfilDummy"/>
  <xs:complexType name="EFA_EstilosFactura">
    <xs:sequence>
      <xs:element minOccurs="0" name="FV_PFD_PerfilDummy" nillable="true" type="tns:ArrayOfFV_PFD_PerfilDummy"/>
      <xs:element minOccurs="0" name="PFI_ParametrosFiscales" nillable="true" type="tns:ArrayOfPFI_ParametrosFiscales"/>
      <xs:element minOccurs="0" name="efa_clase_estilo" nillable="true" type="xs:string"/>
      <xs:element minOccurs="0" name="efa_clase_estilo_nota" nillable="true" type="xs:string"/>
      <xs:element minOccurs="0" name="efa_descripcion_estilo" nillable="true" type="xs:string"/>
      <xs:element minOccurs="0" name="efa_id_estilo" type="xs:int"/>
      <xs:element minOccurs="0" name="efa_nombre_estilo" nillable="true" type="xs:string"/>
      <xs:element minOccurs="0" name="efa_ruta_pdf" nillable="true" type="xs:string"/>
      <xs:element minOccurs="0" name="efa_ruta_thumbnail" nillable="true" type="xs:string"/>
      <xs:element minOccurs="0" name="efa_ruta_thumbnailGrande" nillable="true" type="xs:string"/>
    </xs:sequence>
  </xs:complexType>
  <xs:element name="EFA_EstilosFactura" nillable="true" type="tns:EFA_EstilosFactura"/>
  <xs:complexType name="ArrayOfPFI_ParametrosFiscales">
    <xs:sequence>
      <xs:element minOccurs="0" maxOccurs="unbounded" name="PFI_ParametrosFiscales" nillable="true" type="tns:PFI_ParametrosFiscales"/>
    </xs:sequence>
  </xs:complexType>
  <xs:element name="ArrayOfPFI_ParametrosFiscales" nillable="true" type="tns:ArrayOfPFI_ParametrosFiscales"/>
  <xs:complexType name="PFI_ParametrosFiscales">
    <xs:sequence>
      <xs:element minOccurs="0" name="EFA_EstilosFactura" nillable="true" type="tns:EFA_EstilosFactura"/>
      <xs:element minOccurs="0" name="EMP_Empresa" nillable="true" type="tns:EMP_Empresa"/>
      <xs:element minOccurs="0" name="Emp_id_empresa" type="xs:int"/>
      <xs:element minOccurs="0" name="MON_Monedas" nillable="true" type="tns:MON_Monedas"/>
      <xs:element minOccurs="0" name="TFA_TipoFacEBI" nillable="true" type="tns:TFA_TipoFacEBI"/>
      <xs:element minOccurs="0" name="TFA_id_tipo_fac" type="xs:int"/>
      <xs:element minOccurs="0" name="efa_id_estilo" type="xs:int"/>
      <xs:element minOccurs="0" name="mon_id_moneda" type="xs:int"/>
      <xs:element minOccurs="0" name="pfi_cola_propia_recepcion" nillable="true" type="xs:boolean"/>
      <xs:element minOccurs="0" name="pfi_conse_OpeCDI" type="xs:int"/>
      <xs:element minOccurs="0" name="pfi_consecutiv_envio" nillable="true" type="xs:int"/>
      <xs:element minOccurs="0" name="pfi_consiecuti_Notas" nillable="true" type="xs:int"/>
      <xs:element minOccurs="0" name="pfi_contingencia" nillable="true" type="xs:boolean"/>
      <xs:element minOccurs="0" name="pfi_copia_not_emp" type="xs:boolean"/>
      <xs:element minOccurs="0" name="pfi_hab_fecha_exp" type="xs:boolean"/>
      <xs:element minOccurs="0" name="pfi_habilita_facxcom" type="xs:boolean"/>
      <xs:element minOccurs="0" name="pfi_habilita_mult" type="xs:boolean"/>
      <xs:element minOccurs="0" name="pfi_id_paramtr_fiscal" type="xs:int"/>
      <xs:element minOccurs="0" name="pfi_info_fiscal" nillable="true" type="xs:string"/>
      <xs:element minOccurs="0" name="pfi_nombre" nillable="true" type="xs:string"/>
      <xs:element minOccurs="0" name="pfi_nota1_factura" nillable="true" type="xs:string"/>
      <xs:element minOccurs="0" name="pfi_nota2_factura" nillable="true" type="xs:string"/>
      <xs:element minOccurs="0" name="pfi_nota3_factura" nillable="true" type="xs:string"/>
      <xs:element minOccurs="0" name="pfi_nota4_factura" nillable="true" type="xs:string"/>
      <xs:element minOccurs="0" name="pfi_pos_ref_nota1" nillable="true" type="xs:string"/>
      <xs:element minOccurs="0" name="pfi_recepcion_radicacion" nillable="true" type="xs:string"/>
      <xs:element minOccurs="0" name="pfi_ruta_footer" nillable="true" type="xs:string"/>
      <xs:element minOccurs="0" name="pfi_tipo_erp" nillable="true" type="xs:string"/>
      <xs:element minOccurs="0" name="pfi_tope_radicacion" nillable="true" type="xs:int"/>
      <xs:element minOccurs="0" name="pfi_url_site_ebill" nillable="true" type="xs:string"/>
      <xs:element minOccurs="0" name="pfi_valor" nillable="true" type="xs:decimal"/>
      <xs:element minOccurs="0" name="pfi_valor_text" nillable="true" type="xs:string"/>
      <xs:element minOccurs="0" name="pfi_year" nillable="true" type="xs:string"/>
    </xs:sequence>
  </xs:complexType>
  <xs:element name="PFI_ParametrosFiscales" nillable="true" type="tns:PFI_ParametrosFiscales"/>
  <xs:complexType name="MON_Monedas">
    <xs:sequence>
      <xs:element minOccurs="0" name="CFD_cfd_informacion" nillable="true" type="tns:ArrayOfCFD_cfd_informacion"/>
      <xs:element minOccurs="0" name="FV_AXD_AnticiposXDocumento" nillable="true" type="tns:ArrayOfFV_AXD_AnticiposXDocumento"/>
      <xs:element minOccurs="0" name="PFI_ParametrosFiscales" nillable="true" type="tns:ArrayOfPFI_ParametrosFiscales"/>
      <xs:element minOccurs="0" name="mon_code_iso" nillable="true" type="xs:string"/>
      <xs:element minOccurs="0" name="mon_id_moneda" type="xs:int"/>
      <xs:element minOccurs="0" name="mon_nombre_mon" nillable="true" type="xs:string"/>
    </xs:sequence>
  </xs:complexType>
  <xs:element name="MON_Monedas" nillable="true" type="tns:MON_Monedas"/>
  <xs:complexType name="ArrayOfFV_AXD_AnticiposXDocumento">
    <xs:sequence>
      <xs:element minOccurs="0" maxOccurs="unbounded" name="FV_AXD_AnticiposXDocumento" nillable="true" type="tns:FV_AXD_AnticiposXDocumento"/>
    </xs:sequence>
  </xs:complexType>
  <xs:element name="ArrayOfFV_AXD_AnticiposXDocumento" nillable="true" type="tns:ArrayOfFV_AXD_AnticiposXDocumento"/>
  <xs:complexType name="FV_AXD_AnticiposXDocumento">
    <xs:sequence>
      <xs:element minOccurs="0" name="CFD_cfd_informacion" nillable="true" type="tns:CFD_cfd_informacion"/>
      <xs:element minOccurs="0" name="CFD_id_cfd" nillable="true" type="xs:int"/>
      <xs:element minOccurs="0" name="FV_AXD_IdXDoc_AnticiposXDocumento" nillable="true" type="xs:string"/>
      <xs:element minOccurs="0" name="FV_AXD_Id_AnticiposXDocumento" type="xs:int"/>
      <xs:element minOccurs="0" name="FV_AXD_InstructionID" nillable="true" type="xs:string"/>
      <xs:element minOccurs="0" name="FV_AXD_PaidAmount" type="xs:decimal"/>
      <xs:element minOccurs="0" name="FV_AXD_PaidDate" nillable="true" type="xs:dateTime"/>
      <xs:element minOccurs="0" name="FV_AXD_PaidTime" nillable="true" type="xs:string"/>
      <xs:element minOccurs="0" name="FV_AXD_ReceivedDate" type="xs:dateTime"/>
      <xs:element minOccurs="0" name="MON_Monedas" nillable="true" type="tns:MON_Monedas"/>
      <xs:element minOccurs="0" name="mon_id_moneda" type="xs:int"/>
    </xs:sequence>
  </xs:complexType>
  <xs:element name="FV_AXD_AnticiposXDocumento" nillable="true" type="tns:FV_AXD_AnticiposXDocumento"/>
  <xs:complexType name="TFA_TipoFacEBI">
    <xs:sequence>
      <xs:element minOccurs="0" name="PFI_ParametrosFiscales" nillable="true" type="tns:ArrayOfPFI_ParametrosFiscales"/>
      <xs:element minOccurs="0" name="TFA_descripcion" nillable="true" type="xs:string"/>
      <xs:element minOccurs="0" name="TFA_id_tipo_fac" type="xs:int"/>
    </xs:sequence>
  </xs:complexType>
  <xs:element name="TFA_TipoFacEBI" nillable="true" type="tns:TFA_TipoFacEBI"/>
  <xs:complexType name="FV_TDD_TipoDocumentoDIAN">
    <xs:sequence>
      <xs:element minOccurs="0" name="CFD_cfd_informacion" nillable="true" type="tns:ArrayOfCFD_cfd_informacion"/>
      <xs:element minOccurs="0" name="FV_PFD_PerfilDummy" nillable="true" type="tns:ArrayOfFV_PFD_PerfilDummy"/>
      <xs:element minOccurs="0" name="FV_TDD_Codigo_TipoDocumentoDIAN" nillable="true" type="xs:string"/>
      <xs:element minOccurs="0" name="FV_TDD_Id_TipoDocumentoDIAN" type="xs:int"/>
      <xs:element minOccurs="0" name="FV_TDD_Significado_TipoDOcumentoDIAN" nillable="true" type="xs:string"/>
    </xs:sequence>
  </xs:complexType>
  <xs:element name="FV_TDD_TipoDocumentoDIAN" nillable="true" type="tns:FV_TDD_TipoDocumentoDIAN"/>
  <xs:complexType name="ArrayOfFV_RSE_Registro_Solicitudes_Emision">
    <xs:sequence>
      <xs:element minOccurs="0" maxOccurs="unbounded" name="FV_RSE_Registro_Solicitudes_Emision" nillable="true" type="tns:FV_RSE_Registro_Solicitudes_Emision"/>
    </xs:sequence>
  </xs:complexType>
  <xs:element name="ArrayOfFV_RSE_Registro_Solicitudes_Emision" nillable="true" type="tns:ArrayOfFV_RSE_Registro_Solicitudes_Emision"/>
  <xs:complexType name="FV_RSE_Registro_Solicitudes_Emision">
    <xs:sequence>
      <xs:element minOccurs="0" name="EMP_Empresa" nillable="true" type="tns:EMP_Empresa"/>
      <xs:element minOccurs="0" name="EMP_id_Empresa" type="xs:int"/>
      <xs:element minOccurs="0" name="FV_RED_Registo_Emision_DFEs" nillable="true" type="tns:ArrayOfFV_RED_Registo_Emision_DFE"/>
      <xs:element minOccurs="0" name="FV_TSE_Tipo_Solicitud_Emision" nillable="true" type="tns:FV_TSE_Tipo_Solicitud_Emision"/>
      <xs:element minOccurs="0" name="RSE_EndPointEnviadoDian" nillable="true" type="xs:short"/>
      <xs:element minOccurs="0" name="RSE_esValido" type="xs:boolean"/>
      <xs:element minOccurs="0" name="RSE_estadoProceso" nillable="true" type="xs:int"/>
      <xs:element minOccurs="0" name="RSE_fechaRegistro" type="xs:dateTime"/>
      <xs:element minOccurs="0" name="RSE_id_RegistroEmision" type="xs:int"/>
      <xs:element minOccurs="0" name="RSE_nombreArchivoZip" nillable="true" type="xs:string"/>
      <xs:element minOccurs="0" name="RSE_resp_TrackId" nillable="true" type="xs:string"/>
      <xs:element minOccurs="0" name="RSE_resp_mensajeRespuesta" nillable="true" type="xs:string"/>
      <xs:element minOccurs="0" name="RSE_ubicacionArchivoZip" nillable="true" type="xs:string"/>
      <xs:element minOccurs="0" name="TSE_id_TipoSolicitudEmision" type="xs:int"/>
    </xs:sequence>
  </xs:complexType>
  <xs:element name="FV_RSE_Registro_Solicitudes_Emision" nillable="true" type="tns:FV_RSE_Registro_Solicitudes_Emision"/>
  <xs:complexType name="ArrayOfFV_RED_Registo_Emision_DFE">
    <xs:sequence>
      <xs:element minOccurs="0" maxOccurs="unbounded" name="FV_RED_Registo_Emision_DFE" nillable="true" type="tns:FV_RED_Registo_Emision_DFE"/>
    </xs:sequence>
  </xs:complexType>
  <xs:element name="ArrayOfFV_RED_Registo_Emision_DFE" nillable="true" type="tns:ArrayOfFV_RED_Registo_Emision_DFE"/>
  <xs:complexType name="FV_RED_Registo_Emision_DFE">
    <xs:sequence>
      <xs:element minOccurs="0" name="CFD_id_cfd" type="xs:int"/>
      <xs:element minOccurs="0" name="FV_RSE_Registro_Solicitudes_Emision" nillable="true" type="tns:FV_RSE_Registro_Solicitudes_Emision"/>
      <xs:element minOccurs="0" name="RED_docValido" type="xs:boolean"/>
      <xs:element minOccurs="0" name="RED_documentKey" nillable="true" type="xs:string"/>
      <xs:element minOccurs="0" name="RED_estadoProceso" nillable="true" type="xs:int"/>
      <xs:element minOccurs="0" name="RED_id_RegistroEmisionDFE" type="xs:int"/>
      <xs:element minOccurs="0" name="RED_mensajeError" nillable="true" type="xs:string"/>
      <xs:element minOccurs="0" name="RED_nombre_documento" nillable="true" type="xs:string"/>
      <xs:element minOccurs="0" name="RED_statusCode" nillable="true" type="xs:string"/>
      <xs:element minOccurs="0" name="RED_xmlResponse" nillable="true" type="xs:string"/>
      <xs:element minOccurs="0" name="RSE_id_RegistroEmision" type="xs:int"/>
    </xs:sequence>
  </xs:complexType>
  <xs:element name="FV_RED_Registo_Emision_DFE" nillable="true" type="tns:FV_RED_Registo_Emision_DFE"/>
  <xs:complexType name="FV_TSE_Tipo_Solicitud_Emision">
    <xs:sequence>
      <xs:element minOccurs="0" name="FV_RSE_Registro_Solicitudes_Emision" nillable="true" type="tns:ArrayOfFV_RSE_Registro_Solicitudes_Emision"/>
      <xs:element minOccurs="0" name="TSE_id_TipoSolicitudEmision" type="xs:int"/>
      <xs:element minOccurs="0" name="TSE_nombre" nillable="true" type="xs:string"/>
    </xs:sequence>
  </xs:complexType>
  <xs:element name="FV_TSE_Tipo_Solicitud_Emision" nillable="true" type="tns:FV_TSE_Tipo_Solicitud_Emision"/>
  <xs:complexType name="ArrayOfGRE_Grupos_Empresariale">
    <xs:sequence>
      <xs:element minOccurs="0" maxOccurs="unbounded" name="GRE_Grupos_Empresariale" nillable="true" type="tns:GRE_Grupos_Empresariale"/>
    </xs:sequence>
  </xs:complexType>
  <xs:element name="ArrayOfGRE_Grupos_Empresariale" nillable="true" type="tns:ArrayOfGRE_Grupos_Empresariale"/>
  <xs:complexType name="GRE_Grupos_Empresariale">
    <xs:sequence>
      <xs:element minOccurs="0" name="EMP_Empresa" nillable="true" type="tns:EMP_Empresa"/>
      <xs:element minOccurs="0" name="EMP_Empresa1" nillable="true" type="tns:EMP_Empresa"/>
      <xs:element minOccurs="0" name="Emp_id_empresa_hija" type="xs:int"/>
      <xs:element minOccurs="0" name="Emp_id_empresa_madre" type="xs:int"/>
      <xs:element minOccurs="0" name="Gre_id_rel_empresas" type="xs:int"/>
    </xs:sequence>
  </xs:complexType>
  <xs:element name="GRE_Grupos_Empresariale" nillable="true" type="tns:GRE_Grupos_Empresariale"/>
  <xs:complexType name="ArrayOfINE_Integradores_Nomina_Electronica">
    <xs:sequence>
      <xs:element minOccurs="0" maxOccurs="unbounded" name="INE_Integradores_Nomina_Electronica" nillable="true" type="tns:INE_Integradores_Nomina_Electronica"/>
    </xs:sequence>
  </xs:complexType>
  <xs:element name="ArrayOfINE_Integradores_Nomina_Electronica" nillable="true" type="tns:ArrayOfINE_Integradores_Nomina_Electronica"/>
  <xs:complexType name="INE_Integradores_Nomina_Electronica">
    <xs:sequence>
      <xs:element minOccurs="0" name="EMP_Empresa" nillable="true" type="tns:EMP_Empresa"/>
      <xs:element minOccurs="0" name="Emp_id_empresa" nillable="true" type="xs:int"/>
      <xs:element minOccurs="0" name="INE_Activo" type="xs:boolean"/>
      <xs:element minOccurs="0" name="INE_Id_Integrador_Nomina_Electronica" type="xs:int"/>
      <xs:element minOccurs="0" name="INE_Password_Integrador" nillable="true" type="xs:string"/>
      <xs:element minOccurs="0" name="INE_Usuario_Integrador" nillable="true" type="xs:string"/>
      <xs:element minOccurs="0" name="NOM_ComprobantesEncolados" nillable="true" type="tns:ArrayOfNOM_ComprobantesEncolado"/>
      <xs:element minOccurs="0" name="NOM_ProcesamientoAsincrono" nillable="true" type="tns:ArrayOfNOM_ProcesamientoAsincrono"/>
    </xs:sequence>
  </xs:complexType>
  <xs:element name="INE_Integradores_Nomina_Electronica" nillable="true" type="tns:INE_Integradores_Nomina_Electronica"/>
  <xs:complexType name="ArrayOfNOM_ComprobantesEncolado">
    <xs:sequence>
      <xs:element minOccurs="0" maxOccurs="unbounded" name="NOM_ComprobantesEncolado" nillable="true" type="tns:NOM_ComprobantesEncolado"/>
    </xs:sequence>
  </xs:complexType>
  <xs:element name="ArrayOfNOM_ComprobantesEncolado" nillable="true" type="tns:ArrayOfNOM_ComprobantesEncolado"/>
  <xs:complexType name="NOM_ComprobantesEncolado">
    <xs:sequence>
      <xs:element minOccurs="0" name="EMP_Empresa" nillable="true" type="tns:EMP_Empresa"/>
      <xs:element minOccurs="0" name="Emp_id_empresa" type="xs:int"/>
      <xs:element minOccurs="0" name="INE_Id_Integrador_Nomina_Electronica" nillable="true" type="xs:int"/>
      <xs:element minOccurs="0" name="INE_Integradores_Nomina_Electronica" nillable="true" type="tns:INE_Integradores_Nomina_Electronica"/>
      <xs:element minOccurs="0" name="NOM_Fecha_Actualizacion" nillable="true" type="xs:dateTime"/>
      <xs:element minOccurs="0" name="NOM_Fecha_Creacion" type="xs:dateTime"/>
      <xs:element minOccurs="0" name="NOM_Id_Comprobante_Encolado" type="xs:int"/>
      <xs:element minOccurs="0" name="NOM_Id_Hilo_Procesa" type="xs:short"/>
      <xs:element minOccurs="0" name="NOM_Id_Trabajador" type="xs:long"/>
      <xs:element minOccurs="0" name="NOM_Motivo_No_Procesamiento" nillable="true" type="xs:string"/>
      <xs:element minOccurs="0" name="NOM_Num_Intentos" type="xs:short"/>
      <xs:element minOccurs="0" name="NOM_Procesado" type="xs:boolean"/>
      <xs:element minOccurs="0" name="NOM_TrackID_Asincrono" type="ser:guid"/>
      <xs:element minOccurs="0" name="NOM_Url_Storage_Comprobante" nillable="true" type="xs:string"/>
    </xs:sequence>
  </xs:complexType>
  <xs:element name="NOM_ComprobantesEncolado" nillable="true" type="tns:NOM_ComprobantesEncolado"/>
  <xs:complexType name="ArrayOfNOM_ProcesamientoAsincrono">
    <xs:sequence>
      <xs:element minOccurs="0" maxOccurs="unbounded" name="NOM_ProcesamientoAsincrono" nillable="true" type="tns:NOM_ProcesamientoAsincrono"/>
    </xs:sequence>
  </xs:complexType>
  <xs:element name="ArrayOfNOM_ProcesamientoAsincrono" nillable="true" type="tns:ArrayOfNOM_ProcesamientoAsincrono"/>
  <xs:complexType name="NOM_ProcesamientoAsincrono">
    <xs:sequence>
      <xs:element minOccurs="0" name="EMP_Empresa" nillable="true" type="tns:EMP_Empresa"/>
      <xs:element minOccurs="0" name="Emp_id_empresa" nillable="true" type="xs:int"/>
      <xs:element minOccurs="0" name="INE_Id_Integrador_Nomina_Electronica" nillable="true" type="xs:int"/>
      <xs:element minOccurs="0" name="INE_Integradores_Nomina_Electronica" nillable="true" type="tns:INE_Integradores_Nomina_Electronica"/>
      <xs:element minOccurs="0" name="NOM_Id_Procesamiento_Asincrono" type="xs:int"/>
      <xs:element minOccurs="0" name="NOM_Id_Trabajador" nillable="true" type="xs:long"/>
      <xs:element minOccurs="0" name="NOM_Response" nillable="true" type="xs:string"/>
      <xs:element minOccurs="0" name="NOM_TrackID_Asincrono" type="ser:guid"/>
      <xs:element minOccurs="0" name="NOM_TrackId_Sincrono" nillable="true" type="xs:int"/>
    </xs:sequence>
  </xs:complexType>
  <xs:element name="NOM_ProcesamientoAsincrono" nillable="true" type="tns:NOM_ProcesamientoAsincrono"/>
  <xs:complexType name="ArrayOfLIE_registro_envios">
    <xs:sequence>
      <xs:element minOccurs="0" maxOccurs="unbounded" name="LIE_registro_envios" nillable="true" type="tns:LIE_registro_envios"/>
    </xs:sequence>
  </xs:complexType>
  <xs:element name="ArrayOfLIE_registro_envios" nillable="true" type="tns:ArrayOfLIE_registro_envios"/>
  <xs:complexType name="LIE_registro_envios">
    <xs:sequence>
      <xs:element minOccurs="0" name="EMP_Empresa" nillable="true" type="tns:EMP_Empresa"/>
      <xs:element minOccurs="0" name="LIE_EMP_id_empresa" type="xs:int"/>
      <xs:element minOccurs="0" name="LIE_enviado" type="xs:boolean"/>
      <xs:element minOccurs="0" name="LIE_fecha_envio" type="xs:dateTime"/>
      <xs:element minOccurs="0" name="LIE_formato_1294" type="xs:boolean"/>
      <xs:element minOccurs="0" name="LIE_formato_1295" type="xs:boolean"/>
      <xs:element minOccurs="0" name="LIE_formato_1299" type="xs:boolean"/>
      <xs:element minOccurs="0" name="LIE_id_registro" type="xs:int"/>
      <xs:element minOccurs="0" name="LIE_manual_automatico" type="xs:boolean"/>
      <xs:element minOccurs="0" name="LIE_periodo_reportado" nillable="true" type="xs:string"/>
    </xs:sequence>
  </xs:complexType>
  <xs:element name="LIE_registro_envios" nillable="true" type="tns:LIE_registro_envios"/>
  <xs:complexType name="ArrayOfML_Configuracion">
    <xs:sequence>
      <xs:element minOccurs="0" maxOccurs="unbounded" name="ML_Configuracion" nillable="true" type="tns:ML_Configuracion"/>
    </xs:sequence>
  </xs:complexType>
  <xs:element name="ArrayOfML_Configuracion" nillable="true" type="tns:ArrayOfML_Configuracion"/>
  <xs:complexType name="ML_Configuracion">
    <xs:sequence>
      <xs:element minOccurs="0" name="EMP_Empresa" nillable="true" type="tns:EMP_Empresa"/>
      <xs:element minOccurs="0" name="EMP_id_empresa" type="xs:int"/>
      <xs:element minOccurs="0" name="ML_access_token" nillable="true" type="xs:string"/>
      <xs:element minOccurs="0" name="ML_code_ms" nillable="true" type="xs:string"/>
      <xs:element minOccurs="0" name="ML_cust_id" nillable="true" type="xs:string"/>
      <xs:element minOccurs="0" name="ML_fecha_vence_token" type="xs:dateTime"/>
      <xs:element minOccurs="0" name="ML_id" type="xs:int"/>
      <xs:element minOccurs="0" name="ML_nombre_cuenta" nillable="true" type="xs:string"/>
      <xs:element minOccurs="0" name="ML_seller_id" nillable="true" type="xs:string"/>
    </xs:sequence>
  </xs:complexType>
  <xs:element name="ML_Configuracion" nillable="true" type="tns:ML_Configuracion"/>
  <xs:complexType name="ArrayOfNCE_Numeros_Contingencia_Ecuador">
    <xs:sequence>
      <xs:element minOccurs="0" maxOccurs="unbounded" name="NCE_Numeros_Contingencia_Ecuador" nillable="true" type="tns:NCE_Numeros_Contingencia_Ecuador"/>
    </xs:sequence>
  </xs:complexType>
  <xs:element name="ArrayOfNCE_Numeros_Contingencia_Ecuador" nillable="true" type="tns:ArrayOfNCE_Numeros_Contingencia_Ecuador"/>
  <xs:complexType name="NCE_Numeros_Contingencia_Ecuador">
    <xs:sequence>
      <xs:element minOccurs="0" name="EMP_Empresa" nillable="true" type="tns:EMP_Empresa"/>
      <xs:element minOccurs="0" name="EMP_id_empresa" type="xs:int"/>
      <xs:element minOccurs="0" name="NCE_estado_uso" type="xs:boolean"/>
      <xs:element minOccurs="0" name="NCE_id_numero_contingencia" type="xs:int"/>
      <xs:element minOccurs="0" name="NCE_numero_consecutivo_contingencia" nillable="true" type="xs:string"/>
      <xs:element minOccurs="0" name="NCE_tipo_ambiente" type="xs:boolean"/>
    </xs:sequence>
  </xs:complexType>
  <xs:element name="NCE_Numeros_Contingencia_Ecuador" nillable="true" type="tns:NCE_Numeros_Contingencia_Ecuador"/>
  <xs:complexType name="ArrayOfPAC_ParametrosEnvio">
    <xs:sequence>
      <xs:element minOccurs="0" maxOccurs="unbounded" name="PAC_ParametrosEnvio" nillable="true" type="tns:PAC_ParametrosEnvio"/>
    </xs:sequence>
  </xs:complexType>
  <xs:element name="ArrayOfPAC_ParametrosEnvio" nillable="true" type="tns:ArrayOfPAC_ParametrosEnvio"/>
  <xs:complexType name="PAC_ParametrosEnvio">
    <xs:sequence>
      <xs:element minOccurs="0" name="EMP_Empresa" nillable="true" type="tns:EMP_Empresa"/>
      <xs:element minOccurs="0" name="pac_correo_envio" nillable="true" type="xs:string"/>
      <xs:element minOccurs="0" name="pac_emp_id_empresa" type="xs:int"/>
      <xs:element minOccurs="0" name="pac_habilita_ssl" type="xs:boolean"/>
      <xs:element minOccurs="0" name="pac_host_correo" nillable="true" type="xs:string"/>
      <xs:element minOccurs="0" name="pac_id_par_envio" type="xs:int"/>
      <xs:element minOccurs="0" name="pac_pass_correo" nillable="true" type="xs:string"/>
      <xs:element minOccurs="0" name="pac_prioriza_correo" nillable="true" type="xs:boolean"/>
      <xs:element minOccurs="0" name="pac_prioriza_sms" nillable="true" type="xs:boolean"/>
      <xs:element minOccurs="0" name="pac_puerto_host" nillable="true" type="xs:string"/>
      <xs:element minOccurs="0" name="pac_pwd_SMS" nillable="true" type="xs:string"/>
      <xs:element minOccurs="0" name="pac_rastreo_not" nillable="true" type="xs:boolean"/>
      <xs:element minOccurs="0" name="pac_template_notificacion_x_doc" nillable="true" type="xs:boolean"/>
      <xs:element minOccurs="0" name="pac_user_SMS" nillable="true" type="xs:string"/>
      <xs:element minOccurs="0" name="pac_usu_correo" nillable="true" type="xs:string"/>
    </xs:sequence>
  </xs:complexType>
  <xs:element name="PAC_ParametrosEnvio" nillable="true" type="tns:PAC_ParametrosEnvio"/>
  <xs:complexType name="ArrayOfPCE_ParametrosClientesEBillTOGestorDoc">
    <xs:sequence>
      <xs:element minOccurs="0" maxOccurs="unbounded" name="PCE_ParametrosClientesEBillTOGestorDoc" nillable="true" type="tns:PCE_ParametrosClientesEBillTOGestorDoc"/>
    </xs:sequence>
  </xs:complexType>
  <xs:element name="ArrayOfPCE_ParametrosClientesEBillTOGestorDoc" nillable="true" type="tns:ArrayOfPCE_ParametrosClientesEBillTOGestorDoc"/>
  <xs:complexType name="PCE_ParametrosClientesEBillTOGestorDoc">
    <xs:sequence>
      <xs:element minOccurs="0" name="EMP_Empresa" nillable="true" type="tns:EMP_Empresa"/>
      <xs:element minOccurs="0" name="Emp_id_empresa" type="xs:int"/>
      <xs:element minOccurs="0" name="PCE_Ambiente" nillable="true" type="ser:char"/>
      <xs:element minOccurs="0" name="PCE_CredencialesPasswordSW" nillable="true" type="xs:string"/>
      <xs:element minOccurs="0" name="PCE_CredencialesUsuarioSW" nillable="true" type="xs:string"/>
      <xs:element minOccurs="0" name="PCE_ID_PCE" type="xs:int"/>
      <xs:element minOccurs="0" name="PCE_Nombre_Paramentro" nillable="true" type="xs:string"/>
      <xs:element minOccurs="0" name="PCE_PeriodicidadEnvioInformacion" type="xs:int"/>
      <xs:element minOccurs="0" name="PCE_TipoPeriodicidadEnvioInformacion" type="ser:char"/>
      <xs:element minOccurs="0" name="PCE_UltimaFechaEnvio" type="xs:dateTime"/>
      <xs:element minOccurs="0" name="PCE_UrlServicioWeb" nillable="true" type="xs:string"/>
    </xs:sequence>
  </xs:complexType>
  <xs:element name="PCE_ParametrosClientesEBillTOGestorDoc" nillable="true" type="tns:PCE_ParametrosClientesEBillTOGestorDoc"/>
  <xs:complexType name="ArrayOfPCO_ParametrosContablesGenerale">
    <xs:sequence>
      <xs:element minOccurs="0" maxOccurs="unbounded" name="PCO_ParametrosContablesGenerale" nillable="true" type="tns:PCO_ParametrosContablesGenerale"/>
    </xs:sequence>
  </xs:complexType>
  <xs:element name="ArrayOfPCO_ParametrosContablesGenerale" nillable="true" type="tns:ArrayOfPCO_ParametrosContablesGenerale"/>
  <xs:complexType name="PCO_ParametrosContablesGenerale">
    <xs:sequence>
      <xs:element minOccurs="0" name="EMP_Empresa" nillable="true" type="tns:EMP_Empresa"/>
      <xs:element minOccurs="0" name="emp_id_empresa" type="xs:int"/>
      <xs:element minOccurs="0" name="pco_IDEmpresaCDI" nillable="true" type="xs:string"/>
      <xs:element minOccurs="0" name="pco_TokenCDI" nillable="true" type="xs:string"/>
      <xs:element minOccurs="0" name="pco_centro_costo_retefuente" nillable="true" type="xs:string"/>
      <xs:element minOccurs="0" name="pco_centro_costo_reteica" nillable="true" type="xs:string"/>
      <xs:element minOccurs="0" name="pco_centro_costo_reteiva" nillable="true" type="xs:string"/>
      <xs:element minOccurs="0" name="pco_costo_fee" nillable="true" type="xs:string"/>
      <xs:element minOccurs="0" name="pco_costo_prod_excentos" nillable="true" type="xs:string"/>
      <xs:element minOccurs="0" name="pco_costo_prod_gravados" nillable="true" type="xs:string"/>
      <xs:element minOccurs="0" name="pco_costo_total" nillable="true" type="xs:string"/>
      <xs:element minOccurs="0" name="pco_costo_transporte" nillable="true" type="xs:string"/>
      <xs:element minOccurs="0" name="pco_cta_autoretcree" nillable="true" type="xs:string"/>
      <xs:element minOccurs="0" name="pco_cta_clientes" nillable="true" type="xs:string"/>
      <xs:element minOccurs="0" name="pco_cta_clientes_efe" nillable="true" type="xs:string"/>
      <xs:element minOccurs="0" name="pco_cta_clientes_otro" nillable="true" type="xs:string"/>
      <xs:element minOccurs="0" name="pco_cta_clientes_tar" nillable="true" type="xs:string"/>
      <xs:element minOccurs="0" name="pco_cta_retcree" nillable="true" type="xs:string"/>
      <xs:element minOccurs="0" name="pco_cta_retefuente" nillable="true" type="xs:string"/>
      <xs:element minOccurs="0" name="pco_cta_reteica" nillable="true" type="xs:string"/>
      <xs:element minOccurs="0" name="pco_cta_reteiva" nillable="true" type="xs:string"/>
      <xs:element minOccurs="0" name="pco_id_par_contable" type="xs:int"/>
      <xs:element minOccurs="0" name="pco_inv_excentos" nillable="true" type="xs:string"/>
      <xs:element minOccurs="0" name="pco_inv_gravados" nillable="true" type="xs:string"/>
      <xs:element minOccurs="0" name="pco_inv_total" nillable="true" type="xs:string"/>
      <xs:element minOccurs="0" name="pco_prod_excentos" nillable="true" type="xs:string"/>
      <xs:element minOccurs="0" name="pco_prod_gravados" nillable="true" type="xs:string"/>
      <xs:element minOccurs="0" name="pco_prod_total" nillable="true" type="xs:string"/>
      <xs:element minOccurs="0" name="pco_valor_iva" nillable="true" type="xs:string"/>
    </xs:sequence>
  </xs:complexType>
  <xs:element name="PCO_ParametrosContablesGenerale" nillable="true" type="tns:PCO_ParametrosContablesGenerale"/>
  <xs:complexType name="ArrayOfPDCP_Proc_Dian_Consolidado_Ciente_Prefijo">
    <xs:sequence>
      <xs:element minOccurs="0" maxOccurs="unbounded" name="PDCP_Proc_Dian_Consolidado_Ciente_Prefijo" nillable="true" type="tns:PDCP_Proc_Dian_Consolidado_Ciente_Prefijo"/>
    </xs:sequence>
  </xs:complexType>
  <xs:element name="ArrayOfPDCP_Proc_Dian_Consolidado_Ciente_Prefijo" nillable="true" type="tns:ArrayOfPDCP_Proc_Dian_Consolidado_Ciente_Prefijo"/>
  <xs:complexType name="PDCP_Proc_Dian_Consolidado_Ciente_Prefijo">
    <xs:sequence>
      <xs:element minOccurs="0" name="Cantidad" type="xs:int"/>
      <xs:element minOccurs="0" name="EMP_Empresa" nillable="true" type="tns:EMP_Empresa"/>
      <xs:element minOccurs="0" name="PDCP_CFD_prefijo" nillable="true" type="xs:string"/>
      <xs:element minOccurs="0" name="PDCP_EMP_id_empresa" type="xs:int"/>
      <xs:element minOccurs="0" name="PDCP_fecha" type="xs:dateTime"/>
      <xs:element minOccurs="0" name="PDCP_id_proceso_dian" type="xs:int"/>
    </xs:sequence>
  </xs:complexType>
  <xs:element name="PDCP_Proc_Dian_Consolidado_Ciente_Prefijo" nillable="true" type="tns:PDCP_Proc_Dian_Consolidado_Ciente_Prefijo"/>
  <xs:complexType name="ArrayOfPDL_Parametros_DirectorioLocal">
    <xs:sequence>
      <xs:element minOccurs="0" maxOccurs="unbounded" name="PDL_Parametros_DirectorioLocal" nillable="true" type="tns:PDL_Parametros_DirectorioLocal"/>
    </xs:sequence>
  </xs:complexType>
  <xs:element name="ArrayOfPDL_Parametros_DirectorioLocal" nillable="true" type="tns:ArrayOfPDL_Parametros_DirectorioLocal"/>
  <xs:complexType name="PDL_Parametros_DirectorioLocal">
    <xs:sequence>
      <xs:element minOccurs="0" name="EMP_Empresa" nillable="true" type="tns:EMP_Empresa"/>
      <xs:element minOccurs="0" name="Emp_id_empresa" type="xs:int"/>
      <xs:element minOccurs="0" name="PDL_Acciones_AutorizaCreacionDirectorios" type="xs:boolean"/>
      <xs:element minOccurs="0" name="PDL_Ruta_certificados" nillable="true" type="xs:string"/>
      <xs:element minOccurs="0" name="PDL_Ruta_generacionPDF" nillable="true" type="xs:string"/>
      <xs:element minOccurs="0" name="PDL_Ruta_generacionXML" nillable="true" type="xs:string"/>
      <xs:element minOccurs="0" name="PDL_Ruta_generacion_IN" nillable="true" type="xs:string"/>
      <xs:element minOccurs="0" name="PDL_Ruta_generacion_IN_Procesados_NOK" nillable="true" type="xs:string"/>
      <xs:element minOccurs="0" name="PDL_Ruta_generacion_IN_Procesados_OK" nillable="true" type="xs:string"/>
      <xs:element minOccurs="0" name="PDL_Ruta_generacion_OUT" nillable="true" type="xs:string"/>
      <xs:element minOccurs="0" name="PDL_Ruta_generacion_OUT_Procesados_NOK" nillable="true" type="xs:string"/>
      <xs:element minOccurs="0" name="PDL_Ruta_generacion_OUT_Procesados_OK" nillable="true" type="xs:string"/>
      <xs:element minOccurs="0" name="PDL_Ruta_recepcion_acuses" nillable="true" type="xs:string"/>
      <xs:element minOccurs="0" name="PDL_credencial_pass" nillable="true" type="xs:string"/>
      <xs:element minOccurs="0" name="PDL_credencial_user" nillable="true" type="xs:string"/>
      <xs:element minOccurs="0" name="PDL_id_ParametrosDirectorioLocal" type="xs:int"/>
    </xs:sequence>
  </xs:complexType>
  <xs:element name="PDL_Parametros_DirectorioLocal" nillable="true" type="tns:PDL_Parametros_DirectorioLocal"/>
  <xs:complexType name="ArrayOfPFE_EPF_Empresa_PequenoFacturador">
    <xs:sequence>
      <xs:element minOccurs="0" maxOccurs="unbounded" name="PFE_EPF_Empresa_PequenoFacturador" nillable="true" type="tns:PFE_EPF_Empresa_PequenoFacturador"/>
    </xs:sequence>
  </xs:complexType>
  <xs:element name="ArrayOfPFE_EPF_Empresa_PequenoFacturador" nillable="true" type="tns:ArrayOfPFE_EPF_Empresa_PequenoFacturador"/>
  <xs:complexType name="PFE_EPF_Empresa_PequenoFacturador">
    <xs:sequence>
      <xs:element minOccurs="0" name="EMP_Empresa" nillable="true" type="tns:EMP_Empresa"/>
      <xs:element minOccurs="0" name="EPF_Estado_Configuracion_EBill" nillable="true" type="xs:int"/>
      <xs:element minOccurs="0" name="EPF_Estado_Habilitacion" nillable="true" type="xs:int"/>
      <xs:element minOccurs="0" name="EPF_Estado_Proyecto" nillable="true" type="xs:string"/>
      <xs:element minOccurs="0" name="EPF_Estado_Registro_Dian" nillable="true" type="xs:int"/>
      <xs:element minOccurs="0" name="EPF_Estado_Resolucion" nillable="true" type="xs:int"/>
      <xs:element minOccurs="0" name="EPF_Fecha_Registro" nillable="true" type="xs:dateTime"/>
      <xs:element minOccurs="0" name="Emp_id_empresa" type="xs:int"/>
      <xs:element minOccurs="0" name="Id_EPF_Empresa_PequenoFacturador" type="xs:int"/>
    </xs:sequence>
  </xs:complexType>
  <xs:element name="PFE_EPF_Empresa_PequenoFacturador" nillable="true" type="tns:PFE_EPF_Empresa_PequenoFacturador"/>
  <xs:complexType name="ArrayOfPMO_Parametros_Modulo">
    <xs:sequence>
      <xs:element minOccurs="0" maxOccurs="unbounded" name="PMO_Parametros_Modulo" nillable="true" type="tns:PMO_Parametros_Modulo"/>
    </xs:sequence>
  </xs:complexType>
  <xs:element name="ArrayOfPMO_Parametros_Modulo" nillable="true" type="tns:ArrayOfPMO_Parametros_Modulo"/>
  <xs:complexType name="PMO_Parametros_Modulo">
    <xs:sequence>
      <xs:element minOccurs="0" name="EMP_Empresa" nillable="true" type="tns:EMP_Empresa"/>
      <xs:element minOccurs="0" name="emp_id_empresa" type="xs:int"/>
      <xs:element minOccurs="0" name="pmo_aceptacion_tacita" nillable="true" type="xs:boolean"/>
      <xs:element minOccurs="0" name="pmo_ambiente_DianV2" nillable="true" type="xs:int"/>
      <xs:element minOccurs="0" name="pmo_canales_carga_de" nillable="true" type="xs:string"/>
      <xs:element minOccurs="0" name="pmo_cantidad_ctas_vip" type="xs:int"/>
      <xs:element minOccurs="0" name="pmo_comprobantecon_iframe" nillable="true" type="xs:boolean"/>
      <xs:element minOccurs="0" name="pmo_id_parametros" type="xs:int"/>
      <xs:element minOccurs="0" name="pmo_numero_hilos_sonda_carga" nillable="true" type="xs:int"/>
      <xs:element minOccurs="0" name="pmo_numero_hilos_sonda_envio_DianV2" nillable="true" type="xs:int"/>
      <xs:element minOccurs="0" name="pmo_numero_hilos_sonda_envio_cliente" nillable="true" type="xs:int"/>
      <xs:element minOccurs="0" name="pmo_permitir_anexos" nillable="true" type="xs:boolean"/>
      <xs:element minOccurs="0" name="pmo_permitir_vip" type="xs:boolean"/>
      <xs:element minOccurs="0" name="pmo_plan_envio_sms" nillable="true" type="xs:boolean"/>
      <xs:element minOccurs="0" name="pmo_ruta_estilos" nillable="true" type="xs:string"/>
      <xs:element minOccurs="0" name="pmo_ruta_estilos_piv" nillable="true" type="xs:string"/>
      <xs:element minOccurs="0" name="pmo_url_inicio" nillable="true" type="xs:string"/>
      <xs:element minOccurs="0" name="pmo_version_sonda" nillable="true" type="xs:string"/>
      <xs:element minOccurs="0" name="pmo_version_sonda_envio_DianV2" nillable="true" type="xs:string"/>
      <xs:element minOccurs="0" name="pmo_version_sonda_envio_cliente" nillable="true" type="xs:string"/>
    </xs:sequence>
  </xs:complexType>
  <xs:element name="PMO_Parametros_Modulo" nillable="true" type="tns:PMO_Parametros_Modulo"/>
  <xs:complexType name="ArrayOfPRE_PoliticasRecurrencia">
    <xs:sequence>
      <xs:element minOccurs="0" maxOccurs="unbounded" name="PRE_PoliticasRecurrencia" nillable="true" type="tns:PRE_PoliticasRecurrencia"/>
    </xs:sequence>
  </xs:complexType>
  <xs:element name="ArrayOfPRE_PoliticasRecurrencia" nillable="true" type="tns:ArrayOfPRE_PoliticasRecurrencia"/>
  <xs:complexType name="PRE_PoliticasRecurrencia">
    <xs:sequence>
      <xs:element minOccurs="0" name="CFD_cfd_informacion" nillable="true" type="tns:ArrayOfCFD_cfd_informacion"/>
      <xs:element minOccurs="0" name="EMP_Empresa" nillable="true" type="tns:EMP_Empresa"/>
      <xs:element minOccurs="0" name="EPR_EstadosPoliticasRecurrencia" nillable="true" type="tns:EPR_EstadosPoliticasRecurrencia"/>
      <xs:element minOccurs="0" name="EPR_EstadosPoliticasRecurrencia1" nillable="true" type="tns:EPR_EstadosPoliticasRecurrencia1"/>
      <xs:element minOccurs="0" name="ICR_InformacionConceptosRecurrentes" nillable="true" type="tns:ArrayOfICR_InformacionConceptosRecurrentes"/>
      <xs:element minOccurs="0" name="SPO_SuscripcionesPoliticasRecurrencia" nillable="true" type="tns:ArrayOfSPO_SuscripcionesPoliticasRecurrencia"/>
      <xs:element minOccurs="0" name="TPE_TipoPeriodos" nillable="true" type="tns:TPE_TipoPeriodos"/>
      <xs:element minOccurs="0" name="epr_id_estado" nillable="true" type="xs:int"/>
      <xs:element minOccurs="0" name="pre_Emp_id_empresa" nillable="true" type="xs:int"/>
      <xs:element minOccurs="0" name="pre_cantidad_fact" nillable="true" type="xs:int"/>
      <xs:element minOccurs="0" name="pre_descipcion" nillable="true" type="xs:string"/>
      <xs:element minOccurs="0" name="pre_dia_facturacion" nillable="true" type="xs:unsignedByte"/>
      <xs:element minOccurs="0" name="pre_id_politica" type="xs:int"/>
      <xs:element minOccurs="0" name="pre_tiempo_fin" nillable="true" type="xs:int"/>
      <xs:element minOccurs="0" name="pre_tipo_fecha_fact" type="xs:boolean"/>
      <xs:element minOccurs="0" name="pre_tipo_fin" type="xs:unsignedByte"/>
      <xs:element minOccurs="0" name="tpe_id_tipo" type="xs:int"/>
    </xs:sequence>
  </xs:complexType>
  <xs:element name="PRE_PoliticasRecurrencia" nillable="true" type="tns:PRE_PoliticasRecurrencia"/>
  <xs:complexType name="EPR_EstadosPoliticasRecurrencia">
    <xs:sequence>
      <xs:element minOccurs="0" name="PRE_PoliticasRecurrencia" nillable="true" type="tns:ArrayOfPRE_PoliticasRecurrencia"/>
      <xs:element minOccurs="0" name="epr_id_estado" type="xs:int"/>
      <xs:element minOccurs="0" name="epr_nombre" nillable="true" type="xs:string"/>
    </xs:sequence>
  </xs:complexType>
  <xs:element name="EPR_EstadosPoliticasRecurrencia" nillable="true" type="tns:EPR_EstadosPoliticasRecurrencia"/>
  <xs:complexType name="EPR_EstadosPoliticasRecurrencia1">
    <xs:sequence>
      <xs:element minOccurs="0" name="PRE_PoliticasRecurrencia" nillable="true" type="tns:ArrayOfPRE_PoliticasRecurrencia"/>
      <xs:element minOccurs="0" name="epr_id_estado" type="xs:int"/>
      <xs:element minOccurs="0" name="epr_nombre" nillable="true" type="xs:string"/>
    </xs:sequence>
  </xs:complexType>
  <xs:element name="EPR_EstadosPoliticasRecurrencia1" nillable="true" type="tns:EPR_EstadosPoliticasRecurrencia1"/>
  <xs:complexType name="ArrayOfICR_InformacionConceptosRecurrentes">
    <xs:sequence>
      <xs:element minOccurs="0" maxOccurs="unbounded" name="ICR_InformacionConceptosRecurrentes" nillable="true" type="tns:ICR_InformacionConceptosRecurrentes"/>
    </xs:sequence>
  </xs:complexType>
  <xs:element name="ArrayOfICR_InformacionConceptosRecurrentes" nillable="true" type="tns:ArrayOfICR_InformacionConceptosRecurrentes"/>
  <xs:complexType name="ICR_InformacionConceptosRecurrentes">
    <xs:sequence>
      <xs:element minOccurs="0" name="PRE_PoliticasRecurrencia" nillable="true" type="tns:PRE_PoliticasRecurrencia"/>
      <xs:element minOccurs="0" name="icr_cantidad" type="xs:decimal"/>
      <xs:element minOccurs="0" name="icr_id_concepto_rec" type="xs:int"/>
      <xs:element minOccurs="0" name="icr_tipo" type="xs:int"/>
      <xs:element minOccurs="0" name="icr_valor_unitario" type="xs:decimal"/>
      <xs:element minOccurs="0" name="pos_id_productos" type="xs:int"/>
      <xs:element minOccurs="0" name="pre_id_politica" type="xs:int"/>
    </xs:sequence>
  </xs:complexType>
  <xs:element name="ICR_InformacionConceptosRecurrentes" nillable="true" type="tns:ICR_InformacionConceptosRecurrentes"/>
  <xs:complexType name="ArrayOfSPO_SuscripcionesPoliticasRecurrencia">
    <xs:sequence>
      <xs:element minOccurs="0" maxOccurs="unbounded" name="SPO_SuscripcionesPoliticasRecurrencia" nillable="true" type="tns:SPO_SuscripcionesPoliticasRecurrencia"/>
    </xs:sequence>
  </xs:complexType>
  <xs:element name="ArrayOfSPO_SuscripcionesPoliticasRecurrencia" nillable="true" type="tns:ArrayOfSPO_SuscripcionesPoliticasRecurrencia"/>
  <xs:complexType name="SPO_SuscripcionesPoliticasRecurrencia">
    <xs:sequence>
      <xs:element minOccurs="0" name="CFD_cfd_informacion" nillable="true" type="tns:ArrayOfCFD_cfd_informacion"/>
      <xs:element minOccurs="0" name="ESR_Estados_Suscripciones_Recurrencias" nillable="true" type="tns:ESR_Estados_Suscripciones_Recurrencias"/>
      <xs:element minOccurs="0" name="PRE_PoliticasRecurrencia" nillable="true" type="tns:PRE_PoliticasRecurrencia"/>
      <xs:element minOccurs="0" name="esr_id_estado" nillable="true" type="xs:int"/>
      <xs:element minOccurs="0" name="pre_id_politica" type="xs:int"/>
      <xs:element minOccurs="0" name="spo_fecha_suscripcion" type="xs:dateTime"/>
      <xs:element minOccurs="0" name="spo_id_suscripcion" type="xs:int"/>
    </xs:sequence>
  </xs:complexType>
  <xs:element name="SPO_SuscripcionesPoliticasRecurrencia" nillable="true" type="tns:SPO_SuscripcionesPoliticasRecurrencia"/>
  <xs:complexType name="ESR_Estados_Suscripciones_Recurrencias">
    <xs:sequence>
      <xs:element minOccurs="0" name="SPO_SuscripcionesPoliticasRecurrencia" nillable="true" type="tns:ArrayOfSPO_SuscripcionesPoliticasRecurrencia"/>
      <xs:element minOccurs="0" name="esr_id_estado" type="xs:int"/>
      <xs:element minOccurs="0" name="esr_nombre_estado" nillable="true" type="xs:string"/>
    </xs:sequence>
  </xs:complexType>
  <xs:element name="ESR_Estados_Suscripciones_Recurrencias" nillable="true" type="tns:ESR_Estados_Suscripciones_Recurrencias"/>
  <xs:complexType name="TPE_TipoPeriodos">
    <xs:sequence>
      <xs:element minOccurs="0" name="PRE_PoliticasRecurrencia" nillable="true" type="tns:ArrayOfPRE_PoliticasRecurrencia"/>
      <xs:element minOccurs="0" name="tpe_id_tipo" type="xs:int"/>
      <xs:element minOccurs="0" name="tpe_nombre" nillable="true" type="xs:string"/>
    </xs:sequence>
  </xs:complexType>
  <xs:element name="TPE_TipoPeriodos" nillable="true" type="tns:TPE_TipoPeriodos"/>
  <xs:complexType name="ArrayOfPRO_Proveedores">
    <xs:sequence>
      <xs:element minOccurs="0" maxOccurs="unbounded" name="PRO_Proveedores" nillable="true" type="tns:PRO_Proveedores"/>
    </xs:sequence>
  </xs:complexType>
  <xs:element name="ArrayOfPRO_Proveedores" nillable="true" type="tns:ArrayOfPRO_Proveedores"/>
  <xs:complexType name="PRO_Proveedores">
    <xs:sequence>
      <xs:element minOccurs="0" name="EMP_Empresa" nillable="true" type="tns:EMP_Empresa"/>
      <xs:element minOccurs="0" name="EMP_Empresa1" nillable="true" type="tns:EMP_Empresa"/>
      <xs:element minOccurs="0" name="Emp_RFC" nillable="true" type="xs:string"/>
      <xs:element minOccurs="0" name="Emp_id_empresa" nillable="true" type="xs:int"/>
      <xs:element minOccurs="0" name="Emp_id_empresa_pro" nillable="true" type="xs:int"/>
      <xs:element minOccurs="0" name="PES_Proveedores_Estados" nillable="true" type="tns:PES_Proveedores_Estados"/>
      <xs:element minOccurs="0" name="PRN_Proveedores_Naturaleza" nillable="true" type="tns:PRN_Proveedores_Naturaleza"/>
      <xs:element minOccurs="0" name="PTS_Proveedores_Tipo_Sociedad" nillable="true" type="tns:PTS_Proveedores_Tipo_Sociedad"/>
      <xs:element minOccurs="0" name="pes_id_estado" nillable="true" type="xs:int"/>
      <xs:element minOccurs="0" name="prn_id_naturaleza_juridica" nillable="true" type="xs:int"/>
      <xs:element minOccurs="0" name="pro_DiaLimiteRadicacion" nillable="true" type="xs:int"/>
      <xs:element minOccurs="0" name="pro_correo_aceptacion" nillable="true" type="xs:string"/>
      <xs:element minOccurs="0" name="pro_correo_contabilizacion" nillable="true" type="xs:string"/>
      <xs:element minOccurs="0" name="pro_correo_rechazo" nillable="true" type="xs:string"/>
      <xs:element minOccurs="0" name="pro_creado_automaticamente" nillable="true" type="xs:boolean"/>
      <xs:element minOccurs="0" name="pro_datos_conexion" nillable="true" type="xs:string"/>
      <xs:element minOccurs="0" name="pro_excluido_docReferencia" nillable="true" type="xs:boolean"/>
      <xs:element minOccurs="0" name="pro_excluido_regnegocio" nillable="true" type="xs:boolean"/>
      <xs:element minOccurs="0" name="pro_id_proveedor" type="xs:int"/>
      <xs:element minOccurs="0" name="pro_info_tributaria" nillable="true" type="xs:string"/>
      <xs:element minOccurs="0" name="pro_nombres_validos" nillable="true" type="xs:string"/>
      <xs:element minOccurs="0" name="pro_otros_correos" nillable="true" type="xs:string"/>
      <xs:element minOccurs="0" name="pro_radica_validacionPrevia" nillable="true" type="xs:boolean"/>
      <xs:element minOccurs="0" name="pts_id_tipo_Sociedad" nillable="true" type="xs:int"/>
    </xs:sequence>
  </xs:complexType>
  <xs:element name="PRO_Proveedores" nillable="true" type="tns:PRO_Proveedores"/>
  <xs:complexType name="PES_Proveedores_Estados">
    <xs:sequence>
      <xs:element minOccurs="0" name="PRO_Proveedores" nillable="true" type="tns:ArrayOfPRO_Proveedores"/>
      <xs:element minOccurs="0" name="pes_id_Estado" type="xs:int"/>
      <xs:element minOccurs="0" name="pes_nombre_estado" nillable="true" type="xs:string"/>
    </xs:sequence>
  </xs:complexType>
  <xs:element name="PES_Proveedores_Estados" nillable="true" type="tns:PES_Proveedores_Estados"/>
  <xs:complexType name="PRN_Proveedores_Naturaleza">
    <xs:sequence>
      <xs:element minOccurs="0" name="PRO_Proveedores" nillable="true" type="tns:ArrayOfPRO_Proveedores"/>
      <xs:element minOccurs="0" name="prn_id_naturaleza_juridica" type="xs:int"/>
      <xs:element minOccurs="0" name="prn_nombre_naturaleza" nillable="true" type="xs:string"/>
    </xs:sequence>
  </xs:complexType>
  <xs:element name="PRN_Proveedores_Naturaleza" nillable="true" type="tns:PRN_Proveedores_Naturaleza"/>
  <xs:complexType name="PTS_Proveedores_Tipo_Sociedad">
    <xs:sequence>
      <xs:element minOccurs="0" name="PRO_Proveedores" nillable="true" type="tns:ArrayOfPRO_Proveedores"/>
      <xs:element minOccurs="0" name="pts_id_tipo_Sociedad" type="xs:int"/>
      <xs:element minOccurs="0" name="pts_nombre_sociedad" nillable="true" type="xs:string"/>
    </xs:sequence>
  </xs:complexType>
  <xs:element name="PTS_Proveedores_Tipo_Sociedad" nillable="true" type="tns:PTS_Proveedores_Tipo_Sociedad"/>
  <xs:complexType name="ArrayOfPRV_Parametros_envio">
    <xs:sequence>
      <xs:element minOccurs="0" maxOccurs="unbounded" name="PRV_Parametros_envio" nillable="true" type="tns:PRV_Parametros_envio"/>
    </xs:sequence>
  </xs:complexType>
  <xs:element name="ArrayOfPRV_Parametros_envio" nillable="true" type="tns:ArrayOfPRV_Parametros_envio"/>
  <xs:complexType name="PRV_Parametros_envio">
    <xs:sequence>
      <xs:element minOccurs="0" name="EMP_Empresa" nillable="true" type="tns:EMP_Empresa"/>
      <xs:element minOccurs="0" name="PRV_EMP_id_empresa" type="xs:int"/>
      <xs:element minOccurs="0" name="PRV_automatico" type="xs:boolean"/>
      <xs:element minOccurs="0" name="PRV_correo_envio" nillable="true" type="xs:string"/>
      <xs:element minOccurs="0" name="PRV_dia_envio" type="xs:int"/>
      <xs:element minOccurs="0" name="PRV_id_parametro_envio" type="xs:int"/>
      <xs:element minOccurs="0" name="prv_correo_DIAN" nillable="true" type="xs:string"/>
    </xs:sequence>
  </xs:complexType>
  <xs:element name="PRV_Parametros_envio" nillable="true" type="tns:PRV_Parametros_envio"/>
  <xs:complexType name="ArrayOfPSD_parametros_sellos_digitales">
    <xs:sequence>
      <xs:element minOccurs="0" maxOccurs="unbounded" name="PSD_parametros_sellos_digitales" nillable="true" type="tns:PSD_parametros_sellos_digitales"/>
    </xs:sequence>
  </xs:complexType>
  <xs:element name="ArrayOfPSD_parametros_sellos_digitales" nillable="true" type="tns:ArrayOfPSD_parametros_sellos_digitales"/>
  <xs:complexType name="PSD_parametros_sellos_digitales">
    <xs:sequence>
      <xs:element minOccurs="0" name="EMP_Empresa" nillable="true" type="tns:EMP_Empresa"/>
      <xs:element minOccurs="0" name="PSD_Emp_id_empresa" type="xs:int"/>
      <xs:element minOccurs="0" name="PSD_contraseña_certificado" nillable="true" type="xs:string"/>
      <xs:element minOccurs="0" name="PSD_id_parametro" type="xs:int"/>
      <xs:element minOccurs="0" name="PSD_ruta_certificado" nillable="true" type="xs:string"/>
      <xs:element minOccurs="0" name="PSD_ruta_llave" nillable="true" type="xs:string"/>
      <xs:element minOccurs="0" name="PSD_vigencia_certificado" type="xs:dateTime"/>
    </xs:sequence>
  </xs:complexType>
  <xs:element name="PSD_parametros_sellos_digitales" nillable="true" type="tns:PSD_parametros_sellos_digitales"/>
  <xs:complexType name="ArrayOfPTCOUT_ParametrosFTPOUT">
    <xs:sequence>
      <xs:element minOccurs="0" maxOccurs="unbounded" name="PTCOUT_ParametrosFTPOUT" nillable="true" type="tns:PTCOUT_ParametrosFTPOUT"/>
    </xs:sequence>
  </xs:complexType>
  <xs:element name="ArrayOfPTCOUT_ParametrosFTPOUT" nillable="true" type="tns:ArrayOfPTCOUT_ParametrosFTPOUT"/>
  <xs:complexType name="PTCOUT_ParametrosFTPOUT">
    <xs:sequence>
      <xs:element minOccurs="0" name="EMP_Empresa" nillable="true" type="tns:EMP_Empresa"/>
      <xs:element minOccurs="0" name="Emp_id_empresa" type="xs:int"/>
      <xs:element minOccurs="0" name="PFTPOUT_enable_ssl" type="xs:boolean"/>
      <xs:element minOccurs="0" name="PFTPOUT_host" nillable="true" type="xs:string"/>
      <xs:element minOccurs="0" name="PFTPOUT_host_port" nillable="true" type="xs:string"/>
      <xs:element minOccurs="0" name="PFTPOUT_id_parametro" type="xs:int"/>
      <xs:element minOccurs="0" name="PFTPOUT_in_dir" nillable="true" type="xs:string"/>
      <xs:element minOccurs="0" name="PFTPOUT_keepalive" type="xs:boolean"/>
      <xs:element minOccurs="0" name="PFTPOUT_out_dir" nillable="true" type="xs:string"/>
      <xs:element minOccurs="0" name="PFTPOUT_pass_ftp" nillable="true" type="xs:string"/>
      <xs:element minOccurs="0" name="PFTPOUT_root_dir" nillable="true" type="xs:string"/>
      <xs:element minOccurs="0" name="PFTPOUT_use_passive" type="xs:boolean"/>
      <xs:element minOccurs="0" name="PFTPOUT_user_ftp" nillable="true" type="xs:string"/>
      <xs:element minOccurs="0" name="PTC_id_protocolo" type="xs:int"/>
    </xs:sequence>
  </xs:complexType>
  <xs:element name="PTCOUT_ParametrosFTPOUT" nillable="true" type="tns:PTCOUT_ParametrosFTPOUT"/>
  <xs:complexType name="ArrayOfPTC_ParametrosFTP">
    <xs:sequence>
      <xs:element minOccurs="0" maxOccurs="unbounded" name="PTC_ParametrosFTP" nillable="true" type="tns:PTC_ParametrosFTP"/>
    </xs:sequence>
  </xs:complexType>
  <xs:element name="ArrayOfPTC_ParametrosFTP" nillable="true" type="tns:ArrayOfPTC_ParametrosFTP"/>
  <xs:complexType name="PTC_ParametrosFTP">
    <xs:sequence>
      <xs:element minOccurs="0" name="EMP_Empresa" nillable="true" type="tns:EMP_Empresa"/>
      <xs:element minOccurs="0" name="EMP_id_empresa" type="xs:int"/>
      <xs:element minOccurs="0" name="PFTP_enable_ssl" type="xs:boolean"/>
      <xs:element minOccurs="0" name="PFTP_host" nillable="true" type="xs:string"/>
      <xs:element minOccurs="0" name="PFTP_host_port" nillable="true" type="xs:string"/>
      <xs:element minOccurs="0" name="PFTP_id_parametro" type="xs:int"/>
      <xs:element minOccurs="0" name="PFTP_in_dir" nillable="true" type="xs:string"/>
      <xs:element minOccurs="0" name="PFTP_keepalive" type="xs:boolean"/>
      <xs:element minOccurs="0" name="PFTP_out_dir" nillable="true" type="xs:string"/>
      <xs:element minOccurs="0" name="PFTP_pass_ftp" nillable="true" type="xs:string"/>
      <xs:element minOccurs="0" name="PFTP_root_dir" nillable="true" type="xs:string"/>
      <xs:element minOccurs="0" name="PFTP_use_passive" type="xs:boolean"/>
      <xs:element minOccurs="0" name="PFTP_user_ftp" nillable="true" type="xs:string"/>
      <xs:element minOccurs="0" name="PTC_Protocolo" nillable="true" type="tns:PTC_Protocolo"/>
      <xs:element minOccurs="0" name="PTC_id_protocolo" type="xs:int"/>
    </xs:sequence>
  </xs:complexType>
  <xs:element name="PTC_ParametrosFTP" nillable="true" type="tns:PTC_ParametrosFTP"/>
  <xs:complexType name="PTC_Protocolo">
    <xs:sequence>
      <xs:element minOccurs="0" name="PTC_ParametrosFTPs" nillable="true" type="tns:ArrayOfPTC_ParametrosFTP"/>
      <xs:element minOccurs="0" name="PTC_code_protocolo" nillable="true" type="xs:string"/>
      <xs:element minOccurs="0" name="PTC_descripcion_proto" nillable="true" type="xs:string"/>
      <xs:element minOccurs="0" name="PTC_id_protocolo" type="xs:int"/>
    </xs:sequence>
  </xs:complexType>
  <xs:element name="PTC_Protocolo" nillable="true" type="tns:PTC_Protocolo"/>
  <xs:complexType name="ArrayOfPXF_pagos_x_factura">
    <xs:sequence>
      <xs:element minOccurs="0" maxOccurs="unbounded" name="PXF_pagos_x_factura" nillable="true" type="tns:PXF_pagos_x_factura"/>
    </xs:sequence>
  </xs:complexType>
  <xs:element name="ArrayOfPXF_pagos_x_factura" nillable="true" type="tns:ArrayOfPXF_pagos_x_factura"/>
  <xs:complexType name="PXF_pagos_x_factura">
    <xs:sequence>
      <xs:element minOccurs="0" name="CFD_cfd_informacion" nillable="true" type="tns:CFD_cfd_informacion"/>
      <xs:element minOccurs="0" name="CFD_id_cfd" type="xs:int"/>
      <xs:element minOccurs="0" name="EMP_Empresa" nillable="true" type="tns:EMP_Empresa"/>
      <xs:element minOccurs="0" name="Emp_id_empresa" type="xs:int"/>
      <xs:element minOccurs="0" name="PFX_fecha_notificacion_ERP" nillable="true" type="xs:dateTime"/>
      <xs:element minOccurs="0" name="PXF_TRM_pago" nillable="true" type="xs:decimal"/>
      <xs:element minOccurs="0" name="PXF_fecha_pago" type="xs:dateTime"/>
      <xs:element minOccurs="0" name="PXF_id_pago" type="xs:int"/>
      <xs:element minOccurs="0" name="PXF_notificacion_ERP" type="xs:boolean"/>
      <xs:element minOccurs="0" name="PXF_referencia_pago1" nillable="true" type="xs:string"/>
      <xs:element minOccurs="0" name="PXF_referencia_pago2" nillable="true" type="xs:string"/>
      <xs:element minOccurs="0" name="PXF_valor_otros_descuentos" nillable="true" type="xs:decimal"/>
      <xs:element minOccurs="0" name="PXF_valor_pago" type="xs:decimal"/>
      <xs:element minOccurs="0" name="PXF_valor_retencion_fuente" nillable="true" type="xs:decimal"/>
      <xs:element minOccurs="0" name="PXF_valor_retencion_ica" nillable="true" type="xs:decimal"/>
      <xs:element minOccurs="0" name="PXF_valor_retencion_iva" nillable="true" type="xs:decimal"/>
    </xs:sequence>
  </xs:complexType>
  <xs:element name="PXF_pagos_x_factura" nillable="true" type="tns:PXF_pagos_x_factura"/>
  <xs:complexType name="ArrayOfREC_EmpresasRecibe">
    <xs:sequence>
      <xs:element minOccurs="0" maxOccurs="unbounded" name="REC_EmpresasRecibe" nillable="true" type="tns:REC_EmpresasRecibe"/>
    </xs:sequence>
  </xs:complexType>
  <xs:element name="ArrayOfREC_EmpresasRecibe" nillable="true" type="tns:ArrayOfREC_EmpresasRecibe"/>
  <xs:complexType name="ArrayOfRPT_Relacion_Tercero_Pagador">
    <xs:sequence>
      <xs:element minOccurs="0" maxOccurs="unbounded" name="RPT_Relacion_Tercero_Pagador" nillable="true" type="tns:RPT_Relacion_Tercero_Pagador"/>
    </xs:sequence>
  </xs:complexType>
  <xs:element name="ArrayOfRPT_Relacion_Tercero_Pagador" nillable="true" type="tns:ArrayOfRPT_Relacion_Tercero_Pagador"/>
  <xs:complexType name="RPT_Relacion_Tercero_Pagador">
    <xs:sequence>
      <xs:element minOccurs="0" name="EMP_Empresa" nillable="true" type="tns:EMP_Empresa"/>
      <xs:element minOccurs="0" name="EMP_Empresa1" nillable="true" type="tns:EMP_Empresa"/>
      <xs:element minOccurs="0" name="EMP_Empresa2" nillable="true" type="tns:EMP_Empresa"/>
      <xs:element minOccurs="0" name="Emp_id_empresaPagadora" type="xs:int"/>
      <xs:element minOccurs="0" name="Emp_id_empresaProveedor" type="xs:int"/>
      <xs:element minOccurs="0" name="Emp_id_empresaReceptorVirtual" type="xs:int"/>
      <xs:element minOccurs="0" name="rpt_creado_automaticamente" nillable="true" type="xs:boolean"/>
      <xs:element minOccurs="0" name="rpt_fecha_creacion" nillable="true" type="xs:dateTime"/>
      <xs:element minOccurs="0" name="rpt_id_relacion_tercero_pagador" type="xs:int"/>
      <xs:element minOccurs="0" name="rpt_inactivo" nillable="true" type="xs:boolean"/>
      <xs:element minOccurs="0" name="rpt_usuario_creacion" nillable="true" type="xs:string"/>
    </xs:sequence>
  </xs:complexType>
  <xs:element name="RPT_Relacion_Tercero_Pagador" nillable="true" type="tns:RPT_Relacion_Tercero_Pagador"/>
  <xs:complexType name="ArrayOfRSG_Reglas_Seguridad">
    <xs:sequence>
      <xs:element minOccurs="0" maxOccurs="unbounded" name="RSG_Reglas_Seguridad" nillable="true" type="tns:RSG_Reglas_Seguridad"/>
    </xs:sequence>
  </xs:complexType>
  <xs:element name="ArrayOfRSG_Reglas_Seguridad" nillable="true" type="tns:ArrayOfRSG_Reglas_Seguridad"/>
  <xs:complexType name="RSG_Reglas_Seguridad">
    <xs:sequence>
      <xs:element minOccurs="0" name="EMP_Empresa" nillable="true" type="tns:EMP_Empresa"/>
      <xs:element minOccurs="0" name="EMP_id_empresa" type="xs:int"/>
      <xs:element minOccurs="0" name="RSG_id_regla_seguridad" type="xs:int"/>
      <xs:element minOccurs="0" name="RSG_verificacion_endoso_pagador" type="xs:boolean"/>
    </xs:sequence>
  </xs:complexType>
  <xs:element name="RSG_Reglas_Seguridad" nillable="true" type="tns:RSG_Reglas_Seguridad"/>
  <xs:complexType name="ArrayOfRUBR_Rubros_Recepcion">
    <xs:sequence>
      <xs:element minOccurs="0" maxOccurs="unbounded" name="RUBR_Rubros_Recepcion" nillable="true" type="tns:RUBR_Rubros_Recepcion"/>
    </xs:sequence>
  </xs:complexType>
  <xs:element name="ArrayOfRUBR_Rubros_Recepcion" nillable="true" type="tns:ArrayOfRUBR_Rubros_Recepcion"/>
  <xs:complexType name="ArrayOfSOF_SoftwareXEmpresa">
    <xs:sequence>
      <xs:element minOccurs="0" maxOccurs="unbounded" name="SOF_SoftwareXEmpresa" nillable="true" type="tns:SOF_SoftwareXEmpresa"/>
    </xs:sequence>
  </xs:complexType>
  <xs:element name="ArrayOfSOF_SoftwareXEmpresa" nillable="true" type="tns:ArrayOfSOF_SoftwareXEmpresa"/>
  <xs:complexType name="SOF_SoftwareXEmpresa">
    <xs:sequence>
      <xs:element minOccurs="0" name="EMP_Empresa" nillable="true" type="tns:EMP_Empresa"/>
      <xs:element minOccurs="0" name="Emp_id_empresa" type="xs:int"/>
      <xs:element minOccurs="0" name="SOF_Activo_eBILL" type="xs:boolean"/>
      <xs:element minOccurs="0" name="SOF_Estado_DIAN_Software" nillable="true" type="xs:string"/>
      <xs:element minOccurs="0" name="SOF_FechaEstado" type="xs:dateTime"/>
      <xs:element minOccurs="0" name="SOF_IDE_DIAN_Software" nillable="true" type="xs:string"/>
      <xs:element minOccurs="0" name="SOF_Id_software" type="xs:int"/>
      <xs:element minOccurs="0" name="SOF_Nombre_Software" nillable="true" type="xs:string"/>
      <xs:element minOccurs="0" name="SOF_PIN" nillable="true" type="xs:string"/>
      <xs:element minOccurs="0" name="SOF_Password_Software" nillable="true" type="xs:string"/>
      <xs:element minOccurs="0" name="SOF_TestSetId_Habilitacion_DianV2" nillable="true" type="xs:string"/>
      <xs:element minOccurs="0" name="SOF_URL_DIAN" nillable="true" type="xs:string"/>
      <xs:element minOccurs="0" name="SOF_Usuario" nillable="true" type="xs:string"/>
    </xs:sequence>
  </xs:complexType>
  <xs:element name="SOF_SoftwareXEmpresa" nillable="true" type="tns:SOF_SoftwareXEmpresa"/>
  <xs:complexType name="ArrayOfSTA_Stages">
    <xs:sequence>
      <xs:element minOccurs="0" maxOccurs="unbounded" name="STA_Stages" nillable="true" type="tns:STA_Stages"/>
    </xs:sequence>
  </xs:complexType>
  <xs:element name="ArrayOfSTA_Stages" nillable="true" type="tns:ArrayOfSTA_Stages"/>
  <xs:complexType name="ArrayOfTGA_TipoGasto">
    <xs:sequence>
      <xs:element minOccurs="0" maxOccurs="unbounded" name="TGA_TipoGasto" nillable="true" type="tns:TGA_TipoGasto"/>
    </xs:sequence>
  </xs:complexType>
  <xs:element name="ArrayOfTGA_TipoGasto" nillable="true" type="tns:ArrayOfTGA_TipoGasto"/>
  <xs:complexType name="ArrayOfTTI_tipo_impuesto">
    <xs:sequence>
      <xs:element minOccurs="0" maxOccurs="unbounded" name="TTI_tipo_impuesto" nillable="true" type="tns:TTI_tipo_impuesto"/>
    </xs:sequence>
  </xs:complexType>
  <xs:element name="ArrayOfTTI_tipo_impuesto" nillable="true" type="tns:ArrayOfTTI_tipo_impuesto"/>
  <xs:complexType name="ArrayOfUNI_UnidadesMedida">
    <xs:sequence>
      <xs:element minOccurs="0" maxOccurs="unbounded" name="UNI_UnidadesMedida" nillable="true" type="tns:UNI_UnidadesMedida"/>
    </xs:sequence>
  </xs:complexType>
  <xs:element name="ArrayOfUNI_UnidadesMedida" nillable="true" type="tns:ArrayOfUNI_UnidadesMedida"/>
  <xs:complexType name="ArrayOfVEF_Vinculacion_Entidad_Financiera">
    <xs:sequence>
      <xs:element minOccurs="0" maxOccurs="unbounded" name="VEF_Vinculacion_Entidad_Financiera" nillable="true" type="tns:VEF_Vinculacion_Entidad_Financiera"/>
    </xs:sequence>
  </xs:complexType>
  <xs:element name="ArrayOfVEF_Vinculacion_Entidad_Financiera" nillable="true" type="tns:ArrayOfVEF_Vinculacion_Entidad_Financiera"/>
  <xs:complexType name="VEF_Vinculacion_Entidad_Financiera">
    <xs:sequence>
      <xs:element minOccurs="0" name="EMP_Empresa" nillable="true" type="tns:EMP_Empresa"/>
      <xs:element minOccurs="0" name="Emp_id_empresa" type="xs:int"/>
      <xs:element minOccurs="0" name="VEF_Clase_Empresa" nillable="true" type="xs:string"/>
      <xs:element minOccurs="0" name="VEF_Direccion_Ubicacion_RL" nillable="true" type="xs:string"/>
      <xs:element minOccurs="0" name="VEF_Fecha_Corte_Financiero" nillable="true" type="xs:dateTime"/>
      <xs:element minOccurs="0" name="VEF_Informacion_Comercial" nillable="true" type="xs:boolean"/>
      <xs:element minOccurs="0" name="VEF_Lugar_Expedicion_RL" nillable="true" type="xs:string"/>
      <xs:element minOccurs="0" name="VEF_Nombre_RL" nillable="true" type="xs:string"/>
      <xs:element minOccurs="0" name="VEF_NumeroEmpleados" nillable="true" type="xs:string"/>
      <xs:element minOccurs="0" name="VEF_Numero_Identificacion_RL" nillable="true" type="xs:string"/>
      <xs:element minOccurs="0" name="VEF_Producto_Solicitado" nillable="true" type="xs:string"/>
      <xs:element minOccurs="0" name="VEF_Reporte_Direccion_Electronica" nillable="true" type="xs:boolean"/>
      <xs:element minOccurs="0" name="VEF_Responsable_Fiscal_Exterior" nillable="true" type="xs:boolean"/>
      <xs:element minOccurs="0" name="VEF_Tipo_Empresa" nillable="true" type="xs:string"/>
      <xs:element minOccurs="0" name="VEF_Tipo_Identificacion_RL" nillable="true" type="xs:string"/>
      <xs:element minOccurs="0" name="VEF_Total_Activos" nillable="true" type="xs:decimal"/>
      <xs:element minOccurs="0" name="VEF_Total_Egresos_Mensuales" nillable="true" type="xs:decimal"/>
      <xs:element minOccurs="0" name="VEF_Total_Ingresos_Mensuales" nillable="true" type="xs:decimal"/>
      <xs:element minOccurs="0" name="VEF_Total_Pasivos" nillable="true" type="xs:decimal"/>
      <xs:element minOccurs="0" name="VEF_id_Vinculacion_Entidad_Financiera" type="xs:int"/>
    </xs:sequence>
  </xs:complexType>
  <xs:element name="VEF_Vinculacion_Entidad_Financiera" nillable="true" type="tns:VEF_Vinculacion_Entidad_Financiera"/>
  <xs:complexType name="ArrayOfVEN_Vendedores">
    <xs:sequence>
      <xs:element minOccurs="0" maxOccurs="unbounded" name="VEN_Vendedores" nillable="true" type="tns:VEN_Vendedores"/>
    </xs:sequence>
  </xs:complexType>
  <xs:element name="ArrayOfVEN_Vendedores" nillable="true" type="tns:ArrayOfVEN_Vendedores"/>
  <xs:complexType name="VEN_Vendedores">
    <xs:sequence>
      <xs:element minOccurs="0" name="CFD_cfd_informacion" nillable="true" type="tns:ArrayOfCFD_cfd_informacion"/>
      <xs:element minOccurs="0" name="EMP_Empresa" nillable="true" type="tns:EMP_Empresa"/>
      <xs:element minOccurs="0" name="VEN_Emp_id_empresa" nillable="true" type="xs:int"/>
      <xs:element minOccurs="0" name="VEN_codigo_int" nillable="true" type="xs:string"/>
      <xs:element minOccurs="0" name="VEN_comision_venta" type="xs:decimal"/>
      <xs:element minOccurs="0" name="VEN_id_vendedor" type="xs:int"/>
      <xs:element minOccurs="0" name="VEN_nombre" nillable="true" type="xs:string"/>
    </xs:sequence>
  </xs:complexType>
  <xs:element name="VEN_Vendedores" nillable="true" type="tns:VEN_Vendedores"/>
  <xs:complexType name="ArrayOfANE_AnexosXFactura">
    <xs:sequence>
      <xs:element minOccurs="0" maxOccurs="unbounded" name="ANE_AnexosXFactura" nillable="true" type="tns:ANE_AnexosXFactura"/>
    </xs:sequence>
  </xs:complexType>
  <xs:element name="ArrayOfANE_AnexosXFactura" nillable="true" type="tns:ArrayOfANE_AnexosXFactura"/>
  <xs:complexType name="ANE_AnexosXFactura">
    <xs:sequence>
      <xs:element minOccurs="0" name="ANE_Tamano" nillable="true" type="xs:decimal"/>
      <xs:element minOccurs="0" name="ANE_asunto_anexo" nillable="true" type="xs:string"/>
      <xs:element minOccurs="0" name="ANE_descripcion_larga" nillable="true" type="xs:string"/>
      <xs:element minOccurs="0" name="ANE_fecha_publicacion" nillable="true" type="xs:dateTime"/>
      <xs:element minOccurs="0" name="ANE_formato" nillable="true" type="xs:string"/>
      <xs:element minOccurs="0" name="ANE_id_anexo" type="xs:int"/>
      <xs:element minOccurs="0" name="ANE_lenguaje" nillable="true" type="xs:string"/>
      <xs:element minOccurs="0" name="ANE_mime_type" nillable="true" type="xs:string"/>
      <xs:element minOccurs="0" name="ANE_ruta_archivo" nillable="true" type="xs:string"/>
      <xs:element minOccurs="0" name="ANE_titulo_anexo" nillable="true" type="xs:string"/>
      <xs:element minOccurs="0" name="CFD_cfd_informacion" nillable="true" type="tns:CFD_cfd_informacion"/>
      <xs:element minOccurs="0" name="CFD_id_cfd" type="xs:int"/>
    </xs:sequence>
  </xs:complexType>
  <xs:element name="ANE_AnexosXFactura" nillable="true" type="tns:ANE_AnexosXFactura"/>
  <xs:complexType name="ENG_EstadosNegociacion">
    <xs:sequence>
      <xs:element minOccurs="0" name="CFD_cfd_informacion" nillable="true" type="tns:ArrayOfCFD_cfd_informacion"/>
      <xs:element minOccurs="0" name="ENG_descripcion" nillable="true" type="xs:string"/>
      <xs:element minOccurs="0" name="ENG_id_estado" type="xs:int"/>
    </xs:sequence>
  </xs:complexType>
  <xs:element name="ENG_EstadosNegociacion" nillable="true" type="tns:ENG_EstadosNegociacion"/>
  <xs:complexType name="ESI_EstadosIntegracion">
    <xs:sequence>
      <xs:element minOccurs="0" name="CFD_cfd_informacion" nillable="true" type="tns:ArrayOfCFD_cfd_informacion"/>
      <xs:element minOccurs="0" name="esi_descripcion" nillable="true" type="xs:string"/>
      <xs:element minOccurs="0" name="esi_id_estado_integra" type="xs:int"/>
    </xs:sequence>
  </xs:complexType>
  <xs:element name="ESI_EstadosIntegracion" nillable="true" type="tns:ESI_EstadosIntegracion"/>
  <xs:complexType name="ESTGE_EstadosDeGestion">
    <xs:sequence>
      <xs:element minOccurs="0" name="CFD_cfd_informacion" nillable="true" type="tns:ArrayOfCFD_cfd_informacion"/>
      <xs:element minOccurs="0" name="estge_descripcion" nillable="true" type="xs:string"/>
      <xs:element minOccurs="0" name="estge_id" type="xs:int"/>
    </xs:sequence>
  </xs:complexType>
  <xs:element name="ESTGE_EstadosDeGestion" nillable="true" type="tns:ESTGE_EstadosDeGestion"/>
  <xs:complexType name="ETP_Estados_Tramite_Pagos">
    <xs:sequence>
      <xs:element minOccurs="0" name="CFD_cfd_informacion" nillable="true" type="tns:ArrayOfCFD_cfd_informacion"/>
      <xs:element minOccurs="0" name="etp_id_estado" type="xs:int"/>
      <xs:element minOccurs="0" name="etp_nombre_estado" nillable="true" type="xs:string"/>
    </xs:sequence>
  </xs:complexType>
  <xs:element name="ETP_Estados_Tramite_Pagos" nillable="true" type="tns:ETP_Estados_Tramite_Pagos"/>
  <xs:complexType name="ArrayOfFV_ACC_AllowanceChargeCab">
    <xs:sequence>
      <xs:element minOccurs="0" maxOccurs="unbounded" name="FV_ACC_AllowanceChargeCab" nillable="true" type="tns:FV_ACC_AllowanceChargeCab"/>
    </xs:sequence>
  </xs:complexType>
  <xs:element name="ArrayOfFV_ACC_AllowanceChargeCab" nillable="true" type="tns:ArrayOfFV_ACC_AllowanceChargeCab"/>
  <xs:complexType name="FV_ACC_AllowanceChargeCab">
    <xs:sequence>
      <xs:element minOccurs="0" name="CFD_cfd_informacion" nillable="true" type="tns:CFD_cfd_informacion"/>
      <xs:element minOccurs="0" name="CFD_id_cfd" type="xs:int"/>
      <xs:element minOccurs="0" name="FCC_ACC_Amount_AllowanceChargeCab" nillable="true" type="xs:decimal"/>
      <xs:element minOccurs="0" name="FCC_ACC_MultiplierFactorNumeric_AllowanceChargeCab" nillable="true" type="xs:decimal"/>
      <xs:element minOccurs="0" name="FC_ACC_BaseAmount_AllowanceChargeCab" nillable="true" type="xs:decimal"/>
      <xs:element minOccurs="0" name="FV_ACC_ChargeIndicator_AllowanceChargeCab" nillable="true" type="xs:boolean"/>
      <xs:element minOccurs="0" name="FV_ACC_Code_AllowanceChargeCab" nillable="true" type="xs:string"/>
      <xs:element minOccurs="0" name="FV_ACC_Id_AllowanceChargeCab" type="xs:int"/>
      <xs:element minOccurs="0" name="FV_ACC_Reason_AllowanceChargeCab" nillable="true" type="xs:string"/>
    </xs:sequence>
  </xs:complexType>
  <xs:element name="FV_ACC_AllowanceChargeCab" nillable="true" type="tns:FV_ACC_AllowanceChargeCab"/>
  <xs:complexType name="ArrayOfHEA_Historico_EstadosAceptacion">
    <xs:sequence>
      <xs:element minOccurs="0" maxOccurs="unbounded" name="HEA_Historico_EstadosAceptacion" nillable="true" type="tns:HEA_Historico_EstadosAceptacion"/>
    </xs:sequence>
  </xs:complexType>
  <xs:element name="ArrayOfHEA_Historico_EstadosAceptacion" nillable="true" type="tns:ArrayOfHEA_Historico_EstadosAceptacion"/>
  <xs:complexType name="HEA_Historico_EstadosAceptacion">
    <xs:sequence>
      <xs:element minOccurs="0" name="CFD_cfd_informacion" nillable="true" type="tns:CFD_cfd_informacion"/>
      <xs:element minOccurs="0" name="CFD_id_cfd" type="xs:int"/>
      <xs:element minOccurs="0" name="ESA_Estados_Aceptacion" nillable="true" type="tns:ESA_Estados_Aceptacion"/>
      <xs:element minOccurs="0" name="Emp_id_empresa" type="xs:int"/>
      <xs:element minOccurs="0" name="esa_idEstado" nillable="true" type="xs:int"/>
      <xs:element minOccurs="0" name="fecha_creacion" nillable="true" type="xs:dateTime"/>
      <xs:element minOccurs="0" name="fecha_transaccion" nillable="true" type="xs:dateTime"/>
      <xs:element minOccurs="0" name="hea_id_HistoricoEstadosAceptacion" type="xs:int"/>
      <xs:element minOccurs="0" name="hea_tracking_id" nillable="true" type="xs:string"/>
    </xs:sequence>
  </xs:complexType>
  <xs:element name="HEA_Historico_EstadosAceptacion" nillable="true" type="tns:HEA_Historico_EstadosAceptacion"/>
  <xs:complexType name="ESA_Estados_Aceptacion">
    <xs:sequence>
      <xs:element minOccurs="0" name="HEA_Historico_EstadosAceptacion" nillable="true" type="tns:ArrayOfHEA_Historico_EstadosAceptacion"/>
      <xs:element minOccurs="0" name="esa_idEstado" type="xs:int"/>
      <xs:element minOccurs="0" name="esa_nombre" nillable="true" type="xs:string"/>
    </xs:sequence>
  </xs:complexType>
  <xs:element name="ESA_Estados_Aceptacion" nillable="true" type="tns:ESA_Estados_Aceptacion"/>
  <xs:complexType name="MPG_MetodoPago">
    <xs:sequence>
      <xs:element minOccurs="0" name="CFD_cfd_informacion" nillable="true" type="tns:ArrayOfCFD_cfd_informacion"/>
      <xs:element minOccurs="0" name="mpg_descripcion" nillable="true" type="xs:string"/>
      <xs:element minOccurs="0" name="mpg_id_metodo_pago" type="xs:int"/>
    </xs:sequence>
  </xs:complexType>
  <xs:element name="MPG_MetodoPago" nillable="true" type="tns:MPG_MetodoPago"/>
  <xs:complexType name="ArrayOfPFE_IPF_Informacion_Pequeno_Facturador">
    <xs:sequence>
      <xs:element minOccurs="0" maxOccurs="unbounded" name="PFE_IPF_Informacion_Pequeno_Facturador" nillable="true" type="tns:PFE_IPF_Informacion_Pequeno_Facturador"/>
    </xs:sequence>
  </xs:complexType>
  <xs:element name="ArrayOfPFE_IPF_Informacion_Pequeno_Facturador" nillable="true" type="tns:ArrayOfPFE_IPF_Informacion_Pequeno_Facturador"/>
  <xs:complexType name="PFE_IPF_Informacion_Pequeno_Facturador">
    <xs:sequence>
      <xs:element minOccurs="0" name="CFD_cfd_informacion" nillable="true" type="tns:CFD_cfd_informacion"/>
      <xs:element minOccurs="0" name="CFD_cfd_informacion1" nillable="true" type="tns:CFD_cfd_informacion"/>
      <xs:element minOccurs="0" name="CFD_id_cfd" type="xs:int"/>
      <xs:element minOccurs="0" name="Id_ETD_Estado_Tramite_Documento" nillable="true" type="xs:int"/>
      <xs:element minOccurs="0" name="Id_IPF_Informacion_Pequeno_Facturador" type="xs:int"/>
      <xs:element minOccurs="0" name="Id_Orden_Compra_Origen" nillable="true" type="xs:int"/>
      <xs:element minOccurs="0" name="PFE_ETD_Estado_Tramite_Documento" nillable="true" type="tns:PFE_ETD_Estado_Tramite_Documento"/>
      <xs:element minOccurs="0" name="PFE_HET_Historico_Estado_Tramite_Documentos" nillable="true" type="tns:ArrayOfPFE_HET_Historico_Estado_Tramite_Documento"/>
    </xs:sequence>
  </xs:complexType>
  <xs:element name="PFE_IPF_Informacion_Pequeno_Facturador" nillable="true" type="tns:PFE_IPF_Informacion_Pequeno_Facturador"/>
  <xs:complexType name="PFE_ETD_Estado_Tramite_Documento">
    <xs:sequence>
      <xs:element minOccurs="0" name="ETD_Nombre" nillable="true" type="xs:string"/>
      <xs:element minOccurs="0" name="Id_ETD_Estado_Tramite_Documento" type="xs:int"/>
      <xs:element minOccurs="0" name="PFE_HET_Historico_Estado_Tramite_Documentos" nillable="true" type="tns:ArrayOfPFE_HET_Historico_Estado_Tramite_Documento"/>
      <xs:element minOccurs="0" name="PFE_IPF_Informacion_Pequeno_Facturadors" nillable="true" type="tns:ArrayOfPFE_IPF_Informacion_Pequeno_Facturador"/>
    </xs:sequence>
  </xs:complexType>
  <xs:element name="PFE_ETD_Estado_Tramite_Documento" nillable="true" type="tns:PFE_ETD_Estado_Tramite_Documento"/>
  <xs:complexType name="ArrayOfPFE_HET_Historico_Estado_Tramite_Documento">
    <xs:sequence>
      <xs:element minOccurs="0" maxOccurs="unbounded" name="PFE_HET_Historico_Estado_Tramite_Documento" nillable="true" type="tns:PFE_HET_Historico_Estado_Tramite_Documento"/>
    </xs:sequence>
  </xs:complexType>
  <xs:element name="ArrayOfPFE_HET_Historico_Estado_Tramite_Documento" nillable="true" type="tns:ArrayOfPFE_HET_Historico_Estado_Tramite_Documento"/>
  <xs:complexType name="PFE_HET_Historico_Estado_Tramite_Documento">
    <xs:sequence>
      <xs:element minOccurs="0" name="HET_Fecha_Registro" nillable="true" type="xs:dateTime"/>
      <xs:element minOccurs="0" name="HET_Observaciiones" nillable="true" type="xs:string"/>
      <xs:element minOccurs="0" name="HET_Usuario" nillable="true" type="xs:string"/>
      <xs:element minOccurs="0" name="Id_ETD_Estado_Tramite_Documento" nillable="true" type="xs:int"/>
      <xs:element minOccurs="0" name="Id_HET_Historico_Estado_TramiteDocumento" type="xs:int"/>
      <xs:element minOccurs="0" name="Id_IPF_Informacion_Pequeno_Facturador" nillable="true" type="xs:int"/>
      <xs:element minOccurs="0" name="PFE_ETD_Estado_Tramite_Documento" nillable="true" type="tns:PFE_ETD_Estado_Tramite_Documento"/>
      <xs:element minOccurs="0" name="PFE_IPF_Informacion_Pequeno_Facturador" nillable="true" type="tns:PFE_IPF_Informacion_Pequeno_Facturador"/>
    </xs:sequence>
  </xs:complexType>
  <xs:element name="PFE_HET_Historico_Estado_Tramite_Documento" nillable="true" type="tns:PFE_HET_Historico_Estado_Tramite_Documento"/>
  <xs:complexType name="ArrayOfRTP_RegistroTransaccionesPagos">
    <xs:sequence>
      <xs:element minOccurs="0" maxOccurs="unbounded" name="RTP_RegistroTransaccionesPagos" nillable="true" type="tns:RTP_RegistroTransaccionesPagos"/>
    </xs:sequence>
  </xs:complexType>
  <xs:element name="ArrayOfRTP_RegistroTransaccionesPagos" nillable="true" type="tns:ArrayOfRTP_RegistroTransaccionesPagos"/>
  <xs:complexType name="RTP_RegistroTransaccionesPagos">
    <xs:sequence>
      <xs:element minOccurs="0" name="CFD_cfd_informacion" nillable="true" type="tns:CFD_cfd_informacion"/>
      <xs:element minOccurs="0" name="cfd_id_cfd" type="xs:int"/>
      <xs:element minOccurs="0" name="rtp_autorizacion" nillable="true" type="xs:string"/>
      <xs:element minOccurs="0" name="rtp_currency" nillable="true" type="xs:string"/>
      <xs:element minOccurs="0" name="rtp_estado" nillable="true" type="xs:string"/>
      <xs:element minOccurs="0" name="rtp_fechahora" nillable="true" type="xs:dateTime"/>
      <xs:element minOccurs="0" name="rtp_id_reg_transaccion" type="xs:int"/>
      <xs:element minOccurs="0" name="rtp_pagador" nillable="true" type="xs:string"/>
      <xs:element minOccurs="0" name="rtp_referencia" nillable="true" type="xs:string"/>
      <xs:element minOccurs="0" name="rtp_valor" nillable="true" type="xs:decimal"/>
    </xs:sequence>
  </xs:complexType>
  <xs:element name="RTP_RegistroTransaccionesPagos" nillable="true" type="tns:RTP_RegistroTransaccionesPagos"/>
  <xs:complexType name="ArrayOfTCF_tramite_cfd">
    <xs:sequence>
      <xs:element minOccurs="0" maxOccurs="unbounded" name="TCF_tramite_cfd" nillable="true" type="tns:TCF_tramite_cfd"/>
    </xs:sequence>
  </xs:complexType>
  <xs:element name="ArrayOfTCF_tramite_cfd" nillable="true" type="tns:ArrayOfTCF_tramite_cfd"/>
  <xs:complexType name="TCF_tramite_cfd">
    <xs:sequence>
      <xs:element minOccurs="0" name="CFD_cfd_informacion" nillable="true" type="tns:CFD_cfd_informacion"/>
      <xs:element minOccurs="0" name="EST_Estados_Tramite" nillable="true" type="tns:EST_Estados_Tramite"/>
      <xs:element minOccurs="0" name="TCF_CFD_id_cfd" type="xs:int"/>
      <xs:element minOccurs="0" name="TCF_EST_id_estado" type="xs:int"/>
      <xs:element minOccurs="0" name="TCF_acuse" nillable="true" type="xs:string"/>
      <xs:element minOccurs="0" name="TCF_detalle_rastro" nillable="true" type="xs:string"/>
      <xs:element minOccurs="0" name="TCF_error" nillable="true" type="xs:string"/>
      <xs:element minOccurs="0" name="TCF_fecha_CFD" type="xs:dateTime"/>
      <xs:element minOccurs="0" name="TCF_fecha_tramite_CFD" type="xs:dateTime"/>
      <xs:element minOccurs="0" name="TCF_numero_registro" nillable="true" type="xs:decimal"/>
      <xs:element minOccurs="0" name="TCF_numero_tramite" type="xs:int"/>
    </xs:sequence>
  </xs:complexType>
  <xs:element name="TCF_tramite_cfd" nillable="true" type="tns:TCF_tramite_cfd"/>
  <xs:complexType name="EST_Estados_Tramite">
    <xs:sequence>
      <xs:element minOccurs="0" name="TCF_tramite_cfd" nillable="true" type="tns:ArrayOfTCF_tramite_cfd"/>
      <xs:element minOccurs="0" name="est_descipcion" nillable="true" type="xs:string"/>
      <xs:element minOccurs="0" name="est_id_estado" type="xs:int"/>
    </xs:sequence>
  </xs:complexType>
  <xs:element name="EST_Estados_Tramite" nillable="true" type="tns:EST_Estados_Tramite"/>
  <xs:complexType name="ArrayOfXML_xml_registro">
    <xs:sequence>
      <xs:element minOccurs="0" maxOccurs="unbounded" name="XML_xml_registro" nillable="true" type="tns:XML_xml_registro"/>
    </xs:sequence>
  </xs:complexType>
  <xs:element name="ArrayOfXML_xml_registro" nillable="true" type="tns:ArrayOfXML_xml_registro"/>
  <xs:complexType name="XML_xml_registro">
    <xs:sequence>
      <xs:element minOccurs="0" name="CFD_cfd_informacion" nillable="true" type="tns:CFD_cfd_informacion"/>
      <xs:element minOccurs="0" name="XML_CFD_id_cfd" type="xs:int"/>
      <xs:element minOccurs="0" name="XML_cfd" nillable="true">
        <xs:complexType>
          <xs:sequence>
            <xs:any minOccurs="0" processContents="lax"/>
          </xs:sequence>
        </xs:complexType>
      </xs:element>
      <xs:element minOccurs="0" name="XML_id_xml" type="xs:int"/>
    </xs:sequence>
  </xs:complexType>
  <xs:element name="XML_xml_registro" nillable="true" type="tns:XML_xml_registro"/>
  <xs:complexType name="ArrayOfFV_AED_Accion_ErrorDoc_Emitido">
    <xs:sequence>
      <xs:element minOccurs="0" maxOccurs="unbounded" name="FV_AED_Accion_ErrorDoc_Emitido" nillable="true" type="tns:FV_AED_Accion_ErrorDoc_Emitido"/>
    </xs:sequence>
  </xs:complexType>
  <xs:element name="ArrayOfFV_AED_Accion_ErrorDoc_Emitido" nillable="true" type="tns:ArrayOfFV_AED_Accion_ErrorDoc_Emitido"/>
  <xs:complexType name="FV_AED_Accion_ErrorDoc_Emitido">
    <xs:sequence>
      <xs:element minOccurs="0" name="AED_id_AccionErrorDocEmitido" type="xs:int"/>
      <xs:element minOccurs="0" name="ERL_id_EstadoRevisionLog" type="xs:int"/>
      <xs:element minOccurs="0" name="FV_ERL_EstadoRevisionLog" nillable="true" type="tns:FV_ERL_EstadoRevisionLog"/>
      <xs:element minOccurs="0" name="FV_LRV_Log_Error_Doc_Emitido" nillable="true" type="tns:FV_LRV_Log_Error_Doc_Emitido"/>
      <xs:element minOccurs="0" name="Fecha" type="xs:dateTime"/>
      <xs:element minOccurs="0" name="LRV_id_LogErrorDocEmitido" type="xs:int"/>
      <xs:element minOccurs="0" name="Notas" nillable="true" type="xs:string"/>
    </xs:sequence>
  </xs:complexType>
  <xs:element name="FV_AED_Accion_ErrorDoc_Emitido" nillable="true" type="tns:FV_AED_Accion_ErrorDoc_Emitido"/>
  <xs:complexType name="FV_ERL_EstadoRevisionLog">
    <xs:sequence>
      <xs:element minOccurs="0" name="ERL_id_EstadoRevisionLog" type="xs:int"/>
      <xs:element minOccurs="0" name="ERL_nombre" nillable="true" type="xs:string"/>
      <xs:element minOccurs="0" name="FV_AED_Accion_ErrorDoc_Emitido" nillable="true" type="tns:ArrayOfFV_AED_Accion_ErrorDoc_Emitido"/>
    </xs:sequence>
  </xs:complexType>
  <xs:element name="FV_ERL_EstadoRevisionLog" nillable="true" type="tns:FV_ERL_EstadoRevisionLog"/>
  <xs:complexType name="ArrayOfFV_DLF_DetalleLogReglasFallidas">
    <xs:sequence>
      <xs:element minOccurs="0" maxOccurs="unbounded" name="FV_DLF_DetalleLogReglasFallidas" nillable="true" type="tns:FV_DLF_DetalleLogReglasFallidas"/>
    </xs:sequence>
  </xs:complexType>
  <xs:element name="ArrayOfFV_DLF_DetalleLogReglasFallidas" nillable="true" type="tns:ArrayOfFV_DLF_DetalleLogReglasFallidas"/>
  <xs:complexType name="FV_DLF_DetalleLogReglasFallidas">
    <xs:sequence>
      <xs:element minOccurs="0" name="DLF_id_DetalleLogReglasFallidas" type="xs:int"/>
      <xs:element minOccurs="0" name="FV_LRV_Log_Error_Doc_Emitido" nillable="true" type="tns:FV_LRV_Log_Error_Doc_Emitido"/>
      <xs:element minOccurs="0" name="FV_RVD_Reglas_Validacion_DIAN" nillable="true" type="tns:FV_RVD_Reglas_Validacion_DIAN"/>
      <xs:element minOccurs="0" name="LRV_id_LogErrorDocEmitido" type="xs:int"/>
      <xs:element minOccurs="0" name="RVD_id_reglaValidacion" type="xs:int"/>
    </xs:sequence>
  </xs:complexType>
  <xs:element name="FV_DLF_DetalleLogReglasFallidas" nillable="true" type="tns:FV_DLF_DetalleLogReglasFallidas"/>
  <xs:complexType name="FV_RVD_Reglas_Validacion_DIAN">
    <xs:sequence>
      <xs:element minOccurs="0" name="FV_DLF_DetalleLogReglasFallidas" nillable="true" type="tns:ArrayOfFV_DLF_DetalleLogReglasFallidas"/>
      <xs:element minOccurs="0" name="FV_RXC_ReglasXCategoriaValidacion" nillable="true" type="tns:ArrayOfFV_RXC_ReglasXCategoriaValidacion"/>
      <xs:element minOccurs="0" name="FV_TCX_TipoCampoXML" nillable="true" type="tns:FV_TCX_TipoCampoXML"/>
      <xs:element minOccurs="0" name="FV_TDX_TipoDatoXML" nillable="true" type="tns:FV_TDX_TipoDatoXML"/>
      <xs:element minOccurs="0" name="RVD_Padre" nillable="true" type="xs:string"/>
      <xs:element minOccurs="0" name="RVD_Xpath" nillable="true" type="xs:string"/>
      <xs:element minOccurs="0" name="RVD_campo" nillable="true" type="xs:string"/>
      <xs:element minOccurs="0" name="RVD_codigo" nillable="true" type="xs:string"/>
      <xs:element minOccurs="0" name="RVD_descripcion" nillable="true" type="xs:string"/>
      <xs:element minOccurs="0" name="RVD_erfectoRegla" nillable="true" type="xs:string"/>
      <xs:element minOccurs="0" name="RVD_estado_validacion" nillable="true" type="xs:int"/>
      <xs:element minOccurs="0" name="RVD_funcion" nillable="true" type="xs:string"/>
      <xs:element minOccurs="0" name="RVD_funcion_parametros" nillable="true" type="xs:string"/>
      <xs:element minOccurs="0" name="RVD_id_reglaValidacion" type="xs:int"/>
      <xs:element minOccurs="0" name="RVD_nameSpace" nillable="true" type="xs:string"/>
      <xs:element minOccurs="0" name="RVD_observaciones" nillable="true" type="xs:string"/>
      <xs:element minOccurs="0" name="RVD_ocurrencia" nillable="true" type="xs:string"/>
      <xs:element minOccurs="0" name="RVD_tamanoElemento" nillable="true" type="xs:int"/>
      <xs:element minOccurs="0" name="RVD_version" nillable="true" type="xs:string"/>
      <xs:element minOccurs="0" name="TCX_id_tipoCampoXml" nillable="true" type="xs:string"/>
      <xs:element minOccurs="0" name="TDX_id_tipoDatoXml" nillable="true" type="xs:string"/>
    </xs:sequence>
  </xs:complexType>
  <xs:element name="FV_RVD_Reglas_Validacion_DIAN" nillable="true" type="tns:FV_RVD_Reglas_Validacion_DIAN"/>
  <xs:complexType name="ArrayOfFV_RXC_ReglasXCategoriaValidacion">
    <xs:sequence>
      <xs:element minOccurs="0" maxOccurs="unbounded" name="FV_RXC_ReglasXCategoriaValidacion" nillable="true" type="tns:FV_RXC_ReglasXCategoriaValidacion"/>
    </xs:sequence>
  </xs:complexType>
  <xs:element name="ArrayOfFV_RXC_ReglasXCategoriaValidacion" nillable="true" type="tns:ArrayOfFV_RXC_ReglasXCategoriaValidacion"/>
  <xs:complexType name="FV_RXC_ReglasXCategoriaValidacion">
    <xs:sequence>
      <xs:element minOccurs="0" name="CVA_id_CategoriaValidacion" type="xs:int"/>
      <xs:element minOccurs="0" name="FV_CVA_Categoria_Validacion" nillable="true" type="tns:FV_CVA_Categoria_Validacion"/>
      <xs:element minOccurs="0" name="FV_RVD_Reglas_Validacion_DIAN" nillable="true" type="tns:FV_RVD_Reglas_Validacion_DIAN"/>
      <xs:element minOccurs="0" name="RVD_id_reglaValidacion" type="xs:int"/>
      <xs:element minOccurs="0" name="RXC_id_ReglasXCategoriaValidacion" type="xs:int"/>
      <xs:element minOccurs="0" name="RXC_notas" nillable="true" type="xs:string"/>
    </xs:sequence>
  </xs:complexType>
  <xs:element name="FV_RXC_ReglasXCategoriaValidacion" nillable="true" type="tns:FV_RXC_ReglasXCategoriaValidacion"/>
  <xs:complexType name="FV_CVA_Categoria_Validacion">
    <xs:sequence>
      <xs:element minOccurs="0" name="CVA_CodigoDian" nillable="true" type="xs:string"/>
      <xs:element minOccurs="0" name="CVA_id_CategoriaValidacion" type="xs:int"/>
      <xs:element minOccurs="0" name="CVA_nombre" nillable="true" type="xs:string"/>
      <xs:element minOccurs="0" name="FV_RXC_ReglasXCategoriaValidacion" nillable="true" type="tns:ArrayOfFV_RXC_ReglasXCategoriaValidacion"/>
    </xs:sequence>
  </xs:complexType>
  <xs:element name="FV_CVA_Categoria_Validacion" nillable="true" type="tns:FV_CVA_Categoria_Validacion"/>
  <xs:complexType name="FV_TCX_TipoCampoXML">
    <xs:sequence>
      <xs:element minOccurs="0" name="FV_RVD_Reglas_Validacion_DIAN" nillable="true" type="tns:ArrayOfFV_RVD_Reglas_Validacion_DIAN"/>
      <xs:element minOccurs="0" name="TCX_descripcion_tipoCampoXml" nillable="true" type="xs:string"/>
      <xs:element minOccurs="0" name="TCX_id_tipoCampoXml" nillable="true" type="xs:string"/>
    </xs:sequence>
  </xs:complexType>
  <xs:element name="FV_TCX_TipoCampoXML" nillable="true" type="tns:FV_TCX_TipoCampoXML"/>
  <xs:complexType name="ArrayOfFV_RVD_Reglas_Validacion_DIAN">
    <xs:sequence>
      <xs:element minOccurs="0" maxOccurs="unbounded" name="FV_RVD_Reglas_Validacion_DIAN" nillable="true" type="tns:FV_RVD_Reglas_Validacion_DIAN"/>
    </xs:sequence>
  </xs:complexType>
  <xs:element name="ArrayOfFV_RVD_Reglas_Validacion_DIAN" nillable="true" type="tns:ArrayOfFV_RVD_Reglas_Validacion_DIAN"/>
  <xs:complexType name="FV_TDX_TipoDatoXML">
    <xs:sequence>
      <xs:element minOccurs="0" name="FV_RVD_Reglas_Validacion_DIAN" nillable="true" type="tns:ArrayOfFV_RVD_Reglas_Validacion_DIAN"/>
      <xs:element minOccurs="0" name="TDX_descripcion_tipoDatoXml" nillable="true" type="xs:string"/>
      <xs:element minOccurs="0" name="TDX_id_tipoDatoXml" nillable="true" type="xs:string"/>
    </xs:sequence>
  </xs:complexType>
  <xs:element name="FV_TDX_TipoDatoXML" nillable="true" type="tns:FV_TDX_TipoDatoXML"/>
  <xs:complexType name="FV_PVF_Punto_Validacion_Facturacion">
    <xs:sequence>
      <xs:element minOccurs="0" name="FV_LRV_Log_Error_Doc_Emitido" nillable="true" type="tns:ArrayOfFV_LRV_Log_Error_Doc_Emitido"/>
      <xs:element minOccurs="0" name="PVF_descripcion" nillable="true" type="xs:string"/>
      <xs:element minOccurs="0" name="PVF_id_puntoValidacionFacturacion" type="xs:int"/>
      <xs:element minOccurs="0" name="PVF_nombre" nillable="true" type="xs:string"/>
    </xs:sequence>
  </xs:complexType>
  <xs:element name="FV_PVF_Punto_Validacion_Facturacion" nillable="true" type="tns:FV_PVF_Punto_Validacion_Facturacion"/>
  <xs:simpleType name="FV_LRV_Log_Error_Doc_EmitidoDatos.FV_PuntoValidacionDocumento">
    <xs:restriction base="xs:string">
      <xs:enumeration value="RegistroCliente">
        <xs:annotation>
          <xs:appinfo>
            <EnumerationValue xmlns="http://schemas.microsoft.com/2003/10/Serialization/">1</EnumerationValue>
          </xs:appinfo>
        </xs:annotation>
      </xs:enumeration>
      <xs:enumeration value="AplicacionDummys">
        <xs:annotation>
          <xs:appinfo>
            <EnumerationValue xmlns="http://schemas.microsoft.com/2003/10/Serialization/">2</EnumerationValue>
          </xs:appinfo>
        </xs:annotation>
      </xs:enumeration>
      <xs:enumeration value="CreacionXML">
        <xs:annotation>
          <xs:appinfo>
            <EnumerationValue xmlns="http://schemas.microsoft.com/2003/10/Serialization/">3</EnumerationValue>
          </xs:appinfo>
        </xs:annotation>
      </xs:enumeration>
      <xs:enumeration value="ValidacionXSLT">
        <xs:annotation>
          <xs:appinfo>
            <EnumerationValue xmlns="http://schemas.microsoft.com/2003/10/Serialization/">4</EnumerationValue>
          </xs:appinfo>
        </xs:annotation>
      </xs:enumeration>
      <xs:enumeration value="ValidacinInicialDIAN">
        <xs:annotation>
          <xs:appinfo>
            <EnumerationValue xmlns="http://schemas.microsoft.com/2003/10/Serialization/">5</EnumerationValue>
          </xs:appinfo>
        </xs:annotation>
      </xs:enumeration>
      <xs:enumeration value="ValidacionFinalDIAN">
        <xs:annotation>
          <xs:appinfo>
            <EnumerationValue xmlns="http://schemas.microsoft.com/2003/10/Serialization/">6</EnumerationValue>
          </xs:appinfo>
        </xs:annotation>
      </xs:enumeration>
    </xs:restriction>
  </xs:simpleType>
  <xs:element name="FV_LRV_Log_Error_Doc_EmitidoDatos.FV_PuntoValidacionDocumento" nillable="true" type="tns:FV_LRV_Log_Error_Doc_EmitidoDatos.FV_PuntoValidacionDocumento"/>
  <xs:complexType name="ArrayOfFAC_FactoryConfirmingInt">
    <xs:sequence>
      <xs:element minOccurs="0" maxOccurs="unbounded" name="FAC_FactoryConfirmingInt" nillable="true" type="tns:FAC_FactoryConfirmingInt"/>
    </xs:sequence>
  </xs:complexType>
  <xs:element name="ArrayOfFAC_FactoryConfirmingInt" nillable="true" type="tns:ArrayOfFAC_FactoryConfirmingInt"/>
  <xs:complexType name="FAC_FactoryConfirmingInt">
    <xs:sequence>
      <xs:element minOccurs="0" name="CFD_id_cfd" type="xs:int"/>
      <xs:element minOccurs="0" name="Emp_id_empresa_fondeador" type="xs:int"/>
      <xs:element minOccurs="0" name="Emp_id_empresa_pagador" type="xs:int"/>
      <xs:element minOccurs="0" name="Emp_id_empresa_proveedor" type="xs:int"/>
      <xs:element minOccurs="0" name="FAC_AvalLista" nillable="true" type="xs:string"/>
      <xs:element minOccurs="0" name="FAC_CFD_numero_CFD" type="xs:int"/>
      <xs:element minOccurs="0" name="FAC_CodTasaMora" nillable="true" type="xs:string"/>
      <xs:element minOccurs="0" name="FAC_DiasNegociados" type="xs:int"/>
      <xs:element minOccurs="0" name="FAC_FechaCompra" type="xs:dateTime"/>
      <xs:element minOccurs="0" name="FAC_FechaEmision" type="xs:dateTime"/>
      <xs:element minOccurs="0" name="FAC_FechaProximaCuota" nillable="true" type="xs:string"/>
      <xs:element minOccurs="0" name="FAC_FechaVencimiento" type="xs:dateTime"/>
      <xs:element minOccurs="0" name="FAC_InteresMora" type="xs:decimal"/>
      <xs:element minOccurs="0" name="FAC_MedioNegociacion" nillable="true" type="xs:string"/>
      <xs:element minOccurs="0" name="FAC_ModalidadPago" nillable="true" type="xs:string"/>
      <xs:element minOccurs="0" name="FAC_Moneda" nillable="true" type="xs:string"/>
      <xs:element minOccurs="0" name="FAC_NIT_Administrador" nillable="true" type="xs:string"/>
      <xs:element minOccurs="0" name="FAC_NIT_Emisor" nillable="true" type="xs:string"/>
      <xs:element minOccurs="0" name="FAC_NIT_Intermediario" nillable="true" type="xs:string"/>
      <xs:element minOccurs="0" name="FAC_NIT_Pagador" nillable="true" type="xs:string"/>
      <xs:element minOccurs="0" name="FAC_NIT_Vendedor" nillable="true" type="xs:string"/>
      <xs:element minOccurs="0" name="FAC_NuevaFechaPago" type="xs:dateTime"/>
      <xs:element minOccurs="0" name="FAC_NuevoValorPago" type="xs:decimal"/>
      <xs:element minOccurs="0" name="FAC_NumeroCuotas" type="xs:decimal"/>
      <xs:element minOccurs="0" name="FAC_PeriodicidadPago" nillable="true" type="xs:string"/>
      <xs:element minOccurs="0" name="FAC_Porcentaje_Retenido" type="xs:decimal"/>
      <xs:element minOccurs="0" name="FAC_Puntos" type="xs:int"/>
      <xs:element minOccurs="0" name="FAC_TPPEL" nillable="true" type="xs:string"/>
      <xs:element minOccurs="0" name="FAC_TasaNegociacionNA" type="xs:decimal"/>
      <xs:element minOccurs="0" name="FAC_Tasa_Negociacion" type="xs:decimal"/>
      <xs:element minOccurs="0" name="FAC_TipoNegociacion" nillable="true" type="xs:string"/>
      <xs:element minOccurs="0" name="FAC_Tipo_Tasa" nillable="true" type="xs:string"/>
      <xs:element minOccurs="0" name="FAC_Utilidad" type="xs:decimal"/>
      <xs:element minOccurs="0" name="FAC_ValorComisionReferenciador" type="xs:decimal"/>
      <xs:element minOccurs="0" name="FAC_ValorCompra" type="xs:decimal"/>
      <xs:element minOccurs="0" name="FAC_ValorCompraReferenciador" type="xs:decimal"/>
      <xs:element minOccurs="0" name="FAC_ValorCuotas" type="xs:decimal"/>
      <xs:element minOccurs="0" name="FAC_ValorICA" type="xs:decimal"/>
      <xs:element minOccurs="0" name="FAC_ValorIVA" type="xs:decimal"/>
      <xs:element minOccurs="0" name="FAC_ValorNomBaseLiquidacion" type="xs:decimal"/>
      <xs:element minOccurs="0" name="FAC_ValorNominaFacial" type="xs:decimal"/>
      <xs:element minOccurs="0" name="FAC_ValorNominalNeto" type="xs:decimal"/>
      <xs:element minOccurs="0" name="FAC_ValorNominalOriginal" type="xs:decimal"/>
      <xs:element minOccurs="0" name="FAC_ValorNotasCredito" type="xs:decimal"/>
      <xs:element minOccurs="0" name="FAC_ValorOtros" type="xs:decimal"/>
      <xs:element minOccurs="0" name="FAC_ValorRetencionFte" type="xs:decimal"/>
      <xs:element minOccurs="0" name="FAC_ValorRetencionICA" type="xs:decimal"/>
      <xs:element minOccurs="0" name="FAC_ValorRetencionIVA" type="xs:decimal"/>
      <xs:element minOccurs="0" name="FAC_ValorTasa" type="xs:decimal"/>
      <xs:element minOccurs="0" name="FAC_ValorTimbre" type="xs:decimal"/>
      <xs:element minOccurs="0" name="FON_id_fondeador" type="xs:int"/>
    </xs:sequence>
  </xs:complexType>
  <xs:element name="FAC_FactoryConfirmingInt" nillable="true" type="tns:FAC_FactoryConfirmingInt"/>
  <xs:complexType name="FV_DatosContingencia">
    <xs:sequence>
      <xs:element minOccurs="0" name="ContigenciaDeclarada" type="xs:boolean"/>
      <xs:element minOccurs="0" name="Fecha" nillable="true" type="xs:dateTime"/>
      <xs:element minOccurs="0" name="IdHeartBeat" type="xs:int"/>
      <xs:element minOccurs="0" name="IdIncidenteRelacionado" nillable="true" type="xs:int"/>
    </xs:sequence>
  </xs:complexType>
  <xs:element name="FV_DatosContingencia" nillable="true" type="tns:FV_DatosContingencia"/>
  <xs:complexType name="FV_IncidenteContingenciaDian">
    <xs:sequence>
      <xs:element minOccurs="0" name="Fecha" nillable="true" type="xs:dateTime"/>
      <xs:element minOccurs="0" name="IdDocumento" type="xs:int"/>
      <xs:element minOccurs="0" name="IdEmpresa" type="xs:int"/>
      <xs:element minOccurs="0" name="IdIncidenteContingenciaDian" nillable="true" type="xs:int"/>
      <xs:element minOccurs="0" name="NombreSonda" nillable="true" type="xs:string"/>
      <xs:element minOccurs="0" name="TipoIncidenteContingencia" type="xs:short"/>
    </xs:sequence>
  </xs:complexType>
  <xs:element name="FV_IncidenteContingenciaDian" nillable="true" type="tns:FV_IncidenteContingenciaDian"/>
  <xs:complexType name="ArrayOfFV_TipoIncidenteContingencia">
    <xs:sequence>
      <xs:element minOccurs="0" maxOccurs="unbounded" name="FV_TipoIncidenteContingencia" nillable="true" type="tns:FV_TipoIncidenteContingencia"/>
    </xs:sequence>
  </xs:complexType>
  <xs:element name="ArrayOfFV_TipoIncidenteContingencia" nillable="true" type="tns:ArrayOfFV_TipoIncidenteContingencia"/>
  <xs:complexType name="FV_TipoIncidenteContingencia">
    <xs:sequence>
      <xs:element minOccurs="0" name="TIC_codigoStatus" type="xs:short"/>
      <xs:element minOccurs="0" name="TIC_descripcion" nillable="true" type="xs:string"/>
      <xs:element minOccurs="0" name="TIC_exitoso" type="xs:boolean"/>
      <xs:element minOccurs="0" name="TIC_id_TipoIncidenteContingencia" type="xs:int"/>
      <xs:element minOccurs="0" name="TIC_tipoAccion" type="xs:unsignedByte"/>
    </xs:sequence>
  </xs:complexType>
  <xs:element name="FV_TipoIncidenteContingencia" nillable="true" type="tns:FV_TipoIncidenteContingencia"/>
  <xs:complexType name="ArrayOfReporteBase">
    <xs:sequence>
      <xs:element minOccurs="0" maxOccurs="unbounded" name="ReporteBase" nillable="true" type="tns:ReporteBase"/>
    </xs:sequence>
  </xs:complexType>
  <xs:element name="ArrayOfReporteBase" nillable="true" type="tns:ArrayOfReporteBase"/>
  <xs:complexType name="ReporteBase">
    <xs:sequence/>
  </xs:complexType>
  <xs:element name="ReporteBase" nillable="true" type="tns:ReporteBase"/>
  <xs:complexType name="ReporteEmisionAlkosto">
    <xs:complexContent mixed="false">
      <xs:extension base="tns:ReporteBase">
        <xs:sequence>
          <xs:element minOccurs="0" name="CorreoCliente" nillable="true" type="xs:string"/>
          <xs:element minOccurs="0" name="Erp" nillable="true" type="xs:string"/>
          <xs:element minOccurs="0" name="EstadoTransaccionDIAN" nillable="true" type="xs:string"/>
          <xs:element minOccurs="0" name="ExchangeMail" nillable="true" type="xs:string"/>
          <xs:element minOccurs="0" name="FechaGrabacionEBill" type="xs:dateTime"/>
          <xs:element minOccurs="0" name="FechaRecibidoDIAN" type="xs:dateTime"/>
          <xs:element minOccurs="0" name="FechaTransaccion" nillable="true" type="xs:string"/>
          <xs:element minOccurs="0" name="NumeroInterno" nillable="true" type="xs:string"/>
          <xs:element minOccurs="0" name="NumeroLegal" nillable="true" type="xs:string"/>
          <xs:element minOccurs="0" name="TipoDocumento" nillable="true" type="xs:string"/>
          <xs:element minOccurs="0" name="UnidadNegocio" nillable="true" type="xs:string"/>
        </xs:sequence>
      </xs:extension>
    </xs:complexContent>
  </xs:complexType>
  <xs:element name="ReporteEmisionAlkosto" nillable="true" type="tns:ReporteEmisionAlkosto"/>
  <xs:complexType name="ReporteRecepcionAlkostoDetallado">
    <xs:complexContent mixed="false">
      <xs:extension base="tns:ReporteBase">
        <xs:sequence>
          <xs:element minOccurs="0" name="Concatenado" nillable="true" type="xs:string"/>
          <xs:element minOccurs="0" name="DocumentoReferencia" nillable="true" type="xs:string"/>
          <xs:element minOccurs="0" name="FechaEmision" type="xs:dateTime"/>
          <xs:element minOccurs="0" name="FechaGrabacion" type="xs:dateTime"/>
          <xs:element minOccurs="0" name="IdDocumentoReferencia" type="xs:int"/>
          <xs:element minOccurs="0" name="NitProveedor" nillable="true" type="xs:string"/>
          <xs:element minOccurs="0" name="NumeroDocumento" type="xs:decimal"/>
          <xs:element minOccurs="0" name="Origen" nillable="true" type="xs:string"/>
          <xs:element minOccurs="0" name="OtrosCorreos" nillable="true" type="xs:string"/>
          <xs:element minOccurs="0" name="Prefijo" nillable="true" type="xs:string"/>
          <xs:element minOccurs="0" name="UnidadNegocio" nillable="true" type="xs:string"/>
        </xs:sequence>
      </xs:extension>
    </xs:complexContent>
  </xs:complexType>
  <xs:element name="ReporteRecepcionAlkostoDetallado" nillable="true" type="tns:ReporteRecepcionAlkostoDetallado"/>
  <xs:complexType name="ReporteRecepcionAlkostoConsolidado">
    <xs:complexContent mixed="false">
      <xs:extension base="tns:ReporteBase">
        <xs:sequence>
          <xs:element minOccurs="0" name="Cantidad" nillable="true" type="xs:string"/>
          <xs:element minOccurs="0" name="TipoDocumento" nillable="true" type="xs:string"/>
        </xs:sequence>
      </xs:extension>
    </xs:complexContent>
  </xs:complexType>
  <xs:element name="ReporteRecepcionAlkostoConsolidado" nillable="true" type="tns:ReporteRecepcionAlkostoConsolidado"/>
</xs:schema>]]></con:content><con:type>http://www.w3.org/2001/XMLSchema</con:type></con:part><con:part><con:url>http://testws.facturaenlinea.co/ServiciosFyM/eBill/Integracion.svc?xsd=xsd3</con:url><con:content><![CDATA[<xs:schema elementFormDefault="qualified" targetNamespace="http://schemas.microsoft.com/2003/10/Serialization/Arrays" xmlns:xs="http://www.w3.org/2001/XMLSchema" xmlns:tns="http://schemas.microsoft.com/2003/10/Serialization/Arrays">
  <xs:complexType name="ArrayOfstring">
    <xs:sequence>
      <xs:element minOccurs="0" maxOccurs="unbounded" name="string" nillable="true" type="xs:string"/>
    </xs:sequence>
  </xs:complexType>
  <xs:element name="ArrayOfstring" nillable="true" type="tns:ArrayOfstring"/>
  <xs:complexType name="ArrayOfint">
    <xs:sequence>
      <xs:element minOccurs="0" maxOccurs="unbounded" name="int" type="xs:int"/>
    </xs:sequence>
  </xs:complexType>
  <xs:element name="ArrayOfint" nillable="true" type="tns:ArrayOfint"/>
</xs:schema>]]></con:content><con:type>http://www.w3.org/2001/XMLSchema</con:type></con:part><con:part><con:url>http://testws.facturaenlinea.co/ServiciosFyM/eBill/Integracion.svc?xsd=xsd1</con:url><con:content><![CDATA[<xs:schema attributeFormDefault="qualified" elementFormDefault="qualified" targetNamespace="http://schemas.microsoft.com/2003/10/Serialization/" xmlns:xs="http://www.w3.org/2001/XMLSchema" xmlns:tns="http://schemas.microsoft.com/2003/10/Serialization/">
  <xs:element name="anyType" nillable="true" type="xs:anyType"/>
  <xs:element name="anyURI" nillable="true" type="xs:anyURI"/>
  <xs:element name="base64Binary" nillable="true" type="xs:base64Binary"/>
  <xs:element name="boolean" nillable="true" type="xs:boolean"/>
  <xs:element name="byte" nillable="true" type="xs:byte"/>
  <xs:element name="dateTime" nillable="true" type="xs:dateTime"/>
  <xs:element name="decimal" nillable="true" type="xs:decimal"/>
  <xs:element name="double" nillable="true" type="xs:double"/>
  <xs:element name="float" nillable="true" type="xs:float"/>
  <xs:element name="int" nillable="true" type="xs:int"/>
  <xs:element name="long" nillable="true" type="xs:long"/>
  <xs:element name="QName" nillable="true" type="xs:QName"/>
  <xs:element name="short" nillable="true" type="xs:short"/>
  <xs:element name="string" nillable="true" type="xs:string"/>
  <xs:element name="unsignedByte" nillable="true" type="xs:unsignedByte"/>
  <xs:element name="unsignedInt" nillable="true" type="xs:unsignedInt"/>
  <xs:element name="unsignedLong" nillable="true" type="xs:unsignedLong"/>
  <xs:element name="unsignedShort" nillable="true" type="xs:unsignedShort"/>
  <xs:element name="char" nillable="true" type="tns:char"/>
  <xs:simpleType name="char">
    <xs:restriction base="xs:int"/>
  </xs:simpleType>
  <xs:element name="duration" nillable="true" type="tns:duration"/>
  <xs:simpleType name="duration">
    <xs:restriction base="xs:duration">
      <xs:pattern value="\-?P(\d*D)?(T(\d*H)?(\d*M)?(\d*(\.\d*)?S)?)?"/>
      <xs:minInclusive value="-P10675199DT2H48M5.4775808S"/>
      <xs:maxInclusive value="P10675199DT2H48M5.4775807S"/>
    </xs:restriction>
  </xs:simpleType>
  <xs:element name="guid" nillable="true" type="tns:guid"/>
  <xs:simpleType name="guid">
    <xs:restriction base="xs:string">
      <xs:pattern value="[\da-fA-F]{8}-[\da-fA-F]{4}-[\da-fA-F]{4}-[\da-fA-F]{4}-[\da-fA-F]{12}"/>
    </xs:restriction>
  </xs:simpleType>
  <xs:attribute name="FactoryType" type="xs:QName"/>
  <xs:attribute name="Id" type="xs:ID"/>
  <xs:attribute name="Ref" type="xs:IDREF"/>
</xs:schema>]]></con:content><con:type>http://www.w3.org/2001/XMLSchema</con:type></con:part><con:part><con:url>http://testws.facturaenlinea.co/ServiciosFyM/eBill/Integracion.svc?xsd=xsd5</con:url><con:content><![CDATA[<xs:schema elementFormDefault="qualified" targetNamespace="http://schemas.datacontract.org/2004/07/System.Data.Linq" xmlns:xs="http://www.w3.org/2001/XMLSchema" xmlns:tns="http://schemas.datacontract.org/2004/07/System.Data.Linq">
  <xs:complexType name="Binary">
    <xs:sequence>
      <xs:element minOccurs="0" name="Bytes" nillable="true" type="xs:base64Binary"/>
    </xs:sequence>
  </xs:complexType>
  <xs:element name="Binary" nillable="true" type="tns:Binary"/>
</xs:schema>]]></con:content><con:type>http://www.w3.org/2001/XMLSchema</con:type></con:part><con:part><con:url>http://testws.facturaenlinea.co/ServiciosFyM/eBill/Integracion.svc?xsd=xsd4</con:url><con:content><![CDATA[<xs:schema elementFormDefault="qualified" targetNamespace="http://schemas.datacontract.org/2004/07/DianResponse" xmlns:xs="http://www.w3.org/2001/XMLSchema" xmlns:tns="http://schemas.datacontract.org/2004/07/DianResponse">
  <xs:import schemaLocation="http://testws.facturaenlinea.co/ServiciosFyM/eBill/Integracion.svc?xsd=xsd3" namespace="http://schemas.microsoft.com/2003/10/Serialization/Arrays"/>
  <xs:complexType name="ArrayOfDianResponse">
    <xs:sequence>
      <xs:element minOccurs="0" maxOccurs="unbounded" name="DianResponse" nillable="true" type="tns:DianResponse"/>
    </xs:sequence>
  </xs:complexType>
  <xs:element name="ArrayOfDianResponse" nillable="true" type="tns:ArrayOfDianResponse"/>
  <xs:complexType name="DianResponse">
    <xs:sequence>
      <xs:element minOccurs="0" name="ErrorMessage" nillable="true" type="q1:ArrayOfstring" xmlns:q1="http://schemas.microsoft.com/2003/10/Serialization/Arrays"/>
      <xs:element minOccurs="0" name="IsValid" type="xs:boolean"/>
      <xs:element minOccurs="0" name="StatusCode" nillable="true" type="xs:string"/>
      <xs:element minOccurs="0" name="StatusDescription" nillable="true" type="xs:string"/>
      <xs:element minOccurs="0" name="StatusMessage" nillable="true" type="xs:string"/>
      <xs:element minOccurs="0" name="XmlBase64Bytes" nillable="true" type="xs:base64Binary"/>
      <xs:element minOccurs="0" name="XmlBytes" nillable="true" type="xs:base64Binary"/>
      <xs:element minOccurs="0" name="XmlDocumentKey" nillable="true" type="xs:string"/>
      <xs:element minOccurs="0" name="XmlFileName" nillable="true" type="xs:string"/>
    </xs:sequence>
  </xs:complexType>
  <xs:element name="DianResponse" nillable="true" type="tns:DianResponse"/>
</xs:schema>]]></con:content><con:type>http://www.w3.org/2001/XMLSchema</con:type></con:part><con:part><con:url>http://testws.facturaenlinea.co/ServiciosFyM/eBill/Integracion.svc?xsd=xsd6</con:url><con:content><![CDATA[<xs:schema elementFormDefault="qualified" targetNamespace="http://schemas.datacontract.org/2004/07/UploadDocumentResponse" xmlns:xs="http://www.w3.org/2001/XMLSchema" xmlns:tns="http://schemas.datacontract.org/2004/07/UploadDocumentResponse">
  <xs:import schemaLocation="http://testws.facturaenlinea.co/ServiciosFyM/eBill/Integracion.svc?xsd=xsd7" namespace="http://schemas.datacontract.org/2004/07/XmlParamsResponseTrackId"/>
  <xs:complexType name="UploadDocumentResponse">
    <xs:sequence>
      <xs:element minOccurs="0" name="ErrorMessageList" nillable="true" type="q1:ArrayOfXmlParamsResponseTrackId" xmlns:q1="http://schemas.datacontract.org/2004/07/XmlParamsResponseTrackId"/>
      <xs:element minOccurs="0" name="ZipKey" nillable="true" type="xs:string"/>
    </xs:sequence>
  </xs:complexType>
  <xs:element name="UploadDocumentResponse" nillable="true" type="tns:UploadDocumentResponse"/>
</xs:schema>]]></con:content><con:type>http://www.w3.org/2001/XMLSchema</con:type></con:part><con:part><con:url>http://testws.facturaenlinea.co/ServiciosFyM/eBill/Integracion.svc?xsd=xsd7</con:url><con:content><![CDATA[<xs:schema elementFormDefault="qualified" targetNamespace="http://schemas.datacontract.org/2004/07/XmlParamsResponseTrackId" xmlns:xs="http://www.w3.org/2001/XMLSchema" xmlns:tns="http://schemas.datacontract.org/2004/07/XmlParamsResponseTrackId">
  <xs:complexType name="ArrayOfXmlParamsResponseTrackId">
    <xs:sequence>
      <xs:element minOccurs="0" maxOccurs="unbounded" name="XmlParamsResponseTrackId" nillable="true" type="tns:XmlParamsResponseTrackId"/>
    </xs:sequence>
  </xs:complexType>
  <xs:element name="ArrayOfXmlParamsResponseTrackId" nillable="true" type="tns:ArrayOfXmlParamsResponseTrackId"/>
  <xs:complexType name="XmlParamsResponseTrackId">
    <xs:sequence>
      <xs:element minOccurs="0" name="DocumentKey" nillable="true" type="xs:string"/>
      <xs:element minOccurs="0" name="ProcessedMessage" nillable="true" type="xs:string"/>
      <xs:element minOccurs="0" name="SenderCode" nillable="true" type="xs:string"/>
      <xs:element minOccurs="0" name="Success" type="xs:boolean"/>
      <xs:element minOccurs="0" name="XmlFileName" nillable="true" type="xs:string"/>
    </xs:sequence>
  </xs:complexType>
  <xs:element name="XmlParamsResponseTrackId" nillable="true" type="tns:XmlParamsResponseTrackId"/>
</xs:schema>]]></con:content><con:type>http://www.w3.org/2001/XMLSchema</con:type></con:part></con:definitionCache><con:endpoints><con:endpoint>https://fymtest.cloudapp.net:444/ServiciosFyM/eBill/Integracion.svc</con:endpoint></con:endpoints><con:operation id="7b88b758-e5c9-4612-ad72-b0e013302940" isOneWay="false" action="http://tempuri.org/IIntegracion/AceptacionTacitaDocumentosRadicadosNotificacionDIAN" name="AceptacionTacitaDocumentosRadicadosNotificacionDIAN" bindingOperationName="AceptacionTacitaDocumentosRadicadosNotificacionDIAN" type="Request-Response" inputName="" receivesAttachments="false" sendsAttachments="false" anonymous="optional"><con:settings/><con:call id="ece7fcc3-ad21-4d78-bef5-9dffb4dc68db" name="Request 1"><con:settings/><con:encoding>UTF-8</con:encoding><con:endpoint>https://fymtest.cloudapp.net:444/ServiciosFyM/eBill/Integracion.svc</con:endpoint><con:request><![CDATA[<soapenv:Envelope xmlns:soapenv="http://schemas.xmlsoap.org/soap/envelope/" xmlns:tem="http://tempuri.org/" xmlns:ebil="http://schemas.datacontract.org/2004/07/eBillCore">\r
   <soapenv:Header/>\r
   <soapenv:Body>\r
      <tem:AceptacionTacitaDocumentosRadicadosNotificacionDIAN>\r
         <!--Optional:-->\r
         <tem:FacCab>\r
            <!--Optional:-->\r
            <ebil:AnoAprobacionRes>?</ebil:AnoAprobacionRes>\r
            <!--Optional:-->\r
            <ebil:Base_Impuesto>?</ebil:Base_Impuesto>\r
            <!--Optional:-->\r
            <ebil:CFD_EST_estado_tramit>?</ebil:CFD_EST_estado_tramit>\r
            <!--Optional:-->\r
            <ebil:CFD_Flete>?</ebil:CFD_Flete>\r
            <!--Optional:-->\r
            <ebil:CFD_OtrosCargos>?</ebil:CFD_OtrosCargos>\r
            <!--Optional:-->\r
            <ebil:CFD_Por_Margen>?</ebil:CFD_Por_Margen>\r
            <!--Optional:-->\r
            <ebil:CFD_ResponseCode>?</ebil:CFD_ResponseCode>\r
            <!--Optional:-->\r
            <ebil:CFD_base_ICA_total>?</ebil:CFD_base_ICA_total>\r
            <!--Optional:-->\r
            <ebil:CFD_base_impo_total_nal>?</ebil:CFD_base_impo_total_nal>\r
            <!--Optional:-->\r
            <ebil:CFD_base_impo_total_reg>?</ebil:CFD_base_impo_total_reg>\r
            <!--Optional:-->\r
            <ebil:CFD_campo_texto_10>?</ebil:CFD_campo_texto_10>\r
            <!--Optional:-->\r
            <ebil:CFD_campo_texto_11>?</ebil:CFD_campo_texto_11>\r
            <!--Optional:-->\r
            <ebil:CFD_campo_texto_12>?</ebil:CFD_campo_texto_12>\r
            <!--Optional:-->\r
            <ebil:CFD_campo_texto_13>?</ebil:CFD_campo_texto_13>\r
            <!--Optional:-->\r
            <ebil:CFD_campo_texto_14>?</ebil:CFD_campo_texto_14>\r
            <!--Optional:-->\r
            <ebil:CFD_campo_texto_15>?</ebil:CFD_campo_texto_15>\r
            <!--Optional:-->\r
            <ebil:CFD_campo_texto_16>?</ebil:CFD_campo_texto_16>\r
            <!--Optional:-->\r
            <ebil:CFD_campo_texto_17>?</ebil:CFD_campo_texto_17>\r
            <!--Optional:-->\r
            <ebil:CFD_campo_texto_18>?</ebil:CFD_campo_texto_18>\r
            <!--Optional:-->\r
            <ebil:CFD_campo_texto_19>?</ebil:CFD_campo_texto_19>\r
            <!--Optional:-->\r
            <ebil:CFD_campo_texto_20>?</ebil:CFD_campo_texto_20>\r
            <!--Optional:-->\r
            <ebil:CFD_campo_texto_21>?</ebil:CFD_campo_texto_21>\r
            <!--Optional:-->\r
            <ebil:CFD_campo_texto_22>?</ebil:CFD_campo_texto_22>\r
            <!--Optional:-->\r
            <ebil:CFD_campo_texto_23>?</ebil:CFD_campo_texto_23>\r
            <!--Optional:-->\r
            <ebil:CFD_campo_texto_24>?</ebil:CFD_campo_texto_24>\r
            <!--Optional:-->\r
            <ebil:CFD_campo_texto_25>?</ebil:CFD_campo_texto_25>\r
            <!--Optional:-->\r
            <ebil:CFD_campo_texto_26>?</ebil:CFD_campo_texto_26>\r
            <!--Optional:-->\r
            <ebil:CFD_campo_texto_27>?</ebil:CFD_campo_texto_27>\r
            <!--Optional:-->\r
            <ebil:CFD_campo_texto_28>?</ebil:CFD_campo_texto_28>\r
            <!--Optional:-->\r
            <ebil:CFD_campo_texto_29>?</ebil:CFD_campo_texto_29>\r
            <!--Optional:-->\r
            <ebil:CFD_campo_texto_30>?</ebil:CFD_campo_texto_30>\r
            <!--Optional:-->\r
            <ebil:CFD_campo_texto_9>?</ebil:CFD_campo_texto_9>\r
            <!--Optional:-->\r
            <ebil:CFD_cantidad_dec_1>?</ebil:CFD_cantidad_dec_1>\r
            <!--Optional:-->\r
            <ebil:CFD_cantidad_dec_10>?</ebil:CFD_cantidad_dec_10>\r
            <!--Optional:-->\r
            <ebil:CFD_cantidad_dec_11>?</ebil:CFD_cantidad_dec_11>\r
            <!--Optional:-->\r
            <ebil:CFD_cantidad_dec_12>?</ebil:CFD_cantidad_dec_12>\r
            <!--Optional:-->\r
            <ebil:CFD_cantidad_dec_13>?</ebil:CFD_cantidad_dec_13>\r
            <!--Optional:-->\r
            <ebil:CFD_cantidad_dec_14>?</ebil:CFD_cantidad_dec_14>\r
            <!--Optional:-->\r
            <ebil:CFD_cantidad_dec_15>?</ebil:CFD_cantidad_dec_15>\r
            <!--Optional:-->\r
            <ebil:CFD_cantidad_dec_16>?</ebil:CFD_cantidad_dec_16>\r
            <!--Optional:-->\r
            <ebil:CFD_cantidad_dec_17>?</ebil:CFD_cantidad_dec_17>\r
            <!--Optional:-->\r
            <ebil:CFD_cantidad_dec_18>?</ebil:CFD_cantidad_dec_18>\r
            <!--Optional:-->\r
            <ebil:CFD_cantidad_dec_19>?</ebil:CFD_cantidad_dec_19>\r
            <!--Optional:-->\r
            <ebil:CFD_cantidad_dec_20>?</ebil:CFD_cantidad_dec_20>\r
            <!--Optional:-->\r
            <ebil:CFD_cantidad_dec_21>?</ebil:CFD_cantidad_dec_21>\r
            <!--Optional:-->\r
            <ebil:CFD_cantidad_dec_22>?</ebil:CFD_cantidad_dec_22>\r
            <!--Optional:-->\r
            <ebil:CFD_cantidad_dec_23>?</ebil:CFD_cantidad_dec_23>\r
            <!--Optional:-->\r
            <ebil:CFD_cantidad_dec_24>?</ebil:CFD_cantidad_dec_24>\r
            <!--Optional:-->\r
            <ebil:CFD_cantidad_dec_25>?</ebil:CFD_cantidad_dec_25>\r
            <!--Optional:-->\r
            <ebil:CFD_cantidad_dec_4>?</ebil:CFD_cantidad_dec_4>\r
            <!--Optional:-->\r
            <ebil:CFD_cantidad_dec_5>?</ebil:CFD_cantidad_dec_5>\r
            <!--Optional:-->\r
            <ebil:CFD_cantidad_dec_6>?</ebil:CFD_cantidad_dec_6>\r
            <!--Optional:-->\r
            <ebil:CFD_cantidad_dec_7>?</ebil:CFD_cantidad_dec_7>\r
            <!--Optional:-->\r
            <ebil:CFD_cantidad_dec_8>?</ebil:CFD_cantidad_dec_8>\r
            <!--Optional:-->\r
            <ebil:CFD_cantidad_dec_9>?</ebil:CFD_cantidad_dec_9>\r
            <!--Optional:-->\r
            <ebil:CFD_deducible>?</ebil:CFD_deducible>\r
            <!--Optional:-->\r
            <ebil:CFD_desconexion_servicio>?</ebil:CFD_desconexion_servicio>\r
            <!--Optional:-->\r
            <ebil:CFD_fecha_desconexion>?</ebil:CFD_fecha_desconexion>\r
            <!--Optional:-->\r
            <ebil:CFD_fecha_tasadeCambio>?</ebil:CFD_fecha_tasadeCambio>\r
            <!--Optional:-->\r
            <ebil:CFD_numero_enlace_doc_ref>?</ebil:CFD_numero_enlace_doc_ref>\r
            <!--Optional:-->\r
            <ebil:CFD_porc_rte_ICA>?</ebil:CFD_porc_rte_ICA>\r
            <!--Optional:-->\r
            <ebil:CFD_porc_rte_fuent>?</ebil:CFD_porc_rte_fuent>\r
            <!--Optional:-->\r
            <ebil:CFD_tasa_mora>?</ebil:CFD_tasa_mora>\r
            <!--Optional:-->\r
            <ebil:CFD_tdi_id_tipo_doc_interno>?</ebil:CFD_tdi_id_tipo_doc_interno>\r
            <!--Optional:-->\r
            <ebil:CFD_total_ICA>?</ebil:CFD_total_ICA>\r
            <!--Optional:-->\r
            <ebil:CFD_total_aduana_exp>?</ebil:CFD_total_aduana_exp>\r
            <!--Optional:-->\r
            <ebil:CFD_total_cargos>?</ebil:CFD_total_cargos>\r
            <!--Optional:-->\r
            <ebil:CFD_total_descuentos>?</ebil:CFD_total_descuentos>\r
            <!--Optional:-->\r
            <ebil:CFD_total_margen>?</ebil:CFD_total_margen>\r
            <!--Optional:-->\r
            <ebil:CFD_total_seguro_exp>?</ebil:CFD_total_seguro_exp>\r
            <!--Optional:-->\r
            <ebil:CLI_numero_cliente>?</ebil:CLI_numero_cliente>\r
            <!--Optional:-->\r
            <ebil:CREETotal>?</ebil:CREETotal>\r
            <!--Optional:-->\r
            <ebil:CampoTexto1>?</ebil:CampoTexto1>\r
            <!--Optional:-->\r
            <ebil:CampoTexto2>?</ebil:CampoTexto2>\r
            <!--Optional:-->\r
            <ebil:CampoTexto3>?</ebil:CampoTexto3>\r
            <!--Optional:-->\r
            <ebil:CampoTexto4>?</ebil:CampoTexto4>\r
            <!--Optional:-->\r
            <ebil:CampoTexto5>?</ebil:CampoTexto5>\r
            <!--Optional:-->\r
            <ebil:CampoTexto6>?</ebil:CampoTexto6>\r
            <!--Optional:-->\r
            <ebil:CampoTexto7>?</ebil:CampoTexto7>\r
            <!--Optional:-->\r
            <ebil:CampoTexto8>?</ebil:CampoTexto8>\r
            <!--Optional:-->\r
            <ebil:Cantidad1>?</ebil:Cantidad1>\r
            <!--Optional:-->\r
            <ebil:Cantidad2>?</ebil:Cantidad2>\r
            <!--Optional:-->\r
            <ebil:Cantidad3>?</ebil:Cantidad3>\r
            <!--Optional:-->\r
            <ebil:CantidadDec1>?</ebil:CantidadDec1>\r
            <!--Optional:-->\r
            <ebil:CantidadDec2>?</ebil:CantidadDec2>\r
            <!--Optional:-->\r
            <ebil:CantidadDec3>?</ebil:CantidadDec3>\r
            <!--Optional:-->\r
            <ebil:CiudadDANE>?</ebil:CiudadDANE>\r
            <!--Optional:-->\r
            <ebil:CodVendedor>?</ebil:CodVendedor>\r
            <!--Optional:-->\r
            <ebil:CodigoPostalCliente>?</ebil:CodigoPostalCliente>\r
            <!--Optional:-->\r
            <ebil:CodigoPostalEnvio>?</ebil:CodigoPostalEnvio>\r
            <!--Optional:-->\r
            <ebil:ComprobanteCon>?</ebil:ComprobanteCon>\r
            <!--Optional:-->\r
            <ebil:Condiciones_Pago>?</ebil:Condiciones_Pago>\r
            <!--Optional:-->\r
            <ebil:ContactoCargo>?</ebil:ContactoCargo>\r
            <!--Optional:-->\r
            <ebil:ContactoCorreo>?</ebil:ContactoCorreo>\r
            <!--Optional:-->\r
            <ebil:ContactoNombre>?</ebil:ContactoNombre>\r
            <!--Optional:-->\r
            <ebil:CorreoCliente>?</ebil:CorreoCliente>\r
            <!--Optional:-->\r
            <ebil:DepartamentoDANE>?</ebil:DepartamentoDANE>\r
            <!--Optional:-->\r
            <ebil:DescripcionPlan>?</ebil:DescripcionPlan>\r
            <!--Optional:-->\r
            <ebil:Descuento>?</ebil:Descuento>\r
            <!--Optional:-->\r
            <ebil:DigitoVerificaCliente>?</ebil:DigitoVerificaCliente>\r
            <!--Optional:-->\r
            <ebil:DireccionCliente>?</ebil:DireccionCliente>\r
            <!--Optional:-->\r
            <ebil:EstiloFactura>?</ebil:EstiloFactura>\r
            <!--Optional:-->\r
            <ebil:FechaExpedicion>?</ebil:FechaExpedicion>\r
            <!--Optional:-->\r
            <ebil:FechaFinalPeriodoFacturado>?</ebil:FechaFinalPeriodoFacturado>\r
            <!--Optional:-->\r
            <ebil:FechaInicialPeriodoFacturado>?</ebil:FechaInicialPeriodoFacturado>\r
            <!--Optional:-->\r
            <ebil:FechaVencimiento>?</ebil:FechaVencimiento>\r
            <!--Optional:-->\r
            <ebil:FormaPago>?</ebil:FormaPago>\r
            <!--Optional:-->\r
            <ebil:IDInterno>?</ebil:IDInterno>\r
            <!--Optional:-->\r
            <ebil:IDUbicacionCliente>?</ebil:IDUbicacionCliente>\r
            <!--Optional:-->\r
            <ebil:IDUbicacionEnvio>?</ebil:IDUbicacionEnvio>\r
            <!--Optional:-->\r
            <ebil:IdPlan>?</ebil:IdPlan>\r
            <!--Optional:-->\r
            <ebil:IdSucursal>?</ebil:IdSucursal>\r
            <!--Optional:-->\r
            <ebil:Incoterm>?</ebil:Incoterm>\r
            <!--Optional:-->\r
            <ebil:InfoAdicional>?</ebil:InfoAdicional>\r
            <!--Optional:-->\r
            <ebil:LugarTerminosEntrega>?</ebil:LugarTerminosEntrega>\r
            <!--Optional:-->\r
            <ebil:MesCausado>?</ebil:MesCausado>\r
            <!--Optional:-->\r
            <ebil:MonedaISO>?</ebil:MonedaISO>\r
            <!--Optional:-->\r
            <ebil:NitCliente>?</ebil:NitCliente>\r
            <!--Optional:-->\r
            <ebil:NitEmpresa>?</ebil:NitEmpresa>\r
            <!--Optional:-->\r
            <ebil:NombreCliente>?</ebil:NombreCliente>\r
            <!--Optional:-->\r
            <ebil:NombrePlan>?</ebil:NombrePlan>\r
            <!--Optional:-->\r
            <ebil:NombreVendedor>?</ebil:NombreVendedor>\r
            <!--Optional:-->\r
            <ebil:NumAprobacionRes>?</ebil:NumAprobacionRes>\r
            <!--Optional:-->\r
            <ebil:NumFactura>?</ebil:NumFactura>\r
            <!--Optional:-->\r
            <ebil:OrderID>?</ebil:OrderID>\r
            <!--Optional:-->\r
            <ebil:PAI_ISO_3166>?</ebil:PAI_ISO_3166>\r
            <!--Optional:-->\r
            <ebil:PagoAnterior>?</ebil:PagoAnterior>\r
            <!--Optional:-->\r
            <ebil:Prefijo>?</ebil:Prefijo>\r
            <!--Optional:-->\r
            <ebil:ReferenciaCliente>?</ebil:ReferenciaCliente>\r
            <!--Optional:-->\r
            <ebil:RetencionCREETotal>?</ebil:RetencionCREETotal>\r
            <!--Optional:-->\r
            <ebil:SMSXDoc>?</ebil:SMSXDoc>\r
            <!--Optional:-->\r
            <ebil:SaldoAnterior>?</ebil:SaldoAnterior>\r
            <!--Optional:-->\r
            <ebil:SubTotal>?</ebil:SubTotal>\r
            <!--Optional:-->\r
            <ebil:SubTotalSegunMon>?</ebil:SubTotalSegunMon>\r
            <!--Optional:-->\r
            <ebil:Sucursal>?</ebil:Sucursal>\r
            <!--Optional:-->\r
            <ebil:TIP_id_tipo_persona>?</ebil:TIP_id_tipo_persona>\r
            <!--Optional:-->\r
            <ebil:TasaCambio>?</ebil:TasaCambio>\r
            <!--Optional:-->\r
            <ebil:TelefonoCliente>?</ebil:TelefonoCliente>\r
            <!--Optional:-->\r
            <ebil:Texto3>?</ebil:Texto3>\r
            <!--Optional:-->\r
            <ebil:TieneAcuerdo>?</ebil:TieneAcuerdo>\r
            <!--Optional:-->\r
            <ebil:TipoComprobante>?</ebil:TipoComprobante>\r
            <!--Optional:-->\r
            <ebil:TipoContribuyente>?</ebil:TipoContribuyente>\r
            <!--Optional:-->\r
            <ebil:TipoIDCliente>?</ebil:TipoIDCliente>\r
            <!--Optional:-->\r
            <ebil:Total>?</ebil:Total>\r
            <!--Optional:-->\r
            <ebil:TotalIVA>?</ebil:TotalIVA>\r
            <!--Optional:-->\r
            <ebil:TotalIVASegunMon>?</ebil:TotalIVASegunMon>\r
            <!--Optional:-->\r
            <ebil:TotalRetICA>?</ebil:TotalRetICA>\r
            <!--Optional:-->\r
            <ebil:TotalRetIVA>?</ebil:TotalRetIVA>\r
            <!--Optional:-->\r
            <ebil:TotalRetencion>?</ebil:TotalRetencion>\r
            <!--Optional:-->\r
            <ebil:TotalSegunMon>?</ebil:TotalSegunMon>\r
            <!--Optional:-->\r
            <ebil:TotalTraslado>?</ebil:TotalTraslado>\r
            <!--Optional:-->\r
            <ebil:Total_a_Pagar>?</ebil:Total_a_Pagar>\r
            <!--Optional:-->\r
            <ebil:ValorHasta1>?</ebil:ValorHasta1>\r
            <!--Optional:-->\r
            <ebil:ValorHasta2>?</ebil:ValorHasta2>\r
            <!--Optional:-->\r
            <ebil:ValorHasta3>?</ebil:ValorHasta3>\r
            <!--Optional:-->\r
            <ebil:ValorHasta4>?</ebil:ValorHasta4>\r
            <!--Optional:-->\r
            <ebil:cfd_activa_nota1>?</ebil:cfd_activa_nota1>\r
            <!--Optional:-->\r
            <ebil:ciudad_envio>?</ebil:ciudad_envio>\r
            <!--Optional:-->\r
            <ebil:code1>?</ebil:code1>\r
            <!--Optional:-->\r
            <ebil:code2>?</ebil:code2>\r
            <!--Optional:-->\r
            <ebil:code3>?</ebil:code3>\r
            <!--Optional:-->\r
            <ebil:curso>?</ebil:curso>\r
            <!--Optional:-->\r
            <ebil:departamento_envio>?</ebil:departamento_envio>\r
            <!--Optional:-->\r
            <ebil:direccion_envio>?</ebil:direccion_envio>\r
            <!--Optional:-->\r
            <ebil:numero_envio>?</ebil:numero_envio>\r
            <!--Optional:-->\r
            <ebil:orden_venta>?</ebil:orden_venta>\r
            <!--Optional:-->\r
            <ebil:pague_hasta1>?</ebil:pague_hasta1>\r
            <!--Optional:-->\r
            <ebil:pague_hasta2>?</ebil:pague_hasta2>\r
            <!--Optional:-->\r
            <ebil:pague_hasta3>?</ebil:pague_hasta3>\r
            <!--Optional:-->\r
            <ebil:referencia>?</ebil:referencia>\r
            <!--Optional:-->\r
            <ebil:referencia1>?</ebil:referencia1>\r
            <!--Optional:-->\r
            <ebil:referencia_envio>?</ebil:referencia_envio>\r
            <!--Optional:-->\r
            <ebil:telefono_envio>?</ebil:telefono_envio>\r
         </tem:FacCab>\r
         <!--Optional:-->\r
         <tem:Opciones>\r
            <!--Optional:-->\r
            <ebil:ActualizaProductos>?</ebil:ActualizaProductos>\r
            <!--Optional:-->\r
            <ebil:BuscarXNitXIdInterno>?</ebil:BuscarXNitXIdInterno>\r
            <!--Optional:-->\r
            <ebil:EmisionAutomatica>?</ebil:EmisionAutomatica>\r
            <!--Optional:-->\r
            <ebil:EmisionAutomaticaFXComputador>?</ebil:EmisionAutomaticaFXComputador>\r
            <!--Optional:-->\r
            <ebil:FacturasSinAcuerdo>?</ebil:FacturasSinAcuerdo>\r
            <!--Optional:-->\r
            <ebil:ManejaPlantillasNotificacion>?</ebil:ManejaPlantillasNotificacion>\r
            <!--Optional:-->\r
            <ebil:NoAdjuntarArchivo>?</ebil:NoAdjuntarArchivo>\r
            <!--Optional:-->\r
            <ebil:NoTieneAcuerdosFisicos>?</ebil:NoTieneAcuerdosFisicos>\r
            <!--Optional:-->\r
            <ebil:OrderControl>?</ebil:OrderControl>\r
            <!--Optional:-->\r
            <ebil:TipoCargaDetalle>?</ebil:TipoCargaDetalle>\r
            <!--Optional:-->\r
            <ebil:TipoDocumento>?</ebil:TipoDocumento>\r
            <!--Optional:-->\r
            <ebil:TokenConexion>?</ebil:TokenConexion>\r
            <!--Optional:-->\r
            <ebil:crearVIP>?</ebil:crearVIP>\r
            <!--Optional:-->\r
            <ebil:eBillAdmNumerosFactura>?</ebil:eBillAdmNumerosFactura>\r
         </tem:Opciones>\r
         <!--Optional:-->\r
         <tem:sFechaAceptacion>?</tem:sFechaAceptacion>\r
         <!--Optional:-->\r
         <tem:AprobadoPor>?</tem:AprobadoPor>\r
         <!--Optional:-->\r
         <tem:sNombreAprobador>?</tem:sNombreAprobador>\r
         <!--Optional:-->\r
         <tem:sCorreoAprobador>?</tem:sCorreoAprobador>\r
      </tem:AceptacionTacitaDocumentosRadicadosNotificacionDIAN>\r
   </soapenv:Body>\r
</soapenv:Envelope>]]></con:request><con:wsaConfig mustUnderstand="NONE" version="200508" action="http://tempuri.org/IIntegracion/AceptacionTacitaDocumentosRadicadosNotificacionDIAN"/></con:call></con:operation><con:operation id="ae353ebe-7797-4833-9d4d-5a94a3355934" isOneWay="false" action="http://tempuri.org/IIntegracion/AceptarDocumentosRadicadosNotificacionDIAN" name="AceptarDocumentosRadicadosNotificacionDIAN" bindingOperationName="AceptarDocumentosRadicadosNotificacionDIAN" type="Request-Response" inputName="" receivesAttachments="false" sendsAttachments="false" anonymous="optional"><con:settings/><con:call id="cb5cd8f5-5e7f-47cf-b84c-80c999794fe3" name="Request 1"><con:settings/><con:encoding>UTF-8</con:encoding><con:endpoint>https://fymtest.cloudapp.net:444/ServiciosFyM/eBill/Integracion.svc</con:endpoint><con:request><![CDATA[<soapenv:Envelope xmlns:soapenv="http://schemas.xmlsoap.org/soap/envelope/" xmlns:tem="http://tempuri.org/" xmlns:ebil="http://schemas.datacontract.org/2004/07/eBillCore">\r
   <soapenv:Header/>\r
   <soapenv:Body>\r
      <tem:AceptarDocumentosRadicadosNotificacionDIAN>\r
         <!--Optional:-->\r
         <tem:FacCab>\r
            <!--Optional:-->\r
            <ebil:AnoAprobacionRes>?</ebil:AnoAprobacionRes>\r
            <!--Optional:-->\r
            <ebil:Base_Impuesto>?</ebil:Base_Impuesto>\r
            <!--Optional:-->\r
            <ebil:CFD_EST_estado_tramit>?</ebil:CFD_EST_estado_tramit>\r
            <!--Optional:-->\r
            <ebil:CFD_Flete>?</ebil:CFD_Flete>\r
            <!--Optional:-->\r
            <ebil:CFD_OtrosCargos>?</ebil:CFD_OtrosCargos>\r
            <!--Optional:-->\r
            <ebil:CFD_Por_Margen>?</ebil:CFD_Por_Margen>\r
            <!--Optional:-->\r
            <ebil:CFD_ResponseCode>?</ebil:CFD_ResponseCode>\r
            <!--Optional:-->\r
            <ebil:CFD_base_ICA_total>?</ebil:CFD_base_ICA_total>\r
            <!--Optional:-->\r
            <ebil:CFD_base_impo_total_nal>?</ebil:CFD_base_impo_total_nal>\r
            <!--Optional:-->\r
            <ebil:CFD_base_impo_total_reg>?</ebil:CFD_base_impo_total_reg>\r
            <!--Optional:-->\r
            <ebil:CFD_campo_texto_10>?</ebil:CFD_campo_texto_10>\r
            <!--Optional:-->\r
            <ebil:CFD_campo_texto_11>?</ebil:CFD_campo_texto_11>\r
            <!--Optional:-->\r
            <ebil:CFD_campo_texto_12>?</ebil:CFD_campo_texto_12>\r
            <!--Optional:-->\r
            <ebil:CFD_campo_texto_13>?</ebil:CFD_campo_texto_13>\r
            <!--Optional:-->\r
            <ebil:CFD_campo_texto_14>?</ebil:CFD_campo_texto_14>\r
            <!--Optional:-->\r
            <ebil:CFD_campo_texto_15>?</ebil:CFD_campo_texto_15>\r
            <!--Optional:-->\r
            <ebil:CFD_campo_texto_16>?</ebil:CFD_campo_texto_16>\r
            <!--Optional:-->\r
            <ebil:CFD_campo_texto_17>?</ebil:CFD_campo_texto_17>\r
            <!--Optional:-->\r
            <ebil:CFD_campo_texto_18>?</ebil:CFD_campo_texto_18>\r
            <!--Optional:-->\r
            <ebil:CFD_campo_texto_19>?</ebil:CFD_campo_texto_19>\r
            <!--Optional:-->\r
            <ebil:CFD_campo_texto_20>?</ebil:CFD_campo_texto_20>\r
            <!--Optional:-->\r
            <ebil:CFD_campo_texto_21>?</ebil:CFD_campo_texto_21>\r
            <!--Optional:-->\r
            <ebil:CFD_campo_texto_22>?</ebil:CFD_campo_texto_22>\r
            <!--Optional:-->\r
            <ebil:CFD_campo_texto_23>?</ebil:CFD_campo_texto_23>\r
            <!--Optional:-->\r
            <ebil:CFD_campo_texto_24>?</ebil:CFD_campo_texto_24>\r
            <!--Optional:-->\r
            <ebil:CFD_campo_texto_25>?</ebil:CFD_campo_texto_25>\r
            <!--Optional:-->\r
            <ebil:CFD_campo_texto_26>?</ebil:CFD_campo_texto_26>\r
            <!--Optional:-->\r
            <ebil:CFD_campo_texto_27>?</ebil:CFD_campo_texto_27>\r
            <!--Optional:-->\r
            <ebil:CFD_campo_texto_28>?</ebil:CFD_campo_texto_28>\r
            <!--Optional:-->\r
            <ebil:CFD_campo_texto_29>?</ebil:CFD_campo_texto_29>\r
            <!--Optional:-->\r
            <ebil:CFD_campo_texto_30>?</ebil:CFD_campo_texto_30>\r
            <!--Optional:-->\r
            <ebil:CFD_campo_texto_9>?</ebil:CFD_campo_texto_9>\r
            <!--Optional:-->\r
            <ebil:CFD_cantidad_dec_1>?</ebil:CFD_cantidad_dec_1>\r
            <!--Optional:-->\r
            <ebil:CFD_cantidad_dec_10>?</ebil:CFD_cantidad_dec_10>\r
            <!--Optional:-->\r
            <ebil:CFD_cantidad_dec_11>?</ebil:CFD_cantidad_dec_11>\r
            <!--Optional:-->\r
            <ebil:CFD_cantidad_dec_12>?</ebil:CFD_cantidad_dec_12>\r
            <!--Optional:-->\r
            <ebil:CFD_cantidad_dec_13>?</ebil:CFD_cantidad_dec_13>\r
            <!--Optional:-->\r
            <ebil:CFD_cantidad_dec_14>?</ebil:CFD_cantidad_dec_14>\r
            <!--Optional:-->\r
            <ebil:CFD_cantidad_dec_15>?</ebil:CFD_cantidad_dec_15>\r
            <!--Optional:-->\r
            <ebil:CFD_cantidad_dec_16>?</ebil:CFD_cantidad_dec_16>\r
            <!--Optional:-->\r
            <ebil:CFD_cantidad_dec_17>?</ebil:CFD_cantidad_dec_17>\r
            <!--Optional:-->\r
            <ebil:CFD_cantidad_dec_18>?</ebil:CFD_cantidad_dec_18>\r
            <!--Optional:-->\r
            <ebil:CFD_cantidad_dec_19>?</ebil:CFD_cantidad_dec_19>\r
            <!--Optional:-->\r
            <ebil:CFD_cantidad_dec_20>?</ebil:CFD_cantidad_dec_20>\r
            <!--Optional:-->\r
            <ebil:CFD_cantidad_dec_21>?</ebil:CFD_cantidad_dec_21>\r
            <!--Optional:-->\r
            <ebil:CFD_cantidad_dec_22>?</ebil:CFD_cantidad_dec_22>\r
            <!--Optional:-->\r
            <ebil:CFD_cantidad_dec_23>?</ebil:CFD_cantidad_dec_23>\r
            <!--Optional:-->\r
            <ebil:CFD_cantidad_dec_24>?</ebil:CFD_cantidad_dec_24>\r
            <!--Optional:-->\r
            <ebil:CFD_cantidad_dec_25>?</ebil:CFD_cantidad_dec_25>\r
            <!--Optional:-->\r
            <ebil:CFD_cantidad_dec_4>?</ebil:CFD_cantidad_dec_4>\r
            <!--Optional:-->\r
            <ebil:CFD_cantidad_dec_5>?</ebil:CFD_cantidad_dec_5>\r
            <!--Optional:-->\r
            <ebil:CFD_cantidad_dec_6>?</ebil:CFD_cantidad_dec_6>\r
            <!--Optional:-->\r
            <ebil:CFD_cantidad_dec_7>?</ebil:CFD_cantidad_dec_7>\r
            <!--Optional:-->\r
            <ebil:CFD_cantidad_dec_8>?</ebil:CFD_cantidad_dec_8>\r
            <!--Optional:-->\r
            <ebil:CFD_cantidad_dec_9>?</ebil:CFD_cantidad_dec_9>\r
            <!--Optional:-->\r
            <ebil:CFD_deducible>?</ebil:CFD_deducible>\r
            <!--Optional:-->\r
            <ebil:CFD_desconexion_servicio>?</ebil:CFD_desconexion_servicio>\r
            <!--Optional:-->\r
            <ebil:CFD_fecha_desconexion>?</ebil:CFD_fecha_desconexion>\r
            <!--Optional:-->\r
            <ebil:CFD_fecha_tasadeCambio>?</ebil:CFD_fecha_tasadeCambio>\r
            <!--Optional:-->\r
            <ebil:CFD_numero_enlace_doc_ref>?</ebil:CFD_numero_enlace_doc_ref>\r
            <!--Optional:-->\r
            <ebil:CFD_porc_rte_ICA>?</ebil:CFD_porc_rte_ICA>\r
            <!--Optional:-->\r
            <ebil:CFD_porc_rte_fuent>?</ebil:CFD_porc_rte_fuent>\r
            <!--Optional:-->\r
            <ebil:CFD_tasa_mora>?</ebil:CFD_tasa_mora>\r
            <!--Optional:-->\r
            <ebil:CFD_tdi_id_tipo_doc_interno>?</ebil:CFD_tdi_id_tipo_doc_interno>\r
            <!--Optional:-->\r
            <ebil:CFD_total_ICA>?</ebil:CFD_total_ICA>\r
            <!--Optional:-->\r
            <ebil:CFD_total_aduana_exp>?</ebil:CFD_total_aduana_exp>\r
            <!--Optional:-->\r
            <ebil:CFD_total_cargos>?</ebil:CFD_total_cargos>\r
            <!--Optional:-->\r
            <ebil:CFD_total_descuentos>?</ebil:CFD_total_descuentos>\r
            <!--Optional:-->\r
            <ebil:CFD_total_margen>?</ebil:CFD_total_margen>\r
            <!--Optional:-->\r
            <ebil:CFD_total_seguro_exp>?</ebil:CFD_total_seguro_exp>\r
            <!--Optional:-->\r
            <ebil:CLI_numero_cliente>?</ebil:CLI_numero_cliente>\r
            <!--Optional:-->\r
            <ebil:CREETotal>?</ebil:CREETotal>\r
            <!--Optional:-->\r
            <ebil:CampoTexto1>?</ebil:CampoTexto1>\r
            <!--Optional:-->\r
            <ebil:CampoTexto2>?</ebil:CampoTexto2>\r
            <!--Optional:-->\r
            <ebil:CampoTexto3>?</ebil:CampoTexto3>\r
            <!--Optional:-->\r
            <ebil:CampoTexto4>?</ebil:CampoTexto4>\r
            <!--Optional:-->\r
            <ebil:CampoTexto5>?</ebil:CampoTexto5>\r
            <!--Optional:-->\r
            <ebil:CampoTexto6>?</ebil:CampoTexto6>\r
            <!--Optional:-->\r
            <ebil:CampoTexto7>?</ebil:CampoTexto7>\r
            <!--Optional:-->\r
            <ebil:CampoTexto8>?</ebil:CampoTexto8>\r
            <!--Optional:-->\r
            <ebil:Cantidad1>?</ebil:Cantidad1>\r
            <!--Optional:-->\r
            <ebil:Cantidad2>?</ebil:Cantidad2>\r
            <!--Optional:-->\r
            <ebil:Cantidad3>?</ebil:Cantidad3>\r
            <!--Optional:-->\r
            <ebil:CantidadDec1>?</ebil:CantidadDec1>\r
            <!--Optional:-->\r
            <ebil:CantidadDec2>?</ebil:CantidadDec2>\r
            <!--Optional:-->\r
            <ebil:CantidadDec3>?</ebil:CantidadDec3>\r
            <!--Optional:-->\r
            <ebil:CiudadDANE>?</ebil:CiudadDANE>\r
            <!--Optional:-->\r
            <ebil:CodVendedor>?</ebil:CodVendedor>\r
            <!--Optional:-->\r
            <ebil:CodigoPostalCliente>?</ebil:CodigoPostalCliente>\r
            <!--Optional:-->\r
            <ebil:CodigoPostalEnvio>?</ebil:CodigoPostalEnvio>\r
            <!--Optional:-->\r
            <ebil:ComprobanteCon>?</ebil:ComprobanteCon>\r
            <!--Optional:-->\r
            <ebil:Condiciones_Pago>?</ebil:Condiciones_Pago>\r
            <!--Optional:-->\r
            <ebil:ContactoCargo>?</ebil:ContactoCargo>\r
            <!--Optional:-->\r
            <ebil:ContactoCorreo>?</ebil:ContactoCorreo>\r
            <!--Optional:-->\r
            <ebil:ContactoNombre>?</ebil:ContactoNombre>\r
            <!--Optional:-->\r
            <ebil:CorreoCliente>?</ebil:CorreoCliente>\r
            <!--Optional:-->\r
            <ebil:DepartamentoDANE>?</ebil:DepartamentoDANE>\r
            <!--Optional:-->\r
            <ebil:DescripcionPlan>?</ebil:DescripcionPlan>\r
            <!--Optional:-->\r
            <ebil:Descuento>?</ebil:Descuento>\r
            <!--Optional:-->\r
            <ebil:DigitoVerificaCliente>?</ebil:DigitoVerificaCliente>\r
            <!--Optional:-->\r
            <ebil:DireccionCliente>?</ebil:DireccionCliente>\r
            <!--Optional:-->\r
            <ebil:EstiloFactura>?</ebil:EstiloFactura>\r
            <!--Optional:-->\r
            <ebil:FechaExpedicion>?</ebil:FechaExpedicion>\r
            <!--Optional:-->\r
            <ebil:FechaFinalPeriodoFacturado>?</ebil:FechaFinalPeriodoFacturado>\r
            <!--Optional:-->\r
            <ebil:FechaInicialPeriodoFacturado>?</ebil:FechaInicialPeriodoFacturado>\r
            <!--Optional:-->\r
            <ebil:FechaVencimiento>?</ebil:FechaVencimiento>\r
            <!--Optional:-->\r
            <ebil:FormaPago>?</ebil:FormaPago>\r
            <!--Optional:-->\r
            <ebil:IDInterno>?</ebil:IDInterno>\r
            <!--Optional:-->\r
            <ebil:IDUbicacionCliente>?</ebil:IDUbicacionCliente>\r
            <!--Optional:-->\r
            <ebil:IDUbicacionEnvio>?</ebil:IDUbicacionEnvio>\r
            <!--Optional:-->\r
            <ebil:IdPlan>?</ebil:IdPlan>\r
            <!--Optional:-->\r
            <ebil:IdSucursal>?</ebil:IdSucursal>\r
            <!--Optional:-->\r
            <ebil:Incoterm>?</ebil:Incoterm>\r
            <!--Optional:-->\r
            <ebil:InfoAdicional>?</ebil:InfoAdicional>\r
            <!--Optional:-->\r
            <ebil:LugarTerminosEntrega>?</ebil:LugarTerminosEntrega>\r
            <!--Optional:-->\r
            <ebil:MesCausado>?</ebil:MesCausado>\r
            <!--Optional:-->\r
            <ebil:MonedaISO>?</ebil:MonedaISO>\r
            <!--Optional:-->\r
            <ebil:NitCliente>?</ebil:NitCliente>\r
            <!--Optional:-->\r
            <ebil:NitEmpresa>?</ebil:NitEmpresa>\r
            <!--Optional:-->\r
            <ebil:NombreCliente>?</ebil:NombreCliente>\r
            <!--Optional:-->\r
            <ebil:NombrePlan>?</ebil:NombrePlan>\r
            <!--Optional:-->\r
            <ebil:NombreVendedor>?</ebil:NombreVendedor>\r
            <!--Optional:-->\r
            <ebil:NumAprobacionRes>?</ebil:NumAprobacionRes>\r
            <!--Optional:-->\r
            <ebil:NumFactura>?</ebil:NumFactura>\r
            <!--Optional:-->\r
            <ebil:OrderID>?</ebil:OrderID>\r
            <!--Optional:-->\r
            <ebil:PAI_ISO_3166>?</ebil:PAI_ISO_3166>\r
            <!--Optional:-->\r
            <ebil:PagoAnterior>?</ebil:PagoAnterior>\r
            <!--Optional:-->\r
            <ebil:Prefijo>?</ebil:Prefijo>\r
            <!--Optional:-->\r
            <ebil:ReferenciaCliente>?</ebil:ReferenciaCliente>\r
            <!--Optional:-->\r
            <ebil:RetencionCREETotal>?</ebil:RetencionCREETotal>\r
            <!--Optional:-->\r
            <ebil:SMSXDoc>?</ebil:SMSXDoc>\r
            <!--Optional:-->\r
            <ebil:SaldoAnterior>?</ebil:SaldoAnterior>\r
            <!--Optional:-->\r
            <ebil:SubTotal>?</ebil:SubTotal>\r
            <!--Optional:-->\r
            <ebil:SubTotalSegunMon>?</ebil:SubTotalSegunMon>\r
            <!--Optional:-->\r
            <ebil:Sucursal>?</ebil:Sucursal>\r
            <!--Optional:-->\r
            <ebil:TIP_id_tipo_persona>?</ebil:TIP_id_tipo_persona>\r
            <!--Optional:-->\r
            <ebil:TasaCambio>?</ebil:TasaCambio>\r
            <!--Optional:-->\r
            <ebil:TelefonoCliente>?</ebil:TelefonoCliente>\r
            <!--Optional:-->\r
            <ebil:Texto3>?</ebil:Texto3>\r
            <!--Optional:-->\r
            <ebil:TieneAcuerdo>?</ebil:TieneAcuerdo>\r
            <!--Optional:-->\r
            <ebil:TipoComprobante>?</ebil:TipoComprobante>\r
            <!--Optional:-->\r
            <ebil:TipoContribuyente>?</ebil:TipoContribuyente>\r
            <!--Optional:-->\r
            <ebil:TipoIDCliente>?</ebil:TipoIDCliente>\r
            <!--Optional:-->\r
            <ebil:Total>?</ebil:Total>\r
            <!--Optional:-->\r
            <ebil:TotalIVA>?</ebil:TotalIVA>\r
            <!--Optional:-->\r
            <ebil:TotalIVASegunMon>?</ebil:TotalIVASegunMon>\r
            <!--Optional:-->\r
            <ebil:TotalRetICA>?</ebil:TotalRetICA>\r
            <!--Optional:-->\r
            <ebil:TotalRetIVA>?</ebil:TotalRetIVA>\r
            <!--Optional:-->\r
            <ebil:TotalRetencion>?</ebil:TotalRetencion>\r
            <!--Optional:-->\r
            <ebil:TotalSegunMon>?</ebil:TotalSegunMon>\r
            <!--Optional:-->\r
            <ebil:TotalTraslado>?</ebil:TotalTraslado>\r
            <!--Optional:-->\r
            <ebil:Total_a_Pagar>?</ebil:Total_a_Pagar>\r
            <!--Optional:-->\r
            <ebil:ValorHasta1>?</ebil:ValorHasta1>\r
            <!--Optional:-->\r
            <ebil:ValorHasta2>?</ebil:ValorHasta2>\r
            <!--Optional:-->\r
            <ebil:ValorHasta3>?</ebil:ValorHasta3>\r
            <!--Optional:-->\r
            <ebil:ValorHasta4>?</ebil:ValorHasta4>\r
            <!--Optional:-->\r
            <ebil:cfd_activa_nota1>?</ebil:cfd_activa_nota1>\r
            <!--Optional:-->\r
            <ebil:ciudad_envio>?</ebil:ciudad_envio>\r
            <!--Optional:-->\r
            <ebil:code1>?</ebil:code1>\r
            <!--Optional:-->\r
            <ebil:code2>?</ebil:code2>\r
            <!--Optional:-->\r
            <ebil:code3>?</ebil:code3>\r
            <!--Optional:-->\r
            <ebil:curso>?</ebil:curso>\r
            <!--Optional:-->\r
            <ebil:departamento_envio>?</ebil:departamento_envio>\r
            <!--Optional:-->\r
            <ebil:direccion_envio>?</ebil:direccion_envio>\r
            <!--Optional:-->\r
            <ebil:numero_envio>?</ebil:numero_envio>\r
            <!--Optional:-->\r
            <ebil:orden_venta>?</ebil:orden_venta>\r
            <!--Optional:-->\r
            <ebil:pague_hasta1>?</ebil:pague_hasta1>\r
            <!--Optional:-->\r
            <ebil:pague_hasta2>?</ebil:pague_hasta2>\r
            <!--Optional:-->\r
            <ebil:pague_hasta3>?</ebil:pague_hasta3>\r
            <!--Optional:-->\r
            <ebil:referencia>?</ebil:referencia>\r
            <!--Optional:-->\r
            <ebil:referencia1>?</ebil:referencia1>\r
            <!--Optional:-->\r
            <ebil:referencia_envio>?</ebil:referencia_envio>\r
            <!--Optional:-->\r
            <ebil:telefono_envio>?</ebil:telefono_envio>\r
         </tem:FacCab>\r
         <!--Optional:-->\r
         <tem:Opciones>\r
            <!--Optional:-->\r
            <ebil:ActualizaProductos>?</ebil:ActualizaProductos>\r
            <!--Optional:-->\r
            <ebil:BuscarXNitXIdInterno>?</ebil:BuscarXNitXIdInterno>\r
            <!--Optional:-->\r
            <ebil:EmisionAutomatica>?</ebil:EmisionAutomatica>\r
            <!--Optional:-->\r
            <ebil:EmisionAutomaticaFXComputador>?</ebil:EmisionAutomaticaFXComputador>\r
            <!--Optional:-->\r
            <ebil:FacturasSinAcuerdo>?</ebil:FacturasSinAcuerdo>\r
            <!--Optional:-->\r
            <ebil:ManejaPlantillasNotificacion>?</ebil:ManejaPlantillasNotificacion>\r
            <!--Optional:-->\r
            <ebil:NoAdjuntarArchivo>?</ebil:NoAdjuntarArchivo>\r
            <!--Optional:-->\r
            <ebil:NoTieneAcuerdosFisicos>?</ebil:NoTieneAcuerdosFisicos>\r
            <!--Optional:-->\r
            <ebil:OrderControl>?</ebil:OrderControl>\r
            <!--Optional:-->\r
            <ebil:TipoCargaDetalle>?</ebil:TipoCargaDetalle>\r
            <!--Optional:-->\r
            <ebil:TipoDocumento>?</ebil:TipoDocumento>\r
            <!--Optional:-->\r
            <ebil:TokenConexion>?</ebil:TokenConexion>\r
            <!--Optional:-->\r
            <ebil:crearVIP>?</ebil:crearVIP>\r
            <!--Optional:-->\r
            <ebil:eBillAdmNumerosFactura>?</ebil:eBillAdmNumerosFactura>\r
         </tem:Opciones>\r
         <!--Optional:-->\r
         <tem:sFechaAceptacion>?</tem:sFechaAceptacion>\r
         <!--Optional:-->\r
         <tem:sNombreAprobador>?</tem:sNombreAprobador>\r
         <!--Optional:-->\r
         <tem:sCorreoAprobador>?</tem:sCorreoAprobador>\r
      </tem:AceptarDocumentosRadicadosNotificacionDIAN>\r
   </soapenv:Body>\r
</soapenv:Envelope>]]></con:request><con:wsaConfig mustUnderstand="NONE" version="200508" action="http://tempuri.org/IIntegracion/AceptarDocumentosRadicadosNotificacionDIAN"/></con:call></con:operation><con:operation id="5f3a621f-6d04-4e77-a3ee-d285270f7920" isOneWay="false" action="http://tempuri.org/IIntegracion/ActualizaEstadoNotificadoDocumentosIO" name="ActualizaEstadoNotificadoDocumentosIO" bindingOperationName="ActualizaEstadoNotificadoDocumentosIO" type="Request-Response" inputName="" receivesAttachments="false" sendsAttachments="false" anonymous="optional"><con:settings/><con:call id="dffe1509-9837-431e-b60c-7515dbd16477" name="Request 1"><con:settings/><con:encoding>UTF-8</con:encoding><con:endpoint>https://fymtest.cloudapp.net:444/ServiciosFyM/eBill/Integracion.svc</con:endpoint><con:request><![CDATA[<soapenv:Envelope xmlns:soapenv="http://schemas.xmlsoap.org/soap/envelope/" xmlns:tem="http://tempuri.org/" xmlns:ebil="http://schemas.datacontract.org/2004/07/eBillCore">\r
   <soapenv:Header/>\r
   <soapenv:Body>\r
      <tem:ActualizaEstadoNotificadoDocumentosIO>\r
         <!--Optional:-->\r
         <tem:Documentos>\r
            <!--Zero or more repetitions:-->\r
            <ebil:RespuestaDocumentoInterop>\r
               <!--Optional:-->\r
               <ebil:FechaCreacion>?</ebil:FechaCreacion>\r
               <!--Optional:-->\r
               <ebil:IdDocumento>?</ebil:IdDocumento>\r
               <!--Optional:-->\r
               <ebil:IdEmpresa>?</ebil:IdEmpresa>\r
               <!--Optional:-->\r
               <ebil:IdEstadoActual>?</ebil:IdEstadoActual>\r
               <!--Optional:-->\r
               <ebil:JSONRespuesta>?</ebil:JSONRespuesta>\r
               <!--Optional:-->\r
               <ebil:TipoInteroperabilidad>?</ebil:TipoInteroperabilidad>\r
               <!--Optional:-->\r
               <ebil:TipoRespuestaIO>?</ebil:TipoRespuestaIO>\r
               <!--Optional:-->\r
               <ebil:TrackId>?</ebil:TrackId>\r
               <!--Optional:-->\r
               <ebil:XMLAplicationResponse>?</ebil:XMLAplicationResponse>\r
            </ebil:RespuestaDocumentoInterop>\r
         </tem:Documentos>\r
         <!--Optional:-->\r
         <tem:Token>?</tem:Token>\r
      </tem:ActualizaEstadoNotificadoDocumentosIO>\r
   </soapenv:Body>\r
</soapenv:Envelope>]]></con:request><con:wsaConfig mustUnderstand="NONE" version="200508" action="http://tempuri.org/IIntegracion/ActualizaEstadoNotificadoDocumentosIO"/></con:call></con:operation><con:operation id="06ae034d-cec4-475a-bcb7-a17eb724221b" isOneWay="false" action="http://tempuri.org/IIntegracion/ActualizarDocumentosDatoContabilzacion" name="ActualizarDocumentosDatoContabilzacion" bindingOperationName="ActualizarDocumentosDatoContabilzacion" type="Request-Response" inputName="" receivesAttachments="false" sendsAttachments="false" anonymous="optional"><con:settings/><con:call id="3d084e18-d373-4f2d-85c2-da1295f5d17b" name="Request 1"><con:settings/><con:encoding>UTF-8</con:encoding><con:endpoint>https://fymtest.cloudapp.net:444/ServiciosFyM/eBill/Integracion.svc</con:endpoint><con:request><![CDATA[<soapenv:Envelope xmlns:soapenv="http://schemas.xmlsoap.org/soap/envelope/" xmlns:tem="http://tempuri.org/">\r
   <soapenv:Header/>\r
   <soapenv:Body>\r
      <tem:ActualizarDocumentosDatoContabilzacion>\r
         <!--Optional:-->\r
         <tem:NitReceptor>?</tem:NitReceptor>\r
         <!--Optional:-->\r
         <tem:NitEmisor>?</tem:NitEmisor>\r
         <!--Optional:-->\r
         <tem:NumeroSAP>?</tem:NumeroSAP>\r
         <!--Optional:-->\r
         <tem:Prefijo>?</tem:Prefijo>\r
         <!--Optional:-->\r
         <tem:Numero>?</tem:Numero>\r
         <!--Optional:-->\r
         <tem:Token>?</tem:Token>\r
      </tem:ActualizarDocumentosDatoContabilzacion>\r
   </soapenv:Body>\r
</soapenv:Envelope>]]></con:request><con:wsaConfig mustUnderstand="NONE" version="200508" action="http://tempuri.org/IIntegracion/ActualizarDocumentosDatoContabilzacion"/></con:call></con:operation><con:operation id="3962008c-a068-4d7d-86d9-3ce6cf971817" isOneWay="false" action="http://tempuri.org/IIntegracion/ActualizarEstadoFacturasRadicadasRecepcion" name="ActualizarEstadoFacturasRadicadasRecepcion" bindingOperationName="ActualizarEstadoFacturasRadicadasRecepcion" type="Request-Response" inputName="" receivesAttachments="false" sendsAttachments="false" anonymous="optional"><con:settings/><con:call id="78f62150-2c61-4088-83be-ef74e0c86f29" name="Request 1"><con:settings/><con:encoding>UTF-8</con:encoding><con:endpoint>https://fymtest.cloudapp.net:444/ServiciosFyM/eBill/Integracion.svc</con:endpoint><con:request><![CDATA[<soapenv:Envelope xmlns:soapenv="http://schemas.xmlsoap.org/soap/envelope/" xmlns:tem="http://tempuri.org/" xmlns:ebil="http://schemas.datacontract.org/2004/07/eBillCore">\r
   <soapenv:Header/>\r
   <soapenv:Body>\r
      <tem:ActualizarEstadoFacturasRadicadasRecepcion>\r
         <!--Optional:-->\r
         <tem:FacCab>\r
            <!--Zero or more repetitions:-->\r
            <ebil:CFDCabConexionDocRec>\r
               <!--Optional:-->\r
               <ebil:IdFactura>?</ebil:IdFactura>\r
               <!--Optional:-->\r
               <ebil:NitCliente>?</ebil:NitCliente>\r
            </ebil:CFDCabConexionDocRec>\r
         </tem:FacCab>\r
         <!--Optional:-->\r
         <tem:Opciones>\r
            <!--Optional:-->\r
            <ebil:ActualizaProductos>?</ebil:ActualizaProductos>\r
            <!--Optional:-->\r
            <ebil:CalculaReteCree>?</ebil:CalculaReteCree>\r
            <!--Optional:-->\r
            <ebil:CalculaReteFuente>?</ebil:CalculaReteFuente>\r
            <!--Optional:-->\r
            <ebil:CalculaReteICA>?</ebil:CalculaReteICA>\r
            <!--Optional:-->\r
            <ebil:CalculaReteIVA>?</ebil:CalculaReteIVA>\r
            <!--Optional:-->\r
            <ebil:EmisionAutomatica>?</ebil:EmisionAutomatica>\r
            <!--Optional:-->\r
            <ebil:FacturasSinAcuerdo>?</ebil:FacturasSinAcuerdo>\r
            <!--Optional:-->\r
            <ebil:ModeloXAceptacion>?</ebil:ModeloXAceptacion>\r
            <!--Optional:-->\r
            <ebil:NotasRelacionadas>?</ebil:NotasRelacionadas>\r
            <!--Optional:-->\r
            <ebil:OrderControl>?</ebil:OrderControl>\r
            <!--Optional:-->\r
            <ebil:TieneAcuerdosFisicos>?</ebil:TieneAcuerdosFisicos>\r
            <!--Optional:-->\r
            <ebil:TokenConexion>?</ebil:TokenConexion>\r
            <!--Optional:-->\r
            <ebil:eBillAdmNumerosFactura>?</ebil:eBillAdmNumerosFactura>\r
         </tem:Opciones>\r
      </tem:ActualizarEstadoFacturasRadicadasRecepcion>\r
   </soapenv:Body>\r
</soapenv:Envelope>]]></con:request><con:wsaConfig mustUnderstand="NONE" version="200508" action="http://tempuri.org/IIntegracion/ActualizarEstadoFacturasRadicadasRecepcion"/></con:call></con:operation><con:operation id="4bba9663-964a-41e2-96ac-8c91d346e625" isOneWay="false" action="http://tempuri.org/IIntegracion/ActualizarEstadosOCRecepcion" name="ActualizarEstadosOCRecepcion" bindingOperationName="ActualizarEstadosOCRecepcion" type="Request-Response" inputName="" receivesAttachments="false" sendsAttachments="false" anonymous="optional"><con:settings/><con:call id="150de281-33fa-4b09-aad0-03df04fcc8b4" name="Request 1"><con:settings/><con:encoding>UTF-8</con:encoding><con:endpoint>https://fymtest.cloudapp.net:444/ServiciosFyM/eBill/Integracion.svc</con:endpoint><con:request><![CDATA[<soapenv:Envelope xmlns:soapenv="http://schemas.xmlsoap.org/soap/envelope/" xmlns:tem="http://tempuri.org/" xmlns:ebil="http://schemas.datacontract.org/2004/07/eBillCore">\r
   <soapenv:Header/>\r
   <soapenv:Body>\r
      <tem:ActualizarEstadosOCRecepcion>\r
         <!--Optional:-->\r
         <tem:FacCab>\r
            <!--Optional:-->\r
            <ebil:AnoAprobacionRes>?</ebil:AnoAprobacionRes>\r
            <!--Optional:-->\r
            <ebil:Base_Impuesto>?</ebil:Base_Impuesto>\r
            <!--Optional:-->\r
            <ebil:CFD_EST_estado_tramit>?</ebil:CFD_EST_estado_tramit>\r
            <!--Optional:-->\r
            <ebil:CFD_Flete>?</ebil:CFD_Flete>\r
            <!--Optional:-->\r
            <ebil:CFD_OtrosCargos>?</ebil:CFD_OtrosCargos>\r
            <!--Optional:-->\r
            <ebil:CFD_Por_Margen>?</ebil:CFD_Por_Margen>\r
            <!--Optional:-->\r
            <ebil:CFD_ResponseCode>?</ebil:CFD_ResponseCode>\r
            <!--Optional:-->\r
            <ebil:CFD_base_ICA_total>?</ebil:CFD_base_ICA_total>\r
            <!--Optional:-->\r
            <ebil:CFD_base_impo_total_nal>?</ebil:CFD_base_impo_total_nal>\r
            <!--Optional:-->\r
            <ebil:CFD_base_impo_total_reg>?</ebil:CFD_base_impo_total_reg>\r
            <!--Optional:-->\r
            <ebil:CFD_campo_texto_10>?</ebil:CFD_campo_texto_10>\r
            <!--Optional:-->\r
            <ebil:CFD_campo_texto_11>?</ebil:CFD_campo_texto_11>\r
            <!--Optional:-->\r
            <ebil:CFD_campo_texto_12>?</ebil:CFD_campo_texto_12>\r
            <!--Optional:-->\r
            <ebil:CFD_campo_texto_13>?</ebil:CFD_campo_texto_13>\r
            <!--Optional:-->\r
            <ebil:CFD_campo_texto_14>?</ebil:CFD_campo_texto_14>\r
            <!--Optional:-->\r
            <ebil:CFD_campo_texto_15>?</ebil:CFD_campo_texto_15>\r
            <!--Optional:-->\r
            <ebil:CFD_campo_texto_16>?</ebil:CFD_campo_texto_16>\r
            <!--Optional:-->\r
            <ebil:CFD_campo_texto_17>?</ebil:CFD_campo_texto_17>\r
            <!--Optional:-->\r
            <ebil:CFD_campo_texto_18>?</ebil:CFD_campo_texto_18>\r
            <!--Optional:-->\r
            <ebil:CFD_campo_texto_19>?</ebil:CFD_campo_texto_19>\r
            <!--Optional:-->\r
            <ebil:CFD_campo_texto_20>?</ebil:CFD_campo_texto_20>\r
            <!--Optional:-->\r
            <ebil:CFD_campo_texto_21>?</ebil:CFD_campo_texto_21>\r
            <!--Optional:-->\r
            <ebil:CFD_campo_texto_22>?</ebil:CFD_campo_texto_22>\r
            <!--Optional:-->\r
            <ebil:CFD_campo_texto_23>?</ebil:CFD_campo_texto_23>\r
            <!--Optional:-->\r
            <ebil:CFD_campo_texto_24>?</ebil:CFD_campo_texto_24>\r
            <!--Optional:-->\r
            <ebil:CFD_campo_texto_25>?</ebil:CFD_campo_texto_25>\r
            <!--Optional:-->\r
            <ebil:CFD_campo_texto_26>?</ebil:CFD_campo_texto_26>\r
            <!--Optional:-->\r
            <ebil:CFD_campo_texto_27>?</ebil:CFD_campo_texto_27>\r
            <!--Optional:-->\r
            <ebil:CFD_campo_texto_28>?</ebil:CFD_campo_texto_28>\r
            <!--Optional:-->\r
            <ebil:CFD_campo_texto_29>?</ebil:CFD_campo_texto_29>\r
            <!--Optional:-->\r
            <ebil:CFD_campo_texto_30>?</ebil:CFD_campo_texto_30>\r
            <!--Optional:-->\r
            <ebil:CFD_campo_texto_9>?</ebil:CFD_campo_texto_9>\r
            <!--Optional:-->\r
            <ebil:CFD_cantidad_dec_1>?</ebil:CFD_cantidad_dec_1>\r
            <!--Optional:-->\r
            <ebil:CFD_cantidad_dec_10>?</ebil:CFD_cantidad_dec_10>\r
            <!--Optional:-->\r
            <ebil:CFD_cantidad_dec_11>?</ebil:CFD_cantidad_dec_11>\r
            <!--Optional:-->\r
            <ebil:CFD_cantidad_dec_12>?</ebil:CFD_cantidad_dec_12>\r
            <!--Optional:-->\r
            <ebil:CFD_cantidad_dec_13>?</ebil:CFD_cantidad_dec_13>\r
            <!--Optional:-->\r
            <ebil:CFD_cantidad_dec_14>?</ebil:CFD_cantidad_dec_14>\r
            <!--Optional:-->\r
            <ebil:CFD_cantidad_dec_15>?</ebil:CFD_cantidad_dec_15>\r
            <!--Optional:-->\r
            <ebil:CFD_cantidad_dec_16>?</ebil:CFD_cantidad_dec_16>\r
            <!--Optional:-->\r
            <ebil:CFD_cantidad_dec_17>?</ebil:CFD_cantidad_dec_17>\r
            <!--Optional:-->\r
            <ebil:CFD_cantidad_dec_18>?</ebil:CFD_cantidad_dec_18>\r
            <!--Optional:-->\r
            <ebil:CFD_cantidad_dec_19>?</ebil:CFD_cantidad_dec_19>\r
            <!--Optional:-->\r
            <ebil:CFD_cantidad_dec_20>?</ebil:CFD_cantidad_dec_20>\r
            <!--Optional:-->\r
            <ebil:CFD_cantidad_dec_21>?</ebil:CFD_cantidad_dec_21>\r
            <!--Optional:-->\r
            <ebil:CFD_cantidad_dec_22>?</ebil:CFD_cantidad_dec_22>\r
            <!--Optional:-->\r
            <ebil:CFD_cantidad_dec_23>?</ebil:CFD_cantidad_dec_23>\r
            <!--Optional:-->\r
            <ebil:CFD_cantidad_dec_24>?</ebil:CFD_cantidad_dec_24>\r
            <!--Optional:-->\r
            <ebil:CFD_cantidad_dec_25>?</ebil:CFD_cantidad_dec_25>\r
            <!--Optional:-->\r
            <ebil:CFD_cantidad_dec_4>?</ebil:CFD_cantidad_dec_4>\r
            <!--Optional:-->\r
            <ebil:CFD_cantidad_dec_5>?</ebil:CFD_cantidad_dec_5>\r
            <!--Optional:-->\r
            <ebil:CFD_cantidad_dec_6>?</ebil:CFD_cantidad_dec_6>\r
            <!--Optional:-->\r
            <ebil:CFD_cantidad_dec_7>?</ebil:CFD_cantidad_dec_7>\r
            <!--Optional:-->\r
            <ebil:CFD_cantidad_dec_8>?</ebil:CFD_cantidad_dec_8>\r
            <!--Optional:-->\r
            <ebil:CFD_cantidad_dec_9>?</ebil:CFD_cantidad_dec_9>\r
            <!--Optional:-->\r
            <ebil:CFD_deducible>?</ebil:CFD_deducible>\r
            <!--Optional:-->\r
            <ebil:CFD_desconexion_servicio>?</ebil:CFD_desconexion_servicio>\r
            <!--Optional:-->\r
            <ebil:CFD_fecha_desconexion>?</ebil:CFD_fecha_desconexion>\r
            <!--Optional:-->\r
            <ebil:CFD_fecha_tasadeCambio>?</ebil:CFD_fecha_tasadeCambio>\r
            <!--Optional:-->\r
            <ebil:CFD_numero_enlace_doc_ref>?</ebil:CFD_numero_enlace_doc_ref>\r
            <!--Optional:-->\r
            <ebil:CFD_porc_rte_ICA>?</ebil:CFD_porc_rte_ICA>\r
            <!--Optional:-->\r
            <ebil:CFD_porc_rte_fuent>?</ebil:CFD_porc_rte_fuent>\r
            <!--Optional:-->\r
            <ebil:CFD_tasa_mora>?</ebil:CFD_tasa_mora>\r
            <!--Optional:-->\r
            <ebil:CFD_tdi_id_tipo_doc_interno>?</ebil:CFD_tdi_id_tipo_doc_interno>\r
            <!--Optional:-->\r
            <ebil:CFD_total_ICA>?</ebil:CFD_total_ICA>\r
            <!--Optional:-->\r
            <ebil:CFD_total_aduana_exp>?</ebil:CFD_total_aduana_exp>\r
            <!--Optional:-->\r
            <ebil:CFD_total_cargos>?</ebil:CFD_total_cargos>\r
            <!--Optional:-->\r
            <ebil:CFD_total_descuentos>?</ebil:CFD_total_descuentos>\r
            <!--Optional:-->\r
            <ebil:CFD_total_margen>?</ebil:CFD_total_margen>\r
            <!--Optional:-->\r
            <ebil:CFD_total_seguro_exp>?</ebil:CFD_total_seguro_exp>\r
            <!--Optional:-->\r
            <ebil:CLI_numero_cliente>?</ebil:CLI_numero_cliente>\r
            <!--Optional:-->\r
            <ebil:CREETotal>?</ebil:CREETotal>\r
            <!--Optional:-->\r
            <ebil:CampoTexto1>?</ebil:CampoTexto1>\r
            <!--Optional:-->\r
            <ebil:CampoTexto2>?</ebil:CampoTexto2>\r
            <!--Optional:-->\r
            <ebil:CampoTexto3>?</ebil:CampoTexto3>\r
            <!--Optional:-->\r
            <ebil:CampoTexto4>?</ebil:CampoTexto4>\r
            <!--Optional:-->\r
            <ebil:CampoTexto5>?</ebil:CampoTexto5>\r
            <!--Optional:-->\r
            <ebil:CampoTexto6>?</ebil:CampoTexto6>\r
            <!--Optional:-->\r
            <ebil:CampoTexto7>?</ebil:CampoTexto7>\r
            <!--Optional:-->\r
            <ebil:CampoTexto8>?</ebil:CampoTexto8>\r
            <!--Optional:-->\r
            <ebil:Cantidad1>?</ebil:Cantidad1>\r
            <!--Optional:-->\r
            <ebil:Cantidad2>?</ebil:Cantidad2>\r
            <!--Optional:-->\r
            <ebil:Cantidad3>?</ebil:Cantidad3>\r
            <!--Optional:-->\r
            <ebil:CantidadDec1>?</ebil:CantidadDec1>\r
            <!--Optional:-->\r
            <ebil:CantidadDec2>?</ebil:CantidadDec2>\r
            <!--Optional:-->\r
            <ebil:CantidadDec3>?</ebil:CantidadDec3>\r
            <!--Optional:-->\r
            <ebil:CiudadDANE>?</ebil:CiudadDANE>\r
            <!--Optional:-->\r
            <ebil:CodVendedor>?</ebil:CodVendedor>\r
            <!--Optional:-->\r
            <ebil:CodigoPostalCliente>?</ebil:CodigoPostalCliente>\r
            <!--Optional:-->\r
            <ebil:CodigoPostalEnvio>?</ebil:CodigoPostalEnvio>\r
            <!--Optional:-->\r
            <ebil:ComprobanteCon>?</ebil:ComprobanteCon>\r
            <!--Optional:-->\r
            <ebil:Condiciones_Pago>?</ebil:Condiciones_Pago>\r
            <!--Optional:-->\r
            <ebil:ContactoCargo>?</ebil:ContactoCargo>\r
            <!--Optional:-->\r
            <ebil:ContactoCorreo>?</ebil:ContactoCorreo>\r
            <!--Optional:-->\r
            <ebil:ContactoNombre>?</ebil:ContactoNombre>\r
            <!--Optional:-->\r
            <ebil:CorreoCliente>?</ebil:CorreoCliente>\r
            <!--Optional:-->\r
            <ebil:DepartamentoDANE>?</ebil:DepartamentoDANE>\r
            <!--Optional:-->\r
            <ebil:DescripcionPlan>?</ebil:DescripcionPlan>\r
            <!--Optional:-->\r
            <ebil:Descuento>?</ebil:Descuento>\r
            <!--Optional:-->\r
            <ebil:DigitoVerificaCliente>?</ebil:DigitoVerificaCliente>\r
            <!--Optional:-->\r
            <ebil:DireccionCliente>?</ebil:DireccionCliente>\r
            <!--Optional:-->\r
            <ebil:EstiloFactura>?</ebil:EstiloFactura>\r
            <!--Optional:-->\r
            <ebil:FechaExpedicion>?</ebil:FechaExpedicion>\r
            <!--Optional:-->\r
            <ebil:FechaFinalPeriodoFacturado>?</ebil:FechaFinalPeriodoFacturado>\r
            <!--Optional:-->\r
            <ebil:FechaInicialPeriodoFacturado>?</ebil:FechaInicialPeriodoFacturado>\r
            <!--Optional:-->\r
            <ebil:FechaVencimiento>?</ebil:FechaVencimiento>\r
            <!--Optional:-->\r
            <ebil:FormaPago>?</ebil:FormaPago>\r
            <!--Optional:-->\r
            <ebil:IDInterno>?</ebil:IDInterno>\r
            <!--Optional:-->\r
            <ebil:IDUbicacionCliente>?</ebil:IDUbicacionCliente>\r
            <!--Optional:-->\r
            <ebil:IDUbicacionEnvio>?</ebil:IDUbicacionEnvio>\r
            <!--Optional:-->\r
            <ebil:IdPlan>?</ebil:IdPlan>\r
            <!--Optional:-->\r
            <ebil:IdSucursal>?</ebil:IdSucursal>\r
            <!--Optional:-->\r
            <ebil:Incoterm>?</ebil:Incoterm>\r
            <!--Optional:-->\r
            <ebil:InfoAdicional>?</ebil:InfoAdicional>\r
            <!--Optional:-->\r
            <ebil:LugarTerminosEntrega>?</ebil:LugarTerminosEntrega>\r
            <!--Optional:-->\r
            <ebil:MesCausado>?</ebil:MesCausado>\r
            <!--Optional:-->\r
            <ebil:MonedaISO>?</ebil:MonedaISO>\r
            <!--Optional:-->\r
            <ebil:NitCliente>?</ebil:NitCliente>\r
            <!--Optional:-->\r
            <ebil:NitEmpresa>?</ebil:NitEmpresa>\r
            <!--Optional:-->\r
            <ebil:NombreCliente>?</ebil:NombreCliente>\r
            <!--Optional:-->\r
            <ebil:NombrePlan>?</ebil:NombrePlan>\r
            <!--Optional:-->\r
            <ebil:NombreVendedor>?</ebil:NombreVendedor>\r
            <!--Optional:-->\r
            <ebil:NumAprobacionRes>?</ebil:NumAprobacionRes>\r
            <!--Optional:-->\r
            <ebil:NumFactura>?</ebil:NumFactura>\r
            <!--Optional:-->\r
            <ebil:OrderID>?</ebil:OrderID>\r
            <!--Optional:-->\r
            <ebil:PAI_ISO_3166>?</ebil:PAI_ISO_3166>\r
            <!--Optional:-->\r
            <ebil:PagoAnterior>?</ebil:PagoAnterior>\r
            <!--Optional:-->\r
            <ebil:Prefijo>?</ebil:Prefijo>\r
            <!--Optional:-->\r
            <ebil:ReferenciaCliente>?</ebil:ReferenciaCliente>\r
            <!--Optional:-->\r
            <ebil:RetencionCREETotal>?</ebil:RetencionCREETotal>\r
            <!--Optional:-->\r
            <ebil:SMSXDoc>?</ebil:SMSXDoc>\r
            <!--Optional:-->\r
            <ebil:SaldoAnterior>?</ebil:SaldoAnterior>\r
            <!--Optional:-->\r
            <ebil:SubTotal>?</ebil:SubTotal>\r
            <!--Optional:-->\r
            <ebil:SubTotalSegunMon>?</ebil:SubTotalSegunMon>\r
            <!--Optional:-->\r
            <ebil:Sucursal>?</ebil:Sucursal>\r
            <!--Optional:-->\r
            <ebil:TIP_id_tipo_persona>?</ebil:TIP_id_tipo_persona>\r
            <!--Optional:-->\r
            <ebil:TasaCambio>?</ebil:TasaCambio>\r
            <!--Optional:-->\r
            <ebil:TelefonoCliente>?</ebil:TelefonoCliente>\r
            <!--Optional:-->\r
            <ebil:Texto3>?</ebil:Texto3>\r
            <!--Optional:-->\r
            <ebil:TieneAcuerdo>?</ebil:TieneAcuerdo>\r
            <!--Optional:-->\r
            <ebil:TipoComprobante>?</ebil:TipoComprobante>\r
            <!--Optional:-->\r
            <ebil:TipoContribuyente>?</ebil:TipoContribuyente>\r
            <!--Optional:-->\r
            <ebil:TipoIDCliente>?</ebil:TipoIDCliente>\r
            <!--Optional:-->\r
            <ebil:Total>?</ebil:Total>\r
            <!--Optional:-->\r
            <ebil:TotalIVA>?</ebil:TotalIVA>\r
            <!--Optional:-->\r
            <ebil:TotalIVASegunMon>?</ebil:TotalIVASegunMon>\r
            <!--Optional:-->\r
            <ebil:TotalRetICA>?</ebil:TotalRetICA>\r
            <!--Optional:-->\r
            <ebil:TotalRetIVA>?</ebil:TotalRetIVA>\r
            <!--Optional:-->\r
            <ebil:TotalRetencion>?</ebil:TotalRetencion>\r
            <!--Optional:-->\r
            <ebil:TotalSegunMon>?</ebil:TotalSegunMon>\r
            <!--Optional:-->\r
            <ebil:TotalTraslado>?</ebil:TotalTraslado>\r
            <!--Optional:-->\r
            <ebil:Total_a_Pagar>?</ebil:Total_a_Pagar>\r
            <!--Optional:-->\r
            <ebil:ValorHasta1>?</ebil:ValorHasta1>\r
            <!--Optional:-->\r
            <ebil:ValorHasta2>?</ebil:ValorHasta2>\r
            <!--Optional:-->\r
            <ebil:ValorHasta3>?</ebil:ValorHasta3>\r
            <!--Optional:-->\r
            <ebil:ValorHasta4>?</ebil:ValorHasta4>\r
            <!--Optional:-->\r
            <ebil:cfd_activa_nota1>?</ebil:cfd_activa_nota1>\r
            <!--Optional:-->\r
            <ebil:ciudad_envio>?</ebil:ciudad_envio>\r
            <!--Optional:-->\r
            <ebil:code1>?</ebil:code1>\r
            <!--Optional:-->\r
            <ebil:code2>?</ebil:code2>\r
            <!--Optional:-->\r
            <ebil:code3>?</ebil:code3>\r
            <!--Optional:-->\r
            <ebil:curso>?</ebil:curso>\r
            <!--Optional:-->\r
            <ebil:departamento_envio>?</ebil:departamento_envio>\r
            <!--Optional:-->\r
            <ebil:direccion_envio>?</ebil:direccion_envio>\r
            <!--Optional:-->\r
            <ebil:numero_envio>?</ebil:numero_envio>\r
            <!--Optional:-->\r
            <ebil:orden_venta>?</ebil:orden_venta>\r
            <!--Optional:-->\r
            <ebil:pague_hasta1>?</ebil:pague_hasta1>\r
            <!--Optional:-->\r
            <ebil:pague_hasta2>?</ebil:pague_hasta2>\r
            <!--Optional:-->\r
            <ebil:pague_hasta3>?</ebil:pague_hasta3>\r
            <!--Optional:-->\r
            <ebil:referencia>?</ebil:referencia>\r
            <!--Optional:-->\r
            <ebil:referencia1>?</ebil:referencia1>\r
            <!--Optional:-->\r
            <ebil:referencia_envio>?</ebil:referencia_envio>\r
            <!--Optional:-->\r
            <ebil:telefono_envio>?</ebil:telefono_envio>\r
         </tem:FacCab>\r
         <!--Optional:-->\r
         <tem:Opciones>\r
            <!--Optional:-->\r
            <ebil:ActualizaProductos>?</ebil:ActualizaProductos>\r
            <!--Optional:-->\r
            <ebil:BuscarXNitXIdInterno>?</ebil:BuscarXNitXIdInterno>\r
            <!--Optional:-->\r
            <ebil:EmisionAutomatica>?</ebil:EmisionAutomatica>\r
            <!--Optional:-->\r
            <ebil:EmisionAutomaticaFXComputador>?</ebil:EmisionAutomaticaFXComputador>\r
            <!--Optional:-->\r
            <ebil:FacturasSinAcuerdo>?</ebil:FacturasSinAcuerdo>\r
            <!--Optional:-->\r
            <ebil:ManejaPlantillasNotificacion>?</ebil:ManejaPlantillasNotificacion>\r
            <!--Optional:-->\r
            <ebil:NoAdjuntarArchivo>?</ebil:NoAdjuntarArchivo>\r
            <!--Optional:-->\r
            <ebil:NoTieneAcuerdosFisicos>?</ebil:NoTieneAcuerdosFisicos>\r
            <!--Optional:-->\r
            <ebil:OrderControl>?</ebil:OrderControl>\r
            <!--Optional:-->\r
            <ebil:TipoCargaDetalle>?</ebil:TipoCargaDetalle>\r
            <!--Optional:-->\r
            <ebil:TipoDocumento>?</ebil:TipoDocumento>\r
            <!--Optional:-->\r
            <ebil:TokenConexion>?</ebil:TokenConexion>\r
            <!--Optional:-->\r
            <ebil:crearVIP>?</ebil:crearVIP>\r
            <!--Optional:-->\r
            <ebil:eBillAdmNumerosFactura>?</ebil:eBillAdmNumerosFactura>\r
         </tem:Opciones>\r
         <!--Optional:-->\r
         <tem:CodRep>?</tem:CodRep>\r
         <!--Optional:-->\r
         <tem:tipoEstado>?</tem:tipoEstado>\r
      </tem:ActualizarEstadosOCRecepcion>\r
   </soapenv:Body>\r
</soapenv:Envelope>]]></con:request><con:wsaConfig mustUnderstand="NONE" version="200508" action="http://tempuri.org/IIntegracion/ActualizarEstadosOCRecepcion"/></con:call></con:operation><con:operation id="2156fcae-9f49-401b-9649-595cd8a5c08d" isOneWay="false" action="http://tempuri.org/IIntegracion/ActualizarFechaParametro" name="ActualizarFechaParametro" bindingOperationName="ActualizarFechaParametro" type="Request-Response" inputName="" receivesAttachments="false" sendsAttachments="false" anonymous="optional"><con:settings/><con:call id="7ce33598-440f-463c-8f2b-3d1fd88a3c8d" name="Request 1"><con:settings/><con:encoding>UTF-8</con:encoding><con:endpoint>https://fymtest.cloudapp.net:444/ServiciosFyM/eBill/Integracion.svc</con:endpoint><con:request><![CDATA[<soapenv:Envelope xmlns:soapenv="http://schemas.xmlsoap.org/soap/envelope/" xmlns:tem="http://tempuri.org/">\r
   <soapenv:Header/>\r
   <soapenv:Body>\r
      <tem:ActualizarFechaParametro>\r
         <!--Optional:-->\r
         <tem:IdDocumento>?</tem:IdDocumento>\r
         <!--Optional:-->\r
         <tem:Fecha>?</tem:Fecha>\r
         <!--Optional:-->\r
         <tem:token>?</tem:token>\r
      </tem:ActualizarFechaParametro>\r
   </soapenv:Body>\r
</soapenv:Envelope>]]></con:request><con:wsaConfig mustUnderstand="NONE" version="200508" action="http://tempuri.org/IIntegracion/ActualizarFechaParametro"/></con:call></con:operation><con:operation id="ee197016-756e-4ec7-ba65-4e31b3c3b962" isOneWay="false" action="http://tempuri.org/IIntegracion/AcuerdoEBillVigente" name="AcuerdoEBillVigente" bindingOperationName="AcuerdoEBillVigente" type="Request-Response" inputName="" receivesAttachments="false" sendsAttachments="false" anonymous="optional"><con:settings/><con:call id="15ea7b74-4487-4742-a97b-494995cc084b" name="Request 1"><con:settings/><con:encoding>UTF-8</con:encoding><con:endpoint>https://fymtest.cloudapp.net:444/ServiciosFyM/eBill/Integracion.svc</con:endpoint><con:request><![CDATA[<soapenv:Envelope xmlns:soapenv="http://schemas.xmlsoap.org/soap/envelope/" xmlns:tem="http://tempuri.org/">\r
   <soapenv:Header/>\r
   <soapenv:Body>\r
      <tem:AcuerdoEBillVigente>\r
         <!--Optional:-->\r
         <tem:NitObligado>?</tem:NitObligado>\r
         <!--Optional:-->\r
         <tem:NitAdquiriente>?</tem:NitAdquiriente>\r
      </tem:AcuerdoEBillVigente>\r
   </soapenv:Body>\r
</soapenv:Envelope>]]></con:request><con:wsaConfig mustUnderstand="NONE" version="200508" action="http://tempuri.org/IIntegracion/AcuerdoEBillVigente"/></con:call></con:operation><con:operation id="fdd871f9-96dc-4048-860c-1b198c25ff49" isOneWay="false" action="http://tempuri.org/IIntegracion/AcuseReciboDocumentosRadicadosNotificacionDIAN" name="AcuseReciboDocumentosRadicadosNotificacionDIAN" bindingOperationName="AcuseReciboDocumentosRadicadosNotificacionDIAN" type="Request-Response" inputName="" receivesAttachments="false" sendsAttachments="false" anonymous="optional"><con:settings/><con:call id="08060b61-2c46-40cd-a4e9-2e4648f7c6d0" name="Request 1"><con:settings/><con:encoding>UTF-8</con:encoding><con:endpoint>https://fymtest.cloudapp.net:444/ServiciosFyM/eBill/Integracion.svc</con:endpoint><con:request><![CDATA[<soapenv:Envelope xmlns:soapenv="http://schemas.xmlsoap.org/soap/envelope/" xmlns:tem="http://tempuri.org/" xmlns:ebil="http://schemas.datacontract.org/2004/07/eBillCore">\r
   <soapenv:Header/>\r
   <soapenv:Body>\r
      <tem:AcuseReciboDocumentosRadicadosNotificacionDIAN>\r
         <!--Optional:-->\r
         <tem:FacCab>\r
            <!--Optional:-->\r
            <ebil:AnoAprobacionRes>?</ebil:AnoAprobacionRes>\r
            <!--Optional:-->\r
            <ebil:Base_Impuesto>?</ebil:Base_Impuesto>\r
            <!--Optional:-->\r
            <ebil:CFD_EST_estado_tramit>?</ebil:CFD_EST_estado_tramit>\r
            <!--Optional:-->\r
            <ebil:CFD_Flete>?</ebil:CFD_Flete>\r
            <!--Optional:-->\r
            <ebil:CFD_OtrosCargos>?</ebil:CFD_OtrosCargos>\r
            <!--Optional:-->\r
            <ebil:CFD_Por_Margen>?</ebil:CFD_Por_Margen>\r
            <!--Optional:-->\r
            <ebil:CFD_ResponseCode>?</ebil:CFD_ResponseCode>\r
            <!--Optional:-->\r
            <ebil:CFD_base_ICA_total>?</ebil:CFD_base_ICA_total>\r
            <!--Optional:-->\r
            <ebil:CFD_base_impo_total_nal>?</ebil:CFD_base_impo_total_nal>\r
            <!--Optional:-->\r
            <ebil:CFD_base_impo_total_reg>?</ebil:CFD_base_impo_total_reg>\r
            <!--Optional:-->\r
            <ebil:CFD_campo_texto_10>?</ebil:CFD_campo_texto_10>\r
            <!--Optional:-->\r
            <ebil:CFD_campo_texto_11>?</ebil:CFD_campo_texto_11>\r
            <!--Optional:-->\r
            <ebil:CFD_campo_texto_12>?</ebil:CFD_campo_texto_12>\r
            <!--Optional:-->\r
            <ebil:CFD_campo_texto_13>?</ebil:CFD_campo_texto_13>\r
            <!--Optional:-->\r
            <ebil:CFD_campo_texto_14>?</ebil:CFD_campo_texto_14>\r
            <!--Optional:-->\r
            <ebil:CFD_campo_texto_15>?</ebil:CFD_campo_texto_15>\r
            <!--Optional:-->\r
            <ebil:CFD_campo_texto_16>?</ebil:CFD_campo_texto_16>\r
            <!--Optional:-->\r
            <ebil:CFD_campo_texto_17>?</ebil:CFD_campo_texto_17>\r
            <!--Optional:-->\r
            <ebil:CFD_campo_texto_18>?</ebil:CFD_campo_texto_18>\r
            <!--Optional:-->\r
            <ebil:CFD_campo_texto_19>?</ebil:CFD_campo_texto_19>\r
            <!--Optional:-->\r
            <ebil:CFD_campo_texto_20>?</ebil:CFD_campo_texto_20>\r
            <!--Optional:-->\r
            <ebil:CFD_campo_texto_21>?</ebil:CFD_campo_texto_21>\r
            <!--Optional:-->\r
            <ebil:CFD_campo_texto_22>?</ebil:CFD_campo_texto_22>\r
            <!--Optional:-->\r
            <ebil:CFD_campo_texto_23>?</ebil:CFD_campo_texto_23>\r
            <!--Optional:-->\r
            <ebil:CFD_campo_texto_24>?</ebil:CFD_campo_texto_24>\r
            <!--Optional:-->\r
            <ebil:CFD_campo_texto_25>?</ebil:CFD_campo_texto_25>\r
            <!--Optional:-->\r
            <ebil:CFD_campo_texto_26>?</ebil:CFD_campo_texto_26>\r
            <!--Optional:-->\r
            <ebil:CFD_campo_texto_27>?</ebil:CFD_campo_texto_27>\r
            <!--Optional:-->\r
            <ebil:CFD_campo_texto_28>?</ebil:CFD_campo_texto_28>\r
            <!--Optional:-->\r
            <ebil:CFD_campo_texto_29>?</ebil:CFD_campo_texto_29>\r
            <!--Optional:-->\r
            <ebil:CFD_campo_texto_30>?</ebil:CFD_campo_texto_30>\r
            <!--Optional:-->\r
            <ebil:CFD_campo_texto_9>?</ebil:CFD_campo_texto_9>\r
            <!--Optional:-->\r
            <ebil:CFD_cantidad_dec_1>?</ebil:CFD_cantidad_dec_1>\r
            <!--Optional:-->\r
            <ebil:CFD_cantidad_dec_10>?</ebil:CFD_cantidad_dec_10>\r
            <!--Optional:-->\r
            <ebil:CFD_cantidad_dec_11>?</ebil:CFD_cantidad_dec_11>\r
            <!--Optional:-->\r
            <ebil:CFD_cantidad_dec_12>?</ebil:CFD_cantidad_dec_12>\r
            <!--Optional:-->\r
            <ebil:CFD_cantidad_dec_13>?</ebil:CFD_cantidad_dec_13>\r
            <!--Optional:-->\r
            <ebil:CFD_cantidad_dec_14>?</ebil:CFD_cantidad_dec_14>\r
            <!--Optional:-->\r
            <ebil:CFD_cantidad_dec_15>?</ebil:CFD_cantidad_dec_15>\r
            <!--Optional:-->\r
            <ebil:CFD_cantidad_dec_16>?</ebil:CFD_cantidad_dec_16>\r
            <!--Optional:-->\r
            <ebil:CFD_cantidad_dec_17>?</ebil:CFD_cantidad_dec_17>\r
            <!--Optional:-->\r
            <ebil:CFD_cantidad_dec_18>?</ebil:CFD_cantidad_dec_18>\r
            <!--Optional:-->\r
            <ebil:CFD_cantidad_dec_19>?</ebil:CFD_cantidad_dec_19>\r
            <!--Optional:-->\r
            <ebil:CFD_cantidad_dec_20>?</ebil:CFD_cantidad_dec_20>\r
            <!--Optional:-->\r
            <ebil:CFD_cantidad_dec_21>?</ebil:CFD_cantidad_dec_21>\r
            <!--Optional:-->\r
            <ebil:CFD_cantidad_dec_22>?</ebil:CFD_cantidad_dec_22>\r
            <!--Optional:-->\r
            <ebil:CFD_cantidad_dec_23>?</ebil:CFD_cantidad_dec_23>\r
            <!--Optional:-->\r
            <ebil:CFD_cantidad_dec_24>?</ebil:CFD_cantidad_dec_24>\r
            <!--Optional:-->\r
            <ebil:CFD_cantidad_dec_25>?</ebil:CFD_cantidad_dec_25>\r
            <!--Optional:-->\r
            <ebil:CFD_cantidad_dec_4>?</ebil:CFD_cantidad_dec_4>\r
            <!--Optional:-->\r
            <ebil:CFD_cantidad_dec_5>?</ebil:CFD_cantidad_dec_5>\r
            <!--Optional:-->\r
            <ebil:CFD_cantidad_dec_6>?</ebil:CFD_cantidad_dec_6>\r
            <!--Optional:-->\r
            <ebil:CFD_cantidad_dec_7>?</ebil:CFD_cantidad_dec_7>\r
            <!--Optional:-->\r
            <ebil:CFD_cantidad_dec_8>?</ebil:CFD_cantidad_dec_8>\r
            <!--Optional:-->\r
            <ebil:CFD_cantidad_dec_9>?</ebil:CFD_cantidad_dec_9>\r
            <!--Optional:-->\r
            <ebil:CFD_deducible>?</ebil:CFD_deducible>\r
            <!--Optional:-->\r
            <ebil:CFD_desconexion_servicio>?</ebil:CFD_desconexion_servicio>\r
            <!--Optional:-->\r
            <ebil:CFD_fecha_desconexion>?</ebil:CFD_fecha_desconexion>\r
            <!--Optional:-->\r
            <ebil:CFD_fecha_tasadeCambio>?</ebil:CFD_fecha_tasadeCambio>\r
            <!--Optional:-->\r
            <ebil:CFD_numero_enlace_doc_ref>?</ebil:CFD_numero_enlace_doc_ref>\r
            <!--Optional:-->\r
            <ebil:CFD_porc_rte_ICA>?</ebil:CFD_porc_rte_ICA>\r
            <!--Optional:-->\r
            <ebil:CFD_porc_rte_fuent>?</ebil:CFD_porc_rte_fuent>\r
            <!--Optional:-->\r
            <ebil:CFD_tasa_mora>?</ebil:CFD_tasa_mora>\r
            <!--Optional:-->\r
            <ebil:CFD_tdi_id_tipo_doc_interno>?</ebil:CFD_tdi_id_tipo_doc_interno>\r
            <!--Optional:-->\r
            <ebil:CFD_total_ICA>?</ebil:CFD_total_ICA>\r
            <!--Optional:-->\r
            <ebil:CFD_total_aduana_exp>?</ebil:CFD_total_aduana_exp>\r
            <!--Optional:-->\r
            <ebil:CFD_total_cargos>?</ebil:CFD_total_cargos>\r
            <!--Optional:-->\r
            <ebil:CFD_total_descuentos>?</ebil:CFD_total_descuentos>\r
            <!--Optional:-->\r
            <ebil:CFD_total_margen>?</ebil:CFD_total_margen>\r
            <!--Optional:-->\r
            <ebil:CFD_total_seguro_exp>?</ebil:CFD_total_seguro_exp>\r
            <!--Optional:-->\r
            <ebil:CLI_numero_cliente>?</ebil:CLI_numero_cliente>\r
            <!--Optional:-->\r
            <ebil:CREETotal>?</ebil:CREETotal>\r
            <!--Optional:-->\r
            <ebil:CampoTexto1>?</ebil:CampoTexto1>\r
            <!--Optional:-->\r
            <ebil:CampoTexto2>?</ebil:CampoTexto2>\r
            <!--Optional:-->\r
            <ebil:CampoTexto3>?</ebil:CampoTexto3>\r
            <!--Optional:-->\r
            <ebil:CampoTexto4>?</ebil:CampoTexto4>\r
            <!--Optional:-->\r
            <ebil:CampoTexto5>?</ebil:CampoTexto5>\r
            <!--Optional:-->\r
            <ebil:CampoTexto6>?</ebil:CampoTexto6>\r
            <!--Optional:-->\r
            <ebil:CampoTexto7>?</ebil:CampoTexto7>\r
            <!--Optional:-->\r
            <ebil:CampoTexto8>?</ebil:CampoTexto8>\r
            <!--Optional:-->\r
            <ebil:Cantidad1>?</ebil:Cantidad1>\r
            <!--Optional:-->\r
            <ebil:Cantidad2>?</ebil:Cantidad2>\r
            <!--Optional:-->\r
            <ebil:Cantidad3>?</ebil:Cantidad3>\r
            <!--Optional:-->\r
            <ebil:CantidadDec1>?</ebil:CantidadDec1>\r
            <!--Optional:-->\r
            <ebil:CantidadDec2>?</ebil:CantidadDec2>\r
            <!--Optional:-->\r
            <ebil:CantidadDec3>?</ebil:CantidadDec3>\r
            <!--Optional:-->\r
            <ebil:CiudadDANE>?</ebil:CiudadDANE>\r
            <!--Optional:-->\r
            <ebil:CodVendedor>?</ebil:CodVendedor>\r
            <!--Optional:-->\r
            <ebil:CodigoPostalCliente>?</ebil:CodigoPostalCliente>\r
            <!--Optional:-->\r
            <ebil:CodigoPostalEnvio>?</ebil:CodigoPostalEnvio>\r
            <!--Optional:-->\r
            <ebil:ComprobanteCon>?</ebil:ComprobanteCon>\r
            <!--Optional:-->\r
            <ebil:Condiciones_Pago>?</ebil:Condiciones_Pago>\r
            <!--Optional:-->\r
            <ebil:ContactoCargo>?</ebil:ContactoCargo>\r
            <!--Optional:-->\r
            <ebil:ContactoCorreo>?</ebil:ContactoCorreo>\r
            <!--Optional:-->\r
            <ebil:ContactoNombre>?</ebil:ContactoNombre>\r
            <!--Optional:-->\r
            <ebil:CorreoCliente>?</ebil:CorreoCliente>\r
            <!--Optional:-->\r
            <ebil:DepartamentoDANE>?</ebil:DepartamentoDANE>\r
            <!--Optional:-->\r
            <ebil:DescripcionPlan>?</ebil:DescripcionPlan>\r
            <!--Optional:-->\r
            <ebil:Descuento>?</ebil:Descuento>\r
            <!--Optional:-->\r
            <ebil:DigitoVerificaCliente>?</ebil:DigitoVerificaCliente>\r
            <!--Optional:-->\r
            <ebil:DireccionCliente>?</ebil:DireccionCliente>\r
            <!--Optional:-->\r
            <ebil:EstiloFactura>?</ebil:EstiloFactura>\r
            <!--Optional:-->\r
            <ebil:FechaExpedicion>?</ebil:FechaExpedicion>\r
            <!--Optional:-->\r
            <ebil:FechaFinalPeriodoFacturado>?</ebil:FechaFinalPeriodoFacturado>\r
            <!--Optional:-->\r
            <ebil:FechaInicialPeriodoFacturado>?</ebil:FechaInicialPeriodoFacturado>\r
            <!--Optional:-->\r
            <ebil:FechaVencimiento>?</ebil:FechaVencimiento>\r
            <!--Optional:-->\r
            <ebil:FormaPago>?</ebil:FormaPago>\r
            <!--Optional:-->\r
            <ebil:IDInterno>?</ebil:IDInterno>\r
            <!--Optional:-->\r
            <ebil:IDUbicacionCliente>?</ebil:IDUbicacionCliente>\r
            <!--Optional:-->\r
            <ebil:IDUbicacionEnvio>?</ebil:IDUbicacionEnvio>\r
            <!--Optional:-->\r
            <ebil:IdPlan>?</ebil:IdPlan>\r
            <!--Optional:-->\r
            <ebil:IdSucursal>?</ebil:IdSucursal>\r
            <!--Optional:-->\r
            <ebil:Incoterm>?</ebil:Incoterm>\r
            <!--Optional:-->\r
            <ebil:InfoAdicional>?</ebil:InfoAdicional>\r
            <!--Optional:-->\r
            <ebil:LugarTerminosEntrega>?</ebil:LugarTerminosEntrega>\r
            <!--Optional:-->\r
            <ebil:MesCausado>?</ebil:MesCausado>\r
            <!--Optional:-->\r
            <ebil:MonedaISO>?</ebil:MonedaISO>\r
            <!--Optional:-->\r
            <ebil:NitCliente>?</ebil:NitCliente>\r
            <!--Optional:-->\r
            <ebil:NitEmpresa>?</ebil:NitEmpresa>\r
            <!--Optional:-->\r
            <ebil:NombreCliente>?</ebil:NombreCliente>\r
            <!--Optional:-->\r
            <ebil:NombrePlan>?</ebil:NombrePlan>\r
            <!--Optional:-->\r
            <ebil:NombreVendedor>?</ebil:NombreVendedor>\r
            <!--Optional:-->\r
            <ebil:NumAprobacionRes>?</ebil:NumAprobacionRes>\r
            <!--Optional:-->\r
            <ebil:NumFactura>?</ebil:NumFactura>\r
            <!--Optional:-->\r
            <ebil:OrderID>?</ebil:OrderID>\r
            <!--Optional:-->\r
            <ebil:PAI_ISO_3166>?</ebil:PAI_ISO_3166>\r
            <!--Optional:-->\r
            <ebil:PagoAnterior>?</ebil:PagoAnterior>\r
            <!--Optional:-->\r
            <ebil:Prefijo>?</ebil:Prefijo>\r
            <!--Optional:-->\r
            <ebil:ReferenciaCliente>?</ebil:ReferenciaCliente>\r
            <!--Optional:-->\r
            <ebil:RetencionCREETotal>?</ebil:RetencionCREETotal>\r
            <!--Optional:-->\r
            <ebil:SMSXDoc>?</ebil:SMSXDoc>\r
            <!--Optional:-->\r
            <ebil:SaldoAnterior>?</ebil:SaldoAnterior>\r
            <!--Optional:-->\r
            <ebil:SubTotal>?</ebil:SubTotal>\r
            <!--Optional:-->\r
            <ebil:SubTotalSegunMon>?</ebil:SubTotalSegunMon>\r
            <!--Optional:-->\r
            <ebil:Sucursal>?</ebil:Sucursal>\r
            <!--Optional:-->\r
            <ebil:TIP_id_tipo_persona>?</ebil:TIP_id_tipo_persona>\r
            <!--Optional:-->\r
            <ebil:TasaCambio>?</ebil:TasaCambio>\r
            <!--Optional:-->\r
            <ebil:TelefonoCliente>?</ebil:TelefonoCliente>\r
            <!--Optional:-->\r
            <ebil:Texto3>?</ebil:Texto3>\r
            <!--Optional:-->\r
            <ebil:TieneAcuerdo>?</ebil:TieneAcuerdo>\r
            <!--Optional:-->\r
            <ebil:TipoComprobante>?</ebil:TipoComprobante>\r
            <!--Optional:-->\r
            <ebil:TipoContribuyente>?</ebil:TipoContribuyente>\r
            <!--Optional:-->\r
            <ebil:TipoIDCliente>?</ebil:TipoIDCliente>\r
            <!--Optional:-->\r
            <ebil:Total>?</ebil:Total>\r
            <!--Optional:-->\r
            <ebil:TotalIVA>?</ebil:TotalIVA>\r
            <!--Optional:-->\r
            <ebil:TotalIVASegunMon>?</ebil:TotalIVASegunMon>\r
            <!--Optional:-->\r
            <ebil:TotalRetICA>?</ebil:TotalRetICA>\r
            <!--Optional:-->\r
            <ebil:TotalRetIVA>?</ebil:TotalRetIVA>\r
            <!--Optional:-->\r
            <ebil:TotalRetencion>?</ebil:TotalRetencion>\r
            <!--Optional:-->\r
            <ebil:TotalSegunMon>?</ebil:TotalSegunMon>\r
            <!--Optional:-->\r
            <ebil:TotalTraslado>?</ebil:TotalTraslado>\r
            <!--Optional:-->\r
            <ebil:Total_a_Pagar>?</ebil:Total_a_Pagar>\r
            <!--Optional:-->\r
            <ebil:ValorHasta1>?</ebil:ValorHasta1>\r
            <!--Optional:-->\r
            <ebil:ValorHasta2>?</ebil:ValorHasta2>\r
            <!--Optional:-->\r
            <ebil:ValorHasta3>?</ebil:ValorHasta3>\r
            <!--Optional:-->\r
            <ebil:ValorHasta4>?</ebil:ValorHasta4>\r
            <!--Optional:-->\r
            <ebil:cfd_activa_nota1>?</ebil:cfd_activa_nota1>\r
            <!--Optional:-->\r
            <ebil:ciudad_envio>?</ebil:ciudad_envio>\r
            <!--Optional:-->\r
            <ebil:code1>?</ebil:code1>\r
            <!--Optional:-->\r
            <ebil:code2>?</ebil:code2>\r
            <!--Optional:-->\r
            <ebil:code3>?</ebil:code3>\r
            <!--Optional:-->\r
            <ebil:curso>?</ebil:curso>\r
            <!--Optional:-->\r
            <ebil:departamento_envio>?</ebil:departamento_envio>\r
            <!--Optional:-->\r
            <ebil:direccion_envio>?</ebil:direccion_envio>\r
            <!--Optional:-->\r
            <ebil:numero_envio>?</ebil:numero_envio>\r
            <!--Optional:-->\r
            <ebil:orden_venta>?</ebil:orden_venta>\r
            <!--Optional:-->\r
            <ebil:pague_hasta1>?</ebil:pague_hasta1>\r
            <!--Optional:-->\r
            <ebil:pague_hasta2>?</ebil:pague_hasta2>\r
            <!--Optional:-->\r
            <ebil:pague_hasta3>?</ebil:pague_hasta3>\r
            <!--Optional:-->\r
            <ebil:referencia>?</ebil:referencia>\r
            <!--Optional:-->\r
            <ebil:referencia1>?</ebil:referencia1>\r
            <!--Optional:-->\r
            <ebil:referencia_envio>?</ebil:referencia_envio>\r
            <!--Optional:-->\r
            <ebil:telefono_envio>?</ebil:telefono_envio>\r
         </tem:FacCab>\r
         <!--Optional:-->\r
         <tem:Opciones>\r
            <!--Optional:-->\r
            <ebil:ActualizaProductos>?</ebil:ActualizaProductos>\r
            <!--Optional:-->\r
            <ebil:BuscarXNitXIdInterno>?</ebil:BuscarXNitXIdInterno>\r
            <!--Optional:-->\r
            <ebil:EmisionAutomatica>?</ebil:EmisionAutomatica>\r
            <!--Optional:-->\r
            <ebil:EmisionAutomaticaFXComputador>?</ebil:EmisionAutomaticaFXComputador>\r
            <!--Optional:-->\r
            <ebil:FacturasSinAcuerdo>?</ebil:FacturasSinAcuerdo>\r
            <!--Optional:-->\r
            <ebil:ManejaPlantillasNotificacion>?</ebil:ManejaPlantillasNotificacion>\r
            <!--Optional:-->\r
            <ebil:NoAdjuntarArchivo>?</ebil:NoAdjuntarArchivo>\r
            <!--Optional:-->\r
            <ebil:NoTieneAcuerdosFisicos>?</ebil:NoTieneAcuerdosFisicos>\r
            <!--Optional:-->\r
            <ebil:OrderControl>?</ebil:OrderControl>\r
            <!--Optional:-->\r
            <ebil:TipoCargaDetalle>?</ebil:TipoCargaDetalle>\r
            <!--Optional:-->\r
            <ebil:TipoDocumento>?</ebil:TipoDocumento>\r
            <!--Optional:-->\r
            <ebil:TokenConexion>?</ebil:TokenConexion>\r
            <!--Optional:-->\r
            <ebil:crearVIP>?</ebil:crearVIP>\r
            <!--Optional:-->\r
            <ebil:eBillAdmNumerosFactura>?</ebil:eBillAdmNumerosFactura>\r
         </tem:Opciones>\r
         <!--Optional:-->\r
         <tem:sNombreAprobador>?</tem:sNombreAprobador>\r
         <!--Optional:-->\r
         <tem:sCorreoAprobador>?</tem:sCorreoAprobador>\r
      </tem:AcuseReciboDocumentosRadicadosNotificacionDIAN>\r
   </soapenv:Body>\r
</soapenv:Envelope>]]></con:request><con:wsaConfig mustUnderstand="NONE" version="200508" action="http://tempuri.org/IIntegracion/AcuseReciboDocumentosRadicadosNotificacionDIAN"/></con:call></con:operation><con:operation id="09dccba2-8b76-480f-96c7-5a7ac5b67ba7" isOneWay="false" action="http://tempuri.org/IIntegracion/AgregaQRToPDFDocumentoElectronico" name="AgregaQRToPDFDocumentoElectronico" bindingOperationName="AgregaQRToPDFDocumentoElectronico" type="Request-Response" inputName="" receivesAttachments="false" sendsAttachments="false" anonymous="optional"><con:settings/><con:call id="87366c3b-1f43-4f91-8e64-da91bdb81c26" name="Request 1"><con:settings/><con:encoding>UTF-8</con:encoding><con:endpoint>https://fymtest.cloudapp.net:444/ServiciosFyM/eBill/Integracion.svc</con:endpoint><con:request><![CDATA[<soapenv:Envelope xmlns:soapenv="http://schemas.xmlsoap.org/soap/envelope/" xmlns:tem="http://tempuri.org/" xmlns:ebil="http://schemas.datacontract.org/2004/07/eBillCore">\r
   <soapenv:Header/>\r
   <soapenv:Body>\r
      <tem:AgregaQRToPDFDocumentoElectronico>\r
         <!--Optional:-->\r
         <tem:FacCab>\r
            <!--Optional:-->\r
            <ebil:AnoAprobacionRes>?</ebil:AnoAprobacionRes>\r
            <!--Optional:-->\r
            <ebil:Base_Impuesto>?</ebil:Base_Impuesto>\r
            <!--Optional:-->\r
            <ebil:CFD_EST_estado_tramit>?</ebil:CFD_EST_estado_tramit>\r
            <!--Optional:-->\r
            <ebil:CFD_Flete>?</ebil:CFD_Flete>\r
            <!--Optional:-->\r
            <ebil:CFD_OtrosCargos>?</ebil:CFD_OtrosCargos>\r
            <!--Optional:-->\r
            <ebil:CFD_Por_Margen>?</ebil:CFD_Por_Margen>\r
            <!--Optional:-->\r
            <ebil:CFD_ResponseCode>?</ebil:CFD_ResponseCode>\r
            <!--Optional:-->\r
            <ebil:CFD_base_ICA_total>?</ebil:CFD_base_ICA_total>\r
            <!--Optional:-->\r
            <ebil:CFD_base_impo_total_nal>?</ebil:CFD_base_impo_total_nal>\r
            <!--Optional:-->\r
            <ebil:CFD_base_impo_total_reg>?</ebil:CFD_base_impo_total_reg>\r
            <!--Optional:-->\r
            <ebil:CFD_campo_texto_10>?</ebil:CFD_campo_texto_10>\r
            <!--Optional:-->\r
            <ebil:CFD_campo_texto_11>?</ebil:CFD_campo_texto_11>\r
            <!--Optional:-->\r
            <ebil:CFD_campo_texto_12>?</ebil:CFD_campo_texto_12>\r
            <!--Optional:-->\r
            <ebil:CFD_campo_texto_13>?</ebil:CFD_campo_texto_13>\r
            <!--Optional:-->\r
            <ebil:CFD_campo_texto_14>?</ebil:CFD_campo_texto_14>\r
            <!--Optional:-->\r
            <ebil:CFD_campo_texto_15>?</ebil:CFD_campo_texto_15>\r
            <!--Optional:-->\r
            <ebil:CFD_campo_texto_16>?</ebil:CFD_campo_texto_16>\r
            <!--Optional:-->\r
            <ebil:CFD_campo_texto_17>?</ebil:CFD_campo_texto_17>\r
            <!--Optional:-->\r
            <ebil:CFD_campo_texto_18>?</ebil:CFD_campo_texto_18>\r
            <!--Optional:-->\r
            <ebil:CFD_campo_texto_19>?</ebil:CFD_campo_texto_19>\r
            <!--Optional:-->\r
            <ebil:CFD_campo_texto_20>?</ebil:CFD_campo_texto_20>\r
            <!--Optional:-->\r
            <ebil:CFD_campo_texto_21>?</ebil:CFD_campo_texto_21>\r
            <!--Optional:-->\r
            <ebil:CFD_campo_texto_22>?</ebil:CFD_campo_texto_22>\r
            <!--Optional:-->\r
            <ebil:CFD_campo_texto_23>?</ebil:CFD_campo_texto_23>\r
            <!--Optional:-->\r
            <ebil:CFD_campo_texto_24>?</ebil:CFD_campo_texto_24>\r
            <!--Optional:-->\r
            <ebil:CFD_campo_texto_25>?</ebil:CFD_campo_texto_25>\r
            <!--Optional:-->\r
            <ebil:CFD_campo_texto_26>?</ebil:CFD_campo_texto_26>\r
            <!--Optional:-->\r
            <ebil:CFD_campo_texto_27>?</ebil:CFD_campo_texto_27>\r
            <!--Optional:-->\r
            <ebil:CFD_campo_texto_28>?</ebil:CFD_campo_texto_28>\r
            <!--Optional:-->\r
            <ebil:CFD_campo_texto_29>?</ebil:CFD_campo_texto_29>\r
            <!--Optional:-->\r
            <ebil:CFD_campo_texto_30>?</ebil:CFD_campo_texto_30>\r
            <!--Optional:-->\r
            <ebil:CFD_campo_texto_9>?</ebil:CFD_campo_texto_9>\r
            <!--Optional:-->\r
            <ebil:CFD_cantidad_dec_1>?</ebil:CFD_cantidad_dec_1>\r
            <!--Optional:-->\r
            <ebil:CFD_cantidad_dec_10>?</ebil:CFD_cantidad_dec_10>\r
            <!--Optional:-->\r
            <ebil:CFD_cantidad_dec_11>?</ebil:CFD_cantidad_dec_11>\r
            <!--Optional:-->\r
            <ebil:CFD_cantidad_dec_12>?</ebil:CFD_cantidad_dec_12>\r
            <!--Optional:-->\r
            <ebil:CFD_cantidad_dec_13>?</ebil:CFD_cantidad_dec_13>\r
            <!--Optional:-->\r
            <ebil:CFD_cantidad_dec_14>?</ebil:CFD_cantidad_dec_14>\r
            <!--Optional:-->\r
            <ebil:CFD_cantidad_dec_15>?</ebil:CFD_cantidad_dec_15>\r
            <!--Optional:-->\r
            <ebil:CFD_cantidad_dec_16>?</ebil:CFD_cantidad_dec_16>\r
            <!--Optional:-->\r
            <ebil:CFD_cantidad_dec_17>?</ebil:CFD_cantidad_dec_17>\r
            <!--Optional:-->\r
            <ebil:CFD_cantidad_dec_18>?</ebil:CFD_cantidad_dec_18>\r
            <!--Optional:-->\r
            <ebil:CFD_cantidad_dec_19>?</ebil:CFD_cantidad_dec_19>\r
            <!--Optional:-->\r
            <ebil:CFD_cantidad_dec_20>?</ebil:CFD_cantidad_dec_20>\r
            <!--Optional:-->\r
            <ebil:CFD_cantidad_dec_21>?</ebil:CFD_cantidad_dec_21>\r
            <!--Optional:-->\r
            <ebil:CFD_cantidad_dec_22>?</ebil:CFD_cantidad_dec_22>\r
            <!--Optional:-->\r
            <ebil:CFD_cantidad_dec_23>?</ebil:CFD_cantidad_dec_23>\r
            <!--Optional:-->\r
            <ebil:CFD_cantidad_dec_24>?</ebil:CFD_cantidad_dec_24>\r
            <!--Optional:-->\r
            <ebil:CFD_cantidad_dec_25>?</ebil:CFD_cantidad_dec_25>\r
            <!--Optional:-->\r
            <ebil:CFD_cantidad_dec_4>?</ebil:CFD_cantidad_dec_4>\r
            <!--Optional:-->\r
            <ebil:CFD_cantidad_dec_5>?</ebil:CFD_cantidad_dec_5>\r
            <!--Optional:-->\r
            <ebil:CFD_cantidad_dec_6>?</ebil:CFD_cantidad_dec_6>\r
            <!--Optional:-->\r
            <ebil:CFD_cantidad_dec_7>?</ebil:CFD_cantidad_dec_7>\r
            <!--Optional:-->\r
            <ebil:CFD_cantidad_dec_8>?</ebil:CFD_cantidad_dec_8>\r
            <!--Optional:-->\r
            <ebil:CFD_cantidad_dec_9>?</ebil:CFD_cantidad_dec_9>\r
            <!--Optional:-->\r
            <ebil:CFD_deducible>?</ebil:CFD_deducible>\r
            <!--Optional:-->\r
            <ebil:CFD_desconexion_servicio>?</ebil:CFD_desconexion_servicio>\r
            <!--Optional:-->\r
            <ebil:CFD_fecha_desconexion>?</ebil:CFD_fecha_desconexion>\r
            <!--Optional:-->\r
            <ebil:CFD_fecha_tasadeCambio>?</ebil:CFD_fecha_tasadeCambio>\r
            <!--Optional:-->\r
            <ebil:CFD_numero_enlace_doc_ref>?</ebil:CFD_numero_enlace_doc_ref>\r
            <!--Optional:-->\r
            <ebil:CFD_porc_rte_ICA>?</ebil:CFD_porc_rte_ICA>\r
            <!--Optional:-->\r
            <ebil:CFD_porc_rte_fuent>?</ebil:CFD_porc_rte_fuent>\r
            <!--Optional:-->\r
            <ebil:CFD_tasa_mora>?</ebil:CFD_tasa_mora>\r
            <!--Optional:-->\r
            <ebil:CFD_tdi_id_tipo_doc_interno>?</ebil:CFD_tdi_id_tipo_doc_interno>\r
            <!--Optional:-->\r
            <ebil:CFD_total_ICA>?</ebil:CFD_total_ICA>\r
            <!--Optional:-->\r
            <ebil:CFD_total_aduana_exp>?</ebil:CFD_total_aduana_exp>\r
            <!--Optional:-->\r
            <ebil:CFD_total_cargos>?</ebil:CFD_total_cargos>\r
            <!--Optional:-->\r
            <ebil:CFD_total_descuentos>?</ebil:CFD_total_descuentos>\r
            <!--Optional:-->\r
            <ebil:CFD_total_margen>?</ebil:CFD_total_margen>\r
            <!--Optional:-->\r
            <ebil:CFD_total_seguro_exp>?</ebil:CFD_total_seguro_exp>\r
            <!--Optional:-->\r
            <ebil:CLI_numero_cliente>?</ebil:CLI_numero_cliente>\r
            <!--Optional:-->\r
            <ebil:CREETotal>?</ebil:CREETotal>\r
            <!--Optional:-->\r
            <ebil:CampoTexto1>?</ebil:CampoTexto1>\r
            <!--Optional:-->\r
            <ebil:CampoTexto2>?</ebil:CampoTexto2>\r
            <!--Optional:-->\r
            <ebil:CampoTexto3>?</ebil:CampoTexto3>\r
            <!--Optional:-->\r
            <ebil:CampoTexto4>?</ebil:CampoTexto4>\r
            <!--Optional:-->\r
            <ebil:CampoTexto5>?</ebil:CampoTexto5>\r
            <!--Optional:-->\r
            <ebil:CampoTexto6>?</ebil:CampoTexto6>\r
            <!--Optional:-->\r
            <ebil:CampoTexto7>?</ebil:CampoTexto7>\r
            <!--Optional:-->\r
            <ebil:CampoTexto8>?</ebil:CampoTexto8>\r
            <!--Optional:-->\r
            <ebil:Cantidad1>?</ebil:Cantidad1>\r
            <!--Optional:-->\r
            <ebil:Cantidad2>?</ebil:Cantidad2>\r
            <!--Optional:-->\r
            <ebil:Cantidad3>?</ebil:Cantidad3>\r
            <!--Optional:-->\r
            <ebil:CantidadDec1>?</ebil:CantidadDec1>\r
            <!--Optional:-->\r
            <ebil:CantidadDec2>?</ebil:CantidadDec2>\r
            <!--Optional:-->\r
            <ebil:CantidadDec3>?</ebil:CantidadDec3>\r
            <!--Optional:-->\r
            <ebil:CiudadDANE>?</ebil:CiudadDANE>\r
            <!--Optional:-->\r
            <ebil:CodVendedor>?</ebil:CodVendedor>\r
            <!--Optional:-->\r
            <ebil:CodigoPostalCliente>?</ebil:CodigoPostalCliente>\r
            <!--Optional:-->\r
            <ebil:CodigoPostalEnvio>?</ebil:CodigoPostalEnvio>\r
            <!--Optional:-->\r
            <ebil:ComprobanteCon>?</ebil:ComprobanteCon>\r
            <!--Optional:-->\r
            <ebil:Condiciones_Pago>?</ebil:Condiciones_Pago>\r
            <!--Optional:-->\r
            <ebil:ContactoCargo>?</ebil:ContactoCargo>\r
            <!--Optional:-->\r
            <ebil:ContactoCorreo>?</ebil:ContactoCorreo>\r
            <!--Optional:-->\r
            <ebil:ContactoNombre>?</ebil:ContactoNombre>\r
            <!--Optional:-->\r
            <ebil:CorreoCliente>?</ebil:CorreoCliente>\r
            <!--Optional:-->\r
            <ebil:DepartamentoDANE>?</ebil:DepartamentoDANE>\r
            <!--Optional:-->\r
            <ebil:DescripcionPlan>?</ebil:DescripcionPlan>\r
            <!--Optional:-->\r
            <ebil:Descuento>?</ebil:Descuento>\r
            <!--Optional:-->\r
            <ebil:DigitoVerificaCliente>?</ebil:DigitoVerificaCliente>\r
            <!--Optional:-->\r
            <ebil:DireccionCliente>?</ebil:DireccionCliente>\r
            <!--Optional:-->\r
            <ebil:EstiloFactura>?</ebil:EstiloFactura>\r
            <!--Optional:-->\r
            <ebil:FechaExpedicion>?</ebil:FechaExpedicion>\r
            <!--Optional:-->\r
            <ebil:FechaFinalPeriodoFacturado>?</ebil:FechaFinalPeriodoFacturado>\r
            <!--Optional:-->\r
            <ebil:FechaInicialPeriodoFacturado>?</ebil:FechaInicialPeriodoFacturado>\r
            <!--Optional:-->\r
            <ebil:FechaVencimiento>?</ebil:FechaVencimiento>\r
            <!--Optional:-->\r
            <ebil:FormaPago>?</ebil:FormaPago>\r
            <!--Optional:-->\r
            <ebil:IDInterno>?</ebil:IDInterno>\r
            <!--Optional:-->\r
            <ebil:IDUbicacionCliente>?</ebil:IDUbicacionCliente>\r
            <!--Optional:-->\r
            <ebil:IDUbicacionEnvio>?</ebil:IDUbicacionEnvio>\r
            <!--Optional:-->\r
            <ebil:IdPlan>?</ebil:IdPlan>\r
            <!--Optional:-->\r
            <ebil:IdSucursal>?</ebil:IdSucursal>\r
            <!--Optional:-->\r
            <ebil:Incoterm>?</ebil:Incoterm>\r
            <!--Optional:-->\r
            <ebil:InfoAdicional>?</ebil:InfoAdicional>\r
            <!--Optional:-->\r
            <ebil:LugarTerminosEntrega>?</ebil:LugarTerminosEntrega>\r
            <!--Optional:-->\r
            <ebil:MesCausado>?</ebil:MesCausado>\r
            <!--Optional:-->\r
            <ebil:MonedaISO>?</ebil:MonedaISO>\r
            <!--Optional:-->\r
            <ebil:NitCliente>?</ebil:NitCliente>\r
            <!--Optional:-->\r
            <ebil:NitEmpresa>?</ebil:NitEmpresa>\r
            <!--Optional:-->\r
            <ebil:NombreCliente>?</ebil:NombreCliente>\r
            <!--Optional:-->\r
            <ebil:NombrePlan>?</ebil:NombrePlan>\r
            <!--Optional:-->\r
            <ebil:NombreVendedor>?</ebil:NombreVendedor>\r
            <!--Optional:-->\r
            <ebil:NumAprobacionRes>?</ebil:NumAprobacionRes>\r
            <!--Optional:-->\r
            <ebil:NumFactura>?</ebil:NumFactura>\r
            <!--Optional:-->\r
            <ebil:OrderID>?</ebil:OrderID>\r
            <!--Optional:-->\r
            <ebil:PAI_ISO_3166>?</ebil:PAI_ISO_3166>\r
            <!--Optional:-->\r
            <ebil:PagoAnterior>?</ebil:PagoAnterior>\r
            <!--Optional:-->\r
            <ebil:Prefijo>?</ebil:Prefijo>\r
            <!--Optional:-->\r
            <ebil:ReferenciaCliente>?</ebil:ReferenciaCliente>\r
            <!--Optional:-->\r
            <ebil:RetencionCREETotal>?</ebil:RetencionCREETotal>\r
            <!--Optional:-->\r
            <ebil:SMSXDoc>?</ebil:SMSXDoc>\r
            <!--Optional:-->\r
            <ebil:SaldoAnterior>?</ebil:SaldoAnterior>\r
            <!--Optional:-->\r
            <ebil:SubTotal>?</ebil:SubTotal>\r
            <!--Optional:-->\r
            <ebil:SubTotalSegunMon>?</ebil:SubTotalSegunMon>\r
            <!--Optional:-->\r
            <ebil:Sucursal>?</ebil:Sucursal>\r
            <!--Optional:-->\r
            <ebil:TIP_id_tipo_persona>?</ebil:TIP_id_tipo_persona>\r
            <!--Optional:-->\r
            <ebil:TasaCambio>?</ebil:TasaCambio>\r
            <!--Optional:-->\r
            <ebil:TelefonoCliente>?</ebil:TelefonoCliente>\r
            <!--Optional:-->\r
            <ebil:Texto3>?</ebil:Texto3>\r
            <!--Optional:-->\r
            <ebil:TieneAcuerdo>?</ebil:TieneAcuerdo>\r
            <!--Optional:-->\r
            <ebil:TipoComprobante>?</ebil:TipoComprobante>\r
            <!--Optional:-->\r
            <ebil:TipoContribuyente>?</ebil:TipoContribuyente>\r
            <!--Optional:-->\r
            <ebil:TipoIDCliente>?</ebil:TipoIDCliente>\r
            <!--Optional:-->\r
            <ebil:Total>?</ebil:Total>\r
            <!--Optional:-->\r
            <ebil:TotalIVA>?</ebil:TotalIVA>\r
            <!--Optional:-->\r
            <ebil:TotalIVASegunMon>?</ebil:TotalIVASegunMon>\r
            <!--Optional:-->\r
            <ebil:TotalRetICA>?</ebil:TotalRetICA>\r
            <!--Optional:-->\r
            <ebil:TotalRetIVA>?</ebil:TotalRetIVA>\r
            <!--Optional:-->\r
            <ebil:TotalRetencion>?</ebil:TotalRetencion>\r
            <!--Optional:-->\r
            <ebil:TotalSegunMon>?</ebil:TotalSegunMon>\r
            <!--Optional:-->\r
            <ebil:TotalTraslado>?</ebil:TotalTraslado>\r
            <!--Optional:-->\r
            <ebil:Total_a_Pagar>?</ebil:Total_a_Pagar>\r
            <!--Optional:-->\r
            <ebil:ValorHasta1>?</ebil:ValorHasta1>\r
            <!--Optional:-->\r
            <ebil:ValorHasta2>?</ebil:ValorHasta2>\r
            <!--Optional:-->\r
            <ebil:ValorHasta3>?</ebil:ValorHasta3>\r
            <!--Optional:-->\r
            <ebil:ValorHasta4>?</ebil:ValorHasta4>\r
            <!--Optional:-->\r
            <ebil:cfd_activa_nota1>?</ebil:cfd_activa_nota1>\r
            <!--Optional:-->\r
            <ebil:ciudad_envio>?</ebil:ciudad_envio>\r
            <!--Optional:-->\r
            <ebil:code1>?</ebil:code1>\r
            <!--Optional:-->\r
            <ebil:code2>?</ebil:code2>\r
            <!--Optional:-->\r
            <ebil:code3>?</ebil:code3>\r
            <!--Optional:-->\r
            <ebil:curso>?</ebil:curso>\r
            <!--Optional:-->\r
            <ebil:departamento_envio>?</ebil:departamento_envio>\r
            <!--Optional:-->\r
            <ebil:direccion_envio>?</ebil:direccion_envio>\r
            <!--Optional:-->\r
            <ebil:numero_envio>?</ebil:numero_envio>\r
            <!--Optional:-->\r
            <ebil:orden_venta>?</ebil:orden_venta>\r
            <!--Optional:-->\r
            <ebil:pague_hasta1>?</ebil:pague_hasta1>\r
            <!--Optional:-->\r
            <ebil:pague_hasta2>?</ebil:pague_hasta2>\r
            <!--Optional:-->\r
            <ebil:pague_hasta3>?</ebil:pague_hasta3>\r
            <!--Optional:-->\r
            <ebil:referencia>?</ebil:referencia>\r
            <!--Optional:-->\r
            <ebil:referencia1>?</ebil:referencia1>\r
            <!--Optional:-->\r
            <ebil:referencia_envio>?</ebil:referencia_envio>\r
            <!--Optional:-->\r
            <ebil:telefono_envio>?</ebil:telefono_envio>\r
         </tem:FacCab>\r
         <!--Optional:-->\r
         <tem:Opciones>\r
            <!--Optional:-->\r
            <ebil:ActualizaProductos>?</ebil:ActualizaProductos>\r
            <!--Optional:-->\r
            <ebil:CalculaReteCree>?</ebil:CalculaReteCree>\r
            <!--Optional:-->\r
            <ebil:CalculaReteFuente>?</ebil:CalculaReteFuente>\r
            <!--Optional:-->\r
            <ebil:CalculaReteICA>?</ebil:CalculaReteICA>\r
            <!--Optional:-->\r
            <ebil:CalculaReteIVA>?</ebil:CalculaReteIVA>\r
            <!--Optional:-->\r
            <ebil:EmisionAutomatica>?</ebil:EmisionAutomatica>\r
            <!--Optional:-->\r
            <ebil:FacturasSinAcuerdo>?</ebil:FacturasSinAcuerdo>\r
            <!--Optional:-->\r
            <ebil:ModeloXAceptacion>?</ebil:ModeloXAceptacion>\r
            <!--Optional:-->\r
            <ebil:NotasRelacionadas>?</ebil:NotasRelacionadas>\r
            <!--Optional:-->\r
            <ebil:OrderControl>?</ebil:OrderControl>\r
            <!--Optional:-->\r
            <ebil:TieneAcuerdosFisicos>?</ebil:TieneAcuerdosFisicos>\r
            <!--Optional:-->\r
            <ebil:TokenConexion>?</ebil:TokenConexion>\r
            <!--Optional:-->\r
            <ebil:eBillAdmNumerosFactura>?</ebil:eBillAdmNumerosFactura>\r
         </tem:Opciones>\r
         <!--Optional:-->\r
         <tem:CoorListXPage>\r
            <!--Zero or more repetitions:-->\r
            <ebil:CoordenadasPixelesByPage>\r
               <!--Optional:-->\r
               <ebil:Page>?</ebil:Page>\r
               <!--Optional:-->\r
               <ebil:ValorAlto>?</ebil:ValorAlto>\r
               <!--Optional:-->\r
               <ebil:ValorAncho>?</ebil:ValorAncho>\r
               <!--Optional:-->\r
               <ebil:ValorX>?</ebil:ValorX>\r
               <!--Optional:-->\r
               <ebil:ValorY>?</ebil:ValorY>\r
            </ebil:CoordenadasPixelesByPage>\r
         </tem:CoorListXPage>\r
      </tem:AgregaQRToPDFDocumentoElectronico>\r
   </soapenv:Body>\r
</soapenv:Envelope>]]></con:request><con:wsaConfig mustUnderstand="NONE" version="200508" action="http://tempuri.org/IIntegracion/AgregaQRToPDFDocumentoElectronico"/></con:call></con:operation><con:operation id="cc27f2b6-87ea-4846-81d7-75a665102f87" isOneWay="false" action="http://tempuri.org/IIntegracion/AlmacenarRegistroLogReglas" name="AlmacenarRegistroLogReglas" bindingOperationName="AlmacenarRegistroLogReglas" type="Request-Response" inputName="" receivesAttachments="false" sendsAttachments="false" anonymous="optional"><con:settings/><con:call id="aa12495c-5cb1-4031-94c0-4d4c633097d9" name="Request 1"><con:settings/><con:encoding>UTF-8</con:encoding><con:endpoint>https://fymtest.cloudapp.net:444/ServiciosFyM/eBill/Integracion.svc</con:endpoint><con:request><![CDATA[<soapenv:Envelope xmlns:soapenv="http://schemas.xmlsoap.org/soap/envelope/" xmlns:tem="http://tempuri.org/">\r
   <soapenv:Header/>\r
   <soapenv:Body>\r
      <tem:AlmacenarRegistroLogReglas>\r
         <!--Optional:-->\r
         <tem:IdEmpresa>?</tem:IdEmpresa>\r
         <!--Optional:-->\r
         <tem:CFD_numero_cfd>?</tem:CFD_numero_cfd>\r
         <!--Optional:-->\r
         <tem:CFD_prefijo>?</tem:CFD_prefijo>\r
         <!--Optional:-->\r
         <tem:tco_id_tipo_comprobante>?</tem:tco_id_tipo_comprobante>\r
         <!--Optional:-->\r
         <tem:mensajeError>?</tem:mensajeError>\r
         <!--Optional:-->\r
         <tem:PuntoValidacion>?</tem:PuntoValidacion>\r
         <!--Optional:-->\r
         <tem:idDocumento>?</tem:idDocumento>\r
         <!--Optional:-->\r
         <tem:RegistrarEnLogReglas>?</tem:RegistrarEnLogReglas>\r
         <!--Optional:-->\r
         <tem:Token>?</tem:Token>\r
      </tem:AlmacenarRegistroLogReglas>\r
   </soapenv:Body>\r
</soapenv:Envelope>]]></con:request><con:wsaConfig mustUnderstand="NONE" version="200508" action="http://tempuri.org/IIntegracion/AlmacenarRegistroLogReglas"/></con:call></con:operation><con:operation id="e8dd4df6-829a-4d83-a167-b72737c65d37" isOneWay="false" action="http://tempuri.org/IIntegracion/CalculoContenidoTecnicoControl" name="CalculoContenidoTecnicoControl" bindingOperationName="CalculoContenidoTecnicoControl" type="Request-Response" inputName="" receivesAttachments="false" sendsAttachments="false" anonymous="optional"><con:settings/><con:call id="5add9903-8eca-4f1d-b115-d762dd7da94a" name="Request 1"><con:settings/><con:encoding>UTF-8</con:encoding><con:endpoint>https://fymtest.cloudapp.net:444/ServiciosFyM/eBill/Integracion.svc</con:endpoint><con:request><![CDATA[<soapenv:Envelope xmlns:soapenv="http://schemas.xmlsoap.org/soap/envelope/" xmlns:tem="http://tempuri.org/">\r
   <soapenv:Header/>\r
   <soapenv:Body>\r
      <tem:CalculoContenidoTecnicoControl>\r
         <!--Optional:-->\r
         <tem:DatosBasicosFactura>?</tem:DatosBasicosFactura>\r
      </tem:CalculoContenidoTecnicoControl>\r
   </soapenv:Body>\r
</soapenv:Envelope>]]></con:request><con:wsaConfig mustUnderstand="NONE" version="200508" action="http://tempuri.org/IIntegracion/CalculoContenidoTecnicoControl"/></con:call></con:operation><con:operation id="99c552ee-8a10-4cbc-aaae-7e6ceb75aced" isOneWay="false" action="http://tempuri.org/IIntegracion/CambiarContrasenaInteroperabilidad" name="CambiarContrasenaInteroperabilidad" bindingOperationName="CambiarContrasenaInteroperabilidad" type="Request-Response" inputName="" receivesAttachments="false" sendsAttachments="false" anonymous="optional"><con:settings/><con:call id="3d8c4470-970e-4a94-a8f1-585154283218" name="Request 1"><con:settings/><con:encoding>UTF-8</con:encoding><con:endpoint>https://fymtest.cloudapp.net:444/ServiciosFyM/eBill/Integracion.svc</con:endpoint><con:request><![CDATA[<soapenv:Envelope xmlns:soapenv="http://schemas.xmlsoap.org/soap/envelope/" xmlns:tem="http://tempuri.org/">\r
   <soapenv:Header/>\r
   <soapenv:Body>\r
      <tem:CambiarContrasenaInteroperabilidad>\r
         <!--Optional:-->\r
         <tem:User>?</tem:User>\r
         <!--Optional:-->\r
         <tem:OldPassword>?</tem:OldPassword>\r
         <!--Optional:-->\r
         <tem:NewPassword>?</tem:NewPassword>\r
         <!--Optional:-->\r
         <tem:ErrorType>?</tem:ErrorType>\r
      </tem:CambiarContrasenaInteroperabilidad>\r
   </soapenv:Body>\r
</soapenv:Envelope>]]></con:request><con:wsaConfig mustUnderstand="NONE" version="200508" action="http://tempuri.org/IIntegracion/CambiarContrasenaInteroperabilidad"/></con:call></con:operation><con:operation id="cf3c54f0-f1dd-442a-8b5e-37f04c10033e" isOneWay="false" action="http://tempuri.org/IIntegracion/CargarDocumentosElectronicosToeBillGenericFULL" name="CargarDocumentosElectronicosToeBillGenericFULL" bindingOperationName="CargarDocumentosElectronicosToeBillGenericFULL" type="Request-Response" inputName="" receivesAttachments="false" sendsAttachments="false" anonymous="optional"><con:settings/><con:call id="1862c910-9e19-4d4f-a0a6-95d89a6675a1" name="Request 1"><con:settings/><con:encoding>UTF-8</con:encoding><con:endpoint>https://fymtest.cloudapp.net:444/ServiciosFyM/eBill/Integracion.svc</con:endpoint><con:request><![CDATA[<soapenv:Envelope xmlns:soapenv="http://schemas.xmlsoap.org/soap/envelope/" xmlns:tem="http://tempuri.org/" xmlns:ebil="http://schemas.datacontract.org/2004/07/eBillCore" xmlns:arr="http://schemas.microsoft.com/2003/10/Serialization/Arrays">\r
   <soapenv:Header/>\r
   <soapenv:Body>\r
      <tem:CargarDocumentosElectronicosToeBillGenericFULL>\r
         <!--Optional:-->\r
         <tem:FacCab>\r
            <!--Optional:-->\r
            <ebil:AnoAprobacionRes>?</ebil:AnoAprobacionRes>\r
            <!--Optional:-->\r
            <ebil:Base_Impuesto>?</ebil:Base_Impuesto>\r
            <!--Optional:-->\r
            <ebil:CFD_EST_estado_tramit>?</ebil:CFD_EST_estado_tramit>\r
            <!--Optional:-->\r
            <ebil:CFD_Flete>?</ebil:CFD_Flete>\r
            <!--Optional:-->\r
            <ebil:CFD_OtrosCargos>?</ebil:CFD_OtrosCargos>\r
            <!--Optional:-->\r
            <ebil:CFD_Por_Margen>?</ebil:CFD_Por_Margen>\r
            <!--Optional:-->\r
            <ebil:CFD_ResponseCode>?</ebil:CFD_ResponseCode>\r
            <!--Optional:-->\r
            <ebil:CFD_base_ICA_total>?</ebil:CFD_base_ICA_total>\r
            <!--Optional:-->\r
            <ebil:CFD_base_impo_total_nal>?</ebil:CFD_base_impo_total_nal>\r
            <!--Optional:-->\r
            <ebil:CFD_base_impo_total_reg>?</ebil:CFD_base_impo_total_reg>\r
            <!--Optional:-->\r
            <ebil:CFD_campo_texto_10>?</ebil:CFD_campo_texto_10>\r
            <!--Optional:-->\r
            <ebil:CFD_campo_texto_11>?</ebil:CFD_campo_texto_11>\r
            <!--Optional:-->\r
            <ebil:CFD_campo_texto_12>?</ebil:CFD_campo_texto_12>\r
            <!--Optional:-->\r
            <ebil:CFD_campo_texto_13>?</ebil:CFD_campo_texto_13>\r
            <!--Optional:-->\r
            <ebil:CFD_campo_texto_14>?</ebil:CFD_campo_texto_14>\r
            <!--Optional:-->\r
            <ebil:CFD_campo_texto_15>?</ebil:CFD_campo_texto_15>\r
            <!--Optional:-->\r
            <ebil:CFD_campo_texto_16>?</ebil:CFD_campo_texto_16>\r
            <!--Optional:-->\r
            <ebil:CFD_campo_texto_17>?</ebil:CFD_campo_texto_17>\r
            <!--Optional:-->\r
            <ebil:CFD_campo_texto_18>?</ebil:CFD_campo_texto_18>\r
            <!--Optional:-->\r
            <ebil:CFD_campo_texto_19>?</ebil:CFD_campo_texto_19>\r
            <!--Optional:-->\r
            <ebil:CFD_campo_texto_20>?</ebil:CFD_campo_texto_20>\r
            <!--Optional:-->\r
            <ebil:CFD_campo_texto_21>?</ebil:CFD_campo_texto_21>\r
            <!--Optional:-->\r
            <ebil:CFD_campo_texto_22>?</ebil:CFD_campo_texto_22>\r
            <!--Optional:-->\r
            <ebil:CFD_campo_texto_23>?</ebil:CFD_campo_texto_23>\r
            <!--Optional:-->\r
            <ebil:CFD_campo_texto_24>?</ebil:CFD_campo_texto_24>\r
            <!--Optional:-->\r
            <ebil:CFD_campo_texto_25>?</ebil:CFD_campo_texto_25>\r
            <!--Optional:-->\r
            <ebil:CFD_campo_texto_26>?</ebil:CFD_campo_texto_26>\r
            <!--Optional:-->\r
            <ebil:CFD_campo_texto_27>?</ebil:CFD_campo_texto_27>\r
            <!--Optional:-->\r
            <ebil:CFD_campo_texto_28>?</ebil:CFD_campo_texto_28>\r
            <!--Optional:-->\r
            <ebil:CFD_campo_texto_29>?</ebil:CFD_campo_texto_29>\r
            <!--Optional:-->\r
            <ebil:CFD_campo_texto_30>?</ebil:CFD_campo_texto_30>\r
            <!--Optional:-->\r
            <ebil:CFD_campo_texto_9>?</ebil:CFD_campo_texto_9>\r
            <!--Optional:-->\r
            <ebil:CFD_cantidad_dec_1>?</ebil:CFD_cantidad_dec_1>\r
            <!--Optional:-->\r
            <ebil:CFD_cantidad_dec_10>?</ebil:CFD_cantidad_dec_10>\r
            <!--Optional:-->\r
            <ebil:CFD_cantidad_dec_11>?</ebil:CFD_cantidad_dec_11>\r
            <!--Optional:-->\r
            <ebil:CFD_cantidad_dec_12>?</ebil:CFD_cantidad_dec_12>\r
            <!--Optional:-->\r
            <ebil:CFD_cantidad_dec_13>?</ebil:CFD_cantidad_dec_13>\r
            <!--Optional:-->\r
            <ebil:CFD_cantidad_dec_14>?</ebil:CFD_cantidad_dec_14>\r
            <!--Optional:-->\r
            <ebil:CFD_cantidad_dec_15>?</ebil:CFD_cantidad_dec_15>\r
            <!--Optional:-->\r
            <ebil:CFD_cantidad_dec_16>?</ebil:CFD_cantidad_dec_16>\r
            <!--Optional:-->\r
            <ebil:CFD_cantidad_dec_17>?</ebil:CFD_cantidad_dec_17>\r
            <!--Optional:-->\r
            <ebil:CFD_cantidad_dec_18>?</ebil:CFD_cantidad_dec_18>\r
            <!--Optional:-->\r
            <ebil:CFD_cantidad_dec_19>?</ebil:CFD_cantidad_dec_19>\r
            <!--Optional:-->\r
            <ebil:CFD_cantidad_dec_20>?</ebil:CFD_cantidad_dec_20>\r
            <!--Optional:-->\r
            <ebil:CFD_cantidad_dec_21>?</ebil:CFD_cantidad_dec_21>\r
            <!--Optional:-->\r
            <ebil:CFD_cantidad_dec_22>?</ebil:CFD_cantidad_dec_22>\r
            <!--Optional:-->\r
            <ebil:CFD_cantidad_dec_23>?</ebil:CFD_cantidad_dec_23>\r
            <!--Optional:-->\r
            <ebil:CFD_cantidad_dec_24>?</ebil:CFD_cantidad_dec_24>\r
            <!--Optional:-->\r
            <ebil:CFD_cantidad_dec_25>?</ebil:CFD_cantidad_dec_25>\r
            <!--Optional:-->\r
            <ebil:CFD_cantidad_dec_4>?</ebil:CFD_cantidad_dec_4>\r
            <!--Optional:-->\r
            <ebil:CFD_cantidad_dec_5>?</ebil:CFD_cantidad_dec_5>\r
            <!--Optional:-->\r
            <ebil:CFD_cantidad_dec_6>?</ebil:CFD_cantidad_dec_6>\r
            <!--Optional:-->\r
            <ebil:CFD_cantidad_dec_7>?</ebil:CFD_cantidad_dec_7>\r
            <!--Optional:-->\r
            <ebil:CFD_cantidad_dec_8>?</ebil:CFD_cantidad_dec_8>\r
            <!--Optional:-->\r
            <ebil:CFD_cantidad_dec_9>?</ebil:CFD_cantidad_dec_9>\r
            <!--Optional:-->\r
            <ebil:CFD_deducible>?</ebil:CFD_deducible>\r
            <!--Optional:-->\r
            <ebil:CFD_desconexion_servicio>?</ebil:CFD_desconexion_servicio>\r
            <!--Optional:-->\r
            <ebil:CFD_fecha_desconexion>?</ebil:CFD_fecha_desconexion>\r
            <!--Optional:-->\r
            <ebil:CFD_fecha_tasadeCambio>?</ebil:CFD_fecha_tasadeCambio>\r
            <!--Optional:-->\r
            <ebil:CFD_numero_enlace_doc_ref>?</ebil:CFD_numero_enlace_doc_ref>\r
            <!--Optional:-->\r
            <ebil:CFD_porc_rte_ICA>?</ebil:CFD_porc_rte_ICA>\r
            <!--Optional:-->\r
            <ebil:CFD_porc_rte_fuent>?</ebil:CFD_porc_rte_fuent>\r
            <!--Optional:-->\r
            <ebil:CFD_tasa_mora>?</ebil:CFD_tasa_mora>\r
            <!--Optional:-->\r
            <ebil:CFD_tdi_id_tipo_doc_interno>?</ebil:CFD_tdi_id_tipo_doc_interno>\r
            <!--Optional:-->\r
            <ebil:CFD_total_ICA>?</ebil:CFD_total_ICA>\r
            <!--Optional:-->\r
            <ebil:CFD_total_aduana_exp>?</ebil:CFD_total_aduana_exp>\r
            <!--Optional:-->\r
            <ebil:CFD_total_cargos>?</ebil:CFD_total_cargos>\r
            <!--Optional:-->\r
            <ebil:CFD_total_descuentos>?</ebil:CFD_total_descuentos>\r
            <!--Optional:-->\r
            <ebil:CFD_total_margen>?</ebil:CFD_total_margen>\r
            <!--Optional:-->\r
            <ebil:CFD_total_seguro_exp>?</ebil:CFD_total_seguro_exp>\r
            <!--Optional:-->\r
            <ebil:CLI_numero_cliente>?</ebil:CLI_numero_cliente>\r
            <!--Optional:-->\r
            <ebil:CREETotal>?</ebil:CREETotal>\r
            <!--Optional:-->\r
            <ebil:CampoTexto1>?</ebil:CampoTexto1>\r
            <!--Optional:-->\r
            <ebil:CampoTexto2>?</ebil:CampoTexto2>\r
            <!--Optional:-->\r
            <ebil:CampoTexto3>?</ebil:CampoTexto3>\r
            <!--Optional:-->\r
            <ebil:CampoTexto4>?</ebil:CampoTexto4>\r
            <!--Optional:-->\r
            <ebil:CampoTexto5>?</ebil:CampoTexto5>\r
            <!--Optional:-->\r
            <ebil:CampoTexto6>?</ebil:CampoTexto6>\r
            <!--Optional:-->\r
            <ebil:CampoTexto7>?</ebil:CampoTexto7>\r
            <!--Optional:-->\r
            <ebil:CampoTexto8>?</ebil:CampoTexto8>\r
            <!--Optional:-->\r
            <ebil:Cantidad1>?</ebil:Cantidad1>\r
            <!--Optional:-->\r
            <ebil:Cantidad2>?</ebil:Cantidad2>\r
            <!--Optional:-->\r
            <ebil:Cantidad3>?</ebil:Cantidad3>\r
            <!--Optional:-->\r
            <ebil:CantidadDec1>?</ebil:CantidadDec1>\r
            <!--Optional:-->\r
            <ebil:CantidadDec2>?</ebil:CantidadDec2>\r
            <!--Optional:-->\r
            <ebil:CantidadDec3>?</ebil:CantidadDec3>\r
            <!--Optional:-->\r
            <ebil:CiudadDANE>?</ebil:CiudadDANE>\r
            <!--Optional:-->\r
            <ebil:CodVendedor>?</ebil:CodVendedor>\r
            <!--Optional:-->\r
            <ebil:CodigoPostalCliente>?</ebil:CodigoPostalCliente>\r
            <!--Optional:-->\r
            <ebil:CodigoPostalEnvio>?</ebil:CodigoPostalEnvio>\r
            <!--Optional:-->\r
            <ebil:ComprobanteCon>?</ebil:ComprobanteCon>\r
            <!--Optional:-->\r
            <ebil:Condiciones_Pago>?</ebil:Condiciones_Pago>\r
            <!--Optional:-->\r
            <ebil:ContactoCargo>?</ebil:ContactoCargo>\r
            <!--Optional:-->\r
            <ebil:ContactoCorreo>?</ebil:ContactoCorreo>\r
            <!--Optional:-->\r
            <ebil:ContactoNombre>?</ebil:ContactoNombre>\r
            <!--Optional:-->\r
            <ebil:CorreoCliente>?</ebil:CorreoCliente>\r
            <!--Optional:-->\r
            <ebil:DepartamentoDANE>?</ebil:DepartamentoDANE>\r
            <!--Optional:-->\r
            <ebil:DescripcionPlan>?</ebil:DescripcionPlan>\r
            <!--Optional:-->\r
            <ebil:Descuento>?</ebil:Descuento>\r
            <!--Optional:-->\r
            <ebil:DigitoVerificaCliente>?</ebil:DigitoVerificaCliente>\r
            <!--Optional:-->\r
            <ebil:DireccionCliente>?</ebil:DireccionCliente>\r
            <!--Optional:-->\r
            <ebil:EstiloFactura>?</ebil:EstiloFactura>\r
            <!--Optional:-->\r
            <ebil:FechaExpedicion>?</ebil:FechaExpedicion>\r
            <!--Optional:-->\r
            <ebil:FechaFinalPeriodoFacturado>?</ebil:FechaFinalPeriodoFacturado>\r
            <!--Optional:-->\r
            <ebil:FechaInicialPeriodoFacturado>?</ebil:FechaInicialPeriodoFacturado>\r
            <!--Optional:-->\r
            <ebil:FechaVencimiento>?</ebil:FechaVencimiento>\r
            <!--Optional:-->\r
            <ebil:FormaPago>?</ebil:FormaPago>\r
            <!--Optional:-->\r
            <ebil:IDInterno>?</ebil:IDInterno>\r
            <!--Optional:-->\r
            <ebil:IDUbicacionCliente>?</ebil:IDUbicacionCliente>\r
            <!--Optional:-->\r
            <ebil:IDUbicacionEnvio>?</ebil:IDUbicacionEnvio>\r
            <!--Optional:-->\r
            <ebil:IdPlan>?</ebil:IdPlan>\r
            <!--Optional:-->\r
            <ebil:IdSucursal>?</ebil:IdSucursal>\r
            <!--Optional:-->\r
            <ebil:Incoterm>?</ebil:Incoterm>\r
            <!--Optional:-->\r
            <ebil:InfoAdicional>?</ebil:InfoAdicional>\r
            <!--Optional:-->\r
            <ebil:LugarTerminosEntrega>?</ebil:LugarTerminosEntrega>\r
            <!--Optional:-->\r
            <ebil:MesCausado>?</ebil:MesCausado>\r
            <!--Optional:-->\r
            <ebil:MonedaISO>?</ebil:MonedaISO>\r
            <!--Optional:-->\r
            <ebil:NitCliente>?</ebil:NitCliente>\r
            <!--Optional:-->\r
            <ebil:NitEmpresa>?</ebil:NitEmpresa>\r
            <!--Optional:-->\r
            <ebil:NombreCliente>?</ebil:NombreCliente>\r
            <!--Optional:-->\r
            <ebil:NombrePlan>?</ebil:NombrePlan>\r
            <!--Optional:-->\r
            <ebil:NombreVendedor>?</ebil:NombreVendedor>\r
            <!--Optional:-->\r
            <ebil:NumAprobacionRes>?</ebil:NumAprobacionRes>\r
            <!--Optional:-->\r
            <ebil:NumFactura>?</ebil:NumFactura>\r
            <!--Optional:-->\r
            <ebil:OrderID>?</ebil:OrderID>\r
            <!--Optional:-->\r
            <ebil:PAI_ISO_3166>?</ebil:PAI_ISO_3166>\r
            <!--Optional:-->\r
            <ebil:PagoAnterior>?</ebil:PagoAnterior>\r
            <!--Optional:-->\r
            <ebil:Prefijo>?</ebil:Prefijo>\r
            <!--Optional:-->\r
            <ebil:ReferenciaCliente>?</ebil:ReferenciaCliente>\r
            <!--Optional:-->\r
            <ebil:RetencionCREETotal>?</ebil:RetencionCREETotal>\r
            <!--Optional:-->\r
            <ebil:SMSXDoc>?</ebil:SMSXDoc>\r
            <!--Optional:-->\r
            <ebil:SaldoAnterior>?</ebil:SaldoAnterior>\r
            <!--Optional:-->\r
            <ebil:SubTotal>?</ebil:SubTotal>\r
            <!--Optional:-->\r
            <ebil:SubTotalSegunMon>?</ebil:SubTotalSegunMon>\r
            <!--Optional:-->\r
            <ebil:Sucursal>?</ebil:Sucursal>\r
            <!--Optional:-->\r
            <ebil:TIP_id_tipo_persona>?</ebil:TIP_id_tipo_persona>\r
            <!--Optional:-->\r
            <ebil:TasaCambio>?</ebil:TasaCambio>\r
            <!--Optional:-->\r
            <ebil:TelefonoCliente>?</ebil:TelefonoCliente>\r
            <!--Optional:-->\r
            <ebil:Texto3>?</ebil:Texto3>\r
            <!--Optional:-->\r
            <ebil:TieneAcuerdo>?</ebil:TieneAcuerdo>\r
            <!--Optional:-->\r
            <ebil:TipoComprobante>?</ebil:TipoComprobante>\r
            <!--Optional:-->\r
            <ebil:TipoContribuyente>?</ebil:TipoContribuyente>\r
            <!--Optional:-->\r
            <ebil:TipoIDCliente>?</ebil:TipoIDCliente>\r
            <!--Optional:-->\r
            <ebil:Total>?</ebil:Total>\r
            <!--Optional:-->\r
            <ebil:TotalIVA>?</ebil:TotalIVA>\r
            <!--Optional:-->\r
            <ebil:TotalIVASegunMon>?</ebil:TotalIVASegunMon>\r
            <!--Optional:-->\r
            <ebil:TotalRetICA>?</ebil:TotalRetICA>\r
            <!--Optional:-->\r
            <ebil:TotalRetIVA>?</ebil:TotalRetIVA>\r
            <!--Optional:-->\r
            <ebil:TotalRetencion>?</ebil:TotalRetencion>\r
            <!--Optional:-->\r
            <ebil:TotalSegunMon>?</ebil:TotalSegunMon>\r
            <!--Optional:-->\r
            <ebil:TotalTraslado>?</ebil:TotalTraslado>\r
            <!--Optional:-->\r
            <ebil:Total_a_Pagar>?</ebil:Total_a_Pagar>\r
            <!--Optional:-->\r
            <ebil:ValorHasta1>?</ebil:ValorHasta1>\r
            <!--Optional:-->\r
            <ebil:ValorHasta2>?</ebil:ValorHasta2>\r
            <!--Optional:-->\r
            <ebil:ValorHasta3>?</ebil:ValorHasta3>\r
            <!--Optional:-->\r
            <ebil:ValorHasta4>?</ebil:ValorHasta4>\r
            <!--Optional:-->\r
            <ebil:cfd_activa_nota1>?</ebil:cfd_activa_nota1>\r
            <!--Optional:-->\r
            <ebil:ciudad_envio>?</ebil:ciudad_envio>\r
            <!--Optional:-->\r
            <ebil:code1>?</ebil:code1>\r
            <!--Optional:-->\r
            <ebil:code2>?</ebil:code2>\r
            <!--Optional:-->\r
            <ebil:code3>?</ebil:code3>\r
            <!--Optional:-->\r
            <ebil:curso>?</ebil:curso>\r
            <!--Optional:-->\r
            <ebil:departamento_envio>?</ebil:departamento_envio>\r
            <!--Optional:-->\r
            <ebil:direccion_envio>?</ebil:direccion_envio>\r
            <!--Optional:-->\r
            <ebil:numero_envio>?</ebil:numero_envio>\r
            <!--Optional:-->\r
            <ebil:orden_venta>?</ebil:orden_venta>\r
            <!--Optional:-->\r
            <ebil:pague_hasta1>?</ebil:pague_hasta1>\r
            <!--Optional:-->\r
            <ebil:pague_hasta2>?</ebil:pague_hasta2>\r
            <!--Optional:-->\r
            <ebil:pague_hasta3>?</ebil:pague_hasta3>\r
            <!--Optional:-->\r
            <ebil:referencia>?</ebil:referencia>\r
            <!--Optional:-->\r
            <ebil:referencia1>?</ebil:referencia1>\r
            <!--Optional:-->\r
            <ebil:referencia_envio>?</ebil:referencia_envio>\r
            <!--Optional:-->\r
            <ebil:telefono_envio>?</ebil:telefono_envio>\r
         </tem:FacCab>\r
         <!--Optional:-->\r
         <tem:DetFac>\r
            <!--Zero or more repetitions:-->\r
            <ebil:CFDDetConexionInt>\r
               <!--Optional:-->\r
               <ebil:CON_base_ica>?</ebil:CON_base_ica>\r
               <!--Optional:-->\r
               <ebil:CON_base_impo_n>?</ebil:CON_base_impo_n>\r
               <!--Optional:-->\r
               <ebil:CON_base_impo_r>?</ebil:CON_base_impo_r>\r
               <!--Optional:-->\r
               <ebil:CON_base_iva>?</ebil:CON_base_iva>\r
               <!--Optional:-->\r
               <ebil:CON_cantidad_original_solicitada>?</ebil:CON_cantidad_original_solicitada>\r
               <!--Optional:-->\r
               <ebil:CON_categoria_0>?</ebil:CON_categoria_0>\r
               <!--Optional:-->\r
               <ebil:CON_categoria_1>?</ebil:CON_categoria_1>\r
               <!--Optional:-->\r
               <ebil:CON_categoria_2>?</ebil:CON_categoria_2>\r
               <!--Optional:-->\r
               <ebil:CON_categoria_3>?</ebil:CON_categoria_3>\r
               <!--Optional:-->\r
               <ebil:CON_ciudad_despacho>?</ebil:CON_ciudad_despacho>\r
               <!--Optional:-->\r
               <ebil:CON_dato_decimal1>?</ebil:CON_dato_decimal1>\r
               <!--Optional:-->\r
               <ebil:CON_dato_decimal10>?</ebil:CON_dato_decimal10>\r
               <!--Optional:-->\r
               <ebil:CON_dato_decimal11>?</ebil:CON_dato_decimal11>\r
               <!--Optional:-->\r
               <ebil:CON_dato_decimal12>?</ebil:CON_dato_decimal12>\r
               <!--Optional:-->\r
               <ebil:CON_dato_decimal13>?</ebil:CON_dato_decimal13>\r
               <!--Optional:-->\r
               <ebil:CON_dato_decimal14>?</ebil:CON_dato_decimal14>\r
               <!--Optional:-->\r
               <ebil:CON_dato_decimal15>?</ebil:CON_dato_decimal15>\r
               <!--Optional:-->\r
               <ebil:CON_dato_decimal2>?</ebil:CON_dato_decimal2>\r
               <!--Optional:-->\r
               <ebil:CON_dato_decimal3>?</ebil:CON_dato_decimal3>\r
               <!--Optional:-->\r
               <ebil:CON_dato_decimal4>?</ebil:CON_dato_decimal4>\r
               <!--Optional:-->\r
               <ebil:CON_dato_decimal5>?</ebil:CON_dato_decimal5>\r
               <!--Optional:-->\r
               <ebil:CON_dato_decimal6>?</ebil:CON_dato_decimal6>\r
               <!--Optional:-->\r
               <ebil:CON_dato_decimal7>?</ebil:CON_dato_decimal7>\r
               <!--Optional:-->\r
               <ebil:CON_dato_decimal8>?</ebil:CON_dato_decimal8>\r
               <!--Optional:-->\r
               <ebil:CON_dato_decimal9>?</ebil:CON_dato_decimal9>\r
               <!--Optional:-->\r
               <ebil:CON_dato_destino>?</ebil:CON_dato_destino>\r
               <!--Optional:-->\r
               <ebil:CON_dato_fecha>?</ebil:CON_dato_fecha>\r
               <!--Optional:-->\r
               <ebil:CON_dato_origen>?</ebil:CON_dato_origen>\r
               <!--Optional:-->\r
               <ebil:CON_dato_peso>?</ebil:CON_dato_peso>\r
               <!--Optional:-->\r
               <ebil:CON_dato_placa>?</ebil:CON_dato_placa>\r
               <!--Optional:-->\r
               <ebil:CON_dato_referencia>?</ebil:CON_dato_referencia>\r
               <!--Optional:-->\r
               <ebil:CON_dato_texto1>?</ebil:CON_dato_texto1>\r
               <!--Optional:-->\r
               <ebil:CON_dato_texto10>?</ebil:CON_dato_texto10>\r
               <!--Optional:-->\r
               <ebil:CON_dato_texto11>?</ebil:CON_dato_texto11>\r
               <!--Optional:-->\r
               <ebil:CON_dato_texto12>?</ebil:CON_dato_texto12>\r
               <!--Optional:-->\r
               <ebil:CON_dato_texto13>?</ebil:CON_dato_texto13>\r
               <!--Optional:-->\r
               <ebil:CON_dato_texto14>?</ebil:CON_dato_texto14>\r
               <!--Optional:-->\r
               <ebil:CON_dato_texto15>?</ebil:CON_dato_texto15>\r
               <!--Optional:-->\r
               <ebil:CON_dato_texto2>?</ebil:CON_dato_texto2>\r
               <!--Optional:-->\r
               <ebil:CON_dato_texto3>?</ebil:CON_dato_texto3>\r
               <!--Optional:-->\r
               <ebil:CON_dato_texto4>?</ebil:CON_dato_texto4>\r
               <!--Optional:-->\r
               <ebil:CON_dato_texto5>?</ebil:CON_dato_texto5>\r
               <!--Optional:-->\r
               <ebil:CON_dato_texto6>?</ebil:CON_dato_texto6>\r
               <!--Optional:-->\r
               <ebil:CON_dato_texto7>?</ebil:CON_dato_texto7>\r
               <!--Optional:-->\r
               <ebil:CON_dato_texto8>?</ebil:CON_dato_texto8>\r
               <!--Optional:-->\r
               <ebil:CON_dato_texto9>?</ebil:CON_dato_texto9>\r
               <!--Optional:-->\r
               <ebil:CON_departamento_despacho>?</ebil:CON_departamento_despacho>\r
               <!--Optional:-->\r
               <ebil:CON_detalle_construccion>?</ebil:CON_detalle_construccion>\r
               <!--Optional:-->\r
               <ebil:CON_detalle_industria1>?</ebil:CON_detalle_industria1>\r
               <!--Optional:-->\r
               <ebil:CON_detalle_industria2>?</ebil:CON_detalle_industria2>\r
               <!--Optional:-->\r
               <ebil:CON_detalle_industria3>?</ebil:CON_detalle_industria3>\r
               <!--Optional:-->\r
               <ebil:CON_detalle_vehiculo>?</ebil:CON_detalle_vehiculo>\r
               <!--Optional:-->\r
               <ebil:CON_direccion_despacho>?</ebil:CON_direccion_despacho>\r
               <!--Optional:-->\r
               <ebil:CON_documentos_referencia>?</ebil:CON_documentos_referencia>\r
               <!--Optional:-->\r
               <ebil:CON_linea_concepto>?</ebil:CON_linea_concepto>\r
               <!--Optional:-->\r
               <ebil:CON_linea_padre_concepto>?</ebil:CON_linea_padre_concepto>\r
               <!--Optional:-->\r
               <ebil:CON_posicion_arancelaria>?</ebil:CON_posicion_arancelaria>\r
               <!--Optional:-->\r
               <ebil:CON_sub_cliente>?</ebil:CON_sub_cliente>\r
               <!--Optional:-->\r
               <ebil:CON_total_con_seg_mon>?</ebil:CON_total_con_seg_mon>\r
               <!--Optional:-->\r
               <ebil:CON_unidad_medida_con>?</ebil:CON_unidad_medida_con>\r
               <!--Optional:-->\r
               <ebil:CON_valor_otros_cargos>?</ebil:CON_valor_otros_cargos>\r
               <!--Optional:-->\r
               <ebil:CON_valor_otros_descuentos>?</ebil:CON_valor_otros_descuentos>\r
               <!--Optional:-->\r
               <ebil:CON_valor_unitario_seg_mon>?</ebil:CON_valor_unitario_seg_mon>\r
               <!--Optional:-->\r
               <ebil:CREE>?</ebil:CREE>\r
               <!--Optional:-->\r
               <ebil:Cantidad>?</ebil:Cantidad>\r
               <!--Optional:-->\r
               <ebil:ClaseMovimiento>?</ebil:ClaseMovimiento>\r
               <!--Optional:-->\r
               <ebil:CodigoProducto>?</ebil:CodigoProducto>\r
               <!--Optional:-->\r
               <ebil:Codigos>\r
                  <!--Zero or more repetitions:-->\r
                  <arr:string>?</arr:string>\r
               </ebil:Codigos>\r
               <!--Optional:-->\r
               <ebil:CodigosString>?</ebil:CodigosString>\r
               <!--Optional:-->\r
               <ebil:DescripcionConcepto>?</ebil:DescripcionConcepto>\r
               <!--Optional:-->\r
               <ebil:DescripcionProducto>?</ebil:DescripcionProducto>\r
               <!--Optional:-->\r
               <ebil:DescuentoConcepto>?</ebil:DescuentoConcepto>\r
               <!--Optional:-->\r
               <ebil:FechaRecibe>?</ebil:FechaRecibe>\r
               <!--Optional:-->\r
               <ebil:IVAProducto>?</ebil:IVAProducto>\r
               <!--Optional:-->\r
               <ebil:Importe>?</ebil:Importe>\r
               <!--Optional:-->\r
               <ebil:Impuesto2>?</ebil:Impuesto2>\r
               <!--Optional:-->\r
               <ebil:ItemReferencia>?</ebil:ItemReferencia>\r
               <!--Optional:-->\r
               <ebil:NotasConcepto>?</ebil:NotasConcepto>\r
               <!--Optional:-->\r
               <ebil:PorIVAProducto>?</ebil:PorIVAProducto>\r
               <!--Optional:-->\r
               <ebil:PorImpuesto2>?</ebil:PorImpuesto2>\r
               <!--Optional:-->\r
               <ebil:PorcentajeDescuento>?</ebil:PorcentajeDescuento>\r
               <!--Optional:-->\r
               <ebil:RetencionCREE>?</ebil:RetencionCREE>\r
               <!--Optional:-->\r
               <ebil:TipoImpuesto>?</ebil:TipoImpuesto>\r
               <!--Optional:-->\r
               <ebil:TotalConSegMon>?</ebil:TotalConSegMon>\r
               <!--Optional:-->\r
               <ebil:TotalConcepto>?</ebil:TotalConcepto>\r
               <!--Optional:-->\r
               <ebil:UnidadMedida>?</ebil:UnidadMedida>\r
               <!--Optional:-->\r
               <ebil:ValorUnitario>?</ebil:ValorUnitario>\r
            </ebil:CFDDetConexionInt>\r
         </tem:DetFac>\r
         <!--Optional:-->\r
         <tem:Opciones>\r
            <!--Optional:-->\r
            <ebil:ActualizaProductos>?</ebil:ActualizaProductos>\r
            <!--Optional:-->\r
            <ebil:CalculaReteCree>?</ebil:CalculaReteCree>\r
            <!--Optional:-->\r
            <ebil:CalculaReteFuente>?</ebil:CalculaReteFuente>\r
            <!--Optional:-->\r
            <ebil:CalculaReteICA>?</ebil:CalculaReteICA>\r
            <!--Optional:-->\r
            <ebil:CalculaReteIVA>?</ebil:CalculaReteIVA>\r
            <!--Optional:-->\r
            <ebil:EmisionAutomatica>?</ebil:EmisionAutomatica>\r
            <!--Optional:-->\r
            <ebil:FacturasSinAcuerdo>?</ebil:FacturasSinAcuerdo>\r
            <!--Optional:-->\r
            <ebil:ModeloXAceptacion>?</ebil:ModeloXAceptacion>\r
            <!--Optional:-->\r
            <ebil:NotasRelacionadas>?</ebil:NotasRelacionadas>\r
            <!--Optional:-->\r
            <ebil:OrderControl>?</ebil:OrderControl>\r
            <!--Optional:-->\r
            <ebil:TieneAcuerdosFisicos>?</ebil:TieneAcuerdosFisicos>\r
            <!--Optional:-->\r
            <ebil:TokenConexion>?</ebil:TokenConexion>\r
            <!--Optional:-->\r
            <ebil:eBillAdmNumerosFactura>?</ebil:eBillAdmNumerosFactura>\r
         </tem:Opciones>\r
      </tem:CargarDocumentosElectronicosToeBillGenericFULL>\r
   </soapenv:Body>\r
</soapenv:Envelope>]]></con:request><con:wsaConfig mustUnderstand="NONE" version="200508" action="http://tempuri.org/IIntegracion/CargarDocumentosElectronicosToeBillGenericFULL"/></con:call></con:operation><con:operation id="f15cef88-0854-4bb4-b836-ab7c33a3ad70" isOneWay="false" action="http://tempuri.org/IIntegracion/CargarDocumentosElectronicosToeBillGenericFULLDesdePDF" name="CargarDocumentosElectronicosToeBillGenericFULLDesdePDF" bindingOperationName="CargarDocumentosElectronicosToeBillGenericFULLDesdePDF" type="Request-Response" inputName="" receivesAttachments="false" sendsAttachments="false" anonymous="optional"><con:settings/><con:call id="9cd3e4cf-86d6-4706-8c0a-dd9f81c26f6c" name="Request 1"><con:settings/><con:encoding>UTF-8</con:encoding><con:endpoint>https://fymtest.cloudapp.net:444/ServiciosFyM/eBill/Integracion.svc</con:endpoint><con:request><![CDATA[<soapenv:Envelope xmlns:soapenv="http://schemas.xmlsoap.org/soap/envelope/" xmlns:tem="http://tempuri.org/" xmlns:ebil="http://schemas.datacontract.org/2004/07/eBillCore" xmlns:arr="http://schemas.microsoft.com/2003/10/Serialization/Arrays">\r
   <soapenv:Header/>\r
   <soapenv:Body>\r
      <tem:CargarDocumentosElectronicosToeBillGenericFULLDesdePDF>\r
         <!--Optional:-->\r
         <tem:PDFFac>cid:862122637463</tem:PDFFac>\r
         <!--Optional:-->\r
         <tem:CoorListXPage>\r
            <!--Zero or more repetitions:-->\r
            <ebil:CoordenadasPixelesByPage>\r
               <!--Optional:-->\r
               <ebil:Page>?</ebil:Page>\r
               <!--Optional:-->\r
               <ebil:ValorAlto>?</ebil:ValorAlto>\r
               <!--Optional:-->\r
               <ebil:ValorAncho>?</ebil:ValorAncho>\r
               <!--Optional:-->\r
               <ebil:ValorX>?</ebil:ValorX>\r
               <!--Optional:-->\r
               <ebil:ValorY>?</ebil:ValorY>\r
            </ebil:CoordenadasPixelesByPage>\r
         </tem:CoorListXPage>\r
         <!--Optional:-->\r
         <tem:FacCab>\r
            <!--Optional:-->\r
            <ebil:AnoAprobacionRes>?</ebil:AnoAprobacionRes>\r
            <!--Optional:-->\r
            <ebil:Base_Impuesto>?</ebil:Base_Impuesto>\r
            <!--Optional:-->\r
            <ebil:CFD_EST_estado_tramit>?</ebil:CFD_EST_estado_tramit>\r
            <!--Optional:-->\r
            <ebil:CFD_Flete>?</ebil:CFD_Flete>\r
            <!--Optional:-->\r
            <ebil:CFD_OtrosCargos>?</ebil:CFD_OtrosCargos>\r
            <!--Optional:-->\r
            <ebil:CFD_Por_Margen>?</ebil:CFD_Por_Margen>\r
            <!--Optional:-->\r
            <ebil:CFD_ResponseCode>?</ebil:CFD_ResponseCode>\r
            <!--Optional:-->\r
            <ebil:CFD_base_ICA_total>?</ebil:CFD_base_ICA_total>\r
            <!--Optional:-->\r
            <ebil:CFD_base_impo_total_nal>?</ebil:CFD_base_impo_total_nal>\r
            <!--Optional:-->\r
            <ebil:CFD_base_impo_total_reg>?</ebil:CFD_base_impo_total_reg>\r
            <!--Optional:-->\r
            <ebil:CFD_campo_texto_10>?</ebil:CFD_campo_texto_10>\r
            <!--Optional:-->\r
            <ebil:CFD_campo_texto_11>?</ebil:CFD_campo_texto_11>\r
            <!--Optional:-->\r
            <ebil:CFD_campo_texto_12>?</ebil:CFD_campo_texto_12>\r
            <!--Optional:-->\r
            <ebil:CFD_campo_texto_13>?</ebil:CFD_campo_texto_13>\r
            <!--Optional:-->\r
            <ebil:CFD_campo_texto_14>?</ebil:CFD_campo_texto_14>\r
            <!--Optional:-->\r
            <ebil:CFD_campo_texto_15>?</ebil:CFD_campo_texto_15>\r
            <!--Optional:-->\r
            <ebil:CFD_campo_texto_16>?</ebil:CFD_campo_texto_16>\r
            <!--Optional:-->\r
            <ebil:CFD_campo_texto_17>?</ebil:CFD_campo_texto_17>\r
            <!--Optional:-->\r
            <ebil:CFD_campo_texto_18>?</ebil:CFD_campo_texto_18>\r
            <!--Optional:-->\r
            <ebil:CFD_campo_texto_19>?</ebil:CFD_campo_texto_19>\r
            <!--Optional:-->\r
            <ebil:CFD_campo_texto_20>?</ebil:CFD_campo_texto_20>\r
            <!--Optional:-->\r
            <ebil:CFD_campo_texto_21>?</ebil:CFD_campo_texto_21>\r
            <!--Optional:-->\r
            <ebil:CFD_campo_texto_22>?</ebil:CFD_campo_texto_22>\r
            <!--Optional:-->\r
            <ebil:CFD_campo_texto_23>?</ebil:CFD_campo_texto_23>\r
            <!--Optional:-->\r
            <ebil:CFD_campo_texto_24>?</ebil:CFD_campo_texto_24>\r
            <!--Optional:-->\r
            <ebil:CFD_campo_texto_25>?</ebil:CFD_campo_texto_25>\r
            <!--Optional:-->\r
            <ebil:CFD_campo_texto_26>?</ebil:CFD_campo_texto_26>\r
            <!--Optional:-->\r
            <ebil:CFD_campo_texto_27>?</ebil:CFD_campo_texto_27>\r
            <!--Optional:-->\r
            <ebil:CFD_campo_texto_28>?</ebil:CFD_campo_texto_28>\r
            <!--Optional:-->\r
            <ebil:CFD_campo_texto_29>?</ebil:CFD_campo_texto_29>\r
            <!--Optional:-->\r
            <ebil:CFD_campo_texto_30>?</ebil:CFD_campo_texto_30>\r
            <!--Optional:-->\r
            <ebil:CFD_campo_texto_9>?</ebil:CFD_campo_texto_9>\r
            <!--Optional:-->\r
            <ebil:CFD_cantidad_dec_1>?</ebil:CFD_cantidad_dec_1>\r
            <!--Optional:-->\r
            <ebil:CFD_cantidad_dec_10>?</ebil:CFD_cantidad_dec_10>\r
            <!--Optional:-->\r
            <ebil:CFD_cantidad_dec_11>?</ebil:CFD_cantidad_dec_11>\r
            <!--Optional:-->\r
            <ebil:CFD_cantidad_dec_12>?</ebil:CFD_cantidad_dec_12>\r
            <!--Optional:-->\r
            <ebil:CFD_cantidad_dec_13>?</ebil:CFD_cantidad_dec_13>\r
            <!--Optional:-->\r
            <ebil:CFD_cantidad_dec_14>?</ebil:CFD_cantidad_dec_14>\r
            <!--Optional:-->\r
            <ebil:CFD_cantidad_dec_15>?</ebil:CFD_cantidad_dec_15>\r
            <!--Optional:-->\r
            <ebil:CFD_cantidad_dec_16>?</ebil:CFD_cantidad_dec_16>\r
            <!--Optional:-->\r
            <ebil:CFD_cantidad_dec_17>?</ebil:CFD_cantidad_dec_17>\r
            <!--Optional:-->\r
            <ebil:CFD_cantidad_dec_18>?</ebil:CFD_cantidad_dec_18>\r
            <!--Optional:-->\r
            <ebil:CFD_cantidad_dec_19>?</ebil:CFD_cantidad_dec_19>\r
            <!--Optional:-->\r
            <ebil:CFD_cantidad_dec_20>?</ebil:CFD_cantidad_dec_20>\r
            <!--Optional:-->\r
            <ebil:CFD_cantidad_dec_21>?</ebil:CFD_cantidad_dec_21>\r
            <!--Optional:-->\r
            <ebil:CFD_cantidad_dec_22>?</ebil:CFD_cantidad_dec_22>\r
            <!--Optional:-->\r
            <ebil:CFD_cantidad_dec_23>?</ebil:CFD_cantidad_dec_23>\r
            <!--Optional:-->\r
            <ebil:CFD_cantidad_dec_24>?</ebil:CFD_cantidad_dec_24>\r
            <!--Optional:-->\r
            <ebil:CFD_cantidad_dec_25>?</ebil:CFD_cantidad_dec_25>\r
            <!--Optional:-->\r
            <ebil:CFD_cantidad_dec_4>?</ebil:CFD_cantidad_dec_4>\r
            <!--Optional:-->\r
            <ebil:CFD_cantidad_dec_5>?</ebil:CFD_cantidad_dec_5>\r
            <!--Optional:-->\r
            <ebil:CFD_cantidad_dec_6>?</ebil:CFD_cantidad_dec_6>\r
            <!--Optional:-->\r
            <ebil:CFD_cantidad_dec_7>?</ebil:CFD_cantidad_dec_7>\r
            <!--Optional:-->\r
            <ebil:CFD_cantidad_dec_8>?</ebil:CFD_cantidad_dec_8>\r
            <!--Optional:-->\r
            <ebil:CFD_cantidad_dec_9>?</ebil:CFD_cantidad_dec_9>\r
            <!--Optional:-->\r
            <ebil:CFD_deducible>?</ebil:CFD_deducible>\r
            <!--Optional:-->\r
            <ebil:CFD_desconexion_servicio>?</ebil:CFD_desconexion_servicio>\r
            <!--Optional:-->\r
            <ebil:CFD_fecha_desconexion>?</ebil:CFD_fecha_desconexion>\r
            <!--Optional:-->\r
            <ebil:CFD_fecha_tasadeCambio>?</ebil:CFD_fecha_tasadeCambio>\r
            <!--Optional:-->\r
            <ebil:CFD_numero_enlace_doc_ref>?</ebil:CFD_numero_enlace_doc_ref>\r
            <!--Optional:-->\r
            <ebil:CFD_porc_rte_ICA>?</ebil:CFD_porc_rte_ICA>\r
            <!--Optional:-->\r
            <ebil:CFD_porc_rte_fuent>?</ebil:CFD_porc_rte_fuent>\r
            <!--Optional:-->\r
            <ebil:CFD_tasa_mora>?</ebil:CFD_tasa_mora>\r
            <!--Optional:-->\r
            <ebil:CFD_tdi_id_tipo_doc_interno>?</ebil:CFD_tdi_id_tipo_doc_interno>\r
            <!--Optional:-->\r
            <ebil:CFD_total_ICA>?</ebil:CFD_total_ICA>\r
            <!--Optional:-->\r
            <ebil:CFD_total_aduana_exp>?</ebil:CFD_total_aduana_exp>\r
            <!--Optional:-->\r
            <ebil:CFD_total_cargos>?</ebil:CFD_total_cargos>\r
            <!--Optional:-->\r
            <ebil:CFD_total_descuentos>?</ebil:CFD_total_descuentos>\r
            <!--Optional:-->\r
            <ebil:CFD_total_margen>?</ebil:CFD_total_margen>\r
            <!--Optional:-->\r
            <ebil:CFD_total_seguro_exp>?</ebil:CFD_total_seguro_exp>\r
            <!--Optional:-->\r
            <ebil:CLI_numero_cliente>?</ebil:CLI_numero_cliente>\r
            <!--Optional:-->\r
            <ebil:CREETotal>?</ebil:CREETotal>\r
            <!--Optional:-->\r
            <ebil:CampoTexto1>?</ebil:CampoTexto1>\r
            <!--Optional:-->\r
            <ebil:CampoTexto2>?</ebil:CampoTexto2>\r
            <!--Optional:-->\r
            <ebil:CampoTexto3>?</ebil:CampoTexto3>\r
            <!--Optional:-->\r
            <ebil:CampoTexto4>?</ebil:CampoTexto4>\r
            <!--Optional:-->\r
            <ebil:CampoTexto5>?</ebil:CampoTexto5>\r
            <!--Optional:-->\r
            <ebil:CampoTexto6>?</ebil:CampoTexto6>\r
            <!--Optional:-->\r
            <ebil:CampoTexto7>?</ebil:CampoTexto7>\r
            <!--Optional:-->\r
            <ebil:CampoTexto8>?</ebil:CampoTexto8>\r
            <!--Optional:-->\r
            <ebil:Cantidad1>?</ebil:Cantidad1>\r
            <!--Optional:-->\r
            <ebil:Cantidad2>?</ebil:Cantidad2>\r
            <!--Optional:-->\r
            <ebil:Cantidad3>?</ebil:Cantidad3>\r
            <!--Optional:-->\r
            <ebil:CantidadDec1>?</ebil:CantidadDec1>\r
            <!--Optional:-->\r
            <ebil:CantidadDec2>?</ebil:CantidadDec2>\r
            <!--Optional:-->\r
            <ebil:CantidadDec3>?</ebil:CantidadDec3>\r
            <!--Optional:-->\r
            <ebil:CiudadDANE>?</ebil:CiudadDANE>\r
            <!--Optional:-->\r
            <ebil:CodVendedor>?</ebil:CodVendedor>\r
            <!--Optional:-->\r
            <ebil:CodigoPostalCliente>?</ebil:CodigoPostalCliente>\r
            <!--Optional:-->\r
            <ebil:CodigoPostalEnvio>?</ebil:CodigoPostalEnvio>\r
            <!--Optional:-->\r
            <ebil:ComprobanteCon>?</ebil:ComprobanteCon>\r
            <!--Optional:-->\r
            <ebil:Condiciones_Pago>?</ebil:Condiciones_Pago>\r
            <!--Optional:-->\r
            <ebil:ContactoCargo>?</ebil:ContactoCargo>\r
            <!--Optional:-->\r
            <ebil:ContactoCorreo>?</ebil:ContactoCorreo>\r
            <!--Optional:-->\r
            <ebil:ContactoNombre>?</ebil:ContactoNombre>\r
            <!--Optional:-->\r
            <ebil:CorreoCliente>?</ebil:CorreoCliente>\r
            <!--Optional:-->\r
            <ebil:DepartamentoDANE>?</ebil:DepartamentoDANE>\r
            <!--Optional:-->\r
            <ebil:DescripcionPlan>?</ebil:DescripcionPlan>\r
            <!--Optional:-->\r
            <ebil:Descuento>?</ebil:Descuento>\r
            <!--Optional:-->\r
            <ebil:DigitoVerificaCliente>?</ebil:DigitoVerificaCliente>\r
            <!--Optional:-->\r
            <ebil:DireccionCliente>?</ebil:DireccionCliente>\r
            <!--Optional:-->\r
            <ebil:EstiloFactura>?</ebil:EstiloFactura>\r
            <!--Optional:-->\r
            <ebil:FechaExpedicion>?</ebil:FechaExpedicion>\r
            <!--Optional:-->\r
            <ebil:FechaFinalPeriodoFacturado>?</ebil:FechaFinalPeriodoFacturado>\r
            <!--Optional:-->\r
            <ebil:FechaInicialPeriodoFacturado>?</ebil:FechaInicialPeriodoFacturado>\r
            <!--Optional:-->\r
            <ebil:FechaVencimiento>?</ebil:FechaVencimiento>\r
            <!--Optional:-->\r
            <ebil:FormaPago>?</ebil:FormaPago>\r
            <!--Optional:-->\r
            <ebil:IDInterno>?</ebil:IDInterno>\r
            <!--Optional:-->\r
            <ebil:IDUbicacionCliente>?</ebil:IDUbicacionCliente>\r
            <!--Optional:-->\r
            <ebil:IDUbicacionEnvio>?</ebil:IDUbicacionEnvio>\r
            <!--Optional:-->\r
            <ebil:IdPlan>?</ebil:IdPlan>\r
            <!--Optional:-->\r
            <ebil:IdSucursal>?</ebil:IdSucursal>\r
            <!--Optional:-->\r
            <ebil:Incoterm>?</ebil:Incoterm>\r
            <!--Optional:-->\r
            <ebil:InfoAdicional>?</ebil:InfoAdicional>\r
            <!--Optional:-->\r
            <ebil:LugarTerminosEntrega>?</ebil:LugarTerminosEntrega>\r
            <!--Optional:-->\r
            <ebil:MesCausado>?</ebil:MesCausado>\r
            <!--Optional:-->\r
            <ebil:MonedaISO>?</ebil:MonedaISO>\r
            <!--Optional:-->\r
            <ebil:NitCliente>?</ebil:NitCliente>\r
            <!--Optional:-->\r
            <ebil:NitEmpresa>?</ebil:NitEmpresa>\r
            <!--Optional:-->\r
            <ebil:NombreCliente>?</ebil:NombreCliente>\r
            <!--Optional:-->\r
            <ebil:NombrePlan>?</ebil:NombrePlan>\r
            <!--Optional:-->\r
            <ebil:NombreVendedor>?</ebil:NombreVendedor>\r
            <!--Optional:-->\r
            <ebil:NumAprobacionRes>?</ebil:NumAprobacionRes>\r
            <!--Optional:-->\r
            <ebil:NumFactura>?</ebil:NumFactura>\r
            <!--Optional:-->\r
            <ebil:OrderID>?</ebil:OrderID>\r
            <!--Optional:-->\r
            <ebil:PAI_ISO_3166>?</ebil:PAI_ISO_3166>\r
            <!--Optional:-->\r
            <ebil:PagoAnterior>?</ebil:PagoAnterior>\r
            <!--Optional:-->\r
            <ebil:Prefijo>?</ebil:Prefijo>\r
            <!--Optional:-->\r
            <ebil:ReferenciaCliente>?</ebil:ReferenciaCliente>\r
            <!--Optional:-->\r
            <ebil:RetencionCREETotal>?</ebil:RetencionCREETotal>\r
            <!--Optional:-->\r
            <ebil:SMSXDoc>?</ebil:SMSXDoc>\r
            <!--Optional:-->\r
            <ebil:SaldoAnterior>?</ebil:SaldoAnterior>\r
            <!--Optional:-->\r
            <ebil:SubTotal>?</ebil:SubTotal>\r
            <!--Optional:-->\r
            <ebil:SubTotalSegunMon>?</ebil:SubTotalSegunMon>\r
            <!--Optional:-->\r
            <ebil:Sucursal>?</ebil:Sucursal>\r
            <!--Optional:-->\r
            <ebil:TIP_id_tipo_persona>?</ebil:TIP_id_tipo_persona>\r
            <!--Optional:-->\r
            <ebil:TasaCambio>?</ebil:TasaCambio>\r
            <!--Optional:-->\r
            <ebil:TelefonoCliente>?</ebil:TelefonoCliente>\r
            <!--Optional:-->\r
            <ebil:Texto3>?</ebil:Texto3>\r
            <!--Optional:-->\r
            <ebil:TieneAcuerdo>?</ebil:TieneAcuerdo>\r
            <!--Optional:-->\r
            <ebil:TipoComprobante>?</ebil:TipoComprobante>\r
            <!--Optional:-->\r
            <ebil:TipoContribuyente>?</ebil:TipoContribuyente>\r
            <!--Optional:-->\r
            <ebil:TipoIDCliente>?</ebil:TipoIDCliente>\r
            <!--Optional:-->\r
            <ebil:Total>?</ebil:Total>\r
            <!--Optional:-->\r
            <ebil:TotalIVA>?</ebil:TotalIVA>\r
            <!--Optional:-->\r
            <ebil:TotalIVASegunMon>?</ebil:TotalIVASegunMon>\r
            <!--Optional:-->\r
            <ebil:TotalRetICA>?</ebil:TotalRetICA>\r
            <!--Optional:-->\r
            <ebil:TotalRetIVA>?</ebil:TotalRetIVA>\r
            <!--Optional:-->\r
            <ebil:TotalRetencion>?</ebil:TotalRetencion>\r
            <!--Optional:-->\r
            <ebil:TotalSegunMon>?</ebil:TotalSegunMon>\r
            <!--Optional:-->\r
            <ebil:TotalTraslado>?</ebil:TotalTraslado>\r
            <!--Optional:-->\r
            <ebil:Total_a_Pagar>?</ebil:Total_a_Pagar>\r
            <!--Optional:-->\r
            <ebil:ValorHasta1>?</ebil:ValorHasta1>\r
            <!--Optional:-->\r
            <ebil:ValorHasta2>?</ebil:ValorHasta2>\r
            <!--Optional:-->\r
            <ebil:ValorHasta3>?</ebil:ValorHasta3>\r
            <!--Optional:-->\r
            <ebil:ValorHasta4>?</ebil:ValorHasta4>\r
            <!--Optional:-->\r
            <ebil:cfd_activa_nota1>?</ebil:cfd_activa_nota1>\r
            <!--Optional:-->\r
            <ebil:ciudad_envio>?</ebil:ciudad_envio>\r
            <!--Optional:-->\r
            <ebil:code1>?</ebil:code1>\r
            <!--Optional:-->\r
            <ebil:code2>?</ebil:code2>\r
            <!--Optional:-->\r
            <ebil:code3>?</ebil:code3>\r
            <!--Optional:-->\r
            <ebil:curso>?</ebil:curso>\r
            <!--Optional:-->\r
            <ebil:departamento_envio>?</ebil:departamento_envio>\r
            <!--Optional:-->\r
            <ebil:direccion_envio>?</ebil:direccion_envio>\r
            <!--Optional:-->\r
            <ebil:numero_envio>?</ebil:numero_envio>\r
            <!--Optional:-->\r
            <ebil:orden_venta>?</ebil:orden_venta>\r
            <!--Optional:-->\r
            <ebil:pague_hasta1>?</ebil:pague_hasta1>\r
            <!--Optional:-->\r
            <ebil:pague_hasta2>?</ebil:pague_hasta2>\r
            <!--Optional:-->\r
            <ebil:pague_hasta3>?</ebil:pague_hasta3>\r
            <!--Optional:-->\r
            <ebil:referencia>?</ebil:referencia>\r
            <!--Optional:-->\r
            <ebil:referencia1>?</ebil:referencia1>\r
            <!--Optional:-->\r
            <ebil:referencia_envio>?</ebil:referencia_envio>\r
            <!--Optional:-->\r
            <ebil:telefono_envio>?</ebil:telefono_envio>\r
         </tem:FacCab>\r
         <!--Optional:-->\r
         <tem:DetFac>\r
            <!--Zero or more repetitions:-->\r
            <ebil:CFDDetConexionInt>\r
               <!--Optional:-->\r
               <ebil:CON_base_ica>?</ebil:CON_base_ica>\r
               <!--Optional:-->\r
               <ebil:CON_base_impo_n>?</ebil:CON_base_impo_n>\r
               <!--Optional:-->\r
               <ebil:CON_base_impo_r>?</ebil:CON_base_impo_r>\r
               <!--Optional:-->\r
               <ebil:CON_base_iva>?</ebil:CON_base_iva>\r
               <!--Optional:-->\r
               <ebil:CON_cantidad_original_solicitada>?</ebil:CON_cantidad_original_solicitada>\r
               <!--Optional:-->\r
               <ebil:CON_categoria_0>?</ebil:CON_categoria_0>\r
               <!--Optional:-->\r
               <ebil:CON_categoria_1>?</ebil:CON_categoria_1>\r
               <!--Optional:-->\r
               <ebil:CON_categoria_2>?</ebil:CON_categoria_2>\r
               <!--Optional:-->\r
               <ebil:CON_categoria_3>?</ebil:CON_categoria_3>\r
               <!--Optional:-->\r
               <ebil:CON_ciudad_despacho>?</ebil:CON_ciudad_despacho>\r
               <!--Optional:-->\r
               <ebil:CON_dato_decimal1>?</ebil:CON_dato_decimal1>\r
               <!--Optional:-->\r
               <ebil:CON_dato_decimal10>?</ebil:CON_dato_decimal10>\r
               <!--Optional:-->\r
               <ebil:CON_dato_decimal11>?</ebil:CON_dato_decimal11>\r
               <!--Optional:-->\r
               <ebil:CON_dato_decimal12>?</ebil:CON_dato_decimal12>\r
               <!--Optional:-->\r
               <ebil:CON_dato_decimal13>?</ebil:CON_dato_decimal13>\r
               <!--Optional:-->\r
               <ebil:CON_dato_decimal14>?</ebil:CON_dato_decimal14>\r
               <!--Optional:-->\r
               <ebil:CON_dato_decimal15>?</ebil:CON_dato_decimal15>\r
               <!--Optional:-->\r
               <ebil:CON_dato_decimal2>?</ebil:CON_dato_decimal2>\r
               <!--Optional:-->\r
               <ebil:CON_dato_decimal3>?</ebil:CON_dato_decimal3>\r
               <!--Optional:-->\r
               <ebil:CON_dato_decimal4>?</ebil:CON_dato_decimal4>\r
               <!--Optional:-->\r
               <ebil:CON_dato_decimal5>?</ebil:CON_dato_decimal5>\r
               <!--Optional:-->\r
               <ebil:CON_dato_decimal6>?</ebil:CON_dato_decimal6>\r
               <!--Optional:-->\r
               <ebil:CON_dato_decimal7>?</ebil:CON_dato_decimal7>\r
               <!--Optional:-->\r
               <ebil:CON_dato_decimal8>?</ebil:CON_dato_decimal8>\r
               <!--Optional:-->\r
               <ebil:CON_dato_decimal9>?</ebil:CON_dato_decimal9>\r
               <!--Optional:-->\r
               <ebil:CON_dato_destino>?</ebil:CON_dato_destino>\r
               <!--Optional:-->\r
               <ebil:CON_dato_fecha>?</ebil:CON_dato_fecha>\r
               <!--Optional:-->\r
               <ebil:CON_dato_origen>?</ebil:CON_dato_origen>\r
               <!--Optional:-->\r
               <ebil:CON_dato_peso>?</ebil:CON_dato_peso>\r
               <!--Optional:-->\r
               <ebil:CON_dato_placa>?</ebil:CON_dato_placa>\r
               <!--Optional:-->\r
               <ebil:CON_dato_referencia>?</ebil:CON_dato_referencia>\r
               <!--Optional:-->\r
               <ebil:CON_dato_texto1>?</ebil:CON_dato_texto1>\r
               <!--Optional:-->\r
               <ebil:CON_dato_texto10>?</ebil:CON_dato_texto10>\r
               <!--Optional:-->\r
               <ebil:CON_dato_texto11>?</ebil:CON_dato_texto11>\r
               <!--Optional:-->\r
               <ebil:CON_dato_texto12>?</ebil:CON_dato_texto12>\r
               <!--Optional:-->\r
               <ebil:CON_dato_texto13>?</ebil:CON_dato_texto13>\r
               <!--Optional:-->\r
               <ebil:CON_dato_texto14>?</ebil:CON_dato_texto14>\r
               <!--Optional:-->\r
               <ebil:CON_dato_texto15>?</ebil:CON_dato_texto15>\r
               <!--Optional:-->\r
               <ebil:CON_dato_texto2>?</ebil:CON_dato_texto2>\r
               <!--Optional:-->\r
               <ebil:CON_dato_texto3>?</ebil:CON_dato_texto3>\r
               <!--Optional:-->\r
               <ebil:CON_dato_texto4>?</ebil:CON_dato_texto4>\r
               <!--Optional:-->\r
               <ebil:CON_dato_texto5>?</ebil:CON_dato_texto5>\r
               <!--Optional:-->\r
               <ebil:CON_dato_texto6>?</ebil:CON_dato_texto6>\r
               <!--Optional:-->\r
               <ebil:CON_dato_texto7>?</ebil:CON_dato_texto7>\r
               <!--Optional:-->\r
               <ebil:CON_dato_texto8>?</ebil:CON_dato_texto8>\r
               <!--Optional:-->\r
               <ebil:CON_dato_texto9>?</ebil:CON_dato_texto9>\r
               <!--Optional:-->\r
               <ebil:CON_departamento_despacho>?</ebil:CON_departamento_despacho>\r
               <!--Optional:-->\r
               <ebil:CON_detalle_construccion>?</ebil:CON_detalle_construccion>\r
               <!--Optional:-->\r
               <ebil:CON_detalle_industria1>?</ebil:CON_detalle_industria1>\r
               <!--Optional:-->\r
               <ebil:CON_detalle_industria2>?</ebil:CON_detalle_industria2>\r
               <!--Optional:-->\r
               <ebil:CON_detalle_industria3>?</ebil:CON_detalle_industria3>\r
               <!--Optional:-->\r
               <ebil:CON_detalle_vehiculo>?</ebil:CON_detalle_vehiculo>\r
               <!--Optional:-->\r
               <ebil:CON_direccion_despacho>?</ebil:CON_direccion_despacho>\r
               <!--Optional:-->\r
               <ebil:CON_documentos_referencia>?</ebil:CON_documentos_referencia>\r
               <!--Optional:-->\r
               <ebil:CON_linea_concepto>?</ebil:CON_linea_concepto>\r
               <!--Optional:-->\r
               <ebil:CON_linea_padre_concepto>?</ebil:CON_linea_padre_concepto>\r
               <!--Optional:-->\r
               <ebil:CON_posicion_arancelaria>?</ebil:CON_posicion_arancelaria>\r
               <!--Optional:-->\r
               <ebil:CON_sub_cliente>?</ebil:CON_sub_cliente>\r
               <!--Optional:-->\r
               <ebil:CON_total_con_seg_mon>?</ebil:CON_total_con_seg_mon>\r
               <!--Optional:-->\r
               <ebil:CON_unidad_medida_con>?</ebil:CON_unidad_medida_con>\r
               <!--Optional:-->\r
               <ebil:CON_valor_otros_cargos>?</ebil:CON_valor_otros_cargos>\r
               <!--Optional:-->\r
               <ebil:CON_valor_otros_descuentos>?</ebil:CON_valor_otros_descuentos>\r
               <!--Optional:-->\r
               <ebil:CON_valor_unitario_seg_mon>?</ebil:CON_valor_unitario_seg_mon>\r
               <!--Optional:-->\r
               <ebil:CREE>?</ebil:CREE>\r
               <!--Optional:-->\r
               <ebil:Cantidad>?</ebil:Cantidad>\r
               <!--Optional:-->\r
               <ebil:ClaseMovimiento>?</ebil:ClaseMovimiento>\r
               <!--Optional:-->\r
               <ebil:CodigoProducto>?</ebil:CodigoProducto>\r
               <!--Optional:-->\r
               <ebil:Codigos>\r
                  <!--Zero or more repetitions:-->\r
                  <arr:string>?</arr:string>\r
               </ebil:Codigos>\r
               <!--Optional:-->\r
               <ebil:CodigosString>?</ebil:CodigosString>\r
               <!--Optional:-->\r
               <ebil:DescripcionConcepto>?</ebil:DescripcionConcepto>\r
               <!--Optional:-->\r
               <ebil:DescripcionProducto>?</ebil:DescripcionProducto>\r
               <!--Optional:-->\r
               <ebil:DescuentoConcepto>?</ebil:DescuentoConcepto>\r
               <!--Optional:-->\r
               <ebil:FechaRecibe>?</ebil:FechaRecibe>\r
               <!--Optional:-->\r
               <ebil:IVAProducto>?</ebil:IVAProducto>\r
               <!--Optional:-->\r
               <ebil:Importe>?</ebil:Importe>\r
               <!--Optional:-->\r
               <ebil:Impuesto2>?</ebil:Impuesto2>\r
               <!--Optional:-->\r
               <ebil:ItemReferencia>?</ebil:ItemReferencia>\r
               <!--Optional:-->\r
               <ebil:NotasConcepto>?</ebil:NotasConcepto>\r
               <!--Optional:-->\r
               <ebil:PorIVAProducto>?</ebil:PorIVAProducto>\r
               <!--Optional:-->\r
               <ebil:PorImpuesto2>?</ebil:PorImpuesto2>\r
               <!--Optional:-->\r
               <ebil:PorcentajeDescuento>?</ebil:PorcentajeDescuento>\r
               <!--Optional:-->\r
               <ebil:RetencionCREE>?</ebil:RetencionCREE>\r
               <!--Optional:-->\r
               <ebil:TipoImpuesto>?</ebil:TipoImpuesto>\r
               <!--Optional:-->\r
               <ebil:TotalConSegMon>?</ebil:TotalConSegMon>\r
               <!--Optional:-->\r
               <ebil:TotalConcepto>?</ebil:TotalConcepto>\r
               <!--Optional:-->\r
               <ebil:UnidadMedida>?</ebil:UnidadMedida>\r
               <!--Optional:-->\r
               <ebil:ValorUnitario>?</ebil:ValorUnitario>\r
            </ebil:CFDDetConexionInt>\r
         </tem:DetFac>\r
         <!--Optional:-->\r
         <tem:Opciones>\r
            <!--Optional:-->\r
            <ebil:ActualizaProductos>?</ebil:ActualizaProductos>\r
            <!--Optional:-->\r
            <ebil:CalculaReteCree>?</ebil:CalculaReteCree>\r
            <!--Optional:-->\r
            <ebil:CalculaReteFuente>?</ebil:CalculaReteFuente>\r
            <!--Optional:-->\r
            <ebil:CalculaReteICA>?</ebil:CalculaReteICA>\r
            <!--Optional:-->\r
            <ebil:CalculaReteIVA>?</ebil:CalculaReteIVA>\r
            <!--Optional:-->\r
            <ebil:EmisionAutomatica>?</ebil:EmisionAutomatica>\r
            <!--Optional:-->\r
            <ebil:FacturasSinAcuerdo>?</ebil:FacturasSinAcuerdo>\r
            <!--Optional:-->\r
            <ebil:ModeloXAceptacion>?</ebil:ModeloXAceptacion>\r
            <!--Optional:-->\r
            <ebil:NotasRelacionadas>?</ebil:NotasRelacionadas>\r
            <!--Optional:-->\r
            <ebil:OrderControl>?</ebil:OrderControl>\r
            <!--Optional:-->\r
            <ebil:TieneAcuerdosFisicos>?</ebil:TieneAcuerdosFisicos>\r
            <!--Optional:-->\r
            <ebil:TokenConexion>?</ebil:TokenConexion>\r
            <!--Optional:-->\r
            <ebil:eBillAdmNumerosFactura>?</ebil:eBillAdmNumerosFactura>\r
         </tem:Opciones>\r
      </tem:CargarDocumentosElectronicosToeBillGenericFULLDesdePDF>\r
   </soapenv:Body>\r
</soapenv:Envelope>]]></con:request><con:wsaConfig mustUnderstand="NONE" version="200508" action="http://tempuri.org/IIntegracion/CargarDocumentosElectronicosToeBillGenericFULLDesdePDF"/></con:call></con:operation><con:operation id="87e938a3-8778-40ea-a53a-77f760273ef6" isOneWay="false" action="http://tempuri.org/IIntegracion/CargarDocumentosElectronicosToeBillGenericFULLFacturaMinimaLegal" name="CargarDocumentosElectronicosToeBillGenericFULLFacturaMinimaLegal" bindingOperationName="CargarDocumentosElectronicosToeBillGenericFULLFacturaMinimaLegal" type="Request-Response" inputName="" receivesAttachments="false" sendsAttachments="false" anonymous="optional"><con:settings/><con:call id="0a47886f-97a2-4aea-a04b-e5a156c168e7" name="Request 1"><con:settings/><con:encoding>UTF-8</con:encoding><con:endpoint>https://fymtest.cloudapp.net:444/ServiciosFyM/eBill/Integracion.svc</con:endpoint><con:request><![CDATA[<soapenv:Envelope xmlns:soapenv="http://schemas.xmlsoap.org/soap/envelope/" xmlns:tem="http://tempuri.org/" xmlns:ebil="http://schemas.datacontract.org/2004/07/eBillCore" xmlns:arr="http://schemas.microsoft.com/2003/10/Serialization/Arrays">\r
   <soapenv:Header/>\r
   <soapenv:Body>\r
      <tem:CargarDocumentosElectronicosToeBillGenericFULLFacturaMinimaLegal>\r
         <!--Optional:-->\r
         <tem:PDFFac>cid:986140621106</tem:PDFFac>\r
         <!--Optional:-->\r
         <tem:FacCab>\r
            <!--Optional:-->\r
            <ebil:AnoAprobacionRes>?</ebil:AnoAprobacionRes>\r
            <!--Optional:-->\r
            <ebil:Base_Impuesto>?</ebil:Base_Impuesto>\r
            <!--Optional:-->\r
            <ebil:CFD_EST_estado_tramit>?</ebil:CFD_EST_estado_tramit>\r
            <!--Optional:-->\r
            <ebil:CFD_Flete>?</ebil:CFD_Flete>\r
            <!--Optional:-->\r
            <ebil:CFD_OtrosCargos>?</ebil:CFD_OtrosCargos>\r
            <!--Optional:-->\r
            <ebil:CFD_Por_Margen>?</ebil:CFD_Por_Margen>\r
            <!--Optional:-->\r
            <ebil:CFD_ResponseCode>?</ebil:CFD_ResponseCode>\r
            <!--Optional:-->\r
            <ebil:CFD_base_ICA_total>?</ebil:CFD_base_ICA_total>\r
            <!--Optional:-->\r
            <ebil:CFD_base_impo_total_nal>?</ebil:CFD_base_impo_total_nal>\r
            <!--Optional:-->\r
            <ebil:CFD_base_impo_total_reg>?</ebil:CFD_base_impo_total_reg>\r
            <!--Optional:-->\r
            <ebil:CFD_campo_texto_10>?</ebil:CFD_campo_texto_10>\r
            <!--Optional:-->\r
            <ebil:CFD_campo_texto_11>?</ebil:CFD_campo_texto_11>\r
            <!--Optional:-->\r
            <ebil:CFD_campo_texto_12>?</ebil:CFD_campo_texto_12>\r
            <!--Optional:-->\r
            <ebil:CFD_campo_texto_13>?</ebil:CFD_campo_texto_13>\r
            <!--Optional:-->\r
            <ebil:CFD_campo_texto_14>?</ebil:CFD_campo_texto_14>\r
            <!--Optional:-->\r
            <ebil:CFD_campo_texto_15>?</ebil:CFD_campo_texto_15>\r
            <!--Optional:-->\r
            <ebil:CFD_campo_texto_16>?</ebil:CFD_campo_texto_16>\r
            <!--Optional:-->\r
            <ebil:CFD_campo_texto_17>?</ebil:CFD_campo_texto_17>\r
            <!--Optional:-->\r
            <ebil:CFD_campo_texto_18>?</ebil:CFD_campo_texto_18>\r
            <!--Optional:-->\r
            <ebil:CFD_campo_texto_19>?</ebil:CFD_campo_texto_19>\r
            <!--Optional:-->\r
            <ebil:CFD_campo_texto_20>?</ebil:CFD_campo_texto_20>\r
            <!--Optional:-->\r
            <ebil:CFD_campo_texto_21>?</ebil:CFD_campo_texto_21>\r
            <!--Optional:-->\r
            <ebil:CFD_campo_texto_22>?</ebil:CFD_campo_texto_22>\r
            <!--Optional:-->\r
            <ebil:CFD_campo_texto_23>?</ebil:CFD_campo_texto_23>\r
            <!--Optional:-->\r
            <ebil:CFD_campo_texto_24>?</ebil:CFD_campo_texto_24>\r
            <!--Optional:-->\r
            <ebil:CFD_campo_texto_25>?</ebil:CFD_campo_texto_25>\r
            <!--Optional:-->\r
            <ebil:CFD_campo_texto_26>?</ebil:CFD_campo_texto_26>\r
            <!--Optional:-->\r
            <ebil:CFD_campo_texto_27>?</ebil:CFD_campo_texto_27>\r
            <!--Optional:-->\r
            <ebil:CFD_campo_texto_28>?</ebil:CFD_campo_texto_28>\r
            <!--Optional:-->\r
            <ebil:CFD_campo_texto_29>?</ebil:CFD_campo_texto_29>\r
            <!--Optional:-->\r
            <ebil:CFD_campo_texto_30>?</ebil:CFD_campo_texto_30>\r
            <!--Optional:-->\r
            <ebil:CFD_campo_texto_9>?</ebil:CFD_campo_texto_9>\r
            <!--Optional:-->\r
            <ebil:CFD_cantidad_dec_1>?</ebil:CFD_cantidad_dec_1>\r
            <!--Optional:-->\r
            <ebil:CFD_cantidad_dec_10>?</ebil:CFD_cantidad_dec_10>\r
            <!--Optional:-->\r
            <ebil:CFD_cantidad_dec_11>?</ebil:CFD_cantidad_dec_11>\r
            <!--Optional:-->\r
            <ebil:CFD_cantidad_dec_12>?</ebil:CFD_cantidad_dec_12>\r
            <!--Optional:-->\r
            <ebil:CFD_cantidad_dec_13>?</ebil:CFD_cantidad_dec_13>\r
            <!--Optional:-->\r
            <ebil:CFD_cantidad_dec_14>?</ebil:CFD_cantidad_dec_14>\r
            <!--Optional:-->\r
            <ebil:CFD_cantidad_dec_15>?</ebil:CFD_cantidad_dec_15>\r
            <!--Optional:-->\r
            <ebil:CFD_cantidad_dec_16>?</ebil:CFD_cantidad_dec_16>\r
            <!--Optional:-->\r
            <ebil:CFD_cantidad_dec_17>?</ebil:CFD_cantidad_dec_17>\r
            <!--Optional:-->\r
            <ebil:CFD_cantidad_dec_18>?</ebil:CFD_cantidad_dec_18>\r
            <!--Optional:-->\r
            <ebil:CFD_cantidad_dec_19>?</ebil:CFD_cantidad_dec_19>\r
            <!--Optional:-->\r
            <ebil:CFD_cantidad_dec_20>?</ebil:CFD_cantidad_dec_20>\r
            <!--Optional:-->\r
            <ebil:CFD_cantidad_dec_21>?</ebil:CFD_cantidad_dec_21>\r
            <!--Optional:-->\r
            <ebil:CFD_cantidad_dec_22>?</ebil:CFD_cantidad_dec_22>\r
            <!--Optional:-->\r
            <ebil:CFD_cantidad_dec_23>?</ebil:CFD_cantidad_dec_23>\r
            <!--Optional:-->\r
            <ebil:CFD_cantidad_dec_24>?</ebil:CFD_cantidad_dec_24>\r
            <!--Optional:-->\r
            <ebil:CFD_cantidad_dec_25>?</ebil:CFD_cantidad_dec_25>\r
            <!--Optional:-->\r
            <ebil:CFD_cantidad_dec_4>?</ebil:CFD_cantidad_dec_4>\r
            <!--Optional:-->\r
            <ebil:CFD_cantidad_dec_5>?</ebil:CFD_cantidad_dec_5>\r
            <!--Optional:-->\r
            <ebil:CFD_cantidad_dec_6>?</ebil:CFD_cantidad_dec_6>\r
            <!--Optional:-->\r
            <ebil:CFD_cantidad_dec_7>?</ebil:CFD_cantidad_dec_7>\r
            <!--Optional:-->\r
            <ebil:CFD_cantidad_dec_8>?</ebil:CFD_cantidad_dec_8>\r
            <!--Optional:-->\r
            <ebil:CFD_cantidad_dec_9>?</ebil:CFD_cantidad_dec_9>\r
            <!--Optional:-->\r
            <ebil:CFD_deducible>?</ebil:CFD_deducible>\r
            <!--Optional:-->\r
            <ebil:CFD_desconexion_servicio>?</ebil:CFD_desconexion_servicio>\r
            <!--Optional:-->\r
            <ebil:CFD_fecha_desconexion>?</ebil:CFD_fecha_desconexion>\r
            <!--Optional:-->\r
            <ebil:CFD_fecha_tasadeCambio>?</ebil:CFD_fecha_tasadeCambio>\r
            <!--Optional:-->\r
            <ebil:CFD_numero_enlace_doc_ref>?</ebil:CFD_numero_enlace_doc_ref>\r
            <!--Optional:-->\r
            <ebil:CFD_porc_rte_ICA>?</ebil:CFD_porc_rte_ICA>\r
            <!--Optional:-->\r
            <ebil:CFD_porc_rte_fuent>?</ebil:CFD_porc_rte_fuent>\r
            <!--Optional:-->\r
            <ebil:CFD_tasa_mora>?</ebil:CFD_tasa_mora>\r
            <!--Optional:-->\r
            <ebil:CFD_tdi_id_tipo_doc_interno>?</ebil:CFD_tdi_id_tipo_doc_interno>\r
            <!--Optional:-->\r
            <ebil:CFD_total_ICA>?</ebil:CFD_total_ICA>\r
            <!--Optional:-->\r
            <ebil:CFD_total_aduana_exp>?</ebil:CFD_total_aduana_exp>\r
            <!--Optional:-->\r
            <ebil:CFD_total_cargos>?</ebil:CFD_total_cargos>\r
            <!--Optional:-->\r
            <ebil:CFD_total_descuentos>?</ebil:CFD_total_descuentos>\r
            <!--Optional:-->\r
            <ebil:CFD_total_margen>?</ebil:CFD_total_margen>\r
            <!--Optional:-->\r
            <ebil:CFD_total_seguro_exp>?</ebil:CFD_total_seguro_exp>\r
            <!--Optional:-->\r
            <ebil:CLI_numero_cliente>?</ebil:CLI_numero_cliente>\r
            <!--Optional:-->\r
            <ebil:CREETotal>?</ebil:CREETotal>\r
            <!--Optional:-->\r
            <ebil:CampoTexto1>?</ebil:CampoTexto1>\r
            <!--Optional:-->\r
            <ebil:CampoTexto2>?</ebil:CampoTexto2>\r
            <!--Optional:-->\r
            <ebil:CampoTexto3>?</ebil:CampoTexto3>\r
            <!--Optional:-->\r
            <ebil:CampoTexto4>?</ebil:CampoTexto4>\r
            <!--Optional:-->\r
            <ebil:CampoTexto5>?</ebil:CampoTexto5>\r
            <!--Optional:-->\r
            <ebil:CampoTexto6>?</ebil:CampoTexto6>\r
            <!--Optional:-->\r
            <ebil:CampoTexto7>?</ebil:CampoTexto7>\r
            <!--Optional:-->\r
            <ebil:CampoTexto8>?</ebil:CampoTexto8>\r
            <!--Optional:-->\r
            <ebil:Cantidad1>?</ebil:Cantidad1>\r
            <!--Optional:-->\r
            <ebil:Cantidad2>?</ebil:Cantidad2>\r
            <!--Optional:-->\r
            <ebil:Cantidad3>?</ebil:Cantidad3>\r
            <!--Optional:-->\r
            <ebil:CantidadDec1>?</ebil:CantidadDec1>\r
            <!--Optional:-->\r
            <ebil:CantidadDec2>?</ebil:CantidadDec2>\r
            <!--Optional:-->\r
            <ebil:CantidadDec3>?</ebil:CantidadDec3>\r
            <!--Optional:-->\r
            <ebil:CiudadDANE>?</ebil:CiudadDANE>\r
            <!--Optional:-->\r
            <ebil:CodVendedor>?</ebil:CodVendedor>\r
            <!--Optional:-->\r
            <ebil:CodigoPostalCliente>?</ebil:CodigoPostalCliente>\r
            <!--Optional:-->\r
            <ebil:CodigoPostalEnvio>?</ebil:CodigoPostalEnvio>\r
            <!--Optional:-->\r
            <ebil:ComprobanteCon>?</ebil:ComprobanteCon>\r
            <!--Optional:-->\r
            <ebil:Condiciones_Pago>?</ebil:Condiciones_Pago>\r
            <!--Optional:-->\r
            <ebil:ContactoCargo>?</ebil:ContactoCargo>\r
            <!--Optional:-->\r
            <ebil:ContactoCorreo>?</ebil:ContactoCorreo>\r
            <!--Optional:-->\r
            <ebil:ContactoNombre>?</ebil:ContactoNombre>\r
            <!--Optional:-->\r
            <ebil:CorreoCliente>?</ebil:CorreoCliente>\r
            <!--Optional:-->\r
            <ebil:DepartamentoDANE>?</ebil:DepartamentoDANE>\r
            <!--Optional:-->\r
            <ebil:DescripcionPlan>?</ebil:DescripcionPlan>\r
            <!--Optional:-->\r
            <ebil:Descuento>?</ebil:Descuento>\r
            <!--Optional:-->\r
            <ebil:DigitoVerificaCliente>?</ebil:DigitoVerificaCliente>\r
            <!--Optional:-->\r
            <ebil:DireccionCliente>?</ebil:DireccionCliente>\r
            <!--Optional:-->\r
            <ebil:EstiloFactura>?</ebil:EstiloFactura>\r
            <!--Optional:-->\r
            <ebil:FechaExpedicion>?</ebil:FechaExpedicion>\r
            <!--Optional:-->\r
            <ebil:FechaFinalPeriodoFacturado>?</ebil:FechaFinalPeriodoFacturado>\r
            <!--Optional:-->\r
            <ebil:FechaInicialPeriodoFacturado>?</ebil:FechaInicialPeriodoFacturado>\r
            <!--Optional:-->\r
            <ebil:FechaVencimiento>?</ebil:FechaVencimiento>\r
            <!--Optional:-->\r
            <ebil:FormaPago>?</ebil:FormaPago>\r
            <!--Optional:-->\r
            <ebil:IDInterno>?</ebil:IDInterno>\r
            <!--Optional:-->\r
            <ebil:IDUbicacionCliente>?</ebil:IDUbicacionCliente>\r
            <!--Optional:-->\r
            <ebil:IDUbicacionEnvio>?</ebil:IDUbicacionEnvio>\r
            <!--Optional:-->\r
            <ebil:IdPlan>?</ebil:IdPlan>\r
            <!--Optional:-->\r
            <ebil:IdSucursal>?</ebil:IdSucursal>\r
            <!--Optional:-->\r
            <ebil:Incoterm>?</ebil:Incoterm>\r
            <!--Optional:-->\r
            <ebil:InfoAdicional>?</ebil:InfoAdicional>\r
            <!--Optional:-->\r
            <ebil:LugarTerminosEntrega>?</ebil:LugarTerminosEntrega>\r
            <!--Optional:-->\r
            <ebil:MesCausado>?</ebil:MesCausado>\r
            <!--Optional:-->\r
            <ebil:MonedaISO>?</ebil:MonedaISO>\r
            <!--Optional:-->\r
            <ebil:NitCliente>?</ebil:NitCliente>\r
            <!--Optional:-->\r
            <ebil:NitEmpresa>?</ebil:NitEmpresa>\r
            <!--Optional:-->\r
            <ebil:NombreCliente>?</ebil:NombreCliente>\r
            <!--Optional:-->\r
            <ebil:NombrePlan>?</ebil:NombrePlan>\r
            <!--Optional:-->\r
            <ebil:NombreVendedor>?</ebil:NombreVendedor>\r
            <!--Optional:-->\r
            <ebil:NumAprobacionRes>?</ebil:NumAprobacionRes>\r
            <!--Optional:-->\r
            <ebil:NumFactura>?</ebil:NumFactura>\r
            <!--Optional:-->\r
            <ebil:OrderID>?</ebil:OrderID>\r
            <!--Optional:-->\r
            <ebil:PAI_ISO_3166>?</ebil:PAI_ISO_3166>\r
            <!--Optional:-->\r
            <ebil:PagoAnterior>?</ebil:PagoAnterior>\r
            <!--Optional:-->\r
            <ebil:Prefijo>?</ebil:Prefijo>\r
            <!--Optional:-->\r
            <ebil:ReferenciaCliente>?</ebil:ReferenciaCliente>\r
            <!--Optional:-->\r
            <ebil:RetencionCREETotal>?</ebil:RetencionCREETotal>\r
            <!--Optional:-->\r
            <ebil:SMSXDoc>?</ebil:SMSXDoc>\r
            <!--Optional:-->\r
            <ebil:SaldoAnterior>?</ebil:SaldoAnterior>\r
            <!--Optional:-->\r
            <ebil:SubTotal>?</ebil:SubTotal>\r
            <!--Optional:-->\r
            <ebil:SubTotalSegunMon>?</ebil:SubTotalSegunMon>\r
            <!--Optional:-->\r
            <ebil:Sucursal>?</ebil:Sucursal>\r
            <!--Optional:-->\r
            <ebil:TIP_id_tipo_persona>?</ebil:TIP_id_tipo_persona>\r
            <!--Optional:-->\r
            <ebil:TasaCambio>?</ebil:TasaCambio>\r
            <!--Optional:-->\r
            <ebil:TelefonoCliente>?</ebil:TelefonoCliente>\r
            <!--Optional:-->\r
            <ebil:Texto3>?</ebil:Texto3>\r
            <!--Optional:-->\r
            <ebil:TieneAcuerdo>?</ebil:TieneAcuerdo>\r
            <!--Optional:-->\r
            <ebil:TipoComprobante>?</ebil:TipoComprobante>\r
            <!--Optional:-->\r
            <ebil:TipoContribuyente>?</ebil:TipoContribuyente>\r
            <!--Optional:-->\r
            <ebil:TipoIDCliente>?</ebil:TipoIDCliente>\r
            <!--Optional:-->\r
            <ebil:Total>?</ebil:Total>\r
            <!--Optional:-->\r
            <ebil:TotalIVA>?</ebil:TotalIVA>\r
            <!--Optional:-->\r
            <ebil:TotalIVASegunMon>?</ebil:TotalIVASegunMon>\r
            <!--Optional:-->\r
            <ebil:TotalRetICA>?</ebil:TotalRetICA>\r
            <!--Optional:-->\r
            <ebil:TotalRetIVA>?</ebil:TotalRetIVA>\r
            <!--Optional:-->\r
            <ebil:TotalRetencion>?</ebil:TotalRetencion>\r
            <!--Optional:-->\r
            <ebil:TotalSegunMon>?</ebil:TotalSegunMon>\r
            <!--Optional:-->\r
            <ebil:TotalTraslado>?</ebil:TotalTraslado>\r
            <!--Optional:-->\r
            <ebil:Total_a_Pagar>?</ebil:Total_a_Pagar>\r
            <!--Optional:-->\r
            <ebil:ValorHasta1>?</ebil:ValorHasta1>\r
            <!--Optional:-->\r
            <ebil:ValorHasta2>?</ebil:ValorHasta2>\r
            <!--Optional:-->\r
            <ebil:ValorHasta3>?</ebil:ValorHasta3>\r
            <!--Optional:-->\r
            <ebil:ValorHasta4>?</ebil:ValorHasta4>\r
            <!--Optional:-->\r
            <ebil:cfd_activa_nota1>?</ebil:cfd_activa_nota1>\r
            <!--Optional:-->\r
            <ebil:ciudad_envio>?</ebil:ciudad_envio>\r
            <!--Optional:-->\r
            <ebil:code1>?</ebil:code1>\r
            <!--Optional:-->\r
            <ebil:code2>?</ebil:code2>\r
            <!--Optional:-->\r
            <ebil:code3>?</ebil:code3>\r
            <!--Optional:-->\r
            <ebil:curso>?</ebil:curso>\r
            <!--Optional:-->\r
            <ebil:departamento_envio>?</ebil:departamento_envio>\r
            <!--Optional:-->\r
            <ebil:direccion_envio>?</ebil:direccion_envio>\r
            <!--Optional:-->\r
            <ebil:numero_envio>?</ebil:numero_envio>\r
            <!--Optional:-->\r
            <ebil:orden_venta>?</ebil:orden_venta>\r
            <!--Optional:-->\r
            <ebil:pague_hasta1>?</ebil:pague_hasta1>\r
            <!--Optional:-->\r
            <ebil:pague_hasta2>?</ebil:pague_hasta2>\r
            <!--Optional:-->\r
            <ebil:pague_hasta3>?</ebil:pague_hasta3>\r
            <!--Optional:-->\r
            <ebil:referencia>?</ebil:referencia>\r
            <!--Optional:-->\r
            <ebil:referencia1>?</ebil:referencia1>\r
            <!--Optional:-->\r
            <ebil:referencia_envio>?</ebil:referencia_envio>\r
            <!--Optional:-->\r
            <ebil:telefono_envio>?</ebil:telefono_envio>\r
         </tem:FacCab>\r
         <!--Optional:-->\r
         <tem:DetFac>\r
            <!--Zero or more repetitions:-->\r
            <ebil:CFDDetConexionInt>\r
               <!--Optional:-->\r
               <ebil:CON_base_ica>?</ebil:CON_base_ica>\r
               <!--Optional:-->\r
               <ebil:CON_base_impo_n>?</ebil:CON_base_impo_n>\r
               <!--Optional:-->\r
               <ebil:CON_base_impo_r>?</ebil:CON_base_impo_r>\r
               <!--Optional:-->\r
               <ebil:CON_base_iva>?</ebil:CON_base_iva>\r
               <!--Optional:-->\r
               <ebil:CON_cantidad_original_solicitada>?</ebil:CON_cantidad_original_solicitada>\r
               <!--Optional:-->\r
               <ebil:CON_categoria_0>?</ebil:CON_categoria_0>\r
               <!--Optional:-->\r
               <ebil:CON_categoria_1>?</ebil:CON_categoria_1>\r
               <!--Optional:-->\r
               <ebil:CON_categoria_2>?</ebil:CON_categoria_2>\r
               <!--Optional:-->\r
               <ebil:CON_categoria_3>?</ebil:CON_categoria_3>\r
               <!--Optional:-->\r
               <ebil:CON_ciudad_despacho>?</ebil:CON_ciudad_despacho>\r
               <!--Optional:-->\r
               <ebil:CON_dato_decimal1>?</ebil:CON_dato_decimal1>\r
               <!--Optional:-->\r
               <ebil:CON_dato_decimal10>?</ebil:CON_dato_decimal10>\r
               <!--Optional:-->\r
               <ebil:CON_dato_decimal11>?</ebil:CON_dato_decimal11>\r
               <!--Optional:-->\r
               <ebil:CON_dato_decimal12>?</ebil:CON_dato_decimal12>\r
               <!--Optional:-->\r
               <ebil:CON_dato_decimal13>?</ebil:CON_dato_decimal13>\r
               <!--Optional:-->\r
               <ebil:CON_dato_decimal14>?</ebil:CON_dato_decimal14>\r
               <!--Optional:-->\r
               <ebil:CON_dato_decimal15>?</ebil:CON_dato_decimal15>\r
               <!--Optional:-->\r
               <ebil:CON_dato_decimal2>?</ebil:CON_dato_decimal2>\r
               <!--Optional:-->\r
               <ebil:CON_dato_decimal3>?</ebil:CON_dato_decimal3>\r
               <!--Optional:-->\r
               <ebil:CON_dato_decimal4>?</ebil:CON_dato_decimal4>\r
               <!--Optional:-->\r
               <ebil:CON_dato_decimal5>?</ebil:CON_dato_decimal5>\r
               <!--Optional:-->\r
               <ebil:CON_dato_decimal6>?</ebil:CON_dato_decimal6>\r
               <!--Optional:-->\r
               <ebil:CON_dato_decimal7>?</ebil:CON_dato_decimal7>\r
               <!--Optional:-->\r
               <ebil:CON_dato_decimal8>?</ebil:CON_dato_decimal8>\r
               <!--Optional:-->\r
               <ebil:CON_dato_decimal9>?</ebil:CON_dato_decimal9>\r
               <!--Optional:-->\r
               <ebil:CON_dato_destino>?</ebil:CON_dato_destino>\r
               <!--Optional:-->\r
               <ebil:CON_dato_fecha>?</ebil:CON_dato_fecha>\r
               <!--Optional:-->\r
               <ebil:CON_dato_origen>?</ebil:CON_dato_origen>\r
               <!--Optional:-->\r
               <ebil:CON_dato_peso>?</ebil:CON_dato_peso>\r
               <!--Optional:-->\r
               <ebil:CON_dato_placa>?</ebil:CON_dato_placa>\r
               <!--Optional:-->\r
               <ebil:CON_dato_referencia>?</ebil:CON_dato_referencia>\r
               <!--Optional:-->\r
               <ebil:CON_dato_texto1>?</ebil:CON_dato_texto1>\r
               <!--Optional:-->\r
               <ebil:CON_dato_texto10>?</ebil:CON_dato_texto10>\r
               <!--Optional:-->\r
               <ebil:CON_dato_texto11>?</ebil:CON_dato_texto11>\r
               <!--Optional:-->\r
               <ebil:CON_dato_texto12>?</ebil:CON_dato_texto12>\r
               <!--Optional:-->\r
               <ebil:CON_dato_texto13>?</ebil:CON_dato_texto13>\r
               <!--Optional:-->\r
               <ebil:CON_dato_texto14>?</ebil:CON_dato_texto14>\r
               <!--Optional:-->\r
               <ebil:CON_dato_texto15>?</ebil:CON_dato_texto15>\r
               <!--Optional:-->\r
               <ebil:CON_dato_texto2>?</ebil:CON_dato_texto2>\r
               <!--Optional:-->\r
               <ebil:CON_dato_texto3>?</ebil:CON_dato_texto3>\r
               <!--Optional:-->\r
               <ebil:CON_dato_texto4>?</ebil:CON_dato_texto4>\r
               <!--Optional:-->\r
               <ebil:CON_dato_texto5>?</ebil:CON_dato_texto5>\r
               <!--Optional:-->\r
               <ebil:CON_dato_texto6>?</ebil:CON_dato_texto6>\r
               <!--Optional:-->\r
               <ebil:CON_dato_texto7>?</ebil:CON_dato_texto7>\r
               <!--Optional:-->\r
               <ebil:CON_dato_texto8>?</ebil:CON_dato_texto8>\r
               <!--Optional:-->\r
               <ebil:CON_dato_texto9>?</ebil:CON_dato_texto9>\r
               <!--Optional:-->\r
               <ebil:CON_departamento_despacho>?</ebil:CON_departamento_despacho>\r
               <!--Optional:-->\r
               <ebil:CON_detalle_construccion>?</ebil:CON_detalle_construccion>\r
               <!--Optional:-->\r
               <ebil:CON_detalle_industria1>?</ebil:CON_detalle_industria1>\r
               <!--Optional:-->\r
               <ebil:CON_detalle_industria2>?</ebil:CON_detalle_industria2>\r
               <!--Optional:-->\r
               <ebil:CON_detalle_industria3>?</ebil:CON_detalle_industria3>\r
               <!--Optional:-->\r
               <ebil:CON_detalle_vehiculo>?</ebil:CON_detalle_vehiculo>\r
               <!--Optional:-->\r
               <ebil:CON_direccion_despacho>?</ebil:CON_direccion_despacho>\r
               <!--Optional:-->\r
               <ebil:CON_documentos_referencia>?</ebil:CON_documentos_referencia>\r
               <!--Optional:-->\r
               <ebil:CON_linea_concepto>?</ebil:CON_linea_concepto>\r
               <!--Optional:-->\r
               <ebil:CON_linea_padre_concepto>?</ebil:CON_linea_padre_concepto>\r
               <!--Optional:-->\r
               <ebil:CON_posicion_arancelaria>?</ebil:CON_posicion_arancelaria>\r
               <!--Optional:-->\r
               <ebil:CON_sub_cliente>?</ebil:CON_sub_cliente>\r
               <!--Optional:-->\r
               <ebil:CON_total_con_seg_mon>?</ebil:CON_total_con_seg_mon>\r
               <!--Optional:-->\r
               <ebil:CON_unidad_medida_con>?</ebil:CON_unidad_medida_con>\r
               <!--Optional:-->\r
               <ebil:CON_valor_otros_cargos>?</ebil:CON_valor_otros_cargos>\r
               <!--Optional:-->\r
               <ebil:CON_valor_otros_descuentos>?</ebil:CON_valor_otros_descuentos>\r
               <!--Optional:-->\r
               <ebil:CON_valor_unitario_seg_mon>?</ebil:CON_valor_unitario_seg_mon>\r
               <!--Optional:-->\r
               <ebil:CREE>?</ebil:CREE>\r
               <!--Optional:-->\r
               <ebil:Cantidad>?</ebil:Cantidad>\r
               <!--Optional:-->\r
               <ebil:ClaseMovimiento>?</ebil:ClaseMovimiento>\r
               <!--Optional:-->\r
               <ebil:CodigoProducto>?</ebil:CodigoProducto>\r
               <!--Optional:-->\r
               <ebil:Codigos>\r
                  <!--Zero or more repetitions:-->\r
                  <arr:string>?</arr:string>\r
               </ebil:Codigos>\r
               <!--Optional:-->\r
               <ebil:CodigosString>?</ebil:CodigosString>\r
               <!--Optional:-->\r
               <ebil:DescripcionConcepto>?</ebil:DescripcionConcepto>\r
               <!--Optional:-->\r
               <ebil:DescripcionProducto>?</ebil:DescripcionProducto>\r
               <!--Optional:-->\r
               <ebil:DescuentoConcepto>?</ebil:DescuentoConcepto>\r
               <!--Optional:-->\r
               <ebil:FechaRecibe>?</ebil:FechaRecibe>\r
               <!--Optional:-->\r
               <ebil:IVAProducto>?</ebil:IVAProducto>\r
               <!--Optional:-->\r
               <ebil:Importe>?</ebil:Importe>\r
               <!--Optional:-->\r
               <ebil:Impuesto2>?</ebil:Impuesto2>\r
               <!--Optional:-->\r
               <ebil:ItemReferencia>?</ebil:ItemReferencia>\r
               <!--Optional:-->\r
               <ebil:NotasConcepto>?</ebil:NotasConcepto>\r
               <!--Optional:-->\r
               <ebil:PorIVAProducto>?</ebil:PorIVAProducto>\r
               <!--Optional:-->\r
               <ebil:PorImpuesto2>?</ebil:PorImpuesto2>\r
               <!--Optional:-->\r
               <ebil:PorcentajeDescuento>?</ebil:PorcentajeDescuento>\r
               <!--Optional:-->\r
               <ebil:RetencionCREE>?</ebil:RetencionCREE>\r
               <!--Optional:-->\r
               <ebil:TipoImpuesto>?</ebil:TipoImpuesto>\r
               <!--Optional:-->\r
               <ebil:TotalConSegMon>?</ebil:TotalConSegMon>\r
               <!--Optional:-->\r
               <ebil:TotalConcepto>?</ebil:TotalConcepto>\r
               <!--Optional:-->\r
               <ebil:UnidadMedida>?</ebil:UnidadMedida>\r
               <!--Optional:-->\r
               <ebil:ValorUnitario>?</ebil:ValorUnitario>\r
            </ebil:CFDDetConexionInt>\r
         </tem:DetFac>\r
         <!--Optional:-->\r
         <tem:Opciones>\r
            <!--Optional:-->\r
            <ebil:ActualizaProductos>?</ebil:ActualizaProductos>\r
            <!--Optional:-->\r
            <ebil:CalculaReteCree>?</ebil:CalculaReteCree>\r
            <!--Optional:-->\r
            <ebil:CalculaReteFuente>?</ebil:CalculaReteFuente>\r
            <!--Optional:-->\r
            <ebil:CalculaReteICA>?</ebil:CalculaReteICA>\r
            <!--Optional:-->\r
            <ebil:CalculaReteIVA>?</ebil:CalculaReteIVA>\r
            <!--Optional:-->\r
            <ebil:EmisionAutomatica>?</ebil:EmisionAutomatica>\r
            <!--Optional:-->\r
            <ebil:FacturasSinAcuerdo>?</ebil:FacturasSinAcuerdo>\r
            <!--Optional:-->\r
            <ebil:ModeloXAceptacion>?</ebil:ModeloXAceptacion>\r
            <!--Optional:-->\r
            <ebil:NotasRelacionadas>?</ebil:NotasRelacionadas>\r
            <!--Optional:-->\r
            <ebil:OrderControl>?</ebil:OrderControl>\r
            <!--Optional:-->\r
            <ebil:TieneAcuerdosFisicos>?</ebil:TieneAcuerdosFisicos>\r
            <!--Optional:-->\r
            <ebil:TokenConexion>?</ebil:TokenConexion>\r
            <!--Optional:-->\r
            <ebil:eBillAdmNumerosFactura>?</ebil:eBillAdmNumerosFactura>\r
         </tem:Opciones>\r
      </tem:CargarDocumentosElectronicosToeBillGenericFULLFacturaMinimaLegal>\r
   </soapenv:Body>\r
</soapenv:Envelope>]]></con:request><con:wsaConfig mustUnderstand="NONE" version="200508" action="http://tempuri.org/IIntegracion/CargarDocumentosElectronicosToeBillGenericFULLFacturaMinimaLegal"/></con:call></con:operation><con:operation id="8a6de695-ecb0-4dc8-8ac5-48d1f1f3624a" isOneWay="false" action="http://tempuri.org/IIntegracion/CargarDocumentosElectronicosToeBillGenericFULLImp" name="CargarDocumentosElectronicosToeBillGenericFULLImp" bindingOperationName="CargarDocumentosElectronicosToeBillGenericFULLImp" type="Request-Response" inputName="" receivesAttachments="false" sendsAttachments="false" anonymous="optional"><con:settings/><con:call id="3dd757d3-4786-4392-955b-7145578b5217" name="Request 1"><con:settings/><con:encoding>UTF-8</con:encoding><con:endpoint>https://fymtest.cloudapp.net:444/ServiciosFyM/eBill/Integracion.svc</con:endpoint><con:request><![CDATA[<soapenv:Envelope xmlns:soapenv="http://schemas.xmlsoap.org/soap/envelope/" xmlns:tem="http://tempuri.org/" xmlns:ebil="http://schemas.datacontract.org/2004/07/eBillCore" xmlns:arr="http://schemas.microsoft.com/2003/10/Serialization/Arrays">\r
   <soapenv:Header/>\r
   <soapenv:Body>\r
      <tem:CargarDocumentosElectronicosToeBillGenericFULLImp>\r
         <!--Optional:-->\r
         <tem:FacCab>\r
            <!--Optional:-->\r
            <ebil:AnoAprobacionRes>?</ebil:AnoAprobacionRes>\r
            <!--Optional:-->\r
            <ebil:Base_Impuesto>?</ebil:Base_Impuesto>\r
            <!--Optional:-->\r
            <ebil:CFD_EST_estado_tramit>?</ebil:CFD_EST_estado_tramit>\r
            <!--Optional:-->\r
            <ebil:CFD_Flete>?</ebil:CFD_Flete>\r
            <!--Optional:-->\r
            <ebil:CFD_OtrosCargos>?</ebil:CFD_OtrosCargos>\r
            <!--Optional:-->\r
            <ebil:CFD_Por_Margen>?</ebil:CFD_Por_Margen>\r
            <!--Optional:-->\r
            <ebil:CFD_ResponseCode>?</ebil:CFD_ResponseCode>\r
            <!--Optional:-->\r
            <ebil:CFD_base_ICA_total>?</ebil:CFD_base_ICA_total>\r
            <!--Optional:-->\r
            <ebil:CFD_base_impo_total_nal>?</ebil:CFD_base_impo_total_nal>\r
            <!--Optional:-->\r
            <ebil:CFD_base_impo_total_reg>?</ebil:CFD_base_impo_total_reg>\r
            <!--Optional:-->\r
            <ebil:CFD_campo_texto_10>?</ebil:CFD_campo_texto_10>\r
            <!--Optional:-->\r
            <ebil:CFD_campo_texto_11>?</ebil:CFD_campo_texto_11>\r
            <!--Optional:-->\r
            <ebil:CFD_campo_texto_12>?</ebil:CFD_campo_texto_12>\r
            <!--Optional:-->\r
            <ebil:CFD_campo_texto_13>?</ebil:CFD_campo_texto_13>\r
            <!--Optional:-->\r
            <ebil:CFD_campo_texto_14>?</ebil:CFD_campo_texto_14>\r
            <!--Optional:-->\r
            <ebil:CFD_campo_texto_15>?</ebil:CFD_campo_texto_15>\r
            <!--Optional:-->\r
            <ebil:CFD_campo_texto_16>?</ebil:CFD_campo_texto_16>\r
            <!--Optional:-->\r
            <ebil:CFD_campo_texto_17>?</ebil:CFD_campo_texto_17>\r
            <!--Optional:-->\r
            <ebil:CFD_campo_texto_18>?</ebil:CFD_campo_texto_18>\r
            <!--Optional:-->\r
            <ebil:CFD_campo_texto_19>?</ebil:CFD_campo_texto_19>\r
            <!--Optional:-->\r
            <ebil:CFD_campo_texto_20>?</ebil:CFD_campo_texto_20>\r
            <!--Optional:-->\r
            <ebil:CFD_campo_texto_21>?</ebil:CFD_campo_texto_21>\r
            <!--Optional:-->\r
            <ebil:CFD_campo_texto_22>?</ebil:CFD_campo_texto_22>\r
            <!--Optional:-->\r
            <ebil:CFD_campo_texto_23>?</ebil:CFD_campo_texto_23>\r
            <!--Optional:-->\r
            <ebil:CFD_campo_texto_24>?</ebil:CFD_campo_texto_24>\r
            <!--Optional:-->\r
            <ebil:CFD_campo_texto_25>?</ebil:CFD_campo_texto_25>\r
            <!--Optional:-->\r
            <ebil:CFD_campo_texto_26>?</ebil:CFD_campo_texto_26>\r
            <!--Optional:-->\r
            <ebil:CFD_campo_texto_27>?</ebil:CFD_campo_texto_27>\r
            <!--Optional:-->\r
            <ebil:CFD_campo_texto_28>?</ebil:CFD_campo_texto_28>\r
            <!--Optional:-->\r
            <ebil:CFD_campo_texto_29>?</ebil:CFD_campo_texto_29>\r
            <!--Optional:-->\r
            <ebil:CFD_campo_texto_30>?</ebil:CFD_campo_texto_30>\r
            <!--Optional:-->\r
            <ebil:CFD_campo_texto_9>?</ebil:CFD_campo_texto_9>\r
            <!--Optional:-->\r
            <ebil:CFD_cantidad_dec_1>?</ebil:CFD_cantidad_dec_1>\r
            <!--Optional:-->\r
            <ebil:CFD_cantidad_dec_10>?</ebil:CFD_cantidad_dec_10>\r
            <!--Optional:-->\r
            <ebil:CFD_cantidad_dec_11>?</ebil:CFD_cantidad_dec_11>\r
            <!--Optional:-->\r
            <ebil:CFD_cantidad_dec_12>?</ebil:CFD_cantidad_dec_12>\r
            <!--Optional:-->\r
            <ebil:CFD_cantidad_dec_13>?</ebil:CFD_cantidad_dec_13>\r
            <!--Optional:-->\r
            <ebil:CFD_cantidad_dec_14>?</ebil:CFD_cantidad_dec_14>\r
            <!--Optional:-->\r
            <ebil:CFD_cantidad_dec_15>?</ebil:CFD_cantidad_dec_15>\r
            <!--Optional:-->\r
            <ebil:CFD_cantidad_dec_16>?</ebil:CFD_cantidad_dec_16>\r
            <!--Optional:-->\r
            <ebil:CFD_cantidad_dec_17>?</ebil:CFD_cantidad_dec_17>\r
            <!--Optional:-->\r
            <ebil:CFD_cantidad_dec_18>?</ebil:CFD_cantidad_dec_18>\r
            <!--Optional:-->\r
            <ebil:CFD_cantidad_dec_19>?</ebil:CFD_cantidad_dec_19>\r
            <!--Optional:-->\r
            <ebil:CFD_cantidad_dec_20>?</ebil:CFD_cantidad_dec_20>\r
            <!--Optional:-->\r
            <ebil:CFD_cantidad_dec_21>?</ebil:CFD_cantidad_dec_21>\r
            <!--Optional:-->\r
            <ebil:CFD_cantidad_dec_22>?</ebil:CFD_cantidad_dec_22>\r
            <!--Optional:-->\r
            <ebil:CFD_cantidad_dec_23>?</ebil:CFD_cantidad_dec_23>\r
            <!--Optional:-->\r
            <ebil:CFD_cantidad_dec_24>?</ebil:CFD_cantidad_dec_24>\r
            <!--Optional:-->\r
            <ebil:CFD_cantidad_dec_25>?</ebil:CFD_cantidad_dec_25>\r
            <!--Optional:-->\r
            <ebil:CFD_cantidad_dec_4>?</ebil:CFD_cantidad_dec_4>\r
            <!--Optional:-->\r
            <ebil:CFD_cantidad_dec_5>?</ebil:CFD_cantidad_dec_5>\r
            <!--Optional:-->\r
            <ebil:CFD_cantidad_dec_6>?</ebil:CFD_cantidad_dec_6>\r
            <!--Optional:-->\r
            <ebil:CFD_cantidad_dec_7>?</ebil:CFD_cantidad_dec_7>\r
            <!--Optional:-->\r
            <ebil:CFD_cantidad_dec_8>?</ebil:CFD_cantidad_dec_8>\r
            <!--Optional:-->\r
            <ebil:CFD_cantidad_dec_9>?</ebil:CFD_cantidad_dec_9>\r
            <!--Optional:-->\r
            <ebil:CFD_deducible>?</ebil:CFD_deducible>\r
            <!--Optional:-->\r
            <ebil:CFD_desconexion_servicio>?</ebil:CFD_desconexion_servicio>\r
            <!--Optional:-->\r
            <ebil:CFD_fecha_desconexion>?</ebil:CFD_fecha_desconexion>\r
            <!--Optional:-->\r
            <ebil:CFD_fecha_tasadeCambio>?</ebil:CFD_fecha_tasadeCambio>\r
            <!--Optional:-->\r
            <ebil:CFD_numero_enlace_doc_ref>?</ebil:CFD_numero_enlace_doc_ref>\r
            <!--Optional:-->\r
            <ebil:CFD_porc_rte_ICA>?</ebil:CFD_porc_rte_ICA>\r
            <!--Optional:-->\r
            <ebil:CFD_porc_rte_fuent>?</ebil:CFD_porc_rte_fuent>\r
            <!--Optional:-->\r
            <ebil:CFD_tasa_mora>?</ebil:CFD_tasa_mora>\r
            <!--Optional:-->\r
            <ebil:CFD_tdi_id_tipo_doc_interno>?</ebil:CFD_tdi_id_tipo_doc_interno>\r
            <!--Optional:-->\r
            <ebil:CFD_total_ICA>?</ebil:CFD_total_ICA>\r
            <!--Optional:-->\r
            <ebil:CFD_total_aduana_exp>?</ebil:CFD_total_aduana_exp>\r
            <!--Optional:-->\r
            <ebil:CFD_total_cargos>?</ebil:CFD_total_cargos>\r
            <!--Optional:-->\r
            <ebil:CFD_total_descuentos>?</ebil:CFD_total_descuentos>\r
            <!--Optional:-->\r
            <ebil:CFD_total_margen>?</ebil:CFD_total_margen>\r
            <!--Optional:-->\r
            <ebil:CFD_total_seguro_exp>?</ebil:CFD_total_seguro_exp>\r
            <!--Optional:-->\r
            <ebil:CLI_numero_cliente>?</ebil:CLI_numero_cliente>\r
            <!--Optional:-->\r
            <ebil:CREETotal>?</ebil:CREETotal>\r
            <!--Optional:-->\r
            <ebil:CampoTexto1>?</ebil:CampoTexto1>\r
            <!--Optional:-->\r
            <ebil:CampoTexto2>?</ebil:CampoTexto2>\r
            <!--Optional:-->\r
            <ebil:CampoTexto3>?</ebil:CampoTexto3>\r
            <!--Optional:-->\r
            <ebil:CampoTexto4>?</ebil:CampoTexto4>\r
            <!--Optional:-->\r
            <ebil:CampoTexto5>?</ebil:CampoTexto5>\r
            <!--Optional:-->\r
            <ebil:CampoTexto6>?</ebil:CampoTexto6>\r
            <!--Optional:-->\r
            <ebil:CampoTexto7>?</ebil:CampoTexto7>\r
            <!--Optional:-->\r
            <ebil:CampoTexto8>?</ebil:CampoTexto8>\r
            <!--Optional:-->\r
            <ebil:Cantidad1>?</ebil:Cantidad1>\r
            <!--Optional:-->\r
            <ebil:Cantidad2>?</ebil:Cantidad2>\r
            <!--Optional:-->\r
            <ebil:Cantidad3>?</ebil:Cantidad3>\r
            <!--Optional:-->\r
            <ebil:CantidadDec1>?</ebil:CantidadDec1>\r
            <!--Optional:-->\r
            <ebil:CantidadDec2>?</ebil:CantidadDec2>\r
            <!--Optional:-->\r
            <ebil:CantidadDec3>?</ebil:CantidadDec3>\r
            <!--Optional:-->\r
            <ebil:CiudadDANE>?</ebil:CiudadDANE>\r
            <!--Optional:-->\r
            <ebil:CodVendedor>?</ebil:CodVendedor>\r
            <!--Optional:-->\r
            <ebil:CodigoPostalCliente>?</ebil:CodigoPostalCliente>\r
            <!--Optional:-->\r
            <ebil:CodigoPostalEnvio>?</ebil:CodigoPostalEnvio>\r
            <!--Optional:-->\r
            <ebil:ComprobanteCon>?</ebil:ComprobanteCon>\r
            <!--Optional:-->\r
            <ebil:Condiciones_Pago>?</ebil:Condiciones_Pago>\r
            <!--Optional:-->\r
            <ebil:ContactoCargo>?</ebil:ContactoCargo>\r
            <!--Optional:-->\r
            <ebil:ContactoCorreo>?</ebil:ContactoCorreo>\r
            <!--Optional:-->\r
            <ebil:ContactoNombre>?</ebil:ContactoNombre>\r
            <!--Optional:-->\r
            <ebil:CorreoCliente>?</ebil:CorreoCliente>\r
            <!--Optional:-->\r
            <ebil:DepartamentoDANE>?</ebil:DepartamentoDANE>\r
            <!--Optional:-->\r
            <ebil:DescripcionPlan>?</ebil:DescripcionPlan>\r
            <!--Optional:-->\r
            <ebil:Descuento>?</ebil:Descuento>\r
            <!--Optional:-->\r
            <ebil:DigitoVerificaCliente>?</ebil:DigitoVerificaCliente>\r
            <!--Optional:-->\r
            <ebil:DireccionCliente>?</ebil:DireccionCliente>\r
            <!--Optional:-->\r
            <ebil:EstiloFactura>?</ebil:EstiloFactura>\r
            <!--Optional:-->\r
            <ebil:FechaExpedicion>?</ebil:FechaExpedicion>\r
            <!--Optional:-->\r
            <ebil:FechaFinalPeriodoFacturado>?</ebil:FechaFinalPeriodoFacturado>\r
            <!--Optional:-->\r
            <ebil:FechaInicialPeriodoFacturado>?</ebil:FechaInicialPeriodoFacturado>\r
            <!--Optional:-->\r
            <ebil:FechaVencimiento>?</ebil:FechaVencimiento>\r
            <!--Optional:-->\r
            <ebil:FormaPago>?</ebil:FormaPago>\r
            <!--Optional:-->\r
            <ebil:IDInterno>?</ebil:IDInterno>\r
            <!--Optional:-->\r
            <ebil:IDUbicacionCliente>?</ebil:IDUbicacionCliente>\r
            <!--Optional:-->\r
            <ebil:IDUbicacionEnvio>?</ebil:IDUbicacionEnvio>\r
            <!--Optional:-->\r
            <ebil:IdPlan>?</ebil:IdPlan>\r
            <!--Optional:-->\r
            <ebil:IdSucursal>?</ebil:IdSucursal>\r
            <!--Optional:-->\r
            <ebil:Incoterm>?</ebil:Incoterm>\r
            <!--Optional:-->\r
            <ebil:InfoAdicional>?</ebil:InfoAdicional>\r
            <!--Optional:-->\r
            <ebil:LugarTerminosEntrega>?</ebil:LugarTerminosEntrega>\r
            <!--Optional:-->\r
            <ebil:MesCausado>?</ebil:MesCausado>\r
            <!--Optional:-->\r
            <ebil:MonedaISO>?</ebil:MonedaISO>\r
            <!--Optional:-->\r
            <ebil:NitCliente>?</ebil:NitCliente>\r
            <!--Optional:-->\r
            <ebil:NitEmpresa>?</ebil:NitEmpresa>\r
            <!--Optional:-->\r
            <ebil:NombreCliente>?</ebil:NombreCliente>\r
            <!--Optional:-->\r
            <ebil:NombrePlan>?</ebil:NombrePlan>\r
            <!--Optional:-->\r
            <ebil:NombreVendedor>?</ebil:NombreVendedor>\r
            <!--Optional:-->\r
            <ebil:NumAprobacionRes>?</ebil:NumAprobacionRes>\r
            <!--Optional:-->\r
            <ebil:NumFactura>?</ebil:NumFactura>\r
            <!--Optional:-->\r
            <ebil:OrderID>?</ebil:OrderID>\r
            <!--Optional:-->\r
            <ebil:PAI_ISO_3166>?</ebil:PAI_ISO_3166>\r
            <!--Optional:-->\r
            <ebil:PagoAnterior>?</ebil:PagoAnterior>\r
            <!--Optional:-->\r
            <ebil:Prefijo>?</ebil:Prefijo>\r
            <!--Optional:-->\r
            <ebil:ReferenciaCliente>?</ebil:ReferenciaCliente>\r
            <!--Optional:-->\r
            <ebil:RetencionCREETotal>?</ebil:RetencionCREETotal>\r
            <!--Optional:-->\r
            <ebil:SMSXDoc>?</ebil:SMSXDoc>\r
            <!--Optional:-->\r
            <ebil:SaldoAnterior>?</ebil:SaldoAnterior>\r
            <!--Optional:-->\r
            <ebil:SubTotal>?</ebil:SubTotal>\r
            <!--Optional:-->\r
            <ebil:SubTotalSegunMon>?</ebil:SubTotalSegunMon>\r
            <!--Optional:-->\r
            <ebil:Sucursal>?</ebil:Sucursal>\r
            <!--Optional:-->\r
            <ebil:TIP_id_tipo_persona>?</ebil:TIP_id_tipo_persona>\r
            <!--Optional:-->\r
            <ebil:TasaCambio>?</ebil:TasaCambio>\r
            <!--Optional:-->\r
            <ebil:TelefonoCliente>?</ebil:TelefonoCliente>\r
            <!--Optional:-->\r
            <ebil:Texto3>?</ebil:Texto3>\r
            <!--Optional:-->\r
            <ebil:TieneAcuerdo>?</ebil:TieneAcuerdo>\r
            <!--Optional:-->\r
            <ebil:TipoComprobante>?</ebil:TipoComprobante>\r
            <!--Optional:-->\r
            <ebil:TipoContribuyente>?</ebil:TipoContribuyente>\r
            <!--Optional:-->\r
            <ebil:TipoIDCliente>?</ebil:TipoIDCliente>\r
            <!--Optional:-->\r
            <ebil:Total>?</ebil:Total>\r
            <!--Optional:-->\r
            <ebil:TotalIVA>?</ebil:TotalIVA>\r
            <!--Optional:-->\r
            <ebil:TotalIVASegunMon>?</ebil:TotalIVASegunMon>\r
            <!--Optional:-->\r
            <ebil:TotalRetICA>?</ebil:TotalRetICA>\r
            <!--Optional:-->\r
            <ebil:TotalRetIVA>?</ebil:TotalRetIVA>\r
            <!--Optional:-->\r
            <ebil:TotalRetencion>?</ebil:TotalRetencion>\r
            <!--Optional:-->\r
            <ebil:TotalSegunMon>?</ebil:TotalSegunMon>\r
            <!--Optional:-->\r
            <ebil:TotalTraslado>?</ebil:TotalTraslado>\r
            <!--Optional:-->\r
            <ebil:Total_a_Pagar>?</ebil:Total_a_Pagar>\r
            <!--Optional:-->\r
            <ebil:ValorHasta1>?</ebil:ValorHasta1>\r
            <!--Optional:-->\r
            <ebil:ValorHasta2>?</ebil:ValorHasta2>\r
            <!--Optional:-->\r
            <ebil:ValorHasta3>?</ebil:ValorHasta3>\r
            <!--Optional:-->\r
            <ebil:ValorHasta4>?</ebil:ValorHasta4>\r
            <!--Optional:-->\r
            <ebil:cfd_activa_nota1>?</ebil:cfd_activa_nota1>\r
            <!--Optional:-->\r
            <ebil:ciudad_envio>?</ebil:ciudad_envio>\r
            <!--Optional:-->\r
            <ebil:code1>?</ebil:code1>\r
            <!--Optional:-->\r
            <ebil:code2>?</ebil:code2>\r
            <!--Optional:-->\r
            <ebil:code3>?</ebil:code3>\r
            <!--Optional:-->\r
            <ebil:curso>?</ebil:curso>\r
            <!--Optional:-->\r
            <ebil:departamento_envio>?</ebil:departamento_envio>\r
            <!--Optional:-->\r
            <ebil:direccion_envio>?</ebil:direccion_envio>\r
            <!--Optional:-->\r
            <ebil:numero_envio>?</ebil:numero_envio>\r
            <!--Optional:-->\r
            <ebil:orden_venta>?</ebil:orden_venta>\r
            <!--Optional:-->\r
            <ebil:pague_hasta1>?</ebil:pague_hasta1>\r
            <!--Optional:-->\r
            <ebil:pague_hasta2>?</ebil:pague_hasta2>\r
            <!--Optional:-->\r
            <ebil:pague_hasta3>?</ebil:pague_hasta3>\r
            <!--Optional:-->\r
            <ebil:referencia>?</ebil:referencia>\r
            <!--Optional:-->\r
            <ebil:referencia1>?</ebil:referencia1>\r
            <!--Optional:-->\r
            <ebil:referencia_envio>?</ebil:referencia_envio>\r
            <!--Optional:-->\r
            <ebil:telefono_envio>?</ebil:telefono_envio>\r
         </tem:FacCab>\r
         <!--Optional:-->\r
         <tem:DetFac>\r
            <!--Zero or more repetitions:-->\r
            <ebil:CFDDetConexionInt>\r
               <!--Optional:-->\r
               <ebil:CON_base_ica>?</ebil:CON_base_ica>\r
               <!--Optional:-->\r
               <ebil:CON_base_impo_n>?</ebil:CON_base_impo_n>\r
               <!--Optional:-->\r
               <ebil:CON_base_impo_r>?</ebil:CON_base_impo_r>\r
               <!--Optional:-->\r
               <ebil:CON_base_iva>?</ebil:CON_base_iva>\r
               <!--Optional:-->\r
               <ebil:CON_cantidad_original_solicitada>?</ebil:CON_cantidad_original_solicitada>\r
               <!--Optional:-->\r
               <ebil:CON_categoria_0>?</ebil:CON_categoria_0>\r
               <!--Optional:-->\r
               <ebil:CON_categoria_1>?</ebil:CON_categoria_1>\r
               <!--Optional:-->\r
               <ebil:CON_categoria_2>?</ebil:CON_categoria_2>\r
               <!--Optional:-->\r
               <ebil:CON_categoria_3>?</ebil:CON_categoria_3>\r
               <!--Optional:-->\r
               <ebil:CON_ciudad_despacho>?</ebil:CON_ciudad_despacho>\r
               <!--Optional:-->\r
               <ebil:CON_dato_decimal1>?</ebil:CON_dato_decimal1>\r
               <!--Optional:-->\r
               <ebil:CON_dato_decimal10>?</ebil:CON_dato_decimal10>\r
               <!--Optional:-->\r
               <ebil:CON_dato_decimal11>?</ebil:CON_dato_decimal11>\r
               <!--Optional:-->\r
               <ebil:CON_dato_decimal12>?</ebil:CON_dato_decimal12>\r
               <!--Optional:-->\r
               <ebil:CON_dato_decimal13>?</ebil:CON_dato_decimal13>\r
               <!--Optional:-->\r
               <ebil:CON_dato_decimal14>?</ebil:CON_dato_decimal14>\r
               <!--Optional:-->\r
               <ebil:CON_dato_decimal15>?</ebil:CON_dato_decimal15>\r
               <!--Optional:-->\r
               <ebil:CON_dato_decimal2>?</ebil:CON_dato_decimal2>\r
               <!--Optional:-->\r
               <ebil:CON_dato_decimal3>?</ebil:CON_dato_decimal3>\r
               <!--Optional:-->\r
               <ebil:CON_dato_decimal4>?</ebil:CON_dato_decimal4>\r
               <!--Optional:-->\r
               <ebil:CON_dato_decimal5>?</ebil:CON_dato_decimal5>\r
               <!--Optional:-->\r
               <ebil:CON_dato_decimal6>?</ebil:CON_dato_decimal6>\r
               <!--Optional:-->\r
               <ebil:CON_dato_decimal7>?</ebil:CON_dato_decimal7>\r
               <!--Optional:-->\r
               <ebil:CON_dato_decimal8>?</ebil:CON_dato_decimal8>\r
               <!--Optional:-->\r
               <ebil:CON_dato_decimal9>?</ebil:CON_dato_decimal9>\r
               <!--Optional:-->\r
               <ebil:CON_dato_destino>?</ebil:CON_dato_destino>\r
               <!--Optional:-->\r
               <ebil:CON_dato_fecha>?</ebil:CON_dato_fecha>\r
               <!--Optional:-->\r
               <ebil:CON_dato_origen>?</ebil:CON_dato_origen>\r
               <!--Optional:-->\r
               <ebil:CON_dato_peso>?</ebil:CON_dato_peso>\r
               <!--Optional:-->\r
               <ebil:CON_dato_placa>?</ebil:CON_dato_placa>\r
               <!--Optional:-->\r
               <ebil:CON_dato_referencia>?</ebil:CON_dato_referencia>\r
               <!--Optional:-->\r
               <ebil:CON_dato_texto1>?</ebil:CON_dato_texto1>\r
               <!--Optional:-->\r
               <ebil:CON_dato_texto10>?</ebil:CON_dato_texto10>\r
               <!--Optional:-->\r
               <ebil:CON_dato_texto11>?</ebil:CON_dato_texto11>\r
               <!--Optional:-->\r
               <ebil:CON_dato_texto12>?</ebil:CON_dato_texto12>\r
               <!--Optional:-->\r
               <ebil:CON_dato_texto13>?</ebil:CON_dato_texto13>\r
               <!--Optional:-->\r
               <ebil:CON_dato_texto14>?</ebil:CON_dato_texto14>\r
               <!--Optional:-->\r
               <ebil:CON_dato_texto15>?</ebil:CON_dato_texto15>\r
               <!--Optional:-->\r
               <ebil:CON_dato_texto2>?</ebil:CON_dato_texto2>\r
               <!--Optional:-->\r
               <ebil:CON_dato_texto3>?</ebil:CON_dato_texto3>\r
               <!--Optional:-->\r
               <ebil:CON_dato_texto4>?</ebil:CON_dato_texto4>\r
               <!--Optional:-->\r
               <ebil:CON_dato_texto5>?</ebil:CON_dato_texto5>\r
               <!--Optional:-->\r
               <ebil:CON_dato_texto6>?</ebil:CON_dato_texto6>\r
               <!--Optional:-->\r
               <ebil:CON_dato_texto7>?</ebil:CON_dato_texto7>\r
               <!--Optional:-->\r
               <ebil:CON_dato_texto8>?</ebil:CON_dato_texto8>\r
               <!--Optional:-->\r
               <ebil:CON_dato_texto9>?</ebil:CON_dato_texto9>\r
               <!--Optional:-->\r
               <ebil:CON_departamento_despacho>?</ebil:CON_departamento_despacho>\r
               <!--Optional:-->\r
               <ebil:CON_detalle_construccion>?</ebil:CON_detalle_construccion>\r
               <!--Optional:-->\r
               <ebil:CON_detalle_industria1>?</ebil:CON_detalle_industria1>\r
               <!--Optional:-->\r
               <ebil:CON_detalle_industria2>?</ebil:CON_detalle_industria2>\r
               <!--Optional:-->\r
               <ebil:CON_detalle_industria3>?</ebil:CON_detalle_industria3>\r
               <!--Optional:-->\r
               <ebil:CON_detalle_vehiculo>?</ebil:CON_detalle_vehiculo>\r
               <!--Optional:-->\r
               <ebil:CON_direccion_despacho>?</ebil:CON_direccion_despacho>\r
               <!--Optional:-->\r
               <ebil:CON_documentos_referencia>?</ebil:CON_documentos_referencia>\r
               <!--Optional:-->\r
               <ebil:CON_linea_concepto>?</ebil:CON_linea_concepto>\r
               <!--Optional:-->\r
               <ebil:CON_linea_padre_concepto>?</ebil:CON_linea_padre_concepto>\r
               <!--Optional:-->\r
               <ebil:CON_posicion_arancelaria>?</ebil:CON_posicion_arancelaria>\r
               <!--Optional:-->\r
               <ebil:CON_sub_cliente>?</ebil:CON_sub_cliente>\r
               <!--Optional:-->\r
               <ebil:CON_total_con_seg_mon>?</ebil:CON_total_con_seg_mon>\r
               <!--Optional:-->\r
               <ebil:CON_unidad_medida_con>?</ebil:CON_unidad_medida_con>\r
               <!--Optional:-->\r
               <ebil:CON_valor_otros_cargos>?</ebil:CON_valor_otros_cargos>\r
               <!--Optional:-->\r
               <ebil:CON_valor_otros_descuentos>?</ebil:CON_valor_otros_descuentos>\r
               <!--Optional:-->\r
               <ebil:CON_valor_unitario_seg_mon>?</ebil:CON_valor_unitario_seg_mon>\r
               <!--Optional:-->\r
               <ebil:CREE>?</ebil:CREE>\r
               <!--Optional:-->\r
               <ebil:Cantidad>?</ebil:Cantidad>\r
               <!--Optional:-->\r
               <ebil:ClaseMovimiento>?</ebil:ClaseMovimiento>\r
               <!--Optional:-->\r
               <ebil:CodigoProducto>?</ebil:CodigoProducto>\r
               <!--Optional:-->\r
               <ebil:Codigos>\r
                  <!--Zero or more repetitions:-->\r
                  <arr:string>?</arr:string>\r
               </ebil:Codigos>\r
               <!--Optional:-->\r
               <ebil:CodigosString>?</ebil:CodigosString>\r
               <!--Optional:-->\r
               <ebil:DescripcionConcepto>?</ebil:DescripcionConcepto>\r
               <!--Optional:-->\r
               <ebil:DescripcionProducto>?</ebil:DescripcionProducto>\r
               <!--Optional:-->\r
               <ebil:DescuentoConcepto>?</ebil:DescuentoConcepto>\r
               <!--Optional:-->\r
               <ebil:FechaRecibe>?</ebil:FechaRecibe>\r
               <!--Optional:-->\r
               <ebil:IVAProducto>?</ebil:IVAProducto>\r
               <!--Optional:-->\r
               <ebil:Importe>?</ebil:Importe>\r
               <!--Optional:-->\r
               <ebil:Impuesto2>?</ebil:Impuesto2>\r
               <!--Optional:-->\r
               <ebil:ItemReferencia>?</ebil:ItemReferencia>\r
               <!--Optional:-->\r
               <ebil:NotasConcepto>?</ebil:NotasConcepto>\r
               <!--Optional:-->\r
               <ebil:PorIVAProducto>?</ebil:PorIVAProducto>\r
               <!--Optional:-->\r
               <ebil:PorImpuesto2>?</ebil:PorImpuesto2>\r
               <!--Optional:-->\r
               <ebil:PorcentajeDescuento>?</ebil:PorcentajeDescuento>\r
               <!--Optional:-->\r
               <ebil:RetencionCREE>?</ebil:RetencionCREE>\r
               <!--Optional:-->\r
               <ebil:TipoImpuesto>?</ebil:TipoImpuesto>\r
               <!--Optional:-->\r
               <ebil:TotalConSegMon>?</ebil:TotalConSegMon>\r
               <!--Optional:-->\r
               <ebil:TotalConcepto>?</ebil:TotalConcepto>\r
               <!--Optional:-->\r
               <ebil:UnidadMedida>?</ebil:UnidadMedida>\r
               <!--Optional:-->\r
               <ebil:ValorUnitario>?</ebil:ValorUnitario>\r
            </ebil:CFDDetConexionInt>\r
         </tem:DetFac>\r
         <!--Optional:-->\r
         <tem:CabImp>\r
            <!--Zero or more repetitions:-->\r
            <ebil:CFDCabImpuestosConexionInt>\r
               <!--Optional:-->\r
               <ebil:BaseImpuesto>?</ebil:BaseImpuesto>\r
               <!--Optional:-->\r
               <ebil:CodPorcentajeImpuesto>?</ebil:CodPorcentajeImpuesto>\r
               <!--Optional:-->\r
               <ebil:CodigoImpuesto>?</ebil:CodigoImpuesto>\r
               <!--Optional:-->\r
               <ebil:DescripcionImpuesto>?</ebil:DescripcionImpuesto>\r
               <!--Optional:-->\r
               <ebil:ImporteImpuesto>?</ebil:ImporteImpuesto>\r
               <!--Optional:-->\r
               <ebil:TasaImpuesto>?</ebil:TasaImpuesto>\r
            </ebil:CFDCabImpuestosConexionInt>\r
         </tem:CabImp>\r
         <!--Optional:-->\r
         <tem:Opciones>\r
            <!--Optional:-->\r
            <ebil:ActualizaProductos>?</ebil:ActualizaProductos>\r
            <!--Optional:-->\r
            <ebil:CalculaReteCree>?</ebil:CalculaReteCree>\r
            <!--Optional:-->\r
            <ebil:CalculaReteFuente>?</ebil:CalculaReteFuente>\r
            <!--Optional:-->\r
            <ebil:CalculaReteICA>?</ebil:CalculaReteICA>\r
            <!--Optional:-->\r
            <ebil:CalculaReteIVA>?</ebil:CalculaReteIVA>\r
            <!--Optional:-->\r
            <ebil:EmisionAutomatica>?</ebil:EmisionAutomatica>\r
            <!--Optional:-->\r
            <ebil:FacturasSinAcuerdo>?</ebil:FacturasSinAcuerdo>\r
            <!--Optional:-->\r
            <ebil:ModeloXAceptacion>?</ebil:ModeloXAceptacion>\r
            <!--Optional:-->\r
            <ebil:NotasRelacionadas>?</ebil:NotasRelacionadas>\r
            <!--Optional:-->\r
            <ebil:OrderControl>?</ebil:OrderControl>\r
            <!--Optional:-->\r
            <ebil:TieneAcuerdosFisicos>?</ebil:TieneAcuerdosFisicos>\r
            <!--Optional:-->\r
            <ebil:TokenConexion>?</ebil:TokenConexion>\r
            <!--Optional:-->\r
            <ebil:eBillAdmNumerosFactura>?</ebil:eBillAdmNumerosFactura>\r
         </tem:Opciones>\r
      </tem:CargarDocumentosElectronicosToeBillGenericFULLImp>\r
   </soapenv:Body>\r
</soapenv:Envelope>]]></con:request><con:wsaConfig mustUnderstand="NONE" version="200508" action="http://tempuri.org/IIntegracion/CargarDocumentosElectronicosToeBillGenericFULLImp"/></con:call></con:operation><con:operation id="33654b0e-ab6b-4db2-bc8d-01b6d268b128" isOneWay="false" action="http://tempuri.org/IIntegracion/CargarDocumentosElectronicosToeBillGenericFULLPDFCUFE" name="CargarDocumentosElectronicosToeBillGenericFULLPDFCUFE" bindingOperationName="CargarDocumentosElectronicosToeBillGenericFULLPDFCUFE" type="Request-Response" inputName="" receivesAttachments="false" sendsAttachments="false" anonymous="optional"><con:settings/><con:call id="a630b4e7-91ad-4e39-9d34-5ea659d183c3" name="Request 1"><con:settings/><con:encoding>UTF-8</con:encoding><con:endpoint>https://fymtest.cloudapp.net:444/ServiciosFyM/eBill/Integracion.svc</con:endpoint><con:request><![CDATA[<soapenv:Envelope xmlns:soapenv="http://schemas.xmlsoap.org/soap/envelope/" xmlns:tem="http://tempuri.org/" xmlns:ebil="http://schemas.datacontract.org/2004/07/eBillCore" xmlns:arr="http://schemas.microsoft.com/2003/10/Serialization/Arrays">\r
   <soapenv:Header/>\r
   <soapenv:Body>\r
      <tem:CargarDocumentosElectronicosToeBillGenericFULLPDFCUFE>\r
         <!--Optional:-->\r
         <tem:PDFFac>cid:1142767753372</tem:PDFFac>\r
         <!--Optional:-->\r
         <tem:FacCab>\r
            <!--Optional:-->\r
            <ebil:AnoAprobacionRes>?</ebil:AnoAprobacionRes>\r
            <!--Optional:-->\r
            <ebil:Base_Impuesto>?</ebil:Base_Impuesto>\r
            <!--Optional:-->\r
            <ebil:CFD_EST_estado_tramit>?</ebil:CFD_EST_estado_tramit>\r
            <!--Optional:-->\r
            <ebil:CFD_Flete>?</ebil:CFD_Flete>\r
            <!--Optional:-->\r
            <ebil:CFD_OtrosCargos>?</ebil:CFD_OtrosCargos>\r
            <!--Optional:-->\r
            <ebil:CFD_Por_Margen>?</ebil:CFD_Por_Margen>\r
            <!--Optional:-->\r
            <ebil:CFD_ResponseCode>?</ebil:CFD_ResponseCode>\r
            <!--Optional:-->\r
            <ebil:CFD_base_ICA_total>?</ebil:CFD_base_ICA_total>\r
            <!--Optional:-->\r
            <ebil:CFD_base_impo_total_nal>?</ebil:CFD_base_impo_total_nal>\r
            <!--Optional:-->\r
            <ebil:CFD_base_impo_total_reg>?</ebil:CFD_base_impo_total_reg>\r
            <!--Optional:-->\r
            <ebil:CFD_campo_texto_10>?</ebil:CFD_campo_texto_10>\r
            <!--Optional:-->\r
            <ebil:CFD_campo_texto_11>?</ebil:CFD_campo_texto_11>\r
            <!--Optional:-->\r
            <ebil:CFD_campo_texto_12>?</ebil:CFD_campo_texto_12>\r
            <!--Optional:-->\r
            <ebil:CFD_campo_texto_13>?</ebil:CFD_campo_texto_13>\r
            <!--Optional:-->\r
            <ebil:CFD_campo_texto_14>?</ebil:CFD_campo_texto_14>\r
            <!--Optional:-->\r
            <ebil:CFD_campo_texto_15>?</ebil:CFD_campo_texto_15>\r
            <!--Optional:-->\r
            <ebil:CFD_campo_texto_16>?</ebil:CFD_campo_texto_16>\r
            <!--Optional:-->\r
            <ebil:CFD_campo_texto_17>?</ebil:CFD_campo_texto_17>\r
            <!--Optional:-->\r
            <ebil:CFD_campo_texto_18>?</ebil:CFD_campo_texto_18>\r
            <!--Optional:-->\r
            <ebil:CFD_campo_texto_19>?</ebil:CFD_campo_texto_19>\r
            <!--Optional:-->\r
            <ebil:CFD_campo_texto_20>?</ebil:CFD_campo_texto_20>\r
            <!--Optional:-->\r
            <ebil:CFD_campo_texto_21>?</ebil:CFD_campo_texto_21>\r
            <!--Optional:-->\r
            <ebil:CFD_campo_texto_22>?</ebil:CFD_campo_texto_22>\r
            <!--Optional:-->\r
            <ebil:CFD_campo_texto_23>?</ebil:CFD_campo_texto_23>\r
            <!--Optional:-->\r
            <ebil:CFD_campo_texto_24>?</ebil:CFD_campo_texto_24>\r
            <!--Optional:-->\r
            <ebil:CFD_campo_texto_25>?</ebil:CFD_campo_texto_25>\r
            <!--Optional:-->\r
            <ebil:CFD_campo_texto_26>?</ebil:CFD_campo_texto_26>\r
            <!--Optional:-->\r
            <ebil:CFD_campo_texto_27>?</ebil:CFD_campo_texto_27>\r
            <!--Optional:-->\r
            <ebil:CFD_campo_texto_28>?</ebil:CFD_campo_texto_28>\r
            <!--Optional:-->\r
            <ebil:CFD_campo_texto_29>?</ebil:CFD_campo_texto_29>\r
            <!--Optional:-->\r
            <ebil:CFD_campo_texto_30>?</ebil:CFD_campo_texto_30>\r
            <!--Optional:-->\r
            <ebil:CFD_campo_texto_9>?</ebil:CFD_campo_texto_9>\r
            <!--Optional:-->\r
            <ebil:CFD_cantidad_dec_1>?</ebil:CFD_cantidad_dec_1>\r
            <!--Optional:-->\r
            <ebil:CFD_cantidad_dec_10>?</ebil:CFD_cantidad_dec_10>\r
            <!--Optional:-->\r
            <ebil:CFD_cantidad_dec_11>?</ebil:CFD_cantidad_dec_11>\r
            <!--Optional:-->\r
            <ebil:CFD_cantidad_dec_12>?</ebil:CFD_cantidad_dec_12>\r
            <!--Optional:-->\r
            <ebil:CFD_cantidad_dec_13>?</ebil:CFD_cantidad_dec_13>\r
            <!--Optional:-->\r
            <ebil:CFD_cantidad_dec_14>?</ebil:CFD_cantidad_dec_14>\r
            <!--Optional:-->\r
            <ebil:CFD_cantidad_dec_15>?</ebil:CFD_cantidad_dec_15>\r
            <!--Optional:-->\r
            <ebil:CFD_cantidad_dec_16>?</ebil:CFD_cantidad_dec_16>\r
            <!--Optional:-->\r
            <ebil:CFD_cantidad_dec_17>?</ebil:CFD_cantidad_dec_17>\r
            <!--Optional:-->\r
            <ebil:CFD_cantidad_dec_18>?</ebil:CFD_cantidad_dec_18>\r
            <!--Optional:-->\r
            <ebil:CFD_cantidad_dec_19>?</ebil:CFD_cantidad_dec_19>\r
            <!--Optional:-->\r
            <ebil:CFD_cantidad_dec_20>?</ebil:CFD_cantidad_dec_20>\r
            <!--Optional:-->\r
            <ebil:CFD_cantidad_dec_21>?</ebil:CFD_cantidad_dec_21>\r
            <!--Optional:-->\r
            <ebil:CFD_cantidad_dec_22>?</ebil:CFD_cantidad_dec_22>\r
            <!--Optional:-->\r
            <ebil:CFD_cantidad_dec_23>?</ebil:CFD_cantidad_dec_23>\r
            <!--Optional:-->\r
            <ebil:CFD_cantidad_dec_24>?</ebil:CFD_cantidad_dec_24>\r
            <!--Optional:-->\r
            <ebil:CFD_cantidad_dec_25>?</ebil:CFD_cantidad_dec_25>\r
            <!--Optional:-->\r
            <ebil:CFD_cantidad_dec_4>?</ebil:CFD_cantidad_dec_4>\r
            <!--Optional:-->\r
            <ebil:CFD_cantidad_dec_5>?</ebil:CFD_cantidad_dec_5>\r
            <!--Optional:-->\r
            <ebil:CFD_cantidad_dec_6>?</ebil:CFD_cantidad_dec_6>\r
            <!--Optional:-->\r
            <ebil:CFD_cantidad_dec_7>?</ebil:CFD_cantidad_dec_7>\r
            <!--Optional:-->\r
            <ebil:CFD_cantidad_dec_8>?</ebil:CFD_cantidad_dec_8>\r
            <!--Optional:-->\r
            <ebil:CFD_cantidad_dec_9>?</ebil:CFD_cantidad_dec_9>\r
            <!--Optional:-->\r
            <ebil:CFD_deducible>?</ebil:CFD_deducible>\r
            <!--Optional:-->\r
            <ebil:CFD_desconexion_servicio>?</ebil:CFD_desconexion_servicio>\r
            <!--Optional:-->\r
            <ebil:CFD_fecha_desconexion>?</ebil:CFD_fecha_desconexion>\r
            <!--Optional:-->\r
            <ebil:CFD_fecha_tasadeCambio>?</ebil:CFD_fecha_tasadeCambio>\r
            <!--Optional:-->\r
            <ebil:CFD_numero_enlace_doc_ref>?</ebil:CFD_numero_enlace_doc_ref>\r
            <!--Optional:-->\r
            <ebil:CFD_porc_rte_ICA>?</ebil:CFD_porc_rte_ICA>\r
            <!--Optional:-->\r
            <ebil:CFD_porc_rte_fuent>?</ebil:CFD_porc_rte_fuent>\r
            <!--Optional:-->\r
            <ebil:CFD_tasa_mora>?</ebil:CFD_tasa_mora>\r
            <!--Optional:-->\r
            <ebil:CFD_tdi_id_tipo_doc_interno>?</ebil:CFD_tdi_id_tipo_doc_interno>\r
            <!--Optional:-->\r
            <ebil:CFD_total_ICA>?</ebil:CFD_total_ICA>\r
            <!--Optional:-->\r
            <ebil:CFD_total_aduana_exp>?</ebil:CFD_total_aduana_exp>\r
            <!--Optional:-->\r
            <ebil:CFD_total_cargos>?</ebil:CFD_total_cargos>\r
            <!--Optional:-->\r
            <ebil:CFD_total_descuentos>?</ebil:CFD_total_descuentos>\r
            <!--Optional:-->\r
            <ebil:CFD_total_margen>?</ebil:CFD_total_margen>\r
            <!--Optional:-->\r
            <ebil:CFD_total_seguro_exp>?</ebil:CFD_total_seguro_exp>\r
            <!--Optional:-->\r
            <ebil:CLI_numero_cliente>?</ebil:CLI_numero_cliente>\r
            <!--Optional:-->\r
            <ebil:CREETotal>?</ebil:CREETotal>\r
            <!--Optional:-->\r
            <ebil:CampoTexto1>?</ebil:CampoTexto1>\r
            <!--Optional:-->\r
            <ebil:CampoTexto2>?</ebil:CampoTexto2>\r
            <!--Optional:-->\r
            <ebil:CampoTexto3>?</ebil:CampoTexto3>\r
            <!--Optional:-->\r
            <ebil:CampoTexto4>?</ebil:CampoTexto4>\r
            <!--Optional:-->\r
            <ebil:CampoTexto5>?</ebil:CampoTexto5>\r
            <!--Optional:-->\r
            <ebil:CampoTexto6>?</ebil:CampoTexto6>\r
            <!--Optional:-->\r
            <ebil:CampoTexto7>?</ebil:CampoTexto7>\r
            <!--Optional:-->\r
            <ebil:CampoTexto8>?</ebil:CampoTexto8>\r
            <!--Optional:-->\r
            <ebil:Cantidad1>?</ebil:Cantidad1>\r
            <!--Optional:-->\r
            <ebil:Cantidad2>?</ebil:Cantidad2>\r
            <!--Optional:-->\r
            <ebil:Cantidad3>?</ebil:Cantidad3>\r
            <!--Optional:-->\r
            <ebil:CantidadDec1>?</ebil:CantidadDec1>\r
            <!--Optional:-->\r
            <ebil:CantidadDec2>?</ebil:CantidadDec2>\r
            <!--Optional:-->\r
            <ebil:CantidadDec3>?</ebil:CantidadDec3>\r
            <!--Optional:-->\r
            <ebil:CiudadDANE>?</ebil:CiudadDANE>\r
            <!--Optional:-->\r
            <ebil:CodVendedor>?</ebil:CodVendedor>\r
            <!--Optional:-->\r
            <ebil:CodigoPostalCliente>?</ebil:CodigoPostalCliente>\r
            <!--Optional:-->\r
            <ebil:CodigoPostalEnvio>?</ebil:CodigoPostalEnvio>\r
            <!--Optional:-->\r
            <ebil:ComprobanteCon>?</ebil:ComprobanteCon>\r
            <!--Optional:-->\r
            <ebil:Condiciones_Pago>?</ebil:Condiciones_Pago>\r
            <!--Optional:-->\r
            <ebil:ContactoCargo>?</ebil:ContactoCargo>\r
            <!--Optional:-->\r
            <ebil:ContactoCorreo>?</ebil:ContactoCorreo>\r
            <!--Optional:-->\r
            <ebil:ContactoNombre>?</ebil:ContactoNombre>\r
            <!--Optional:-->\r
            <ebil:CorreoCliente>?</ebil:CorreoCliente>\r
            <!--Optional:-->\r
            <ebil:DepartamentoDANE>?</ebil:DepartamentoDANE>\r
            <!--Optional:-->\r
            <ebil:DescripcionPlan>?</ebil:DescripcionPlan>\r
            <!--Optional:-->\r
            <ebil:Descuento>?</ebil:Descuento>\r
            <!--Optional:-->\r
            <ebil:DigitoVerificaCliente>?</ebil:DigitoVerificaCliente>\r
            <!--Optional:-->\r
            <ebil:DireccionCliente>?</ebil:DireccionCliente>\r
            <!--Optional:-->\r
            <ebil:EstiloFactura>?</ebil:EstiloFactura>\r
            <!--Optional:-->\r
            <ebil:FechaExpedicion>?</ebil:FechaExpedicion>\r
            <!--Optional:-->\r
            <ebil:FechaFinalPeriodoFacturado>?</ebil:FechaFinalPeriodoFacturado>\r
            <!--Optional:-->\r
            <ebil:FechaInicialPeriodoFacturado>?</ebil:FechaInicialPeriodoFacturado>\r
            <!--Optional:-->\r
            <ebil:FechaVencimiento>?</ebil:FechaVencimiento>\r
            <!--Optional:-->\r
            <ebil:FormaPago>?</ebil:FormaPago>\r
            <!--Optional:-->\r
            <ebil:IDInterno>?</ebil:IDInterno>\r
            <!--Optional:-->\r
            <ebil:IDUbicacionCliente>?</ebil:IDUbicacionCliente>\r
            <!--Optional:-->\r
            <ebil:IDUbicacionEnvio>?</ebil:IDUbicacionEnvio>\r
            <!--Optional:-->\r
            <ebil:IdPlan>?</ebil:IdPlan>\r
            <!--Optional:-->\r
            <ebil:IdSucursal>?</ebil:IdSucursal>\r
            <!--Optional:-->\r
            <ebil:Incoterm>?</ebil:Incoterm>\r
            <!--Optional:-->\r
            <ebil:InfoAdicional>?</ebil:InfoAdicional>\r
            <!--Optional:-->\r
            <ebil:LugarTerminosEntrega>?</ebil:LugarTerminosEntrega>\r
            <!--Optional:-->\r
            <ebil:MesCausado>?</ebil:MesCausado>\r
            <!--Optional:-->\r
            <ebil:MonedaISO>?</ebil:MonedaISO>\r
            <!--Optional:-->\r
            <ebil:NitCliente>?</ebil:NitCliente>\r
            <!--Optional:-->\r
            <ebil:NitEmpresa>?</ebil:NitEmpresa>\r
            <!--Optional:-->\r
            <ebil:NombreCliente>?</ebil:NombreCliente>\r
            <!--Optional:-->\r
            <ebil:NombrePlan>?</ebil:NombrePlan>\r
            <!--Optional:-->\r
            <ebil:NombreVendedor>?</ebil:NombreVendedor>\r
            <!--Optional:-->\r
            <ebil:NumAprobacionRes>?</ebil:NumAprobacionRes>\r
            <!--Optional:-->\r
            <ebil:NumFactura>?</ebil:NumFactura>\r
            <!--Optional:-->\r
            <ebil:OrderID>?</ebil:OrderID>\r
            <!--Optional:-->\r
            <ebil:PAI_ISO_3166>?</ebil:PAI_ISO_3166>\r
            <!--Optional:-->\r
            <ebil:PagoAnterior>?</ebil:PagoAnterior>\r
            <!--Optional:-->\r
            <ebil:Prefijo>?</ebil:Prefijo>\r
            <!--Optional:-->\r
            <ebil:ReferenciaCliente>?</ebil:ReferenciaCliente>\r
            <!--Optional:-->\r
            <ebil:RetencionCREETotal>?</ebil:RetencionCREETotal>\r
            <!--Optional:-->\r
            <ebil:SMSXDoc>?</ebil:SMSXDoc>\r
            <!--Optional:-->\r
            <ebil:SaldoAnterior>?</ebil:SaldoAnterior>\r
            <!--Optional:-->\r
            <ebil:SubTotal>?</ebil:SubTotal>\r
            <!--Optional:-->\r
            <ebil:SubTotalSegunMon>?</ebil:SubTotalSegunMon>\r
            <!--Optional:-->\r
            <ebil:Sucursal>?</ebil:Sucursal>\r
            <!--Optional:-->\r
            <ebil:TIP_id_tipo_persona>?</ebil:TIP_id_tipo_persona>\r
            <!--Optional:-->\r
            <ebil:TasaCambio>?</ebil:TasaCambio>\r
            <!--Optional:-->\r
            <ebil:TelefonoCliente>?</ebil:TelefonoCliente>\r
            <!--Optional:-->\r
            <ebil:Texto3>?</ebil:Texto3>\r
            <!--Optional:-->\r
            <ebil:TieneAcuerdo>?</ebil:TieneAcuerdo>\r
            <!--Optional:-->\r
            <ebil:TipoComprobante>?</ebil:TipoComprobante>\r
            <!--Optional:-->\r
            <ebil:TipoContribuyente>?</ebil:TipoContribuyente>\r
            <!--Optional:-->\r
            <ebil:TipoIDCliente>?</ebil:TipoIDCliente>\r
            <!--Optional:-->\r
            <ebil:Total>?</ebil:Total>\r
            <!--Optional:-->\r
            <ebil:TotalIVA>?</ebil:TotalIVA>\r
            <!--Optional:-->\r
            <ebil:TotalIVASegunMon>?</ebil:TotalIVASegunMon>\r
            <!--Optional:-->\r
            <ebil:TotalRetICA>?</ebil:TotalRetICA>\r
            <!--Optional:-->\r
            <ebil:TotalRetIVA>?</ebil:TotalRetIVA>\r
            <!--Optional:-->\r
            <ebil:TotalRetencion>?</ebil:TotalRetencion>\r
            <!--Optional:-->\r
            <ebil:TotalSegunMon>?</ebil:TotalSegunMon>\r
            <!--Optional:-->\r
            <ebil:TotalTraslado>?</ebil:TotalTraslado>\r
            <!--Optional:-->\r
            <ebil:Total_a_Pagar>?</ebil:Total_a_Pagar>\r
            <!--Optional:-->\r
            <ebil:ValorHasta1>?</ebil:ValorHasta1>\r
            <!--Optional:-->\r
            <ebil:ValorHasta2>?</ebil:ValorHasta2>\r
            <!--Optional:-->\r
            <ebil:ValorHasta3>?</ebil:ValorHasta3>\r
            <!--Optional:-->\r
            <ebil:ValorHasta4>?</ebil:ValorHasta4>\r
            <!--Optional:-->\r
            <ebil:cfd_activa_nota1>?</ebil:cfd_activa_nota1>\r
            <!--Optional:-->\r
            <ebil:ciudad_envio>?</ebil:ciudad_envio>\r
            <!--Optional:-->\r
            <ebil:code1>?</ebil:code1>\r
            <!--Optional:-->\r
            <ebil:code2>?</ebil:code2>\r
            <!--Optional:-->\r
            <ebil:code3>?</ebil:code3>\r
            <!--Optional:-->\r
            <ebil:curso>?</ebil:curso>\r
            <!--Optional:-->\r
            <ebil:departamento_envio>?</ebil:departamento_envio>\r
            <!--Optional:-->\r
            <ebil:direccion_envio>?</ebil:direccion_envio>\r
            <!--Optional:-->\r
            <ebil:numero_envio>?</ebil:numero_envio>\r
            <!--Optional:-->\r
            <ebil:orden_venta>?</ebil:orden_venta>\r
            <!--Optional:-->\r
            <ebil:pague_hasta1>?</ebil:pague_hasta1>\r
            <!--Optional:-->\r
            <ebil:pague_hasta2>?</ebil:pague_hasta2>\r
            <!--Optional:-->\r
            <ebil:pague_hasta3>?</ebil:pague_hasta3>\r
            <!--Optional:-->\r
            <ebil:referencia>?</ebil:referencia>\r
            <!--Optional:-->\r
            <ebil:referencia1>?</ebil:referencia1>\r
            <!--Optional:-->\r
            <ebil:referencia_envio>?</ebil:referencia_envio>\r
            <!--Optional:-->\r
            <ebil:telefono_envio>?</ebil:telefono_envio>\r
         </tem:FacCab>\r
         <!--Optional:-->\r
         <tem:DetFac>\r
            <!--Zero or more repetitions:-->\r
            <ebil:CFDDetConexionInt>\r
               <!--Optional:-->\r
               <ebil:CON_base_ica>?</ebil:CON_base_ica>\r
               <!--Optional:-->\r
               <ebil:CON_base_impo_n>?</ebil:CON_base_impo_n>\r
               <!--Optional:-->\r
               <ebil:CON_base_impo_r>?</ebil:CON_base_impo_r>\r
               <!--Optional:-->\r
               <ebil:CON_base_iva>?</ebil:CON_base_iva>\r
               <!--Optional:-->\r
               <ebil:CON_cantidad_original_solicitada>?</ebil:CON_cantidad_original_solicitada>\r
               <!--Optional:-->\r
               <ebil:CON_categoria_0>?</ebil:CON_categoria_0>\r
               <!--Optional:-->\r
               <ebil:CON_categoria_1>?</ebil:CON_categoria_1>\r
               <!--Optional:-->\r
               <ebil:CON_categoria_2>?</ebil:CON_categoria_2>\r
               <!--Optional:-->\r
               <ebil:CON_categoria_3>?</ebil:CON_categoria_3>\r
               <!--Optional:-->\r
               <ebil:CON_ciudad_despacho>?</ebil:CON_ciudad_despacho>\r
               <!--Optional:-->\r
               <ebil:CON_dato_decimal1>?</ebil:CON_dato_decimal1>\r
               <!--Optional:-->\r
               <ebil:CON_dato_decimal10>?</ebil:CON_dato_decimal10>\r
               <!--Optional:-->\r
               <ebil:CON_dato_decimal11>?</ebil:CON_dato_decimal11>\r
               <!--Optional:-->\r
               <ebil:CON_dato_decimal12>?</ebil:CON_dato_decimal12>\r
               <!--Optional:-->\r
               <ebil:CON_dato_decimal13>?</ebil:CON_dato_decimal13>\r
               <!--Optional:-->\r
               <ebil:CON_dato_decimal14>?</ebil:CON_dato_decimal14>\r
               <!--Optional:-->\r
               <ebil:CON_dato_decimal15>?</ebil:CON_dato_decimal15>\r
               <!--Optional:-->\r
               <ebil:CON_dato_decimal2>?</ebil:CON_dato_decimal2>\r
               <!--Optional:-->\r
               <ebil:CON_dato_decimal3>?</ebil:CON_dato_decimal3>\r
               <!--Optional:-->\r
               <ebil:CON_dato_decimal4>?</ebil:CON_dato_decimal4>\r
               <!--Optional:-->\r
               <ebil:CON_dato_decimal5>?</ebil:CON_dato_decimal5>\r
               <!--Optional:-->\r
               <ebil:CON_dato_decimal6>?</ebil:CON_dato_decimal6>\r
               <!--Optional:-->\r
               <ebil:CON_dato_decimal7>?</ebil:CON_dato_decimal7>\r
               <!--Optional:-->\r
               <ebil:CON_dato_decimal8>?</ebil:CON_dato_decimal8>\r
               <!--Optional:-->\r
               <ebil:CON_dato_decimal9>?</ebil:CON_dato_decimal9>\r
               <!--Optional:-->\r
               <ebil:CON_dato_destino>?</ebil:CON_dato_destino>\r
               <!--Optional:-->\r
               <ebil:CON_dato_fecha>?</ebil:CON_dato_fecha>\r
               <!--Optional:-->\r
               <ebil:CON_dato_origen>?</ebil:CON_dato_origen>\r
               <!--Optional:-->\r
               <ebil:CON_dato_peso>?</ebil:CON_dato_peso>\r
               <!--Optional:-->\r
               <ebil:CON_dato_placa>?</ebil:CON_dato_placa>\r
               <!--Optional:-->\r
               <ebil:CON_dato_referencia>?</ebil:CON_dato_referencia>\r
               <!--Optional:-->\r
               <ebil:CON_dato_texto1>?</ebil:CON_dato_texto1>\r
               <!--Optional:-->\r
               <ebil:CON_dato_texto10>?</ebil:CON_dato_texto10>\r
               <!--Optional:-->\r
               <ebil:CON_dato_texto11>?</ebil:CON_dato_texto11>\r
               <!--Optional:-->\r
               <ebil:CON_dato_texto12>?</ebil:CON_dato_texto12>\r
               <!--Optional:-->\r
               <ebil:CON_dato_texto13>?</ebil:CON_dato_texto13>\r
               <!--Optional:-->\r
               <ebil:CON_dato_texto14>?</ebil:CON_dato_texto14>\r
               <!--Optional:-->\r
               <ebil:CON_dato_texto15>?</ebil:CON_dato_texto15>\r
               <!--Optional:-->\r
               <ebil:CON_dato_texto2>?</ebil:CON_dato_texto2>\r
               <!--Optional:-->\r
               <ebil:CON_dato_texto3>?</ebil:CON_dato_texto3>\r
               <!--Optional:-->\r
               <ebil:CON_dato_texto4>?</ebil:CON_dato_texto4>\r
               <!--Optional:-->\r
               <ebil:CON_dato_texto5>?</ebil:CON_dato_texto5>\r
               <!--Optional:-->\r
               <ebil:CON_dato_texto6>?</ebil:CON_dato_texto6>\r
               <!--Optional:-->\r
               <ebil:CON_dato_texto7>?</ebil:CON_dato_texto7>\r
               <!--Optional:-->\r
               <ebil:CON_dato_texto8>?</ebil:CON_dato_texto8>\r
               <!--Optional:-->\r
               <ebil:CON_dato_texto9>?</ebil:CON_dato_texto9>\r
               <!--Optional:-->\r
               <ebil:CON_departamento_despacho>?</ebil:CON_departamento_despacho>\r
               <!--Optional:-->\r
               <ebil:CON_detalle_construccion>?</ebil:CON_detalle_construccion>\r
               <!--Optional:-->\r
               <ebil:CON_detalle_industria1>?</ebil:CON_detalle_industria1>\r
               <!--Optional:-->\r
               <ebil:CON_detalle_industria2>?</ebil:CON_detalle_industria2>\r
               <!--Optional:-->\r
               <ebil:CON_detalle_industria3>?</ebil:CON_detalle_industria3>\r
               <!--Optional:-->\r
               <ebil:CON_detalle_vehiculo>?</ebil:CON_detalle_vehiculo>\r
               <!--Optional:-->\r
               <ebil:CON_direccion_despacho>?</ebil:CON_direccion_despacho>\r
               <!--Optional:-->\r
               <ebil:CON_documentos_referencia>?</ebil:CON_documentos_referencia>\r
               <!--Optional:-->\r
               <ebil:CON_linea_concepto>?</ebil:CON_linea_concepto>\r
               <!--Optional:-->\r
               <ebil:CON_linea_padre_concepto>?</ebil:CON_linea_padre_concepto>\r
               <!--Optional:-->\r
               <ebil:CON_posicion_arancelaria>?</ebil:CON_posicion_arancelaria>\r
               <!--Optional:-->\r
               <ebil:CON_sub_cliente>?</ebil:CON_sub_cliente>\r
               <!--Optional:-->\r
               <ebil:CON_total_con_seg_mon>?</ebil:CON_total_con_seg_mon>\r
               <!--Optional:-->\r
               <ebil:CON_unidad_medida_con>?</ebil:CON_unidad_medida_con>\r
               <!--Optional:-->\r
               <ebil:CON_valor_otros_cargos>?</ebil:CON_valor_otros_cargos>\r
               <!--Optional:-->\r
               <ebil:CON_valor_otros_descuentos>?</ebil:CON_valor_otros_descuentos>\r
               <!--Optional:-->\r
               <ebil:CON_valor_unitario_seg_mon>?</ebil:CON_valor_unitario_seg_mon>\r
               <!--Optional:-->\r
               <ebil:CREE>?</ebil:CREE>\r
               <!--Optional:-->\r
               <ebil:Cantidad>?</ebil:Cantidad>\r
               <!--Optional:-->\r
               <ebil:ClaseMovimiento>?</ebil:ClaseMovimiento>\r
               <!--Optional:-->\r
               <ebil:CodigoProducto>?</ebil:CodigoProducto>\r
               <!--Optional:-->\r
               <ebil:Codigos>\r
                  <!--Zero or more repetitions:-->\r
                  <arr:string>?</arr:string>\r
               </ebil:Codigos>\r
               <!--Optional:-->\r
               <ebil:CodigosString>?</ebil:CodigosString>\r
               <!--Optional:-->\r
               <ebil:DescripcionConcepto>?</ebil:DescripcionConcepto>\r
               <!--Optional:-->\r
               <ebil:DescripcionProducto>?</ebil:DescripcionProducto>\r
               <!--Optional:-->\r
               <ebil:DescuentoConcepto>?</ebil:DescuentoConcepto>\r
               <!--Optional:-->\r
               <ebil:FechaRecibe>?</ebil:FechaRecibe>\r
               <!--Optional:-->\r
               <ebil:IVAProducto>?</ebil:IVAProducto>\r
               <!--Optional:-->\r
               <ebil:Importe>?</ebil:Importe>\r
               <!--Optional:-->\r
               <ebil:Impuesto2>?</ebil:Impuesto2>\r
               <!--Optional:-->\r
               <ebil:ItemReferencia>?</ebil:ItemReferencia>\r
               <!--Optional:-->\r
               <ebil:NotasConcepto>?</ebil:NotasConcepto>\r
               <!--Optional:-->\r
               <ebil:PorIVAProducto>?</ebil:PorIVAProducto>\r
               <!--Optional:-->\r
               <ebil:PorImpuesto2>?</ebil:PorImpuesto2>\r
               <!--Optional:-->\r
               <ebil:PorcentajeDescuento>?</ebil:PorcentajeDescuento>\r
               <!--Optional:-->\r
               <ebil:RetencionCREE>?</ebil:RetencionCREE>\r
               <!--Optional:-->\r
               <ebil:TipoImpuesto>?</ebil:TipoImpuesto>\r
               <!--Optional:-->\r
               <ebil:TotalConSegMon>?</ebil:TotalConSegMon>\r
               <!--Optional:-->\r
               <ebil:TotalConcepto>?</ebil:TotalConcepto>\r
               <!--Optional:-->\r
               <ebil:UnidadMedida>?</ebil:UnidadMedida>\r
               <!--Optional:-->\r
               <ebil:ValorUnitario>?</ebil:ValorUnitario>\r
            </ebil:CFDDetConexionInt>\r
         </tem:DetFac>\r
         <!--Optional:-->\r
         <tem:Opciones>\r
            <!--Optional:-->\r
            <ebil:ActualizaProductos>?</ebil:ActualizaProductos>\r
            <!--Optional:-->\r
            <ebil:CalculaReteCree>?</ebil:CalculaReteCree>\r
            <!--Optional:-->\r
            <ebil:CalculaReteFuente>?</ebil:CalculaReteFuente>\r
            <!--Optional:-->\r
            <ebil:CalculaReteICA>?</ebil:CalculaReteICA>\r
            <!--Optional:-->\r
            <ebil:CalculaReteIVA>?</ebil:CalculaReteIVA>\r
            <!--Optional:-->\r
            <ebil:EmisionAutomatica>?</ebil:EmisionAutomatica>\r
            <!--Optional:-->\r
            <ebil:FacturasSinAcuerdo>?</ebil:FacturasSinAcuerdo>\r
            <!--Optional:-->\r
            <ebil:ModeloXAceptacion>?</ebil:ModeloXAceptacion>\r
            <!--Optional:-->\r
            <ebil:NotasRelacionadas>?</ebil:NotasRelacionadas>\r
            <!--Optional:-->\r
            <ebil:OrderControl>?</ebil:OrderControl>\r
            <!--Optional:-->\r
            <ebil:TieneAcuerdosFisicos>?</ebil:TieneAcuerdosFisicos>\r
            <!--Optional:-->\r
            <ebil:TokenConexion>?</ebil:TokenConexion>\r
            <!--Optional:-->\r
            <ebil:eBillAdmNumerosFactura>?</ebil:eBillAdmNumerosFactura>\r
         </tem:Opciones>\r
      </tem:CargarDocumentosElectronicosToeBillGenericFULLPDFCUFE>\r
   </soapenv:Body>\r
</soapenv:Envelope>]]></con:request><con:wsaConfig mustUnderstand="NONE" version="200508" action="http://tempuri.org/IIntegracion/CargarDocumentosElectronicosToeBillGenericFULLPDFCUFE"/></con:call></con:operation><con:operation id="a3ffad96-03b4-4494-aa36-a74d4012be21" isOneWay="false" action="http://tempuri.org/IIntegracion/CargarDocumentosElectronicosToeBillGenericTAX" name="CargarDocumentosElectronicosToeBillGenericTAX" bindingOperationName="CargarDocumentosElectronicosToeBillGenericTAX" type="Request-Response" inputName="" receivesAttachments="false" sendsAttachments="false" anonymous="optional"><con:settings/><con:call id="8192f9f7-cd5d-4d7c-a906-8d92d5d510d3" name="Request 1"><con:settings/><con:encoding>UTF-8</con:encoding><con:endpoint>https://fymtest.cloudapp.net:444/ServiciosFyM/eBill/Integracion.svc</con:endpoint><con:request><![CDATA[<soapenv:Envelope xmlns:soapenv="http://schemas.xmlsoap.org/soap/envelope/" xmlns:tem="http://tempuri.org/" xmlns:ebil="http://schemas.datacontract.org/2004/07/eBillCore" xmlns:arr="http://schemas.microsoft.com/2003/10/Serialization/Arrays">\r
   <soapenv:Header/>\r
   <soapenv:Body>\r
      <tem:CargarDocumentosElectronicosToeBillGenericTAX>\r
         <!--Optional:-->\r
         <tem:FacCab>\r
            <!--Optional:-->\r
            <ebil:AnoAprobacionRes>?</ebil:AnoAprobacionRes>\r
            <!--Optional:-->\r
            <ebil:AvisoDesconexion>?</ebil:AvisoDesconexion>\r
            <!--Optional:-->\r
            <ebil:BaseImpuesto>?</ebil:BaseImpuesto>\r
            <!--Optional:-->\r
            <ebil:CFD_cantidad_dec_1>?</ebil:CFD_cantidad_dec_1>\r
            <!--Optional:-->\r
            <ebil:CiudadDANE>?</ebil:CiudadDANE>\r
            <!--Optional:-->\r
            <ebil:CiudadDANEEntrega>?</ebil:CiudadDANEEntrega>\r
            <!--Optional:-->\r
            <ebil:CodigoBarraPago1>?</ebil:CodigoBarraPago1>\r
            <!--Optional:-->\r
            <ebil:CodigoBarraPago2>?</ebil:CodigoBarraPago2>\r
            <!--Optional:-->\r
            <ebil:CodigoBarraPago3>?</ebil:CodigoBarraPago3>\r
            <!--Optional:-->\r
            <ebil:CorreoCliente>?</ebil:CorreoCliente>\r
            <!--Optional:-->\r
            <ebil:DescripcionPlan>?</ebil:DescripcionPlan>\r
            <!--Optional:-->\r
            <ebil:Descuento>?</ebil:Descuento>\r
            <!--Optional:-->\r
            <ebil:DigitoVerificaCliente>?</ebil:DigitoVerificaCliente>\r
            <!--Optional:-->\r
            <ebil:DireccionCliente>?</ebil:DireccionCliente>\r
            <!--Optional:-->\r
            <ebil:DireccionEntrega>?</ebil:DireccionEntrega>\r
            <!--Optional:-->\r
            <ebil:EstiloFactura>?</ebil:EstiloFactura>\r
            <!--Optional:-->\r
            <ebil:FechaDesconexion>?</ebil:FechaDesconexion>\r
            <!--Optional:-->\r
            <ebil:FechaExpedicion>?</ebil:FechaExpedicion>\r
            <!--Optional:-->\r
            <ebil:FechaFinalPeriodoFacturado>?</ebil:FechaFinalPeriodoFacturado>\r
            <!--Optional:-->\r
            <ebil:FechaInicialPeriodoFacturado>?</ebil:FechaInicialPeriodoFacturado>\r
            <!--Optional:-->\r
            <ebil:FechaVencimiento>?</ebil:FechaVencimiento>\r
            <!--Optional:-->\r
            <ebil:FormaPago>?</ebil:FormaPago>\r
            <!--Optional:-->\r
            <ebil:IDInterno>?</ebil:IDInterno>\r
            <!--Optional:-->\r
            <ebil:IdPlan>?</ebil:IdPlan>\r
            <!--Optional:-->\r
            <ebil:InfoAdicional>?</ebil:InfoAdicional>\r
            <!--Optional:-->\r
            <ebil:Moneda>?</ebil:Moneda>\r
            <!--Optional:-->\r
            <ebil:MuestraNota1>?</ebil:MuestraNota1>\r
            <!--Optional:-->\r
            <ebil:NitCliente>?</ebil:NitCliente>\r
            <!--Optional:-->\r
            <ebil:NitEmpresa>?</ebil:NitEmpresa>\r
            <!--Optional:-->\r
            <ebil:NombreCliente>?</ebil:NombreCliente>\r
            <!--Optional:-->\r
            <ebil:NombrePlan>?</ebil:NombrePlan>\r
            <!--Optional:-->\r
            <ebil:NotificaSMS>?</ebil:NotificaSMS>\r
            <!--Optional:-->\r
            <ebil:NumAprobacionRes>?</ebil:NumAprobacionRes>\r
            <!--Optional:-->\r
            <ebil:NumFactura>?</ebil:NumFactura>\r
            <!--Optional:-->\r
            <ebil:NumeroEnvio>?</ebil:NumeroEnvio>\r
            <!--Optional:-->\r
            <ebil:OrderID>?</ebil:OrderID>\r
            <!--Optional:-->\r
            <ebil:PAI_ISO_3166>?</ebil:PAI_ISO_3166>\r
            <!--Optional:-->\r
            <ebil:PagoAnterior>?</ebil:PagoAnterior>\r
            <!--Optional:-->\r
            <ebil:PorICA>?</ebil:PorICA>\r
            <!--Optional:-->\r
            <ebil:PorIVA>?</ebil:PorIVA>\r
            <!--Optional:-->\r
            <ebil:PorRetencion>?</ebil:PorRetencion>\r
            <!--Optional:-->\r
            <ebil:Prefijo>?</ebil:Prefijo>\r
            <!--Optional:-->\r
            <ebil:Referencia>?</ebil:Referencia>\r
            <!--Optional:-->\r
            <ebil:Referencia1>?</ebil:Referencia1>\r
            <!--Optional:-->\r
            <ebil:ReferenciaEntrega>?</ebil:ReferenciaEntrega>\r
            <!--Optional:-->\r
            <ebil:SaldoAnterior>?</ebil:SaldoAnterior>\r
            <!--Optional:-->\r
            <ebil:SubTotal>?</ebil:SubTotal>\r
            <!--Optional:-->\r
            <ebil:SubTotalSegMon>?</ebil:SubTotalSegMon>\r
            <!--Optional:-->\r
            <ebil:TasaCambio>?</ebil:TasaCambio>\r
            <!--Optional:-->\r
            <ebil:TasaMora>?</ebil:TasaMora>\r
            <!--Optional:-->\r
            <ebil:TelefonoCliente>?</ebil:TelefonoCliente>\r
            <!--Optional:-->\r
            <ebil:TelefonoEntrega>?</ebil:TelefonoEntrega>\r
            <!--Optional:-->\r
            <ebil:TieneAcuerdo>?</ebil:TieneAcuerdo>\r
            <!--Optional:-->\r
            <ebil:TipoContribuyente>?</ebil:TipoContribuyente>\r
            <!--Optional:-->\r
            <ebil:TipoIDCliente>?</ebil:TipoIDCliente>\r
            <!--Optional:-->\r
            <ebil:TipoPersona>?</ebil:TipoPersona>\r
            <!--Optional:-->\r
            <ebil:Total>?</ebil:Total>\r
            <!--Optional:-->\r
            <ebil:TotalIVA>?</ebil:TotalIVA>\r
            <!--Optional:-->\r
            <ebil:TotalIVASegMon>?</ebil:TotalIVASegMon>\r
            <!--Optional:-->\r
            <ebil:TotalRetICA>?</ebil:TotalRetICA>\r
            <!--Optional:-->\r
            <ebil:TotalRetIVA>?</ebil:TotalRetIVA>\r
            <!--Optional:-->\r
            <ebil:TotalRetencion>?</ebil:TotalRetencion>\r
            <!--Optional:-->\r
            <ebil:TotalSegMon>?</ebil:TotalSegMon>\r
            <!--Optional:-->\r
            <ebil:TotalTraslado>?</ebil:TotalTraslado>\r
            <!--Optional:-->\r
            <ebil:ValorHasta1>?</ebil:ValorHasta1>\r
            <!--Optional:-->\r
            <ebil:ValorHasta2>?</ebil:ValorHasta2>\r
            <!--Optional:-->\r
            <ebil:Vendedor>?</ebil:Vendedor>\r
         </tem:FacCab>\r
         <!--Optional:-->\r
         <tem:DetFac>\r
            <!--Zero or more repetitions:-->\r
            <ebil:CFDDetConexion>\r
               <!--Optional:-->\r
               <ebil:Cantidad>?</ebil:Cantidad>\r
               <!--Optional:-->\r
               <ebil:CodigoProducto>?</ebil:CodigoProducto>\r
               <!--Optional:-->\r
               <ebil:Codigos>\r
                  <!--Zero or more repetitions:-->\r
                  <arr:string>?</arr:string>\r
               </ebil:Codigos>\r
               <!--Optional:-->\r
               <ebil:DescripcionConcepto>?</ebil:DescripcionConcepto>\r
               <!--Optional:-->\r
               <ebil:DescripcionProducto>?</ebil:DescripcionProducto>\r
               <!--Optional:-->\r
               <ebil:DescuentoConcepto>?</ebil:DescuentoConcepto>\r
               <!--Optional:-->\r
               <ebil:IVAProducto>?</ebil:IVAProducto>\r
               <!--Optional:-->\r
               <ebil:NotasCon>?</ebil:NotasCon>\r
               <!--Optional:-->\r
               <ebil:PorIVAProducto>?</ebil:PorIVAProducto>\r
               <!--Optional:-->\r
               <ebil:TotalConceptoSegMon>?</ebil:TotalConceptoSegMon>\r
               <!--Optional:-->\r
               <ebil:ValorUnitario>?</ebil:ValorUnitario>\r
            </ebil:CFDDetConexion>\r
         </tem:DetFac>\r
         <!--Optional:-->\r
         <tem:Opciones>\r
            <!--Optional:-->\r
            <ebil:ActualizaProductos>?</ebil:ActualizaProductos>\r
            <!--Optional:-->\r
            <ebil:BuscarXNitXIdInterno>?</ebil:BuscarXNitXIdInterno>\r
            <!--Optional:-->\r
            <ebil:EmisionAutomatica>?</ebil:EmisionAutomatica>\r
            <!--Optional:-->\r
            <ebil:EmisionAutomaticaFXComputador>?</ebil:EmisionAutomaticaFXComputador>\r
            <!--Optional:-->\r
            <ebil:FacturasSinAcuerdo>?</ebil:FacturasSinAcuerdo>\r
            <!--Optional:-->\r
            <ebil:ManejaPlantillasNotificacion>?</ebil:ManejaPlantillasNotificacion>\r
            <!--Optional:-->\r
            <ebil:NoAdjuntarArchivo>?</ebil:NoAdjuntarArchivo>\r
            <!--Optional:-->\r
            <ebil:NoTieneAcuerdosFisicos>?</ebil:NoTieneAcuerdosFisicos>\r
            <!--Optional:-->\r
            <ebil:OrderControl>?</ebil:OrderControl>\r
            <!--Optional:-->\r
            <ebil:TipoCargaDetalle>?</ebil:TipoCargaDetalle>\r
            <!--Optional:-->\r
            <ebil:TipoDocumento>?</ebil:TipoDocumento>\r
            <!--Optional:-->\r
            <ebil:TokenConexion>?</ebil:TokenConexion>\r
            <!--Optional:-->\r
            <ebil:crearVIP>?</ebil:crearVIP>\r
            <!--Optional:-->\r
            <ebil:eBillAdmNumerosFactura>?</ebil:eBillAdmNumerosFactura>\r
         </tem:Opciones>\r
      </tem:CargarDocumentosElectronicosToeBillGenericTAX>\r
   </soapenv:Body>\r
</soapenv:Envelope>]]></con:request><con:wsaConfig mustUnderstand="NONE" version="200508" action="http://tempuri.org/IIntegracion/CargarDocumentosElectronicosToeBillGenericTAX"/></con:call></con:operation><con:operation id="f2ad5fa5-bf92-4af5-b368-de577d81bd17" isOneWay="false" action="http://tempuri.org/IIntegracion/CargarFacturasToeBillGeneric" name="CargarFacturasToeBillGeneric" bindingOperationName="CargarFacturasToeBillGeneric" type="Request-Response" inputName="" receivesAttachments="false" sendsAttachments="false" anonymous="optional"><con:settings/><con:call id="64994536-0646-499e-9a3d-630b15f5a6df" name="Request 1"><con:settings/><con:encoding>UTF-8</con:encoding><con:endpoint>https://fymtest.cloudapp.net:444/ServiciosFyM/eBill/Integracion.svc</con:endpoint><con:request><![CDATA[<soapenv:Envelope xmlns:soapenv="http://schemas.xmlsoap.org/soap/envelope/" xmlns:tem="http://tempuri.org/" xmlns:ebil="http://schemas.datacontract.org/2004/07/eBillCore" xmlns:arr="http://schemas.microsoft.com/2003/10/Serialization/Arrays">\r
   <soapenv:Header/>\r
   <soapenv:Body>\r
      <tem:CargarFacturasToeBillGeneric>\r
         <!--Optional:-->\r
         <tem:FacCab>\r
            <!--Optional:-->\r
            <ebil:AnoAprobacionRes>?</ebil:AnoAprobacionRes>\r
            <!--Optional:-->\r
            <ebil:Cantidad1>?</ebil:Cantidad1>\r
            <!--Optional:-->\r
            <ebil:Cantidad2>?</ebil:Cantidad2>\r
            <!--Optional:-->\r
            <ebil:Cantidad3>?</ebil:Cantidad3>\r
            <!--Optional:-->\r
            <ebil:CiudadDANE>?</ebil:CiudadDANE>\r
            <!--Optional:-->\r
            <ebil:CorreoCliente>?</ebil:CorreoCliente>\r
            <!--Optional:-->\r
            <ebil:DescripcionPlan>?</ebil:DescripcionPlan>\r
            <!--Optional:-->\r
            <ebil:Descuento>?</ebil:Descuento>\r
            <!--Optional:-->\r
            <ebil:DigitoVerificaCliente>?</ebil:DigitoVerificaCliente>\r
            <!--Optional:-->\r
            <ebil:DireccionCliente>?</ebil:DireccionCliente>\r
            <!--Optional:-->\r
            <ebil:FechaExpedicion>?</ebil:FechaExpedicion>\r
            <!--Optional:-->\r
            <ebil:FechaFinalPeriodoFacturado>?</ebil:FechaFinalPeriodoFacturado>\r
            <!--Optional:-->\r
            <ebil:FechaInicialPeriodoFacturado>?</ebil:FechaInicialPeriodoFacturado>\r
            <!--Optional:-->\r
            <ebil:FechaVencimiento>?</ebil:FechaVencimiento>\r
            <!--Optional:-->\r
            <ebil:FormaPago>?</ebil:FormaPago>\r
            <!--Optional:-->\r
            <ebil:IDInterno>?</ebil:IDInterno>\r
            <!--Optional:-->\r
            <ebil:IdPlan>?</ebil:IdPlan>\r
            <!--Optional:-->\r
            <ebil:InfoAdicional>?</ebil:InfoAdicional>\r
            <!--Optional:-->\r
            <ebil:MonedaISO>?</ebil:MonedaISO>\r
            <!--Optional:-->\r
            <ebil:NitCliente>?</ebil:NitCliente>\r
            <!--Optional:-->\r
            <ebil:NitEmpresa>?</ebil:NitEmpresa>\r
            <!--Optional:-->\r
            <ebil:NombreCliente>?</ebil:NombreCliente>\r
            <!--Optional:-->\r
            <ebil:NombrePlan>?</ebil:NombrePlan>\r
            <!--Optional:-->\r
            <ebil:NumAprobacionRes>?</ebil:NumAprobacionRes>\r
            <!--Optional:-->\r
            <ebil:NumFactura>?</ebil:NumFactura>\r
            <!--Optional:-->\r
            <ebil:OrderID>?</ebil:OrderID>\r
            <!--Optional:-->\r
            <ebil:PagoAnterior>?</ebil:PagoAnterior>\r
            <!--Optional:-->\r
            <ebil:Prefijo>?</ebil:Prefijo>\r
            <!--Optional:-->\r
            <ebil:Referencia1>?</ebil:Referencia1>\r
            <!--Optional:-->\r
            <ebil:SaldoAnterior>?</ebil:SaldoAnterior>\r
            <!--Optional:-->\r
            <ebil:SubTotal>?</ebil:SubTotal>\r
            <!--Optional:-->\r
            <ebil:TelefonoCliente>?</ebil:TelefonoCliente>\r
            <!--Optional:-->\r
            <ebil:TipoIDCliente>?</ebil:TipoIDCliente>\r
            <!--Optional:-->\r
            <ebil:Total>?</ebil:Total>\r
            <!--Optional:-->\r
            <ebil:TotalIVA>?</ebil:TotalIVA>\r
            <!--Optional:-->\r
            <ebil:ValorHasta1>?</ebil:ValorHasta1>\r
            <!--Optional:-->\r
            <ebil:ValorHasta2>?</ebil:ValorHasta2>\r
            <!--Optional:-->\r
            <ebil:ValorHasta3>?</ebil:ValorHasta3>\r
            <!--Optional:-->\r
            <ebil:ValorHasta4>?</ebil:ValorHasta4>\r
         </tem:FacCab>\r
         <!--Optional:-->\r
         <tem:DetFac>\r
            <!--Zero or more repetitions:-->\r
            <ebil:CFDDetConexion>\r
               <!--Optional:-->\r
               <ebil:Cantidad>?</ebil:Cantidad>\r
               <!--Optional:-->\r
               <ebil:CodigoProducto>?</ebil:CodigoProducto>\r
               <!--Optional:-->\r
               <ebil:Codigos>\r
                  <!--Zero or more repetitions:-->\r
                  <arr:string>?</arr:string>\r
               </ebil:Codigos>\r
               <!--Optional:-->\r
               <ebil:DescripcionConcepto>?</ebil:DescripcionConcepto>\r
               <!--Optional:-->\r
               <ebil:DescripcionProducto>?</ebil:DescripcionProducto>\r
               <!--Optional:-->\r
               <ebil:DescuentoConcepto>?</ebil:DescuentoConcepto>\r
               <!--Optional:-->\r
               <ebil:IVAProducto>?</ebil:IVAProducto>\r
               <!--Optional:-->\r
               <ebil:NotasCon>?</ebil:NotasCon>\r
               <!--Optional:-->\r
               <ebil:PorIVAProducto>?</ebil:PorIVAProducto>\r
               <!--Optional:-->\r
               <ebil:TotalConceptoSegMon>?</ebil:TotalConceptoSegMon>\r
               <!--Optional:-->\r
               <ebil:ValorUnitario>?</ebil:ValorUnitario>\r
            </ebil:CFDDetConexion>\r
         </tem:DetFac>\r
         <!--Optional:-->\r
         <tem:Opciones>\r
            <!--Optional:-->\r
            <ebil:ActualizaProductos>?</ebil:ActualizaProductos>\r
            <!--Optional:-->\r
            <ebil:BuscarXNitXIdInterno>?</ebil:BuscarXNitXIdInterno>\r
            <!--Optional:-->\r
            <ebil:EmisionAutomatica>?</ebil:EmisionAutomatica>\r
            <!--Optional:-->\r
            <ebil:EmisionAutomaticaFXComputador>?</ebil:EmisionAutomaticaFXComputador>\r
            <!--Optional:-->\r
            <ebil:FacturasSinAcuerdo>?</ebil:FacturasSinAcuerdo>\r
            <!--Optional:-->\r
            <ebil:ManejaPlantillasNotificacion>?</ebil:ManejaPlantillasNotificacion>\r
            <!--Optional:-->\r
            <ebil:NoAdjuntarArchivo>?</ebil:NoAdjuntarArchivo>\r
            <!--Optional:-->\r
            <ebil:NoTieneAcuerdosFisicos>?</ebil:NoTieneAcuerdosFisicos>\r
            <!--Optional:-->\r
            <ebil:OrderControl>?</ebil:OrderControl>\r
            <!--Optional:-->\r
            <ebil:TipoCargaDetalle>?</ebil:TipoCargaDetalle>\r
            <!--Optional:-->\r
            <ebil:TipoDocumento>?</ebil:TipoDocumento>\r
            <!--Optional:-->\r
            <ebil:TokenConexion>?</ebil:TokenConexion>\r
            <!--Optional:-->\r
            <ebil:crearVIP>?</ebil:crearVIP>\r
            <!--Optional:-->\r
            <ebil:eBillAdmNumerosFactura>?</ebil:eBillAdmNumerosFactura>\r
         </tem:Opciones>\r
      </tem:CargarFacturasToeBillGeneric>\r
   </soapenv:Body>\r
</soapenv:Envelope>]]></con:request><con:wsaConfig mustUnderstand="NONE" version="200508" action="http://tempuri.org/IIntegracion/CargarFacturasToeBillGeneric"/></con:call></con:operation><con:operation id="b25885b6-14d7-4cda-b924-2b5c3075c0fc" isOneWay="false" action="http://tempuri.org/IIntegracion/CargarFacturasToeBillGenericFix" name="CargarFacturasToeBillGenericFix" bindingOperationName="CargarFacturasToeBillGenericFix" type="Request-Response" inputName="" receivesAttachments="false" sendsAttachments="false" anonymous="optional"><con:settings/><con:call id="86680350-c997-401f-a6af-4ae673641af7" name="Request 1"><con:settings/><con:encoding>UTF-8</con:encoding><con:endpoint>https://fymtest.cloudapp.net:444/ServiciosFyM/eBill/Integracion.svc</con:endpoint><con:request><![CDATA[<soapenv:Envelope xmlns:soapenv="http://schemas.xmlsoap.org/soap/envelope/" xmlns:tem="http://tempuri.org/" xmlns:ebil="http://schemas.datacontract.org/2004/07/eBillCore" xmlns:arr="http://schemas.microsoft.com/2003/10/Serialization/Arrays">\r
   <soapenv:Header/>\r
   <soapenv:Body>\r
      <tem:CargarFacturasToeBillGenericFix>\r
         <!--Optional:-->\r
         <tem:FacCab>\r
            <!--Optional:-->\r
            <ebil:AnoAprobacionRes>?</ebil:AnoAprobacionRes>\r
            <!--Optional:-->\r
            <ebil:Cantidad1>?</ebil:Cantidad1>\r
            <!--Optional:-->\r
            <ebil:Cantidad2>?</ebil:Cantidad2>\r
            <!--Optional:-->\r
            <ebil:Cantidad3>?</ebil:Cantidad3>\r
            <!--Optional:-->\r
            <ebil:CiudadDANE>?</ebil:CiudadDANE>\r
            <!--Optional:-->\r
            <ebil:CorreoCliente>?</ebil:CorreoCliente>\r
            <!--Optional:-->\r
            <ebil:DescripcionPlan>?</ebil:DescripcionPlan>\r
            <!--Optional:-->\r
            <ebil:Descuento>?</ebil:Descuento>\r
            <!--Optional:-->\r
            <ebil:DigitoVerificaCliente>?</ebil:DigitoVerificaCliente>\r
            <!--Optional:-->\r
            <ebil:DireccionCliente>?</ebil:DireccionCliente>\r
            <!--Optional:-->\r
            <ebil:FechaExpedicion>?</ebil:FechaExpedicion>\r
            <!--Optional:-->\r
            <ebil:FechaFinalPeriodoFacturado>?</ebil:FechaFinalPeriodoFacturado>\r
            <!--Optional:-->\r
            <ebil:FechaInicialPeriodoFacturado>?</ebil:FechaInicialPeriodoFacturado>\r
            <!--Optional:-->\r
            <ebil:FechaVencimiento>?</ebil:FechaVencimiento>\r
            <!--Optional:-->\r
            <ebil:FormaPago>?</ebil:FormaPago>\r
            <!--Optional:-->\r
            <ebil:IDInterno>?</ebil:IDInterno>\r
            <!--Optional:-->\r
            <ebil:IdPlan>?</ebil:IdPlan>\r
            <!--Optional:-->\r
            <ebil:InfoAdicional>?</ebil:InfoAdicional>\r
            <!--Optional:-->\r
            <ebil:MonedaISO>?</ebil:MonedaISO>\r
            <!--Optional:-->\r
            <ebil:NitCliente>?</ebil:NitCliente>\r
            <!--Optional:-->\r
            <ebil:NitEmpresa>?</ebil:NitEmpresa>\r
            <!--Optional:-->\r
            <ebil:NombreCliente>?</ebil:NombreCliente>\r
            <!--Optional:-->\r
            <ebil:NombrePlan>?</ebil:NombrePlan>\r
            <!--Optional:-->\r
            <ebil:NumAprobacionRes>?</ebil:NumAprobacionRes>\r
            <!--Optional:-->\r
            <ebil:NumFactura>?</ebil:NumFactura>\r
            <!--Optional:-->\r
            <ebil:OrderID>?</ebil:OrderID>\r
            <!--Optional:-->\r
            <ebil:PagoAnterior>?</ebil:PagoAnterior>\r
            <!--Optional:-->\r
            <ebil:Prefijo>?</ebil:Prefijo>\r
            <!--Optional:-->\r
            <ebil:Referencia1>?</ebil:Referencia1>\r
            <!--Optional:-->\r
            <ebil:SaldoAnterior>?</ebil:SaldoAnterior>\r
            <!--Optional:-->\r
            <ebil:SubTotal>?</ebil:SubTotal>\r
            <!--Optional:-->\r
            <ebil:TelefonoCliente>?</ebil:TelefonoCliente>\r
            <!--Optional:-->\r
            <ebil:TipoIDCliente>?</ebil:TipoIDCliente>\r
            <!--Optional:-->\r
            <ebil:Total>?</ebil:Total>\r
            <!--Optional:-->\r
            <ebil:TotalIVA>?</ebil:TotalIVA>\r
            <!--Optional:-->\r
            <ebil:ValorHasta1>?</ebil:ValorHasta1>\r
            <!--Optional:-->\r
            <ebil:ValorHasta2>?</ebil:ValorHasta2>\r
            <!--Optional:-->\r
            <ebil:ValorHasta3>?</ebil:ValorHasta3>\r
            <!--Optional:-->\r
            <ebil:ValorHasta4>?</ebil:ValorHasta4>\r
         </tem:FacCab>\r
         <!--Optional:-->\r
         <tem:DetFac>\r
            <!--Zero or more repetitions:-->\r
            <ebil:CFDDetConexion>\r
               <!--Optional:-->\r
               <ebil:Cantidad>?</ebil:Cantidad>\r
               <!--Optional:-->\r
               <ebil:CodigoProducto>?</ebil:CodigoProducto>\r
               <!--Optional:-->\r
               <ebil:Codigos>\r
                  <!--Zero or more repetitions:-->\r
                  <arr:string>?</arr:string>\r
               </ebil:Codigos>\r
               <!--Optional:-->\r
               <ebil:DescripcionConcepto>?</ebil:DescripcionConcepto>\r
               <!--Optional:-->\r
               <ebil:DescripcionProducto>?</ebil:DescripcionProducto>\r
               <!--Optional:-->\r
               <ebil:DescuentoConcepto>?</ebil:DescuentoConcepto>\r
               <!--Optional:-->\r
               <ebil:IVAProducto>?</ebil:IVAProducto>\r
               <!--Optional:-->\r
               <ebil:NotasCon>?</ebil:NotasCon>\r
               <!--Optional:-->\r
               <ebil:PorIVAProducto>?</ebil:PorIVAProducto>\r
               <!--Optional:-->\r
               <ebil:TotalConceptoSegMon>?</ebil:TotalConceptoSegMon>\r
               <!--Optional:-->\r
               <ebil:ValorUnitario>?</ebil:ValorUnitario>\r
            </ebil:CFDDetConexion>\r
         </tem:DetFac>\r
         <!--Optional:-->\r
         <tem:Opciones>\r
            <!--Optional:-->\r
            <ebil:ActualizaProductos>?</ebil:ActualizaProductos>\r
            <!--Optional:-->\r
            <ebil:BuscarXNitXIdInterno>?</ebil:BuscarXNitXIdInterno>\r
            <!--Optional:-->\r
            <ebil:EmisionAutomatica>?</ebil:EmisionAutomatica>\r
            <!--Optional:-->\r
            <ebil:EmisionAutomaticaFXComputador>?</ebil:EmisionAutomaticaFXComputador>\r
            <!--Optional:-->\r
            <ebil:FacturasSinAcuerdo>?</ebil:FacturasSinAcuerdo>\r
            <!--Optional:-->\r
            <ebil:ManejaPlantillasNotificacion>?</ebil:ManejaPlantillasNotificacion>\r
            <!--Optional:-->\r
            <ebil:NoAdjuntarArchivo>?</ebil:NoAdjuntarArchivo>\r
            <!--Optional:-->\r
            <ebil:NoTieneAcuerdosFisicos>?</ebil:NoTieneAcuerdosFisicos>\r
            <!--Optional:-->\r
            <ebil:OrderControl>?</ebil:OrderControl>\r
            <!--Optional:-->\r
            <ebil:TipoCargaDetalle>?</ebil:TipoCargaDetalle>\r
            <!--Optional:-->\r
            <ebil:TipoDocumento>?</ebil:TipoDocumento>\r
            <!--Optional:-->\r
            <ebil:TokenConexion>?</ebil:TokenConexion>\r
            <!--Optional:-->\r
            <ebil:crearVIP>?</ebil:crearVIP>\r
            <!--Optional:-->\r
            <ebil:eBillAdmNumerosFactura>?</ebil:eBillAdmNumerosFactura>\r
         </tem:Opciones>\r
      </tem:CargarFacturasToeBillGenericFix>\r
   </soapenv:Body>\r
</soapenv:Envelope>]]></con:request><con:wsaConfig mustUnderstand="NONE" version="200508" action="http://tempuri.org/IIntegracion/CargarFacturasToeBillGenericFix"/></con:call></con:operation><con:operation id="73e24ca2-d2e7-4aa5-9078-aa24e205d6cb" isOneWay="false" action="http://tempuri.org/IIntegracion/CargarFacturasToeBillGenericTAX" name="CargarFacturasToeBillGenericTAX" bindingOperationName="CargarFacturasToeBillGenericTAX" type="Request-Response" inputName="" receivesAttachments="false" sendsAttachments="false" anonymous="optional"><con:settings/><con:call id="3dd29e15-a243-414f-807c-12ed04f64110" name="Request 1"><con:settings/><con:encoding>UTF-8</con:encoding><con:endpoint>https://fymtest.cloudapp.net:444/ServiciosFyM/eBill/Integracion.svc</con:endpoint><con:request><![CDATA[<soapenv:Envelope xmlns:soapenv="http://schemas.xmlsoap.org/soap/envelope/" xmlns:tem="http://tempuri.org/" xmlns:ebil="http://schemas.datacontract.org/2004/07/eBillCore" xmlns:arr="http://schemas.microsoft.com/2003/10/Serialization/Arrays">\r
   <soapenv:Header/>\r
   <soapenv:Body>\r
      <tem:CargarFacturasToeBillGenericTAX>\r
         <!--Optional:-->\r
         <tem:FacCab>\r
            <!--Optional:-->\r
            <ebil:AnoAprobacionRes>?</ebil:AnoAprobacionRes>\r
            <!--Optional:-->\r
            <ebil:AvisoDesconexion>?</ebil:AvisoDesconexion>\r
            <!--Optional:-->\r
            <ebil:BaseImpuesto>?</ebil:BaseImpuesto>\r
            <!--Optional:-->\r
            <ebil:CFD_cantidad_dec_1>?</ebil:CFD_cantidad_dec_1>\r
            <!--Optional:-->\r
            <ebil:CiudadDANE>?</ebil:CiudadDANE>\r
            <!--Optional:-->\r
            <ebil:CiudadDANEEntrega>?</ebil:CiudadDANEEntrega>\r
            <!--Optional:-->\r
            <ebil:CodigoBarraPago1>?</ebil:CodigoBarraPago1>\r
            <!--Optional:-->\r
            <ebil:CodigoBarraPago2>?</ebil:CodigoBarraPago2>\r
            <!--Optional:-->\r
            <ebil:CodigoBarraPago3>?</ebil:CodigoBarraPago3>\r
            <!--Optional:-->\r
            <ebil:CorreoCliente>?</ebil:CorreoCliente>\r
            <!--Optional:-->\r
            <ebil:DescripcionPlan>?</ebil:DescripcionPlan>\r
            <!--Optional:-->\r
            <ebil:Descuento>?</ebil:Descuento>\r
            <!--Optional:-->\r
            <ebil:DigitoVerificaCliente>?</ebil:DigitoVerificaCliente>\r
            <!--Optional:-->\r
            <ebil:DireccionCliente>?</ebil:DireccionCliente>\r
            <!--Optional:-->\r
            <ebil:DireccionEntrega>?</ebil:DireccionEntrega>\r
            <!--Optional:-->\r
            <ebil:EstiloFactura>?</ebil:EstiloFactura>\r
            <!--Optional:-->\r
            <ebil:FechaDesconexion>?</ebil:FechaDesconexion>\r
            <!--Optional:-->\r
            <ebil:FechaExpedicion>?</ebil:FechaExpedicion>\r
            <!--Optional:-->\r
            <ebil:FechaFinalPeriodoFacturado>?</ebil:FechaFinalPeriodoFacturado>\r
            <!--Optional:-->\r
            <ebil:FechaInicialPeriodoFacturado>?</ebil:FechaInicialPeriodoFacturado>\r
            <!--Optional:-->\r
            <ebil:FechaVencimiento>?</ebil:FechaVencimiento>\r
            <!--Optional:-->\r
            <ebil:FormaPago>?</ebil:FormaPago>\r
            <!--Optional:-->\r
            <ebil:IDInterno>?</ebil:IDInterno>\r
            <!--Optional:-->\r
            <ebil:IdPlan>?</ebil:IdPlan>\r
            <!--Optional:-->\r
            <ebil:InfoAdicional>?</ebil:InfoAdicional>\r
            <!--Optional:-->\r
            <ebil:Moneda>?</ebil:Moneda>\r
            <!--Optional:-->\r
            <ebil:MuestraNota1>?</ebil:MuestraNota1>\r
            <!--Optional:-->\r
            <ebil:NitCliente>?</ebil:NitCliente>\r
            <!--Optional:-->\r
            <ebil:NitEmpresa>?</ebil:NitEmpresa>\r
            <!--Optional:-->\r
            <ebil:NombreCliente>?</ebil:NombreCliente>\r
            <!--Optional:-->\r
            <ebil:NombrePlan>?</ebil:NombrePlan>\r
            <!--Optional:-->\r
            <ebil:NotificaSMS>?</ebil:NotificaSMS>\r
            <!--Optional:-->\r
            <ebil:NumAprobacionRes>?</ebil:NumAprobacionRes>\r
            <!--Optional:-->\r
            <ebil:NumFactura>?</ebil:NumFactura>\r
            <!--Optional:-->\r
            <ebil:NumeroEnvio>?</ebil:NumeroEnvio>\r
            <!--Optional:-->\r
            <ebil:OrderID>?</ebil:OrderID>\r
            <!--Optional:-->\r
            <ebil:PAI_ISO_3166>?</ebil:PAI_ISO_3166>\r
            <!--Optional:-->\r
            <ebil:PagoAnterior>?</ebil:PagoAnterior>\r
            <!--Optional:-->\r
            <ebil:PorICA>?</ebil:PorICA>\r
            <!--Optional:-->\r
            <ebil:PorIVA>?</ebil:PorIVA>\r
            <!--Optional:-->\r
            <ebil:PorRetencion>?</ebil:PorRetencion>\r
            <!--Optional:-->\r
            <ebil:Prefijo>?</ebil:Prefijo>\r
            <!--Optional:-->\r
            <ebil:Referencia>?</ebil:Referencia>\r
            <!--Optional:-->\r
            <ebil:Referencia1>?</ebil:Referencia1>\r
            <!--Optional:-->\r
            <ebil:ReferenciaEntrega>?</ebil:ReferenciaEntrega>\r
            <!--Optional:-->\r
            <ebil:SaldoAnterior>?</ebil:SaldoAnterior>\r
            <!--Optional:-->\r
            <ebil:SubTotal>?</ebil:SubTotal>\r
            <!--Optional:-->\r
            <ebil:SubTotalSegMon>?</ebil:SubTotalSegMon>\r
            <!--Optional:-->\r
            <ebil:TasaCambio>?</ebil:TasaCambio>\r
            <!--Optional:-->\r
            <ebil:TasaMora>?</ebil:TasaMora>\r
            <!--Optional:-->\r
            <ebil:TelefonoCliente>?</ebil:TelefonoCliente>\r
            <!--Optional:-->\r
            <ebil:TelefonoEntrega>?</ebil:TelefonoEntrega>\r
            <!--Optional:-->\r
            <ebil:TieneAcuerdo>?</ebil:TieneAcuerdo>\r
            <!--Optional:-->\r
            <ebil:TipoContribuyente>?</ebil:TipoContribuyente>\r
            <!--Optional:-->\r
            <ebil:TipoIDCliente>?</ebil:TipoIDCliente>\r
            <!--Optional:-->\r
            <ebil:TipoPersona>?</ebil:TipoPersona>\r
            <!--Optional:-->\r
            <ebil:Total>?</ebil:Total>\r
            <!--Optional:-->\r
            <ebil:TotalIVA>?</ebil:TotalIVA>\r
            <!--Optional:-->\r
            <ebil:TotalIVASegMon>?</ebil:TotalIVASegMon>\r
            <!--Optional:-->\r
            <ebil:TotalRetICA>?</ebil:TotalRetICA>\r
            <!--Optional:-->\r
            <ebil:TotalRetIVA>?</ebil:TotalRetIVA>\r
            <!--Optional:-->\r
            <ebil:TotalRetencion>?</ebil:TotalRetencion>\r
            <!--Optional:-->\r
            <ebil:TotalSegMon>?</ebil:TotalSegMon>\r
            <!--Optional:-->\r
            <ebil:TotalTraslado>?</ebil:TotalTraslado>\r
            <!--Optional:-->\r
            <ebil:ValorHasta1>?</ebil:ValorHasta1>\r
            <!--Optional:-->\r
            <ebil:ValorHasta2>?</ebil:ValorHasta2>\r
            <!--Optional:-->\r
            <ebil:Vendedor>?</ebil:Vendedor>\r
         </tem:FacCab>\r
         <!--Optional:-->\r
         <tem:DetFac>\r
            <!--Zero or more repetitions:-->\r
            <ebil:CFDDetConexion>\r
               <!--Optional:-->\r
               <ebil:Cantidad>?</ebil:Cantidad>\r
               <!--Optional:-->\r
               <ebil:CodigoProducto>?</ebil:CodigoProducto>\r
               <!--Optional:-->\r
               <ebil:Codigos>\r
                  <!--Zero or more repetitions:-->\r
                  <arr:string>?</arr:string>\r
               </ebil:Codigos>\r
               <!--Optional:-->\r
               <ebil:DescripcionConcepto>?</ebil:DescripcionConcepto>\r
               <!--Optional:-->\r
               <ebil:DescripcionProducto>?</ebil:DescripcionProducto>\r
               <!--Optional:-->\r
               <ebil:DescuentoConcepto>?</ebil:DescuentoConcepto>\r
               <!--Optional:-->\r
               <ebil:IVAProducto>?</ebil:IVAProducto>\r
               <!--Optional:-->\r
               <ebil:NotasCon>?</ebil:NotasCon>\r
               <!--Optional:-->\r
               <ebil:PorIVAProducto>?</ebil:PorIVAProducto>\r
               <!--Optional:-->\r
               <ebil:TotalConceptoSegMon>?</ebil:TotalConceptoSegMon>\r
               <!--Optional:-->\r
               <ebil:ValorUnitario>?</ebil:ValorUnitario>\r
            </ebil:CFDDetConexion>\r
         </tem:DetFac>\r
         <!--Optional:-->\r
         <tem:Opciones>\r
            <!--Optional:-->\r
            <ebil:ActualizaProductos>?</ebil:ActualizaProductos>\r
            <!--Optional:-->\r
            <ebil:BuscarXNitXIdInterno>?</ebil:BuscarXNitXIdInterno>\r
            <!--Optional:-->\r
            <ebil:EmisionAutomatica>?</ebil:EmisionAutomatica>\r
            <!--Optional:-->\r
            <ebil:EmisionAutomaticaFXComputador>?</ebil:EmisionAutomaticaFXComputador>\r
            <!--Optional:-->\r
            <ebil:FacturasSinAcuerdo>?</ebil:FacturasSinAcuerdo>\r
            <!--Optional:-->\r
            <ebil:ManejaPlantillasNotificacion>?</ebil:ManejaPlantillasNotificacion>\r
            <!--Optional:-->\r
            <ebil:NoAdjuntarArchivo>?</ebil:NoAdjuntarArchivo>\r
            <!--Optional:-->\r
            <ebil:NoTieneAcuerdosFisicos>?</ebil:NoTieneAcuerdosFisicos>\r
            <!--Optional:-->\r
            <ebil:OrderControl>?</ebil:OrderControl>\r
            <!--Optional:-->\r
            <ebil:TipoCargaDetalle>?</ebil:TipoCargaDetalle>\r
            <!--Optional:-->\r
            <ebil:TipoDocumento>?</ebil:TipoDocumento>\r
            <!--Optional:-->\r
            <ebil:TokenConexion>?</ebil:TokenConexion>\r
            <!--Optional:-->\r
            <ebil:crearVIP>?</ebil:crearVIP>\r
            <!--Optional:-->\r
            <ebil:eBillAdmNumerosFactura>?</ebil:eBillAdmNumerosFactura>\r
         </tem:Opciones>\r
      </tem:CargarFacturasToeBillGenericTAX>\r
   </soapenv:Body>\r
</soapenv:Envelope>]]></con:request><con:wsaConfig mustUnderstand="NONE" version="200508" action="http://tempuri.org/IIntegracion/CargarFacturasToeBillGenericTAX"/></con:call></con:operation><con:operation id="c395e9d3-3b58-41da-87bb-bd536301582d" isOneWay="false" action="http://tempuri.org/IIntegracion/CargarNotaDesdeFacturaToeBill" name="CargarNotaDesdeFacturaToeBill" bindingOperationName="CargarNotaDesdeFacturaToeBill" type="Request-Response" inputName="" receivesAttachments="false" sendsAttachments="false" anonymous="optional"><con:settings/><con:call id="e3083aa6-02ad-442f-a0e4-c9cebd43e2ae" name="Request 1"><con:settings/><con:encoding>UTF-8</con:encoding><con:endpoint>https://fymtest.cloudapp.net:444/ServiciosFyM/eBill/Integracion.svc</con:endpoint><con:request><![CDATA[<soapenv:Envelope xmlns:soapenv="http://schemas.xmlsoap.org/soap/envelope/" xmlns:tem="http://tempuri.org/" xmlns:ebil="http://schemas.datacontract.org/2004/07/eBillCore">\r
   <soapenv:Header/>\r
   <soapenv:Body>\r
      <tem:CargarNotaDesdeFacturaToeBill>\r
         <!--Optional:-->\r
         <tem:FacCab>\r
            <!--Optional:-->\r
            <ebil:AnoAprobacionRes>?</ebil:AnoAprobacionRes>\r
            <!--Optional:-->\r
            <ebil:Base_Impuesto>?</ebil:Base_Impuesto>\r
            <!--Optional:-->\r
            <ebil:CFD_EST_estado_tramit>?</ebil:CFD_EST_estado_tramit>\r
            <!--Optional:-->\r
            <ebil:CFD_Flete>?</ebil:CFD_Flete>\r
            <!--Optional:-->\r
            <ebil:CFD_OtrosCargos>?</ebil:CFD_OtrosCargos>\r
            <!--Optional:-->\r
            <ebil:CFD_Por_Margen>?</ebil:CFD_Por_Margen>\r
            <!--Optional:-->\r
            <ebil:CFD_ResponseCode>?</ebil:CFD_ResponseCode>\r
            <!--Optional:-->\r
            <ebil:CFD_base_ICA_total>?</ebil:CFD_base_ICA_total>\r
            <!--Optional:-->\r
            <ebil:CFD_base_impo_total_nal>?</ebil:CFD_base_impo_total_nal>\r
            <!--Optional:-->\r
            <ebil:CFD_base_impo_total_reg>?</ebil:CFD_base_impo_total_reg>\r
            <!--Optional:-->\r
            <ebil:CFD_campo_texto_10>?</ebil:CFD_campo_texto_10>\r
            <!--Optional:-->\r
            <ebil:CFD_campo_texto_11>?</ebil:CFD_campo_texto_11>\r
            <!--Optional:-->\r
            <ebil:CFD_campo_texto_12>?</ebil:CFD_campo_texto_12>\r
            <!--Optional:-->\r
            <ebil:CFD_campo_texto_13>?</ebil:CFD_campo_texto_13>\r
            <!--Optional:-->\r
            <ebil:CFD_campo_texto_14>?</ebil:CFD_campo_texto_14>\r
            <!--Optional:-->\r
            <ebil:CFD_campo_texto_15>?</ebil:CFD_campo_texto_15>\r
            <!--Optional:-->\r
            <ebil:CFD_campo_texto_16>?</ebil:CFD_campo_texto_16>\r
            <!--Optional:-->\r
            <ebil:CFD_campo_texto_17>?</ebil:CFD_campo_texto_17>\r
            <!--Optional:-->\r
            <ebil:CFD_campo_texto_18>?</ebil:CFD_campo_texto_18>\r
            <!--Optional:-->\r
            <ebil:CFD_campo_texto_19>?</ebil:CFD_campo_texto_19>\r
            <!--Optional:-->\r
            <ebil:CFD_campo_texto_20>?</ebil:CFD_campo_texto_20>\r
            <!--Optional:-->\r
            <ebil:CFD_campo_texto_21>?</ebil:CFD_campo_texto_21>\r
            <!--Optional:-->\r
            <ebil:CFD_campo_texto_22>?</ebil:CFD_campo_texto_22>\r
            <!--Optional:-->\r
            <ebil:CFD_campo_texto_23>?</ebil:CFD_campo_texto_23>\r
            <!--Optional:-->\r
            <ebil:CFD_campo_texto_24>?</ebil:CFD_campo_texto_24>\r
            <!--Optional:-->\r
            <ebil:CFD_campo_texto_25>?</ebil:CFD_campo_texto_25>\r
            <!--Optional:-->\r
            <ebil:CFD_campo_texto_26>?</ebil:CFD_campo_texto_26>\r
            <!--Optional:-->\r
            <ebil:CFD_campo_texto_27>?</ebil:CFD_campo_texto_27>\r
            <!--Optional:-->\r
            <ebil:CFD_campo_texto_28>?</ebil:CFD_campo_texto_28>\r
            <!--Optional:-->\r
            <ebil:CFD_campo_texto_29>?</ebil:CFD_campo_texto_29>\r
            <!--Optional:-->\r
            <ebil:CFD_campo_texto_30>?</ebil:CFD_campo_texto_30>\r
            <!--Optional:-->\r
            <ebil:CFD_campo_texto_9>?</ebil:CFD_campo_texto_9>\r
            <!--Optional:-->\r
            <ebil:CFD_cantidad_dec_1>?</ebil:CFD_cantidad_dec_1>\r
            <!--Optional:-->\r
            <ebil:CFD_cantidad_dec_10>?</ebil:CFD_cantidad_dec_10>\r
            <!--Optional:-->\r
            <ebil:CFD_cantidad_dec_11>?</ebil:CFD_cantidad_dec_11>\r
            <!--Optional:-->\r
            <ebil:CFD_cantidad_dec_12>?</ebil:CFD_cantidad_dec_12>\r
            <!--Optional:-->\r
            <ebil:CFD_cantidad_dec_13>?</ebil:CFD_cantidad_dec_13>\r
            <!--Optional:-->\r
            <ebil:CFD_cantidad_dec_14>?</ebil:CFD_cantidad_dec_14>\r
            <!--Optional:-->\r
            <ebil:CFD_cantidad_dec_15>?</ebil:CFD_cantidad_dec_15>\r
            <!--Optional:-->\r
            <ebil:CFD_cantidad_dec_16>?</ebil:CFD_cantidad_dec_16>\r
            <!--Optional:-->\r
            <ebil:CFD_cantidad_dec_17>?</ebil:CFD_cantidad_dec_17>\r
            <!--Optional:-->\r
            <ebil:CFD_cantidad_dec_18>?</ebil:CFD_cantidad_dec_18>\r
            <!--Optional:-->\r
            <ebil:CFD_cantidad_dec_19>?</ebil:CFD_cantidad_dec_19>\r
            <!--Optional:-->\r
            <ebil:CFD_cantidad_dec_20>?</ebil:CFD_cantidad_dec_20>\r
            <!--Optional:-->\r
            <ebil:CFD_cantidad_dec_21>?</ebil:CFD_cantidad_dec_21>\r
            <!--Optional:-->\r
            <ebil:CFD_cantidad_dec_22>?</ebil:CFD_cantidad_dec_22>\r
            <!--Optional:-->\r
            <ebil:CFD_cantidad_dec_23>?</ebil:CFD_cantidad_dec_23>\r
            <!--Optional:-->\r
            <ebil:CFD_cantidad_dec_24>?</ebil:CFD_cantidad_dec_24>\r
            <!--Optional:-->\r
            <ebil:CFD_cantidad_dec_25>?</ebil:CFD_cantidad_dec_25>\r
            <!--Optional:-->\r
            <ebil:CFD_cantidad_dec_4>?</ebil:CFD_cantidad_dec_4>\r
            <!--Optional:-->\r
            <ebil:CFD_cantidad_dec_5>?</ebil:CFD_cantidad_dec_5>\r
            <!--Optional:-->\r
            <ebil:CFD_cantidad_dec_6>?</ebil:CFD_cantidad_dec_6>\r
            <!--Optional:-->\r
            <ebil:CFD_cantidad_dec_7>?</ebil:CFD_cantidad_dec_7>\r
            <!--Optional:-->\r
            <ebil:CFD_cantidad_dec_8>?</ebil:CFD_cantidad_dec_8>\r
            <!--Optional:-->\r
            <ebil:CFD_cantidad_dec_9>?</ebil:CFD_cantidad_dec_9>\r
            <!--Optional:-->\r
            <ebil:CFD_deducible>?</ebil:CFD_deducible>\r
            <!--Optional:-->\r
            <ebil:CFD_desconexion_servicio>?</ebil:CFD_desconexion_servicio>\r
            <!--Optional:-->\r
            <ebil:CFD_fecha_desconexion>?</ebil:CFD_fecha_desconexion>\r
            <!--Optional:-->\r
            <ebil:CFD_fecha_tasadeCambio>?</ebil:CFD_fecha_tasadeCambio>\r
            <!--Optional:-->\r
            <ebil:CFD_numero_enlace_doc_ref>?</ebil:CFD_numero_enlace_doc_ref>\r
            <!--Optional:-->\r
            <ebil:CFD_porc_rte_ICA>?</ebil:CFD_porc_rte_ICA>\r
            <!--Optional:-->\r
            <ebil:CFD_porc_rte_fuent>?</ebil:CFD_porc_rte_fuent>\r
            <!--Optional:-->\r
            <ebil:CFD_tasa_mora>?</ebil:CFD_tasa_mora>\r
            <!--Optional:-->\r
            <ebil:CFD_tdi_id_tipo_doc_interno>?</ebil:CFD_tdi_id_tipo_doc_interno>\r
            <!--Optional:-->\r
            <ebil:CFD_total_ICA>?</ebil:CFD_total_ICA>\r
            <!--Optional:-->\r
            <ebil:CFD_total_aduana_exp>?</ebil:CFD_total_aduana_exp>\r
            <!--Optional:-->\r
            <ebil:CFD_total_cargos>?</ebil:CFD_total_cargos>\r
            <!--Optional:-->\r
            <ebil:CFD_total_descuentos>?</ebil:CFD_total_descuentos>\r
            <!--Optional:-->\r
            <ebil:CFD_total_margen>?</ebil:CFD_total_margen>\r
            <!--Optional:-->\r
            <ebil:CFD_total_seguro_exp>?</ebil:CFD_total_seguro_exp>\r
            <!--Optional:-->\r
            <ebil:CLI_numero_cliente>?</ebil:CLI_numero_cliente>\r
            <!--Optional:-->\r
            <ebil:CREETotal>?</ebil:CREETotal>\r
            <!--Optional:-->\r
            <ebil:CampoTexto1>?</ebil:CampoTexto1>\r
            <!--Optional:-->\r
            <ebil:CampoTexto2>?</ebil:CampoTexto2>\r
            <!--Optional:-->\r
            <ebil:CampoTexto3>?</ebil:CampoTexto3>\r
            <!--Optional:-->\r
            <ebil:CampoTexto4>?</ebil:CampoTexto4>\r
            <!--Optional:-->\r
            <ebil:CampoTexto5>?</ebil:CampoTexto5>\r
            <!--Optional:-->\r
            <ebil:CampoTexto6>?</ebil:CampoTexto6>\r
            <!--Optional:-->\r
            <ebil:CampoTexto7>?</ebil:CampoTexto7>\r
            <!--Optional:-->\r
            <ebil:CampoTexto8>?</ebil:CampoTexto8>\r
            <!--Optional:-->\r
            <ebil:Cantidad1>?</ebil:Cantidad1>\r
            <!--Optional:-->\r
            <ebil:Cantidad2>?</ebil:Cantidad2>\r
            <!--Optional:-->\r
            <ebil:Cantidad3>?</ebil:Cantidad3>\r
            <!--Optional:-->\r
            <ebil:CantidadDec1>?</ebil:CantidadDec1>\r
            <!--Optional:-->\r
            <ebil:CantidadDec2>?</ebil:CantidadDec2>\r
            <!--Optional:-->\r
            <ebil:CantidadDec3>?</ebil:CantidadDec3>\r
            <!--Optional:-->\r
            <ebil:CiudadDANE>?</ebil:CiudadDANE>\r
            <!--Optional:-->\r
            <ebil:CodVendedor>?</ebil:CodVendedor>\r
            <!--Optional:-->\r
            <ebil:CodigoPostalCliente>?</ebil:CodigoPostalCliente>\r
            <!--Optional:-->\r
            <ebil:CodigoPostalEnvio>?</ebil:CodigoPostalEnvio>\r
            <!--Optional:-->\r
            <ebil:ComprobanteCon>?</ebil:ComprobanteCon>\r
            <!--Optional:-->\r
            <ebil:Condiciones_Pago>?</ebil:Condiciones_Pago>\r
            <!--Optional:-->\r
            <ebil:ContactoCargo>?</ebil:ContactoCargo>\r
            <!--Optional:-->\r
            <ebil:ContactoCorreo>?</ebil:ContactoCorreo>\r
            <!--Optional:-->\r
            <ebil:ContactoNombre>?</ebil:ContactoNombre>\r
            <!--Optional:-->\r
            <ebil:CorreoCliente>?</ebil:CorreoCliente>\r
            <!--Optional:-->\r
            <ebil:DepartamentoDANE>?</ebil:DepartamentoDANE>\r
            <!--Optional:-->\r
            <ebil:DescripcionPlan>?</ebil:DescripcionPlan>\r
            <!--Optional:-->\r
            <ebil:Descuento>?</ebil:Descuento>\r
            <!--Optional:-->\r
            <ebil:DigitoVerificaCliente>?</ebil:DigitoVerificaCliente>\r
            <!--Optional:-->\r
            <ebil:DireccionCliente>?</ebil:DireccionCliente>\r
            <!--Optional:-->\r
            <ebil:EstiloFactura>?</ebil:EstiloFactura>\r
            <!--Optional:-->\r
            <ebil:FechaExpedicion>?</ebil:FechaExpedicion>\r
            <!--Optional:-->\r
            <ebil:FechaFinalPeriodoFacturado>?</ebil:FechaFinalPeriodoFacturado>\r
            <!--Optional:-->\r
            <ebil:FechaInicialPeriodoFacturado>?</ebil:FechaInicialPeriodoFacturado>\r
            <!--Optional:-->\r
            <ebil:FechaVencimiento>?</ebil:FechaVencimiento>\r
            <!--Optional:-->\r
            <ebil:FormaPago>?</ebil:FormaPago>\r
            <!--Optional:-->\r
            <ebil:IDInterno>?</ebil:IDInterno>\r
            <!--Optional:-->\r
            <ebil:IDUbicacionCliente>?</ebil:IDUbicacionCliente>\r
            <!--Optional:-->\r
            <ebil:IDUbicacionEnvio>?</ebil:IDUbicacionEnvio>\r
            <!--Optional:-->\r
            <ebil:IdPlan>?</ebil:IdPlan>\r
            <!--Optional:-->\r
            <ebil:IdSucursal>?</ebil:IdSucursal>\r
            <!--Optional:-->\r
            <ebil:Incoterm>?</ebil:Incoterm>\r
            <!--Optional:-->\r
            <ebil:InfoAdicional>?</ebil:InfoAdicional>\r
            <!--Optional:-->\r
            <ebil:LugarTerminosEntrega>?</ebil:LugarTerminosEntrega>\r
            <!--Optional:-->\r
            <ebil:MesCausado>?</ebil:MesCausado>\r
            <!--Optional:-->\r
            <ebil:MonedaISO>?</ebil:MonedaISO>\r
            <!--Optional:-->\r
            <ebil:NitCliente>?</ebil:NitCliente>\r
            <!--Optional:-->\r
            <ebil:NitEmpresa>?</ebil:NitEmpresa>\r
            <!--Optional:-->\r
            <ebil:NombreCliente>?</ebil:NombreCliente>\r
            <!--Optional:-->\r
            <ebil:NombrePlan>?</ebil:NombrePlan>\r
            <!--Optional:-->\r
            <ebil:NombreVendedor>?</ebil:NombreVendedor>\r
            <!--Optional:-->\r
            <ebil:NumAprobacionRes>?</ebil:NumAprobacionRes>\r
            <!--Optional:-->\r
            <ebil:NumFactura>?</ebil:NumFactura>\r
            <!--Optional:-->\r
            <ebil:OrderID>?</ebil:OrderID>\r
            <!--Optional:-->\r
            <ebil:PAI_ISO_3166>?</ebil:PAI_ISO_3166>\r
            <!--Optional:-->\r
            <ebil:PagoAnterior>?</ebil:PagoAnterior>\r
            <!--Optional:-->\r
            <ebil:Prefijo>?</ebil:Prefijo>\r
            <!--Optional:-->\r
            <ebil:ReferenciaCliente>?</ebil:ReferenciaCliente>\r
            <!--Optional:-->\r
            <ebil:RetencionCREETotal>?</ebil:RetencionCREETotal>\r
            <!--Optional:-->\r
            <ebil:SMSXDoc>?</ebil:SMSXDoc>\r
            <!--Optional:-->\r
            <ebil:SaldoAnterior>?</ebil:SaldoAnterior>\r
            <!--Optional:-->\r
            <ebil:SubTotal>?</ebil:SubTotal>\r
            <!--Optional:-->\r
            <ebil:SubTotalSegunMon>?</ebil:SubTotalSegunMon>\r
            <!--Optional:-->\r
            <ebil:Sucursal>?</ebil:Sucursal>\r
            <!--Optional:-->\r
            <ebil:TIP_id_tipo_persona>?</ebil:TIP_id_tipo_persona>\r
            <!--Optional:-->\r
            <ebil:TasaCambio>?</ebil:TasaCambio>\r
            <!--Optional:-->\r
            <ebil:TelefonoCliente>?</ebil:TelefonoCliente>\r
            <!--Optional:-->\r
            <ebil:Texto3>?</ebil:Texto3>\r
            <!--Optional:-->\r
            <ebil:TieneAcuerdo>?</ebil:TieneAcuerdo>\r
            <!--Optional:-->\r
            <ebil:TipoComprobante>?</ebil:TipoComprobante>\r
            <!--Optional:-->\r
            <ebil:TipoContribuyente>?</ebil:TipoContribuyente>\r
            <!--Optional:-->\r
            <ebil:TipoIDCliente>?</ebil:TipoIDCliente>\r
            <!--Optional:-->\r
            <ebil:Total>?</ebil:Total>\r
            <!--Optional:-->\r
            <ebil:TotalIVA>?</ebil:TotalIVA>\r
            <!--Optional:-->\r
            <ebil:TotalIVASegunMon>?</ebil:TotalIVASegunMon>\r
            <!--Optional:-->\r
            <ebil:TotalRetICA>?</ebil:TotalRetICA>\r
            <!--Optional:-->\r
            <ebil:TotalRetIVA>?</ebil:TotalRetIVA>\r
            <!--Optional:-->\r
            <ebil:TotalRetencion>?</ebil:TotalRetencion>\r
            <!--Optional:-->\r
            <ebil:TotalSegunMon>?</ebil:TotalSegunMon>\r
            <!--Optional:-->\r
            <ebil:TotalTraslado>?</ebil:TotalTraslado>\r
            <!--Optional:-->\r
            <ebil:Total_a_Pagar>?</ebil:Total_a_Pagar>\r
            <!--Optional:-->\r
            <ebil:ValorHasta1>?</ebil:ValorHasta1>\r
            <!--Optional:-->\r
            <ebil:ValorHasta2>?</ebil:ValorHasta2>\r
            <!--Optional:-->\r
            <ebil:ValorHasta3>?</ebil:ValorHasta3>\r
            <!--Optional:-->\r
            <ebil:ValorHasta4>?</ebil:ValorHasta4>\r
            <!--Optional:-->\r
            <ebil:cfd_activa_nota1>?</ebil:cfd_activa_nota1>\r
            <!--Optional:-->\r
            <ebil:ciudad_envio>?</ebil:ciudad_envio>\r
            <!--Optional:-->\r
            <ebil:code1>?</ebil:code1>\r
            <!--Optional:-->\r
            <ebil:code2>?</ebil:code2>\r
            <!--Optional:-->\r
            <ebil:code3>?</ebil:code3>\r
            <!--Optional:-->\r
            <ebil:curso>?</ebil:curso>\r
            <!--Optional:-->\r
            <ebil:departamento_envio>?</ebil:departamento_envio>\r
            <!--Optional:-->\r
            <ebil:direccion_envio>?</ebil:direccion_envio>\r
            <!--Optional:-->\r
            <ebil:numero_envio>?</ebil:numero_envio>\r
            <!--Optional:-->\r
            <ebil:orden_venta>?</ebil:orden_venta>\r
            <!--Optional:-->\r
            <ebil:pague_hasta1>?</ebil:pague_hasta1>\r
            <!--Optional:-->\r
            <ebil:pague_hasta2>?</ebil:pague_hasta2>\r
            <!--Optional:-->\r
            <ebil:pague_hasta3>?</ebil:pague_hasta3>\r
            <!--Optional:-->\r
            <ebil:referencia>?</ebil:referencia>\r
            <!--Optional:-->\r
            <ebil:referencia1>?</ebil:referencia1>\r
            <!--Optional:-->\r
            <ebil:referencia_envio>?</ebil:referencia_envio>\r
            <!--Optional:-->\r
            <ebil:telefono_envio>?</ebil:telefono_envio>\r
         </tem:FacCab>\r
         <!--Optional:-->\r
         <tem:Opciones>\r
            <!--Optional:-->\r
            <ebil:ActualizaProductos>?</ebil:ActualizaProductos>\r
            <!--Optional:-->\r
            <ebil:CalculaReteCree>?</ebil:CalculaReteCree>\r
            <!--Optional:-->\r
            <ebil:CalculaReteFuente>?</ebil:CalculaReteFuente>\r
            <!--Optional:-->\r
            <ebil:CalculaReteICA>?</ebil:CalculaReteICA>\r
            <!--Optional:-->\r
            <ebil:CalculaReteIVA>?</ebil:CalculaReteIVA>\r
            <!--Optional:-->\r
            <ebil:EmisionAutomatica>?</ebil:EmisionAutomatica>\r
            <!--Optional:-->\r
            <ebil:FacturasSinAcuerdo>?</ebil:FacturasSinAcuerdo>\r
            <!--Optional:-->\r
            <ebil:ModeloXAceptacion>?</ebil:ModeloXAceptacion>\r
            <!--Optional:-->\r
            <ebil:NotasRelacionadas>?</ebil:NotasRelacionadas>\r
            <!--Optional:-->\r
            <ebil:OrderControl>?</ebil:OrderControl>\r
            <!--Optional:-->\r
            <ebil:TieneAcuerdosFisicos>?</ebil:TieneAcuerdosFisicos>\r
            <!--Optional:-->\r
            <ebil:TokenConexion>?</ebil:TokenConexion>\r
            <!--Optional:-->\r
            <ebil:eBillAdmNumerosFactura>?</ebil:eBillAdmNumerosFactura>\r
         </tem:Opciones>\r
      </tem:CargarNotaDesdeFacturaToeBill>\r
   </soapenv:Body>\r
</soapenv:Envelope>]]></con:request><con:wsaConfig mustUnderstand="NONE" version="200508" action="http://tempuri.org/IIntegracion/CargarNotaDesdeFacturaToeBill"/></con:call></con:operation><con:operation id="b7bcd44d-7ba7-4e92-912f-fe3dee7f2cf2" isOneWay="false" action="http://tempuri.org/IIntegracion/CargarNotasToeBillGeneric" name="CargarNotasToeBillGeneric" bindingOperationName="CargarNotasToeBillGeneric" type="Request-Response" inputName="" receivesAttachments="false" sendsAttachments="false" anonymous="optional"><con:settings/><con:call id="9f9d6cbe-e1f8-42a0-9e5b-140e763173dd" name="Request 1"><con:settings/><con:encoding>UTF-8</con:encoding><con:endpoint>https://fymtest.cloudapp.net:444/ServiciosFyM/eBill/Integracion.svc</con:endpoint><con:request><![CDATA[<soapenv:Envelope xmlns:soapenv="http://schemas.xmlsoap.org/soap/envelope/" xmlns:tem="http://tempuri.org/" xmlns:ebil="http://schemas.datacontract.org/2004/07/eBillCore" xmlns:arr="http://schemas.microsoft.com/2003/10/Serialization/Arrays">\r
   <soapenv:Header/>\r
   <soapenv:Body>\r
      <tem:CargarNotasToeBillGeneric>\r
         <!--Optional:-->\r
         <tem:NotCab>\r
            <!--Optional:-->\r
            <ebil:CFD_ResponseCode>?</ebil:CFD_ResponseCode>\r
            <!--Optional:-->\r
            <ebil:FechaExpedicion>?</ebil:FechaExpedicion>\r
            <!--Optional:-->\r
            <ebil:FechaVencimiento>?</ebil:FechaVencimiento>\r
            <!--Optional:-->\r
            <ebil:NitEmpresa>?</ebil:NitEmpresa>\r
            <!--Optional:-->\r
            <ebil:NumNota>?</ebil:NumNota>\r
            <!--Optional:-->\r
            <ebil:PreRefID>?</ebil:PreRefID>\r
            <!--Optional:-->\r
            <ebil:Prefijo>?</ebil:Prefijo>\r
            <!--Optional:-->\r
            <ebil:RefID>?</ebil:RefID>\r
         </tem:NotCab>\r
         <!--Optional:-->\r
         <tem:DetNot>\r
            <!--Zero or more repetitions:-->\r
            <ebil:NCFDDetConexion>\r
               <!--Optional:-->\r
               <ebil:CON_notas_con>?</ebil:CON_notas_con>\r
               <!--Optional:-->\r
               <ebil:Cantidad>?</ebil:Cantidad>\r
               <!--Optional:-->\r
               <ebil:CodigoProducto>?</ebil:CodigoProducto>\r
               <!--Optional:-->\r
               <ebil:Codigos>\r
                  <!--Zero or more repetitions:-->\r
                  <arr:string>?</arr:string>\r
               </ebil:Codigos>\r
               <!--Optional:-->\r
               <ebil:TotalConceptoSegMon>?</ebil:TotalConceptoSegMon>\r
               <!--Optional:-->\r
               <ebil:ValorDescuento>?</ebil:ValorDescuento>\r
            </ebil:NCFDDetConexion>\r
         </tem:DetNot>\r
         <!--Optional:-->\r
         <tem:Opciones>\r
            <!--Optional:-->\r
            <ebil:ActualizaProductos>?</ebil:ActualizaProductos>\r
            <!--Optional:-->\r
            <ebil:BuscarXNitXIdInterno>?</ebil:BuscarXNitXIdInterno>\r
            <!--Optional:-->\r
            <ebil:EmisionAutomatica>?</ebil:EmisionAutomatica>\r
            <!--Optional:-->\r
            <ebil:EmisionAutomaticaFXComputador>?</ebil:EmisionAutomaticaFXComputador>\r
            <!--Optional:-->\r
            <ebil:FacturasSinAcuerdo>?</ebil:FacturasSinAcuerdo>\r
            <!--Optional:-->\r
            <ebil:ManejaPlantillasNotificacion>?</ebil:ManejaPlantillasNotificacion>\r
            <!--Optional:-->\r
            <ebil:NoAdjuntarArchivo>?</ebil:NoAdjuntarArchivo>\r
            <!--Optional:-->\r
            <ebil:NoTieneAcuerdosFisicos>?</ebil:NoTieneAcuerdosFisicos>\r
            <!--Optional:-->\r
            <ebil:OrderControl>?</ebil:OrderControl>\r
            <!--Optional:-->\r
            <ebil:TipoCargaDetalle>?</ebil:TipoCargaDetalle>\r
            <!--Optional:-->\r
            <ebil:TipoDocumento>?</ebil:TipoDocumento>\r
            <!--Optional:-->\r
            <ebil:TokenConexion>?</ebil:TokenConexion>\r
            <!--Optional:-->\r
            <ebil:crearVIP>?</ebil:crearVIP>\r
            <!--Optional:-->\r
            <ebil:eBillAdmNumerosFactura>?</ebil:eBillAdmNumerosFactura>\r
         </tem:Opciones>\r
      </tem:CargarNotasToeBillGeneric>\r
   </soapenv:Body>\r
</soapenv:Envelope>]]></con:request><con:wsaConfig mustUnderstand="NONE" version="200508" action="http://tempuri.org/IIntegracion/CargarNotasToeBillGeneric"/></con:call></con:operation><con:operation id="80291000-b5d6-4b72-93a3-e470f63f3ebf" isOneWay="false" action="http://tempuri.org/IIntegracion/CargarNotasToeBillGenericTAX" name="CargarNotasToeBillGenericTAX" bindingOperationName="CargarNotasToeBillGenericTAX" type="Request-Response" inputName="" receivesAttachments="false" sendsAttachments="false" anonymous="optional"><con:settings/><con:call id="41ff7812-099d-4585-aca1-e75d57887a64" name="Request 1"><con:settings/><con:encoding>UTF-8</con:encoding><con:endpoint>https://fymtest.cloudapp.net:444/ServiciosFyM/eBill/Integracion.svc</con:endpoint><con:request><![CDATA[<soapenv:Envelope xmlns:soapenv="http://schemas.xmlsoap.org/soap/envelope/" xmlns:tem="http://tempuri.org/" xmlns:ebil="http://schemas.datacontract.org/2004/07/eBillCore" xmlns:arr="http://schemas.microsoft.com/2003/10/Serialization/Arrays">\r
   <soapenv:Header/>\r
   <soapenv:Body>\r
      <tem:CargarNotasToeBillGenericTAX>\r
         <!--Optional:-->\r
         <tem:NotCab>\r
            <!--Optional:-->\r
            <ebil:CFD_ResponseCode>?</ebil:CFD_ResponseCode>\r
            <!--Optional:-->\r
            <ebil:FechaExpedicion>?</ebil:FechaExpedicion>\r
            <!--Optional:-->\r
            <ebil:FechaVencimiento>?</ebil:FechaVencimiento>\r
            <!--Optional:-->\r
            <ebil:NitEmpresa>?</ebil:NitEmpresa>\r
            <!--Optional:-->\r
            <ebil:NumNota>?</ebil:NumNota>\r
            <!--Optional:-->\r
            <ebil:PreRefID>?</ebil:PreRefID>\r
            <!--Optional:-->\r
            <ebil:Prefijo>?</ebil:Prefijo>\r
            <!--Optional:-->\r
            <ebil:RefID>?</ebil:RefID>\r
         </tem:NotCab>\r
         <!--Optional:-->\r
         <tem:DetNot>\r
            <!--Zero or more repetitions:-->\r
            <ebil:NCFDDetConexion>\r
               <!--Optional:-->\r
               <ebil:CON_notas_con>?</ebil:CON_notas_con>\r
               <!--Optional:-->\r
               <ebil:Cantidad>?</ebil:Cantidad>\r
               <!--Optional:-->\r
               <ebil:CodigoProducto>?</ebil:CodigoProducto>\r
               <!--Optional:-->\r
               <ebil:Codigos>\r
                  <!--Zero or more repetitions:-->\r
                  <arr:string>?</arr:string>\r
               </ebil:Codigos>\r
               <!--Optional:-->\r
               <ebil:TotalConceptoSegMon>?</ebil:TotalConceptoSegMon>\r
               <!--Optional:-->\r
               <ebil:ValorDescuento>?</ebil:ValorDescuento>\r
            </ebil:NCFDDetConexion>\r
         </tem:DetNot>\r
         <!--Optional:-->\r
         <tem:Opciones>\r
            <!--Optional:-->\r
            <ebil:ActualizaProductos>?</ebil:ActualizaProductos>\r
            <!--Optional:-->\r
            <ebil:BuscarXNitXIdInterno>?</ebil:BuscarXNitXIdInterno>\r
            <!--Optional:-->\r
            <ebil:EmisionAutomatica>?</ebil:EmisionAutomatica>\r
            <!--Optional:-->\r
            <ebil:EmisionAutomaticaFXComputador>?</ebil:EmisionAutomaticaFXComputador>\r
            <!--Optional:-->\r
            <ebil:FacturasSinAcuerdo>?</ebil:FacturasSinAcuerdo>\r
            <!--Optional:-->\r
            <ebil:ManejaPlantillasNotificacion>?</ebil:ManejaPlantillasNotificacion>\r
            <!--Optional:-->\r
            <ebil:NoAdjuntarArchivo>?</ebil:NoAdjuntarArchivo>\r
            <!--Optional:-->\r
            <ebil:NoTieneAcuerdosFisicos>?</ebil:NoTieneAcuerdosFisicos>\r
            <!--Optional:-->\r
            <ebil:OrderControl>?</ebil:OrderControl>\r
            <!--Optional:-->\r
            <ebil:TipoCargaDetalle>?</ebil:TipoCargaDetalle>\r
            <!--Optional:-->\r
            <ebil:TipoDocumento>?</ebil:TipoDocumento>\r
            <!--Optional:-->\r
            <ebil:TokenConexion>?</ebil:TokenConexion>\r
            <!--Optional:-->\r
            <ebil:crearVIP>?</ebil:crearVIP>\r
            <!--Optional:-->\r
            <ebil:eBillAdmNumerosFactura>?</ebil:eBillAdmNumerosFactura>\r
         </tem:Opciones>\r
      </tem:CargarNotasToeBillGenericTAX>\r
   </soapenv:Body>\r
</soapenv:Envelope>]]></con:request><con:wsaConfig mustUnderstand="NONE" version="200508" action="http://tempuri.org/IIntegracion/CargarNotasToeBillGenericTAX"/></con:call></con:operation><con:operation id="645eb5ee-1b51-48f7-b6f5-17a9aa7c2786" isOneWay="false" action="http://tempuri.org/IIntegracion/CargarPDFDocumentoElectronico" name="CargarPDFDocumentoElectronico" bindingOperationName="CargarPDFDocumentoElectronico" type="Request-Response" inputName="" receivesAttachments="false" sendsAttachments="false" anonymous="optional"><con:settings/><con:call id="23a6f32b-a2bd-450c-a50b-fc0051077231" name="Request 1"><con:settings/><con:encoding>UTF-8</con:encoding><con:endpoint>https://fymtest.cloudapp.net:444/ServiciosFyM/eBill/Integracion.svc</con:endpoint><con:request><![CDATA[<soapenv:Envelope xmlns:soapenv="http://schemas.xmlsoap.org/soap/envelope/" xmlns:tem="http://tempuri.org/" xmlns:ebil="http://schemas.datacontract.org/2004/07/eBillCore">\r
   <soapenv:Header/>\r
   <soapenv:Body>\r
      <tem:CargarPDFDocumentoElectronico>\r
         <!--Optional:-->\r
         <tem:PDFFac>cid:1510589946327</tem:PDFFac>\r
         <!--Optional:-->\r
         <tem:FacCab>\r
            <!--Optional:-->\r
            <ebil:AnoAprobacionRes>?</ebil:AnoAprobacionRes>\r
            <!--Optional:-->\r
            <ebil:Base_Impuesto>?</ebil:Base_Impuesto>\r
            <!--Optional:-->\r
            <ebil:CFD_EST_estado_tramit>?</ebil:CFD_EST_estado_tramit>\r
            <!--Optional:-->\r
            <ebil:CFD_Flete>?</ebil:CFD_Flete>\r
            <!--Optional:-->\r
            <ebil:CFD_OtrosCargos>?</ebil:CFD_OtrosCargos>\r
            <!--Optional:-->\r
            <ebil:CFD_Por_Margen>?</ebil:CFD_Por_Margen>\r
            <!--Optional:-->\r
            <ebil:CFD_ResponseCode>?</ebil:CFD_ResponseCode>\r
            <!--Optional:-->\r
            <ebil:CFD_base_ICA_total>?</ebil:CFD_base_ICA_total>\r
            <!--Optional:-->\r
            <ebil:CFD_base_impo_total_nal>?</ebil:CFD_base_impo_total_nal>\r
            <!--Optional:-->\r
            <ebil:CFD_base_impo_total_reg>?</ebil:CFD_base_impo_total_reg>\r
            <!--Optional:-->\r
            <ebil:CFD_campo_texto_10>?</ebil:CFD_campo_texto_10>\r
            <!--Optional:-->\r
            <ebil:CFD_campo_texto_11>?</ebil:CFD_campo_texto_11>\r
            <!--Optional:-->\r
            <ebil:CFD_campo_texto_12>?</ebil:CFD_campo_texto_12>\r
            <!--Optional:-->\r
            <ebil:CFD_campo_texto_13>?</ebil:CFD_campo_texto_13>\r
            <!--Optional:-->\r
            <ebil:CFD_campo_texto_14>?</ebil:CFD_campo_texto_14>\r
            <!--Optional:-->\r
            <ebil:CFD_campo_texto_15>?</ebil:CFD_campo_texto_15>\r
            <!--Optional:-->\r
            <ebil:CFD_campo_texto_16>?</ebil:CFD_campo_texto_16>\r
            <!--Optional:-->\r
            <ebil:CFD_campo_texto_17>?</ebil:CFD_campo_texto_17>\r
            <!--Optional:-->\r
            <ebil:CFD_campo_texto_18>?</ebil:CFD_campo_texto_18>\r
            <!--Optional:-->\r
            <ebil:CFD_campo_texto_19>?</ebil:CFD_campo_texto_19>\r
            <!--Optional:-->\r
            <ebil:CFD_campo_texto_20>?</ebil:CFD_campo_texto_20>\r
            <!--Optional:-->\r
            <ebil:CFD_campo_texto_21>?</ebil:CFD_campo_texto_21>\r
            <!--Optional:-->\r
            <ebil:CFD_campo_texto_22>?</ebil:CFD_campo_texto_22>\r
            <!--Optional:-->\r
            <ebil:CFD_campo_texto_23>?</ebil:CFD_campo_texto_23>\r
            <!--Optional:-->\r
            <ebil:CFD_campo_texto_24>?</ebil:CFD_campo_texto_24>\r
            <!--Optional:-->\r
            <ebil:CFD_campo_texto_25>?</ebil:CFD_campo_texto_25>\r
            <!--Optional:-->\r
            <ebil:CFD_campo_texto_26>?</ebil:CFD_campo_texto_26>\r
            <!--Optional:-->\r
            <ebil:CFD_campo_texto_27>?</ebil:CFD_campo_texto_27>\r
            <!--Optional:-->\r
            <ebil:CFD_campo_texto_28>?</ebil:CFD_campo_texto_28>\r
            <!--Optional:-->\r
            <ebil:CFD_campo_texto_29>?</ebil:CFD_campo_texto_29>\r
            <!--Optional:-->\r
            <ebil:CFD_campo_texto_30>?</ebil:CFD_campo_texto_30>\r
            <!--Optional:-->\r
            <ebil:CFD_campo_texto_9>?</ebil:CFD_campo_texto_9>\r
            <!--Optional:-->\r
            <ebil:CFD_cantidad_dec_1>?</ebil:CFD_cantidad_dec_1>\r
            <!--Optional:-->\r
            <ebil:CFD_cantidad_dec_10>?</ebil:CFD_cantidad_dec_10>\r
            <!--Optional:-->\r
            <ebil:CFD_cantidad_dec_11>?</ebil:CFD_cantidad_dec_11>\r
            <!--Optional:-->\r
            <ebil:CFD_cantidad_dec_12>?</ebil:CFD_cantidad_dec_12>\r
            <!--Optional:-->\r
            <ebil:CFD_cantidad_dec_13>?</ebil:CFD_cantidad_dec_13>\r
            <!--Optional:-->\r
            <ebil:CFD_cantidad_dec_14>?</ebil:CFD_cantidad_dec_14>\r
            <!--Optional:-->\r
            <ebil:CFD_cantidad_dec_15>?</ebil:CFD_cantidad_dec_15>\r
            <!--Optional:-->\r
            <ebil:CFD_cantidad_dec_16>?</ebil:CFD_cantidad_dec_16>\r
            <!--Optional:-->\r
            <ebil:CFD_cantidad_dec_17>?</ebil:CFD_cantidad_dec_17>\r
            <!--Optional:-->\r
            <ebil:CFD_cantidad_dec_18>?</ebil:CFD_cantidad_dec_18>\r
            <!--Optional:-->\r
            <ebil:CFD_cantidad_dec_19>?</ebil:CFD_cantidad_dec_19>\r
            <!--Optional:-->\r
            <ebil:CFD_cantidad_dec_20>?</ebil:CFD_cantidad_dec_20>\r
            <!--Optional:-->\r
            <ebil:CFD_cantidad_dec_21>?</ebil:CFD_cantidad_dec_21>\r
            <!--Optional:-->\r
            <ebil:CFD_cantidad_dec_22>?</ebil:CFD_cantidad_dec_22>\r
            <!--Optional:-->\r
            <ebil:CFD_cantidad_dec_23>?</ebil:CFD_cantidad_dec_23>\r
            <!--Optional:-->\r
            <ebil:CFD_cantidad_dec_24>?</ebil:CFD_cantidad_dec_24>\r
            <!--Optional:-->\r
            <ebil:CFD_cantidad_dec_25>?</ebil:CFD_cantidad_dec_25>\r
            <!--Optional:-->\r
            <ebil:CFD_cantidad_dec_4>?</ebil:CFD_cantidad_dec_4>\r
            <!--Optional:-->\r
            <ebil:CFD_cantidad_dec_5>?</ebil:CFD_cantidad_dec_5>\r
            <!--Optional:-->\r
            <ebil:CFD_cantidad_dec_6>?</ebil:CFD_cantidad_dec_6>\r
            <!--Optional:-->\r
            <ebil:CFD_cantidad_dec_7>?</ebil:CFD_cantidad_dec_7>\r
            <!--Optional:-->\r
            <ebil:CFD_cantidad_dec_8>?</ebil:CFD_cantidad_dec_8>\r
            <!--Optional:-->\r
            <ebil:CFD_cantidad_dec_9>?</ebil:CFD_cantidad_dec_9>\r
            <!--Optional:-->\r
            <ebil:CFD_deducible>?</ebil:CFD_deducible>\r
            <!--Optional:-->\r
            <ebil:CFD_desconexion_servicio>?</ebil:CFD_desconexion_servicio>\r
            <!--Optional:-->\r
            <ebil:CFD_fecha_desconexion>?</ebil:CFD_fecha_desconexion>\r
            <!--Optional:-->\r
            <ebil:CFD_fecha_tasadeCambio>?</ebil:CFD_fecha_tasadeCambio>\r
            <!--Optional:-->\r
            <ebil:CFD_numero_enlace_doc_ref>?</ebil:CFD_numero_enlace_doc_ref>\r
            <!--Optional:-->\r
            <ebil:CFD_porc_rte_ICA>?</ebil:CFD_porc_rte_ICA>\r
            <!--Optional:-->\r
            <ebil:CFD_porc_rte_fuent>?</ebil:CFD_porc_rte_fuent>\r
            <!--Optional:-->\r
            <ebil:CFD_tasa_mora>?</ebil:CFD_tasa_mora>\r
            <!--Optional:-->\r
            <ebil:CFD_tdi_id_tipo_doc_interno>?</ebil:CFD_tdi_id_tipo_doc_interno>\r
            <!--Optional:-->\r
            <ebil:CFD_total_ICA>?</ebil:CFD_total_ICA>\r
            <!--Optional:-->\r
            <ebil:CFD_total_aduana_exp>?</ebil:CFD_total_aduana_exp>\r
            <!--Optional:-->\r
            <ebil:CFD_total_cargos>?</ebil:CFD_total_cargos>\r
            <!--Optional:-->\r
            <ebil:CFD_total_descuentos>?</ebil:CFD_total_descuentos>\r
            <!--Optional:-->\r
            <ebil:CFD_total_margen>?</ebil:CFD_total_margen>\r
            <!--Optional:-->\r
            <ebil:CFD_total_seguro_exp>?</ebil:CFD_total_seguro_exp>\r
            <!--Optional:-->\r
            <ebil:CLI_numero_cliente>?</ebil:CLI_numero_cliente>\r
            <!--Optional:-->\r
            <ebil:CREETotal>?</ebil:CREETotal>\r
            <!--Optional:-->\r
            <ebil:CampoTexto1>?</ebil:CampoTexto1>\r
            <!--Optional:-->\r
            <ebil:CampoTexto2>?</ebil:CampoTexto2>\r
            <!--Optional:-->\r
            <ebil:CampoTexto3>?</ebil:CampoTexto3>\r
            <!--Optional:-->\r
            <ebil:CampoTexto4>?</ebil:CampoTexto4>\r
            <!--Optional:-->\r
            <ebil:CampoTexto5>?</ebil:CampoTexto5>\r
            <!--Optional:-->\r
            <ebil:CampoTexto6>?</ebil:CampoTexto6>\r
            <!--Optional:-->\r
            <ebil:CampoTexto7>?</ebil:CampoTexto7>\r
            <!--Optional:-->\r
            <ebil:CampoTexto8>?</ebil:CampoTexto8>\r
            <!--Optional:-->\r
            <ebil:Cantidad1>?</ebil:Cantidad1>\r
            <!--Optional:-->\r
            <ebil:Cantidad2>?</ebil:Cantidad2>\r
            <!--Optional:-->\r
            <ebil:Cantidad3>?</ebil:Cantidad3>\r
            <!--Optional:-->\r
            <ebil:CantidadDec1>?</ebil:CantidadDec1>\r
            <!--Optional:-->\r
            <ebil:CantidadDec2>?</ebil:CantidadDec2>\r
            <!--Optional:-->\r
            <ebil:CantidadDec3>?</ebil:CantidadDec3>\r
            <!--Optional:-->\r
            <ebil:CiudadDANE>?</ebil:CiudadDANE>\r
            <!--Optional:-->\r
            <ebil:CodVendedor>?</ebil:CodVendedor>\r
            <!--Optional:-->\r
            <ebil:CodigoPostalCliente>?</ebil:CodigoPostalCliente>\r
            <!--Optional:-->\r
            <ebil:CodigoPostalEnvio>?</ebil:CodigoPostalEnvio>\r
            <!--Optional:-->\r
            <ebil:ComprobanteCon>?</ebil:ComprobanteCon>\r
            <!--Optional:-->\r
            <ebil:Condiciones_Pago>?</ebil:Condiciones_Pago>\r
            <!--Optional:-->\r
            <ebil:ContactoCargo>?</ebil:ContactoCargo>\r
            <!--Optional:-->\r
            <ebil:ContactoCorreo>?</ebil:ContactoCorreo>\r
            <!--Optional:-->\r
            <ebil:ContactoNombre>?</ebil:ContactoNombre>\r
            <!--Optional:-->\r
            <ebil:CorreoCliente>?</ebil:CorreoCliente>\r
            <!--Optional:-->\r
            <ebil:DepartamentoDANE>?</ebil:DepartamentoDANE>\r
            <!--Optional:-->\r
            <ebil:DescripcionPlan>?</ebil:DescripcionPlan>\r
            <!--Optional:-->\r
            <ebil:Descuento>?</ebil:Descuento>\r
            <!--Optional:-->\r
            <ebil:DigitoVerificaCliente>?</ebil:DigitoVerificaCliente>\r
            <!--Optional:-->\r
            <ebil:DireccionCliente>?</ebil:DireccionCliente>\r
            <!--Optional:-->\r
            <ebil:EstiloFactura>?</ebil:EstiloFactura>\r
            <!--Optional:-->\r
            <ebil:FechaExpedicion>?</ebil:FechaExpedicion>\r
            <!--Optional:-->\r
            <ebil:FechaFinalPeriodoFacturado>?</ebil:FechaFinalPeriodoFacturado>\r
            <!--Optional:-->\r
            <ebil:FechaInicialPeriodoFacturado>?</ebil:FechaInicialPeriodoFacturado>\r
            <!--Optional:-->\r
            <ebil:FechaVencimiento>?</ebil:FechaVencimiento>\r
            <!--Optional:-->\r
            <ebil:FormaPago>?</ebil:FormaPago>\r
            <!--Optional:-->\r
            <ebil:IDInterno>?</ebil:IDInterno>\r
            <!--Optional:-->\r
            <ebil:IDUbicacionCliente>?</ebil:IDUbicacionCliente>\r
            <!--Optional:-->\r
            <ebil:IDUbicacionEnvio>?</ebil:IDUbicacionEnvio>\r
            <!--Optional:-->\r
            <ebil:IdPlan>?</ebil:IdPlan>\r
            <!--Optional:-->\r
            <ebil:IdSucursal>?</ebil:IdSucursal>\r
            <!--Optional:-->\r
            <ebil:Incoterm>?</ebil:Incoterm>\r
            <!--Optional:-->\r
            <ebil:InfoAdicional>?</ebil:InfoAdicional>\r
            <!--Optional:-->\r
            <ebil:LugarTerminosEntrega>?</ebil:LugarTerminosEntrega>\r
            <!--Optional:-->\r
            <ebil:MesCausado>?</ebil:MesCausado>\r
            <!--Optional:-->\r
            <ebil:MonedaISO>?</ebil:MonedaISO>\r
            <!--Optional:-->\r
            <ebil:NitCliente>?</ebil:NitCliente>\r
            <!--Optional:-->\r
            <ebil:NitEmpresa>?</ebil:NitEmpresa>\r
            <!--Optional:-->\r
            <ebil:NombreCliente>?</ebil:NombreCliente>\r
            <!--Optional:-->\r
            <ebil:NombrePlan>?</ebil:NombrePlan>\r
            <!--Optional:-->\r
            <ebil:NombreVendedor>?</ebil:NombreVendedor>\r
            <!--Optional:-->\r
            <ebil:NumAprobacionRes>?</ebil:NumAprobacionRes>\r
            <!--Optional:-->\r
            <ebil:NumFactura>?</ebil:NumFactura>\r
            <!--Optional:-->\r
            <ebil:OrderID>?</ebil:OrderID>\r
            <!--Optional:-->\r
            <ebil:PAI_ISO_3166>?</ebil:PAI_ISO_3166>\r
            <!--Optional:-->\r
            <ebil:PagoAnterior>?</ebil:PagoAnterior>\r
            <!--Optional:-->\r
            <ebil:Prefijo>?</ebil:Prefijo>\r
            <!--Optional:-->\r
            <ebil:ReferenciaCliente>?</ebil:ReferenciaCliente>\r
            <!--Optional:-->\r
            <ebil:RetencionCREETotal>?</ebil:RetencionCREETotal>\r
            <!--Optional:-->\r
            <ebil:SMSXDoc>?</ebil:SMSXDoc>\r
            <!--Optional:-->\r
            <ebil:SaldoAnterior>?</ebil:SaldoAnterior>\r
            <!--Optional:-->\r
            <ebil:SubTotal>?</ebil:SubTotal>\r
            <!--Optional:-->\r
            <ebil:SubTotalSegunMon>?</ebil:SubTotalSegunMon>\r
            <!--Optional:-->\r
            <ebil:Sucursal>?</ebil:Sucursal>\r
            <!--Optional:-->\r
            <ebil:TIP_id_tipo_persona>?</ebil:TIP_id_tipo_persona>\r
            <!--Optional:-->\r
            <ebil:TasaCambio>?</ebil:TasaCambio>\r
            <!--Optional:-->\r
            <ebil:TelefonoCliente>?</ebil:TelefonoCliente>\r
            <!--Optional:-->\r
            <ebil:Texto3>?</ebil:Texto3>\r
            <!--Optional:-->\r
            <ebil:TieneAcuerdo>?</ebil:TieneAcuerdo>\r
            <!--Optional:-->\r
            <ebil:TipoComprobante>?</ebil:TipoComprobante>\r
            <!--Optional:-->\r
            <ebil:TipoContribuyente>?</ebil:TipoContribuyente>\r
            <!--Optional:-->\r
            <ebil:TipoIDCliente>?</ebil:TipoIDCliente>\r
            <!--Optional:-->\r
            <ebil:Total>?</ebil:Total>\r
            <!--Optional:-->\r
            <ebil:TotalIVA>?</ebil:TotalIVA>\r
            <!--Optional:-->\r
            <ebil:TotalIVASegunMon>?</ebil:TotalIVASegunMon>\r
            <!--Optional:-->\r
            <ebil:TotalRetICA>?</ebil:TotalRetICA>\r
            <!--Optional:-->\r
            <ebil:TotalRetIVA>?</ebil:TotalRetIVA>\r
            <!--Optional:-->\r
            <ebil:TotalRetencion>?</ebil:TotalRetencion>\r
            <!--Optional:-->\r
            <ebil:TotalSegunMon>?</ebil:TotalSegunMon>\r
            <!--Optional:-->\r
            <ebil:TotalTraslado>?</ebil:TotalTraslado>\r
            <!--Optional:-->\r
            <ebil:Total_a_Pagar>?</ebil:Total_a_Pagar>\r
            <!--Optional:-->\r
            <ebil:ValorHasta1>?</ebil:ValorHasta1>\r
            <!--Optional:-->\r
            <ebil:ValorHasta2>?</ebil:ValorHasta2>\r
            <!--Optional:-->\r
            <ebil:ValorHasta3>?</ebil:ValorHasta3>\r
            <!--Optional:-->\r
            <ebil:ValorHasta4>?</ebil:ValorHasta4>\r
            <!--Optional:-->\r
            <ebil:cfd_activa_nota1>?</ebil:cfd_activa_nota1>\r
            <!--Optional:-->\r
            <ebil:ciudad_envio>?</ebil:ciudad_envio>\r
            <!--Optional:-->\r
            <ebil:code1>?</ebil:code1>\r
            <!--Optional:-->\r
            <ebil:code2>?</ebil:code2>\r
            <!--Optional:-->\r
            <ebil:code3>?</ebil:code3>\r
            <!--Optional:-->\r
            <ebil:curso>?</ebil:curso>\r
            <!--Optional:-->\r
            <ebil:departamento_envio>?</ebil:departamento_envio>\r
            <!--Optional:-->\r
            <ebil:direccion_envio>?</ebil:direccion_envio>\r
            <!--Optional:-->\r
            <ebil:numero_envio>?</ebil:numero_envio>\r
            <!--Optional:-->\r
            <ebil:orden_venta>?</ebil:orden_venta>\r
            <!--Optional:-->\r
            <ebil:pague_hasta1>?</ebil:pague_hasta1>\r
            <!--Optional:-->\r
            <ebil:pague_hasta2>?</ebil:pague_hasta2>\r
            <!--Optional:-->\r
            <ebil:pague_hasta3>?</ebil:pague_hasta3>\r
            <!--Optional:-->\r
            <ebil:referencia>?</ebil:referencia>\r
            <!--Optional:-->\r
            <ebil:referencia1>?</ebil:referencia1>\r
            <!--Optional:-->\r
            <ebil:referencia_envio>?</ebil:referencia_envio>\r
            <!--Optional:-->\r
            <ebil:telefono_envio>?</ebil:telefono_envio>\r
         </tem:FacCab>\r
         <!--Optional:-->\r
         <tem:Opciones>\r
            <!--Optional:-->\r
            <ebil:ActualizaProductos>?</ebil:ActualizaProductos>\r
            <!--Optional:-->\r
            <ebil:CalculaReteCree>?</ebil:CalculaReteCree>\r
            <!--Optional:-->\r
            <ebil:CalculaReteFuente>?</ebil:CalculaReteFuente>\r
            <!--Optional:-->\r
            <ebil:CalculaReteICA>?</ebil:CalculaReteICA>\r
            <!--Optional:-->\r
            <ebil:CalculaReteIVA>?</ebil:CalculaReteIVA>\r
            <!--Optional:-->\r
            <ebil:EmisionAutomatica>?</ebil:EmisionAutomatica>\r
            <!--Optional:-->\r
            <ebil:FacturasSinAcuerdo>?</ebil:FacturasSinAcuerdo>\r
            <!--Optional:-->\r
            <ebil:ModeloXAceptacion>?</ebil:ModeloXAceptacion>\r
            <!--Optional:-->\r
            <ebil:NotasRelacionadas>?</ebil:NotasRelacionadas>\r
            <!--Optional:-->\r
            <ebil:OrderControl>?</ebil:OrderControl>\r
            <!--Optional:-->\r
            <ebil:TieneAcuerdosFisicos>?</ebil:TieneAcuerdosFisicos>\r
            <!--Optional:-->\r
            <ebil:TokenConexion>?</ebil:TokenConexion>\r
            <!--Optional:-->\r
            <ebil:eBillAdmNumerosFactura>?</ebil:eBillAdmNumerosFactura>\r
         </tem:Opciones>\r
         <!--Optional:-->\r
         <tem:facturaMinimaLegal>?</tem:facturaMinimaLegal>\r
         <!--Optional:-->\r
         <tem:ZIPAnexosFac>cid:713718255486</tem:ZIPAnexosFac>\r
      </tem:CargarPDFDocumentoElectronico>\r
   </soapenv:Body>\r
</soapenv:Envelope>]]></con:request><con:wsaConfig mustUnderstand="NONE" version="200508" action="http://tempuri.org/IIntegracion/CargarPDFDocumentoElectronico"/></con:call></con:operation><con:operation id="f5a2db23-76b2-48d2-97de-783afeecb2e3" isOneWay="false" action="http://tempuri.org/IIntegracion/CargarPDFDocumentoElectronico_AgregarQR" name="CargarPDFDocumentoElectronico_AgregarQR" bindingOperationName="CargarPDFDocumentoElectronico_AgregarQR" type="Request-Response" inputName="" receivesAttachments="false" sendsAttachments="false" anonymous="optional"><con:settings/><con:call id="312848d1-0f89-4400-b9f3-dd30be86329b" name="Request 1"><con:settings/><con:encoding>UTF-8</con:encoding><con:endpoint>https://fymtest.cloudapp.net:444/ServiciosFyM/eBill/Integracion.svc</con:endpoint><con:request><![CDATA[<soapenv:Envelope xmlns:soapenv="http://schemas.xmlsoap.org/soap/envelope/" xmlns:tem="http://tempuri.org/" xmlns:ebil="http://schemas.datacontract.org/2004/07/eBillCore">\r
   <soapenv:Header/>\r
   <soapenv:Body>\r
      <tem:CargarPDFDocumentoElectronico_AgregarQR>\r
         <!--Optional:-->\r
         <tem:PDFFac>cid:1154432487808</tem:PDFFac>\r
         <!--Optional:-->\r
         <tem:FacCab>\r
            <!--Optional:-->\r
            <ebil:AnoAprobacionRes>?</ebil:AnoAprobacionRes>\r
            <!--Optional:-->\r
            <ebil:Base_Impuesto>?</ebil:Base_Impuesto>\r
            <!--Optional:-->\r
            <ebil:CFD_EST_estado_tramit>?</ebil:CFD_EST_estado_tramit>\r
            <!--Optional:-->\r
            <ebil:CFD_Flete>?</ebil:CFD_Flete>\r
            <!--Optional:-->\r
            <ebil:CFD_OtrosCargos>?</ebil:CFD_OtrosCargos>\r
            <!--Optional:-->\r
            <ebil:CFD_Por_Margen>?</ebil:CFD_Por_Margen>\r
            <!--Optional:-->\r
            <ebil:CFD_ResponseCode>?</ebil:CFD_ResponseCode>\r
            <!--Optional:-->\r
            <ebil:CFD_base_ICA_total>?</ebil:CFD_base_ICA_total>\r
            <!--Optional:-->\r
            <ebil:CFD_base_impo_total_nal>?</ebil:CFD_base_impo_total_nal>\r
            <!--Optional:-->\r
            <ebil:CFD_base_impo_total_reg>?</ebil:CFD_base_impo_total_reg>\r
            <!--Optional:-->\r
            <ebil:CFD_campo_texto_10>?</ebil:CFD_campo_texto_10>\r
            <!--Optional:-->\r
            <ebil:CFD_campo_texto_11>?</ebil:CFD_campo_texto_11>\r
            <!--Optional:-->\r
            <ebil:CFD_campo_texto_12>?</ebil:CFD_campo_texto_12>\r
            <!--Optional:-->\r
            <ebil:CFD_campo_texto_13>?</ebil:CFD_campo_texto_13>\r
            <!--Optional:-->\r
            <ebil:CFD_campo_texto_14>?</ebil:CFD_campo_texto_14>\r
            <!--Optional:-->\r
            <ebil:CFD_campo_texto_15>?</ebil:CFD_campo_texto_15>\r
            <!--Optional:-->\r
            <ebil:CFD_campo_texto_16>?</ebil:CFD_campo_texto_16>\r
            <!--Optional:-->\r
            <ebil:CFD_campo_texto_17>?</ebil:CFD_campo_texto_17>\r
            <!--Optional:-->\r
            <ebil:CFD_campo_texto_18>?</ebil:CFD_campo_texto_18>\r
            <!--Optional:-->\r
            <ebil:CFD_campo_texto_19>?</ebil:CFD_campo_texto_19>\r
            <!--Optional:-->\r
            <ebil:CFD_campo_texto_20>?</ebil:CFD_campo_texto_20>\r
            <!--Optional:-->\r
            <ebil:CFD_campo_texto_21>?</ebil:CFD_campo_texto_21>\r
            <!--Optional:-->\r
            <ebil:CFD_campo_texto_22>?</ebil:CFD_campo_texto_22>\r
            <!--Optional:-->\r
            <ebil:CFD_campo_texto_23>?</ebil:CFD_campo_texto_23>\r
            <!--Optional:-->\r
            <ebil:CFD_campo_texto_24>?</ebil:CFD_campo_texto_24>\r
            <!--Optional:-->\r
            <ebil:CFD_campo_texto_25>?</ebil:CFD_campo_texto_25>\r
            <!--Optional:-->\r
            <ebil:CFD_campo_texto_26>?</ebil:CFD_campo_texto_26>\r
            <!--Optional:-->\r
            <ebil:CFD_campo_texto_27>?</ebil:CFD_campo_texto_27>\r
            <!--Optional:-->\r
            <ebil:CFD_campo_texto_28>?</ebil:CFD_campo_texto_28>\r
            <!--Optional:-->\r
            <ebil:CFD_campo_texto_29>?</ebil:CFD_campo_texto_29>\r
            <!--Optional:-->\r
            <ebil:CFD_campo_texto_30>?</ebil:CFD_campo_texto_30>\r
            <!--Optional:-->\r
            <ebil:CFD_campo_texto_9>?</ebil:CFD_campo_texto_9>\r
            <!--Optional:-->\r
            <ebil:CFD_cantidad_dec_1>?</ebil:CFD_cantidad_dec_1>\r
            <!--Optional:-->\r
            <ebil:CFD_cantidad_dec_10>?</ebil:CFD_cantidad_dec_10>\r
            <!--Optional:-->\r
            <ebil:CFD_cantidad_dec_11>?</ebil:CFD_cantidad_dec_11>\r
            <!--Optional:-->\r
            <ebil:CFD_cantidad_dec_12>?</ebil:CFD_cantidad_dec_12>\r
            <!--Optional:-->\r
            <ebil:CFD_cantidad_dec_13>?</ebil:CFD_cantidad_dec_13>\r
            <!--Optional:-->\r
            <ebil:CFD_cantidad_dec_14>?</ebil:CFD_cantidad_dec_14>\r
            <!--Optional:-->\r
            <ebil:CFD_cantidad_dec_15>?</ebil:CFD_cantidad_dec_15>\r
            <!--Optional:-->\r
            <ebil:CFD_cantidad_dec_16>?</ebil:CFD_cantidad_dec_16>\r
            <!--Optional:-->\r
            <ebil:CFD_cantidad_dec_17>?</ebil:CFD_cantidad_dec_17>\r
            <!--Optional:-->\r
            <ebil:CFD_cantidad_dec_18>?</ebil:CFD_cantidad_dec_18>\r
            <!--Optional:-->\r
            <ebil:CFD_cantidad_dec_19>?</ebil:CFD_cantidad_dec_19>\r
            <!--Optional:-->\r
            <ebil:CFD_cantidad_dec_20>?</ebil:CFD_cantidad_dec_20>\r
            <!--Optional:-->\r
            <ebil:CFD_cantidad_dec_21>?</ebil:CFD_cantidad_dec_21>\r
            <!--Optional:-->\r
            <ebil:CFD_cantidad_dec_22>?</ebil:CFD_cantidad_dec_22>\r
            <!--Optional:-->\r
            <ebil:CFD_cantidad_dec_23>?</ebil:CFD_cantidad_dec_23>\r
            <!--Optional:-->\r
            <ebil:CFD_cantidad_dec_24>?</ebil:CFD_cantidad_dec_24>\r
            <!--Optional:-->\r
            <ebil:CFD_cantidad_dec_25>?</ebil:CFD_cantidad_dec_25>\r
            <!--Optional:-->\r
            <ebil:CFD_cantidad_dec_4>?</ebil:CFD_cantidad_dec_4>\r
            <!--Optional:-->\r
            <ebil:CFD_cantidad_dec_5>?</ebil:CFD_cantidad_dec_5>\r
            <!--Optional:-->\r
            <ebil:CFD_cantidad_dec_6>?</ebil:CFD_cantidad_dec_6>\r
            <!--Optional:-->\r
            <ebil:CFD_cantidad_dec_7>?</ebil:CFD_cantidad_dec_7>\r
            <!--Optional:-->\r
            <ebil:CFD_cantidad_dec_8>?</ebil:CFD_cantidad_dec_8>\r
            <!--Optional:-->\r
            <ebil:CFD_cantidad_dec_9>?</ebil:CFD_cantidad_dec_9>\r
            <!--Optional:-->\r
            <ebil:CFD_deducible>?</ebil:CFD_deducible>\r
            <!--Optional:-->\r
            <ebil:CFD_desconexion_servicio>?</ebil:CFD_desconexion_servicio>\r
            <!--Optional:-->\r
            <ebil:CFD_fecha_desconexion>?</ebil:CFD_fecha_desconexion>\r
            <!--Optional:-->\r
            <ebil:CFD_fecha_tasadeCambio>?</ebil:CFD_fecha_tasadeCambio>\r
            <!--Optional:-->\r
            <ebil:CFD_numero_enlace_doc_ref>?</ebil:CFD_numero_enlace_doc_ref>\r
            <!--Optional:-->\r
            <ebil:CFD_porc_rte_ICA>?</ebil:CFD_porc_rte_ICA>\r
            <!--Optional:-->\r
            <ebil:CFD_porc_rte_fuent>?</ebil:CFD_porc_rte_fuent>\r
            <!--Optional:-->\r
            <ebil:CFD_tasa_mora>?</ebil:CFD_tasa_mora>\r
            <!--Optional:-->\r
            <ebil:CFD_tdi_id_tipo_doc_interno>?</ebil:CFD_tdi_id_tipo_doc_interno>\r
            <!--Optional:-->\r
            <ebil:CFD_total_ICA>?</ebil:CFD_total_ICA>\r
            <!--Optional:-->\r
            <ebil:CFD_total_aduana_exp>?</ebil:CFD_total_aduana_exp>\r
            <!--Optional:-->\r
            <ebil:CFD_total_cargos>?</ebil:CFD_total_cargos>\r
            <!--Optional:-->\r
            <ebil:CFD_total_descuentos>?</ebil:CFD_total_descuentos>\r
            <!--Optional:-->\r
            <ebil:CFD_total_margen>?</ebil:CFD_total_margen>\r
            <!--Optional:-->\r
            <ebil:CFD_total_seguro_exp>?</ebil:CFD_total_seguro_exp>\r
            <!--Optional:-->\r
            <ebil:CLI_numero_cliente>?</ebil:CLI_numero_cliente>\r
            <!--Optional:-->\r
            <ebil:CREETotal>?</ebil:CREETotal>\r
            <!--Optional:-->\r
            <ebil:CampoTexto1>?</ebil:CampoTexto1>\r
            <!--Optional:-->\r
            <ebil:CampoTexto2>?</ebil:CampoTexto2>\r
            <!--Optional:-->\r
            <ebil:CampoTexto3>?</ebil:CampoTexto3>\r
            <!--Optional:-->\r
            <ebil:CampoTexto4>?</ebil:CampoTexto4>\r
            <!--Optional:-->\r
            <ebil:CampoTexto5>?</ebil:CampoTexto5>\r
            <!--Optional:-->\r
            <ebil:CampoTexto6>?</ebil:CampoTexto6>\r
            <!--Optional:-->\r
            <ebil:CampoTexto7>?</ebil:CampoTexto7>\r
            <!--Optional:-->\r
            <ebil:CampoTexto8>?</ebil:CampoTexto8>\r
            <!--Optional:-->\r
            <ebil:Cantidad1>?</ebil:Cantidad1>\r
            <!--Optional:-->\r
            <ebil:Cantidad2>?</ebil:Cantidad2>\r
            <!--Optional:-->\r
            <ebil:Cantidad3>?</ebil:Cantidad3>\r
            <!--Optional:-->\r
            <ebil:CantidadDec1>?</ebil:CantidadDec1>\r
            <!--Optional:-->\r
            <ebil:CantidadDec2>?</ebil:CantidadDec2>\r
            <!--Optional:-->\r
            <ebil:CantidadDec3>?</ebil:CantidadDec3>\r
            <!--Optional:-->\r
            <ebil:CiudadDANE>?</ebil:CiudadDANE>\r
            <!--Optional:-->\r
            <ebil:CodVendedor>?</ebil:CodVendedor>\r
            <!--Optional:-->\r
            <ebil:CodigoPostalCliente>?</ebil:CodigoPostalCliente>\r
            <!--Optional:-->\r
            <ebil:CodigoPostalEnvio>?</ebil:CodigoPostalEnvio>\r
            <!--Optional:-->\r
            <ebil:ComprobanteCon>?</ebil:ComprobanteCon>\r
            <!--Optional:-->\r
            <ebil:Condiciones_Pago>?</ebil:Condiciones_Pago>\r
            <!--Optional:-->\r
            <ebil:ContactoCargo>?</ebil:ContactoCargo>\r
            <!--Optional:-->\r
            <ebil:ContactoCorreo>?</ebil:ContactoCorreo>\r
            <!--Optional:-->\r
            <ebil:ContactoNombre>?</ebil:ContactoNombre>\r
            <!--Optional:-->\r
            <ebil:CorreoCliente>?</ebil:CorreoCliente>\r
            <!--Optional:-->\r
            <ebil:DepartamentoDANE>?</ebil:DepartamentoDANE>\r
            <!--Optional:-->\r
            <ebil:DescripcionPlan>?</ebil:DescripcionPlan>\r
            <!--Optional:-->\r
            <ebil:Descuento>?</ebil:Descuento>\r
            <!--Optional:-->\r
            <ebil:DigitoVerificaCliente>?</ebil:DigitoVerificaCliente>\r
            <!--Optional:-->\r
            <ebil:DireccionCliente>?</ebil:DireccionCliente>\r
            <!--Optional:-->\r
            <ebil:EstiloFactura>?</ebil:EstiloFactura>\r
            <!--Optional:-->\r
            <ebil:FechaExpedicion>?</ebil:FechaExpedicion>\r
            <!--Optional:-->\r
            <ebil:FechaFinalPeriodoFacturado>?</ebil:FechaFinalPeriodoFacturado>\r
            <!--Optional:-->\r
            <ebil:FechaInicialPeriodoFacturado>?</ebil:FechaInicialPeriodoFacturado>\r
            <!--Optional:-->\r
            <ebil:FechaVencimiento>?</ebil:FechaVencimiento>\r
            <!--Optional:-->\r
            <ebil:FormaPago>?</ebil:FormaPago>\r
            <!--Optional:-->\r
            <ebil:IDInterno>?</ebil:IDInterno>\r
            <!--Optional:-->\r
            <ebil:IDUbicacionCliente>?</ebil:IDUbicacionCliente>\r
            <!--Optional:-->\r
            <ebil:IDUbicacionEnvio>?</ebil:IDUbicacionEnvio>\r
            <!--Optional:-->\r
            <ebil:IdPlan>?</ebil:IdPlan>\r
            <!--Optional:-->\r
            <ebil:IdSucursal>?</ebil:IdSucursal>\r
            <!--Optional:-->\r
            <ebil:Incoterm>?</ebil:Incoterm>\r
            <!--Optional:-->\r
            <ebil:InfoAdicional>?</ebil:InfoAdicional>\r
            <!--Optional:-->\r
            <ebil:LugarTerminosEntrega>?</ebil:LugarTerminosEntrega>\r
            <!--Optional:-->\r
            <ebil:MesCausado>?</ebil:MesCausado>\r
            <!--Optional:-->\r
            <ebil:MonedaISO>?</ebil:MonedaISO>\r
            <!--Optional:-->\r
            <ebil:NitCliente>?</ebil:NitCliente>\r
            <!--Optional:-->\r
            <ebil:NitEmpresa>?</ebil:NitEmpresa>\r
            <!--Optional:-->\r
            <ebil:NombreCliente>?</ebil:NombreCliente>\r
            <!--Optional:-->\r
            <ebil:NombrePlan>?</ebil:NombrePlan>\r
            <!--Optional:-->\r
            <ebil:NombreVendedor>?</ebil:NombreVendedor>\r
            <!--Optional:-->\r
            <ebil:NumAprobacionRes>?</ebil:NumAprobacionRes>\r
            <!--Optional:-->\r
            <ebil:NumFactura>?</ebil:NumFactura>\r
            <!--Optional:-->\r
            <ebil:OrderID>?</ebil:OrderID>\r
            <!--Optional:-->\r
            <ebil:PAI_ISO_3166>?</ebil:PAI_ISO_3166>\r
            <!--Optional:-->\r
            <ebil:PagoAnterior>?</ebil:PagoAnterior>\r
            <!--Optional:-->\r
            <ebil:Prefijo>?</ebil:Prefijo>\r
            <!--Optional:-->\r
            <ebil:ReferenciaCliente>?</ebil:ReferenciaCliente>\r
            <!--Optional:-->\r
            <ebil:RetencionCREETotal>?</ebil:RetencionCREETotal>\r
            <!--Optional:-->\r
            <ebil:SMSXDoc>?</ebil:SMSXDoc>\r
            <!--Optional:-->\r
            <ebil:SaldoAnterior>?</ebil:SaldoAnterior>\r
            <!--Optional:-->\r
            <ebil:SubTotal>?</ebil:SubTotal>\r
            <!--Optional:-->\r
            <ebil:SubTotalSegunMon>?</ebil:SubTotalSegunMon>\r
            <!--Optional:-->\r
            <ebil:Sucursal>?</ebil:Sucursal>\r
            <!--Optional:-->\r
            <ebil:TIP_id_tipo_persona>?</ebil:TIP_id_tipo_persona>\r
            <!--Optional:-->\r
            <ebil:TasaCambio>?</ebil:TasaCambio>\r
            <!--Optional:-->\r
            <ebil:TelefonoCliente>?</ebil:TelefonoCliente>\r
            <!--Optional:-->\r
            <ebil:Texto3>?</ebil:Texto3>\r
            <!--Optional:-->\r
            <ebil:TieneAcuerdo>?</ebil:TieneAcuerdo>\r
            <!--Optional:-->\r
            <ebil:TipoComprobante>?</ebil:TipoComprobante>\r
            <!--Optional:-->\r
            <ebil:TipoContribuyente>?</ebil:TipoContribuyente>\r
            <!--Optional:-->\r
            <ebil:TipoIDCliente>?</ebil:TipoIDCliente>\r
            <!--Optional:-->\r
            <ebil:Total>?</ebil:Total>\r
            <!--Optional:-->\r
            <ebil:TotalIVA>?</ebil:TotalIVA>\r
            <!--Optional:-->\r
            <ebil:TotalIVASegunMon>?</ebil:TotalIVASegunMon>\r
            <!--Optional:-->\r
            <ebil:TotalRetICA>?</ebil:TotalRetICA>\r
            <!--Optional:-->\r
            <ebil:TotalRetIVA>?</ebil:TotalRetIVA>\r
            <!--Optional:-->\r
            <ebil:TotalRetencion>?</ebil:TotalRetencion>\r
            <!--Optional:-->\r
            <ebil:TotalSegunMon>?</ebil:TotalSegunMon>\r
            <!--Optional:-->\r
            <ebil:TotalTraslado>?</ebil:TotalTraslado>\r
            <!--Optional:-->\r
            <ebil:Total_a_Pagar>?</ebil:Total_a_Pagar>\r
            <!--Optional:-->\r
            <ebil:ValorHasta1>?</ebil:ValorHasta1>\r
            <!--Optional:-->\r
            <ebil:ValorHasta2>?</ebil:ValorHasta2>\r
            <!--Optional:-->\r
            <ebil:ValorHasta3>?</ebil:ValorHasta3>\r
            <!--Optional:-->\r
            <ebil:ValorHasta4>?</ebil:ValorHasta4>\r
            <!--Optional:-->\r
            <ebil:cfd_activa_nota1>?</ebil:cfd_activa_nota1>\r
            <!--Optional:-->\r
            <ebil:ciudad_envio>?</ebil:ciudad_envio>\r
            <!--Optional:-->\r
            <ebil:code1>?</ebil:code1>\r
            <!--Optional:-->\r
            <ebil:code2>?</ebil:code2>\r
            <!--Optional:-->\r
            <ebil:code3>?</ebil:code3>\r
            <!--Optional:-->\r
            <ebil:curso>?</ebil:curso>\r
            <!--Optional:-->\r
            <ebil:departamento_envio>?</ebil:departamento_envio>\r
            <!--Optional:-->\r
            <ebil:direccion_envio>?</ebil:direccion_envio>\r
            <!--Optional:-->\r
            <ebil:numero_envio>?</ebil:numero_envio>\r
            <!--Optional:-->\r
            <ebil:orden_venta>?</ebil:orden_venta>\r
            <!--Optional:-->\r
            <ebil:pague_hasta1>?</ebil:pague_hasta1>\r
            <!--Optional:-->\r
            <ebil:pague_hasta2>?</ebil:pague_hasta2>\r
            <!--Optional:-->\r
            <ebil:pague_hasta3>?</ebil:pague_hasta3>\r
            <!--Optional:-->\r
            <ebil:referencia>?</ebil:referencia>\r
            <!--Optional:-->\r
            <ebil:referencia1>?</ebil:referencia1>\r
            <!--Optional:-->\r
            <ebil:referencia_envio>?</ebil:referencia_envio>\r
            <!--Optional:-->\r
            <ebil:telefono_envio>?</ebil:telefono_envio>\r
         </tem:FacCab>\r
         <!--Optional:-->\r
         <tem:Opciones>\r
            <!--Optional:-->\r
            <ebil:ActualizaProductos>?</ebil:ActualizaProductos>\r
            <!--Optional:-->\r
            <ebil:CalculaReteCree>?</ebil:CalculaReteCree>\r
            <!--Optional:-->\r
            <ebil:CalculaReteFuente>?</ebil:CalculaReteFuente>\r
            <!--Optional:-->\r
            <ebil:CalculaReteICA>?</ebil:CalculaReteICA>\r
            <!--Optional:-->\r
            <ebil:CalculaReteIVA>?</ebil:CalculaReteIVA>\r
            <!--Optional:-->\r
            <ebil:EmisionAutomatica>?</ebil:EmisionAutomatica>\r
            <!--Optional:-->\r
            <ebil:FacturasSinAcuerdo>?</ebil:FacturasSinAcuerdo>\r
            <!--Optional:-->\r
            <ebil:ModeloXAceptacion>?</ebil:ModeloXAceptacion>\r
            <!--Optional:-->\r
            <ebil:NotasRelacionadas>?</ebil:NotasRelacionadas>\r
            <!--Optional:-->\r
            <ebil:OrderControl>?</ebil:OrderControl>\r
            <!--Optional:-->\r
            <ebil:TieneAcuerdosFisicos>?</ebil:TieneAcuerdosFisicos>\r
            <!--Optional:-->\r
            <ebil:TokenConexion>?</ebil:TokenConexion>\r
            <!--Optional:-->\r
            <ebil:eBillAdmNumerosFactura>?</ebil:eBillAdmNumerosFactura>\r
         </tem:Opciones>\r
         <!--Optional:-->\r
         <tem:CoorListXPage>\r
            <!--Zero or more repetitions:-->\r
            <ebil:CoordenadasPixelesByPage>\r
               <!--Optional:-->\r
               <ebil:Page>?</ebil:Page>\r
               <!--Optional:-->\r
               <ebil:ValorAlto>?</ebil:ValorAlto>\r
               <!--Optional:-->\r
               <ebil:ValorAncho>?</ebil:ValorAncho>\r
               <!--Optional:-->\r
               <ebil:ValorX>?</ebil:ValorX>\r
               <!--Optional:-->\r
               <ebil:ValorY>?</ebil:ValorY>\r
            </ebil:CoordenadasPixelesByPage>\r
         </tem:CoorListXPage>\r
         <!--Optional:-->\r
         <tem:facturaMinimaLegal>?</tem:facturaMinimaLegal>\r
      </tem:CargarPDFDocumentoElectronico_AgregarQR>\r
   </soapenv:Body>\r
</soapenv:Envelope>]]></con:request><con:wsaConfig mustUnderstand="NONE" version="200508" action="http://tempuri.org/IIntegracion/CargarPDFDocumentoElectronico_AgregarQR"/></con:call></con:operation><con:operation id="3e7701fe-38b6-491b-8b99-6a5657d7218c" isOneWay="false" action="http://tempuri.org/IIntegracion/CargarXML25CoreToeBill" name="CargarXML25CoreToeBill" bindingOperationName="CargarXML25CoreToeBill" type="Request-Response" inputName="" receivesAttachments="false" sendsAttachments="false" anonymous="optional"><con:settings/><con:call id="297f037e-2524-494a-81e6-e1754778dd45" name="Request 1"><con:settings/><con:encoding>UTF-8</con:encoding><con:endpoint>https://fymtest.cloudapp.net:444/ServiciosFyM/eBill/Integracion.svc</con:endpoint><con:request><![CDATA[<soapenv:Envelope xmlns:soapenv="http://schemas.xmlsoap.org/soap/envelope/" xmlns:tem="http://tempuri.org/">\r
   <soapenv:Header/>\r
   <soapenv:Body>\r
      <tem:CargarXML25CoreToeBill>\r
         <!--Optional:-->\r
         <tem:XMLCore>cid:364604428692</tem:XMLCore>\r
         <!--Optional:-->\r
         <tem:XMLExt>cid:101942452991</tem:XMLExt>\r
         <!--Optional:-->\r
         <tem:ValidarEstructura>?</tem:ValidarEstructura>\r
      </tem:CargarXML25CoreToeBill>\r
   </soapenv:Body>\r
</soapenv:Envelope>]]></con:request><con:wsaConfig mustUnderstand="NONE" version="200508" action="http://tempuri.org/IIntegracion/CargarXML25CoreToeBill"/></con:call></con:operation><con:operation id="298ef2da-ad2e-438f-9730-386de9ecba1b" isOneWay="false" action="http://tempuri.org/IIntegracion/ConsultaDatosDocumentosEmitidos" name="ConsultaDatosDocumentosEmitidos" bindingOperationName="ConsultaDatosDocumentosEmitidos" type="Request-Response" inputName="" receivesAttachments="false" sendsAttachments="false" anonymous="optional"><con:settings/><con:call id="f2dae017-a0c4-4151-9d78-635d0ed14496" name="Request 1"><con:settings/><con:encoding>UTF-8</con:encoding><con:endpoint>https://fymtest.cloudapp.net:444/ServiciosFyM/eBill/Integracion.svc</con:endpoint><con:request><![CDATA[<soapenv:Envelope xmlns:soapenv="http://schemas.xmlsoap.org/soap/envelope/" xmlns:tem="http://tempuri.org/" xmlns:ebil="http://schemas.datacontract.org/2004/07/eBillCore">\r
   <soapenv:Header/>\r
   <soapenv:Body>\r
      <tem:ConsultaDatosDocumentosEmitidos>\r
         <!--Optional:-->\r
         <tem:FacCab>\r
            <!--Optional:-->\r
            <ebil:AnoAprobacionRes>?</ebil:AnoAprobacionRes>\r
            <!--Optional:-->\r
            <ebil:Base_Impuesto>?</ebil:Base_Impuesto>\r
            <!--Optional:-->\r
            <ebil:CFD_EST_estado_tramit>?</ebil:CFD_EST_estado_tramit>\r
            <!--Optional:-->\r
            <ebil:CFD_Flete>?</ebil:CFD_Flete>\r
            <!--Optional:-->\r
            <ebil:CFD_OtrosCargos>?</ebil:CFD_OtrosCargos>\r
            <!--Optional:-->\r
            <ebil:CFD_Por_Margen>?</ebil:CFD_Por_Margen>\r
            <!--Optional:-->\r
            <ebil:CFD_ResponseCode>?</ebil:CFD_ResponseCode>\r
            <!--Optional:-->\r
            <ebil:CFD_base_ICA_total>?</ebil:CFD_base_ICA_total>\r
            <!--Optional:-->\r
            <ebil:CFD_base_impo_total_nal>?</ebil:CFD_base_impo_total_nal>\r
            <!--Optional:-->\r
            <ebil:CFD_base_impo_total_reg>?</ebil:CFD_base_impo_total_reg>\r
            <!--Optional:-->\r
            <ebil:CFD_campo_texto_10>?</ebil:CFD_campo_texto_10>\r
            <!--Optional:-->\r
            <ebil:CFD_campo_texto_11>?</ebil:CFD_campo_texto_11>\r
            <!--Optional:-->\r
            <ebil:CFD_campo_texto_12>?</ebil:CFD_campo_texto_12>\r
            <!--Optional:-->\r
            <ebil:CFD_campo_texto_13>?</ebil:CFD_campo_texto_13>\r
            <!--Optional:-->\r
            <ebil:CFD_campo_texto_14>?</ebil:CFD_campo_texto_14>\r
            <!--Optional:-->\r
            <ebil:CFD_campo_texto_15>?</ebil:CFD_campo_texto_15>\r
            <!--Optional:-->\r
            <ebil:CFD_campo_texto_16>?</ebil:CFD_campo_texto_16>\r
            <!--Optional:-->\r
            <ebil:CFD_campo_texto_17>?</ebil:CFD_campo_texto_17>\r
            <!--Optional:-->\r
            <ebil:CFD_campo_texto_18>?</ebil:CFD_campo_texto_18>\r
            <!--Optional:-->\r
            <ebil:CFD_campo_texto_19>?</ebil:CFD_campo_texto_19>\r
            <!--Optional:-->\r
            <ebil:CFD_campo_texto_20>?</ebil:CFD_campo_texto_20>\r
            <!--Optional:-->\r
            <ebil:CFD_campo_texto_21>?</ebil:CFD_campo_texto_21>\r
            <!--Optional:-->\r
            <ebil:CFD_campo_texto_22>?</ebil:CFD_campo_texto_22>\r
            <!--Optional:-->\r
            <ebil:CFD_campo_texto_23>?</ebil:CFD_campo_texto_23>\r
            <!--Optional:-->\r
            <ebil:CFD_campo_texto_24>?</ebil:CFD_campo_texto_24>\r
            <!--Optional:-->\r
            <ebil:CFD_campo_texto_25>?</ebil:CFD_campo_texto_25>\r
            <!--Optional:-->\r
            <ebil:CFD_campo_texto_26>?</ebil:CFD_campo_texto_26>\r
            <!--Optional:-->\r
            <ebil:CFD_campo_texto_27>?</ebil:CFD_campo_texto_27>\r
            <!--Optional:-->\r
            <ebil:CFD_campo_texto_28>?</ebil:CFD_campo_texto_28>\r
            <!--Optional:-->\r
            <ebil:CFD_campo_texto_29>?</ebil:CFD_campo_texto_29>\r
            <!--Optional:-->\r
            <ebil:CFD_campo_texto_30>?</ebil:CFD_campo_texto_30>\r
            <!--Optional:-->\r
            <ebil:CFD_campo_texto_9>?</ebil:CFD_campo_texto_9>\r
            <!--Optional:-->\r
            <ebil:CFD_cantidad_dec_1>?</ebil:CFD_cantidad_dec_1>\r
            <!--Optional:-->\r
            <ebil:CFD_cantidad_dec_10>?</ebil:CFD_cantidad_dec_10>\r
            <!--Optional:-->\r
            <ebil:CFD_cantidad_dec_11>?</ebil:CFD_cantidad_dec_11>\r
            <!--Optional:-->\r
            <ebil:CFD_cantidad_dec_12>?</ebil:CFD_cantidad_dec_12>\r
            <!--Optional:-->\r
            <ebil:CFD_cantidad_dec_13>?</ebil:CFD_cantidad_dec_13>\r
            <!--Optional:-->\r
            <ebil:CFD_cantidad_dec_14>?</ebil:CFD_cantidad_dec_14>\r
            <!--Optional:-->\r
            <ebil:CFD_cantidad_dec_15>?</ebil:CFD_cantidad_dec_15>\r
            <!--Optional:-->\r
            <ebil:CFD_cantidad_dec_16>?</ebil:CFD_cantidad_dec_16>\r
            <!--Optional:-->\r
            <ebil:CFD_cantidad_dec_17>?</ebil:CFD_cantidad_dec_17>\r
            <!--Optional:-->\r
            <ebil:CFD_cantidad_dec_18>?</ebil:CFD_cantidad_dec_18>\r
            <!--Optional:-->\r
            <ebil:CFD_cantidad_dec_19>?</ebil:CFD_cantidad_dec_19>\r
            <!--Optional:-->\r
            <ebil:CFD_cantidad_dec_20>?</ebil:CFD_cantidad_dec_20>\r
            <!--Optional:-->\r
            <ebil:CFD_cantidad_dec_21>?</ebil:CFD_cantidad_dec_21>\r
            <!--Optional:-->\r
            <ebil:CFD_cantidad_dec_22>?</ebil:CFD_cantidad_dec_22>\r
            <!--Optional:-->\r
            <ebil:CFD_cantidad_dec_23>?</ebil:CFD_cantidad_dec_23>\r
            <!--Optional:-->\r
            <ebil:CFD_cantidad_dec_24>?</ebil:CFD_cantidad_dec_24>\r
            <!--Optional:-->\r
            <ebil:CFD_cantidad_dec_25>?</ebil:CFD_cantidad_dec_25>\r
            <!--Optional:-->\r
            <ebil:CFD_cantidad_dec_4>?</ebil:CFD_cantidad_dec_4>\r
            <!--Optional:-->\r
            <ebil:CFD_cantidad_dec_5>?</ebil:CFD_cantidad_dec_5>\r
            <!--Optional:-->\r
            <ebil:CFD_cantidad_dec_6>?</ebil:CFD_cantidad_dec_6>\r
            <!--Optional:-->\r
            <ebil:CFD_cantidad_dec_7>?</ebil:CFD_cantidad_dec_7>\r
            <!--Optional:-->\r
            <ebil:CFD_cantidad_dec_8>?</ebil:CFD_cantidad_dec_8>\r
            <!--Optional:-->\r
            <ebil:CFD_cantidad_dec_9>?</ebil:CFD_cantidad_dec_9>\r
            <!--Optional:-->\r
            <ebil:CFD_deducible>?</ebil:CFD_deducible>\r
            <!--Optional:-->\r
            <ebil:CFD_desconexion_servicio>?</ebil:CFD_desconexion_servicio>\r
            <!--Optional:-->\r
            <ebil:CFD_fecha_desconexion>?</ebil:CFD_fecha_desconexion>\r
            <!--Optional:-->\r
            <ebil:CFD_fecha_tasadeCambio>?</ebil:CFD_fecha_tasadeCambio>\r
            <!--Optional:-->\r
            <ebil:CFD_numero_enlace_doc_ref>?</ebil:CFD_numero_enlace_doc_ref>\r
            <!--Optional:-->\r
            <ebil:CFD_porc_rte_ICA>?</ebil:CFD_porc_rte_ICA>\r
            <!--Optional:-->\r
            <ebil:CFD_porc_rte_fuent>?</ebil:CFD_porc_rte_fuent>\r
            <!--Optional:-->\r
            <ebil:CFD_tasa_mora>?</ebil:CFD_tasa_mora>\r
            <!--Optional:-->\r
            <ebil:CFD_tdi_id_tipo_doc_interno>?</ebil:CFD_tdi_id_tipo_doc_interno>\r
            <!--Optional:-->\r
            <ebil:CFD_total_ICA>?</ebil:CFD_total_ICA>\r
            <!--Optional:-->\r
            <ebil:CFD_total_aduana_exp>?</ebil:CFD_total_aduana_exp>\r
            <!--Optional:-->\r
            <ebil:CFD_total_cargos>?</ebil:CFD_total_cargos>\r
            <!--Optional:-->\r
            <ebil:CFD_total_descuentos>?</ebil:CFD_total_descuentos>\r
            <!--Optional:-->\r
            <ebil:CFD_total_margen>?</ebil:CFD_total_margen>\r
            <!--Optional:-->\r
            <ebil:CFD_total_seguro_exp>?</ebil:CFD_total_seguro_exp>\r
            <!--Optional:-->\r
            <ebil:CLI_numero_cliente>?</ebil:CLI_numero_cliente>\r
            <!--Optional:-->\r
            <ebil:CREETotal>?</ebil:CREETotal>\r
            <!--Optional:-->\r
            <ebil:CampoTexto1>?</ebil:CampoTexto1>\r
            <!--Optional:-->\r
            <ebil:CampoTexto2>?</ebil:CampoTexto2>\r
            <!--Optional:-->\r
            <ebil:CampoTexto3>?</ebil:CampoTexto3>\r
            <!--Optional:-->\r
            <ebil:CampoTexto4>?</ebil:CampoTexto4>\r
            <!--Optional:-->\r
            <ebil:CampoTexto5>?</ebil:CampoTexto5>\r
            <!--Optional:-->\r
            <ebil:CampoTexto6>?</ebil:CampoTexto6>\r
            <!--Optional:-->\r
            <ebil:CampoTexto7>?</ebil:CampoTexto7>\r
            <!--Optional:-->\r
            <ebil:CampoTexto8>?</ebil:CampoTexto8>\r
            <!--Optional:-->\r
            <ebil:Cantidad1>?</ebil:Cantidad1>\r
            <!--Optional:-->\r
            <ebil:Cantidad2>?</ebil:Cantidad2>\r
            <!--Optional:-->\r
            <ebil:Cantidad3>?</ebil:Cantidad3>\r
            <!--Optional:-->\r
            <ebil:CantidadDec1>?</ebil:CantidadDec1>\r
            <!--Optional:-->\r
            <ebil:CantidadDec2>?</ebil:CantidadDec2>\r
            <!--Optional:-->\r
            <ebil:CantidadDec3>?</ebil:CantidadDec3>\r
            <!--Optional:-->\r
            <ebil:CiudadDANE>?</ebil:CiudadDANE>\r
            <!--Optional:-->\r
            <ebil:CodVendedor>?</ebil:CodVendedor>\r
            <!--Optional:-->\r
            <ebil:CodigoPostalCliente>?</ebil:CodigoPostalCliente>\r
            <!--Optional:-->\r
            <ebil:CodigoPostalEnvio>?</ebil:CodigoPostalEnvio>\r
            <!--Optional:-->\r
            <ebil:ComprobanteCon>?</ebil:ComprobanteCon>\r
            <!--Optional:-->\r
            <ebil:Condiciones_Pago>?</ebil:Condiciones_Pago>\r
            <!--Optional:-->\r
            <ebil:ContactoCargo>?</ebil:ContactoCargo>\r
            <!--Optional:-->\r
            <ebil:ContactoCorreo>?</ebil:ContactoCorreo>\r
            <!--Optional:-->\r
            <ebil:ContactoNombre>?</ebil:ContactoNombre>\r
            <!--Optional:-->\r
            <ebil:CorreoCliente>?</ebil:CorreoCliente>\r
            <!--Optional:-->\r
            <ebil:DepartamentoDANE>?</ebil:DepartamentoDANE>\r
            <!--Optional:-->\r
            <ebil:DescripcionPlan>?</ebil:DescripcionPlan>\r
            <!--Optional:-->\r
            <ebil:Descuento>?</ebil:Descuento>\r
            <!--Optional:-->\r
            <ebil:DigitoVerificaCliente>?</ebil:DigitoVerificaCliente>\r
            <!--Optional:-->\r
            <ebil:DireccionCliente>?</ebil:DireccionCliente>\r
            <!--Optional:-->\r
            <ebil:EstiloFactura>?</ebil:EstiloFactura>\r
            <!--Optional:-->\r
            <ebil:FechaExpedicion>?</ebil:FechaExpedicion>\r
            <!--Optional:-->\r
            <ebil:FechaFinalPeriodoFacturado>?</ebil:FechaFinalPeriodoFacturado>\r
            <!--Optional:-->\r
            <ebil:FechaInicialPeriodoFacturado>?</ebil:FechaInicialPeriodoFacturado>\r
            <!--Optional:-->\r
            <ebil:FechaVencimiento>?</ebil:FechaVencimiento>\r
            <!--Optional:-->\r
            <ebil:FormaPago>?</ebil:FormaPago>\r
            <!--Optional:-->\r
            <ebil:IDInterno>?</ebil:IDInterno>\r
            <!--Optional:-->\r
            <ebil:IDUbicacionCliente>?</ebil:IDUbicacionCliente>\r
            <!--Optional:-->\r
            <ebil:IDUbicacionEnvio>?</ebil:IDUbicacionEnvio>\r
            <!--Optional:-->\r
            <ebil:IdPlan>?</ebil:IdPlan>\r
            <!--Optional:-->\r
            <ebil:IdSucursal>?</ebil:IdSucursal>\r
            <!--Optional:-->\r
            <ebil:Incoterm>?</ebil:Incoterm>\r
            <!--Optional:-->\r
            <ebil:InfoAdicional>?</ebil:InfoAdicional>\r
            <!--Optional:-->\r
            <ebil:LugarTerminosEntrega>?</ebil:LugarTerminosEntrega>\r
            <!--Optional:-->\r
            <ebil:MesCausado>?</ebil:MesCausado>\r
            <!--Optional:-->\r
            <ebil:MonedaISO>?</ebil:MonedaISO>\r
            <!--Optional:-->\r
            <ebil:NitCliente>?</ebil:NitCliente>\r
            <!--Optional:-->\r
            <ebil:NitEmpresa>?</ebil:NitEmpresa>\r
            <!--Optional:-->\r
            <ebil:NombreCliente>?</ebil:NombreCliente>\r
            <!--Optional:-->\r
            <ebil:NombrePlan>?</ebil:NombrePlan>\r
            <!--Optional:-->\r
            <ebil:NombreVendedor>?</ebil:NombreVendedor>\r
            <!--Optional:-->\r
            <ebil:NumAprobacionRes>?</ebil:NumAprobacionRes>\r
            <!--Optional:-->\r
            <ebil:NumFactura>?</ebil:NumFactura>\r
            <!--Optional:-->\r
            <ebil:OrderID>?</ebil:OrderID>\r
            <!--Optional:-->\r
            <ebil:PAI_ISO_3166>?</ebil:PAI_ISO_3166>\r
            <!--Optional:-->\r
            <ebil:PagoAnterior>?</ebil:PagoAnterior>\r
            <!--Optional:-->\r
            <ebil:Prefijo>?</ebil:Prefijo>\r
            <!--Optional:-->\r
            <ebil:ReferenciaCliente>?</ebil:ReferenciaCliente>\r
            <!--Optional:-->\r
            <ebil:RetencionCREETotal>?</ebil:RetencionCREETotal>\r
            <!--Optional:-->\r
            <ebil:SMSXDoc>?</ebil:SMSXDoc>\r
            <!--Optional:-->\r
            <ebil:SaldoAnterior>?</ebil:SaldoAnterior>\r
            <!--Optional:-->\r
            <ebil:SubTotal>?</ebil:SubTotal>\r
            <!--Optional:-->\r
            <ebil:SubTotalSegunMon>?</ebil:SubTotalSegunMon>\r
            <!--Optional:-->\r
            <ebil:Sucursal>?</ebil:Sucursal>\r
            <!--Optional:-->\r
            <ebil:TIP_id_tipo_persona>?</ebil:TIP_id_tipo_persona>\r
            <!--Optional:-->\r
            <ebil:TasaCambio>?</ebil:TasaCambio>\r
            <!--Optional:-->\r
            <ebil:TelefonoCliente>?</ebil:TelefonoCliente>\r
            <!--Optional:-->\r
            <ebil:Texto3>?</ebil:Texto3>\r
            <!--Optional:-->\r
            <ebil:TieneAcuerdo>?</ebil:TieneAcuerdo>\r
            <!--Optional:-->\r
            <ebil:TipoComprobante>?</ebil:TipoComprobante>\r
            <!--Optional:-->\r
            <ebil:TipoContribuyente>?</ebil:TipoContribuyente>\r
            <!--Optional:-->\r
            <ebil:TipoIDCliente>?</ebil:TipoIDCliente>\r
            <!--Optional:-->\r
            <ebil:Total>?</ebil:Total>\r
            <!--Optional:-->\r
            <ebil:TotalIVA>?</ebil:TotalIVA>\r
            <!--Optional:-->\r
            <ebil:TotalIVASegunMon>?</ebil:TotalIVASegunMon>\r
            <!--Optional:-->\r
            <ebil:TotalRetICA>?</ebil:TotalRetICA>\r
            <!--Optional:-->\r
            <ebil:TotalRetIVA>?</ebil:TotalRetIVA>\r
            <!--Optional:-->\r
            <ebil:TotalRetencion>?</ebil:TotalRetencion>\r
            <!--Optional:-->\r
            <ebil:TotalSegunMon>?</ebil:TotalSegunMon>\r
            <!--Optional:-->\r
            <ebil:TotalTraslado>?</ebil:TotalTraslado>\r
            <!--Optional:-->\r
            <ebil:Total_a_Pagar>?</ebil:Total_a_Pagar>\r
            <!--Optional:-->\r
            <ebil:ValorHasta1>?</ebil:ValorHasta1>\r
            <!--Optional:-->\r
            <ebil:ValorHasta2>?</ebil:ValorHasta2>\r
            <!--Optional:-->\r
            <ebil:ValorHasta3>?</ebil:ValorHasta3>\r
            <!--Optional:-->\r
            <ebil:ValorHasta4>?</ebil:ValorHasta4>\r
            <!--Optional:-->\r
            <ebil:cfd_activa_nota1>?</ebil:cfd_activa_nota1>\r
            <!--Optional:-->\r
            <ebil:ciudad_envio>?</ebil:ciudad_envio>\r
            <!--Optional:-->\r
            <ebil:code1>?</ebil:code1>\r
            <!--Optional:-->\r
            <ebil:code2>?</ebil:code2>\r
            <!--Optional:-->\r
            <ebil:code3>?</ebil:code3>\r
            <!--Optional:-->\r
            <ebil:curso>?</ebil:curso>\r
            <!--Optional:-->\r
            <ebil:departamento_envio>?</ebil:departamento_envio>\r
            <!--Optional:-->\r
            <ebil:direccion_envio>?</ebil:direccion_envio>\r
            <!--Optional:-->\r
            <ebil:numero_envio>?</ebil:numero_envio>\r
            <!--Optional:-->\r
            <ebil:orden_venta>?</ebil:orden_venta>\r
            <!--Optional:-->\r
            <ebil:pague_hasta1>?</ebil:pague_hasta1>\r
            <!--Optional:-->\r
            <ebil:pague_hasta2>?</ebil:pague_hasta2>\r
            <!--Optional:-->\r
            <ebil:pague_hasta3>?</ebil:pague_hasta3>\r
            <!--Optional:-->\r
            <ebil:referencia>?</ebil:referencia>\r
            <!--Optional:-->\r
            <ebil:referencia1>?</ebil:referencia1>\r
            <!--Optional:-->\r
            <ebil:referencia_envio>?</ebil:referencia_envio>\r
            <!--Optional:-->\r
            <ebil:telefono_envio>?</ebil:telefono_envio>\r
         </tem:FacCab>\r
         <!--Optional:-->\r
         <tem:token>?</tem:token>\r
      </tem:ConsultaDatosDocumentosEmitidos>\r
   </soapenv:Body>\r
</soapenv:Envelope>]]></con:request><con:wsaConfig mustUnderstand="NONE" version="200508" action="http://tempuri.org/IIntegracion/ConsultaDatosDocumentosEmitidos"/></con:call></con:operation><con:operation id="ceb2d7aa-1891-4560-b05b-b5b5996a58a4" isOneWay="false" action="http://tempuri.org/IIntegracion/ConsultaDatosDocumentosRecibidos" name="ConsultaDatosDocumentosRecibidos" bindingOperationName="ConsultaDatosDocumentosRecibidos" type="Request-Response" inputName="" receivesAttachments="false" sendsAttachments="false" anonymous="optional"><con:settings/><con:call id="c95260bb-eb40-49d9-9b91-63800a21895c" name="Request 1"><con:settings/><con:encoding>UTF-8</con:encoding><con:endpoint>https://fymtest.cloudapp.net:444/ServiciosFyM/eBill/Integracion.svc</con:endpoint><con:request><![CDATA[<soapenv:Envelope xmlns:soapenv="http://schemas.xmlsoap.org/soap/envelope/" xmlns:tem="http://tempuri.org/" xmlns:ebil="http://schemas.datacontract.org/2004/07/eBillCore">\r
   <soapenv:Header/>\r
   <soapenv:Body>\r
      <tem:ConsultaDatosDocumentosRecibidos>\r
         <!--Optional:-->\r
         <tem:FacCab>\r
            <!--Optional:-->\r
            <ebil:AnoAprobacionRes>?</ebil:AnoAprobacionRes>\r
            <!--Optional:-->\r
            <ebil:Base_Impuesto>?</ebil:Base_Impuesto>\r
            <!--Optional:-->\r
            <ebil:CFD_EST_estado_tramit>?</ebil:CFD_EST_estado_tramit>\r
            <!--Optional:-->\r
            <ebil:CFD_Flete>?</ebil:CFD_Flete>\r
            <!--Optional:-->\r
            <ebil:CFD_OtrosCargos>?</ebil:CFD_OtrosCargos>\r
            <!--Optional:-->\r
            <ebil:CFD_Por_Margen>?</ebil:CFD_Por_Margen>\r
            <!--Optional:-->\r
            <ebil:CFD_ResponseCode>?</ebil:CFD_ResponseCode>\r
            <!--Optional:-->\r
            <ebil:CFD_base_ICA_total>?</ebil:CFD_base_ICA_total>\r
            <!--Optional:-->\r
            <ebil:CFD_base_impo_total_nal>?</ebil:CFD_base_impo_total_nal>\r
            <!--Optional:-->\r
            <ebil:CFD_base_impo_total_reg>?</ebil:CFD_base_impo_total_reg>\r
            <!--Optional:-->\r
            <ebil:CFD_campo_texto_10>?</ebil:CFD_campo_texto_10>\r
            <!--Optional:-->\r
            <ebil:CFD_campo_texto_11>?</ebil:CFD_campo_texto_11>\r
            <!--Optional:-->\r
            <ebil:CFD_campo_texto_12>?</ebil:CFD_campo_texto_12>\r
            <!--Optional:-->\r
            <ebil:CFD_campo_texto_13>?</ebil:CFD_campo_texto_13>\r
            <!--Optional:-->\r
            <ebil:CFD_campo_texto_14>?</ebil:CFD_campo_texto_14>\r
            <!--Optional:-->\r
            <ebil:CFD_campo_texto_15>?</ebil:CFD_campo_texto_15>\r
            <!--Optional:-->\r
            <ebil:CFD_campo_texto_16>?</ebil:CFD_campo_texto_16>\r
            <!--Optional:-->\r
            <ebil:CFD_campo_texto_17>?</ebil:CFD_campo_texto_17>\r
            <!--Optional:-->\r
            <ebil:CFD_campo_texto_18>?</ebil:CFD_campo_texto_18>\r
            <!--Optional:-->\r
            <ebil:CFD_campo_texto_19>?</ebil:CFD_campo_texto_19>\r
            <!--Optional:-->\r
            <ebil:CFD_campo_texto_20>?</ebil:CFD_campo_texto_20>\r
            <!--Optional:-->\r
            <ebil:CFD_campo_texto_21>?</ebil:CFD_campo_texto_21>\r
            <!--Optional:-->\r
            <ebil:CFD_campo_texto_22>?</ebil:CFD_campo_texto_22>\r
            <!--Optional:-->\r
            <ebil:CFD_campo_texto_23>?</ebil:CFD_campo_texto_23>\r
            <!--Optional:-->\r
            <ebil:CFD_campo_texto_24>?</ebil:CFD_campo_texto_24>\r
            <!--Optional:-->\r
            <ebil:CFD_campo_texto_25>?</ebil:CFD_campo_texto_25>\r
            <!--Optional:-->\r
            <ebil:CFD_campo_texto_26>?</ebil:CFD_campo_texto_26>\r
            <!--Optional:-->\r
            <ebil:CFD_campo_texto_27>?</ebil:CFD_campo_texto_27>\r
            <!--Optional:-->\r
            <ebil:CFD_campo_texto_28>?</ebil:CFD_campo_texto_28>\r
            <!--Optional:-->\r
            <ebil:CFD_campo_texto_29>?</ebil:CFD_campo_texto_29>\r
            <!--Optional:-->\r
            <ebil:CFD_campo_texto_30>?</ebil:CFD_campo_texto_30>\r
            <!--Optional:-->\r
            <ebil:CFD_campo_texto_9>?</ebil:CFD_campo_texto_9>\r
            <!--Optional:-->\r
            <ebil:CFD_cantidad_dec_1>?</ebil:CFD_cantidad_dec_1>\r
            <!--Optional:-->\r
            <ebil:CFD_cantidad_dec_10>?</ebil:CFD_cantidad_dec_10>\r
            <!--Optional:-->\r
            <ebil:CFD_cantidad_dec_11>?</ebil:CFD_cantidad_dec_11>\r
            <!--Optional:-->\r
            <ebil:CFD_cantidad_dec_12>?</ebil:CFD_cantidad_dec_12>\r
            <!--Optional:-->\r
            <ebil:CFD_cantidad_dec_13>?</ebil:CFD_cantidad_dec_13>\r
            <!--Optional:-->\r
            <ebil:CFD_cantidad_dec_14>?</ebil:CFD_cantidad_dec_14>\r
            <!--Optional:-->\r
            <ebil:CFD_cantidad_dec_15>?</ebil:CFD_cantidad_dec_15>\r
            <!--Optional:-->\r
            <ebil:CFD_cantidad_dec_16>?</ebil:CFD_cantidad_dec_16>\r
            <!--Optional:-->\r
            <ebil:CFD_cantidad_dec_17>?</ebil:CFD_cantidad_dec_17>\r
            <!--Optional:-->\r
            <ebil:CFD_cantidad_dec_18>?</ebil:CFD_cantidad_dec_18>\r
            <!--Optional:-->\r
            <ebil:CFD_cantidad_dec_19>?</ebil:CFD_cantidad_dec_19>\r
            <!--Optional:-->\r
            <ebil:CFD_cantidad_dec_20>?</ebil:CFD_cantidad_dec_20>\r
            <!--Optional:-->\r
            <ebil:CFD_cantidad_dec_21>?</ebil:CFD_cantidad_dec_21>\r
            <!--Optional:-->\r
            <ebil:CFD_cantidad_dec_22>?</ebil:CFD_cantidad_dec_22>\r
            <!--Optional:-->\r
            <ebil:CFD_cantidad_dec_23>?</ebil:CFD_cantidad_dec_23>\r
            <!--Optional:-->\r
            <ebil:CFD_cantidad_dec_24>?</ebil:CFD_cantidad_dec_24>\r
            <!--Optional:-->\r
            <ebil:CFD_cantidad_dec_25>?</ebil:CFD_cantidad_dec_25>\r
            <!--Optional:-->\r
            <ebil:CFD_cantidad_dec_4>?</ebil:CFD_cantidad_dec_4>\r
            <!--Optional:-->\r
            <ebil:CFD_cantidad_dec_5>?</ebil:CFD_cantidad_dec_5>\r
            <!--Optional:-->\r
            <ebil:CFD_cantidad_dec_6>?</ebil:CFD_cantidad_dec_6>\r
            <!--Optional:-->\r
            <ebil:CFD_cantidad_dec_7>?</ebil:CFD_cantidad_dec_7>\r
            <!--Optional:-->\r
            <ebil:CFD_cantidad_dec_8>?</ebil:CFD_cantidad_dec_8>\r
            <!--Optional:-->\r
            <ebil:CFD_cantidad_dec_9>?</ebil:CFD_cantidad_dec_9>\r
            <!--Optional:-->\r
            <ebil:CFD_deducible>?</ebil:CFD_deducible>\r
            <!--Optional:-->\r
            <ebil:CFD_desconexion_servicio>?</ebil:CFD_desconexion_servicio>\r
            <!--Optional:-->\r
            <ebil:CFD_fecha_desconexion>?</ebil:CFD_fecha_desconexion>\r
            <!--Optional:-->\r
            <ebil:CFD_fecha_tasadeCambio>?</ebil:CFD_fecha_tasadeCambio>\r
            <!--Optional:-->\r
            <ebil:CFD_numero_enlace_doc_ref>?</ebil:CFD_numero_enlace_doc_ref>\r
            <!--Optional:-->\r
            <ebil:CFD_porc_rte_ICA>?</ebil:CFD_porc_rte_ICA>\r
            <!--Optional:-->\r
            <ebil:CFD_porc_rte_fuent>?</ebil:CFD_porc_rte_fuent>\r
            <!--Optional:-->\r
            <ebil:CFD_tasa_mora>?</ebil:CFD_tasa_mora>\r
            <!--Optional:-->\r
            <ebil:CFD_tdi_id_tipo_doc_interno>?</ebil:CFD_tdi_id_tipo_doc_interno>\r
            <!--Optional:-->\r
            <ebil:CFD_total_ICA>?</ebil:CFD_total_ICA>\r
            <!--Optional:-->\r
            <ebil:CFD_total_aduana_exp>?</ebil:CFD_total_aduana_exp>\r
            <!--Optional:-->\r
            <ebil:CFD_total_cargos>?</ebil:CFD_total_cargos>\r
            <!--Optional:-->\r
            <ebil:CFD_total_descuentos>?</ebil:CFD_total_descuentos>\r
            <!--Optional:-->\r
            <ebil:CFD_total_margen>?</ebil:CFD_total_margen>\r
            <!--Optional:-->\r
            <ebil:CFD_total_seguro_exp>?</ebil:CFD_total_seguro_exp>\r
            <!--Optional:-->\r
            <ebil:CLI_numero_cliente>?</ebil:CLI_numero_cliente>\r
            <!--Optional:-->\r
            <ebil:CREETotal>?</ebil:CREETotal>\r
            <!--Optional:-->\r
            <ebil:CampoTexto1>?</ebil:CampoTexto1>\r
            <!--Optional:-->\r
            <ebil:CampoTexto2>?</ebil:CampoTexto2>\r
            <!--Optional:-->\r
            <ebil:CampoTexto3>?</ebil:CampoTexto3>\r
            <!--Optional:-->\r
            <ebil:CampoTexto4>?</ebil:CampoTexto4>\r
            <!--Optional:-->\r
            <ebil:CampoTexto5>?</ebil:CampoTexto5>\r
            <!--Optional:-->\r
            <ebil:CampoTexto6>?</ebil:CampoTexto6>\r
            <!--Optional:-->\r
            <ebil:CampoTexto7>?</ebil:CampoTexto7>\r
            <!--Optional:-->\r
            <ebil:CampoTexto8>?</ebil:CampoTexto8>\r
            <!--Optional:-->\r
            <ebil:Cantidad1>?</ebil:Cantidad1>\r
            <!--Optional:-->\r
            <ebil:Cantidad2>?</ebil:Cantidad2>\r
            <!--Optional:-->\r
            <ebil:Cantidad3>?</ebil:Cantidad3>\r
            <!--Optional:-->\r
            <ebil:CantidadDec1>?</ebil:CantidadDec1>\r
            <!--Optional:-->\r
            <ebil:CantidadDec2>?</ebil:CantidadDec2>\r
            <!--Optional:-->\r
            <ebil:CantidadDec3>?</ebil:CantidadDec3>\r
            <!--Optional:-->\r
            <ebil:CiudadDANE>?</ebil:CiudadDANE>\r
            <!--Optional:-->\r
            <ebil:CodVendedor>?</ebil:CodVendedor>\r
            <!--Optional:-->\r
            <ebil:CodigoPostalCliente>?</ebil:CodigoPostalCliente>\r
            <!--Optional:-->\r
            <ebil:CodigoPostalEnvio>?</ebil:CodigoPostalEnvio>\r
            <!--Optional:-->\r
            <ebil:ComprobanteCon>?</ebil:ComprobanteCon>\r
            <!--Optional:-->\r
            <ebil:Condiciones_Pago>?</ebil:Condiciones_Pago>\r
            <!--Optional:-->\r
            <ebil:ContactoCargo>?</ebil:ContactoCargo>\r
            <!--Optional:-->\r
            <ebil:ContactoCorreo>?</ebil:ContactoCorreo>\r
            <!--Optional:-->\r
            <ebil:ContactoNombre>?</ebil:ContactoNombre>\r
            <!--Optional:-->\r
            <ebil:CorreoCliente>?</ebil:CorreoCliente>\r
            <!--Optional:-->\r
            <ebil:DepartamentoDANE>?</ebil:DepartamentoDANE>\r
            <!--Optional:-->\r
            <ebil:DescripcionPlan>?</ebil:DescripcionPlan>\r
            <!--Optional:-->\r
            <ebil:Descuento>?</ebil:Descuento>\r
            <!--Optional:-->\r
            <ebil:DigitoVerificaCliente>?</ebil:DigitoVerificaCliente>\r
            <!--Optional:-->\r
            <ebil:DireccionCliente>?</ebil:DireccionCliente>\r
            <!--Optional:-->\r
            <ebil:EstiloFactura>?</ebil:EstiloFactura>\r
            <!--Optional:-->\r
            <ebil:FechaExpedicion>?</ebil:FechaExpedicion>\r
            <!--Optional:-->\r
            <ebil:FechaFinalPeriodoFacturado>?</ebil:FechaFinalPeriodoFacturado>\r
            <!--Optional:-->\r
            <ebil:FechaInicialPeriodoFacturado>?</ebil:FechaInicialPeriodoFacturado>\r
            <!--Optional:-->\r
            <ebil:FechaVencimiento>?</ebil:FechaVencimiento>\r
            <!--Optional:-->\r
            <ebil:FormaPago>?</ebil:FormaPago>\r
            <!--Optional:-->\r
            <ebil:IDInterno>?</ebil:IDInterno>\r
            <!--Optional:-->\r
            <ebil:IDUbicacionCliente>?</ebil:IDUbicacionCliente>\r
            <!--Optional:-->\r
            <ebil:IDUbicacionEnvio>?</ebil:IDUbicacionEnvio>\r
            <!--Optional:-->\r
            <ebil:IdPlan>?</ebil:IdPlan>\r
            <!--Optional:-->\r
            <ebil:IdSucursal>?</ebil:IdSucursal>\r
            <!--Optional:-->\r
            <ebil:Incoterm>?</ebil:Incoterm>\r
            <!--Optional:-->\r
            <ebil:InfoAdicional>?</ebil:InfoAdicional>\r
            <!--Optional:-->\r
            <ebil:LugarTerminosEntrega>?</ebil:LugarTerminosEntrega>\r
            <!--Optional:-->\r
            <ebil:MesCausado>?</ebil:MesCausado>\r
            <!--Optional:-->\r
            <ebil:MonedaISO>?</ebil:MonedaISO>\r
            <!--Optional:-->\r
            <ebil:NitCliente>?</ebil:NitCliente>\r
            <!--Optional:-->\r
            <ebil:NitEmpresa>?</ebil:NitEmpresa>\r
            <!--Optional:-->\r
            <ebil:NombreCliente>?</ebil:NombreCliente>\r
            <!--Optional:-->\r
            <ebil:NombrePlan>?</ebil:NombrePlan>\r
            <!--Optional:-->\r
            <ebil:NombreVendedor>?</ebil:NombreVendedor>\r
            <!--Optional:-->\r
            <ebil:NumAprobacionRes>?</ebil:NumAprobacionRes>\r
            <!--Optional:-->\r
            <ebil:NumFactura>?</ebil:NumFactura>\r
            <!--Optional:-->\r
            <ebil:OrderID>?</ebil:OrderID>\r
            <!--Optional:-->\r
            <ebil:PAI_ISO_3166>?</ebil:PAI_ISO_3166>\r
            <!--Optional:-->\r
            <ebil:PagoAnterior>?</ebil:PagoAnterior>\r
            <!--Optional:-->\r
            <ebil:Prefijo>?</ebil:Prefijo>\r
            <!--Optional:-->\r
            <ebil:ReferenciaCliente>?</ebil:ReferenciaCliente>\r
            <!--Optional:-->\r
            <ebil:RetencionCREETotal>?</ebil:RetencionCREETotal>\r
            <!--Optional:-->\r
            <ebil:SMSXDoc>?</ebil:SMSXDoc>\r
            <!--Optional:-->\r
            <ebil:SaldoAnterior>?</ebil:SaldoAnterior>\r
            <!--Optional:-->\r
            <ebil:SubTotal>?</ebil:SubTotal>\r
            <!--Optional:-->\r
            <ebil:SubTotalSegunMon>?</ebil:SubTotalSegunMon>\r
            <!--Optional:-->\r
            <ebil:Sucursal>?</ebil:Sucursal>\r
            <!--Optional:-->\r
            <ebil:TIP_id_tipo_persona>?</ebil:TIP_id_tipo_persona>\r
            <!--Optional:-->\r
            <ebil:TasaCambio>?</ebil:TasaCambio>\r
            <!--Optional:-->\r
            <ebil:TelefonoCliente>?</ebil:TelefonoCliente>\r
            <!--Optional:-->\r
            <ebil:Texto3>?</ebil:Texto3>\r
            <!--Optional:-->\r
            <ebil:TieneAcuerdo>?</ebil:TieneAcuerdo>\r
            <!--Optional:-->\r
            <ebil:TipoComprobante>?</ebil:TipoComprobante>\r
            <!--Optional:-->\r
            <ebil:TipoContribuyente>?</ebil:TipoContribuyente>\r
            <!--Optional:-->\r
            <ebil:TipoIDCliente>?</ebil:TipoIDCliente>\r
            <!--Optional:-->\r
            <ebil:Total>?</ebil:Total>\r
            <!--Optional:-->\r
            <ebil:TotalIVA>?</ebil:TotalIVA>\r
            <!--Optional:-->\r
            <ebil:TotalIVASegunMon>?</ebil:TotalIVASegunMon>\r
            <!--Optional:-->\r
            <ebil:TotalRetICA>?</ebil:TotalRetICA>\r
            <!--Optional:-->\r
            <ebil:TotalRetIVA>?</ebil:TotalRetIVA>\r
            <!--Optional:-->\r
            <ebil:TotalRetencion>?</ebil:TotalRetencion>\r
            <!--Optional:-->\r
            <ebil:TotalSegunMon>?</ebil:TotalSegunMon>\r
            <!--Optional:-->\r
            <ebil:TotalTraslado>?</ebil:TotalTraslado>\r
            <!--Optional:-->\r
            <ebil:Total_a_Pagar>?</ebil:Total_a_Pagar>\r
            <!--Optional:-->\r
            <ebil:ValorHasta1>?</ebil:ValorHasta1>\r
            <!--Optional:-->\r
            <ebil:ValorHasta2>?</ebil:ValorHasta2>\r
            <!--Optional:-->\r
            <ebil:ValorHasta3>?</ebil:ValorHasta3>\r
            <!--Optional:-->\r
            <ebil:ValorHasta4>?</ebil:ValorHasta4>\r
            <!--Optional:-->\r
            <ebil:cfd_activa_nota1>?</ebil:cfd_activa_nota1>\r
            <!--Optional:-->\r
            <ebil:ciudad_envio>?</ebil:ciudad_envio>\r
            <!--Optional:-->\r
            <ebil:code1>?</ebil:code1>\r
            <!--Optional:-->\r
            <ebil:code2>?</ebil:code2>\r
            <!--Optional:-->\r
            <ebil:code3>?</ebil:code3>\r
            <!--Optional:-->\r
            <ebil:curso>?</ebil:curso>\r
            <!--Optional:-->\r
            <ebil:departamento_envio>?</ebil:departamento_envio>\r
            <!--Optional:-->\r
            <ebil:direccion_envio>?</ebil:direccion_envio>\r
            <!--Optional:-->\r
            <ebil:numero_envio>?</ebil:numero_envio>\r
            <!--Optional:-->\r
            <ebil:orden_venta>?</ebil:orden_venta>\r
            <!--Optional:-->\r
            <ebil:pague_hasta1>?</ebil:pague_hasta1>\r
            <!--Optional:-->\r
            <ebil:pague_hasta2>?</ebil:pague_hasta2>\r
            <!--Optional:-->\r
            <ebil:pague_hasta3>?</ebil:pague_hasta3>\r
            <!--Optional:-->\r
            <ebil:referencia>?</ebil:referencia>\r
            <!--Optional:-->\r
            <ebil:referencia1>?</ebil:referencia1>\r
            <!--Optional:-->\r
            <ebil:referencia_envio>?</ebil:referencia_envio>\r
            <!--Optional:-->\r
            <ebil:telefono_envio>?</ebil:telefono_envio>\r
         </tem:FacCab>\r
         <!--Optional:-->\r
         <tem:token>?</tem:token>\r
      </tem:ConsultaDatosDocumentosRecibidos>\r
   </soapenv:Body>\r
</soapenv:Envelope>]]></con:request><con:wsaConfig mustUnderstand="NONE" version="200508" action="http://tempuri.org/IIntegracion/ConsultaDatosDocumentosRecibidos"/></con:call></con:operation><con:operation id="eb53f40f-3c5b-46e7-8ef8-1eaa3c015471" isOneWay="false" action="http://tempuri.org/IIntegracion/ConsultaDatosDocumentosRecibidos_TerceroPagador" name="ConsultaDatosDocumentosRecibidos_TerceroPagador" bindingOperationName="ConsultaDatosDocumentosRecibidos_TerceroPagador" type="Request-Response" inputName="" receivesAttachments="false" sendsAttachments="false" anonymous="optional"><con:settings/><con:call id="d49ba670-65ff-4c32-bd5a-8455d8cb698d" name="Request 1"><con:settings/><con:encoding>UTF-8</con:encoding><con:endpoint>https://fymtest.cloudapp.net:444/ServiciosFyM/eBill/Integracion.svc</con:endpoint><con:request><![CDATA[<soapenv:Envelope xmlns:soapenv="http://schemas.xmlsoap.org/soap/envelope/" xmlns:tem="http://tempuri.org/" xmlns:ebil="http://schemas.datacontract.org/2004/07/eBillCore">\r
   <soapenv:Header/>\r
   <soapenv:Body>\r
      <tem:ConsultaDatosDocumentosRecibidos_TerceroPagador>\r
         <!--Optional:-->\r
         <tem:FacCab>\r
            <!--Optional:-->\r
            <ebil:AnoAprobacionRes>?</ebil:AnoAprobacionRes>\r
            <!--Optional:-->\r
            <ebil:Base_Impuesto>?</ebil:Base_Impuesto>\r
            <!--Optional:-->\r
            <ebil:CFD_EST_estado_tramit>?</ebil:CFD_EST_estado_tramit>\r
            <!--Optional:-->\r
            <ebil:CFD_Flete>?</ebil:CFD_Flete>\r
            <!--Optional:-->\r
            <ebil:CFD_OtrosCargos>?</ebil:CFD_OtrosCargos>\r
            <!--Optional:-->\r
            <ebil:CFD_Por_Margen>?</ebil:CFD_Por_Margen>\r
            <!--Optional:-->\r
            <ebil:CFD_ResponseCode>?</ebil:CFD_ResponseCode>\r
            <!--Optional:-->\r
            <ebil:CFD_base_ICA_total>?</ebil:CFD_base_ICA_total>\r
            <!--Optional:-->\r
            <ebil:CFD_base_impo_total_nal>?</ebil:CFD_base_impo_total_nal>\r
            <!--Optional:-->\r
            <ebil:CFD_base_impo_total_reg>?</ebil:CFD_base_impo_total_reg>\r
            <!--Optional:-->\r
            <ebil:CFD_campo_texto_10>?</ebil:CFD_campo_texto_10>\r
            <!--Optional:-->\r
            <ebil:CFD_campo_texto_11>?</ebil:CFD_campo_texto_11>\r
            <!--Optional:-->\r
            <ebil:CFD_campo_texto_12>?</ebil:CFD_campo_texto_12>\r
            <!--Optional:-->\r
            <ebil:CFD_campo_texto_13>?</ebil:CFD_campo_texto_13>\r
            <!--Optional:-->\r
            <ebil:CFD_campo_texto_14>?</ebil:CFD_campo_texto_14>\r
            <!--Optional:-->\r
            <ebil:CFD_campo_texto_15>?</ebil:CFD_campo_texto_15>\r
            <!--Optional:-->\r
            <ebil:CFD_campo_texto_16>?</ebil:CFD_campo_texto_16>\r
            <!--Optional:-->\r
            <ebil:CFD_campo_texto_17>?</ebil:CFD_campo_texto_17>\r
            <!--Optional:-->\r
            <ebil:CFD_campo_texto_18>?</ebil:CFD_campo_texto_18>\r
            <!--Optional:-->\r
            <ebil:CFD_campo_texto_19>?</ebil:CFD_campo_texto_19>\r
            <!--Optional:-->\r
            <ebil:CFD_campo_texto_20>?</ebil:CFD_campo_texto_20>\r
            <!--Optional:-->\r
            <ebil:CFD_campo_texto_21>?</ebil:CFD_campo_texto_21>\r
            <!--Optional:-->\r
            <ebil:CFD_campo_texto_22>?</ebil:CFD_campo_texto_22>\r
            <!--Optional:-->\r
            <ebil:CFD_campo_texto_23>?</ebil:CFD_campo_texto_23>\r
            <!--Optional:-->\r
            <ebil:CFD_campo_texto_24>?</ebil:CFD_campo_texto_24>\r
            <!--Optional:-->\r
            <ebil:CFD_campo_texto_25>?</ebil:CFD_campo_texto_25>\r
            <!--Optional:-->\r
            <ebil:CFD_campo_texto_26>?</ebil:CFD_campo_texto_26>\r
            <!--Optional:-->\r
            <ebil:CFD_campo_texto_27>?</ebil:CFD_campo_texto_27>\r
            <!--Optional:-->\r
            <ebil:CFD_campo_texto_28>?</ebil:CFD_campo_texto_28>\r
            <!--Optional:-->\r
            <ebil:CFD_campo_texto_29>?</ebil:CFD_campo_texto_29>\r
            <!--Optional:-->\r
            <ebil:CFD_campo_texto_30>?</ebil:CFD_campo_texto_30>\r
            <!--Optional:-->\r
            <ebil:CFD_campo_texto_9>?</ebil:CFD_campo_texto_9>\r
            <!--Optional:-->\r
            <ebil:CFD_cantidad_dec_1>?</ebil:CFD_cantidad_dec_1>\r
            <!--Optional:-->\r
            <ebil:CFD_cantidad_dec_10>?</ebil:CFD_cantidad_dec_10>\r
            <!--Optional:-->\r
            <ebil:CFD_cantidad_dec_11>?</ebil:CFD_cantidad_dec_11>\r
            <!--Optional:-->\r
            <ebil:CFD_cantidad_dec_12>?</ebil:CFD_cantidad_dec_12>\r
            <!--Optional:-->\r
            <ebil:CFD_cantidad_dec_13>?</ebil:CFD_cantidad_dec_13>\r
            <!--Optional:-->\r
            <ebil:CFD_cantidad_dec_14>?</ebil:CFD_cantidad_dec_14>\r
            <!--Optional:-->\r
            <ebil:CFD_cantidad_dec_15>?</ebil:CFD_cantidad_dec_15>\r
            <!--Optional:-->\r
            <ebil:CFD_cantidad_dec_16>?</ebil:CFD_cantidad_dec_16>\r
            <!--Optional:-->\r
            <ebil:CFD_cantidad_dec_17>?</ebil:CFD_cantidad_dec_17>\r
            <!--Optional:-->\r
            <ebil:CFD_cantidad_dec_18>?</ebil:CFD_cantidad_dec_18>\r
            <!--Optional:-->\r
            <ebil:CFD_cantidad_dec_19>?</ebil:CFD_cantidad_dec_19>\r
            <!--Optional:-->\r
            <ebil:CFD_cantidad_dec_20>?</ebil:CFD_cantidad_dec_20>\r
            <!--Optional:-->\r
            <ebil:CFD_cantidad_dec_21>?</ebil:CFD_cantidad_dec_21>\r
            <!--Optional:-->\r
            <ebil:CFD_cantidad_dec_22>?</ebil:CFD_cantidad_dec_22>\r
            <!--Optional:-->\r
            <ebil:CFD_cantidad_dec_23>?</ebil:CFD_cantidad_dec_23>\r
            <!--Optional:-->\r
            <ebil:CFD_cantidad_dec_24>?</ebil:CFD_cantidad_dec_24>\r
            <!--Optional:-->\r
            <ebil:CFD_cantidad_dec_25>?</ebil:CFD_cantidad_dec_25>\r
            <!--Optional:-->\r
            <ebil:CFD_cantidad_dec_4>?</ebil:CFD_cantidad_dec_4>\r
            <!--Optional:-->\r
            <ebil:CFD_cantidad_dec_5>?</ebil:CFD_cantidad_dec_5>\r
            <!--Optional:-->\r
            <ebil:CFD_cantidad_dec_6>?</ebil:CFD_cantidad_dec_6>\r
            <!--Optional:-->\r
            <ebil:CFD_cantidad_dec_7>?</ebil:CFD_cantidad_dec_7>\r
            <!--Optional:-->\r
            <ebil:CFD_cantidad_dec_8>?</ebil:CFD_cantidad_dec_8>\r
            <!--Optional:-->\r
            <ebil:CFD_cantidad_dec_9>?</ebil:CFD_cantidad_dec_9>\r
            <!--Optional:-->\r
            <ebil:CFD_deducible>?</ebil:CFD_deducible>\r
            <!--Optional:-->\r
            <ebil:CFD_desconexion_servicio>?</ebil:CFD_desconexion_servicio>\r
            <!--Optional:-->\r
            <ebil:CFD_fecha_desconexion>?</ebil:CFD_fecha_desconexion>\r
            <!--Optional:-->\r
            <ebil:CFD_fecha_tasadeCambio>?</ebil:CFD_fecha_tasadeCambio>\r
            <!--Optional:-->\r
            <ebil:CFD_numero_enlace_doc_ref>?</ebil:CFD_numero_enlace_doc_ref>\r
            <!--Optional:-->\r
            <ebil:CFD_porc_rte_ICA>?</ebil:CFD_porc_rte_ICA>\r
            <!--Optional:-->\r
            <ebil:CFD_porc_rte_fuent>?</ebil:CFD_porc_rte_fuent>\r
            <!--Optional:-->\r
            <ebil:CFD_tasa_mora>?</ebil:CFD_tasa_mora>\r
            <!--Optional:-->\r
            <ebil:CFD_tdi_id_tipo_doc_interno>?</ebil:CFD_tdi_id_tipo_doc_interno>\r
            <!--Optional:-->\r
            <ebil:CFD_total_ICA>?</ebil:CFD_total_ICA>\r
            <!--Optional:-->\r
            <ebil:CFD_total_aduana_exp>?</ebil:CFD_total_aduana_exp>\r
            <!--Optional:-->\r
            <ebil:CFD_total_cargos>?</ebil:CFD_total_cargos>\r
            <!--Optional:-->\r
            <ebil:CFD_total_descuentos>?</ebil:CFD_total_descuentos>\r
            <!--Optional:-->\r
            <ebil:CFD_total_margen>?</ebil:CFD_total_margen>\r
            <!--Optional:-->\r
            <ebil:CFD_total_seguro_exp>?</ebil:CFD_total_seguro_exp>\r
            <!--Optional:-->\r
            <ebil:CLI_numero_cliente>?</ebil:CLI_numero_cliente>\r
            <!--Optional:-->\r
            <ebil:CREETotal>?</ebil:CREETotal>\r
            <!--Optional:-->\r
            <ebil:CampoTexto1>?</ebil:CampoTexto1>\r
            <!--Optional:-->\r
            <ebil:CampoTexto2>?</ebil:CampoTexto2>\r
            <!--Optional:-->\r
            <ebil:CampoTexto3>?</ebil:CampoTexto3>\r
            <!--Optional:-->\r
            <ebil:CampoTexto4>?</ebil:CampoTexto4>\r
            <!--Optional:-->\r
            <ebil:CampoTexto5>?</ebil:CampoTexto5>\r
            <!--Optional:-->\r
            <ebil:CampoTexto6>?</ebil:CampoTexto6>\r
            <!--Optional:-->\r
            <ebil:CampoTexto7>?</ebil:CampoTexto7>\r
            <!--Optional:-->\r
            <ebil:CampoTexto8>?</ebil:CampoTexto8>\r
            <!--Optional:-->\r
            <ebil:Cantidad1>?</ebil:Cantidad1>\r
            <!--Optional:-->\r
            <ebil:Cantidad2>?</ebil:Cantidad2>\r
            <!--Optional:-->\r
            <ebil:Cantidad3>?</ebil:Cantidad3>\r
            <!--Optional:-->\r
            <ebil:CantidadDec1>?</ebil:CantidadDec1>\r
            <!--Optional:-->\r
            <ebil:CantidadDec2>?</ebil:CantidadDec2>\r
            <!--Optional:-->\r
            <ebil:CantidadDec3>?</ebil:CantidadDec3>\r
            <!--Optional:-->\r
            <ebil:CiudadDANE>?</ebil:CiudadDANE>\r
            <!--Optional:-->\r
            <ebil:CodVendedor>?</ebil:CodVendedor>\r
            <!--Optional:-->\r
            <ebil:CodigoPostalCliente>?</ebil:CodigoPostalCliente>\r
            <!--Optional:-->\r
            <ebil:CodigoPostalEnvio>?</ebil:CodigoPostalEnvio>\r
            <!--Optional:-->\r
            <ebil:ComprobanteCon>?</ebil:ComprobanteCon>\r
            <!--Optional:-->\r
            <ebil:Condiciones_Pago>?</ebil:Condiciones_Pago>\r
            <!--Optional:-->\r
            <ebil:ContactoCargo>?</ebil:ContactoCargo>\r
            <!--Optional:-->\r
            <ebil:ContactoCorreo>?</ebil:ContactoCorreo>\r
            <!--Optional:-->\r
            <ebil:ContactoNombre>?</ebil:ContactoNombre>\r
            <!--Optional:-->\r
            <ebil:CorreoCliente>?</ebil:CorreoCliente>\r
            <!--Optional:-->\r
            <ebil:DepartamentoDANE>?</ebil:DepartamentoDANE>\r
            <!--Optional:-->\r
            <ebil:DescripcionPlan>?</ebil:DescripcionPlan>\r
            <!--Optional:-->\r
            <ebil:Descuento>?</ebil:Descuento>\r
            <!--Optional:-->\r
            <ebil:DigitoVerificaCliente>?</ebil:DigitoVerificaCliente>\r
            <!--Optional:-->\r
            <ebil:DireccionCliente>?</ebil:DireccionCliente>\r
            <!--Optional:-->\r
            <ebil:EstiloFactura>?</ebil:EstiloFactura>\r
            <!--Optional:-->\r
            <ebil:FechaExpedicion>?</ebil:FechaExpedicion>\r
            <!--Optional:-->\r
            <ebil:FechaFinalPeriodoFacturado>?</ebil:FechaFinalPeriodoFacturado>\r
            <!--Optional:-->\r
            <ebil:FechaInicialPeriodoFacturado>?</ebil:FechaInicialPeriodoFacturado>\r
            <!--Optional:-->\r
            <ebil:FechaVencimiento>?</ebil:FechaVencimiento>\r
            <!--Optional:-->\r
            <ebil:FormaPago>?</ebil:FormaPago>\r
            <!--Optional:-->\r
            <ebil:IDInterno>?</ebil:IDInterno>\r
            <!--Optional:-->\r
            <ebil:IDUbicacionCliente>?</ebil:IDUbicacionCliente>\r
            <!--Optional:-->\r
            <ebil:IDUbicacionEnvio>?</ebil:IDUbicacionEnvio>\r
            <!--Optional:-->\r
            <ebil:IdPlan>?</ebil:IdPlan>\r
            <!--Optional:-->\r
            <ebil:IdSucursal>?</ebil:IdSucursal>\r
            <!--Optional:-->\r
            <ebil:Incoterm>?</ebil:Incoterm>\r
            <!--Optional:-->\r
            <ebil:InfoAdicional>?</ebil:InfoAdicional>\r
            <!--Optional:-->\r
            <ebil:LugarTerminosEntrega>?</ebil:LugarTerminosEntrega>\r
            <!--Optional:-->\r
            <ebil:MesCausado>?</ebil:MesCausado>\r
            <!--Optional:-->\r
            <ebil:MonedaISO>?</ebil:MonedaISO>\r
            <!--Optional:-->\r
            <ebil:NitCliente>?</ebil:NitCliente>\r
            <!--Optional:-->\r
            <ebil:NitEmpresa>?</ebil:NitEmpresa>\r
            <!--Optional:-->\r
            <ebil:NombreCliente>?</ebil:NombreCliente>\r
            <!--Optional:-->\r
            <ebil:NombrePlan>?</ebil:NombrePlan>\r
            <!--Optional:-->\r
            <ebil:NombreVendedor>?</ebil:NombreVendedor>\r
            <!--Optional:-->\r
            <ebil:NumAprobacionRes>?</ebil:NumAprobacionRes>\r
            <!--Optional:-->\r
            <ebil:NumFactura>?</ebil:NumFactura>\r
            <!--Optional:-->\r
            <ebil:OrderID>?</ebil:OrderID>\r
            <!--Optional:-->\r
            <ebil:PAI_ISO_3166>?</ebil:PAI_ISO_3166>\r
            <!--Optional:-->\r
            <ebil:PagoAnterior>?</ebil:PagoAnterior>\r
            <!--Optional:-->\r
            <ebil:Prefijo>?</ebil:Prefijo>\r
            <!--Optional:-->\r
            <ebil:ReferenciaCliente>?</ebil:ReferenciaCliente>\r
            <!--Optional:-->\r
            <ebil:RetencionCREETotal>?</ebil:RetencionCREETotal>\r
            <!--Optional:-->\r
            <ebil:SMSXDoc>?</ebil:SMSXDoc>\r
            <!--Optional:-->\r
            <ebil:SaldoAnterior>?</ebil:SaldoAnterior>\r
            <!--Optional:-->\r
            <ebil:SubTotal>?</ebil:SubTotal>\r
            <!--Optional:-->\r
            <ebil:SubTotalSegunMon>?</ebil:SubTotalSegunMon>\r
            <!--Optional:-->\r
            <ebil:Sucursal>?</ebil:Sucursal>\r
            <!--Optional:-->\r
            <ebil:TIP_id_tipo_persona>?</ebil:TIP_id_tipo_persona>\r
            <!--Optional:-->\r
            <ebil:TasaCambio>?</ebil:TasaCambio>\r
            <!--Optional:-->\r
            <ebil:TelefonoCliente>?</ebil:TelefonoCliente>\r
            <!--Optional:-->\r
            <ebil:Texto3>?</ebil:Texto3>\r
            <!--Optional:-->\r
            <ebil:TieneAcuerdo>?</ebil:TieneAcuerdo>\r
            <!--Optional:-->\r
            <ebil:TipoComprobante>?</ebil:TipoComprobante>\r
            <!--Optional:-->\r
            <ebil:TipoContribuyente>?</ebil:TipoContribuyente>\r
            <!--Optional:-->\r
            <ebil:TipoIDCliente>?</ebil:TipoIDCliente>\r
            <!--Optional:-->\r
            <ebil:Total>?</ebil:Total>\r
            <!--Optional:-->\r
            <ebil:TotalIVA>?</ebil:TotalIVA>\r
            <!--Optional:-->\r
            <ebil:TotalIVASegunMon>?</ebil:TotalIVASegunMon>\r
            <!--Optional:-->\r
            <ebil:TotalRetICA>?</ebil:TotalRetICA>\r
            <!--Optional:-->\r
            <ebil:TotalRetIVA>?</ebil:TotalRetIVA>\r
            <!--Optional:-->\r
            <ebil:TotalRetencion>?</ebil:TotalRetencion>\r
            <!--Optional:-->\r
            <ebil:TotalSegunMon>?</ebil:TotalSegunMon>\r
            <!--Optional:-->\r
            <ebil:TotalTraslado>?</ebil:TotalTraslado>\r
            <!--Optional:-->\r
            <ebil:Total_a_Pagar>?</ebil:Total_a_Pagar>\r
            <!--Optional:-->\r
            <ebil:ValorHasta1>?</ebil:ValorHasta1>\r
            <!--Optional:-->\r
            <ebil:ValorHasta2>?</ebil:ValorHasta2>\r
            <!--Optional:-->\r
            <ebil:ValorHasta3>?</ebil:ValorHasta3>\r
            <!--Optional:-->\r
            <ebil:ValorHasta4>?</ebil:ValorHasta4>\r
            <!--Optional:-->\r
            <ebil:cfd_activa_nota1>?</ebil:cfd_activa_nota1>\r
            <!--Optional:-->\r
            <ebil:ciudad_envio>?</ebil:ciudad_envio>\r
            <!--Optional:-->\r
            <ebil:code1>?</ebil:code1>\r
            <!--Optional:-->\r
            <ebil:code2>?</ebil:code2>\r
            <!--Optional:-->\r
            <ebil:code3>?</ebil:code3>\r
            <!--Optional:-->\r
            <ebil:curso>?</ebil:curso>\r
            <!--Optional:-->\r
            <ebil:departamento_envio>?</ebil:departamento_envio>\r
            <!--Optional:-->\r
            <ebil:direccion_envio>?</ebil:direccion_envio>\r
            <!--Optional:-->\r
            <ebil:numero_envio>?</ebil:numero_envio>\r
            <!--Optional:-->\r
            <ebil:orden_venta>?</ebil:orden_venta>\r
            <!--Optional:-->\r
            <ebil:pague_hasta1>?</ebil:pague_hasta1>\r
            <!--Optional:-->\r
            <ebil:pague_hasta2>?</ebil:pague_hasta2>\r
            <!--Optional:-->\r
            <ebil:pague_hasta3>?</ebil:pague_hasta3>\r
            <!--Optional:-->\r
            <ebil:referencia>?</ebil:referencia>\r
            <!--Optional:-->\r
            <ebil:referencia1>?</ebil:referencia1>\r
            <!--Optional:-->\r
            <ebil:referencia_envio>?</ebil:referencia_envio>\r
            <!--Optional:-->\r
            <ebil:telefono_envio>?</ebil:telefono_envio>\r
         </tem:FacCab>\r
         <!--Optional:-->\r
         <tem:token>?</tem:token>\r
      </tem:ConsultaDatosDocumentosRecibidos_TerceroPagador>\r
   </soapenv:Body>\r
</soapenv:Envelope>]]></con:request><con:wsaConfig mustUnderstand="NONE" version="200508" action="http://tempuri.org/IIntegracion/ConsultaDatosDocumentosRecibidos_TerceroPagador"/></con:call></con:operation><con:operation id="87313d3e-6590-4177-acee-f6f1a87d67d9" isOneWay="false" action="http://tempuri.org/IIntegracion/ConsultaHistoricoEstadosDocumentoRecibidoIO" name="ConsultaHistoricoEstadosDocumentoRecibidoIO" bindingOperationName="ConsultaHistoricoEstadosDocumentoRecibidoIO" type="Request-Response" inputName="" receivesAttachments="false" sendsAttachments="false" anonymous="optional"><con:settings/><con:call id="83ba87b4-12c9-45ec-9888-ecc33c7d8075" name="Request 1"><con:settings/><con:encoding>UTF-8</con:encoding><con:endpoint>https://fymtest.cloudapp.net:444/ServiciosFyM/eBill/Integracion.svc</con:endpoint><con:request><![CDATA[<soapenv:Envelope xmlns:soapenv="http://schemas.xmlsoap.org/soap/envelope/" xmlns:tem="http://tempuri.org/">\r
   <soapenv:Header/>\r
   <soapenv:Body>\r
      <tem:ConsultaHistoricoEstadosDocumentoRecibidoIO>\r
         <!--Optional:-->\r
         <tem:TrackIdDocument>?</tem:TrackIdDocument>\r
         <!--Optional:-->\r
         <tem:Token>?</tem:Token>\r
      </tem:ConsultaHistoricoEstadosDocumentoRecibidoIO>\r
   </soapenv:Body>\r
</soapenv:Envelope>]]></con:request><con:wsaConfig mustUnderstand="NONE" version="200508" action="http://tempuri.org/IIntegracion/ConsultaHistoricoEstadosDocumentoRecibidoIO"/></con:call></con:operation><con:operation id="34d16424-3026-443b-815f-625e31e1f0c7" isOneWay="false" action="http://tempuri.org/IIntegracion/ConsultaIdentificadorFacturaXOrderID" name="ConsultaIdentificadorFacturaXOrderID" bindingOperationName="ConsultaIdentificadorFacturaXOrderID" type="Request-Response" inputName="" receivesAttachments="false" sendsAttachments="false" anonymous="optional"><con:settings/><con:call id="f9367439-fdb2-47fe-8640-7187abcb9d32" name="Request 1"><con:settings/><con:encoding>UTF-8</con:encoding><con:endpoint>https://fymtest.cloudapp.net:444/ServiciosFyM/eBill/Integracion.svc</con:endpoint><con:request><![CDATA[<soapenv:Envelope xmlns:soapenv="http://schemas.xmlsoap.org/soap/envelope/" xmlns:tem="http://tempuri.org/">\r
   <soapenv:Header/>\r
   <soapenv:Body>\r
      <tem:ConsultaIdentificadorFacturaXOrderID>\r
         <!--Optional:-->\r
         <tem:OrderId>?</tem:OrderId>\r
         <!--Optional:-->\r
         <tem:NitEmp>?</tem:NitEmp>\r
         <!--Optional:-->\r
         <tem:Token>?</tem:Token>\r
      </tem:ConsultaIdentificadorFacturaXOrderID>\r
   </soapenv:Body>\r
</soapenv:Envelope>]]></con:request><con:wsaConfig mustUnderstand="NONE" version="200508" action="http://tempuri.org/IIntegracion/ConsultaIdentificadorFacturaXOrderID"/></con:call></con:operation><con:operation id="b864c332-fa83-429a-9e50-295aaa85d681" isOneWay="false" action="http://tempuri.org/IIntegracion/ConsultarAppResponseDocumentoRecibido" name="ConsultarAppResponseDocumentoRecibido" bindingOperationName="ConsultarAppResponseDocumentoRecibido" type="Request-Response" inputName="" receivesAttachments="false" sendsAttachments="false" anonymous="optional"><con:settings/><con:call id="a342adb1-d8c3-4b29-87c5-4fe6c0a38cd3" name="Request 1"><con:settings/><con:encoding>UTF-8</con:encoding><con:endpoint>https://fymtest.cloudapp.net:444/ServiciosFyM/eBill/Integracion.svc</con:endpoint><con:request><![CDATA[<soapenv:Envelope xmlns:soapenv="http://schemas.xmlsoap.org/soap/envelope/" xmlns:tem="http://tempuri.org/">\r
   <soapenv:Header/>\r
   <soapenv:Body>\r
      <tem:ConsultarAppResponseDocumentoRecibido>\r
         <!--Optional:-->\r
         <tem:TrackIdDocument>?</tem:TrackIdDocument>\r
         <!--Optional:-->\r
         <tem:Token>?</tem:Token>\r
         <!--Optional:-->\r
         <tem:IdEstado>?</tem:IdEstado>\r
      </tem:ConsultarAppResponseDocumentoRecibido>\r
   </soapenv:Body>\r
</soapenv:Envelope>]]></con:request><con:wsaConfig mustUnderstand="NONE" version="200508" action="http://tempuri.org/IIntegracion/ConsultarAppResponseDocumentoRecibido"/></con:call></con:operation><con:operation id="82e95fc1-47be-46a9-974b-5860be57b20c" isOneWay="false" action="http://tempuri.org/IIntegracion/ConsultaResolucionesDIAN" name="ConsultaResolucionesDIAN" bindingOperationName="ConsultaResolucionesDIAN" type="Request-Response" inputName="" receivesAttachments="false" sendsAttachments="false" anonymous="optional"><con:settings/><con:call id="942a722f-2f5b-41a5-af23-2eb0e5d00295" name="Request 1"><con:settings/><con:encoding>UTF-8</con:encoding><con:endpoint>https://fymtest.cloudapp.net:444/ServiciosFyM/eBill/Integracion.svc</con:endpoint><con:request><![CDATA[<soapenv:Envelope xmlns:soapenv="http://schemas.xmlsoap.org/soap/envelope/" xmlns:tem="http://tempuri.org/">\r
   <soapenv:Header/>\r
   <soapenv:Body>\r
      <tem:ConsultaResolucionesDIAN>\r
         <!--Optional:-->\r
         <tem:NitEmpresa>?</tem:NitEmpresa>\r
         <!--Optional:-->\r
         <tem:Token>?</tem:Token>\r
      </tem:ConsultaResolucionesDIAN>\r
   </soapenv:Body>\r
</soapenv:Envelope>]]></con:request><con:wsaConfig mustUnderstand="NONE" version="200508" action="http://tempuri.org/IIntegracion/ConsultaResolucionesDIAN"/></con:call></con:operation><con:operation id="ef412821-44cb-4553-868b-4e537599c0fd" isOneWay="false" action="http://tempuri.org/IIntegracion/CrearEmpresaeBill" name="CrearEmpresaeBill" bindingOperationName="CrearEmpresaeBill" type="Request-Response" inputName="" receivesAttachments="false" sendsAttachments="false" anonymous="optional"><con:settings/><con:call id="720364e9-1c51-4ff0-af46-16979a6ea28a" name="Request 1"><con:settings/><con:encoding>UTF-8</con:encoding><con:endpoint>https://fymtest.cloudapp.net:444/ServiciosFyM/eBill/Integracion.svc</con:endpoint><con:request><![CDATA[<soapenv:Envelope xmlns:soapenv="http://schemas.xmlsoap.org/soap/envelope/" xmlns:tem="http://tempuri.org/" xmlns:ebil="http://schemas.datacontract.org/2004/07/eBillCore">\r
   <soapenv:Header/>\r
   <soapenv:Body>\r
      <tem:CrearEmpresaeBill>\r
         <!--Optional:-->\r
         <tem:FacCab>\r
            <!--Optional:-->\r
            <ebil:CiudadProv>?</ebil:CiudadProv>\r
            <!--Optional:-->\r
            <ebil:CorreoProv>?</ebil:CorreoProv>\r
            <!--Optional:-->\r
            <ebil:DigitoVerificacionProv>?</ebil:DigitoVerificacionProv>\r
            <!--Optional:-->\r
            <ebil:DireccionProv>?</ebil:DireccionProv>\r
            <!--Optional:-->\r
            <ebil:Emp_RFC>?</ebil:Emp_RFC>\r
            <!--Optional:-->\r
            <ebil:NitEmpresa>?</ebil:NitEmpresa>\r
            <!--Optional:-->\r
            <ebil:NitProveedor>?</ebil:NitProveedor>\r
            <!--Optional:-->\r
            <ebil:NombreProv>?</ebil:NombreProv>\r
            <!--Optional:-->\r
            <ebil:TelefonoProv>?</ebil:TelefonoProv>\r
            <!--Optional:-->\r
            <ebil:pes_id_estado>?</ebil:pes_id_estado>\r
            <!--Optional:-->\r
            <ebil:pro_correo_contabilizacion>?</ebil:pro_correo_contabilizacion>\r
            <!--Optional:-->\r
            <ebil:pro_correo_rechazo>?</ebil:pro_correo_rechazo>\r
            <!--Optional:-->\r
            <ebil:pro_correoaceptacion>?</ebil:pro_correoaceptacion>\r
            <!--Optional:-->\r
            <ebil:pro_excluido_docReferencia>?</ebil:pro_excluido_docReferencia>\r
            <!--Optional:-->\r
            <ebil:pro_excluido_regnegocio>?</ebil:pro_excluido_regnegocio>\r
            <!--Optional:-->\r
            <ebil:pro_nombres_validos>?</ebil:pro_nombres_validos>\r
            <!--Optional:-->\r
            <ebil:pro_otros_correos>?</ebil:pro_otros_correos>\r
         </tem:FacCab>\r
         <!--Optional:-->\r
         <tem:Token>?</tem:Token>\r
      </tem:CrearEmpresaeBill>\r
   </soapenv:Body>\r
</soapenv:Envelope>]]></con:request><con:wsaConfig mustUnderstand="NONE" version="200508" action="http://tempuri.org/IIntegracion/CrearEmpresaeBill"/></con:call></con:operation><con:operation id="01be2127-fd94-4ab1-89f5-c074995c116c" isOneWay="false" action="http://tempuri.org/IIntegracion/CrearProveedoreseBill" name="CrearProveedoreseBill" bindingOperationName="CrearProveedoreseBill" type="Request-Response" inputName="" receivesAttachments="false" sendsAttachments="false" anonymous="optional"><con:settings/><con:call id="5cfb2da3-4b0a-412f-a7b5-fdefb5b772f7" name="Request 1"><con:settings/><con:encoding>UTF-8</con:encoding><con:endpoint>https://fymtest.cloudapp.net:444/ServiciosFyM/eBill/Integracion.svc</con:endpoint><con:request><![CDATA[<soapenv:Envelope xmlns:soapenv="http://schemas.xmlsoap.org/soap/envelope/" xmlns:tem="http://tempuri.org/" xmlns:ebil="http://schemas.datacontract.org/2004/07/eBillCore">\r
   <soapenv:Header/>\r
   <soapenv:Body>\r
      <tem:CrearProveedoreseBill>\r
         <!--Optional:-->\r
         <tem:FacCab>\r
            <!--Optional:-->\r
            <ebil:CiudadProv>?</ebil:CiudadProv>\r
            <!--Optional:-->\r
            <ebil:CorreoProv>?</ebil:CorreoProv>\r
            <!--Optional:-->\r
            <ebil:DigitoVerificacionProv>?</ebil:DigitoVerificacionProv>\r
            <!--Optional:-->\r
            <ebil:DireccionProv>?</ebil:DireccionProv>\r
            <!--Optional:-->\r
            <ebil:Emp_RFC>?</ebil:Emp_RFC>\r
            <!--Optional:-->\r
            <ebil:NitEmpresa>?</ebil:NitEmpresa>\r
            <!--Optional:-->\r
            <ebil:NitProveedor>?</ebil:NitProveedor>\r
            <!--Optional:-->\r
            <ebil:NombreProv>?</ebil:NombreProv>\r
            <!--Optional:-->\r
            <ebil:TelefonoProv>?</ebil:TelefonoProv>\r
            <!--Optional:-->\r
            <ebil:pes_id_estado>?</ebil:pes_id_estado>\r
            <!--Optional:-->\r
            <ebil:pro_correo_contabilizacion>?</ebil:pro_correo_contabilizacion>\r
            <!--Optional:-->\r
            <ebil:pro_correo_rechazo>?</ebil:pro_correo_rechazo>\r
            <!--Optional:-->\r
            <ebil:pro_correoaceptacion>?</ebil:pro_correoaceptacion>\r
            <!--Optional:-->\r
            <ebil:pro_excluido_docReferencia>?</ebil:pro_excluido_docReferencia>\r
            <!--Optional:-->\r
            <ebil:pro_excluido_regnegocio>?</ebil:pro_excluido_regnegocio>\r
            <!--Optional:-->\r
            <ebil:pro_nombres_validos>?</ebil:pro_nombres_validos>\r
            <!--Optional:-->\r
            <ebil:pro_otros_correos>?</ebil:pro_otros_correos>\r
         </tem:FacCab>\r
         <!--Optional:-->\r
         <tem:Opciones>\r
            <!--Optional:-->\r
            <ebil:ActualizaProductos>?</ebil:ActualizaProductos>\r
            <!--Optional:-->\r
            <ebil:CalculaReteCree>?</ebil:CalculaReteCree>\r
            <!--Optional:-->\r
            <ebil:CalculaReteFuente>?</ebil:CalculaReteFuente>\r
            <!--Optional:-->\r
            <ebil:CalculaReteICA>?</ebil:CalculaReteICA>\r
            <!--Optional:-->\r
            <ebil:CalculaReteIVA>?</ebil:CalculaReteIVA>\r
            <!--Optional:-->\r
            <ebil:EmisionAutomatica>?</ebil:EmisionAutomatica>\r
            <!--Optional:-->\r
            <ebil:FacturasSinAcuerdo>?</ebil:FacturasSinAcuerdo>\r
            <!--Optional:-->\r
            <ebil:ModeloXAceptacion>?</ebil:ModeloXAceptacion>\r
            <!--Optional:-->\r
            <ebil:NotasRelacionadas>?</ebil:NotasRelacionadas>\r
            <!--Optional:-->\r
            <ebil:OrderControl>?</ebil:OrderControl>\r
            <!--Optional:-->\r
            <ebil:TieneAcuerdosFisicos>?</ebil:TieneAcuerdosFisicos>\r
            <!--Optional:-->\r
            <ebil:TokenConexion>?</ebil:TokenConexion>\r
            <!--Optional:-->\r
            <ebil:eBillAdmNumerosFactura>?</ebil:eBillAdmNumerosFactura>\r
         </tem:Opciones>\r
         <!--Optional:-->\r
         <tem:notificarPortalPIV>?</tem:notificarPortalPIV>\r
         <!--Optional:-->\r
         <tem:fechaFacturas>?</tem:fechaFacturas>\r
      </tem:CrearProveedoreseBill>\r
   </soapenv:Body>\r
</soapenv:Envelope>]]></con:request><con:wsaConfig mustUnderstand="NONE" version="200508" action="http://tempuri.org/IIntegracion/CrearProveedoreseBill"/></con:call></con:operation><con:operation id="e548de08-b6e9-4c24-9868-75c84d2911c4" isOneWay="false" action="http://tempuri.org/IIntegracion/EmpresaRecibeInteroperabilidad" name="EmpresaRecibeInteroperabilidad" bindingOperationName="EmpresaRecibeInteroperabilidad" type="Request-Response" inputName="" receivesAttachments="false" sendsAttachments="false" anonymous="optional"><con:settings/><con:call id="c2410911-f23e-4bcd-aa90-f82baaebb287" name="Request 1"><con:settings/><con:encoding>UTF-8</con:encoding><con:endpoint>https://fymtest.cloudapp.net:444/ServiciosFyM/eBill/Integracion.svc</con:endpoint><con:request><![CDATA[<soapenv:Envelope xmlns:soapenv="http://schemas.xmlsoap.org/soap/envelope/" xmlns:tem="http://tempuri.org/">\r
   <soapenv:Header/>\r
   <soapenv:Body>\r
      <tem:EmpresaRecibeInteroperabilidad>\r
         <!--Optional:-->\r
         <tem:NitEmpresa>?</tem:NitEmpresa>\r
         <!--Optional:-->\r
         <tem:token>?</tem:token>\r
      </tem:EmpresaRecibeInteroperabilidad>\r
   </soapenv:Body>\r
</soapenv:Envelope>]]></con:request><con:wsaConfig mustUnderstand="NONE" version="200508" action="http://tempuri.org/IIntegracion/EmpresaRecibeInteroperabilidad"/></con:call></con:operation><con:operation id="e1d944b7-4c27-40e9-b2f1-4ceff16e655b" isOneWay="false" action="http://tempuri.org/IIntegracion/EnviarDocumentoElectronico" name="EnviarDocumentoElectronico" bindingOperationName="EnviarDocumentoElectronico" type="Request-Response" inputName="" receivesAttachments="false" sendsAttachments="false" anonymous="optional"><con:settings/><con:call id="05a11b7b-4aa9-47bd-bc25-a647d8873450" name="Request 1"><con:settings/><con:encoding>UTF-8</con:encoding><con:endpoint>https://fymtest.cloudapp.net:444/ServiciosFyM/eBill/Integracion.svc</con:endpoint><con:request><![CDATA[<soapenv:Envelope xmlns:soapenv="http://schemas.xmlsoap.org/soap/envelope/" xmlns:tem="http://tempuri.org/" xmlns:ebil="http://schemas.datacontract.org/2004/07/eBillCore">\r
   <soapenv:Header/>\r
   <soapenv:Body>\r
      <tem:EnviarDocumentoElectronico>\r
         <!--Optional:-->\r
         <tem:FacCab>\r
            <!--Optional:-->\r
            <ebil:AnoAprobacionRes>?</ebil:AnoAprobacionRes>\r
            <!--Optional:-->\r
            <ebil:Base_Impuesto>?</ebil:Base_Impuesto>\r
            <!--Optional:-->\r
            <ebil:CFD_EST_estado_tramit>?</ebil:CFD_EST_estado_tramit>\r
            <!--Optional:-->\r
            <ebil:CFD_Flete>?</ebil:CFD_Flete>\r
            <!--Optional:-->\r
            <ebil:CFD_OtrosCargos>?</ebil:CFD_OtrosCargos>\r
            <!--Optional:-->\r
            <ebil:CFD_Por_Margen>?</ebil:CFD_Por_Margen>\r
            <!--Optional:-->\r
            <ebil:CFD_ResponseCode>?</ebil:CFD_ResponseCode>\r
            <!--Optional:-->\r
            <ebil:CFD_base_ICA_total>?</ebil:CFD_base_ICA_total>\r
            <!--Optional:-->\r
            <ebil:CFD_base_impo_total_nal>?</ebil:CFD_base_impo_total_nal>\r
            <!--Optional:-->\r
            <ebil:CFD_base_impo_total_reg>?</ebil:CFD_base_impo_total_reg>\r
            <!--Optional:-->\r
            <ebil:CFD_campo_texto_10>?</ebil:CFD_campo_texto_10>\r
            <!--Optional:-->\r
            <ebil:CFD_campo_texto_11>?</ebil:CFD_campo_texto_11>\r
            <!--Optional:-->\r
            <ebil:CFD_campo_texto_12>?</ebil:CFD_campo_texto_12>\r
            <!--Optional:-->\r
            <ebil:CFD_campo_texto_13>?</ebil:CFD_campo_texto_13>\r
            <!--Optional:-->\r
            <ebil:CFD_campo_texto_14>?</ebil:CFD_campo_texto_14>\r
            <!--Optional:-->\r
            <ebil:CFD_campo_texto_15>?</ebil:CFD_campo_texto_15>\r
            <!--Optional:-->\r
            <ebil:CFD_campo_texto_16>?</ebil:CFD_campo_texto_16>\r
            <!--Optional:-->\r
            <ebil:CFD_campo_texto_17>?</ebil:CFD_campo_texto_17>\r
            <!--Optional:-->\r
            <ebil:CFD_campo_texto_18>?</ebil:CFD_campo_texto_18>\r
            <!--Optional:-->\r
            <ebil:CFD_campo_texto_19>?</ebil:CFD_campo_texto_19>\r
            <!--Optional:-->\r
            <ebil:CFD_campo_texto_20>?</ebil:CFD_campo_texto_20>\r
            <!--Optional:-->\r
            <ebil:CFD_campo_texto_21>?</ebil:CFD_campo_texto_21>\r
            <!--Optional:-->\r
            <ebil:CFD_campo_texto_22>?</ebil:CFD_campo_texto_22>\r
            <!--Optional:-->\r
            <ebil:CFD_campo_texto_23>?</ebil:CFD_campo_texto_23>\r
            <!--Optional:-->\r
            <ebil:CFD_campo_texto_24>?</ebil:CFD_campo_texto_24>\r
            <!--Optional:-->\r
            <ebil:CFD_campo_texto_25>?</ebil:CFD_campo_texto_25>\r
            <!--Optional:-->\r
            <ebil:CFD_campo_texto_26>?</ebil:CFD_campo_texto_26>\r
            <!--Optional:-->\r
            <ebil:CFD_campo_texto_27>?</ebil:CFD_campo_texto_27>\r
            <!--Optional:-->\r
            <ebil:CFD_campo_texto_28>?</ebil:CFD_campo_texto_28>\r
            <!--Optional:-->\r
            <ebil:CFD_campo_texto_29>?</ebil:CFD_campo_texto_29>\r
            <!--Optional:-->\r
            <ebil:CFD_campo_texto_30>?</ebil:CFD_campo_texto_30>\r
            <!--Optional:-->\r
            <ebil:CFD_campo_texto_9>?</ebil:CFD_campo_texto_9>\r
            <!--Optional:-->\r
            <ebil:CFD_cantidad_dec_1>?</ebil:CFD_cantidad_dec_1>\r
            <!--Optional:-->\r
            <ebil:CFD_cantidad_dec_10>?</ebil:CFD_cantidad_dec_10>\r
            <!--Optional:-->\r
            <ebil:CFD_cantidad_dec_11>?</ebil:CFD_cantidad_dec_11>\r
            <!--Optional:-->\r
            <ebil:CFD_cantidad_dec_12>?</ebil:CFD_cantidad_dec_12>\r
            <!--Optional:-->\r
            <ebil:CFD_cantidad_dec_13>?</ebil:CFD_cantidad_dec_13>\r
            <!--Optional:-->\r
            <ebil:CFD_cantidad_dec_14>?</ebil:CFD_cantidad_dec_14>\r
            <!--Optional:-->\r
            <ebil:CFD_cantidad_dec_15>?</ebil:CFD_cantidad_dec_15>\r
            <!--Optional:-->\r
            <ebil:CFD_cantidad_dec_16>?</ebil:CFD_cantidad_dec_16>\r
            <!--Optional:-->\r
            <ebil:CFD_cantidad_dec_17>?</ebil:CFD_cantidad_dec_17>\r
            <!--Optional:-->\r
            <ebil:CFD_cantidad_dec_18>?</ebil:CFD_cantidad_dec_18>\r
            <!--Optional:-->\r
            <ebil:CFD_cantidad_dec_19>?</ebil:CFD_cantidad_dec_19>\r
            <!--Optional:-->\r
            <ebil:CFD_cantidad_dec_20>?</ebil:CFD_cantidad_dec_20>\r
            <!--Optional:-->\r
            <ebil:CFD_cantidad_dec_21>?</ebil:CFD_cantidad_dec_21>\r
            <!--Optional:-->\r
            <ebil:CFD_cantidad_dec_22>?</ebil:CFD_cantidad_dec_22>\r
            <!--Optional:-->\r
            <ebil:CFD_cantidad_dec_23>?</ebil:CFD_cantidad_dec_23>\r
            <!--Optional:-->\r
            <ebil:CFD_cantidad_dec_24>?</ebil:CFD_cantidad_dec_24>\r
            <!--Optional:-->\r
            <ebil:CFD_cantidad_dec_25>?</ebil:CFD_cantidad_dec_25>\r
            <!--Optional:-->\r
            <ebil:CFD_cantidad_dec_4>?</ebil:CFD_cantidad_dec_4>\r
            <!--Optional:-->\r
            <ebil:CFD_cantidad_dec_5>?</ebil:CFD_cantidad_dec_5>\r
            <!--Optional:-->\r
            <ebil:CFD_cantidad_dec_6>?</ebil:CFD_cantidad_dec_6>\r
            <!--Optional:-->\r
            <ebil:CFD_cantidad_dec_7>?</ebil:CFD_cantidad_dec_7>\r
            <!--Optional:-->\r
            <ebil:CFD_cantidad_dec_8>?</ebil:CFD_cantidad_dec_8>\r
            <!--Optional:-->\r
            <ebil:CFD_cantidad_dec_9>?</ebil:CFD_cantidad_dec_9>\r
            <!--Optional:-->\r
            <ebil:CFD_deducible>?</ebil:CFD_deducible>\r
            <!--Optional:-->\r
            <ebil:CFD_desconexion_servicio>?</ebil:CFD_desconexion_servicio>\r
            <!--Optional:-->\r
            <ebil:CFD_fecha_desconexion>?</ebil:CFD_fecha_desconexion>\r
            <!--Optional:-->\r
            <ebil:CFD_fecha_tasadeCambio>?</ebil:CFD_fecha_tasadeCambio>\r
            <!--Optional:-->\r
            <ebil:CFD_numero_enlace_doc_ref>?</ebil:CFD_numero_enlace_doc_ref>\r
            <!--Optional:-->\r
            <ebil:CFD_porc_rte_ICA>?</ebil:CFD_porc_rte_ICA>\r
            <!--Optional:-->\r
            <ebil:CFD_porc_rte_fuent>?</ebil:CFD_porc_rte_fuent>\r
            <!--Optional:-->\r
            <ebil:CFD_tasa_mora>?</ebil:CFD_tasa_mora>\r
            <!--Optional:-->\r
            <ebil:CFD_tdi_id_tipo_doc_interno>?</ebil:CFD_tdi_id_tipo_doc_interno>\r
            <!--Optional:-->\r
            <ebil:CFD_total_ICA>?</ebil:CFD_total_ICA>\r
            <!--Optional:-->\r
            <ebil:CFD_total_aduana_exp>?</ebil:CFD_total_aduana_exp>\r
            <!--Optional:-->\r
            <ebil:CFD_total_cargos>?</ebil:CFD_total_cargos>\r
            <!--Optional:-->\r
            <ebil:CFD_total_descuentos>?</ebil:CFD_total_descuentos>\r
            <!--Optional:-->\r
            <ebil:CFD_total_margen>?</ebil:CFD_total_margen>\r
            <!--Optional:-->\r
            <ebil:CFD_total_seguro_exp>?</ebil:CFD_total_seguro_exp>\r
            <!--Optional:-->\r
            <ebil:CLI_numero_cliente>?</ebil:CLI_numero_cliente>\r
            <!--Optional:-->\r
            <ebil:CREETotal>?</ebil:CREETotal>\r
            <!--Optional:-->\r
            <ebil:CampoTexto1>?</ebil:CampoTexto1>\r
            <!--Optional:-->\r
            <ebil:CampoTexto2>?</ebil:CampoTexto2>\r
            <!--Optional:-->\r
            <ebil:CampoTexto3>?</ebil:CampoTexto3>\r
            <!--Optional:-->\r
            <ebil:CampoTexto4>?</ebil:CampoTexto4>\r
            <!--Optional:-->\r
            <ebil:CampoTexto5>?</ebil:CampoTexto5>\r
            <!--Optional:-->\r
            <ebil:CampoTexto6>?</ebil:CampoTexto6>\r
            <!--Optional:-->\r
            <ebil:CampoTexto7>?</ebil:CampoTexto7>\r
            <!--Optional:-->\r
            <ebil:CampoTexto8>?</ebil:CampoTexto8>\r
            <!--Optional:-->\r
            <ebil:Cantidad1>?</ebil:Cantidad1>\r
            <!--Optional:-->\r
            <ebil:Cantidad2>?</ebil:Cantidad2>\r
            <!--Optional:-->\r
            <ebil:Cantidad3>?</ebil:Cantidad3>\r
            <!--Optional:-->\r
            <ebil:CantidadDec1>?</ebil:CantidadDec1>\r
            <!--Optional:-->\r
            <ebil:CantidadDec2>?</ebil:CantidadDec2>\r
            <!--Optional:-->\r
            <ebil:CantidadDec3>?</ebil:CantidadDec3>\r
            <!--Optional:-->\r
            <ebil:CiudadDANE>?</ebil:CiudadDANE>\r
            <!--Optional:-->\r
            <ebil:CodVendedor>?</ebil:CodVendedor>\r
            <!--Optional:-->\r
            <ebil:CodigoPostalCliente>?</ebil:CodigoPostalCliente>\r
            <!--Optional:-->\r
            <ebil:CodigoPostalEnvio>?</ebil:CodigoPostalEnvio>\r
            <!--Optional:-->\r
            <ebil:ComprobanteCon>?</ebil:ComprobanteCon>\r
            <!--Optional:-->\r
            <ebil:Condiciones_Pago>?</ebil:Condiciones_Pago>\r
            <!--Optional:-->\r
            <ebil:ContactoCargo>?</ebil:ContactoCargo>\r
            <!--Optional:-->\r
            <ebil:ContactoCorreo>?</ebil:ContactoCorreo>\r
            <!--Optional:-->\r
            <ebil:ContactoNombre>?</ebil:ContactoNombre>\r
            <!--Optional:-->\r
            <ebil:CorreoCliente>?</ebil:CorreoCliente>\r
            <!--Optional:-->\r
            <ebil:DepartamentoDANE>?</ebil:DepartamentoDANE>\r
            <!--Optional:-->\r
            <ebil:DescripcionPlan>?</ebil:DescripcionPlan>\r
            <!--Optional:-->\r
            <ebil:Descuento>?</ebil:Descuento>\r
            <!--Optional:-->\r
            <ebil:DigitoVerificaCliente>?</ebil:DigitoVerificaCliente>\r
            <!--Optional:-->\r
            <ebil:DireccionCliente>?</ebil:DireccionCliente>\r
            <!--Optional:-->\r
            <ebil:EstiloFactura>?</ebil:EstiloFactura>\r
            <!--Optional:-->\r
            <ebil:FechaExpedicion>?</ebil:FechaExpedicion>\r
            <!--Optional:-->\r
            <ebil:FechaFinalPeriodoFacturado>?</ebil:FechaFinalPeriodoFacturado>\r
            <!--Optional:-->\r
            <ebil:FechaInicialPeriodoFacturado>?</ebil:FechaInicialPeriodoFacturado>\r
            <!--Optional:-->\r
            <ebil:FechaVencimiento>?</ebil:FechaVencimiento>\r
            <!--Optional:-->\r
            <ebil:FormaPago>?</ebil:FormaPago>\r
            <!--Optional:-->\r
            <ebil:IDInterno>?</ebil:IDInterno>\r
            <!--Optional:-->\r
            <ebil:IDUbicacionCliente>?</ebil:IDUbicacionCliente>\r
            <!--Optional:-->\r
            <ebil:IDUbicacionEnvio>?</ebil:IDUbicacionEnvio>\r
            <!--Optional:-->\r
            <ebil:IdPlan>?</ebil:IdPlan>\r
            <!--Optional:-->\r
            <ebil:IdSucursal>?</ebil:IdSucursal>\r
            <!--Optional:-->\r
            <ebil:Incoterm>?</ebil:Incoterm>\r
            <!--Optional:-->\r
            <ebil:InfoAdicional>?</ebil:InfoAdicional>\r
            <!--Optional:-->\r
            <ebil:LugarTerminosEntrega>?</ebil:LugarTerminosEntrega>\r
            <!--Optional:-->\r
            <ebil:MesCausado>?</ebil:MesCausado>\r
            <!--Optional:-->\r
            <ebil:MonedaISO>?</ebil:MonedaISO>\r
            <!--Optional:-->\r
            <ebil:NitCliente>?</ebil:NitCliente>\r
            <!--Optional:-->\r
            <ebil:NitEmpresa>?</ebil:NitEmpresa>\r
            <!--Optional:-->\r
            <ebil:NombreCliente>?</ebil:NombreCliente>\r
            <!--Optional:-->\r
            <ebil:NombrePlan>?</ebil:NombrePlan>\r
            <!--Optional:-->\r
            <ebil:NombreVendedor>?</ebil:NombreVendedor>\r
            <!--Optional:-->\r
            <ebil:NumAprobacionRes>?</ebil:NumAprobacionRes>\r
            <!--Optional:-->\r
            <ebil:NumFactura>?</ebil:NumFactura>\r
            <!--Optional:-->\r
            <ebil:OrderID>?</ebil:OrderID>\r
            <!--Optional:-->\r
            <ebil:PAI_ISO_3166>?</ebil:PAI_ISO_3166>\r
            <!--Optional:-->\r
            <ebil:PagoAnterior>?</ebil:PagoAnterior>\r
            <!--Optional:-->\r
            <ebil:Prefijo>?</ebil:Prefijo>\r
            <!--Optional:-->\r
            <ebil:ReferenciaCliente>?</ebil:ReferenciaCliente>\r
            <!--Optional:-->\r
            <ebil:RetencionCREETotal>?</ebil:RetencionCREETotal>\r
            <!--Optional:-->\r
            <ebil:SMSXDoc>?</ebil:SMSXDoc>\r
            <!--Optional:-->\r
            <ebil:SaldoAnterior>?</ebil:SaldoAnterior>\r
            <!--Optional:-->\r
            <ebil:SubTotal>?</ebil:SubTotal>\r
            <!--Optional:-->\r
            <ebil:SubTotalSegunMon>?</ebil:SubTotalSegunMon>\r
            <!--Optional:-->\r
            <ebil:Sucursal>?</ebil:Sucursal>\r
            <!--Optional:-->\r
            <ebil:TIP_id_tipo_persona>?</ebil:TIP_id_tipo_persona>\r
            <!--Optional:-->\r
            <ebil:TasaCambio>?</ebil:TasaCambio>\r
            <!--Optional:-->\r
            <ebil:TelefonoCliente>?</ebil:TelefonoCliente>\r
            <!--Optional:-->\r
            <ebil:Texto3>?</ebil:Texto3>\r
            <!--Optional:-->\r
            <ebil:TieneAcuerdo>?</ebil:TieneAcuerdo>\r
            <!--Optional:-->\r
            <ebil:TipoComprobante>?</ebil:TipoComprobante>\r
            <!--Optional:-->\r
            <ebil:TipoContribuyente>?</ebil:TipoContribuyente>\r
            <!--Optional:-->\r
            <ebil:TipoIDCliente>?</ebil:TipoIDCliente>\r
            <!--Optional:-->\r
            <ebil:Total>?</ebil:Total>\r
            <!--Optional:-->\r
            <ebil:TotalIVA>?</ebil:TotalIVA>\r
            <!--Optional:-->\r
            <ebil:TotalIVASegunMon>?</ebil:TotalIVASegunMon>\r
            <!--Optional:-->\r
            <ebil:TotalRetICA>?</ebil:TotalRetICA>\r
            <!--Optional:-->\r
            <ebil:TotalRetIVA>?</ebil:TotalRetIVA>\r
            <!--Optional:-->\r
            <ebil:TotalRetencion>?</ebil:TotalRetencion>\r
            <!--Optional:-->\r
            <ebil:TotalSegunMon>?</ebil:TotalSegunMon>\r
            <!--Optional:-->\r
            <ebil:TotalTraslado>?</ebil:TotalTraslado>\r
            <!--Optional:-->\r
            <ebil:Total_a_Pagar>?</ebil:Total_a_Pagar>\r
            <!--Optional:-->\r
            <ebil:ValorHasta1>?</ebil:ValorHasta1>\r
            <!--Optional:-->\r
            <ebil:ValorHasta2>?</ebil:ValorHasta2>\r
            <!--Optional:-->\r
            <ebil:ValorHasta3>?</ebil:ValorHasta3>\r
            <!--Optional:-->\r
            <ebil:ValorHasta4>?</ebil:ValorHasta4>\r
            <!--Optional:-->\r
            <ebil:cfd_activa_nota1>?</ebil:cfd_activa_nota1>\r
            <!--Optional:-->\r
            <ebil:ciudad_envio>?</ebil:ciudad_envio>\r
            <!--Optional:-->\r
            <ebil:code1>?</ebil:code1>\r
            <!--Optional:-->\r
            <ebil:code2>?</ebil:code2>\r
            <!--Optional:-->\r
            <ebil:code3>?</ebil:code3>\r
            <!--Optional:-->\r
            <ebil:curso>?</ebil:curso>\r
            <!--Optional:-->\r
            <ebil:departamento_envio>?</ebil:departamento_envio>\r
            <!--Optional:-->\r
            <ebil:direccion_envio>?</ebil:direccion_envio>\r
            <!--Optional:-->\r
            <ebil:numero_envio>?</ebil:numero_envio>\r
            <!--Optional:-->\r
            <ebil:orden_venta>?</ebil:orden_venta>\r
            <!--Optional:-->\r
            <ebil:pague_hasta1>?</ebil:pague_hasta1>\r
            <!--Optional:-->\r
            <ebil:pague_hasta2>?</ebil:pague_hasta2>\r
            <!--Optional:-->\r
            <ebil:pague_hasta3>?</ebil:pague_hasta3>\r
            <!--Optional:-->\r
            <ebil:referencia>?</ebil:referencia>\r
            <!--Optional:-->\r
            <ebil:referencia1>?</ebil:referencia1>\r
            <!--Optional:-->\r
            <ebil:referencia_envio>?</ebil:referencia_envio>\r
            <!--Optional:-->\r
            <ebil:telefono_envio>?</ebil:telefono_envio>\r
         </tem:FacCab>\r
         <!--Optional:-->\r
         <tem:Opciones>\r
            <!--Optional:-->\r
            <ebil:ActualizaProductos>?</ebil:ActualizaProductos>\r
            <!--Optional:-->\r
            <ebil:CalculaReteCree>?</ebil:CalculaReteCree>\r
            <!--Optional:-->\r
            <ebil:CalculaReteFuente>?</ebil:CalculaReteFuente>\r
            <!--Optional:-->\r
            <ebil:CalculaReteICA>?</ebil:CalculaReteICA>\r
            <!--Optional:-->\r
            <ebil:CalculaReteIVA>?</ebil:CalculaReteIVA>\r
            <!--Optional:-->\r
            <ebil:EmisionAutomatica>?</ebil:EmisionAutomatica>\r
            <!--Optional:-->\r
            <ebil:FacturasSinAcuerdo>?</ebil:FacturasSinAcuerdo>\r
            <!--Optional:-->\r
            <ebil:ModeloXAceptacion>?</ebil:ModeloXAceptacion>\r
            <!--Optional:-->\r
            <ebil:NotasRelacionadas>?</ebil:NotasRelacionadas>\r
            <!--Optional:-->\r
            <ebil:OrderControl>?</ebil:OrderControl>\r
            <!--Optional:-->\r
            <ebil:TieneAcuerdosFisicos>?</ebil:TieneAcuerdosFisicos>\r
            <!--Optional:-->\r
            <ebil:TokenConexion>?</ebil:TokenConexion>\r
            <!--Optional:-->\r
            <ebil:eBillAdmNumerosFactura>?</ebil:eBillAdmNumerosFactura>\r
         </tem:Opciones>\r
         <!--Optional:-->\r
         <tem:correo>?</tem:correo>\r
      </tem:EnviarDocumentoElectronico>\r
   </soapenv:Body>\r
</soapenv:Envelope>]]></con:request><con:wsaConfig mustUnderstand="NONE" version="200508" action="http://tempuri.org/IIntegracion/EnviarDocumentoElectronico"/></con:call></con:operation><con:operation id="5fe275a7-72b4-4a85-9c68-cf831622cbd7" isOneWay="false" action="http://tempuri.org/IIntegracion/ExisteContingenciaDianDeclarada" name="ExisteContingenciaDianDeclarada" bindingOperationName="ExisteContingenciaDianDeclarada" type="Request-Response" inputName="" receivesAttachments="false" sendsAttachments="false" anonymous="optional"><con:settings/><con:call id="a2d917c2-59ee-41fa-bc16-af9088577a9e" name="Request 1"><con:settings/><con:encoding>UTF-8</con:encoding><con:endpoint>https://fymtest.cloudapp.net:444/ServiciosFyM/eBill/Integracion.svc</con:endpoint><con:request><![CDATA[<soapenv:Envelope xmlns:soapenv="http://schemas.xmlsoap.org/soap/envelope/" xmlns:tem="http://tempuri.org/">\r
   <soapenv:Header/>\r
   <soapenv:Body>\r
      <tem:ExisteContingenciaDianDeclarada>\r
         <!--Optional:-->\r
         <tem:NitEmpresa>?</tem:NitEmpresa>\r
         <!--Optional:-->\r
         <tem:Token>?</tem:Token>\r
      </tem:ExisteContingenciaDianDeclarada>\r
   </soapenv:Body>\r
</soapenv:Envelope>]]></con:request><con:wsaConfig mustUnderstand="NONE" version="200508" action="http://tempuri.org/IIntegracion/ExisteContingenciaDianDeclarada"/></con:call></con:operation><con:operation id="0ada88da-22a2-4d38-8fa2-90005c415cf6" isOneWay="false" action="http://tempuri.org/IIntegracion/ExisteConvenioEmpresas" name="ExisteConvenioEmpresas" bindingOperationName="ExisteConvenioEmpresas" type="Request-Response" inputName="" receivesAttachments="false" sendsAttachments="false" anonymous="optional"><con:settings/><con:call id="98aa4755-0062-48f6-abbd-7c0c0edfa13b" name="Request 1"><con:settings/><con:encoding>UTF-8</con:encoding><con:endpoint>https://fymtest.cloudapp.net:444/ServiciosFyM/eBill/Integracion.svc</con:endpoint><con:request><![CDATA[<soapenv:Envelope xmlns:soapenv="http://schemas.xmlsoap.org/soap/envelope/" xmlns:tem="http://tempuri.org/">\r
   <soapenv:Header/>\r
   <soapenv:Body>\r
      <tem:ExisteConvenioEmpresas>\r
         <!--Optional:-->\r
         <tem:NitEmisor>?</tem:NitEmisor>\r
         <!--Optional:-->\r
         <tem:NitReceptor>?</tem:NitReceptor>\r
      </tem:ExisteConvenioEmpresas>\r
   </soapenv:Body>\r
</soapenv:Envelope>]]></con:request><con:wsaConfig mustUnderstand="NONE" version="200508" action="http://tempuri.org/IIntegracion/ExisteConvenioEmpresas"/></con:call></con:operation><con:operation id="00946d76-3d83-4ec2-999f-9a7d8aec6a20" isOneWay="false" action="http://tempuri.org/IIntegracion/FV_ActualizarContingencia" name="FV_ActualizarContingencia" bindingOperationName="FV_ActualizarContingencia" type="Request-Response" inputName="" receivesAttachments="false" sendsAttachments="false" anonymous="optional"><con:settings/><con:call id="d7d43e74-32db-440b-8625-6fee27893945" name="Request 1"><con:settings/><con:encoding>UTF-8</con:encoding><con:endpoint>https://fymtest.cloudapp.net:444/ServiciosFyM/eBill/Integracion.svc</con:endpoint><con:request><![CDATA[<soapenv:Envelope xmlns:soapenv="http://schemas.xmlsoap.org/soap/envelope/" xmlns:tem="http://tempuri.org/">\r
   <soapenv:Header/>\r
   <soapenv:Body>\r
      <tem:FV_ActualizarContingencia>\r
         <!--Optional:-->\r
         <tem:Token>?</tem:Token>\r
         <!--Optional:-->\r
         <tem:IdHeartBeatDIAN>?</tem:IdHeartBeatDIAN>\r
         <!--Optional:-->\r
         <tem:EsContingencia>?</tem:EsContingencia>\r
      </tem:FV_ActualizarContingencia>\r
   </soapenv:Body>\r
</soapenv:Envelope>]]></con:request><con:wsaConfig mustUnderstand="NONE" version="200508" action="http://tempuri.org/IIntegracion/FV_ActualizarContingencia"/></con:call></con:operation><con:operation id="9a2e2ecd-4b3b-4901-bb2f-984650887dda" isOneWay="false" action="http://tempuri.org/IIntegracion/FV_CargarDocumentosElectronicosToeBillGenericFULL" name="FV_CargarDocumentosElectronicosToeBillGenericFULL" bindingOperationName="FV_CargarDocumentosElectronicosToeBillGenericFULL" type="Request-Response" inputName="" receivesAttachments="false" sendsAttachments="false" anonymous="optional"><con:settings/><con:call id="004b0cb8-53a6-4449-a8f6-89a90ca9db4f" name="Request 1"><con:settings/><con:encoding>UTF-8</con:encoding><con:endpoint>https://fymtest.cloudapp.net:444/ServiciosFyM/eBill/Integracion.svc</con:endpoint><con:request><![CDATA[<soapenv:Envelope xmlns:soapenv="http://schemas.xmlsoap.org/soap/envelope/" xmlns:tem="http://tempuri.org/" xmlns:ebil="http://schemas.datacontract.org/2004/07/eBillCore" xmlns:arr="http://schemas.microsoft.com/2003/10/Serialization/Arrays">\r
   <soapenv:Header/>\r
   <soapenv:Body>\r
      <tem:FV_CargarDocumentosElectronicosToeBillGenericFULL>\r
         <!--Optional:-->\r
         <tem:FacCab>\r
            <!--Optional:-->\r
            <ebil:AnoAprobacionRes>?</ebil:AnoAprobacionRes>\r
            <!--Optional:-->\r
            <ebil:Base_Impuesto>?</ebil:Base_Impuesto>\r
            <!--Optional:-->\r
            <ebil:CFD_AdditionalDocumentReference>?</ebil:CFD_AdditionalDocumentReference>\r
            <!--Optional:-->\r
            <ebil:CFD_Control_logo>?</ebil:CFD_Control_logo>\r
            <!--Optional:-->\r
            <ebil:CFD_EST_estado_tramit>?</ebil:CFD_EST_estado_tramit>\r
            <!--Optional:-->\r
            <ebil:CFD_Envio_Asyncronico>?</ebil:CFD_Envio_Asyncronico>\r
            <!--Optional:-->\r
            <ebil:CFD_Flete>?</ebil:CFD_Flete>\r
            <!--Optional:-->\r
            <ebil:CFD_Inf_relacionada_Industria>?</ebil:CFD_Inf_relacionada_Industria>\r
            <!--Optional:-->\r
            <ebil:CFD_LineCountNumeric>?</ebil:CFD_LineCountNumeric>\r
            <!--Optional:-->\r
            <ebil:CFD_LineExtensionAmount>?</ebil:CFD_LineExtensionAmount>\r
            <!--Optional:-->\r
            <ebil:CFD_Modelo_Facturacion>?</ebil:CFD_Modelo_Facturacion>\r
            <!--Optional:-->\r
            <ebil:CFD_OtrosCargos>?</ebil:CFD_OtrosCargos>\r
            <!--Optional:-->\r
            <ebil:CFD_Por_Margen>?</ebil:CFD_Por_Margen>\r
            <!--Optional:-->\r
            <ebil:CFD_ProfileExecutionID>?</ebil:CFD_ProfileExecutionID>\r
            <!--Optional:-->\r
            <ebil:CFD_ResponseCode>?</ebil:CFD_ResponseCode>\r
            <!--Optional:-->\r
            <ebil:CFD_TaxExclusiveAmount>?</ebil:CFD_TaxExclusiveAmount>\r
            <!--Optional:-->\r
            <ebil:CFD_TaxInclusiveAmount>?</ebil:CFD_TaxInclusiveAmount>\r
            <!--Optional:-->\r
            <ebil:CFD_TaxPointDate>?</ebil:CFD_TaxPointDate>\r
            <!--Optional:-->\r
            <ebil:CFD_Transaccion_VIP>?</ebil:CFD_Transaccion_VIP>\r
            <!--Optional:-->\r
            <ebil:CFD_base_ICA_total>?</ebil:CFD_base_ICA_total>\r
            <!--Optional:-->\r
            <ebil:CFD_base_impo_total_nal>?</ebil:CFD_base_impo_total_nal>\r
            <!--Optional:-->\r
            <ebil:CFD_base_impo_total_reg>?</ebil:CFD_base_impo_total_reg>\r
            <!--Optional:-->\r
            <ebil:CFD_campo_texto_10>?</ebil:CFD_campo_texto_10>\r
            <!--Optional:-->\r
            <ebil:CFD_campo_texto_11>?</ebil:CFD_campo_texto_11>\r
            <!--Optional:-->\r
            <ebil:CFD_campo_texto_12>?</ebil:CFD_campo_texto_12>\r
            <!--Optional:-->\r
            <ebil:CFD_campo_texto_13>?</ebil:CFD_campo_texto_13>\r
            <!--Optional:-->\r
            <ebil:CFD_campo_texto_14>?</ebil:CFD_campo_texto_14>\r
            <!--Optional:-->\r
            <ebil:CFD_campo_texto_15>?</ebil:CFD_campo_texto_15>\r
            <!--Optional:-->\r
            <ebil:CFD_campo_texto_16>?</ebil:CFD_campo_texto_16>\r
            <!--Optional:-->\r
            <ebil:CFD_campo_texto_17>?</ebil:CFD_campo_texto_17>\r
            <!--Optional:-->\r
            <ebil:CFD_campo_texto_18>?</ebil:CFD_campo_texto_18>\r
            <!--Optional:-->\r
            <ebil:CFD_campo_texto_19>?</ebil:CFD_campo_texto_19>\r
            <!--Optional:-->\r
            <ebil:CFD_campo_texto_20>?</ebil:CFD_campo_texto_20>\r
            <!--Optional:-->\r
            <ebil:CFD_campo_texto_21>?</ebil:CFD_campo_texto_21>\r
            <!--Optional:-->\r
            <ebil:CFD_campo_texto_22>?</ebil:CFD_campo_texto_22>\r
            <!--Optional:-->\r
            <ebil:CFD_campo_texto_23>?</ebil:CFD_campo_texto_23>\r
            <!--Optional:-->\r
            <ebil:CFD_campo_texto_24>?</ebil:CFD_campo_texto_24>\r
            <!--Optional:-->\r
            <ebil:CFD_campo_texto_25>?</ebil:CFD_campo_texto_25>\r
            <!--Optional:-->\r
            <ebil:CFD_campo_texto_26>?</ebil:CFD_campo_texto_26>\r
            <!--Optional:-->\r
            <ebil:CFD_campo_texto_27>?</ebil:CFD_campo_texto_27>\r
            <!--Optional:-->\r
            <ebil:CFD_campo_texto_28>?</ebil:CFD_campo_texto_28>\r
            <!--Optional:-->\r
            <ebil:CFD_campo_texto_29>?</ebil:CFD_campo_texto_29>\r
            <!--Optional:-->\r
            <ebil:CFD_campo_texto_9>?</ebil:CFD_campo_texto_9>\r
            <!--Optional:-->\r
            <ebil:CFD_cantidad_dec_1>?</ebil:CFD_cantidad_dec_1>\r
            <!--Optional:-->\r
            <ebil:CFD_cantidad_dec_10>?</ebil:CFD_cantidad_dec_10>\r
            <!--Optional:-->\r
            <ebil:CFD_cantidad_dec_11>?</ebil:CFD_cantidad_dec_11>\r
            <!--Optional:-->\r
            <ebil:CFD_cantidad_dec_12>?</ebil:CFD_cantidad_dec_12>\r
            <!--Optional:-->\r
            <ebil:CFD_cantidad_dec_13>?</ebil:CFD_cantidad_dec_13>\r
            <!--Optional:-->\r
            <ebil:CFD_cantidad_dec_14>?</ebil:CFD_cantidad_dec_14>\r
            <!--Optional:-->\r
            <ebil:CFD_cantidad_dec_15>?</ebil:CFD_cantidad_dec_15>\r
            <!--Optional:-->\r
            <ebil:CFD_cantidad_dec_16>?</ebil:CFD_cantidad_dec_16>\r
            <!--Optional:-->\r
            <ebil:CFD_cantidad_dec_17>?</ebil:CFD_cantidad_dec_17>\r
            <!--Optional:-->\r
            <ebil:CFD_cantidad_dec_18>?</ebil:CFD_cantidad_dec_18>\r
            <!--Optional:-->\r
            <ebil:CFD_cantidad_dec_19>?</ebil:CFD_cantidad_dec_19>\r
            <!--Optional:-->\r
            <ebil:CFD_cantidad_dec_20>?</ebil:CFD_cantidad_dec_20>\r
            <!--Optional:-->\r
            <ebil:CFD_cantidad_dec_21>?</ebil:CFD_cantidad_dec_21>\r
            <!--Optional:-->\r
            <ebil:CFD_cantidad_dec_22>?</ebil:CFD_cantidad_dec_22>\r
            <!--Optional:-->\r
            <ebil:CFD_cantidad_dec_23>?</ebil:CFD_cantidad_dec_23>\r
            <!--Optional:-->\r
            <ebil:CFD_cantidad_dec_24>?</ebil:CFD_cantidad_dec_24>\r
            <!--Optional:-->\r
            <ebil:CFD_cantidad_dec_25>?</ebil:CFD_cantidad_dec_25>\r
            <!--Optional:-->\r
            <ebil:CFD_cantidad_dec_4>?</ebil:CFD_cantidad_dec_4>\r
            <!--Optional:-->\r
            <ebil:CFD_cantidad_dec_5>?</ebil:CFD_cantidad_dec_5>\r
            <!--Optional:-->\r
            <ebil:CFD_cantidad_dec_6>?</ebil:CFD_cantidad_dec_6>\r
            <!--Optional:-->\r
            <ebil:CFD_cantidad_dec_7>?</ebil:CFD_cantidad_dec_7>\r
            <!--Optional:-->\r
            <ebil:CFD_cantidad_dec_8>?</ebil:CFD_cantidad_dec_8>\r
            <!--Optional:-->\r
            <ebil:CFD_cantidad_dec_9>?</ebil:CFD_cantidad_dec_9>\r
            <!--Optional:-->\r
            <ebil:CFD_deducible>?</ebil:CFD_deducible>\r
            <!--Optional:-->\r
            <ebil:CFD_desconexion_servicio>?</ebil:CFD_desconexion_servicio>\r
            <!--Optional:-->\r
            <ebil:CFD_fecha_desconexion>?</ebil:CFD_fecha_desconexion>\r
            <!--Optional:-->\r
            <ebil:CFD_fecha_tasadeCambio>?</ebil:CFD_fecha_tasadeCambio>\r
            <!--Optional:-->\r
            <ebil:CFD_inf_origen_despacho>?</ebil:CFD_inf_origen_despacho>\r
            <!--Optional:-->\r
            <ebil:CFD_numero_enlace_doc_ref>?</ebil:CFD_numero_enlace_doc_ref>\r
            <!--Optional:-->\r
            <ebil:CFD_porc_rte_ICA>?</ebil:CFD_porc_rte_ICA>\r
            <!--Optional:-->\r
            <ebil:CFD_porc_rte_fuent>?</ebil:CFD_porc_rte_fuent>\r
            <!--Optional:-->\r
            <ebil:CFD_tasa_mora>?</ebil:CFD_tasa_mora>\r
            <!--Optional:-->\r
            <ebil:CFD_tdi_id_tipo_doc_interno>?</ebil:CFD_tdi_id_tipo_doc_interno>\r
            <!--Optional:-->\r
            <ebil:CFD_total_ICA>?</ebil:CFD_total_ICA>\r
            <!--Optional:-->\r
            <ebil:CFD_total_aduana_exp>?</ebil:CFD_total_aduana_exp>\r
            <!--Optional:-->\r
            <ebil:CFD_total_cargos>?</ebil:CFD_total_cargos>\r
            <!--Optional:-->\r
            <ebil:CFD_total_descuentos>?</ebil:CFD_total_descuentos>\r
            <!--Optional:-->\r
            <ebil:CFD_total_margen>?</ebil:CFD_total_margen>\r
            <!--Optional:-->\r
            <ebil:CFD_total_seguro_exp>?</ebil:CFD_total_seguro_exp>\r
            <!--Optional:-->\r
            <ebil:CLI_numero_cliente>?</ebil:CLI_numero_cliente>\r
            <!--Optional:-->\r
            <ebil:CREETotal>?</ebil:CREETotal>\r
            <!--Optional:-->\r
            <ebil:CampoTexto1>?</ebil:CampoTexto1>\r
            <!--Optional:-->\r
            <ebil:CampoTexto2>?</ebil:CampoTexto2>\r
            <!--Optional:-->\r
            <ebil:CampoTexto3>?</ebil:CampoTexto3>\r
            <!--Optional:-->\r
            <ebil:CampoTexto4>?</ebil:CampoTexto4>\r
            <!--Optional:-->\r
            <ebil:CampoTexto5>?</ebil:CampoTexto5>\r
            <!--Optional:-->\r
            <ebil:CampoTexto6>?</ebil:CampoTexto6>\r
            <!--Optional:-->\r
            <ebil:CampoTexto7>?</ebil:CampoTexto7>\r
            <!--Optional:-->\r
            <ebil:CampoTexto8>?</ebil:CampoTexto8>\r
            <!--Optional:-->\r
            <ebil:Cantidad1>?</ebil:Cantidad1>\r
            <!--Optional:-->\r
            <ebil:Cantidad2>?</ebil:Cantidad2>\r
            <!--Optional:-->\r
            <ebil:Cantidad3>?</ebil:Cantidad3>\r
            <!--Optional:-->\r
            <ebil:CantidadDec1>?</ebil:CantidadDec1>\r
            <!--Optional:-->\r
            <ebil:CantidadDec2>?</ebil:CantidadDec2>\r
            <!--Optional:-->\r
            <ebil:CantidadDec3>?</ebil:CantidadDec3>\r
            <!--Optional:-->\r
            <ebil:CiudadDANE>?</ebil:CiudadDANE>\r
            <!--Optional:-->\r
            <ebil:CodVendedor>?</ebil:CodVendedor>\r
            <!--Optional:-->\r
            <ebil:CodigoPostalCliente>?</ebil:CodigoPostalCliente>\r
            <!--Optional:-->\r
            <ebil:CodigoPostalEnvio>?</ebil:CodigoPostalEnvio>\r
            <!--Optional:-->\r
            <ebil:ComprobanteCon>?</ebil:ComprobanteCon>\r
            <!--Optional:-->\r
            <ebil:Condiciones_Pago>?</ebil:Condiciones_Pago>\r
            <!--Optional:-->\r
            <ebil:ContactoCargo>?</ebil:ContactoCargo>\r
            <!--Optional:-->\r
            <ebil:ContactoCorreo>?</ebil:ContactoCorreo>\r
            <!--Optional:-->\r
            <ebil:ContactoNombre>?</ebil:ContactoNombre>\r
            <!--Optional:-->\r
            <ebil:CorreoCliente>?</ebil:CorreoCliente>\r
            <!--Optional:-->\r
            <ebil:DepartamentoDANE>?</ebil:DepartamentoDANE>\r
            <!--Optional:-->\r
            <ebil:DescripcionPlan>?</ebil:DescripcionPlan>\r
            <!--Optional:-->\r
            <ebil:Descuento>?</ebil:Descuento>\r
            <!--Optional:-->\r
            <ebil:DigitoVerificaCliente>?</ebil:DigitoVerificaCliente>\r
            <!--Optional:-->\r
            <ebil:DireccionCliente>?</ebil:DireccionCliente>\r
            <!--Optional:-->\r
            <ebil:EsRecepcion>?</ebil:EsRecepcion>\r
            <!--Optional:-->\r
            <ebil:EstiloFactura>?</ebil:EstiloFactura>\r
            <!--Optional:-->\r
            <ebil:FV_CCN_id_concepto_correcionnotas>?</ebil:FV_CCN_id_concepto_correcionnotas>\r
            <!--Optional:-->\r
            <ebil:FV_CDE_id_codigos_descuento>?</ebil:FV_CDE_id_codigos_descuento>\r
            <!--Optional:-->\r
            <ebil:FV_EDO_id_eventos_docelec>?</ebil:FV_EDO_id_eventos_docelec>\r
            <!--Optional:-->\r
            <ebil:FV_INC_id_incoterm>?</ebil:FV_INC_id_incoterm>\r
            <!--Optional:-->\r
            <ebil:FV_RFI_Id_Regimen_Fiscal>?</ebil:FV_RFI_Id_Regimen_Fiscal>\r
            <!--Optional:-->\r
            <ebil:FV_TDD_Code_TipoDocumentoDIAN>?</ebil:FV_TDD_Code_TipoDocumentoDIAN>\r
            <!--Optional:-->\r
            <ebil:FV_TDO_Codigo_TipoOperacion>?</ebil:FV_TDO_Codigo_TipoOperacion>\r
            <!--Optional:-->\r
            <ebil:FechaExpedicion>?</ebil:FechaExpedicion>\r
            <!--Optional:-->\r
            <ebil:FechaFinalPeriodoFacturado>?</ebil:FechaFinalPeriodoFacturado>\r
            <!--Optional:-->\r
            <ebil:FechaInicialPeriodoFacturado>?</ebil:FechaInicialPeriodoFacturado>\r
            <!--Optional:-->\r
            <ebil:FechaVencimiento>?</ebil:FechaVencimiento>\r
            <!--Optional:-->\r
            <ebil:FormaPago>?</ebil:FormaPago>\r
            <!--Optional:-->\r
            <ebil:IDInterno>?</ebil:IDInterno>\r
            <!--Optional:-->\r
            <ebil:IDUbicacionCliente>?</ebil:IDUbicacionCliente>\r
            <!--Optional:-->\r
            <ebil:IDUbicacionEnvio>?</ebil:IDUbicacionEnvio>\r
            <!--Optional:-->\r
            <ebil:IdPlan>?</ebil:IdPlan>\r
            <!--Optional:-->\r
            <ebil:IdSucursal>?</ebil:IdSucursal>\r
            <!--Optional:-->\r
            <ebil:Incoterm>?</ebil:Incoterm>\r
            <!--Optional:-->\r
            <ebil:InfoAdicional>?</ebil:InfoAdicional>\r
            <!--Optional:-->\r
            <ebil:LugarTerminosEntrega>?</ebil:LugarTerminosEntrega>\r
            <!--Optional:-->\r
            <ebil:MesCausado>?</ebil:MesCausado>\r
            <!--Optional:-->\r
            <ebil:MonedaISO>?</ebil:MonedaISO>\r
            <!--Optional:-->\r
            <ebil:NitCliente>?</ebil:NitCliente>\r
            <!--Optional:-->\r
            <ebil:NitEmpresa>?</ebil:NitEmpresa>\r
            <!--Optional:-->\r
            <ebil:NombreCliente>?</ebil:NombreCliente>\r
            <!--Optional:-->\r
            <ebil:NombreComercial>?</ebil:NombreComercial>\r
            <!--Optional:-->\r
            <ebil:NombrePlan>?</ebil:NombrePlan>\r
            <!--Optional:-->\r
            <ebil:NombreVendedor>?</ebil:NombreVendedor>\r
            <!--Optional:-->\r
            <ebil:NumAprobacionRes>?</ebil:NumAprobacionRes>\r
            <!--Optional:-->\r
            <ebil:NumFactura>?</ebil:NumFactura>\r
            <!--Optional:-->\r
            <ebil:OrderID>?</ebil:OrderID>\r
            <!--Optional:-->\r
            <ebil:PAI_ISO_3166>?</ebil:PAI_ISO_3166>\r
            <!--Optional:-->\r
            <ebil:PAI_nombre_envio>?</ebil:PAI_nombre_envio>\r
            <!--Optional:-->\r
            <ebil:PagoAnterior>?</ebil:PagoAnterior>\r
            <!--Optional:-->\r
            <ebil:Prefijo>?</ebil:Prefijo>\r
            <!--Optional:-->\r
            <ebil:ReferenciaCliente>?</ebil:ReferenciaCliente>\r
            <!--Optional:-->\r
            <ebil:RetencionCREETotal>?</ebil:RetencionCREETotal>\r
            <!--Optional:-->\r
            <ebil:SMSXDoc>?</ebil:SMSXDoc>\r
            <!--Optional:-->\r
            <ebil:SaldoAnterior>?</ebil:SaldoAnterior>\r
            <!--Optional:-->\r
            <ebil:SubTotal>?</ebil:SubTotal>\r
            <!--Optional:-->\r
            <ebil:SubTotalSegunMon>?</ebil:SubTotalSegunMon>\r
            <!--Optional:-->\r
            <ebil:Sucursal>?</ebil:Sucursal>\r
            <!--Optional:-->\r
            <ebil:TIP_id_tipo_persona>?</ebil:TIP_id_tipo_persona>\r
            <!--Optional:-->\r
            <ebil:TasaCambio>?</ebil:TasaCambio>\r
            <!--Optional:-->\r
            <ebil:TelefonoCliente>?</ebil:TelefonoCliente>\r
            <!--Optional:-->\r
            <ebil:Texto3>?</ebil:Texto3>\r
            <!--Optional:-->\r
            <ebil:TieneAcuerdo>?</ebil:TieneAcuerdo>\r
            <!--Optional:-->\r
            <ebil:TipoComprobante>?</ebil:TipoComprobante>\r
            <!--Optional:-->\r
            <ebil:TipoContribuyente>?</ebil:TipoContribuyente>\r
            <!--Optional:-->\r
            <ebil:TipoIDCliente>?</ebil:TipoIDCliente>\r
            <!--Optional:-->\r
            <ebil:Total>?</ebil:Total>\r
            <!--Optional:-->\r
            <ebil:TotalIVA>?</ebil:TotalIVA>\r
            <!--Optional:-->\r
            <ebil:TotalIVASegunMon>?</ebil:TotalIVASegunMon>\r
            <!--Optional:-->\r
            <ebil:TotalRetICA>?</ebil:TotalRetICA>\r
            <!--Optional:-->\r
            <ebil:TotalRetIVA>?</ebil:TotalRetIVA>\r
            <!--Optional:-->\r
            <ebil:TotalRetencion>?</ebil:TotalRetencion>\r
            <!--Optional:-->\r
            <ebil:TotalSegunMon>?</ebil:TotalSegunMon>\r
            <!--Optional:-->\r
            <ebil:TotalTraslado>?</ebil:TotalTraslado>\r
            <!--Optional:-->\r
            <ebil:Total_a_Pagar>?</ebil:Total_a_Pagar>\r
            <!--Optional:-->\r
            <ebil:ValorHasta1>?</ebil:ValorHasta1>\r
            <!--Optional:-->\r
            <ebil:ValorHasta2>?</ebil:ValorHasta2>\r
            <!--Optional:-->\r
            <ebil:ValorHasta3>?</ebil:ValorHasta3>\r
            <!--Optional:-->\r
            <ebil:ValorHasta4>?</ebil:ValorHasta4>\r
            <!--Optional:-->\r
            <ebil:cfd_activa_nota1>?</ebil:cfd_activa_nota1>\r
            <!--Optional:-->\r
            <ebil:cfd_barcode_banco4>?</ebil:cfd_barcode_banco4>\r
            <!--Optional:-->\r
            <ebil:ciudad_envio>?</ebil:ciudad_envio>\r
            <!--Optional:-->\r
            <ebil:code1>?</ebil:code1>\r
            <!--Optional:-->\r
            <ebil:code2>?</ebil:code2>\r
            <!--Optional:-->\r
            <ebil:code3>?</ebil:code3>\r
            <!--Optional:-->\r
            <ebil:curso>?</ebil:curso>\r
            <!--Optional:-->\r
            <ebil:departamento_envio>?</ebil:departamento_envio>\r
            <!--Optional:-->\r
            <ebil:direccion_envio>?</ebil:direccion_envio>\r
            <!--Optional:-->\r
            <ebil:id_PFD_PerfilDummy>?</ebil:id_PFD_PerfilDummy>\r
            <!--Optional:-->\r
            <ebil:numero_envio>?</ebil:numero_envio>\r
            <!--Optional:-->\r
            <ebil:orden_venta>?</ebil:orden_venta>\r
            <!--Optional:-->\r
            <ebil:pague_hasta1>?</ebil:pague_hasta1>\r
            <!--Optional:-->\r
            <ebil:pague_hasta2>?</ebil:pague_hasta2>\r
            <!--Optional:-->\r
            <ebil:pague_hasta3>?</ebil:pague_hasta3>\r
            <!--Optional:-->\r
            <ebil:referencia>?</ebil:referencia>\r
            <!--Optional:-->\r
            <ebil:referencia1>?</ebil:referencia1>\r
            <!--Optional:-->\r
            <ebil:referencia_envio>?</ebil:referencia_envio>\r
            <!--Optional:-->\r
            <ebil:telefono_envio>?</ebil:telefono_envio>\r
         </tem:FacCab>\r
         <!--Optional:-->\r
         <tem:DetFac>\r
            <!--Zero or more repetitions:-->\r
            <ebil:FV_CFDDetConexionInt>\r
               <!--Optional:-->\r
               <ebil:CON_base_ica>?</ebil:CON_base_ica>\r
               <!--Optional:-->\r
               <ebil:CON_base_impo_n>?</ebil:CON_base_impo_n>\r
               <!--Optional:-->\r
               <ebil:CON_base_impo_r>?</ebil:CON_base_impo_r>\r
               <!--Optional:-->\r
               <ebil:CON_base_iva>?</ebil:CON_base_iva>\r
               <!--Optional:-->\r
               <ebil:CON_cantidad_original_solicitada>?</ebil:CON_cantidad_original_solicitada>\r
               <!--Optional:-->\r
               <ebil:CON_categoria_0>?</ebil:CON_categoria_0>\r
               <!--Optional:-->\r
               <ebil:CON_categoria_1>?</ebil:CON_categoria_1>\r
               <!--Optional:-->\r
               <ebil:CON_categoria_2>?</ebil:CON_categoria_2>\r
               <!--Optional:-->\r
               <ebil:CON_categoria_3>?</ebil:CON_categoria_3>\r
               <!--Optional:-->\r
               <ebil:CON_ciudad_despacho>?</ebil:CON_ciudad_despacho>\r
               <!--Optional:-->\r
               <ebil:CON_dato_decimal1>?</ebil:CON_dato_decimal1>\r
               <!--Optional:-->\r
               <ebil:CON_dato_decimal10>?</ebil:CON_dato_decimal10>\r
               <!--Optional:-->\r
               <ebil:CON_dato_decimal11>?</ebil:CON_dato_decimal11>\r
               <!--Optional:-->\r
               <ebil:CON_dato_decimal12>?</ebil:CON_dato_decimal12>\r
               <!--Optional:-->\r
               <ebil:CON_dato_decimal13>?</ebil:CON_dato_decimal13>\r
               <!--Optional:-->\r
               <ebil:CON_dato_decimal14>?</ebil:CON_dato_decimal14>\r
               <!--Optional:-->\r
               <ebil:CON_dato_decimal15>?</ebil:CON_dato_decimal15>\r
               <!--Optional:-->\r
               <ebil:CON_dato_decimal2>?</ebil:CON_dato_decimal2>\r
               <!--Optional:-->\r
               <ebil:CON_dato_decimal3>?</ebil:CON_dato_decimal3>\r
               <!--Optional:-->\r
               <ebil:CON_dato_decimal4>?</ebil:CON_dato_decimal4>\r
               <!--Optional:-->\r
               <ebil:CON_dato_decimal5>?</ebil:CON_dato_decimal5>\r
               <!--Optional:-->\r
               <ebil:CON_dato_decimal6>?</ebil:CON_dato_decimal6>\r
               <!--Optional:-->\r
               <ebil:CON_dato_decimal7>?</ebil:CON_dato_decimal7>\r
               <!--Optional:-->\r
               <ebil:CON_dato_decimal8>?</ebil:CON_dato_decimal8>\r
               <!--Optional:-->\r
               <ebil:CON_dato_decimal9>?</ebil:CON_dato_decimal9>\r
               <!--Optional:-->\r
               <ebil:CON_dato_destino>?</ebil:CON_dato_destino>\r
               <!--Optional:-->\r
               <ebil:CON_dato_fecha>?</ebil:CON_dato_fecha>\r
               <!--Optional:-->\r
               <ebil:CON_dato_origen>?</ebil:CON_dato_origen>\r
               <!--Optional:-->\r
               <ebil:CON_dato_peso>?</ebil:CON_dato_peso>\r
               <!--Optional:-->\r
               <ebil:CON_dato_placa>?</ebil:CON_dato_placa>\r
               <!--Optional:-->\r
               <ebil:CON_dato_referencia>?</ebil:CON_dato_referencia>\r
               <!--Optional:-->\r
               <ebil:CON_dato_texto1>?</ebil:CON_dato_texto1>\r
               <!--Optional:-->\r
               <ebil:CON_dato_texto10>?</ebil:CON_dato_texto10>\r
               <!--Optional:-->\r
               <ebil:CON_dato_texto11>?</ebil:CON_dato_texto11>\r
               <!--Optional:-->\r
               <ebil:CON_dato_texto12>?</ebil:CON_dato_texto12>\r
               <!--Optional:-->\r
               <ebil:CON_dato_texto13>?</ebil:CON_dato_texto13>\r
               <!--Optional:-->\r
               <ebil:CON_dato_texto14>?</ebil:CON_dato_texto14>\r
               <!--Optional:-->\r
               <ebil:CON_dato_texto15>?</ebil:CON_dato_texto15>\r
               <!--Optional:-->\r
               <ebil:CON_dato_texto2>?</ebil:CON_dato_texto2>\r
               <!--Optional:-->\r
               <ebil:CON_dato_texto3>?</ebil:CON_dato_texto3>\r
               <!--Optional:-->\r
               <ebil:CON_dato_texto4>?</ebil:CON_dato_texto4>\r
               <!--Optional:-->\r
               <ebil:CON_dato_texto5>?</ebil:CON_dato_texto5>\r
               <!--Optional:-->\r
               <ebil:CON_dato_texto6>?</ebil:CON_dato_texto6>\r
               <!--Optional:-->\r
               <ebil:CON_dato_texto7>?</ebil:CON_dato_texto7>\r
               <!--Optional:-->\r
               <ebil:CON_dato_texto8>?</ebil:CON_dato_texto8>\r
               <!--Optional:-->\r
               <ebil:CON_dato_texto9>?</ebil:CON_dato_texto9>\r
               <!--Optional:-->\r
               <ebil:CON_departamento_despacho>?</ebil:CON_departamento_despacho>\r
               <!--Optional:-->\r
               <ebil:CON_detalle_construccion>?</ebil:CON_detalle_construccion>\r
               <!--Optional:-->\r
               <ebil:CON_detalle_industria1>?</ebil:CON_detalle_industria1>\r
               <!--Optional:-->\r
               <ebil:CON_detalle_industria2>?</ebil:CON_detalle_industria2>\r
               <!--Optional:-->\r
               <ebil:CON_detalle_industria3>?</ebil:CON_detalle_industria3>\r
               <!--Optional:-->\r
               <ebil:CON_detalle_vehiculo>?</ebil:CON_detalle_vehiculo>\r
               <!--Optional:-->\r
               <ebil:CON_direccion_despacho>?</ebil:CON_direccion_despacho>\r
               <!--Optional:-->\r
               <ebil:CON_documentos_referencia>?</ebil:CON_documentos_referencia>\r
               <!--Optional:-->\r
               <ebil:CON_linea_concepto>?</ebil:CON_linea_concepto>\r
               <!--Optional:-->\r
               <ebil:CON_linea_padre_concepto>?</ebil:CON_linea_padre_concepto>\r
               <!--Optional:-->\r
               <ebil:CON_posicion_arancelaria>?</ebil:CON_posicion_arancelaria>\r
               <!--Optional:-->\r
               <ebil:CON_sub_cliente>?</ebil:CON_sub_cliente>\r
               <!--Optional:-->\r
               <ebil:CON_total_con_seg_mon>?</ebil:CON_total_con_seg_mon>\r
               <!--Optional:-->\r
               <ebil:CON_unidad_medida_con>?</ebil:CON_unidad_medida_con>\r
               <!--Optional:-->\r
               <ebil:CON_valor_otros_cargos>?</ebil:CON_valor_otros_cargos>\r
               <!--Optional:-->\r
               <ebil:CON_valor_otros_descuentos>?</ebil:CON_valor_otros_descuentos>\r
               <!--Optional:-->\r
               <ebil:CON_valor_unitario_seg_mon>?</ebil:CON_valor_unitario_seg_mon>\r
               <!--Optional:-->\r
               <ebil:CREE>?</ebil:CREE>\r
               <!--Optional:-->\r
               <ebil:Cantidad>?</ebil:Cantidad>\r
               <!--Optional:-->\r
               <ebil:ClaseMovimiento>?</ebil:ClaseMovimiento>\r
               <!--Optional:-->\r
               <ebil:CodigoProducto>?</ebil:CodigoProducto>\r
               <!--Optional:-->\r
               <ebil:Codigos>\r
                  <!--Zero or more repetitions:-->\r
                  <arr:string>?</arr:string>\r
               </ebil:Codigos>\r
               <!--Optional:-->\r
               <ebil:CodigosString>?</ebil:CodigosString>\r
               <!--Optional:-->\r
               <ebil:DescripcionConcepto>?</ebil:DescripcionConcepto>\r
               <!--Optional:-->\r
               <ebil:DescripcionProducto>?</ebil:DescripcionProducto>\r
               <!--Optional:-->\r
               <ebil:DescuentoConcepto>?</ebil:DescuentoConcepto>\r
               <!--Optional:-->\r
               <ebil:FechaRecibe>?</ebil:FechaRecibe>\r
               <!--Optional:-->\r
               <ebil:IVAProducto>?</ebil:IVAProducto>\r
               <!--Optional:-->\r
               <ebil:IdConcepto>?</ebil:IdConcepto>\r
               <!--Optional:-->\r
               <ebil:Importe>?</ebil:Importe>\r
               <!--Optional:-->\r
               <ebil:Impuesto2>?</ebil:Impuesto2>\r
               <!--Optional:-->\r
               <ebil:ItemReferencia>?</ebil:ItemReferencia>\r
               <!--Optional:-->\r
               <ebil:NotasConcepto>?</ebil:NotasConcepto>\r
               <!--Optional:-->\r
               <ebil:PorIVAProducto>?</ebil:PorIVAProducto>\r
               <!--Optional:-->\r
               <ebil:PorImpuesto2>?</ebil:PorImpuesto2>\r
               <!--Optional:-->\r
               <ebil:PorcentajeDescuento>?</ebil:PorcentajeDescuento>\r
               <!--Optional:-->\r
               <ebil:RetencionCREE>?</ebil:RetencionCREE>\r
               <!--Optional:-->\r
               <ebil:TipoImpuesto>?</ebil:TipoImpuesto>\r
               <!--Optional:-->\r
               <ebil:TotalConSegMon>?</ebil:TotalConSegMon>\r
               <!--Optional:-->\r
               <ebil:TotalConcepto>?</ebil:TotalConcepto>\r
               <!--Optional:-->\r
               <ebil:UnidadMedida>?</ebil:UnidadMedida>\r
               <!--Optional:-->\r
               <ebil:ValorUnitario>?</ebil:ValorUnitario>\r
               <!--Optional:-->\r
               <ebil:con_recurrente>?</ebil:con_recurrente>\r
            </ebil:FV_CFDDetConexionInt>\r
         </tem:DetFac>\r
         <!--Optional:-->\r
         <tem:Opciones>\r
            <!--Optional:-->\r
            <ebil:ActualizaProductos>?</ebil:ActualizaProductos>\r
            <!--Optional:-->\r
            <ebil:CalculaReteCree>?</ebil:CalculaReteCree>\r
            <!--Optional:-->\r
            <ebil:CalculaReteFuente>?</ebil:CalculaReteFuente>\r
            <!--Optional:-->\r
            <ebil:CalculaReteICA>?</ebil:CalculaReteICA>\r
            <!--Optional:-->\r
            <ebil:CalculaReteIVA>?</ebil:CalculaReteIVA>\r
            <!--Optional:-->\r
            <ebil:EmisionAutomatica>?</ebil:EmisionAutomatica>\r
            <!--Optional:-->\r
            <ebil:FacturaMinimalegal>?</ebil:FacturaMinimalegal>\r
            <!--Optional:-->\r
            <ebil:FacturasSinAcuerdo>?</ebil:FacturasSinAcuerdo>\r
            <!--Optional:-->\r
            <ebil:ModeloXAceptacion>?</ebil:ModeloXAceptacion>\r
            <!--Optional:-->\r
            <ebil:NotasRelacionadas>?</ebil:NotasRelacionadas>\r
            <!--Optional:-->\r
            <ebil:OrderControl>?</ebil:OrderControl>\r
            <!--Optional:-->\r
            <ebil:TieneAcuerdosFisicos>?</ebil:TieneAcuerdosFisicos>\r
            <!--Optional:-->\r
            <ebil:TokenConexion>?</ebil:TokenConexion>\r
            <!--Optional:-->\r
            <ebil:eBillAdmNumerosFactura>?</ebil:eBillAdmNumerosFactura>\r
         </tem:Opciones>\r
         <!--Optional:-->\r
         <tem:AllowedChargeCab>\r
            <!--Zero or more repetitions:-->\r
            <ebil:FV_ACC_AllowanceChargeCabInt>\r
               <!--Optional:-->\r
               <ebil:FCC_ACC_Amount_AllowanceChargeCab>?</ebil:FCC_ACC_Amount_AllowanceChargeCab>\r
               <!--Optional:-->\r
               <ebil:FCC_ACC_MultiplierFactorNumeric_AllowanceChargeCab>?</ebil:FCC_ACC_MultiplierFactorNumeric_AllowanceChargeCab>\r
               <!--Optional:-->\r
               <ebil:FC_ACC_BaseAmount_AllowanceChargeCab>?</ebil:FC_ACC_BaseAmount_AllowanceChargeCab>\r
               <!--Optional:-->\r
               <ebil:FV_ACC_ChargeIndicator_AllowanceChargeCab>?</ebil:FV_ACC_ChargeIndicator_AllowanceChargeCab>\r
               <!--Optional:-->\r
               <ebil:FV_ACC_Code_AllowanceChargeCab>?</ebil:FV_ACC_Code_AllowanceChargeCab>\r
               <!--Optional:-->\r
               <ebil:FV_ACC_Id_AllowanceChargeCab>?</ebil:FV_ACC_Id_AllowanceChargeCab>\r
               <!--Optional:-->\r
               <ebil:FV_ACC_Reason_AllowanceChargeCab>?</ebil:FV_ACC_Reason_AllowanceChargeCab>\r
            </ebil:FV_ACC_AllowanceChargeCabInt>\r
         </tem:AllowedChargeCab>\r
         <!--Optional:-->\r
         <tem:AllowedChargeDet>\r
            <!--Zero or more repetitions:-->\r
            <ebil:FV_ACD_AllowanceChargeDetInt>\r
               <!--Optional:-->\r
               <ebil:FCC_ACD_Amount_AllowanceChargeDet>?</ebil:FCC_ACD_Amount_AllowanceChargeDet>\r
               <!--Optional:-->\r
               <ebil:FCC_ACD_MultiplierFactorNumeric_AllowanceChargeDet>?</ebil:FCC_ACD_MultiplierFactorNumeric_AllowanceChargeDet>\r
               <!--Optional:-->\r
               <ebil:FC_ACD_BaseAmount_AllowanceChargeDet>?</ebil:FC_ACD_BaseAmount_AllowanceChargeDet>\r
               <!--Optional:-->\r
               <ebil:FV_ACD_ChargeIndicator_AllowanceChargeDet>?</ebil:FV_ACD_ChargeIndicator_AllowanceChargeDet>\r
               <!--Optional:-->\r
               <ebil:FV_ACD_Code_AllowanceChargeDet>?</ebil:FV_ACD_Code_AllowanceChargeDet>\r
               <!--Optional:-->\r
               <ebil:FV_ACD_Id_AllowanceChargeDet>?</ebil:FV_ACD_Id_AllowanceChargeDet>\r
               <!--Optional:-->\r
               <ebil:FV_ACD_Reason_AllowanceChargeDet>?</ebil:FV_ACD_Reason_AllowanceChargeDet>\r
               <!--Optional:-->\r
               <ebil:IdConcepto>?</ebil:IdConcepto>\r
            </ebil:FV_ACD_AllowanceChargeDetInt>\r
         </tem:AllowedChargeDet>\r
         <!--Optional:-->\r
         <tem:_FV_TRBACON_TributoAgrupadoXConceptoInt>\r
            <!--Zero or more repetitions:-->\r
            <ebil:FV_TRBACON_TributoAgrupadoXConceptoInt>\r
               <!--Optional:-->\r
               <ebil:FV_TRBACON_RoundingAmount_TributoAgrupadoXConcepto>?</ebil:FV_TRBACON_RoundingAmount_TributoAgrupadoXConcepto>\r
               <!--Optional:-->\r
               <ebil:FV_TRBACON_TaxAmount_TributoAgrupadoXConcepto>?</ebil:FV_TRBACON_TaxAmount_TributoAgrupadoXConcepto>\r
               <!--Optional:-->\r
               <ebil:FV_TRBACON_Withholding_TributoAgrupado>?</ebil:FV_TRBACON_Withholding_TributoAgrupado>\r
               <!--Optional:-->\r
               <ebil:FV_TRB_Id_Tributos>?</ebil:FV_TRB_Id_Tributos>\r
               <!--Optional:-->\r
               <ebil:IdConcepto>?</ebil:IdConcepto>\r
            </ebil:FV_TRBACON_TributoAgrupadoXConceptoInt>\r
         </tem:_FV_TRBACON_TributoAgrupadoXConceptoInt>\r
         <!--Optional:-->\r
         <tem:_FV_TRBDCON_TributoDetalleXConceptoInt>\r
            <!--Zero or more repetitions:-->\r
            <ebil:FV_TRBDCON_TributoDetalleXConceptoInt>\r
               <!--Optional:-->\r
               <ebil:FV_TRBDCON_PerUnitAmount_TributoDetalleXConcepto>?</ebil:FV_TRBDCON_PerUnitAmount_TributoDetalleXConcepto>\r
               <!--Optional:-->\r
               <ebil:FV_TRBDCON_TaxAmount_TributoDetalleXConcepto>?</ebil:FV_TRBDCON_TaxAmount_TributoDetalleXConcepto>\r
               <!--Optional:-->\r
               <ebil:FV_TRBDCON_TaxableAmount_TributoDetalleXConcepto>?</ebil:FV_TRBDCON_TaxableAmount_TributoDetalleXConcepto>\r
               <!--Optional:-->\r
               <ebil:FV_TRBDCON_Withholding_TributoDetalleXConcepto>?</ebil:FV_TRBDCON_Withholding_TributoDetalleXConcepto>\r
               <!--Optional:-->\r
               <ebil:FV_TRB_Id_Tributos>?</ebil:FV_TRB_Id_Tributos>\r
               <!--Optional:-->\r
               <ebil:FV_TXT_Id_TarifaXTributo>?</ebil:FV_TXT_Id_TarifaXTributo>\r
               <!--Optional:-->\r
               <ebil:FV_TXT_Tarifa_TarifaXTributo>?</ebil:FV_TXT_Tarifa_TarifaXTributo>\r
               <!--Optional:-->\r
               <ebil:FV_UNN_Codigo_DIAN>?</ebil:FV_UNN_Codigo_DIAN>\r
               <!--Optional:-->\r
               <ebil:IdConcepto>?</ebil:IdConcepto>\r
            </ebil:FV_TRBDCON_TributoDetalleXConceptoInt>\r
         </tem:_FV_TRBDCON_TributoDetalleXConceptoInt>\r
         <!--Optional:-->\r
         <tem:_FV_TRBA_TributoAgrupadoInt>\r
            <!--Zero or more repetitions:-->\r
            <ebil:FV_TRBA_TributoAgrupadoInt>\r
               <!--Optional:-->\r
               <ebil:FV_TRBA_RoundingAmount_TributoAgrupado>?</ebil:FV_TRBA_RoundingAmount_TributoAgrupado>\r
               <!--Optional:-->\r
               <ebil:FV_TRBA_TaxAmount_TributoAgrupado>?</ebil:FV_TRBA_TaxAmount_TributoAgrupado>\r
               <!--Optional:-->\r
               <ebil:FV_TRBA_Withholding_TributoAgrupado>?</ebil:FV_TRBA_Withholding_TributoAgrupado>\r
               <!--Optional:-->\r
               <ebil:FV_TRB_Id_Tributos>?</ebil:FV_TRB_Id_Tributos>\r
            </ebil:FV_TRBA_TributoAgrupadoInt>\r
         </tem:_FV_TRBA_TributoAgrupadoInt>\r
         <!--Optional:-->\r
         <tem:_FV_TRBD_TributoDetalleInt>\r
            <!--Zero or more repetitions:-->\r
            <ebil:FV_TRBD_TributoDetalleInt>\r
               <!--Optional:-->\r
               <ebil:FV_TRBD_PerUnitAmount_TributoDetalle>?</ebil:FV_TRBD_PerUnitAmount_TributoDetalle>\r
               <!--Optional:-->\r
               <ebil:FV_TRBD_TaxAmount_TributoDetalle>?</ebil:FV_TRBD_TaxAmount_TributoDetalle>\r
               <!--Optional:-->\r
               <ebil:FV_TRBD_TaxableAmount_TributoDetalle>?</ebil:FV_TRBD_TaxableAmount_TributoDetalle>\r
               <!--Optional:-->\r
               <ebil:FV_TRBD_Withholding_TributoDetalle>?</ebil:FV_TRBD_Withholding_TributoDetalle>\r
               <!--Optional:-->\r
               <ebil:FV_TRB_Id_Tributos>?</ebil:FV_TRB_Id_Tributos>\r
               <!--Optional:-->\r
               <ebil:FV_TXT_Id_TarifaXTributo>?</ebil:FV_TXT_Id_TarifaXTributo>\r
               <!--Optional:-->\r
               <ebil:FV_TXT_Tarifa_TarifaXTributo>?</ebil:FV_TXT_Tarifa_TarifaXTributo>\r
               <!--Optional:-->\r
               <ebil:FV_UNN_Codigo_DIAN>?</ebil:FV_UNN_Codigo_DIAN>\r
            </ebil:FV_TRBD_TributoDetalleInt>\r
         </tem:_FV_TRBD_TributoDetalleInt>\r
         <!--Optional:-->\r
         <tem:Coord>\r
            <!--Zero or more repetitions:-->\r
            <ebil:CoordenadasPixelesByPage>\r
               <!--Optional:-->\r
               <ebil:Page>?</ebil:Page>\r
               <!--Optional:-->\r
               <ebil:ValorAlto>?</ebil:ValorAlto>\r
               <!--Optional:-->\r
               <ebil:ValorAncho>?</ebil:ValorAncho>\r
               <!--Optional:-->\r
               <ebil:ValorX>?</ebil:ValorX>\r
               <!--Optional:-->\r
               <ebil:ValorY>?</ebil:ValorY>\r
            </ebil:CoordenadasPixelesByPage>\r
         </tem:Coord>\r
         <!--Optional:-->\r
         <tem:_FV_AXD_AnticiposXDocumentoInt>\r
            <!--Zero or more repetitions:-->\r
            <ebil:FV_AXD_AnticiposXDocumentoInt>\r
               <!--Optional:-->\r
               <ebil:Codigo_Moneda>?</ebil:Codigo_Moneda>\r
               <!--Optional:-->\r
               <ebil:FV_AXD_IdXDoc_AnticiposXDocumento>?</ebil:FV_AXD_IdXDoc_AnticiposXDocumento>\r
               <!--Optional:-->\r
               <ebil:FV_AXD_InstructionID>?</ebil:FV_AXD_InstructionID>\r
               <!--Optional:-->\r
               <ebil:FV_AXD_PaidAmount>?</ebil:FV_AXD_PaidAmount>\r
               <!--Optional:-->\r
               <ebil:FV_AXD_PaidDate>?</ebil:FV_AXD_PaidDate>\r
               <!--Optional:-->\r
               <ebil:FV_AXD_PaidTime>?</ebil:FV_AXD_PaidTime>\r
               <!--Optional:-->\r
               <ebil:FV_AXD_ReceivedDate>?</ebil:FV_AXD_ReceivedDate>\r
               <!--Optional:-->\r
               <ebil:IdAnticipo>?</ebil:IdAnticipo>\r
            </ebil:FV_AXD_AnticiposXDocumentoInt>\r
         </tem:_FV_AXD_AnticiposXDocumentoInt>\r
      </tem:FV_CargarDocumentosElectronicosToeBillGenericFULL>\r
   </soapenv:Body>\r
</soapenv:Envelope>]]></con:request><con:wsaConfig mustUnderstand="NONE" version="200508" action="http://tempuri.org/IIntegracion/FV_CargarDocumentosElectronicosToeBillGenericFULL"/></con:call></con:operation><con:operation id="88b3da4c-61be-41c2-b7c8-3164a61e167b" isOneWay="false" action="http://tempuri.org/IIntegracion/FV_CargarDocumentosElectronicosToeBillGenericFULLPDFCUFE" name="FV_CargarDocumentosElectronicosToeBillGenericFULLPDFCUFE" bindingOperationName="FV_CargarDocumentosElectronicosToeBillGenericFULLPDFCUFE" type="Request-Response" inputName="" receivesAttachments="false" sendsAttachments="false" anonymous="optional"><con:settings/><con:call id="b74abc58-1864-4f9c-91d8-b4278c101d75" name="Request 1"><con:settings/><con:encoding>UTF-8</con:encoding><con:endpoint>https://fymtest.cloudapp.net:444/ServiciosFyM/eBill/Integracion.svc</con:endpoint><con:request><![CDATA[<soapenv:Envelope xmlns:soapenv="http://schemas.xmlsoap.org/soap/envelope/" xmlns:tem="http://tempuri.org/" xmlns:ebil="http://schemas.datacontract.org/2004/07/eBillCore" xmlns:arr="http://schemas.microsoft.com/2003/10/Serialization/Arrays">\r
   <soapenv:Header/>\r
   <soapenv:Body>\r
      <tem:FV_CargarDocumentosElectronicosToeBillGenericFULLPDFCUFE>\r
         <!--Optional:-->\r
         <tem:PDFFac>cid:503497162150</tem:PDFFac>\r
         <!--Optional:-->\r
         <tem:FacCab>\r
            <!--Optional:-->\r
            <ebil:AnoAprobacionRes>?</ebil:AnoAprobacionRes>\r
            <!--Optional:-->\r
            <ebil:Base_Impuesto>?</ebil:Base_Impuesto>\r
            <!--Optional:-->\r
            <ebil:CFD_AdditionalDocumentReference>?</ebil:CFD_AdditionalDocumentReference>\r
            <!--Optional:-->\r
            <ebil:CFD_Control_logo>?</ebil:CFD_Control_logo>\r
            <!--Optional:-->\r
            <ebil:CFD_EST_estado_tramit>?</ebil:CFD_EST_estado_tramit>\r
            <!--Optional:-->\r
            <ebil:CFD_Envio_Asyncronico>?</ebil:CFD_Envio_Asyncronico>\r
            <!--Optional:-->\r
            <ebil:CFD_Flete>?</ebil:CFD_Flete>\r
            <!--Optional:-->\r
            <ebil:CFD_Inf_relacionada_Industria>?</ebil:CFD_Inf_relacionada_Industria>\r
            <!--Optional:-->\r
            <ebil:CFD_LineCountNumeric>?</ebil:CFD_LineCountNumeric>\r
            <!--Optional:-->\r
            <ebil:CFD_LineExtensionAmount>?</ebil:CFD_LineExtensionAmount>\r
            <!--Optional:-->\r
            <ebil:CFD_Modelo_Facturacion>?</ebil:CFD_Modelo_Facturacion>\r
            <!--Optional:-->\r
            <ebil:CFD_OtrosCargos>?</ebil:CFD_OtrosCargos>\r
            <!--Optional:-->\r
            <ebil:CFD_Por_Margen>?</ebil:CFD_Por_Margen>\r
            <!--Optional:-->\r
            <ebil:CFD_ProfileExecutionID>?</ebil:CFD_ProfileExecutionID>\r
            <!--Optional:-->\r
            <ebil:CFD_ResponseCode>?</ebil:CFD_ResponseCode>\r
            <!--Optional:-->\r
            <ebil:CFD_TaxExclusiveAmount>?</ebil:CFD_TaxExclusiveAmount>\r
            <!--Optional:-->\r
            <ebil:CFD_TaxInclusiveAmount>?</ebil:CFD_TaxInclusiveAmount>\r
            <!--Optional:-->\r
            <ebil:CFD_TaxPointDate>?</ebil:CFD_TaxPointDate>\r
            <!--Optional:-->\r
            <ebil:CFD_Transaccion_VIP>?</ebil:CFD_Transaccion_VIP>\r
            <!--Optional:-->\r
            <ebil:CFD_base_ICA_total>?</ebil:CFD_base_ICA_total>\r
            <!--Optional:-->\r
            <ebil:CFD_base_impo_total_nal>?</ebil:CFD_base_impo_total_nal>\r
            <!--Optional:-->\r
            <ebil:CFD_base_impo_total_reg>?</ebil:CFD_base_impo_total_reg>\r
            <!--Optional:-->\r
            <ebil:CFD_campo_texto_10>?</ebil:CFD_campo_texto_10>\r
            <!--Optional:-->\r
            <ebil:CFD_campo_texto_11>?</ebil:CFD_campo_texto_11>\r
            <!--Optional:-->\r
            <ebil:CFD_campo_texto_12>?</ebil:CFD_campo_texto_12>\r
            <!--Optional:-->\r
            <ebil:CFD_campo_texto_13>?</ebil:CFD_campo_texto_13>\r
            <!--Optional:-->\r
            <ebil:CFD_campo_texto_14>?</ebil:CFD_campo_texto_14>\r
            <!--Optional:-->\r
            <ebil:CFD_campo_texto_15>?</ebil:CFD_campo_texto_15>\r
            <!--Optional:-->\r
            <ebil:CFD_campo_texto_16>?</ebil:CFD_campo_texto_16>\r
            <!--Optional:-->\r
            <ebil:CFD_campo_texto_17>?</ebil:CFD_campo_texto_17>\r
            <!--Optional:-->\r
            <ebil:CFD_campo_texto_18>?</ebil:CFD_campo_texto_18>\r
            <!--Optional:-->\r
            <ebil:CFD_campo_texto_19>?</ebil:CFD_campo_texto_19>\r
            <!--Optional:-->\r
            <ebil:CFD_campo_texto_20>?</ebil:CFD_campo_texto_20>\r
            <!--Optional:-->\r
            <ebil:CFD_campo_texto_21>?</ebil:CFD_campo_texto_21>\r
            <!--Optional:-->\r
            <ebil:CFD_campo_texto_22>?</ebil:CFD_campo_texto_22>\r
            <!--Optional:-->\r
            <ebil:CFD_campo_texto_23>?</ebil:CFD_campo_texto_23>\r
            <!--Optional:-->\r
            <ebil:CFD_campo_texto_24>?</ebil:CFD_campo_texto_24>\r
            <!--Optional:-->\r
            <ebil:CFD_campo_texto_25>?</ebil:CFD_campo_texto_25>\r
            <!--Optional:-->\r
            <ebil:CFD_campo_texto_26>?</ebil:CFD_campo_texto_26>\r
            <!--Optional:-->\r
            <ebil:CFD_campo_texto_27>?</ebil:CFD_campo_texto_27>\r
            <!--Optional:-->\r
            <ebil:CFD_campo_texto_28>?</ebil:CFD_campo_texto_28>\r
            <!--Optional:-->\r
            <ebil:CFD_campo_texto_29>?</ebil:CFD_campo_texto_29>\r
            <!--Optional:-->\r
            <ebil:CFD_campo_texto_9>?</ebil:CFD_campo_texto_9>\r
            <!--Optional:-->\r
            <ebil:CFD_cantidad_dec_1>?</ebil:CFD_cantidad_dec_1>\r
            <!--Optional:-->\r
            <ebil:CFD_cantidad_dec_10>?</ebil:CFD_cantidad_dec_10>\r
            <!--Optional:-->\r
            <ebil:CFD_cantidad_dec_11>?</ebil:CFD_cantidad_dec_11>\r
            <!--Optional:-->\r
            <ebil:CFD_cantidad_dec_12>?</ebil:CFD_cantidad_dec_12>\r
            <!--Optional:-->\r
            <ebil:CFD_cantidad_dec_13>?</ebil:CFD_cantidad_dec_13>\r
            <!--Optional:-->\r
            <ebil:CFD_cantidad_dec_14>?</ebil:CFD_cantidad_dec_14>\r
            <!--Optional:-->\r
            <ebil:CFD_cantidad_dec_15>?</ebil:CFD_cantidad_dec_15>\r
            <!--Optional:-->\r
            <ebil:CFD_cantidad_dec_16>?</ebil:CFD_cantidad_dec_16>\r
            <!--Optional:-->\r
            <ebil:CFD_cantidad_dec_17>?</ebil:CFD_cantidad_dec_17>\r
            <!--Optional:-->\r
            <ebil:CFD_cantidad_dec_18>?</ebil:CFD_cantidad_dec_18>\r
            <!--Optional:-->\r
            <ebil:CFD_cantidad_dec_19>?</ebil:CFD_cantidad_dec_19>\r
            <!--Optional:-->\r
            <ebil:CFD_cantidad_dec_20>?</ebil:CFD_cantidad_dec_20>\r
            <!--Optional:-->\r
            <ebil:CFD_cantidad_dec_21>?</ebil:CFD_cantidad_dec_21>\r
            <!--Optional:-->\r
            <ebil:CFD_cantidad_dec_22>?</ebil:CFD_cantidad_dec_22>\r
            <!--Optional:-->\r
            <ebil:CFD_cantidad_dec_23>?</ebil:CFD_cantidad_dec_23>\r
            <!--Optional:-->\r
            <ebil:CFD_cantidad_dec_24>?</ebil:CFD_cantidad_dec_24>\r
            <!--Optional:-->\r
            <ebil:CFD_cantidad_dec_25>?</ebil:CFD_cantidad_dec_25>\r
            <!--Optional:-->\r
            <ebil:CFD_cantidad_dec_4>?</ebil:CFD_cantidad_dec_4>\r
            <!--Optional:-->\r
            <ebil:CFD_cantidad_dec_5>?</ebil:CFD_cantidad_dec_5>\r
            <!--Optional:-->\r
            <ebil:CFD_cantidad_dec_6>?</ebil:CFD_cantidad_dec_6>\r
            <!--Optional:-->\r
            <ebil:CFD_cantidad_dec_7>?</ebil:CFD_cantidad_dec_7>\r
            <!--Optional:-->\r
            <ebil:CFD_cantidad_dec_8>?</ebil:CFD_cantidad_dec_8>\r
            <!--Optional:-->\r
            <ebil:CFD_cantidad_dec_9>?</ebil:CFD_cantidad_dec_9>\r
            <!--Optional:-->\r
            <ebil:CFD_deducible>?</ebil:CFD_deducible>\r
            <!--Optional:-->\r
            <ebil:CFD_desconexion_servicio>?</ebil:CFD_desconexion_servicio>\r
            <!--Optional:-->\r
            <ebil:CFD_fecha_desconexion>?</ebil:CFD_fecha_desconexion>\r
            <!--Optional:-->\r
            <ebil:CFD_fecha_tasadeCambio>?</ebil:CFD_fecha_tasadeCambio>\r
            <!--Optional:-->\r
            <ebil:CFD_inf_origen_despacho>?</ebil:CFD_inf_origen_despacho>\r
            <!--Optional:-->\r
            <ebil:CFD_numero_enlace_doc_ref>?</ebil:CFD_numero_enlace_doc_ref>\r
            <!--Optional:-->\r
            <ebil:CFD_porc_rte_ICA>?</ebil:CFD_porc_rte_ICA>\r
            <!--Optional:-->\r
            <ebil:CFD_porc_rte_fuent>?</ebil:CFD_porc_rte_fuent>\r
            <!--Optional:-->\r
            <ebil:CFD_tasa_mora>?</ebil:CFD_tasa_mora>\r
            <!--Optional:-->\r
            <ebil:CFD_tdi_id_tipo_doc_interno>?</ebil:CFD_tdi_id_tipo_doc_interno>\r
            <!--Optional:-->\r
            <ebil:CFD_total_ICA>?</ebil:CFD_total_ICA>\r
            <!--Optional:-->\r
            <ebil:CFD_total_aduana_exp>?</ebil:CFD_total_aduana_exp>\r
            <!--Optional:-->\r
            <ebil:CFD_total_cargos>?</ebil:CFD_total_cargos>\r
            <!--Optional:-->\r
            <ebil:CFD_total_descuentos>?</ebil:CFD_total_descuentos>\r
            <!--Optional:-->\r
            <ebil:CFD_total_margen>?</ebil:CFD_total_margen>\r
            <!--Optional:-->\r
            <ebil:CFD_total_seguro_exp>?</ebil:CFD_total_seguro_exp>\r
            <!--Optional:-->\r
            <ebil:CLI_numero_cliente>?</ebil:CLI_numero_cliente>\r
            <!--Optional:-->\r
            <ebil:CREETotal>?</ebil:CREETotal>\r
            <!--Optional:-->\r
            <ebil:CampoTexto1>?</ebil:CampoTexto1>\r
            <!--Optional:-->\r
            <ebil:CampoTexto2>?</ebil:CampoTexto2>\r
            <!--Optional:-->\r
            <ebil:CampoTexto3>?</ebil:CampoTexto3>\r
            <!--Optional:-->\r
            <ebil:CampoTexto4>?</ebil:CampoTexto4>\r
            <!--Optional:-->\r
            <ebil:CampoTexto5>?</ebil:CampoTexto5>\r
            <!--Optional:-->\r
            <ebil:CampoTexto6>?</ebil:CampoTexto6>\r
            <!--Optional:-->\r
            <ebil:CampoTexto7>?</ebil:CampoTexto7>\r
            <!--Optional:-->\r
            <ebil:CampoTexto8>?</ebil:CampoTexto8>\r
            <!--Optional:-->\r
            <ebil:Cantidad1>?</ebil:Cantidad1>\r
            <!--Optional:-->\r
            <ebil:Cantidad2>?</ebil:Cantidad2>\r
            <!--Optional:-->\r
            <ebil:Cantidad3>?</ebil:Cantidad3>\r
            <!--Optional:-->\r
            <ebil:CantidadDec1>?</ebil:CantidadDec1>\r
            <!--Optional:-->\r
            <ebil:CantidadDec2>?</ebil:CantidadDec2>\r
            <!--Optional:-->\r
            <ebil:CantidadDec3>?</ebil:CantidadDec3>\r
            <!--Optional:-->\r
            <ebil:CiudadDANE>?</ebil:CiudadDANE>\r
            <!--Optional:-->\r
            <ebil:CodVendedor>?</ebil:CodVendedor>\r
            <!--Optional:-->\r
            <ebil:CodigoPostalCliente>?</ebil:CodigoPostalCliente>\r
            <!--Optional:-->\r
            <ebil:CodigoPostalEnvio>?</ebil:CodigoPostalEnvio>\r
            <!--Optional:-->\r
            <ebil:ComprobanteCon>?</ebil:ComprobanteCon>\r
            <!--Optional:-->\r
            <ebil:Condiciones_Pago>?</ebil:Condiciones_Pago>\r
            <!--Optional:-->\r
            <ebil:ContactoCargo>?</ebil:ContactoCargo>\r
            <!--Optional:-->\r
            <ebil:ContactoCorreo>?</ebil:ContactoCorreo>\r
            <!--Optional:-->\r
            <ebil:ContactoNombre>?</ebil:ContactoNombre>\r
            <!--Optional:-->\r
            <ebil:CorreoCliente>?</ebil:CorreoCliente>\r
            <!--Optional:-->\r
            <ebil:DepartamentoDANE>?</ebil:DepartamentoDANE>\r
            <!--Optional:-->\r
            <ebil:DescripcionPlan>?</ebil:DescripcionPlan>\r
            <!--Optional:-->\r
            <ebil:Descuento>?</ebil:Descuento>\r
            <!--Optional:-->\r
            <ebil:DigitoVerificaCliente>?</ebil:DigitoVerificaCliente>\r
            <!--Optional:-->\r
            <ebil:DireccionCliente>?</ebil:DireccionCliente>\r
            <!--Optional:-->\r
            <ebil:EsRecepcion>?</ebil:EsRecepcion>\r
            <!--Optional:-->\r
            <ebil:EstiloFactura>?</ebil:EstiloFactura>\r
            <!--Optional:-->\r
            <ebil:FV_CCN_id_concepto_correcionnotas>?</ebil:FV_CCN_id_concepto_correcionnotas>\r
            <!--Optional:-->\r
            <ebil:FV_CDE_id_codigos_descuento>?</ebil:FV_CDE_id_codigos_descuento>\r
            <!--Optional:-->\r
            <ebil:FV_EDO_id_eventos_docelec>?</ebil:FV_EDO_id_eventos_docelec>\r
            <!--Optional:-->\r
            <ebil:FV_INC_id_incoterm>?</ebil:FV_INC_id_incoterm>\r
            <!--Optional:-->\r
            <ebil:FV_RFI_Id_Regimen_Fiscal>?</ebil:FV_RFI_Id_Regimen_Fiscal>\r
            <!--Optional:-->\r
            <ebil:FV_TDD_Code_TipoDocumentoDIAN>?</ebil:FV_TDD_Code_TipoDocumentoDIAN>\r
            <!--Optional:-->\r
            <ebil:FV_TDO_Codigo_TipoOperacion>?</ebil:FV_TDO_Codigo_TipoOperacion>\r
            <!--Optional:-->\r
            <ebil:FechaExpedicion>?</ebil:FechaExpedicion>\r
            <!--Optional:-->\r
            <ebil:FechaFinalPeriodoFacturado>?</ebil:FechaFinalPeriodoFacturado>\r
            <!--Optional:-->\r
            <ebil:FechaInicialPeriodoFacturado>?</ebil:FechaInicialPeriodoFacturado>\r
            <!--Optional:-->\r
            <ebil:FechaVencimiento>?</ebil:FechaVencimiento>\r
            <!--Optional:-->\r
            <ebil:FormaPago>?</ebil:FormaPago>\r
            <!--Optional:-->\r
            <ebil:IDInterno>?</ebil:IDInterno>\r
            <!--Optional:-->\r
            <ebil:IDUbicacionCliente>?</ebil:IDUbicacionCliente>\r
            <!--Optional:-->\r
            <ebil:IDUbicacionEnvio>?</ebil:IDUbicacionEnvio>\r
            <!--Optional:-->\r
            <ebil:IdPlan>?</ebil:IdPlan>\r
            <!--Optional:-->\r
            <ebil:IdSucursal>?</ebil:IdSucursal>\r
            <!--Optional:-->\r
            <ebil:Incoterm>?</ebil:Incoterm>\r
            <!--Optional:-->\r
            <ebil:InfoAdicional>?</ebil:InfoAdicional>\r
            <!--Optional:-->\r
            <ebil:LugarTerminosEntrega>?</ebil:LugarTerminosEntrega>\r
            <!--Optional:-->\r
            <ebil:MesCausado>?</ebil:MesCausado>\r
            <!--Optional:-->\r
            <ebil:MonedaISO>?</ebil:MonedaISO>\r
            <!--Optional:-->\r
            <ebil:NitCliente>?</ebil:NitCliente>\r
            <!--Optional:-->\r
            <ebil:NitEmpresa>?</ebil:NitEmpresa>\r
            <!--Optional:-->\r
            <ebil:NombreCliente>?</ebil:NombreCliente>\r
            <!--Optional:-->\r
            <ebil:NombreComercial>?</ebil:NombreComercial>\r
            <!--Optional:-->\r
            <ebil:NombrePlan>?</ebil:NombrePlan>\r
            <!--Optional:-->\r
            <ebil:NombreVendedor>?</ebil:NombreVendedor>\r
            <!--Optional:-->\r
            <ebil:NumAprobacionRes>?</ebil:NumAprobacionRes>\r
            <!--Optional:-->\r
            <ebil:NumFactura>?</ebil:NumFactura>\r
            <!--Optional:-->\r
            <ebil:OrderID>?</ebil:OrderID>\r
            <!--Optional:-->\r
            <ebil:PAI_ISO_3166>?</ebil:PAI_ISO_3166>\r
            <!--Optional:-->\r
            <ebil:PAI_nombre_envio>?</ebil:PAI_nombre_envio>\r
            <!--Optional:-->\r
            <ebil:PagoAnterior>?</ebil:PagoAnterior>\r
            <!--Optional:-->\r
            <ebil:Prefijo>?</ebil:Prefijo>\r
            <!--Optional:-->\r
            <ebil:ReferenciaCliente>?</ebil:ReferenciaCliente>\r
            <!--Optional:-->\r
            <ebil:RetencionCREETotal>?</ebil:RetencionCREETotal>\r
            <!--Optional:-->\r
            <ebil:SMSXDoc>?</ebil:SMSXDoc>\r
            <!--Optional:-->\r
            <ebil:SaldoAnterior>?</ebil:SaldoAnterior>\r
            <!--Optional:-->\r
            <ebil:SubTotal>?</ebil:SubTotal>\r
            <!--Optional:-->\r
            <ebil:SubTotalSegunMon>?</ebil:SubTotalSegunMon>\r
            <!--Optional:-->\r
            <ebil:Sucursal>?</ebil:Sucursal>\r
            <!--Optional:-->\r
            <ebil:TIP_id_tipo_persona>?</ebil:TIP_id_tipo_persona>\r
            <!--Optional:-->\r
            <ebil:TasaCambio>?</ebil:TasaCambio>\r
            <!--Optional:-->\r
            <ebil:TelefonoCliente>?</ebil:TelefonoCliente>\r
            <!--Optional:-->\r
            <ebil:Texto3>?</ebil:Texto3>\r
            <!--Optional:-->\r
            <ebil:TieneAcuerdo>?</ebil:TieneAcuerdo>\r
            <!--Optional:-->\r
            <ebil:TipoComprobante>?</ebil:TipoComprobante>\r
            <!--Optional:-->\r
            <ebil:TipoContribuyente>?</ebil:TipoContribuyente>\r
            <!--Optional:-->\r
            <ebil:TipoIDCliente>?</ebil:TipoIDCliente>\r
            <!--Optional:-->\r
            <ebil:Total>?</ebil:Total>\r
            <!--Optional:-->\r
            <ebil:TotalIVA>?</ebil:TotalIVA>\r
            <!--Optional:-->\r
            <ebil:TotalIVASegunMon>?</ebil:TotalIVASegunMon>\r
            <!--Optional:-->\r
            <ebil:TotalRetICA>?</ebil:TotalRetICA>\r
            <!--Optional:-->\r
            <ebil:TotalRetIVA>?</ebil:TotalRetIVA>\r
            <!--Optional:-->\r
            <ebil:TotalRetencion>?</ebil:TotalRetencion>\r
            <!--Optional:-->\r
            <ebil:TotalSegunMon>?</ebil:TotalSegunMon>\r
            <!--Optional:-->\r
            <ebil:TotalTraslado>?</ebil:TotalTraslado>\r
            <!--Optional:-->\r
            <ebil:Total_a_Pagar>?</ebil:Total_a_Pagar>\r
            <!--Optional:-->\r
            <ebil:ValorHasta1>?</ebil:ValorHasta1>\r
            <!--Optional:-->\r
            <ebil:ValorHasta2>?</ebil:ValorHasta2>\r
            <!--Optional:-->\r
            <ebil:ValorHasta3>?</ebil:ValorHasta3>\r
            <!--Optional:-->\r
            <ebil:ValorHasta4>?</ebil:ValorHasta4>\r
            <!--Optional:-->\r
            <ebil:cfd_activa_nota1>?</ebil:cfd_activa_nota1>\r
            <!--Optional:-->\r
            <ebil:cfd_barcode_banco4>?</ebil:cfd_barcode_banco4>\r
            <!--Optional:-->\r
            <ebil:ciudad_envio>?</ebil:ciudad_envio>\r
            <!--Optional:-->\r
            <ebil:code1>?</ebil:code1>\r
            <!--Optional:-->\r
            <ebil:code2>?</ebil:code2>\r
            <!--Optional:-->\r
            <ebil:code3>?</ebil:code3>\r
            <!--Optional:-->\r
            <ebil:curso>?</ebil:curso>\r
            <!--Optional:-->\r
            <ebil:departamento_envio>?</ebil:departamento_envio>\r
            <!--Optional:-->\r
            <ebil:direccion_envio>?</ebil:direccion_envio>\r
            <!--Optional:-->\r
            <ebil:id_PFD_PerfilDummy>?</ebil:id_PFD_PerfilDummy>\r
            <!--Optional:-->\r
            <ebil:numero_envio>?</ebil:numero_envio>\r
            <!--Optional:-->\r
            <ebil:orden_venta>?</ebil:orden_venta>\r
            <!--Optional:-->\r
            <ebil:pague_hasta1>?</ebil:pague_hasta1>\r
            <!--Optional:-->\r
            <ebil:pague_hasta2>?</ebil:pague_hasta2>\r
            <!--Optional:-->\r
            <ebil:pague_hasta3>?</ebil:pague_hasta3>\r
            <!--Optional:-->\r
            <ebil:referencia>?</ebil:referencia>\r
            <!--Optional:-->\r
            <ebil:referencia1>?</ebil:referencia1>\r
            <!--Optional:-->\r
            <ebil:referencia_envio>?</ebil:referencia_envio>\r
            <!--Optional:-->\r
            <ebil:telefono_envio>?</ebil:telefono_envio>\r
         </tem:FacCab>\r
         <!--Optional:-->\r
         <tem:DetFac>\r
            <!--Zero or more repetitions:-->\r
            <ebil:FV_CFDDetConexionInt>\r
               <!--Optional:-->\r
               <ebil:CON_base_ica>?</ebil:CON_base_ica>\r
               <!--Optional:-->\r
               <ebil:CON_base_impo_n>?</ebil:CON_base_impo_n>\r
               <!--Optional:-->\r
               <ebil:CON_base_impo_r>?</ebil:CON_base_impo_r>\r
               <!--Optional:-->\r
               <ebil:CON_base_iva>?</ebil:CON_base_iva>\r
               <!--Optional:-->\r
               <ebil:CON_cantidad_original_solicitada>?</ebil:CON_cantidad_original_solicitada>\r
               <!--Optional:-->\r
               <ebil:CON_categoria_0>?</ebil:CON_categoria_0>\r
               <!--Optional:-->\r
               <ebil:CON_categoria_1>?</ebil:CON_categoria_1>\r
               <!--Optional:-->\r
               <ebil:CON_categoria_2>?</ebil:CON_categoria_2>\r
               <!--Optional:-->\r
               <ebil:CON_categoria_3>?</ebil:CON_categoria_3>\r
               <!--Optional:-->\r
               <ebil:CON_ciudad_despacho>?</ebil:CON_ciudad_despacho>\r
               <!--Optional:-->\r
               <ebil:CON_dato_decimal1>?</ebil:CON_dato_decimal1>\r
               <!--Optional:-->\r
               <ebil:CON_dato_decimal10>?</ebil:CON_dato_decimal10>\r
               <!--Optional:-->\r
               <ebil:CON_dato_decimal11>?</ebil:CON_dato_decimal11>\r
               <!--Optional:-->\r
               <ebil:CON_dato_decimal12>?</ebil:CON_dato_decimal12>\r
               <!--Optional:-->\r
               <ebil:CON_dato_decimal13>?</ebil:CON_dato_decimal13>\r
               <!--Optional:-->\r
               <ebil:CON_dato_decimal14>?</ebil:CON_dato_decimal14>\r
               <!--Optional:-->\r
               <ebil:CON_dato_decimal15>?</ebil:CON_dato_decimal15>\r
               <!--Optional:-->\r
               <ebil:CON_dato_decimal2>?</ebil:CON_dato_decimal2>\r
               <!--Optional:-->\r
               <ebil:CON_dato_decimal3>?</ebil:CON_dato_decimal3>\r
               <!--Optional:-->\r
               <ebil:CON_dato_decimal4>?</ebil:CON_dato_decimal4>\r
               <!--Optional:-->\r
               <ebil:CON_dato_decimal5>?</ebil:CON_dato_decimal5>\r
               <!--Optional:-->\r
               <ebil:CON_dato_decimal6>?</ebil:CON_dato_decimal6>\r
               <!--Optional:-->\r
               <ebil:CON_dato_decimal7>?</ebil:CON_dato_decimal7>\r
               <!--Optional:-->\r
               <ebil:CON_dato_decimal8>?</ebil:CON_dato_decimal8>\r
               <!--Optional:-->\r
               <ebil:CON_dato_decimal9>?</ebil:CON_dato_decimal9>\r
               <!--Optional:-->\r
               <ebil:CON_dato_destino>?</ebil:CON_dato_destino>\r
               <!--Optional:-->\r
               <ebil:CON_dato_fecha>?</ebil:CON_dato_fecha>\r
               <!--Optional:-->\r
               <ebil:CON_dato_origen>?</ebil:CON_dato_origen>\r
               <!--Optional:-->\r
               <ebil:CON_dato_peso>?</ebil:CON_dato_peso>\r
               <!--Optional:-->\r
               <ebil:CON_dato_placa>?</ebil:CON_dato_placa>\r
               <!--Optional:-->\r
               <ebil:CON_dato_referencia>?</ebil:CON_dato_referencia>\r
               <!--Optional:-->\r
               <ebil:CON_dato_texto1>?</ebil:CON_dato_texto1>\r
               <!--Optional:-->\r
               <ebil:CON_dato_texto10>?</ebil:CON_dato_texto10>\r
               <!--Optional:-->\r
               <ebil:CON_dato_texto11>?</ebil:CON_dato_texto11>\r
               <!--Optional:-->\r
               <ebil:CON_dato_texto12>?</ebil:CON_dato_texto12>\r
               <!--Optional:-->\r
               <ebil:CON_dato_texto13>?</ebil:CON_dato_texto13>\r
               <!--Optional:-->\r
               <ebil:CON_dato_texto14>?</ebil:CON_dato_texto14>\r
               <!--Optional:-->\r
               <ebil:CON_dato_texto15>?</ebil:CON_dato_texto15>\r
               <!--Optional:-->\r
               <ebil:CON_dato_texto2>?</ebil:CON_dato_texto2>\r
               <!--Optional:-->\r
               <ebil:CON_dato_texto3>?</ebil:CON_dato_texto3>\r
               <!--Optional:-->\r
               <ebil:CON_dato_texto4>?</ebil:CON_dato_texto4>\r
               <!--Optional:-->\r
               <ebil:CON_dato_texto5>?</ebil:CON_dato_texto5>\r
               <!--Optional:-->\r
               <ebil:CON_dato_texto6>?</ebil:CON_dato_texto6>\r
               <!--Optional:-->\r
               <ebil:CON_dato_texto7>?</ebil:CON_dato_texto7>\r
               <!--Optional:-->\r
               <ebil:CON_dato_texto8>?</ebil:CON_dato_texto8>\r
               <!--Optional:-->\r
               <ebil:CON_dato_texto9>?</ebil:CON_dato_texto9>\r
               <!--Optional:-->\r
               <ebil:CON_departamento_despacho>?</ebil:CON_departamento_despacho>\r
               <!--Optional:-->\r
               <ebil:CON_detalle_construccion>?</ebil:CON_detalle_construccion>\r
               <!--Optional:-->\r
               <ebil:CON_detalle_industria1>?</ebil:CON_detalle_industria1>\r
               <!--Optional:-->\r
               <ebil:CON_detalle_industria2>?</ebil:CON_detalle_industria2>\r
               <!--Optional:-->\r
               <ebil:CON_detalle_industria3>?</ebil:CON_detalle_industria3>\r
               <!--Optional:-->\r
               <ebil:CON_detalle_vehiculo>?</ebil:CON_detalle_vehiculo>\r
               <!--Optional:-->\r
               <ebil:CON_direccion_despacho>?</ebil:CON_direccion_despacho>\r
               <!--Optional:-->\r
               <ebil:CON_documentos_referencia>?</ebil:CON_documentos_referencia>\r
               <!--Optional:-->\r
               <ebil:CON_linea_concepto>?</ebil:CON_linea_concepto>\r
               <!--Optional:-->\r
               <ebil:CON_linea_padre_concepto>?</ebil:CON_linea_padre_concepto>\r
               <!--Optional:-->\r
               <ebil:CON_posicion_arancelaria>?</ebil:CON_posicion_arancelaria>\r
               <!--Optional:-->\r
               <ebil:CON_sub_cliente>?</ebil:CON_sub_cliente>\r
               <!--Optional:-->\r
               <ebil:CON_total_con_seg_mon>?</ebil:CON_total_con_seg_mon>\r
               <!--Optional:-->\r
               <ebil:CON_unidad_medida_con>?</ebil:CON_unidad_medida_con>\r
               <!--Optional:-->\r
               <ebil:CON_valor_otros_cargos>?</ebil:CON_valor_otros_cargos>\r
               <!--Optional:-->\r
               <ebil:CON_valor_otros_descuentos>?</ebil:CON_valor_otros_descuentos>\r
               <!--Optional:-->\r
               <ebil:CON_valor_unitario_seg_mon>?</ebil:CON_valor_unitario_seg_mon>\r
               <!--Optional:-->\r
               <ebil:CREE>?</ebil:CREE>\r
               <!--Optional:-->\r
               <ebil:Cantidad>?</ebil:Cantidad>\r
               <!--Optional:-->\r
               <ebil:ClaseMovimiento>?</ebil:ClaseMovimiento>\r
               <!--Optional:-->\r
               <ebil:CodigoProducto>?</ebil:CodigoProducto>\r
               <!--Optional:-->\r
               <ebil:Codigos>\r
                  <!--Zero or more repetitions:-->\r
                  <arr:string>?</arr:string>\r
               </ebil:Codigos>\r
               <!--Optional:-->\r
               <ebil:CodigosString>?</ebil:CodigosString>\r
               <!--Optional:-->\r
               <ebil:DescripcionConcepto>?</ebil:DescripcionConcepto>\r
               <!--Optional:-->\r
               <ebil:DescripcionProducto>?</ebil:DescripcionProducto>\r
               <!--Optional:-->\r
               <ebil:DescuentoConcepto>?</ebil:DescuentoConcepto>\r
               <!--Optional:-->\r
               <ebil:FechaRecibe>?</ebil:FechaRecibe>\r
               <!--Optional:-->\r
               <ebil:IVAProducto>?</ebil:IVAProducto>\r
               <!--Optional:-->\r
               <ebil:IdConcepto>?</ebil:IdConcepto>\r
               <!--Optional:-->\r
               <ebil:Importe>?</ebil:Importe>\r
               <!--Optional:-->\r
               <ebil:Impuesto2>?</ebil:Impuesto2>\r
               <!--Optional:-->\r
               <ebil:ItemReferencia>?</ebil:ItemReferencia>\r
               <!--Optional:-->\r
               <ebil:NotasConcepto>?</ebil:NotasConcepto>\r
               <!--Optional:-->\r
               <ebil:PorIVAProducto>?</ebil:PorIVAProducto>\r
               <!--Optional:-->\r
               <ebil:PorImpuesto2>?</ebil:PorImpuesto2>\r
               <!--Optional:-->\r
               <ebil:PorcentajeDescuento>?</ebil:PorcentajeDescuento>\r
               <!--Optional:-->\r
               <ebil:RetencionCREE>?</ebil:RetencionCREE>\r
               <!--Optional:-->\r
               <ebil:TipoImpuesto>?</ebil:TipoImpuesto>\r
               <!--Optional:-->\r
               <ebil:TotalConSegMon>?</ebil:TotalConSegMon>\r
               <!--Optional:-->\r
               <ebil:TotalConcepto>?</ebil:TotalConcepto>\r
               <!--Optional:-->\r
               <ebil:UnidadMedida>?</ebil:UnidadMedida>\r
               <!--Optional:-->\r
               <ebil:ValorUnitario>?</ebil:ValorUnitario>\r
               <!--Optional:-->\r
               <ebil:con_recurrente>?</ebil:con_recurrente>\r
            </ebil:FV_CFDDetConexionInt>\r
         </tem:DetFac>\r
         <!--Optional:-->\r
         <tem:Opciones>\r
            <!--Optional:-->\r
            <ebil:ActualizaProductos>?</ebil:ActualizaProductos>\r
            <!--Optional:-->\r
            <ebil:CalculaReteCree>?</ebil:CalculaReteCree>\r
            <!--Optional:-->\r
            <ebil:CalculaReteFuente>?</ebil:CalculaReteFuente>\r
            <!--Optional:-->\r
            <ebil:CalculaReteICA>?</ebil:CalculaReteICA>\r
            <!--Optional:-->\r
            <ebil:CalculaReteIVA>?</ebil:CalculaReteIVA>\r
            <!--Optional:-->\r
            <ebil:EmisionAutomatica>?</ebil:EmisionAutomatica>\r
            <!--Optional:-->\r
            <ebil:FacturaMinimalegal>?</ebil:FacturaMinimalegal>\r
            <!--Optional:-->\r
            <ebil:FacturasSinAcuerdo>?</ebil:FacturasSinAcuerdo>\r
            <!--Optional:-->\r
            <ebil:ModeloXAceptacion>?</ebil:ModeloXAceptacion>\r
            <!--Optional:-->\r
            <ebil:NotasRelacionadas>?</ebil:NotasRelacionadas>\r
            <!--Optional:-->\r
            <ebil:OrderControl>?</ebil:OrderControl>\r
            <!--Optional:-->\r
            <ebil:TieneAcuerdosFisicos>?</ebil:TieneAcuerdosFisicos>\r
            <!--Optional:-->\r
            <ebil:TokenConexion>?</ebil:TokenConexion>\r
            <!--Optional:-->\r
            <ebil:eBillAdmNumerosFactura>?</ebil:eBillAdmNumerosFactura>\r
         </tem:Opciones>\r
         <!--Optional:-->\r
         <tem:AllowedChargeCab>\r
            <!--Zero or more repetitions:-->\r
            <ebil:FV_ACC_AllowanceChargeCabInt>\r
               <!--Optional:-->\r
               <ebil:FCC_ACC_Amount_AllowanceChargeCab>?</ebil:FCC_ACC_Amount_AllowanceChargeCab>\r
               <!--Optional:-->\r
               <ebil:FCC_ACC_MultiplierFactorNumeric_AllowanceChargeCab>?</ebil:FCC_ACC_MultiplierFactorNumeric_AllowanceChargeCab>\r
               <!--Optional:-->\r
               <ebil:FC_ACC_BaseAmount_AllowanceChargeCab>?</ebil:FC_ACC_BaseAmount_AllowanceChargeCab>\r
               <!--Optional:-->\r
               <ebil:FV_ACC_ChargeIndicator_AllowanceChargeCab>?</ebil:FV_ACC_ChargeIndicator_AllowanceChargeCab>\r
               <!--Optional:-->\r
               <ebil:FV_ACC_Code_AllowanceChargeCab>?</ebil:FV_ACC_Code_AllowanceChargeCab>\r
               <!--Optional:-->\r
               <ebil:FV_ACC_Id_AllowanceChargeCab>?</ebil:FV_ACC_Id_AllowanceChargeCab>\r
               <!--Optional:-->\r
               <ebil:FV_ACC_Reason_AllowanceChargeCab>?</ebil:FV_ACC_Reason_AllowanceChargeCab>\r
            </ebil:FV_ACC_AllowanceChargeCabInt>\r
         </tem:AllowedChargeCab>\r
         <!--Optional:-->\r
         <tem:AllowedChargeDet>\r
            <!--Zero or more repetitions:-->\r
            <ebil:FV_ACD_AllowanceChargeDetInt>\r
               <!--Optional:-->\r
               <ebil:FCC_ACD_Amount_AllowanceChargeDet>?</ebil:FCC_ACD_Amount_AllowanceChargeDet>\r
               <!--Optional:-->\r
               <ebil:FCC_ACD_MultiplierFactorNumeric_AllowanceChargeDet>?</ebil:FCC_ACD_MultiplierFactorNumeric_AllowanceChargeDet>\r
               <!--Optional:-->\r
               <ebil:FC_ACD_BaseAmount_AllowanceChargeDet>?</ebil:FC_ACD_BaseAmount_AllowanceChargeDet>\r
               <!--Optional:-->\r
               <ebil:FV_ACD_ChargeIndicator_AllowanceChargeDet>?</ebil:FV_ACD_ChargeIndicator_AllowanceChargeDet>\r
               <!--Optional:-->\r
               <ebil:FV_ACD_Code_AllowanceChargeDet>?</ebil:FV_ACD_Code_AllowanceChargeDet>\r
               <!--Optional:-->\r
               <ebil:FV_ACD_Id_AllowanceChargeDet>?</ebil:FV_ACD_Id_AllowanceChargeDet>\r
               <!--Optional:-->\r
               <ebil:FV_ACD_Reason_AllowanceChargeDet>?</ebil:FV_ACD_Reason_AllowanceChargeDet>\r
               <!--Optional:-->\r
               <ebil:IdConcepto>?</ebil:IdConcepto>\r
            </ebil:FV_ACD_AllowanceChargeDetInt>\r
         </tem:AllowedChargeDet>\r
         <!--Optional:-->\r
         <tem:_FV_TRBACON_TributoAgrupadoXConceptoInt>\r
            <!--Zero or more repetitions:-->\r
            <ebil:FV_TRBACON_TributoAgrupadoXConceptoInt>\r
               <!--Optional:-->\r
               <ebil:FV_TRBACON_RoundingAmount_TributoAgrupadoXConcepto>?</ebil:FV_TRBACON_RoundingAmount_TributoAgrupadoXConcepto>\r
               <!--Optional:-->\r
               <ebil:FV_TRBACON_TaxAmount_TributoAgrupadoXConcepto>?</ebil:FV_TRBACON_TaxAmount_TributoAgrupadoXConcepto>\r
               <!--Optional:-->\r
               <ebil:FV_TRBACON_Withholding_TributoAgrupado>?</ebil:FV_TRBACON_Withholding_TributoAgrupado>\r
               <!--Optional:-->\r
               <ebil:FV_TRB_Id_Tributos>?</ebil:FV_TRB_Id_Tributos>\r
               <!--Optional:-->\r
               <ebil:IdConcepto>?</ebil:IdConcepto>\r
            </ebil:FV_TRBACON_TributoAgrupadoXConceptoInt>\r
         </tem:_FV_TRBACON_TributoAgrupadoXConceptoInt>\r
         <!--Optional:-->\r
         <tem:_FV_TRBDCON_TributoDetalleXConceptoInt>\r
            <!--Zero or more repetitions:-->\r
            <ebil:FV_TRBDCON_TributoDetalleXConceptoInt>\r
               <!--Optional:-->\r
               <ebil:FV_TRBDCON_PerUnitAmount_TributoDetalleXConcepto>?</ebil:FV_TRBDCON_PerUnitAmount_TributoDetalleXConcepto>\r
               <!--Optional:-->\r
               <ebil:FV_TRBDCON_TaxAmount_TributoDetalleXConcepto>?</ebil:FV_TRBDCON_TaxAmount_TributoDetalleXConcepto>\r
               <!--Optional:-->\r
               <ebil:FV_TRBDCON_TaxableAmount_TributoDetalleXConcepto>?</ebil:FV_TRBDCON_TaxableAmount_TributoDetalleXConcepto>\r
               <!--Optional:-->\r
               <ebil:FV_TRBDCON_Withholding_TributoDetalleXConcepto>?</ebil:FV_TRBDCON_Withholding_TributoDetalleXConcepto>\r
               <!--Optional:-->\r
               <ebil:FV_TRB_Id_Tributos>?</ebil:FV_TRB_Id_Tributos>\r
               <!--Optional:-->\r
               <ebil:FV_TXT_Id_TarifaXTributo>?</ebil:FV_TXT_Id_TarifaXTributo>\r
               <!--Optional:-->\r
               <ebil:FV_TXT_Tarifa_TarifaXTributo>?</ebil:FV_TXT_Tarifa_TarifaXTributo>\r
               <!--Optional:-->\r
               <ebil:FV_UNN_Codigo_DIAN>?</ebil:FV_UNN_Codigo_DIAN>\r
               <!--Optional:-->\r
               <ebil:IdConcepto>?</ebil:IdConcepto>\r
            </ebil:FV_TRBDCON_TributoDetalleXConceptoInt>\r
         </tem:_FV_TRBDCON_TributoDetalleXConceptoInt>\r
         <!--Optional:-->\r
         <tem:_FV_TRBA_TributoAgrupadoInt>\r
            <!--Zero or more repetitions:-->\r
            <ebil:FV_TRBA_TributoAgrupadoInt>\r
               <!--Optional:-->\r
               <ebil:FV_TRBA_RoundingAmount_TributoAgrupado>?</ebil:FV_TRBA_RoundingAmount_TributoAgrupado>\r
               <!--Optional:-->\r
               <ebil:FV_TRBA_TaxAmount_TributoAgrupado>?</ebil:FV_TRBA_TaxAmount_TributoAgrupado>\r
               <!--Optional:-->\r
               <ebil:FV_TRBA_Withholding_TributoAgrupado>?</ebil:FV_TRBA_Withholding_TributoAgrupado>\r
               <!--Optional:-->\r
               <ebil:FV_TRB_Id_Tributos>?</ebil:FV_TRB_Id_Tributos>\r
            </ebil:FV_TRBA_TributoAgrupadoInt>\r
         </tem:_FV_TRBA_TributoAgrupadoInt>\r
         <!--Optional:-->\r
         <tem:_FV_TRBD_TributoDetalleInt>\r
            <!--Zero or more repetitions:-->\r
            <ebil:FV_TRBD_TributoDetalleInt>\r
               <!--Optional:-->\r
               <ebil:FV_TRBD_PerUnitAmount_TributoDetalle>?</ebil:FV_TRBD_PerUnitAmount_TributoDetalle>\r
               <!--Optional:-->\r
               <ebil:FV_TRBD_TaxAmount_TributoDetalle>?</ebil:FV_TRBD_TaxAmount_TributoDetalle>\r
               <!--Optional:-->\r
               <ebil:FV_TRBD_TaxableAmount_TributoDetalle>?</ebil:FV_TRBD_TaxableAmount_TributoDetalle>\r
               <!--Optional:-->\r
               <ebil:FV_TRBD_Withholding_TributoDetalle>?</ebil:FV_TRBD_Withholding_TributoDetalle>\r
               <!--Optional:-->\r
               <ebil:FV_TRB_Id_Tributos>?</ebil:FV_TRB_Id_Tributos>\r
               <!--Optional:-->\r
               <ebil:FV_TXT_Id_TarifaXTributo>?</ebil:FV_TXT_Id_TarifaXTributo>\r
               <!--Optional:-->\r
               <ebil:FV_TXT_Tarifa_TarifaXTributo>?</ebil:FV_TXT_Tarifa_TarifaXTributo>\r
               <!--Optional:-->\r
               <ebil:FV_UNN_Codigo_DIAN>?</ebil:FV_UNN_Codigo_DIAN>\r
            </ebil:FV_TRBD_TributoDetalleInt>\r
         </tem:_FV_TRBD_TributoDetalleInt>\r
         <!--Optional:-->\r
         <tem:Coord>\r
            <!--Zero or more repetitions:-->\r
            <ebil:CoordenadasPixelesByPage>\r
               <!--Optional:-->\r
               <ebil:Page>?</ebil:Page>\r
               <!--Optional:-->\r
               <ebil:ValorAlto>?</ebil:ValorAlto>\r
               <!--Optional:-->\r
               <ebil:ValorAncho>?</ebil:ValorAncho>\r
               <!--Optional:-->\r
               <ebil:ValorX>?</ebil:ValorX>\r
               <!--Optional:-->\r
               <ebil:ValorY>?</ebil:ValorY>\r
            </ebil:CoordenadasPixelesByPage>\r
         </tem:Coord>\r
         <!--Optional:-->\r
         <tem:retornaXML>?</tem:retornaXML>\r
         <!--Optional:-->\r
         <tem:_FV_AXD_AnticiposXDocumentoInt>\r
            <!--Zero or more repetitions:-->\r
            <ebil:FV_AXD_AnticiposXDocumentoInt>\r
               <!--Optional:-->\r
               <ebil:Codigo_Moneda>?</ebil:Codigo_Moneda>\r
               <!--Optional:-->\r
               <ebil:FV_AXD_IdXDoc_AnticiposXDocumento>?</ebil:FV_AXD_IdXDoc_AnticiposXDocumento>\r
               <!--Optional:-->\r
               <ebil:FV_AXD_InstructionID>?</ebil:FV_AXD_InstructionID>\r
               <!--Optional:-->\r
               <ebil:FV_AXD_PaidAmount>?</ebil:FV_AXD_PaidAmount>\r
               <!--Optional:-->\r
               <ebil:FV_AXD_PaidDate>?</ebil:FV_AXD_PaidDate>\r
               <!--Optional:-->\r
               <ebil:FV_AXD_PaidTime>?</ebil:FV_AXD_PaidTime>\r
               <!--Optional:-->\r
               <ebil:FV_AXD_ReceivedDate>?</ebil:FV_AXD_ReceivedDate>\r
               <!--Optional:-->\r
               <ebil:IdAnticipo>?</ebil:IdAnticipo>\r
            </ebil:FV_AXD_AnticiposXDocumentoInt>\r
         </tem:_FV_AXD_AnticiposXDocumentoInt>\r
      </tem:FV_CargarDocumentosElectronicosToeBillGenericFULLPDFCUFE>\r
   </soapenv:Body>\r
</soapenv:Envelope>]]></con:request><con:wsaConfig mustUnderstand="NONE" version="200508" action="http://tempuri.org/IIntegracion/FV_CargarDocumentosElectronicosToeBillGenericFULLPDFCUFE"/></con:call></con:operation><con:operation id="0f1d97a9-3f55-4578-a1e9-c4d19b64769c" isOneWay="false" action="http://tempuri.org/IIntegracion/FV_CargarDocumentosElectronicosToeBillTxA" name="FV_CargarDocumentosElectronicosToeBillTxA" bindingOperationName="FV_CargarDocumentosElectronicosToeBillTxA" type="Request-Response" inputName="" receivesAttachments="false" sendsAttachments="false" anonymous="optional"><con:settings/><con:call id="69bca35e-f7f1-41b7-babf-1395a199b669" name="Request 1"><con:settings/><con:encoding>UTF-8</con:encoding><con:endpoint>https://fymtest.cloudapp.net:444/ServiciosFyM/eBill/Integracion.svc</con:endpoint><con:request><![CDATA[<soapenv:Envelope xmlns:soapenv="http://schemas.xmlsoap.org/soap/envelope/" xmlns:tem="http://tempuri.org/" xmlns:ebil="http://schemas.datacontract.org/2004/07/eBillCore" xmlns:arr="http://schemas.microsoft.com/2003/10/Serialization/Arrays">\r
   <soapenv:Header/>\r
   <soapenv:Body>\r
      <tem:FV_CargarDocumentosElectronicosToeBillTxA>\r
         <!--Optional:-->\r
         <tem:PDFFac>cid:753809548687</tem:PDFFac>\r
         <!--Optional:-->\r
         <tem:FacCab>\r
            <!--Optional:-->\r
            <ebil:AnoAprobacionRes>?</ebil:AnoAprobacionRes>\r
            <!--Optional:-->\r
            <ebil:Base_Impuesto>?</ebil:Base_Impuesto>\r
            <!--Optional:-->\r
            <ebil:CFD_AdditionalDocumentReference>?</ebil:CFD_AdditionalDocumentReference>\r
            <!--Optional:-->\r
            <ebil:CFD_Control_logo>?</ebil:CFD_Control_logo>\r
            <!--Optional:-->\r
            <ebil:CFD_EST_estado_tramit>?</ebil:CFD_EST_estado_tramit>\r
            <!--Optional:-->\r
            <ebil:CFD_Envio_Asyncronico>?</ebil:CFD_Envio_Asyncronico>\r
            <!--Optional:-->\r
            <ebil:CFD_Flete>?</ebil:CFD_Flete>\r
            <!--Optional:-->\r
            <ebil:CFD_Inf_relacionada_Industria>?</ebil:CFD_Inf_relacionada_Industria>\r
            <!--Optional:-->\r
            <ebil:CFD_LineCountNumeric>?</ebil:CFD_LineCountNumeric>\r
            <!--Optional:-->\r
            <ebil:CFD_LineExtensionAmount>?</ebil:CFD_LineExtensionAmount>\r
            <!--Optional:-->\r
            <ebil:CFD_Modelo_Facturacion>?</ebil:CFD_Modelo_Facturacion>\r
            <!--Optional:-->\r
            <ebil:CFD_OtrosCargos>?</ebil:CFD_OtrosCargos>\r
            <!--Optional:-->\r
            <ebil:CFD_Por_Margen>?</ebil:CFD_Por_Margen>\r
            <!--Optional:-->\r
            <ebil:CFD_ProfileExecutionID>?</ebil:CFD_ProfileExecutionID>\r
            <!--Optional:-->\r
            <ebil:CFD_ResponseCode>?</ebil:CFD_ResponseCode>\r
            <!--Optional:-->\r
            <ebil:CFD_TaxExclusiveAmount>?</ebil:CFD_TaxExclusiveAmount>\r
            <!--Optional:-->\r
            <ebil:CFD_TaxInclusiveAmount>?</ebil:CFD_TaxInclusiveAmount>\r
            <!--Optional:-->\r
            <ebil:CFD_TaxPointDate>?</ebil:CFD_TaxPointDate>\r
            <!--Optional:-->\r
            <ebil:CFD_Transaccion_VIP>?</ebil:CFD_Transaccion_VIP>\r
            <!--Optional:-->\r
            <ebil:CFD_base_ICA_total>?</ebil:CFD_base_ICA_total>\r
            <!--Optional:-->\r
            <ebil:CFD_base_impo_total_nal>?</ebil:CFD_base_impo_total_nal>\r
            <!--Optional:-->\r
            <ebil:CFD_base_impo_total_reg>?</ebil:CFD_base_impo_total_reg>\r
            <!--Optional:-->\r
            <ebil:CFD_campo_texto_10>?</ebil:CFD_campo_texto_10>\r
            <!--Optional:-->\r
            <ebil:CFD_campo_texto_11>?</ebil:CFD_campo_texto_11>\r
            <!--Optional:-->\r
            <ebil:CFD_campo_texto_12>?</ebil:CFD_campo_texto_12>\r
            <!--Optional:-->\r
            <ebil:CFD_campo_texto_13>?</ebil:CFD_campo_texto_13>\r
            <!--Optional:-->\r
            <ebil:CFD_campo_texto_14>?</ebil:CFD_campo_texto_14>\r
            <!--Optional:-->\r
            <ebil:CFD_campo_texto_15>?</ebil:CFD_campo_texto_15>\r
            <!--Optional:-->\r
            <ebil:CFD_campo_texto_16>?</ebil:CFD_campo_texto_16>\r
            <!--Optional:-->\r
            <ebil:CFD_campo_texto_17>?</ebil:CFD_campo_texto_17>\r
            <!--Optional:-->\r
            <ebil:CFD_campo_texto_18>?</ebil:CFD_campo_texto_18>\r
            <!--Optional:-->\r
            <ebil:CFD_campo_texto_19>?</ebil:CFD_campo_texto_19>\r
            <!--Optional:-->\r
            <ebil:CFD_campo_texto_20>?</ebil:CFD_campo_texto_20>\r
            <!--Optional:-->\r
            <ebil:CFD_campo_texto_21>?</ebil:CFD_campo_texto_21>\r
            <!--Optional:-->\r
            <ebil:CFD_campo_texto_22>?</ebil:CFD_campo_texto_22>\r
            <!--Optional:-->\r
            <ebil:CFD_campo_texto_23>?</ebil:CFD_campo_texto_23>\r
            <!--Optional:-->\r
            <ebil:CFD_campo_texto_24>?</ebil:CFD_campo_texto_24>\r
            <!--Optional:-->\r
            <ebil:CFD_campo_texto_25>?</ebil:CFD_campo_texto_25>\r
            <!--Optional:-->\r
            <ebil:CFD_campo_texto_26>?</ebil:CFD_campo_texto_26>\r
            <!--Optional:-->\r
            <ebil:CFD_campo_texto_27>?</ebil:CFD_campo_texto_27>\r
            <!--Optional:-->\r
            <ebil:CFD_campo_texto_28>?</ebil:CFD_campo_texto_28>\r
            <!--Optional:-->\r
            <ebil:CFD_campo_texto_29>?</ebil:CFD_campo_texto_29>\r
            <!--Optional:-->\r
            <ebil:CFD_campo_texto_9>?</ebil:CFD_campo_texto_9>\r
            <!--Optional:-->\r
            <ebil:CFD_cantidad_dec_1>?</ebil:CFD_cantidad_dec_1>\r
            <!--Optional:-->\r
            <ebil:CFD_cantidad_dec_10>?</ebil:CFD_cantidad_dec_10>\r
            <!--Optional:-->\r
            <ebil:CFD_cantidad_dec_11>?</ebil:CFD_cantidad_dec_11>\r
            <!--Optional:-->\r
            <ebil:CFD_cantidad_dec_12>?</ebil:CFD_cantidad_dec_12>\r
            <!--Optional:-->\r
            <ebil:CFD_cantidad_dec_13>?</ebil:CFD_cantidad_dec_13>\r
            <!--Optional:-->\r
            <ebil:CFD_cantidad_dec_14>?</ebil:CFD_cantidad_dec_14>\r
            <!--Optional:-->\r
            <ebil:CFD_cantidad_dec_15>?</ebil:CFD_cantidad_dec_15>\r
            <!--Optional:-->\r
            <ebil:CFD_cantidad_dec_16>?</ebil:CFD_cantidad_dec_16>\r
            <!--Optional:-->\r
            <ebil:CFD_cantidad_dec_17>?</ebil:CFD_cantidad_dec_17>\r
            <!--Optional:-->\r
            <ebil:CFD_cantidad_dec_18>?</ebil:CFD_cantidad_dec_18>\r
            <!--Optional:-->\r
            <ebil:CFD_cantidad_dec_19>?</ebil:CFD_cantidad_dec_19>\r
            <!--Optional:-->\r
            <ebil:CFD_cantidad_dec_20>?</ebil:CFD_cantidad_dec_20>\r
            <!--Optional:-->\r
            <ebil:CFD_cantidad_dec_21>?</ebil:CFD_cantidad_dec_21>\r
            <!--Optional:-->\r
            <ebil:CFD_cantidad_dec_22>?</ebil:CFD_cantidad_dec_22>\r
            <!--Optional:-->\r
            <ebil:CFD_cantidad_dec_23>?</ebil:CFD_cantidad_dec_23>\r
            <!--Optional:-->\r
            <ebil:CFD_cantidad_dec_24>?</ebil:CFD_cantidad_dec_24>\r
            <!--Optional:-->\r
            <ebil:CFD_cantidad_dec_25>?</ebil:CFD_cantidad_dec_25>\r
            <!--Optional:-->\r
            <ebil:CFD_cantidad_dec_4>?</ebil:CFD_cantidad_dec_4>\r
            <!--Optional:-->\r
            <ebil:CFD_cantidad_dec_5>?</ebil:CFD_cantidad_dec_5>\r
            <!--Optional:-->\r
            <ebil:CFD_cantidad_dec_6>?</ebil:CFD_cantidad_dec_6>\r
            <!--Optional:-->\r
            <ebil:CFD_cantidad_dec_7>?</ebil:CFD_cantidad_dec_7>\r
            <!--Optional:-->\r
            <ebil:CFD_cantidad_dec_8>?</ebil:CFD_cantidad_dec_8>\r
            <!--Optional:-->\r
            <ebil:CFD_cantidad_dec_9>?</ebil:CFD_cantidad_dec_9>\r
            <!--Optional:-->\r
            <ebil:CFD_deducible>?</ebil:CFD_deducible>\r
            <!--Optional:-->\r
            <ebil:CFD_desconexion_servicio>?</ebil:CFD_desconexion_servicio>\r
            <!--Optional:-->\r
            <ebil:CFD_fecha_desconexion>?</ebil:CFD_fecha_desconexion>\r
            <!--Optional:-->\r
            <ebil:CFD_fecha_tasadeCambio>?</ebil:CFD_fecha_tasadeCambio>\r
            <!--Optional:-->\r
            <ebil:CFD_inf_origen_despacho>?</ebil:CFD_inf_origen_despacho>\r
            <!--Optional:-->\r
            <ebil:CFD_numero_enlace_doc_ref>?</ebil:CFD_numero_enlace_doc_ref>\r
            <!--Optional:-->\r
            <ebil:CFD_porc_rte_ICA>?</ebil:CFD_porc_rte_ICA>\r
            <!--Optional:-->\r
            <ebil:CFD_porc_rte_fuent>?</ebil:CFD_porc_rte_fuent>\r
            <!--Optional:-->\r
            <ebil:CFD_tasa_mora>?</ebil:CFD_tasa_mora>\r
            <!--Optional:-->\r
            <ebil:CFD_tdi_id_tipo_doc_interno>?</ebil:CFD_tdi_id_tipo_doc_interno>\r
            <!--Optional:-->\r
            <ebil:CFD_total_ICA>?</ebil:CFD_total_ICA>\r
            <!--Optional:-->\r
            <ebil:CFD_total_aduana_exp>?</ebil:CFD_total_aduana_exp>\r
            <!--Optional:-->\r
            <ebil:CFD_total_cargos>?</ebil:CFD_total_cargos>\r
            <!--Optional:-->\r
            <ebil:CFD_total_descuentos>?</ebil:CFD_total_descuentos>\r
            <!--Optional:-->\r
            <ebil:CFD_total_margen>?</ebil:CFD_total_margen>\r
            <!--Optional:-->\r
            <ebil:CFD_total_seguro_exp>?</ebil:CFD_total_seguro_exp>\r
            <!--Optional:-->\r
            <ebil:CLI_numero_cliente>?</ebil:CLI_numero_cliente>\r
            <!--Optional:-->\r
            <ebil:CREETotal>?</ebil:CREETotal>\r
            <!--Optional:-->\r
            <ebil:CampoTexto1>?</ebil:CampoTexto1>\r
            <!--Optional:-->\r
            <ebil:CampoTexto2>?</ebil:CampoTexto2>\r
            <!--Optional:-->\r
            <ebil:CampoTexto3>?</ebil:CampoTexto3>\r
            <!--Optional:-->\r
            <ebil:CampoTexto4>?</ebil:CampoTexto4>\r
            <!--Optional:-->\r
            <ebil:CampoTexto5>?</ebil:CampoTexto5>\r
            <!--Optional:-->\r
            <ebil:CampoTexto6>?</ebil:CampoTexto6>\r
            <!--Optional:-->\r
            <ebil:CampoTexto7>?</ebil:CampoTexto7>\r
            <!--Optional:-->\r
            <ebil:CampoTexto8>?</ebil:CampoTexto8>\r
            <!--Optional:-->\r
            <ebil:Cantidad1>?</ebil:Cantidad1>\r
            <!--Optional:-->\r
            <ebil:Cantidad2>?</ebil:Cantidad2>\r
            <!--Optional:-->\r
            <ebil:Cantidad3>?</ebil:Cantidad3>\r
            <!--Optional:-->\r
            <ebil:CantidadDec1>?</ebil:CantidadDec1>\r
            <!--Optional:-->\r
            <ebil:CantidadDec2>?</ebil:CantidadDec2>\r
            <!--Optional:-->\r
            <ebil:CantidadDec3>?</ebil:CantidadDec3>\r
            <!--Optional:-->\r
            <ebil:CiudadDANE>?</ebil:CiudadDANE>\r
            <!--Optional:-->\r
            <ebil:CodVendedor>?</ebil:CodVendedor>\r
            <!--Optional:-->\r
            <ebil:CodigoPostalCliente>?</ebil:CodigoPostalCliente>\r
            <!--Optional:-->\r
            <ebil:CodigoPostalEnvio>?</ebil:CodigoPostalEnvio>\r
            <!--Optional:-->\r
            <ebil:ComprobanteCon>?</ebil:ComprobanteCon>\r
            <!--Optional:-->\r
            <ebil:Condiciones_Pago>?</ebil:Condiciones_Pago>\r
            <!--Optional:-->\r
            <ebil:ContactoCargo>?</ebil:ContactoCargo>\r
            <!--Optional:-->\r
            <ebil:ContactoCorreo>?</ebil:ContactoCorreo>\r
            <!--Optional:-->\r
            <ebil:ContactoNombre>?</ebil:ContactoNombre>\r
            <!--Optional:-->\r
            <ebil:CorreoCliente>?</ebil:CorreoCliente>\r
            <!--Optional:-->\r
            <ebil:DepartamentoDANE>?</ebil:DepartamentoDANE>\r
            <!--Optional:-->\r
            <ebil:DescripcionPlan>?</ebil:DescripcionPlan>\r
            <!--Optional:-->\r
            <ebil:Descuento>?</ebil:Descuento>\r
            <!--Optional:-->\r
            <ebil:DigitoVerificaCliente>?</ebil:DigitoVerificaCliente>\r
            <!--Optional:-->\r
            <ebil:DireccionCliente>?</ebil:DireccionCliente>\r
            <!--Optional:-->\r
            <ebil:EsRecepcion>?</ebil:EsRecepcion>\r
            <!--Optional:-->\r
            <ebil:EstiloFactura>?</ebil:EstiloFactura>\r
            <!--Optional:-->\r
            <ebil:FV_CCN_id_concepto_correcionnotas>?</ebil:FV_CCN_id_concepto_correcionnotas>\r
            <!--Optional:-->\r
            <ebil:FV_CDE_id_codigos_descuento>?</ebil:FV_CDE_id_codigos_descuento>\r
            <!--Optional:-->\r
            <ebil:FV_EDO_id_eventos_docelec>?</ebil:FV_EDO_id_eventos_docelec>\r
            <!--Optional:-->\r
            <ebil:FV_INC_id_incoterm>?</ebil:FV_INC_id_incoterm>\r
            <!--Optional:-->\r
            <ebil:FV_RFI_Id_Regimen_Fiscal>?</ebil:FV_RFI_Id_Regimen_Fiscal>\r
            <!--Optional:-->\r
            <ebil:FV_TDD_Code_TipoDocumentoDIAN>?</ebil:FV_TDD_Code_TipoDocumentoDIAN>\r
            <!--Optional:-->\r
            <ebil:FV_TDO_Codigo_TipoOperacion>?</ebil:FV_TDO_Codigo_TipoOperacion>\r
            <!--Optional:-->\r
            <ebil:FechaExpedicion>?</ebil:FechaExpedicion>\r
            <!--Optional:-->\r
            <ebil:FechaFinalPeriodoFacturado>?</ebil:FechaFinalPeriodoFacturado>\r
            <!--Optional:-->\r
            <ebil:FechaInicialPeriodoFacturado>?</ebil:FechaInicialPeriodoFacturado>\r
            <!--Optional:-->\r
            <ebil:FechaVencimiento>?</ebil:FechaVencimiento>\r
            <!--Optional:-->\r
            <ebil:FormaPago>?</ebil:FormaPago>\r
            <!--Optional:-->\r
            <ebil:IDInterno>?</ebil:IDInterno>\r
            <!--Optional:-->\r
            <ebil:IDUbicacionCliente>?</ebil:IDUbicacionCliente>\r
            <!--Optional:-->\r
            <ebil:IDUbicacionEnvio>?</ebil:IDUbicacionEnvio>\r
            <!--Optional:-->\r
            <ebil:IdPlan>?</ebil:IdPlan>\r
            <!--Optional:-->\r
            <ebil:IdSucursal>?</ebil:IdSucursal>\r
            <!--Optional:-->\r
            <ebil:Incoterm>?</ebil:Incoterm>\r
            <!--Optional:-->\r
            <ebil:InfoAdicional>?</ebil:InfoAdicional>\r
            <!--Optional:-->\r
            <ebil:LugarTerminosEntrega>?</ebil:LugarTerminosEntrega>\r
            <!--Optional:-->\r
            <ebil:MesCausado>?</ebil:MesCausado>\r
            <!--Optional:-->\r
            <ebil:MonedaISO>?</ebil:MonedaISO>\r
            <!--Optional:-->\r
            <ebil:NitCliente>?</ebil:NitCliente>\r
            <!--Optional:-->\r
            <ebil:NitEmpresa>?</ebil:NitEmpresa>\r
            <!--Optional:-->\r
            <ebil:NombreCliente>?</ebil:NombreCliente>\r
            <!--Optional:-->\r
            <ebil:NombreComercial>?</ebil:NombreComercial>\r
            <!--Optional:-->\r
            <ebil:NombrePlan>?</ebil:NombrePlan>\r
            <!--Optional:-->\r
            <ebil:NombreVendedor>?</ebil:NombreVendedor>\r
            <!--Optional:-->\r
            <ebil:NumAprobacionRes>?</ebil:NumAprobacionRes>\r
            <!--Optional:-->\r
            <ebil:NumFactura>?</ebil:NumFactura>\r
            <!--Optional:-->\r
            <ebil:OrderID>?</ebil:OrderID>\r
            <!--Optional:-->\r
            <ebil:PAI_ISO_3166>?</ebil:PAI_ISO_3166>\r
            <!--Optional:-->\r
            <ebil:PAI_nombre_envio>?</ebil:PAI_nombre_envio>\r
            <!--Optional:-->\r
            <ebil:PagoAnterior>?</ebil:PagoAnterior>\r
            <!--Optional:-->\r
            <ebil:Prefijo>?</ebil:Prefijo>\r
            <!--Optional:-->\r
            <ebil:ReferenciaCliente>?</ebil:ReferenciaCliente>\r
            <!--Optional:-->\r
            <ebil:RetencionCREETotal>?</ebil:RetencionCREETotal>\r
            <!--Optional:-->\r
            <ebil:SMSXDoc>?</ebil:SMSXDoc>\r
            <!--Optional:-->\r
            <ebil:SaldoAnterior>?</ebil:SaldoAnterior>\r
            <!--Optional:-->\r
            <ebil:SubTotal>?</ebil:SubTotal>\r
            <!--Optional:-->\r
            <ebil:SubTotalSegunMon>?</ebil:SubTotalSegunMon>\r
            <!--Optional:-->\r
            <ebil:Sucursal>?</ebil:Sucursal>\r
            <!--Optional:-->\r
            <ebil:TIP_id_tipo_persona>?</ebil:TIP_id_tipo_persona>\r
            <!--Optional:-->\r
            <ebil:TasaCambio>?</ebil:TasaCambio>\r
            <!--Optional:-->\r
            <ebil:TelefonoCliente>?</ebil:TelefonoCliente>\r
            <!--Optional:-->\r
            <ebil:Texto3>?</ebil:Texto3>\r
            <!--Optional:-->\r
            <ebil:TieneAcuerdo>?</ebil:TieneAcuerdo>\r
            <!--Optional:-->\r
            <ebil:TipoComprobante>?</ebil:TipoComprobante>\r
            <!--Optional:-->\r
            <ebil:TipoContribuyente>?</ebil:TipoContribuyente>\r
            <!--Optional:-->\r
            <ebil:TipoIDCliente>?</ebil:TipoIDCliente>\r
            <!--Optional:-->\r
            <ebil:Total>?</ebil:Total>\r
            <!--Optional:-->\r
            <ebil:TotalIVA>?</ebil:TotalIVA>\r
            <!--Optional:-->\r
            <ebil:TotalIVASegunMon>?</ebil:TotalIVASegunMon>\r
            <!--Optional:-->\r
            <ebil:TotalRetICA>?</ebil:TotalRetICA>\r
            <!--Optional:-->\r
            <ebil:TotalRetIVA>?</ebil:TotalRetIVA>\r
            <!--Optional:-->\r
            <ebil:TotalRetencion>?</ebil:TotalRetencion>\r
            <!--Optional:-->\r
            <ebil:TotalSegunMon>?</ebil:TotalSegunMon>\r
            <!--Optional:-->\r
            <ebil:TotalTraslado>?</ebil:TotalTraslado>\r
            <!--Optional:-->\r
            <ebil:Total_a_Pagar>?</ebil:Total_a_Pagar>\r
            <!--Optional:-->\r
            <ebil:ValorHasta1>?</ebil:ValorHasta1>\r
            <!--Optional:-->\r
            <ebil:ValorHasta2>?</ebil:ValorHasta2>\r
            <!--Optional:-->\r
            <ebil:ValorHasta3>?</ebil:ValorHasta3>\r
            <!--Optional:-->\r
            <ebil:ValorHasta4>?</ebil:ValorHasta4>\r
            <!--Optional:-->\r
            <ebil:cfd_activa_nota1>?</ebil:cfd_activa_nota1>\r
            <!--Optional:-->\r
            <ebil:cfd_barcode_banco4>?</ebil:cfd_barcode_banco4>\r
            <!--Optional:-->\r
            <ebil:ciudad_envio>?</ebil:ciudad_envio>\r
            <!--Optional:-->\r
            <ebil:code1>?</ebil:code1>\r
            <!--Optional:-->\r
            <ebil:code2>?</ebil:code2>\r
            <!--Optional:-->\r
            <ebil:code3>?</ebil:code3>\r
            <!--Optional:-->\r
            <ebil:curso>?</ebil:curso>\r
            <!--Optional:-->\r
            <ebil:departamento_envio>?</ebil:departamento_envio>\r
            <!--Optional:-->\r
            <ebil:direccion_envio>?</ebil:direccion_envio>\r
            <!--Optional:-->\r
            <ebil:id_PFD_PerfilDummy>?</ebil:id_PFD_PerfilDummy>\r
            <!--Optional:-->\r
            <ebil:numero_envio>?</ebil:numero_envio>\r
            <!--Optional:-->\r
            <ebil:orden_venta>?</ebil:orden_venta>\r
            <!--Optional:-->\r
            <ebil:pague_hasta1>?</ebil:pague_hasta1>\r
            <!--Optional:-->\r
            <ebil:pague_hasta2>?</ebil:pague_hasta2>\r
            <!--Optional:-->\r
            <ebil:pague_hasta3>?</ebil:pague_hasta3>\r
            <!--Optional:-->\r
            <ebil:referencia>?</ebil:referencia>\r
            <!--Optional:-->\r
            <ebil:referencia1>?</ebil:referencia1>\r
            <!--Optional:-->\r
            <ebil:referencia_envio>?</ebil:referencia_envio>\r
            <!--Optional:-->\r
            <ebil:telefono_envio>?</ebil:telefono_envio>\r
         </tem:FacCab>\r
         <!--Optional:-->\r
         <tem:DetFac>\r
            <!--Zero or more repetitions:-->\r
            <ebil:FV_CFDDetConexionInt>\r
               <!--Optional:-->\r
               <ebil:CON_base_ica>?</ebil:CON_base_ica>\r
               <!--Optional:-->\r
               <ebil:CON_base_impo_n>?</ebil:CON_base_impo_n>\r
               <!--Optional:-->\r
               <ebil:CON_base_impo_r>?</ebil:CON_base_impo_r>\r
               <!--Optional:-->\r
               <ebil:CON_base_iva>?</ebil:CON_base_iva>\r
               <!--Optional:-->\r
               <ebil:CON_cantidad_original_solicitada>?</ebil:CON_cantidad_original_solicitada>\r
               <!--Optional:-->\r
               <ebil:CON_categoria_0>?</ebil:CON_categoria_0>\r
               <!--Optional:-->\r
               <ebil:CON_categoria_1>?</ebil:CON_categoria_1>\r
               <!--Optional:-->\r
               <ebil:CON_categoria_2>?</ebil:CON_categoria_2>\r
               <!--Optional:-->\r
               <ebil:CON_categoria_3>?</ebil:CON_categoria_3>\r
               <!--Optional:-->\r
               <ebil:CON_ciudad_despacho>?</ebil:CON_ciudad_despacho>\r
               <!--Optional:-->\r
               <ebil:CON_dato_decimal1>?</ebil:CON_dato_decimal1>\r
               <!--Optional:-->\r
               <ebil:CON_dato_decimal10>?</ebil:CON_dato_decimal10>\r
               <!--Optional:-->\r
               <ebil:CON_dato_decimal11>?</ebil:CON_dato_decimal11>\r
               <!--Optional:-->\r
               <ebil:CON_dato_decimal12>?</ebil:CON_dato_decimal12>\r
               <!--Optional:-->\r
               <ebil:CON_dato_decimal13>?</ebil:CON_dato_decimal13>\r
               <!--Optional:-->\r
               <ebil:CON_dato_decimal14>?</ebil:CON_dato_decimal14>\r
               <!--Optional:-->\r
               <ebil:CON_dato_decimal15>?</ebil:CON_dato_decimal15>\r
               <!--Optional:-->\r
               <ebil:CON_dato_decimal2>?</ebil:CON_dato_decimal2>\r
               <!--Optional:-->\r
               <ebil:CON_dato_decimal3>?</ebil:CON_dato_decimal3>\r
               <!--Optional:-->\r
               <ebil:CON_dato_decimal4>?</ebil:CON_dato_decimal4>\r
               <!--Optional:-->\r
               <ebil:CON_dato_decimal5>?</ebil:CON_dato_decimal5>\r
               <!--Optional:-->\r
               <ebil:CON_dato_decimal6>?</ebil:CON_dato_decimal6>\r
               <!--Optional:-->\r
               <ebil:CON_dato_decimal7>?</ebil:CON_dato_decimal7>\r
               <!--Optional:-->\r
               <ebil:CON_dato_decimal8>?</ebil:CON_dato_decimal8>\r
               <!--Optional:-->\r
               <ebil:CON_dato_decimal9>?</ebil:CON_dato_decimal9>\r
               <!--Optional:-->\r
               <ebil:CON_dato_destino>?</ebil:CON_dato_destino>\r
               <!--Optional:-->\r
               <ebil:CON_dato_fecha>?</ebil:CON_dato_fecha>\r
               <!--Optional:-->\r
               <ebil:CON_dato_origen>?</ebil:CON_dato_origen>\r
               <!--Optional:-->\r
               <ebil:CON_dato_peso>?</ebil:CON_dato_peso>\r
               <!--Optional:-->\r
               <ebil:CON_dato_placa>?</ebil:CON_dato_placa>\r
               <!--Optional:-->\r
               <ebil:CON_dato_referencia>?</ebil:CON_dato_referencia>\r
               <!--Optional:-->\r
               <ebil:CON_dato_texto1>?</ebil:CON_dato_texto1>\r
               <!--Optional:-->\r
               <ebil:CON_dato_texto10>?</ebil:CON_dato_texto10>\r
               <!--Optional:-->\r
               <ebil:CON_dato_texto11>?</ebil:CON_dato_texto11>\r
               <!--Optional:-->\r
               <ebil:CON_dato_texto12>?</ebil:CON_dato_texto12>\r
               <!--Optional:-->\r
               <ebil:CON_dato_texto13>?</ebil:CON_dato_texto13>\r
               <!--Optional:-->\r
               <ebil:CON_dato_texto14>?</ebil:CON_dato_texto14>\r
               <!--Optional:-->\r
               <ebil:CON_dato_texto15>?</ebil:CON_dato_texto15>\r
               <!--Optional:-->\r
               <ebil:CON_dato_texto2>?</ebil:CON_dato_texto2>\r
               <!--Optional:-->\r
               <ebil:CON_dato_texto3>?</ebil:CON_dato_texto3>\r
               <!--Optional:-->\r
               <ebil:CON_dato_texto4>?</ebil:CON_dato_texto4>\r
               <!--Optional:-->\r
               <ebil:CON_dato_texto5>?</ebil:CON_dato_texto5>\r
               <!--Optional:-->\r
               <ebil:CON_dato_texto6>?</ebil:CON_dato_texto6>\r
               <!--Optional:-->\r
               <ebil:CON_dato_texto7>?</ebil:CON_dato_texto7>\r
               <!--Optional:-->\r
               <ebil:CON_dato_texto8>?</ebil:CON_dato_texto8>\r
               <!--Optional:-->\r
               <ebil:CON_dato_texto9>?</ebil:CON_dato_texto9>\r
               <!--Optional:-->\r
               <ebil:CON_departamento_despacho>?</ebil:CON_departamento_despacho>\r
               <!--Optional:-->\r
               <ebil:CON_detalle_construccion>?</ebil:CON_detalle_construccion>\r
               <!--Optional:-->\r
               <ebil:CON_detalle_industria1>?</ebil:CON_detalle_industria1>\r
               <!--Optional:-->\r
               <ebil:CON_detalle_industria2>?</ebil:CON_detalle_industria2>\r
               <!--Optional:-->\r
               <ebil:CON_detalle_industria3>?</ebil:CON_detalle_industria3>\r
               <!--Optional:-->\r
               <ebil:CON_detalle_vehiculo>?</ebil:CON_detalle_vehiculo>\r
               <!--Optional:-->\r
               <ebil:CON_direccion_despacho>?</ebil:CON_direccion_despacho>\r
               <!--Optional:-->\r
               <ebil:CON_documentos_referencia>?</ebil:CON_documentos_referencia>\r
               <!--Optional:-->\r
               <ebil:CON_linea_concepto>?</ebil:CON_linea_concepto>\r
               <!--Optional:-->\r
               <ebil:CON_linea_padre_concepto>?</ebil:CON_linea_padre_concepto>\r
               <!--Optional:-->\r
               <ebil:CON_posicion_arancelaria>?</ebil:CON_posicion_arancelaria>\r
               <!--Optional:-->\r
               <ebil:CON_sub_cliente>?</ebil:CON_sub_cliente>\r
               <!--Optional:-->\r
               <ebil:CON_total_con_seg_mon>?</ebil:CON_total_con_seg_mon>\r
               <!--Optional:-->\r
               <ebil:CON_unidad_medida_con>?</ebil:CON_unidad_medida_con>\r
               <!--Optional:-->\r
               <ebil:CON_valor_otros_cargos>?</ebil:CON_valor_otros_cargos>\r
               <!--Optional:-->\r
               <ebil:CON_valor_otros_descuentos>?</ebil:CON_valor_otros_descuentos>\r
               <!--Optional:-->\r
               <ebil:CON_valor_unitario_seg_mon>?</ebil:CON_valor_unitario_seg_mon>\r
               <!--Optional:-->\r
               <ebil:CREE>?</ebil:CREE>\r
               <!--Optional:-->\r
               <ebil:Cantidad>?</ebil:Cantidad>\r
               <!--Optional:-->\r
               <ebil:ClaseMovimiento>?</ebil:ClaseMovimiento>\r
               <!--Optional:-->\r
               <ebil:CodigoProducto>?</ebil:CodigoProducto>\r
               <!--Optional:-->\r
               <ebil:Codigos>\r
                  <!--Zero or more repetitions:-->\r
                  <arr:string>?</arr:string>\r
               </ebil:Codigos>\r
               <!--Optional:-->\r
               <ebil:CodigosString>?</ebil:CodigosString>\r
               <!--Optional:-->\r
               <ebil:DescripcionConcepto>?</ebil:DescripcionConcepto>\r
               <!--Optional:-->\r
               <ebil:DescripcionProducto>?</ebil:DescripcionProducto>\r
               <!--Optional:-->\r
               <ebil:DescuentoConcepto>?</ebil:DescuentoConcepto>\r
               <!--Optional:-->\r
               <ebil:FechaRecibe>?</ebil:FechaRecibe>\r
               <!--Optional:-->\r
               <ebil:IVAProducto>?</ebil:IVAProducto>\r
               <!--Optional:-->\r
               <ebil:IdConcepto>?</ebil:IdConcepto>\r
               <!--Optional:-->\r
               <ebil:Importe>?</ebil:Importe>\r
               <!--Optional:-->\r
               <ebil:Impuesto2>?</ebil:Impuesto2>\r
               <!--Optional:-->\r
               <ebil:ItemReferencia>?</ebil:ItemReferencia>\r
               <!--Optional:-->\r
               <ebil:NotasConcepto>?</ebil:NotasConcepto>\r
               <!--Optional:-->\r
               <ebil:PorIVAProducto>?</ebil:PorIVAProducto>\r
               <!--Optional:-->\r
               <ebil:PorImpuesto2>?</ebil:PorImpuesto2>\r
               <!--Optional:-->\r
               <ebil:PorcentajeDescuento>?</ebil:PorcentajeDescuento>\r
               <!--Optional:-->\r
               <ebil:RetencionCREE>?</ebil:RetencionCREE>\r
               <!--Optional:-->\r
               <ebil:TipoImpuesto>?</ebil:TipoImpuesto>\r
               <!--Optional:-->\r
               <ebil:TotalConSegMon>?</ebil:TotalConSegMon>\r
               <!--Optional:-->\r
               <ebil:TotalConcepto>?</ebil:TotalConcepto>\r
               <!--Optional:-->\r
               <ebil:UnidadMedida>?</ebil:UnidadMedida>\r
               <!--Optional:-->\r
               <ebil:ValorUnitario>?</ebil:ValorUnitario>\r
               <!--Optional:-->\r
               <ebil:con_recurrente>?</ebil:con_recurrente>\r
            </ebil:FV_CFDDetConexionInt>\r
         </tem:DetFac>\r
         <!--Optional:-->\r
         <tem:Opciones>\r
            <!--Optional:-->\r
            <ebil:ActualizaProductos>?</ebil:ActualizaProductos>\r
            <!--Optional:-->\r
            <ebil:CalculaReteCree>?</ebil:CalculaReteCree>\r
            <!--Optional:-->\r
            <ebil:CalculaReteFuente>?</ebil:CalculaReteFuente>\r
            <!--Optional:-->\r
            <ebil:CalculaReteICA>?</ebil:CalculaReteICA>\r
            <!--Optional:-->\r
            <ebil:CalculaReteIVA>?</ebil:CalculaReteIVA>\r
            <!--Optional:-->\r
            <ebil:EmisionAutomatica>?</ebil:EmisionAutomatica>\r
            <!--Optional:-->\r
            <ebil:FacturaMinimalegal>?</ebil:FacturaMinimalegal>\r
            <!--Optional:-->\r
            <ebil:FacturasSinAcuerdo>?</ebil:FacturasSinAcuerdo>\r
            <!--Optional:-->\r
            <ebil:ModeloXAceptacion>?</ebil:ModeloXAceptacion>\r
            <!--Optional:-->\r
            <ebil:NotasRelacionadas>?</ebil:NotasRelacionadas>\r
            <!--Optional:-->\r
            <ebil:OrderControl>?</ebil:OrderControl>\r
            <!--Optional:-->\r
            <ebil:TieneAcuerdosFisicos>?</ebil:TieneAcuerdosFisicos>\r
            <!--Optional:-->\r
            <ebil:TokenConexion>?</ebil:TokenConexion>\r
            <!--Optional:-->\r
            <ebil:eBillAdmNumerosFactura>?</ebil:eBillAdmNumerosFactura>\r
         </tem:Opciones>\r
         <!--Optional:-->\r
         <tem:AllowedChargeCab>\r
            <!--Zero or more repetitions:-->\r
            <ebil:FV_ACC_AllowanceChargeCabInt>\r
               <!--Optional:-->\r
               <ebil:FCC_ACC_Amount_AllowanceChargeCab>?</ebil:FCC_ACC_Amount_AllowanceChargeCab>\r
               <!--Optional:-->\r
               <ebil:FCC_ACC_MultiplierFactorNumeric_AllowanceChargeCab>?</ebil:FCC_ACC_MultiplierFactorNumeric_AllowanceChargeCab>\r
               <!--Optional:-->\r
               <ebil:FC_ACC_BaseAmount_AllowanceChargeCab>?</ebil:FC_ACC_BaseAmount_AllowanceChargeCab>\r
               <!--Optional:-->\r
               <ebil:FV_ACC_ChargeIndicator_AllowanceChargeCab>?</ebil:FV_ACC_ChargeIndicator_AllowanceChargeCab>\r
               <!--Optional:-->\r
               <ebil:FV_ACC_Code_AllowanceChargeCab>?</ebil:FV_ACC_Code_AllowanceChargeCab>\r
               <!--Optional:-->\r
               <ebil:FV_ACC_Id_AllowanceChargeCab>?</ebil:FV_ACC_Id_AllowanceChargeCab>\r
               <!--Optional:-->\r
               <ebil:FV_ACC_Reason_AllowanceChargeCab>?</ebil:FV_ACC_Reason_AllowanceChargeCab>\r
            </ebil:FV_ACC_AllowanceChargeCabInt>\r
         </tem:AllowedChargeCab>\r
         <!--Optional:-->\r
         <tem:AllowedChargeDet>\r
            <!--Zero or more repetitions:-->\r
            <ebil:FV_ACD_AllowanceChargeDetInt>\r
               <!--Optional:-->\r
               <ebil:FCC_ACD_Amount_AllowanceChargeDet>?</ebil:FCC_ACD_Amount_AllowanceChargeDet>\r
               <!--Optional:-->\r
               <ebil:FCC_ACD_MultiplierFactorNumeric_AllowanceChargeDet>?</ebil:FCC_ACD_MultiplierFactorNumeric_AllowanceChargeDet>\r
               <!--Optional:-->\r
               <ebil:FC_ACD_BaseAmount_AllowanceChargeDet>?</ebil:FC_ACD_BaseAmount_AllowanceChargeDet>\r
               <!--Optional:-->\r
               <ebil:FV_ACD_ChargeIndicator_AllowanceChargeDet>?</ebil:FV_ACD_ChargeIndicator_AllowanceChargeDet>\r
               <!--Optional:-->\r
               <ebil:FV_ACD_Code_AllowanceChargeDet>?</ebil:FV_ACD_Code_AllowanceChargeDet>\r
               <!--Optional:-->\r
               <ebil:FV_ACD_Id_AllowanceChargeDet>?</ebil:FV_ACD_Id_AllowanceChargeDet>\r
               <!--Optional:-->\r
               <ebil:FV_ACD_Reason_AllowanceChargeDet>?</ebil:FV_ACD_Reason_AllowanceChargeDet>\r
               <!--Optional:-->\r
               <ebil:IdConcepto>?</ebil:IdConcepto>\r
            </ebil:FV_ACD_AllowanceChargeDetInt>\r
         </tem:AllowedChargeDet>\r
         <!--Optional:-->\r
         <tem:_FV_TRBACON_TributoAgrupadoXConceptoInt>\r
            <!--Zero or more repetitions:-->\r
            <ebil:FV_TRBACON_TributoAgrupadoXConceptoInt>\r
               <!--Optional:-->\r
               <ebil:FV_TRBACON_RoundingAmount_TributoAgrupadoXConcepto>?</ebil:FV_TRBACON_RoundingAmount_TributoAgrupadoXConcepto>\r
               <!--Optional:-->\r
               <ebil:FV_TRBACON_TaxAmount_TributoAgrupadoXConcepto>?</ebil:FV_TRBACON_TaxAmount_TributoAgrupadoXConcepto>\r
               <!--Optional:-->\r
               <ebil:FV_TRBACON_Withholding_TributoAgrupado>?</ebil:FV_TRBACON_Withholding_TributoAgrupado>\r
               <!--Optional:-->\r
               <ebil:FV_TRB_Id_Tributos>?</ebil:FV_TRB_Id_Tributos>\r
               <!--Optional:-->\r
               <ebil:IdConcepto>?</ebil:IdConcepto>\r
            </ebil:FV_TRBACON_TributoAgrupadoXConceptoInt>\r
         </tem:_FV_TRBACON_TributoAgrupadoXConceptoInt>\r
         <!--Optional:-->\r
         <tem:_FV_TRBDCON_TributoDetalleXConceptoInt>\r
            <!--Zero or more repetitions:-->\r
            <ebil:FV_TRBDCON_TributoDetalleXConceptoInt>\r
               <!--Optional:-->\r
               <ebil:FV_TRBDCON_PerUnitAmount_TributoDetalleXConcepto>?</ebil:FV_TRBDCON_PerUnitAmount_TributoDetalleXConcepto>\r
               <!--Optional:-->\r
               <ebil:FV_TRBDCON_TaxAmount_TributoDetalleXConcepto>?</ebil:FV_TRBDCON_TaxAmount_TributoDetalleXConcepto>\r
               <!--Optional:-->\r
               <ebil:FV_TRBDCON_TaxableAmount_TributoDetalleXConcepto>?</ebil:FV_TRBDCON_TaxableAmount_TributoDetalleXConcepto>\r
               <!--Optional:-->\r
               <ebil:FV_TRBDCON_Withholding_TributoDetalleXConcepto>?</ebil:FV_TRBDCON_Withholding_TributoDetalleXConcepto>\r
               <!--Optional:-->\r
               <ebil:FV_TRB_Id_Tributos>?</ebil:FV_TRB_Id_Tributos>\r
               <!--Optional:-->\r
               <ebil:FV_TXT_Id_TarifaXTributo>?</ebil:FV_TXT_Id_TarifaXTributo>\r
               <!--Optional:-->\r
               <ebil:FV_TXT_Tarifa_TarifaXTributo>?</ebil:FV_TXT_Tarifa_TarifaXTributo>\r
               <!--Optional:-->\r
               <ebil:FV_UNN_Codigo_DIAN>?</ebil:FV_UNN_Codigo_DIAN>\r
               <!--Optional:-->\r
               <ebil:IdConcepto>?</ebil:IdConcepto>\r
            </ebil:FV_TRBDCON_TributoDetalleXConceptoInt>\r
         </tem:_FV_TRBDCON_TributoDetalleXConceptoInt>\r
         <!--Optional:-->\r
         <tem:_FV_TRBA_TributoAgrupadoInt>\r
            <!--Zero or more repetitions:-->\r
            <ebil:FV_TRBA_TributoAgrupadoInt>\r
               <!--Optional:-->\r
               <ebil:FV_TRBA_RoundingAmount_TributoAgrupado>?</ebil:FV_TRBA_RoundingAmount_TributoAgrupado>\r
               <!--Optional:-->\r
               <ebil:FV_TRBA_TaxAmount_TributoAgrupado>?</ebil:FV_TRBA_TaxAmount_TributoAgrupado>\r
               <!--Optional:-->\r
               <ebil:FV_TRBA_Withholding_TributoAgrupado>?</ebil:FV_TRBA_Withholding_TributoAgrupado>\r
               <!--Optional:-->\r
               <ebil:FV_TRB_Id_Tributos>?</ebil:FV_TRB_Id_Tributos>\r
            </ebil:FV_TRBA_TributoAgrupadoInt>\r
         </tem:_FV_TRBA_TributoAgrupadoInt>\r
         <!--Optional:-->\r
         <tem:_FV_TRBD_TributoDetalleInt>\r
            <!--Zero or more repetitions:-->\r
            <ebil:FV_TRBD_TributoDetalleInt>\r
               <!--Optional:-->\r
               <ebil:FV_TRBD_PerUnitAmount_TributoDetalle>?</ebil:FV_TRBD_PerUnitAmount_TributoDetalle>\r
               <!--Optional:-->\r
               <ebil:FV_TRBD_TaxAmount_TributoDetalle>?</ebil:FV_TRBD_TaxAmount_TributoDetalle>\r
               <!--Optional:-->\r
               <ebil:FV_TRBD_TaxableAmount_TributoDetalle>?</ebil:FV_TRBD_TaxableAmount_TributoDetalle>\r
               <!--Optional:-->\r
               <ebil:FV_TRBD_Withholding_TributoDetalle>?</ebil:FV_TRBD_Withholding_TributoDetalle>\r
               <!--Optional:-->\r
               <ebil:FV_TRB_Id_Tributos>?</ebil:FV_TRB_Id_Tributos>\r
               <!--Optional:-->\r
               <ebil:FV_TXT_Id_TarifaXTributo>?</ebil:FV_TXT_Id_TarifaXTributo>\r
               <!--Optional:-->\r
               <ebil:FV_TXT_Tarifa_TarifaXTributo>?</ebil:FV_TXT_Tarifa_TarifaXTributo>\r
               <!--Optional:-->\r
               <ebil:FV_UNN_Codigo_DIAN>?</ebil:FV_UNN_Codigo_DIAN>\r
            </ebil:FV_TRBD_TributoDetalleInt>\r
         </tem:_FV_TRBD_TributoDetalleInt>\r
         <!--Optional:-->\r
         <tem:Coord>\r
            <!--Zero or more repetitions:-->\r
            <ebil:CoordenadasPixelesByPage>\r
               <!--Optional:-->\r
               <ebil:Page>?</ebil:Page>\r
               <!--Optional:-->\r
               <ebil:ValorAlto>?</ebil:ValorAlto>\r
               <!--Optional:-->\r
               <ebil:ValorAncho>?</ebil:ValorAncho>\r
               <!--Optional:-->\r
               <ebil:ValorX>?</ebil:ValorX>\r
               <!--Optional:-->\r
               <ebil:ValorY>?</ebil:ValorY>\r
            </ebil:CoordenadasPixelesByPage>\r
         </tem:Coord>\r
      </tem:FV_CargarDocumentosElectronicosToeBillTxA>\r
   </soapenv:Body>\r
</soapenv:Envelope>]]></con:request><con:wsaConfig mustUnderstand="NONE" version="200508" action="http://tempuri.org/IIntegracion/FV_CargarDocumentosElectronicosToeBillTxA"/></con:call></con:operation><con:operation id="c16497ea-4be7-46c8-abdc-544d02925576" isOneWay="false" action="http://tempuri.org/IIntegracion/FV_CargarDocumentosElectronicosToeBillTxN" name="FV_CargarDocumentosElectronicosToeBillTxN" bindingOperationName="FV_CargarDocumentosElectronicosToeBillTxN" type="Request-Response" inputName="" receivesAttachments="false" sendsAttachments="false" anonymous="optional"><con:settings/><con:call id="53a8a0af-1a5f-4661-bcf8-ab5dec39bdcc" name="Request 1"><con:settings/><con:encoding>UTF-8</con:encoding><con:endpoint>https://fymtest.cloudapp.net:444/ServiciosFyM/eBill/Integracion.svc</con:endpoint><con:request><![CDATA[<soapenv:Envelope xmlns:soapenv="http://schemas.xmlsoap.org/soap/envelope/" xmlns:tem="http://tempuri.org/" xmlns:ebil="http://schemas.datacontract.org/2004/07/eBillCore" xmlns:arr="http://schemas.microsoft.com/2003/10/Serialization/Arrays">\r
   <soapenv:Header/>\r
   <soapenv:Body>\r
      <tem:FV_CargarDocumentosElectronicosToeBillTxN>\r
         <!--Optional:-->\r
         <tem:PDFFac>cid:1151462320187</tem:PDFFac>\r
         <!--Optional:-->\r
         <tem:FacCab>\r
            <!--Optional:-->\r
            <ebil:AnoAprobacionRes>?</ebil:AnoAprobacionRes>\r
            <!--Optional:-->\r
            <ebil:Base_Impuesto>?</ebil:Base_Impuesto>\r
            <!--Optional:-->\r
            <ebil:CFD_AdditionalDocumentReference>?</ebil:CFD_AdditionalDocumentReference>\r
            <!--Optional:-->\r
            <ebil:CFD_Control_logo>?</ebil:CFD_Control_logo>\r
            <!--Optional:-->\r
            <ebil:CFD_EST_estado_tramit>?</ebil:CFD_EST_estado_tramit>\r
            <!--Optional:-->\r
            <ebil:CFD_Envio_Asyncronico>?</ebil:CFD_Envio_Asyncronico>\r
            <!--Optional:-->\r
            <ebil:CFD_Flete>?</ebil:CFD_Flete>\r
            <!--Optional:-->\r
            <ebil:CFD_Inf_relacionada_Industria>?</ebil:CFD_Inf_relacionada_Industria>\r
            <!--Optional:-->\r
            <ebil:CFD_LineCountNumeric>?</ebil:CFD_LineCountNumeric>\r
            <!--Optional:-->\r
            <ebil:CFD_LineExtensionAmount>?</ebil:CFD_LineExtensionAmount>\r
            <!--Optional:-->\r
            <ebil:CFD_Modelo_Facturacion>?</ebil:CFD_Modelo_Facturacion>\r
            <!--Optional:-->\r
            <ebil:CFD_OtrosCargos>?</ebil:CFD_OtrosCargos>\r
            <!--Optional:-->\r
            <ebil:CFD_Por_Margen>?</ebil:CFD_Por_Margen>\r
            <!--Optional:-->\r
            <ebil:CFD_ProfileExecutionID>?</ebil:CFD_ProfileExecutionID>\r
            <!--Optional:-->\r
            <ebil:CFD_ResponseCode>?</ebil:CFD_ResponseCode>\r
            <!--Optional:-->\r
            <ebil:CFD_TaxExclusiveAmount>?</ebil:CFD_TaxExclusiveAmount>\r
            <!--Optional:-->\r
            <ebil:CFD_TaxInclusiveAmount>?</ebil:CFD_TaxInclusiveAmount>\r
            <!--Optional:-->\r
            <ebil:CFD_TaxPointDate>?</ebil:CFD_TaxPointDate>\r
            <!--Optional:-->\r
            <ebil:CFD_Transaccion_VIP>?</ebil:CFD_Transaccion_VIP>\r
            <!--Optional:-->\r
            <ebil:CFD_base_ICA_total>?</ebil:CFD_base_ICA_total>\r
            <!--Optional:-->\r
            <ebil:CFD_base_impo_total_nal>?</ebil:CFD_base_impo_total_nal>\r
            <!--Optional:-->\r
            <ebil:CFD_base_impo_total_reg>?</ebil:CFD_base_impo_total_reg>\r
            <!--Optional:-->\r
            <ebil:CFD_campo_texto_10>?</ebil:CFD_campo_texto_10>\r
            <!--Optional:-->\r
            <ebil:CFD_campo_texto_11>?</ebil:CFD_campo_texto_11>\r
            <!--Optional:-->\r
            <ebil:CFD_campo_texto_12>?</ebil:CFD_campo_texto_12>\r
            <!--Optional:-->\r
            <ebil:CFD_campo_texto_13>?</ebil:CFD_campo_texto_13>\r
            <!--Optional:-->\r
            <ebil:CFD_campo_texto_14>?</ebil:CFD_campo_texto_14>\r
            <!--Optional:-->\r
            <ebil:CFD_campo_texto_15>?</ebil:CFD_campo_texto_15>\r
            <!--Optional:-->\r
            <ebil:CFD_campo_texto_16>?</ebil:CFD_campo_texto_16>\r
            <!--Optional:-->\r
            <ebil:CFD_campo_texto_17>?</ebil:CFD_campo_texto_17>\r
            <!--Optional:-->\r
            <ebil:CFD_campo_texto_18>?</ebil:CFD_campo_texto_18>\r
            <!--Optional:-->\r
            <ebil:CFD_campo_texto_19>?</ebil:CFD_campo_texto_19>\r
            <!--Optional:-->\r
            <ebil:CFD_campo_texto_20>?</ebil:CFD_campo_texto_20>\r
            <!--Optional:-->\r
            <ebil:CFD_campo_texto_21>?</ebil:CFD_campo_texto_21>\r
            <!--Optional:-->\r
            <ebil:CFD_campo_texto_22>?</ebil:CFD_campo_texto_22>\r
            <!--Optional:-->\r
            <ebil:CFD_campo_texto_23>?</ebil:CFD_campo_texto_23>\r
            <!--Optional:-->\r
            <ebil:CFD_campo_texto_24>?</ebil:CFD_campo_texto_24>\r
            <!--Optional:-->\r
            <ebil:CFD_campo_texto_25>?</ebil:CFD_campo_texto_25>\r
            <!--Optional:-->\r
            <ebil:CFD_campo_texto_26>?</ebil:CFD_campo_texto_26>\r
            <!--Optional:-->\r
            <ebil:CFD_campo_texto_27>?</ebil:CFD_campo_texto_27>\r
            <!--Optional:-->\r
            <ebil:CFD_campo_texto_28>?</ebil:CFD_campo_texto_28>\r
            <!--Optional:-->\r
            <ebil:CFD_campo_texto_29>?</ebil:CFD_campo_texto_29>\r
            <!--Optional:-->\r
            <ebil:CFD_campo_texto_9>?</ebil:CFD_campo_texto_9>\r
            <!--Optional:-->\r
            <ebil:CFD_cantidad_dec_1>?</ebil:CFD_cantidad_dec_1>\r
            <!--Optional:-->\r
            <ebil:CFD_cantidad_dec_10>?</ebil:CFD_cantidad_dec_10>\r
            <!--Optional:-->\r
            <ebil:CFD_cantidad_dec_11>?</ebil:CFD_cantidad_dec_11>\r
            <!--Optional:-->\r
            <ebil:CFD_cantidad_dec_12>?</ebil:CFD_cantidad_dec_12>\r
            <!--Optional:-->\r
            <ebil:CFD_cantidad_dec_13>?</ebil:CFD_cantidad_dec_13>\r
            <!--Optional:-->\r
            <ebil:CFD_cantidad_dec_14>?</ebil:CFD_cantidad_dec_14>\r
            <!--Optional:-->\r
            <ebil:CFD_cantidad_dec_15>?</ebil:CFD_cantidad_dec_15>\r
            <!--Optional:-->\r
            <ebil:CFD_cantidad_dec_16>?</ebil:CFD_cantidad_dec_16>\r
            <!--Optional:-->\r
            <ebil:CFD_cantidad_dec_17>?</ebil:CFD_cantidad_dec_17>\r
            <!--Optional:-->\r
            <ebil:CFD_cantidad_dec_18>?</ebil:CFD_cantidad_dec_18>\r
            <!--Optional:-->\r
            <ebil:CFD_cantidad_dec_19>?</ebil:CFD_cantidad_dec_19>\r
            <!--Optional:-->\r
            <ebil:CFD_cantidad_dec_20>?</ebil:CFD_cantidad_dec_20>\r
            <!--Optional:-->\r
            <ebil:CFD_cantidad_dec_21>?</ebil:CFD_cantidad_dec_21>\r
            <!--Optional:-->\r
            <ebil:CFD_cantidad_dec_22>?</ebil:CFD_cantidad_dec_22>\r
            <!--Optional:-->\r
            <ebil:CFD_cantidad_dec_23>?</ebil:CFD_cantidad_dec_23>\r
            <!--Optional:-->\r
            <ebil:CFD_cantidad_dec_24>?</ebil:CFD_cantidad_dec_24>\r
            <!--Optional:-->\r
            <ebil:CFD_cantidad_dec_25>?</ebil:CFD_cantidad_dec_25>\r
            <!--Optional:-->\r
            <ebil:CFD_cantidad_dec_4>?</ebil:CFD_cantidad_dec_4>\r
            <!--Optional:-->\r
            <ebil:CFD_cantidad_dec_5>?</ebil:CFD_cantidad_dec_5>\r
            <!--Optional:-->\r
            <ebil:CFD_cantidad_dec_6>?</ebil:CFD_cantidad_dec_6>\r
            <!--Optional:-->\r
            <ebil:CFD_cantidad_dec_7>?</ebil:CFD_cantidad_dec_7>\r
            <!--Optional:-->\r
            <ebil:CFD_cantidad_dec_8>?</ebil:CFD_cantidad_dec_8>\r
            <!--Optional:-->\r
            <ebil:CFD_cantidad_dec_9>?</ebil:CFD_cantidad_dec_9>\r
            <!--Optional:-->\r
            <ebil:CFD_deducible>?</ebil:CFD_deducible>\r
            <!--Optional:-->\r
            <ebil:CFD_desconexion_servicio>?</ebil:CFD_desconexion_servicio>\r
            <!--Optional:-->\r
            <ebil:CFD_fecha_desconexion>?</ebil:CFD_fecha_desconexion>\r
            <!--Optional:-->\r
            <ebil:CFD_fecha_tasadeCambio>?</ebil:CFD_fecha_tasadeCambio>\r
            <!--Optional:-->\r
            <ebil:CFD_inf_origen_despacho>?</ebil:CFD_inf_origen_despacho>\r
            <!--Optional:-->\r
            <ebil:CFD_numero_enlace_doc_ref>?</ebil:CFD_numero_enlace_doc_ref>\r
            <!--Optional:-->\r
            <ebil:CFD_porc_rte_ICA>?</ebil:CFD_porc_rte_ICA>\r
            <!--Optional:-->\r
            <ebil:CFD_porc_rte_fuent>?</ebil:CFD_porc_rte_fuent>\r
            <!--Optional:-->\r
            <ebil:CFD_tasa_mora>?</ebil:CFD_tasa_mora>\r
            <!--Optional:-->\r
            <ebil:CFD_tdi_id_tipo_doc_interno>?</ebil:CFD_tdi_id_tipo_doc_interno>\r
            <!--Optional:-->\r
            <ebil:CFD_total_ICA>?</ebil:CFD_total_ICA>\r
            <!--Optional:-->\r
            <ebil:CFD_total_aduana_exp>?</ebil:CFD_total_aduana_exp>\r
            <!--Optional:-->\r
            <ebil:CFD_total_cargos>?</ebil:CFD_total_cargos>\r
            <!--Optional:-->\r
            <ebil:CFD_total_descuentos>?</ebil:CFD_total_descuentos>\r
            <!--Optional:-->\r
            <ebil:CFD_total_margen>?</ebil:CFD_total_margen>\r
            <!--Optional:-->\r
            <ebil:CFD_total_seguro_exp>?</ebil:CFD_total_seguro_exp>\r
            <!--Optional:-->\r
            <ebil:CLI_numero_cliente>?</ebil:CLI_numero_cliente>\r
            <!--Optional:-->\r
            <ebil:CREETotal>?</ebil:CREETotal>\r
            <!--Optional:-->\r
            <ebil:CampoTexto1>?</ebil:CampoTexto1>\r
            <!--Optional:-->\r
            <ebil:CampoTexto2>?</ebil:CampoTexto2>\r
            <!--Optional:-->\r
            <ebil:CampoTexto3>?</ebil:CampoTexto3>\r
            <!--Optional:-->\r
            <ebil:CampoTexto4>?</ebil:CampoTexto4>\r
            <!--Optional:-->\r
            <ebil:CampoTexto5>?</ebil:CampoTexto5>\r
            <!--Optional:-->\r
            <ebil:CampoTexto6>?</ebil:CampoTexto6>\r
            <!--Optional:-->\r
            <ebil:CampoTexto7>?</ebil:CampoTexto7>\r
            <!--Optional:-->\r
            <ebil:CampoTexto8>?</ebil:CampoTexto8>\r
            <!--Optional:-->\r
            <ebil:Cantidad1>?</ebil:Cantidad1>\r
            <!--Optional:-->\r
            <ebil:Cantidad2>?</ebil:Cantidad2>\r
            <!--Optional:-->\r
            <ebil:Cantidad3>?</ebil:Cantidad3>\r
            <!--Optional:-->\r
            <ebil:CantidadDec1>?</ebil:CantidadDec1>\r
            <!--Optional:-->\r
            <ebil:CantidadDec2>?</ebil:CantidadDec2>\r
            <!--Optional:-->\r
            <ebil:CantidadDec3>?</ebil:CantidadDec3>\r
            <!--Optional:-->\r
            <ebil:CiudadDANE>?</ebil:CiudadDANE>\r
            <!--Optional:-->\r
            <ebil:CodVendedor>?</ebil:CodVendedor>\r
            <!--Optional:-->\r
            <ebil:CodigoPostalCliente>?</ebil:CodigoPostalCliente>\r
            <!--Optional:-->\r
            <ebil:CodigoPostalEnvio>?</ebil:CodigoPostalEnvio>\r
            <!--Optional:-->\r
            <ebil:ComprobanteCon>?</ebil:ComprobanteCon>\r
            <!--Optional:-->\r
            <ebil:Condiciones_Pago>?</ebil:Condiciones_Pago>\r
            <!--Optional:-->\r
            <ebil:ContactoCargo>?</ebil:ContactoCargo>\r
            <!--Optional:-->\r
            <ebil:ContactoCorreo>?</ebil:ContactoCorreo>\r
            <!--Optional:-->\r
            <ebil:ContactoNombre>?</ebil:ContactoNombre>\r
            <!--Optional:-->\r
            <ebil:CorreoCliente>?</ebil:CorreoCliente>\r
            <!--Optional:-->\r
            <ebil:DepartamentoDANE>?</ebil:DepartamentoDANE>\r
            <!--Optional:-->\r
            <ebil:DescripcionPlan>?</ebil:DescripcionPlan>\r
            <!--Optional:-->\r
            <ebil:Descuento>?</ebil:Descuento>\r
            <!--Optional:-->\r
            <ebil:DigitoVerificaCliente>?</ebil:DigitoVerificaCliente>\r
            <!--Optional:-->\r
            <ebil:DireccionCliente>?</ebil:DireccionCliente>\r
            <!--Optional:-->\r
            <ebil:EsRecepcion>?</ebil:EsRecepcion>\r
            <!--Optional:-->\r
            <ebil:EstiloFactura>?</ebil:EstiloFactura>\r
            <!--Optional:-->\r
            <ebil:FV_CCN_id_concepto_correcionnotas>?</ebil:FV_CCN_id_concepto_correcionnotas>\r
            <!--Optional:-->\r
            <ebil:FV_CDE_id_codigos_descuento>?</ebil:FV_CDE_id_codigos_descuento>\r
            <!--Optional:-->\r
            <ebil:FV_EDO_id_eventos_docelec>?</ebil:FV_EDO_id_eventos_docelec>\r
            <!--Optional:-->\r
            <ebil:FV_INC_id_incoterm>?</ebil:FV_INC_id_incoterm>\r
            <!--Optional:-->\r
            <ebil:FV_RFI_Id_Regimen_Fiscal>?</ebil:FV_RFI_Id_Regimen_Fiscal>\r
            <!--Optional:-->\r
            <ebil:FV_TDD_Code_TipoDocumentoDIAN>?</ebil:FV_TDD_Code_TipoDocumentoDIAN>\r
            <!--Optional:-->\r
            <ebil:FV_TDO_Codigo_TipoOperacion>?</ebil:FV_TDO_Codigo_TipoOperacion>\r
            <!--Optional:-->\r
            <ebil:FechaExpedicion>?</ebil:FechaExpedicion>\r
            <!--Optional:-->\r
            <ebil:FechaFinalPeriodoFacturado>?</ebil:FechaFinalPeriodoFacturado>\r
            <!--Optional:-->\r
            <ebil:FechaInicialPeriodoFacturado>?</ebil:FechaInicialPeriodoFacturado>\r
            <!--Optional:-->\r
            <ebil:FechaVencimiento>?</ebil:FechaVencimiento>\r
            <!--Optional:-->\r
            <ebil:FormaPago>?</ebil:FormaPago>\r
            <!--Optional:-->\r
            <ebil:IDInterno>?</ebil:IDInterno>\r
            <!--Optional:-->\r
            <ebil:IDUbicacionCliente>?</ebil:IDUbicacionCliente>\r
            <!--Optional:-->\r
            <ebil:IDUbicacionEnvio>?</ebil:IDUbicacionEnvio>\r
            <!--Optional:-->\r
            <ebil:IdPlan>?</ebil:IdPlan>\r
            <!--Optional:-->\r
            <ebil:IdSucursal>?</ebil:IdSucursal>\r
            <!--Optional:-->\r
            <ebil:Incoterm>?</ebil:Incoterm>\r
            <!--Optional:-->\r
            <ebil:InfoAdicional>?</ebil:InfoAdicional>\r
            <!--Optional:-->\r
            <ebil:LugarTerminosEntrega>?</ebil:LugarTerminosEntrega>\r
            <!--Optional:-->\r
            <ebil:MesCausado>?</ebil:MesCausado>\r
            <!--Optional:-->\r
            <ebil:MonedaISO>?</ebil:MonedaISO>\r
            <!--Optional:-->\r
            <ebil:NitCliente>?</ebil:NitCliente>\r
            <!--Optional:-->\r
            <ebil:NitEmpresa>?</ebil:NitEmpresa>\r
            <!--Optional:-->\r
            <ebil:NombreCliente>?</ebil:NombreCliente>\r
            <!--Optional:-->\r
            <ebil:NombreComercial>?</ebil:NombreComercial>\r
            <!--Optional:-->\r
            <ebil:NombrePlan>?</ebil:NombrePlan>\r
            <!--Optional:-->\r
            <ebil:NombreVendedor>?</ebil:NombreVendedor>\r
            <!--Optional:-->\r
            <ebil:NumAprobacionRes>?</ebil:NumAprobacionRes>\r
            <!--Optional:-->\r
            <ebil:NumFactura>?</ebil:NumFactura>\r
            <!--Optional:-->\r
            <ebil:OrderID>?</ebil:OrderID>\r
            <!--Optional:-->\r
            <ebil:PAI_ISO_3166>?</ebil:PAI_ISO_3166>\r
            <!--Optional:-->\r
            <ebil:PAI_nombre_envio>?</ebil:PAI_nombre_envio>\r
            <!--Optional:-->\r
            <ebil:PagoAnterior>?</ebil:PagoAnterior>\r
            <!--Optional:-->\r
            <ebil:Prefijo>?</ebil:Prefijo>\r
            <!--Optional:-->\r
            <ebil:ReferenciaCliente>?</ebil:ReferenciaCliente>\r
            <!--Optional:-->\r
            <ebil:RetencionCREETotal>?</ebil:RetencionCREETotal>\r
            <!--Optional:-->\r
            <ebil:SMSXDoc>?</ebil:SMSXDoc>\r
            <!--Optional:-->\r
            <ebil:SaldoAnterior>?</ebil:SaldoAnterior>\r
            <!--Optional:-->\r
            <ebil:SubTotal>?</ebil:SubTotal>\r
            <!--Optional:-->\r
            <ebil:SubTotalSegunMon>?</ebil:SubTotalSegunMon>\r
            <!--Optional:-->\r
            <ebil:Sucursal>?</ebil:Sucursal>\r
            <!--Optional:-->\r
            <ebil:TIP_id_tipo_persona>?</ebil:TIP_id_tipo_persona>\r
            <!--Optional:-->\r
            <ebil:TasaCambio>?</ebil:TasaCambio>\r
            <!--Optional:-->\r
            <ebil:TelefonoCliente>?</ebil:TelefonoCliente>\r
            <!--Optional:-->\r
            <ebil:Texto3>?</ebil:Texto3>\r
            <!--Optional:-->\r
            <ebil:TieneAcuerdo>?</ebil:TieneAcuerdo>\r
            <!--Optional:-->\r
            <ebil:TipoComprobante>?</ebil:TipoComprobante>\r
            <!--Optional:-->\r
            <ebil:TipoContribuyente>?</ebil:TipoContribuyente>\r
            <!--Optional:-->\r
            <ebil:TipoIDCliente>?</ebil:TipoIDCliente>\r
            <!--Optional:-->\r
            <ebil:Total>?</ebil:Total>\r
            <!--Optional:-->\r
            <ebil:TotalIVA>?</ebil:TotalIVA>\r
            <!--Optional:-->\r
            <ebil:TotalIVASegunMon>?</ebil:TotalIVASegunMon>\r
            <!--Optional:-->\r
            <ebil:TotalRetICA>?</ebil:TotalRetICA>\r
            <!--Optional:-->\r
            <ebil:TotalRetIVA>?</ebil:TotalRetIVA>\r
            <!--Optional:-->\r
            <ebil:TotalRetencion>?</ebil:TotalRetencion>\r
            <!--Optional:-->\r
            <ebil:TotalSegunMon>?</ebil:TotalSegunMon>\r
            <!--Optional:-->\r
            <ebil:TotalTraslado>?</ebil:TotalTraslado>\r
            <!--Optional:-->\r
            <ebil:Total_a_Pagar>?</ebil:Total_a_Pagar>\r
            <!--Optional:-->\r
            <ebil:ValorHasta1>?</ebil:ValorHasta1>\r
            <!--Optional:-->\r
            <ebil:ValorHasta2>?</ebil:ValorHasta2>\r
            <!--Optional:-->\r
            <ebil:ValorHasta3>?</ebil:ValorHasta3>\r
            <!--Optional:-->\r
            <ebil:ValorHasta4>?</ebil:ValorHasta4>\r
            <!--Optional:-->\r
            <ebil:cfd_activa_nota1>?</ebil:cfd_activa_nota1>\r
            <!--Optional:-->\r
            <ebil:cfd_barcode_banco4>?</ebil:cfd_barcode_banco4>\r
            <!--Optional:-->\r
            <ebil:ciudad_envio>?</ebil:ciudad_envio>\r
            <!--Optional:-->\r
            <ebil:code1>?</ebil:code1>\r
            <!--Optional:-->\r
            <ebil:code2>?</ebil:code2>\r
            <!--Optional:-->\r
            <ebil:code3>?</ebil:code3>\r
            <!--Optional:-->\r
            <ebil:curso>?</ebil:curso>\r
            <!--Optional:-->\r
            <ebil:departamento_envio>?</ebil:departamento_envio>\r
            <!--Optional:-->\r
            <ebil:direccion_envio>?</ebil:direccion_envio>\r
            <!--Optional:-->\r
            <ebil:id_PFD_PerfilDummy>?</ebil:id_PFD_PerfilDummy>\r
            <!--Optional:-->\r
            <ebil:numero_envio>?</ebil:numero_envio>\r
            <!--Optional:-->\r
            <ebil:orden_venta>?</ebil:orden_venta>\r
            <!--Optional:-->\r
            <ebil:pague_hasta1>?</ebil:pague_hasta1>\r
            <!--Optional:-->\r
            <ebil:pague_hasta2>?</ebil:pague_hasta2>\r
            <!--Optional:-->\r
            <ebil:pague_hasta3>?</ebil:pague_hasta3>\r
            <!--Optional:-->\r
            <ebil:referencia>?</ebil:referencia>\r
            <!--Optional:-->\r
            <ebil:referencia1>?</ebil:referencia1>\r
            <!--Optional:-->\r
            <ebil:referencia_envio>?</ebil:referencia_envio>\r
            <!--Optional:-->\r
            <ebil:telefono_envio>?</ebil:telefono_envio>\r
         </tem:FacCab>\r
         <!--Optional:-->\r
         <tem:DetFac>\r
            <!--Zero or more repetitions:-->\r
            <ebil:FV_CFDDetConexionInt>\r
               <!--Optional:-->\r
               <ebil:CON_base_ica>?</ebil:CON_base_ica>\r
               <!--Optional:-->\r
               <ebil:CON_base_impo_n>?</ebil:CON_base_impo_n>\r
               <!--Optional:-->\r
               <ebil:CON_base_impo_r>?</ebil:CON_base_impo_r>\r
               <!--Optional:-->\r
               <ebil:CON_base_iva>?</ebil:CON_base_iva>\r
               <!--Optional:-->\r
               <ebil:CON_cantidad_original_solicitada>?</ebil:CON_cantidad_original_solicitada>\r
               <!--Optional:-->\r
               <ebil:CON_categoria_0>?</ebil:CON_categoria_0>\r
               <!--Optional:-->\r
               <ebil:CON_categoria_1>?</ebil:CON_categoria_1>\r
               <!--Optional:-->\r
               <ebil:CON_categoria_2>?</ebil:CON_categoria_2>\r
               <!--Optional:-->\r
               <ebil:CON_categoria_3>?</ebil:CON_categoria_3>\r
               <!--Optional:-->\r
               <ebil:CON_ciudad_despacho>?</ebil:CON_ciudad_despacho>\r
               <!--Optional:-->\r
               <ebil:CON_dato_decimal1>?</ebil:CON_dato_decimal1>\r
               <!--Optional:-->\r
               <ebil:CON_dato_decimal10>?</ebil:CON_dato_decimal10>\r
               <!--Optional:-->\r
               <ebil:CON_dato_decimal11>?</ebil:CON_dato_decimal11>\r
               <!--Optional:-->\r
               <ebil:CON_dato_decimal12>?</ebil:CON_dato_decimal12>\r
               <!--Optional:-->\r
               <ebil:CON_dato_decimal13>?</ebil:CON_dato_decimal13>\r
               <!--Optional:-->\r
               <ebil:CON_dato_decimal14>?</ebil:CON_dato_decimal14>\r
               <!--Optional:-->\r
               <ebil:CON_dato_decimal15>?</ebil:CON_dato_decimal15>\r
               <!--Optional:-->\r
               <ebil:CON_dato_decimal2>?</ebil:CON_dato_decimal2>\r
               <!--Optional:-->\r
               <ebil:CON_dato_decimal3>?</ebil:CON_dato_decimal3>\r
               <!--Optional:-->\r
               <ebil:CON_dato_decimal4>?</ebil:CON_dato_decimal4>\r
               <!--Optional:-->\r
               <ebil:CON_dato_decimal5>?</ebil:CON_dato_decimal5>\r
               <!--Optional:-->\r
               <ebil:CON_dato_decimal6>?</ebil:CON_dato_decimal6>\r
               <!--Optional:-->\r
               <ebil:CON_dato_decimal7>?</ebil:CON_dato_decimal7>\r
               <!--Optional:-->\r
               <ebil:CON_dato_decimal8>?</ebil:CON_dato_decimal8>\r
               <!--Optional:-->\r
               <ebil:CON_dato_decimal9>?</ebil:CON_dato_decimal9>\r
               <!--Optional:-->\r
               <ebil:CON_dato_destino>?</ebil:CON_dato_destino>\r
               <!--Optional:-->\r
               <ebil:CON_dato_fecha>?</ebil:CON_dato_fecha>\r
               <!--Optional:-->\r
               <ebil:CON_dato_origen>?</ebil:CON_dato_origen>\r
               <!--Optional:-->\r
               <ebil:CON_dato_peso>?</ebil:CON_dato_peso>\r
               <!--Optional:-->\r
               <ebil:CON_dato_placa>?</ebil:CON_dato_placa>\r
               <!--Optional:-->\r
               <ebil:CON_dato_referencia>?</ebil:CON_dato_referencia>\r
               <!--Optional:-->\r
               <ebil:CON_dato_texto1>?</ebil:CON_dato_texto1>\r
               <!--Optional:-->\r
               <ebil:CON_dato_texto10>?</ebil:CON_dato_texto10>\r
               <!--Optional:-->\r
               <ebil:CON_dato_texto11>?</ebil:CON_dato_texto11>\r
               <!--Optional:-->\r
               <ebil:CON_dato_texto12>?</ebil:CON_dato_texto12>\r
               <!--Optional:-->\r
               <ebil:CON_dato_texto13>?</ebil:CON_dato_texto13>\r
               <!--Optional:-->\r
               <ebil:CON_dato_texto14>?</ebil:CON_dato_texto14>\r
               <!--Optional:-->\r
               <ebil:CON_dato_texto15>?</ebil:CON_dato_texto15>\r
               <!--Optional:-->\r
               <ebil:CON_dato_texto2>?</ebil:CON_dato_texto2>\r
               <!--Optional:-->\r
               <ebil:CON_dato_texto3>?</ebil:CON_dato_texto3>\r
               <!--Optional:-->\r
               <ebil:CON_dato_texto4>?</ebil:CON_dato_texto4>\r
               <!--Optional:-->\r
               <ebil:CON_dato_texto5>?</ebil:CON_dato_texto5>\r
               <!--Optional:-->\r
               <ebil:CON_dato_texto6>?</ebil:CON_dato_texto6>\r
               <!--Optional:-->\r
               <ebil:CON_dato_texto7>?</ebil:CON_dato_texto7>\r
               <!--Optional:-->\r
               <ebil:CON_dato_texto8>?</ebil:CON_dato_texto8>\r
               <!--Optional:-->\r
               <ebil:CON_dato_texto9>?</ebil:CON_dato_texto9>\r
               <!--Optional:-->\r
               <ebil:CON_departamento_despacho>?</ebil:CON_departamento_despacho>\r
               <!--Optional:-->\r
               <ebil:CON_detalle_construccion>?</ebil:CON_detalle_construccion>\r
               <!--Optional:-->\r
               <ebil:CON_detalle_industria1>?</ebil:CON_detalle_industria1>\r
               <!--Optional:-->\r
               <ebil:CON_detalle_industria2>?</ebil:CON_detalle_industria2>\r
               <!--Optional:-->\r
               <ebil:CON_detalle_industria3>?</ebil:CON_detalle_industria3>\r
               <!--Optional:-->\r
               <ebil:CON_detalle_vehiculo>?</ebil:CON_detalle_vehiculo>\r
               <!--Optional:-->\r
               <ebil:CON_direccion_despacho>?</ebil:CON_direccion_despacho>\r
               <!--Optional:-->\r
               <ebil:CON_documentos_referencia>?</ebil:CON_documentos_referencia>\r
               <!--Optional:-->\r
               <ebil:CON_linea_concepto>?</ebil:CON_linea_concepto>\r
               <!--Optional:-->\r
               <ebil:CON_linea_padre_concepto>?</ebil:CON_linea_padre_concepto>\r
               <!--Optional:-->\r
               <ebil:CON_posicion_arancelaria>?</ebil:CON_posicion_arancelaria>\r
               <!--Optional:-->\r
               <ebil:CON_sub_cliente>?</ebil:CON_sub_cliente>\r
               <!--Optional:-->\r
               <ebil:CON_total_con_seg_mon>?</ebil:CON_total_con_seg_mon>\r
               <!--Optional:-->\r
               <ebil:CON_unidad_medida_con>?</ebil:CON_unidad_medida_con>\r
               <!--Optional:-->\r
               <ebil:CON_valor_otros_cargos>?</ebil:CON_valor_otros_cargos>\r
               <!--Optional:-->\r
               <ebil:CON_valor_otros_descuentos>?</ebil:CON_valor_otros_descuentos>\r
               <!--Optional:-->\r
               <ebil:CON_valor_unitario_seg_mon>?</ebil:CON_valor_unitario_seg_mon>\r
               <!--Optional:-->\r
               <ebil:CREE>?</ebil:CREE>\r
               <!--Optional:-->\r
               <ebil:Cantidad>?</ebil:Cantidad>\r
               <!--Optional:-->\r
               <ebil:ClaseMovimiento>?</ebil:ClaseMovimiento>\r
               <!--Optional:-->\r
               <ebil:CodigoProducto>?</ebil:CodigoProducto>\r
               <!--Optional:-->\r
               <ebil:Codigos>\r
                  <!--Zero or more repetitions:-->\r
                  <arr:string>?</arr:string>\r
               </ebil:Codigos>\r
               <!--Optional:-->\r
               <ebil:CodigosString>?</ebil:CodigosString>\r
               <!--Optional:-->\r
               <ebil:DescripcionConcepto>?</ebil:DescripcionConcepto>\r
               <!--Optional:-->\r
               <ebil:DescripcionProducto>?</ebil:DescripcionProducto>\r
               <!--Optional:-->\r
               <ebil:DescuentoConcepto>?</ebil:DescuentoConcepto>\r
               <!--Optional:-->\r
               <ebil:FechaRecibe>?</ebil:FechaRecibe>\r
               <!--Optional:-->\r
               <ebil:IVAProducto>?</ebil:IVAProducto>\r
               <!--Optional:-->\r
               <ebil:IdConcepto>?</ebil:IdConcepto>\r
               <!--Optional:-->\r
               <ebil:Importe>?</ebil:Importe>\r
               <!--Optional:-->\r
               <ebil:Impuesto2>?</ebil:Impuesto2>\r
               <!--Optional:-->\r
               <ebil:ItemReferencia>?</ebil:ItemReferencia>\r
               <!--Optional:-->\r
               <ebil:NotasConcepto>?</ebil:NotasConcepto>\r
               <!--Optional:-->\r
               <ebil:PorIVAProducto>?</ebil:PorIVAProducto>\r
               <!--Optional:-->\r
               <ebil:PorImpuesto2>?</ebil:PorImpuesto2>\r
               <!--Optional:-->\r
               <ebil:PorcentajeDescuento>?</ebil:PorcentajeDescuento>\r
               <!--Optional:-->\r
               <ebil:RetencionCREE>?</ebil:RetencionCREE>\r
               <!--Optional:-->\r
               <ebil:TipoImpuesto>?</ebil:TipoImpuesto>\r
               <!--Optional:-->\r
               <ebil:TotalConSegMon>?</ebil:TotalConSegMon>\r
               <!--Optional:-->\r
               <ebil:TotalConcepto>?</ebil:TotalConcepto>\r
               <!--Optional:-->\r
               <ebil:UnidadMedida>?</ebil:UnidadMedida>\r
               <!--Optional:-->\r
               <ebil:ValorUnitario>?</ebil:ValorUnitario>\r
               <!--Optional:-->\r
               <ebil:con_recurrente>?</ebil:con_recurrente>\r
            </ebil:FV_CFDDetConexionInt>\r
         </tem:DetFac>\r
         <!--Optional:-->\r
         <tem:Opciones>\r
            <!--Optional:-->\r
            <ebil:ActualizaProductos>?</ebil:ActualizaProductos>\r
            <!--Optional:-->\r
            <ebil:CalculaReteCree>?</ebil:CalculaReteCree>\r
            <!--Optional:-->\r
            <ebil:CalculaReteFuente>?</ebil:CalculaReteFuente>\r
            <!--Optional:-->\r
            <ebil:CalculaReteICA>?</ebil:CalculaReteICA>\r
            <!--Optional:-->\r
            <ebil:CalculaReteIVA>?</ebil:CalculaReteIVA>\r
            <!--Optional:-->\r
            <ebil:EmisionAutomatica>?</ebil:EmisionAutomatica>\r
            <!--Optional:-->\r
            <ebil:FacturaMinimalegal>?</ebil:FacturaMinimalegal>\r
            <!--Optional:-->\r
            <ebil:FacturasSinAcuerdo>?</ebil:FacturasSinAcuerdo>\r
            <!--Optional:-->\r
            <ebil:ModeloXAceptacion>?</ebil:ModeloXAceptacion>\r
            <!--Optional:-->\r
            <ebil:NotasRelacionadas>?</ebil:NotasRelacionadas>\r
            <!--Optional:-->\r
            <ebil:OrderControl>?</ebil:OrderControl>\r
            <!--Optional:-->\r
            <ebil:TieneAcuerdosFisicos>?</ebil:TieneAcuerdosFisicos>\r
            <!--Optional:-->\r
            <ebil:TokenConexion>?</ebil:TokenConexion>\r
            <!--Optional:-->\r
            <ebil:eBillAdmNumerosFactura>?</ebil:eBillAdmNumerosFactura>\r
         </tem:Opciones>\r
         <!--Optional:-->\r
         <tem:AllowedChargeCab>\r
            <!--Zero or more repetitions:-->\r
            <ebil:FV_ACC_AllowanceChargeCabInt>\r
               <!--Optional:-->\r
               <ebil:FCC_ACC_Amount_AllowanceChargeCab>?</ebil:FCC_ACC_Amount_AllowanceChargeCab>\r
               <!--Optional:-->\r
               <ebil:FCC_ACC_MultiplierFactorNumeric_AllowanceChargeCab>?</ebil:FCC_ACC_MultiplierFactorNumeric_AllowanceChargeCab>\r
               <!--Optional:-->\r
               <ebil:FC_ACC_BaseAmount_AllowanceChargeCab>?</ebil:FC_ACC_BaseAmount_AllowanceChargeCab>\r
               <!--Optional:-->\r
               <ebil:FV_ACC_ChargeIndicator_AllowanceChargeCab>?</ebil:FV_ACC_ChargeIndicator_AllowanceChargeCab>\r
               <!--Optional:-->\r
               <ebil:FV_ACC_Code_AllowanceChargeCab>?</ebil:FV_ACC_Code_AllowanceChargeCab>\r
               <!--Optional:-->\r
               <ebil:FV_ACC_Id_AllowanceChargeCab>?</ebil:FV_ACC_Id_AllowanceChargeCab>\r
               <!--Optional:-->\r
               <ebil:FV_ACC_Reason_AllowanceChargeCab>?</ebil:FV_ACC_Reason_AllowanceChargeCab>\r
            </ebil:FV_ACC_AllowanceChargeCabInt>\r
         </tem:AllowedChargeCab>\r
         <!--Optional:-->\r
         <tem:AllowedChargeDet>\r
            <!--Zero or more repetitions:-->\r
            <ebil:FV_ACD_AllowanceChargeDetInt>\r
               <!--Optional:-->\r
               <ebil:FCC_ACD_Amount_AllowanceChargeDet>?</ebil:FCC_ACD_Amount_AllowanceChargeDet>\r
               <!--Optional:-->\r
               <ebil:FCC_ACD_MultiplierFactorNumeric_AllowanceChargeDet>?</ebil:FCC_ACD_MultiplierFactorNumeric_AllowanceChargeDet>\r
               <!--Optional:-->\r
               <ebil:FC_ACD_BaseAmount_AllowanceChargeDet>?</ebil:FC_ACD_BaseAmount_AllowanceChargeDet>\r
               <!--Optional:-->\r
               <ebil:FV_ACD_ChargeIndicator_AllowanceChargeDet>?</ebil:FV_ACD_ChargeIndicator_AllowanceChargeDet>\r
               <!--Optional:-->\r
               <ebil:FV_ACD_Code_AllowanceChargeDet>?</ebil:FV_ACD_Code_AllowanceChargeDet>\r
               <!--Optional:-->\r
               <ebil:FV_ACD_Id_AllowanceChargeDet>?</ebil:FV_ACD_Id_AllowanceChargeDet>\r
               <!--Optional:-->\r
               <ebil:FV_ACD_Reason_AllowanceChargeDet>?</ebil:FV_ACD_Reason_AllowanceChargeDet>\r
               <!--Optional:-->\r
               <ebil:IdConcepto>?</ebil:IdConcepto>\r
            </ebil:FV_ACD_AllowanceChargeDetInt>\r
         </tem:AllowedChargeDet>\r
         <!--Optional:-->\r
         <tem:_FV_TRBACON_TributoAgrupadoXConceptoInt>\r
            <!--Zero or more repetitions:-->\r
            <ebil:FV_TRBACON_TributoAgrupadoXConceptoInt>\r
               <!--Optional:-->\r
               <ebil:FV_TRBACON_RoundingAmount_TributoAgrupadoXConcepto>?</ebil:FV_TRBACON_RoundingAmount_TributoAgrupadoXConcepto>\r
               <!--Optional:-->\r
               <ebil:FV_TRBACON_TaxAmount_TributoAgrupadoXConcepto>?</ebil:FV_TRBACON_TaxAmount_TributoAgrupadoXConcepto>\r
               <!--Optional:-->\r
               <ebil:FV_TRBACON_Withholding_TributoAgrupado>?</ebil:FV_TRBACON_Withholding_TributoAgrupado>\r
               <!--Optional:-->\r
               <ebil:FV_TRB_Id_Tributos>?</ebil:FV_TRB_Id_Tributos>\r
               <!--Optional:-->\r
               <ebil:IdConcepto>?</ebil:IdConcepto>\r
            </ebil:FV_TRBACON_TributoAgrupadoXConceptoInt>\r
         </tem:_FV_TRBACON_TributoAgrupadoXConceptoInt>\r
         <!--Optional:-->\r
         <tem:_FV_TRBDCON_TributoDetalleXConceptoInt>\r
            <!--Zero or more repetitions:-->\r
            <ebil:FV_TRBDCON_TributoDetalleXConceptoInt>\r
               <!--Optional:-->\r
               <ebil:FV_TRBDCON_PerUnitAmount_TributoDetalleXConcepto>?</ebil:FV_TRBDCON_PerUnitAmount_TributoDetalleXConcepto>\r
               <!--Optional:-->\r
               <ebil:FV_TRBDCON_TaxAmount_TributoDetalleXConcepto>?</ebil:FV_TRBDCON_TaxAmount_TributoDetalleXConcepto>\r
               <!--Optional:-->\r
               <ebil:FV_TRBDCON_TaxableAmount_TributoDetalleXConcepto>?</ebil:FV_TRBDCON_TaxableAmount_TributoDetalleXConcepto>\r
               <!--Optional:-->\r
               <ebil:FV_TRBDCON_Withholding_TributoDetalleXConcepto>?</ebil:FV_TRBDCON_Withholding_TributoDetalleXConcepto>\r
               <!--Optional:-->\r
               <ebil:FV_TRB_Id_Tributos>?</ebil:FV_TRB_Id_Tributos>\r
               <!--Optional:-->\r
               <ebil:FV_TXT_Id_TarifaXTributo>?</ebil:FV_TXT_Id_TarifaXTributo>\r
               <!--Optional:-->\r
               <ebil:FV_TXT_Tarifa_TarifaXTributo>?</ebil:FV_TXT_Tarifa_TarifaXTributo>\r
               <!--Optional:-->\r
               <ebil:FV_UNN_Codigo_DIAN>?</ebil:FV_UNN_Codigo_DIAN>\r
               <!--Optional:-->\r
               <ebil:IdConcepto>?</ebil:IdConcepto>\r
            </ebil:FV_TRBDCON_TributoDetalleXConceptoInt>\r
         </tem:_FV_TRBDCON_TributoDetalleXConceptoInt>\r
         <!--Optional:-->\r
         <tem:_FV_TRBA_TributoAgrupadoInt>\r
            <!--Zero or more repetitions:-->\r
            <ebil:FV_TRBA_TributoAgrupadoInt>\r
               <!--Optional:-->\r
               <ebil:FV_TRBA_RoundingAmount_TributoAgrupado>?</ebil:FV_TRBA_RoundingAmount_TributoAgrupado>\r
               <!--Optional:-->\r
               <ebil:FV_TRBA_TaxAmount_TributoAgrupado>?</ebil:FV_TRBA_TaxAmount_TributoAgrupado>\r
               <!--Optional:-->\r
               <ebil:FV_TRBA_Withholding_TributoAgrupado>?</ebil:FV_TRBA_Withholding_TributoAgrupado>\r
               <!--Optional:-->\r
               <ebil:FV_TRB_Id_Tributos>?</ebil:FV_TRB_Id_Tributos>\r
            </ebil:FV_TRBA_TributoAgrupadoInt>\r
         </tem:_FV_TRBA_TributoAgrupadoInt>\r
         <!--Optional:-->\r
         <tem:_FV_TRBD_TributoDetalleInt>\r
            <!--Zero or more repetitions:-->\r
            <ebil:FV_TRBD_TributoDetalleInt>\r
               <!--Optional:-->\r
               <ebil:FV_TRBD_PerUnitAmount_TributoDetalle>?</ebil:FV_TRBD_PerUnitAmount_TributoDetalle>\r
               <!--Optional:-->\r
               <ebil:FV_TRBD_TaxAmount_TributoDetalle>?</ebil:FV_TRBD_TaxAmount_TributoDetalle>\r
               <!--Optional:-->\r
               <ebil:FV_TRBD_TaxableAmount_TributoDetalle>?</ebil:FV_TRBD_TaxableAmount_TributoDetalle>\r
               <!--Optional:-->\r
               <ebil:FV_TRBD_Withholding_TributoDetalle>?</ebil:FV_TRBD_Withholding_TributoDetalle>\r
               <!--Optional:-->\r
               <ebil:FV_TRB_Id_Tributos>?</ebil:FV_TRB_Id_Tributos>\r
               <!--Optional:-->\r
               <ebil:FV_TXT_Id_TarifaXTributo>?</ebil:FV_TXT_Id_TarifaXTributo>\r
               <!--Optional:-->\r
               <ebil:FV_TXT_Tarifa_TarifaXTributo>?</ebil:FV_TXT_Tarifa_TarifaXTributo>\r
               <!--Optional:-->\r
               <ebil:FV_UNN_Codigo_DIAN>?</ebil:FV_UNN_Codigo_DIAN>\r
            </ebil:FV_TRBD_TributoDetalleInt>\r
         </tem:_FV_TRBD_TributoDetalleInt>\r
         <!--Optional:-->\r
         <tem:Coord>\r
            <!--Zero or more repetitions:-->\r
            <ebil:CoordenadasPixelesByPage>\r
               <!--Optional:-->\r
               <ebil:Page>?</ebil:Page>\r
               <!--Optional:-->\r
               <ebil:ValorAlto>?</ebil:ValorAlto>\r
               <!--Optional:-->\r
               <ebil:ValorAncho>?</ebil:ValorAncho>\r
               <!--Optional:-->\r
               <ebil:ValorX>?</ebil:ValorX>\r
               <!--Optional:-->\r
               <ebil:ValorY>?</ebil:ValorY>\r
            </ebil:CoordenadasPixelesByPage>\r
         </tem:Coord>\r
      </tem:FV_CargarDocumentosElectronicosToeBillTxN>\r
   </soapenv:Body>\r
</soapenv:Envelope>]]></con:request><con:wsaConfig mustUnderstand="NONE" version="200508" action="http://tempuri.org/IIntegracion/FV_CargarDocumentosElectronicosToeBillTxN"/></con:call></con:operation><con:operation id="50a00f15-444e-416b-8355-0fcd5c940fe1" isOneWay="false" action="http://tempuri.org/IIntegracion/FV_CargarNotaDesdeFacturaToeBill" name="FV_CargarNotaDesdeFacturaToeBill" bindingOperationName="FV_CargarNotaDesdeFacturaToeBill" type="Request-Response" inputName="" receivesAttachments="false" sendsAttachments="false" anonymous="optional"><con:settings/><con:call id="1dd56dea-8792-4f9c-ab71-121abd993263" name="Request 1"><con:settings/><con:encoding>UTF-8</con:encoding><con:endpoint>https://fymtest.cloudapp.net:444/ServiciosFyM/eBill/Integracion.svc</con:endpoint><con:request><![CDATA[<soapenv:Envelope xmlns:soapenv="http://schemas.xmlsoap.org/soap/envelope/" xmlns:tem="http://tempuri.org/" xmlns:ebil="http://schemas.datacontract.org/2004/07/eBillCore" xmlns:arr="http://schemas.microsoft.com/2003/10/Serialization/Arrays">\r
   <soapenv:Header/>\r
   <soapenv:Body>\r
      <tem:FV_CargarNotaDesdeFacturaToeBill>\r
         <!--Optional:-->\r
         <tem:FacCab>\r
            <!--Optional:-->\r
            <ebil:AnoAprobacionRes>?</ebil:AnoAprobacionRes>\r
            <!--Optional:-->\r
            <ebil:Base_Impuesto>?</ebil:Base_Impuesto>\r
            <!--Optional:-->\r
            <ebil:CFD_AdditionalDocumentReference>?</ebil:CFD_AdditionalDocumentReference>\r
            <!--Optional:-->\r
            <ebil:CFD_Control_logo>?</ebil:CFD_Control_logo>\r
            <!--Optional:-->\r
            <ebil:CFD_EST_estado_tramit>?</ebil:CFD_EST_estado_tramit>\r
            <!--Optional:-->\r
            <ebil:CFD_Envio_Asyncronico>?</ebil:CFD_Envio_Asyncronico>\r
            <!--Optional:-->\r
            <ebil:CFD_Flete>?</ebil:CFD_Flete>\r
            <!--Optional:-->\r
            <ebil:CFD_Inf_relacionada_Industria>?</ebil:CFD_Inf_relacionada_Industria>\r
            <!--Optional:-->\r
            <ebil:CFD_LineCountNumeric>?</ebil:CFD_LineCountNumeric>\r
            <!--Optional:-->\r
            <ebil:CFD_LineExtensionAmount>?</ebil:CFD_LineExtensionAmount>\r
            <!--Optional:-->\r
            <ebil:CFD_Modelo_Facturacion>?</ebil:CFD_Modelo_Facturacion>\r
            <!--Optional:-->\r
            <ebil:CFD_OtrosCargos>?</ebil:CFD_OtrosCargos>\r
            <!--Optional:-->\r
            <ebil:CFD_Por_Margen>?</ebil:CFD_Por_Margen>\r
            <!--Optional:-->\r
            <ebil:CFD_ProfileExecutionID>?</ebil:CFD_ProfileExecutionID>\r
            <!--Optional:-->\r
            <ebil:CFD_ResponseCode>?</ebil:CFD_ResponseCode>\r
            <!--Optional:-->\r
            <ebil:CFD_TaxExclusiveAmount>?</ebil:CFD_TaxExclusiveAmount>\r
            <!--Optional:-->\r
            <ebil:CFD_TaxInclusiveAmount>?</ebil:CFD_TaxInclusiveAmount>\r
            <!--Optional:-->\r
            <ebil:CFD_TaxPointDate>?</ebil:CFD_TaxPointDate>\r
            <!--Optional:-->\r
            <ebil:CFD_Transaccion_VIP>?</ebil:CFD_Transaccion_VIP>\r
            <!--Optional:-->\r
            <ebil:CFD_base_ICA_total>?</ebil:CFD_base_ICA_total>\r
            <!--Optional:-->\r
            <ebil:CFD_base_impo_total_nal>?</ebil:CFD_base_impo_total_nal>\r
            <!--Optional:-->\r
            <ebil:CFD_base_impo_total_reg>?</ebil:CFD_base_impo_total_reg>\r
            <!--Optional:-->\r
            <ebil:CFD_campo_texto_10>?</ebil:CFD_campo_texto_10>\r
            <!--Optional:-->\r
            <ebil:CFD_campo_texto_11>?</ebil:CFD_campo_texto_11>\r
            <!--Optional:-->\r
            <ebil:CFD_campo_texto_12>?</ebil:CFD_campo_texto_12>\r
            <!--Optional:-->\r
            <ebil:CFD_campo_texto_13>?</ebil:CFD_campo_texto_13>\r
            <!--Optional:-->\r
            <ebil:CFD_campo_texto_14>?</ebil:CFD_campo_texto_14>\r
            <!--Optional:-->\r
            <ebil:CFD_campo_texto_15>?</ebil:CFD_campo_texto_15>\r
            <!--Optional:-->\r
            <ebil:CFD_campo_texto_16>?</ebil:CFD_campo_texto_16>\r
            <!--Optional:-->\r
            <ebil:CFD_campo_texto_17>?</ebil:CFD_campo_texto_17>\r
            <!--Optional:-->\r
            <ebil:CFD_campo_texto_18>?</ebil:CFD_campo_texto_18>\r
            <!--Optional:-->\r
            <ebil:CFD_campo_texto_19>?</ebil:CFD_campo_texto_19>\r
            <!--Optional:-->\r
            <ebil:CFD_campo_texto_20>?</ebil:CFD_campo_texto_20>\r
            <!--Optional:-->\r
            <ebil:CFD_campo_texto_21>?</ebil:CFD_campo_texto_21>\r
            <!--Optional:-->\r
            <ebil:CFD_campo_texto_22>?</ebil:CFD_campo_texto_22>\r
            <!--Optional:-->\r
            <ebil:CFD_campo_texto_23>?</ebil:CFD_campo_texto_23>\r
            <!--Optional:-->\r
            <ebil:CFD_campo_texto_24>?</ebil:CFD_campo_texto_24>\r
            <!--Optional:-->\r
            <ebil:CFD_campo_texto_25>?</ebil:CFD_campo_texto_25>\r
            <!--Optional:-->\r
            <ebil:CFD_campo_texto_26>?</ebil:CFD_campo_texto_26>\r
            <!--Optional:-->\r
            <ebil:CFD_campo_texto_27>?</ebil:CFD_campo_texto_27>\r
            <!--Optional:-->\r
            <ebil:CFD_campo_texto_28>?</ebil:CFD_campo_texto_28>\r
            <!--Optional:-->\r
            <ebil:CFD_campo_texto_29>?</ebil:CFD_campo_texto_29>\r
            <!--Optional:-->\r
            <ebil:CFD_campo_texto_9>?</ebil:CFD_campo_texto_9>\r
            <!--Optional:-->\r
            <ebil:CFD_cantidad_dec_1>?</ebil:CFD_cantidad_dec_1>\r
            <!--Optional:-->\r
            <ebil:CFD_cantidad_dec_10>?</ebil:CFD_cantidad_dec_10>\r
            <!--Optional:-->\r
            <ebil:CFD_cantidad_dec_11>?</ebil:CFD_cantidad_dec_11>\r
            <!--Optional:-->\r
            <ebil:CFD_cantidad_dec_12>?</ebil:CFD_cantidad_dec_12>\r
            <!--Optional:-->\r
            <ebil:CFD_cantidad_dec_13>?</ebil:CFD_cantidad_dec_13>\r
            <!--Optional:-->\r
            <ebil:CFD_cantidad_dec_14>?</ebil:CFD_cantidad_dec_14>\r
            <!--Optional:-->\r
            <ebil:CFD_cantidad_dec_15>?</ebil:CFD_cantidad_dec_15>\r
            <!--Optional:-->\r
            <ebil:CFD_cantidad_dec_16>?</ebil:CFD_cantidad_dec_16>\r
            <!--Optional:-->\r
            <ebil:CFD_cantidad_dec_17>?</ebil:CFD_cantidad_dec_17>\r
            <!--Optional:-->\r
            <ebil:CFD_cantidad_dec_18>?</ebil:CFD_cantidad_dec_18>\r
            <!--Optional:-->\r
            <ebil:CFD_cantidad_dec_19>?</ebil:CFD_cantidad_dec_19>\r
            <!--Optional:-->\r
            <ebil:CFD_cantidad_dec_20>?</ebil:CFD_cantidad_dec_20>\r
            <!--Optional:-->\r
            <ebil:CFD_cantidad_dec_21>?</ebil:CFD_cantidad_dec_21>\r
            <!--Optional:-->\r
            <ebil:CFD_cantidad_dec_22>?</ebil:CFD_cantidad_dec_22>\r
            <!--Optional:-->\r
            <ebil:CFD_cantidad_dec_23>?</ebil:CFD_cantidad_dec_23>\r
            <!--Optional:-->\r
            <ebil:CFD_cantidad_dec_24>?</ebil:CFD_cantidad_dec_24>\r
            <!--Optional:-->\r
            <ebil:CFD_cantidad_dec_25>?</ebil:CFD_cantidad_dec_25>\r
            <!--Optional:-->\r
            <ebil:CFD_cantidad_dec_4>?</ebil:CFD_cantidad_dec_4>\r
            <!--Optional:-->\r
            <ebil:CFD_cantidad_dec_5>?</ebil:CFD_cantidad_dec_5>\r
            <!--Optional:-->\r
            <ebil:CFD_cantidad_dec_6>?</ebil:CFD_cantidad_dec_6>\r
            <!--Optional:-->\r
            <ebil:CFD_cantidad_dec_7>?</ebil:CFD_cantidad_dec_7>\r
            <!--Optional:-->\r
            <ebil:CFD_cantidad_dec_8>?</ebil:CFD_cantidad_dec_8>\r
            <!--Optional:-->\r
            <ebil:CFD_cantidad_dec_9>?</ebil:CFD_cantidad_dec_9>\r
            <!--Optional:-->\r
            <ebil:CFD_deducible>?</ebil:CFD_deducible>\r
            <!--Optional:-->\r
            <ebil:CFD_desconexion_servicio>?</ebil:CFD_desconexion_servicio>\r
            <!--Optional:-->\r
            <ebil:CFD_fecha_desconexion>?</ebil:CFD_fecha_desconexion>\r
            <!--Optional:-->\r
            <ebil:CFD_fecha_tasadeCambio>?</ebil:CFD_fecha_tasadeCambio>\r
            <!--Optional:-->\r
            <ebil:CFD_inf_origen_despacho>?</ebil:CFD_inf_origen_despacho>\r
            <!--Optional:-->\r
            <ebil:CFD_numero_enlace_doc_ref>?</ebil:CFD_numero_enlace_doc_ref>\r
            <!--Optional:-->\r
            <ebil:CFD_porc_rte_ICA>?</ebil:CFD_porc_rte_ICA>\r
            <!--Optional:-->\r
            <ebil:CFD_porc_rte_fuent>?</ebil:CFD_porc_rte_fuent>\r
            <!--Optional:-->\r
            <ebil:CFD_tasa_mora>?</ebil:CFD_tasa_mora>\r
            <!--Optional:-->\r
            <ebil:CFD_tdi_id_tipo_doc_interno>?</ebil:CFD_tdi_id_tipo_doc_interno>\r
            <!--Optional:-->\r
            <ebil:CFD_total_ICA>?</ebil:CFD_total_ICA>\r
            <!--Optional:-->\r
            <ebil:CFD_total_aduana_exp>?</ebil:CFD_total_aduana_exp>\r
            <!--Optional:-->\r
            <ebil:CFD_total_cargos>?</ebil:CFD_total_cargos>\r
            <!--Optional:-->\r
            <ebil:CFD_total_descuentos>?</ebil:CFD_total_descuentos>\r
            <!--Optional:-->\r
            <ebil:CFD_total_margen>?</ebil:CFD_total_margen>\r
            <!--Optional:-->\r
            <ebil:CFD_total_seguro_exp>?</ebil:CFD_total_seguro_exp>\r
            <!--Optional:-->\r
            <ebil:CLI_numero_cliente>?</ebil:CLI_numero_cliente>\r
            <!--Optional:-->\r
            <ebil:CREETotal>?</ebil:CREETotal>\r
            <!--Optional:-->\r
            <ebil:CampoTexto1>?</ebil:CampoTexto1>\r
            <!--Optional:-->\r
            <ebil:CampoTexto2>?</ebil:CampoTexto2>\r
            <!--Optional:-->\r
            <ebil:CampoTexto3>?</ebil:CampoTexto3>\r
            <!--Optional:-->\r
            <ebil:CampoTexto4>?</ebil:CampoTexto4>\r
            <!--Optional:-->\r
            <ebil:CampoTexto5>?</ebil:CampoTexto5>\r
            <!--Optional:-->\r
            <ebil:CampoTexto6>?</ebil:CampoTexto6>\r
            <!--Optional:-->\r
            <ebil:CampoTexto7>?</ebil:CampoTexto7>\r
            <!--Optional:-->\r
            <ebil:CampoTexto8>?</ebil:CampoTexto8>\r
            <!--Optional:-->\r
            <ebil:Cantidad1>?</ebil:Cantidad1>\r
            <!--Optional:-->\r
            <ebil:Cantidad2>?</ebil:Cantidad2>\r
            <!--Optional:-->\r
            <ebil:Cantidad3>?</ebil:Cantidad3>\r
            <!--Optional:-->\r
            <ebil:CantidadDec1>?</ebil:CantidadDec1>\r
            <!--Optional:-->\r
            <ebil:CantidadDec2>?</ebil:CantidadDec2>\r
            <!--Optional:-->\r
            <ebil:CantidadDec3>?</ebil:CantidadDec3>\r
            <!--Optional:-->\r
            <ebil:CiudadDANE>?</ebil:CiudadDANE>\r
            <!--Optional:-->\r
            <ebil:CodVendedor>?</ebil:CodVendedor>\r
            <!--Optional:-->\r
            <ebil:CodigoPostalCliente>?</ebil:CodigoPostalCliente>\r
            <!--Optional:-->\r
            <ebil:CodigoPostalEnvio>?</ebil:CodigoPostalEnvio>\r
            <!--Optional:-->\r
            <ebil:ComprobanteCon>?</ebil:ComprobanteCon>\r
            <!--Optional:-->\r
            <ebil:Condiciones_Pago>?</ebil:Condiciones_Pago>\r
            <!--Optional:-->\r
            <ebil:ContactoCargo>?</ebil:ContactoCargo>\r
            <!--Optional:-->\r
            <ebil:ContactoCorreo>?</ebil:ContactoCorreo>\r
            <!--Optional:-->\r
            <ebil:ContactoNombre>?</ebil:ContactoNombre>\r
            <!--Optional:-->\r
            <ebil:CorreoCliente>?</ebil:CorreoCliente>\r
            <!--Optional:-->\r
            <ebil:DepartamentoDANE>?</ebil:DepartamentoDANE>\r
            <!--Optional:-->\r
            <ebil:DescripcionPlan>?</ebil:DescripcionPlan>\r
            <!--Optional:-->\r
            <ebil:Descuento>?</ebil:Descuento>\r
            <!--Optional:-->\r
            <ebil:DigitoVerificaCliente>?</ebil:DigitoVerificaCliente>\r
            <!--Optional:-->\r
            <ebil:DireccionCliente>?</ebil:DireccionCliente>\r
            <!--Optional:-->\r
            <ebil:EsRecepcion>?</ebil:EsRecepcion>\r
            <!--Optional:-->\r
            <ebil:EstiloFactura>?</ebil:EstiloFactura>\r
            <!--Optional:-->\r
            <ebil:FV_CCN_id_concepto_correcionnotas>?</ebil:FV_CCN_id_concepto_correcionnotas>\r
            <!--Optional:-->\r
            <ebil:FV_CDE_id_codigos_descuento>?</ebil:FV_CDE_id_codigos_descuento>\r
            <!--Optional:-->\r
            <ebil:FV_EDO_id_eventos_docelec>?</ebil:FV_EDO_id_eventos_docelec>\r
            <!--Optional:-->\r
            <ebil:FV_INC_id_incoterm>?</ebil:FV_INC_id_incoterm>\r
            <!--Optional:-->\r
            <ebil:FV_RFI_Id_Regimen_Fiscal>?</ebil:FV_RFI_Id_Regimen_Fiscal>\r
            <!--Optional:-->\r
            <ebil:FV_TDD_Code_TipoDocumentoDIAN>?</ebil:FV_TDD_Code_TipoDocumentoDIAN>\r
            <!--Optional:-->\r
            <ebil:FV_TDO_Codigo_TipoOperacion>?</ebil:FV_TDO_Codigo_TipoOperacion>\r
            <!--Optional:-->\r
            <ebil:FechaExpedicion>?</ebil:FechaExpedicion>\r
            <!--Optional:-->\r
            <ebil:FechaFinalPeriodoFacturado>?</ebil:FechaFinalPeriodoFacturado>\r
            <!--Optional:-->\r
            <ebil:FechaInicialPeriodoFacturado>?</ebil:FechaInicialPeriodoFacturado>\r
            <!--Optional:-->\r
            <ebil:FechaVencimiento>?</ebil:FechaVencimiento>\r
            <!--Optional:-->\r
            <ebil:FormaPago>?</ebil:FormaPago>\r
            <!--Optional:-->\r
            <ebil:IDInterno>?</ebil:IDInterno>\r
            <!--Optional:-->\r
            <ebil:IDUbicacionCliente>?</ebil:IDUbicacionCliente>\r
            <!--Optional:-->\r
            <ebil:IDUbicacionEnvio>?</ebil:IDUbicacionEnvio>\r
            <!--Optional:-->\r
            <ebil:IdPlan>?</ebil:IdPlan>\r
            <!--Optional:-->\r
            <ebil:IdSucursal>?</ebil:IdSucursal>\r
            <!--Optional:-->\r
            <ebil:Incoterm>?</ebil:Incoterm>\r
            <!--Optional:-->\r
            <ebil:InfoAdicional>?</ebil:InfoAdicional>\r
            <!--Optional:-->\r
            <ebil:LugarTerminosEntrega>?</ebil:LugarTerminosEntrega>\r
            <!--Optional:-->\r
            <ebil:MesCausado>?</ebil:MesCausado>\r
            <!--Optional:-->\r
            <ebil:MonedaISO>?</ebil:MonedaISO>\r
            <!--Optional:-->\r
            <ebil:NitCliente>?</ebil:NitCliente>\r
            <!--Optional:-->\r
            <ebil:NitEmpresa>?</ebil:NitEmpresa>\r
            <!--Optional:-->\r
            <ebil:NombreCliente>?</ebil:NombreCliente>\r
            <!--Optional:-->\r
            <ebil:NombreComercial>?</ebil:NombreComercial>\r
            <!--Optional:-->\r
            <ebil:NombrePlan>?</ebil:NombrePlan>\r
            <!--Optional:-->\r
            <ebil:NombreVendedor>?</ebil:NombreVendedor>\r
            <!--Optional:-->\r
            <ebil:NumAprobacionRes>?</ebil:NumAprobacionRes>\r
            <!--Optional:-->\r
            <ebil:NumFactura>?</ebil:NumFactura>\r
            <!--Optional:-->\r
            <ebil:OrderID>?</ebil:OrderID>\r
            <!--Optional:-->\r
            <ebil:PAI_ISO_3166>?</ebil:PAI_ISO_3166>\r
            <!--Optional:-->\r
            <ebil:PAI_nombre_envio>?</ebil:PAI_nombre_envio>\r
            <!--Optional:-->\r
            <ebil:PagoAnterior>?</ebil:PagoAnterior>\r
            <!--Optional:-->\r
            <ebil:Prefijo>?</ebil:Prefijo>\r
            <!--Optional:-->\r
            <ebil:ReferenciaCliente>?</ebil:ReferenciaCliente>\r
            <!--Optional:-->\r
            <ebil:RetencionCREETotal>?</ebil:RetencionCREETotal>\r
            <!--Optional:-->\r
            <ebil:SMSXDoc>?</ebil:SMSXDoc>\r
            <!--Optional:-->\r
            <ebil:SaldoAnterior>?</ebil:SaldoAnterior>\r
            <!--Optional:-->\r
            <ebil:SubTotal>?</ebil:SubTotal>\r
            <!--Optional:-->\r
            <ebil:SubTotalSegunMon>?</ebil:SubTotalSegunMon>\r
            <!--Optional:-->\r
            <ebil:Sucursal>?</ebil:Sucursal>\r
            <!--Optional:-->\r
            <ebil:TIP_id_tipo_persona>?</ebil:TIP_id_tipo_persona>\r
            <!--Optional:-->\r
            <ebil:TasaCambio>?</ebil:TasaCambio>\r
            <!--Optional:-->\r
            <ebil:TelefonoCliente>?</ebil:TelefonoCliente>\r
            <!--Optional:-->\r
            <ebil:Texto3>?</ebil:Texto3>\r
            <!--Optional:-->\r
            <ebil:TieneAcuerdo>?</ebil:TieneAcuerdo>\r
            <!--Optional:-->\r
            <ebil:TipoComprobante>?</ebil:TipoComprobante>\r
            <!--Optional:-->\r
            <ebil:TipoContribuyente>?</ebil:TipoContribuyente>\r
            <!--Optional:-->\r
            <ebil:TipoIDCliente>?</ebil:TipoIDCliente>\r
            <!--Optional:-->\r
            <ebil:Total>?</ebil:Total>\r
            <!--Optional:-->\r
            <ebil:TotalIVA>?</ebil:TotalIVA>\r
            <!--Optional:-->\r
            <ebil:TotalIVASegunMon>?</ebil:TotalIVASegunMon>\r
            <!--Optional:-->\r
            <ebil:TotalRetICA>?</ebil:TotalRetICA>\r
            <!--Optional:-->\r
            <ebil:TotalRetIVA>?</ebil:TotalRetIVA>\r
            <!--Optional:-->\r
            <ebil:TotalRetencion>?</ebil:TotalRetencion>\r
            <!--Optional:-->\r
            <ebil:TotalSegunMon>?</ebil:TotalSegunMon>\r
            <!--Optional:-->\r
            <ebil:TotalTraslado>?</ebil:TotalTraslado>\r
            <!--Optional:-->\r
            <ebil:Total_a_Pagar>?</ebil:Total_a_Pagar>\r
            <!--Optional:-->\r
            <ebil:ValorHasta1>?</ebil:ValorHasta1>\r
            <!--Optional:-->\r
            <ebil:ValorHasta2>?</ebil:ValorHasta2>\r
            <!--Optional:-->\r
            <ebil:ValorHasta3>?</ebil:ValorHasta3>\r
            <!--Optional:-->\r
            <ebil:ValorHasta4>?</ebil:ValorHasta4>\r
            <!--Optional:-->\r
            <ebil:cfd_activa_nota1>?</ebil:cfd_activa_nota1>\r
            <!--Optional:-->\r
            <ebil:cfd_barcode_banco4>?</ebil:cfd_barcode_banco4>\r
            <!--Optional:-->\r
            <ebil:ciudad_envio>?</ebil:ciudad_envio>\r
            <!--Optional:-->\r
            <ebil:code1>?</ebil:code1>\r
            <!--Optional:-->\r
            <ebil:code2>?</ebil:code2>\r
            <!--Optional:-->\r
            <ebil:code3>?</ebil:code3>\r
            <!--Optional:-->\r
            <ebil:curso>?</ebil:curso>\r
            <!--Optional:-->\r
            <ebil:departamento_envio>?</ebil:departamento_envio>\r
            <!--Optional:-->\r
            <ebil:direccion_envio>?</ebil:direccion_envio>\r
            <!--Optional:-->\r
            <ebil:id_PFD_PerfilDummy>?</ebil:id_PFD_PerfilDummy>\r
            <!--Optional:-->\r
            <ebil:numero_envio>?</ebil:numero_envio>\r
            <!--Optional:-->\r
            <ebil:orden_venta>?</ebil:orden_venta>\r
            <!--Optional:-->\r
            <ebil:pague_hasta1>?</ebil:pague_hasta1>\r
            <!--Optional:-->\r
            <ebil:pague_hasta2>?</ebil:pague_hasta2>\r
            <!--Optional:-->\r
            <ebil:pague_hasta3>?</ebil:pague_hasta3>\r
            <!--Optional:-->\r
            <ebil:referencia>?</ebil:referencia>\r
            <!--Optional:-->\r
            <ebil:referencia1>?</ebil:referencia1>\r
            <!--Optional:-->\r
            <ebil:referencia_envio>?</ebil:referencia_envio>\r
            <!--Optional:-->\r
            <ebil:telefono_envio>?</ebil:telefono_envio>\r
         </tem:FacCab>\r
         <!--Optional:-->\r
         <tem:DetFac>\r
            <!--Zero or more repetitions:-->\r
            <ebil:FV_CFDDetConexionInt>\r
               <!--Optional:-->\r
               <ebil:CON_base_ica>?</ebil:CON_base_ica>\r
               <!--Optional:-->\r
               <ebil:CON_base_impo_n>?</ebil:CON_base_impo_n>\r
               <!--Optional:-->\r
               <ebil:CON_base_impo_r>?</ebil:CON_base_impo_r>\r
               <!--Optional:-->\r
               <ebil:CON_base_iva>?</ebil:CON_base_iva>\r
               <!--Optional:-->\r
               <ebil:CON_cantidad_original_solicitada>?</ebil:CON_cantidad_original_solicitada>\r
               <!--Optional:-->\r
               <ebil:CON_categoria_0>?</ebil:CON_categoria_0>\r
               <!--Optional:-->\r
               <ebil:CON_categoria_1>?</ebil:CON_categoria_1>\r
               <!--Optional:-->\r
               <ebil:CON_categoria_2>?</ebil:CON_categoria_2>\r
               <!--Optional:-->\r
               <ebil:CON_categoria_3>?</ebil:CON_categoria_3>\r
               <!--Optional:-->\r
               <ebil:CON_ciudad_despacho>?</ebil:CON_ciudad_despacho>\r
               <!--Optional:-->\r
               <ebil:CON_dato_decimal1>?</ebil:CON_dato_decimal1>\r
               <!--Optional:-->\r
               <ebil:CON_dato_decimal10>?</ebil:CON_dato_decimal10>\r
               <!--Optional:-->\r
               <ebil:CON_dato_decimal11>?</ebil:CON_dato_decimal11>\r
               <!--Optional:-->\r
               <ebil:CON_dato_decimal12>?</ebil:CON_dato_decimal12>\r
               <!--Optional:-->\r
               <ebil:CON_dato_decimal13>?</ebil:CON_dato_decimal13>\r
               <!--Optional:-->\r
               <ebil:CON_dato_decimal14>?</ebil:CON_dato_decimal14>\r
               <!--Optional:-->\r
               <ebil:CON_dato_decimal15>?</ebil:CON_dato_decimal15>\r
               <!--Optional:-->\r
               <ebil:CON_dato_decimal2>?</ebil:CON_dato_decimal2>\r
               <!--Optional:-->\r
               <ebil:CON_dato_decimal3>?</ebil:CON_dato_decimal3>\r
               <!--Optional:-->\r
               <ebil:CON_dato_decimal4>?</ebil:CON_dato_decimal4>\r
               <!--Optional:-->\r
               <ebil:CON_dato_decimal5>?</ebil:CON_dato_decimal5>\r
               <!--Optional:-->\r
               <ebil:CON_dato_decimal6>?</ebil:CON_dato_decimal6>\r
               <!--Optional:-->\r
               <ebil:CON_dato_decimal7>?</ebil:CON_dato_decimal7>\r
               <!--Optional:-->\r
               <ebil:CON_dato_decimal8>?</ebil:CON_dato_decimal8>\r
               <!--Optional:-->\r
               <ebil:CON_dato_decimal9>?</ebil:CON_dato_decimal9>\r
               <!--Optional:-->\r
               <ebil:CON_dato_destino>?</ebil:CON_dato_destino>\r
               <!--Optional:-->\r
               <ebil:CON_dato_fecha>?</ebil:CON_dato_fecha>\r
               <!--Optional:-->\r
               <ebil:CON_dato_origen>?</ebil:CON_dato_origen>\r
               <!--Optional:-->\r
               <ebil:CON_dato_peso>?</ebil:CON_dato_peso>\r
               <!--Optional:-->\r
               <ebil:CON_dato_placa>?</ebil:CON_dato_placa>\r
               <!--Optional:-->\r
               <ebil:CON_dato_referencia>?</ebil:CON_dato_referencia>\r
               <!--Optional:-->\r
               <ebil:CON_dato_texto1>?</ebil:CON_dato_texto1>\r
               <!--Optional:-->\r
               <ebil:CON_dato_texto10>?</ebil:CON_dato_texto10>\r
               <!--Optional:-->\r
               <ebil:CON_dato_texto11>?</ebil:CON_dato_texto11>\r
               <!--Optional:-->\r
               <ebil:CON_dato_texto12>?</ebil:CON_dato_texto12>\r
               <!--Optional:-->\r
               <ebil:CON_dato_texto13>?</ebil:CON_dato_texto13>\r
               <!--Optional:-->\r
               <ebil:CON_dato_texto14>?</ebil:CON_dato_texto14>\r
               <!--Optional:-->\r
               <ebil:CON_dato_texto15>?</ebil:CON_dato_texto15>\r
               <!--Optional:-->\r
               <ebil:CON_dato_texto2>?</ebil:CON_dato_texto2>\r
               <!--Optional:-->\r
               <ebil:CON_dato_texto3>?</ebil:CON_dato_texto3>\r
               <!--Optional:-->\r
               <ebil:CON_dato_texto4>?</ebil:CON_dato_texto4>\r
               <!--Optional:-->\r
               <ebil:CON_dato_texto5>?</ebil:CON_dato_texto5>\r
               <!--Optional:-->\r
               <ebil:CON_dato_texto6>?</ebil:CON_dato_texto6>\r
               <!--Optional:-->\r
               <ebil:CON_dato_texto7>?</ebil:CON_dato_texto7>\r
               <!--Optional:-->\r
               <ebil:CON_dato_texto8>?</ebil:CON_dato_texto8>\r
               <!--Optional:-->\r
               <ebil:CON_dato_texto9>?</ebil:CON_dato_texto9>\r
               <!--Optional:-->\r
               <ebil:CON_departamento_despacho>?</ebil:CON_departamento_despacho>\r
               <!--Optional:-->\r
               <ebil:CON_detalle_construccion>?</ebil:CON_detalle_construccion>\r
               <!--Optional:-->\r
               <ebil:CON_detalle_industria1>?</ebil:CON_detalle_industria1>\r
               <!--Optional:-->\r
               <ebil:CON_detalle_industria2>?</ebil:CON_detalle_industria2>\r
               <!--Optional:-->\r
               <ebil:CON_detalle_industria3>?</ebil:CON_detalle_industria3>\r
               <!--Optional:-->\r
               <ebil:CON_detalle_vehiculo>?</ebil:CON_detalle_vehiculo>\r
               <!--Optional:-->\r
               <ebil:CON_direccion_despacho>?</ebil:CON_direccion_despacho>\r
               <!--Optional:-->\r
               <ebil:CON_documentos_referencia>?</ebil:CON_documentos_referencia>\r
               <!--Optional:-->\r
               <ebil:CON_linea_concepto>?</ebil:CON_linea_concepto>\r
               <!--Optional:-->\r
               <ebil:CON_linea_padre_concepto>?</ebil:CON_linea_padre_concepto>\r
               <!--Optional:-->\r
               <ebil:CON_posicion_arancelaria>?</ebil:CON_posicion_arancelaria>\r
               <!--Optional:-->\r
               <ebil:CON_sub_cliente>?</ebil:CON_sub_cliente>\r
               <!--Optional:-->\r
               <ebil:CON_total_con_seg_mon>?</ebil:CON_total_con_seg_mon>\r
               <!--Optional:-->\r
               <ebil:CON_unidad_medida_con>?</ebil:CON_unidad_medida_con>\r
               <!--Optional:-->\r
               <ebil:CON_valor_otros_cargos>?</ebil:CON_valor_otros_cargos>\r
               <!--Optional:-->\r
               <ebil:CON_valor_otros_descuentos>?</ebil:CON_valor_otros_descuentos>\r
               <!--Optional:-->\r
               <ebil:CON_valor_unitario_seg_mon>?</ebil:CON_valor_unitario_seg_mon>\r
               <!--Optional:-->\r
               <ebil:CREE>?</ebil:CREE>\r
               <!--Optional:-->\r
               <ebil:Cantidad>?</ebil:Cantidad>\r
               <!--Optional:-->\r
               <ebil:ClaseMovimiento>?</ebil:ClaseMovimiento>\r
               <!--Optional:-->\r
               <ebil:CodigoProducto>?</ebil:CodigoProducto>\r
               <!--Optional:-->\r
               <ebil:Codigos>\r
                  <!--Zero or more repetitions:-->\r
                  <arr:string>?</arr:string>\r
               </ebil:Codigos>\r
               <!--Optional:-->\r
               <ebil:CodigosString>?</ebil:CodigosString>\r
               <!--Optional:-->\r
               <ebil:DescripcionConcepto>?</ebil:DescripcionConcepto>\r
               <!--Optional:-->\r
               <ebil:DescripcionProducto>?</ebil:DescripcionProducto>\r
               <!--Optional:-->\r
               <ebil:DescuentoConcepto>?</ebil:DescuentoConcepto>\r
               <!--Optional:-->\r
               <ebil:FechaRecibe>?</ebil:FechaRecibe>\r
               <!--Optional:-->\r
               <ebil:IVAProducto>?</ebil:IVAProducto>\r
               <!--Optional:-->\r
               <ebil:IdConcepto>?</ebil:IdConcepto>\r
               <!--Optional:-->\r
               <ebil:Importe>?</ebil:Importe>\r
               <!--Optional:-->\r
               <ebil:Impuesto2>?</ebil:Impuesto2>\r
               <!--Optional:-->\r
               <ebil:ItemReferencia>?</ebil:ItemReferencia>\r
               <!--Optional:-->\r
               <ebil:NotasConcepto>?</ebil:NotasConcepto>\r
               <!--Optional:-->\r
               <ebil:PorIVAProducto>?</ebil:PorIVAProducto>\r
               <!--Optional:-->\r
               <ebil:PorImpuesto2>?</ebil:PorImpuesto2>\r
               <!--Optional:-->\r
               <ebil:PorcentajeDescuento>?</ebil:PorcentajeDescuento>\r
               <!--Optional:-->\r
               <ebil:RetencionCREE>?</ebil:RetencionCREE>\r
               <!--Optional:-->\r
               <ebil:TipoImpuesto>?</ebil:TipoImpuesto>\r
               <!--Optional:-->\r
               <ebil:TotalConSegMon>?</ebil:TotalConSegMon>\r
               <!--Optional:-->\r
               <ebil:TotalConcepto>?</ebil:TotalConcepto>\r
               <!--Optional:-->\r
               <ebil:UnidadMedida>?</ebil:UnidadMedida>\r
               <!--Optional:-->\r
               <ebil:ValorUnitario>?</ebil:ValorUnitario>\r
               <!--Optional:-->\r
               <ebil:con_recurrente>?</ebil:con_recurrente>\r
            </ebil:FV_CFDDetConexionInt>\r
         </tem:DetFac>\r
         <!--Optional:-->\r
         <tem:Opciones>\r
            <!--Optional:-->\r
            <ebil:ActualizaProductos>?</ebil:ActualizaProductos>\r
            <!--Optional:-->\r
            <ebil:CalculaReteCree>?</ebil:CalculaReteCree>\r
            <!--Optional:-->\r
            <ebil:CalculaReteFuente>?</ebil:CalculaReteFuente>\r
            <!--Optional:-->\r
            <ebil:CalculaReteICA>?</ebil:CalculaReteICA>\r
            <!--Optional:-->\r
            <ebil:CalculaReteIVA>?</ebil:CalculaReteIVA>\r
            <!--Optional:-->\r
            <ebil:EmisionAutomatica>?</ebil:EmisionAutomatica>\r
            <!--Optional:-->\r
            <ebil:FacturaMinimalegal>?</ebil:FacturaMinimalegal>\r
            <!--Optional:-->\r
            <ebil:FacturasSinAcuerdo>?</ebil:FacturasSinAcuerdo>\r
            <!--Optional:-->\r
            <ebil:ModeloXAceptacion>?</ebil:ModeloXAceptacion>\r
            <!--Optional:-->\r
            <ebil:NotasRelacionadas>?</ebil:NotasRelacionadas>\r
            <!--Optional:-->\r
            <ebil:OrderControl>?</ebil:OrderControl>\r
            <!--Optional:-->\r
            <ebil:TieneAcuerdosFisicos>?</ebil:TieneAcuerdosFisicos>\r
            <!--Optional:-->\r
            <ebil:TokenConexion>?</ebil:TokenConexion>\r
            <!--Optional:-->\r
            <ebil:eBillAdmNumerosFactura>?</ebil:eBillAdmNumerosFactura>\r
         </tem:Opciones>\r
         <!--Optional:-->\r
         <tem:AllowedChargeCab>\r
            <!--Zero or more repetitions:-->\r
            <ebil:FV_ACC_AllowanceChargeCabInt>\r
               <!--Optional:-->\r
               <ebil:FCC_ACC_Amount_AllowanceChargeCab>?</ebil:FCC_ACC_Amount_AllowanceChargeCab>\r
               <!--Optional:-->\r
               <ebil:FCC_ACC_MultiplierFactorNumeric_AllowanceChargeCab>?</ebil:FCC_ACC_MultiplierFactorNumeric_AllowanceChargeCab>\r
               <!--Optional:-->\r
               <ebil:FC_ACC_BaseAmount_AllowanceChargeCab>?</ebil:FC_ACC_BaseAmount_AllowanceChargeCab>\r
               <!--Optional:-->\r
               <ebil:FV_ACC_ChargeIndicator_AllowanceChargeCab>?</ebil:FV_ACC_ChargeIndicator_AllowanceChargeCab>\r
               <!--Optional:-->\r
               <ebil:FV_ACC_Code_AllowanceChargeCab>?</ebil:FV_ACC_Code_AllowanceChargeCab>\r
               <!--Optional:-->\r
               <ebil:FV_ACC_Id_AllowanceChargeCab>?</ebil:FV_ACC_Id_AllowanceChargeCab>\r
               <!--Optional:-->\r
               <ebil:FV_ACC_Reason_AllowanceChargeCab>?</ebil:FV_ACC_Reason_AllowanceChargeCab>\r
            </ebil:FV_ACC_AllowanceChargeCabInt>\r
         </tem:AllowedChargeCab>\r
         <!--Optional:-->\r
         <tem:AllowedChargeDet>\r
            <!--Zero or more repetitions:-->\r
            <ebil:FV_ACD_AllowanceChargeDetInt>\r
               <!--Optional:-->\r
               <ebil:FCC_ACD_Amount_AllowanceChargeDet>?</ebil:FCC_ACD_Amount_AllowanceChargeDet>\r
               <!--Optional:-->\r
               <ebil:FCC_ACD_MultiplierFactorNumeric_AllowanceChargeDet>?</ebil:FCC_ACD_MultiplierFactorNumeric_AllowanceChargeDet>\r
               <!--Optional:-->\r
               <ebil:FC_ACD_BaseAmount_AllowanceChargeDet>?</ebil:FC_ACD_BaseAmount_AllowanceChargeDet>\r
               <!--Optional:-->\r
               <ebil:FV_ACD_ChargeIndicator_AllowanceChargeDet>?</ebil:FV_ACD_ChargeIndicator_AllowanceChargeDet>\r
               <!--Optional:-->\r
               <ebil:FV_ACD_Code_AllowanceChargeDet>?</ebil:FV_ACD_Code_AllowanceChargeDet>\r
               <!--Optional:-->\r
               <ebil:FV_ACD_Id_AllowanceChargeDet>?</ebil:FV_ACD_Id_AllowanceChargeDet>\r
               <!--Optional:-->\r
               <ebil:FV_ACD_Reason_AllowanceChargeDet>?</ebil:FV_ACD_Reason_AllowanceChargeDet>\r
               <!--Optional:-->\r
               <ebil:IdConcepto>?</ebil:IdConcepto>\r
            </ebil:FV_ACD_AllowanceChargeDetInt>\r
         </tem:AllowedChargeDet>\r
         <!--Optional:-->\r
         <tem:_FV_TRBACON_TributoAgrupadoXConceptoInt>\r
            <!--Zero or more repetitions:-->\r
            <ebil:FV_TRBACON_TributoAgrupadoXConceptoInt>\r
               <!--Optional:-->\r
               <ebil:FV_TRBACON_RoundingAmount_TributoAgrupadoXConcepto>?</ebil:FV_TRBACON_RoundingAmount_TributoAgrupadoXConcepto>\r
               <!--Optional:-->\r
               <ebil:FV_TRBACON_TaxAmount_TributoAgrupadoXConcepto>?</ebil:FV_TRBACON_TaxAmount_TributoAgrupadoXConcepto>\r
               <!--Optional:-->\r
               <ebil:FV_TRBACON_Withholding_TributoAgrupado>?</ebil:FV_TRBACON_Withholding_TributoAgrupado>\r
               <!--Optional:-->\r
               <ebil:FV_TRB_Id_Tributos>?</ebil:FV_TRB_Id_Tributos>\r
               <!--Optional:-->\r
               <ebil:IdConcepto>?</ebil:IdConcepto>\r
            </ebil:FV_TRBACON_TributoAgrupadoXConceptoInt>\r
         </tem:_FV_TRBACON_TributoAgrupadoXConceptoInt>\r
         <!--Optional:-->\r
         <tem:_FV_TRBDCON_TributoDetalleXConceptoInt>\r
            <!--Zero or more repetitions:-->\r
            <ebil:FV_TRBDCON_TributoDetalleXConceptoInt>\r
               <!--Optional:-->\r
               <ebil:FV_TRBDCON_PerUnitAmount_TributoDetalleXConcepto>?</ebil:FV_TRBDCON_PerUnitAmount_TributoDetalleXConcepto>\r
               <!--Optional:-->\r
               <ebil:FV_TRBDCON_TaxAmount_TributoDetalleXConcepto>?</ebil:FV_TRBDCON_TaxAmount_TributoDetalleXConcepto>\r
               <!--Optional:-->\r
               <ebil:FV_TRBDCON_TaxableAmount_TributoDetalleXConcepto>?</ebil:FV_TRBDCON_TaxableAmount_TributoDetalleXConcepto>\r
               <!--Optional:-->\r
               <ebil:FV_TRBDCON_Withholding_TributoDetalleXConcepto>?</ebil:FV_TRBDCON_Withholding_TributoDetalleXConcepto>\r
               <!--Optional:-->\r
               <ebil:FV_TRB_Id_Tributos>?</ebil:FV_TRB_Id_Tributos>\r
               <!--Optional:-->\r
               <ebil:FV_TXT_Id_TarifaXTributo>?</ebil:FV_TXT_Id_TarifaXTributo>\r
               <!--Optional:-->\r
               <ebil:FV_TXT_Tarifa_TarifaXTributo>?</ebil:FV_TXT_Tarifa_TarifaXTributo>\r
               <!--Optional:-->\r
               <ebil:FV_UNN_Codigo_DIAN>?</ebil:FV_UNN_Codigo_DIAN>\r
               <!--Optional:-->\r
               <ebil:IdConcepto>?</ebil:IdConcepto>\r
            </ebil:FV_TRBDCON_TributoDetalleXConceptoInt>\r
         </tem:_FV_TRBDCON_TributoDetalleXConceptoInt>\r
         <!--Optional:-->\r
         <tem:_FV_TRBA_TributoAgrupadoInt>\r
            <!--Zero or more repetitions:-->\r
            <ebil:FV_TRBA_TributoAgrupadoInt>\r
               <!--Optional:-->\r
               <ebil:FV_TRBA_RoundingAmount_TributoAgrupado>?</ebil:FV_TRBA_RoundingAmount_TributoAgrupado>\r
               <!--Optional:-->\r
               <ebil:FV_TRBA_TaxAmount_TributoAgrupado>?</ebil:FV_TRBA_TaxAmount_TributoAgrupado>\r
               <!--Optional:-->\r
               <ebil:FV_TRBA_Withholding_TributoAgrupado>?</ebil:FV_TRBA_Withholding_TributoAgrupado>\r
               <!--Optional:-->\r
               <ebil:FV_TRB_Id_Tributos>?</ebil:FV_TRB_Id_Tributos>\r
            </ebil:FV_TRBA_TributoAgrupadoInt>\r
         </tem:_FV_TRBA_TributoAgrupadoInt>\r
         <!--Optional:-->\r
         <tem:_FV_TRBD_TributoDetalleInt>\r
            <!--Zero or more repetitions:-->\r
            <ebil:FV_TRBD_TributoDetalleInt>\r
               <!--Optional:-->\r
               <ebil:FV_TRBD_PerUnitAmount_TributoDetalle>?</ebil:FV_TRBD_PerUnitAmount_TributoDetalle>\r
               <!--Optional:-->\r
               <ebil:FV_TRBD_TaxAmount_TributoDetalle>?</ebil:FV_TRBD_TaxAmount_TributoDetalle>\r
               <!--Optional:-->\r
               <ebil:FV_TRBD_TaxableAmount_TributoDetalle>?</ebil:FV_TRBD_TaxableAmount_TributoDetalle>\r
               <!--Optional:-->\r
               <ebil:FV_TRBD_Withholding_TributoDetalle>?</ebil:FV_TRBD_Withholding_TributoDetalle>\r
               <!--Optional:-->\r
               <ebil:FV_TRB_Id_Tributos>?</ebil:FV_TRB_Id_Tributos>\r
               <!--Optional:-->\r
               <ebil:FV_TXT_Id_TarifaXTributo>?</ebil:FV_TXT_Id_TarifaXTributo>\r
               <!--Optional:-->\r
               <ebil:FV_TXT_Tarifa_TarifaXTributo>?</ebil:FV_TXT_Tarifa_TarifaXTributo>\r
               <!--Optional:-->\r
               <ebil:FV_UNN_Codigo_DIAN>?</ebil:FV_UNN_Codigo_DIAN>\r
            </ebil:FV_TRBD_TributoDetalleInt>\r
         </tem:_FV_TRBD_TributoDetalleInt>\r
         <!--Optional:-->\r
         <tem:retornaXML>?</tem:retornaXML>\r
         <!--Optional:-->\r
         <tem:_FV_AXD_AnticiposXDocumentoInt>\r
            <!--Zero or more repetitions:-->\r
            <ebil:FV_AXD_AnticiposXDocumentoInt>\r
               <!--Optional:-->\r
               <ebil:Codigo_Moneda>?</ebil:Codigo_Moneda>\r
               <!--Optional:-->\r
               <ebil:FV_AXD_IdXDoc_AnticiposXDocumento>?</ebil:FV_AXD_IdXDoc_AnticiposXDocumento>\r
               <!--Optional:-->\r
               <ebil:FV_AXD_InstructionID>?</ebil:FV_AXD_InstructionID>\r
               <!--Optional:-->\r
               <ebil:FV_AXD_PaidAmount>?</ebil:FV_AXD_PaidAmount>\r
               <!--Optional:-->\r
               <ebil:FV_AXD_PaidDate>?</ebil:FV_AXD_PaidDate>\r
               <!--Optional:-->\r
               <ebil:FV_AXD_PaidTime>?</ebil:FV_AXD_PaidTime>\r
               <!--Optional:-->\r
               <ebil:FV_AXD_ReceivedDate>?</ebil:FV_AXD_ReceivedDate>\r
               <!--Optional:-->\r
               <ebil:IdAnticipo>?</ebil:IdAnticipo>\r
            </ebil:FV_AXD_AnticiposXDocumentoInt>\r
         </tem:_FV_AXD_AnticiposXDocumentoInt>\r
      </tem:FV_CargarNotaDesdeFacturaToeBill>\r
   </soapenv:Body>\r
</soapenv:Envelope>]]></con:request><con:wsaConfig mustUnderstand="NONE" version="200508" action="http://tempuri.org/IIntegracion/FV_CargarNotaDesdeFacturaToeBill"/></con:call></con:operation><con:operation id="dce36f97-e6a5-4f55-a24d-5cbb8a998c74" isOneWay="false" action="http://tempuri.org/IIntegracion/FV_ConsultaEstado_DIANV2" name="FV_ConsultaEstado_DIANV2" bindingOperationName="FV_ConsultaEstado_DIANV2" type="Request-Response" inputName="" receivesAttachments="false" sendsAttachments="false" anonymous="optional"><con:settings/><con:call id="68ee0bd8-5438-4c7b-ba2c-83458477f7df" name="Request 1"><con:settings/><con:encoding>UTF-8</con:encoding><con:endpoint>https://fymtest.cloudapp.net:444/ServiciosFyM/eBill/Integracion.svc</con:endpoint><con:request><![CDATA[<soapenv:Envelope xmlns:soapenv="http://schemas.xmlsoap.org/soap/envelope/" xmlns:tem="http://tempuri.org/">\r
   <soapenv:Header/>\r
   <soapenv:Body>\r
      <tem:FV_ConsultaEstado_DIANV2>\r
         <!--Optional:-->\r
         <tem:NitEmpresa>?</tem:NitEmpresa>\r
         <!--Optional:-->\r
         <tem:Prefijo>?</tem:Prefijo>\r
         <!--Optional:-->\r
         <tem:NumDoc>?</tem:NumDoc>\r
         <!--Optional:-->\r
         <tem:TipoComprobante>?</tem:TipoComprobante>\r
         <!--Optional:-->\r
         <tem:Token>?</tem:Token>\r
      </tem:FV_ConsultaEstado_DIANV2>\r
   </soapenv:Body>\r
</soapenv:Envelope>]]></con:request><con:wsaConfig mustUnderstand="NONE" version="200508" action="http://tempuri.org/IIntegracion/FV_ConsultaEstado_DIANV2"/></con:call></con:operation><con:operation id="05735f97-965b-45bf-881a-48e32b49296e" isOneWay="false" action="http://tempuri.org/IIntegracion/FV_ConsultaEstado_DIANV2Long" name="FV_ConsultaEstado_DIANV2Long" bindingOperationName="FV_ConsultaEstado_DIANV2Long" type="Request-Response" inputName="" receivesAttachments="false" sendsAttachments="false" anonymous="optional"><con:settings/><con:call id="e1a2478c-0c46-4360-8744-922dcc125f5e" name="Request 1"><con:settings/><con:encoding>UTF-8</con:encoding><con:endpoint>https://fymtest.cloudapp.net:444/ServiciosFyM/eBill/Integracion.svc</con:endpoint><con:request><![CDATA[<soapenv:Envelope xmlns:soapenv="http://schemas.xmlsoap.org/soap/envelope/" xmlns:tem="http://tempuri.org/">\r
   <soapenv:Header/>\r
   <soapenv:Body>\r
      <tem:FV_ConsultaEstado_DIANV2Long>\r
         <!--Optional:-->\r
         <tem:NitEmpresa>?</tem:NitEmpresa>\r
         <!--Optional:-->\r
         <tem:Prefijo>?</tem:Prefijo>\r
         <!--Optional:-->\r
         <tem:NumDoc>?</tem:NumDoc>\r
         <!--Optional:-->\r
         <tem:TipoComprobante>?</tem:TipoComprobante>\r
         <!--Optional:-->\r
         <tem:Token>?</tem:Token>\r
      </tem:FV_ConsultaEstado_DIANV2Long>\r
   </soapenv:Body>\r
</soapenv:Envelope>]]></con:request><con:wsaConfig mustUnderstand="NONE" version="200508" action="http://tempuri.org/IIntegracion/FV_ConsultaEstado_DIANV2Long"/></con:call></con:operation><con:operation id="c6f0da51-6799-4f3f-bfc1-b84c02d784f2" isOneWay="false" action="http://tempuri.org/IIntegracion/FV_CrearNombreArchivoZipDian" name="FV_CrearNombreArchivoZipDian" bindingOperationName="FV_CrearNombreArchivoZipDian" type="Request-Response" inputName="" receivesAttachments="false" sendsAttachments="false" anonymous="optional"><con:settings/><con:call id="38496604-a006-45e8-80cb-f3c893f4d6ff" name="Request 1"><con:settings/><con:encoding>UTF-8</con:encoding><con:endpoint>https://fymtest.cloudapp.net:444/ServiciosFyM/eBill/Integracion.svc</con:endpoint><con:request><![CDATA[<soapenv:Envelope xmlns:soapenv="http://schemas.xmlsoap.org/soap/envelope/" xmlns:tem="http://tempuri.org/">\r
   <soapenv:Header/>\r
   <soapenv:Body>\r
      <tem:FV_CrearNombreArchivoZipDian>\r
         <!--Optional:-->\r
         <tem:IdEmpresa>?</tem:IdEmpresa>\r
         <!--Optional:-->\r
         <tem:Token>?</tem:Token>\r
      </tem:FV_CrearNombreArchivoZipDian>\r
   </soapenv:Body>\r
</soapenv:Envelope>]]></con:request><con:wsaConfig mustUnderstand="NONE" version="200508" action="http://tempuri.org/IIntegracion/FV_CrearNombreArchivoZipDian"/></con:call></con:operation><con:operation id="43460a29-ffec-4bee-9fd8-d8cc940230bf" isOneWay="false" action="http://tempuri.org/IIntegracion/FV_EnviarDocumentoaDIAN" name="FV_EnviarDocumentoaDIAN" bindingOperationName="FV_EnviarDocumentoaDIAN" type="Request-Response" inputName="" receivesAttachments="false" sendsAttachments="false" anonymous="optional"><con:settings/><con:call id="d34c42b3-7582-4061-9a57-6f600ea2983f" name="Request 1"><con:settings/><con:encoding>UTF-8</con:encoding><con:endpoint>https://fymtest.cloudapp.net:444/ServiciosFyM/eBill/Integracion.svc</con:endpoint><con:request><![CDATA[<soapenv:Envelope xmlns:soapenv="http://schemas.xmlsoap.org/soap/envelope/" xmlns:tem="http://tempuri.org/">\r
   <soapenv:Header/>\r
   <soapenv:Body>\r
      <tem:FV_EnviarDocumentoaDIAN>\r
         <!--Optional:-->\r
         <tem:IdEmpresa>?</tem:IdEmpresa>\r
         <!--Optional:-->\r
         <tem:IdDocumento>?</tem:IdDocumento>\r
         <!--Optional:-->\r
         <tem:IdSucursal>?</tem:IdSucursal>\r
         <!--Optional:-->\r
         <tem:Prevalidar>?</tem:Prevalidar>\r
         <!--Optional:-->\r
         <tem:MSNError>?</tem:MSNError>\r
         <!--Optional:-->\r
         <tem:RequiereFE>?</tem:RequiereFE>\r
         <!--Optional:-->\r
         <tem:Token>?</tem:Token>\r
      </tem:FV_EnviarDocumentoaDIAN>\r
   </soapenv:Body>\r
</soapenv:Envelope>]]></con:request><con:wsaConfig mustUnderstand="NONE" version="200508" action="http://tempuri.org/IIntegracion/FV_EnviarDocumentoaDIAN"/></con:call></con:operation><con:operation id="1214fb6d-a712-4faf-a6d6-daeb68e46afe" isOneWay="false" action="http://tempuri.org/IIntegracion/FV_EnviarDocumentoaDIAN_Contingencia" name="FV_EnviarDocumentoaDIAN_Contingencia" bindingOperationName="FV_EnviarDocumentoaDIAN_Contingencia" type="Request-Response" inputName="" receivesAttachments="false" sendsAttachments="false" anonymous="optional"><con:settings/><con:call id="7caf0c64-ec6d-4f0f-8f9b-5deee8dbe7a7" name="Request 1"><con:settings/><con:encoding>UTF-8</con:encoding><con:endpoint>https://fymtest.cloudapp.net:444/ServiciosFyM/eBill/Integracion.svc</con:endpoint><con:request><![CDATA[<soapenv:Envelope xmlns:soapenv="http://schemas.xmlsoap.org/soap/envelope/" xmlns:tem="http://tempuri.org/">\r
   <soapenv:Header/>\r
   <soapenv:Body>\r
      <tem:FV_EnviarDocumentoaDIAN_Contingencia>\r
         <!--Optional:-->\r
         <tem:IdEmpresa>?</tem:IdEmpresa>\r
         <!--Optional:-->\r
         <tem:IdDocumento>?</tem:IdDocumento>\r
         <!--Optional:-->\r
         <tem:IdSucursal>?</tem:IdSucursal>\r
         <!--Optional:-->\r
         <tem:Prevalidar>?</tem:Prevalidar>\r
         <!--Optional:-->\r
         <tem:MSNError>?</tem:MSNError>\r
         <!--Optional:-->\r
         <tem:RequiereFE>?</tem:RequiereFE>\r
         <!--Optional:-->\r
         <tem:Token>?</tem:Token>\r
      </tem:FV_EnviarDocumentoaDIAN_Contingencia>\r
   </soapenv:Body>\r
</soapenv:Envelope>]]></con:request><con:wsaConfig mustUnderstand="NONE" version="200508" action="http://tempuri.org/IIntegracion/FV_EnviarDocumentoaDIAN_Contingencia"/></con:call></con:operation><con:operation id="afefed6b-5680-4e3d-a91f-1aa3a0103e33" isOneWay="false" action="http://tempuri.org/IIntegracion/FV_ExisteContingenciaDianDeclarada" name="FV_ExisteContingenciaDianDeclarada" bindingOperationName="FV_ExisteContingenciaDianDeclarada" type="Request-Response" inputName="" receivesAttachments="false" sendsAttachments="false" anonymous="optional"><con:settings/><con:call id="cf983200-6205-40e1-9cf2-57b9af8c6c03" name="Request 1"><con:settings/><con:encoding>UTF-8</con:encoding><con:endpoint>https://fymtest.cloudapp.net:444/ServiciosFyM/eBill/Integracion.svc</con:endpoint><con:request><![CDATA[<soapenv:Envelope xmlns:soapenv="http://schemas.xmlsoap.org/soap/envelope/" xmlns:tem="http://tempuri.org/">\r
   <soapenv:Header/>\r
   <soapenv:Body>\r
      <tem:FV_ExisteContingenciaDianDeclarada>\r
         <!--Optional:-->\r
         <tem:Token>?</tem:Token>\r
      </tem:FV_ExisteContingenciaDianDeclarada>\r
   </soapenv:Body>\r
</soapenv:Envelope>]]></con:request><con:wsaConfig mustUnderstand="NONE" version="200508" action="http://tempuri.org/IIntegracion/FV_ExisteContingenciaDianDeclarada"/></con:call></con:operation><con:operation id="2b443159-8a91-4b50-85c9-4fd52fdcac3a" isOneWay="false" action="http://tempuri.org/IIntegracion/FV_GenerarReporteDocumentosEmitidosXFechaXEstado" name="FV_GenerarReporteDocumentosEmitidosXFechaXEstado" bindingOperationName="FV_GenerarReporteDocumentosEmitidosXFechaXEstado" type="Request-Response" inputName="" receivesAttachments="false" sendsAttachments="false" anonymous="optional"><con:settings/><con:call id="4873ec3a-5782-49fd-b714-c019db915e70" name="Request 1"><con:settings/><con:encoding>UTF-8</con:encoding><con:endpoint>https://fymtest.cloudapp.net:444/ServiciosFyM/eBill/Integracion.svc</con:endpoint><con:request><![CDATA[<soapenv:Envelope xmlns:soapenv="http://schemas.xmlsoap.org/soap/envelope/" xmlns:tem="http://tempuri.org/">\r
   <soapenv:Header/>\r
   <soapenv:Body>\r
      <tem:FV_GenerarReporteDocumentosEmitidosXFechaXEstado>\r
         <!--Optional:-->\r
         <tem:nitEmpresa>?</tem:nitEmpresa>\r
         <!--Optional:-->\r
         <tem:token>?</tem:token>\r
         <!--Optional:-->\r
         <tem:fechaInicial>?</tem:fechaInicial>\r
         <!--Optional:-->\r
         <tem:fechaFinal>?</tem:fechaFinal>\r
         <!--Optional:-->\r
         <tem:idTramiteDIAN>?</tem:idTramiteDIAN>\r
      </tem:FV_GenerarReporteDocumentosEmitidosXFechaXEstado>\r
   </soapenv:Body>\r
</soapenv:Envelope>]]></con:request><con:wsaConfig mustUnderstand="NONE" version="200508" action="http://tempuri.org/IIntegracion/FV_GenerarReporteDocumentosEmitidosXFechaXEstado"/></con:call></con:operation><con:operation id="32ec1474-28eb-4720-85d9-a5b3de47a1dc" isOneWay="false" action="http://tempuri.org/IIntegracion/FV_GenerarReporteEmision" name="FV_GenerarReporteEmision" bindingOperationName="FV_GenerarReporteEmision" type="Request-Response" inputName="" receivesAttachments="false" sendsAttachments="false" anonymous="optional"><con:settings/><con:call id="8ade1a12-9b0f-4f88-a124-0d37addad87a" name="Request 1"><con:settings/><con:encoding>UTF-8</con:encoding><con:endpoint>https://fymtest.cloudapp.net:444/ServiciosFyM/eBill/Integracion.svc</con:endpoint><con:request><![CDATA[<soapenv:Envelope xmlns:soapenv="http://schemas.xmlsoap.org/soap/envelope/" xmlns:tem="http://tempuri.org/">\r
   <soapenv:Header/>\r
   <soapenv:Body>\r
      <tem:FV_GenerarReporteEmision>\r
         <!--Optional:-->\r
         <tem:nitEmpresa>?</tem:nitEmpresa>\r
         <!--Optional:-->\r
         <tem:token>?</tem:token>\r
         <!--Optional:-->\r
         <tem:fecha>?</tem:fecha>\r
         <!--Optional:-->\r
         <tem:erp>?</tem:erp>\r
         <!--Optional:-->\r
         <tem:tipoDocumento>?</tem:tipoDocumento>\r
      </tem:FV_GenerarReporteEmision>\r
   </soapenv:Body>\r
</soapenv:Envelope>]]></con:request><con:wsaConfig mustUnderstand="NONE" version="200508" action="http://tempuri.org/IIntegracion/FV_GenerarReporteEmision"/></con:call></con:operation><con:operation id="9859e3e0-f923-4b23-95ab-b1ea017600b6" isOneWay="false" action="http://tempuri.org/IIntegracion/FV_GenerarReporteEmisionPSV" name="FV_GenerarReporteEmisionPSV" bindingOperationName="FV_GenerarReporteEmisionPSV" type="Request-Response" inputName="" receivesAttachments="false" sendsAttachments="false" anonymous="optional"><con:settings/><con:call id="7566c04f-f7a3-4211-952b-1de46c8ff62e" name="Request 1"><con:settings/><con:encoding>UTF-8</con:encoding><con:endpoint>https://fymtest.cloudapp.net:444/ServiciosFyM/eBill/Integracion.svc</con:endpoint><con:request><![CDATA[<soapenv:Envelope xmlns:soapenv="http://schemas.xmlsoap.org/soap/envelope/" xmlns:tem="http://tempuri.org/">\r
   <soapenv:Header/>\r
   <soapenv:Body>\r
      <tem:FV_GenerarReporteEmisionPSV>\r
         <!--Optional:-->\r
         <tem:nitEmpresa>?</tem:nitEmpresa>\r
         <!--Optional:-->\r
         <tem:token>?</tem:token>\r
         <!--Optional:-->\r
         <tem:fecha>?</tem:fecha>\r
         <!--Optional:-->\r
         <tem:erp>?</tem:erp>\r
         <!--Optional:-->\r
         <tem:tipoDocumento>?</tem:tipoDocumento>\r
      </tem:FV_GenerarReporteEmisionPSV>\r
   </soapenv:Body>\r
</soapenv:Envelope>]]></con:request><con:wsaConfig mustUnderstand="NONE" version="200508" action="http://tempuri.org/IIntegracion/FV_GenerarReporteEmisionPSV"/></con:call></con:operation><con:operation id="9461d833-3064-4ff6-95fe-a09fa0f3770f" isOneWay="false" action="http://tempuri.org/IIntegracion/FV_GenerarReporteRecepcion" name="FV_GenerarReporteRecepcion" bindingOperationName="FV_GenerarReporteRecepcion" type="Request-Response" inputName="" receivesAttachments="false" sendsAttachments="false" anonymous="optional"><con:settings/><con:call id="61d902f5-1046-4beb-ab80-199355cf2814" name="Request 1"><con:settings/><con:encoding>UTF-8</con:encoding><con:endpoint>https://fymtest.cloudapp.net:444/ServiciosFyM/eBill/Integracion.svc</con:endpoint><con:request><![CDATA[<soapenv:Envelope xmlns:soapenv="http://schemas.xmlsoap.org/soap/envelope/" xmlns:tem="http://tempuri.org/">\r
   <soapenv:Header/>\r
   <soapenv:Body>\r
      <tem:FV_GenerarReporteRecepcion>\r
         <!--Optional:-->\r
         <tem:nitEmpresa>?</tem:nitEmpresa>\r
         <!--Optional:-->\r
         <tem:token>?</tem:token>\r
         <!--Optional:-->\r
         <tem:fecha>?</tem:fecha>\r
         <!--Optional:-->\r
         <tem:esConsolidado>?</tem:esConsolidado>\r
         <!--Optional:-->\r
         <tem:nitProveedor>?</tem:nitProveedor>\r
         <!--Optional:-->\r
         <tem:tipoDocumento>?</tem:tipoDocumento>\r
      </tem:FV_GenerarReporteRecepcion>\r
   </soapenv:Body>\r
</soapenv:Envelope>]]></con:request><con:wsaConfig mustUnderstand="NONE" version="200508" action="http://tempuri.org/IIntegracion/FV_GenerarReporteRecepcion"/></con:call></con:operation><con:operation id="c1dec4fa-a6cb-4d6e-b65f-011c8016c106" isOneWay="false" action="http://tempuri.org/IIntegracion/FV_GenerarReporteRecepcionPSV" name="FV_GenerarReporteRecepcionPSV" bindingOperationName="FV_GenerarReporteRecepcionPSV" type="Request-Response" inputName="" receivesAttachments="false" sendsAttachments="false" anonymous="optional"><con:settings/><con:call id="cf582b85-374f-4951-887a-0d5aa6f7eb82" name="Request 1"><con:settings/><con:encoding>UTF-8</con:encoding><con:endpoint>https://fymtest.cloudapp.net:444/ServiciosFyM/eBill/Integracion.svc</con:endpoint><con:request><![CDATA[<soapenv:Envelope xmlns:soapenv="http://schemas.xmlsoap.org/soap/envelope/" xmlns:tem="http://tempuri.org/">\r
   <soapenv:Header/>\r
   <soapenv:Body>\r
      <tem:FV_GenerarReporteRecepcionPSV>\r
         <!--Optional:-->\r
         <tem:nitEmpresa>?</tem:nitEmpresa>\r
         <!--Optional:-->\r
         <tem:token>?</tem:token>\r
         <!--Optional:-->\r
         <tem:fecha>?</tem:fecha>\r
         <!--Optional:-->\r
         <tem:esConsolidado>?</tem:esConsolidado>\r
         <!--Optional:-->\r
         <tem:nitProveedor>?</tem:nitProveedor>\r
         <!--Optional:-->\r
         <tem:tipoDocumento>?</tem:tipoDocumento>\r
      </tem:FV_GenerarReporteRecepcionPSV>\r
   </soapenv:Body>\r
</soapenv:Envelope>]]></con:request><con:wsaConfig mustUnderstand="NONE" version="200508" action="http://tempuri.org/IIntegracion/FV_GenerarReporteRecepcionPSV"/></con:call></con:operation><con:operation id="d5e1bb25-8daf-4d24-9fb6-996cc80076d5" isOneWay="false" action="http://tempuri.org/IIntegracion/FV_GenerarReporteValidacionDocumentosRecibidos" name="FV_GenerarReporteValidacionDocumentosRecibidos" bindingOperationName="FV_GenerarReporteValidacionDocumentosRecibidos" type="Request-Response" inputName="" receivesAttachments="false" sendsAttachments="false" anonymous="optional"><con:settings/><con:call id="d130f2b3-2a7d-4eb8-ae08-5e22f86fa417" name="Request 1"><con:settings/><con:encoding>UTF-8</con:encoding><con:endpoint>https://fymtest.cloudapp.net:444/ServiciosFyM/eBill/Integracion.svc</con:endpoint><con:request><![CDATA[<soapenv:Envelope xmlns:soapenv="http://schemas.xmlsoap.org/soap/envelope/" xmlns:tem="http://tempuri.org/">\r
   <soapenv:Header/>\r
   <soapenv:Body>\r
      <tem:FV_GenerarReporteValidacionDocumentosRecibidos>\r
         <!--Optional:-->\r
         <tem:nitEmpresa>?</tem:nitEmpresa>\r
         <!--Optional:-->\r
         <tem:token>?</tem:token>\r
         <!--Optional:-->\r
         <tem:fechaInicial>?</tem:fechaInicial>\r
         <!--Optional:-->\r
         <tem:fechaFinal>?</tem:fechaFinal>\r
      </tem:FV_GenerarReporteValidacionDocumentosRecibidos>\r
   </soapenv:Body>\r
</soapenv:Envelope>]]></con:request><con:wsaConfig mustUnderstand="NONE" version="200508" action="http://tempuri.org/IIntegracion/FV_GenerarReporteValidacionDocumentosRecibidos"/></con:call></con:operation><con:operation id="fdba4a22-6524-4a20-8e32-ceae9a8079b4" isOneWay="false" action="http://tempuri.org/IIntegracion/FV_LiberarDocsEmitidosEstadoProcesamiento" name="FV_LiberarDocsEmitidosEstadoProcesamiento" bindingOperationName="FV_LiberarDocsEmitidosEstadoProcesamiento" type="Request-Response" inputName="" receivesAttachments="false" sendsAttachments="false" anonymous="optional"><con:settings/><con:call id="0148f906-0890-4bcb-a204-966fb794316a" name="Request 1"><con:settings/><con:encoding>UTF-8</con:encoding><con:endpoint>https://fymtest.cloudapp.net:444/ServiciosFyM/eBill/Integracion.svc</con:endpoint><con:request><![CDATA[<soapenv:Envelope xmlns:soapenv="http://schemas.xmlsoap.org/soap/envelope/" xmlns:tem="http://tempuri.org/" xmlns:arr="http://schemas.microsoft.com/2003/10/Serialization/Arrays">\r
   <soapenv:Header/>\r
   <soapenv:Body>\r
      <tem:FV_LiberarDocsEmitidosEstadoProcesamiento>\r
         <!--Optional:-->\r
         <tem:IdEmpresa>?</tem:IdEmpresa>\r
         <!--Optional:-->\r
         <tem:documentos>\r
            <!--Zero or more repetitions:-->\r
            <arr:int>?</arr:int>\r
         </tem:documentos>\r
         <!--Optional:-->\r
         <tem:Token>?</tem:Token>\r
      </tem:FV_LiberarDocsEmitidosEstadoProcesamiento>\r
   </soapenv:Body>\r
</soapenv:Envelope>]]></con:request><con:wsaConfig mustUnderstand="NONE" version="200508" action="http://tempuri.org/IIntegracion/FV_LiberarDocsEmitidosEstadoProcesamiento"/></con:call></con:operation><con:operation id="a046a53e-f329-423a-9d84-953d79ede126" isOneWay="false" action="http://tempuri.org/IIntegracion/FV_LiberarDocumentosEstadoProcesamiento" name="FV_LiberarDocumentosEstadoProcesamiento" bindingOperationName="FV_LiberarDocumentosEstadoProcesamiento" type="Request-Response" inputName="" receivesAttachments="false" sendsAttachments="false" anonymous="optional"><con:settings/><con:call id="67394449-1e88-4229-a944-f620737cd041" name="Request 1"><con:settings/><con:encoding>UTF-8</con:encoding><con:endpoint>https://fymtest.cloudapp.net:444/ServiciosFyM/eBill/Integracion.svc</con:endpoint><con:request><![CDATA[<soapenv:Envelope xmlns:soapenv="http://schemas.xmlsoap.org/soap/envelope/" xmlns:tem="http://tempuri.org/" xmlns:arr="http://schemas.microsoft.com/2003/10/Serialization/Arrays">\r
   <soapenv:Header/>\r
   <soapenv:Body>\r
      <tem:FV_LiberarDocumentosEstadoProcesamiento>\r
         <!--Optional:-->\r
         <tem:IdEmpresa>?</tem:IdEmpresa>\r
         <!--Optional:-->\r
         <tem:documentos>\r
            <!--Zero or more repetitions:-->\r
            <arr:int>?</arr:int>\r
         </tem:documentos>\r
         <!--Optional:-->\r
         <tem:Token>?</tem:Token>\r
      </tem:FV_LiberarDocumentosEstadoProcesamiento>\r
   </soapenv:Body>\r
</soapenv:Envelope>]]></con:request><con:wsaConfig mustUnderstand="NONE" version="200508" action="http://tempuri.org/IIntegracion/FV_LiberarDocumentosEstadoProcesamiento"/></con:call></con:operation><con:operation id="0c73cbb1-cd41-4984-93c5-9efa9f4a92cf" isOneWay="false" action="http://tempuri.org/IIntegracion/FV_LiberarPaquetesEstadoProcesamiento" name="FV_LiberarPaquetesEstadoProcesamiento" bindingOperationName="FV_LiberarPaquetesEstadoProcesamiento" type="Request-Response" inputName="" receivesAttachments="false" sendsAttachments="false" anonymous="optional"><con:settings/><con:call id="ea732271-dac4-4d2c-8291-a2f404cbbb72" name="Request 1"><con:settings/><con:encoding>UTF-8</con:encoding><con:endpoint>https://fymtest.cloudapp.net:444/ServiciosFyM/eBill/Integracion.svc</con:endpoint><con:request><![CDATA[<soapenv:Envelope xmlns:soapenv="http://schemas.xmlsoap.org/soap/envelope/" xmlns:tem="http://tempuri.org/" xmlns:arr="http://schemas.microsoft.com/2003/10/Serialization/Arrays">\r
   <soapenv:Header/>\r
   <soapenv:Body>\r
      <tem:FV_LiberarPaquetesEstadoProcesamiento>\r
         <!--Optional:-->\r
         <tem:IdEmpresa>?</tem:IdEmpresa>\r
         <!--Optional:-->\r
         <tem:paquetes>\r
            <!--Zero or more repetitions:-->\r
            <arr:int>?</arr:int>\r
         </tem:paquetes>\r
         <!--Optional:-->\r
         <tem:Token>?</tem:Token>\r
      </tem:FV_LiberarPaquetesEstadoProcesamiento>\r
   </soapenv:Body>\r
</soapenv:Envelope>]]></con:request><con:wsaConfig mustUnderstand="NONE" version="200508" action="http://tempuri.org/IIntegracion/FV_LiberarPaquetesEstadoProcesamiento"/></con:call></con:operation><con:operation id="defde726-8788-4958-a035-1f56152884bc" isOneWay="false" action="http://tempuri.org/IIntegracion/FV_NotificarDocumentoCliente" name="FV_NotificarDocumentoCliente" bindingOperationName="FV_NotificarDocumentoCliente" type="Request-Response" inputName="" receivesAttachments="false" sendsAttachments="false" anonymous="optional"><con:settings/><con:call id="a8ee5258-9001-4ae3-8026-d16247c28c30" name="Request 1"><con:settings/><con:encoding>UTF-8</con:encoding><con:endpoint>https://fymtest.cloudapp.net:444/ServiciosFyM/eBill/Integracion.svc</con:endpoint><con:request><![CDATA[<soapenv:Envelope xmlns:soapenv="http://schemas.xmlsoap.org/soap/envelope/" xmlns:tem="http://tempuri.org/">\r
   <soapenv:Header/>\r
   <soapenv:Body>\r
      <tem:FV_NotificarDocumentoCliente>\r
         <!--Optional:-->\r
         <tem:IdDocumento>?</tem:IdDocumento>\r
         <!--Optional:-->\r
         <tem:IdEmpresa>?</tem:IdEmpresa>\r
         <!--Optional:-->\r
         <tem:CorreosAdic>?</tem:CorreosAdic>\r
         <!--Optional:-->\r
         <tem:Token>?</tem:Token>\r
         <!--Optional:-->\r
         <tem:ModeloFVP>?</tem:ModeloFVP>\r
      </tem:FV_NotificarDocumentoCliente>\r
   </soapenv:Body>\r
</soapenv:Envelope>]]></con:request><con:wsaConfig mustUnderstand="NONE" version="200508" action="http://tempuri.org/IIntegracion/FV_NotificarDocumentoCliente"/></con:call></con:operation><con:operation id="ab93b527-91c4-49d6-9767-cf3aed415594" isOneWay="false" action="http://tempuri.org/IIntegracion/FV_NotificarFacturasExitosas_Seven" name="FV_NotificarFacturasExitosas_Seven" bindingOperationName="FV_NotificarFacturasExitosas_Seven" type="Request-Response" inputName="" receivesAttachments="false" sendsAttachments="false" anonymous="optional"><con:settings/><con:call id="acb8c6a8-f5d9-4d74-9146-f0152fce6dd6" name="Request 1"><con:settings/><con:encoding>UTF-8</con:encoding><con:endpoint>https://fymtest.cloudapp.net:444/ServiciosFyM/eBill/Integracion.svc</con:endpoint><con:request><![CDATA[<soapenv:Envelope xmlns:soapenv="http://schemas.xmlsoap.org/soap/envelope/" xmlns:tem="http://tempuri.org/">\r
   <soapenv:Header/>\r
   <soapenv:Body>\r
      <tem:FV_NotificarFacturasExitosas_Seven>\r
         <!--Optional:-->\r
         <tem:token>?</tem:token>\r
         <!--Optional:-->\r
         <tem:Prefijo>?</tem:Prefijo>\r
         <!--Optional:-->\r
         <tem:NumeroCFD>?</tem:NumeroCFD>\r
         <!--Optional:-->\r
         <tem:TipoComprobante>?</tem:TipoComprobante>\r
         <!--Optional:-->\r
         <tem:idEmpresa>?</tem:idEmpresa>\r
         <!--Optional:-->\r
         <tem:respuesta_eBill>?</tem:respuesta_eBill>\r
         <!--Optional:-->\r
         <tem:credenciales>?</tem:credenciales>\r
      </tem:FV_NotificarFacturasExitosas_Seven>\r
   </soapenv:Body>\r
</soapenv:Envelope>]]></con:request><con:wsaConfig mustUnderstand="NONE" version="200508" action="http://tempuri.org/IIntegracion/FV_NotificarFacturasExitosas_Seven"/></con:call></con:operation><con:operation id="a4e31ec4-dff0-459f-9e2d-105b4d2ce6a0" isOneWay="false" action="http://tempuri.org/IIntegracion/FV_ProcesarRespuestaEnvioAsincrono" name="FV_ProcesarRespuestaEnvioAsincrono" bindingOperationName="FV_ProcesarRespuestaEnvioAsincrono" type="Request-Response" inputName="" receivesAttachments="false" sendsAttachments="false" anonymous="optional"><con:settings/><con:call id="4c3089a1-8892-415d-b7d5-251090d05631" name="Request 1"><con:settings/><con:encoding>UTF-8</con:encoding><con:endpoint>https://fymtest.cloudapp.net:444/ServiciosFyM/eBill/Integracion.svc</con:endpoint><con:request><![CDATA[<soapenv:Envelope xmlns:soapenv="http://schemas.xmlsoap.org/soap/envelope/" xmlns:tem="http://tempuri.org/" xmlns:upl="http://schemas.datacontract.org/2004/07/UploadDocumentResponse" xmlns:xp="http://schemas.datacontract.org/2004/07/XmlParamsResponseTrackId">\r
   <soapenv:Header/>\r
   <soapenv:Body>\r
      <tem:FV_ProcesarRespuestaEnvioAsincrono>\r
         <!--Optional:-->\r
         <tem:IdEmpresa>?</tem:IdEmpresa>\r
         <!--Optional:-->\r
         <tem:IdDocumento>?</tem:IdDocumento>\r
         <!--Optional:-->\r
         <tem:respuesta>\r
            <!--Optional:-->\r
            <upl:ErrorMessageList>\r
               <!--Zero or more repetitions:-->\r
               <xp:XmlParamsResponseTrackId>\r
                  <!--Optional:-->\r
                  <xp:DocumentKey>?</xp:DocumentKey>\r
                  <!--Optional:-->\r
                  <xp:ProcessedMessage>?</xp:ProcessedMessage>\r
                  <!--Optional:-->\r
                  <xp:SenderCode>?</xp:SenderCode>\r
                  <!--Optional:-->\r
                  <xp:Success>?</xp:Success>\r
                  <!--Optional:-->\r
                  <xp:XmlFileName>?</xp:XmlFileName>\r
               </xp:XmlParamsResponseTrackId>\r
            </upl:ErrorMessageList>\r
            <!--Optional:-->\r
            <upl:ZipKey>?</upl:ZipKey>\r
         </tem:respuesta>\r
         <!--Optional:-->\r
         <tem:Nombre_ArchivoZip>?</tem:Nombre_ArchivoZip>\r
         <!--Optional:-->\r
         <tem:Nombre_ArchivoXml>?</tem:Nombre_ArchivoXml>\r
         <!--Optional:-->\r
         <tem:ArchivoZip>cid:865470733949</tem:ArchivoZip>\r
         <!--Optional:-->\r
         <tem:xml>cid:1317846439283</tem:xml>\r
         <!--Optional:-->\r
         <tem:Token>?</tem:Token>\r
         <!--Optional:-->\r
         <tem:EndPointDian>?</tem:EndPointDian>\r
         <!--Optional:-->\r
         <tem:ReemplazoDocXReglasInv>?</tem:ReemplazoDocXReglasInv>\r
      </tem:FV_ProcesarRespuestaEnvioAsincrono>\r
   </soapenv:Body>\r
</soapenv:Envelope>]]></con:request><con:wsaConfig mustUnderstand="NONE" version="200508" action="http://tempuri.org/IIntegracion/FV_ProcesarRespuestaEnvioAsincrono"/></con:call></con:operation><con:operation id="3cb09feb-365d-483d-8de5-12a0a3fb4f21" isOneWay="false" action="http://tempuri.org/IIntegracion/FV_ProcesarRespuestaEnvioSincrono" name="FV_ProcesarRespuestaEnvioSincrono" bindingOperationName="FV_ProcesarRespuestaEnvioSincrono" type="Request-Response" inputName="" receivesAttachments="false" sendsAttachments="false" anonymous="optional"><con:settings/><con:call id="43c8dea4-1102-4b6d-bc18-b7696826c00b" name="Request 1"><con:settings/><con:encoding>UTF-8</con:encoding><con:endpoint>https://fymtest.cloudapp.net:444/ServiciosFyM/eBill/Integracion.svc</con:endpoint><con:request><![CDATA[<soapenv:Envelope xmlns:soapenv="http://schemas.xmlsoap.org/soap/envelope/" xmlns:tem="http://tempuri.org/" xmlns:dian="http://schemas.datacontract.org/2004/07/DianResponse" xmlns:arr="http://schemas.microsoft.com/2003/10/Serialization/Arrays">\r
   <soapenv:Header/>\r
   <soapenv:Body>\r
      <tem:FV_ProcesarRespuestaEnvioSincrono>\r
         <!--Optional:-->\r
         <tem:IdEmpresa>?</tem:IdEmpresa>\r
         <!--Optional:-->\r
         <tem:IdDocumento>?</tem:IdDocumento>\r
         <!--Optional:-->\r
         <tem:respuesta>\r
            <!--Optional:-->\r
            <dian:ErrorMessage>\r
               <!--Zero or more repetitions:-->\r
               <arr:string>?</arr:string>\r
            </dian:ErrorMessage>\r
            <!--Optional:-->\r
            <dian:IsValid>?</dian:IsValid>\r
            <!--Optional:-->\r
            <dian:StatusCode>?</dian:StatusCode>\r
            <!--Optional:-->\r
            <dian:StatusDescription>?</dian:StatusDescription>\r
            <!--Optional:-->\r
            <dian:StatusMessage>?</dian:StatusMessage>\r
            <!--Optional:-->\r
            <dian:XmlBase64Bytes>cid:689466664942</dian:XmlBase64Bytes>\r
            <!--Optional:-->\r
            <dian:XmlBytes>cid:716329979399</dian:XmlBytes>\r
            <!--Optional:-->\r
            <dian:XmlDocumentKey>?</dian:XmlDocumentKey>\r
            <!--Optional:-->\r
            <dian:XmlFileName>?</dian:XmlFileName>\r
         </tem:respuesta>\r
         <!--Optional:-->\r
         <tem:Nombre_ArchivoZip>?</tem:Nombre_ArchivoZip>\r
         <!--Optional:-->\r
         <tem:ArchivoZip>cid:1101160435016</tem:ArchivoZip>\r
         <!--Optional:-->\r
         <tem:xml>cid:211087515735</tem:xml>\r
         <!--Optional:-->\r
         <tem:Token>?</tem:Token>\r
         <!--Optional:-->\r
         <tem:EndPointDian>?</tem:EndPointDian>\r
         <!--Optional:-->\r
         <tem:ReemplazoDocXReglasInv>?</tem:ReemplazoDocXReglasInv>\r
      </tem:FV_ProcesarRespuestaEnvioSincrono>\r
   </soapenv:Body>\r
</soapenv:Envelope>]]></con:request><con:wsaConfig mustUnderstand="NONE" version="200508" action="http://tempuri.org/IIntegracion/FV_ProcesarRespuestaEnvioSincrono"/></con:call></con:operation><con:operation id="fad8dbb2-96b0-4f7c-bf9a-5c6d827ae46d" isOneWay="false" action="http://tempuri.org/IIntegracion/FV_RegistrarHeartBeatContingencia" name="FV_RegistrarHeartBeatContingencia" bindingOperationName="FV_RegistrarHeartBeatContingencia" type="Request-Response" inputName="" receivesAttachments="false" sendsAttachments="false" anonymous="optional"><con:settings/><con:call id="0e873695-595d-426f-afd7-8d511f3f353e" name="Request 1"><con:settings/><con:encoding>UTF-8</con:encoding><con:endpoint>https://fymtest.cloudapp.net:444/ServiciosFyM/eBill/Integracion.svc</con:endpoint><con:request><![CDATA[<soapenv:Envelope xmlns:soapenv="http://schemas.xmlsoap.org/soap/envelope/" xmlns:tem="http://tempuri.org/">\r
   <soapenv:Header/>\r
   <soapenv:Body>\r
      <tem:FV_RegistrarHeartBeatContingencia>\r
         <!--Optional:-->\r
         <tem:Token>?</tem:Token>\r
         <!--Optional:-->\r
         <tem:CodigoStatus>?</tem:CodigoStatus>\r
         <!--Optional:-->\r
         <tem:IdIncidenteContingencia>?</tem:IdIncidenteContingencia>\r
      </tem:FV_RegistrarHeartBeatContingencia>\r
   </soapenv:Body>\r
</soapenv:Envelope>]]></con:request><con:wsaConfig mustUnderstand="NONE" version="200508" action="http://tempuri.org/IIntegracion/FV_RegistrarHeartBeatContingencia"/></con:call></con:operation><con:operation id="dc41869a-dea8-4523-a414-913bf23f6bdb" isOneWay="false" action="http://tempuri.org/IIntegracion/FV_RegistrarIncidenteContingencia" name="FV_RegistrarIncidenteContingencia" bindingOperationName="FV_RegistrarIncidenteContingencia" type="Request-Response" inputName="" receivesAttachments="false" sendsAttachments="false" anonymous="optional"><con:settings/><con:call id="9d1d0e94-a5e4-4fa3-89f8-d5d57a6960d7" name="Request 1"><con:settings/><con:encoding>UTF-8</con:encoding><con:endpoint>https://fymtest.cloudapp.net:444/ServiciosFyM/eBill/Integracion.svc</con:endpoint><con:request><![CDATA[<soapenv:Envelope xmlns:soapenv="http://schemas.xmlsoap.org/soap/envelope/" xmlns:tem="http://tempuri.org/" xmlns:ebil="http://schemas.datacontract.org/2004/07/eBillCore">\r
   <soapenv:Header/>\r
   <soapenv:Body>\r
      <tem:FV_RegistrarIncidenteContingencia>\r
         <!--Optional:-->\r
         <tem:Token>?</tem:Token>\r
         <!--Optional:-->\r
         <tem:_FV_IncidenteContingenciaDian>\r
            <!--Optional:-->\r
            <ebil:Fecha>?</ebil:Fecha>\r
            <!--Optional:-->\r
            <ebil:IdDocumento>?</ebil:IdDocumento>\r
            <!--Optional:-->\r
            <ebil:IdEmpresa>?</ebil:IdEmpresa>\r
            <!--Optional:-->\r
            <ebil:IdIncidenteContingenciaDian>?</ebil:IdIncidenteContingenciaDian>\r
            <!--Optional:-->\r
            <ebil:NombreSonda>?</ebil:NombreSonda>\r
            <!--Optional:-->\r
            <ebil:TipoIncidenteContingencia>?</ebil:TipoIncidenteContingencia>\r
         </tem:_FV_IncidenteContingenciaDian>\r
      </tem:FV_RegistrarIncidenteContingencia>\r
   </soapenv:Body>\r
</soapenv:Envelope>]]></con:request><con:wsaConfig mustUnderstand="NONE" version="200508" action="http://tempuri.org/IIntegracion/FV_RegistrarIncidenteContingencia"/></con:call></con:operation><con:operation id="e000ce3e-3bbc-4fdb-bdb6-387638856721" isOneWay="false" action="http://tempuri.org/IIntegracion/FV_RegistroEstadoDocEmitido" name="FV_RegistroEstadoDocEmitido" bindingOperationName="FV_RegistroEstadoDocEmitido" type="Request-Response" inputName="" receivesAttachments="false" sendsAttachments="false" anonymous="optional"><con:settings/><con:call id="8900ba0c-6ff6-408c-b618-872b437b98df" name="Request 1"><con:settings/><con:encoding>UTF-8</con:encoding><con:endpoint>https://fymtest.cloudapp.net:444/ServiciosFyM/eBill/Integracion.svc</con:endpoint><con:request><![CDATA[<soapenv:Envelope xmlns:soapenv="http://schemas.xmlsoap.org/soap/envelope/" xmlns:tem="http://tempuri.org/" xmlns:dian="http://schemas.datacontract.org/2004/07/DianResponse" xmlns:arr="http://schemas.microsoft.com/2003/10/Serialization/Arrays">\r
   <soapenv:Header/>\r
   <soapenv:Body>\r
      <tem:FV_RegistroEstadoDocEmitido>\r
         <!--Optional:-->\r
         <tem:IdEmpresa>?</tem:IdEmpresa>\r
         <!--Optional:-->\r
         <tem:IdDocumento>?</tem:IdDocumento>\r
         <!--Optional:-->\r
         <tem:respuesta>\r
            <!--Optional:-->\r
            <dian:ErrorMessage>\r
               <!--Zero or more repetitions:-->\r
               <arr:string>?</arr:string>\r
            </dian:ErrorMessage>\r
            <!--Optional:-->\r
            <dian:IsValid>?</dian:IsValid>\r
            <!--Optional:-->\r
            <dian:StatusCode>?</dian:StatusCode>\r
            <!--Optional:-->\r
            <dian:StatusDescription>?</dian:StatusDescription>\r
            <!--Optional:-->\r
            <dian:StatusMessage>?</dian:StatusMessage>\r
            <!--Optional:-->\r
            <dian:XmlBase64Bytes>cid:174453357123</dian:XmlBase64Bytes>\r
            <!--Optional:-->\r
            <dian:XmlBytes>cid:564574901551</dian:XmlBytes>\r
            <!--Optional:-->\r
            <dian:XmlDocumentKey>?</dian:XmlDocumentKey>\r
            <!--Optional:-->\r
            <dian:XmlFileName>?</dian:XmlFileName>\r
         </tem:respuesta>\r
         <!--Optional:-->\r
         <tem:IdRegistroSolicitudDetalle>?</tem:IdRegistroSolicitudDetalle>\r
         <!--Optional:-->\r
         <tem:Token>?</tem:Token>\r
      </tem:FV_RegistroEstadoDocEmitido>\r
   </soapenv:Body>\r
</soapenv:Envelope>]]></con:request><con:wsaConfig mustUnderstand="NONE" version="200508" action="http://tempuri.org/IIntegracion/FV_RegistroEstadoDocEmitido"/></con:call></con:operation><con:operation id="a938fc72-b7af-4f4c-b300-535f19ffd16a" isOneWay="false" action="http://tempuri.org/IIntegracion/FV_RegistroEstadoPaqueteEmitido" name="FV_RegistroEstadoPaqueteEmitido" bindingOperationName="FV_RegistroEstadoPaqueteEmitido" type="Request-Response" inputName="" receivesAttachments="false" sendsAttachments="false" anonymous="optional"><con:settings/><con:call id="76bb07da-e55c-412b-b009-d92b8d6d8f9d" name="Request 1"><con:settings/><con:encoding>UTF-8</con:encoding><con:endpoint>https://fymtest.cloudapp.net:444/ServiciosFyM/eBill/Integracion.svc</con:endpoint><con:request><![CDATA[<soapenv:Envelope xmlns:soapenv="http://schemas.xmlsoap.org/soap/envelope/" xmlns:tem="http://tempuri.org/" xmlns:ebil="http://schemas.datacontract.org/2004/07/eBillCore" xmlns:dian="http://schemas.datacontract.org/2004/07/DianResponse" xmlns:arr="http://schemas.microsoft.com/2003/10/Serialization/Arrays">\r
   <soapenv:Header/>\r
   <soapenv:Body>\r
      <tem:FV_RegistroEstadoPaqueteEmitido>\r
         <!--Optional:-->\r
         <tem:Registro>\r
            <!--Optional:-->\r
            <ebil:ArchivoZip>cid:907689245077</ebil:ArchivoZip>\r
            <!--Optional:-->\r
            <ebil:EsValido>?</ebil:EsValido>\r
            <!--Optional:-->\r
            <ebil:FechaRegistro>?</ebil:FechaRegistro>\r
            <!--Optional:-->\r
            <ebil:ID_Empresa>?</ebil:ID_Empresa>\r
            <!--Optional:-->\r
            <ebil:NombreArchivoZip>?</ebil:NombreArchivoZip>\r
            <!--Optional:-->\r
            <ebil:RSE_EndPointEnviadoDian>?</ebil:RSE_EndPointEnviadoDian>\r
            <!--Optional:-->\r
            <ebil:RSE_idSolicitudEmision>?</ebil:RSE_idSolicitudEmision>\r
            <!--Optional:-->\r
            <ebil:TipoSolicitudEmision>?</ebil:TipoSolicitudEmision>\r
            <!--Optional:-->\r
            <ebil:TrackId>?</ebil:TrackId>\r
            <!--Optional:-->\r
            <ebil:XmlRespuestaDian>?</ebil:XmlRespuestaDian>\r
         </tem:Registro>\r
         <!--Optional:-->\r
         <tem:Documentos>\r
            <!--Zero or more repetitions:-->\r
            <dian:DianResponse>\r
               <!--Optional:-->\r
               <dian:ErrorMessage>\r
                  <!--Zero or more repetitions:-->\r
                  <arr:string>?</arr:string>\r
               </dian:ErrorMessage>\r
               <!--Optional:-->\r
               <dian:IsValid>?</dian:IsValid>\r
               <!--Optional:-->\r
               <dian:StatusCode>?</dian:StatusCode>\r
               <!--Optional:-->\r
               <dian:StatusDescription>?</dian:StatusDescription>\r
               <!--Optional:-->\r
               <dian:StatusMessage>?</dian:StatusMessage>\r
               <!--Optional:-->\r
               <dian:XmlBase64Bytes>cid:1019441864650</dian:XmlBase64Bytes>\r
               <!--Optional:-->\r
               <dian:XmlBytes>cid:483810581993</dian:XmlBytes>\r
               <!--Optional:-->\r
               <dian:XmlDocumentKey>?</dian:XmlDocumentKey>\r
               <!--Optional:-->\r
               <dian:XmlFileName>?</dian:XmlFileName>\r
            </dian:DianResponse>\r
         </tem:Documentos>\r
         <!--Optional:-->\r
         <tem:Token>?</tem:Token>\r
      </tem:FV_RegistroEstadoPaqueteEmitido>\r
   </soapenv:Body>\r
</soapenv:Envelope>]]></con:request><con:wsaConfig mustUnderstand="NONE" version="200508" action="http://tempuri.org/IIntegracion/FV_RegistroEstadoPaqueteEmitido"/></con:call></con:operation><con:operation id="8c17aded-7bee-4bde-8dfa-a81363d5cc99" isOneWay="false" action="http://tempuri.org/IIntegracion/FV_RegistroPaqueteEmitido" name="FV_RegistroPaqueteEmitido" bindingOperationName="FV_RegistroPaqueteEmitido" type="Request-Response" inputName="" receivesAttachments="false" sendsAttachments="false" anonymous="optional"><con:settings/><con:call id="8d2f5f9a-e3a5-425e-964e-e7f4d27dd923" name="Request 1"><con:settings/><con:encoding>UTF-8</con:encoding><con:endpoint>https://fymtest.cloudapp.net:444/ServiciosFyM/eBill/Integracion.svc</con:endpoint><con:request><![CDATA[<soapenv:Envelope xmlns:soapenv="http://schemas.xmlsoap.org/soap/envelope/" xmlns:tem="http://tempuri.org/" xmlns:ebil="http://schemas.datacontract.org/2004/07/eBillCore">\r
   <soapenv:Header/>\r
   <soapenv:Body>\r
      <tem:FV_RegistroPaqueteEmitido>\r
         <!--Optional:-->\r
         <tem:registro>\r
            <!--Optional:-->\r
            <ebil:ArchivoZip>cid:116671512541</ebil:ArchivoZip>\r
            <!--Optional:-->\r
            <ebil:EsValido>?</ebil:EsValido>\r
            <!--Optional:-->\r
            <ebil:FechaRegistro>?</ebil:FechaRegistro>\r
            <!--Optional:-->\r
            <ebil:ID_Empresa>?</ebil:ID_Empresa>\r
            <!--Optional:-->\r
            <ebil:NombreArchivoZip>?</ebil:NombreArchivoZip>\r
            <!--Optional:-->\r
            <ebil:RSE_EndPointEnviadoDian>?</ebil:RSE_EndPointEnviadoDian>\r
            <!--Optional:-->\r
            <ebil:RSE_idSolicitudEmision>?</ebil:RSE_idSolicitudEmision>\r
            <!--Optional:-->\r
            <ebil:TipoSolicitudEmision>?</ebil:TipoSolicitudEmision>\r
            <!--Optional:-->\r
            <ebil:TrackId>?</ebil:TrackId>\r
            <!--Optional:-->\r
            <ebil:XmlRespuestaDian>?</ebil:XmlRespuestaDian>\r
         </tem:registro>\r
         <!--Optional:-->\r
         <tem:Documentos>\r
            <!--Zero or more repetitions:-->\r
            <ebil:FV_Documentos>\r
               <!--Optional:-->\r
               <ebil:CodigoEstado>?</ebil:CodigoEstado>\r
               <!--Optional:-->\r
               <ebil:EsValido>?</ebil:EsValido>\r
               <!--Optional:-->\r
               <ebil:EstadoRespuestaDian>?</ebil:EstadoRespuestaDian>\r
               <!--Optional:-->\r
               <ebil:IdDocumento>?</ebil:IdDocumento>\r
               <!--Optional:-->\r
               <ebil:MensajeError>?</ebil:MensajeError>\r
               <!--Optional:-->\r
               <ebil:NombreDocumento>?</ebil:NombreDocumento>\r
               <!--Optional:-->\r
               <ebil:TrackId>?</ebil:TrackId>\r
               <!--Optional:-->\r
               <ebil:Xml>cid:462691878504</ebil:Xml>\r
               <!--Optional:-->\r
               <ebil:XmlResponse>?</ebil:XmlResponse>\r
            </ebil:FV_Documentos>\r
         </tem:Documentos>\r
         <!--Optional:-->\r
         <tem:Token>?</tem:Token>\r
      </tem:FV_RegistroPaqueteEmitido>\r
   </soapenv:Body>\r
</soapenv:Envelope>]]></con:request><con:wsaConfig mustUnderstand="NONE" version="200508" action="http://tempuri.org/IIntegracion/FV_RegistroPaqueteEmitido"/></con:call></con:operation><con:operation id="538ba92e-f951-40e2-a95d-333e58d6304e" isOneWay="false" action="http://tempuri.org/IIntegracion/FV_RegistroRespuestaDocEmitido" name="FV_RegistroRespuestaDocEmitido" bindingOperationName="FV_RegistroRespuestaDocEmitido" type="Request-Response" inputName="" receivesAttachments="false" sendsAttachments="false" anonymous="optional"><con:settings/><con:call id="97a00b7c-1c35-4b25-8a3e-6ff3622fde86" name="Request 1"><con:settings/><con:encoding>UTF-8</con:encoding><con:endpoint>https://fymtest.cloudapp.net:444/ServiciosFyM/eBill/Integracion.svc</con:endpoint><con:request><![CDATA[<soapenv:Envelope xmlns:soapenv="http://schemas.xmlsoap.org/soap/envelope/" xmlns:tem="http://tempuri.org/">\r
   <soapenv:Header/>\r
   <soapenv:Body>\r
      <tem:FV_RegistroRespuestaDocEmitido>\r
         <!--Optional:-->\r
         <tem:IdDocumento>?</tem:IdDocumento>\r
         <!--Optional:-->\r
         <tem:IdEmpresa>?</tem:IdEmpresa>\r
         <!--Optional:-->\r
         <tem:EsValido>?</tem:EsValido>\r
         <!--Optional:-->\r
         <tem:XmlRespuesta>?</tem:XmlRespuesta>\r
         <!--Optional:-->\r
         <tem:RespuestaCliente>?</tem:RespuestaCliente>\r
         <!--Optional:-->\r
         <tem:FechaTrans>?</tem:FechaTrans>\r
         <!--Optional:-->\r
         <tem:token>?</tem:token>\r
      </tem:FV_RegistroRespuestaDocEmitido>\r
   </soapenv:Body>\r
</soapenv:Envelope>]]></con:request><con:wsaConfig mustUnderstand="NONE" version="200508" action="http://tempuri.org/IIntegracion/FV_RegistroRespuestaDocEmitido"/></con:call></con:operation><con:operation id="91f2d7d9-d9cc-49d2-b776-fed0342a9a2e" isOneWay="false" action="http://tempuri.org/IIntegracion/FV_SolicitaeBillPDF" name="FV_SolicitaeBillPDF" bindingOperationName="FV_SolicitaeBillPDF" type="Request-Response" inputName="" receivesAttachments="false" sendsAttachments="false" anonymous="optional"><con:settings/><con:call id="1ce205f1-8c0e-4eb7-a504-6e4fadec8615" name="Request 1"><con:settings/><con:encoding>UTF-8</con:encoding><con:endpoint>https://fymtest.cloudapp.net:444/ServiciosFyM/eBill/Integracion.svc</con:endpoint><con:request><![CDATA[<soapenv:Envelope xmlns:soapenv="http://schemas.xmlsoap.org/soap/envelope/" xmlns:tem="http://tempuri.org/">\r
   <soapenv:Header/>\r
   <soapenv:Body>\r
      <tem:FV_SolicitaeBillPDF>\r
         <!--Optional:-->\r
         <tem:IdDocumento>?</tem:IdDocumento>\r
         <!--Optional:-->\r
         <tem:IdEmpresa>?</tem:IdEmpresa>\r
         <!--Optional:-->\r
         <tem:Token>?</tem:Token>\r
         <!--Optional:-->\r
         <tem:SoloCrearDoc>?</tem:SoloCrearDoc>\r
      </tem:FV_SolicitaeBillPDF>\r
   </soapenv:Body>\r
</soapenv:Envelope>]]></con:request><con:wsaConfig mustUnderstand="NONE" version="200508" action="http://tempuri.org/IIntegracion/FV_SolicitaeBillPDF"/></con:call></con:operation><con:operation id="7f24227c-fb65-46c7-a36c-232fe931b92a" isOneWay="false" action="http://tempuri.org/IIntegracion/FV_TraerDatosEmpesasEmisorasConDFEPendientesDeEnvio" name="FV_TraerDatosEmpesasEmisorasConDFEPendientesDeEnvio" bindingOperationName="FV_TraerDatosEmpesasEmisorasConDFEPendientesDeEnvio" type="Request-Response" inputName="" receivesAttachments="false" sendsAttachments="false" anonymous="optional"><con:settings/><con:call id="7be7551c-4c3e-497f-94c1-186e31896e73" name="Request 1"><con:settings/><con:encoding>UTF-8</con:encoding><con:endpoint>https://fymtest.cloudapp.net:444/ServiciosFyM/eBill/Integracion.svc</con:endpoint><con:request><![CDATA[<soapenv:Envelope xmlns:soapenv="http://schemas.xmlsoap.org/soap/envelope/" xmlns:tem="http://tempuri.org/">\r
   <soapenv:Header/>\r
   <soapenv:Body>\r
      <tem:FV_TraerDatosEmpesasEmisorasConDFEPendientesDeEnvio>\r
         <!--Optional:-->\r
         <tem:Ambiente>?</tem:Ambiente>\r
         <!--Optional:-->\r
         <tem:NitEmpresa>?</tem:NitEmpresa>\r
         <!--Optional:-->\r
         <tem:VersionSonda>?</tem:VersionSonda>\r
         <!--Optional:-->\r
         <tem:Token>?</tem:Token>\r
      </tem:FV_TraerDatosEmpesasEmisorasConDFEPendientesDeEnvio>\r
   </soapenv:Body>\r
</soapenv:Envelope>]]></con:request><con:wsaConfig mustUnderstand="NONE" version="200508" action="http://tempuri.org/IIntegracion/FV_TraerDatosEmpesasEmisorasConDFEPendientesDeEnvio"/></con:call></con:operation><con:operation id="593f24b1-adf9-4f3a-bf61-ba6df0e3922c" isOneWay="false" action="http://tempuri.org/IIntegracion/FV_TraerDatosEmpresasNotificar" name="FV_TraerDatosEmpresasNotificar" bindingOperationName="FV_TraerDatosEmpresasNotificar" type="Request-Response" inputName="" receivesAttachments="false" sendsAttachments="false" anonymous="optional"><con:settings/><con:call id="450d406b-d0b1-4c7b-ad91-76aa4e4dc59e" name="Request 1"><con:settings/><con:encoding>UTF-8</con:encoding><con:endpoint>https://fymtest.cloudapp.net:444/ServiciosFyM/eBill/Integracion.svc</con:endpoint><con:request><![CDATA[<soapenv:Envelope xmlns:soapenv="http://schemas.xmlsoap.org/soap/envelope/" xmlns:tem="http://tempuri.org/">\r
   <soapenv:Header/>\r
   <soapenv:Body>\r
      <tem:FV_TraerDatosEmpresasNotificar>\r
         <!--Optional:-->\r
         <tem:NitEmpresa>?</tem:NitEmpresa>\r
         <!--Optional:-->\r
         <tem:VersionSonda>?</tem:VersionSonda>\r
         <!--Optional:-->\r
         <tem:Token>?</tem:Token>\r
      </tem:FV_TraerDatosEmpresasNotificar>\r
   </soapenv:Body>\r
</soapenv:Envelope>]]></con:request><con:wsaConfig mustUnderstand="NONE" version="200508" action="http://tempuri.org/IIntegracion/FV_TraerDatosEmpresasNotificar"/></con:call></con:operation><con:operation id="306b3022-870f-47cb-ae24-32521a760d03" isOneWay="false" action="http://tempuri.org/IIntegracion/FV_TraerDocumentosEmitidosPendientesDeStatusDian" name="FV_TraerDocumentosEmitidosPendientesDeStatusDian" bindingOperationName="FV_TraerDocumentosEmitidosPendientesDeStatusDian" type="Request-Response" inputName="" receivesAttachments="false" sendsAttachments="false" anonymous="optional"><con:settings/><con:call id="352dccc9-9599-4b25-8015-f77636a77fc4" name="Request 1"><con:settings/><con:encoding>UTF-8</con:encoding><con:endpoint>https://fymtest.cloudapp.net:444/ServiciosFyM/eBill/Integracion.svc</con:endpoint><con:request><![CDATA[<soapenv:Envelope xmlns:soapenv="http://schemas.xmlsoap.org/soap/envelope/" xmlns:tem="http://tempuri.org/">\r
   <soapenv:Header/>\r
   <soapenv:Body>\r
      <tem:FV_TraerDocumentosEmitidosPendientesDeStatusDian>\r
         <!--Optional:-->\r
         <tem:IdEmpresa>?</tem:IdEmpresa>\r
         <!--Optional:-->\r
         <tem:Fecha>?</tem:Fecha>\r
         <!--Optional:-->\r
         <tem:NumReg>?</tem:NumReg>\r
         <!--Optional:-->\r
         <tem:Token>?</tem:Token>\r
         <!--Optional:-->\r
         <tem:Resagos>?</tem:Resagos>\r
         <!--Optional:-->\r
         <tem:EndPointDian>?</tem:EndPointDian>\r
      </tem:FV_TraerDocumentosEmitidosPendientesDeStatusDian>\r
   </soapenv:Body>\r
</soapenv:Envelope>]]></con:request><con:wsaConfig mustUnderstand="NONE" version="200508" action="http://tempuri.org/IIntegracion/FV_TraerDocumentosEmitidosPendientesDeStatusDian"/></con:call></con:operation><con:operation id="4895de22-4909-4828-8605-7a9f76aa9afa" isOneWay="false" action="http://tempuri.org/IIntegracion/FV_TraerDocumentosPendientesDeEnvioxEmpresaxFecha" name="FV_TraerDocumentosPendientesDeEnvioxEmpresaxFecha" bindingOperationName="FV_TraerDocumentosPendientesDeEnvioxEmpresaxFecha" type="Request-Response" inputName="" receivesAttachments="false" sendsAttachments="false" anonymous="optional"><con:settings/><con:call id="de816d4a-61e7-440f-9796-de131fdd1c1e" name="Request 1"><con:settings/><con:encoding>UTF-8</con:encoding><con:endpoint>https://fymtest.cloudapp.net:444/ServiciosFyM/eBill/Integracion.svc</con:endpoint><con:request><![CDATA[<soapenv:Envelope xmlns:soapenv="http://schemas.xmlsoap.org/soap/envelope/" xmlns:tem="http://tempuri.org/">\r
   <soapenv:Header/>\r
   <soapenv:Body>\r
      <tem:FV_TraerDocumentosPendientesDeEnvioxEmpresaxFecha>\r
         <!--Optional:-->\r
         <tem:IdEmpresa>?</tem:IdEmpresa>\r
         <!--Optional:-->\r
         <tem:Fecha>?</tem:Fecha>\r
         <!--Optional:-->\r
         <tem:Numreg>?</tem:Numreg>\r
         <!--Optional:-->\r
         <tem:ambiente>?</tem:ambiente>\r
         <!--Optional:-->\r
         <tem:EnvioAsincrono>?</tem:EnvioAsincrono>\r
         <!--Optional:-->\r
         <tem:EnContigencia>?</tem:EnContigencia>\r
         <!--Optional:-->\r
         <tem:Token>?</tem:Token>\r
      </tem:FV_TraerDocumentosPendientesDeEnvioxEmpresaxFecha>\r
   </soapenv:Body>\r
</soapenv:Envelope>]]></con:request><con:wsaConfig mustUnderstand="NONE" version="200508" action="http://tempuri.org/IIntegracion/FV_TraerDocumentosPendientesDeEnvioxEmpresaxFecha"/></con:call></con:operation><con:operation id="ea56307f-9112-4106-a374-d4ce22b10fc8" isOneWay="false" action="http://tempuri.org/IIntegracion/FV_TraerDocumentosPendientesNotificar" name="FV_TraerDocumentosPendientesNotificar" bindingOperationName="FV_TraerDocumentosPendientesNotificar" type="Request-Response" inputName="" receivesAttachments="false" sendsAttachments="false" anonymous="optional"><con:settings/><con:call id="b6890522-7330-4f78-b7da-dd05c9a87e35" name="Request 1"><con:settings/><con:encoding>UTF-8</con:encoding><con:endpoint>https://fymtest.cloudapp.net:444/ServiciosFyM/eBill/Integracion.svc</con:endpoint><con:request><![CDATA[<soapenv:Envelope xmlns:soapenv="http://schemas.xmlsoap.org/soap/envelope/" xmlns:tem="http://tempuri.org/">\r
   <soapenv:Header/>\r
   <soapenv:Body>\r
      <tem:FV_TraerDocumentosPendientesNotificar>\r
         <!--Optional:-->\r
         <tem:IdEmpresa>?</tem:IdEmpresa>\r
         <!--Optional:-->\r
         <tem:FechaSTR>?</tem:FechaSTR>\r
         <!--Optional:-->\r
         <tem:NumReg>?</tem:NumReg>\r
         <!--Optional:-->\r
         <tem:Token>?</tem:Token>\r
         <!--Optional:-->\r
         <tem:Resagos>?</tem:Resagos>\r
      </tem:FV_TraerDocumentosPendientesNotificar>\r
   </soapenv:Body>\r
</soapenv:Envelope>]]></con:request><con:wsaConfig mustUnderstand="NONE" version="200508" action="http://tempuri.org/IIntegracion/FV_TraerDocumentosPendientesNotificar"/></con:call></con:operation><con:operation id="144e29c2-3cb7-4b7b-93b8-4fe1836afc14" isOneWay="false" action="http://tempuri.org/IIntegracion/FV_TraerDocumentosPendientesNotificar_Otros" name="FV_TraerDocumentosPendientesNotificar_Otros" bindingOperationName="FV_TraerDocumentosPendientesNotificar_Otros" type="Request-Response" inputName="" receivesAttachments="false" sendsAttachments="false" anonymous="optional"><con:settings/><con:call id="acbb84f3-57fb-4d94-a369-288943a11099" name="Request 1"><con:settings/><con:encoding>UTF-8</con:encoding><con:endpoint>https://fymtest.cloudapp.net:444/ServiciosFyM/eBill/Integracion.svc</con:endpoint><con:request><![CDATA[<soapenv:Envelope xmlns:soapenv="http://schemas.xmlsoap.org/soap/envelope/" xmlns:tem="http://tempuri.org/">\r
   <soapenv:Header/>\r
   <soapenv:Body>\r
      <tem:FV_TraerDocumentosPendientesNotificar_Otros>\r
         <!--Optional:-->\r
         <tem:IdEmpresa>?</tem:IdEmpresa>\r
         <!--Optional:-->\r
         <tem:FechaSTR>?</tem:FechaSTR>\r
         <!--Optional:-->\r
         <tem:NumReg>?</tem:NumReg>\r
         <!--Optional:-->\r
         <tem:Token>?</tem:Token>\r
         <!--Optional:-->\r
         <tem:Resagos>?</tem:Resagos>\r
      </tem:FV_TraerDocumentosPendientesNotificar_Otros>\r
   </soapenv:Body>\r
</soapenv:Envelope>]]></con:request><con:wsaConfig mustUnderstand="NONE" version="200508" action="http://tempuri.org/IIntegracion/FV_TraerDocumentosPendientesNotificar_Otros"/></con:call></con:operation><con:operation id="48aa61a3-6e98-4512-be06-e195d3255177" isOneWay="false" action="http://tempuri.org/IIntegracion/FV_TraerIncidenteContingenciaReciente" name="FV_TraerIncidenteContingenciaReciente" bindingOperationName="FV_TraerIncidenteContingenciaReciente" type="Request-Response" inputName="" receivesAttachments="false" sendsAttachments="false" anonymous="optional"><con:settings/><con:call id="31b3e80d-ec16-4d66-8f49-99b481c7aff5" name="Request 1"><con:settings/><con:encoding>UTF-8</con:encoding><con:endpoint>https://fymtest.cloudapp.net:444/ServiciosFyM/eBill/Integracion.svc</con:endpoint><con:request><![CDATA[<soapenv:Envelope xmlns:soapenv="http://schemas.xmlsoap.org/soap/envelope/" xmlns:tem="http://tempuri.org/">\r
   <soapenv:Header/>\r
   <soapenv:Body>\r
      <tem:FV_TraerIncidenteContingenciaReciente>\r
         <!--Optional:-->\r
         <tem:Token>?</tem:Token>\r
      </tem:FV_TraerIncidenteContingenciaReciente>\r
   </soapenv:Body>\r
</soapenv:Envelope>]]></con:request><con:wsaConfig mustUnderstand="NONE" version="200508" action="http://tempuri.org/IIntegracion/FV_TraerIncidenteContingenciaReciente"/></con:call></con:operation><con:operation id="62e78963-05b1-4b3e-b4d8-5f0a00c49903" isOneWay="false" action="http://tempuri.org/IIntegracion/FV_TraerPaquetesEmitidosPendientesDeStatusDian" name="FV_TraerPaquetesEmitidosPendientesDeStatusDian" bindingOperationName="FV_TraerPaquetesEmitidosPendientesDeStatusDian" type="Request-Response" inputName="" receivesAttachments="false" sendsAttachments="false" anonymous="optional"><con:settings/><con:call id="65ddd89b-3c43-42a2-be76-b1c01794888a" name="Request 1"><con:settings/><con:encoding>UTF-8</con:encoding><con:endpoint>https://fymtest.cloudapp.net:444/ServiciosFyM/eBill/Integracion.svc</con:endpoint><con:request><![CDATA[<soapenv:Envelope xmlns:soapenv="http://schemas.xmlsoap.org/soap/envelope/" xmlns:tem="http://tempuri.org/">\r
   <soapenv:Header/>\r
   <soapenv:Body>\r
      <tem:FV_TraerPaquetesEmitidosPendientesDeStatusDian>\r
         <!--Optional:-->\r
         <tem:IdEmpresa>?</tem:IdEmpresa>\r
         <!--Optional:-->\r
         <tem:Fecha>?</tem:Fecha>\r
         <!--Optional:-->\r
         <tem:Token>?</tem:Token>\r
         <!--Optional:-->\r
         <tem:Resagos>?</tem:Resagos>\r
         <!--Optional:-->\r
         <tem:EndPointDian>?</tem:EndPointDian>\r
      </tem:FV_TraerPaquetesEmitidosPendientesDeStatusDian>\r
   </soapenv:Body>\r
</soapenv:Envelope>]]></con:request><con:wsaConfig mustUnderstand="NONE" version="200508" action="http://tempuri.org/IIntegracion/FV_TraerPaquetesEmitidosPendientesDeStatusDian"/></con:call></con:operation><con:operation id="71013070-598f-4582-9b51-966426aeba65" isOneWay="false" action="http://tempuri.org/IIntegracion/FV_TraerResumenReglasTotal" name="FV_TraerResumenReglasTotal" bindingOperationName="FV_TraerResumenReglasTotal" type="Request-Response" inputName="" receivesAttachments="false" sendsAttachments="false" anonymous="optional"><con:settings/><con:call id="52dee7d1-a6ae-43e1-80a0-72045ecd3a78" name="Request 1"><con:settings/><con:encoding>UTF-8</con:encoding><con:endpoint>https://fymtest.cloudapp.net:444/ServiciosFyM/eBill/Integracion.svc</con:endpoint><con:request><![CDATA[<soapenv:Envelope xmlns:soapenv="http://schemas.xmlsoap.org/soap/envelope/" xmlns:tem="http://tempuri.org/">\r
   <soapenv:Header/>\r
   <soapenv:Body>\r
      <tem:FV_TraerResumenReglasTotal>\r
         <!--Optional:-->\r
         <tem:IdPuntoValidacion>?</tem:IdPuntoValidacion>\r
         <!--Optional:-->\r
         <tem:Fecha>?</tem:Fecha>\r
         <!--Optional:-->\r
         <tem:Token>?</tem:Token>\r
      </tem:FV_TraerResumenReglasTotal>\r
   </soapenv:Body>\r
</soapenv:Envelope>]]></con:request><con:wsaConfig mustUnderstand="NONE" version="200508" action="http://tempuri.org/IIntegracion/FV_TraerResumenReglasTotal"/></con:call></con:operation><con:operation id="d12a2e84-a016-43af-925c-64e25dc5ae72" isOneWay="false" action="http://tempuri.org/IIntegracion/FV_TraerTiposIncidentesContingencia" name="FV_TraerTiposIncidentesContingencia" bindingOperationName="FV_TraerTiposIncidentesContingencia" type="Request-Response" inputName="" receivesAttachments="false" sendsAttachments="false" anonymous="optional"><con:settings/><con:call id="51b622dc-f74c-4f86-9e44-a734bd61eb90" name="Request 1"><con:settings/><con:encoding>UTF-8</con:encoding><con:endpoint>https://fymtest.cloudapp.net:444/ServiciosFyM/eBill/Integracion.svc</con:endpoint><con:request><![CDATA[<soapenv:Envelope xmlns:soapenv="http://schemas.xmlsoap.org/soap/envelope/" xmlns:tem="http://tempuri.org/">\r
   <soapenv:Header/>\r
   <soapenv:Body>\r
      <tem:FV_TraerTiposIncidentesContingencia>\r
         <!--Optional:-->\r
         <tem:Token>?</tem:Token>\r
      </tem:FV_TraerTiposIncidentesContingencia>\r
   </soapenv:Body>\r
</soapenv:Envelope>]]></con:request><con:wsaConfig mustUnderstand="NONE" version="200508" action="http://tempuri.org/IIntegracion/FV_TraerTiposIncidentesContingencia"/></con:call></con:operation><con:operation id="b7205e95-4497-465a-85fd-712a28a9ebd4" isOneWay="false" action="http://tempuri.org/IIntegracion/FV_TraerXMLDocumento" name="FV_TraerXMLDocumento" bindingOperationName="FV_TraerXMLDocumento" type="Request-Response" inputName="" receivesAttachments="false" sendsAttachments="false" anonymous="optional"><con:settings/><con:call id="06ef6e13-c6a4-4712-9761-7c0a6701c554" name="Request 1"><con:settings/><con:encoding>UTF-8</con:encoding><con:endpoint>https://fymtest.cloudapp.net:444/ServiciosFyM/eBill/Integracion.svc</con:endpoint><con:request><![CDATA[<soapenv:Envelope xmlns:soapenv="http://schemas.xmlsoap.org/soap/envelope/" xmlns:tem="http://tempuri.org/">\r
   <soapenv:Header/>\r
   <soapenv:Body>\r
      <tem:FV_TraerXMLDocumento>\r
         <!--Optional:-->\r
         <tem:IdInternoDocumento>?</tem:IdInternoDocumento>\r
         <!--Optional:-->\r
         <tem:NitEmpresa>?</tem:NitEmpresa>\r
         <!--Optional:-->\r
         <tem:Token>?</tem:Token>\r
      </tem:FV_TraerXMLDocumento>\r
   </soapenv:Body>\r
</soapenv:Envelope>]]></con:request><con:wsaConfig mustUnderstand="NONE" version="200508" action="http://tempuri.org/IIntegracion/FV_TraerXMLDocumento"/></con:call></con:operation><con:operation id="48a1c922-fbb4-4971-a3d6-f3da0a4006b7" isOneWay="false" action="http://tempuri.org/IIntegracion/FV_ValidacionXML_DIAN" name="FV_ValidacionXML_DIAN" bindingOperationName="FV_ValidacionXML_DIAN" type="Request-Response" inputName="" receivesAttachments="false" sendsAttachments="false" anonymous="optional"><con:settings/><con:call id="20b12352-f544-4a83-a8c2-eabb879df221" name="Request 1"><con:settings/><con:encoding>UTF-8</con:encoding><con:endpoint>https://fymtest.cloudapp.net:444/ServiciosFyM/eBill/Integracion.svc</con:endpoint><con:request><![CDATA[<soapenv:Envelope xmlns:soapenv="http://schemas.xmlsoap.org/soap/envelope/" xmlns:tem="http://tempuri.org/">\r
   <soapenv:Header/>\r
   <soapenv:Body>\r
      <tem:FV_ValidacionXML_DIAN>\r
         <!--Optional:-->\r
         <tem:documentoXml>?</tem:documentoXml>\r
         <!--Optional:-->\r
         <tem:NitEmpresa>?</tem:NitEmpresa>\r
         <!--Optional:-->\r
         <tem:Token>?</tem:Token>\r
      </tem:FV_ValidacionXML_DIAN>\r
   </soapenv:Body>\r
</soapenv:Envelope>]]></con:request><con:wsaConfig mustUnderstand="NONE" version="200508" action="http://tempuri.org/IIntegracion/FV_ValidacionXML_DIAN"/></con:call></con:operation><con:operation id="8655636b-6971-4dbc-b9bf-00753cfab2fc" isOneWay="false" action="http://tempuri.org/IIntegracion/HistorialRadicacion" name="HistorialRadicacion" bindingOperationName="HistorialRadicacion" type="Request-Response" inputName="" receivesAttachments="false" sendsAttachments="false" anonymous="optional"><con:settings/><con:call id="6cbc7e86-adbb-48c5-aeba-5caffa2fb171" name="Request 1"><con:settings/><con:encoding>UTF-8</con:encoding><con:endpoint>https://fymtest.cloudapp.net:444/ServiciosFyM/eBill/Integracion.svc</con:endpoint><con:request><![CDATA[<soapenv:Envelope xmlns:soapenv="http://schemas.xmlsoap.org/soap/envelope/" xmlns:tem="http://tempuri.org/" xmlns:ebil="http://schemas.datacontract.org/2004/07/eBillCore">\r
   <soapenv:Header/>\r
   <soapenv:Body>\r
      <tem:HistorialRadicacion>\r
         <!--Optional:-->\r
         <tem:algo>\r
            <!--Optional:-->\r
            <ebil:NitEmisor>?</ebil:NitEmisor>\r
            <!--Optional:-->\r
            <ebil:NitProveedorTecnologico>?</ebil:NitProveedorTecnologico>\r
            <!--Optional:-->\r
            <ebil:NumDoc>?</ebil:NumDoc>\r
            <!--Optional:-->\r
            <ebil:Prefijo>?</ebil:Prefijo>\r
            <!--Optional:-->\r
            <ebil:TipoComprobante>?</ebil:TipoComprobante>\r
         </tem:algo>\r
      </tem:HistorialRadicacion>\r
   </soapenv:Body>\r
</soapenv:Envelope>]]></con:request><con:wsaConfig mustUnderstand="NONE" version="200508" action="http://tempuri.org/IIntegracion/HistorialRadicacion"/></con:call></con:operation><con:operation id="17cded18-7289-4fcf-8924-f7206091367c" isOneWay="false" action="http://tempuri.org/IIntegracion/LoginProveedorTecnologico" name="LoginProveedorTecnologico" bindingOperationName="LoginProveedorTecnologico" type="Request-Response" inputName="" receivesAttachments="false" sendsAttachments="false" anonymous="optional"><con:settings/><con:call id="1000765e-ab60-4819-985d-e1835f479c2e" name="Request 1"><con:settings/><con:encoding>UTF-8</con:encoding><con:endpoint>https://fymtest.cloudapp.net:444/ServiciosFyM/eBill/Integracion.svc</con:endpoint><con:request><![CDATA[<soapenv:Envelope xmlns:soapenv="http://schemas.xmlsoap.org/soap/envelope/" xmlns:tem="http://tempuri.org/" xmlns:ebil="http://schemas.datacontract.org/2004/07/eBillCore">\r
   <soapenv:Header/>\r
   <soapenv:Body>\r
      <tem:LoginProveedorTecnologico>\r
         <!--Optional:-->\r
         <tem:LoginPT>\r
            <!--Optional:-->\r
            <ebil:NitEmisor>?</ebil:NitEmisor>\r
            <!--Optional:-->\r
            <ebil:NitReceptor>?</ebil:NitReceptor>\r
            <!--Optional:-->\r
            <ebil:PasswordPT>?</ebil:PasswordPT>\r
            <!--Optional:-->\r
            <ebil:TipoAmbiente>?</ebil:TipoAmbiente>\r
            <!--Optional:-->\r
            <ebil:UserPT>?</ebil:UserPT>\r
         </tem:LoginPT>\r
      </tem:LoginProveedorTecnologico>\r
   </soapenv:Body>\r
</soapenv:Envelope>]]></con:request><con:wsaConfig mustUnderstand="NONE" version="200508" action="http://tempuri.org/IIntegracion/LoginProveedorTecnologico"/></con:call></con:operation><con:operation id="1c4f00f4-58d9-4e9f-9bbb-3c1c2935b422" isOneWay="false" action="http://tempuri.org/IIntegracion/NegociarDocumentoFactoring" name="NegociarDocumentoFactoring" bindingOperationName="NegociarDocumentoFactoring" type="Request-Response" inputName="" receivesAttachments="false" sendsAttachments="false" anonymous="optional"><con:settings/><con:call id="193f65c7-66ef-48a7-b473-eb3b0f311c31" name="Request 1"><con:settings/><con:encoding>UTF-8</con:encoding><con:endpoint>https://fymtest.cloudapp.net:444/ServiciosFyM/eBill/Integracion.svc</con:endpoint><con:request><![CDATA[<soapenv:Envelope xmlns:soapenv="http://schemas.xmlsoap.org/soap/envelope/" xmlns:tem="http://tempuri.org/" xmlns:ebil="http://schemas.datacontract.org/2004/07/eBillCore">\r
   <soapenv:Header/>\r
   <soapenv:Body>\r
      <tem:NegociarDocumentoFactoring>\r
         <!--Optional:-->\r
         <tem:NitProveedor>?</tem:NitProveedor>\r
         <!--Optional:-->\r
         <tem:NitPagador>?</tem:NitPagador>\r
         <!--Optional:-->\r
         <tem:Prefijo>?</tem:Prefijo>\r
         <!--Optional:-->\r
         <tem:NumDoc>?</tem:NumDoc>\r
         <!--Optional:-->\r
         <tem:TipoDoc>?</tem:TipoDoc>\r
         <!--Optional:-->\r
         <tem:Token>?</tem:Token>\r
         <!--Optional:-->\r
         <tem:Condiciones>\r
            <!--Zero or more repetitions:-->\r
            <ebil:FAC_FactoryConfirmingInt>\r
               <!--Optional:-->\r
               <ebil:CFD_id_cfd>?</ebil:CFD_id_cfd>\r
               <!--Optional:-->\r
               <ebil:Emp_id_empresa_fondeador>?</ebil:Emp_id_empresa_fondeador>\r
               <!--Optional:-->\r
               <ebil:Emp_id_empresa_pagador>?</ebil:Emp_id_empresa_pagador>\r
               <!--Optional:-->\r
               <ebil:Emp_id_empresa_proveedor>?</ebil:Emp_id_empresa_proveedor>\r
               <!--Optional:-->\r
               <ebil:FAC_AvalLista>?</ebil:FAC_AvalLista>\r
               <!--Optional:-->\r
               <ebil:FAC_CFD_numero_CFD>?</ebil:FAC_CFD_numero_CFD>\r
               <!--Optional:-->\r
               <ebil:FAC_CodTasaMora>?</ebil:FAC_CodTasaMora>\r
               <!--Optional:-->\r
               <ebil:FAC_DiasNegociados>?</ebil:FAC_DiasNegociados>\r
               <!--Optional:-->\r
               <ebil:FAC_FechaCompra>?</ebil:FAC_FechaCompra>\r
               <!--Optional:-->\r
               <ebil:FAC_FechaEmision>?</ebil:FAC_FechaEmision>\r
               <!--Optional:-->\r
               <ebil:FAC_FechaProximaCuota>?</ebil:FAC_FechaProximaCuota>\r
               <!--Optional:-->\r
               <ebil:FAC_FechaVencimiento>?</ebil:FAC_FechaVencimiento>\r
               <!--Optional:-->\r
               <ebil:FAC_InteresMora>?</ebil:FAC_InteresMora>\r
               <!--Optional:-->\r
               <ebil:FAC_MedioNegociacion>?</ebil:FAC_MedioNegociacion>\r
               <!--Optional:-->\r
               <ebil:FAC_ModalidadPago>?</ebil:FAC_ModalidadPago>\r
               <!--Optional:-->\r
               <ebil:FAC_Moneda>?</ebil:FAC_Moneda>\r
               <!--Optional:-->\r
               <ebil:FAC_NIT_Administrador>?</ebil:FAC_NIT_Administrador>\r
               <!--Optional:-->\r
               <ebil:FAC_NIT_Emisor>?</ebil:FAC_NIT_Emisor>\r
               <!--Optional:-->\r
               <ebil:FAC_NIT_Intermediario>?</ebil:FAC_NIT_Intermediario>\r
               <!--Optional:-->\r
               <ebil:FAC_NIT_Pagador>?</ebil:FAC_NIT_Pagador>\r
               <!--Optional:-->\r
               <ebil:FAC_NIT_Vendedor>?</ebil:FAC_NIT_Vendedor>\r
               <!--Optional:-->\r
               <ebil:FAC_NuevaFechaPago>?</ebil:FAC_NuevaFechaPago>\r
               <!--Optional:-->\r
               <ebil:FAC_NuevoValorPago>?</ebil:FAC_NuevoValorPago>\r
               <!--Optional:-->\r
               <ebil:FAC_NumeroCuotas>?</ebil:FAC_NumeroCuotas>\r
               <!--Optional:-->\r
               <ebil:FAC_PeriodicidadPago>?</ebil:FAC_PeriodicidadPago>\r
               <!--Optional:-->\r
               <ebil:FAC_Porcentaje_Retenido>?</ebil:FAC_Porcentaje_Retenido>\r
               <!--Optional:-->\r
               <ebil:FAC_Puntos>?</ebil:FAC_Puntos>\r
               <!--Optional:-->\r
               <ebil:FAC_TPPEL>?</ebil:FAC_TPPEL>\r
               <!--Optional:-->\r
               <ebil:FAC_TasaNegociacionNA>?</ebil:FAC_TasaNegociacionNA>\r
               <!--Optional:-->\r
               <ebil:FAC_Tasa_Negociacion>?</ebil:FAC_Tasa_Negociacion>\r
               <!--Optional:-->\r
               <ebil:FAC_TipoNegociacion>?</ebil:FAC_TipoNegociacion>\r
               <!--Optional:-->\r
               <ebil:FAC_Tipo_Tasa>?</ebil:FAC_Tipo_Tasa>\r
               <!--Optional:-->\r
               <ebil:FAC_Utilidad>?</ebil:FAC_Utilidad>\r
               <!--Optional:-->\r
               <ebil:FAC_ValorComisionReferenciador>?</ebil:FAC_ValorComisionReferenciador>\r
               <!--Optional:-->\r
               <ebil:FAC_ValorCompra>?</ebil:FAC_ValorCompra>\r
               <!--Optional:-->\r
               <ebil:FAC_ValorCompraReferenciador>?</ebil:FAC_ValorCompraReferenciador>\r
               <!--Optional:-->\r
               <ebil:FAC_ValorCuotas>?</ebil:FAC_ValorCuotas>\r
               <!--Optional:-->\r
               <ebil:FAC_ValorICA>?</ebil:FAC_ValorICA>\r
               <!--Optional:-->\r
               <ebil:FAC_ValorIVA>?</ebil:FAC_ValorIVA>\r
               <!--Optional:-->\r
               <ebil:FAC_ValorNomBaseLiquidacion>?</ebil:FAC_ValorNomBaseLiquidacion>\r
               <!--Optional:-->\r
               <ebil:FAC_ValorNominaFacial>?</ebil:FAC_ValorNominaFacial>\r
               <!--Optional:-->\r
               <ebil:FAC_ValorNominalNeto>?</ebil:FAC_ValorNominalNeto>\r
               <!--Optional:-->\r
               <ebil:FAC_ValorNominalOriginal>?</ebil:FAC_ValorNominalOriginal>\r
               <!--Optional:-->\r
               <ebil:FAC_ValorNotasCredito>?</ebil:FAC_ValorNotasCredito>\r
               <!--Optional:-->\r
               <ebil:FAC_ValorOtros>?</ebil:FAC_ValorOtros>\r
               <!--Optional:-->\r
               <ebil:FAC_ValorRetencionFte>?</ebil:FAC_ValorRetencionFte>\r
               <!--Optional:-->\r
               <ebil:FAC_ValorRetencionICA>?</ebil:FAC_ValorRetencionICA>\r
               <!--Optional:-->\r
               <ebil:FAC_ValorRetencionIVA>?</ebil:FAC_ValorRetencionIVA>\r
               <!--Optional:-->\r
               <ebil:FAC_ValorTasa>?</ebil:FAC_ValorTasa>\r
               <!--Optional:-->\r
               <ebil:FAC_ValorTimbre>?</ebil:FAC_ValorTimbre>\r
               <!--Optional:-->\r
               <ebil:FON_id_fondeador>?</ebil:FON_id_fondeador>\r
            </ebil:FAC_FactoryConfirmingInt>\r
         </tem:Condiciones>\r
         <!--Optional:-->\r
         <tem:DevuleveCondiciones>?</tem:DevuleveCondiciones>\r
      </tem:NegociarDocumentoFactoring>\r
   </soapenv:Body>\r
</soapenv:Envelope>]]></con:request><con:wsaConfig mustUnderstand="NONE" version="200508" action="http://tempuri.org/IIntegracion/NegociarDocumentoFactoring"/></con:call></con:operation><con:operation id="19574b43-2dcb-4506-a70f-59ebba02b4d6" isOneWay="false" action="http://tempuri.org/IIntegracion/NotificarFacturasAnuladasTAX" name="NotificarFacturasAnuladasTAX" bindingOperationName="NotificarFacturasAnuladasTAX" type="Request-Response" inputName="" receivesAttachments="false" sendsAttachments="false" anonymous="optional"><con:settings/><con:call id="ffde1636-3068-4879-aff4-5eaa38facf62" name="Request 1"><con:settings/><con:encoding>UTF-8</con:encoding><con:endpoint>https://fymtest.cloudapp.net:444/ServiciosFyM/eBill/Integracion.svc</con:endpoint><con:request><![CDATA[<soapenv:Envelope xmlns:soapenv="http://schemas.xmlsoap.org/soap/envelope/" xmlns:tem="http://tempuri.org/" xmlns:ebil="http://schemas.datacontract.org/2004/07/eBillCore">\r
   <soapenv:Header/>\r
   <soapenv:Body>\r
      <tem:NotificarFacturasAnuladasTAX>\r
         <!--Optional:-->\r
         <tem:Facturas>\r
            <!--Zero or more repetitions:-->\r
            <ebil:CFDCabConexion>\r
               <!--Optional:-->\r
               <ebil:AnoAprobacionRes>?</ebil:AnoAprobacionRes>\r
               <!--Optional:-->\r
               <ebil:Cantidad1>?</ebil:Cantidad1>\r
               <!--Optional:-->\r
               <ebil:Cantidad2>?</ebil:Cantidad2>\r
               <!--Optional:-->\r
               <ebil:Cantidad3>?</ebil:Cantidad3>\r
               <!--Optional:-->\r
               <ebil:CiudadDANE>?</ebil:CiudadDANE>\r
               <!--Optional:-->\r
               <ebil:CorreoCliente>?</ebil:CorreoCliente>\r
               <!--Optional:-->\r
               <ebil:DescripcionPlan>?</ebil:DescripcionPlan>\r
               <!--Optional:-->\r
               <ebil:Descuento>?</ebil:Descuento>\r
               <!--Optional:-->\r
               <ebil:DigitoVerificaCliente>?</ebil:DigitoVerificaCliente>\r
               <!--Optional:-->\r
               <ebil:DireccionCliente>?</ebil:DireccionCliente>\r
               <!--Optional:-->\r
               <ebil:FechaExpedicion>?</ebil:FechaExpedicion>\r
               <!--Optional:-->\r
               <ebil:FechaFinalPeriodoFacturado>?</ebil:FechaFinalPeriodoFacturado>\r
               <!--Optional:-->\r
               <ebil:FechaInicialPeriodoFacturado>?</ebil:FechaInicialPeriodoFacturado>\r
               <!--Optional:-->\r
               <ebil:FechaVencimiento>?</ebil:FechaVencimiento>\r
               <!--Optional:-->\r
               <ebil:FormaPago>?</ebil:FormaPago>\r
               <!--Optional:-->\r
               <ebil:IDInterno>?</ebil:IDInterno>\r
               <!--Optional:-->\r
               <ebil:IdPlan>?</ebil:IdPlan>\r
               <!--Optional:-->\r
               <ebil:InfoAdicional>?</ebil:InfoAdicional>\r
               <!--Optional:-->\r
               <ebil:MonedaISO>?</ebil:MonedaISO>\r
               <!--Optional:-->\r
               <ebil:NitCliente>?</ebil:NitCliente>\r
               <!--Optional:-->\r
               <ebil:NitEmpresa>?</ebil:NitEmpresa>\r
               <!--Optional:-->\r
               <ebil:NombreCliente>?</ebil:NombreCliente>\r
               <!--Optional:-->\r
               <ebil:NombrePlan>?</ebil:NombrePlan>\r
               <!--Optional:-->\r
               <ebil:NumAprobacionRes>?</ebil:NumAprobacionRes>\r
               <!--Optional:-->\r
               <ebil:NumFactura>?</ebil:NumFactura>\r
               <!--Optional:-->\r
               <ebil:OrderID>?</ebil:OrderID>\r
               <!--Optional:-->\r
               <ebil:PagoAnterior>?</ebil:PagoAnterior>\r
               <!--Optional:-->\r
               <ebil:Prefijo>?</ebil:Prefijo>\r
               <!--Optional:-->\r
               <ebil:Referencia1>?</ebil:Referencia1>\r
               <!--Optional:-->\r
               <ebil:SaldoAnterior>?</ebil:SaldoAnterior>\r
               <!--Optional:-->\r
               <ebil:SubTotal>?</ebil:SubTotal>\r
               <!--Optional:-->\r
               <ebil:TelefonoCliente>?</ebil:TelefonoCliente>\r
               <!--Optional:-->\r
               <ebil:TipoIDCliente>?</ebil:TipoIDCliente>\r
               <!--Optional:-->\r
               <ebil:Total>?</ebil:Total>\r
               <!--Optional:-->\r
               <ebil:TotalIVA>?</ebil:TotalIVA>\r
               <!--Optional:-->\r
               <ebil:ValorHasta1>?</ebil:ValorHasta1>\r
               <!--Optional:-->\r
               <ebil:ValorHasta2>?</ebil:ValorHasta2>\r
               <!--Optional:-->\r
               <ebil:ValorHasta3>?</ebil:ValorHasta3>\r
               <!--Optional:-->\r
               <ebil:ValorHasta4>?</ebil:ValorHasta4>\r
            </ebil:CFDCabConexion>\r
         </tem:Facturas>\r
         <!--Optional:-->\r
         <tem:Opciones>\r
            <!--Optional:-->\r
            <ebil:ActualizaProductos>?</ebil:ActualizaProductos>\r
            <!--Optional:-->\r
            <ebil:BuscarXNitXIdInterno>?</ebil:BuscarXNitXIdInterno>\r
            <!--Optional:-->\r
            <ebil:EmisionAutomatica>?</ebil:EmisionAutomatica>\r
            <!--Optional:-->\r
            <ebil:EmisionAutomaticaFXComputador>?</ebil:EmisionAutomaticaFXComputador>\r
            <!--Optional:-->\r
            <ebil:FacturasSinAcuerdo>?</ebil:FacturasSinAcuerdo>\r
            <!--Optional:-->\r
            <ebil:ManejaPlantillasNotificacion>?</ebil:ManejaPlantillasNotificacion>\r
            <!--Optional:-->\r
            <ebil:NoAdjuntarArchivo>?</ebil:NoAdjuntarArchivo>\r
            <!--Optional:-->\r
            <ebil:NoTieneAcuerdosFisicos>?</ebil:NoTieneAcuerdosFisicos>\r
            <!--Optional:-->\r
            <ebil:OrderControl>?</ebil:OrderControl>\r
            <!--Optional:-->\r
            <ebil:TipoCargaDetalle>?</ebil:TipoCargaDetalle>\r
            <!--Optional:-->\r
            <ebil:TipoDocumento>?</ebil:TipoDocumento>\r
            <!--Optional:-->\r
            <ebil:TokenConexion>?</ebil:TokenConexion>\r
            <!--Optional:-->\r
            <ebil:crearVIP>?</ebil:crearVIP>\r
            <!--Optional:-->\r
            <ebil:eBillAdmNumerosFactura>?</ebil:eBillAdmNumerosFactura>\r
         </tem:Opciones>\r
         <!--Optional:-->\r
         <tem:TipoComp>?</tem:TipoComp>\r
      </tem:NotificarFacturasAnuladasTAX>\r
   </soapenv:Body>\r
</soapenv:Envelope>]]></con:request><con:wsaConfig mustUnderstand="NONE" version="200508" action="http://tempuri.org/IIntegracion/NotificarFacturasAnuladasTAX"/></con:call></con:operation><con:operation id="bc541f7c-bac8-45be-ba13-1d032731aa2b" isOneWay="false" action="http://tempuri.org/IIntegracion/NotificarFacturasPagadas" name="NotificarFacturasPagadas" bindingOperationName="NotificarFacturasPagadas" type="Request-Response" inputName="" receivesAttachments="false" sendsAttachments="false" anonymous="optional"><con:settings/><con:call id="c26c24f2-a105-4234-834b-53f16f3da86b" name="Request 1"><con:settings/><con:encoding>UTF-8</con:encoding><con:endpoint>https://fymtest.cloudapp.net:444/ServiciosFyM/eBill/Integracion.svc</con:endpoint><con:request><![CDATA[<soapenv:Envelope xmlns:soapenv="http://schemas.xmlsoap.org/soap/envelope/" xmlns:tem="http://tempuri.org/" xmlns:ebil="http://schemas.datacontract.org/2004/07/eBillCore">\r
   <soapenv:Header/>\r
   <soapenv:Body>\r
      <tem:NotificarFacturasPagadas>\r
         <!--Optional:-->\r
         <tem:Facturas>\r
            <!--Zero or more repetitions:-->\r
            <ebil:CFDCabConexion>\r
               <!--Optional:-->\r
               <ebil:AnoAprobacionRes>?</ebil:AnoAprobacionRes>\r
               <!--Optional:-->\r
               <ebil:Cantidad1>?</ebil:Cantidad1>\r
               <!--Optional:-->\r
               <ebil:Cantidad2>?</ebil:Cantidad2>\r
               <!--Optional:-->\r
               <ebil:Cantidad3>?</ebil:Cantidad3>\r
               <!--Optional:-->\r
               <ebil:CiudadDANE>?</ebil:CiudadDANE>\r
               <!--Optional:-->\r
               <ebil:CorreoCliente>?</ebil:CorreoCliente>\r
               <!--Optional:-->\r
               <ebil:DescripcionPlan>?</ebil:DescripcionPlan>\r
               <!--Optional:-->\r
               <ebil:Descuento>?</ebil:Descuento>\r
               <!--Optional:-->\r
               <ebil:DigitoVerificaCliente>?</ebil:DigitoVerificaCliente>\r
               <!--Optional:-->\r
               <ebil:DireccionCliente>?</ebil:DireccionCliente>\r
               <!--Optional:-->\r
               <ebil:FechaExpedicion>?</ebil:FechaExpedicion>\r
               <!--Optional:-->\r
               <ebil:FechaFinalPeriodoFacturado>?</ebil:FechaFinalPeriodoFacturado>\r
               <!--Optional:-->\r
               <ebil:FechaInicialPeriodoFacturado>?</ebil:FechaInicialPeriodoFacturado>\r
               <!--Optional:-->\r
               <ebil:FechaVencimiento>?</ebil:FechaVencimiento>\r
               <!--Optional:-->\r
               <ebil:FormaPago>?</ebil:FormaPago>\r
               <!--Optional:-->\r
               <ebil:IDInterno>?</ebil:IDInterno>\r
               <!--Optional:-->\r
               <ebil:IdPlan>?</ebil:IdPlan>\r
               <!--Optional:-->\r
               <ebil:InfoAdicional>?</ebil:InfoAdicional>\r
               <!--Optional:-->\r
               <ebil:MonedaISO>?</ebil:MonedaISO>\r
               <!--Optional:-->\r
               <ebil:NitCliente>?</ebil:NitCliente>\r
               <!--Optional:-->\r
               <ebil:NitEmpresa>?</ebil:NitEmpresa>\r
               <!--Optional:-->\r
               <ebil:NombreCliente>?</ebil:NombreCliente>\r
               <!--Optional:-->\r
               <ebil:NombrePlan>?</ebil:NombrePlan>\r
               <!--Optional:-->\r
               <ebil:NumAprobacionRes>?</ebil:NumAprobacionRes>\r
               <!--Optional:-->\r
               <ebil:NumFactura>?</ebil:NumFactura>\r
               <!--Optional:-->\r
               <ebil:OrderID>?</ebil:OrderID>\r
               <!--Optional:-->\r
               <ebil:PagoAnterior>?</ebil:PagoAnterior>\r
               <!--Optional:-->\r
               <ebil:Prefijo>?</ebil:Prefijo>\r
               <!--Optional:-->\r
               <ebil:Referencia1>?</ebil:Referencia1>\r
               <!--Optional:-->\r
               <ebil:SaldoAnterior>?</ebil:SaldoAnterior>\r
               <!--Optional:-->\r
               <ebil:SubTotal>?</ebil:SubTotal>\r
               <!--Optional:-->\r
               <ebil:TelefonoCliente>?</ebil:TelefonoCliente>\r
               <!--Optional:-->\r
               <ebil:TipoIDCliente>?</ebil:TipoIDCliente>\r
               <!--Optional:-->\r
               <ebil:Total>?</ebil:Total>\r
               <!--Optional:-->\r
               <ebil:TotalIVA>?</ebil:TotalIVA>\r
               <!--Optional:-->\r
               <ebil:ValorHasta1>?</ebil:ValorHasta1>\r
               <!--Optional:-->\r
               <ebil:ValorHasta2>?</ebil:ValorHasta2>\r
               <!--Optional:-->\r
               <ebil:ValorHasta3>?</ebil:ValorHasta3>\r
               <!--Optional:-->\r
               <ebil:ValorHasta4>?</ebil:ValorHasta4>\r
            </ebil:CFDCabConexion>\r
         </tem:Facturas>\r
         <!--Optional:-->\r
         <tem:Opciones>\r
            <!--Optional:-->\r
            <ebil:ActualizaProductos>?</ebil:ActualizaProductos>\r
            <!--Optional:-->\r
            <ebil:BuscarXNitXIdInterno>?</ebil:BuscarXNitXIdInterno>\r
            <!--Optional:-->\r
            <ebil:EmisionAutomatica>?</ebil:EmisionAutomatica>\r
            <!--Optional:-->\r
            <ebil:EmisionAutomaticaFXComputador>?</ebil:EmisionAutomaticaFXComputador>\r
            <!--Optional:-->\r
            <ebil:FacturasSinAcuerdo>?</ebil:FacturasSinAcuerdo>\r
            <!--Optional:-->\r
            <ebil:ManejaPlantillasNotificacion>?</ebil:ManejaPlantillasNotificacion>\r
            <!--Optional:-->\r
            <ebil:NoAdjuntarArchivo>?</ebil:NoAdjuntarArchivo>\r
            <!--Optional:-->\r
            <ebil:NoTieneAcuerdosFisicos>?</ebil:NoTieneAcuerdosFisicos>\r
            <!--Optional:-->\r
            <ebil:OrderControl>?</ebil:OrderControl>\r
            <!--Optional:-->\r
            <ebil:TipoCargaDetalle>?</ebil:TipoCargaDetalle>\r
            <!--Optional:-->\r
            <ebil:TipoDocumento>?</ebil:TipoDocumento>\r
            <!--Optional:-->\r
            <ebil:TokenConexion>?</ebil:TokenConexion>\r
            <!--Optional:-->\r
            <ebil:crearVIP>?</ebil:crearVIP>\r
            <!--Optional:-->\r
            <ebil:eBillAdmNumerosFactura>?</ebil:eBillAdmNumerosFactura>\r
         </tem:Opciones>\r
      </tem:NotificarFacturasPagadas>\r
   </soapenv:Body>\r
</soapenv:Envelope>]]></con:request><con:wsaConfig mustUnderstand="NONE" version="200508" action="http://tempuri.org/IIntegracion/NotificarFacturasPagadas"/></con:call></con:operation><con:operation id="1267dcec-7976-4603-b0c8-a310db52ec3e" isOneWay="false" action="http://tempuri.org/IIntegracion/NotificarFacturasPagadasTAX" name="NotificarFacturasPagadasTAX" bindingOperationName="NotificarFacturasPagadasTAX" type="Request-Response" inputName="" receivesAttachments="false" sendsAttachments="false" anonymous="optional"><con:settings/><con:call id="09092ce1-e4a8-427c-9a9c-d33ecafaa5a2" name="Request 1"><con:settings/><con:encoding>UTF-8</con:encoding><con:endpoint>https://fymtest.cloudapp.net:444/ServiciosFyM/eBill/Integracion.svc</con:endpoint><con:request><![CDATA[<soapenv:Envelope xmlns:soapenv="http://schemas.xmlsoap.org/soap/envelope/" xmlns:tem="http://tempuri.org/" xmlns:ebil="http://schemas.datacontract.org/2004/07/eBillCore">\r
   <soapenv:Header/>\r
   <soapenv:Body>\r
      <tem:NotificarFacturasPagadasTAX>\r
         <!--Optional:-->\r
         <tem:Facturas>\r
            <!--Zero or more repetitions:-->\r
            <ebil:CFDCabConexion>\r
               <!--Optional:-->\r
               <ebil:AnoAprobacionRes>?</ebil:AnoAprobacionRes>\r
               <!--Optional:-->\r
               <ebil:Cantidad1>?</ebil:Cantidad1>\r
               <!--Optional:-->\r
               <ebil:Cantidad2>?</ebil:Cantidad2>\r
               <!--Optional:-->\r
               <ebil:Cantidad3>?</ebil:Cantidad3>\r
               <!--Optional:-->\r
               <ebil:CiudadDANE>?</ebil:CiudadDANE>\r
               <!--Optional:-->\r
               <ebil:CorreoCliente>?</ebil:CorreoCliente>\r
               <!--Optional:-->\r
               <ebil:DescripcionPlan>?</ebil:DescripcionPlan>\r
               <!--Optional:-->\r
               <ebil:Descuento>?</ebil:Descuento>\r
               <!--Optional:-->\r
               <ebil:DigitoVerificaCliente>?</ebil:DigitoVerificaCliente>\r
               <!--Optional:-->\r
               <ebil:DireccionCliente>?</ebil:DireccionCliente>\r
               <!--Optional:-->\r
               <ebil:FechaExpedicion>?</ebil:FechaExpedicion>\r
               <!--Optional:-->\r
               <ebil:FechaFinalPeriodoFacturado>?</ebil:FechaFinalPeriodoFacturado>\r
               <!--Optional:-->\r
               <ebil:FechaInicialPeriodoFacturado>?</ebil:FechaInicialPeriodoFacturado>\r
               <!--Optional:-->\r
               <ebil:FechaVencimiento>?</ebil:FechaVencimiento>\r
               <!--Optional:-->\r
               <ebil:FormaPago>?</ebil:FormaPago>\r
               <!--Optional:-->\r
               <ebil:IDInterno>?</ebil:IDInterno>\r
               <!--Optional:-->\r
               <ebil:IdPlan>?</ebil:IdPlan>\r
               <!--Optional:-->\r
               <ebil:InfoAdicional>?</ebil:InfoAdicional>\r
               <!--Optional:-->\r
               <ebil:MonedaISO>?</ebil:MonedaISO>\r
               <!--Optional:-->\r
               <ebil:NitCliente>?</ebil:NitCliente>\r
               <!--Optional:-->\r
               <ebil:NitEmpresa>?</ebil:NitEmpresa>\r
               <!--Optional:-->\r
               <ebil:NombreCliente>?</ebil:NombreCliente>\r
               <!--Optional:-->\r
               <ebil:NombrePlan>?</ebil:NombrePlan>\r
               <!--Optional:-->\r
               <ebil:NumAprobacionRes>?</ebil:NumAprobacionRes>\r
               <!--Optional:-->\r
               <ebil:NumFactura>?</ebil:NumFactura>\r
               <!--Optional:-->\r
               <ebil:OrderID>?</ebil:OrderID>\r
               <!--Optional:-->\r
               <ebil:PagoAnterior>?</ebil:PagoAnterior>\r
               <!--Optional:-->\r
               <ebil:Prefijo>?</ebil:Prefijo>\r
               <!--Optional:-->\r
               <ebil:Referencia1>?</ebil:Referencia1>\r
               <!--Optional:-->\r
               <ebil:SaldoAnterior>?</ebil:SaldoAnterior>\r
               <!--Optional:-->\r
               <ebil:SubTotal>?</ebil:SubTotal>\r
               <!--Optional:-->\r
               <ebil:TelefonoCliente>?</ebil:TelefonoCliente>\r
               <!--Optional:-->\r
               <ebil:TipoIDCliente>?</ebil:TipoIDCliente>\r
               <!--Optional:-->\r
               <ebil:Total>?</ebil:Total>\r
               <!--Optional:-->\r
               <ebil:TotalIVA>?</ebil:TotalIVA>\r
               <!--Optional:-->\r
               <ebil:ValorHasta1>?</ebil:ValorHasta1>\r
               <!--Optional:-->\r
               <ebil:ValorHasta2>?</ebil:ValorHasta2>\r
               <!--Optional:-->\r
               <ebil:ValorHasta3>?</ebil:ValorHasta3>\r
               <!--Optional:-->\r
               <ebil:ValorHasta4>?</ebil:ValorHasta4>\r
            </ebil:CFDCabConexion>\r
         </tem:Facturas>\r
         <!--Optional:-->\r
         <tem:Opciones>\r
            <!--Optional:-->\r
            <ebil:ActualizaProductos>?</ebil:ActualizaProductos>\r
            <!--Optional:-->\r
            <ebil:BuscarXNitXIdInterno>?</ebil:BuscarXNitXIdInterno>\r
            <!--Optional:-->\r
            <ebil:EmisionAutomatica>?</ebil:EmisionAutomatica>\r
            <!--Optional:-->\r
            <ebil:EmisionAutomaticaFXComputador>?</ebil:EmisionAutomaticaFXComputador>\r
            <!--Optional:-->\r
            <ebil:FacturasSinAcuerdo>?</ebil:FacturasSinAcuerdo>\r
            <!--Optional:-->\r
            <ebil:ManejaPlantillasNotificacion>?</ebil:ManejaPlantillasNotificacion>\r
            <!--Optional:-->\r
            <ebil:NoAdjuntarArchivo>?</ebil:NoAdjuntarArchivo>\r
            <!--Optional:-->\r
            <ebil:NoTieneAcuerdosFisicos>?</ebil:NoTieneAcuerdosFisicos>\r
            <!--Optional:-->\r
            <ebil:OrderControl>?</ebil:OrderControl>\r
            <!--Optional:-->\r
            <ebil:TipoCargaDetalle>?</ebil:TipoCargaDetalle>\r
            <!--Optional:-->\r
            <ebil:TipoDocumento>?</ebil:TipoDocumento>\r
            <!--Optional:-->\r
            <ebil:TokenConexion>?</ebil:TokenConexion>\r
            <!--Optional:-->\r
            <ebil:crearVIP>?</ebil:crearVIP>\r
            <!--Optional:-->\r
            <ebil:eBillAdmNumerosFactura>?</ebil:eBillAdmNumerosFactura>\r
         </tem:Opciones>\r
      </tem:NotificarFacturasPagadasTAX>\r
   </soapenv:Body>\r
</soapenv:Envelope>]]></con:request><con:wsaConfig mustUnderstand="NONE" version="200508" action="http://tempuri.org/IIntegracion/NotificarFacturasPagadasTAX"/></con:call></con:operation><con:operation id="0f4c2cce-b1f3-4c0b-a70a-4273814435ed" isOneWay="false" action="http://tempuri.org/IIntegracion/NuevoEventoLogeBill" name="NuevoEventoLogeBill" bindingOperationName="NuevoEventoLogeBill" type="Request-Response" inputName="" receivesAttachments="false" sendsAttachments="false" anonymous="optional"><con:settings/><con:call id="e5f07826-657f-4027-9f68-349a2ce5f263" name="Request 1"><con:settings/><con:encoding>UTF-8</con:encoding><con:endpoint>https://fymtest.cloudapp.net:444/ServiciosFyM/eBill/Integracion.svc</con:endpoint><con:request><![CDATA[<soapenv:Envelope xmlns:soapenv="http://schemas.xmlsoap.org/soap/envelope/" xmlns:tem="http://tempuri.org/">\r
   <soapenv:Header/>\r
   <soapenv:Body>\r
      <tem:NuevoEventoLogeBill>\r
         <!--Optional:-->\r
         <tem:IdEmpresa>?</tem:IdEmpresa>\r
         <!--Optional:-->\r
         <tem:TipoEvento>?</tem:TipoEvento>\r
         <!--Optional:-->\r
         <tem:IdProc>?</tem:IdProc>\r
         <!--Optional:-->\r
         <tem:IdMensage>?</tem:IdMensage>\r
         <!--Optional:-->\r
         <tem:IdSucursal>?</tem:IdSucursal>\r
         <!--Optional:-->\r
         <tem:Msg>?</tem:Msg>\r
         <!--Optional:-->\r
         <tem:Token>?</tem:Token>\r
      </tem:NuevoEventoLogeBill>\r
   </soapenv:Body>\r
</soapenv:Envelope>]]></con:request><con:wsaConfig mustUnderstand="NONE" version="200508" action="http://tempuri.org/IIntegracion/NuevoEventoLogeBill"/></con:call></con:operation><con:operation id="7ca79fac-4dc4-4b67-8da6-e31c06a56693" isOneWay="false" action="http://tempuri.org/IIntegracion/ObtenerParametroCliente" name="ObtenerParametroCliente" bindingOperationName="ObtenerParametroCliente" type="Request-Response" inputName="" receivesAttachments="false" sendsAttachments="false" anonymous="optional"><con:settings/><con:call id="b1ebb8b3-59ea-4275-8efa-9a5dbc76d720" name="Request 1"><con:settings/><con:encoding>UTF-8</con:encoding><con:endpoint>https://fymtest.cloudapp.net:444/ServiciosFyM/eBill/Integracion.svc</con:endpoint><con:request><![CDATA[<soapenv:Envelope xmlns:soapenv="http://schemas.xmlsoap.org/soap/envelope/" xmlns:tem="http://tempuri.org/">\r
   <soapenv:Header/>\r
   <soapenv:Body>\r
      <tem:ObtenerParametroCliente>\r
         <!--Optional:-->\r
         <tem:IdDocumento>?</tem:IdDocumento>\r
         <!--Optional:-->\r
         <tem:token>?</tem:token>\r
      </tem:ObtenerParametroCliente>\r
   </soapenv:Body>\r
</soapenv:Envelope>]]></con:request><con:wsaConfig mustUnderstand="NONE" version="200508" action="http://tempuri.org/IIntegracion/ObtenerParametroCliente"/></con:call></con:operation><con:operation id="c710889d-fb74-41e7-a1fd-34f02096255e" isOneWay="false" action="http://tempuri.org/IIntegracion/RecepcionDocumentosElectronicos" name="RecepcionDocumentosElectronicos" bindingOperationName="RecepcionDocumentosElectronicos" type="Request-Response" inputName="" receivesAttachments="false" sendsAttachments="false" anonymous="optional"><con:settings/><con:call id="c55fd703-1c81-41f6-9765-4344227c841b" name="Request 1"><con:settings/><con:encoding>UTF-8</con:encoding><con:endpoint>https://fymtest.cloudapp.net:444/ServiciosFyM/eBill/Integracion.svc</con:endpoint><con:request><![CDATA[<soapenv:Envelope xmlns:soapenv="http://schemas.xmlsoap.org/soap/envelope/" xmlns:tem="http://tempuri.org/">\r
   <soapenv:Header/>\r
   <soapenv:Body>\r
      <tem:RecepcionDocumentosElectronicos>\r
         <!--Optional:-->\r
         <tem:TokenAdm>?</tem:TokenAdm>\r
         <!--Optional:-->\r
         <tem:DatosDocEle>?</tem:DatosDocEle>\r
         <!--Optional:-->\r
         <tem:PDFFac>cid:1085738872799</tem:PDFFac>\r
         <!--Optional:-->\r
         <tem:XMLFac>cid:707885186370</tem:XMLFac>\r
         <!--Optional:-->\r
         <tem:ZIPAnexosFac>cid:754660414815</tem:ZIPAnexosFac>\r
      </tem:RecepcionDocumentosElectronicos>\r
   </soapenv:Body>\r
</soapenv:Envelope>]]></con:request><con:wsaConfig mustUnderstand="NONE" version="200508" action="http://tempuri.org/IIntegracion/RecepcionDocumentosElectronicos"/></con:call></con:operation><con:operation id="fea10969-b920-4880-a8f6-1ece80451a94" isOneWay="false" action="http://tempuri.org/IIntegracion/RechazarDocumentosRadicados" name="RechazarDocumentosRadicados" bindingOperationName="RechazarDocumentosRadicados" type="Request-Response" inputName="" receivesAttachments="false" sendsAttachments="false" anonymous="optional"><con:settings/><con:call id="22a41a7a-19a2-441a-ac14-c244e9686eed" name="Request 1"><con:settings/><con:encoding>UTF-8</con:encoding><con:endpoint>https://fymtest.cloudapp.net:444/ServiciosFyM/eBill/Integracion.svc</con:endpoint><con:request><![CDATA[<soapenv:Envelope xmlns:soapenv="http://schemas.xmlsoap.org/soap/envelope/" xmlns:tem="http://tempuri.org/" xmlns:ebil="http://schemas.datacontract.org/2004/07/eBillCore">\r
   <soapenv:Header/>\r
   <soapenv:Body>\r
      <tem:RechazarDocumentosRadicados>\r
         <!--Optional:-->\r
         <tem:FacCab>\r
            <!--Optional:-->\r
            <ebil:AnoAprobacionRes>?</ebil:AnoAprobacionRes>\r
            <!--Optional:-->\r
            <ebil:Base_Impuesto>?</ebil:Base_Impuesto>\r
            <!--Optional:-->\r
            <ebil:CFD_EST_estado_tramit>?</ebil:CFD_EST_estado_tramit>\r
            <!--Optional:-->\r
            <ebil:CFD_Flete>?</ebil:CFD_Flete>\r
            <!--Optional:-->\r
            <ebil:CFD_OtrosCargos>?</ebil:CFD_OtrosCargos>\r
            <!--Optional:-->\r
            <ebil:CFD_Por_Margen>?</ebil:CFD_Por_Margen>\r
            <!--Optional:-->\r
            <ebil:CFD_ResponseCode>?</ebil:CFD_ResponseCode>\r
            <!--Optional:-->\r
            <ebil:CFD_base_ICA_total>?</ebil:CFD_base_ICA_total>\r
            <!--Optional:-->\r
            <ebil:CFD_base_impo_total_nal>?</ebil:CFD_base_impo_total_nal>\r
            <!--Optional:-->\r
            <ebil:CFD_base_impo_total_reg>?</ebil:CFD_base_impo_total_reg>\r
            <!--Optional:-->\r
            <ebil:CFD_campo_texto_10>?</ebil:CFD_campo_texto_10>\r
            <!--Optional:-->\r
            <ebil:CFD_campo_texto_11>?</ebil:CFD_campo_texto_11>\r
            <!--Optional:-->\r
            <ebil:CFD_campo_texto_12>?</ebil:CFD_campo_texto_12>\r
            <!--Optional:-->\r
            <ebil:CFD_campo_texto_13>?</ebil:CFD_campo_texto_13>\r
            <!--Optional:-->\r
            <ebil:CFD_campo_texto_14>?</ebil:CFD_campo_texto_14>\r
            <!--Optional:-->\r
            <ebil:CFD_campo_texto_15>?</ebil:CFD_campo_texto_15>\r
            <!--Optional:-->\r
            <ebil:CFD_campo_texto_16>?</ebil:CFD_campo_texto_16>\r
            <!--Optional:-->\r
            <ebil:CFD_campo_texto_17>?</ebil:CFD_campo_texto_17>\r
            <!--Optional:-->\r
            <ebil:CFD_campo_texto_18>?</ebil:CFD_campo_texto_18>\r
            <!--Optional:-->\r
            <ebil:CFD_campo_texto_19>?</ebil:CFD_campo_texto_19>\r
            <!--Optional:-->\r
            <ebil:CFD_campo_texto_20>?</ebil:CFD_campo_texto_20>\r
            <!--Optional:-->\r
            <ebil:CFD_campo_texto_21>?</ebil:CFD_campo_texto_21>\r
            <!--Optional:-->\r
            <ebil:CFD_campo_texto_22>?</ebil:CFD_campo_texto_22>\r
            <!--Optional:-->\r
            <ebil:CFD_campo_texto_23>?</ebil:CFD_campo_texto_23>\r
            <!--Optional:-->\r
            <ebil:CFD_campo_texto_24>?</ebil:CFD_campo_texto_24>\r
            <!--Optional:-->\r
            <ebil:CFD_campo_texto_25>?</ebil:CFD_campo_texto_25>\r
            <!--Optional:-->\r
            <ebil:CFD_campo_texto_26>?</ebil:CFD_campo_texto_26>\r
            <!--Optional:-->\r
            <ebil:CFD_campo_texto_27>?</ebil:CFD_campo_texto_27>\r
            <!--Optional:-->\r
            <ebil:CFD_campo_texto_28>?</ebil:CFD_campo_texto_28>\r
            <!--Optional:-->\r
            <ebil:CFD_campo_texto_29>?</ebil:CFD_campo_texto_29>\r
            <!--Optional:-->\r
            <ebil:CFD_campo_texto_30>?</ebil:CFD_campo_texto_30>\r
            <!--Optional:-->\r
            <ebil:CFD_campo_texto_9>?</ebil:CFD_campo_texto_9>\r
            <!--Optional:-->\r
            <ebil:CFD_cantidad_dec_1>?</ebil:CFD_cantidad_dec_1>\r
            <!--Optional:-->\r
            <ebil:CFD_cantidad_dec_10>?</ebil:CFD_cantidad_dec_10>\r
            <!--Optional:-->\r
            <ebil:CFD_cantidad_dec_11>?</ebil:CFD_cantidad_dec_11>\r
            <!--Optional:-->\r
            <ebil:CFD_cantidad_dec_12>?</ebil:CFD_cantidad_dec_12>\r
            <!--Optional:-->\r
            <ebil:CFD_cantidad_dec_13>?</ebil:CFD_cantidad_dec_13>\r
            <!--Optional:-->\r
            <ebil:CFD_cantidad_dec_14>?</ebil:CFD_cantidad_dec_14>\r
            <!--Optional:-->\r
            <ebil:CFD_cantidad_dec_15>?</ebil:CFD_cantidad_dec_15>\r
            <!--Optional:-->\r
            <ebil:CFD_cantidad_dec_16>?</ebil:CFD_cantidad_dec_16>\r
            <!--Optional:-->\r
            <ebil:CFD_cantidad_dec_17>?</ebil:CFD_cantidad_dec_17>\r
            <!--Optional:-->\r
            <ebil:CFD_cantidad_dec_18>?</ebil:CFD_cantidad_dec_18>\r
            <!--Optional:-->\r
            <ebil:CFD_cantidad_dec_19>?</ebil:CFD_cantidad_dec_19>\r
            <!--Optional:-->\r
            <ebil:CFD_cantidad_dec_20>?</ebil:CFD_cantidad_dec_20>\r
            <!--Optional:-->\r
            <ebil:CFD_cantidad_dec_21>?</ebil:CFD_cantidad_dec_21>\r
            <!--Optional:-->\r
            <ebil:CFD_cantidad_dec_22>?</ebil:CFD_cantidad_dec_22>\r
            <!--Optional:-->\r
            <ebil:CFD_cantidad_dec_23>?</ebil:CFD_cantidad_dec_23>\r
            <!--Optional:-->\r
            <ebil:CFD_cantidad_dec_24>?</ebil:CFD_cantidad_dec_24>\r
            <!--Optional:-->\r
            <ebil:CFD_cantidad_dec_25>?</ebil:CFD_cantidad_dec_25>\r
            <!--Optional:-->\r
            <ebil:CFD_cantidad_dec_4>?</ebil:CFD_cantidad_dec_4>\r
            <!--Optional:-->\r
            <ebil:CFD_cantidad_dec_5>?</ebil:CFD_cantidad_dec_5>\r
            <!--Optional:-->\r
            <ebil:CFD_cantidad_dec_6>?</ebil:CFD_cantidad_dec_6>\r
            <!--Optional:-->\r
            <ebil:CFD_cantidad_dec_7>?</ebil:CFD_cantidad_dec_7>\r
            <!--Optional:-->\r
            <ebil:CFD_cantidad_dec_8>?</ebil:CFD_cantidad_dec_8>\r
            <!--Optional:-->\r
            <ebil:CFD_cantidad_dec_9>?</ebil:CFD_cantidad_dec_9>\r
            <!--Optional:-->\r
            <ebil:CFD_deducible>?</ebil:CFD_deducible>\r
            <!--Optional:-->\r
            <ebil:CFD_desconexion_servicio>?</ebil:CFD_desconexion_servicio>\r
            <!--Optional:-->\r
            <ebil:CFD_fecha_desconexion>?</ebil:CFD_fecha_desconexion>\r
            <!--Optional:-->\r
            <ebil:CFD_fecha_tasadeCambio>?</ebil:CFD_fecha_tasadeCambio>\r
            <!--Optional:-->\r
            <ebil:CFD_numero_enlace_doc_ref>?</ebil:CFD_numero_enlace_doc_ref>\r
            <!--Optional:-->\r
            <ebil:CFD_porc_rte_ICA>?</ebil:CFD_porc_rte_ICA>\r
            <!--Optional:-->\r
            <ebil:CFD_porc_rte_fuent>?</ebil:CFD_porc_rte_fuent>\r
            <!--Optional:-->\r
            <ebil:CFD_tasa_mora>?</ebil:CFD_tasa_mora>\r
            <!--Optional:-->\r
            <ebil:CFD_tdi_id_tipo_doc_interno>?</ebil:CFD_tdi_id_tipo_doc_interno>\r
            <!--Optional:-->\r
            <ebil:CFD_total_ICA>?</ebil:CFD_total_ICA>\r
            <!--Optional:-->\r
            <ebil:CFD_total_aduana_exp>?</ebil:CFD_total_aduana_exp>\r
            <!--Optional:-->\r
            <ebil:CFD_total_cargos>?</ebil:CFD_total_cargos>\r
            <!--Optional:-->\r
            <ebil:CFD_total_descuentos>?</ebil:CFD_total_descuentos>\r
            <!--Optional:-->\r
            <ebil:CFD_total_margen>?</ebil:CFD_total_margen>\r
            <!--Optional:-->\r
            <ebil:CFD_total_seguro_exp>?</ebil:CFD_total_seguro_exp>\r
            <!--Optional:-->\r
            <ebil:CLI_numero_cliente>?</ebil:CLI_numero_cliente>\r
            <!--Optional:-->\r
            <ebil:CREETotal>?</ebil:CREETotal>\r
            <!--Optional:-->\r
            <ebil:CampoTexto1>?</ebil:CampoTexto1>\r
            <!--Optional:-->\r
            <ebil:CampoTexto2>?</ebil:CampoTexto2>\r
            <!--Optional:-->\r
            <ebil:CampoTexto3>?</ebil:CampoTexto3>\r
            <!--Optional:-->\r
            <ebil:CampoTexto4>?</ebil:CampoTexto4>\r
            <!--Optional:-->\r
            <ebil:CampoTexto5>?</ebil:CampoTexto5>\r
            <!--Optional:-->\r
            <ebil:CampoTexto6>?</ebil:CampoTexto6>\r
            <!--Optional:-->\r
            <ebil:CampoTexto7>?</ebil:CampoTexto7>\r
            <!--Optional:-->\r
            <ebil:CampoTexto8>?</ebil:CampoTexto8>\r
            <!--Optional:-->\r
            <ebil:Cantidad1>?</ebil:Cantidad1>\r
            <!--Optional:-->\r
            <ebil:Cantidad2>?</ebil:Cantidad2>\r
            <!--Optional:-->\r
            <ebil:Cantidad3>?</ebil:Cantidad3>\r
            <!--Optional:-->\r
            <ebil:CantidadDec1>?</ebil:CantidadDec1>\r
            <!--Optional:-->\r
            <ebil:CantidadDec2>?</ebil:CantidadDec2>\r
            <!--Optional:-->\r
            <ebil:CantidadDec3>?</ebil:CantidadDec3>\r
            <!--Optional:-->\r
            <ebil:CiudadDANE>?</ebil:CiudadDANE>\r
            <!--Optional:-->\r
            <ebil:CodVendedor>?</ebil:CodVendedor>\r
            <!--Optional:-->\r
            <ebil:CodigoPostalCliente>?</ebil:CodigoPostalCliente>\r
            <!--Optional:-->\r
            <ebil:CodigoPostalEnvio>?</ebil:CodigoPostalEnvio>\r
            <!--Optional:-->\r
            <ebil:ComprobanteCon>?</ebil:ComprobanteCon>\r
            <!--Optional:-->\r
            <ebil:Condiciones_Pago>?</ebil:Condiciones_Pago>\r
            <!--Optional:-->\r
            <ebil:ContactoCargo>?</ebil:ContactoCargo>\r
            <!--Optional:-->\r
            <ebil:ContactoCorreo>?</ebil:ContactoCorreo>\r
            <!--Optional:-->\r
            <ebil:ContactoNombre>?</ebil:ContactoNombre>\r
            <!--Optional:-->\r
            <ebil:CorreoCliente>?</ebil:CorreoCliente>\r
            <!--Optional:-->\r
            <ebil:DepartamentoDANE>?</ebil:DepartamentoDANE>\r
            <!--Optional:-->\r
            <ebil:DescripcionPlan>?</ebil:DescripcionPlan>\r
            <!--Optional:-->\r
            <ebil:Descuento>?</ebil:Descuento>\r
            <!--Optional:-->\r
            <ebil:DigitoVerificaCliente>?</ebil:DigitoVerificaCliente>\r
            <!--Optional:-->\r
            <ebil:DireccionCliente>?</ebil:DireccionCliente>\r
            <!--Optional:-->\r
            <ebil:EstiloFactura>?</ebil:EstiloFactura>\r
            <!--Optional:-->\r
            <ebil:FechaExpedicion>?</ebil:FechaExpedicion>\r
            <!--Optional:-->\r
            <ebil:FechaFinalPeriodoFacturado>?</ebil:FechaFinalPeriodoFacturado>\r
            <!--Optional:-->\r
            <ebil:FechaInicialPeriodoFacturado>?</ebil:FechaInicialPeriodoFacturado>\r
            <!--Optional:-->\r
            <ebil:FechaVencimiento>?</ebil:FechaVencimiento>\r
            <!--Optional:-->\r
            <ebil:FormaPago>?</ebil:FormaPago>\r
            <!--Optional:-->\r
            <ebil:IDInterno>?</ebil:IDInterno>\r
            <!--Optional:-->\r
            <ebil:IDUbicacionCliente>?</ebil:IDUbicacionCliente>\r
            <!--Optional:-->\r
            <ebil:IDUbicacionEnvio>?</ebil:IDUbicacionEnvio>\r
            <!--Optional:-->\r
            <ebil:IdPlan>?</ebil:IdPlan>\r
            <!--Optional:-->\r
            <ebil:IdSucursal>?</ebil:IdSucursal>\r
            <!--Optional:-->\r
            <ebil:Incoterm>?</ebil:Incoterm>\r
            <!--Optional:-->\r
            <ebil:InfoAdicional>?</ebil:InfoAdicional>\r
            <!--Optional:-->\r
            <ebil:LugarTerminosEntrega>?</ebil:LugarTerminosEntrega>\r
            <!--Optional:-->\r
            <ebil:MesCausado>?</ebil:MesCausado>\r
            <!--Optional:-->\r
            <ebil:MonedaISO>?</ebil:MonedaISO>\r
            <!--Optional:-->\r
            <ebil:NitCliente>?</ebil:NitCliente>\r
            <!--Optional:-->\r
            <ebil:NitEmpresa>?</ebil:NitEmpresa>\r
            <!--Optional:-->\r
            <ebil:NombreCliente>?</ebil:NombreCliente>\r
            <!--Optional:-->\r
            <ebil:NombrePlan>?</ebil:NombrePlan>\r
            <!--Optional:-->\r
            <ebil:NombreVendedor>?</ebil:NombreVendedor>\r
            <!--Optional:-->\r
            <ebil:NumAprobacionRes>?</ebil:NumAprobacionRes>\r
            <!--Optional:-->\r
            <ebil:NumFactura>?</ebil:NumFactura>\r
            <!--Optional:-->\r
            <ebil:OrderID>?</ebil:OrderID>\r
            <!--Optional:-->\r
            <ebil:PAI_ISO_3166>?</ebil:PAI_ISO_3166>\r
            <!--Optional:-->\r
            <ebil:PagoAnterior>?</ebil:PagoAnterior>\r
            <!--Optional:-->\r
            <ebil:Prefijo>?</ebil:Prefijo>\r
            <!--Optional:-->\r
            <ebil:ReferenciaCliente>?</ebil:ReferenciaCliente>\r
            <!--Optional:-->\r
            <ebil:RetencionCREETotal>?</ebil:RetencionCREETotal>\r
            <!--Optional:-->\r
            <ebil:SMSXDoc>?</ebil:SMSXDoc>\r
            <!--Optional:-->\r
            <ebil:SaldoAnterior>?</ebil:SaldoAnterior>\r
            <!--Optional:-->\r
            <ebil:SubTotal>?</ebil:SubTotal>\r
            <!--Optional:-->\r
            <ebil:SubTotalSegunMon>?</ebil:SubTotalSegunMon>\r
            <!--Optional:-->\r
            <ebil:Sucursal>?</ebil:Sucursal>\r
            <!--Optional:-->\r
            <ebil:TIP_id_tipo_persona>?</ebil:TIP_id_tipo_persona>\r
            <!--Optional:-->\r
            <ebil:TasaCambio>?</ebil:TasaCambio>\r
            <!--Optional:-->\r
            <ebil:TelefonoCliente>?</ebil:TelefonoCliente>\r
            <!--Optional:-->\r
            <ebil:Texto3>?</ebil:Texto3>\r
            <!--Optional:-->\r
            <ebil:TieneAcuerdo>?</ebil:TieneAcuerdo>\r
            <!--Optional:-->\r
            <ebil:TipoComprobante>?</ebil:TipoComprobante>\r
            <!--Optional:-->\r
            <ebil:TipoContribuyente>?</ebil:TipoContribuyente>\r
            <!--Optional:-->\r
            <ebil:TipoIDCliente>?</ebil:TipoIDCliente>\r
            <!--Optional:-->\r
            <ebil:Total>?</ebil:Total>\r
            <!--Optional:-->\r
            <ebil:TotalIVA>?</ebil:TotalIVA>\r
            <!--Optional:-->\r
            <ebil:TotalIVASegunMon>?</ebil:TotalIVASegunMon>\r
            <!--Optional:-->\r
            <ebil:TotalRetICA>?</ebil:TotalRetICA>\r
            <!--Optional:-->\r
            <ebil:TotalRetIVA>?</ebil:TotalRetIVA>\r
            <!--Optional:-->\r
            <ebil:TotalRetencion>?</ebil:TotalRetencion>\r
            <!--Optional:-->\r
            <ebil:TotalSegunMon>?</ebil:TotalSegunMon>\r
            <!--Optional:-->\r
            <ebil:TotalTraslado>?</ebil:TotalTraslado>\r
            <!--Optional:-->\r
            <ebil:Total_a_Pagar>?</ebil:Total_a_Pagar>\r
            <!--Optional:-->\r
            <ebil:ValorHasta1>?</ebil:ValorHasta1>\r
            <!--Optional:-->\r
            <ebil:ValorHasta2>?</ebil:ValorHasta2>\r
            <!--Optional:-->\r
            <ebil:ValorHasta3>?</ebil:ValorHasta3>\r
            <!--Optional:-->\r
            <ebil:ValorHasta4>?</ebil:ValorHasta4>\r
            <!--Optional:-->\r
            <ebil:cfd_activa_nota1>?</ebil:cfd_activa_nota1>\r
            <!--Optional:-->\r
            <ebil:ciudad_envio>?</ebil:ciudad_envio>\r
            <!--Optional:-->\r
            <ebil:code1>?</ebil:code1>\r
            <!--Optional:-->\r
            <ebil:code2>?</ebil:code2>\r
            <!--Optional:-->\r
            <ebil:code3>?</ebil:code3>\r
            <!--Optional:-->\r
            <ebil:curso>?</ebil:curso>\r
            <!--Optional:-->\r
            <ebil:departamento_envio>?</ebil:departamento_envio>\r
            <!--Optional:-->\r
            <ebil:direccion_envio>?</ebil:direccion_envio>\r
            <!--Optional:-->\r
            <ebil:numero_envio>?</ebil:numero_envio>\r
            <!--Optional:-->\r
            <ebil:orden_venta>?</ebil:orden_venta>\r
            <!--Optional:-->\r
            <ebil:pague_hasta1>?</ebil:pague_hasta1>\r
            <!--Optional:-->\r
            <ebil:pague_hasta2>?</ebil:pague_hasta2>\r
            <!--Optional:-->\r
            <ebil:pague_hasta3>?</ebil:pague_hasta3>\r
            <!--Optional:-->\r
            <ebil:referencia>?</ebil:referencia>\r
            <!--Optional:-->\r
            <ebil:referencia1>?</ebil:referencia1>\r
            <!--Optional:-->\r
            <ebil:referencia_envio>?</ebil:referencia_envio>\r
            <!--Optional:-->\r
            <ebil:telefono_envio>?</ebil:telefono_envio>\r
         </tem:FacCab>\r
         <!--Optional:-->\r
         <tem:Opciones>\r
            <!--Optional:-->\r
            <ebil:ActualizaProductos>?</ebil:ActualizaProductos>\r
            <!--Optional:-->\r
            <ebil:BuscarXNitXIdInterno>?</ebil:BuscarXNitXIdInterno>\r
            <!--Optional:-->\r
            <ebil:EmisionAutomatica>?</ebil:EmisionAutomatica>\r
            <!--Optional:-->\r
            <ebil:EmisionAutomaticaFXComputador>?</ebil:EmisionAutomaticaFXComputador>\r
            <!--Optional:-->\r
            <ebil:FacturasSinAcuerdo>?</ebil:FacturasSinAcuerdo>\r
            <!--Optional:-->\r
            <ebil:ManejaPlantillasNotificacion>?</ebil:ManejaPlantillasNotificacion>\r
            <!--Optional:-->\r
            <ebil:NoAdjuntarArchivo>?</ebil:NoAdjuntarArchivo>\r
            <!--Optional:-->\r
            <ebil:NoTieneAcuerdosFisicos>?</ebil:NoTieneAcuerdosFisicos>\r
            <!--Optional:-->\r
            <ebil:OrderControl>?</ebil:OrderControl>\r
            <!--Optional:-->\r
            <ebil:TipoCargaDetalle>?</ebil:TipoCargaDetalle>\r
            <!--Optional:-->\r
            <ebil:TipoDocumento>?</ebil:TipoDocumento>\r
            <!--Optional:-->\r
            <ebil:TokenConexion>?</ebil:TokenConexion>\r
            <!--Optional:-->\r
            <ebil:crearVIP>?</ebil:crearVIP>\r
            <!--Optional:-->\r
            <ebil:eBillAdmNumerosFactura>?</ebil:eBillAdmNumerosFactura>\r
         </tem:Opciones>\r
         <!--Optional:-->\r
         <tem:fechaRechazo>?</tem:fechaRechazo>\r
         <!--Optional:-->\r
         <tem:motivoRechazo>?</tem:motivoRechazo>\r
      </tem:RechazarDocumentosRadicados>\r
   </soapenv:Body>\r
</soapenv:Envelope>]]></con:request><con:wsaConfig mustUnderstand="NONE" version="200508" action="http://tempuri.org/IIntegracion/RechazarDocumentosRadicados"/></con:call></con:operation><con:operation id="04102d98-f517-492d-996c-c0f0e88fc2d8" isOneWay="false" action="http://tempuri.org/IIntegracion/RechazarDocumentosRadicadosNotificacionDIAN" name="RechazarDocumentosRadicadosNotificacionDIAN" bindingOperationName="RechazarDocumentosRadicadosNotificacionDIAN" type="Request-Response" inputName="" receivesAttachments="false" sendsAttachments="false" anonymous="optional"><con:settings/><con:call id="eb1c7665-6880-4804-8a65-503a5bde5a58" name="Request 1"><con:settings/><con:encoding>UTF-8</con:encoding><con:endpoint>https://fymtest.cloudapp.net:444/ServiciosFyM/eBill/Integracion.svc</con:endpoint><con:request><![CDATA[<soapenv:Envelope xmlns:soapenv="http://schemas.xmlsoap.org/soap/envelope/" xmlns:tem="http://tempuri.org/" xmlns:ebil="http://schemas.datacontract.org/2004/07/eBillCore">\r
   <soapenv:Header/>\r
   <soapenv:Body>\r
      <tem:RechazarDocumentosRadicadosNotificacionDIAN>\r
         <!--Optional:-->\r
         <tem:FacCab>\r
            <!--Optional:-->\r
            <ebil:AnoAprobacionRes>?</ebil:AnoAprobacionRes>\r
            <!--Optional:-->\r
            <ebil:Base_Impuesto>?</ebil:Base_Impuesto>\r
            <!--Optional:-->\r
            <ebil:CFD_EST_estado_tramit>?</ebil:CFD_EST_estado_tramit>\r
            <!--Optional:-->\r
            <ebil:CFD_Flete>?</ebil:CFD_Flete>\r
            <!--Optional:-->\r
            <ebil:CFD_OtrosCargos>?</ebil:CFD_OtrosCargos>\r
            <!--Optional:-->\r
            <ebil:CFD_Por_Margen>?</ebil:CFD_Por_Margen>\r
            <!--Optional:-->\r
            <ebil:CFD_ResponseCode>?</ebil:CFD_ResponseCode>\r
            <!--Optional:-->\r
            <ebil:CFD_base_ICA_total>?</ebil:CFD_base_ICA_total>\r
            <!--Optional:-->\r
            <ebil:CFD_base_impo_total_nal>?</ebil:CFD_base_impo_total_nal>\r
            <!--Optional:-->\r
            <ebil:CFD_base_impo_total_reg>?</ebil:CFD_base_impo_total_reg>\r
            <!--Optional:-->\r
            <ebil:CFD_campo_texto_10>?</ebil:CFD_campo_texto_10>\r
            <!--Optional:-->\r
            <ebil:CFD_campo_texto_11>?</ebil:CFD_campo_texto_11>\r
            <!--Optional:-->\r
            <ebil:CFD_campo_texto_12>?</ebil:CFD_campo_texto_12>\r
            <!--Optional:-->\r
            <ebil:CFD_campo_texto_13>?</ebil:CFD_campo_texto_13>\r
            <!--Optional:-->\r
            <ebil:CFD_campo_texto_14>?</ebil:CFD_campo_texto_14>\r
            <!--Optional:-->\r
            <ebil:CFD_campo_texto_15>?</ebil:CFD_campo_texto_15>\r
            <!--Optional:-->\r
            <ebil:CFD_campo_texto_16>?</ebil:CFD_campo_texto_16>\r
            <!--Optional:-->\r
            <ebil:CFD_campo_texto_17>?</ebil:CFD_campo_texto_17>\r
            <!--Optional:-->\r
            <ebil:CFD_campo_texto_18>?</ebil:CFD_campo_texto_18>\r
            <!--Optional:-->\r
            <ebil:CFD_campo_texto_19>?</ebil:CFD_campo_texto_19>\r
            <!--Optional:-->\r
            <ebil:CFD_campo_texto_20>?</ebil:CFD_campo_texto_20>\r
            <!--Optional:-->\r
            <ebil:CFD_campo_texto_21>?</ebil:CFD_campo_texto_21>\r
            <!--Optional:-->\r
            <ebil:CFD_campo_texto_22>?</ebil:CFD_campo_texto_22>\r
            <!--Optional:-->\r
            <ebil:CFD_campo_texto_23>?</ebil:CFD_campo_texto_23>\r
            <!--Optional:-->\r
            <ebil:CFD_campo_texto_24>?</ebil:CFD_campo_texto_24>\r
            <!--Optional:-->\r
            <ebil:CFD_campo_texto_25>?</ebil:CFD_campo_texto_25>\r
            <!--Optional:-->\r
            <ebil:CFD_campo_texto_26>?</ebil:CFD_campo_texto_26>\r
            <!--Optional:-->\r
            <ebil:CFD_campo_texto_27>?</ebil:CFD_campo_texto_27>\r
            <!--Optional:-->\r
            <ebil:CFD_campo_texto_28>?</ebil:CFD_campo_texto_28>\r
            <!--Optional:-->\r
            <ebil:CFD_campo_texto_29>?</ebil:CFD_campo_texto_29>\r
            <!--Optional:-->\r
            <ebil:CFD_campo_texto_30>?</ebil:CFD_campo_texto_30>\r
            <!--Optional:-->\r
            <ebil:CFD_campo_texto_9>?</ebil:CFD_campo_texto_9>\r
            <!--Optional:-->\r
            <ebil:CFD_cantidad_dec_1>?</ebil:CFD_cantidad_dec_1>\r
            <!--Optional:-->\r
            <ebil:CFD_cantidad_dec_10>?</ebil:CFD_cantidad_dec_10>\r
            <!--Optional:-->\r
            <ebil:CFD_cantidad_dec_11>?</ebil:CFD_cantidad_dec_11>\r
            <!--Optional:-->\r
            <ebil:CFD_cantidad_dec_12>?</ebil:CFD_cantidad_dec_12>\r
            <!--Optional:-->\r
            <ebil:CFD_cantidad_dec_13>?</ebil:CFD_cantidad_dec_13>\r
            <!--Optional:-->\r
            <ebil:CFD_cantidad_dec_14>?</ebil:CFD_cantidad_dec_14>\r
            <!--Optional:-->\r
            <ebil:CFD_cantidad_dec_15>?</ebil:CFD_cantidad_dec_15>\r
            <!--Optional:-->\r
            <ebil:CFD_cantidad_dec_16>?</ebil:CFD_cantidad_dec_16>\r
            <!--Optional:-->\r
            <ebil:CFD_cantidad_dec_17>?</ebil:CFD_cantidad_dec_17>\r
            <!--Optional:-->\r
            <ebil:CFD_cantidad_dec_18>?</ebil:CFD_cantidad_dec_18>\r
            <!--Optional:-->\r
            <ebil:CFD_cantidad_dec_19>?</ebil:CFD_cantidad_dec_19>\r
            <!--Optional:-->\r
            <ebil:CFD_cantidad_dec_20>?</ebil:CFD_cantidad_dec_20>\r
            <!--Optional:-->\r
            <ebil:CFD_cantidad_dec_21>?</ebil:CFD_cantidad_dec_21>\r
            <!--Optional:-->\r
            <ebil:CFD_cantidad_dec_22>?</ebil:CFD_cantidad_dec_22>\r
            <!--Optional:-->\r
            <ebil:CFD_cantidad_dec_23>?</ebil:CFD_cantidad_dec_23>\r
            <!--Optional:-->\r
            <ebil:CFD_cantidad_dec_24>?</ebil:CFD_cantidad_dec_24>\r
            <!--Optional:-->\r
            <ebil:CFD_cantidad_dec_25>?</ebil:CFD_cantidad_dec_25>\r
            <!--Optional:-->\r
            <ebil:CFD_cantidad_dec_4>?</ebil:CFD_cantidad_dec_4>\r
            <!--Optional:-->\r
            <ebil:CFD_cantidad_dec_5>?</ebil:CFD_cantidad_dec_5>\r
            <!--Optional:-->\r
            <ebil:CFD_cantidad_dec_6>?</ebil:CFD_cantidad_dec_6>\r
            <!--Optional:-->\r
            <ebil:CFD_cantidad_dec_7>?</ebil:CFD_cantidad_dec_7>\r
            <!--Optional:-->\r
            <ebil:CFD_cantidad_dec_8>?</ebil:CFD_cantidad_dec_8>\r
            <!--Optional:-->\r
            <ebil:CFD_cantidad_dec_9>?</ebil:CFD_cantidad_dec_9>\r
            <!--Optional:-->\r
            <ebil:CFD_deducible>?</ebil:CFD_deducible>\r
            <!--Optional:-->\r
            <ebil:CFD_desconexion_servicio>?</ebil:CFD_desconexion_servicio>\r
            <!--Optional:-->\r
            <ebil:CFD_fecha_desconexion>?</ebil:CFD_fecha_desconexion>\r
            <!--Optional:-->\r
            <ebil:CFD_fecha_tasadeCambio>?</ebil:CFD_fecha_tasadeCambio>\r
            <!--Optional:-->\r
            <ebil:CFD_numero_enlace_doc_ref>?</ebil:CFD_numero_enlace_doc_ref>\r
            <!--Optional:-->\r
            <ebil:CFD_porc_rte_ICA>?</ebil:CFD_porc_rte_ICA>\r
            <!--Optional:-->\r
            <ebil:CFD_porc_rte_fuent>?</ebil:CFD_porc_rte_fuent>\r
            <!--Optional:-->\r
            <ebil:CFD_tasa_mora>?</ebil:CFD_tasa_mora>\r
            <!--Optional:-->\r
            <ebil:CFD_tdi_id_tipo_doc_interno>?</ebil:CFD_tdi_id_tipo_doc_interno>\r
            <!--Optional:-->\r
            <ebil:CFD_total_ICA>?</ebil:CFD_total_ICA>\r
            <!--Optional:-->\r
            <ebil:CFD_total_aduana_exp>?</ebil:CFD_total_aduana_exp>\r
            <!--Optional:-->\r
            <ebil:CFD_total_cargos>?</ebil:CFD_total_cargos>\r
            <!--Optional:-->\r
            <ebil:CFD_total_descuentos>?</ebil:CFD_total_descuentos>\r
            <!--Optional:-->\r
            <ebil:CFD_total_margen>?</ebil:CFD_total_margen>\r
            <!--Optional:-->\r
            <ebil:CFD_total_seguro_exp>?</ebil:CFD_total_seguro_exp>\r
            <!--Optional:-->\r
            <ebil:CLI_numero_cliente>?</ebil:CLI_numero_cliente>\r
            <!--Optional:-->\r
            <ebil:CREETotal>?</ebil:CREETotal>\r
            <!--Optional:-->\r
            <ebil:CampoTexto1>?</ebil:CampoTexto1>\r
            <!--Optional:-->\r
            <ebil:CampoTexto2>?</ebil:CampoTexto2>\r
            <!--Optional:-->\r
            <ebil:CampoTexto3>?</ebil:CampoTexto3>\r
            <!--Optional:-->\r
            <ebil:CampoTexto4>?</ebil:CampoTexto4>\r
            <!--Optional:-->\r
            <ebil:CampoTexto5>?</ebil:CampoTexto5>\r
            <!--Optional:-->\r
            <ebil:CampoTexto6>?</ebil:CampoTexto6>\r
            <!--Optional:-->\r
            <ebil:CampoTexto7>?</ebil:CampoTexto7>\r
            <!--Optional:-->\r
            <ebil:CampoTexto8>?</ebil:CampoTexto8>\r
            <!--Optional:-->\r
            <ebil:Cantidad1>?</ebil:Cantidad1>\r
            <!--Optional:-->\r
            <ebil:Cantidad2>?</ebil:Cantidad2>\r
            <!--Optional:-->\r
            <ebil:Cantidad3>?</ebil:Cantidad3>\r
            <!--Optional:-->\r
            <ebil:CantidadDec1>?</ebil:CantidadDec1>\r
            <!--Optional:-->\r
            <ebil:CantidadDec2>?</ebil:CantidadDec2>\r
            <!--Optional:-->\r
            <ebil:CantidadDec3>?</ebil:CantidadDec3>\r
            <!--Optional:-->\r
            <ebil:CiudadDANE>?</ebil:CiudadDANE>\r
            <!--Optional:-->\r
            <ebil:CodVendedor>?</ebil:CodVendedor>\r
            <!--Optional:-->\r
            <ebil:CodigoPostalCliente>?</ebil:CodigoPostalCliente>\r
            <!--Optional:-->\r
            <ebil:CodigoPostalEnvio>?</ebil:CodigoPostalEnvio>\r
            <!--Optional:-->\r
            <ebil:ComprobanteCon>?</ebil:ComprobanteCon>\r
            <!--Optional:-->\r
            <ebil:Condiciones_Pago>?</ebil:Condiciones_Pago>\r
            <!--Optional:-->\r
            <ebil:ContactoCargo>?</ebil:ContactoCargo>\r
            <!--Optional:-->\r
            <ebil:ContactoCorreo>?</ebil:ContactoCorreo>\r
            <!--Optional:-->\r
            <ebil:ContactoNombre>?</ebil:ContactoNombre>\r
            <!--Optional:-->\r
            <ebil:CorreoCliente>?</ebil:CorreoCliente>\r
            <!--Optional:-->\r
            <ebil:DepartamentoDANE>?</ebil:DepartamentoDANE>\r
            <!--Optional:-->\r
            <ebil:DescripcionPlan>?</ebil:DescripcionPlan>\r
            <!--Optional:-->\r
            <ebil:Descuento>?</ebil:Descuento>\r
            <!--Optional:-->\r
            <ebil:DigitoVerificaCliente>?</ebil:DigitoVerificaCliente>\r
            <!--Optional:-->\r
            <ebil:DireccionCliente>?</ebil:DireccionCliente>\r
            <!--Optional:-->\r
            <ebil:EstiloFactura>?</ebil:EstiloFactura>\r
            <!--Optional:-->\r
            <ebil:FechaExpedicion>?</ebil:FechaExpedicion>\r
            <!--Optional:-->\r
            <ebil:FechaFinalPeriodoFacturado>?</ebil:FechaFinalPeriodoFacturado>\r
            <!--Optional:-->\r
            <ebil:FechaInicialPeriodoFacturado>?</ebil:FechaInicialPeriodoFacturado>\r
            <!--Optional:-->\r
            <ebil:FechaVencimiento>?</ebil:FechaVencimiento>\r
            <!--Optional:-->\r
            <ebil:FormaPago>?</ebil:FormaPago>\r
            <!--Optional:-->\r
            <ebil:IDInterno>?</ebil:IDInterno>\r
            <!--Optional:-->\r
            <ebil:IDUbicacionCliente>?</ebil:IDUbicacionCliente>\r
            <!--Optional:-->\r
            <ebil:IDUbicacionEnvio>?</ebil:IDUbicacionEnvio>\r
            <!--Optional:-->\r
            <ebil:IdPlan>?</ebil:IdPlan>\r
            <!--Optional:-->\r
            <ebil:IdSucursal>?</ebil:IdSucursal>\r
            <!--Optional:-->\r
            <ebil:Incoterm>?</ebil:Incoterm>\r
            <!--Optional:-->\r
            <ebil:InfoAdicional>?</ebil:InfoAdicional>\r
            <!--Optional:-->\r
            <ebil:LugarTerminosEntrega>?</ebil:LugarTerminosEntrega>\r
            <!--Optional:-->\r
            <ebil:MesCausado>?</ebil:MesCausado>\r
            <!--Optional:-->\r
            <ebil:MonedaISO>?</ebil:MonedaISO>\r
            <!--Optional:-->\r
            <ebil:NitCliente>?</ebil:NitCliente>\r
            <!--Optional:-->\r
            <ebil:NitEmpresa>?</ebil:NitEmpresa>\r
            <!--Optional:-->\r
            <ebil:NombreCliente>?</ebil:NombreCliente>\r
            <!--Optional:-->\r
            <ebil:NombrePlan>?</ebil:NombrePlan>\r
            <!--Optional:-->\r
            <ebil:NombreVendedor>?</ebil:NombreVendedor>\r
            <!--Optional:-->\r
            <ebil:NumAprobacionRes>?</ebil:NumAprobacionRes>\r
            <!--Optional:-->\r
            <ebil:NumFactura>?</ebil:NumFactura>\r
            <!--Optional:-->\r
            <ebil:OrderID>?</ebil:OrderID>\r
            <!--Optional:-->\r
            <ebil:PAI_ISO_3166>?</ebil:PAI_ISO_3166>\r
            <!--Optional:-->\r
            <ebil:PagoAnterior>?</ebil:PagoAnterior>\r
            <!--Optional:-->\r
            <ebil:Prefijo>?</ebil:Prefijo>\r
            <!--Optional:-->\r
            <ebil:ReferenciaCliente>?</ebil:ReferenciaCliente>\r
            <!--Optional:-->\r
            <ebil:RetencionCREETotal>?</ebil:RetencionCREETotal>\r
            <!--Optional:-->\r
            <ebil:SMSXDoc>?</ebil:SMSXDoc>\r
            <!--Optional:-->\r
            <ebil:SaldoAnterior>?</ebil:SaldoAnterior>\r
            <!--Optional:-->\r
            <ebil:SubTotal>?</ebil:SubTotal>\r
            <!--Optional:-->\r
            <ebil:SubTotalSegunMon>?</ebil:SubTotalSegunMon>\r
            <!--Optional:-->\r
            <ebil:Sucursal>?</ebil:Sucursal>\r
            <!--Optional:-->\r
            <ebil:TIP_id_tipo_persona>?</ebil:TIP_id_tipo_persona>\r
            <!--Optional:-->\r
            <ebil:TasaCambio>?</ebil:TasaCambio>\r
            <!--Optional:-->\r
            <ebil:TelefonoCliente>?</ebil:TelefonoCliente>\r
            <!--Optional:-->\r
            <ebil:Texto3>?</ebil:Texto3>\r
            <!--Optional:-->\r
            <ebil:TieneAcuerdo>?</ebil:TieneAcuerdo>\r
            <!--Optional:-->\r
            <ebil:TipoComprobante>?</ebil:TipoComprobante>\r
            <!--Optional:-->\r
            <ebil:TipoContribuyente>?</ebil:TipoContribuyente>\r
            <!--Optional:-->\r
            <ebil:TipoIDCliente>?</ebil:TipoIDCliente>\r
            <!--Optional:-->\r
            <ebil:Total>?</ebil:Total>\r
            <!--Optional:-->\r
            <ebil:TotalIVA>?</ebil:TotalIVA>\r
            <!--Optional:-->\r
            <ebil:TotalIVASegunMon>?</ebil:TotalIVASegunMon>\r
            <!--Optional:-->\r
            <ebil:TotalRetICA>?</ebil:TotalRetICA>\r
            <!--Optional:-->\r
            <ebil:TotalRetIVA>?</ebil:TotalRetIVA>\r
            <!--Optional:-->\r
            <ebil:TotalRetencion>?</ebil:TotalRetencion>\r
            <!--Optional:-->\r
            <ebil:TotalSegunMon>?</ebil:TotalSegunMon>\r
            <!--Optional:-->\r
            <ebil:TotalTraslado>?</ebil:TotalTraslado>\r
            <!--Optional:-->\r
            <ebil:Total_a_Pagar>?</ebil:Total_a_Pagar>\r
            <!--Optional:-->\r
            <ebil:ValorHasta1>?</ebil:ValorHasta1>\r
            <!--Optional:-->\r
            <ebil:ValorHasta2>?</ebil:ValorHasta2>\r
            <!--Optional:-->\r
            <ebil:ValorHasta3>?</ebil:ValorHasta3>\r
            <!--Optional:-->\r
            <ebil:ValorHasta4>?</ebil:ValorHasta4>\r
            <!--Optional:-->\r
            <ebil:cfd_activa_nota1>?</ebil:cfd_activa_nota1>\r
            <!--Optional:-->\r
            <ebil:ciudad_envio>?</ebil:ciudad_envio>\r
            <!--Optional:-->\r
            <ebil:code1>?</ebil:code1>\r
            <!--Optional:-->\r
            <ebil:code2>?</ebil:code2>\r
            <!--Optional:-->\r
            <ebil:code3>?</ebil:code3>\r
            <!--Optional:-->\r
            <ebil:curso>?</ebil:curso>\r
            <!--Optional:-->\r
            <ebil:departamento_envio>?</ebil:departamento_envio>\r
            <!--Optional:-->\r
            <ebil:direccion_envio>?</ebil:direccion_envio>\r
            <!--Optional:-->\r
            <ebil:numero_envio>?</ebil:numero_envio>\r
            <!--Optional:-->\r
            <ebil:orden_venta>?</ebil:orden_venta>\r
            <!--Optional:-->\r
            <ebil:pague_hasta1>?</ebil:pague_hasta1>\r
            <!--Optional:-->\r
            <ebil:pague_hasta2>?</ebil:pague_hasta2>\r
            <!--Optional:-->\r
            <ebil:pague_hasta3>?</ebil:pague_hasta3>\r
            <!--Optional:-->\r
            <ebil:referencia>?</ebil:referencia>\r
            <!--Optional:-->\r
            <ebil:referencia1>?</ebil:referencia1>\r
            <!--Optional:-->\r
            <ebil:referencia_envio>?</ebil:referencia_envio>\r
            <!--Optional:-->\r
            <ebil:telefono_envio>?</ebil:telefono_envio>\r
         </tem:FacCab>\r
         <!--Optional:-->\r
         <tem:Opciones>\r
            <!--Optional:-->\r
            <ebil:ActualizaProductos>?</ebil:ActualizaProductos>\r
            <!--Optional:-->\r
            <ebil:BuscarXNitXIdInterno>?</ebil:BuscarXNitXIdInterno>\r
            <!--Optional:-->\r
            <ebil:EmisionAutomatica>?</ebil:EmisionAutomatica>\r
            <!--Optional:-->\r
            <ebil:EmisionAutomaticaFXComputador>?</ebil:EmisionAutomaticaFXComputador>\r
            <!--Optional:-->\r
            <ebil:FacturasSinAcuerdo>?</ebil:FacturasSinAcuerdo>\r
            <!--Optional:-->\r
            <ebil:ManejaPlantillasNotificacion>?</ebil:ManejaPlantillasNotificacion>\r
            <!--Optional:-->\r
            <ebil:NoAdjuntarArchivo>?</ebil:NoAdjuntarArchivo>\r
            <!--Optional:-->\r
            <ebil:NoTieneAcuerdosFisicos>?</ebil:NoTieneAcuerdosFisicos>\r
            <!--Optional:-->\r
            <ebil:OrderControl>?</ebil:OrderControl>\r
            <!--Optional:-->\r
            <ebil:TipoCargaDetalle>?</ebil:TipoCargaDetalle>\r
            <!--Optional:-->\r
            <ebil:TipoDocumento>?</ebil:TipoDocumento>\r
            <!--Optional:-->\r
            <ebil:TokenConexion>?</ebil:TokenConexion>\r
            <!--Optional:-->\r
            <ebil:crearVIP>?</ebil:crearVIP>\r
            <!--Optional:-->\r
            <ebil:eBillAdmNumerosFactura>?</ebil:eBillAdmNumerosFactura>\r
         </tem:Opciones>\r
         <!--Optional:-->\r
         <tem:sFechaRechazo>?</tem:sFechaRechazo>\r
         <!--Optional:-->\r
         <tem:iIdMotivoRechazo>?</tem:iIdMotivoRechazo>\r
         <!--Optional:-->\r
         <tem:sCorreoRechaza>?</tem:sCorreoRechaza>\r
         <!--Optional:-->\r
         <tem:sNombreRechaza>?</tem:sNombreRechaza>\r
         <!--Optional:-->\r
         <tem:sMotivoEmpresa>?</tem:sMotivoEmpresa>\r
         <!--Optional:-->\r
         <tem:sObservaciones>?</tem:sObservaciones>\r
      </tem:RechazarDocumentosRadicadosNotificacionDIAN>\r
   </soapenv:Body>\r
</soapenv:Envelope>]]></con:request><con:wsaConfig mustUnderstand="NONE" version="200508" action="http://tempuri.org/IIntegracion/RechazarDocumentosRadicadosNotificacionDIAN"/></con:call></con:operation><con:operation id="4ebf4fb2-1cdb-487c-bd86-2b32f4cb083c" isOneWay="false" action="http://tempuri.org/IIntegracion/RecibePDFNumrot" name="RecibePDFNumrot" bindingOperationName="RecibePDFNumrot" type="Request-Response" inputName="" receivesAttachments="false" sendsAttachments="false" anonymous="optional"><con:settings/><con:call id="a9f85664-bd67-4d0c-844a-958e0b6f199a" name="Request 1"><con:settings/><con:encoding>UTF-8</con:encoding><con:endpoint>https://fymtest.cloudapp.net:444/ServiciosFyM/eBill/Integracion.svc</con:endpoint><con:request><![CDATA[<soapenv:Envelope xmlns:soapenv="http://schemas.xmlsoap.org/soap/envelope/" xmlns:tem="http://tempuri.org/">\r
   <soapenv:Header/>\r
   <soapenv:Body>\r
      <tem:RecibePDFNumrot>\r
         <!--Optional:-->\r
         <tem:DatosBasicosFactura>?</tem:DatosBasicosFactura>\r
         <!--Optional:-->\r
         <tem:ArchivopPDF>cid:488067527752</tem:ArchivopPDF>\r
         <!--Optional:-->\r
         <tem:Actualiza>?</tem:Actualiza>\r
      </tem:RecibePDFNumrot>\r
   </soapenv:Body>\r
</soapenv:Envelope>]]></con:request><con:wsaConfig mustUnderstand="NONE" version="200508" action="http://tempuri.org/IIntegracion/RecibePDFNumrot"/></con:call></con:operation><con:operation id="e0cbd552-e214-4422-9ae8-b7ede2e527ee" isOneWay="false" action="http://tempuri.org/IIntegracion/ReciboBienServicioRadicadosNotificacionDIAN" name="ReciboBienServicioRadicadosNotificacionDIAN" bindingOperationName="ReciboBienServicioRadicadosNotificacionDIAN" type="Request-Response" inputName="" receivesAttachments="false" sendsAttachments="false" anonymous="optional"><con:settings/><con:call id="7a27a927-add9-4767-955e-b7f314b6f1a7" name="Request 1"><con:settings/><con:encoding>UTF-8</con:encoding><con:endpoint>https://fymtest.cloudapp.net:444/ServiciosFyM/eBill/Integracion.svc</con:endpoint><con:request><![CDATA[<soapenv:Envelope xmlns:soapenv="http://schemas.xmlsoap.org/soap/envelope/" xmlns:tem="http://tempuri.org/" xmlns:ebil="http://schemas.datacontract.org/2004/07/eBillCore">\r
   <soapenv:Header/>\r
   <soapenv:Body>\r
      <tem:ReciboBienServicioRadicadosNotificacionDIAN>\r
         <!--Optional:-->\r
         <tem:FacCab>\r
            <!--Optional:-->\r
            <ebil:AnoAprobacionRes>?</ebil:AnoAprobacionRes>\r
            <!--Optional:-->\r
            <ebil:Base_Impuesto>?</ebil:Base_Impuesto>\r
            <!--Optional:-->\r
            <ebil:CFD_EST_estado_tramit>?</ebil:CFD_EST_estado_tramit>\r
            <!--Optional:-->\r
            <ebil:CFD_Flete>?</ebil:CFD_Flete>\r
            <!--Optional:-->\r
            <ebil:CFD_OtrosCargos>?</ebil:CFD_OtrosCargos>\r
            <!--Optional:-->\r
            <ebil:CFD_Por_Margen>?</ebil:CFD_Por_Margen>\r
            <!--Optional:-->\r
            <ebil:CFD_ResponseCode>?</ebil:CFD_ResponseCode>\r
            <!--Optional:-->\r
            <ebil:CFD_base_ICA_total>?</ebil:CFD_base_ICA_total>\r
            <!--Optional:-->\r
            <ebil:CFD_base_impo_total_nal>?</ebil:CFD_base_impo_total_nal>\r
            <!--Optional:-->\r
            <ebil:CFD_base_impo_total_reg>?</ebil:CFD_base_impo_total_reg>\r
            <!--Optional:-->\r
            <ebil:CFD_campo_texto_10>?</ebil:CFD_campo_texto_10>\r
            <!--Optional:-->\r
            <ebil:CFD_campo_texto_11>?</ebil:CFD_campo_texto_11>\r
            <!--Optional:-->\r
            <ebil:CFD_campo_texto_12>?</ebil:CFD_campo_texto_12>\r
            <!--Optional:-->\r
            <ebil:CFD_campo_texto_13>?</ebil:CFD_campo_texto_13>\r
            <!--Optional:-->\r
            <ebil:CFD_campo_texto_14>?</ebil:CFD_campo_texto_14>\r
            <!--Optional:-->\r
            <ebil:CFD_campo_texto_15>?</ebil:CFD_campo_texto_15>\r
            <!--Optional:-->\r
            <ebil:CFD_campo_texto_16>?</ebil:CFD_campo_texto_16>\r
            <!--Optional:-->\r
            <ebil:CFD_campo_texto_17>?</ebil:CFD_campo_texto_17>\r
            <!--Optional:-->\r
            <ebil:CFD_campo_texto_18>?</ebil:CFD_campo_texto_18>\r
            <!--Optional:-->\r
            <ebil:CFD_campo_texto_19>?</ebil:CFD_campo_texto_19>\r
            <!--Optional:-->\r
            <ebil:CFD_campo_texto_20>?</ebil:CFD_campo_texto_20>\r
            <!--Optional:-->\r
            <ebil:CFD_campo_texto_21>?</ebil:CFD_campo_texto_21>\r
            <!--Optional:-->\r
            <ebil:CFD_campo_texto_22>?</ebil:CFD_campo_texto_22>\r
            <!--Optional:-->\r
            <ebil:CFD_campo_texto_23>?</ebil:CFD_campo_texto_23>\r
            <!--Optional:-->\r
            <ebil:CFD_campo_texto_24>?</ebil:CFD_campo_texto_24>\r
            <!--Optional:-->\r
            <ebil:CFD_campo_texto_25>?</ebil:CFD_campo_texto_25>\r
            <!--Optional:-->\r
            <ebil:CFD_campo_texto_26>?</ebil:CFD_campo_texto_26>\r
            <!--Optional:-->\r
            <ebil:CFD_campo_texto_27>?</ebil:CFD_campo_texto_27>\r
            <!--Optional:-->\r
            <ebil:CFD_campo_texto_28>?</ebil:CFD_campo_texto_28>\r
            <!--Optional:-->\r
            <ebil:CFD_campo_texto_29>?</ebil:CFD_campo_texto_29>\r
            <!--Optional:-->\r
            <ebil:CFD_campo_texto_30>?</ebil:CFD_campo_texto_30>\r
            <!--Optional:-->\r
            <ebil:CFD_campo_texto_9>?</ebil:CFD_campo_texto_9>\r
            <!--Optional:-->\r
            <ebil:CFD_cantidad_dec_1>?</ebil:CFD_cantidad_dec_1>\r
            <!--Optional:-->\r
            <ebil:CFD_cantidad_dec_10>?</ebil:CFD_cantidad_dec_10>\r
            <!--Optional:-->\r
            <ebil:CFD_cantidad_dec_11>?</ebil:CFD_cantidad_dec_11>\r
            <!--Optional:-->\r
            <ebil:CFD_cantidad_dec_12>?</ebil:CFD_cantidad_dec_12>\r
            <!--Optional:-->\r
            <ebil:CFD_cantidad_dec_13>?</ebil:CFD_cantidad_dec_13>\r
            <!--Optional:-->\r
            <ebil:CFD_cantidad_dec_14>?</ebil:CFD_cantidad_dec_14>\r
            <!--Optional:-->\r
            <ebil:CFD_cantidad_dec_15>?</ebil:CFD_cantidad_dec_15>\r
            <!--Optional:-->\r
            <ebil:CFD_cantidad_dec_16>?</ebil:CFD_cantidad_dec_16>\r
            <!--Optional:-->\r
            <ebil:CFD_cantidad_dec_17>?</ebil:CFD_cantidad_dec_17>\r
            <!--Optional:-->\r
            <ebil:CFD_cantidad_dec_18>?</ebil:CFD_cantidad_dec_18>\r
            <!--Optional:-->\r
            <ebil:CFD_cantidad_dec_19>?</ebil:CFD_cantidad_dec_19>\r
            <!--Optional:-->\r
            <ebil:CFD_cantidad_dec_20>?</ebil:CFD_cantidad_dec_20>\r
            <!--Optional:-->\r
            <ebil:CFD_cantidad_dec_21>?</ebil:CFD_cantidad_dec_21>\r
            <!--Optional:-->\r
            <ebil:CFD_cantidad_dec_22>?</ebil:CFD_cantidad_dec_22>\r
            <!--Optional:-->\r
            <ebil:CFD_cantidad_dec_23>?</ebil:CFD_cantidad_dec_23>\r
            <!--Optional:-->\r
            <ebil:CFD_cantidad_dec_24>?</ebil:CFD_cantidad_dec_24>\r
            <!--Optional:-->\r
            <ebil:CFD_cantidad_dec_25>?</ebil:CFD_cantidad_dec_25>\r
            <!--Optional:-->\r
            <ebil:CFD_cantidad_dec_4>?</ebil:CFD_cantidad_dec_4>\r
            <!--Optional:-->\r
            <ebil:CFD_cantidad_dec_5>?</ebil:CFD_cantidad_dec_5>\r
            <!--Optional:-->\r
            <ebil:CFD_cantidad_dec_6>?</ebil:CFD_cantidad_dec_6>\r
            <!--Optional:-->\r
            <ebil:CFD_cantidad_dec_7>?</ebil:CFD_cantidad_dec_7>\r
            <!--Optional:-->\r
            <ebil:CFD_cantidad_dec_8>?</ebil:CFD_cantidad_dec_8>\r
            <!--Optional:-->\r
            <ebil:CFD_cantidad_dec_9>?</ebil:CFD_cantidad_dec_9>\r
            <!--Optional:-->\r
            <ebil:CFD_deducible>?</ebil:CFD_deducible>\r
            <!--Optional:-->\r
            <ebil:CFD_desconexion_servicio>?</ebil:CFD_desconexion_servicio>\r
            <!--Optional:-->\r
            <ebil:CFD_fecha_desconexion>?</ebil:CFD_fecha_desconexion>\r
            <!--Optional:-->\r
            <ebil:CFD_fecha_tasadeCambio>?</ebil:CFD_fecha_tasadeCambio>\r
            <!--Optional:-->\r
            <ebil:CFD_numero_enlace_doc_ref>?</ebil:CFD_numero_enlace_doc_ref>\r
            <!--Optional:-->\r
            <ebil:CFD_porc_rte_ICA>?</ebil:CFD_porc_rte_ICA>\r
            <!--Optional:-->\r
            <ebil:CFD_porc_rte_fuent>?</ebil:CFD_porc_rte_fuent>\r
            <!--Optional:-->\r
            <ebil:CFD_tasa_mora>?</ebil:CFD_tasa_mora>\r
            <!--Optional:-->\r
            <ebil:CFD_tdi_id_tipo_doc_interno>?</ebil:CFD_tdi_id_tipo_doc_interno>\r
            <!--Optional:-->\r
            <ebil:CFD_total_ICA>?</ebil:CFD_total_ICA>\r
            <!--Optional:-->\r
            <ebil:CFD_total_aduana_exp>?</ebil:CFD_total_aduana_exp>\r
            <!--Optional:-->\r
            <ebil:CFD_total_cargos>?</ebil:CFD_total_cargos>\r
            <!--Optional:-->\r
            <ebil:CFD_total_descuentos>?</ebil:CFD_total_descuentos>\r
            <!--Optional:-->\r
            <ebil:CFD_total_margen>?</ebil:CFD_total_margen>\r
            <!--Optional:-->\r
            <ebil:CFD_total_seguro_exp>?</ebil:CFD_total_seguro_exp>\r
            <!--Optional:-->\r
            <ebil:CLI_numero_cliente>?</ebil:CLI_numero_cliente>\r
            <!--Optional:-->\r
            <ebil:CREETotal>?</ebil:CREETotal>\r
            <!--Optional:-->\r
            <ebil:CampoTexto1>?</ebil:CampoTexto1>\r
            <!--Optional:-->\r
            <ebil:CampoTexto2>?</ebil:CampoTexto2>\r
            <!--Optional:-->\r
            <ebil:CampoTexto3>?</ebil:CampoTexto3>\r
            <!--Optional:-->\r
            <ebil:CampoTexto4>?</ebil:CampoTexto4>\r
            <!--Optional:-->\r
            <ebil:CampoTexto5>?</ebil:CampoTexto5>\r
            <!--Optional:-->\r
            <ebil:CampoTexto6>?</ebil:CampoTexto6>\r
            <!--Optional:-->\r
            <ebil:CampoTexto7>?</ebil:CampoTexto7>\r
            <!--Optional:-->\r
            <ebil:CampoTexto8>?</ebil:CampoTexto8>\r
            <!--Optional:-->\r
            <ebil:Cantidad1>?</ebil:Cantidad1>\r
            <!--Optional:-->\r
            <ebil:Cantidad2>?</ebil:Cantidad2>\r
            <!--Optional:-->\r
            <ebil:Cantidad3>?</ebil:Cantidad3>\r
            <!--Optional:-->\r
            <ebil:CantidadDec1>?</ebil:CantidadDec1>\r
            <!--Optional:-->\r
            <ebil:CantidadDec2>?</ebil:CantidadDec2>\r
            <!--Optional:-->\r
            <ebil:CantidadDec3>?</ebil:CantidadDec3>\r
            <!--Optional:-->\r
            <ebil:CiudadDANE>?</ebil:CiudadDANE>\r
            <!--Optional:-->\r
            <ebil:CodVendedor>?</ebil:CodVendedor>\r
            <!--Optional:-->\r
            <ebil:CodigoPostalCliente>?</ebil:CodigoPostalCliente>\r
            <!--Optional:-->\r
            <ebil:CodigoPostalEnvio>?</ebil:CodigoPostalEnvio>\r
            <!--Optional:-->\r
            <ebil:ComprobanteCon>?</ebil:ComprobanteCon>\r
            <!--Optional:-->\r
            <ebil:Condiciones_Pago>?</ebil:Condiciones_Pago>\r
            <!--Optional:-->\r
            <ebil:ContactoCargo>?</ebil:ContactoCargo>\r
            <!--Optional:-->\r
            <ebil:ContactoCorreo>?</ebil:ContactoCorreo>\r
            <!--Optional:-->\r
            <ebil:ContactoNombre>?</ebil:ContactoNombre>\r
            <!--Optional:-->\r
            <ebil:CorreoCliente>?</ebil:CorreoCliente>\r
            <!--Optional:-->\r
            <ebil:DepartamentoDANE>?</ebil:DepartamentoDANE>\r
            <!--Optional:-->\r
            <ebil:DescripcionPlan>?</ebil:DescripcionPlan>\r
            <!--Optional:-->\r
            <ebil:Descuento>?</ebil:Descuento>\r
            <!--Optional:-->\r
            <ebil:DigitoVerificaCliente>?</ebil:DigitoVerificaCliente>\r
            <!--Optional:-->\r
            <ebil:DireccionCliente>?</ebil:DireccionCliente>\r
            <!--Optional:-->\r
            <ebil:EstiloFactura>?</ebil:EstiloFactura>\r
            <!--Optional:-->\r
            <ebil:FechaExpedicion>?</ebil:FechaExpedicion>\r
            <!--Optional:-->\r
            <ebil:FechaFinalPeriodoFacturado>?</ebil:FechaFinalPeriodoFacturado>\r
            <!--Optional:-->\r
            <ebil:FechaInicialPeriodoFacturado>?</ebil:FechaInicialPeriodoFacturado>\r
            <!--Optional:-->\r
            <ebil:FechaVencimiento>?</ebil:FechaVencimiento>\r
            <!--Optional:-->\r
            <ebil:FormaPago>?</ebil:FormaPago>\r
            <!--Optional:-->\r
            <ebil:IDInterno>?</ebil:IDInterno>\r
            <!--Optional:-->\r
            <ebil:IDUbicacionCliente>?</ebil:IDUbicacionCliente>\r
            <!--Optional:-->\r
            <ebil:IDUbicacionEnvio>?</ebil:IDUbicacionEnvio>\r
            <!--Optional:-->\r
            <ebil:IdPlan>?</ebil:IdPlan>\r
            <!--Optional:-->\r
            <ebil:IdSucursal>?</ebil:IdSucursal>\r
            <!--Optional:-->\r
            <ebil:Incoterm>?</ebil:Incoterm>\r
            <!--Optional:-->\r
            <ebil:InfoAdicional>?</ebil:InfoAdicional>\r
            <!--Optional:-->\r
            <ebil:LugarTerminosEntrega>?</ebil:LugarTerminosEntrega>\r
            <!--Optional:-->\r
            <ebil:MesCausado>?</ebil:MesCausado>\r
            <!--Optional:-->\r
            <ebil:MonedaISO>?</ebil:MonedaISO>\r
            <!--Optional:-->\r
            <ebil:NitCliente>?</ebil:NitCliente>\r
            <!--Optional:-->\r
            <ebil:NitEmpresa>?</ebil:NitEmpresa>\r
            <!--Optional:-->\r
            <ebil:NombreCliente>?</ebil:NombreCliente>\r
            <!--Optional:-->\r
            <ebil:NombrePlan>?</ebil:NombrePlan>\r
            <!--Optional:-->\r
            <ebil:NombreVendedor>?</ebil:NombreVendedor>\r
            <!--Optional:-->\r
            <ebil:NumAprobacionRes>?</ebil:NumAprobacionRes>\r
            <!--Optional:-->\r
            <ebil:NumFactura>?</ebil:NumFactura>\r
            <!--Optional:-->\r
            <ebil:OrderID>?</ebil:OrderID>\r
            <!--Optional:-->\r
            <ebil:PAI_ISO_3166>?</ebil:PAI_ISO_3166>\r
            <!--Optional:-->\r
            <ebil:PagoAnterior>?</ebil:PagoAnterior>\r
            <!--Optional:-->\r
            <ebil:Prefijo>?</ebil:Prefijo>\r
            <!--Optional:-->\r
            <ebil:ReferenciaCliente>?</ebil:ReferenciaCliente>\r
            <!--Optional:-->\r
            <ebil:RetencionCREETotal>?</ebil:RetencionCREETotal>\r
            <!--Optional:-->\r
            <ebil:SMSXDoc>?</ebil:SMSXDoc>\r
            <!--Optional:-->\r
            <ebil:SaldoAnterior>?</ebil:SaldoAnterior>\r
            <!--Optional:-->\r
            <ebil:SubTotal>?</ebil:SubTotal>\r
            <!--Optional:-->\r
            <ebil:SubTotalSegunMon>?</ebil:SubTotalSegunMon>\r
            <!--Optional:-->\r
            <ebil:Sucursal>?</ebil:Sucursal>\r
            <!--Optional:-->\r
            <ebil:TIP_id_tipo_persona>?</ebil:TIP_id_tipo_persona>\r
            <!--Optional:-->\r
            <ebil:TasaCambio>?</ebil:TasaCambio>\r
            <!--Optional:-->\r
            <ebil:TelefonoCliente>?</ebil:TelefonoCliente>\r
            <!--Optional:-->\r
            <ebil:Texto3>?</ebil:Texto3>\r
            <!--Optional:-->\r
            <ebil:TieneAcuerdo>?</ebil:TieneAcuerdo>\r
            <!--Optional:-->\r
            <ebil:TipoComprobante>?</ebil:TipoComprobante>\r
            <!--Optional:-->\r
            <ebil:TipoContribuyente>?</ebil:TipoContribuyente>\r
            <!--Optional:-->\r
            <ebil:TipoIDCliente>?</ebil:TipoIDCliente>\r
            <!--Optional:-->\r
            <ebil:Total>?</ebil:Total>\r
            <!--Optional:-->\r
            <ebil:TotalIVA>?</ebil:TotalIVA>\r
            <!--Optional:-->\r
            <ebil:TotalIVASegunMon>?</ebil:TotalIVASegunMon>\r
            <!--Optional:-->\r
            <ebil:TotalRetICA>?</ebil:TotalRetICA>\r
            <!--Optional:-->\r
            <ebil:TotalRetIVA>?</ebil:TotalRetIVA>\r
            <!--Optional:-->\r
            <ebil:TotalRetencion>?</ebil:TotalRetencion>\r
            <!--Optional:-->\r
            <ebil:TotalSegunMon>?</ebil:TotalSegunMon>\r
            <!--Optional:-->\r
            <ebil:TotalTraslado>?</ebil:TotalTraslado>\r
            <!--Optional:-->\r
            <ebil:Total_a_Pagar>?</ebil:Total_a_Pagar>\r
            <!--Optional:-->\r
            <ebil:ValorHasta1>?</ebil:ValorHasta1>\r
            <!--Optional:-->\r
            <ebil:ValorHasta2>?</ebil:ValorHasta2>\r
            <!--Optional:-->\r
            <ebil:ValorHasta3>?</ebil:ValorHasta3>\r
            <!--Optional:-->\r
            <ebil:ValorHasta4>?</ebil:ValorHasta4>\r
            <!--Optional:-->\r
            <ebil:cfd_activa_nota1>?</ebil:cfd_activa_nota1>\r
            <!--Optional:-->\r
            <ebil:ciudad_envio>?</ebil:ciudad_envio>\r
            <!--Optional:-->\r
            <ebil:code1>?</ebil:code1>\r
            <!--Optional:-->\r
            <ebil:code2>?</ebil:code2>\r
            <!--Optional:-->\r
            <ebil:code3>?</ebil:code3>\r
            <!--Optional:-->\r
            <ebil:curso>?</ebil:curso>\r
            <!--Optional:-->\r
            <ebil:departamento_envio>?</ebil:departamento_envio>\r
            <!--Optional:-->\r
            <ebil:direccion_envio>?</ebil:direccion_envio>\r
            <!--Optional:-->\r
            <ebil:numero_envio>?</ebil:numero_envio>\r
            <!--Optional:-->\r
            <ebil:orden_venta>?</ebil:orden_venta>\r
            <!--Optional:-->\r
            <ebil:pague_hasta1>?</ebil:pague_hasta1>\r
            <!--Optional:-->\r
            <ebil:pague_hasta2>?</ebil:pague_hasta2>\r
            <!--Optional:-->\r
            <ebil:pague_hasta3>?</ebil:pague_hasta3>\r
            <!--Optional:-->\r
            <ebil:referencia>?</ebil:referencia>\r
            <!--Optional:-->\r
            <ebil:referencia1>?</ebil:referencia1>\r
            <!--Optional:-->\r
            <ebil:referencia_envio>?</ebil:referencia_envio>\r
            <!--Optional:-->\r
            <ebil:telefono_envio>?</ebil:telefono_envio>\r
         </tem:FacCab>\r
         <!--Optional:-->\r
         <tem:Opciones>\r
            <!--Optional:-->\r
            <ebil:ActualizaProductos>?</ebil:ActualizaProductos>\r
            <!--Optional:-->\r
            <ebil:BuscarXNitXIdInterno>?</ebil:BuscarXNitXIdInterno>\r
            <!--Optional:-->\r
            <ebil:EmisionAutomatica>?</ebil:EmisionAutomatica>\r
            <!--Optional:-->\r
            <ebil:EmisionAutomaticaFXComputador>?</ebil:EmisionAutomaticaFXComputador>\r
            <!--Optional:-->\r
            <ebil:FacturasSinAcuerdo>?</ebil:FacturasSinAcuerdo>\r
            <!--Optional:-->\r
            <ebil:ManejaPlantillasNotificacion>?</ebil:ManejaPlantillasNotificacion>\r
            <!--Optional:-->\r
            <ebil:NoAdjuntarArchivo>?</ebil:NoAdjuntarArchivo>\r
            <!--Optional:-->\r
            <ebil:NoTieneAcuerdosFisicos>?</ebil:NoTieneAcuerdosFisicos>\r
            <!--Optional:-->\r
            <ebil:OrderControl>?</ebil:OrderControl>\r
            <!--Optional:-->\r
            <ebil:TipoCargaDetalle>?</ebil:TipoCargaDetalle>\r
            <!--Optional:-->\r
            <ebil:TipoDocumento>?</ebil:TipoDocumento>\r
            <!--Optional:-->\r
            <ebil:TokenConexion>?</ebil:TokenConexion>\r
            <!--Optional:-->\r
            <ebil:crearVIP>?</ebil:crearVIP>\r
            <!--Optional:-->\r
            <ebil:eBillAdmNumerosFactura>?</ebil:eBillAdmNumerosFactura>\r
         </tem:Opciones>\r
         <!--Optional:-->\r
         <tem:sNombreAprobador>?</tem:sNombreAprobador>\r
         <!--Optional:-->\r
         <tem:sCorreoAprobador>?</tem:sCorreoAprobador>\r
      </tem:ReciboBienServicioRadicadosNotificacionDIAN>\r
   </soapenv:Body>\r
</soapenv:Envelope>]]></con:request><con:wsaConfig mustUnderstand="NONE" version="200508" action="http://tempuri.org/IIntegracion/ReciboBienServicioRadicadosNotificacionDIAN"/></con:call></con:operation><con:operation id="88987b13-4a9f-4e06-b005-4b327f4de1e1" isOneWay="false" action="http://tempuri.org/IIntegracion/RegistrarIntentoFallidoRecepcion" name="RegistrarIntentoFallidoRecepcion" bindingOperationName="RegistrarIntentoFallidoRecepcion" type="Request-Response" inputName="" receivesAttachments="false" sendsAttachments="false" anonymous="optional"><con:settings/><con:call id="6dd8e228-03be-4b0a-af90-a9ab875ccbef" name="Request 1"><con:settings/><con:encoding>UTF-8</con:encoding><con:endpoint>https://fymtest.cloudapp.net:444/ServiciosFyM/eBill/Integracion.svc</con:endpoint><con:request><![CDATA[<soapenv:Envelope xmlns:soapenv="http://schemas.xmlsoap.org/soap/envelope/" xmlns:tem="http://tempuri.org/">\r
   <soapenv:Header/>\r
   <soapenv:Body>\r
      <tem:RegistrarIntentoFallidoRecepcion>\r
         <!--Optional:-->\r
         <tem:DatosDocEle>?</tem:DatosDocEle>\r
         <!--Optional:-->\r
         <tem:NitEmpresaReceptora>?</tem:NitEmpresaReceptora>\r
         <!--Optional:-->\r
         <tem:PrefijoDoc>?</tem:PrefijoDoc>\r
         <!--Optional:-->\r
         <tem:NumeroDoc>?</tem:NumeroDoc>\r
         <!--Optional:-->\r
         <tem:DescripcionRechazo>?</tem:DescripcionRechazo>\r
         <!--Optional:-->\r
         <tem:TipoDocumento>?</tem:TipoDocumento>\r
         <!--Optional:-->\r
         <tem:NitEmpresaEmisora>?</tem:NitEmpresaEmisora>\r
      </tem:RegistrarIntentoFallidoRecepcion>\r
   </soapenv:Body>\r
</soapenv:Envelope>]]></con:request><con:wsaConfig mustUnderstand="NONE" version="200508" action="http://tempuri.org/IIntegracion/RegistrarIntentoFallidoRecepcion"/></con:call></con:operation><con:operation id="f6bb430a-f71c-4a6c-b1d5-6fcb7a080ba0" isOneWay="false" action="http://tempuri.org/IIntegracion/RegistrarPagoCargaAnexo" name="RegistrarPagoCargaAnexo" bindingOperationName="RegistrarPagoCargaAnexo" type="Request-Response" inputName="" receivesAttachments="false" sendsAttachments="false" anonymous="optional"><con:settings/><con:call id="08201084-f6f0-47d2-837f-d9aaada37752" name="Request 1"><con:settings/><con:encoding>UTF-8</con:encoding><con:endpoint>https://fymtest.cloudapp.net:444/ServiciosFyM/eBill/Integracion.svc</con:endpoint><con:request><![CDATA[<soapenv:Envelope xmlns:soapenv="http://schemas.xmlsoap.org/soap/envelope/" xmlns:tem="http://tempuri.org/" xmlns:ebil="http://schemas.datacontract.org/2004/07/eBillCore">\r
   <soapenv:Header/>\r
   <soapenv:Body>\r
      <tem:RegistrarPagoCargaAnexo>\r
         <!--Optional:-->\r
         <tem:Registro>\r
            <!--Optional:-->\r
            <ebil:EsPagoTotal>?</ebil:EsPagoTotal>\r
            <!--Optional:-->\r
            <ebil:FechaPago>?</ebil:FechaPago>\r
            <!--Optional:-->\r
            <ebil:MonedaISO>?</ebil:MonedaISO>\r
            <!--Optional:-->\r
            <ebil:NitEmisor>?</ebil:NitEmisor>\r
            <!--Optional:-->\r
            <ebil:NitReceptor>?</ebil:NitReceptor>\r
            <!--Optional:-->\r
            <ebil:NumFact>?</ebil:NumFact>\r
            <!--Optional:-->\r
            <ebil:OrderID>?</ebil:OrderID>\r
            <!--Optional:-->\r
            <ebil:Prefijo>?</ebil:Prefijo>\r
            <!--Optional:-->\r
            <ebil:ReferenciaPago>?</ebil:ReferenciaPago>\r
            <!--Optional:-->\r
            <ebil:TipoPago>?</ebil:TipoPago>\r
            <!--Optional:-->\r
            <ebil:ValorPago>?</ebil:ValorPago>\r
         </tem:Registro>\r
         <!--Optional:-->\r
         <tem:PDF>cid:694212291855</tem:PDF>\r
         <!--Optional:-->\r
         <tem:Token>?</tem:Token>\r
      </tem:RegistrarPagoCargaAnexo>\r
   </soapenv:Body>\r
</soapenv:Envelope>]]></con:request><con:wsaConfig mustUnderstand="NONE" version="200508" action="http://tempuri.org/IIntegracion/RegistrarPagoCargaAnexo"/></con:call></con:operation><con:operation id="d14ebbec-366d-40bd-9ef9-b612690852eb" isOneWay="false" action="http://tempuri.org/IIntegracion/RegistrarPagoDocumentoRadicadoNotificacionDian" name="RegistrarPagoDocumentoRadicadoNotificacionDian" bindingOperationName="RegistrarPagoDocumentoRadicadoNotificacionDian" type="Request-Response" inputName="" receivesAttachments="false" sendsAttachments="false" anonymous="optional"><con:settings/><con:call id="9937c65e-c303-457a-afc3-e1e272c1ff75" name="Request 1"><con:settings/><con:encoding>UTF-8</con:encoding><con:endpoint>https://fymtest.cloudapp.net:444/ServiciosFyM/eBill/Integracion.svc</con:endpoint><con:request><![CDATA[<soapenv:Envelope xmlns:soapenv="http://schemas.xmlsoap.org/soap/envelope/" xmlns:tem="http://tempuri.org/" xmlns:ebil="http://schemas.datacontract.org/2004/07/eBillCore">\r
   <soapenv:Header/>\r
   <soapenv:Body>\r
      <tem:RegistrarPagoDocumentoRadicadoNotificacionDian>\r
         <!--Optional:-->\r
         <tem:Registro>\r
            <!--Optional:-->\r
            <ebil:EsPagoTotal>?</ebil:EsPagoTotal>\r
            <!--Optional:-->\r
            <ebil:FechaPago>?</ebil:FechaPago>\r
            <!--Optional:-->\r
            <ebil:MonedaISO>?</ebil:MonedaISO>\r
            <!--Optional:-->\r
            <ebil:NitEmisor>?</ebil:NitEmisor>\r
            <!--Optional:-->\r
            <ebil:NitReceptor>?</ebil:NitReceptor>\r
            <!--Optional:-->\r
            <ebil:NumFact>?</ebil:NumFact>\r
            <!--Optional:-->\r
            <ebil:OrderID>?</ebil:OrderID>\r
            <!--Optional:-->\r
            <ebil:Prefijo>?</ebil:Prefijo>\r
            <!--Optional:-->\r
            <ebil:ReferenciaPago>?</ebil:ReferenciaPago>\r
            <!--Optional:-->\r
            <ebil:TipoPago>?</ebil:TipoPago>\r
            <!--Optional:-->\r
            <ebil:ValorPago>?</ebil:ValorPago>\r
         </tem:Registro>\r
         <!--Optional:-->\r
         <tem:Token>?</tem:Token>\r
      </tem:RegistrarPagoDocumentoRadicadoNotificacionDian>\r
   </soapenv:Body>\r
</soapenv:Envelope>]]></con:request><con:wsaConfig mustUnderstand="NONE" version="200508" action="http://tempuri.org/IIntegracion/RegistrarPagoDocumentoRadicadoNotificacionDian"/></con:call></con:operation><con:operation id="286f2cf0-de88-46c0-bf40-7ae16bcc1f0f" isOneWay="false" action="http://tempuri.org/IIntegracion/RegistroArchivoEmitido" name="RegistroArchivoEmitido" bindingOperationName="RegistroArchivoEmitido" type="Request-Response" inputName="" receivesAttachments="false" sendsAttachments="false" anonymous="optional"><con:settings/><con:call id="ddf4e474-3d42-4162-a257-aa55598fe97f" name="Request 1"><con:settings/><con:encoding>UTF-8</con:encoding><con:endpoint>https://fymtest.cloudapp.net:444/ServiciosFyM/eBill/Integracion.svc</con:endpoint><con:request><![CDATA[<soapenv:Envelope xmlns:soapenv="http://schemas.xmlsoap.org/soap/envelope/" xmlns:tem="http://tempuri.org/" xmlns:ebil="http://schemas.datacontract.org/2004/07/eBillCore">\r
   <soapenv:Header/>\r
   <soapenv:Body>\r
      <tem:RegistroArchivoEmitido>\r
         <!--Optional:-->\r
         <tem:Registro>\r
            <!--Optional:-->\r
            <ebil:Fecha_Envio>?</ebil:Fecha_Envio>\r
            <!--Optional:-->\r
            <ebil:Mensaje_Global>?</ebil:Mensaje_Global>\r
            <!--Optional:-->\r
            <ebil:Nit_Emisor>?</ebil:Nit_Emisor>\r
            <!--Optional:-->\r
            <ebil:Nit_Proveedor>?</ebil:Nit_Proveedor>\r
            <!--Optional:-->\r
            <ebil:Nombre_ZIP>?</ebil:Nombre_ZIP>\r
         </tem:Registro>\r
         <!--Optional:-->\r
         <tem:Archivos>\r
            <!--Zero or more repetitions:-->\r
            <ebil:ArchivoEmision>\r
               <!--Optional:-->\r
               <ebil:Adjuntos>?</ebil:Adjuntos>\r
               <!--Optional:-->\r
               <ebil:AnexoDocumento>cid:719040639973</ebil:AnexoDocumento>\r
               <!--Optional:-->\r
               <ebil:CodigoError>?</ebil:CodigoError>\r
               <!--Optional:-->\r
               <ebil:DetalleError>?</ebil:DetalleError>\r
               <!--Optional:-->\r
               <ebil:ID_Destinatario>?</ebil:ID_Destinatario>\r
               <!--Optional:-->\r
               <ebil:Id_CFD>?</ebil:Id_CFD>\r
               <!--Optional:-->\r
               <ebil:Nombre_Archivo>?</ebil:Nombre_Archivo>\r
               <!--Optional:-->\r
               <ebil:Nota_Entrega_CFD>?</ebil:Nota_Entrega_CFD>\r
               <!--Optional:-->\r
               <ebil:PDFDocumento>cid:78018285077</ebil:PDFDocumento>\r
               <!--Optional:-->\r
               <ebil:Representaciongrafica>?</ebil:Representaciongrafica>\r
               <!--Optional:-->\r
               <ebil:SHA_256>?</ebil:SHA_256>\r
               <!--Optional:-->\r
               <ebil:TipoDocumento>?</ebil:TipoDocumento>\r
               <!--Optional:-->\r
               <ebil:Track_ID>?</ebil:Track_ID>\r
               <!--Optional:-->\r
               <ebil:XMLDocumento>cid:1318098172944</ebil:XMLDocumento>\r
            </ebil:ArchivoEmision>\r
         </tem:Archivos>\r
         <!--Optional:-->\r
         <tem:TipoInteroperabilidad>?</tem:TipoInteroperabilidad>\r
      </tem:RegistroArchivoEmitido>\r
   </soapenv:Body>\r
</soapenv:Envelope>]]></con:request><con:wsaConfig mustUnderstand="NONE" version="200508" action="http://tempuri.org/IIntegracion/RegistroArchivoEmitido"/></con:call></con:operation><con:operation id="6794e829-1146-4270-b84f-a98f5da7831f" isOneWay="false" action="http://tempuri.org/IIntegracion/RegistroRespuestaDocInteroperabilidad" name="RegistroRespuestaDocInteroperabilidad" bindingOperationName="RegistroRespuestaDocInteroperabilidad" type="Request-Response" inputName="" receivesAttachments="false" sendsAttachments="false" anonymous="optional"><con:settings/><con:call id="d4b00c49-2fa7-46ef-b50e-2a61259ad5d7" name="Request 1"><con:settings/><con:encoding>UTF-8</con:encoding><con:endpoint>https://fymtest.cloudapp.net:444/ServiciosFyM/eBill/Integracion.svc</con:endpoint><con:request><![CDATA[<soapenv:Envelope xmlns:soapenv="http://schemas.xmlsoap.org/soap/envelope/" xmlns:tem="http://tempuri.org/" xmlns:ebil="http://schemas.datacontract.org/2004/07/eBillCore">\r
   <soapenv:Header/>\r
   <soapenv:Body>\r
      <tem:RegistroRespuestaDocInteroperabilidad>\r
         <!--Optional:-->\r
         <tem:RespuestasXDoc>\r
            <!--Zero or more repetitions:-->\r
            <ebil:RespuestaDocumentoInterop>\r
               <!--Optional:-->\r
               <ebil:FechaCreacion>?</ebil:FechaCreacion>\r
               <!--Optional:-->\r
               <ebil:IdDocumento>?</ebil:IdDocumento>\r
               <!--Optional:-->\r
               <ebil:IdEmpresa>?</ebil:IdEmpresa>\r
               <!--Optional:-->\r
               <ebil:IdEstadoActual>?</ebil:IdEstadoActual>\r
               <!--Optional:-->\r
               <ebil:JSONRespuesta>?</ebil:JSONRespuesta>\r
               <!--Optional:-->\r
               <ebil:TipoInteroperabilidad>?</ebil:TipoInteroperabilidad>\r
               <!--Optional:-->\r
               <ebil:TipoRespuestaIO>?</ebil:TipoRespuestaIO>\r
               <!--Optional:-->\r
               <ebil:TrackId>?</ebil:TrackId>\r
               <!--Optional:-->\r
               <ebil:XMLAplicationResponse>?</ebil:XMLAplicationResponse>\r
            </ebil:RespuestaDocumentoInterop>\r
         </tem:RespuestasXDoc>\r
         <!--Optional:-->\r
         <tem:token>?</tem:token>\r
      </tem:RegistroRespuestaDocInteroperabilidad>\r
   </soapenv:Body>\r
</soapenv:Envelope>]]></con:request><con:wsaConfig mustUnderstand="NONE" version="200508" action="http://tempuri.org/IIntegracion/RegistroRespuestaDocInteroperabilidad"/></con:call></con:operation><con:operation id="bb6122b0-1cb8-4990-b17b-f94d38bfc70b" isOneWay="false" action="http://tempuri.org/IIntegracion/RepararDocumentoExitosoDIAN" name="RepararDocumentoExitosoDIAN" bindingOperationName="RepararDocumentoExitosoDIAN" type="Request-Response" inputName="" receivesAttachments="false" sendsAttachments="false" anonymous="optional"><con:settings/><con:call id="6de41fd2-86e8-4e51-9a4a-72f89bb8a92e" name="Request 1"><con:settings/><con:encoding>UTF-8</con:encoding><con:endpoint>https://fymtest.cloudapp.net:444/ServiciosFyM/eBill/Integracion.svc</con:endpoint><con:request><![CDATA[<soapenv:Envelope xmlns:soapenv="http://schemas.xmlsoap.org/soap/envelope/" xmlns:tem="http://tempuri.org/">\r
   <soapenv:Header/>\r
   <soapenv:Body>\r
      <tem:RepararDocumentoExitosoDIAN>\r
         <!--Optional:-->\r
         <tem:NitEmpresaEmisora>?</tem:NitEmpresaEmisora>\r
         <!--Optional:-->\r
         <tem:TokenEmpresaEmisora>?</tem:TokenEmpresaEmisora>\r
         <!--Optional:-->\r
         <tem:PrefijoDocumento>?</tem:PrefijoDocumento>\r
         <!--Optional:-->\r
         <tem:NumeroDocumento>?</tem:NumeroDocumento>\r
         <!--Optional:-->\r
         <tem:TipoDocumento>?</tem:TipoDocumento>\r
      </tem:RepararDocumentoExitosoDIAN>\r
   </soapenv:Body>\r
</soapenv:Envelope>]]></con:request><con:wsaConfig mustUnderstand="NONE" version="200508" action="http://tempuri.org/IIntegracion/RepararDocumentoExitosoDIAN"/></con:call></con:operation><con:operation id="29fd16a2-ec8c-4a56-9e61-ee005f251907" isOneWay="false" action="http://tempuri.org/IIntegracion/SolicitaCreareBillResoluciones" name="SolicitaCreareBillResoluciones" bindingOperationName="SolicitaCreareBillResoluciones" type="Request-Response" inputName="" receivesAttachments="false" sendsAttachments="false" anonymous="optional"><con:settings/><con:call id="85d0846d-9877-4ada-a9b5-4e62bdcff7a5" name="Request 1"><con:settings/><con:encoding>UTF-8</con:encoding><con:endpoint>https://fymtest.cloudapp.net:444/ServiciosFyM/eBill/Integracion.svc</con:endpoint><con:request><![CDATA[<soapenv:Envelope xmlns:soapenv="http://schemas.xmlsoap.org/soap/envelope/" xmlns:tem="http://tempuri.org/" xmlns:ebil="http://schemas.datacontract.org/2004/07/eBillCore">\r
   <soapenv:Header/>\r
   <soapenv:Body>\r
      <tem:SolicitaCreareBillResoluciones>\r
         <!--Optional:-->\r
         <tem:FacCab>\r
            <!--Optional:-->\r
            <ebil:AnoAprobacion>?</ebil:AnoAprobacion>\r
            <!--Optional:-->\r
            <ebil:ClaveContenidoTecnico>?</ebil:ClaveContenidoTecnico>\r
            <!--Optional:-->\r
            <ebil:ConsecutivoActual>?</ebil:ConsecutivoActual>\r
            <!--Optional:-->\r
            <ebil:FechaAprobacion>?</ebil:FechaAprobacion>\r
            <!--Optional:-->\r
            <ebil:FechaLimiteVigencia>?</ebil:FechaLimiteVigencia>\r
            <!--Optional:-->\r
            <ebil:FolioFin>?</ebil:FolioFin>\r
            <!--Optional:-->\r
            <ebil:FolioIni>?</ebil:FolioIni>\r
            <!--Optional:-->\r
            <ebil:IdSucursal>?</ebil:IdSucursal>\r
            <!--Optional:-->\r
            <ebil:NitEmpresa>?</ebil:NitEmpresa>\r
            <!--Optional:-->\r
            <ebil:NumeroAprobacion>?</ebil:NumeroAprobacion>\r
            <!--Optional:-->\r
            <ebil:NumeroCertificado>?</ebil:NumeroCertificado>\r
            <!--Optional:-->\r
            <ebil:Prefijo>?</ebil:Prefijo>\r
            <!--Optional:-->\r
            <ebil:Serie>?</ebil:Serie>\r
            <!--Optional:-->\r
            <ebil:TipoComprobante>?</ebil:TipoComprobante>\r
         </tem:FacCab>\r
         <!--Optional:-->\r
         <tem:Opciones>\r
            <!--Optional:-->\r
            <ebil:ActualizaProductos>?</ebil:ActualizaProductos>\r
            <!--Optional:-->\r
            <ebil:CalculaReteCree>?</ebil:CalculaReteCree>\r
            <!--Optional:-->\r
            <ebil:CalculaReteFuente>?</ebil:CalculaReteFuente>\r
            <!--Optional:-->\r
            <ebil:CalculaReteICA>?</ebil:CalculaReteICA>\r
            <!--Optional:-->\r
            <ebil:CalculaReteIVA>?</ebil:CalculaReteIVA>\r
            <!--Optional:-->\r
            <ebil:EmisionAutomatica>?</ebil:EmisionAutomatica>\r
            <!--Optional:-->\r
            <ebil:FacturasSinAcuerdo>?</ebil:FacturasSinAcuerdo>\r
            <!--Optional:-->\r
            <ebil:ModeloXAceptacion>?</ebil:ModeloXAceptacion>\r
            <!--Optional:-->\r
            <ebil:NotasRelacionadas>?</ebil:NotasRelacionadas>\r
            <!--Optional:-->\r
            <ebil:OrderControl>?</ebil:OrderControl>\r
            <!--Optional:-->\r
            <ebil:TieneAcuerdosFisicos>?</ebil:TieneAcuerdosFisicos>\r
            <!--Optional:-->\r
            <ebil:TokenConexion>?</ebil:TokenConexion>\r
            <!--Optional:-->\r
            <ebil:eBillAdmNumerosFactura>?</ebil:eBillAdmNumerosFactura>\r
         </tem:Opciones>\r
      </tem:SolicitaCreareBillResoluciones>\r
   </soapenv:Body>\r
</soapenv:Envelope>]]></con:request><con:wsaConfig mustUnderstand="NONE" version="200508" action="http://tempuri.org/IIntegracion/SolicitaCreareBillResoluciones"/></con:call></con:operation><con:operation id="fbe61b50-0c1f-40a4-97e5-039c7437b39a" isOneWay="false" action="http://tempuri.org/IIntegracion/SolicitaDatosDetalleXDocumento" name="SolicitaDatosDetalleXDocumento" bindingOperationName="SolicitaDatosDetalleXDocumento" type="Request-Response" inputName="" receivesAttachments="false" sendsAttachments="false" anonymous="optional"><con:settings/><con:call id="c2862df9-331b-4d47-b3c2-bbb309159e3a" name="Request 1"><con:settings/><con:encoding>UTF-8</con:encoding><con:endpoint>https://fymtest.cloudapp.net:444/ServiciosFyM/eBill/Integracion.svc</con:endpoint><con:request><![CDATA[<soapenv:Envelope xmlns:soapenv="http://schemas.xmlsoap.org/soap/envelope/" xmlns:tem="http://tempuri.org/">\r
   <soapenv:Header/>\r
   <soapenv:Body>\r
      <tem:SolicitaDatosDetalleXDocumento>\r
         <!--Optional:-->\r
         <tem:NitEmp>?</tem:NitEmp>\r
         <!--Optional:-->\r
         <tem:token>?</tem:token>\r
         <!--Optional:-->\r
         <tem:Idfact>?</tem:Idfact>\r
      </tem:SolicitaDatosDetalleXDocumento>\r
   </soapenv:Body>\r
</soapenv:Envelope>]]></con:request><con:wsaConfig mustUnderstand="NONE" version="200508" action="http://tempuri.org/IIntegracion/SolicitaDatosDetalleXDocumento"/></con:call></con:operation><con:operation id="a112f85c-d0ae-4ee3-8feb-d99e693bc3a6" isOneWay="false" action="http://tempuri.org/IIntegracion/SolicitaDatosDocumentoElectronico" name="SolicitaDatosDocumentoElectronico" bindingOperationName="SolicitaDatosDocumentoElectronico" type="Request-Response" inputName="" receivesAttachments="false" sendsAttachments="false" anonymous="optional"><con:settings/><con:call id="12bd2eae-2677-4ea4-bde9-155212600cbc" name="Request 1"><con:settings/><con:encoding>UTF-8</con:encoding><con:endpoint>https://fymtest.cloudapp.net:444/ServiciosFyM/eBill/Integracion.svc</con:endpoint><con:request><![CDATA[<soapenv:Envelope xmlns:soapenv="http://schemas.xmlsoap.org/soap/envelope/" xmlns:tem="http://tempuri.org/" xmlns:ebil="http://schemas.datacontract.org/2004/07/eBillCore">\r
   <soapenv:Header/>\r
   <soapenv:Body>\r
      <tem:SolicitaDatosDocumentoElectronico>\r
         <!--Optional:-->\r
         <tem:FacCab>\r
            <!--Optional:-->\r
            <ebil:AnoAprobacionRes>?</ebil:AnoAprobacionRes>\r
            <!--Optional:-->\r
            <ebil:Base_Impuesto>?</ebil:Base_Impuesto>\r
            <!--Optional:-->\r
            <ebil:CFD_EST_estado_tramit>?</ebil:CFD_EST_estado_tramit>\r
            <!--Optional:-->\r
            <ebil:CFD_Flete>?</ebil:CFD_Flete>\r
            <!--Optional:-->\r
            <ebil:CFD_OtrosCargos>?</ebil:CFD_OtrosCargos>\r
            <!--Optional:-->\r
            <ebil:CFD_Por_Margen>?</ebil:CFD_Por_Margen>\r
            <!--Optional:-->\r
            <ebil:CFD_ResponseCode>?</ebil:CFD_ResponseCode>\r
            <!--Optional:-->\r
            <ebil:CFD_base_ICA_total>?</ebil:CFD_base_ICA_total>\r
            <!--Optional:-->\r
            <ebil:CFD_base_impo_total_nal>?</ebil:CFD_base_impo_total_nal>\r
            <!--Optional:-->\r
            <ebil:CFD_base_impo_total_reg>?</ebil:CFD_base_impo_total_reg>\r
            <!--Optional:-->\r
            <ebil:CFD_campo_texto_10>?</ebil:CFD_campo_texto_10>\r
            <!--Optional:-->\r
            <ebil:CFD_campo_texto_11>?</ebil:CFD_campo_texto_11>\r
            <!--Optional:-->\r
            <ebil:CFD_campo_texto_12>?</ebil:CFD_campo_texto_12>\r
            <!--Optional:-->\r
            <ebil:CFD_campo_texto_13>?</ebil:CFD_campo_texto_13>\r
            <!--Optional:-->\r
            <ebil:CFD_campo_texto_14>?</ebil:CFD_campo_texto_14>\r
            <!--Optional:-->\r
            <ebil:CFD_campo_texto_15>?</ebil:CFD_campo_texto_15>\r
            <!--Optional:-->\r
            <ebil:CFD_campo_texto_16>?</ebil:CFD_campo_texto_16>\r
            <!--Optional:-->\r
            <ebil:CFD_campo_texto_17>?</ebil:CFD_campo_texto_17>\r
            <!--Optional:-->\r
            <ebil:CFD_campo_texto_18>?</ebil:CFD_campo_texto_18>\r
            <!--Optional:-->\r
            <ebil:CFD_campo_texto_19>?</ebil:CFD_campo_texto_19>\r
            <!--Optional:-->\r
            <ebil:CFD_campo_texto_20>?</ebil:CFD_campo_texto_20>\r
            <!--Optional:-->\r
            <ebil:CFD_campo_texto_21>?</ebil:CFD_campo_texto_21>\r
            <!--Optional:-->\r
            <ebil:CFD_campo_texto_22>?</ebil:CFD_campo_texto_22>\r
            <!--Optional:-->\r
            <ebil:CFD_campo_texto_23>?</ebil:CFD_campo_texto_23>\r
            <!--Optional:-->\r
            <ebil:CFD_campo_texto_24>?</ebil:CFD_campo_texto_24>\r
            <!--Optional:-->\r
            <ebil:CFD_campo_texto_25>?</ebil:CFD_campo_texto_25>\r
            <!--Optional:-->\r
            <ebil:CFD_campo_texto_26>?</ebil:CFD_campo_texto_26>\r
            <!--Optional:-->\r
            <ebil:CFD_campo_texto_27>?</ebil:CFD_campo_texto_27>\r
            <!--Optional:-->\r
            <ebil:CFD_campo_texto_28>?</ebil:CFD_campo_texto_28>\r
            <!--Optional:-->\r
            <ebil:CFD_campo_texto_29>?</ebil:CFD_campo_texto_29>\r
            <!--Optional:-->\r
            <ebil:CFD_campo_texto_30>?</ebil:CFD_campo_texto_30>\r
            <!--Optional:-->\r
            <ebil:CFD_campo_texto_9>?</ebil:CFD_campo_texto_9>\r
            <!--Optional:-->\r
            <ebil:CFD_cantidad_dec_1>?</ebil:CFD_cantidad_dec_1>\r
            <!--Optional:-->\r
            <ebil:CFD_cantidad_dec_10>?</ebil:CFD_cantidad_dec_10>\r
            <!--Optional:-->\r
            <ebil:CFD_cantidad_dec_11>?</ebil:CFD_cantidad_dec_11>\r
            <!--Optional:-->\r
            <ebil:CFD_cantidad_dec_12>?</ebil:CFD_cantidad_dec_12>\r
            <!--Optional:-->\r
            <ebil:CFD_cantidad_dec_13>?</ebil:CFD_cantidad_dec_13>\r
            <!--Optional:-->\r
            <ebil:CFD_cantidad_dec_14>?</ebil:CFD_cantidad_dec_14>\r
            <!--Optional:-->\r
            <ebil:CFD_cantidad_dec_15>?</ebil:CFD_cantidad_dec_15>\r
            <!--Optional:-->\r
            <ebil:CFD_cantidad_dec_16>?</ebil:CFD_cantidad_dec_16>\r
            <!--Optional:-->\r
            <ebil:CFD_cantidad_dec_17>?</ebil:CFD_cantidad_dec_17>\r
            <!--Optional:-->\r
            <ebil:CFD_cantidad_dec_18>?</ebil:CFD_cantidad_dec_18>\r
            <!--Optional:-->\r
            <ebil:CFD_cantidad_dec_19>?</ebil:CFD_cantidad_dec_19>\r
            <!--Optional:-->\r
            <ebil:CFD_cantidad_dec_20>?</ebil:CFD_cantidad_dec_20>\r
            <!--Optional:-->\r
            <ebil:CFD_cantidad_dec_21>?</ebil:CFD_cantidad_dec_21>\r
            <!--Optional:-->\r
            <ebil:CFD_cantidad_dec_22>?</ebil:CFD_cantidad_dec_22>\r
            <!--Optional:-->\r
            <ebil:CFD_cantidad_dec_23>?</ebil:CFD_cantidad_dec_23>\r
            <!--Optional:-->\r
            <ebil:CFD_cantidad_dec_24>?</ebil:CFD_cantidad_dec_24>\r
            <!--Optional:-->\r
            <ebil:CFD_cantidad_dec_25>?</ebil:CFD_cantidad_dec_25>\r
            <!--Optional:-->\r
            <ebil:CFD_cantidad_dec_4>?</ebil:CFD_cantidad_dec_4>\r
            <!--Optional:-->\r
            <ebil:CFD_cantidad_dec_5>?</ebil:CFD_cantidad_dec_5>\r
            <!--Optional:-->\r
            <ebil:CFD_cantidad_dec_6>?</ebil:CFD_cantidad_dec_6>\r
            <!--Optional:-->\r
            <ebil:CFD_cantidad_dec_7>?</ebil:CFD_cantidad_dec_7>\r
            <!--Optional:-->\r
            <ebil:CFD_cantidad_dec_8>?</ebil:CFD_cantidad_dec_8>\r
            <!--Optional:-->\r
            <ebil:CFD_cantidad_dec_9>?</ebil:CFD_cantidad_dec_9>\r
            <!--Optional:-->\r
            <ebil:CFD_deducible>?</ebil:CFD_deducible>\r
            <!--Optional:-->\r
            <ebil:CFD_desconexion_servicio>?</ebil:CFD_desconexion_servicio>\r
            <!--Optional:-->\r
            <ebil:CFD_fecha_desconexion>?</ebil:CFD_fecha_desconexion>\r
            <!--Optional:-->\r
            <ebil:CFD_fecha_tasadeCambio>?</ebil:CFD_fecha_tasadeCambio>\r
            <!--Optional:-->\r
            <ebil:CFD_numero_enlace_doc_ref>?</ebil:CFD_numero_enlace_doc_ref>\r
            <!--Optional:-->\r
            <ebil:CFD_porc_rte_ICA>?</ebil:CFD_porc_rte_ICA>\r
            <!--Optional:-->\r
            <ebil:CFD_porc_rte_fuent>?</ebil:CFD_porc_rte_fuent>\r
            <!--Optional:-->\r
            <ebil:CFD_tasa_mora>?</ebil:CFD_tasa_mora>\r
            <!--Optional:-->\r
            <ebil:CFD_tdi_id_tipo_doc_interno>?</ebil:CFD_tdi_id_tipo_doc_interno>\r
            <!--Optional:-->\r
            <ebil:CFD_total_ICA>?</ebil:CFD_total_ICA>\r
            <!--Optional:-->\r
            <ebil:CFD_total_aduana_exp>?</ebil:CFD_total_aduana_exp>\r
            <!--Optional:-->\r
            <ebil:CFD_total_cargos>?</ebil:CFD_total_cargos>\r
            <!--Optional:-->\r
            <ebil:CFD_total_descuentos>?</ebil:CFD_total_descuentos>\r
            <!--Optional:-->\r
            <ebil:CFD_total_margen>?</ebil:CFD_total_margen>\r
            <!--Optional:-->\r
            <ebil:CFD_total_seguro_exp>?</ebil:CFD_total_seguro_exp>\r
            <!--Optional:-->\r
            <ebil:CLI_numero_cliente>?</ebil:CLI_numero_cliente>\r
            <!--Optional:-->\r
            <ebil:CREETotal>?</ebil:CREETotal>\r
            <!--Optional:-->\r
            <ebil:CampoTexto1>?</ebil:CampoTexto1>\r
            <!--Optional:-->\r
            <ebil:CampoTexto2>?</ebil:CampoTexto2>\r
            <!--Optional:-->\r
            <ebil:CampoTexto3>?</ebil:CampoTexto3>\r
            <!--Optional:-->\r
            <ebil:CampoTexto4>?</ebil:CampoTexto4>\r
            <!--Optional:-->\r
            <ebil:CampoTexto5>?</ebil:CampoTexto5>\r
            <!--Optional:-->\r
            <ebil:CampoTexto6>?</ebil:CampoTexto6>\r
            <!--Optional:-->\r
            <ebil:CampoTexto7>?</ebil:CampoTexto7>\r
            <!--Optional:-->\r
            <ebil:CampoTexto8>?</ebil:CampoTexto8>\r
            <!--Optional:-->\r
            <ebil:Cantidad1>?</ebil:Cantidad1>\r
            <!--Optional:-->\r
            <ebil:Cantidad2>?</ebil:Cantidad2>\r
            <!--Optional:-->\r
            <ebil:Cantidad3>?</ebil:Cantidad3>\r
            <!--Optional:-->\r
            <ebil:CantidadDec1>?</ebil:CantidadDec1>\r
            <!--Optional:-->\r
            <ebil:CantidadDec2>?</ebil:CantidadDec2>\r
            <!--Optional:-->\r
            <ebil:CantidadDec3>?</ebil:CantidadDec3>\r
            <!--Optional:-->\r
            <ebil:CiudadDANE>?</ebil:CiudadDANE>\r
            <!--Optional:-->\r
            <ebil:CodVendedor>?</ebil:CodVendedor>\r
            <!--Optional:-->\r
            <ebil:CodigoPostalCliente>?</ebil:CodigoPostalCliente>\r
            <!--Optional:-->\r
            <ebil:CodigoPostalEnvio>?</ebil:CodigoPostalEnvio>\r
            <!--Optional:-->\r
            <ebil:ComprobanteCon>?</ebil:ComprobanteCon>\r
            <!--Optional:-->\r
            <ebil:Condiciones_Pago>?</ebil:Condiciones_Pago>\r
            <!--Optional:-->\r
            <ebil:ContactoCargo>?</ebil:ContactoCargo>\r
            <!--Optional:-->\r
            <ebil:ContactoCorreo>?</ebil:ContactoCorreo>\r
            <!--Optional:-->\r
            <ebil:ContactoNombre>?</ebil:ContactoNombre>\r
            <!--Optional:-->\r
            <ebil:CorreoCliente>?</ebil:CorreoCliente>\r
            <!--Optional:-->\r
            <ebil:DepartamentoDANE>?</ebil:DepartamentoDANE>\r
            <!--Optional:-->\r
            <ebil:DescripcionPlan>?</ebil:DescripcionPlan>\r
            <!--Optional:-->\r
            <ebil:Descuento>?</ebil:Descuento>\r
            <!--Optional:-->\r
            <ebil:DigitoVerificaCliente>?</ebil:DigitoVerificaCliente>\r
            <!--Optional:-->\r
            <ebil:DireccionCliente>?</ebil:DireccionCliente>\r
            <!--Optional:-->\r
            <ebil:EstiloFactura>?</ebil:EstiloFactura>\r
            <!--Optional:-->\r
            <ebil:FechaExpedicion>?</ebil:FechaExpedicion>\r
            <!--Optional:-->\r
            <ebil:FechaFinalPeriodoFacturado>?</ebil:FechaFinalPeriodoFacturado>\r
            <!--Optional:-->\r
            <ebil:FechaInicialPeriodoFacturado>?</ebil:FechaInicialPeriodoFacturado>\r
            <!--Optional:-->\r
            <ebil:FechaVencimiento>?</ebil:FechaVencimiento>\r
            <!--Optional:-->\r
            <ebil:FormaPago>?</ebil:FormaPago>\r
            <!--Optional:-->\r
            <ebil:IDInterno>?</ebil:IDInterno>\r
            <!--Optional:-->\r
            <ebil:IDUbicacionCliente>?</ebil:IDUbicacionCliente>\r
            <!--Optional:-->\r
            <ebil:IDUbicacionEnvio>?</ebil:IDUbicacionEnvio>\r
            <!--Optional:-->\r
            <ebil:IdPlan>?</ebil:IdPlan>\r
            <!--Optional:-->\r
            <ebil:IdSucursal>?</ebil:IdSucursal>\r
            <!--Optional:-->\r
            <ebil:Incoterm>?</ebil:Incoterm>\r
            <!--Optional:-->\r
            <ebil:InfoAdicional>?</ebil:InfoAdicional>\r
            <!--Optional:-->\r
            <ebil:LugarTerminosEntrega>?</ebil:LugarTerminosEntrega>\r
            <!--Optional:-->\r
            <ebil:MesCausado>?</ebil:MesCausado>\r
            <!--Optional:-->\r
            <ebil:MonedaISO>?</ebil:MonedaISO>\r
            <!--Optional:-->\r
            <ebil:NitCliente>?</ebil:NitCliente>\r
            <!--Optional:-->\r
            <ebil:NitEmpresa>?</ebil:NitEmpresa>\r
            <!--Optional:-->\r
            <ebil:NombreCliente>?</ebil:NombreCliente>\r
            <!--Optional:-->\r
            <ebil:NombrePlan>?</ebil:NombrePlan>\r
            <!--Optional:-->\r
            <ebil:NombreVendedor>?</ebil:NombreVendedor>\r
            <!--Optional:-->\r
            <ebil:NumAprobacionRes>?</ebil:NumAprobacionRes>\r
            <!--Optional:-->\r
            <ebil:NumFactura>?</ebil:NumFactura>\r
            <!--Optional:-->\r
            <ebil:OrderID>?</ebil:OrderID>\r
            <!--Optional:-->\r
            <ebil:PAI_ISO_3166>?</ebil:PAI_ISO_3166>\r
            <!--Optional:-->\r
            <ebil:PagoAnterior>?</ebil:PagoAnterior>\r
            <!--Optional:-->\r
            <ebil:Prefijo>?</ebil:Prefijo>\r
            <!--Optional:-->\r
            <ebil:ReferenciaCliente>?</ebil:ReferenciaCliente>\r
            <!--Optional:-->\r
            <ebil:RetencionCREETotal>?</ebil:RetencionCREETotal>\r
            <!--Optional:-->\r
            <ebil:SMSXDoc>?</ebil:SMSXDoc>\r
            <!--Optional:-->\r
            <ebil:SaldoAnterior>?</ebil:SaldoAnterior>\r
            <!--Optional:-->\r
            <ebil:SubTotal>?</ebil:SubTotal>\r
            <!--Optional:-->\r
            <ebil:SubTotalSegunMon>?</ebil:SubTotalSegunMon>\r
            <!--Optional:-->\r
            <ebil:Sucursal>?</ebil:Sucursal>\r
            <!--Optional:-->\r
            <ebil:TIP_id_tipo_persona>?</ebil:TIP_id_tipo_persona>\r
            <!--Optional:-->\r
            <ebil:TasaCambio>?</ebil:TasaCambio>\r
            <!--Optional:-->\r
            <ebil:TelefonoCliente>?</ebil:TelefonoCliente>\r
            <!--Optional:-->\r
            <ebil:Texto3>?</ebil:Texto3>\r
            <!--Optional:-->\r
            <ebil:TieneAcuerdo>?</ebil:TieneAcuerdo>\r
            <!--Optional:-->\r
            <ebil:TipoComprobante>?</ebil:TipoComprobante>\r
            <!--Optional:-->\r
            <ebil:TipoContribuyente>?</ebil:TipoContribuyente>\r
            <!--Optional:-->\r
            <ebil:TipoIDCliente>?</ebil:TipoIDCliente>\r
            <!--Optional:-->\r
            <ebil:Total>?</ebil:Total>\r
            <!--Optional:-->\r
            <ebil:TotalIVA>?</ebil:TotalIVA>\r
            <!--Optional:-->\r
            <ebil:TotalIVASegunMon>?</ebil:TotalIVASegunMon>\r
            <!--Optional:-->\r
            <ebil:TotalRetICA>?</ebil:TotalRetICA>\r
            <!--Optional:-->\r
            <ebil:TotalRetIVA>?</ebil:TotalRetIVA>\r
            <!--Optional:-->\r
            <ebil:TotalRetencion>?</ebil:TotalRetencion>\r
            <!--Optional:-->\r
            <ebil:TotalSegunMon>?</ebil:TotalSegunMon>\r
            <!--Optional:-->\r
            <ebil:TotalTraslado>?</ebil:TotalTraslado>\r
            <!--Optional:-->\r
            <ebil:Total_a_Pagar>?</ebil:Total_a_Pagar>\r
            <!--Optional:-->\r
            <ebil:ValorHasta1>?</ebil:ValorHasta1>\r
            <!--Optional:-->\r
            <ebil:ValorHasta2>?</ebil:ValorHasta2>\r
            <!--Optional:-->\r
            <ebil:ValorHasta3>?</ebil:ValorHasta3>\r
            <!--Optional:-->\r
            <ebil:ValorHasta4>?</ebil:ValorHasta4>\r
            <!--Optional:-->\r
            <ebil:cfd_activa_nota1>?</ebil:cfd_activa_nota1>\r
            <!--Optional:-->\r
            <ebil:ciudad_envio>?</ebil:ciudad_envio>\r
            <!--Optional:-->\r
            <ebil:code1>?</ebil:code1>\r
            <!--Optional:-->\r
            <ebil:code2>?</ebil:code2>\r
            <!--Optional:-->\r
            <ebil:code3>?</ebil:code3>\r
            <!--Optional:-->\r
            <ebil:curso>?</ebil:curso>\r
            <!--Optional:-->\r
            <ebil:departamento_envio>?</ebil:departamento_envio>\r
            <!--Optional:-->\r
            <ebil:direccion_envio>?</ebil:direccion_envio>\r
            <!--Optional:-->\r
            <ebil:numero_envio>?</ebil:numero_envio>\r
            <!--Optional:-->\r
            <ebil:orden_venta>?</ebil:orden_venta>\r
            <!--Optional:-->\r
            <ebil:pague_hasta1>?</ebil:pague_hasta1>\r
            <!--Optional:-->\r
            <ebil:pague_hasta2>?</ebil:pague_hasta2>\r
            <!--Optional:-->\r
            <ebil:pague_hasta3>?</ebil:pague_hasta3>\r
            <!--Optional:-->\r
            <ebil:referencia>?</ebil:referencia>\r
            <!--Optional:-->\r
            <ebil:referencia1>?</ebil:referencia1>\r
            <!--Optional:-->\r
            <ebil:referencia_envio>?</ebil:referencia_envio>\r
            <!--Optional:-->\r
            <ebil:telefono_envio>?</ebil:telefono_envio>\r
         </tem:FacCab>\r
         <!--Optional:-->\r
         <tem:Opciones>\r
            <!--Optional:-->\r
            <ebil:ActualizaProductos>?</ebil:ActualizaProductos>\r
            <!--Optional:-->\r
            <ebil:CalculaReteCree>?</ebil:CalculaReteCree>\r
            <!--Optional:-->\r
            <ebil:CalculaReteFuente>?</ebil:CalculaReteFuente>\r
            <!--Optional:-->\r
            <ebil:CalculaReteICA>?</ebil:CalculaReteICA>\r
            <!--Optional:-->\r
            <ebil:CalculaReteIVA>?</ebil:CalculaReteIVA>\r
            <!--Optional:-->\r
            <ebil:EmisionAutomatica>?</ebil:EmisionAutomatica>\r
            <!--Optional:-->\r
            <ebil:FacturasSinAcuerdo>?</ebil:FacturasSinAcuerdo>\r
            <!--Optional:-->\r
            <ebil:ModeloXAceptacion>?</ebil:ModeloXAceptacion>\r
            <!--Optional:-->\r
            <ebil:NotasRelacionadas>?</ebil:NotasRelacionadas>\r
            <!--Optional:-->\r
            <ebil:OrderControl>?</ebil:OrderControl>\r
            <!--Optional:-->\r
            <ebil:TieneAcuerdosFisicos>?</ebil:TieneAcuerdosFisicos>\r
            <!--Optional:-->\r
            <ebil:TokenConexion>?</ebil:TokenConexion>\r
            <!--Optional:-->\r
            <ebil:eBillAdmNumerosFactura>?</ebil:eBillAdmNumerosFactura>\r
         </tem:Opciones>\r
      </tem:SolicitaDatosDocumentoElectronico>\r
   </soapenv:Body>\r
</soapenv:Envelope>]]></con:request><con:wsaConfig mustUnderstand="NONE" version="200508" action="http://tempuri.org/IIntegracion/SolicitaDatosDocumentoElectronico"/></con:call></con:operation><con:operation id="864b57b1-3b6e-47ae-a368-a0dccce42d2e" isOneWay="false" action="http://tempuri.org/IIntegracion/SolicitaDatosDocumentoElectronicoQWS" name="SolicitaDatosDocumentoElectronicoQWS" bindingOperationName="SolicitaDatosDocumentoElectronicoQWS" type="Request-Response" inputName="" receivesAttachments="false" sendsAttachments="false" anonymous="optional"><con:settings/><con:call id="0a55c0e5-ed1e-40e5-a259-28356e72e7e7" name="Request 1"><con:settings/><con:encoding>UTF-8</con:encoding><con:endpoint>https://fymtest.cloudapp.net:444/ServiciosFyM/eBill/Integracion.svc</con:endpoint><con:request><![CDATA[<soapenv:Envelope xmlns:soapenv="http://schemas.xmlsoap.org/soap/envelope/" xmlns:tem="http://tempuri.org/" xmlns:ebil="http://schemas.datacontract.org/2004/07/eBillCore">\r
   <soapenv:Header/>\r
   <soapenv:Body>\r
      <tem:SolicitaDatosDocumentoElectronicoQWS>\r
         <!--Optional:-->\r
         <tem:FacCab>\r
            <!--Optional:-->\r
            <ebil:AnoAprobacionRes>?</ebil:AnoAprobacionRes>\r
            <!--Optional:-->\r
            <ebil:Base_Impuesto>?</ebil:Base_Impuesto>\r
            <!--Optional:-->\r
            <ebil:CFD_EST_estado_tramit>?</ebil:CFD_EST_estado_tramit>\r
            <!--Optional:-->\r
            <ebil:CFD_Flete>?</ebil:CFD_Flete>\r
            <!--Optional:-->\r
            <ebil:CFD_OtrosCargos>?</ebil:CFD_OtrosCargos>\r
            <!--Optional:-->\r
            <ebil:CFD_Por_Margen>?</ebil:CFD_Por_Margen>\r
            <!--Optional:-->\r
            <ebil:CFD_ResponseCode>?</ebil:CFD_ResponseCode>\r
            <!--Optional:-->\r
            <ebil:CFD_base_ICA_total>?</ebil:CFD_base_ICA_total>\r
            <!--Optional:-->\r
            <ebil:CFD_base_impo_total_nal>?</ebil:CFD_base_impo_total_nal>\r
            <!--Optional:-->\r
            <ebil:CFD_base_impo_total_reg>?</ebil:CFD_base_impo_total_reg>\r
            <!--Optional:-->\r
            <ebil:CFD_campo_texto_10>?</ebil:CFD_campo_texto_10>\r
            <!--Optional:-->\r
            <ebil:CFD_campo_texto_11>?</ebil:CFD_campo_texto_11>\r
            <!--Optional:-->\r
            <ebil:CFD_campo_texto_12>?</ebil:CFD_campo_texto_12>\r
            <!--Optional:-->\r
            <ebil:CFD_campo_texto_13>?</ebil:CFD_campo_texto_13>\r
            <!--Optional:-->\r
            <ebil:CFD_campo_texto_14>?</ebil:CFD_campo_texto_14>\r
            <!--Optional:-->\r
            <ebil:CFD_campo_texto_15>?</ebil:CFD_campo_texto_15>\r
            <!--Optional:-->\r
            <ebil:CFD_campo_texto_16>?</ebil:CFD_campo_texto_16>\r
            <!--Optional:-->\r
            <ebil:CFD_campo_texto_17>?</ebil:CFD_campo_texto_17>\r
            <!--Optional:-->\r
            <ebil:CFD_campo_texto_18>?</ebil:CFD_campo_texto_18>\r
            <!--Optional:-->\r
            <ebil:CFD_campo_texto_19>?</ebil:CFD_campo_texto_19>\r
            <!--Optional:-->\r
            <ebil:CFD_campo_texto_20>?</ebil:CFD_campo_texto_20>\r
            <!--Optional:-->\r
            <ebil:CFD_campo_texto_21>?</ebil:CFD_campo_texto_21>\r
            <!--Optional:-->\r
            <ebil:CFD_campo_texto_22>?</ebil:CFD_campo_texto_22>\r
            <!--Optional:-->\r
            <ebil:CFD_campo_texto_23>?</ebil:CFD_campo_texto_23>\r
            <!--Optional:-->\r
            <ebil:CFD_campo_texto_24>?</ebil:CFD_campo_texto_24>\r
            <!--Optional:-->\r
            <ebil:CFD_campo_texto_25>?</ebil:CFD_campo_texto_25>\r
            <!--Optional:-->\r
            <ebil:CFD_campo_texto_26>?</ebil:CFD_campo_texto_26>\r
            <!--Optional:-->\r
            <ebil:CFD_campo_texto_27>?</ebil:CFD_campo_texto_27>\r
            <!--Optional:-->\r
            <ebil:CFD_campo_texto_28>?</ebil:CFD_campo_texto_28>\r
            <!--Optional:-->\r
            <ebil:CFD_campo_texto_29>?</ebil:CFD_campo_texto_29>\r
            <!--Optional:-->\r
            <ebil:CFD_campo_texto_30>?</ebil:CFD_campo_texto_30>\r
            <!--Optional:-->\r
            <ebil:CFD_campo_texto_9>?</ebil:CFD_campo_texto_9>\r
            <!--Optional:-->\r
            <ebil:CFD_cantidad_dec_1>?</ebil:CFD_cantidad_dec_1>\r
            <!--Optional:-->\r
            <ebil:CFD_cantidad_dec_10>?</ebil:CFD_cantidad_dec_10>\r
            <!--Optional:-->\r
            <ebil:CFD_cantidad_dec_11>?</ebil:CFD_cantidad_dec_11>\r
            <!--Optional:-->\r
            <ebil:CFD_cantidad_dec_12>?</ebil:CFD_cantidad_dec_12>\r
            <!--Optional:-->\r
            <ebil:CFD_cantidad_dec_13>?</ebil:CFD_cantidad_dec_13>\r
            <!--Optional:-->\r
            <ebil:CFD_cantidad_dec_14>?</ebil:CFD_cantidad_dec_14>\r
            <!--Optional:-->\r
            <ebil:CFD_cantidad_dec_15>?</ebil:CFD_cantidad_dec_15>\r
            <!--Optional:-->\r
            <ebil:CFD_cantidad_dec_16>?</ebil:CFD_cantidad_dec_16>\r
            <!--Optional:-->\r
            <ebil:CFD_cantidad_dec_17>?</ebil:CFD_cantidad_dec_17>\r
            <!--Optional:-->\r
            <ebil:CFD_cantidad_dec_18>?</ebil:CFD_cantidad_dec_18>\r
            <!--Optional:-->\r
            <ebil:CFD_cantidad_dec_19>?</ebil:CFD_cantidad_dec_19>\r
            <!--Optional:-->\r
            <ebil:CFD_cantidad_dec_20>?</ebil:CFD_cantidad_dec_20>\r
            <!--Optional:-->\r
            <ebil:CFD_cantidad_dec_21>?</ebil:CFD_cantidad_dec_21>\r
            <!--Optional:-->\r
            <ebil:CFD_cantidad_dec_22>?</ebil:CFD_cantidad_dec_22>\r
            <!--Optional:-->\r
            <ebil:CFD_cantidad_dec_23>?</ebil:CFD_cantidad_dec_23>\r
            <!--Optional:-->\r
            <ebil:CFD_cantidad_dec_24>?</ebil:CFD_cantidad_dec_24>\r
            <!--Optional:-->\r
            <ebil:CFD_cantidad_dec_25>?</ebil:CFD_cantidad_dec_25>\r
            <!--Optional:-->\r
            <ebil:CFD_cantidad_dec_4>?</ebil:CFD_cantidad_dec_4>\r
            <!--Optional:-->\r
            <ebil:CFD_cantidad_dec_5>?</ebil:CFD_cantidad_dec_5>\r
            <!--Optional:-->\r
            <ebil:CFD_cantidad_dec_6>?</ebil:CFD_cantidad_dec_6>\r
            <!--Optional:-->\r
            <ebil:CFD_cantidad_dec_7>?</ebil:CFD_cantidad_dec_7>\r
            <!--Optional:-->\r
            <ebil:CFD_cantidad_dec_8>?</ebil:CFD_cantidad_dec_8>\r
            <!--Optional:-->\r
            <ebil:CFD_cantidad_dec_9>?</ebil:CFD_cantidad_dec_9>\r
            <!--Optional:-->\r
            <ebil:CFD_deducible>?</ebil:CFD_deducible>\r
            <!--Optional:-->\r
            <ebil:CFD_desconexion_servicio>?</ebil:CFD_desconexion_servicio>\r
            <!--Optional:-->\r
            <ebil:CFD_fecha_desconexion>?</ebil:CFD_fecha_desconexion>\r
            <!--Optional:-->\r
            <ebil:CFD_fecha_tasadeCambio>?</ebil:CFD_fecha_tasadeCambio>\r
            <!--Optional:-->\r
            <ebil:CFD_numero_enlace_doc_ref>?</ebil:CFD_numero_enlace_doc_ref>\r
            <!--Optional:-->\r
            <ebil:CFD_porc_rte_ICA>?</ebil:CFD_porc_rte_ICA>\r
            <!--Optional:-->\r
            <ebil:CFD_porc_rte_fuent>?</ebil:CFD_porc_rte_fuent>\r
            <!--Optional:-->\r
            <ebil:CFD_tasa_mora>?</ebil:CFD_tasa_mora>\r
            <!--Optional:-->\r
            <ebil:CFD_tdi_id_tipo_doc_interno>?</ebil:CFD_tdi_id_tipo_doc_interno>\r
            <!--Optional:-->\r
            <ebil:CFD_total_ICA>?</ebil:CFD_total_ICA>\r
            <!--Optional:-->\r
            <ebil:CFD_total_aduana_exp>?</ebil:CFD_total_aduana_exp>\r
            <!--Optional:-->\r
            <ebil:CFD_total_cargos>?</ebil:CFD_total_cargos>\r
            <!--Optional:-->\r
            <ebil:CFD_total_descuentos>?</ebil:CFD_total_descuentos>\r
            <!--Optional:-->\r
            <ebil:CFD_total_margen>?</ebil:CFD_total_margen>\r
            <!--Optional:-->\r
            <ebil:CFD_total_seguro_exp>?</ebil:CFD_total_seguro_exp>\r
            <!--Optional:-->\r
            <ebil:CLI_numero_cliente>?</ebil:CLI_numero_cliente>\r
            <!--Optional:-->\r
            <ebil:CREETotal>?</ebil:CREETotal>\r
            <!--Optional:-->\r
            <ebil:CampoTexto1>?</ebil:CampoTexto1>\r
            <!--Optional:-->\r
            <ebil:CampoTexto2>?</ebil:CampoTexto2>\r
            <!--Optional:-->\r
            <ebil:CampoTexto3>?</ebil:CampoTexto3>\r
            <!--Optional:-->\r
            <ebil:CampoTexto4>?</ebil:CampoTexto4>\r
            <!--Optional:-->\r
            <ebil:CampoTexto5>?</ebil:CampoTexto5>\r
            <!--Optional:-->\r
            <ebil:CampoTexto6>?</ebil:CampoTexto6>\r
            <!--Optional:-->\r
            <ebil:CampoTexto7>?</ebil:CampoTexto7>\r
            <!--Optional:-->\r
            <ebil:CampoTexto8>?</ebil:CampoTexto8>\r
            <!--Optional:-->\r
            <ebil:Cantidad1>?</ebil:Cantidad1>\r
            <!--Optional:-->\r
            <ebil:Cantidad2>?</ebil:Cantidad2>\r
            <!--Optional:-->\r
            <ebil:Cantidad3>?</ebil:Cantidad3>\r
            <!--Optional:-->\r
            <ebil:CantidadDec1>?</ebil:CantidadDec1>\r
            <!--Optional:-->\r
            <ebil:CantidadDec2>?</ebil:CantidadDec2>\r
            <!--Optional:-->\r
            <ebil:CantidadDec3>?</ebil:CantidadDec3>\r
            <!--Optional:-->\r
            <ebil:CiudadDANE>?</ebil:CiudadDANE>\r
            <!--Optional:-->\r
            <ebil:CodVendedor>?</ebil:CodVendedor>\r
            <!--Optional:-->\r
            <ebil:CodigoPostalCliente>?</ebil:CodigoPostalCliente>\r
            <!--Optional:-->\r
            <ebil:CodigoPostalEnvio>?</ebil:CodigoPostalEnvio>\r
            <!--Optional:-->\r
            <ebil:ComprobanteCon>?</ebil:ComprobanteCon>\r
            <!--Optional:-->\r
            <ebil:Condiciones_Pago>?</ebil:Condiciones_Pago>\r
            <!--Optional:-->\r
            <ebil:ContactoCargo>?</ebil:ContactoCargo>\r
            <!--Optional:-->\r
            <ebil:ContactoCorreo>?</ebil:ContactoCorreo>\r
            <!--Optional:-->\r
            <ebil:ContactoNombre>?</ebil:ContactoNombre>\r
            <!--Optional:-->\r
            <ebil:CorreoCliente>?</ebil:CorreoCliente>\r
            <!--Optional:-->\r
            <ebil:DepartamentoDANE>?</ebil:DepartamentoDANE>\r
            <!--Optional:-->\r
            <ebil:DescripcionPlan>?</ebil:DescripcionPlan>\r
            <!--Optional:-->\r
            <ebil:Descuento>?</ebil:Descuento>\r
            <!--Optional:-->\r
            <ebil:DigitoVerificaCliente>?</ebil:DigitoVerificaCliente>\r
            <!--Optional:-->\r
            <ebil:DireccionCliente>?</ebil:DireccionCliente>\r
            <!--Optional:-->\r
            <ebil:EstiloFactura>?</ebil:EstiloFactura>\r
            <!--Optional:-->\r
            <ebil:FechaExpedicion>?</ebil:FechaExpedicion>\r
            <!--Optional:-->\r
            <ebil:FechaFinalPeriodoFacturado>?</ebil:FechaFinalPeriodoFacturado>\r
            <!--Optional:-->\r
            <ebil:FechaInicialPeriodoFacturado>?</ebil:FechaInicialPeriodoFacturado>\r
            <!--Optional:-->\r
            <ebil:FechaVencimiento>?</ebil:FechaVencimiento>\r
            <!--Optional:-->\r
            <ebil:FormaPago>?</ebil:FormaPago>\r
            <!--Optional:-->\r
            <ebil:IDInterno>?</ebil:IDInterno>\r
            <!--Optional:-->\r
            <ebil:IDUbicacionCliente>?</ebil:IDUbicacionCliente>\r
            <!--Optional:-->\r
            <ebil:IDUbicacionEnvio>?</ebil:IDUbicacionEnvio>\r
            <!--Optional:-->\r
            <ebil:IdPlan>?</ebil:IdPlan>\r
            <!--Optional:-->\r
            <ebil:IdSucursal>?</ebil:IdSucursal>\r
            <!--Optional:-->\r
            <ebil:Incoterm>?</ebil:Incoterm>\r
            <!--Optional:-->\r
            <ebil:InfoAdicional>?</ebil:InfoAdicional>\r
            <!--Optional:-->\r
            <ebil:LugarTerminosEntrega>?</ebil:LugarTerminosEntrega>\r
            <!--Optional:-->\r
            <ebil:MesCausado>?</ebil:MesCausado>\r
            <!--Optional:-->\r
            <ebil:MonedaISO>?</ebil:MonedaISO>\r
            <!--Optional:-->\r
            <ebil:NitCliente>?</ebil:NitCliente>\r
            <!--Optional:-->\r
            <ebil:NitEmpresa>?</ebil:NitEmpresa>\r
            <!--Optional:-->\r
            <ebil:NombreCliente>?</ebil:NombreCliente>\r
            <!--Optional:-->\r
            <ebil:NombrePlan>?</ebil:NombrePlan>\r
            <!--Optional:-->\r
            <ebil:NombreVendedor>?</ebil:NombreVendedor>\r
            <!--Optional:-->\r
            <ebil:NumAprobacionRes>?</ebil:NumAprobacionRes>\r
            <!--Optional:-->\r
            <ebil:NumFactura>?</ebil:NumFactura>\r
            <!--Optional:-->\r
            <ebil:OrderID>?</ebil:OrderID>\r
            <!--Optional:-->\r
            <ebil:PAI_ISO_3166>?</ebil:PAI_ISO_3166>\r
            <!--Optional:-->\r
            <ebil:PagoAnterior>?</ebil:PagoAnterior>\r
            <!--Optional:-->\r
            <ebil:Prefijo>?</ebil:Prefijo>\r
            <!--Optional:-->\r
            <ebil:ReferenciaCliente>?</ebil:ReferenciaCliente>\r
            <!--Optional:-->\r
            <ebil:RetencionCREETotal>?</ebil:RetencionCREETotal>\r
            <!--Optional:-->\r
            <ebil:SMSXDoc>?</ebil:SMSXDoc>\r
            <!--Optional:-->\r
            <ebil:SaldoAnterior>?</ebil:SaldoAnterior>\r
            <!--Optional:-->\r
            <ebil:SubTotal>?</ebil:SubTotal>\r
            <!--Optional:-->\r
            <ebil:SubTotalSegunMon>?</ebil:SubTotalSegunMon>\r
            <!--Optional:-->\r
            <ebil:Sucursal>?</ebil:Sucursal>\r
            <!--Optional:-->\r
            <ebil:TIP_id_tipo_persona>?</ebil:TIP_id_tipo_persona>\r
            <!--Optional:-->\r
            <ebil:TasaCambio>?</ebil:TasaCambio>\r
            <!--Optional:-->\r
            <ebil:TelefonoCliente>?</ebil:TelefonoCliente>\r
            <!--Optional:-->\r
            <ebil:Texto3>?</ebil:Texto3>\r
            <!--Optional:-->\r
            <ebil:TieneAcuerdo>?</ebil:TieneAcuerdo>\r
            <!--Optional:-->\r
            <ebil:TipoComprobante>?</ebil:TipoComprobante>\r
            <!--Optional:-->\r
            <ebil:TipoContribuyente>?</ebil:TipoContribuyente>\r
            <!--Optional:-->\r
            <ebil:TipoIDCliente>?</ebil:TipoIDCliente>\r
            <!--Optional:-->\r
            <ebil:Total>?</ebil:Total>\r
            <!--Optional:-->\r
            <ebil:TotalIVA>?</ebil:TotalIVA>\r
            <!--Optional:-->\r
            <ebil:TotalIVASegunMon>?</ebil:TotalIVASegunMon>\r
            <!--Optional:-->\r
            <ebil:TotalRetICA>?</ebil:TotalRetICA>\r
            <!--Optional:-->\r
            <ebil:TotalRetIVA>?</ebil:TotalRetIVA>\r
            <!--Optional:-->\r
            <ebil:TotalRetencion>?</ebil:TotalRetencion>\r
            <!--Optional:-->\r
            <ebil:TotalSegunMon>?</ebil:TotalSegunMon>\r
            <!--Optional:-->\r
            <ebil:TotalTraslado>?</ebil:TotalTraslado>\r
            <!--Optional:-->\r
            <ebil:Total_a_Pagar>?</ebil:Total_a_Pagar>\r
            <!--Optional:-->\r
            <ebil:ValorHasta1>?</ebil:ValorHasta1>\r
            <!--Optional:-->\r
            <ebil:ValorHasta2>?</ebil:ValorHasta2>\r
            <!--Optional:-->\r
            <ebil:ValorHasta3>?</ebil:ValorHasta3>\r
            <!--Optional:-->\r
            <ebil:ValorHasta4>?</ebil:ValorHasta4>\r
            <!--Optional:-->\r
            <ebil:cfd_activa_nota1>?</ebil:cfd_activa_nota1>\r
            <!--Optional:-->\r
            <ebil:ciudad_envio>?</ebil:ciudad_envio>\r
            <!--Optional:-->\r
            <ebil:code1>?</ebil:code1>\r
            <!--Optional:-->\r
            <ebil:code2>?</ebil:code2>\r
            <!--Optional:-->\r
            <ebil:code3>?</ebil:code3>\r
            <!--Optional:-->\r
            <ebil:curso>?</ebil:curso>\r
            <!--Optional:-->\r
            <ebil:departamento_envio>?</ebil:departamento_envio>\r
            <!--Optional:-->\r
            <ebil:direccion_envio>?</ebil:direccion_envio>\r
            <!--Optional:-->\r
            <ebil:numero_envio>?</ebil:numero_envio>\r
            <!--Optional:-->\r
            <ebil:orden_venta>?</ebil:orden_venta>\r
            <!--Optional:-->\r
            <ebil:pague_hasta1>?</ebil:pague_hasta1>\r
            <!--Optional:-->\r
            <ebil:pague_hasta2>?</ebil:pague_hasta2>\r
            <!--Optional:-->\r
            <ebil:pague_hasta3>?</ebil:pague_hasta3>\r
            <!--Optional:-->\r
            <ebil:referencia>?</ebil:referencia>\r
            <!--Optional:-->\r
            <ebil:referencia1>?</ebil:referencia1>\r
            <!--Optional:-->\r
            <ebil:referencia_envio>?</ebil:referencia_envio>\r
            <!--Optional:-->\r
            <ebil:telefono_envio>?</ebil:telefono_envio>\r
         </tem:FacCab>\r
         <!--Optional:-->\r
         <tem:Opciones>\r
            <!--Optional:-->\r
            <ebil:ActualizaProductos>?</ebil:ActualizaProductos>\r
            <!--Optional:-->\r
            <ebil:CalculaReteCree>?</ebil:CalculaReteCree>\r
            <!--Optional:-->\r
            <ebil:CalculaReteFuente>?</ebil:CalculaReteFuente>\r
            <!--Optional:-->\r
            <ebil:CalculaReteICA>?</ebil:CalculaReteICA>\r
            <!--Optional:-->\r
            <ebil:CalculaReteIVA>?</ebil:CalculaReteIVA>\r
            <!--Optional:-->\r
            <ebil:EmisionAutomatica>?</ebil:EmisionAutomatica>\r
            <!--Optional:-->\r
            <ebil:FacturasSinAcuerdo>?</ebil:FacturasSinAcuerdo>\r
            <!--Optional:-->\r
            <ebil:ModeloXAceptacion>?</ebil:ModeloXAceptacion>\r
            <!--Optional:-->\r
            <ebil:NotasRelacionadas>?</ebil:NotasRelacionadas>\r
            <!--Optional:-->\r
            <ebil:OrderControl>?</ebil:OrderControl>\r
            <!--Optional:-->\r
            <ebil:TieneAcuerdosFisicos>?</ebil:TieneAcuerdosFisicos>\r
            <!--Optional:-->\r
            <ebil:TokenConexion>?</ebil:TokenConexion>\r
            <!--Optional:-->\r
            <ebil:eBillAdmNumerosFactura>?</ebil:eBillAdmNumerosFactura>\r
         </tem:Opciones>\r
      </tem:SolicitaDatosDocumentoElectronicoQWS>\r
   </soapenv:Body>\r
</soapenv:Envelope>]]></con:request><con:wsaConfig mustUnderstand="NONE" version="200508" action="http://tempuri.org/IIntegracion/SolicitaDatosDocumentoElectronicoQWS"/></con:call></con:operation><con:operation id="0c5c6180-5391-4fbc-ba78-176b5d7ef040" isOneWay="false" action="http://tempuri.org/IIntegracion/SolicitaeBillPDF" name="SolicitaeBillPDF" bindingOperationName="SolicitaeBillPDF" type="Request-Response" inputName="" receivesAttachments="false" sendsAttachments="false" anonymous="optional"><con:settings/><con:call id="a6b74ee6-84b4-4a27-bbf6-f62a3e0345a1" name="Request 1"><con:settings/><con:encoding>UTF-8</con:encoding><con:endpoint>https://fymtest.cloudapp.net:444/ServiciosFyM/eBill/Integracion.svc</con:endpoint><con:request><![CDATA[<soapenv:Envelope xmlns:soapenv="http://schemas.xmlsoap.org/soap/envelope/" xmlns:tem="http://tempuri.org/" xmlns:ebil="http://schemas.datacontract.org/2004/07/eBillCore">\r
   <soapenv:Header/>\r
   <soapenv:Body>\r
      <tem:SolicitaeBillPDF>\r
         <!--Optional:-->\r
         <tem:FacCab>\r
            <!--Optional:-->\r
            <ebil:AnoAprobacionRes>?</ebil:AnoAprobacionRes>\r
            <!--Optional:-->\r
            <ebil:Cantidad1>?</ebil:Cantidad1>\r
            <!--Optional:-->\r
            <ebil:Cantidad2>?</ebil:Cantidad2>\r
            <!--Optional:-->\r
            <ebil:Cantidad3>?</ebil:Cantidad3>\r
            <!--Optional:-->\r
            <ebil:CiudadDANE>?</ebil:CiudadDANE>\r
            <!--Optional:-->\r
            <ebil:CorreoCliente>?</ebil:CorreoCliente>\r
            <!--Optional:-->\r
            <ebil:DescripcionPlan>?</ebil:DescripcionPlan>\r
            <!--Optional:-->\r
            <ebil:Descuento>?</ebil:Descuento>\r
            <!--Optional:-->\r
            <ebil:DigitoVerificaCliente>?</ebil:DigitoVerificaCliente>\r
            <!--Optional:-->\r
            <ebil:DireccionCliente>?</ebil:DireccionCliente>\r
            <!--Optional:-->\r
            <ebil:FechaExpedicion>?</ebil:FechaExpedicion>\r
            <!--Optional:-->\r
            <ebil:FechaFinalPeriodoFacturado>?</ebil:FechaFinalPeriodoFacturado>\r
            <!--Optional:-->\r
            <ebil:FechaInicialPeriodoFacturado>?</ebil:FechaInicialPeriodoFacturado>\r
            <!--Optional:-->\r
            <ebil:FechaVencimiento>?</ebil:FechaVencimiento>\r
            <!--Optional:-->\r
            <ebil:FormaPago>?</ebil:FormaPago>\r
            <!--Optional:-->\r
            <ebil:IDInterno>?</ebil:IDInterno>\r
            <!--Optional:-->\r
            <ebil:IdPlan>?</ebil:IdPlan>\r
            <!--Optional:-->\r
            <ebil:InfoAdicional>?</ebil:InfoAdicional>\r
            <!--Optional:-->\r
            <ebil:MonedaISO>?</ebil:MonedaISO>\r
            <!--Optional:-->\r
            <ebil:NitCliente>?</ebil:NitCliente>\r
            <!--Optional:-->\r
            <ebil:NitEmpresa>?</ebil:NitEmpresa>\r
            <!--Optional:-->\r
            <ebil:NombreCliente>?</ebil:NombreCliente>\r
            <!--Optional:-->\r
            <ebil:NombrePlan>?</ebil:NombrePlan>\r
            <!--Optional:-->\r
            <ebil:NumAprobacionRes>?</ebil:NumAprobacionRes>\r
            <!--Optional:-->\r
            <ebil:NumFactura>?</ebil:NumFactura>\r
            <!--Optional:-->\r
            <ebil:OrderID>?</ebil:OrderID>\r
            <!--Optional:-->\r
            <ebil:PagoAnterior>?</ebil:PagoAnterior>\r
            <!--Optional:-->\r
            <ebil:Prefijo>?</ebil:Prefijo>\r
            <!--Optional:-->\r
            <ebil:Referencia1>?</ebil:Referencia1>\r
            <!--Optional:-->\r
            <ebil:SaldoAnterior>?</ebil:SaldoAnterior>\r
            <!--Optional:-->\r
            <ebil:SubTotal>?</ebil:SubTotal>\r
            <!--Optional:-->\r
            <ebil:TelefonoCliente>?</ebil:TelefonoCliente>\r
            <!--Optional:-->\r
            <ebil:TipoIDCliente>?</ebil:TipoIDCliente>\r
            <!--Optional:-->\r
            <ebil:Total>?</ebil:Total>\r
            <!--Optional:-->\r
            <ebil:TotalIVA>?</ebil:TotalIVA>\r
            <!--Optional:-->\r
            <ebil:ValorHasta1>?</ebil:ValorHasta1>\r
            <!--Optional:-->\r
            <ebil:ValorHasta2>?</ebil:ValorHasta2>\r
            <!--Optional:-->\r
            <ebil:ValorHasta3>?</ebil:ValorHasta3>\r
            <!--Optional:-->\r
            <ebil:ValorHasta4>?</ebil:ValorHasta4>\r
         </tem:FacCab>\r
         <!--Optional:-->\r
         <tem:Opciones>\r
            <!--Optional:-->\r
            <ebil:ActualizaProductos>?</ebil:ActualizaProductos>\r
            <!--Optional:-->\r
            <ebil:BuscarXNitXIdInterno>?</ebil:BuscarXNitXIdInterno>\r
            <!--Optional:-->\r
            <ebil:EmisionAutomatica>?</ebil:EmisionAutomatica>\r
            <!--Optional:-->\r
            <ebil:EmisionAutomaticaFXComputador>?</ebil:EmisionAutomaticaFXComputador>\r
            <!--Optional:-->\r
            <ebil:FacturasSinAcuerdo>?</ebil:FacturasSinAcuerdo>\r
            <!--Optional:-->\r
            <ebil:ManejaPlantillasNotificacion>?</ebil:ManejaPlantillasNotificacion>\r
            <!--Optional:-->\r
            <ebil:NoAdjuntarArchivo>?</ebil:NoAdjuntarArchivo>\r
            <!--Optional:-->\r
            <ebil:NoTieneAcuerdosFisicos>?</ebil:NoTieneAcuerdosFisicos>\r
            <!--Optional:-->\r
            <ebil:OrderControl>?</ebil:OrderControl>\r
            <!--Optional:-->\r
            <ebil:TipoCargaDetalle>?</ebil:TipoCargaDetalle>\r
            <!--Optional:-->\r
            <ebil:TipoDocumento>?</ebil:TipoDocumento>\r
            <!--Optional:-->\r
            <ebil:TokenConexion>?</ebil:TokenConexion>\r
            <!--Optional:-->\r
            <ebil:crearVIP>?</ebil:crearVIP>\r
            <!--Optional:-->\r
            <ebil:eBillAdmNumerosFactura>?</ebil:eBillAdmNumerosFactura>\r
         </tem:Opciones>\r
         <!--Optional:-->\r
         <tem:EsNota>?</tem:EsNota>\r
      </tem:SolicitaeBillPDF>\r
   </soapenv:Body>\r
</soapenv:Envelope>]]></con:request><con:wsaConfig mustUnderstand="NONE" version="200508" action="http://tempuri.org/IIntegracion/SolicitaeBillPDF"/></con:call></con:operation><con:operation id="9fb9d3a9-271d-4887-b290-41aa978c8579" isOneWay="false" action="http://tempuri.org/IIntegracion/SolicitaeBillPDFRecepcion" name="SolicitaeBillPDFRecepcion" bindingOperationName="SolicitaeBillPDFRecepcion" type="Request-Response" inputName="" receivesAttachments="false" sendsAttachments="false" anonymous="optional"><con:settings/><con:call id="4354972e-dfb9-43b9-8cd2-5b3ba8dcb3b4" name="Request 1"><con:settings/><con:encoding>UTF-8</con:encoding><con:endpoint>https://fymtest.cloudapp.net:444/ServiciosFyM/eBill/Integracion.svc</con:endpoint><con:request><![CDATA[<soapenv:Envelope xmlns:soapenv="http://schemas.xmlsoap.org/soap/envelope/" xmlns:tem="http://tempuri.org/" xmlns:ebil="http://schemas.datacontract.org/2004/07/eBillCore">\r
   <soapenv:Header/>\r
   <soapenv:Body>\r
      <tem:SolicitaeBillPDFRecepcion>\r
         <!--Optional:-->\r
         <tem:FacCab>\r
            <!--Optional:-->\r
            <ebil:NitCliente>?</ebil:NitCliente>\r
            <!--Optional:-->\r
            <ebil:NitEmpresa>?</ebil:NitEmpresa>\r
            <!--Optional:-->\r
            <ebil:NumFactura>?</ebil:NumFactura>\r
            <!--Optional:-->\r
            <ebil:OrderID>?</ebil:OrderID>\r
            <!--Optional:-->\r
            <ebil:Prefijo>?</ebil:Prefijo>\r
            <!--Optional:-->\r
            <ebil:Sucursal>?</ebil:Sucursal>\r
            <!--Optional:-->\r
            <ebil:TipoComprobante>?</ebil:TipoComprobante>\r
         </tem:FacCab>\r
         <!--Optional:-->\r
         <tem:Opciones>\r
            <!--Optional:-->\r
            <ebil:ActualizaProductos>?</ebil:ActualizaProductos>\r
            <!--Optional:-->\r
            <ebil:CalculaReteCree>?</ebil:CalculaReteCree>\r
            <!--Optional:-->\r
            <ebil:CalculaReteFuente>?</ebil:CalculaReteFuente>\r
            <!--Optional:-->\r
            <ebil:CalculaReteICA>?</ebil:CalculaReteICA>\r
            <!--Optional:-->\r
            <ebil:CalculaReteIVA>?</ebil:CalculaReteIVA>\r
            <!--Optional:-->\r
            <ebil:EmisionAutomatica>?</ebil:EmisionAutomatica>\r
            <!--Optional:-->\r
            <ebil:FacturasSinAcuerdo>?</ebil:FacturasSinAcuerdo>\r
            <!--Optional:-->\r
            <ebil:ModeloXAceptacion>?</ebil:ModeloXAceptacion>\r
            <!--Optional:-->\r
            <ebil:NotasRelacionadas>?</ebil:NotasRelacionadas>\r
            <!--Optional:-->\r
            <ebil:OrderControl>?</ebil:OrderControl>\r
            <!--Optional:-->\r
            <ebil:TieneAcuerdosFisicos>?</ebil:TieneAcuerdosFisicos>\r
            <!--Optional:-->\r
            <ebil:TokenConexion>?</ebil:TokenConexion>\r
            <!--Optional:-->\r
            <ebil:eBillAdmNumerosFactura>?</ebil:eBillAdmNumerosFactura>\r
         </tem:Opciones>\r
      </tem:SolicitaeBillPDFRecepcion>\r
   </soapenv:Body>\r
</soapenv:Envelope>]]></con:request><con:wsaConfig mustUnderstand="NONE" version="200508" action="http://tempuri.org/IIntegracion/SolicitaeBillPDFRecepcion"/></con:call></con:operation><con:operation id="fb8d6070-502f-4151-bdfe-65f481d9bf2e" isOneWay="false" action="http://tempuri.org/IIntegracion/SolicitaeBillPDFRecepcion_TerceroPagador" name="SolicitaeBillPDFRecepcion_TerceroPagador" bindingOperationName="SolicitaeBillPDFRecepcion_TerceroPagador" type="Request-Response" inputName="" receivesAttachments="false" sendsAttachments="false" anonymous="optional"><con:settings/><con:call id="8516729e-2592-4fcd-a3ed-c972cb879e13" name="Request 1"><con:settings/><con:encoding>UTF-8</con:encoding><con:endpoint>https://fymtest.cloudapp.net:444/ServiciosFyM/eBill/Integracion.svc</con:endpoint><con:request><![CDATA[<soapenv:Envelope xmlns:soapenv="http://schemas.xmlsoap.org/soap/envelope/" xmlns:tem="http://tempuri.org/" xmlns:ebil="http://schemas.datacontract.org/2004/07/eBillCore">\r
   <soapenv:Header/>\r
   <soapenv:Body>\r
      <tem:SolicitaeBillPDFRecepcion_TerceroPagador>\r
         <!--Optional:-->\r
         <tem:FacCab>\r
            <!--Optional:-->\r
            <ebil:NitCliente>?</ebil:NitCliente>\r
            <!--Optional:-->\r
            <ebil:NitEmpresa>?</ebil:NitEmpresa>\r
            <!--Optional:-->\r
            <ebil:NumFactura>?</ebil:NumFactura>\r
            <!--Optional:-->\r
            <ebil:OrderID>?</ebil:OrderID>\r
            <!--Optional:-->\r
            <ebil:Prefijo>?</ebil:Prefijo>\r
            <!--Optional:-->\r
            <ebil:Sucursal>?</ebil:Sucursal>\r
            <!--Optional:-->\r
            <ebil:TipoComprobante>?</ebil:TipoComprobante>\r
         </tem:FacCab>\r
         <!--Optional:-->\r
         <tem:Opciones>\r
            <!--Optional:-->\r
            <ebil:ActualizaProductos>?</ebil:ActualizaProductos>\r
            <!--Optional:-->\r
            <ebil:CalculaReteCree>?</ebil:CalculaReteCree>\r
            <!--Optional:-->\r
            <ebil:CalculaReteFuente>?</ebil:CalculaReteFuente>\r
            <!--Optional:-->\r
            <ebil:CalculaReteICA>?</ebil:CalculaReteICA>\r
            <!--Optional:-->\r
            <ebil:CalculaReteIVA>?</ebil:CalculaReteIVA>\r
            <!--Optional:-->\r
            <ebil:EmisionAutomatica>?</ebil:EmisionAutomatica>\r
            <!--Optional:-->\r
            <ebil:FacturasSinAcuerdo>?</ebil:FacturasSinAcuerdo>\r
            <!--Optional:-->\r
            <ebil:ModeloXAceptacion>?</ebil:ModeloXAceptacion>\r
            <!--Optional:-->\r
            <ebil:NotasRelacionadas>?</ebil:NotasRelacionadas>\r
            <!--Optional:-->\r
            <ebil:OrderControl>?</ebil:OrderControl>\r
            <!--Optional:-->\r
            <ebil:TieneAcuerdosFisicos>?</ebil:TieneAcuerdosFisicos>\r
            <!--Optional:-->\r
            <ebil:TokenConexion>?</ebil:TokenConexion>\r
            <!--Optional:-->\r
            <ebil:eBillAdmNumerosFactura>?</ebil:eBillAdmNumerosFactura>\r
         </tem:Opciones>\r
      </tem:SolicitaeBillPDFRecepcion_TerceroPagador>\r
   </soapenv:Body>\r
</soapenv:Envelope>]]></con:request><con:wsaConfig mustUnderstand="NONE" version="200508" action="http://tempuri.org/IIntegracion/SolicitaeBillPDFRecepcion_TerceroPagador"/></con:call></con:operation><con:operation id="ecad4cb5-9bdb-44f9-9fcb-b3a0f19bfe95" isOneWay="false" action="http://tempuri.org/IIntegracion/SolicitaeBillPDFTAX" name="SolicitaeBillPDFTAX" bindingOperationName="SolicitaeBillPDFTAX" type="Request-Response" inputName="" receivesAttachments="false" sendsAttachments="false" anonymous="optional"><con:settings/><con:call id="596166a3-f2aa-4b41-ac3f-981a6da03559" name="Request 1"><con:settings/><con:encoding>UTF-8</con:encoding><con:endpoint>https://fymtest.cloudapp.net:444/ServiciosFyM/eBill/Integracion.svc</con:endpoint><con:request><![CDATA[<soapenv:Envelope xmlns:soapenv="http://schemas.xmlsoap.org/soap/envelope/" xmlns:tem="http://tempuri.org/" xmlns:ebil="http://schemas.datacontract.org/2004/07/eBillCore">\r
   <soapenv:Header/>\r
   <soapenv:Body>\r
      <tem:SolicitaeBillPDFTAX>\r
         <!--Optional:-->\r
         <tem:FacCab>\r
            <!--Optional:-->\r
            <ebil:AnoAprobacionRes>?</ebil:AnoAprobacionRes>\r
            <!--Optional:-->\r
            <ebil:Cantidad1>?</ebil:Cantidad1>\r
            <!--Optional:-->\r
            <ebil:Cantidad2>?</ebil:Cantidad2>\r
            <!--Optional:-->\r
            <ebil:Cantidad3>?</ebil:Cantidad3>\r
            <!--Optional:-->\r
            <ebil:CiudadDANE>?</ebil:CiudadDANE>\r
            <!--Optional:-->\r
            <ebil:CorreoCliente>?</ebil:CorreoCliente>\r
            <!--Optional:-->\r
            <ebil:DescripcionPlan>?</ebil:DescripcionPlan>\r
            <!--Optional:-->\r
            <ebil:Descuento>?</ebil:Descuento>\r
            <!--Optional:-->\r
            <ebil:DigitoVerificaCliente>?</ebil:DigitoVerificaCliente>\r
            <!--Optional:-->\r
            <ebil:DireccionCliente>?</ebil:DireccionCliente>\r
            <!--Optional:-->\r
            <ebil:FechaExpedicion>?</ebil:FechaExpedicion>\r
            <!--Optional:-->\r
            <ebil:FechaFinalPeriodoFacturado>?</ebil:FechaFinalPeriodoFacturado>\r
            <!--Optional:-->\r
            <ebil:FechaInicialPeriodoFacturado>?</ebil:FechaInicialPeriodoFacturado>\r
            <!--Optional:-->\r
            <ebil:FechaVencimiento>?</ebil:FechaVencimiento>\r
            <!--Optional:-->\r
            <ebil:FormaPago>?</ebil:FormaPago>\r
            <!--Optional:-->\r
            <ebil:IDInterno>?</ebil:IDInterno>\r
            <!--Optional:-->\r
            <ebil:IdPlan>?</ebil:IdPlan>\r
            <!--Optional:-->\r
            <ebil:InfoAdicional>?</ebil:InfoAdicional>\r
            <!--Optional:-->\r
            <ebil:MonedaISO>?</ebil:MonedaISO>\r
            <!--Optional:-->\r
            <ebil:NitCliente>?</ebil:NitCliente>\r
            <!--Optional:-->\r
            <ebil:NitEmpresa>?</ebil:NitEmpresa>\r
            <!--Optional:-->\r
            <ebil:NombreCliente>?</ebil:NombreCliente>\r
            <!--Optional:-->\r
            <ebil:NombrePlan>?</ebil:NombrePlan>\r
            <!--Optional:-->\r
            <ebil:NumAprobacionRes>?</ebil:NumAprobacionRes>\r
            <!--Optional:-->\r
            <ebil:NumFactura>?</ebil:NumFactura>\r
            <!--Optional:-->\r
            <ebil:OrderID>?</ebil:OrderID>\r
            <!--Optional:-->\r
            <ebil:PagoAnterior>?</ebil:PagoAnterior>\r
            <!--Optional:-->\r
            <ebil:Prefijo>?</ebil:Prefijo>\r
            <!--Optional:-->\r
            <ebil:Referencia1>?</ebil:Referencia1>\r
            <!--Optional:-->\r
            <ebil:SaldoAnterior>?</ebil:SaldoAnterior>\r
            <!--Optional:-->\r
            <ebil:SubTotal>?</ebil:SubTotal>\r
            <!--Optional:-->\r
            <ebil:TelefonoCliente>?</ebil:TelefonoCliente>\r
            <!--Optional:-->\r
            <ebil:TipoIDCliente>?</ebil:TipoIDCliente>\r
            <!--Optional:-->\r
            <ebil:Total>?</ebil:Total>\r
            <!--Optional:-->\r
            <ebil:TotalIVA>?</ebil:TotalIVA>\r
            <!--Optional:-->\r
            <ebil:ValorHasta1>?</ebil:ValorHasta1>\r
            <!--Optional:-->\r
            <ebil:ValorHasta2>?</ebil:ValorHasta2>\r
            <!--Optional:-->\r
            <ebil:ValorHasta3>?</ebil:ValorHasta3>\r
            <!--Optional:-->\r
            <ebil:ValorHasta4>?</ebil:ValorHasta4>\r
         </tem:FacCab>\r
         <!--Optional:-->\r
         <tem:Opciones>\r
            <!--Optional:-->\r
            <ebil:ActualizaProductos>?</ebil:ActualizaProductos>\r
            <!--Optional:-->\r
            <ebil:BuscarXNitXIdInterno>?</ebil:BuscarXNitXIdInterno>\r
            <!--Optional:-->\r
            <ebil:EmisionAutomatica>?</ebil:EmisionAutomatica>\r
            <!--Optional:-->\r
            <ebil:EmisionAutomaticaFXComputador>?</ebil:EmisionAutomaticaFXComputador>\r
            <!--Optional:-->\r
            <ebil:FacturasSinAcuerdo>?</ebil:FacturasSinAcuerdo>\r
            <!--Optional:-->\r
            <ebil:ManejaPlantillasNotificacion>?</ebil:ManejaPlantillasNotificacion>\r
            <!--Optional:-->\r
            <ebil:NoAdjuntarArchivo>?</ebil:NoAdjuntarArchivo>\r
            <!--Optional:-->\r
            <ebil:NoTieneAcuerdosFisicos>?</ebil:NoTieneAcuerdosFisicos>\r
            <!--Optional:-->\r
            <ebil:OrderControl>?</ebil:OrderControl>\r
            <!--Optional:-->\r
            <ebil:TipoCargaDetalle>?</ebil:TipoCargaDetalle>\r
            <!--Optional:-->\r
            <ebil:TipoDocumento>?</ebil:TipoDocumento>\r
            <!--Optional:-->\r
            <ebil:TokenConexion>?</ebil:TokenConexion>\r
            <!--Optional:-->\r
            <ebil:crearVIP>?</ebil:crearVIP>\r
            <!--Optional:-->\r
            <ebil:eBillAdmNumerosFactura>?</ebil:eBillAdmNumerosFactura>\r
         </tem:Opciones>\r
         <!--Optional:-->\r
         <tem:TipoComp>?</tem:TipoComp>\r
      </tem:SolicitaeBillPDFTAX>\r
   </soapenv:Body>\r
</soapenv:Envelope>]]></con:request><con:wsaConfig mustUnderstand="NONE" version="200508" action="http://tempuri.org/IIntegracion/SolicitaeBillPDFTAX"/></con:call></con:operation><con:operation id="82cc679f-5508-49f8-a5ea-2f88d64fdb02" isOneWay="false" action="http://tempuri.org/IIntegracion/SolicitaeBillPDFTAX_GR" name="SolicitaeBillPDFTAX_GR" bindingOperationName="SolicitaeBillPDFTAX_GR" type="Request-Response" inputName="" receivesAttachments="false" sendsAttachments="false" anonymous="optional"><con:settings/><con:call id="d711d12d-0724-49a6-81ce-0a3815c31aef" name="Request 1"><con:settings/><con:encoding>UTF-8</con:encoding><con:endpoint>https://fymtest.cloudapp.net:444/ServiciosFyM/eBill/Integracion.svc</con:endpoint><con:request><![CDATA[<soapenv:Envelope xmlns:soapenv="http://schemas.xmlsoap.org/soap/envelope/" xmlns:tem="http://tempuri.org/" xmlns:ebil="http://schemas.datacontract.org/2004/07/eBillCore">\r
   <soapenv:Header/>\r
   <soapenv:Body>\r
      <tem:SolicitaeBillPDFTAX_GR>\r
         <!--Optional:-->\r
         <tem:FacCab>\r
            <!--Optional:-->\r
            <ebil:AnoAprobacionRes>?</ebil:AnoAprobacionRes>\r
            <!--Optional:-->\r
            <ebil:Cantidad1>?</ebil:Cantidad1>\r
            <!--Optional:-->\r
            <ebil:Cantidad2>?</ebil:Cantidad2>\r
            <!--Optional:-->\r
            <ebil:Cantidad3>?</ebil:Cantidad3>\r
            <!--Optional:-->\r
            <ebil:CiudadDANE>?</ebil:CiudadDANE>\r
            <!--Optional:-->\r
            <ebil:CorreoCliente>?</ebil:CorreoCliente>\r
            <!--Optional:-->\r
            <ebil:DescripcionPlan>?</ebil:DescripcionPlan>\r
            <!--Optional:-->\r
            <ebil:Descuento>?</ebil:Descuento>\r
            <!--Optional:-->\r
            <ebil:DigitoVerificaCliente>?</ebil:DigitoVerificaCliente>\r
            <!--Optional:-->\r
            <ebil:DireccionCliente>?</ebil:DireccionCliente>\r
            <!--Optional:-->\r
            <ebil:FechaExpedicion>?</ebil:FechaExpedicion>\r
            <!--Optional:-->\r
            <ebil:FechaFinalPeriodoFacturado>?</ebil:FechaFinalPeriodoFacturado>\r
            <!--Optional:-->\r
            <ebil:FechaInicialPeriodoFacturado>?</ebil:FechaInicialPeriodoFacturado>\r
            <!--Optional:-->\r
            <ebil:FechaVencimiento>?</ebil:FechaVencimiento>\r
            <!--Optional:-->\r
            <ebil:FormaPago>?</ebil:FormaPago>\r
            <!--Optional:-->\r
            <ebil:IDInterno>?</ebil:IDInterno>\r
            <!--Optional:-->\r
            <ebil:IdPlan>?</ebil:IdPlan>\r
            <!--Optional:-->\r
            <ebil:InfoAdicional>?</ebil:InfoAdicional>\r
            <!--Optional:-->\r
            <ebil:MonedaISO>?</ebil:MonedaISO>\r
            <!--Optional:-->\r
            <ebil:NitCliente>?</ebil:NitCliente>\r
            <!--Optional:-->\r
            <ebil:NitEmpresa>?</ebil:NitEmpresa>\r
            <!--Optional:-->\r
            <ebil:NombreCliente>?</ebil:NombreCliente>\r
            <!--Optional:-->\r
            <ebil:NombrePlan>?</ebil:NombrePlan>\r
            <!--Optional:-->\r
            <ebil:NumAprobacionRes>?</ebil:NumAprobacionRes>\r
            <!--Optional:-->\r
            <ebil:NumFactura>?</ebil:NumFactura>\r
            <!--Optional:-->\r
            <ebil:OrderID>?</ebil:OrderID>\r
            <!--Optional:-->\r
            <ebil:PagoAnterior>?</ebil:PagoAnterior>\r
            <!--Optional:-->\r
            <ebil:Prefijo>?</ebil:Prefijo>\r
            <!--Optional:-->\r
            <ebil:Referencia1>?</ebil:Referencia1>\r
            <!--Optional:-->\r
            <ebil:SaldoAnterior>?</ebil:SaldoAnterior>\r
            <!--Optional:-->\r
            <ebil:SubTotal>?</ebil:SubTotal>\r
            <!--Optional:-->\r
            <ebil:TelefonoCliente>?</ebil:TelefonoCliente>\r
            <!--Optional:-->\r
            <ebil:TipoIDCliente>?</ebil:TipoIDCliente>\r
            <!--Optional:-->\r
            <ebil:Total>?</ebil:Total>\r
            <!--Optional:-->\r
            <ebil:TotalIVA>?</ebil:TotalIVA>\r
            <!--Optional:-->\r
            <ebil:ValorHasta1>?</ebil:ValorHasta1>\r
            <!--Optional:-->\r
            <ebil:ValorHasta2>?</ebil:ValorHasta2>\r
            <!--Optional:-->\r
            <ebil:ValorHasta3>?</ebil:ValorHasta3>\r
            <!--Optional:-->\r
            <ebil:ValorHasta4>?</ebil:ValorHasta4>\r
         </tem:FacCab>\r
         <!--Optional:-->\r
         <tem:Opciones>\r
            <!--Optional:-->\r
            <ebil:ActualizaProductos>?</ebil:ActualizaProductos>\r
            <!--Optional:-->\r
            <ebil:BuscarXNitXIdInterno>?</ebil:BuscarXNitXIdInterno>\r
            <!--Optional:-->\r
            <ebil:EmisionAutomatica>?</ebil:EmisionAutomatica>\r
            <!--Optional:-->\r
            <ebil:EmisionAutomaticaFXComputador>?</ebil:EmisionAutomaticaFXComputador>\r
            <!--Optional:-->\r
            <ebil:FacturasSinAcuerdo>?</ebil:FacturasSinAcuerdo>\r
            <!--Optional:-->\r
            <ebil:ManejaPlantillasNotificacion>?</ebil:ManejaPlantillasNotificacion>\r
            <!--Optional:-->\r
            <ebil:NoAdjuntarArchivo>?</ebil:NoAdjuntarArchivo>\r
            <!--Optional:-->\r
            <ebil:NoTieneAcuerdosFisicos>?</ebil:NoTieneAcuerdosFisicos>\r
            <!--Optional:-->\r
            <ebil:OrderControl>?</ebil:OrderControl>\r
            <!--Optional:-->\r
            <ebil:TipoCargaDetalle>?</ebil:TipoCargaDetalle>\r
            <!--Optional:-->\r
            <ebil:TipoDocumento>?</ebil:TipoDocumento>\r
            <!--Optional:-->\r
            <ebil:TokenConexion>?</ebil:TokenConexion>\r
            <!--Optional:-->\r
            <ebil:crearVIP>?</ebil:crearVIP>\r
            <!--Optional:-->\r
            <ebil:eBillAdmNumerosFactura>?</ebil:eBillAdmNumerosFactura>\r
         </tem:Opciones>\r
         <!--Optional:-->\r
         <tem:TipoComp>?</tem:TipoComp>\r
      </tem:SolicitaeBillPDFTAX_GR>\r
   </soapenv:Body>\r
</soapenv:Envelope>]]></con:request><con:wsaConfig mustUnderstand="NONE" version="200508" action="http://tempuri.org/IIntegracion/SolicitaeBillPDFTAX_GR"/></con:call></con:operation><con:operation id="9d57acf7-8c97-40ef-8e3b-36dc628ad4a5" isOneWay="false" action="http://tempuri.org/IIntegracion/SolicitaeBillPDFTAXLong" name="SolicitaeBillPDFTAXLong" bindingOperationName="SolicitaeBillPDFTAXLong" type="Request-Response" inputName="" receivesAttachments="false" sendsAttachments="false" anonymous="optional"><con:settings/><con:call id="8230b32a-f5dc-4894-8006-e143b288c26e" name="Request 1"><con:settings/><con:encoding>UTF-8</con:encoding><con:endpoint>https://fymtest.cloudapp.net:444/ServiciosFyM/eBill/Integracion.svc</con:endpoint><con:request><![CDATA[<soapenv:Envelope xmlns:soapenv="http://schemas.xmlsoap.org/soap/envelope/" xmlns:tem="http://tempuri.org/" xmlns:ebil="http://schemas.datacontract.org/2004/07/eBillCore">\r
   <soapenv:Header/>\r
   <soapenv:Body>\r
      <tem:SolicitaeBillPDFTAXLong>\r
         <!--Optional:-->\r
         <tem:FacCab>\r
            <!--Optional:-->\r
            <ebil:NitEmpresa>?</ebil:NitEmpresa>\r
            <!--Optional:-->\r
            <ebil:NumFactura>?</ebil:NumFactura>\r
            <!--Optional:-->\r
            <ebil:Prefijo>?</ebil:Prefijo>\r
         </tem:FacCab>\r
         <!--Optional:-->\r
         <tem:Opciones>\r
            <!--Optional:-->\r
            <ebil:ActualizaProductos>?</ebil:ActualizaProductos>\r
            <!--Optional:-->\r
            <ebil:BuscarXNitXIdInterno>?</ebil:BuscarXNitXIdInterno>\r
            <!--Optional:-->\r
            <ebil:EmisionAutomatica>?</ebil:EmisionAutomatica>\r
            <!--Optional:-->\r
            <ebil:EmisionAutomaticaFXComputador>?</ebil:EmisionAutomaticaFXComputador>\r
            <!--Optional:-->\r
            <ebil:FacturasSinAcuerdo>?</ebil:FacturasSinAcuerdo>\r
            <!--Optional:-->\r
            <ebil:ManejaPlantillasNotificacion>?</ebil:ManejaPlantillasNotificacion>\r
            <!--Optional:-->\r
            <ebil:NoAdjuntarArchivo>?</ebil:NoAdjuntarArchivo>\r
            <!--Optional:-->\r
            <ebil:NoTieneAcuerdosFisicos>?</ebil:NoTieneAcuerdosFisicos>\r
            <!--Optional:-->\r
            <ebil:OrderControl>?</ebil:OrderControl>\r
            <!--Optional:-->\r
            <ebil:TipoCargaDetalle>?</ebil:TipoCargaDetalle>\r
            <!--Optional:-->\r
            <ebil:TipoDocumento>?</ebil:TipoDocumento>\r
            <!--Optional:-->\r
            <ebil:TokenConexion>?</ebil:TokenConexion>\r
            <!--Optional:-->\r
            <ebil:crearVIP>?</ebil:crearVIP>\r
            <!--Optional:-->\r
            <ebil:eBillAdmNumerosFactura>?</ebil:eBillAdmNumerosFactura>\r
         </tem:Opciones>\r
         <!--Optional:-->\r
         <tem:TipoComp>?</tem:TipoComp>\r
      </tem:SolicitaeBillPDFTAXLong>\r
   </soapenv:Body>\r
</soapenv:Envelope>]]></con:request><con:wsaConfig mustUnderstand="NONE" version="200508" action="http://tempuri.org/IIntegracion/SolicitaeBillPDFTAXLong"/></con:call></con:operation><con:operation id="9bc2ac0d-c4bc-4c0c-8e3a-1723234ffd72" isOneWay="false" action="http://tempuri.org/IIntegracion/SolicitaeBillPDFXCodigo" name="SolicitaeBillPDFXCodigo" bindingOperationName="SolicitaeBillPDFXCodigo" type="Request-Response" inputName="" receivesAttachments="false" sendsAttachments="false" anonymous="optional"><con:settings/><con:call id="fb1a789c-09eb-4604-9ef2-9612c4e78679" name="Request 1"><con:settings/><con:encoding>UTF-8</con:encoding><con:endpoint>https://fymtest.cloudapp.net:444/ServiciosFyM/eBill/Integracion.svc</con:endpoint><con:request><![CDATA[<soapenv:Envelope xmlns:soapenv="http://schemas.xmlsoap.org/soap/envelope/" xmlns:tem="http://tempuri.org/">\r
   <soapenv:Header/>\r
   <soapenv:Body>\r
      <tem:SolicitaeBillPDFXCodigo>\r
         <!--Optional:-->\r
         <tem:CodigoUnico>?</tem:CodigoUnico>\r
      </tem:SolicitaeBillPDFXCodigo>\r
   </soapenv:Body>\r
</soapenv:Envelope>]]></con:request><con:wsaConfig mustUnderstand="NONE" version="200508" action="http://tempuri.org/IIntegracion/SolicitaeBillPDFXCodigo"/></con:call></con:operation><con:operation id="1e3b7726-0e04-4eaa-8dae-7f5ee283faaa" isOneWay="false" action="http://tempuri.org/IIntegracion/SolicitaParametrosGestionDocumental" name="SolicitaParametrosGestionDocumental" bindingOperationName="SolicitaParametrosGestionDocumental" type="Request-Response" inputName="" receivesAttachments="false" sendsAttachments="false" anonymous="optional"><con:settings/><con:call id="a63be053-1ef2-4f8f-945b-2f4ac1ba91d9" name="Request 1"><con:settings/><con:encoding>UTF-8</con:encoding><con:endpoint>https://fymtest.cloudapp.net:444/ServiciosFyM/eBill/Integracion.svc</con:endpoint><con:request><![CDATA[<soapenv:Envelope xmlns:soapenv="http://schemas.xmlsoap.org/soap/envelope/" xmlns:tem="http://tempuri.org/">\r
   <soapenv:Header/>\r
   <soapenv:Body>\r
      <tem:SolicitaParametrosGestionDocumental>\r
         <!--Optional:-->\r
         <tem:Ambiente>?</tem:Ambiente>\r
         <!--Optional:-->\r
         <tem:token>?</tem:token>\r
      </tem:SolicitaParametrosGestionDocumental>\r
   </soapenv:Body>\r
</soapenv:Envelope>]]></con:request><con:wsaConfig mustUnderstand="NONE" version="200508" action="http://tempuri.org/IIntegracion/SolicitaParametrosGestionDocumental"/></con:call></con:operation><con:operation id="b83c95b3-6435-4b87-82cc-5bf70ff7a460" isOneWay="false" action="http://tempuri.org/IIntegracion/SolicitareBillFacturasRadicadasRecepcion" name="SolicitareBillFacturasRadicadasRecepcion" bindingOperationName="SolicitareBillFacturasRadicadasRecepcion" type="Request-Response" inputName="" receivesAttachments="false" sendsAttachments="false" anonymous="optional"><con:settings/><con:call id="b945585f-7ed6-45e1-9e41-c9c99c590ad7" name="Request 1"><con:settings/><con:encoding>UTF-8</con:encoding><con:endpoint>https://fymtest.cloudapp.net:444/ServiciosFyM/eBill/Integracion.svc</con:endpoint><con:request><![CDATA[<soapenv:Envelope xmlns:soapenv="http://schemas.xmlsoap.org/soap/envelope/" xmlns:tem="http://tempuri.org/" xmlns:ebil="http://schemas.datacontract.org/2004/07/eBillCore">\r
   <soapenv:Header/>\r
   <soapenv:Body>\r
      <tem:SolicitareBillFacturasRadicadasRecepcion>\r
         <!--Optional:-->\r
         <tem:FacCab>\r
            <!--Optional:-->\r
            <ebil:NitCliente>?</ebil:NitCliente>\r
            <!--Optional:-->\r
            <ebil:NitEmpresa>?</ebil:NitEmpresa>\r
            <!--Optional:-->\r
            <ebil:NumFactura>?</ebil:NumFactura>\r
            <!--Optional:-->\r
            <ebil:OrderID>?</ebil:OrderID>\r
            <!--Optional:-->\r
            <ebil:Prefijo>?</ebil:Prefijo>\r
            <!--Optional:-->\r
            <ebil:Sucursal>?</ebil:Sucursal>\r
            <!--Optional:-->\r
            <ebil:TipoComprobante>?</ebil:TipoComprobante>\r
         </tem:FacCab>\r
         <!--Optional:-->\r
         <tem:Opciones>\r
            <!--Optional:-->\r
            <ebil:ActualizaProductos>?</ebil:ActualizaProductos>\r
            <!--Optional:-->\r
            <ebil:CalculaReteCree>?</ebil:CalculaReteCree>\r
            <!--Optional:-->\r
            <ebil:CalculaReteFuente>?</ebil:CalculaReteFuente>\r
            <!--Optional:-->\r
            <ebil:CalculaReteICA>?</ebil:CalculaReteICA>\r
            <!--Optional:-->\r
            <ebil:CalculaReteIVA>?</ebil:CalculaReteIVA>\r
            <!--Optional:-->\r
            <ebil:EmisionAutomatica>?</ebil:EmisionAutomatica>\r
            <!--Optional:-->\r
            <ebil:FacturasSinAcuerdo>?</ebil:FacturasSinAcuerdo>\r
            <!--Optional:-->\r
            <ebil:ModeloXAceptacion>?</ebil:ModeloXAceptacion>\r
            <!--Optional:-->\r
            <ebil:NotasRelacionadas>?</ebil:NotasRelacionadas>\r
            <!--Optional:-->\r
            <ebil:OrderControl>?</ebil:OrderControl>\r
            <!--Optional:-->\r
            <ebil:TieneAcuerdosFisicos>?</ebil:TieneAcuerdosFisicos>\r
            <!--Optional:-->\r
            <ebil:TokenConexion>?</ebil:TokenConexion>\r
            <!--Optional:-->\r
            <ebil:eBillAdmNumerosFactura>?</ebil:eBillAdmNumerosFactura>\r
         </tem:Opciones>\r
      </tem:SolicitareBillFacturasRadicadasRecepcion>\r
   </soapenv:Body>\r
</soapenv:Envelope>]]></con:request><con:wsaConfig mustUnderstand="NONE" version="200508" action="http://tempuri.org/IIntegracion/SolicitareBillFacturasRadicadasRecepcion"/></con:call></con:operation><con:operation id="91502c13-5ef0-4e23-a716-ecc99935c035" isOneWay="false" action="http://tempuri.org/IIntegracion/SolicitareBillFacturasRadicadasRecepcionXEstado" name="SolicitareBillFacturasRadicadasRecepcionXEstado" bindingOperationName="SolicitareBillFacturasRadicadasRecepcionXEstado" type="Request-Response" inputName="" receivesAttachments="false" sendsAttachments="false" anonymous="optional"><con:settings/><con:call id="28f002ea-0687-49f0-8e60-f38fc486bace" name="Request 1"><con:settings/><con:encoding>UTF-8</con:encoding><con:endpoint>https://fymtest.cloudapp.net:444/ServiciosFyM/eBill/Integracion.svc</con:endpoint><con:request><![CDATA[<soapenv:Envelope xmlns:soapenv="http://schemas.xmlsoap.org/soap/envelope/" xmlns:tem="http://tempuri.org/" xmlns:ebil="http://schemas.datacontract.org/2004/07/eBillCore">\r
   <soapenv:Header/>\r
   <soapenv:Body>\r
      <tem:SolicitareBillFacturasRadicadasRecepcionXEstado>\r
         <!--Optional:-->\r
         <tem:FacCab>\r
            <!--Optional:-->\r
            <ebil:NitCliente>?</ebil:NitCliente>\r
            <!--Optional:-->\r
            <ebil:NitEmpresa>?</ebil:NitEmpresa>\r
            <!--Optional:-->\r
            <ebil:NumFactura>?</ebil:NumFactura>\r
            <!--Optional:-->\r
            <ebil:OrderID>?</ebil:OrderID>\r
            <!--Optional:-->\r
            <ebil:Prefijo>?</ebil:Prefijo>\r
            <!--Optional:-->\r
            <ebil:Sucursal>?</ebil:Sucursal>\r
            <!--Optional:-->\r
            <ebil:TipoComprobante>?</ebil:TipoComprobante>\r
         </tem:FacCab>\r
         <!--Optional:-->\r
         <tem:Opciones>\r
            <!--Optional:-->\r
            <ebil:ActualizaProductos>?</ebil:ActualizaProductos>\r
            <!--Optional:-->\r
            <ebil:CalculaReteCree>?</ebil:CalculaReteCree>\r
            <!--Optional:-->\r
            <ebil:CalculaReteFuente>?</ebil:CalculaReteFuente>\r
            <!--Optional:-->\r
            <ebil:CalculaReteICA>?</ebil:CalculaReteICA>\r
            <!--Optional:-->\r
            <ebil:CalculaReteIVA>?</ebil:CalculaReteIVA>\r
            <!--Optional:-->\r
            <ebil:EmisionAutomatica>?</ebil:EmisionAutomatica>\r
            <!--Optional:-->\r
            <ebil:FacturasSinAcuerdo>?</ebil:FacturasSinAcuerdo>\r
            <!--Optional:-->\r
            <ebil:ModeloXAceptacion>?</ebil:ModeloXAceptacion>\r
            <!--Optional:-->\r
            <ebil:NotasRelacionadas>?</ebil:NotasRelacionadas>\r
            <!--Optional:-->\r
            <ebil:OrderControl>?</ebil:OrderControl>\r
            <!--Optional:-->\r
            <ebil:TieneAcuerdosFisicos>?</ebil:TieneAcuerdosFisicos>\r
            <!--Optional:-->\r
            <ebil:TokenConexion>?</ebil:TokenConexion>\r
            <!--Optional:-->\r
            <ebil:eBillAdmNumerosFactura>?</ebil:eBillAdmNumerosFactura>\r
         </tem:Opciones>\r
      </tem:SolicitareBillFacturasRadicadasRecepcionXEstado>\r
   </soapenv:Body>\r
</soapenv:Envelope>]]></con:request><con:wsaConfig mustUnderstand="NONE" version="200508" action="http://tempuri.org/IIntegracion/SolicitareBillFacturasRadicadasRecepcionXEstado"/></con:call></con:operation><con:operation id="8b469d42-1f5d-4913-94c2-188fafa3a127" isOneWay="false" action="http://tempuri.org/IIntegracion/SolicitareBillFacturasRadicadasRecepcionXNitRecXDiaRec" name="SolicitareBillFacturasRadicadasRecepcionXNitRecXDiaRec" bindingOperationName="SolicitareBillFacturasRadicadasRecepcionXNitRecXDiaRec" type="Request-Response" inputName="" receivesAttachments="false" sendsAttachments="false" anonymous="optional"><con:settings/><con:call id="2c2efcff-9309-4e17-ba33-803d3a4bdaf2" name="Request 1"><con:settings/><con:encoding>UTF-8</con:encoding><con:endpoint>https://fymtest.cloudapp.net:444/ServiciosFyM/eBill/Integracion.svc</con:endpoint><con:request><![CDATA[<soapenv:Envelope xmlns:soapenv="http://schemas.xmlsoap.org/soap/envelope/" xmlns:tem="http://tempuri.org/" xmlns:ebil="http://schemas.datacontract.org/2004/07/eBillCore">\r
   <soapenv:Header/>\r
   <soapenv:Body>\r
      <tem:SolicitareBillFacturasRadicadasRecepcionXNitRecXDiaRec>\r
         <!--Optional:-->\r
         <tem:FacCab>\r
            <!--Optional:-->\r
            <ebil:NitCliente>?</ebil:NitCliente>\r
            <!--Optional:-->\r
            <ebil:NitEmpresa>?</ebil:NitEmpresa>\r
            <!--Optional:-->\r
            <ebil:NumFactura>?</ebil:NumFactura>\r
            <!--Optional:-->\r
            <ebil:OrderID>?</ebil:OrderID>\r
            <!--Optional:-->\r
            <ebil:Prefijo>?</ebil:Prefijo>\r
            <!--Optional:-->\r
            <ebil:Sucursal>?</ebil:Sucursal>\r
            <!--Optional:-->\r
            <ebil:TipoComprobante>?</ebil:TipoComprobante>\r
         </tem:FacCab>\r
         <!--Optional:-->\r
         <tem:fechaRadicacion>?</tem:fechaRadicacion>\r
         <!--Optional:-->\r
         <tem:Opciones>\r
            <!--Optional:-->\r
            <ebil:ActualizaProductos>?</ebil:ActualizaProductos>\r
            <!--Optional:-->\r
            <ebil:CalculaReteCree>?</ebil:CalculaReteCree>\r
            <!--Optional:-->\r
            <ebil:CalculaReteFuente>?</ebil:CalculaReteFuente>\r
            <!--Optional:-->\r
            <ebil:CalculaReteICA>?</ebil:CalculaReteICA>\r
            <!--Optional:-->\r
            <ebil:CalculaReteIVA>?</ebil:CalculaReteIVA>\r
            <!--Optional:-->\r
            <ebil:EmisionAutomatica>?</ebil:EmisionAutomatica>\r
            <!--Optional:-->\r
            <ebil:FacturasSinAcuerdo>?</ebil:FacturasSinAcuerdo>\r
            <!--Optional:-->\r
            <ebil:ModeloXAceptacion>?</ebil:ModeloXAceptacion>\r
            <!--Optional:-->\r
            <ebil:NotasRelacionadas>?</ebil:NotasRelacionadas>\r
            <!--Optional:-->\r
            <ebil:OrderControl>?</ebil:OrderControl>\r
            <!--Optional:-->\r
            <ebil:TieneAcuerdosFisicos>?</ebil:TieneAcuerdosFisicos>\r
            <!--Optional:-->\r
            <ebil:TokenConexion>?</ebil:TokenConexion>\r
            <!--Optional:-->\r
            <ebil:eBillAdmNumerosFactura>?</ebil:eBillAdmNumerosFactura>\r
         </tem:Opciones>\r
         <!--Optional:-->\r
         <tem:estadoDocumento>?</tem:estadoDocumento>\r
      </tem:SolicitareBillFacturasRadicadasRecepcionXNitRecXDiaRec>\r
   </soapenv:Body>\r
</soapenv:Envelope>]]></con:request><con:wsaConfig mustUnderstand="NONE" version="200508" action="http://tempuri.org/IIntegracion/SolicitareBillFacturasRadicadasRecepcionXNitRecXDiaRec"/></con:call></con:operation><con:operation id="3ba6b5ab-3cce-4367-bf95-1d0004e50aac" isOneWay="false" action="http://tempuri.org/IIntegracion/SolicitareBillFacturasRadicadasRecepcionXNitRecXDiaRec_TerceroPagador" name="SolicitareBillFacturasRadicadasRecepcionXNitRecXDiaRec_TerceroPagador" bindingOperationName="SolicitareBillFacturasRadicadasRecepcionXNitRecXDiaRec_TerceroPagador" type="Request-Response" inputName="" receivesAttachments="false" sendsAttachments="false" anonymous="optional"><con:settings/><con:call id="6ee6a62a-95cf-4e07-9ba5-6f7f44261b7a" name="Request 1"><con:settings/><con:encoding>UTF-8</con:encoding><con:endpoint>https://fymtest.cloudapp.net:444/ServiciosFyM/eBill/Integracion.svc</con:endpoint><con:request><![CDATA[<soapenv:Envelope xmlns:soapenv="http://schemas.xmlsoap.org/soap/envelope/" xmlns:tem="http://tempuri.org/" xmlns:ebil="http://schemas.datacontract.org/2004/07/eBillCore">\r
   <soapenv:Header/>\r
   <soapenv:Body>\r
      <tem:SolicitareBillFacturasRadicadasRecepcionXNitRecXDiaRec_TerceroPagador>\r
         <!--Optional:-->\r
         <tem:FacCab>\r
            <!--Optional:-->\r
            <ebil:NitCliente>?</ebil:NitCliente>\r
            <!--Optional:-->\r
            <ebil:NitEmpresa>?</ebil:NitEmpresa>\r
            <!--Optional:-->\r
            <ebil:NumFactura>?</ebil:NumFactura>\r
            <!--Optional:-->\r
            <ebil:OrderID>?</ebil:OrderID>\r
            <!--Optional:-->\r
            <ebil:Prefijo>?</ebil:Prefijo>\r
            <!--Optional:-->\r
            <ebil:Sucursal>?</ebil:Sucursal>\r
            <!--Optional:-->\r
            <ebil:TipoComprobante>?</ebil:TipoComprobante>\r
         </tem:FacCab>\r
         <!--Optional:-->\r
         <tem:fechaRadicacion>?</tem:fechaRadicacion>\r
         <!--Optional:-->\r
         <tem:Opciones>\r
            <!--Optional:-->\r
            <ebil:ActualizaProductos>?</ebil:ActualizaProductos>\r
            <!--Optional:-->\r
            <ebil:CalculaReteCree>?</ebil:CalculaReteCree>\r
            <!--Optional:-->\r
            <ebil:CalculaReteFuente>?</ebil:CalculaReteFuente>\r
            <!--Optional:-->\r
            <ebil:CalculaReteICA>?</ebil:CalculaReteICA>\r
            <!--Optional:-->\r
            <ebil:CalculaReteIVA>?</ebil:CalculaReteIVA>\r
            <!--Optional:-->\r
            <ebil:EmisionAutomatica>?</ebil:EmisionAutomatica>\r
            <!--Optional:-->\r
            <ebil:FacturasSinAcuerdo>?</ebil:FacturasSinAcuerdo>\r
            <!--Optional:-->\r
            <ebil:ModeloXAceptacion>?</ebil:ModeloXAceptacion>\r
            <!--Optional:-->\r
            <ebil:NotasRelacionadas>?</ebil:NotasRelacionadas>\r
            <!--Optional:-->\r
            <ebil:OrderControl>?</ebil:OrderControl>\r
            <!--Optional:-->\r
            <ebil:TieneAcuerdosFisicos>?</ebil:TieneAcuerdosFisicos>\r
            <!--Optional:-->\r
            <ebil:TokenConexion>?</ebil:TokenConexion>\r
            <!--Optional:-->\r
            <ebil:eBillAdmNumerosFactura>?</ebil:eBillAdmNumerosFactura>\r
         </tem:Opciones>\r
      </tem:SolicitareBillFacturasRadicadasRecepcionXNitRecXDiaRec_TerceroPagador>\r
   </soapenv:Body>\r
</soapenv:Envelope>]]></con:request><con:wsaConfig mustUnderstand="NONE" version="200508" action="http://tempuri.org/IIntegracion/SolicitareBillFacturasRadicadasRecepcionXNitRecXDiaRec_TerceroPagador"/></con:call></con:operation><con:operation id="32411f3c-33ec-4e37-8a1b-56fc376cda9b" isOneWay="false" action="http://tempuri.org/IIntegracion/SolicitareBillFacturasRadicadasRecepcionXRango" name="SolicitareBillFacturasRadicadasRecepcionXRango" bindingOperationName="SolicitareBillFacturasRadicadasRecepcionXRango" type="Request-Response" inputName="" receivesAttachments="false" sendsAttachments="false" anonymous="optional"><con:settings/><con:call id="f2445926-5f71-46ba-8664-2b6e68cb4e87" name="Request 1"><con:settings/><con:encoding>UTF-8</con:encoding><con:endpoint>https://fymtest.cloudapp.net:444/ServiciosFyM/eBill/Integracion.svc</con:endpoint><con:request><![CDATA[<soapenv:Envelope xmlns:soapenv="http://schemas.xmlsoap.org/soap/envelope/" xmlns:tem="http://tempuri.org/" xmlns:ebil="http://schemas.datacontract.org/2004/07/eBillCore">\r
   <soapenv:Header/>\r
   <soapenv:Body>\r
      <tem:SolicitareBillFacturasRadicadasRecepcionXRango>\r
         <!--Optional:-->\r
         <tem:FacCab>\r
            <!--Optional:-->\r
            <ebil:NitCliente>?</ebil:NitCliente>\r
            <!--Optional:-->\r
            <ebil:NitEmpresa>?</ebil:NitEmpresa>\r
            <!--Optional:-->\r
            <ebil:NumFactura>?</ebil:NumFactura>\r
            <!--Optional:-->\r
            <ebil:OrderID>?</ebil:OrderID>\r
            <!--Optional:-->\r
            <ebil:Prefijo>?</ebil:Prefijo>\r
            <!--Optional:-->\r
            <ebil:Sucursal>?</ebil:Sucursal>\r
            <!--Optional:-->\r
            <ebil:TipoComprobante>?</ebil:TipoComprobante>\r
         </tem:FacCab>\r
         <!--Optional:-->\r
         <tem:fechaInicial>?</tem:fechaInicial>\r
         <!--Optional:-->\r
         <tem:fechaFinal>?</tem:fechaFinal>\r
         <!--Optional:-->\r
         <tem:Opciones>\r
            <!--Optional:-->\r
            <ebil:ActualizaProductos>?</ebil:ActualizaProductos>\r
            <!--Optional:-->\r
            <ebil:CalculaReteCree>?</ebil:CalculaReteCree>\r
            <!--Optional:-->\r
            <ebil:CalculaReteFuente>?</ebil:CalculaReteFuente>\r
            <!--Optional:-->\r
            <ebil:CalculaReteICA>?</ebil:CalculaReteICA>\r
            <!--Optional:-->\r
            <ebil:CalculaReteIVA>?</ebil:CalculaReteIVA>\r
            <!--Optional:-->\r
            <ebil:EmisionAutomatica>?</ebil:EmisionAutomatica>\r
            <!--Optional:-->\r
            <ebil:FacturasSinAcuerdo>?</ebil:FacturasSinAcuerdo>\r
            <!--Optional:-->\r
            <ebil:ModeloXAceptacion>?</ebil:ModeloXAceptacion>\r
            <!--Optional:-->\r
            <ebil:NotasRelacionadas>?</ebil:NotasRelacionadas>\r
            <!--Optional:-->\r
            <ebil:OrderControl>?</ebil:OrderControl>\r
            <!--Optional:-->\r
            <ebil:TieneAcuerdosFisicos>?</ebil:TieneAcuerdosFisicos>\r
            <!--Optional:-->\r
            <ebil:TokenConexion>?</ebil:TokenConexion>\r
            <!--Optional:-->\r
            <ebil:eBillAdmNumerosFactura>?</ebil:eBillAdmNumerosFactura>\r
         </tem:Opciones>\r
      </tem:SolicitareBillFacturasRadicadasRecepcionXRango>\r
   </soapenv:Body>\r
</soapenv:Envelope>]]></con:request><con:wsaConfig mustUnderstand="NONE" version="200508" action="http://tempuri.org/IIntegracion/SolicitareBillFacturasRadicadasRecepcionXRango"/></con:call></con:operation><con:operation id="baa6ae6e-b38e-405a-8efa-032c453a1a3d" isOneWay="false" action="http://tempuri.org/IIntegracion/SolicitareBillFacturasRadicadasRecepcionXRango_TerceroPagador" name="SolicitareBillFacturasRadicadasRecepcionXRango_TerceroPagador" bindingOperationName="SolicitareBillFacturasRadicadasRecepcionXRango_TerceroPagador" type="Request-Response" inputName="" receivesAttachments="false" sendsAttachments="false" anonymous="optional"><con:settings/><con:call id="58670cd4-134e-41b1-9604-6493049460e5" name="Request 1"><con:settings/><con:encoding>UTF-8</con:encoding><con:endpoint>https://fymtest.cloudapp.net:444/ServiciosFyM/eBill/Integracion.svc</con:endpoint><con:request><![CDATA[<soapenv:Envelope xmlns:soapenv="http://schemas.xmlsoap.org/soap/envelope/" xmlns:tem="http://tempuri.org/" xmlns:ebil="http://schemas.datacontract.org/2004/07/eBillCore">\r
   <soapenv:Header/>\r
   <soapenv:Body>\r
      <tem:SolicitareBillFacturasRadicadasRecepcionXRango_TerceroPagador>\r
         <!--Optional:-->\r
         <tem:FacCab>\r
            <!--Optional:-->\r
            <ebil:NitCliente>?</ebil:NitCliente>\r
            <!--Optional:-->\r
            <ebil:NitEmpresa>?</ebil:NitEmpresa>\r
            <!--Optional:-->\r
            <ebil:NumFactura>?</ebil:NumFactura>\r
            <!--Optional:-->\r
            <ebil:OrderID>?</ebil:OrderID>\r
            <!--Optional:-->\r
            <ebil:Prefijo>?</ebil:Prefijo>\r
            <!--Optional:-->\r
            <ebil:Sucursal>?</ebil:Sucursal>\r
            <!--Optional:-->\r
            <ebil:TipoComprobante>?</ebil:TipoComprobante>\r
         </tem:FacCab>\r
         <!--Optional:-->\r
         <tem:fechaInicial>?</tem:fechaInicial>\r
         <!--Optional:-->\r
         <tem:fechaFinal>?</tem:fechaFinal>\r
         <!--Optional:-->\r
         <tem:Opciones>\r
            <!--Optional:-->\r
            <ebil:ActualizaProductos>?</ebil:ActualizaProductos>\r
            <!--Optional:-->\r
            <ebil:CalculaReteCree>?</ebil:CalculaReteCree>\r
            <!--Optional:-->\r
            <ebil:CalculaReteFuente>?</ebil:CalculaReteFuente>\r
            <!--Optional:-->\r
            <ebil:CalculaReteICA>?</ebil:CalculaReteICA>\r
            <!--Optional:-->\r
            <ebil:CalculaReteIVA>?</ebil:CalculaReteIVA>\r
            <!--Optional:-->\r
            <ebil:EmisionAutomatica>?</ebil:EmisionAutomatica>\r
            <!--Optional:-->\r
            <ebil:FacturasSinAcuerdo>?</ebil:FacturasSinAcuerdo>\r
            <!--Optional:-->\r
            <ebil:ModeloXAceptacion>?</ebil:ModeloXAceptacion>\r
            <!--Optional:-->\r
            <ebil:NotasRelacionadas>?</ebil:NotasRelacionadas>\r
            <!--Optional:-->\r
            <ebil:OrderControl>?</ebil:OrderControl>\r
            <!--Optional:-->\r
            <ebil:TieneAcuerdosFisicos>?</ebil:TieneAcuerdosFisicos>\r
            <!--Optional:-->\r
            <ebil:TokenConexion>?</ebil:TokenConexion>\r
            <!--Optional:-->\r
            <ebil:eBillAdmNumerosFactura>?</ebil:eBillAdmNumerosFactura>\r
         </tem:Opciones>\r
      </tem:SolicitareBillFacturasRadicadasRecepcionXRango_TerceroPagador>\r
   </soapenv:Body>\r
</soapenv:Envelope>]]></con:request><con:wsaConfig mustUnderstand="NONE" version="200508" action="http://tempuri.org/IIntegracion/SolicitareBillFacturasRadicadasRecepcionXRango_TerceroPagador"/></con:call></con:operation><con:operation id="236da505-ae92-47f1-9a12-f0adaae9ed0e" isOneWay="false" action="http://tempuri.org/IIntegracion/SolicitarEventosRecibidosXNitEmisorXDiaRec" name="SolicitarEventosRecibidosXNitEmisorXDiaRec" bindingOperationName="SolicitarEventosRecibidosXNitEmisorXDiaRec" type="Request-Response" inputName="" receivesAttachments="false" sendsAttachments="false" anonymous="optional"><con:settings/><con:call id="0fa94bb5-57b1-4894-873b-0eb46fa7f295" name="Request 1"><con:settings/><con:encoding>UTF-8</con:encoding><con:endpoint>https://fymtest.cloudapp.net:444/ServiciosFyM/eBill/Integracion.svc</con:endpoint><con:request><![CDATA[<soapenv:Envelope xmlns:soapenv="http://schemas.xmlsoap.org/soap/envelope/" xmlns:tem="http://tempuri.org/">\r
   <soapenv:Header/>\r
   <soapenv:Body>\r
      <tem:SolicitarEventosRecibidosXNitEmisorXDiaRec>\r
         <!--Optional:-->\r
         <tem:NitEmpresaEmisora>?</tem:NitEmpresaEmisora>\r
         <!--Optional:-->\r
         <tem:TokenEmpresaEmisora>?</tem:TokenEmpresaEmisora>\r
         <!--Optional:-->\r
         <tem:fechaRadicacion>?</tem:fechaRadicacion>\r
         <!--Optional:-->\r
         <tem:EventosDocsEmitidos>?</tem:EventosDocsEmitidos>\r
         <!--Optional:-->\r
         <tem:TipoEvento>?</tem:TipoEvento>\r
         <!--Optional:-->\r
         <tem:IncluirXML>?</tem:IncluirXML>\r
      </tem:SolicitarEventosRecibidosXNitEmisorXDiaRec>\r
   </soapenv:Body>\r
</soapenv:Envelope>]]></con:request><con:wsaConfig mustUnderstand="NONE" version="200508" action="http://tempuri.org/IIntegracion/SolicitarEventosRecibidosXNitEmisorXDiaRec"/></con:call></con:operation><con:operation id="be2203fd-d0b9-4a00-9883-007d3802e031" isOneWay="false" action="http://tempuri.org/IIntegracion/TraerAdjuntosXDocumento" name="TraerAdjuntosXDocumento" bindingOperationName="TraerAdjuntosXDocumento" type="Request-Response" inputName="" receivesAttachments="false" sendsAttachments="false" anonymous="optional"><con:settings/><con:call id="da0d07ae-5957-497d-b98a-c63d453b0003" name="Request 1"><con:settings/><con:encoding>UTF-8</con:encoding><con:endpoint>https://fymtest.cloudapp.net:444/ServiciosFyM/eBill/Integracion.svc</con:endpoint><con:request><![CDATA[<soapenv:Envelope xmlns:soapenv="http://schemas.xmlsoap.org/soap/envelope/" xmlns:tem="http://tempuri.org/">\r
   <soapenv:Header/>\r
   <soapenv:Body>\r
      <tem:TraerAdjuntosXDocumento>\r
         <!--Optional:-->\r
         <tem:IdEmpresa>?</tem:IdEmpresa>\r
         <!--Optional:-->\r
         <tem:IdDocumento>?</tem:IdDocumento>\r
         <!--Optional:-->\r
         <tem:Token>?</tem:Token>\r
      </tem:TraerAdjuntosXDocumento>\r
   </soapenv:Body>\r
</soapenv:Envelope>]]></con:request><con:wsaConfig mustUnderstand="NONE" version="200508" action="http://tempuri.org/IIntegracion/TraerAdjuntosXDocumento"/></con:call></con:operation><con:operation id="5edc9e35-ff8f-47f6-ae4a-30b8e87bcdea" isOneWay="false" action="http://tempuri.org/IIntegracion/TraerAdjuntosXPrefijoXNumXTipoComp" name="TraerAdjuntosXPrefijoXNumXTipoComp" bindingOperationName="TraerAdjuntosXPrefijoXNumXTipoComp" type="Request-Response" inputName="" receivesAttachments="false" sendsAttachments="false" anonymous="optional"><con:settings/><con:call id="f11794a7-7d5b-4574-87fc-53fbe0bf8e59" name="Request 1"><con:settings/><con:encoding>UTF-8</con:encoding><con:endpoint>https://fymtest.cloudapp.net:444/ServiciosFyM/eBill/Integracion.svc</con:endpoint><con:request><![CDATA[<soapenv:Envelope xmlns:soapenv="http://schemas.xmlsoap.org/soap/envelope/" xmlns:tem="http://tempuri.org/">\r
   <soapenv:Header/>\r
   <soapenv:Body>\r
      <tem:TraerAdjuntosXPrefijoXNumXTipoComp>\r
         <!--Optional:-->\r
         <tem:NitEmpresaReceptora>?</tem:NitEmpresaReceptora>\r
         <!--Optional:-->\r
         <tem:NitEmpresaEmisora>?</tem:NitEmpresaEmisora>\r
         <!--Optional:-->\r
         <tem:Prefijo>?</tem:Prefijo>\r
         <!--Optional:-->\r
         <tem:Numero>?</tem:Numero>\r
         <!--Optional:-->\r
         <tem:NumEnlace>?</tem:NumEnlace>\r
         <!--Optional:-->\r
         <tem:TipoComprobante>?</tem:TipoComprobante>\r
         <!--Optional:-->\r
         <tem:Token>?</tem:Token>\r
         <!--Optional:-->\r
         <tem:MultiAnexo>?</tem:MultiAnexo>\r
      </tem:TraerAdjuntosXPrefijoXNumXTipoComp>\r
   </soapenv:Body>\r
</soapenv:Envelope>]]></con:request><con:wsaConfig mustUnderstand="NONE" version="200508" action="http://tempuri.org/IIntegracion/TraerAdjuntosXPrefijoXNumXTipoComp"/></con:call></con:operation><con:operation id="034c3ac6-6240-4d3a-91ff-cd1e1ea88679" isOneWay="false" action="http://tempuri.org/IIntegracion/TraerAdjuntosXPrefijoXNumXTipoComp_TerceroPagador" name="TraerAdjuntosXPrefijoXNumXTipoComp_TerceroPagador" bindingOperationName="TraerAdjuntosXPrefijoXNumXTipoComp_TerceroPagador" type="Request-Response" inputName="" receivesAttachments="false" sendsAttachments="false" anonymous="optional"><con:settings/><con:call id="b0f3ef64-8681-48ee-9e87-c3231f278f25" name="Request 1"><con:settings/><con:encoding>UTF-8</con:encoding><con:endpoint>https://fymtest.cloudapp.net:444/ServiciosFyM/eBill/Integracion.svc</con:endpoint><con:request><![CDATA[<soapenv:Envelope xmlns:soapenv="http://schemas.xmlsoap.org/soap/envelope/" xmlns:tem="http://tempuri.org/">\r
   <soapenv:Header/>\r
   <soapenv:Body>\r
      <tem:TraerAdjuntosXPrefijoXNumXTipoComp_TerceroPagador>\r
         <!--Optional:-->\r
         <tem:NitEmpresaReceptora>?</tem:NitEmpresaReceptora>\r
         <!--Optional:-->\r
         <tem:NitEmpresaEmisora>?</tem:NitEmpresaEmisora>\r
         <!--Optional:-->\r
         <tem:Prefijo>?</tem:Prefijo>\r
         <!--Optional:-->\r
         <tem:Numero>?</tem:Numero>\r
         <!--Optional:-->\r
         <tem:NumEnlace>?</tem:NumEnlace>\r
         <!--Optional:-->\r
         <tem:TipoComprobante>?</tem:TipoComprobante>\r
         <!--Optional:-->\r
         <tem:Token>?</tem:Token>\r
         <!--Optional:-->\r
         <tem:MultiAnexo>?</tem:MultiAnexo>\r
      </tem:TraerAdjuntosXPrefijoXNumXTipoComp_TerceroPagador>\r
   </soapenv:Body>\r
</soapenv:Envelope>]]></con:request><con:wsaConfig mustUnderstand="NONE" version="200508" action="http://tempuri.org/IIntegracion/TraerAdjuntosXPrefijoXNumXTipoComp_TerceroPagador"/></con:call></con:operation><con:operation id="2ca843c9-b748-4336-8bc4-258925fe1b5c" isOneWay="false" action="http://tempuri.org/IIntegracion/TraerCertificadoDigital" name="TraerCertificadoDigital" bindingOperationName="TraerCertificadoDigital" type="Request-Response" inputName="" receivesAttachments="false" sendsAttachments="false" anonymous="optional"><con:settings/><con:call id="f2ea1261-b557-436c-8412-66c0b63a656a" name="Request 1"><con:settings/><con:encoding>UTF-8</con:encoding><con:endpoint>https://fymtest.cloudapp.net:444/ServiciosFyM/eBill/Integracion.svc</con:endpoint><con:request><![CDATA[<soapenv:Envelope xmlns:soapenv="http://schemas.xmlsoap.org/soap/envelope/" xmlns:tem="http://tempuri.org/">\r
   <soapenv:Header/>\r
   <soapenv:Body>\r
      <tem:TraerCertificadoDigital>\r
         <!--Optional:-->\r
         <tem:IdEmpresa>?</tem:IdEmpresa>\r
         <!--Optional:-->\r
         <tem:Token>?</tem:Token>\r
         <!--Optional:-->\r
         <tem:Pass>?</tem:Pass>\r
      </tem:TraerCertificadoDigital>\r
   </soapenv:Body>\r
</soapenv:Envelope>]]></con:request><con:wsaConfig mustUnderstand="NONE" version="200508" action="http://tempuri.org/IIntegracion/TraerCertificadoDigital"/></con:call></con:operation><con:operation id="d3e86971-14d9-4e67-a04f-976ea50ad772" isOneWay="false" action="http://tempuri.org/IIntegracion/TraerDatosEmpresasEmisoras" name="TraerDatosEmpresasEmisoras" bindingOperationName="TraerDatosEmpresasEmisoras" type="Request-Response" inputName="" receivesAttachments="false" sendsAttachments="false" anonymous="optional"><con:settings/><con:call id="e6524e4d-3f82-44e6-94c1-f2c8a5c20e11" name="Request 1"><con:settings/><con:encoding>UTF-8</con:encoding><con:endpoint>https://fymtest.cloudapp.net:444/ServiciosFyM/eBill/Integracion.svc</con:endpoint><con:request><![CDATA[<soapenv:Envelope xmlns:soapenv="http://schemas.xmlsoap.org/soap/envelope/" xmlns:tem="http://tempuri.org/">\r
   <soapenv:Header/>\r
   <soapenv:Body>\r
      <tem:TraerDatosEmpresasEmisoras>\r
         <!--Optional:-->\r
         <tem:IdProveedor>?</tem:IdProveedor>\r
         <!--Optional:-->\r
         <tem:Token>?</tem:Token>\r
      </tem:TraerDatosEmpresasEmisoras>\r
   </soapenv:Body>\r
</soapenv:Envelope>]]></con:request><con:wsaConfig mustUnderstand="NONE" version="200508" action="http://tempuri.org/IIntegracion/TraerDatosEmpresasEmisoras"/></con:call></con:operation><con:operation id="bb01e374-8b68-406d-8c7a-ccb8969c1313" isOneWay="false" action="http://tempuri.org/IIntegracion/TraerDatosEmpresasNotificar" name="TraerDatosEmpresasNotificar" bindingOperationName="TraerDatosEmpresasNotificar" type="Request-Response" inputName="" receivesAttachments="false" sendsAttachments="false" anonymous="optional"><con:settings/><con:call id="213fb15b-8169-410b-802f-ef01b59196c1" name="Request 1"><con:settings/><con:encoding>UTF-8</con:encoding><con:endpoint>https://fymtest.cloudapp.net:444/ServiciosFyM/eBill/Integracion.svc</con:endpoint><con:request><![CDATA[<soapenv:Envelope xmlns:soapenv="http://schemas.xmlsoap.org/soap/envelope/" xmlns:tem="http://tempuri.org/">\r
   <soapenv:Header/>\r
   <soapenv:Body>\r
      <tem:TraerDatosEmpresasNotificar>\r
         <!--Optional:-->\r
         <tem:NitEmpresa>?</tem:NitEmpresa>\r
         <!--Optional:-->\r
         <tem:VersionSonda>?</tem:VersionSonda>\r
         <!--Optional:-->\r
         <tem:Token>?</tem:Token>\r
      </tem:TraerDatosEmpresasNotificar>\r
   </soapenv:Body>\r
</soapenv:Envelope>]]></con:request><con:wsaConfig mustUnderstand="NONE" version="200508" action="http://tempuri.org/IIntegracion/TraerDatosEmpresasNotificar"/></con:call></con:operation><con:operation id="cb7b4ca9-cb23-4ba2-8ed4-b44fb6ee20f1" isOneWay="false" action="http://tempuri.org/IIntegracion/TraerDatosProveedorFTP" name="TraerDatosProveedorFTP" bindingOperationName="TraerDatosProveedorFTP" type="Request-Response" inputName="" receivesAttachments="false" sendsAttachments="false" anonymous="optional"><con:settings/><con:call id="b6a5891b-9639-4d7b-b550-440afa900a5d" name="Request 1"><con:settings/><con:encoding>UTF-8</con:encoding><con:endpoint>https://fymtest.cloudapp.net:444/ServiciosFyM/eBill/Integracion.svc</con:endpoint><con:request><![CDATA[<soapenv:Envelope xmlns:soapenv="http://schemas.xmlsoap.org/soap/envelope/" xmlns:tem="http://tempuri.org/" xmlns:ebil="http://schemas.datacontract.org/2004/07/eBillCore">\r
   <soapenv:Header/>\r
   <soapenv:Body>\r
      <tem:TraerDatosProveedorFTP>\r
         <!--Optional:-->\r
         <tem:LoginPT>\r
            <!--Optional:-->\r
            <ebil:NitEmisor>?</ebil:NitEmisor>\r
            <!--Optional:-->\r
            <ebil:NitReceptor>?</ebil:NitReceptor>\r
            <!--Optional:-->\r
            <ebil:PasswordPT>?</ebil:PasswordPT>\r
            <!--Optional:-->\r
            <ebil:TipoAmbiente>?</ebil:TipoAmbiente>\r
            <!--Optional:-->\r
            <ebil:UserPT>?</ebil:UserPT>\r
         </tem:LoginPT>\r
      </tem:TraerDatosProveedorFTP>\r
   </soapenv:Body>\r
</soapenv:Envelope>]]></con:request><con:wsaConfig mustUnderstand="NONE" version="200508" action="http://tempuri.org/IIntegracion/TraerDatosProveedorFTP"/></con:call></con:operation><con:operation id="d30c43e5-1abf-4485-8c35-5d2d25e9512d" isOneWay="false" action="http://tempuri.org/IIntegracion/TraerDatosProveedorTecnologico" name="TraerDatosProveedorTecnologico" bindingOperationName="TraerDatosProveedorTecnologico" type="Request-Response" inputName="" receivesAttachments="false" sendsAttachments="false" anonymous="optional"><con:settings/><con:call id="ae77f17e-aee7-4a64-be2e-f9b26ca54357" name="Request 1"><con:settings/><con:encoding>UTF-8</con:encoding><con:endpoint>https://fymtest.cloudapp.net:444/ServiciosFyM/eBill/Integracion.svc</con:endpoint><con:request><![CDATA[<soapenv:Envelope xmlns:soapenv="http://schemas.xmlsoap.org/soap/envelope/" xmlns:tem="http://tempuri.org/">\r
   <soapenv:Header/>\r
   <soapenv:Body>\r
      <tem:TraerDatosProveedorTecnologico>\r
         <!--Optional:-->\r
         <tem:IdProveedor>?</tem:IdProveedor>\r
         <!--Optional:-->\r
         <tem:TipoAmbiente>?</tem:TipoAmbiente>\r
         <!--Optional:-->\r
         <tem:TipoConfig>?</tem:TipoConfig>\r
         <!--Optional:-->\r
         <tem:Token>?</tem:Token>\r
      </tem:TraerDatosProveedorTecnologico>\r
   </soapenv:Body>\r
</soapenv:Envelope>]]></con:request><con:wsaConfig mustUnderstand="NONE" version="200508" action="http://tempuri.org/IIntegracion/TraerDatosProveedorTecnologico"/></con:call></con:operation><con:operation id="154d383d-8772-4d3a-bdef-55aae1e220a0" isOneWay="false" action="http://tempuri.org/IIntegracion/TraerDocumentosEmision" name="TraerDocumentosEmision" bindingOperationName="TraerDocumentosEmision" type="Request-Response" inputName="" receivesAttachments="false" sendsAttachments="false" anonymous="optional"><con:settings/><con:call id="2e0fd449-02bd-4da6-8dbe-f82109bca731" name="Request 1"><con:settings/><con:encoding>UTF-8</con:encoding><con:endpoint>https://fymtest.cloudapp.net:444/ServiciosFyM/eBill/Integracion.svc</con:endpoint><con:request><![CDATA[<soapenv:Envelope xmlns:soapenv="http://schemas.xmlsoap.org/soap/envelope/" xmlns:tem="http://tempuri.org/">\r
   <soapenv:Header/>\r
   <soapenv:Body>\r
      <tem:TraerDocumentosEmision>\r
         <!--Optional:-->\r
         <tem:IdEmpresa>?</tem:IdEmpresa>\r
         <!--Optional:-->\r
         <tem:IdCliente>?</tem:IdCliente>\r
         <!--Optional:-->\r
         <tem:NumeroRegistros>?</tem:NumeroRegistros>\r
         <!--Optional:-->\r
         <tem:Token>?</tem:Token>\r
      </tem:TraerDocumentosEmision>\r
   </soapenv:Body>\r
</soapenv:Envelope>]]></con:request><con:wsaConfig mustUnderstand="NONE" version="200508" action="http://tempuri.org/IIntegracion/TraerDocumentosEmision"/></con:call></con:operation><con:operation id="9798a2e6-48f1-4b17-b27a-6b711b7b03b7" isOneWay="false" action="http://tempuri.org/IIntegracion/TraerDocumentosPendientesNotificar" name="TraerDocumentosPendientesNotificar" bindingOperationName="TraerDocumentosPendientesNotificar" type="Request-Response" inputName="" receivesAttachments="false" sendsAttachments="false" anonymous="optional"><con:settings/><con:call id="91278006-3de2-4e81-b364-b9ec12d32819" name="Request 1"><con:settings/><con:encoding>UTF-8</con:encoding><con:endpoint>https://fymtest.cloudapp.net:444/ServiciosFyM/eBill/Integracion.svc</con:endpoint><con:request><![CDATA[<soapenv:Envelope xmlns:soapenv="http://schemas.xmlsoap.org/soap/envelope/" xmlns:tem="http://tempuri.org/">\r
   <soapenv:Header/>\r
   <soapenv:Body>\r
      <tem:TraerDocumentosPendientesNotificar>\r
         <!--Optional:-->\r
         <tem:IdEmpresa>?</tem:IdEmpresa>\r
         <!--Optional:-->\r
         <tem:FechaSTR>?</tem:FechaSTR>\r
         <!--Optional:-->\r
         <tem:NumReg>?</tem:NumReg>\r
         <!--Optional:-->\r
         <tem:Token>?</tem:Token>\r
         <!--Optional:-->\r
         <tem:Resagos>?</tem:Resagos>\r
      </tem:TraerDocumentosPendientesNotificar>\r
   </soapenv:Body>\r
</soapenv:Envelope>]]></con:request><con:wsaConfig mustUnderstand="NONE" version="200508" action="http://tempuri.org/IIntegracion/TraerDocumentosPendientesNotificar"/></con:call></con:operation><con:operation id="cf2e0637-6c9c-430c-b4d5-9e7492c20401" isOneWay="false" action="http://tempuri.org/IIntegracion/TraerDocumentosRecepcionxNuevosEstados" name="TraerDocumentosRecepcionxNuevosEstados" bindingOperationName="TraerDocumentosRecepcionxNuevosEstados" type="Request-Response" inputName="" receivesAttachments="false" sendsAttachments="false" anonymous="optional"><con:settings/><con:call id="616bdf20-ccf9-40b8-b900-4ba916b21829" name="Request 1"><con:settings/><con:encoding>UTF-8</con:encoding><con:endpoint>https://fymtest.cloudapp.net:444/ServiciosFyM/eBill/Integracion.svc</con:endpoint><con:request><![CDATA[<soapenv:Envelope xmlns:soapenv="http://schemas.xmlsoap.org/soap/envelope/" xmlns:tem="http://tempuri.org/">\r
   <soapenv:Header/>\r
   <soapenv:Body>\r
      <tem:TraerDocumentosRecepcionxNuevosEstados>\r
         <!--Optional:-->\r
         <tem:IdProveedorTec>?</tem:IdProveedorTec>\r
         <!--Optional:-->\r
         <tem:NumRegistros>?</tem:NumRegistros>\r
         <!--Optional:-->\r
         <tem:Token>?</tem:Token>\r
      </tem:TraerDocumentosRecepcionxNuevosEstados>\r
   </soapenv:Body>\r
</soapenv:Envelope>]]></con:request><con:wsaConfig mustUnderstand="NONE" version="200508" action="http://tempuri.org/IIntegracion/TraerDocumentosRecepcionxNuevosEstados"/></con:call></con:operation><con:operation id="7e8ef5d3-1b17-47b9-b7df-419ff6425e56" isOneWay="false" action="http://tempuri.org/IIntegracion/TraerDocumentosSinRespuestaIO" name="TraerDocumentosSinRespuestaIO" bindingOperationName="TraerDocumentosSinRespuestaIO" type="Request-Response" inputName="" receivesAttachments="false" sendsAttachments="false" anonymous="optional"><con:settings/><con:call id="c222dc16-1815-489d-af8e-c63712065dfb" name="Request 1"><con:settings/><con:encoding>UTF-8</con:encoding><con:endpoint>https://fymtest.cloudapp.net:444/ServiciosFyM/eBill/Integracion.svc</con:endpoint><con:request><![CDATA[<soapenv:Envelope xmlns:soapenv="http://schemas.xmlsoap.org/soap/envelope/" xmlns:tem="http://tempuri.org/">\r
   <soapenv:Header/>\r
   <soapenv:Body>\r
      <tem:TraerDocumentosSinRespuestaIO>\r
         <!--Optional:-->\r
         <tem:IdProveedorTecnologico>?</tem:IdProveedorTecnologico>\r
         <!--Optional:-->\r
         <tem:IdCliente>?</tem:IdCliente>\r
         <!--Optional:-->\r
         <tem:NumeroRegistros>?</tem:NumeroRegistros>\r
         <!--Optional:-->\r
         <tem:TipoInteroperabilidad>?</tem:TipoInteroperabilidad>\r
         <!--Optional:-->\r
         <tem:token>?</tem:token>\r
      </tem:TraerDocumentosSinRespuestaIO>\r
   </soapenv:Body>\r
</soapenv:Envelope>]]></con:request><con:wsaConfig mustUnderstand="NONE" version="200508" action="http://tempuri.org/IIntegracion/TraerDocumentosSinRespuestaIO"/></con:call></con:operation><con:operation id="ca207de9-2f09-40eb-8b2d-e2d476720b75" isOneWay="false" action="http://tempuri.org/IIntegracion/TraerEstadoCuentaXCliente" name="TraerEstadoCuentaXCliente" bindingOperationName="TraerEstadoCuentaXCliente" type="Request-Response" inputName="" receivesAttachments="false" sendsAttachments="false" anonymous="optional"><con:settings/><con:call id="4074d357-3476-44fd-a1e1-28d351d8affa" name="Request 1"><con:settings/><con:encoding>UTF-8</con:encoding><con:endpoint>https://fymtest.cloudapp.net:444/ServiciosFyM/eBill/Integracion.svc</con:endpoint><con:request><![CDATA[<soapenv:Envelope xmlns:soapenv="http://schemas.xmlsoap.org/soap/envelope/" xmlns:tem="http://tempuri.org/" xmlns:ebil="http://schemas.datacontract.org/2004/07/eBillCore">\r
   <soapenv:Header/>\r
   <soapenv:Body>\r
      <tem:TraerEstadoCuentaXCliente>\r
         <!--Optional:-->\r
         <tem:FacCab>\r
            <!--Optional:-->\r
            <ebil:AnoAprobacionRes>?</ebil:AnoAprobacionRes>\r
            <!--Optional:-->\r
            <ebil:Base_Impuesto>?</ebil:Base_Impuesto>\r
            <!--Optional:-->\r
            <ebil:CFD_EST_estado_tramit>?</ebil:CFD_EST_estado_tramit>\r
            <!--Optional:-->\r
            <ebil:CFD_Flete>?</ebil:CFD_Flete>\r
            <!--Optional:-->\r
            <ebil:CFD_OtrosCargos>?</ebil:CFD_OtrosCargos>\r
            <!--Optional:-->\r
            <ebil:CFD_Por_Margen>?</ebil:CFD_Por_Margen>\r
            <!--Optional:-->\r
            <ebil:CFD_ResponseCode>?</ebil:CFD_ResponseCode>\r
            <!--Optional:-->\r
            <ebil:CFD_base_ICA_total>?</ebil:CFD_base_ICA_total>\r
            <!--Optional:-->\r
            <ebil:CFD_base_impo_total_nal>?</ebil:CFD_base_impo_total_nal>\r
            <!--Optional:-->\r
            <ebil:CFD_base_impo_total_reg>?</ebil:CFD_base_impo_total_reg>\r
            <!--Optional:-->\r
            <ebil:CFD_campo_texto_10>?</ebil:CFD_campo_texto_10>\r
            <!--Optional:-->\r
            <ebil:CFD_campo_texto_11>?</ebil:CFD_campo_texto_11>\r
            <!--Optional:-->\r
            <ebil:CFD_campo_texto_12>?</ebil:CFD_campo_texto_12>\r
            <!--Optional:-->\r
            <ebil:CFD_campo_texto_13>?</ebil:CFD_campo_texto_13>\r
            <!--Optional:-->\r
            <ebil:CFD_campo_texto_14>?</ebil:CFD_campo_texto_14>\r
            <!--Optional:-->\r
            <ebil:CFD_campo_texto_15>?</ebil:CFD_campo_texto_15>\r
            <!--Optional:-->\r
            <ebil:CFD_campo_texto_16>?</ebil:CFD_campo_texto_16>\r
            <!--Optional:-->\r
            <ebil:CFD_campo_texto_17>?</ebil:CFD_campo_texto_17>\r
            <!--Optional:-->\r
            <ebil:CFD_campo_texto_18>?</ebil:CFD_campo_texto_18>\r
            <!--Optional:-->\r
            <ebil:CFD_campo_texto_19>?</ebil:CFD_campo_texto_19>\r
            <!--Optional:-->\r
            <ebil:CFD_campo_texto_20>?</ebil:CFD_campo_texto_20>\r
            <!--Optional:-->\r
            <ebil:CFD_campo_texto_21>?</ebil:CFD_campo_texto_21>\r
            <!--Optional:-->\r
            <ebil:CFD_campo_texto_22>?</ebil:CFD_campo_texto_22>\r
            <!--Optional:-->\r
            <ebil:CFD_campo_texto_23>?</ebil:CFD_campo_texto_23>\r
            <!--Optional:-->\r
            <ebil:CFD_campo_texto_24>?</ebil:CFD_campo_texto_24>\r
            <!--Optional:-->\r
            <ebil:CFD_campo_texto_25>?</ebil:CFD_campo_texto_25>\r
            <!--Optional:-->\r
            <ebil:CFD_campo_texto_26>?</ebil:CFD_campo_texto_26>\r
            <!--Optional:-->\r
            <ebil:CFD_campo_texto_27>?</ebil:CFD_campo_texto_27>\r
            <!--Optional:-->\r
            <ebil:CFD_campo_texto_28>?</ebil:CFD_campo_texto_28>\r
            <!--Optional:-->\r
            <ebil:CFD_campo_texto_29>?</ebil:CFD_campo_texto_29>\r
            <!--Optional:-->\r
            <ebil:CFD_campo_texto_30>?</ebil:CFD_campo_texto_30>\r
            <!--Optional:-->\r
            <ebil:CFD_campo_texto_9>?</ebil:CFD_campo_texto_9>\r
            <!--Optional:-->\r
            <ebil:CFD_cantidad_dec_1>?</ebil:CFD_cantidad_dec_1>\r
            <!--Optional:-->\r
            <ebil:CFD_cantidad_dec_10>?</ebil:CFD_cantidad_dec_10>\r
            <!--Optional:-->\r
            <ebil:CFD_cantidad_dec_11>?</ebil:CFD_cantidad_dec_11>\r
            <!--Optional:-->\r
            <ebil:CFD_cantidad_dec_12>?</ebil:CFD_cantidad_dec_12>\r
            <!--Optional:-->\r
            <ebil:CFD_cantidad_dec_13>?</ebil:CFD_cantidad_dec_13>\r
            <!--Optional:-->\r
            <ebil:CFD_cantidad_dec_14>?</ebil:CFD_cantidad_dec_14>\r
            <!--Optional:-->\r
            <ebil:CFD_cantidad_dec_15>?</ebil:CFD_cantidad_dec_15>\r
            <!--Optional:-->\r
            <ebil:CFD_cantidad_dec_16>?</ebil:CFD_cantidad_dec_16>\r
            <!--Optional:-->\r
            <ebil:CFD_cantidad_dec_17>?</ebil:CFD_cantidad_dec_17>\r
            <!--Optional:-->\r
            <ebil:CFD_cantidad_dec_18>?</ebil:CFD_cantidad_dec_18>\r
            <!--Optional:-->\r
            <ebil:CFD_cantidad_dec_19>?</ebil:CFD_cantidad_dec_19>\r
            <!--Optional:-->\r
            <ebil:CFD_cantidad_dec_20>?</ebil:CFD_cantidad_dec_20>\r
            <!--Optional:-->\r
            <ebil:CFD_cantidad_dec_21>?</ebil:CFD_cantidad_dec_21>\r
            <!--Optional:-->\r
            <ebil:CFD_cantidad_dec_22>?</ebil:CFD_cantidad_dec_22>\r
            <!--Optional:-->\r
            <ebil:CFD_cantidad_dec_23>?</ebil:CFD_cantidad_dec_23>\r
            <!--Optional:-->\r
            <ebil:CFD_cantidad_dec_24>?</ebil:CFD_cantidad_dec_24>\r
            <!--Optional:-->\r
            <ebil:CFD_cantidad_dec_25>?</ebil:CFD_cantidad_dec_25>\r
            <!--Optional:-->\r
            <ebil:CFD_cantidad_dec_4>?</ebil:CFD_cantidad_dec_4>\r
            <!--Optional:-->\r
            <ebil:CFD_cantidad_dec_5>?</ebil:CFD_cantidad_dec_5>\r
            <!--Optional:-->\r
            <ebil:CFD_cantidad_dec_6>?</ebil:CFD_cantidad_dec_6>\r
            <!--Optional:-->\r
            <ebil:CFD_cantidad_dec_7>?</ebil:CFD_cantidad_dec_7>\r
            <!--Optional:-->\r
            <ebil:CFD_cantidad_dec_8>?</ebil:CFD_cantidad_dec_8>\r
            <!--Optional:-->\r
            <ebil:CFD_cantidad_dec_9>?</ebil:CFD_cantidad_dec_9>\r
            <!--Optional:-->\r
            <ebil:CFD_deducible>?</ebil:CFD_deducible>\r
            <!--Optional:-->\r
            <ebil:CFD_desconexion_servicio>?</ebil:CFD_desconexion_servicio>\r
            <!--Optional:-->\r
            <ebil:CFD_fecha_desconexion>?</ebil:CFD_fecha_desconexion>\r
            <!--Optional:-->\r
            <ebil:CFD_fecha_tasadeCambio>?</ebil:CFD_fecha_tasadeCambio>\r
            <!--Optional:-->\r
            <ebil:CFD_numero_enlace_doc_ref>?</ebil:CFD_numero_enlace_doc_ref>\r
            <!--Optional:-->\r
            <ebil:CFD_porc_rte_ICA>?</ebil:CFD_porc_rte_ICA>\r
            <!--Optional:-->\r
            <ebil:CFD_porc_rte_fuent>?</ebil:CFD_porc_rte_fuent>\r
            <!--Optional:-->\r
            <ebil:CFD_tasa_mora>?</ebil:CFD_tasa_mora>\r
            <!--Optional:-->\r
            <ebil:CFD_tdi_id_tipo_doc_interno>?</ebil:CFD_tdi_id_tipo_doc_interno>\r
            <!--Optional:-->\r
            <ebil:CFD_total_ICA>?</ebil:CFD_total_ICA>\r
            <!--Optional:-->\r
            <ebil:CFD_total_aduana_exp>?</ebil:CFD_total_aduana_exp>\r
            <!--Optional:-->\r
            <ebil:CFD_total_cargos>?</ebil:CFD_total_cargos>\r
            <!--Optional:-->\r
            <ebil:CFD_total_descuentos>?</ebil:CFD_total_descuentos>\r
            <!--Optional:-->\r
            <ebil:CFD_total_margen>?</ebil:CFD_total_margen>\r
            <!--Optional:-->\r
            <ebil:CFD_total_seguro_exp>?</ebil:CFD_total_seguro_exp>\r
            <!--Optional:-->\r
            <ebil:CLI_numero_cliente>?</ebil:CLI_numero_cliente>\r
            <!--Optional:-->\r
            <ebil:CREETotal>?</ebil:CREETotal>\r
            <!--Optional:-->\r
            <ebil:CampoTexto1>?</ebil:CampoTexto1>\r
            <!--Optional:-->\r
            <ebil:CampoTexto2>?</ebil:CampoTexto2>\r
            <!--Optional:-->\r
            <ebil:CampoTexto3>?</ebil:CampoTexto3>\r
            <!--Optional:-->\r
            <ebil:CampoTexto4>?</ebil:CampoTexto4>\r
            <!--Optional:-->\r
            <ebil:CampoTexto5>?</ebil:CampoTexto5>\r
            <!--Optional:-->\r
            <ebil:CampoTexto6>?</ebil:CampoTexto6>\r
            <!--Optional:-->\r
            <ebil:CampoTexto7>?</ebil:CampoTexto7>\r
            <!--Optional:-->\r
            <ebil:CampoTexto8>?</ebil:CampoTexto8>\r
            <!--Optional:-->\r
            <ebil:Cantidad1>?</ebil:Cantidad1>\r
            <!--Optional:-->\r
            <ebil:Cantidad2>?</ebil:Cantidad2>\r
            <!--Optional:-->\r
            <ebil:Cantidad3>?</ebil:Cantidad3>\r
            <!--Optional:-->\r
            <ebil:CantidadDec1>?</ebil:CantidadDec1>\r
            <!--Optional:-->\r
            <ebil:CantidadDec2>?</ebil:CantidadDec2>\r
            <!--Optional:-->\r
            <ebil:CantidadDec3>?</ebil:CantidadDec3>\r
            <!--Optional:-->\r
            <ebil:CiudadDANE>?</ebil:CiudadDANE>\r
            <!--Optional:-->\r
            <ebil:CodVendedor>?</ebil:CodVendedor>\r
            <!--Optional:-->\r
            <ebil:CodigoPostalCliente>?</ebil:CodigoPostalCliente>\r
            <!--Optional:-->\r
            <ebil:CodigoPostalEnvio>?</ebil:CodigoPostalEnvio>\r
            <!--Optional:-->\r
            <ebil:ComprobanteCon>?</ebil:ComprobanteCon>\r
            <!--Optional:-->\r
            <ebil:Condiciones_Pago>?</ebil:Condiciones_Pago>\r
            <!--Optional:-->\r
            <ebil:ContactoCargo>?</ebil:ContactoCargo>\r
            <!--Optional:-->\r
            <ebil:ContactoCorreo>?</ebil:ContactoCorreo>\r
            <!--Optional:-->\r
            <ebil:ContactoNombre>?</ebil:ContactoNombre>\r
            <!--Optional:-->\r
            <ebil:CorreoCliente>?</ebil:CorreoCliente>\r
            <!--Optional:-->\r
            <ebil:DepartamentoDANE>?</ebil:DepartamentoDANE>\r
            <!--Optional:-->\r
            <ebil:DescripcionPlan>?</ebil:DescripcionPlan>\r
            <!--Optional:-->\r
            <ebil:Descuento>?</ebil:Descuento>\r
            <!--Optional:-->\r
            <ebil:DigitoVerificaCliente>?</ebil:DigitoVerificaCliente>\r
            <!--Optional:-->\r
            <ebil:DireccionCliente>?</ebil:DireccionCliente>\r
            <!--Optional:-->\r
            <ebil:EstiloFactura>?</ebil:EstiloFactura>\r
            <!--Optional:-->\r
            <ebil:FechaExpedicion>?</ebil:FechaExpedicion>\r
            <!--Optional:-->\r
            <ebil:FechaFinalPeriodoFacturado>?</ebil:FechaFinalPeriodoFacturado>\r
            <!--Optional:-->\r
            <ebil:FechaInicialPeriodoFacturado>?</ebil:FechaInicialPeriodoFacturado>\r
            <!--Optional:-->\r
            <ebil:FechaVencimiento>?</ebil:FechaVencimiento>\r
            <!--Optional:-->\r
            <ebil:FormaPago>?</ebil:FormaPago>\r
            <!--Optional:-->\r
            <ebil:IDInterno>?</ebil:IDInterno>\r
            <!--Optional:-->\r
            <ebil:IDUbicacionCliente>?</ebil:IDUbicacionCliente>\r
            <!--Optional:-->\r
            <ebil:IDUbicacionEnvio>?</ebil:IDUbicacionEnvio>\r
            <!--Optional:-->\r
            <ebil:IdPlan>?</ebil:IdPlan>\r
            <!--Optional:-->\r
            <ebil:IdSucursal>?</ebil:IdSucursal>\r
            <!--Optional:-->\r
            <ebil:Incoterm>?</ebil:Incoterm>\r
            <!--Optional:-->\r
            <ebil:InfoAdicional>?</ebil:InfoAdicional>\r
            <!--Optional:-->\r
            <ebil:LugarTerminosEntrega>?</ebil:LugarTerminosEntrega>\r
            <!--Optional:-->\r
            <ebil:MesCausado>?</ebil:MesCausado>\r
            <!--Optional:-->\r
            <ebil:MonedaISO>?</ebil:MonedaISO>\r
            <!--Optional:-->\r
            <ebil:NitCliente>?</ebil:NitCliente>\r
            <!--Optional:-->\r
            <ebil:NitEmpresa>?</ebil:NitEmpresa>\r
            <!--Optional:-->\r
            <ebil:NombreCliente>?</ebil:NombreCliente>\r
            <!--Optional:-->\r
            <ebil:NombrePlan>?</ebil:NombrePlan>\r
            <!--Optional:-->\r
            <ebil:NombreVendedor>?</ebil:NombreVendedor>\r
            <!--Optional:-->\r
            <ebil:NumAprobacionRes>?</ebil:NumAprobacionRes>\r
            <!--Optional:-->\r
            <ebil:NumFactura>?</ebil:NumFactura>\r
            <!--Optional:-->\r
            <ebil:OrderID>?</ebil:OrderID>\r
            <!--Optional:-->\r
            <ebil:PAI_ISO_3166>?</ebil:PAI_ISO_3166>\r
            <!--Optional:-->\r
            <ebil:PagoAnterior>?</ebil:PagoAnterior>\r
            <!--Optional:-->\r
            <ebil:Prefijo>?</ebil:Prefijo>\r
            <!--Optional:-->\r
            <ebil:ReferenciaCliente>?</ebil:ReferenciaCliente>\r
            <!--Optional:-->\r
            <ebil:RetencionCREETotal>?</ebil:RetencionCREETotal>\r
            <!--Optional:-->\r
            <ebil:SMSXDoc>?</ebil:SMSXDoc>\r
            <!--Optional:-->\r
            <ebil:SaldoAnterior>?</ebil:SaldoAnterior>\r
            <!--Optional:-->\r
            <ebil:SubTotal>?</ebil:SubTotal>\r
            <!--Optional:-->\r
            <ebil:SubTotalSegunMon>?</ebil:SubTotalSegunMon>\r
            <!--Optional:-->\r
            <ebil:Sucursal>?</ebil:Sucursal>\r
            <!--Optional:-->\r
            <ebil:TIP_id_tipo_persona>?</ebil:TIP_id_tipo_persona>\r
            <!--Optional:-->\r
            <ebil:TasaCambio>?</ebil:TasaCambio>\r
            <!--Optional:-->\r
            <ebil:TelefonoCliente>?</ebil:TelefonoCliente>\r
            <!--Optional:-->\r
            <ebil:Texto3>?</ebil:Texto3>\r
            <!--Optional:-->\r
            <ebil:TieneAcuerdo>?</ebil:TieneAcuerdo>\r
            <!--Optional:-->\r
            <ebil:TipoComprobante>?</ebil:TipoComprobante>\r
            <!--Optional:-->\r
            <ebil:TipoContribuyente>?</ebil:TipoContribuyente>\r
            <!--Optional:-->\r
            <ebil:TipoIDCliente>?</ebil:TipoIDCliente>\r
            <!--Optional:-->\r
            <ebil:Total>?</ebil:Total>\r
            <!--Optional:-->\r
            <ebil:TotalIVA>?</ebil:TotalIVA>\r
            <!--Optional:-->\r
            <ebil:TotalIVASegunMon>?</ebil:TotalIVASegunMon>\r
            <!--Optional:-->\r
            <ebil:TotalRetICA>?</ebil:TotalRetICA>\r
            <!--Optional:-->\r
            <ebil:TotalRetIVA>?</ebil:TotalRetIVA>\r
            <!--Optional:-->\r
            <ebil:TotalRetencion>?</ebil:TotalRetencion>\r
            <!--Optional:-->\r
            <ebil:TotalSegunMon>?</ebil:TotalSegunMon>\r
            <!--Optional:-->\r
            <ebil:TotalTraslado>?</ebil:TotalTraslado>\r
            <!--Optional:-->\r
            <ebil:Total_a_Pagar>?</ebil:Total_a_Pagar>\r
            <!--Optional:-->\r
            <ebil:ValorHasta1>?</ebil:ValorHasta1>\r
            <!--Optional:-->\r
            <ebil:ValorHasta2>?</ebil:ValorHasta2>\r
            <!--Optional:-->\r
            <ebil:ValorHasta3>?</ebil:ValorHasta3>\r
            <!--Optional:-->\r
            <ebil:ValorHasta4>?</ebil:ValorHasta4>\r
            <!--Optional:-->\r
            <ebil:cfd_activa_nota1>?</ebil:cfd_activa_nota1>\r
            <!--Optional:-->\r
            <ebil:ciudad_envio>?</ebil:ciudad_envio>\r
            <!--Optional:-->\r
            <ebil:code1>?</ebil:code1>\r
            <!--Optional:-->\r
            <ebil:code2>?</ebil:code2>\r
            <!--Optional:-->\r
            <ebil:code3>?</ebil:code3>\r
            <!--Optional:-->\r
            <ebil:curso>?</ebil:curso>\r
            <!--Optional:-->\r
            <ebil:departamento_envio>?</ebil:departamento_envio>\r
            <!--Optional:-->\r
            <ebil:direccion_envio>?</ebil:direccion_envio>\r
            <!--Optional:-->\r
            <ebil:numero_envio>?</ebil:numero_envio>\r
            <!--Optional:-->\r
            <ebil:orden_venta>?</ebil:orden_venta>\r
            <!--Optional:-->\r
            <ebil:pague_hasta1>?</ebil:pague_hasta1>\r
            <!--Optional:-->\r
            <ebil:pague_hasta2>?</ebil:pague_hasta2>\r
            <!--Optional:-->\r
            <ebil:pague_hasta3>?</ebil:pague_hasta3>\r
            <!--Optional:-->\r
            <ebil:referencia>?</ebil:referencia>\r
            <!--Optional:-->\r
            <ebil:referencia1>?</ebil:referencia1>\r
            <!--Optional:-->\r
            <ebil:referencia_envio>?</ebil:referencia_envio>\r
            <!--Optional:-->\r
            <ebil:telefono_envio>?</ebil:telefono_envio>\r
         </tem:FacCab>\r
         <!--Optional:-->\r
         <tem:Opciones>\r
            <!--Optional:-->\r
            <ebil:ActualizaProductos>?</ebil:ActualizaProductos>\r
            <!--Optional:-->\r
            <ebil:CalculaReteCree>?</ebil:CalculaReteCree>\r
            <!--Optional:-->\r
            <ebil:CalculaReteFuente>?</ebil:CalculaReteFuente>\r
            <!--Optional:-->\r
            <ebil:CalculaReteICA>?</ebil:CalculaReteICA>\r
            <!--Optional:-->\r
            <ebil:CalculaReteIVA>?</ebil:CalculaReteIVA>\r
            <!--Optional:-->\r
            <ebil:EmisionAutomatica>?</ebil:EmisionAutomatica>\r
            <!--Optional:-->\r
            <ebil:FacturasSinAcuerdo>?</ebil:FacturasSinAcuerdo>\r
            <!--Optional:-->\r
            <ebil:ModeloXAceptacion>?</ebil:ModeloXAceptacion>\r
            <!--Optional:-->\r
            <ebil:NotasRelacionadas>?</ebil:NotasRelacionadas>\r
            <!--Optional:-->\r
            <ebil:OrderControl>?</ebil:OrderControl>\r
            <!--Optional:-->\r
            <ebil:TieneAcuerdosFisicos>?</ebil:TieneAcuerdosFisicos>\r
            <!--Optional:-->\r
            <ebil:TokenConexion>?</ebil:TokenConexion>\r
            <!--Optional:-->\r
            <ebil:eBillAdmNumerosFactura>?</ebil:eBillAdmNumerosFactura>\r
         </tem:Opciones>\r
      </tem:TraerEstadoCuentaXCliente>\r
   </soapenv:Body>\r
</soapenv:Envelope>]]></con:request><con:wsaConfig mustUnderstand="NONE" version="200508" action="http://tempuri.org/IIntegracion/TraerEstadoCuentaXCliente"/></con:call></con:operation><con:operation id="fa700af8-a52d-4ef1-ab43-70540d4eabeb" isOneWay="false" action="http://tempuri.org/IIntegracion/TraerIdUltimoDocumentoXEmpresa" name="TraerIdUltimoDocumentoXEmpresa" bindingOperationName="TraerIdUltimoDocumentoXEmpresa" type="Request-Response" inputName="" receivesAttachments="false" sendsAttachments="false" anonymous="optional"><con:settings/><con:call id="c6a6ddc3-05b9-4507-b025-4e1b041c1a52" name="Request 1"><con:settings/><con:encoding>UTF-8</con:encoding><con:endpoint>https://fymtest.cloudapp.net:444/ServiciosFyM/eBill/Integracion.svc</con:endpoint><con:request><![CDATA[<soapenv:Envelope xmlns:soapenv="http://schemas.xmlsoap.org/soap/envelope/" xmlns:tem="http://tempuri.org/">\r
   <soapenv:Header/>\r
   <soapenv:Body>\r
      <tem:TraerIdUltimoDocumentoXEmpresa>\r
         <!--Optional:-->\r
         <tem:IdEmpresa>?</tem:IdEmpresa>\r
         <!--Optional:-->\r
         <tem:IdSucursal>?</tem:IdSucursal>\r
         <!--Optional:-->\r
         <tem:TipoDoc>?</tem:TipoDoc>\r
         <!--Optional:-->\r
         <tem:NumeroDocumento>?</tem:NumeroDocumento>\r
         <!--Optional:-->\r
         <tem:Token>?</tem:Token>\r
      </tem:TraerIdUltimoDocumentoXEmpresa>\r
   </soapenv:Body>\r
</soapenv:Envelope>]]></con:request><con:wsaConfig mustUnderstand="NONE" version="200508" action="http://tempuri.org/IIntegracion/TraerIdUltimoDocumentoXEmpresa"/></con:call></con:operation><con:operation id="f8aa7e51-467b-4a97-ad88-053699c954b9" isOneWay="false" action="http://tempuri.org/IIntegracion/ValidaRespuestaRecepcion" name="ValidaRespuestaRecepcion" bindingOperationName="ValidaRespuestaRecepcion" type="Request-Response" inputName="" receivesAttachments="false" sendsAttachments="false" anonymous="optional"><con:settings/><con:call id="6fa00fa7-b8fa-40eb-9843-b6f2210c8b4d" name="Request 1"><con:settings/><con:encoding>UTF-8</con:encoding><con:endpoint>https://fymtest.cloudapp.net:444/ServiciosFyM/eBill/Integracion.svc</con:endpoint><con:request><![CDATA[<soapenv:Envelope xmlns:soapenv="http://schemas.xmlsoap.org/soap/envelope/" xmlns:tem="http://tempuri.org/">\r
   <soapenv:Header/>\r
   <soapenv:Body>\r
      <tem:ValidaRespuestaRecepcion>\r
         <!--Optional:-->\r
         <tem:Proveedor>?</tem:Proveedor>\r
         <!--Optional:-->\r
         <tem:TrackId>?</tem:TrackId>\r
         <!--Optional:-->\r
         <tem:NombreArch>?</tem:NombreArch>\r
         <!--Optional:-->\r
         <tem:Token>?</tem:Token>\r
      </tem:ValidaRespuestaRecepcion>\r
   </soapenv:Body>\r
</soapenv:Envelope>]]></con:request><con:wsaConfig mustUnderstand="NONE" version="200508" action="http://tempuri.org/IIntegracion/ValidaRespuestaRecepcion"/></con:call></con:operation><con:operation id="ac801dc3-c6cc-4085-aae1-199880e69547" isOneWay="false" action="http://tempuri.org/IIntegracion/ValidaXML" name="ValidaXML" bindingOperationName="ValidaXML" type="Request-Response" inputName="" receivesAttachments="false" sendsAttachments="false" anonymous="optional"><con:settings/><con:call id="acff17ff-bbdd-4a8c-b689-975bd41f8cfb" name="Request 1"><con:settings/><con:encoding>UTF-8</con:encoding><con:endpoint>https://fymtest.cloudapp.net:444/ServiciosFyM/eBill/Integracion.svc</con:endpoint><con:request><![CDATA[<soapenv:Envelope xmlns:soapenv="http://schemas.xmlsoap.org/soap/envelope/" xmlns:tem="http://tempuri.org/">\r
   <soapenv:Header/>\r
   <soapenv:Body>\r
      <tem:ValidaXML>\r
         <!--Optional:-->\r
         <tem:XMLDoc>?</tem:XMLDoc>\r
      </tem:ValidaXML>\r
   </soapenv:Body>\r
</soapenv:Envelope>]]></con:request><con:wsaConfig mustUnderstand="NONE" version="200508" action="http://tempuri.org/IIntegracion/ValidaXML"/></con:call></con:operation></con:interface><con:properties/><con:wssContainer/><con:oAuth2ProfileContainer/><con:oAuth1ProfileContainer/><con:sensitiveInformation/></con:soapui-project>